[2023-06-22T18:56:58Z INFO  dt_instance] Current Twin: mc-twin-13
[2023-06-22T18:56:58Z INFO  dt_instance] Replica Name twin-mc-stateful-13
[2023-06-22T18:56:58Z INFO  dt_instance] Sleeping for 650
[2023-06-22T19:07:48Z INFO  dt_instance] Connecting to broker at emqx.dtwins:1883
[2023-06-22T19:07:48Z INFO  dt_instance] Loggin info each 50 messages
[2023-06-22T19:07:48Z INFO  dt_instance] Set max packet size to 60000 KB.
[2023-06-22T19:07:48Z INFO  dt_instance] Refreshing topics for twin - Listen to mc-13/#
[2023-06-22T19:07:48Z INFO  dt_instance] SubAck { pkid: 1, return_codes: [Success(ExactlyOnce)] }
[2023-06-22T19:08:58Z INFO  dt_instance] received at 2023-06-22 19:08:58.552215024 UTC - from mc-13->source-2 "9" 19:08:58.551185795
[2023-06-22T19:09:01Z INFO  dt_instance] received at 2023-06-22 19:09:01.809598445 UTC - from mc-13->source-1 "18" 19:09:01.808567723
[2023-06-22T19:09:04Z INFO  dt_instance] received at 2023-06-22 19:09:04.318807823 UTC - from mc-13->source-3 "18" 19:09:04.317765505
[2023-06-22T19:09:06Z INFO  dt_instance] received at 2023-06-22 19:09:06.827096630 UTC - from mc-13->source-3 "23" 19:09:06.825307567
[2023-06-22T19:09:09Z INFO  dt_instance] received at 2023-06-22 19:09:09.332776949 UTC - from mc-13->source-3 "28" 19:09:09.331432901
[2023-06-22T19:09:11Z INFO  dt_instance] received at 2023-06-22 19:09:11.838252824 UTC - from mc-13->source-3 "33" 19:09:11.837084187
[2023-06-22T19:09:14Z INFO  dt_instance] received at 2023-06-22 19:09:14.346022166 UTC - from mc-13->source-3 "38" 19:09:14.342945304
[2023-06-22T19:09:16Z INFO  dt_instance] received at 2023-06-22 19:09:16.850451617 UTC - from mc-13->source-3 "43" 19:09:16.849238539
[2023-06-22T19:09:19Z INFO  dt_instance] received at 2023-06-22 19:09:19.355424192 UTC - from mc-13->source-3 "48" 19:09:19.354566131
[2023-06-22T19:09:21Z INFO  dt_instance] received at 2023-06-22 19:09:21.862270643 UTC - from mc-13->source-3 "53" 19:09:21.861131577
[2023-06-22T19:09:24Z INFO  dt_instance] received at 2023-06-22 19:09:24.371925401 UTC - from mc-13->source-3 "58" 19:09:24.366638556
[2023-06-22T19:09:26Z INFO  dt_instance] received at 2023-06-22 19:09:26.872644835 UTC - from mc-13->source-3 "63" 19:09:26.871483090
[2023-06-22T19:09:29Z INFO  dt_instance] received at 2023-06-22 19:09:29.379739204 UTC - from mc-13->source-3 "68" 19:09:29.377065693
[2023-06-22T19:09:31Z INFO  dt_instance] received at 2023-06-22 19:09:31.883919653 UTC - from mc-13->source-3 "73" 19:09:31.882891491
[2023-06-22T19:09:34Z INFO  dt_instance] received at 2023-06-22 19:09:34.389941880 UTC - from mc-13->source-3 "78" 19:09:34.388695968
[2023-06-22T19:09:36Z INFO  dt_instance] received at 2023-06-22 19:09:36.898936341 UTC - from mc-13->source-3 "83" 19:09:36.897781983
[2023-06-22T19:09:39Z INFO  dt_instance] received at 2023-06-22 19:09:39.404376573 UTC - from mc-13->source-3 "88" 19:09:39.402961711
[2023-06-22T19:09:41Z INFO  dt_instance] received at 2023-06-22 19:09:41.911501358 UTC - from mc-13->source-3 "93" 19:09:41.909544818
[2023-06-22T19:09:44Z INFO  dt_instance] received at 2023-06-22 19:09:44.416931781 UTC - from mc-13->source-3 "98" 19:09:44.414656052
[2023-06-22T19:09:46Z INFO  dt_instance] received at 2023-06-22 19:09:46.921812225 UTC - from mc-13->source-3 "103" 19:09:46.920740852
[2023-06-22T19:09:49Z INFO  dt_instance] received at 2023-06-22 19:09:49.428273453 UTC - from mc-13->source-3 "108" 19:09:49.427502130
[2023-06-22T19:09:51Z INFO  dt_instance] received at 2023-06-22 19:09:51.935889523 UTC - from mc-13->source-3 "113" 19:09:51.934761807
[2023-06-22T19:09:54Z INFO  dt_instance] received at 2023-06-22 19:09:54.442106655 UTC - from mc-13->source-3 "118" 19:09:54.441281682
[2023-06-22T19:09:56Z INFO  dt_instance] received at 2023-06-22 19:09:56.946565404 UTC - from mc-13->source-3 "123" 19:09:56.945815136
[2023-06-22T19:09:59Z INFO  dt_instance] received at 2023-06-22 19:09:59.453079669 UTC - from mc-13->source-3 "128" 19:09:59.451825465
[2023-06-22T19:10:01Z INFO  dt_instance] received at 2023-06-22 19:10:01.957630229 UTC - from mc-13->source-3 "133" 19:10:01.956795436
[2023-06-22T19:10:04Z INFO  dt_instance] received at 2023-06-22 19:10:04.463212759 UTC - from mc-13->source-3 "138" 19:10:04.462441575
[2023-06-22T19:10:06Z INFO  dt_instance] received at 2023-06-22 19:10:06.970225651 UTC - from mc-13->source-3 "143" 19:10:06.969175516
[2023-06-22T19:10:09Z INFO  dt_instance] received at 2023-06-22 19:10:09.476375277 UTC - from mc-13->source-3 "148" 19:10:09.475400399
[2023-06-22T19:10:11Z INFO  dt_instance] received at 2023-06-22 19:10:11.982454577 UTC - from mc-13->source-3 "153" 19:10:11.981288254
[2023-06-22T19:10:14Z INFO  dt_instance] received at 2023-06-22 19:10:14.487592378 UTC - from mc-13->source-3 "158" 19:10:14.486617487
[2023-06-22T19:10:16Z INFO  dt_instance] received at 2023-06-22 19:10:16.994748973 UTC - from mc-13->source-3 "163" 19:10:16.993682093
[2023-06-22T19:10:19Z INFO  dt_instance] received at 2023-06-22 19:10:19.500838798 UTC - from mc-13->source-3 "168" 19:10:19.498542859
[2023-06-22T19:10:22Z INFO  dt_instance] received at 2023-06-22 19:10:22.006575702 UTC - from mc-13->source-3 "173" 19:10:22.005794556
[2023-06-22T19:10:24Z INFO  dt_instance] received at 2023-06-22 19:10:24.511631248 UTC - from mc-13->source-3 "178" 19:10:24.510474035
[2023-06-22T19:10:27Z INFO  dt_instance] received at 2023-06-22 19:10:27.035685827 UTC - from mc-13->source-1 "188" 19:10:27.017605565
[2023-06-22T19:10:29Z INFO  dt_instance] received at 2023-06-22 19:10:29.531729908 UTC - from mc-13->source-7 "178" 19:10:29.528027256
[2023-06-22T19:10:32Z INFO  dt_instance] received at 2023-06-22 19:10:32.038657261 UTC - from mc-13->source-5 "188" 19:10:32.033839595
[2023-06-22T19:10:34Z INFO  dt_instance] received at 2023-06-22 19:10:34.540183172 UTC - from mc-13->source-7 "188" 19:10:34.538995629
[2023-06-22T19:10:37Z INFO  dt_instance] received at 2023-06-22 19:10:37.046424215 UTC - from mc-13->source-5 "198" 19:10:37.045026625
[2023-06-22T19:10:39Z INFO  dt_instance] received at 2023-06-22 19:10:39.557733226 UTC - from mc-13->source-9 "193" 19:10:39.553054258
[2023-06-22T19:10:42Z INFO  dt_instance] received at 2023-06-22 19:10:42.060724312 UTC - from mc-13->source-9 "198" 19:10:42.059372744
[2023-06-22T19:10:44Z INFO  dt_instance] received at 2023-06-22 19:10:44.570395920 UTC - from mc-13->source-9 "203" 19:10:44.567141630
[2023-06-22T19:10:47Z INFO  dt_instance] received at 2023-06-22 19:10:47.073773394 UTC - from mc-13->source-9 "208" 19:10:47.072217942
[2023-06-22T19:10:49Z INFO  dt_instance] received at 2023-06-22 19:10:49.578435149 UTC - from mc-13->source-9 "213" 19:10:49.576520187
[2023-06-22T19:10:52Z INFO  dt_instance] received at 2023-06-22 19:10:52.084023155 UTC - from mc-13->source-9 "218" 19:10:52.082384715
[2023-06-22T19:10:54Z INFO  dt_instance] received at 2023-06-22 19:10:54.589946153 UTC - from mc-13->source-9 "223" 19:10:54.588304216
[2023-06-22T19:10:57Z INFO  dt_instance] received at 2023-06-22 19:10:57.096317583 UTC - from mc-13->source-9 "228" 19:10:57.093917958
[2023-06-22T19:10:59Z INFO  dt_instance] received at 2023-06-22 19:10:59.605622488 UTC - from mc-13->source-5 "243" 19:10:59.598399946
[2023-06-22T19:11:02Z INFO  dt_instance] received at 2023-06-22 19:11:02.107483608 UTC - from mc-13->source-9 "238" 19:11:02.104726771
[2023-06-22T19:11:04Z INFO  dt_instance] received at 2023-06-22 19:11:04.612669391 UTC - from mc-13->source-9 "243" 19:11:04.610628483
[2023-06-22T19:11:07Z INFO  dt_instance] received at 2023-06-22 19:11:07.120629328 UTC - from mc-13->source-7 "253" 19:11:07.118453040
[2023-06-22T19:11:09Z INFO  dt_instance] received at 2023-06-22 19:11:09.626740306 UTC - from mc-13->source-5 "263" 19:11:09.625437249
[2023-06-22T19:11:12Z INFO  dt_instance] received at 2023-06-22 19:11:12.132949136 UTC - from mc-13->source-5 "268" 19:11:12.131484049
[2023-06-22T19:11:14Z INFO  dt_instance] received at 2023-06-22 19:11:14.639303899 UTC - from mc-13->source-5 "273" 19:11:14.637151263
[2023-06-22T19:11:17Z INFO  dt_instance] received at 2023-06-22 19:11:17.144685068 UTC - from mc-13->source-5 "278" 19:11:17.143320504
[2023-06-22T19:11:19Z INFO  dt_instance] received at 2023-06-22 19:11:19.654081971 UTC - from mc-13->source-5 "283" 19:11:19.652854126
[2023-06-22T19:11:22Z INFO  dt_instance] received at 2023-06-22 19:11:22.159796341 UTC - from mc-13->source-5 "288" 19:11:22.158577964
[2023-06-22T19:11:24Z INFO  dt_instance] received at 2023-06-22 19:11:24.666909233 UTC - from mc-13->source-5 "293" 19:11:24.664495322
[2023-06-22T19:11:27Z INFO  dt_instance] received at 2023-06-22 19:11:27.174566734 UTC - from mc-13->source-1 "308" 19:11:27.169922423
[2023-06-22T19:11:29Z INFO  dt_instance] received at 2023-06-22 19:11:29.677842098 UTC - from mc-13->source-5 "303" 19:11:29.675745808
[2023-06-22T19:11:32Z INFO  dt_instance] received at 2023-06-22 19:11:32.186332680 UTC - from mc-13->source-9 "298" 19:11:32.181902295
[2023-06-22T19:11:34Z INFO  dt_instance] received at 2023-06-22 19:11:34.689739358 UTC - from mc-13->source-9 "303" 19:11:34.686624045
[2023-06-22T19:11:37Z INFO  dt_instance] received at 2023-06-22 19:11:37.195582433 UTC - from mc-13->source-9 "308" 19:11:37.193484790
[2023-06-22T19:11:39Z INFO  dt_instance] received at 2023-06-22 19:11:39.701263914 UTC - from mc-13->source-5 "323" 19:11:39.700078622
[2023-06-22T19:11:42Z INFO  dt_instance] received at 2023-06-22 19:11:42.207046958 UTC - from mc-13->source-7 "323" 19:11:42.205491334
[2023-06-22T19:11:44Z INFO  dt_instance] received at 2023-06-22 19:11:44.713757022 UTC - from mc-13->source-9 "323" 19:11:44.712386213
[2023-06-22T19:11:47Z INFO  dt_instance] received at 2023-06-22 19:11:47.225806617 UTC - from mc-13->source-5 "338" 19:11:47.222324432
[2023-06-22T19:11:49Z INFO  dt_instance] received at 2023-06-22 19:11:49.734036190 UTC - from mc-13->source-5 "343" 19:11:49.730357928
[2023-06-22T19:11:52Z INFO  dt_instance] received at 2023-06-22 19:11:52.237442970 UTC - from mc-13->source-5 "348" 19:11:52.235939670
[2023-06-22T19:11:54Z INFO  dt_instance] received at 2023-06-22 19:11:54.746599610 UTC - from mc-13->source-5 "353" 19:11:54.741599687
[2023-06-22T19:11:57Z INFO  dt_instance] received at 2023-06-22 19:11:57.251276596 UTC - from mc-13->source-5 "358" 19:11:57.247388190
[2023-06-22T19:11:59Z INFO  dt_instance] received at 2023-06-22 19:11:59.755427817 UTC - from mc-13->source-5 "363" 19:11:59.753831368
[2023-06-22T19:12:02Z INFO  dt_instance] received at 2023-06-22 19:12:02.262232732 UTC - from mc-13->source-5 "368" 19:12:02.259531150
[2023-06-22T19:12:04Z INFO  dt_instance] received at 2023-06-22 19:12:04.771200986 UTC - from mc-13->source-5 "373" 19:12:04.768341694
[2023-06-22T19:12:07Z INFO  dt_instance] received at 2023-06-22 19:12:07.275764984 UTC - from mc-13->source-5 "378" 19:12:07.274457318
[2023-06-22T19:12:09Z INFO  dt_instance] received at 2023-06-22 19:12:09.782818002 UTC - from mc-13->source-5 "383" 19:12:09.781135201
[2023-06-22T19:12:12Z INFO  dt_instance] received at 2023-06-22 19:12:12.288285025 UTC - from mc-13->source-5 "388" 19:12:12.286774374
[2023-06-22T19:12:14Z INFO  dt_instance] received at 2023-06-22 19:12:14.802895942 UTC - from mc-13->source-5 "393" 19:12:14.792258159
[2023-06-22T19:12:17Z INFO  dt_instance] received at 2023-06-22 19:12:17.302453224 UTC - from mc-13->source-5 "398" 19:12:17.298821551
[2023-06-22T19:12:19Z INFO  dt_instance] received at 2023-06-22 19:12:19.807228488 UTC - from mc-13->source-5 "403" 19:12:19.803642787
[2023-06-22T19:12:22Z INFO  dt_instance] received at 2023-06-22 19:12:22.310994602 UTC - from mc-13->source-5 "408" 19:12:22.309371485
[2023-06-22T19:12:24Z INFO  dt_instance] received at 2023-06-22 19:12:24.816366150 UTC - from mc-13->source-5 "413" 19:12:24.815029380
[2023-06-22T19:12:27Z INFO  dt_instance] received at 2023-06-22 19:12:27.321038750 UTC - from mc-13->source-5 "418" 19:12:27.319510877
[2023-06-22T19:12:29Z INFO  dt_instance] received at 2023-06-22 19:12:29.827967992 UTC - from mc-13->source-5 "423" 19:12:29.825834332
[2023-06-22T19:12:32Z INFO  dt_instance] received at 2023-06-22 19:12:32.335015054 UTC - from mc-13->source-7 "423" 19:12:32.333411488
[2023-06-22T19:12:34Z INFO  dt_instance] received at 2023-06-22 19:12:34.852188769 UTC - from mc-13->source-7 "428" 19:12:34.840033186
[2023-06-22T19:12:37Z INFO  dt_instance] received at 2023-06-22 19:12:37.351797763 UTC - from mc-13->source-3 "443" 19:12:37.350758565
[2023-06-22T19:12:39Z INFO  dt_instance] received at 2023-06-22 19:12:39.857816918 UTC - from mc-13->source-3 "448" 19:12:39.856898269
[2023-06-22T19:12:42Z INFO  dt_instance] received at 2023-06-22 19:12:42.363374703 UTC - from mc-13->source-3 "453" 19:12:42.362504403
[2023-06-22T19:12:44Z INFO  dt_instance] received at 2023-06-22 19:12:44.868939374 UTC - from mc-13->source-9 "443" 19:12:44.867142192
[2023-06-22T19:12:47Z INFO  dt_instance] received at 2023-06-22 19:12:47.378518414 UTC - from mc-13->source-9 "448" 19:12:47.373513312
[2023-06-22T19:12:49Z INFO  dt_instance] received at 2023-06-22 19:12:49.881808065 UTC - from mc-13->source-9 "453" 19:12:49.879428947
[2023-06-22T19:12:52Z INFO  dt_instance] received at 2023-06-22 19:12:52.387568118 UTC - from mc-13->source-7 "463" 19:12:52.385710763
[2023-06-22T19:12:54Z INFO  dt_instance] received at 2023-06-22 19:12:54.893157494 UTC - from mc-13->source-7 "468" 19:12:54.890498141
[2023-06-22T19:12:57Z INFO  dt_instance] received at 2023-06-22 19:12:57.398702075 UTC - from mc-13->source-7 "473" 19:12:57.396760511
[2023-06-22T19:12:59Z INFO  dt_instance] received at 2023-06-22 19:12:59.903304242 UTC - from mc-13->source-9 "473" 19:12:59.901995818
[2023-06-22T19:13:02Z INFO  dt_instance] received at 2023-06-22 19:13:02.408959295 UTC - from mc-13->source-9 "478" 19:13:02.407574481
[2023-06-22T19:13:04Z INFO  dt_instance] received at 2023-06-22 19:13:04.914985686 UTC - from mc-13->source-5 "493" 19:13:04.911830174
[2023-06-22T19:13:07Z INFO  dt_instance] received at 2023-06-22 19:13:07.420165035 UTC - from mc-13->source-9 "488" 19:13:07.418809930
[2023-06-22T19:13:09Z INFO  dt_instance] received at 2023-06-22 19:13:09.929126384 UTC - from mc-13->source-9 "493" 19:13:09.927937438
[2023-06-22T19:13:12Z INFO  dt_instance] received at 2023-06-22 19:13:12.436261259 UTC - from mc-13->source-9 "498" 19:13:12.434614555
[2023-06-22T19:13:14Z INFO  dt_instance] received at 2023-06-22 19:13:14.941974853 UTC - from mc-13->source-9 "503" 19:13:14.940297185
[2023-06-22T19:13:17Z INFO  dt_instance] received at 2023-06-22 19:13:17.448374949 UTC - from mc-13->source-9 "508" 19:13:17.446629681
[2023-06-22T19:13:19Z INFO  dt_instance] received at 2023-06-22 19:13:19.954126128 UTC - from mc-13->source-9 "513" 19:13:19.952882917
[2023-06-22T19:13:22Z INFO  dt_instance] received at 2023-06-22 19:13:22.462119624 UTC - from mc-13->source-5 "528" 19:13:22.459246707
[2023-06-22T19:13:24Z INFO  dt_instance] received at 2023-06-22 19:13:24.968324718 UTC - from mc-13->source-5 "533" 19:13:24.965638701
[2023-06-22T19:13:27Z INFO  dt_instance] received at 2023-06-22 19:13:27.477937155 UTC - from mc-13->source-5 "538" 19:13:27.472356297
[2023-06-22T19:13:29Z INFO  dt_instance] received at 2023-06-22 19:13:29.981464888 UTC - from mc-13->source-5 "543" 19:13:29.980064892
[2023-06-22T19:13:32Z INFO  dt_instance] received at 2023-06-22 19:13:32.487584287 UTC - from mc-13->source-5 "548" 19:13:32.485724783
[2023-06-22T19:13:34Z INFO  dt_instance] received at 2023-06-22 19:13:34.998751320 UTC - from mc-13->source-5 "553" 19:13:34.993036449
[2023-06-22T19:13:37Z INFO  dt_instance] received at 2023-06-22 19:13:37.500021714 UTC - from mc-13->source-9 "548" 19:13:37.498433592
[2023-06-22T19:13:40Z INFO  dt_instance] received at 2023-06-22 19:13:40.006014 UTC - from mc-13->source-9 "553" 19:13:40.004574380
[2023-06-22T19:13:42Z INFO  dt_instance] received at 2023-06-22 19:13:42.512820764 UTC - from mc-13->source-9 "558" 19:13:42.511026390
[2023-06-22T19:13:45Z INFO  dt_instance] received at 2023-06-22 19:13:45.017873719 UTC - from mc-13->source-9 "563" 19:13:45.016834721
[2023-06-22T19:13:47Z INFO  dt_instance] received at 2023-06-22 19:13:47.524441396 UTC - from mc-13->source-9 "568" 19:13:47.523379460
[2023-06-22T19:13:50Z INFO  dt_instance] received at 2023-06-22 19:13:50.029844080 UTC - from mc-13->source-9 "573" 19:13:50.028389300
[2023-06-22T19:13:52Z INFO  dt_instance] received at 2023-06-22 19:13:52.536039927 UTC - from mc-13->source-9 "578" 19:13:52.534672318
[2023-06-22T19:13:55Z INFO  dt_instance] received at 2023-06-22 19:13:55.043060134 UTC - from mc-13->source-9 "583" 19:13:55.040709014
[2023-06-22T19:13:57Z INFO  dt_instance] received at 2023-06-22 19:13:57.547191810 UTC - from mc-13->source-9 "588" 19:13:57.545639279
[2023-06-22T19:14:00Z INFO  dt_instance] received at 2023-06-22 19:14:00.053008112 UTC - from mc-13->source-9 "593" 19:14:00.051954782
[2023-06-22T19:14:02Z INFO  dt_instance] received at 2023-06-22 19:14:02.557984459 UTC - from mc-13->source-9 "598" 19:14:02.556695387
[2023-06-22T19:14:05Z INFO  dt_instance] received at 2023-06-22 19:14:05.069206107 UTC - from mc-13->source-5 "613" 19:14:05.062889532
[2023-06-22T19:14:07Z INFO  dt_instance] received at 2023-06-22 19:14:07.569914003 UTC - from mc-13->source-5 "618" 19:14:07.568697974
[2023-06-22T19:14:10Z INFO  dt_instance] received at 2023-06-22 19:14:10.076118714 UTC - from mc-13->source-5 "623" 19:14:10.073925367
[2023-06-22T19:14:12Z INFO  dt_instance] received at 2023-06-22 19:14:12.582788214 UTC - from mc-13->source-7 "623" 19:14:12.580570995
[2023-06-22T19:14:15Z INFO  dt_instance] received at 2023-06-22 19:14:15.092133009 UTC - from mc-13->source-5 "633" 19:14:15.086385155
[2023-06-22T19:14:17Z INFO  dt_instance] received at 2023-06-22 19:14:17.596301015 UTC - from mc-13->source-7 "633" 19:14:17.594649090
[2023-06-22T19:14:20Z INFO  dt_instance] received at 2023-06-22 19:14:20.103603990 UTC - from mc-13->source-7 "638" 19:14:20.101150350
[2023-06-22T19:14:22Z INFO  dt_instance] received at 2023-06-22 19:14:22.607876095 UTC - from mc-13->source-5 "648" 19:14:22.606047522
[2023-06-22T19:14:25Z INFO  dt_instance] received at 2023-06-22 19:14:25.113379954 UTC - from mc-13->source-5 "653" 19:14:25.111599580
[2023-06-22T19:14:27Z INFO  dt_instance] received at 2023-06-22 19:14:27.617875256 UTC - from mc-13->source-5 "658" 19:14:27.616418166
[2023-06-22T19:14:30Z INFO  dt_instance] received at 2023-06-22 19:14:30.124865891 UTC - from mc-13->source-5 "663" 19:14:30.121976162
[2023-06-22T19:14:32Z INFO  dt_instance] received at 2023-06-22 19:14:32.629897546 UTC - from mc-13->source-7 "663" 19:14:32.628829584
[2023-06-22T19:14:35Z INFO  dt_instance] received at 2023-06-22 19:14:35.136177663 UTC - from mc-13->source-7 "668" 19:14:35.134601340
[2023-06-22T19:14:37Z INFO  dt_instance] received at 2023-06-22 19:14:37.641767665 UTC - from mc-13->source-7 "673" 19:14:37.639674202
[2023-06-22T19:14:40Z INFO  dt_instance] received at 2023-06-22 19:14:40.149246341 UTC - from mc-13->source-7 "678" 19:14:40.146199059
[2023-06-22T19:14:42Z INFO  dt_instance] received at 2023-06-22 19:14:42.666425369 UTC - from mc-13->source-5 "688" 19:14:42.652940417
[2023-06-22T19:14:45Z INFO  dt_instance] received at 2023-06-22 19:14:45.161556484 UTC - from mc-13->source-5 "693" 19:14:45.160034528
[2023-06-22T19:14:47Z INFO  dt_instance] received at 2023-06-22 19:14:47.672607119 UTC - from mc-13->source-7 "693" 19:14:47.664661632
[2023-06-22T19:14:50Z INFO  dt_instance] received at 2023-06-22 19:14:50.172660547 UTC - from mc-13->source-5 "703" 19:14:50.170726770
[2023-06-22T19:14:52Z INFO  dt_instance] received at 2023-06-22 19:14:52.678230786 UTC - from mc-13->source-5 "708" 19:14:52.676072378
[2023-06-22T19:14:55Z INFO  dt_instance] received at 2023-06-22 19:14:55.184293625 UTC - from mc-13->source-5 "713" 19:14:55.181119098
[2023-06-22T19:14:57Z INFO  dt_instance] received at 2023-06-22 19:14:57.687028765 UTC - from mc-13->source-7 "713" 19:14:57.685500455
[2023-06-22T19:15:00Z INFO  dt_instance] received at 2023-06-22 19:15:00.194689084 UTC - from mc-13->source-7 "718" 19:15:00.192584343
[2023-06-22T19:15:02Z INFO  dt_instance] received at 2023-06-22 19:15:02.700095137 UTC - from mc-13->source-5 "728" 19:15:02.698495974
[2023-06-22T19:15:05Z INFO  dt_instance] received at 2023-06-22 19:15:05.206067951 UTC - from mc-13->source-5 "733" 19:15:05.204388191
[2023-06-22T19:15:07Z INFO  dt_instance] received at 2023-06-22 19:15:07.713669548 UTC - from mc-13->source-5 "738" 19:15:07.710368326
[2023-06-22T19:15:10Z INFO  dt_instance] received at 2023-06-22 19:15:10.220959639 UTC - from mc-13->source-5 "743" 19:15:10.218038018
[2023-06-22T19:15:12Z INFO  dt_instance] received at 2023-06-22 19:15:12.725048680 UTC - from mc-13->source-5 "748" 19:15:12.723430224
[2023-06-22T19:15:15Z INFO  dt_instance] received at 2023-06-22 19:15:15.229773032 UTC - from mc-13->source-5 "753" 19:15:15.228647455
[2023-06-22T19:15:17Z INFO  dt_instance] received at 2023-06-22 19:15:17.738043037 UTC - from mc-13->source-7 "753" 19:15:17.736740289
[2023-06-22T19:15:20Z INFO  dt_instance] received at 2023-06-22 19:15:20.245149829 UTC - from mc-13->source-7 "758" 19:15:20.243321587
[2023-06-22T19:15:22Z INFO  dt_instance] received at 2023-06-22 19:15:22.753032963 UTC - from mc-13->source-7 "763" 19:15:22.750772587
[2023-06-22T19:15:25Z INFO  dt_instance] received at 2023-06-22 19:15:25.259330257 UTC - from mc-13->source-7 "768" 19:15:25.258172603
[2023-06-22T19:15:27Z INFO  dt_instance] received at 2023-06-22 19:15:27.763815396 UTC - from mc-13->source-7 "773" 19:15:27.762435330
[2023-06-22T19:15:30Z INFO  dt_instance] received at 2023-06-22 19:15:30.270979574 UTC - from mc-13->source-5 "783" 19:15:30.268940331
[2023-06-22T19:15:32Z INFO  dt_instance] received at 2023-06-22 19:15:32.775788983 UTC - from mc-13->source-7 "783" 19:15:32.774311749
[2023-06-22T19:15:35Z INFO  dt_instance] received at 2023-06-22 19:15:35.282394959 UTC - from mc-13->source-7 "788" 19:15:35.280966689
[2023-06-22T19:15:37Z INFO  dt_instance] received at 2023-06-22 19:15:37.789326520 UTC - from mc-13->source-7 "793" 19:15:37.787880031
[2023-06-22T19:15:40Z INFO  dt_instance] received at 2023-06-22 19:15:40.295827875 UTC - from mc-13->source-7 "798" 19:15:40.294254669
[2023-06-22T19:15:42Z INFO  dt_instance] received at 2023-06-22 19:15:42.800064738 UTC - from mc-13->source-7 "803" 19:15:42.798744478
[2023-06-22T19:15:45Z INFO  dt_instance] received at 2023-06-22 19:15:45.307594987 UTC - from mc-13->source-7 "808" 19:15:45.304381082
[2023-06-22T19:15:47Z INFO  dt_instance] received at 2023-06-22 19:15:47.812892163 UTC - from mc-13->source-7 "813" 19:15:47.811414232
[2023-06-22T19:15:50Z INFO  dt_instance] received at 2023-06-22 19:15:50.318766925 UTC - from mc-13->source-7 "818" 19:15:50.317250205
[2023-06-22T19:15:52Z INFO  dt_instance] received at 2023-06-22 19:15:52.822817333 UTC - from mc-13->source-7 "823" 19:15:52.821395126
[2023-06-22T19:15:55Z INFO  dt_instance] received at 2023-06-22 19:15:55.327903421 UTC - from mc-13->source-7 "828" 19:15:55.326421685
[2023-06-22T19:15:57Z INFO  dt_instance] received at 2023-06-22 19:15:57.835820744 UTC - from mc-13->source-7 "833" 19:15:57.834363683
[2023-06-22T19:16:00Z INFO  dt_instance] received at 2023-06-22 19:16:00.342660914 UTC - from mc-13->source-7 "838" 19:16:00.341065104
[2023-06-22T19:16:02Z INFO  dt_instance] received at 2023-06-22 19:16:02.852858196 UTC - from mc-13->source-7 "843" 19:16:02.847492696
[2023-06-22T19:16:05Z INFO  dt_instance] received at 2023-06-22 19:16:05.353961500 UTC - from mc-13->source-7 "848" 19:16:05.352510505
[2023-06-22T19:16:07Z INFO  dt_instance] received at 2023-06-22 19:16:07.861513495 UTC - from mc-13->source-7 "853" 19:16:07.860181477
[2023-06-22T19:16:10Z INFO  dt_instance] received at 2023-06-22 19:16:10.366543017 UTC - from mc-13->source-7 "858" 19:16:10.365004231
[2023-06-22T19:16:12Z INFO  dt_instance] received at 2023-06-22 19:16:12.873211790 UTC - from mc-13->source-7 "863" 19:16:12.871886733
[2023-06-22T19:16:15Z INFO  dt_instance] received at 2023-06-22 19:16:15.379377462 UTC - from mc-13->source-7 "868" 19:16:15.378191600
[2023-06-22T19:16:17Z INFO  dt_instance] received at 2023-06-22 19:16:17.885323293 UTC - from mc-13->source-7 "873" 19:16:17.883974829
[2023-06-22T19:16:20Z INFO  dt_instance] received at 2023-06-22 19:16:20.393189291 UTC - from mc-13->source-7 "878" 19:16:20.391405366
[2023-06-22T19:16:22Z INFO  dt_instance] received at 2023-06-22 19:16:22.900377252 UTC - from mc-13->source-7 "883" 19:16:22.898783555
[2023-06-22T19:16:25Z INFO  dt_instance] received at 2023-06-22 19:16:25.404924776 UTC - from mc-13->source-7 "888" 19:16:25.403715666
[2023-06-22T19:16:27Z INFO  dt_instance] received at 2023-06-22 19:16:27.909877637 UTC - from mc-13->source-7 "893" 19:16:27.908527580
[2023-06-22T19:16:30Z INFO  dt_instance] received at 2023-06-22 19:16:30.416162671 UTC - from mc-13->source-7 "898" 19:16:30.414787182
[2023-06-22T19:16:32Z INFO  dt_instance] received at 2023-06-22 19:16:32.920837501 UTC - from mc-13->source-7 "903" 19:16:32.919589809
[2023-06-22T19:16:35Z INFO  dt_instance] received at 2023-06-22 19:16:35.427490337 UTC - from mc-13->source-7 "908" 19:16:35.425514316
[2023-06-22T19:16:37Z INFO  dt_instance] received at 2023-06-22 19:16:37.932052008 UTC - from mc-13->source-7 "913" 19:16:37.930482160
[2023-06-22T19:16:40Z INFO  dt_instance] received at 2023-06-22 19:16:40.438613301 UTC - from mc-13->source-7 "918" 19:16:40.437011568
[2023-06-22T19:16:42Z INFO  dt_instance] received at 2023-06-22 19:16:42.945005908 UTC - from mc-13->source-7 "923" 19:16:42.943529593
[2023-06-22T19:16:45Z INFO  dt_instance] received at 2023-06-22 19:16:45.449971563 UTC - from mc-13->source-7 "928" 19:16:45.448667567
[2023-06-22T19:16:47Z INFO  dt_instance] received at 2023-06-22 19:16:47.956342173 UTC - from mc-13->source-7 "933" 19:16:47.954954526
[2023-06-22T19:16:50Z INFO  dt_instance] received at 2023-06-22 19:16:50.462584636 UTC - from mc-13->source-7 "938" 19:16:50.460511801
[2023-06-22T19:16:52Z INFO  dt_instance] received at 2023-06-22 19:16:52.969646800 UTC - from mc-13->source-7 "943" 19:16:52.968371440
[2023-06-22T19:16:55Z INFO  dt_instance] received at 2023-06-22 19:16:55.483611344 UTC - from mc-13->source-7 "948" 19:16:55.481931357
[2023-06-22T19:16:57Z INFO  dt_instance] received at 2023-06-22 19:16:57.988201626 UTC - from mc-13->source-7 "953" 19:16:57.987007047
[2023-06-22T19:17:00Z INFO  dt_instance] received at 2023-06-22 19:17:00.494892594 UTC - from mc-13->source-7 "958" 19:17:00.493583161
[2023-06-22T19:17:03Z INFO  dt_instance] received at 2023-06-22 19:17:03.002927984 UTC - from mc-13->source-7 "963" 19:17:03.000423916
[2023-06-22T19:17:05Z INFO  dt_instance] received at 2023-06-22 19:17:05.510295726 UTC - from mc-13->source-7 "968" 19:17:05.509028167
[2023-06-22T19:17:08Z INFO  dt_instance] received at 2023-06-22 19:17:08.016327145 UTC - from mc-13->source-7 "973" 19:17:08.015244321
[2023-06-22T19:17:10Z INFO  dt_instance] received at 2023-06-22 19:17:10.522254009 UTC - from mc-13->source-7 "978" 19:17:10.520707952
[2023-06-22T19:17:13Z INFO  dt_instance] received at 2023-06-22 19:17:13.210418861 UTC - from mc-13->source-4 "991" 19:17:13.208882509
[2023-06-22T19:17:16Z INFO  dt_instance] received at 2023-06-22 19:17:16.514793532 UTC - from mc-13->source-9 "985" 19:17:16.511676933
[2023-06-22T19:17:23Z INFO  dt_instance] received at 2023-06-22 19:17:23.530322612 UTC - from mc-13->source-9 "999" 19:17:23.527446223
