[2023-06-22T18:56:17Z INFO  dt_instance] Current Twin: mc-twin-3
[2023-06-22T18:56:17Z INFO  dt_instance] Replica Name twin-mc-stateful-3
[2023-06-22T18:56:17Z INFO  dt_instance] Sleeping for 150
[2023-06-22T18:58:47Z INFO  dt_instance] Connecting to broker at emqx.dtwins:1883
[2023-06-22T18:58:47Z INFO  dt_instance] Loggin info each 50 messages
[2023-06-22T18:58:47Z INFO  dt_instance] Set max packet size to 60000 KB.
[2023-06-22T18:58:47Z INFO  dt_instance] Refreshing topics for twin - Listen to mc-3/#
[2023-06-22T18:58:47Z INFO  dt_instance] SubAck { pkid: 1, return_codes: [Success(ExactlyOnce)] }
[2023-06-22T18:59:58Z INFO  dt_instance] received at 2023-06-22 18:59:58.592790994 UTC - from mc-3->source-2 "9" 18:59:58.591228868
[2023-06-22T19:00:01Z INFO  dt_instance] received at 2023-06-22 19:00:01.852663642 UTC - from mc-3->source-3 "13" 19:00:01.849367567
[2023-06-22T19:00:04Z INFO  dt_instance] received at 2023-06-22 19:00:04.364299728 UTC - from mc-3->source-1 "23" 19:00:04.362795599
[2023-06-22T19:00:06Z INFO  dt_instance] received at 2023-06-22 19:00:06.869891603 UTC - from mc-3->source-1 "28" 19:00:06.868637904
[2023-06-22T19:00:09Z INFO  dt_instance] received at 2023-06-22 19:00:09.374861946 UTC - from mc-3->source-1 "33" 19:00:09.373441601
[2023-06-22T19:00:11Z INFO  dt_instance] received at 2023-06-22 19:00:11.880172293 UTC - from mc-3->source-1 "38" 19:00:11.878546818
[2023-06-22T19:00:14Z INFO  dt_instance] received at 2023-06-22 19:00:14.387387813 UTC - from mc-3->source-1 "43" 19:00:14.384247481
[2023-06-22T19:00:16Z INFO  dt_instance] received at 2023-06-22 19:00:16.890792190 UTC - from mc-3->source-1 "48" 19:00:16.889422850
[2023-06-22T19:00:19Z INFO  dt_instance] received at 2023-06-22 19:00:19.396595971 UTC - from mc-3->source-1 "53" 19:00:19.394293588
[2023-06-22T19:00:21Z INFO  dt_instance] received at 2023-06-22 19:00:21.902565637 UTC - from mc-3->source-1 "58" 19:00:21.901182410
[2023-06-22T19:00:24Z INFO  dt_instance] received at 2023-06-22 19:00:24.408827080 UTC - from mc-3->source-1 "63" 19:00:24.407478896
[2023-06-22T19:00:26Z INFO  dt_instance] received at 2023-06-22 19:00:26.915208068 UTC - from mc-3->source-1 "68" 19:00:26.913640254
[2023-06-22T19:00:29Z INFO  dt_instance] received at 2023-06-22 19:00:29.422806546 UTC - from mc-3->source-1 "73" 19:00:29.419102316
[2023-06-22T19:00:31Z INFO  dt_instance] received at 2023-06-22 19:00:31.925983082 UTC - from mc-3->source-1 "78" 19:00:31.924520945
[2023-06-22T19:00:34Z INFO  dt_instance] received at 2023-06-22 19:00:34.432307118 UTC - from mc-3->source-1 "83" 19:00:34.430703069
[2023-06-22T19:00:36Z INFO  dt_instance] received at 2023-06-22 19:00:36.936829934 UTC - from mc-3->source-1 "88" 19:00:36.935220744
[2023-06-22T19:00:39Z INFO  dt_instance] received at 2023-06-22 19:00:39.441707781 UTC - from mc-3->source-1 "93" 19:00:39.440310734
[2023-06-22T19:00:41Z INFO  dt_instance] received at 2023-06-22 19:00:41.947726226 UTC - from mc-3->source-1 "98" 19:00:41.945924338
[2023-06-22T19:00:44Z INFO  dt_instance] received at 2023-06-22 19:00:44.452909449 UTC - from mc-3->source-1 "103" 19:00:44.451805388
[2023-06-22T19:00:46Z INFO  dt_instance] received at 2023-06-22 19:00:46.959881926 UTC - from mc-3->source-1 "108" 19:00:46.958866376
[2023-06-22T19:00:49Z INFO  dt_instance] received at 2023-06-22 19:00:49.472764257 UTC - from mc-3->source-1 "113" 19:00:49.464029715
[2023-06-22T19:00:51Z INFO  dt_instance] received at 2023-06-22 19:00:51.981575353 UTC - from mc-3->source-1 "118" 19:00:51.970241047
[2023-06-22T19:00:54Z INFO  dt_instance] received at 2023-06-22 19:00:54.479457923 UTC - from mc-3->source-1 "123" 19:00:54.478507913
[2023-06-22T19:00:56Z INFO  dt_instance] received at 2023-06-22 19:00:56.986876827 UTC - from mc-3->source-1 "128" 19:00:56.985645981
[2023-06-22T19:00:59Z INFO  dt_instance] received at 2023-06-22 19:00:59.494288883 UTC - from mc-3->source-1 "133" 19:00:59.491258148
[2023-06-22T19:01:02Z INFO  dt_instance] received at 2023-06-22 19:01:02.000024168 UTC - from mc-3->source-1 "138" 19:01:01.998817364
[2023-06-22T19:01:04Z INFO  dt_instance] received at 2023-06-22 19:01:04.506647284 UTC - from mc-3->source-1 "143" 19:01:04.505317654
[2023-06-22T19:01:07Z INFO  dt_instance] received at 2023-06-22 19:01:07.014572047 UTC - from mc-3->source-1 "148" 19:01:07.012942244
[2023-06-22T19:01:09Z INFO  dt_instance] received at 2023-06-22 19:01:09.518906592 UTC - from mc-3->source-1 "153" 19:01:09.517495388
[2023-06-22T19:01:12Z INFO  dt_instance] received at 2023-06-22 19:01:12.023584437 UTC - from mc-3->source-1 "158" 19:01:12.022233915
[2023-06-22T19:01:14Z INFO  dt_instance] received at 2023-06-22 19:01:14.534147039 UTC - from mc-3->source-1 "163" 19:01:14.531407119
[2023-06-22T19:01:17Z INFO  dt_instance] received at 2023-06-22 19:01:17.037687459 UTC - from mc-3->source-1 "168" 19:01:17.036483618
[2023-06-22T19:01:19Z INFO  dt_instance] received at 2023-06-22 19:01:19.546255534 UTC - from mc-3->source-1 "173" 19:01:19.544219140
[2023-06-22T19:01:22Z INFO  dt_instance] received at 2023-06-22 19:01:22.050562600 UTC - from mc-3->source-1 "178" 19:01:22.049608752
[2023-06-22T19:01:24Z INFO  dt_instance] received at 2023-06-22 19:01:24.556840191 UTC - from mc-3->source-1 "183" 19:01:24.555218819
[2023-06-22T19:01:27Z INFO  dt_instance] received at 2023-06-22 19:01:27.063326484 UTC - from mc-3->source-1 "188" 19:01:27.061772440
[2023-06-22T19:01:29Z INFO  dt_instance] received at 2023-06-22 19:01:29.571100812 UTC - from mc-3->source-1 "193" 19:01:29.568529323
[2023-06-22T19:01:32Z INFO  dt_instance] received at 2023-06-22 19:01:32.076969687 UTC - from mc-3->source-1 "198" 19:01:32.074658926
[2023-06-22T19:01:34Z INFO  dt_instance] received at 2023-06-22 19:01:34.584317740 UTC - from mc-3->source-1 "203" 19:01:34.582091866
[2023-06-22T19:01:37Z INFO  dt_instance] received at 2023-06-22 19:01:37.088672013 UTC - from mc-3->source-1 "208" 19:01:37.087325484
[2023-06-22T19:01:39Z INFO  dt_instance] received at 2023-06-22 19:01:39.596405286 UTC - from mc-3->source-1 "213" 19:01:39.594736954
[2023-06-22T19:01:42Z INFO  dt_instance] received at 2023-06-22 19:01:42.102688536 UTC - from mc-3->source-1 "218" 19:01:42.101202462
[2023-06-22T19:01:44Z INFO  dt_instance] received at 2023-06-22 19:01:44.611287029 UTC - from mc-3->source-9 "203" 19:01:44.608299909
[2023-06-22T19:01:47Z INFO  dt_instance] received at 2023-06-22 19:01:47.114650570 UTC - from mc-3->source-1 "228" 19:01:47.113365114
[2023-06-22T19:01:49Z INFO  dt_instance] received at 2023-06-22 19:01:49.622261168 UTC - from mc-3->source-1 "233" 19:01:49.620293219
[2023-06-22T19:01:52Z INFO  dt_instance] received at 2023-06-22 19:01:52.129085724 UTC - from mc-3->source-9 "218" 19:01:52.127746627
[2023-06-22T19:01:54Z INFO  dt_instance] received at 2023-06-22 19:01:54.635407473 UTC - from mc-3->source-9 "223" 19:01:54.633566706
[2023-06-22T19:01:57Z INFO  dt_instance] received at 2023-06-22 19:01:57.140358048 UTC - from mc-3->source-3 "243" 19:01:57.139539153
[2023-06-22T19:01:59Z INFO  dt_instance] received at 2023-06-22 19:01:59.646442507 UTC - from mc-3->source-9 "233" 19:01:59.645469824
[2023-06-22T19:02:02Z INFO  dt_instance] received at 2023-06-22 19:02:02.152734968 UTC - from mc-3->source-9 "238" 19:02:02.151642973
[2023-06-22T19:02:04Z INFO  dt_instance] received at 2023-06-22 19:02:04.659344620 UTC - from mc-3->source-9 "243" 19:02:04.656676816
[2023-06-22T19:02:07Z INFO  dt_instance] received at 2023-06-22 19:02:07.164790058 UTC - from mc-3->source-9 "248" 19:02:07.163234103
[2023-06-22T19:02:09Z INFO  dt_instance] received at 2023-06-22 19:02:09.672851576 UTC - from mc-3->source-9 "253" 19:02:09.670253536
[2023-06-22T19:02:12Z INFO  dt_instance] received at 2023-06-22 19:02:12.177156898 UTC - from mc-3->source-9 "258" 19:02:12.175996561
[2023-06-22T19:02:14Z INFO  dt_instance] received at 2023-06-22 19:02:14.683945666 UTC - from mc-3->source-1 "283" 19:02:14.681454814
[2023-06-22T19:02:17Z INFO  dt_instance] received at 2023-06-22 19:02:17.190493627 UTC - from mc-3->source-9 "268" 19:02:17.189152096
[2023-06-22T19:02:19Z INFO  dt_instance] received at 2023-06-22 19:02:19.698601753 UTC - from mc-3->source-9 "273" 19:02:19.695236656
[2023-06-22T19:02:22Z INFO  dt_instance] received at 2023-06-22 19:02:22.201338926 UTC - from mc-3->source-9 "278" 19:02:22.200276122
[2023-06-22T19:02:24Z INFO  dt_instance] received at 2023-06-22 19:02:24.708925694 UTC - from mc-3->source-1 "303" 19:02:24.706995363
[2023-06-22T19:02:27Z INFO  dt_instance] received at 2023-06-22 19:02:27.214830792 UTC - from mc-3->source-1 "308" 19:02:27.213239633
[2023-06-22T19:02:29Z INFO  dt_instance] received at 2023-06-22 19:02:29.726330403 UTC - from mc-3->source-1 "313" 19:02:29.720515256
[2023-06-22T19:02:32Z INFO  dt_instance] received at 2023-06-22 19:02:32.230023249 UTC - from mc-3->source-1 "318" 19:02:32.227106260
[2023-06-22T19:02:34Z INFO  dt_instance] received at 2023-06-22 19:02:34.735937134 UTC - from mc-3->source-9 "303" 19:02:34.733030687
[2023-06-22T19:02:37Z INFO  dt_instance] received at 2023-06-22 19:02:37.240526096 UTC - from mc-3->source-9 "308" 19:02:37.239289635
[2023-06-22T19:02:39Z INFO  dt_instance] received at 2023-06-22 19:02:39.746037780 UTC - from mc-3->source-9 "313" 19:02:39.744844124
[2023-06-22T19:02:42Z INFO  dt_instance] received at 2023-06-22 19:02:42.252486650 UTC - from mc-3->source-9 "318" 19:02:42.251275284
[2023-06-22T19:02:44Z INFO  dt_instance] received at 2023-06-22 19:02:44.758361914 UTC - from mc-3->source-9 "323" 19:02:44.756678287
[2023-06-22T19:02:47Z INFO  dt_instance] received at 2023-06-22 19:02:47.266979531 UTC - from mc-3->source-9 "328" 19:02:47.263673245
[2023-06-22T19:02:49Z INFO  dt_instance] received at 2023-06-22 19:02:49.772242238 UTC - from mc-3->source-5 "343" 19:02:49.769525049
[2023-06-22T19:02:52Z INFO  dt_instance] received at 2023-06-22 19:02:52.276138699 UTC - from mc-3->source-9 "338" 19:02:52.274533145
[2023-06-22T19:02:54Z INFO  dt_instance] received at 2023-06-22 19:02:54.782424696 UTC - from mc-3->source-5 "353" 19:02:54.780792618
[2023-06-22T19:02:57Z INFO  dt_instance] received at 2023-06-22 19:02:57.289223247 UTC - from mc-3->source-9 "348" 19:02:57.287775298
[2023-06-22T19:02:59Z INFO  dt_instance] received at 2023-06-22 19:02:59.793860814 UTC - from mc-3->source-9 "353" 19:02:59.792219926
[2023-06-22T19:03:02Z INFO  dt_instance] received at 2023-06-22 19:03:02.304263056 UTC - from mc-3->source-9 "358" 19:03:02.297510969
[2023-06-22T19:03:04Z INFO  dt_instance] received at 2023-06-22 19:03:04.805400743 UTC - from mc-3->source-9 "363" 19:03:04.802329437
[2023-06-22T19:03:07Z INFO  dt_instance] received at 2023-06-22 19:03:07.316497334 UTC - from mc-3->source-9 "368" 19:03:07.308929833
[2023-06-22T19:03:09Z INFO  dt_instance] received at 2023-06-22 19:03:09.814573939 UTC - from mc-3->source-9 "373" 19:03:09.813393273
[2023-06-22T19:03:12Z INFO  dt_instance] received at 2023-06-22 19:03:12.321355395 UTC - from mc-3->source-9 "378" 19:03:12.318568994
[2023-06-22T19:03:14Z INFO  dt_instance] received at 2023-06-22 19:03:14.827840319 UTC - from mc-3->source-1 "403" 19:03:14.826522108
[2023-06-22T19:03:17Z INFO  dt_instance] received at 2023-06-22 19:03:17.335978179 UTC - from mc-3->source-1 "408" 19:03:17.334763461
[2023-06-22T19:03:19Z INFO  dt_instance] received at 2023-06-22 19:03:19.843857553 UTC - from mc-3->source-1 "413" 19:03:19.840633841
[2023-06-22T19:03:22Z INFO  dt_instance] received at 2023-06-22 19:03:22.348650374 UTC - from mc-3->source-1 "418" 19:03:22.347372781
[2023-06-22T19:03:24Z INFO  dt_instance] received at 2023-06-22 19:03:24.853850470 UTC - from mc-3->source-1 "423" 19:03:24.852859749
[2023-06-22T19:03:27Z INFO  dt_instance] received at 2023-06-22 19:03:27.360094812 UTC - from mc-3->source-1 "428" 19:03:27.358463693
[2023-06-22T19:03:29Z INFO  dt_instance] received at 2023-06-22 19:03:29.866805687 UTC - from mc-3->source-1 "433" 19:03:29.865427230
[2023-06-22T19:03:32Z INFO  dt_instance] received at 2023-06-22 19:03:32.372716853 UTC - from mc-3->source-1 "438" 19:03:32.371108470
[2023-06-22T19:03:34Z INFO  dt_instance] received at 2023-06-22 19:03:34.882671165 UTC - from mc-3->source-1 "443" 19:03:34.879021597
[2023-06-22T19:03:37Z INFO  dt_instance] received at 2023-06-22 19:03:37.386754398 UTC - from mc-3->source-1 "448" 19:03:37.384653109
[2023-06-22T19:03:39Z INFO  dt_instance] received at 2023-06-22 19:03:39.894964253 UTC - from mc-3->source-1 "453" 19:03:39.892710947
[2023-06-22T19:03:42Z INFO  dt_instance] received at 2023-06-22 19:03:42.399500201 UTC - from mc-3->source-1 "458" 19:03:42.397993658
[2023-06-22T19:03:44Z INFO  dt_instance] received at 2023-06-22 19:03:44.903528240 UTC - from mc-3->source-1 "463" 19:03:44.902227731
[2023-06-22T19:03:47Z INFO  dt_instance] received at 2023-06-22 19:03:47.410182070 UTC - from mc-3->source-9 "448" 19:03:47.408267137
[2023-06-22T19:03:49Z INFO  dt_instance] received at 2023-06-22 19:03:49.915582758 UTC - from mc-3->source-7 "458" 19:03:49.914286780
[2023-06-22T19:03:52Z INFO  dt_instance] received at 2023-06-22 19:03:52.422042184 UTC - from mc-3->source-1 "478" 19:03:52.420425633
[2023-06-22T19:03:54Z INFO  dt_instance] received at 2023-06-22 19:03:54.930935441 UTC - from mc-3->source-7 "468" 19:03:54.929605501
[2023-06-22T19:03:57Z INFO  dt_instance] received at 2023-06-22 19:03:57.438645031 UTC - from mc-3->source-7 "473" 19:03:57.437390073
[2023-06-22T19:03:59Z INFO  dt_instance] received at 2023-06-22 19:03:59.945715843 UTC - from mc-3->source-7 "478" 19:03:59.944263046
[2023-06-22T19:04:02Z INFO  dt_instance] received at 2023-06-22 19:04:02.451051303 UTC - from mc-3->source-7 "483" 19:04:02.449984145
[2023-06-22T19:04:04Z INFO  dt_instance] received at 2023-06-22 19:04:04.955353298 UTC - from mc-3->source-7 "488" 19:04:04.954225489
[2023-06-22T19:04:07Z INFO  dt_instance] received at 2023-06-22 19:04:07.462813672 UTC - from mc-3->source-7 "493" 19:04:07.462011469
[2023-06-22T19:04:09Z INFO  dt_instance] received at 2023-06-22 19:04:09.969245468 UTC - from mc-3->source-7 "498" 19:04:09.966963726
[2023-06-22T19:04:12Z INFO  dt_instance] received at 2023-06-22 19:04:12.472520221 UTC - from mc-3->source-7 "503" 19:04:12.471296615
[2023-06-22T19:04:14Z INFO  dt_instance] received at 2023-06-22 19:04:14.979210239 UTC - from mc-3->source-7 "508" 19:04:14.976869334
[2023-06-22T19:04:17Z INFO  dt_instance] received at 2023-06-22 19:04:17.483624615 UTC - from mc-3->source-1 "528" 19:04:17.482249577
[2023-06-22T19:04:19Z INFO  dt_instance] received at 2023-06-22 19:04:19.991070214 UTC - from mc-3->source-7 "518" 19:04:19.989017257
[2023-06-22T19:04:22Z INFO  dt_instance] received at 2023-06-22 19:04:22.495840714 UTC - from mc-3->source-1 "538" 19:04:22.494569557
[2023-06-22T19:04:25Z INFO  dt_instance] received at 2023-06-22 19:04:25.011317178 UTC - from mc-3->source-7 "528" 19:04:25.007553138
[2023-06-22T19:04:27Z INFO  dt_instance] received at 2023-06-22 19:04:27.517658544 UTC - from mc-3->source-7 "533" 19:04:27.516255578
[2023-06-22T19:04:30Z INFO  dt_instance] received at 2023-06-22 19:04:30.024309161 UTC - from mc-3->source-7 "538" 19:04:30.023039874
[2023-06-22T19:04:32Z INFO  dt_instance] received at 2023-06-22 19:04:32.529042177 UTC - from mc-3->source-7 "543" 19:04:32.527995889
[2023-06-22T19:04:35Z INFO  dt_instance] received at 2023-06-22 19:04:35.035412264 UTC - from mc-3->source-7 "548" 19:04:35.032303116
[2023-06-22T19:04:37Z INFO  dt_instance] received at 2023-06-22 19:04:37.539749301 UTC - from mc-3->source-7 "553" 19:04:37.538423523
[2023-06-22T19:04:40Z INFO  dt_instance] received at 2023-06-22 19:04:40.047307758 UTC - from mc-3->source-7 "558" 19:04:40.046060072
[2023-06-22T19:04:42Z INFO  dt_instance] received at 2023-06-22 19:04:42.554020680 UTC - from mc-3->source-7 "563" 19:04:42.550612807
[2023-06-22T19:04:45Z INFO  dt_instance] received at 2023-06-22 19:04:45.057676442 UTC - from mc-3->source-1 "583" 19:04:45.056169251
[2023-06-22T19:04:47Z INFO  dt_instance] received at 2023-06-22 19:04:47.564032992 UTC - from mc-3->source-1 "588" 19:04:47.562904055
[2023-06-22T19:04:50Z INFO  dt_instance] received at 2023-06-22 19:04:50.069483222 UTC - from mc-3->source-1 "593" 19:04:50.067930334
[2023-06-22T19:04:52Z INFO  dt_instance] received at 2023-06-22 19:04:52.574400360 UTC - from mc-3->source-1 "598" 19:04:52.572860736
[2023-06-22T19:04:55Z INFO  dt_instance] received at 2023-06-22 19:04:55.081069119 UTC - from mc-3->source-1 "603" 19:04:55.079657629
[2023-06-22T19:04:57Z INFO  dt_instance] received at 2023-06-22 19:04:57.586546134 UTC - from mc-3->source-1 "608" 19:04:57.585088751
[2023-06-22T19:05:00Z INFO  dt_instance] received at 2023-06-22 19:05:00.091241506 UTC - from mc-3->source-7 "598" 19:05:00.089740597
[2023-06-22T19:05:02Z INFO  dt_instance] received at 2023-06-22 19:05:02.598314940 UTC - from mc-3->source-7 "603" 19:05:02.596066476
[2023-06-22T19:05:05Z INFO  dt_instance] received at 2023-06-22 19:05:05.105746829 UTC - from mc-3->source-1 "623" 19:05:05.102858508
[2023-06-22T19:05:07Z INFO  dt_instance] received at 2023-06-22 19:05:07.609518898 UTC - from mc-3->source-7 "613" 19:05:07.608175404
[2023-06-22T19:05:10Z INFO  dt_instance] received at 2023-06-22 19:05:10.115554225 UTC - from mc-3->source-7 "618" 19:05:10.113533456
[2023-06-22T19:05:12Z INFO  dt_instance] received at 2023-06-22 19:05:12.620603695 UTC - from mc-3->source-7 "623" 19:05:12.619106879
[2023-06-22T19:05:15Z INFO  dt_instance] received at 2023-06-22 19:05:15.127705034 UTC - from mc-3->source-1 "643" 19:05:15.126601738
[2023-06-22T19:05:17Z INFO  dt_instance] received at 2023-06-22 19:05:17.632566237 UTC - from mc-3->source-1 "648" 19:05:17.631569477
[2023-06-22T19:05:20Z INFO  dt_instance] received at 2023-06-22 19:05:20.137994841 UTC - from mc-3->source-1 "653" 19:05:20.136655461
[2023-06-22T19:05:22Z INFO  dt_instance] received at 2023-06-22 19:05:22.643407790 UTC - from mc-3->source-1 "658" 19:05:22.641597179
[2023-06-22T19:05:25Z INFO  dt_instance] received at 2023-06-22 19:05:25.153000971 UTC - from mc-3->source-1 "663" 19:05:25.146576676
[2023-06-22T19:05:27Z INFO  dt_instance] received at 2023-06-22 19:05:27.652559834 UTC - from mc-3->source-1 "668" 19:05:27.651456670
[2023-06-22T19:05:30Z INFO  dt_instance] received at 2023-06-22 19:05:30.158772583 UTC - from mc-3->source-1 "673" 19:05:30.156551751
[2023-06-22T19:05:32Z INFO  dt_instance] received at 2023-06-22 19:05:32.664552755 UTC - from mc-3->source-7 "663" 19:05:32.663288288
[2023-06-22T19:05:35Z INFO  dt_instance] received at 2023-06-22 19:05:35.169244052 UTC - from mc-3->source-7 "668" 19:05:35.168270639
[2023-06-22T19:05:37Z INFO  dt_instance] received at 2023-06-22 19:05:37.675672663 UTC - from mc-3->source-7 "673" 19:05:37.674398026
[2023-06-22T19:05:40Z INFO  dt_instance] received at 2023-06-22 19:05:40.181754050 UTC - from mc-3->source-7 "678" 19:05:40.180211525
[2023-06-22T19:05:42Z INFO  dt_instance] received at 2023-06-22 19:05:42.693145817 UTC - from mc-3->source-7 "683" 19:05:42.691796604
[2023-06-22T19:05:45Z INFO  dt_instance] received at 2023-06-22 19:05:45.198517736 UTC - from mc-3->source-7 "688" 19:05:45.196890036
[2023-06-22T19:05:47Z INFO  dt_instance] received at 2023-06-22 19:05:47.702976214 UTC - from mc-3->source-7 "693" 19:05:47.701710493
[2023-06-22T19:05:50Z INFO  dt_instance] received at 2023-06-22 19:05:50.208386677 UTC - from mc-3->source-7 "698" 19:05:50.206865915
[2023-06-22T19:05:52Z INFO  dt_instance] received at 2023-06-22 19:05:52.715947024 UTC - from mc-3->source-1 "718" 19:05:52.714569397
[2023-06-22T19:05:55Z INFO  dt_instance] received at 2023-06-22 19:05:55.223318448 UTC - from mc-3->source-1 "723" 19:05:55.220677665
[2023-06-22T19:05:57Z INFO  dt_instance] received at 2023-06-22 19:05:57.732686471 UTC - from mc-3->source-7 "713" 19:05:57.725533482
[2023-06-22T19:06:00Z INFO  dt_instance] received at 2023-06-22 19:06:00.233121711 UTC - from mc-3->source-1 "733" 19:06:00.231711705
[2023-06-22T19:06:02Z INFO  dt_instance] received at 2023-06-22 19:06:02.741437607 UTC - from mc-3->source-7 "723" 19:06:02.740079880
[2023-06-22T19:06:05Z INFO  dt_instance] received at 2023-06-22 19:06:05.247586745 UTC - from mc-3->source-1 "743" 19:06:05.246321214
[2023-06-22T19:06:07Z INFO  dt_instance] received at 2023-06-22 19:06:07.754037243 UTC - from mc-3->source-1 "748" 19:06:07.752860456
[2023-06-22T19:06:10Z INFO  dt_instance] received at 2023-06-22 19:06:10.260077705 UTC - from mc-3->source-1 "753" 19:06:10.259050575
[2023-06-22T19:06:12Z INFO  dt_instance] received at 2023-06-22 19:06:12.764558160 UTC - from mc-3->source-1 "758" 19:06:12.763332905
[2023-06-22T19:06:15Z INFO  dt_instance] received at 2023-06-22 19:06:15.271716573 UTC - from mc-3->source-1 "763" 19:06:15.270205429
[2023-06-22T19:06:17Z INFO  dt_instance] received at 2023-06-22 19:06:17.777313471 UTC - from mc-3->source-1 "768" 19:06:17.776021616
[2023-06-22T19:06:20Z INFO  dt_instance] received at 2023-06-22 19:06:20.282935275 UTC - from mc-3->source-1 "773" 19:06:20.281484086
[2023-06-22T19:06:22Z INFO  dt_instance] received at 2023-06-22 19:06:22.790584574 UTC - from mc-3->source-1 "778" 19:06:22.789378127
[2023-06-22T19:06:25Z INFO  dt_instance] received at 2023-06-22 19:06:25.298519013 UTC - from mc-3->source-1 "783" 19:06:25.295545703
[2023-06-22T19:06:27Z INFO  dt_instance] received at 2023-06-22 19:06:27.803873431 UTC - from mc-3->source-1 "788" 19:06:27.801274385
[2023-06-22T19:06:30Z INFO  dt_instance] received at 2023-06-22 19:06:30.310443741 UTC - from mc-3->source-1 "793" 19:06:30.308581622
[2023-06-22T19:06:32Z INFO  dt_instance] received at 2023-06-22 19:06:32.814748295 UTC - from mc-3->source-1 "798" 19:06:32.813350726
[2023-06-22T19:06:35Z INFO  dt_instance] received at 2023-06-22 19:06:35.320769378 UTC - from mc-3->source-1 "803" 19:06:35.319584119
[2023-06-22T19:06:37Z INFO  dt_instance] received at 2023-06-22 19:06:37.826030484 UTC - from mc-3->source-1 "808" 19:06:37.824852578
[2023-06-22T19:06:40Z INFO  dt_instance] received at 2023-06-22 19:06:40.331668939 UTC - from mc-3->source-1 "813" 19:06:40.330412556
[2023-06-22T19:06:42Z INFO  dt_instance] received at 2023-06-22 19:06:42.837092796 UTC - from mc-3->source-1 "818" 19:06:42.835530942
[2023-06-22T19:06:45Z INFO  dt_instance] received at 2023-06-22 19:06:45.341498738 UTC - from mc-3->source-1 "823" 19:06:45.340499606
[2023-06-22T19:06:47Z INFO  dt_instance] received at 2023-06-22 19:06:47.848602429 UTC - from mc-3->source-1 "828" 19:06:47.846996301
[2023-06-22T19:06:50Z INFO  dt_instance] received at 2023-06-22 19:06:50.364147258 UTC - from mc-3->source-1 "833" 19:06:50.355252918
[2023-06-22T19:06:52Z INFO  dt_instance] received at 2023-06-22 19:06:52.862870033 UTC - from mc-3->source-1 "838" 19:06:52.861391987
[2023-06-22T19:06:55Z INFO  dt_instance] received at 2023-06-22 19:06:55.369040008 UTC - from mc-3->source-1 "843" 19:06:55.367363153
[2023-06-22T19:06:57Z INFO  dt_instance] received at 2023-06-22 19:06:57.874401551 UTC - from mc-3->source-1 "848" 19:06:57.873158763
[2023-06-22T19:07:00Z INFO  dt_instance] received at 2023-06-22 19:07:00.381523687 UTC - from mc-3->source-1 "853" 19:07:00.379214647
[2023-06-22T19:07:02Z INFO  dt_instance] received at 2023-06-22 19:07:02.887234436 UTC - from mc-3->source-1 "858" 19:07:02.886084030
[2023-06-22T19:07:05Z INFO  dt_instance] received at 2023-06-22 19:07:05.393891418 UTC - from mc-3->source-1 "863" 19:07:05.392066914
[2023-06-22T19:07:07Z INFO  dt_instance] received at 2023-06-22 19:07:07.899711933 UTC - from mc-3->source-1 "868" 19:07:07.898190860
[2023-06-22T19:07:10Z INFO  dt_instance] received at 2023-06-22 19:07:10.413067507 UTC - from mc-3->source-1 "873" 19:07:10.404545455
[2023-06-22T19:07:12Z INFO  dt_instance] received at 2023-06-22 19:07:12.911359959 UTC - from mc-3->source-1 "878" 19:07:12.909732448
[2023-06-22T19:07:15Z INFO  dt_instance] received at 2023-06-22 19:07:15.417360067 UTC - from mc-3->source-1 "883" 19:07:15.416137751
[2023-06-22T19:07:17Z INFO  dt_instance] received at 2023-06-22 19:07:17.921572224 UTC - from mc-3->source-1 "888" 19:07:17.920589032
[2023-06-22T19:07:20Z INFO  dt_instance] received at 2023-06-22 19:07:20.428820644 UTC - from mc-3->source-1 "893" 19:07:20.427035733
[2023-06-22T19:07:22Z INFO  dt_instance] received at 2023-06-22 19:07:22.932756248 UTC - from mc-3->source-1 "898" 19:07:22.931393856
[2023-06-22T19:07:25Z INFO  dt_instance] received at 2023-06-22 19:07:25.443061012 UTC - from mc-3->source-1 "903" 19:07:25.441692574
[2023-06-22T19:07:27Z INFO  dt_instance] received at 2023-06-22 19:07:27.949321763 UTC - from mc-3->source-7 "893" 19:07:27.947493697
[2023-06-22T19:07:30Z INFO  dt_instance] received at 2023-06-22 19:07:30.453620665 UTC - from mc-3->source-1 "913" 19:07:30.452334420
[2023-06-22T19:07:32Z INFO  dt_instance] received at 2023-06-22 19:07:32.961391363 UTC - from mc-3->source-7 "903" 19:07:32.959308989
[2023-06-22T19:07:35Z INFO  dt_instance] received at 2023-06-22 19:07:35.469982234 UTC - from mc-3->source-1 "923" 19:07:35.466634921
[2023-06-22T19:07:37Z INFO  dt_instance] received at 2023-06-22 19:07:37.978389992 UTC - from mc-3->source-7 "913" 19:07:37.972057888
[2023-06-22T19:07:40Z INFO  dt_instance] received at 2023-06-22 19:07:40.479055085 UTC - from mc-3->source-7 "918" 19:07:40.477445670
[2023-06-22T19:07:42Z INFO  dt_instance] received at 2023-06-22 19:07:42.985690865 UTC - from mc-3->source-1 "938" 19:07:42.983905597
[2023-06-22T19:07:45Z INFO  dt_instance] received at 2023-06-22 19:07:45.491892947 UTC - from mc-3->source-7 "928" 19:07:45.490414264
[2023-06-22T19:07:47Z INFO  dt_instance] received at 2023-06-22 19:07:47.997784436 UTC - from mc-3->source-1 "948" 19:07:47.995437417
[2023-06-22T19:07:50Z INFO  dt_instance] received at 2023-06-22 19:07:50.504255672 UTC - from mc-3->source-1 "953" 19:07:50.502937953
[2023-06-22T19:07:53Z INFO  dt_instance] received at 2023-06-22 19:07:53.010815335 UTC - from mc-3->source-1 "958" 19:07:53.008589493
[2023-06-22T19:07:55Z INFO  dt_instance] received at 2023-06-22 19:07:55.516214667 UTC - from mc-3->source-1 "963" 19:07:55.513443126
[2023-06-22T19:07:58Z INFO  dt_instance] received at 2023-06-22 19:07:58.021070799 UTC - from mc-3->source-1 "968" 19:07:58.019255845
[2023-06-22T19:08:00Z INFO  dt_instance] received at 2023-06-22 19:08:00.526983394 UTC - from mc-3->source-7 "958" 19:08:00.524287356
[2023-06-22T19:08:03Z INFO  dt_instance] received at 2023-06-22 19:08:03.035442617 UTC - from mc-3->source-7 "963" 19:08:03.032748662
[2023-06-22T19:08:05Z INFO  dt_instance] received at 2023-06-22 19:08:05.542464440 UTC - from mc-3->source-1 "983" 19:08:05.539272010
[2023-06-22T19:08:08Z INFO  dt_instance] received at 2023-06-22 19:08:08.046975834 UTC - from mc-3->source-1 "988" 19:08:08.045310738
[2023-06-22T19:08:10Z INFO  dt_instance] received at 2023-06-22 19:08:10.553873754 UTC - from mc-3->source-1 "993" 19:08:10.551960107
[2023-06-22T19:08:13Z INFO  dt_instance] received at 2023-06-22 19:08:13.218217941 UTC - from mc-3->source-8 "981" 19:08:13.216760426
[2023-06-22T19:08:16Z INFO  dt_instance] received at 2023-06-22 19:08:16.544709546 UTC - from mc-3->source-5 "995" 19:08:16.541852386
[2023-06-22T19:08:23Z INFO  dt_instance] received at 2023-06-22 19:08:23.559328477 UTC - from mc-3->source-9 "999" 19:08:23.558033808
