[2023-07-15T19:07:46Z INFO  dt_instance] Current Twin: mc-twin-21
[2023-07-15T19:07:46Z INFO  dt_instance] Replica Name twin-mc-stateful-21
[2023-07-15T19:07:46Z INFO  dt_instance] Sleeping for 1050
[2023-07-15T19:25:16Z INFO  dt_instance] Connecting to broker at emqx.dtwins:1883
[2023-07-15T19:25:16Z INFO  dt_instance] Loggin info each 50 messages
[2023-07-15T19:25:16Z INFO  dt_instance] Set max packet size to 60000 KB.
[2023-07-15T19:25:16Z INFO  dt_instance] Refreshing topics for twin - Listen to mc-21/#
[2023-07-15T19:25:16Z INFO  dt_instance] SubAck { pkid: 1, return_codes: [Success(ExactlyOnce)] }
[2023-07-15T19:26:17Z INFO  dt_instance] received at 2023-07-15 19:26:17.614585502 UTC - from mc-21->source-2 "9" 19:26:17.612262868
[2023-07-15T19:26:20Z INFO  dt_instance] received at 2023-07-15 19:26:20.872154567 UTC - from mc-21->source-3 "13" 19:26:20.869972888
[2023-07-15T19:26:23Z INFO  dt_instance] received at 2023-07-15 19:26:23.377678235 UTC - from mc-21->source-1 "23" 19:26:23.376123019
[2023-07-15T19:26:25Z INFO  dt_instance] received at 2023-07-15 19:26:25.882513213 UTC - from mc-21->source-1 "28" 19:26:25.881408062
[2023-07-15T19:26:28Z INFO  dt_instance] received at 2023-07-15 19:26:28.389315089 UTC - from mc-21->source-1 "33" 19:26:28.388190354
[2023-07-15T19:26:30Z INFO  dt_instance] received at 2023-07-15 19:26:30.894132581 UTC - from mc-21->source-1 "38" 19:26:30.893043224
[2023-07-15T19:26:33Z INFO  dt_instance] received at 2023-07-15 19:26:33.400768728 UTC - from mc-21->source-1 "43" 19:26:33.397801239
[2023-07-15T19:26:35Z INFO  dt_instance] received at 2023-07-15 19:26:35.909565294 UTC - from mc-21->source-3 "43" 19:26:35.908514115
[2023-07-15T19:26:38Z INFO  dt_instance] received at 2023-07-15 19:26:38.416679606 UTC - from mc-21->source-3 "48" 19:26:38.414463960
[2023-07-15T19:26:40Z INFO  dt_instance] received at 2023-07-15 19:26:40.927805711 UTC - from mc-21->source-1 "58" 19:26:40.926434375
[2023-07-15T19:26:43Z INFO  dt_instance] received at 2023-07-15 19:26:43.435577817 UTC - from mc-21->source-1 "63" 19:26:43.433513903
[2023-07-15T19:26:45Z INFO  dt_instance] received at 2023-07-15 19:26:45.944186799 UTC - from mc-21->source-3 "63" 19:26:45.939837461
[2023-07-15T19:26:48Z INFO  dt_instance] received at 2023-07-15 19:26:48.447506780 UTC - from mc-21->source-5 "63" 19:26:48.445623277
[2023-07-15T19:26:50Z INFO  dt_instance] received at 2023-07-15 19:26:50.953862872 UTC - from mc-21->source-1 "78" 19:26:50.950438733
[2023-07-15T19:26:53Z INFO  dt_instance] received at 2023-07-15 19:26:53.459413317 UTC - from mc-21->source-3 "78" 19:26:53.457473072
[2023-07-15T19:26:55Z INFO  dt_instance] received at 2023-07-15 19:26:55.973709981 UTC - from mc-21->source-1 "88" 19:26:55.971070949
[2023-07-15T19:26:58Z INFO  dt_instance] received at 2023-07-15 19:26:58.477706574 UTC - from mc-21->source-3 "88" 19:26:58.476577175
[2023-07-15T19:27:00Z INFO  dt_instance] received at 2023-07-15 19:27:00.984979914 UTC - from mc-21->source-3 "93" 19:27:00.982370724
[2023-07-15T19:27:03Z INFO  dt_instance] received at 2023-07-15 19:27:03.491784455 UTC - from mc-21->source-3 "98" 19:27:03.489453297
[2023-07-15T19:27:05Z INFO  dt_instance] received at 2023-07-15 19:27:05.997114941 UTC - from mc-21->source-3 "103" 19:27:05.995147581
[2023-07-15T19:27:08Z INFO  dt_instance] received at 2023-07-15 19:27:08.504520403 UTC - from mc-21->source-5 "103" 19:27:08.501619497
[2023-07-15T19:27:11Z INFO  dt_instance] received at 2023-07-15 19:27:11.009412569 UTC - from mc-21->source-3 "113" 19:27:11.007065093
[2023-07-15T19:27:13Z INFO  dt_instance] received at 2023-07-15 19:27:13.514182572 UTC - from mc-21->source-5 "113" 19:27:13.513107246
[2023-07-15T19:27:16Z INFO  dt_instance] received at 2023-07-15 19:27:16.019719015 UTC - from mc-21->source-5 "118" 19:27:16.018879864
[2023-07-15T19:27:18Z INFO  dt_instance] received at 2023-07-15 19:27:18.528344355 UTC - from mc-21->source-5 "123" 19:27:18.527217547
[2023-07-15T19:27:21Z INFO  dt_instance] received at 2023-07-15 19:27:21.034288616 UTC - from mc-21->source-5 "128" 19:27:21.033305288
[2023-07-15T19:27:23Z INFO  dt_instance] received at 2023-07-15 19:27:23.542025450 UTC - from mc-21->source-5 "133" 19:27:23.540836166
[2023-07-15T19:27:26Z INFO  dt_instance] received at 2023-07-15 19:27:26.047007793 UTC - from mc-21->source-5 "138" 19:27:26.046219877
[2023-07-15T19:27:28Z INFO  dt_instance] received at 2023-07-15 19:27:28.551151622 UTC - from mc-21->source-5 "143" 19:27:28.550366552
[2023-07-15T19:27:31Z INFO  dt_instance] received at 2023-07-15 19:27:31.057870225 UTC - from mc-21->source-5 "148" 19:27:31.055983836
[2023-07-15T19:27:33Z INFO  dt_instance] received at 2023-07-15 19:27:33.563200425 UTC - from mc-21->source-3 "158" 19:27:33.561429064
[2023-07-15T19:27:36Z INFO  dt_instance] received at 2023-07-15 19:27:36.068891181 UTC - from mc-21->source-3 "163" 19:27:36.067397277
[2023-07-15T19:27:38Z INFO  dt_instance] received at 2023-07-15 19:27:38.573463137 UTC - from mc-21->source-3 "168" 19:27:38.572448166
[2023-07-15T19:27:41Z INFO  dt_instance] received at 2023-07-15 19:27:41.089721653 UTC - from mc-21->source-5 "168" 19:27:41.080319772
[2023-07-15T19:27:43Z INFO  dt_instance] received at 2023-07-15 19:27:43.591468091 UTC - from mc-21->source-5 "173" 19:27:43.588124447
[2023-07-15T19:27:46Z INFO  dt_instance] received at 2023-07-15 19:27:46.095910187 UTC - from mc-21->source-5 "178" 19:27:46.094874805
[2023-07-15T19:27:48Z INFO  dt_instance] received at 2023-07-15 19:27:48.602012948 UTC - from mc-21->source-5 "183" 19:27:48.600327981
[2023-07-15T19:27:51Z INFO  dt_instance] received at 2023-07-15 19:27:51.107968356 UTC - from mc-21->source-5 "188" 19:27:51.107106209
[2023-07-15T19:27:53Z INFO  dt_instance] received at 2023-07-15 19:27:53.612960714 UTC - from mc-21->source-5 "193" 19:27:53.611666184
[2023-07-15T19:27:56Z INFO  dt_instance] received at 2023-07-15 19:27:56.118758623 UTC - from mc-21->source-5 "198" 19:27:56.117688838
[2023-07-15T19:27:58Z INFO  dt_instance] received at 2023-07-15 19:27:58.629437699 UTC - from mc-21->source-5 "203" 19:27:58.626503744
[2023-07-15T19:28:01Z INFO  dt_instance] received at 2023-07-15 19:28:01.133034119 UTC - from mc-21->source-5 "208" 19:28:01.131990283
[2023-07-15T19:28:03Z INFO  dt_instance] received at 2023-07-15 19:28:03.639008804 UTC - from mc-21->source-5 "213" 19:28:03.637792094
[2023-07-15T19:28:06Z INFO  dt_instance] received at 2023-07-15 19:28:06.144105333 UTC - from mc-21->source-5 "218" 19:28:06.142679348
[2023-07-15T19:28:08Z INFO  dt_instance] received at 2023-07-15 19:28:08.648993753 UTC - from mc-21->source-5 "223" 19:28:08.648010797
[2023-07-15T19:28:11Z INFO  dt_instance] received at 2023-07-15 19:28:11.157372605 UTC - from mc-21->source-5 "228" 19:28:11.156286826
[2023-07-15T19:28:13Z INFO  dt_instance] received at 2023-07-15 19:28:13.665342002 UTC - from mc-21->source-3 "238" 19:28:13.661671368
[2023-07-15T19:28:16Z INFO  dt_instance] received at 2023-07-15 19:28:16.171344091 UTC - from mc-21->source-3 "243" 19:28:16.168917431
[2023-07-15T19:28:18Z INFO  dt_instance] received at 2023-07-15 19:28:18.675996876 UTC - from mc-21->source-3 "248" 19:28:18.674450336
[2023-07-15T19:28:21Z INFO  dt_instance] received at 2023-07-15 19:28:21.181736946 UTC - from mc-21->source-3 "253" 19:28:21.180407329
[2023-07-15T19:28:23Z INFO  dt_instance] received at 2023-07-15 19:28:23.687038934 UTC - from mc-21->source-3 "258" 19:28:23.685438910
[2023-07-15T19:28:26Z INFO  dt_instance] received at 2023-07-15 19:28:26.193003096 UTC - from mc-21->source-3 "263" 19:28:26.191638777
[2023-07-15T19:28:28Z INFO  dt_instance] received at 2023-07-15 19:28:28.699799825 UTC - from mc-21->source-3 "268" 19:28:28.698367455
[2023-07-15T19:28:31Z INFO  dt_instance] received at 2023-07-15 19:28:31.204821073 UTC - from mc-21->source-3 "273" 19:28:31.203641679
[2023-07-15T19:28:33Z INFO  dt_instance] received at 2023-07-15 19:28:33.709414005 UTC - from mc-21->source-3 "278" 19:28:33.708401524
[2023-07-15T19:28:36Z INFO  dt_instance] received at 2023-07-15 19:28:36.219591643 UTC - from mc-21->source-3 "283" 19:28:36.214010598
[2023-07-15T19:28:38Z INFO  dt_instance] received at 2023-07-15 19:28:38.719896072 UTC - from mc-21->source-3 "288" 19:28:38.718564253
[2023-07-15T19:28:41Z INFO  dt_instance] received at 2023-07-15 19:28:41.226901059 UTC - from mc-21->source-5 "288" 19:28:41.225450406
[2023-07-15T19:28:43Z INFO  dt_instance] received at 2023-07-15 19:28:43.732389812 UTC - from mc-21->source-5 "293" 19:28:43.731651299
[2023-07-15T19:28:46Z INFO  dt_instance] received at 2023-07-15 19:28:46.244440443 UTC - from mc-21->source-3 "303" 19:28:46.236309340
[2023-07-15T19:28:48Z INFO  dt_instance] received at 2023-07-15 19:28:48.747060590 UTC - from mc-21->source-3 "308" 19:28:48.745760579
[2023-07-15T19:28:51Z INFO  dt_instance] received at 2023-07-15 19:28:51.251507782 UTC - from mc-21->source-3 "313" 19:28:51.250480349
[2023-07-15T19:28:53Z INFO  dt_instance] received at 2023-07-15 19:28:53.757784708 UTC - from mc-21->source-3 "318" 19:28:53.756195868
[2023-07-15T19:28:56Z INFO  dt_instance] received at 2023-07-15 19:28:56.262425350 UTC - from mc-21->source-3 "323" 19:28:56.261149998
[2023-07-15T19:28:58Z INFO  dt_instance] received at 2023-07-15 19:28:58.772132524 UTC - from mc-21->source-3 "328" 19:28:58.770539709
[2023-07-15T19:29:01Z INFO  dt_instance] received at 2023-07-15 19:29:01.278021199 UTC - from mc-21->source-3 "333" 19:29:01.276958449
[2023-07-15T19:29:03Z INFO  dt_instance] received at 2023-07-15 19:29:03.784027175 UTC - from mc-21->source-3 "338" 19:29:03.782420302
[2023-07-15T19:29:06Z INFO  dt_instance] received at 2023-07-15 19:29:06.290374505 UTC - from mc-21->source-3 "343" 19:29:06.288992307
[2023-07-15T19:29:08Z INFO  dt_instance] received at 2023-07-15 19:29:08.795130159 UTC - from mc-21->source-3 "348" 19:29:08.793899073
[2023-07-15T19:29:11Z INFO  dt_instance] received at 2023-07-15 19:29:11.300116557 UTC - from mc-21->source-3 "353" 19:29:11.298969666
[2023-07-15T19:29:13Z INFO  dt_instance] received at 2023-07-15 19:29:13.804551146 UTC - from mc-21->source-3 "358" 19:29:13.803487847
[2023-07-15T19:29:16Z INFO  dt_instance] received at 2023-07-15 19:29:16.312252079 UTC - from mc-21->source-3 "363" 19:29:16.310041728
[2023-07-15T19:29:18Z INFO  dt_instance] received at 2023-07-15 19:29:18.818134695 UTC - from mc-21->source-3 "368" 19:29:18.816448556
[2023-07-15T19:29:21Z INFO  dt_instance] received at 2023-07-15 19:29:21.324740725 UTC - from mc-21->source-3 "373" 19:29:21.323298914
[2023-07-15T19:29:23Z INFO  dt_instance] received at 2023-07-15 19:29:23.838029346 UTC - from mc-21->source-3 "378" 19:29:23.827809522
[2023-07-15T19:29:26Z INFO  dt_instance] received at 2023-07-15 19:29:26.336787053 UTC - from mc-21->source-3 "383" 19:29:26.335409360
[2023-07-15T19:29:28Z INFO  dt_instance] received at 2023-07-15 19:29:28.842264182 UTC - from mc-21->source-3 "388" 19:29:28.841189426
[2023-07-15T19:29:31Z INFO  dt_instance] received at 2023-07-15 19:29:31.349028782 UTC - from mc-21->source-3 "393" 19:29:31.347740190
[2023-07-15T19:29:33Z INFO  dt_instance] received at 2023-07-15 19:29:33.855238516 UTC - from mc-21->source-3 "398" 19:29:33.854344154
[2023-07-15T19:29:36Z INFO  dt_instance] received at 2023-07-15 19:29:36.362400305 UTC - from mc-21->source-3 "403" 19:29:36.361316842
[2023-07-15T19:29:38Z INFO  dt_instance] received at 2023-07-15 19:29:38.868492456 UTC - from mc-21->source-3 "408" 19:29:38.867417033
[2023-07-15T19:29:41Z INFO  dt_instance] received at 2023-07-15 19:29:41.377919317 UTC - from mc-21->source-3 "413" 19:29:41.375061489
[2023-07-15T19:29:43Z INFO  dt_instance] received at 2023-07-15 19:29:43.881999197 UTC - from mc-21->source-3 "418" 19:29:43.880260093
[2023-07-15T19:29:46Z INFO  dt_instance] received at 2023-07-15 19:29:46.386096618 UTC - from mc-21->source-3 "423" 19:29:46.384715359
[2023-07-15T19:29:48Z INFO  dt_instance] received at 2023-07-15 19:29:48.892547505 UTC - from mc-21->source-3 "428" 19:29:48.891276132
[2023-07-15T19:29:51Z INFO  dt_instance] received at 2023-07-15 19:29:51.397893682 UTC - from mc-21->source-3 "433" 19:29:51.396062074
[2023-07-15T19:29:53Z INFO  dt_instance] received at 2023-07-15 19:29:53.902731283 UTC - from mc-21->source-3 "438" 19:29:53.900592565
[2023-07-15T19:29:56Z INFO  dt_instance] received at 2023-07-15 19:29:56.410001699 UTC - from mc-21->source-3 "443" 19:29:56.405883533
[2023-07-15T19:29:58Z INFO  dt_instance] received at 2023-07-15 19:29:58.912802588 UTC - from mc-21->source-3 "448" 19:29:58.911586589
[2023-07-15T19:30:01Z INFO  dt_instance] received at 2023-07-15 19:30:01.419458366 UTC - from mc-21->source-3 "453" 19:30:01.417988986
[2023-07-15T19:30:03Z INFO  dt_instance] received at 2023-07-15 19:30:03.925351142 UTC - from mc-21->source-3 "458" 19:30:03.923941520
[2023-07-15T19:30:06Z INFO  dt_instance] received at 2023-07-15 19:30:06.430650863 UTC - from mc-21->source-3 "463" 19:30:06.429035750
[2023-07-15T19:30:08Z INFO  dt_instance] received at 2023-07-15 19:30:08.940675398 UTC - from mc-21->source-9 "453" 19:30:08.939034828
[2023-07-15T19:30:11Z INFO  dt_instance] received at 2023-07-15 19:30:11.448871304 UTC - from mc-21->source-1 "478" 19:30:11.446707651
[2023-07-15T19:30:13Z INFO  dt_instance] received at 2023-07-15 19:30:13.953403978 UTC - from mc-21->source-1 "483" 19:30:13.952208657
[2023-07-15T19:30:16Z INFO  dt_instance] received at 2023-07-15 19:30:16.460006717 UTC - from mc-21->source-1 "488" 19:30:16.457970947
[2023-07-15T19:30:18Z INFO  dt_instance] received at 2023-07-15 19:30:18.980520029 UTC - from mc-21->source-9 "473" 19:30:18.974446556
[2023-07-15T19:30:21Z INFO  dt_instance] received at 2023-07-15 19:30:21.483034641 UTC - from mc-21->source-1 "498" 19:30:21.481603720
[2023-07-15T19:30:23Z INFO  dt_instance] received at 2023-07-15 19:30:23.994947200 UTC - from mc-21->source-1 "503" 19:30:23.987336173
[2023-07-15T19:30:26Z INFO  dt_instance] received at 2023-07-15 19:30:26.496617123 UTC - from mc-21->source-3 "503" 19:30:26.494598660
[2023-07-15T19:30:29Z INFO  dt_instance] received at 2023-07-15 19:30:29.001983576 UTC - from mc-21->source-1 "513" 19:30:28.999885032
[2023-07-15T19:30:31Z INFO  dt_instance] received at 2023-07-15 19:30:31.513426781 UTC - from mc-21->source-3 "513" 19:30:31.511246652
[2023-07-15T19:30:34Z INFO  dt_instance] received at 2023-07-15 19:30:34.020167007 UTC - from mc-21->source-9 "503" 19:30:34.017044761
[2023-07-15T19:30:36Z INFO  dt_instance] received at 2023-07-15 19:30:36.523261228 UTC - from mc-21->source-9 "508" 19:30:36.521673327
[2023-07-15T19:30:39Z INFO  dt_instance] received at 2023-07-15 19:30:39.029515071 UTC - from mc-21->source-9 "513" 19:30:39.027724142
[2023-07-15T19:30:41Z INFO  dt_instance] received at 2023-07-15 19:30:41.535658583 UTC - from mc-21->source-9 "518" 19:30:41.532632772
[2023-07-15T19:30:44Z INFO  dt_instance] received at 2023-07-15 19:30:44.045709420 UTC - from mc-21->source-3 "538" 19:30:44.044078812
[2023-07-15T19:30:46Z INFO  dt_instance] received at 2023-07-15 19:30:46.554442205 UTC - from mc-21->source-3 "543" 19:30:46.551135441
[2023-07-15T19:30:49Z INFO  dt_instance] received at 2023-07-15 19:30:49.057661007 UTC - from mc-21->source-3 "548" 19:30:49.056487095
[2023-07-15T19:30:51Z INFO  dt_instance] received at 2023-07-15 19:30:51.565201236 UTC - from mc-21->source-3 "553" 19:30:51.561664091
[2023-07-15T19:30:54Z INFO  dt_instance] received at 2023-07-15 19:30:54.069269007 UTC - from mc-21->source-9 "543" 19:30:54.068141829
[2023-07-15T19:30:56Z INFO  dt_instance] received at 2023-07-15 19:30:56.576435705 UTC - from mc-21->source-9 "548" 19:30:56.575428679
[2023-07-15T19:30:59Z INFO  dt_instance] received at 2023-07-15 19:30:59.083679538 UTC - from mc-21->source-9 "553" 19:30:59.082092455
[2023-07-15T19:31:01Z INFO  dt_instance] received at 2023-07-15 19:31:01.589024152 UTC - from mc-21->source-9 "558" 19:31:01.587627644
[2023-07-15T19:31:04Z INFO  dt_instance] received at 2023-07-15 19:31:04.093876472 UTC - from mc-21->source-9 "563" 19:31:04.092406101
[2023-07-15T19:31:06Z INFO  dt_instance] received at 2023-07-15 19:31:06.599502711 UTC - from mc-21->source-9 "568" 19:31:06.598218205
[2023-07-15T19:31:09Z INFO  dt_instance] received at 2023-07-15 19:31:09.107169077 UTC - from mc-21->source-9 "573" 19:31:09.104524587
[2023-07-15T19:31:11Z INFO  dt_instance] received at 2023-07-15 19:31:11.612015727 UTC - from mc-21->source-9 "578" 19:31:11.611056655
[2023-07-15T19:31:14Z INFO  dt_instance] received at 2023-07-15 19:31:14.117506087 UTC - from mc-21->source-9 "583" 19:31:14.115923671
[2023-07-15T19:31:16Z INFO  dt_instance] received at 2023-07-15 19:31:16.623418470 UTC - from mc-21->source-9 "588" 19:31:16.621786856
[2023-07-15T19:31:19Z INFO  dt_instance] received at 2023-07-15 19:31:19.129642274 UTC - from mc-21->source-9 "593" 19:31:19.128113270
[2023-07-15T19:31:21Z INFO  dt_instance] received at 2023-07-15 19:31:21.635925970 UTC - from mc-21->source-3 "613" 19:31:21.634575561
[2023-07-15T19:31:24Z INFO  dt_instance] received at 2023-07-15 19:31:24.144181884 UTC - from mc-21->source-9 "603" 19:31:24.142867473
[2023-07-15T19:31:26Z INFO  dt_instance] received at 2023-07-15 19:31:26.648972845 UTC - from mc-21->source-9 "608" 19:31:26.647523500
[2023-07-15T19:31:29Z INFO  dt_instance] received at 2023-07-15 19:31:29.155880270 UTC - from mc-21->source-1 "633" 19:31:29.154996788
[2023-07-15T19:31:31Z INFO  dt_instance] received at 2023-07-15 19:31:31.663057492 UTC - from mc-21->source-1 "638" 19:31:31.661761569
[2023-07-15T19:31:34Z INFO  dt_instance] received at 2023-07-15 19:31:34.169885405 UTC - from mc-21->source-9 "623" 19:31:34.166814276
[2023-07-15T19:31:36Z INFO  dt_instance] received at 2023-07-15 19:31:36.673490980 UTC - from mc-21->source-9 "628" 19:31:36.672034554
[2023-07-15T19:31:39Z INFO  dt_instance] received at 2023-07-15 19:31:39.179774102 UTC - from mc-21->source-1 "653" 19:31:39.177100932
[2023-07-15T19:31:41Z INFO  dt_instance] received at 2023-07-15 19:31:41.685052082 UTC - from mc-21->source-1 "658" 19:31:41.683545027
[2023-07-15T19:31:44Z INFO  dt_instance] received at 2023-07-15 19:31:44.190423796 UTC - from mc-21->source-1 "663" 19:31:44.189278285
[2023-07-15T19:31:46Z INFO  dt_instance] received at 2023-07-15 19:31:46.697544073 UTC - from mc-21->source-1 "668" 19:31:46.695991601
[2023-07-15T19:31:49Z INFO  dt_instance] received at 2023-07-15 19:31:49.202525727 UTC - from mc-21->source-1 "673" 19:31:49.201372494
[2023-07-15T19:31:51Z INFO  dt_instance] received at 2023-07-15 19:31:51.709272314 UTC - from mc-21->source-1 "678" 19:31:51.707953788
[2023-07-15T19:31:54Z INFO  dt_instance] received at 2023-07-15 19:31:54.215098597 UTC - from mc-21->source-1 "683" 19:31:54.213393635
[2023-07-15T19:31:56Z INFO  dt_instance] received at 2023-07-15 19:31:56.720248484 UTC - from mc-21->source-1 "688" 19:31:56.719378650
[2023-07-15T19:31:59Z INFO  dt_instance] received at 2023-07-15 19:31:59.226216385 UTC - from mc-21->source-1 "693" 19:31:59.224806879
[2023-07-15T19:32:01Z INFO  dt_instance] received at 2023-07-15 19:32:01.731531632 UTC - from mc-21->source-1 "698" 19:32:01.730401941
[2023-07-15T19:32:04Z INFO  dt_instance] received at 2023-07-15 19:32:04.237031894 UTC - from mc-21->source-1 "703" 19:32:04.235702129
[2023-07-15T19:32:06Z INFO  dt_instance] received at 2023-07-15 19:32:06.749373501 UTC - from mc-21->source-9 "688" 19:32:06.747432846
[2023-07-15T19:32:09Z INFO  dt_instance] received at 2023-07-15 19:32:09.254732258 UTC - from mc-21->source-9 "693" 19:32:09.253399396
[2023-07-15T19:32:11Z INFO  dt_instance] received at 2023-07-15 19:32:11.763459635 UTC - from mc-21->source-9 "698" 19:32:11.761362371
[2023-07-15T19:32:14Z INFO  dt_instance] received at 2023-07-15 19:32:14.269864155 UTC - from mc-21->source-9 "703" 19:32:14.268225853
[2023-07-15T19:32:16Z INFO  dt_instance] received at 2023-07-15 19:32:16.776300802 UTC - from mc-21->source-1 "728" 19:32:16.774708385
[2023-07-15T19:32:19Z INFO  dt_instance] received at 2023-07-15 19:32:19.281227067 UTC - from mc-21->source-1 "733" 19:32:19.279648472
[2023-07-15T19:32:21Z INFO  dt_instance] received at 2023-07-15 19:32:21.796832927 UTC - from mc-21->source-9 "718" 19:32:21.795478049
[2023-07-15T19:32:24Z INFO  dt_instance] received at 2023-07-15 19:32:24.304161971 UTC - from mc-21->source-1 "743" 19:32:24.302773313
[2023-07-15T19:32:26Z INFO  dt_instance] received at 2023-07-15 19:32:26.811676097 UTC - from mc-21->source-3 "743" 19:32:26.808820576
[2023-07-15T19:32:29Z INFO  dt_instance] received at 2023-07-15 19:32:29.316569777 UTC - from mc-21->source-3 "748" 19:32:29.315427858
[2023-07-15T19:32:31Z INFO  dt_instance] received at 2023-07-15 19:32:31.821847135 UTC - from mc-21->source-1 "758" 19:32:31.820872285
[2023-07-15T19:32:34Z INFO  dt_instance] received at 2023-07-15 19:32:34.329440265 UTC - from mc-21->source-1 "763" 19:32:34.328116932
[2023-07-15T19:32:36Z INFO  dt_instance] received at 2023-07-15 19:32:36.834646046 UTC - from mc-21->source-3 "763" 19:32:36.833425551
[2023-07-15T19:32:39Z INFO  dt_instance] received at 2023-07-15 19:32:39.340916588 UTC - from mc-21->source-9 "753" 19:32:39.339510594
[2023-07-15T19:32:41Z INFO  dt_instance] received at 2023-07-15 19:32:41.848738018 UTC - from mc-21->source-9 "758" 19:32:41.846382325
[2023-07-15T19:32:44Z INFO  dt_instance] received at 2023-07-15 19:32:44.353656613 UTC - from mc-21->source-9 "763" 19:32:44.352196448
[2023-07-15T19:32:46Z INFO  dt_instance] received at 2023-07-15 19:32:46.871404190 UTC - from mc-21->source-9 "768" 19:32:46.869847285
[2023-07-15T19:32:49Z INFO  dt_instance] received at 2023-07-15 19:32:49.383035879 UTC - from mc-21->source-9 "773" 19:32:49.380877923
[2023-07-15T19:32:51Z INFO  dt_instance] received at 2023-07-15 19:32:51.888015738 UTC - from mc-21->source-9 "778" 19:32:51.886582975
[2023-07-15T19:32:54Z INFO  dt_instance] received at 2023-07-15 19:32:54.393900792 UTC - from mc-21->source-9 "783" 19:32:54.392179006
[2023-07-15T19:32:56Z INFO  dt_instance] received at 2023-07-15 19:32:56.900687761 UTC - from mc-21->source-9 "788" 19:32:56.898818737
[2023-07-15T19:32:59Z INFO  dt_instance] received at 2023-07-15 19:32:59.408301225 UTC - from mc-21->source-9 "793" 19:32:59.404037688
[2023-07-15T19:33:01Z INFO  dt_instance] received at 2023-07-15 19:33:01.910509365 UTC - from mc-21->source-9 "798" 19:33:01.908883139
[2023-07-15T19:33:04Z INFO  dt_instance] received at 2023-07-15 19:33:04.415823276 UTC - from mc-21->source-9 "803" 19:33:04.414608240
[2023-07-15T19:33:06Z INFO  dt_instance] received at 2023-07-15 19:33:06.920889158 UTC - from mc-21->source-9 "808" 19:33:06.919801305
[2023-07-15T19:33:09Z INFO  dt_instance] received at 2023-07-15 19:33:09.426682788 UTC - from mc-21->source-9 "813" 19:33:09.425265765
[2023-07-15T19:33:11Z INFO  dt_instance] received at 2023-07-15 19:33:11.930764177 UTC - from mc-21->source-9 "818" 19:33:11.929525074
[2023-07-15T19:33:14Z INFO  dt_instance] received at 2023-07-15 19:33:14.437389798 UTC - from mc-21->source-9 "823" 19:33:14.435470393
[2023-07-15T19:33:16Z INFO  dt_instance] received at 2023-07-15 19:33:16.943714969 UTC - from mc-21->source-9 "828" 19:33:16.942380256
[2023-07-15T19:33:19Z INFO  dt_instance] received at 2023-07-15 19:33:19.449153493 UTC - from mc-21->source-9 "833" 19:33:19.447679565
[2023-07-15T19:33:21Z INFO  dt_instance] received at 2023-07-15 19:33:21.954622331 UTC - from mc-21->source-9 "838" 19:33:21.953422946
[2023-07-15T19:33:24Z INFO  dt_instance] received at 2023-07-15 19:33:24.461740208 UTC - from mc-21->source-9 "843" 19:33:24.458700495
[2023-07-15T19:33:26Z INFO  dt_instance] received at 2023-07-15 19:33:26.966852900 UTC - from mc-21->source-9 "848" 19:33:26.965769976
[2023-07-15T19:33:29Z INFO  dt_instance] received at 2023-07-15 19:33:29.472210221 UTC - from mc-21->source-9 "853" 19:33:29.471077221
[2023-07-15T19:33:31Z INFO  dt_instance] received at 2023-07-15 19:33:31.978736329 UTC - from mc-21->source-9 "858" 19:33:31.977256216
[2023-07-15T19:33:34Z INFO  dt_instance] received at 2023-07-15 19:33:34.483371174 UTC - from mc-21->source-9 "863" 19:33:34.481679994
[2023-07-15T19:33:36Z INFO  dt_instance] received at 2023-07-15 19:33:36.987616587 UTC - from mc-21->source-9 "868" 19:33:36.986555221
[2023-07-15T19:33:39Z INFO  dt_instance] received at 2023-07-15 19:33:39.494986847 UTC - from mc-21->source-9 "873" 19:33:39.491614388
[2023-07-15T19:33:41Z INFO  dt_instance] received at 2023-07-15 19:33:41.998134924 UTC - from mc-21->source-9 "878" 19:33:41.997117583
[2023-07-15T19:33:44Z INFO  dt_instance] received at 2023-07-15 19:33:44.503157211 UTC - from mc-21->source-9 "883" 19:33:44.502010891
[2023-07-15T19:33:47Z INFO  dt_instance] received at 2023-07-15 19:33:47.009796472 UTC - from mc-21->source-9 "888" 19:33:47.008214837
[2023-07-15T19:33:49Z INFO  dt_instance] received at 2023-07-15 19:33:49.519315292 UTC - from mc-21->source-9 "893" 19:33:49.512518330
[2023-07-15T19:33:52Z INFO  dt_instance] received at 2023-07-15 19:33:52.022534969 UTC - from mc-21->source-9 "898" 19:33:52.017834085
[2023-07-15T19:33:54Z INFO  dt_instance] received at 2023-07-15 19:33:54.524421566 UTC - from mc-21->source-9 "903" 19:33:54.523104713
[2023-07-15T19:33:57Z INFO  dt_instance] received at 2023-07-15 19:33:57.030002171 UTC - from mc-21->source-3 "923" 19:33:57.028345035
[2023-07-15T19:33:59Z INFO  dt_instance] received at 2023-07-15 19:33:59.537612469 UTC - from mc-21->source-3 "928" 19:33:59.533452818
[2023-07-15T19:34:02Z INFO  dt_instance] received at 2023-07-15 19:34:02.042604965 UTC - from mc-21->source-3 "933" 19:34:02.041374219
[2023-07-15T19:34:04Z INFO  dt_instance] received at 2023-07-15 19:34:04.548995095 UTC - from mc-21->source-9 "923" 19:34:04.547497873
[2023-07-15T19:34:07Z INFO  dt_instance] received at 2023-07-15 19:34:07.054967587 UTC - from mc-21->source-9 "928" 19:34:07.053707135
[2023-07-15T19:34:09Z INFO  dt_instance] received at 2023-07-15 19:34:09.560786868 UTC - from mc-21->source-9 "933" 19:34:09.559562277
[2023-07-15T19:34:12Z INFO  dt_instance] received at 2023-07-15 19:34:12.065820507 UTC - from mc-21->source-9 "938" 19:34:12.064624531
[2023-07-15T19:34:14Z INFO  dt_instance] received at 2023-07-15 19:34:14.573094265 UTC - from mc-21->source-9 "943" 19:34:14.571427282
[2023-07-15T19:34:17Z INFO  dt_instance] received at 2023-07-15 19:34:17.077792987 UTC - from mc-21->source-9 "948" 19:34:17.076458257
[2023-07-15T19:34:19Z INFO  dt_instance] received at 2023-07-15 19:34:19.584795752 UTC - from mc-21->source-9 "953" 19:34:19.583371510
[2023-07-15T19:34:22Z INFO  dt_instance] received at 2023-07-15 19:34:22.091040406 UTC - from mc-21->source-9 "958" 19:34:22.089133993
[2023-07-15T19:34:24Z INFO  dt_instance] received at 2023-07-15 19:34:24.598575318 UTC - from mc-21->source-9 "963" 19:34:24.597308400
[2023-07-15T19:34:27Z INFO  dt_instance] received at 2023-07-15 19:34:27.110347413 UTC - from mc-21->source-3 "983" 19:34:27.109041585
[2023-07-15T19:34:29Z INFO  dt_instance] received at 2023-07-15 19:34:29.616133823 UTC - from mc-21->source-9 "973" 19:34:29.614523724
[2023-07-15T19:34:32Z INFO  dt_instance] received at 2023-07-15 19:34:32.277517558 UTC - from mc-21->source-8 "981" 19:34:32.274217390
[2023-07-15T19:34:35Z INFO  dt_instance] received at 2023-07-15 19:34:35.566516290 UTC - from mc-21->source-7 "990" 19:34:35.564998816
[2023-07-15T19:34:42Z INFO  dt_instance] received at 2023-07-15 19:34:42.647961777 UTC - from mc-21->source-9 "999" 19:34:42.645717500
