[2023-07-15T19:06:24Z INFO  dt_instance] Current Twin: mc-twin-5
[2023-07-15T19:06:24Z INFO  dt_instance] Replica Name twin-mc-stateful-5
[2023-07-15T19:06:24Z INFO  dt_instance] Sleeping for 250
[2023-07-15T19:10:34Z INFO  dt_instance] Connecting to broker at emqx.dtwins:1883
[2023-07-15T19:10:34Z INFO  dt_instance] Loggin info each 50 messages
[2023-07-15T19:10:34Z INFO  dt_instance] Set max packet size to 60000 KB.
[2023-07-15T19:10:34Z INFO  dt_instance] Refreshing topics for twin - Listen to mc-5/#
[2023-07-15T19:10:34Z INFO  dt_instance] SubAck { pkid: 1, return_codes: [Success(ExactlyOnce)] }
[2023-07-15T19:11:45Z INFO  dt_instance] received at 2023-07-15 19:11:45.558263964 UTC - from mc-5->source-2 "9" 19:11:45.557221561
[2023-07-15T19:11:48Z INFO  dt_instance] received at 2023-07-15 19:11:48.812118708 UTC - from mc-5->source-3 "13" 19:11:48.811302049
[2023-07-15T19:11:51Z INFO  dt_instance] received at 2023-07-15 19:11:51.324081375 UTC - from mc-5->source-1 "23" 19:11:51.321017307
[2023-07-15T19:11:53Z INFO  dt_instance] received at 2023-07-15 19:11:53.828436809 UTC - from mc-5->source-1 "28" 19:11:53.827712839
[2023-07-15T19:11:56Z INFO  dt_instance] received at 2023-07-15 19:11:56.335586148 UTC - from mc-5->source-1 "33" 19:11:56.333415102
[2023-07-15T19:11:58Z INFO  dt_instance] received at 2023-07-15 19:11:58.839120410 UTC - from mc-5->source-1 "38" 19:11:58.837905740
[2023-07-15T19:12:01Z INFO  dt_instance] received at 2023-07-15 19:12:01.345848847 UTC - from mc-5->source-1 "43" 19:12:01.344812640
[2023-07-15T19:12:03Z INFO  dt_instance] received at 2023-07-15 19:12:03.853099965 UTC - from mc-5->source-1 "48" 19:12:03.852026540
[2023-07-15T19:12:06Z INFO  dt_instance] received at 2023-07-15 19:12:06.362739870 UTC - from mc-5->source-1 "53" 19:12:06.361504814
[2023-07-15T19:12:08Z INFO  dt_instance] received at 2023-07-15 19:12:08.870329484 UTC - from mc-5->source-1 "58" 19:12:08.869123029
[2023-07-15T19:12:11Z INFO  dt_instance] received at 2023-07-15 19:12:11.378180475 UTC - from mc-5->source-1 "63" 19:12:11.375170842
[2023-07-15T19:12:13Z INFO  dt_instance] received at 2023-07-15 19:12:13.882081270 UTC - from mc-5->source-1 "68" 19:12:13.881118675
[2023-07-15T19:12:16Z INFO  dt_instance] received at 2023-07-15 19:12:16.387768776 UTC - from mc-5->source-1 "73" 19:12:16.386543321
[2023-07-15T19:12:18Z INFO  dt_instance] received at 2023-07-15 19:12:18.893343166 UTC - from mc-5->source-1 "78" 19:12:18.891013762
[2023-07-15T19:12:21Z INFO  dt_instance] received at 2023-07-15 19:12:21.399625956 UTC - from mc-5->source-1 "83" 19:12:21.398232014
[2023-07-15T19:12:23Z INFO  dt_instance] received at 2023-07-15 19:12:23.904321869 UTC - from mc-5->source-1 "88" 19:12:23.903149692
[2023-07-15T19:12:26Z INFO  dt_instance] received at 2023-07-15 19:12:26.410505647 UTC - from mc-5->source-1 "93" 19:12:26.409753668
[2023-07-15T19:12:28Z INFO  dt_instance] received at 2023-07-15 19:12:28.917559762 UTC - from mc-5->source-1 "98" 19:12:28.916644747
[2023-07-15T19:12:31Z INFO  dt_instance] received at 2023-07-15 19:12:31.422047322 UTC - from mc-5->source-1 "103" 19:12:31.421207358
[2023-07-15T19:12:33Z INFO  dt_instance] received at 2023-07-15 19:12:33.929083928 UTC - from mc-5->source-1 "108" 19:12:33.928061575
[2023-07-15T19:12:36Z INFO  dt_instance] received at 2023-07-15 19:12:36.435974196 UTC - from mc-5->source-1 "113" 19:12:36.434904488
[2023-07-15T19:12:38Z INFO  dt_instance] received at 2023-07-15 19:12:38.941552068 UTC - from mc-5->source-1 "118" 19:12:38.940486459
[2023-07-15T19:12:41Z INFO  dt_instance] received at 2023-07-15 19:12:41.446011674 UTC - from mc-5->source-1 "123" 19:12:41.444982430
[2023-07-15T19:12:43Z INFO  dt_instance] received at 2023-07-15 19:12:43.952462964 UTC - from mc-5->source-1 "128" 19:12:43.951649649
[2023-07-15T19:12:46Z INFO  dt_instance] received at 2023-07-15 19:12:46.458140054 UTC - from mc-5->source-1 "133" 19:12:46.457120871
[2023-07-15T19:12:48Z INFO  dt_instance] received at 2023-07-15 19:12:48.963340887 UTC - from mc-5->source-3 "133" 19:12:48.962085636
[2023-07-15T19:12:51Z INFO  dt_instance] received at 2023-07-15 19:12:51.468897088 UTC - from mc-5->source-1 "143" 19:12:51.467878718
[2023-07-15T19:12:53Z INFO  dt_instance] received at 2023-07-15 19:12:53.975659529 UTC - from mc-5->source-5 "138" 19:12:53.974711796
[2023-07-15T19:12:56Z INFO  dt_instance] received at 2023-07-15 19:12:56.480179466 UTC - from mc-5->source-1 "153" 19:12:56.479402359
[2023-07-15T19:12:58Z INFO  dt_instance] received at 2023-07-15 19:12:58.985549246 UTC - from mc-5->source-1 "158" 19:12:58.984555872
[2023-07-15T19:13:01Z INFO  dt_instance] received at 2023-07-15 19:13:01.495863092 UTC - from mc-5->source-3 "158" 19:13:01.492706379
[2023-07-15T19:13:04Z INFO  dt_instance] received at 2023-07-15 19:13:04.005971369 UTC - from mc-5->source-1 "168" 19:13:04.004233908
[2023-07-15T19:13:06Z INFO  dt_instance] received at 2023-07-15 19:13:06.512282101 UTC - from mc-5->source-1 "173" 19:13:06.511425403
[2023-07-15T19:13:09Z INFO  dt_instance] received at 2023-07-15 19:13:09.020051844 UTC - from mc-5->source-5 "168" 19:13:09.018531034
[2023-07-15T19:13:11Z INFO  dt_instance] received at 2023-07-15 19:13:11.527957835 UTC - from mc-5->source-1 "183" 19:13:11.524953753
[2023-07-15T19:13:14Z INFO  dt_instance] received at 2023-07-15 19:13:14.040670587 UTC - from mc-5->source-3 "183" 19:13:14.039805841
[2023-07-15T19:13:16Z INFO  dt_instance] received at 2023-07-15 19:13:16.548010197 UTC - from mc-5->source-3 "188" 19:13:16.547025103
[2023-07-15T19:13:19Z INFO  dt_instance] received at 2023-07-15 19:13:19.055030341 UTC - from mc-5->source-3 "193" 19:13:19.051796222
[2023-07-15T19:13:21Z INFO  dt_instance] received at 2023-07-15 19:13:21.563728404 UTC - from mc-5->source-3 "198" 19:13:21.557893064
[2023-07-15T19:13:24Z INFO  dt_instance] received at 2023-07-15 19:13:24.064183339 UTC - from mc-5->source-3 "203" 19:13:24.063418188
[2023-07-15T19:13:26Z INFO  dt_instance] received at 2023-07-15 19:13:26.571767057 UTC - from mc-5->source-3 "208" 19:13:26.570821866
[2023-07-15T19:13:29Z INFO  dt_instance] received at 2023-07-15 19:13:29.077485350 UTC - from mc-5->source-3 "213" 19:13:29.076277872
[2023-07-15T19:13:31Z INFO  dt_instance] received at 2023-07-15 19:13:31.583091567 UTC - from mc-5->source-3 "218" 19:13:31.582244762
[2023-07-15T19:13:34Z INFO  dt_instance] received at 2023-07-15 19:13:34.089200401 UTC - from mc-5->source-3 "223" 19:13:34.088216679
[2023-07-15T19:13:36Z INFO  dt_instance] received at 2023-07-15 19:13:36.602201954 UTC - from mc-5->source-3 "228" 19:13:36.595481236
[2023-07-15T19:13:39Z INFO  dt_instance] received at 2023-07-15 19:13:39.105134567 UTC - from mc-5->source-3 "233" 19:13:39.101027534
[2023-07-15T19:13:41Z INFO  dt_instance] received at 2023-07-15 19:13:41.606974904 UTC - from mc-5->source-3 "238" 19:13:41.606131149
[2023-07-15T19:13:44Z INFO  dt_instance] received at 2023-07-15 19:13:44.114999426 UTC - from mc-5->source-3 "243" 19:13:44.112163289
[2023-07-15T19:13:46Z INFO  dt_instance] received at 2023-07-15 19:13:46.620565780 UTC - from mc-5->source-3 "248" 19:13:46.619551553
[2023-07-15T19:13:49Z INFO  dt_instance] received at 2023-07-15 19:13:49.128046848 UTC - from mc-5->source-3 "253" 19:13:49.125049808
[2023-07-15T19:13:51Z INFO  dt_instance] received at 2023-07-15 19:13:51.631756282 UTC - from mc-5->source-3 "258" 19:13:51.630820971
[2023-07-15T19:13:54Z INFO  dt_instance] received at 2023-07-15 19:13:54.140409929 UTC - from mc-5->source-3 "263" 19:13:54.139590728
[2023-07-15T19:13:56Z INFO  dt_instance] received at 2023-07-15 19:13:56.645503040 UTC - from mc-5->source-3 "268" 19:13:56.644709084
[2023-07-15T19:13:59Z INFO  dt_instance] received at 2023-07-15 19:13:59.155552776 UTC - from mc-5->source-3 "273" 19:13:59.153093631
[2023-07-15T19:14:01Z INFO  dt_instance] received at 2023-07-15 19:14:01.660739758 UTC - from mc-5->source-3 "278" 19:14:01.659418393
[2023-07-15T19:14:04Z INFO  dt_instance] received at 2023-07-15 19:14:04.165016887 UTC - from mc-5->source-3 "283" 19:14:04.164363967
[2023-07-15T19:14:06Z INFO  dt_instance] received at 2023-07-15 19:14:06.671276557 UTC - from mc-5->source-3 "288" 19:14:06.670328798
[2023-07-15T19:14:09Z INFO  dt_instance] received at 2023-07-15 19:14:09.176815010 UTC - from mc-5->source-3 "293" 19:14:09.176029168
[2023-07-15T19:14:11Z INFO  dt_instance] received at 2023-07-15 19:14:11.684100829 UTC - from mc-5->source-3 "298" 19:14:11.681005374
[2023-07-15T19:14:14Z INFO  dt_instance] received at 2023-07-15 19:14:14.187110021 UTC - from mc-5->source-3 "303" 19:14:14.186196725
[2023-07-15T19:14:16Z INFO  dt_instance] received at 2023-07-15 19:14:16.693353718 UTC - from mc-5->source-3 "308" 19:14:16.692144962
[2023-07-15T19:14:19Z INFO  dt_instance] received at 2023-07-15 19:14:19.198477303 UTC - from mc-5->source-3 "313" 19:14:19.197399808
[2023-07-15T19:14:21Z INFO  dt_instance] received at 2023-07-15 19:14:21.703982572 UTC - from mc-5->source-3 "318" 19:14:21.703090771
[2023-07-15T19:14:24Z INFO  dt_instance] received at 2023-07-15 19:14:24.211972087 UTC - from mc-5->source-3 "323" 19:14:24.210804183
[2023-07-15T19:14:26Z INFO  dt_instance] received at 2023-07-15 19:14:26.716817240 UTC - from mc-5->source-3 "328" 19:14:26.716120110
[2023-07-15T19:14:29Z INFO  dt_instance] received at 2023-07-15 19:14:29.223243968 UTC - from mc-5->source-3 "333" 19:14:29.222047528
[2023-07-15T19:14:31Z INFO  dt_instance] received at 2023-07-15 19:14:31.730230855 UTC - from mc-5->source-3 "338" 19:14:31.728182628
[2023-07-15T19:14:34Z INFO  dt_instance] received at 2023-07-15 19:14:34.234360195 UTC - from mc-5->source-3 "343" 19:14:34.233335917
[2023-07-15T19:14:36Z INFO  dt_instance] received at 2023-07-15 19:14:36.738752617 UTC - from mc-5->source-3 "348" 19:14:36.737788523
[2023-07-15T19:14:39Z INFO  dt_instance] received at 2023-07-15 19:14:39.245097434 UTC - from mc-5->source-3 "353" 19:14:39.244263009
[2023-07-15T19:14:41Z INFO  dt_instance] received at 2023-07-15 19:14:41.750074229 UTC - from mc-5->source-3 "358" 19:14:41.749454656
[2023-07-15T19:14:44Z INFO  dt_instance] received at 2023-07-15 19:14:44.256974672 UTC - from mc-5->source-3 "363" 19:14:44.255714098
[2023-07-15T19:14:46Z INFO  dt_instance] received at 2023-07-15 19:14:46.764087094 UTC - from mc-5->source-3 "368" 19:14:46.761995198
[2023-07-15T19:14:49Z INFO  dt_instance] received at 2023-07-15 19:14:49.269413065 UTC - from mc-5->source-3 "373" 19:14:49.268357289
[2023-07-15T19:14:51Z INFO  dt_instance] received at 2023-07-15 19:14:51.778446419 UTC - from mc-5->source-3 "378" 19:14:51.776618319
[2023-07-15T19:14:54Z INFO  dt_instance] received at 2023-07-15 19:14:54.282961343 UTC - from mc-5->source-3 "383" 19:14:54.281817850
[2023-07-15T19:14:56Z INFO  dt_instance] received at 2023-07-15 19:14:56.790818914 UTC - from mc-5->source-3 "388" 19:14:56.788669075
[2023-07-15T19:14:59Z INFO  dt_instance] received at 2023-07-15 19:14:59.295644854 UTC - from mc-5->source-5 "388" 19:14:59.294348533
[2023-07-15T19:15:01Z INFO  dt_instance] received at 2023-07-15 19:15:01.802685256 UTC - from mc-5->source-5 "393" 19:15:01.801702619
[2023-07-15T19:15:04Z INFO  dt_instance] received at 2023-07-15 19:15:04.309312706 UTC - from mc-5->source-3 "403" 19:15:04.307761978
[2023-07-15T19:15:06Z INFO  dt_instance] received at 2023-07-15 19:15:06.815953604 UTC - from mc-5->source-5 "403" 19:15:06.814399870
[2023-07-15T19:15:09Z INFO  dt_instance] received at 2023-07-15 19:15:09.324837119 UTC - from mc-5->source-5 "408" 19:15:09.323484444
[2023-07-15T19:15:11Z INFO  dt_instance] received at 2023-07-15 19:15:11.830674951 UTC - from mc-5->source-5 "413" 19:15:11.829818086
[2023-07-15T19:15:14Z INFO  dt_instance] received at 2023-07-15 19:15:14.338983278 UTC - from mc-5->source-3 "423" 19:15:14.337875520
[2023-07-15T19:15:16Z INFO  dt_instance] received at 2023-07-15 19:15:16.853840495 UTC - from mc-5->source-5 "423" 19:15:16.852848053
[2023-07-15T19:15:19Z INFO  dt_instance] received at 2023-07-15 19:15:19.363798996 UTC - from mc-5->source-5 "428" 19:15:19.359356109
[2023-07-15T19:15:21Z INFO  dt_instance] received at 2023-07-15 19:15:21.865548554 UTC - from mc-5->source-5 "433" 19:15:21.863964073
[2023-07-15T19:15:24Z INFO  dt_instance] received at 2023-07-15 19:15:24.370037403 UTC - from mc-5->source-5 "438" 19:15:24.369047351
[2023-07-15T19:15:26Z INFO  dt_instance] received at 2023-07-15 19:15:26.876833019 UTC - from mc-5->source-5 "443" 19:15:26.875598582
[2023-07-15T19:15:29Z INFO  dt_instance] received at 2023-07-15 19:15:29.382379999 UTC - from mc-5->source-5 "448" 19:15:29.381363188
[2023-07-15T19:15:31Z INFO  dt_instance] received at 2023-07-15 19:15:31.888602170 UTC - from mc-5->source-5 "453" 19:15:31.887793675
[2023-07-15T19:15:34Z INFO  dt_instance] received at 2023-07-15 19:15:34.394565199 UTC - from mc-5->source-5 "458" 19:15:34.393779330
[2023-07-15T19:15:36Z INFO  dt_instance] received at 2023-07-15 19:15:36.902030980 UTC - from mc-5->source-5 "463" 19:15:36.901228303
[2023-07-15T19:15:39Z INFO  dt_instance] received at 2023-07-15 19:15:39.410497802 UTC - from mc-5->source-5 "468" 19:15:39.407430253
[2023-07-15T19:15:41Z INFO  dt_instance] received at 2023-07-15 19:15:41.914899260 UTC - from mc-5->source-5 "473" 19:15:41.913665409
[2023-07-15T19:15:44Z INFO  dt_instance] received at 2023-07-15 19:15:44.419641845 UTC - from mc-5->source-5 "478" 19:15:44.418488142
[2023-07-15T19:15:46Z INFO  dt_instance] received at 2023-07-15 19:15:46.925247818 UTC - from mc-5->source-5 "483" 19:15:46.924089460
[2023-07-15T19:15:49Z INFO  dt_instance] received at 2023-07-15 19:15:49.429957387 UTC - from mc-5->source-5 "488" 19:15:49.429004183
[2023-07-15T19:15:51Z INFO  dt_instance] received at 2023-07-15 19:15:51.936243469 UTC - from mc-5->source-5 "493" 19:15:51.934987624
[2023-07-15T19:15:54Z INFO  dt_instance] received at 2023-07-15 19:15:54.441303450 UTC - from mc-5->source-5 "498" 19:15:54.440008093
[2023-07-15T19:15:56Z INFO  dt_instance] received at 2023-07-15 19:15:56.947807721 UTC - from mc-5->source-5 "503" 19:15:56.946748945
[2023-07-15T19:15:59Z INFO  dt_instance] received at 2023-07-15 19:15:59.453264555 UTC - from mc-5->source-5 "508" 19:15:59.452215484
[2023-07-15T19:16:01Z INFO  dt_instance] received at 2023-07-15 19:16:01.958496113 UTC - from mc-5->source-5 "513" 19:16:01.957656308
[2023-07-15T19:16:04Z INFO  dt_instance] received at 2023-07-15 19:16:04.465074574 UTC - from mc-5->source-5 "518" 19:16:04.464072259
[2023-07-15T19:16:06Z INFO  dt_instance] received at 2023-07-15 19:16:06.973634635 UTC - from mc-5->source-5 "523" 19:16:06.972407945
[2023-07-15T19:16:09Z INFO  dt_instance] received at 2023-07-15 19:16:09.478436322 UTC - from mc-5->source-5 "528" 19:16:09.477247328
[2023-07-15T19:16:11Z INFO  dt_instance] received at 2023-07-15 19:16:11.983408945 UTC - from mc-5->source-5 "533" 19:16:11.982241593
[2023-07-15T19:16:14Z INFO  dt_instance] received at 2023-07-15 19:16:14.490971312 UTC - from mc-5->source-5 "538" 19:16:14.487541944
[2023-07-15T19:16:16Z INFO  dt_instance] received at 2023-07-15 19:16:16.993648153 UTC - from mc-5->source-5 "543" 19:16:16.992539797
[2023-07-15T19:16:19Z INFO  dt_instance] received at 2023-07-15 19:16:19.497505361 UTC - from mc-5->source-5 "548" 19:16:19.496891491
[2023-07-15T19:16:22Z INFO  dt_instance] received at 2023-07-15 19:16:22.004427743 UTC - from mc-5->source-5 "553" 19:16:22.003003848
[2023-07-15T19:16:24Z INFO  dt_instance] received at 2023-07-15 19:16:24.510820939 UTC - from mc-5->source-5 "558" 19:16:24.510014039
[2023-07-15T19:16:27Z INFO  dt_instance] received at 2023-07-15 19:16:27.017298641 UTC - from mc-5->source-5 "563" 19:16:27.015746313
[2023-07-15T19:16:29Z INFO  dt_instance] received at 2023-07-15 19:16:29.523217374 UTC - from mc-5->source-5 "568" 19:16:29.522052332
[2023-07-15T19:16:32Z INFO  dt_instance] received at 2023-07-15 19:16:32.029301467 UTC - from mc-5->source-5 "573" 19:16:32.027735090
[2023-07-15T19:16:34Z INFO  dt_instance] received at 2023-07-15 19:16:34.535796392 UTC - from mc-5->source-5 "578" 19:16:34.534775596
[2023-07-15T19:16:37Z INFO  dt_instance] received at 2023-07-15 19:16:37.042520839 UTC - from mc-5->source-5 "583" 19:16:37.041628697
[2023-07-15T19:16:39Z INFO  dt_instance] received at 2023-07-15 19:16:39.548045651 UTC - from mc-5->source-5 "588" 19:16:39.547043937
[2023-07-15T19:16:42Z INFO  dt_instance] received at 2023-07-15 19:16:42.056673025 UTC - from mc-5->source-5 "593" 19:16:42.053634419
[2023-07-15T19:16:44Z INFO  dt_instance] received at 2023-07-15 19:16:44.560712079 UTC - from mc-5->source-5 "598" 19:16:44.559660156
[2023-07-15T19:16:47Z INFO  dt_instance] received at 2023-07-15 19:16:47.065165394 UTC - from mc-5->source-5 "603" 19:16:47.064320819
[2023-07-15T19:16:49Z INFO  dt_instance] received at 2023-07-15 19:16:49.570567728 UTC - from mc-5->source-5 "608" 19:16:49.569110808
[2023-07-15T19:16:52Z INFO  dt_instance] received at 2023-07-15 19:16:52.075443305 UTC - from mc-5->source-5 "613" 19:16:52.074058944
[2023-07-15T19:16:54Z INFO  dt_instance] received at 2023-07-15 19:16:54.582830160 UTC - from mc-5->source-5 "618" 19:16:54.582150298
[2023-07-15T19:16:57Z INFO  dt_instance] received at 2023-07-15 19:16:57.088631283 UTC - from mc-5->source-5 "623" 19:16:57.087675386
[2023-07-15T19:16:59Z INFO  dt_instance] received at 2023-07-15 19:16:59.594029799 UTC - from mc-5->source-5 "628" 19:16:59.593055584
[2023-07-15T19:17:02Z INFO  dt_instance] received at 2023-07-15 19:17:02.099187727 UTC - from mc-5->source-5 "633" 19:17:02.098201843
[2023-07-15T19:17:04Z INFO  dt_instance] received at 2023-07-15 19:17:04.604402984 UTC - from mc-5->source-5 "638" 19:17:04.603447302
[2023-07-15T19:17:07Z INFO  dt_instance] received at 2023-07-15 19:17:07.110036619 UTC - from mc-5->source-5 "643" 19:17:07.109103165
[2023-07-15T19:17:09Z INFO  dt_instance] received at 2023-07-15 19:17:09.614990882 UTC - from mc-5->source-5 "648" 19:17:09.613962502
[2023-07-15T19:17:12Z INFO  dt_instance] received at 2023-07-15 19:17:12.121565032 UTC - from mc-5->source-5 "653" 19:17:12.120192031
[2023-07-15T19:17:14Z INFO  dt_instance] received at 2023-07-15 19:17:14.626580200 UTC - from mc-5->source-5 "658" 19:17:14.625810131
[2023-07-15T19:17:17Z INFO  dt_instance] received at 2023-07-15 19:17:17.135372438 UTC - from mc-5->source-5 "663" 19:17:17.131749072
[2023-07-15T19:17:19Z INFO  dt_instance] received at 2023-07-15 19:17:19.638051507 UTC - from mc-5->source-5 "668" 19:17:19.637312166
[2023-07-15T19:17:22Z INFO  dt_instance] received at 2023-07-15 19:17:22.145810906 UTC - from mc-5->source-5 "673" 19:17:22.143790969
[2023-07-15T19:17:24Z INFO  dt_instance] received at 2023-07-15 19:17:24.652417900 UTC - from mc-5->source-5 "678" 19:17:24.651500571
[2023-07-15T19:17:27Z INFO  dt_instance] received at 2023-07-15 19:17:27.157635828 UTC - from mc-5->source-5 "683" 19:17:27.156841324
[2023-07-15T19:17:29Z INFO  dt_instance] received at 2023-07-15 19:17:29.675163918 UTC - from mc-5->source-5 "688" 19:17:29.674054549
[2023-07-15T19:17:32Z INFO  dt_instance] received at 2023-07-15 19:17:32.186992165 UTC - from mc-5->source-5 "693" 19:17:32.181478743
[2023-07-15T19:17:34Z INFO  dt_instance] received at 2023-07-15 19:17:34.688059134 UTC - from mc-5->source-5 "698" 19:17:34.686196393
[2023-07-15T19:17:37Z INFO  dt_instance] received at 2023-07-15 19:17:37.192572804 UTC - from mc-5->source-5 "703" 19:17:37.191577727
[2023-07-15T19:17:39Z INFO  dt_instance] received at 2023-07-15 19:17:39.697875349 UTC - from mc-5->source-5 "708" 19:17:39.696861895
[2023-07-15T19:17:42Z INFO  dt_instance] received at 2023-07-15 19:17:42.205334385 UTC - from mc-5->source-5 "713" 19:17:42.204484660
[2023-07-15T19:17:44Z INFO  dt_instance] received at 2023-07-15 19:17:44.712065556 UTC - from mc-5->source-5 "718" 19:17:44.711257432
[2023-07-15T19:17:47Z INFO  dt_instance] received at 2023-07-15 19:17:47.217484459 UTC - from mc-5->source-5 "723" 19:17:47.215929708
[2023-07-15T19:17:49Z INFO  dt_instance] received at 2023-07-15 19:17:49.722676 UTC - from mc-5->source-5 "728" 19:17:49.721845933
[2023-07-15T19:17:52Z INFO  dt_instance] received at 2023-07-15 19:17:52.228632760 UTC - from mc-5->source-5 "733" 19:17:52.227458681
[2023-07-15T19:17:54Z INFO  dt_instance] received at 2023-07-15 19:17:54.733722234 UTC - from mc-5->source-5 "738" 19:17:54.732709966
[2023-07-15T19:17:57Z INFO  dt_instance] received at 2023-07-15 19:17:57.239804851 UTC - from mc-5->source-5 "743" 19:17:57.238902990
[2023-07-15T19:17:59Z INFO  dt_instance] received at 2023-07-15 19:17:59.747447241 UTC - from mc-5->source-5 "748" 19:17:59.746163726
[2023-07-15T19:18:02Z INFO  dt_instance] received at 2023-07-15 19:18:02.251841463 UTC - from mc-5->source-5 "753" 19:18:02.251077595
[2023-07-15T19:18:04Z INFO  dt_instance] received at 2023-07-15 19:18:04.757793161 UTC - from mc-5->source-5 "758" 19:18:04.756710604
[2023-07-15T19:18:07Z INFO  dt_instance] received at 2023-07-15 19:18:07.264459337 UTC - from mc-5->source-5 "763" 19:18:07.263293615
[2023-07-15T19:18:09Z INFO  dt_instance] received at 2023-07-15 19:18:09.770457571 UTC - from mc-5->source-5 "768" 19:18:09.769295307
[2023-07-15T19:18:12Z INFO  dt_instance] received at 2023-07-15 19:18:12.276902454 UTC - from mc-5->source-5 "773" 19:18:12.274647969
[2023-07-15T19:18:14Z INFO  dt_instance] received at 2023-07-15 19:18:14.782142380 UTC - from mc-5->source-5 "778" 19:18:14.780807854
[2023-07-15T19:18:17Z INFO  dt_instance] received at 2023-07-15 19:18:17.288697396 UTC - from mc-5->source-5 "783" 19:18:17.287569414
[2023-07-15T19:18:19Z INFO  dt_instance] received at 2023-07-15 19:18:19.793022805 UTC - from mc-5->source-5 "788" 19:18:19.792159489
[2023-07-15T19:18:22Z INFO  dt_instance] received at 2023-07-15 19:18:22.297849761 UTC - from mc-5->source-5 "793" 19:18:22.296929196
[2023-07-15T19:18:24Z INFO  dt_instance] received at 2023-07-15 19:18:24.804153233 UTC - from mc-5->source-5 "798" 19:18:24.803096937
[2023-07-15T19:18:27Z INFO  dt_instance] received at 2023-07-15 19:18:27.309358407 UTC - from mc-5->source-5 "803" 19:18:27.308484625
[2023-07-15T19:18:29Z INFO  dt_instance] received at 2023-07-15 19:18:29.816526038 UTC - from mc-5->source-5 "808" 19:18:29.813105900
[2023-07-15T19:18:32Z INFO  dt_instance] received at 2023-07-15 19:18:32.318982383 UTC - from mc-5->source-5 "813" 19:18:32.318242925
[2023-07-15T19:18:34Z INFO  dt_instance] received at 2023-07-15 19:18:34.825693021 UTC - from mc-5->source-5 "818" 19:18:34.824411751
[2023-07-15T19:18:37Z INFO  dt_instance] received at 2023-07-15 19:18:37.331318642 UTC - from mc-5->source-5 "823" 19:18:37.330479252
[2023-07-15T19:18:39Z INFO  dt_instance] received at 2023-07-15 19:18:39.837434083 UTC - from mc-5->source-5 "828" 19:18:39.835372631
[2023-07-15T19:18:42Z INFO  dt_instance] received at 2023-07-15 19:18:42.342703794 UTC - from mc-5->source-5 "833" 19:18:42.341603798
[2023-07-15T19:18:44Z INFO  dt_instance] received at 2023-07-15 19:18:44.849952028 UTC - from mc-5->source-5 "838" 19:18:44.847714983
[2023-07-15T19:18:47Z INFO  dt_instance] received at 2023-07-15 19:18:47.355790382 UTC - from mc-5->source-5 "843" 19:18:47.354847732
[2023-07-15T19:18:49Z INFO  dt_instance] received at 2023-07-15 19:18:49.861678786 UTC - from mc-5->source-5 "848" 19:18:49.860069573
[2023-07-15T19:18:52Z INFO  dt_instance] received at 2023-07-15 19:18:52.367416524 UTC - from mc-5->source-5 "853" 19:18:52.365639394
[2023-07-15T19:18:54Z INFO  dt_instance] received at 2023-07-15 19:18:54.885288783 UTC - from mc-5->source-5 "858" 19:18:54.884449755
[2023-07-15T19:18:57Z INFO  dt_instance] received at 2023-07-15 19:18:57.390082736 UTC - from mc-5->source-5 "863" 19:18:57.389001120
[2023-07-15T19:18:59Z INFO  dt_instance] received at 2023-07-15 19:18:59.895843039 UTC - from mc-5->source-5 "868" 19:18:59.893960992
[2023-07-15T19:19:02Z INFO  dt_instance] received at 2023-07-15 19:19:02.400830098 UTC - from mc-5->source-5 "873" 19:19:02.399683449
[2023-07-15T19:19:04Z INFO  dt_instance] received at 2023-07-15 19:19:04.909535673 UTC - from mc-5->source-5 "878" 19:19:04.906005874
[2023-07-15T19:19:07Z INFO  dt_instance] received at 2023-07-15 19:19:07.412436839 UTC - from mc-5->source-5 "883" 19:19:07.411149594
[2023-07-15T19:19:09Z INFO  dt_instance] received at 2023-07-15 19:19:09.920719251 UTC - from mc-5->source-5 "888" 19:19:09.917800158
[2023-07-15T19:19:12Z INFO  dt_instance] received at 2023-07-15 19:19:12.428581031 UTC - from mc-5->source-5 "893" 19:19:12.424594520
[2023-07-15T19:19:14Z INFO  dt_instance] received at 2023-07-15 19:19:14.931583882 UTC - from mc-5->source-5 "898" 19:19:14.930729673
[2023-07-15T19:19:17Z INFO  dt_instance] received at 2023-07-15 19:19:17.438572667 UTC - from mc-5->source-5 "903" 19:19:17.437806270
[2023-07-15T19:19:19Z INFO  dt_instance] received at 2023-07-15 19:19:19.945130681 UTC - from mc-5->source-5 "908" 19:19:19.944199909
[2023-07-15T19:19:22Z INFO  dt_instance] received at 2023-07-15 19:19:22.480380920 UTC - from mc-5->source-5 "913" 19:19:22.450160273
[2023-07-15T19:19:24Z INFO  dt_instance] received at 2023-07-15 19:19:24.960504887 UTC - from mc-5->source-5 "918" 19:19:24.959464358
[2023-07-15T19:19:27Z INFO  dt_instance] received at 2023-07-15 19:19:27.467740522 UTC - from mc-5->source-5 "923" 19:19:27.466703294
[2023-07-15T19:19:29Z INFO  dt_instance] received at 2023-07-15 19:19:29.972908117 UTC - from mc-5->source-5 "928" 19:19:29.972127123
[2023-07-15T19:19:32Z INFO  dt_instance] received at 2023-07-15 19:19:32.492717147 UTC - from mc-5->source-5 "933" 19:19:32.479772465
[2023-07-15T19:19:34Z INFO  dt_instance] received at 2023-07-15 19:19:34.987420162 UTC - from mc-5->source-5 "938" 19:19:34.986049147
[2023-07-15T19:19:37Z INFO  dt_instance] received at 2023-07-15 19:19:37.493688392 UTC - from mc-5->source-5 "943" 19:19:37.492672866
[2023-07-15T19:19:40Z INFO  dt_instance] received at 2023-07-15 19:19:40.002315818 UTC - from mc-5->source-5 "948" 19:19:40.000705530
[2023-07-15T19:19:42Z INFO  dt_instance] received at 2023-07-15 19:19:42.510553274 UTC - from mc-5->source-5 "953" 19:19:42.508440227
[2023-07-15T19:19:45Z INFO  dt_instance] received at 2023-07-15 19:19:45.021741300 UTC - from mc-5->source-5 "958" 19:19:45.020121893
[2023-07-15T19:19:47Z INFO  dt_instance] received at 2023-07-15 19:19:47.526520340 UTC - from mc-5->source-5 "963" 19:19:47.525524987
[2023-07-15T19:19:50Z INFO  dt_instance] received at 2023-07-15 19:19:50.032095089 UTC - from mc-5->source-5 "968" 19:19:50.030974922
[2023-07-15T19:19:52Z INFO  dt_instance] received at 2023-07-15 19:19:52.543126842 UTC - from mc-5->source-5 "973" 19:19:52.537603546
[2023-07-15T19:19:55Z INFO  dt_instance] received at 2023-07-15 19:19:55.047578403 UTC - from mc-5->source-5 "978" 19:19:55.046385825
[2023-07-15T19:19:57Z INFO  dt_instance] received at 2023-07-15 19:19:57.557878068 UTC - from mc-5->source-5 "983" 19:19:57.555787538
[2023-07-15T19:20:00Z INFO  dt_instance] received at 2023-07-15 19:20:00.249890032 UTC - from mc-5->source-6 "986" 19:20:00.248377521
[2023-07-15T19:20:03Z INFO  dt_instance] received at 2023-07-15 19:20:03.496725101 UTC - from mc-5->source-7 "990" 19:20:03.492874886
[2023-07-15T19:20:10Z INFO  dt_instance] received at 2023-07-15 19:20:10.507133519 UTC - from mc-5->source-9 "999" 19:20:10.504984799
