[2023-07-15T19:06:10Z INFO  dt_instance] Current Twin: mc-twin-2
[2023-07-15T19:06:10Z INFO  dt_instance] Replica Name twin-mc-stateful-2
[2023-07-15T19:06:10Z INFO  dt_instance] Sleeping for 100
[2023-07-15T19:07:50Z INFO  dt_instance] Connecting to broker at emqx.dtwins:1883
[2023-07-15T19:07:50Z INFO  dt_instance] Loggin info each 50 messages
[2023-07-15T19:07:50Z INFO  dt_instance] Set max packet size to 60000 KB.
[2023-07-15T19:07:50Z INFO  dt_instance] Refreshing topics for twin - Listen to mc-2/#
[2023-07-15T19:07:50Z INFO  dt_instance] SubAck { pkid: 1, return_codes: [Success(ExactlyOnce)] }
[2023-07-15T19:09:00Z INFO  dt_instance] received at 2023-07-15 19:09:00.599278963 UTC - from mc-2->source-2 "9" 19:09:00.597622333
[2023-07-15T19:09:03Z INFO  dt_instance] received at 2023-07-15 19:09:03.855539863 UTC - from mc-2->source-3 "13" 19:09:03.853835889
[2023-07-15T19:09:06Z INFO  dt_instance] received at 2023-07-15 19:09:06.371273052 UTC - from mc-2->source-1 "23" 19:09:06.370071380
[2023-07-15T19:09:08Z INFO  dt_instance] received at 2023-07-15 19:09:08.877480998 UTC - from mc-2->source-1 "28" 19:09:08.876312796
[2023-07-15T19:09:11Z INFO  dt_instance] received at 2023-07-15 19:09:11.388368712 UTC - from mc-2->source-1 "33" 19:09:11.381339234
[2023-07-15T19:09:13Z INFO  dt_instance] received at 2023-07-15 19:09:13.889660270 UTC - from mc-2->source-3 "33" 19:09:13.887834667
[2023-07-15T19:09:16Z INFO  dt_instance] received at 2023-07-15 19:09:16.399866702 UTC - from mc-2->source-1 "43" 19:09:16.398398137
[2023-07-15T19:09:18Z INFO  dt_instance] received at 2023-07-15 19:09:18.906796627 UTC - from mc-2->source-3 "43" 19:09:18.904988875
[2023-07-15T19:09:21Z INFO  dt_instance] received at 2023-07-15 19:09:21.413118508 UTC - from mc-2->source-3 "48" 19:09:21.411344064
[2023-07-15T19:09:23Z INFO  dt_instance] received at 2023-07-15 19:09:23.926173915 UTC - from mc-2->source-1 "58" 19:09:23.924925077
[2023-07-15T19:09:26Z INFO  dt_instance] received at 2023-07-15 19:09:26.431662460 UTC - from mc-2->source-1 "63" 19:09:26.429552319
[2023-07-15T19:09:28Z INFO  dt_instance] received at 2023-07-15 19:09:28.937475884 UTC - from mc-2->source-3 "63" 19:09:28.935713296
[2023-07-15T19:09:31Z INFO  dt_instance] received at 2023-07-15 19:09:31.443295815 UTC - from mc-2->source-1 "73" 19:09:31.441024256
[2023-07-15T19:09:33Z INFO  dt_instance] received at 2023-07-15 19:09:33.948516030 UTC - from mc-2->source-1 "78" 19:09:33.946905435
[2023-07-15T19:09:36Z INFO  dt_instance] received at 2023-07-15 19:09:36.453179676 UTC - from mc-2->source-1 "83" 19:09:36.451904550
[2023-07-15T19:09:38Z INFO  dt_instance] received at 2023-07-15 19:09:38.959813861 UTC - from mc-2->source-3 "83" 19:09:38.957097120
[2023-07-15T19:09:41Z INFO  dt_instance] received at 2023-07-15 19:09:41.463796390 UTC - from mc-2->source-3 "88" 19:09:41.462534660
[2023-07-15T19:09:43Z INFO  dt_instance] received at 2023-07-15 19:09:43.969551257 UTC - from mc-2->source-1 "98" 19:09:43.967644804
[2023-07-15T19:09:46Z INFO  dt_instance] received at 2023-07-15 19:09:46.479397522 UTC - from mc-2->source-1 "103" 19:09:46.475544609
[2023-07-15T19:09:48Z INFO  dt_instance] received at 2023-07-15 19:09:48.982785438 UTC - from mc-2->source-1 "108" 19:09:48.980349132
[2023-07-15T19:09:51Z INFO  dt_instance] received at 2023-07-15 19:09:51.487881494 UTC - from mc-2->source-1 "113" 19:09:51.486494666
[2023-07-15T19:09:53Z INFO  dt_instance] received at 2023-07-15 19:09:53.993240923 UTC - from mc-2->source-1 "118" 19:09:53.991932726
[2023-07-15T19:09:56Z INFO  dt_instance] received at 2023-07-15 19:09:56.498797733 UTC - from mc-2->source-1 "123" 19:09:56.497173587
[2023-07-15T19:09:59Z INFO  dt_instance] received at 2023-07-15 19:09:59.002420362 UTC - from mc-2->source-3 "123" 19:09:59.001374824
[2023-07-15T19:10:01Z INFO  dt_instance] received at 2023-07-15 19:10:01.511733517 UTC - from mc-2->source-3 "128" 19:10:01.510423734
[2023-07-15T19:10:04Z INFO  dt_instance] received at 2023-07-15 19:10:04.018336436 UTC - from mc-2->source-3 "133" 19:10:04.016777173
[2023-07-15T19:10:06Z INFO  dt_instance] received at 2023-07-15 19:10:06.526265332 UTC - from mc-2->source-3 "138" 19:10:06.524481506
[2023-07-15T19:10:09Z INFO  dt_instance] received at 2023-07-15 19:10:09.031377021 UTC - from mc-2->source-1 "148" 19:10:09.029903484
[2023-07-15T19:10:11Z INFO  dt_instance] received at 2023-07-15 19:10:11.537056951 UTC - from mc-2->source-3 "148" 19:10:11.535489500
[2023-07-15T19:10:14Z INFO  dt_instance] received at 2023-07-15 19:10:14.046281697 UTC - from mc-2->source-1 "158" 19:10:14.045054704
[2023-07-15T19:10:16Z INFO  dt_instance] received at 2023-07-15 19:10:16.551035429 UTC - from mc-2->source-1 "163" 19:10:16.549648436
[2023-07-15T19:10:19Z INFO  dt_instance] received at 2023-07-15 19:10:19.055959711 UTC - from mc-2->source-1 "168" 19:10:19.054629415
[2023-07-15T19:10:21Z INFO  dt_instance] received at 2023-07-15 19:10:21.561316154 UTC - from mc-2->source-1 "173" 19:10:21.560007369
[2023-07-15T19:10:24Z INFO  dt_instance] received at 2023-07-15 19:10:24.067732431 UTC - from mc-2->source-1 "178" 19:10:24.066337582
[2023-07-15T19:10:26Z INFO  dt_instance] received at 2023-07-15 19:10:26.574410439 UTC - from mc-2->source-1 "183" 19:10:26.573155961
[2023-07-15T19:10:29Z INFO  dt_instance] received at 2023-07-15 19:10:29.079040413 UTC - from mc-2->source-1 "188" 19:10:29.077732295
[2023-07-15T19:10:31Z INFO  dt_instance] received at 2023-07-15 19:10:31.586989779 UTC - from mc-2->source-1 "193" 19:10:31.585354709
[2023-07-15T19:10:34Z INFO  dt_instance] received at 2023-07-15 19:10:34.092140709 UTC - from mc-2->source-1 "198" 19:10:34.090994700
[2023-07-15T19:10:36Z INFO  dt_instance] received at 2023-07-15 19:10:36.598280748 UTC - from mc-2->source-1 "203" 19:10:36.596333987
[2023-07-15T19:10:39Z INFO  dt_instance] received at 2023-07-15 19:10:39.103848906 UTC - from mc-2->source-1 "208" 19:10:39.102908002
[2023-07-15T19:10:41Z INFO  dt_instance] received at 2023-07-15 19:10:41.609872591 UTC - from mc-2->source-1 "213" 19:10:41.608580799
[2023-07-15T19:10:44Z INFO  dt_instance] received at 2023-07-15 19:10:44.114814483 UTC - from mc-2->source-1 "218" 19:10:44.113543601
[2023-07-15T19:10:46Z INFO  dt_instance] received at 2023-07-15 19:10:46.620366927 UTC - from mc-2->source-1 "223" 19:10:46.618977430
[2023-07-15T19:10:49Z INFO  dt_instance] received at 2023-07-15 19:10:49.128218968 UTC - from mc-2->source-1 "228" 19:10:49.124404356
[2023-07-15T19:10:51Z INFO  dt_instance] received at 2023-07-15 19:10:51.632343953 UTC - from mc-2->source-1 "233" 19:10:51.631094663
[2023-07-15T19:10:54Z INFO  dt_instance] received at 2023-07-15 19:10:54.137707009 UTC - from mc-2->source-1 "238" 19:10:54.136439295
[2023-07-15T19:10:56Z INFO  dt_instance] received at 2023-07-15 19:10:56.644873491 UTC - from mc-2->source-1 "243" 19:10:56.643135212
[2023-07-15T19:10:59Z INFO  dt_instance] received at 2023-07-15 19:10:59.149298818 UTC - from mc-2->source-1 "248" 19:10:59.147741316
[2023-07-15T19:11:01Z INFO  dt_instance] received at 2023-07-15 19:11:01.660806653 UTC - from mc-2->source-1 "253" 19:11:01.656285803
[2023-07-15T19:11:04Z INFO  dt_instance] received at 2023-07-15 19:11:04.162559961 UTC - from mc-2->source-1 "258" 19:11:04.161529288
[2023-07-15T19:11:06Z INFO  dt_instance] received at 2023-07-15 19:11:06.689683605 UTC - from mc-2->source-1 "263" 19:11:06.669113132
[2023-07-15T19:11:09Z INFO  dt_instance] received at 2023-07-15 19:11:09.175582285 UTC - from mc-2->source-1 "268" 19:11:09.174315893
[2023-07-15T19:11:11Z INFO  dt_instance] received at 2023-07-15 19:11:11.681634043 UTC - from mc-2->source-1 "273" 19:11:11.680144080
[2023-07-15T19:11:14Z INFO  dt_instance] received at 2023-07-15 19:11:14.187333205 UTC - from mc-2->source-1 "278" 19:11:14.185737925
[2023-07-15T19:11:16Z INFO  dt_instance] received at 2023-07-15 19:11:16.695013498 UTC - from mc-2->source-1 "283" 19:11:16.692190239
[2023-07-15T19:11:19Z INFO  dt_instance] received at 2023-07-15 19:11:19.200641439 UTC - from mc-2->source-3 "283" 19:11:19.199162293
[2023-07-15T19:11:21Z INFO  dt_instance] received at 2023-07-15 19:11:21.705903777 UTC - from mc-2->source-3 "288" 19:11:21.704503973
[2023-07-15T19:11:24Z INFO  dt_instance] received at 2023-07-15 19:11:24.212023885 UTC - from mc-2->source-1 "298" 19:11:24.210460606
[2023-07-15T19:11:26Z INFO  dt_instance] received at 2023-07-15 19:11:26.718149151 UTC - from mc-2->source-1 "303" 19:11:26.717065543
[2023-07-15T19:11:29Z INFO  dt_instance] received at 2023-07-15 19:11:29.224044383 UTC - from mc-2->source-1 "308" 19:11:29.222732217
[2023-07-15T19:11:31Z INFO  dt_instance] received at 2023-07-15 19:11:31.728730747 UTC - from mc-2->source-3 "308" 19:11:31.727584333
[2023-07-15T19:11:34Z INFO  dt_instance] received at 2023-07-15 19:11:34.235799692 UTC - from mc-2->source-1 "318" 19:11:34.234829420
[2023-07-15T19:11:36Z INFO  dt_instance] received at 2023-07-15 19:11:36.742007943 UTC - from mc-2->source-1 "323" 19:11:36.740944040
[2023-07-15T19:11:39Z INFO  dt_instance] received at 2023-07-15 19:11:39.248962180 UTC - from mc-2->source-5 "318" 19:11:39.245268537
[2023-07-15T19:11:41Z INFO  dt_instance] received at 2023-07-15 19:11:41.753706928 UTC - from mc-2->source-1 "333" 19:11:41.752528281
[2023-07-15T19:11:44Z INFO  dt_instance] received at 2023-07-15 19:11:44.261121137 UTC - from mc-2->source-3 "333" 19:11:44.259911380
[2023-07-15T19:11:46Z INFO  dt_instance] received at 2023-07-15 19:11:46.766683551 UTC - from mc-2->source-3 "338" 19:11:46.765348980
[2023-07-15T19:11:49Z INFO  dt_instance] received at 2023-07-15 19:11:49.273116612 UTC - from mc-2->source-3 "343" 19:11:49.271317721
[2023-07-15T19:11:51Z INFO  dt_instance] received at 2023-07-15 19:11:51.780042985 UTC - from mc-2->source-3 "348" 19:11:51.777799445
[2023-07-15T19:11:54Z INFO  dt_instance] received at 2023-07-15 19:11:54.285488719 UTC - from mc-2->source-3 "353" 19:11:54.283835511
[2023-07-15T19:11:56Z INFO  dt_instance] received at 2023-07-15 19:11:56.795590437 UTC - from mc-2->source-3 "358" 19:11:56.793319970
[2023-07-15T19:11:59Z INFO  dt_instance] received at 2023-07-15 19:11:59.301147168 UTC - from mc-2->source-1 "368" 19:11:59.299868137
[2023-07-15T19:12:01Z INFO  dt_instance] received at 2023-07-15 19:12:01.808300233 UTC - from mc-2->source-5 "363" 19:12:01.807549068
[2023-07-15T19:12:04Z INFO  dt_instance] received at 2023-07-15 19:12:04.314253912 UTC - from mc-2->source-5 "368" 19:12:04.313382248
[2023-07-15T19:12:06Z INFO  dt_instance] received at 2023-07-15 19:12:06.825770888 UTC - from mc-2->source-1 "383" 19:12:06.819872693
[2023-07-15T19:12:09Z INFO  dt_instance] received at 2023-07-15 19:12:09.337539678 UTC - from mc-2->source-1 "388" 19:12:09.329723422
[2023-07-15T19:12:11Z INFO  dt_instance] received at 2023-07-15 19:12:11.838423912 UTC - from mc-2->source-1 "393" 19:12:11.835552758
[2023-07-15T19:12:14Z INFO  dt_instance] received at 2023-07-15 19:12:14.341872448 UTC - from mc-2->source-1 "398" 19:12:14.340375909
[2023-07-15T19:12:16Z INFO  dt_instance] received at 2023-07-15 19:12:16.847912690 UTC - from mc-2->source-1 "403" 19:12:16.846719592
[2023-07-15T19:12:19Z INFO  dt_instance] received at 2023-07-15 19:12:19.353868338 UTC - from mc-2->source-1 "408" 19:12:19.352625253
[2023-07-15T19:12:21Z INFO  dt_instance] received at 2023-07-15 19:12:21.859544110 UTC - from mc-2->source-1 "413" 19:12:21.858285088
[2023-07-15T19:12:24Z INFO  dt_instance] received at 2023-07-15 19:12:24.367439050 UTC - from mc-2->source-5 "408" 19:12:24.366286390
[2023-07-15T19:12:26Z INFO  dt_instance] received at 2023-07-15 19:12:26.874750938 UTC - from mc-2->source-5 "413" 19:12:26.873432816
[2023-07-15T19:12:29Z INFO  dt_instance] received at 2023-07-15 19:12:29.380390718 UTC - from mc-2->source-5 "418" 19:12:29.379674262
[2023-07-15T19:12:31Z INFO  dt_instance] received at 2023-07-15 19:12:31.887151101 UTC - from mc-2->source-5 "423" 19:12:31.885872222
[2023-07-15T19:12:34Z INFO  dt_instance] received at 2023-07-15 19:12:34.393673941 UTC - from mc-2->source-5 "428" 19:12:34.392432431
[2023-07-15T19:12:36Z INFO  dt_instance] received at 2023-07-15 19:12:36.899217476 UTC - from mc-2->source-3 "438" 19:12:36.897608528
[2023-07-15T19:12:39Z INFO  dt_instance] received at 2023-07-15 19:12:39.405288546 UTC - from mc-2->source-3 "443" 19:12:39.404051951
[2023-07-15T19:12:41Z INFO  dt_instance] received at 2023-07-15 19:12:41.910111326 UTC - from mc-2->source-3 "448" 19:12:41.909110031
[2023-07-15T19:12:44Z INFO  dt_instance] received at 2023-07-15 19:12:44.417717651 UTC - from mc-2->source-3 "453" 19:12:44.416496506
[2023-07-15T19:12:46Z INFO  dt_instance] received at 2023-07-15 19:12:46.924050655 UTC - from mc-2->source-3 "458" 19:12:46.922664210
[2023-07-15T19:12:49Z INFO  dt_instance] received at 2023-07-15 19:12:49.432258141 UTC - from mc-2->source-3 "463" 19:12:49.427815897
[2023-07-15T19:12:51Z INFO  dt_instance] received at 2023-07-15 19:12:51.935140618 UTC - from mc-2->source-3 "468" 19:12:51.933963796
[2023-07-15T19:12:54Z INFO  dt_instance] received at 2023-07-15 19:12:54.440917315 UTC - from mc-2->source-3 "473" 19:12:54.439336859
[2023-07-15T19:12:56Z INFO  dt_instance] received at 2023-07-15 19:12:56.946379687 UTC - from mc-2->source-3 "478" 19:12:56.944848948
[2023-07-15T19:12:59Z INFO  dt_instance] received at 2023-07-15 19:12:59.450611898 UTC - from mc-2->source-3 "483" 19:12:59.449701067
[2023-07-15T19:13:01Z INFO  dt_instance] received at 2023-07-15 19:13:01.957676216 UTC - from mc-2->source-3 "488" 19:13:01.956645872
[2023-07-15T19:13:04Z INFO  dt_instance] received at 2023-07-15 19:13:04.464111564 UTC - from mc-2->source-3 "493" 19:13:04.462448183
[2023-07-15T19:13:06Z INFO  dt_instance] received at 2023-07-15 19:13:06.970330541 UTC - from mc-2->source-3 "498" 19:13:06.969172714
[2023-07-15T19:13:09Z INFO  dt_instance] received at 2023-07-15 19:13:09.477167871 UTC - from mc-2->source-3 "503" 19:13:09.475007248
[2023-07-15T19:13:11Z INFO  dt_instance] received at 2023-07-15 19:13:11.982312286 UTC - from mc-2->source-3 "508" 19:13:11.980839629
[2023-07-15T19:13:14Z INFO  dt_instance] received at 2023-07-15 19:13:14.490086296 UTC - from mc-2->source-3 "513" 19:13:14.485841558
[2023-07-15T19:13:16Z INFO  dt_instance] received at 2023-07-15 19:13:16.992414790 UTC - from mc-2->source-3 "518" 19:13:16.991396734
[2023-07-15T19:13:19Z INFO  dt_instance] received at 2023-07-15 19:13:19.498430178 UTC - from mc-2->source-3 "523" 19:13:19.497232396
[2023-07-15T19:13:22Z INFO  dt_instance] received at 2023-07-15 19:13:22.002849553 UTC - from mc-2->source-3 "528" 19:13:22.001611913
[2023-07-15T19:13:24Z INFO  dt_instance] received at 2023-07-15 19:13:24.508829262 UTC - from mc-2->source-3 "533" 19:13:24.507385763
[2023-07-15T19:13:27Z INFO  dt_instance] received at 2023-07-15 19:13:27.014273349 UTC - from mc-2->source-3 "538" 19:13:27.012929564
[2023-07-15T19:13:29Z INFO  dt_instance] received at 2023-07-15 19:13:29.519578540 UTC - from mc-2->source-3 "543" 19:13:29.517897693
[2023-07-15T19:13:32Z INFO  dt_instance] received at 2023-07-15 19:13:32.024402438 UTC - from mc-2->source-3 "548" 19:13:32.023183190
[2023-07-15T19:13:34Z INFO  dt_instance] received at 2023-07-15 19:13:34.528390282 UTC - from mc-2->source-3 "553" 19:13:34.527488596
[2023-07-15T19:13:37Z INFO  dt_instance] received at 2023-07-15 19:13:37.042369214 UTC - from mc-2->source-3 "558" 19:13:37.032446377
[2023-07-15T19:13:39Z INFO  dt_instance] received at 2023-07-15 19:13:39.539510624 UTC - from mc-2->source-7 "553" 19:13:39.537529256
[2023-07-15T19:13:42Z INFO  dt_instance] received at 2023-07-15 19:13:42.052351164 UTC - from mc-2->source-3 "568" 19:13:42.044309939
[2023-07-15T19:13:44Z INFO  dt_instance] received at 2023-07-15 19:13:44.554152119 UTC - from mc-2->source-3 "573" 19:13:44.552737966
[2023-07-15T19:13:47Z INFO  dt_instance] received at 2023-07-15 19:13:47.059610772 UTC - from mc-2->source-3 "578" 19:13:47.058160642
[2023-07-15T19:13:49Z INFO  dt_instance] received at 2023-07-15 19:13:49.564752801 UTC - from mc-2->source-1 "588" 19:13:49.563391189
[2023-07-15T19:13:52Z INFO  dt_instance] received at 2023-07-15 19:13:52.071636499 UTC - from mc-2->source-1 "593" 19:13:52.070158913
[2023-07-15T19:13:54Z INFO  dt_instance] received at 2023-07-15 19:13:54.575603184 UTC - from mc-2->source-1 "598" 19:13:54.574546682
[2023-07-15T19:13:57Z INFO  dt_instance] received at 2023-07-15 19:13:57.085084902 UTC - from mc-2->source-1 "603" 19:13:57.080982997
[2023-07-15T19:13:59Z INFO  dt_instance] received at 2023-07-15 19:13:59.586778087 UTC - from mc-2->source-1 "608" 19:13:59.585379161
[2023-07-15T19:14:02Z INFO  dt_instance] received at 2023-07-15 19:14:02.092963391 UTC - from mc-2->source-1 "613" 19:14:02.091836152
[2023-07-15T19:14:04Z INFO  dt_instance] received at 2023-07-15 19:14:04.598520847 UTC - from mc-2->source-1 "618" 19:14:04.597368292
[2023-07-15T19:14:07Z INFO  dt_instance] received at 2023-07-15 19:14:07.104068118 UTC - from mc-2->source-1 "623" 19:14:07.102412527
[2023-07-15T19:14:09Z INFO  dt_instance] received at 2023-07-15 19:14:09.608845347 UTC - from mc-2->source-1 "628" 19:14:09.607443955
[2023-07-15T19:14:12Z INFO  dt_instance] received at 2023-07-15 19:14:12.117874445 UTC - from mc-2->source-3 "628" 19:14:12.114088530
[2023-07-15T19:14:14Z INFO  dt_instance] received at 2023-07-15 19:14:14.621146173 UTC - from mc-2->source-7 "623" 19:14:14.619518306
[2023-07-15T19:14:17Z INFO  dt_instance] received at 2023-07-15 19:14:17.126577888 UTC - from mc-2->source-3 "638" 19:14:17.125364113
[2023-07-15T19:14:19Z INFO  dt_instance] received at 2023-07-15 19:14:19.634112189 UTC - from mc-2->source-3 "643" 19:14:19.633031333
[2023-07-15T19:14:22Z INFO  dt_instance] received at 2023-07-15 19:14:22.145245149 UTC - from mc-2->source-1 "653" 19:14:22.140577317
[2023-07-15T19:14:24Z INFO  dt_instance] received at 2023-07-15 19:14:24.647987884 UTC - from mc-2->source-1 "658" 19:14:24.646561304
[2023-07-15T19:14:27Z INFO  dt_instance] received at 2023-07-15 19:14:27.153419116 UTC - from mc-2->source-3 "658" 19:14:27.151544197
[2023-07-15T19:14:29Z INFO  dt_instance] received at 2023-07-15 19:14:29.660214998 UTC - from mc-2->source-1 "668" 19:14:29.658455366
[2023-07-15T19:14:32Z INFO  dt_instance] received at 2023-07-15 19:14:32.172094984 UTC - from mc-2->source-3 "668" 19:14:32.165098433
[2023-07-15T19:14:34Z INFO  dt_instance] received at 2023-07-15 19:14:34.674023330 UTC - from mc-2->source-7 "663" 19:14:34.672501616
[2023-07-15T19:14:37Z INFO  dt_instance] received at 2023-07-15 19:14:37.180080945 UTC - from mc-2->source-7 "668" 19:14:37.178420782
[2023-07-15T19:14:39Z INFO  dt_instance] received at 2023-07-15 19:14:39.686237442 UTC - from mc-2->source-7 "673" 19:14:39.684372668
[2023-07-15T19:14:42Z INFO  dt_instance] received at 2023-07-15 19:14:42.192443348 UTC - from mc-2->source-7 "678" 19:14:42.191256305
[2023-07-15T19:14:44Z INFO  dt_instance] received at 2023-07-15 19:14:44.699080867 UTC - from mc-2->source-7 "683" 19:14:44.697154668
[2023-07-15T19:14:47Z INFO  dt_instance] received at 2023-07-15 19:14:47.207797041 UTC - from mc-2->source-7 "688" 19:14:47.203464690
[2023-07-15T19:14:49Z INFO  dt_instance] received at 2023-07-15 19:14:49.709852091 UTC - from mc-2->source-7 "693" 19:14:49.708553396
[2023-07-15T19:14:52Z INFO  dt_instance] received at 2023-07-15 19:14:52.217536878 UTC - from mc-2->source-7 "698" 19:14:52.216130583
[2023-07-15T19:14:54Z INFO  dt_instance] received at 2023-07-15 19:14:54.724637218 UTC - from mc-2->source-7 "703" 19:14:54.723186570
[2023-07-15T19:14:57Z INFO  dt_instance] received at 2023-07-15 19:14:57.228449853 UTC - from mc-2->source-7 "708" 19:14:57.227387052
[2023-07-15T19:14:59Z INFO  dt_instance] received at 2023-07-15 19:14:59.736968307 UTC - from mc-2->source-7 "713" 19:14:59.735370213
[2023-07-15T19:15:02Z INFO  dt_instance] received at 2023-07-15 19:15:02.241898213 UTC - from mc-2->source-7 "718" 19:15:02.240963734
[2023-07-15T19:15:04Z INFO  dt_instance] received at 2023-07-15 19:15:04.747681976 UTC - from mc-2->source-7 "723" 19:15:04.746474691
[2023-07-15T19:15:07Z INFO  dt_instance] received at 2023-07-15 19:15:07.253651672 UTC - from mc-2->source-7 "728" 19:15:07.252689126
[2023-07-15T19:15:09Z INFO  dt_instance] received at 2023-07-15 19:15:09.759590092 UTC - from mc-2->source-7 "733" 19:15:09.758101021
[2023-07-15T19:15:12Z INFO  dt_instance] received at 2023-07-15 19:15:12.268540637 UTC - from mc-2->source-7 "738" 19:15:12.264961980
[2023-07-15T19:15:14Z INFO  dt_instance] received at 2023-07-15 19:15:14.771745414 UTC - from mc-2->source-7 "743" 19:15:14.770338468
[2023-07-15T19:15:17Z INFO  dt_instance] received at 2023-07-15 19:15:17.276804328 UTC - from mc-2->source-7 "748" 19:15:17.275568850
[2023-07-15T19:15:19Z INFO  dt_instance] received at 2023-07-15 19:15:19.782330010 UTC - from mc-2->source-7 "753" 19:15:19.780645388
[2023-07-15T19:15:22Z INFO  dt_instance] received at 2023-07-15 19:15:22.287456910 UTC - from mc-2->source-7 "758" 19:15:22.285741818
[2023-07-15T19:15:24Z INFO  dt_instance] received at 2023-07-15 19:15:24.792958920 UTC - from mc-2->source-7 "763" 19:15:24.791783388
[2023-07-15T19:15:27Z INFO  dt_instance] received at 2023-07-15 19:15:27.298943771 UTC - from mc-2->source-7 "768" 19:15:27.297435400
[2023-07-15T19:15:29Z INFO  dt_instance] received at 2023-07-15 19:15:29.805199583 UTC - from mc-2->source-7 "773" 19:15:29.802429471
[2023-07-15T19:15:32Z INFO  dt_instance] received at 2023-07-15 19:15:32.309256141 UTC - from mc-2->source-7 "778" 19:15:32.308278079
[2023-07-15T19:15:34Z INFO  dt_instance] received at 2023-07-15 19:15:34.815546657 UTC - from mc-2->source-7 "783" 19:15:34.814397238
[2023-07-15T19:15:37Z INFO  dt_instance] received at 2023-07-15 19:15:37.323153168 UTC - from mc-2->source-7 "788" 19:15:37.321703912
[2023-07-15T19:15:39Z INFO  dt_instance] received at 2023-07-15 19:15:39.828005656 UTC - from mc-2->source-7 "793" 19:15:39.826626248
[2023-07-15T19:15:42Z INFO  dt_instance] received at 2023-07-15 19:15:42.333241309 UTC - from mc-2->source-7 "798" 19:15:42.331813420
[2023-07-15T19:15:44Z INFO  dt_instance] received at 2023-07-15 19:15:44.840068373 UTC - from mc-2->source-7 "803" 19:15:44.836331959
[2023-07-15T19:15:47Z INFO  dt_instance] received at 2023-07-15 19:15:47.344378392 UTC - from mc-2->source-7 "808" 19:15:47.343337041
[2023-07-15T19:15:49Z INFO  dt_instance] received at 2023-07-15 19:15:49.851646474 UTC - from mc-2->source-7 "813" 19:15:49.849636275
[2023-07-15T19:15:52Z INFO  dt_instance] received at 2023-07-15 19:15:52.358144825 UTC - from mc-2->source-7 "818" 19:15:52.357047149
[2023-07-15T19:15:54Z INFO  dt_instance] received at 2023-07-15 19:15:54.862961412 UTC - from mc-2->source-7 "823" 19:15:54.861316863
[2023-07-15T19:15:57Z INFO  dt_instance] received at 2023-07-15 19:15:57.369858977 UTC - from mc-2->source-3 "838" 19:15:57.368094994
[2023-07-15T19:15:59Z INFO  dt_instance] received at 2023-07-15 19:15:59.877855481 UTC - from mc-2->source-3 "843" 19:15:59.873630495
[2023-07-15T19:16:02Z INFO  dt_instance] received at 2023-07-15 19:16:02.383251857 UTC - from mc-2->source-1 "853" 19:16:02.381647347
[2023-07-15T19:16:04Z INFO  dt_instance] received at 2023-07-15 19:16:04.908380227 UTC - from mc-2->source-7 "843" 19:16:04.885760098
[2023-07-15T19:16:07Z INFO  dt_instance] received at 2023-07-15 19:16:07.398262703 UTC - from mc-2->source-3 "858" 19:16:07.396186935
[2023-07-15T19:16:09Z INFO  dt_instance] received at 2023-07-15 19:16:09.906460937 UTC - from mc-2->source-3 "863" 19:16:09.904600302
[2023-07-15T19:16:12Z INFO  dt_instance] received at 2023-07-15 19:16:12.411608580 UTC - from mc-2->source-3 "868" 19:16:12.410482547
[2023-07-15T19:16:14Z INFO  dt_instance] received at 2023-07-15 19:16:14.921179379 UTC - from mc-2->source-1 "878" 19:16:14.916952460
[2023-07-15T19:16:17Z INFO  dt_instance] received at 2023-07-15 19:16:17.424756182 UTC - from mc-2->source-3 "878" 19:16:17.423017367
[2023-07-15T19:16:19Z INFO  dt_instance] received at 2023-07-15 19:16:19.931042712 UTC - from mc-2->source-3 "883" 19:16:19.929559222
[2023-07-15T19:16:22Z INFO  dt_instance] received at 2023-07-15 19:16:22.437074104 UTC - from mc-2->source-7 "878" 19:16:22.434508663
[2023-07-15T19:16:24Z INFO  dt_instance] received at 2023-07-15 19:16:24.942777782 UTC - from mc-2->source-1 "898" 19:16:24.941330826
[2023-07-15T19:16:27Z INFO  dt_instance] received at 2023-07-15 19:16:27.448589075 UTC - from mc-2->source-7 "888" 19:16:27.447125091
[2023-07-15T19:16:29Z INFO  dt_instance] received at 2023-07-15 19:16:29.963117682 UTC - from mc-2->source-3 "903" 19:16:29.959112095
[2023-07-15T19:16:32Z INFO  dt_instance] received at 2023-07-15 19:16:32.468191253 UTC - from mc-2->source-1 "913" 19:16:32.466620660
[2023-07-15T19:16:34Z INFO  dt_instance] received at 2023-07-15 19:16:34.973072195 UTC - from mc-2->source-3 "913" 19:16:34.971935752
[2023-07-15T19:16:37Z INFO  dt_instance] received at 2023-07-15 19:16:37.487086728 UTC - from mc-2->source-1 "923" 19:16:37.484982793
[2023-07-15T19:16:39Z INFO  dt_instance] received at 2023-07-15 19:16:39.994640543 UTC - from mc-2->source-7 "913" 19:16:39.992233638
[2023-07-15T19:16:42Z INFO  dt_instance] received at 2023-07-15 19:16:42.506129629 UTC - from mc-2->source-7 "918" 19:16:42.500997261
[2023-07-15T19:16:45Z INFO  dt_instance] received at 2023-07-15 19:16:45.008959805 UTC - from mc-2->source-3 "933" 19:16:45.006832977
[2023-07-15T19:16:47Z INFO  dt_instance] received at 2023-07-15 19:16:47.514909884 UTC - from mc-2->source-1 "943" 19:16:47.513428081
[2023-07-15T19:16:50Z INFO  dt_instance] received at 2023-07-15 19:16:50.020590510 UTC - from mc-2->source-1 "948" 19:16:50.019389872
[2023-07-15T19:16:52Z INFO  dt_instance] received at 2023-07-15 19:16:52.532828683 UTC - from mc-2->source-7 "938" 19:16:52.527390955
[2023-07-15T19:16:55Z INFO  dt_instance] received at 2023-07-15 19:16:55.034055956 UTC - from mc-2->source-7 "943" 19:16:55.032560850
[2023-07-15T19:16:57Z INFO  dt_instance] received at 2023-07-15 19:16:57.540495972 UTC - from mc-2->source-7 "948" 19:16:57.537883873
[2023-07-15T19:17:00Z INFO  dt_instance] received at 2023-07-15 19:17:00.052534444 UTC - from mc-2->source-7 "953" 19:17:00.042612536
[2023-07-15T19:17:02Z INFO  dt_instance] received at 2023-07-15 19:17:02.550142893 UTC - from mc-2->source-9 "953" 19:17:02.548797363
[2023-07-15T19:17:05Z INFO  dt_instance] received at 2023-07-15 19:17:05.057093008 UTC - from mc-2->source-3 "973" 19:17:05.055665209
[2023-07-15T19:17:07Z INFO  dt_instance] received at 2023-07-15 19:17:07.566702038 UTC - from mc-2->source-1 "983" 19:17:07.562060678
[2023-07-15T19:17:10Z INFO  dt_instance] received at 2023-07-15 19:17:10.070819959 UTC - from mc-2->source-1 "988" 19:17:10.069523416
[2023-07-15T19:17:12Z INFO  dt_instance] received at 2023-07-15 19:17:12.575734192 UTC - from mc-2->source-7 "978" 19:17:12.574385501
[2023-07-15T19:17:15Z INFO  dt_instance] received at 2023-07-15 19:17:15.299384888 UTC - from mc-2->source-6 "986" 19:17:15.297706077
[2023-07-15T19:17:18Z INFO  dt_instance] received at 2023-07-15 19:17:18.570995274 UTC - from mc-2->source-5 "995" 19:17:18.569722099
[2023-07-15T19:17:25Z INFO  dt_instance] received at 2023-07-15 19:17:25.607164860 UTC - from mc-2->source-9 "999" 19:17:25.603837183
