[2023-07-15T19:08:00Z INFO  dt_instance] Current Twin: mc-twin-24
[2023-07-15T19:08:00Z INFO  dt_instance] Replica Name twin-mc-stateful-24
[2023-07-15T19:08:00Z INFO  dt_instance] Sleeping for 1200
[2023-07-15T19:28:00Z INFO  dt_instance] Connecting to broker at emqx.dtwins:1883
[2023-07-15T19:28:00Z INFO  dt_instance] Loggin info each 50 messages
[2023-07-15T19:28:00Z INFO  dt_instance] Set max packet size to 60000 KB.
[2023-07-15T19:28:00Z INFO  dt_instance] Refreshing topics for twin - Listen to mc-24/#
[2023-07-15T19:28:00Z INFO  dt_instance] SubAck { pkid: 1, return_codes: [Success(ExactlyOnce)] }
[2023-07-15T19:29:01Z INFO  dt_instance] received at 2023-07-15 19:29:01.013658658 UTC - from mc-24->source-2 "9" 19:29:01.012368683
[2023-07-15T19:29:04Z INFO  dt_instance] received at 2023-07-15 19:29:04.269678789 UTC - from mc-24->source-3 "13" 19:29:04.267278896
[2023-07-15T19:29:06Z INFO  dt_instance] received at 2023-07-15 19:29:06.778894238 UTC - from mc-24->source-1 "23" 19:29:06.777986896
[2023-07-15T19:29:09Z INFO  dt_instance] received at 2023-07-15 19:29:09.285679979 UTC - from mc-24->source-1 "28" 19:29:09.284016292
[2023-07-15T19:29:11Z INFO  dt_instance] received at 2023-07-15 19:29:11.791556903 UTC - from mc-24->source-1 "33" 19:29:11.790167496
[2023-07-15T19:29:14Z INFO  dt_instance] received at 2023-07-15 19:29:14.296794095 UTC - from mc-24->source-1 "38" 19:29:14.295252451
[2023-07-15T19:29:16Z INFO  dt_instance] received at 2023-07-15 19:29:16.803161700 UTC - from mc-24->source-1 "43" 19:29:16.802112477
[2023-07-15T19:29:19Z INFO  dt_instance] received at 2023-07-15 19:29:19.309969372 UTC - from mc-24->source-1 "48" 19:29:19.307861934
[2023-07-15T19:29:21Z INFO  dt_instance] received at 2023-07-15 19:29:21.816367215 UTC - from mc-24->source-1 "53" 19:29:21.814464076
[2023-07-15T19:29:24Z INFO  dt_instance] received at 2023-07-15 19:29:24.322741730 UTC - from mc-24->source-1 "58" 19:29:24.320388928
[2023-07-15T19:29:26Z INFO  dt_instance] received at 2023-07-15 19:29:26.826600607 UTC - from mc-24->source-1 "63" 19:29:26.825126436
[2023-07-15T19:29:29Z INFO  dt_instance] received at 2023-07-15 19:29:29.331637642 UTC - from mc-24->source-1 "68" 19:29:29.330553161
[2023-07-15T19:29:31Z INFO  dt_instance] received at 2023-07-15 19:29:31.838502104 UTC - from mc-24->source-1 "73" 19:29:31.836201841
[2023-07-15T19:29:34Z INFO  dt_instance] received at 2023-07-15 19:29:34.343985907 UTC - from mc-24->source-1 "78" 19:29:34.342382004
[2023-07-15T19:29:36Z INFO  dt_instance] received at 2023-07-15 19:29:36.850142884 UTC - from mc-24->source-1 "83" 19:29:36.848375645
[2023-07-15T19:29:39Z INFO  dt_instance] received at 2023-07-15 19:29:39.355616562 UTC - from mc-24->source-1 "88" 19:29:39.354408831
[2023-07-15T19:29:41Z INFO  dt_instance] received at 2023-07-15 19:29:41.864197687 UTC - from mc-24->source-1 "93" 19:29:41.862313811
[2023-07-15T19:29:44Z INFO  dt_instance] received at 2023-07-15 19:29:44.369373380 UTC - from mc-24->source-1 "98" 19:29:44.368159493
[2023-07-15T19:29:46Z INFO  dt_instance] received at 2023-07-15 19:29:46.877198982 UTC - from mc-24->source-1 "103" 19:29:46.875845552
[2023-07-15T19:29:49Z INFO  dt_instance] received at 2023-07-15 19:29:49.385124853 UTC - from mc-24->source-1 "108" 19:29:49.381096037
[2023-07-15T19:29:51Z INFO  dt_instance] received at 2023-07-15 19:29:51.887557826 UTC - from mc-24->source-1 "113" 19:29:51.886450979
[2023-07-15T19:29:54Z INFO  dt_instance] received at 2023-07-15 19:29:54.393563009 UTC - from mc-24->source-1 "118" 19:29:54.391336429
[2023-07-15T19:29:56Z INFO  dt_instance] received at 2023-07-15 19:29:56.897696479 UTC - from mc-24->source-1 "123" 19:29:56.896494290
[2023-07-15T19:29:59Z INFO  dt_instance] received at 2023-07-15 19:29:59.404400813 UTC - from mc-24->source-1 "128" 19:29:59.403112212
[2023-07-15T19:30:01Z INFO  dt_instance] received at 2023-07-15 19:30:01.909480196 UTC - from mc-24->source-1 "133" 19:30:01.908283777
[2023-07-15T19:30:04Z INFO  dt_instance] received at 2023-07-15 19:30:04.415890980 UTC - from mc-24->source-1 "138" 19:30:04.414677485
[2023-07-15T19:30:06Z INFO  dt_instance] received at 2023-07-15 19:30:06.926620567 UTC - from mc-24->source-1 "143" 19:30:06.924200062
[2023-07-15T19:30:09Z INFO  dt_instance] received at 2023-07-15 19:30:09.432504980 UTC - from mc-24->source-5 "138" 19:30:09.430977584
[2023-07-15T19:30:11Z INFO  dt_instance] received at 2023-07-15 19:30:11.936679210 UTC - from mc-24->source-5 "143" 19:30:11.935428718
[2023-07-15T19:30:14Z INFO  dt_instance] received at 2023-07-15 19:30:14.447578279 UTC - from mc-24->source-3 "153" 19:30:14.442532780
[2023-07-15T19:30:16Z INFO  dt_instance] received at 2023-07-15 19:30:16.951672998 UTC - from mc-24->source-5 "153" 19:30:16.950332946
[2023-07-15T19:30:19Z INFO  dt_instance] received at 2023-07-15 19:30:19.490419622 UTC - from mc-24->source-1 "168" 19:30:19.489410647
[2023-07-15T19:30:21Z INFO  dt_instance] received at 2023-07-15 19:30:21.996216214 UTC - from mc-24->source-1 "173" 19:30:21.995131502
[2023-07-15T19:30:24Z INFO  dt_instance] received at 2023-07-15 19:30:24.509109581 UTC - from mc-24->source-1 "178" 19:30:24.507895594
[2023-07-15T19:30:27Z INFO  dt_instance] received at 2023-07-15 19:30:27.014151185 UTC - from mc-24->source-1 "183" 19:30:27.012592137
[2023-07-15T19:30:29Z INFO  dt_instance] received at 2023-07-15 19:30:29.518873053 UTC - from mc-24->source-1 "188" 19:30:29.517777300
[2023-07-15T19:30:32Z INFO  dt_instance] received at 2023-07-15 19:30:32.023998930 UTC - from mc-24->source-1 "193" 19:30:32.022818514
[2023-07-15T19:30:34Z INFO  dt_instance] received at 2023-07-15 19:30:34.531104057 UTC - from mc-24->source-1 "198" 19:30:34.529548325
[2023-07-15T19:30:37Z INFO  dt_instance] received at 2023-07-15 19:30:37.035255498 UTC - from mc-24->source-1 "203" 19:30:37.034183778
[2023-07-15T19:30:39Z INFO  dt_instance] received at 2023-07-15 19:30:39.541984435 UTC - from mc-24->source-1 "208" 19:30:39.540856672
[2023-07-15T19:30:42Z INFO  dt_instance] received at 2023-07-15 19:30:42.049756184 UTC - from mc-24->source-1 "213" 19:30:42.048256184
[2023-07-15T19:30:44Z INFO  dt_instance] received at 2023-07-15 19:30:44.555171269 UTC - from mc-24->source-1 "218" 19:30:44.553222647
[2023-07-15T19:30:47Z INFO  dt_instance] received at 2023-07-15 19:30:47.059645983 UTC - from mc-24->source-1 "223" 19:30:47.058246485
[2023-07-15T19:30:49Z INFO  dt_instance] received at 2023-07-15 19:30:49.565341260 UTC - from mc-24->source-1 "228" 19:30:49.563688791
[2023-07-15T19:30:52Z INFO  dt_instance] received at 2023-07-15 19:30:52.069765383 UTC - from mc-24->source-1 "233" 19:30:52.068653079
[2023-07-15T19:30:54Z INFO  dt_instance] received at 2023-07-15 19:30:54.574695038 UTC - from mc-24->source-1 "238" 19:30:54.573535833
[2023-07-15T19:30:57Z INFO  dt_instance] received at 2023-07-15 19:30:57.080286548 UTC - from mc-24->source-1 "243" 19:30:57.079117686
[2023-07-15T19:30:59Z INFO  dt_instance] received at 2023-07-15 19:30:59.586161577 UTC - from mc-24->source-1 "248" 19:30:59.585117554
[2023-07-15T19:31:02Z INFO  dt_instance] received at 2023-07-15 19:31:02.092884408 UTC - from mc-24->source-1 "253" 19:31:02.091670002
[2023-07-15T19:31:04Z INFO  dt_instance] received at 2023-07-15 19:31:04.597649344 UTC - from mc-24->source-1 "258" 19:31:04.596356671
[2023-07-15T19:31:07Z INFO  dt_instance] received at 2023-07-15 19:31:07.103211592 UTC - from mc-24->source-1 "263" 19:31:07.101988418
[2023-07-15T19:31:09Z INFO  dt_instance] received at 2023-07-15 19:31:09.608446639 UTC - from mc-24->source-1 "268" 19:31:09.607370581
[2023-07-15T19:31:12Z INFO  dt_instance] received at 2023-07-15 19:31:12.116899163 UTC - from mc-24->source-1 "273" 19:31:12.112821899
[2023-07-15T19:31:14Z INFO  dt_instance] received at 2023-07-15 19:31:14.619051669 UTC - from mc-24->source-1 "278" 19:31:14.617478470
[2023-07-15T19:31:17Z INFO  dt_instance] received at 2023-07-15 19:31:17.124616808 UTC - from mc-24->source-1 "283" 19:31:17.123030836
[2023-07-15T19:31:19Z INFO  dt_instance] received at 2023-07-15 19:31:19.630666901 UTC - from mc-24->source-1 "288" 19:31:19.628670035
[2023-07-15T19:31:22Z INFO  dt_instance] received at 2023-07-15 19:31:22.134770455 UTC - from mc-24->source-1 "293" 19:31:22.133734792
[2023-07-15T19:31:24Z INFO  dt_instance] received at 2023-07-15 19:31:24.639990355 UTC - from mc-24->source-1 "298" 19:31:24.638633540
[2023-07-15T19:31:27Z INFO  dt_instance] received at 2023-07-15 19:31:27.148280621 UTC - from mc-24->source-1 "303" 19:31:27.144506487
[2023-07-15T19:31:29Z INFO  dt_instance] received at 2023-07-15 19:31:29.652053405 UTC - from mc-24->source-1 "308" 19:31:29.651042826
[2023-07-15T19:31:32Z INFO  dt_instance] received at 2023-07-15 19:31:32.157100831 UTC - from mc-24->source-1 "313" 19:31:32.155482363
[2023-07-15T19:31:34Z INFO  dt_instance] received at 2023-07-15 19:31:34.667430311 UTC - from mc-24->source-1 "318" 19:31:34.666017412
[2023-07-15T19:31:37Z INFO  dt_instance] received at 2023-07-15 19:31:37.176658504 UTC - from mc-24->source-1 "323" 19:31:37.173058616
[2023-07-15T19:31:39Z INFO  dt_instance] received at 2023-07-15 19:31:39.679579862 UTC - from mc-24->source-1 "328" 19:31:39.678294075
[2023-07-15T19:31:42Z INFO  dt_instance] received at 2023-07-15 19:31:42.184466411 UTC - from mc-24->source-1 "333" 19:31:42.183388043
[2023-07-15T19:31:44Z INFO  dt_instance] received at 2023-07-15 19:31:44.690149336 UTC - from mc-24->source-1 "338" 19:31:44.688859931
[2023-07-15T19:31:47Z INFO  dt_instance] received at 2023-07-15 19:31:47.195285456 UTC - from mc-24->source-1 "343" 19:31:47.193529371
[2023-07-15T19:31:49Z INFO  dt_instance] received at 2023-07-15 19:31:49.707032794 UTC - from mc-24->source-1 "348" 19:31:49.705561931
[2023-07-15T19:31:52Z INFO  dt_instance] received at 2023-07-15 19:31:52.213033656 UTC - from mc-24->source-1 "353" 19:31:52.211462105
[2023-07-15T19:31:54Z INFO  dt_instance] received at 2023-07-15 19:31:54.718205612 UTC - from mc-24->source-1 "358" 19:31:54.716793429
[2023-07-15T19:31:57Z INFO  dt_instance] received at 2023-07-15 19:31:57.223490590 UTC - from mc-24->source-1 "363" 19:31:57.222405486
[2023-07-15T19:31:59Z INFO  dt_instance] received at 2023-07-15 19:31:59.729694251 UTC - from mc-24->source-1 "368" 19:31:59.727491143
[2023-07-15T19:32:02Z INFO  dt_instance] received at 2023-07-15 19:32:02.236448736 UTC - from mc-24->source-1 "373" 19:32:02.232278483
[2023-07-15T19:32:04Z INFO  dt_instance] received at 2023-07-15 19:32:04.738891658 UTC - from mc-24->source-1 "378" 19:32:04.737804185
[2023-07-15T19:32:07Z INFO  dt_instance] received at 2023-07-15 19:32:07.243534019 UTC - from mc-24->source-1 "383" 19:32:07.242524773
[2023-07-15T19:32:09Z INFO  dt_instance] received at 2023-07-15 19:32:09.748874171 UTC - from mc-24->source-1 "388" 19:32:09.747924195
[2023-07-15T19:32:12Z INFO  dt_instance] received at 2023-07-15 19:32:12.261927420 UTC - from mc-24->source-1 "393" 19:32:12.261077687
[2023-07-15T19:32:14Z INFO  dt_instance] received at 2023-07-15 19:32:14.768155597 UTC - from mc-24->source-1 "398" 19:32:14.766713031
[2023-07-15T19:32:17Z INFO  dt_instance] received at 2023-07-15 19:32:17.274242780 UTC - from mc-24->source-1 "403" 19:32:17.271545139
[2023-07-15T19:32:19Z INFO  dt_instance] received at 2023-07-15 19:32:19.777663376 UTC - from mc-24->source-1 "408" 19:32:19.776340432
[2023-07-15T19:32:22Z INFO  dt_instance] received at 2023-07-15 19:32:22.283912668 UTC - from mc-24->source-1 "413" 19:32:22.282517676
[2023-07-15T19:32:24Z INFO  dt_instance] received at 2023-07-15 19:32:24.788746844 UTC - from mc-24->source-1 "418" 19:32:24.787244911
[2023-07-15T19:32:27Z INFO  dt_instance] received at 2023-07-15 19:32:27.295834353 UTC - from mc-24->source-1 "423" 19:32:27.293287777
[2023-07-15T19:32:29Z INFO  dt_instance] received at 2023-07-15 19:32:29.800710951 UTC - from mc-24->source-1 "428" 19:32:29.799483399
[2023-07-15T19:32:32Z INFO  dt_instance] received at 2023-07-15 19:32:32.307377860 UTC - from mc-24->source-1 "433" 19:32:32.305856970
[2023-07-15T19:32:34Z INFO  dt_instance] received at 2023-07-15 19:32:34.818533780 UTC - from mc-24->source-1 "438" 19:32:34.813089644
[2023-07-15T19:32:37Z INFO  dt_instance] received at 2023-07-15 19:32:37.319618200 UTC - from mc-24->source-1 "443" 19:32:37.318349504
[2023-07-15T19:32:39Z INFO  dt_instance] received at 2023-07-15 19:32:39.824674762 UTC - from mc-24->source-1 "448" 19:32:39.823121795
[2023-07-15T19:32:42Z INFO  dt_instance] received at 2023-07-15 19:32:42.331247056 UTC - from mc-24->source-1 "453" 19:32:42.329615503
[2023-07-15T19:32:44Z INFO  dt_instance] received at 2023-07-15 19:32:44.836986142 UTC - from mc-24->source-1 "458" 19:32:44.835858036
[2023-07-15T19:32:47Z INFO  dt_instance] received at 2023-07-15 19:32:47.341924257 UTC - from mc-24->source-1 "463" 19:32:47.340644402
[2023-07-15T19:32:49Z INFO  dt_instance] received at 2023-07-15 19:32:49.846465121 UTC - from mc-24->source-1 "468" 19:32:49.845235940
[2023-07-15T19:32:52Z INFO  dt_instance] received at 2023-07-15 19:32:52.351825069 UTC - from mc-24->source-1 "473" 19:32:52.350238716
[2023-07-15T19:32:54Z INFO  dt_instance] received at 2023-07-15 19:32:54.858409647 UTC - from mc-24->source-1 "478" 19:32:54.857123313
[2023-07-15T19:32:57Z INFO  dt_instance] received at 2023-07-15 19:32:57.363509642 UTC - from mc-24->source-1 "483" 19:32:57.362217819
[2023-07-15T19:32:59Z INFO  dt_instance] received at 2023-07-15 19:32:59.874562981 UTC - from mc-24->source-1 "488" 19:32:59.869698731
[2023-07-15T19:33:02Z INFO  dt_instance] received at 2023-07-15 19:33:02.375883129 UTC - from mc-24->source-1 "493" 19:33:02.374440576
[2023-07-15T19:33:04Z INFO  dt_instance] received at 2023-07-15 19:33:04.881031747 UTC - from mc-24->source-1 "498" 19:33:04.879193457
[2023-07-15T19:33:07Z INFO  dt_instance] received at 2023-07-15 19:33:07.387946303 UTC - from mc-24->source-1 "503" 19:33:07.386150384
[2023-07-15T19:33:09Z INFO  dt_instance] received at 2023-07-15 19:33:09.893369680 UTC - from mc-24->source-1 "508" 19:33:09.891854379
[2023-07-15T19:33:12Z INFO  dt_instance] received at 2023-07-15 19:33:12.400913145 UTC - from mc-24->source-1 "513" 19:33:12.398985807
[2023-07-15T19:33:14Z INFO  dt_instance] received at 2023-07-15 19:33:14.907870977 UTC - from mc-24->source-1 "518" 19:33:14.904160159
[2023-07-15T19:33:17Z INFO  dt_instance] received at 2023-07-15 19:33:17.411217639 UTC - from mc-24->source-1 "523" 19:33:17.409935477
[2023-07-15T19:33:19Z INFO  dt_instance] received at 2023-07-15 19:33:19.916509602 UTC - from mc-24->source-1 "528" 19:33:19.914443045
[2023-07-15T19:33:22Z INFO  dt_instance] received at 2023-07-15 19:33:22.425555739 UTC - from mc-24->source-1 "533" 19:33:22.424183511
[2023-07-15T19:33:24Z INFO  dt_instance] received at 2023-07-15 19:33:24.931155852 UTC - from mc-24->source-1 "538" 19:33:24.929904280
[2023-07-15T19:33:27Z INFO  dt_instance] received at 2023-07-15 19:33:27.436174478 UTC - from mc-24->source-1 "543" 19:33:27.434686622
[2023-07-15T19:33:29Z INFO  dt_instance] received at 2023-07-15 19:33:29.942091326 UTC - from mc-24->source-1 "548" 19:33:29.941004336
[2023-07-15T19:33:32Z INFO  dt_instance] received at 2023-07-15 19:33:32.447240358 UTC - from mc-24->source-1 "553" 19:33:32.445816230
[2023-07-15T19:33:34Z INFO  dt_instance] received at 2023-07-15 19:33:34.953161659 UTC - from mc-24->source-1 "558" 19:33:34.951575542
[2023-07-15T19:33:37Z INFO  dt_instance] received at 2023-07-15 19:33:37.458739579 UTC - from mc-24->source-1 "563" 19:33:37.457589256
[2023-07-15T19:33:39Z INFO  dt_instance] received at 2023-07-15 19:33:39.965968257 UTC - from mc-24->source-5 "558" 19:33:39.964377449
[2023-07-15T19:33:42Z INFO  dt_instance] received at 2023-07-15 19:33:42.471880536 UTC - from mc-24->source-1 "573" 19:33:42.470088976
[2023-07-15T19:33:44Z INFO  dt_instance] received at 2023-07-15 19:33:44.977347736 UTC - from mc-24->source-5 "568" 19:33:44.976014598
[2023-07-15T19:33:47Z INFO  dt_instance] received at 2023-07-15 19:33:47.483046447 UTC - from mc-24->source-7 "568" 19:33:47.481912449
[2023-07-15T19:33:49Z INFO  dt_instance] received at 2023-07-15 19:33:49.988230729 UTC - from mc-24->source-7 "573" 19:33:49.987167998
[2023-07-15T19:33:52Z INFO  dt_instance] received at 2023-07-15 19:33:52.494417775 UTC - from mc-24->source-1 "593" 19:33:52.492167302
[2023-07-15T19:33:55Z INFO  dt_instance] received at 2023-07-15 19:33:55.000778886 UTC - from mc-24->source-1 "598" 19:33:54.999227641
[2023-07-15T19:33:57Z INFO  dt_instance] received at 2023-07-15 19:33:57.506306234 UTC - from mc-24->source-1 "603" 19:33:57.504958187
[2023-07-15T19:34:00Z INFO  dt_instance] received at 2023-07-15 19:34:00.011292903 UTC - from mc-24->source-5 "598" 19:34:00.009635452
[2023-07-15T19:34:02Z INFO  dt_instance] received at 2023-07-15 19:34:02.515822403 UTC - from mc-24->source-1 "613" 19:34:02.514592582
[2023-07-15T19:34:05Z INFO  dt_instance] received at 2023-07-15 19:34:05.022672087 UTC - from mc-24->source-5 "608" 19:34:05.021463931
[2023-07-15T19:34:07Z INFO  dt_instance] received at 2023-07-15 19:34:07.529862960 UTC - from mc-24->source-5 "613" 19:34:07.528520467
[2023-07-15T19:34:10Z INFO  dt_instance] received at 2023-07-15 19:34:10.035486662 UTC - from mc-24->source-5 "618" 19:34:10.034203740
[2023-07-15T19:34:12Z INFO  dt_instance] received at 2023-07-15 19:34:12.547912316 UTC - from mc-24->source-1 "633" 19:34:12.539291581
[2023-07-15T19:34:15Z INFO  dt_instance] received at 2023-07-15 19:34:15.048753194 UTC - from mc-24->source-5 "628" 19:34:15.047231572
[2023-07-15T19:34:17Z INFO  dt_instance] received at 2023-07-15 19:34:17.556481887 UTC - from mc-24->source-1 "643" 19:34:17.555440261
[2023-07-15T19:34:20Z INFO  dt_instance] received at 2023-07-15 19:34:20.062451287 UTC - from mc-24->source-1 "648" 19:34:20.061110661
[2023-07-15T19:34:22Z INFO  dt_instance] received at 2023-07-15 19:34:22.568278395 UTC - from mc-24->source-5 "643" 19:34:22.566981180
[2023-07-15T19:34:25Z INFO  dt_instance] received at 2023-07-15 19:34:25.072827595 UTC - from mc-24->source-1 "658" 19:34:25.071354924
[2023-07-15T19:34:27Z INFO  dt_instance] received at 2023-07-15 19:34:27.578040396 UTC - from mc-24->source-1 "663" 19:34:27.576948197
[2023-07-15T19:34:30Z INFO  dt_instance] received at 2023-07-15 19:34:30.082866378 UTC - from mc-24->source-1 "668" 19:34:30.081670720
[2023-07-15T19:34:32Z INFO  dt_instance] received at 2023-07-15 19:34:32.590343353 UTC - from mc-24->source-1 "673" 19:34:32.589122039
[2023-07-15T19:34:35Z INFO  dt_instance] received at 2023-07-15 19:34:35.100918366 UTC - from mc-24->source-1 "678" 19:34:35.099533710
[2023-07-15T19:34:37Z INFO  dt_instance] received at 2023-07-15 19:34:37.606484990 UTC - from mc-24->source-1 "683" 19:34:37.605336412
[2023-07-15T19:34:40Z INFO  dt_instance] received at 2023-07-15 19:34:40.114387988 UTC - from mc-24->source-1 "688" 19:34:40.112625202
[2023-07-15T19:34:42Z INFO  dt_instance] received at 2023-07-15 19:34:42.620870272 UTC - from mc-24->source-1 "693" 19:34:42.618936549
[2023-07-15T19:34:45Z INFO  dt_instance] received at 2023-07-15 19:34:45.126571677 UTC - from mc-24->source-1 "698" 19:34:45.125262124
[2023-07-15T19:34:47Z INFO  dt_instance] received at 2023-07-15 19:34:47.632831226 UTC - from mc-24->source-1 "703" 19:34:47.631405814
[2023-07-15T19:34:50Z INFO  dt_instance] received at 2023-07-15 19:34:50.140729321 UTC - from mc-24->source-1 "708" 19:34:50.137121741
[2023-07-15T19:34:52Z INFO  dt_instance] received at 2023-07-15 19:34:52.645543293 UTC - from mc-24->source-1 "713" 19:34:52.642379475
[2023-07-15T19:34:55Z INFO  dt_instance] received at 2023-07-15 19:34:55.148499299 UTC - from mc-24->source-1 "718" 19:34:55.147398407
[2023-07-15T19:34:57Z INFO  dt_instance] received at 2023-07-15 19:34:57.654422439 UTC - from mc-24->source-1 "723" 19:34:57.653157133
[2023-07-15T19:35:00Z INFO  dt_instance] received at 2023-07-15 19:35:00.160693218 UTC - from mc-24->source-1 "728" 19:35:00.159067888
[2023-07-15T19:35:02Z INFO  dt_instance] received at 2023-07-15 19:35:02.665465816 UTC - from mc-24->source-1 "733" 19:35:02.664224305
[2023-07-15T19:35:05Z INFO  dt_instance] received at 2023-07-15 19:35:05.173717367 UTC - from mc-24->source-1 "738" 19:35:05.172159389
[2023-07-15T19:35:07Z INFO  dt_instance] received at 2023-07-15 19:35:07.679523218 UTC - from mc-24->source-1 "743" 19:35:07.678184876
[2023-07-15T19:35:10Z INFO  dt_instance] received at 2023-07-15 19:35:10.186468472 UTC - from mc-24->source-1 "748" 19:35:10.184479613
[2023-07-15T19:35:12Z INFO  dt_instance] received at 2023-07-15 19:35:12.692670106 UTC - from mc-24->source-1 "753" 19:35:12.691279459
[2023-07-15T19:35:15Z INFO  dt_instance] received at 2023-07-15 19:35:15.198604235 UTC - from mc-24->source-1 "758" 19:35:15.197261920
[2023-07-15T19:35:17Z INFO  dt_instance] received at 2023-07-15 19:35:17.716209561 UTC - from mc-24->source-1 "763" 19:35:17.714281535
[2023-07-15T19:35:20Z INFO  dt_instance] received at 2023-07-15 19:35:20.223445013 UTC - from mc-24->source-1 "768" 19:35:20.222182934
[2023-07-15T19:35:22Z INFO  dt_instance] received at 2023-07-15 19:35:22.728256645 UTC - from mc-24->source-1 "773" 19:35:22.727160899
[2023-07-15T19:35:25Z INFO  dt_instance] received at 2023-07-15 19:35:25.234300242 UTC - from mc-24->source-1 "778" 19:35:25.233208098
[2023-07-15T19:35:27Z INFO  dt_instance] received at 2023-07-15 19:35:27.740615181 UTC - from mc-24->source-1 "783" 19:35:27.739124808
[2023-07-15T19:35:30Z INFO  dt_instance] received at 2023-07-15 19:35:30.245723370 UTC - from mc-24->source-1 "788" 19:35:30.244349279
[2023-07-15T19:35:32Z INFO  dt_instance] received at 2023-07-15 19:35:32.750581218 UTC - from mc-24->source-1 "793" 19:35:32.749187204
[2023-07-15T19:35:35Z INFO  dt_instance] received at 2023-07-15 19:35:35.258384995 UTC - from mc-24->source-1 "798" 19:35:35.257201235
[2023-07-15T19:35:37Z INFO  dt_instance] received at 2023-07-15 19:35:37.766203568 UTC - from mc-24->source-1 "803" 19:35:37.764450471
[2023-07-15T19:35:40Z INFO  dt_instance] received at 2023-07-15 19:35:40.271634146 UTC - from mc-24->source-1 "808" 19:35:40.270466152
[2023-07-15T19:35:42Z INFO  dt_instance] received at 2023-07-15 19:35:42.786875788 UTC - from mc-24->source-1 "813" 19:35:42.775913527
[2023-07-15T19:35:45Z INFO  dt_instance] received at 2023-07-15 19:35:45.283644753 UTC - from mc-24->source-1 "818" 19:35:45.281588236
[2023-07-15T19:35:47Z INFO  dt_instance] received at 2023-07-15 19:35:47.790635952 UTC - from mc-24->source-1 "823" 19:35:47.786779244
[2023-07-15T19:35:50Z INFO  dt_instance] received at 2023-07-15 19:35:50.293750953 UTC - from mc-24->source-1 "828" 19:35:50.292107800
[2023-07-15T19:35:52Z INFO  dt_instance] received at 2023-07-15 19:35:52.798539614 UTC - from mc-24->source-1 "833" 19:35:52.797116797
[2023-07-15T19:35:55Z INFO  dt_instance] received at 2023-07-15 19:35:55.305890245 UTC - from mc-24->source-1 "838" 19:35:55.304512046
[2023-07-15T19:35:57Z INFO  dt_instance] received at 2023-07-15 19:35:57.811591878 UTC - from mc-24->source-1 "843" 19:35:57.810459646
[2023-07-15T19:36:00Z INFO  dt_instance] received at 2023-07-15 19:36:00.318293648 UTC - from mc-24->source-1 "848" 19:36:00.316841077
[2023-07-15T19:36:02Z INFO  dt_instance] received at 2023-07-15 19:36:02.825019232 UTC - from mc-24->source-1 "853" 19:36:02.823394065
[2023-07-15T19:36:05Z INFO  dt_instance] received at 2023-07-15 19:36:05.332242936 UTC - from mc-24->source-1 "858" 19:36:05.330524944
[2023-07-15T19:36:07Z INFO  dt_instance] received at 2023-07-15 19:36:07.838649270 UTC - from mc-24->source-1 "863" 19:36:07.837236965
[2023-07-15T19:36:10Z INFO  dt_instance] received at 2023-07-15 19:36:10.343930885 UTC - from mc-24->source-1 "868" 19:36:10.342229348
[2023-07-15T19:36:12Z INFO  dt_instance] received at 2023-07-15 19:36:12.849360261 UTC - from mc-24->source-1 "873" 19:36:12.848024690
[2023-07-15T19:36:15Z INFO  dt_instance] received at 2023-07-15 19:36:15.354667884 UTC - from mc-24->source-1 "878" 19:36:15.353264265
[2023-07-15T19:36:17Z INFO  dt_instance] received at 2023-07-15 19:36:17.863870719 UTC - from mc-24->source-1 "883" 19:36:17.860605093
[2023-07-15T19:36:20Z INFO  dt_instance] received at 2023-07-15 19:36:20.368039128 UTC - from mc-24->source-1 "888" 19:36:20.366631308
[2023-07-15T19:36:22Z INFO  dt_instance] received at 2023-07-15 19:36:22.876707736 UTC - from mc-24->source-1 "893" 19:36:22.873633928
[2023-07-15T19:36:25Z INFO  dt_instance] received at 2023-07-15 19:36:25.380624318 UTC - from mc-24->source-1 "898" 19:36:25.379346673
[2023-07-15T19:36:27Z INFO  dt_instance] received at 2023-07-15 19:36:27.886358621 UTC - from mc-24->source-1 "903" 19:36:27.885043742
[2023-07-15T19:36:30Z INFO  dt_instance] received at 2023-07-15 19:36:30.392324060 UTC - from mc-24->source-1 "908" 19:36:30.391067684
[2023-07-15T19:36:32Z INFO  dt_instance] received at 2023-07-15 19:36:32.897903026 UTC - from mc-24->source-1 "913" 19:36:32.896436494
[2023-07-15T19:36:35Z INFO  dt_instance] received at 2023-07-15 19:36:35.405450734 UTC - from mc-24->source-1 "918" 19:36:35.404014146
[2023-07-15T19:36:37Z INFO  dt_instance] received at 2023-07-15 19:36:37.909946475 UTC - from mc-24->source-1 "923" 19:36:37.908408311
[2023-07-15T19:36:40Z INFO  dt_instance] received at 2023-07-15 19:36:40.416080193 UTC - from mc-24->source-1 "928" 19:36:40.413721907
[2023-07-15T19:36:42Z INFO  dt_instance] received at 2023-07-15 19:36:42.921547385 UTC - from mc-24->source-1 "933" 19:36:42.919988567
[2023-07-15T19:36:45Z INFO  dt_instance] received at 2023-07-15 19:36:45.427332774 UTC - from mc-24->source-1 "938" 19:36:45.425895403
[2023-07-15T19:36:47Z INFO  dt_instance] received at 2023-07-15 19:36:47.932851135 UTC - from mc-24->source-1 "943" 19:36:47.931335708
[2023-07-15T19:36:50Z INFO  dt_instance] received at 2023-07-15 19:36:50.437667593 UTC - from mc-24->source-1 "948" 19:36:50.436302750
[2023-07-15T19:36:52Z INFO  dt_instance] received at 2023-07-15 19:36:52.942857539 UTC - from mc-24->source-1 "953" 19:36:52.941365858
[2023-07-15T19:36:55Z INFO  dt_instance] received at 2023-07-15 19:36:55.450210123 UTC - from mc-24->source-1 "958" 19:36:55.447992069
[2023-07-15T19:36:57Z INFO  dt_instance] received at 2023-07-15 19:36:57.954701863 UTC - from mc-24->source-1 "963" 19:36:57.953194053
[2023-07-15T19:37:00Z INFO  dt_instance] received at 2023-07-15 19:37:00.460112043 UTC - from mc-24->source-1 "968" 19:37:00.458738936
[2023-07-15T19:37:02Z INFO  dt_instance] received at 2023-07-15 19:37:02.965774185 UTC - from mc-24->source-1 "973" 19:37:02.964446836
[2023-07-15T19:37:05Z INFO  dt_instance] received at 2023-07-15 19:37:05.471634228 UTC - from mc-24->source-1 "978" 19:37:05.470347618
[2023-07-15T19:37:07Z INFO  dt_instance] received at 2023-07-15 19:37:07.976489264 UTC - from mc-24->source-1 "983" 19:37:07.975139350
[2023-07-15T19:37:10Z INFO  dt_instance] received at 2023-07-15 19:37:10.481524026 UTC - from mc-24->source-1 "988" 19:37:10.480264424
[2023-07-15T19:37:12Z INFO  dt_instance] received at 2023-07-15 19:37:12.987375827 UTC - from mc-24->source-1 "993" 19:37:12.985558805
[2023-07-15T19:37:15Z INFO  dt_instance] received at 2023-07-15 19:37:15.637612030 UTC - from mc-24->source-8 "981" 19:37:15.636031407
[2023-07-15T19:37:18Z INFO  dt_instance] received at 2023-07-15 19:37:18.914978816 UTC - from mc-24->source-9 "985" 19:37:18.913725550
[2023-07-15T19:37:25Z INFO  dt_instance] received at 2023-07-15 19:37:25.931684172 UTC - from mc-24->source-9 "999" 19:37:25.930045267
