[2023-07-15T19:06:20Z INFO  dt_instance] Current Twin: mc-twin-4
[2023-07-15T19:06:20Z INFO  dt_instance] Replica Name twin-mc-stateful-4
[2023-07-15T19:06:20Z INFO  dt_instance] Sleeping for 200
[2023-07-15T19:09:40Z INFO  dt_instance] Connecting to broker at emqx.dtwins:1883
[2023-07-15T19:09:40Z INFO  dt_instance] Loggin info each 50 messages
[2023-07-15T19:09:40Z INFO  dt_instance] Set max packet size to 60000 KB.
[2023-07-15T19:09:40Z INFO  dt_instance] Refreshing topics for twin - Listen to mc-4/#
[2023-07-15T19:09:40Z INFO  dt_instance] SubAck { pkid: 1, return_codes: [Success(ExactlyOnce)] }
[2023-07-15T19:10:50Z INFO  dt_instance] received at 2023-07-15 19:10:50.807080758 UTC - from mc-4->source-2 "9" 19:10:50.805720141
[2023-07-15T19:10:54Z INFO  dt_instance] received at 2023-07-15 19:10:54.066284738 UTC - from mc-4->source-3 "13" 19:10:54.064822900
[2023-07-15T19:10:56Z INFO  dt_instance] received at 2023-07-15 19:10:56.574134832 UTC - from mc-4->source-1 "23" 19:10:56.572711300
[2023-07-15T19:10:59Z INFO  dt_instance] received at 2023-07-15 19:10:59.079199360 UTC - from mc-4->source-1 "28" 19:10:59.078151790
[2023-07-15T19:11:01Z INFO  dt_instance] received at 2023-07-15 19:11:01.586053679 UTC - from mc-4->source-1 "33" 19:11:01.584756332
[2023-07-15T19:11:04Z INFO  dt_instance] received at 2023-07-15 19:11:04.091946591 UTC - from mc-4->source-1 "38" 19:11:04.090753713
[2023-07-15T19:11:06Z INFO  dt_instance] received at 2023-07-15 19:11:06.598292252 UTC - from mc-4->source-1 "43" 19:11:06.597167554
[2023-07-15T19:11:09Z INFO  dt_instance] received at 2023-07-15 19:11:09.104721200 UTC - from mc-4->source-1 "48" 19:11:09.102610873
[2023-07-15T19:11:11Z INFO  dt_instance] received at 2023-07-15 19:11:11.610520295 UTC - from mc-4->source-1 "53" 19:11:11.608737261
[2023-07-15T19:11:14Z INFO  dt_instance] received at 2023-07-15 19:11:14.118623197 UTC - from mc-4->source-1 "58" 19:11:14.117342559
[2023-07-15T19:11:16Z INFO  dt_instance] received at 2023-07-15 19:11:16.623810482 UTC - from mc-4->source-1 "63" 19:11:16.622753989
[2023-07-15T19:11:19Z INFO  dt_instance] received at 2023-07-15 19:11:19.130709211 UTC - from mc-4->source-1 "68" 19:11:19.129361786
[2023-07-15T19:11:21Z INFO  dt_instance] received at 2023-07-15 19:11:21.635409191 UTC - from mc-4->source-1 "73" 19:11:21.633932395
[2023-07-15T19:11:24Z INFO  dt_instance] received at 2023-07-15 19:11:24.141138301 UTC - from mc-4->source-1 "78" 19:11:24.139831895
[2023-07-15T19:11:26Z INFO  dt_instance] received at 2023-07-15 19:11:26.647247371 UTC - from mc-4->source-1 "83" 19:11:26.645731974
[2023-07-15T19:11:29Z INFO  dt_instance] received at 2023-07-15 19:11:29.155038516 UTC - from mc-4->source-1 "88" 19:11:29.151980259
[2023-07-15T19:11:31Z INFO  dt_instance] received at 2023-07-15 19:11:31.659472998 UTC - from mc-4->source-1 "93" 19:11:31.658476719
[2023-07-15T19:11:34Z INFO  dt_instance] received at 2023-07-15 19:11:34.164777631 UTC - from mc-4->source-1 "98" 19:11:34.163445841
[2023-07-15T19:11:36Z INFO  dt_instance] received at 2023-07-15 19:11:36.669898721 UTC - from mc-4->source-1 "103" 19:11:36.668488574
[2023-07-15T19:11:39Z INFO  dt_instance] received at 2023-07-15 19:11:39.175785865 UTC - from mc-4->source-1 "108" 19:11:39.174491605
[2023-07-15T19:11:41Z INFO  dt_instance] received at 2023-07-15 19:11:41.681918748 UTC - from mc-4->source-1 "113" 19:11:41.680575613
[2023-07-15T19:11:44Z INFO  dt_instance] received at 2023-07-15 19:11:44.189503098 UTC - from mc-4->source-1 "118" 19:11:44.186778490
[2023-07-15T19:11:46Z INFO  dt_instance] received at 2023-07-15 19:11:46.696088614 UTC - from mc-4->source-1 "123" 19:11:46.694950593
[2023-07-15T19:11:49Z INFO  dt_instance] received at 2023-07-15 19:11:49.203668409 UTC - from mc-4->source-1 "128" 19:11:49.202005087
[2023-07-15T19:11:51Z INFO  dt_instance] received at 2023-07-15 19:11:51.710040921 UTC - from mc-4->source-1 "133" 19:11:51.708618468
[2023-07-15T19:11:54Z INFO  dt_instance] received at 2023-07-15 19:11:54.216317737 UTC - from mc-4->source-1 "138" 19:11:54.215159163
[2023-07-15T19:11:56Z INFO  dt_instance] received at 2023-07-15 19:11:56.724413044 UTC - from mc-4->source-1 "143" 19:11:56.722206415
[2023-07-15T19:11:59Z INFO  dt_instance] received at 2023-07-15 19:11:59.230381970 UTC - from mc-4->source-1 "148" 19:11:59.228911149
[2023-07-15T19:12:01Z INFO  dt_instance] received at 2023-07-15 19:12:01.735154702 UTC - from mc-4->source-1 "153" 19:12:01.734028543
[2023-07-15T19:12:04Z INFO  dt_instance] received at 2023-07-15 19:12:04.240738787 UTC - from mc-4->source-1 "158" 19:12:04.239212794
[2023-07-15T19:12:06Z INFO  dt_instance] received at 2023-07-15 19:12:06.744871152 UTC - from mc-4->source-1 "163" 19:12:06.743835267
[2023-07-15T19:12:09Z INFO  dt_instance] received at 2023-07-15 19:12:09.251076870 UTC - from mc-4->source-1 "168" 19:12:09.249729439
[2023-07-15T19:12:11Z INFO  dt_instance] received at 2023-07-15 19:12:11.757103220 UTC - from mc-4->source-1 "173" 19:12:11.755535030
[2023-07-15T19:12:14Z INFO  dt_instance] received at 2023-07-15 19:12:14.261109824 UTC - from mc-4->source-1 "178" 19:12:14.259890202
[2023-07-15T19:12:16Z INFO  dt_instance] received at 2023-07-15 19:12:16.767896252 UTC - from mc-4->source-1 "183" 19:12:16.766573884
[2023-07-15T19:12:19Z INFO  dt_instance] received at 2023-07-15 19:12:19.272387781 UTC - from mc-4->source-1 "188" 19:12:19.271109279
[2023-07-15T19:12:21Z INFO  dt_instance] received at 2023-07-15 19:12:21.780026279 UTC - from mc-4->source-1 "193" 19:12:21.778662617
[2023-07-15T19:12:24Z INFO  dt_instance] received at 2023-07-15 19:12:24.285295347 UTC - from mc-4->source-1 "198" 19:12:24.283881736
[2023-07-15T19:12:26Z INFO  dt_instance] received at 2023-07-15 19:12:26.791333488 UTC - from mc-4->source-1 "203" 19:12:26.789721863
[2023-07-15T19:12:29Z INFO  dt_instance] received at 2023-07-15 19:12:29.299064048 UTC - from mc-4->source-1 "208" 19:12:29.297723744
[2023-07-15T19:12:31Z INFO  dt_instance] received at 2023-07-15 19:12:31.804482576 UTC - from mc-4->source-1 "213" 19:12:31.802965708
[2023-07-15T19:12:34Z INFO  dt_instance] received at 2023-07-15 19:12:34.309638249 UTC - from mc-4->source-1 "218" 19:12:34.308526515
[2023-07-15T19:12:36Z INFO  dt_instance] received at 2023-07-15 19:12:36.816270393 UTC - from mc-4->source-1 "223" 19:12:36.814598800
[2023-07-15T19:12:39Z INFO  dt_instance] received at 2023-07-15 19:12:39.321175862 UTC - from mc-4->source-1 "228" 19:12:39.319870962
[2023-07-15T19:12:41Z INFO  dt_instance] received at 2023-07-15 19:12:41.827674213 UTC - from mc-4->source-1 "233" 19:12:41.826142537
[2023-07-15T19:12:44Z INFO  dt_instance] received at 2023-07-15 19:12:44.334429439 UTC - from mc-4->source-1 "238" 19:12:44.332717477
[2023-07-15T19:12:46Z INFO  dt_instance] received at 2023-07-15 19:12:46.840741289 UTC - from mc-4->source-1 "243" 19:12:46.839366145
[2023-07-15T19:12:49Z INFO  dt_instance] received at 2023-07-15 19:12:49.345800201 UTC - from mc-4->source-1 "248" 19:12:49.344480688
[2023-07-15T19:12:51Z INFO  dt_instance] received at 2023-07-15 19:12:51.855051823 UTC - from mc-4->source-1 "253" 19:12:51.854023618
[2023-07-15T19:12:54Z INFO  dt_instance] received at 2023-07-15 19:12:54.361310537 UTC - from mc-4->source-1 "258" 19:12:54.360254505
[2023-07-15T19:12:56Z INFO  dt_instance] received at 2023-07-15 19:12:56.868966723 UTC - from mc-4->source-1 "263" 19:12:56.866144901
[2023-07-15T19:12:59Z INFO  dt_instance] received at 2023-07-15 19:12:59.375419391 UTC - from mc-4->source-9 "248" 19:12:59.373465155
[2023-07-15T19:13:01Z INFO  dt_instance] received at 2023-07-15 19:13:01.881382558 UTC - from mc-4->source-9 "253" 19:13:01.879860380
[2023-07-15T19:13:04Z INFO  dt_instance] received at 2023-07-15 19:13:04.388264807 UTC - from mc-4->source-5 "268" 19:13:04.387002455
[2023-07-15T19:13:06Z INFO  dt_instance] received at 2023-07-15 19:13:06.896939311 UTC - from mc-4->source-9 "263" 19:13:06.891610045
[2023-07-15T19:13:09Z INFO  dt_instance] received at 2023-07-15 19:13:09.409719362 UTC - from mc-4->source-3 "283" 19:13:09.399932580
[2023-07-15T19:13:11Z INFO  dt_instance] received at 2023-07-15 19:13:11.910186362 UTC - from mc-4->source-3 "288" 19:13:11.908724141
[2023-07-15T19:13:14Z INFO  dt_instance] received at 2023-07-15 19:13:14.416088825 UTC - from mc-4->source-3 "293" 19:13:14.414542203
[2023-07-15T19:13:16Z INFO  dt_instance] received at 2023-07-15 19:13:16.920858318 UTC - from mc-4->source-9 "283" 19:13:16.919226718
[2023-07-15T19:13:19Z INFO  dt_instance] received at 2023-07-15 19:13:19.427894448 UTC - from mc-4->source-9 "288" 19:13:19.425649716
[2023-07-15T19:13:21Z INFO  dt_instance] received at 2023-07-15 19:13:21.933838675 UTC - from mc-4->source-9 "293" 19:13:21.932468016
[2023-07-15T19:13:24Z INFO  dt_instance] received at 2023-07-15 19:13:24.439924923 UTC - from mc-4->source-5 "308" 19:13:24.438186183
[2023-07-15T19:13:26Z INFO  dt_instance] received at 2023-07-15 19:13:26.946130618 UTC - from mc-4->source-5 "313" 19:13:26.944589361
[2023-07-15T19:13:29Z INFO  dt_instance] received at 2023-07-15 19:13:29.452133526 UTC - from mc-4->source-3 "323" 19:13:29.451233328
[2023-07-15T19:13:31Z INFO  dt_instance] received at 2023-07-15 19:13:31.960778459 UTC - from mc-4->source-3 "328" 19:13:31.959265797
[2023-07-15T19:13:34Z INFO  dt_instance] received at 2023-07-15 19:13:34.468010585 UTC - from mc-4->source-1 "338" 19:13:34.466702436
[2023-07-15T19:13:36Z INFO  dt_instance] received at 2023-07-15 19:13:36.985038367 UTC - from mc-4->source-9 "323" 19:13:36.972776109
[2023-07-15T19:13:39Z INFO  dt_instance] received at 2023-07-15 19:13:39.480430585 UTC - from mc-4->source-3 "343" 19:13:39.478733034
[2023-07-15T19:13:41Z INFO  dt_instance] received at 2023-07-15 19:13:41.986436724 UTC - from mc-4->source-3 "348" 19:13:41.984977475
[2023-07-15T19:13:44Z INFO  dt_instance] received at 2023-07-15 19:13:44.494281258 UTC - from mc-4->source-9 "338" 19:13:44.491066324
[2023-07-15T19:13:47Z INFO  dt_instance] received at 2023-07-15 19:13:47.000320735 UTC - from mc-4->source-9 "343" 19:13:46.998677829
[2023-07-15T19:13:49Z INFO  dt_instance] received at 2023-07-15 19:13:49.507966825 UTC - from mc-4->source-3 "363" 19:13:49.506583009
[2023-07-15T19:13:52Z INFO  dt_instance] received at 2023-07-15 19:13:52.013834909 UTC - from mc-4->source-3 "368" 19:13:52.011902569
[2023-07-15T19:13:54Z INFO  dt_instance] received at 2023-07-15 19:13:54.526460795 UTC - from mc-4->source-5 "368" 19:13:54.524865138
[2023-07-15T19:13:57Z INFO  dt_instance] received at 2023-07-15 19:13:57.034828883 UTC - from mc-4->source-1 "383" 19:13:57.033142354
[2023-07-15T19:13:59Z INFO  dt_instance] received at 2023-07-15 19:13:59.542449192 UTC - from mc-4->source-3 "383" 19:13:59.539966636
[2023-07-15T19:14:02Z INFO  dt_instance] received at 2023-07-15 19:14:02.047309123 UTC - from mc-4->source-9 "373" 19:14:02.045298473
[2023-07-15T19:14:04Z INFO  dt_instance] received at 2023-07-15 19:14:04.570041934 UTC - from mc-4->source-7 "383" 19:14:04.558285186
[2023-07-15T19:14:07Z INFO  dt_instance] received at 2023-07-15 19:14:07.068005484 UTC - from mc-4->source-9 "383" 19:14:07.066408802
[2023-07-15T19:14:09Z INFO  dt_instance] received at 2023-07-15 19:14:09.577006023 UTC - from mc-4->source-7 "393" 19:14:09.575052305
[2023-07-15T19:14:12Z INFO  dt_instance] received at 2023-07-15 19:14:12.089747348 UTC - from mc-4->source-3 "408" 19:14:12.084770114
[2023-07-15T19:14:14Z INFO  dt_instance] received at 2023-07-15 19:14:14.591496894 UTC - from mc-4->source-9 "398" 19:14:14.590063295
[2023-07-15T19:14:17Z INFO  dt_instance] received at 2023-07-15 19:14:17.100410494 UTC - from mc-4->source-7 "408" 19:14:17.098824245
[2023-07-15T19:14:19Z INFO  dt_instance] received at 2023-07-15 19:14:19.606423766 UTC - from mc-4->source-7 "413" 19:14:19.605454042
[2023-07-15T19:14:22Z INFO  dt_instance] received at 2023-07-15 19:14:22.112752205 UTC - from mc-4->source-9 "413" 19:14:22.111198189
[2023-07-15T19:14:24Z INFO  dt_instance] received at 2023-07-15 19:14:24.627498567 UTC - from mc-4->source-1 "438" 19:14:24.624969723
[2023-07-15T19:14:27Z INFO  dt_instance] received at 2023-07-15 19:14:27.134412277 UTC - from mc-4->source-5 "433" 19:14:27.131418674
[2023-07-15T19:14:29Z INFO  dt_instance] received at 2023-07-15 19:14:29.638381374 UTC - from mc-4->source-1 "448" 19:14:29.636828405
[2023-07-15T19:14:32Z INFO  dt_instance] received at 2023-07-15 19:14:32.145504156 UTC - from mc-4->source-1 "453" 19:14:32.143243591
[2023-07-15T19:14:34Z INFO  dt_instance] received at 2023-07-15 19:14:34.651345543 UTC - from mc-4->source-1 "458" 19:14:34.649674942
[2023-07-15T19:14:37Z INFO  dt_instance] received at 2023-07-15 19:14:37.159270431 UTC - from mc-4->source-9 "443" 19:14:37.155375368
[2023-07-15T19:14:39Z INFO  dt_instance] received at 2023-07-15 19:14:39.664901214 UTC - from mc-4->source-1 "468" 19:14:39.662983421
[2023-07-15T19:14:42Z INFO  dt_instance] received at 2023-07-15 19:14:42.169281780 UTC - from mc-4->source-1 "473" 19:14:42.168005145
[2023-07-15T19:14:44Z INFO  dt_instance] received at 2023-07-15 19:14:44.678220100 UTC - from mc-4->source-1 "478" 19:14:44.676481355
[2023-07-15T19:14:47Z INFO  dt_instance] received at 2023-07-15 19:14:47.189972567 UTC - from mc-4->source-9 "463" 19:14:47.179061386
[2023-07-15T19:14:49Z INFO  dt_instance] received at 2023-07-15 19:14:49.690041591 UTC - from mc-4->source-1 "488" 19:14:49.689031072
[2023-07-15T19:14:52Z INFO  dt_instance] received at 2023-07-15 19:14:52.196060290 UTC - from mc-4->source-1 "493" 19:14:52.193743319
[2023-07-15T19:14:54Z INFO  dt_instance] received at 2023-07-15 19:14:54.706398994 UTC - from mc-4->source-1 "498" 19:14:54.702808008
[2023-07-15T19:14:57Z INFO  dt_instance] received at 2023-07-15 19:14:57.211765502 UTC - from mc-4->source-1 "503" 19:14:57.210426559
[2023-07-15T19:14:59Z INFO  dt_instance] received at 2023-07-15 19:14:59.718972379 UTC - from mc-4->source-1 "508" 19:14:59.716727832
[2023-07-15T19:15:02Z INFO  dt_instance] received at 2023-07-15 19:15:02.223132078 UTC - from mc-4->source-1 "513" 19:15:02.221870679
[2023-07-15T19:15:04Z INFO  dt_instance] received at 2023-07-15 19:15:04.729097278 UTC - from mc-4->source-1 "518" 19:15:04.727755450
[2023-07-15T19:15:07Z INFO  dt_instance] received at 2023-07-15 19:15:07.235903912 UTC - from mc-4->source-1 "523" 19:15:07.234398375
[2023-07-15T19:15:09Z INFO  dt_instance] received at 2023-07-15 19:15:09.741484162 UTC - from mc-4->source-5 "518" 19:15:09.740278451
[2023-07-15T19:15:12Z INFO  dt_instance] received at 2023-07-15 19:15:12.246554179 UTC - from mc-4->source-5 "523" 19:15:12.245077894
[2023-07-15T19:15:14Z INFO  dt_instance] received at 2023-07-15 19:15:14.751907781 UTC - from mc-4->source-3 "533" 19:15:14.749941165
[2023-07-15T19:15:17Z INFO  dt_instance] received at 2023-07-15 19:15:17.257545965 UTC - from mc-4->source-5 "533" 19:15:17.256024634
[2023-07-15T19:15:19Z INFO  dt_instance] received at 2023-07-15 19:15:19.763194925 UTC - from mc-4->source-1 "548" 19:15:19.761689777
[2023-07-15T19:15:22Z INFO  dt_instance] received at 2023-07-15 19:15:22.269796032 UTC - from mc-4->source-3 "548" 19:15:22.267778516
[2023-07-15T19:15:24Z INFO  dt_instance] received at 2023-07-15 19:15:24.783479036 UTC - from mc-4->source-5 "548" 19:15:24.782206188
[2023-07-15T19:15:27Z INFO  dt_instance] received at 2023-07-15 19:15:27.291857106 UTC - from mc-4->source-5 "553" 19:15:27.288994609
[2023-07-15T19:15:29Z INFO  dt_instance] received at 2023-07-15 19:15:29.796865588 UTC - from mc-4->source-5 "558" 19:15:29.794494743
[2023-07-15T19:15:32Z INFO  dt_instance] received at 2023-07-15 19:15:32.300649158 UTC - from mc-4->source-5 "563" 19:15:32.299333681
[2023-07-15T19:15:34Z INFO  dt_instance] received at 2023-07-15 19:15:34.805824678 UTC - from mc-4->source-5 "568" 19:15:34.804555812
[2023-07-15T19:15:37Z INFO  dt_instance] received at 2023-07-15 19:15:37.310464467 UTC - from mc-4->source-5 "573" 19:15:37.309135668
[2023-07-15T19:15:39Z INFO  dt_instance] received at 2023-07-15 19:15:39.819180443 UTC - from mc-4->source-5 "578" 19:15:39.813730735
[2023-07-15T19:15:42Z INFO  dt_instance] received at 2023-07-15 19:15:42.324135506 UTC - from mc-4->source-1 "593" 19:15:42.322648315
[2023-07-15T19:15:44Z INFO  dt_instance] received at 2023-07-15 19:15:44.837540839 UTC - from mc-4->source-9 "578" 19:15:44.828884103
[2023-07-15T19:15:47Z INFO  dt_instance] received at 2023-07-15 19:15:47.336754558 UTC - from mc-4->source-9 "583" 19:15:47.334695163
[2023-07-15T19:15:49Z INFO  dt_instance] received at 2023-07-15 19:15:49.845309569 UTC - from mc-4->source-1 "608" 19:15:49.842669069
[2023-07-15T19:15:52Z INFO  dt_instance] received at 2023-07-15 19:15:52.356035378 UTC - from mc-4->source-1 "613" 19:15:52.352034008
[2023-07-15T19:15:54Z INFO  dt_instance] received at 2023-07-15 19:15:54.858235391 UTC - from mc-4->source-1 "618" 19:15:54.857038732
[2023-07-15T19:15:57Z INFO  dt_instance] received at 2023-07-15 19:15:57.365700933 UTC - from mc-4->source-1 "623" 19:15:57.363742314
[2023-07-15T19:15:59Z INFO  dt_instance] received at 2023-07-15 19:15:59.876227861 UTC - from mc-4->source-1 "628" 19:15:59.872257841
[2023-07-15T19:16:02Z INFO  dt_instance] received at 2023-07-15 19:16:02.381169579 UTC - from mc-4->source-1 "633" 19:16:02.379226646
[2023-07-15T19:16:04Z INFO  dt_instance] received at 2023-07-15 19:16:04.886754205 UTC - from mc-4->source-5 "628" 19:16:04.876013782
[2023-07-15T19:16:07Z INFO  dt_instance] received at 2023-07-15 19:16:07.393522736 UTC - from mc-4->source-5 "633" 19:16:07.392367883
[2023-07-15T19:16:09Z INFO  dt_instance] received at 2023-07-15 19:16:09.902703136 UTC - from mc-4->source-5 "638" 19:16:09.900399241
[2023-07-15T19:16:12Z INFO  dt_instance] received at 2023-07-15 19:16:12.406914185 UTC - from mc-4->source-5 "643" 19:16:12.405471893
[2023-07-15T19:16:14Z INFO  dt_instance] received at 2023-07-15 19:16:14.912496985 UTC - from mc-4->source-5 "648" 19:16:14.910375388
[2023-07-15T19:16:17Z INFO  dt_instance] received at 2023-07-15 19:16:17.417819318 UTC - from mc-4->source-5 "653" 19:16:17.416621408
[2023-07-15T19:16:19Z INFO  dt_instance] received at 2023-07-15 19:16:19.923086072 UTC - from mc-4->source-5 "658" 19:16:19.920921534
[2023-07-15T19:16:22Z INFO  dt_instance] received at 2023-07-15 19:16:22.429652411 UTC - from mc-4->source-5 "663" 19:16:22.426951292
[2023-07-15T19:16:24Z INFO  dt_instance] received at 2023-07-15 19:16:24.933371488 UTC - from mc-4->source-5 "668" 19:16:24.931877924
[2023-07-15T19:16:27Z INFO  dt_instance] received at 2023-07-15 19:16:27.442759324 UTC - from mc-4->source-9 "663" 19:16:27.440040943
[2023-07-15T19:16:29Z INFO  dt_instance] received at 2023-07-15 19:16:29.955428702 UTC - from mc-4->source-1 "688" 19:16:29.953679035
[2023-07-15T19:16:32Z INFO  dt_instance] received at 2023-07-15 19:16:32.460860762 UTC - from mc-4->source-5 "683" 19:16:32.459677037
[2023-07-15T19:16:34Z INFO  dt_instance] received at 2023-07-15 19:16:34.968180958 UTC - from mc-4->source-5 "688" 19:16:34.966824652
[2023-07-15T19:16:37Z INFO  dt_instance] received at 2023-07-15 19:16:37.473225454 UTC - from mc-4->source-5 "693" 19:16:37.472212495
[2023-07-15T19:16:39Z INFO  dt_instance] received at 2023-07-15 19:16:39.981257018 UTC - from mc-4->source-1 "708" 19:16:39.978421249
[2023-07-15T19:16:42Z INFO  dt_instance] received at 2023-07-15 19:16:42.486677331 UTC - from mc-4->source-3 "708" 19:16:42.484156807
[2023-07-15T19:16:44Z INFO  dt_instance] received at 2023-07-15 19:16:44.992195950 UTC - from mc-4->source-1 "718" 19:16:44.990914539
[2023-07-15T19:16:47Z INFO  dt_instance] received at 2023-07-15 19:16:47.499490493 UTC - from mc-4->source-1 "723" 19:16:47.497699428
[2023-07-15T19:16:50Z INFO  dt_instance] received at 2023-07-15 19:16:50.005071266 UTC - from mc-4->source-5 "718" 19:16:50.003510081
[2023-07-15T19:16:52Z INFO  dt_instance] received at 2023-07-15 19:16:52.511835885 UTC - from mc-4->source-1 "733" 19:16:52.510067352
[2023-07-15T19:16:55Z INFO  dt_instance] received at 2023-07-15 19:16:55.017443804 UTC - from mc-4->source-5 "728" 19:16:55.016204170
[2023-07-15T19:16:57Z INFO  dt_instance] received at 2023-07-15 19:16:57.523775192 UTC - from mc-4->source-5 "733" 19:16:57.522023988
[2023-07-15T19:17:00Z INFO  dt_instance] received at 2023-07-15 19:17:00.034770447 UTC - from mc-4->source-5 "738" 19:17:00.027925783
[2023-07-15T19:17:02Z INFO  dt_instance] received at 2023-07-15 19:17:02.534726905 UTC - from mc-4->source-5 "743" 19:17:02.533205139
[2023-07-15T19:17:05Z INFO  dt_instance] received at 2023-07-15 19:17:05.041300156 UTC - from mc-4->source-1 "758" 19:17:05.039640597
[2023-07-15T19:17:07Z INFO  dt_instance] received at 2023-07-15 19:17:07.552012467 UTC - from mc-4->source-1 "763" 19:17:07.547375892
[2023-07-15T19:17:10Z INFO  dt_instance] received at 2023-07-15 19:17:10.054728565 UTC - from mc-4->source-1 "768" 19:17:10.053688584
[2023-07-15T19:17:12Z INFO  dt_instance] received at 2023-07-15 19:17:12.560931284 UTC - from mc-4->source-1 "773" 19:17:12.559794193
[2023-07-15T19:17:15Z INFO  dt_instance] received at 2023-07-15 19:17:15.068133599 UTC - from mc-4->source-1 "778" 19:17:15.065290086
[2023-07-15T19:17:17Z INFO  dt_instance] received at 2023-07-15 19:17:17.572461766 UTC - from mc-4->source-1 "783" 19:17:17.571177640
[2023-07-15T19:17:20Z INFO  dt_instance] received at 2023-07-15 19:17:20.077221150 UTC - from mc-4->source-1 "788" 19:17:20.076211497
[2023-07-15T19:17:22Z INFO  dt_instance] received at 2023-07-15 19:17:22.583462818 UTC - from mc-4->source-1 "793" 19:17:22.582196698
[2023-07-15T19:17:25Z INFO  dt_instance] received at 2023-07-15 19:17:25.089326223 UTC - from mc-4->source-7 "783" 19:17:25.087151075
[2023-07-15T19:17:27Z INFO  dt_instance] received at 2023-07-15 19:17:27.598978498 UTC - from mc-4->source-3 "798" 19:17:27.593866039
[2023-07-15T19:17:30Z INFO  dt_instance] received at 2023-07-15 19:17:30.102304804 UTC - from mc-4->source-3 "803" 19:17:30.100596614
[2023-07-15T19:17:32Z INFO  dt_instance] received at 2023-07-15 19:17:32.609253102 UTC - from mc-4->source-3 "808" 19:17:32.607708123
[2023-07-15T19:17:35Z INFO  dt_instance] received at 2023-07-15 19:17:35.117452053 UTC - from mc-4->source-1 "818" 19:17:35.113665540
[2023-07-15T19:17:37Z INFO  dt_instance] received at 2023-07-15 19:17:37.625058204 UTC - from mc-4->source-1 "823" 19:17:37.621414704
[2023-07-15T19:17:40Z INFO  dt_instance] received at 2023-07-15 19:17:40.129152772 UTC - from mc-4->source-3 "823" 19:17:40.127747020
[2023-07-15T19:17:42Z INFO  dt_instance] received at 2023-07-15 19:17:42.642479689 UTC - from mc-4->source-1 "833" 19:17:42.633008931
[2023-07-15T19:17:45Z INFO  dt_instance] received at 2023-07-15 19:17:45.143503006 UTC - from mc-4->source-9 "818" 19:17:45.134898140
[2023-07-15T19:17:47Z INFO  dt_instance] received at 2023-07-15 19:17:47.647271528 UTC - from mc-4->source-3 "838" 19:17:47.645728184
[2023-07-15T19:17:50Z INFO  dt_instance] received at 2023-07-15 19:17:50.153361964 UTC - from mc-4->source-3 "843" 19:17:50.151775868
[2023-07-15T19:17:52Z INFO  dt_instance] received at 2023-07-15 19:17:52.660086243 UTC - from mc-4->source-9 "833" 19:17:52.657291975
[2023-07-15T19:17:55Z INFO  dt_instance] received at 2023-07-15 19:17:55.167126993 UTC - from mc-4->source-7 "843" 19:17:55.165765472
[2023-07-15T19:17:57Z INFO  dt_instance] received at 2023-07-15 19:17:57.677631820 UTC - from mc-4->source-7 "848" 19:17:57.676412088
[2023-07-15T19:18:00Z INFO  dt_instance] received at 2023-07-15 19:18:00.182493535 UTC - from mc-4->source-7 "853" 19:18:00.181044490
[2023-07-15T19:18:02Z INFO  dt_instance] received at 2023-07-15 19:18:02.693213382 UTC - from mc-4->source-5 "863" 19:18:02.691963825
[2023-07-15T19:18:05Z INFO  dt_instance] received at 2023-07-15 19:18:05.200459120 UTC - from mc-4->source-5 "868" 19:18:05.199175314
[2023-07-15T19:18:07Z INFO  dt_instance] received at 2023-07-15 19:18:07.706385352 UTC - from mc-4->source-5 "873" 19:18:07.704945106
[2023-07-15T19:18:10Z INFO  dt_instance] received at 2023-07-15 19:18:10.211795799 UTC - from mc-4->source-5 "878" 19:18:10.210887471
[2023-07-15T19:18:12Z INFO  dt_instance] received at 2023-07-15 19:18:12.718293234 UTC - from mc-4->source-5 "883" 19:18:12.716401599
[2023-07-15T19:18:15Z INFO  dt_instance] received at 2023-07-15 19:18:15.222619518 UTC - from mc-4->source-5 "888" 19:18:15.221658569
[2023-07-15T19:18:17Z INFO  dt_instance] received at 2023-07-15 19:18:17.726975521 UTC - from mc-4->source-5 "893" 19:18:17.725725387
[2023-07-15T19:18:20Z INFO  dt_instance] received at 2023-07-15 19:18:20.232630211 UTC - from mc-4->source-5 "898" 19:18:20.231113026
[2023-07-15T19:18:22Z INFO  dt_instance] received at 2023-07-15 19:18:22.737608741 UTC - from mc-4->source-5 "903" 19:18:22.735761837
[2023-07-15T19:18:25Z INFO  dt_instance] received at 2023-07-15 19:18:25.244014672 UTC - from mc-4->source-5 "908" 19:18:25.240869132
[2023-07-15T19:18:27Z INFO  dt_instance] received at 2023-07-15 19:18:27.759684756 UTC - from mc-4->source-3 "918" 19:18:27.746919430
[2023-07-15T19:18:30Z INFO  dt_instance] received at 2023-07-15 19:18:30.265710885 UTC - from mc-4->source-3 "923" 19:18:30.264073783
[2023-07-15T19:18:32Z INFO  dt_instance] received at 2023-07-15 19:18:32.780362196 UTC - from mc-4->source-3 "928" 19:18:32.771045660
[2023-07-15T19:18:35Z INFO  dt_instance] received at 2023-07-15 19:18:35.277797964 UTC - from mc-4->source-3 "933" 19:18:35.276533462
[2023-07-15T19:18:37Z INFO  dt_instance] received at 2023-07-15 19:18:37.784699520 UTC - from mc-4->source-3 "938" 19:18:37.781779667
[2023-07-15T19:18:40Z INFO  dt_instance] received at 2023-07-15 19:18:40.291280781 UTC - from mc-4->source-3 "943" 19:18:40.289774752
[2023-07-15T19:18:42Z INFO  dt_instance] received at 2023-07-15 19:18:42.796355771 UTC - from mc-4->source-3 "948" 19:18:42.795109099
[2023-07-15T19:18:45Z INFO  dt_instance] received at 2023-07-15 19:18:45.303035652 UTC - from mc-4->source-3 "953" 19:18:45.301420436
[2023-07-15T19:18:47Z INFO  dt_instance] received at 2023-07-15 19:18:47.809871686 UTC - from mc-4->source-3 "958" 19:18:47.805977606
[2023-07-15T19:18:50Z INFO  dt_instance] received at 2023-07-15 19:18:50.313229509 UTC - from mc-4->source-3 "963" 19:18:50.311811379
[2023-07-15T19:18:52Z INFO  dt_instance] received at 2023-07-15 19:18:52.820897878 UTC - from mc-4->source-3 "968" 19:18:52.819590772
[2023-07-15T19:18:55Z INFO  dt_instance] received at 2023-07-15 19:18:55.326359463 UTC - from mc-4->source-3 "973" 19:18:55.324959976
[2023-07-15T19:18:57Z INFO  dt_instance] received at 2023-07-15 19:18:57.831613459 UTC - from mc-4->source-3 "978" 19:18:57.830108613
[2023-07-15T19:19:00Z INFO  dt_instance] received at 2023-07-15 19:19:00.336752096 UTC - from mc-4->source-3 "983" 19:19:00.335620738
[2023-07-15T19:19:02Z INFO  dt_instance] received at 2023-07-15 19:19:02.846267144 UTC - from mc-4->source-3 "988" 19:19:02.840484130
[2023-07-15T19:19:05Z INFO  dt_instance] received at 2023-07-15 19:19:05.511382063 UTC - from mc-4->source-4 "991" 19:19:05.510203984
[2023-07-15T19:19:08Z INFO  dt_instance] received at 2023-07-15 19:19:08.840965947 UTC - from mc-4->source-9 "985" 19:19:08.839437136
[2023-07-15T19:19:15Z INFO  dt_instance] received at 2023-07-15 19:19:15.876457903 UTC - from mc-4->source-9 "999" 19:19:15.875150806
