[2023-07-15T19:07:26Z INFO  dt_instance] Current Twin: mc-twin-17
[2023-07-15T19:07:26Z INFO  dt_instance] Replica Name twin-mc-stateful-17
[2023-07-15T19:07:26Z INFO  dt_instance] Sleeping for 850
[2023-07-15T19:21:36Z INFO  dt_instance] Connecting to broker at emqx.dtwins:1883
[2023-07-15T19:21:36Z INFO  dt_instance] Loggin info each 50 messages
[2023-07-15T19:21:36Z INFO  dt_instance] Set max packet size to 60000 KB.
[2023-07-15T19:21:36Z INFO  dt_instance] Refreshing topics for twin - Listen to mc-17/#
[2023-07-15T19:21:36Z INFO  dt_instance] SubAck { pkid: 1, return_codes: [Success(ExactlyOnce)] }
[2023-07-15T19:22:40Z INFO  dt_instance] received at 2023-07-15 19:22:40.231224373 UTC - from mc-17->source-2 "9" 19:22:40.229135333
[2023-07-15T19:22:43Z INFO  dt_instance] received at 2023-07-15 19:22:43.485553927 UTC - from mc-17->source-3 "13" 19:22:43.482948061
[2023-07-15T19:22:45Z INFO  dt_instance] received at 2023-07-15 19:22:45.997391379 UTC - from mc-17->source-1 "23" 19:22:45.995128871
[2023-07-15T19:22:48Z INFO  dt_instance] received at 2023-07-15 19:22:48.502492568 UTC - from mc-17->source-1 "28" 19:22:48.500849917
[2023-07-15T19:22:51Z INFO  dt_instance] received at 2023-07-15 19:22:51.007101872 UTC - from mc-17->source-1 "33" 19:22:51.005757604
[2023-07-15T19:22:53Z INFO  dt_instance] received at 2023-07-15 19:22:53.521541922 UTC - from mc-17->source-3 "33" 19:22:53.515496229
[2023-07-15T19:22:56Z INFO  dt_instance] received at 2023-07-15 19:22:56.023640956 UTC - from mc-17->source-1 "43" 19:22:56.021538153
[2023-07-15T19:22:58Z INFO  dt_instance] received at 2023-07-15 19:22:58.527926843 UTC - from mc-17->source-3 "43" 19:22:58.525988261
[2023-07-15T19:23:01Z INFO  dt_instance] received at 2023-07-15 19:23:01.036057405 UTC - from mc-17->source-1 "53" 19:23:01.032133318
[2023-07-15T19:23:03Z INFO  dt_instance] received at 2023-07-15 19:23:03.543194343 UTC - from mc-17->source-1 "58" 19:23:03.539807501
[2023-07-15T19:23:06Z INFO  dt_instance] received at 2023-07-15 19:23:06.046387258 UTC - from mc-17->source-1 "63" 19:23:06.044458282
[2023-07-15T19:23:08Z INFO  dt_instance] received at 2023-07-15 19:23:08.553292372 UTC - from mc-17->source-1 "68" 19:23:08.550638627
[2023-07-15T19:23:11Z INFO  dt_instance] received at 2023-07-15 19:23:11.059680184 UTC - from mc-17->source-1 "73" 19:23:11.056055361
[2023-07-15T19:23:13Z INFO  dt_instance] received at 2023-07-15 19:23:13.569741011 UTC - from mc-17->source-3 "73" 19:23:13.562838044
[2023-07-15T19:23:16Z INFO  dt_instance] received at 2023-07-15 19:23:16.089246729 UTC - from mc-17->source-3 "78" 19:23:16.080589987
[2023-07-15T19:23:18Z INFO  dt_instance] received at 2023-07-15 19:23:18.588794291 UTC - from mc-17->source-1 "88" 19:23:18.586524818
[2023-07-15T19:23:21Z INFO  dt_instance] received at 2023-07-15 19:23:21.094643207 UTC - from mc-17->source-3 "88" 19:23:21.092481705
[2023-07-15T19:23:23Z INFO  dt_instance] received at 2023-07-15 19:23:23.604632881 UTC - from mc-17->source-1 "98" 19:23:23.598940642
[2023-07-15T19:23:26Z INFO  dt_instance] received at 2023-07-15 19:23:26.116654725 UTC - from mc-17->source-1 "103" 19:23:26.105516093
[2023-07-15T19:23:28Z INFO  dt_instance] received at 2023-07-15 19:23:28.616538154 UTC - from mc-17->source-1 "108" 19:23:28.611027056
[2023-07-15T19:23:31Z INFO  dt_instance] received at 2023-07-15 19:23:31.117885157 UTC - from mc-17->source-1 "113" 19:23:31.116319235
[2023-07-15T19:23:33Z INFO  dt_instance] received at 2023-07-15 19:23:33.623818249 UTC - from mc-17->source-1 "118" 19:23:33.621875852
[2023-07-15T19:23:36Z INFO  dt_instance] received at 2023-07-15 19:23:36.129488181 UTC - from mc-17->source-1 "123" 19:23:36.127373985
[2023-07-15T19:23:38Z INFO  dt_instance] received at 2023-07-15 19:23:38.635205077 UTC - from mc-17->source-1 "128" 19:23:38.632468437
[2023-07-15T19:23:41Z INFO  dt_instance] received at 2023-07-15 19:23:41.140675430 UTC - from mc-17->source-3 "128" 19:23:41.137772577
[2023-07-15T19:23:43Z INFO  dt_instance] received at 2023-07-15 19:23:43.645351963 UTC - from mc-17->source-1 "138" 19:23:43.642801373
[2023-07-15T19:23:46Z INFO  dt_instance] received at 2023-07-15 19:23:46.154309988 UTC - from mc-17->source-3 "138" 19:23:46.148907330
[2023-07-15T19:23:48Z INFO  dt_instance] received at 2023-07-15 19:23:48.656337634 UTC - from mc-17->source-3 "143" 19:23:48.654540532
[2023-07-15T19:23:51Z INFO  dt_instance] received at 2023-07-15 19:23:51.163510858 UTC - from mc-17->source-3 "148" 19:23:51.162435056
[2023-07-15T19:23:53Z INFO  dt_instance] received at 2023-07-15 19:23:53.671710991 UTC - from mc-17->source-3 "153" 19:23:53.669002074
[2023-07-15T19:23:56Z INFO  dt_instance] received at 2023-07-15 19:23:56.177824634 UTC - from mc-17->source-3 "158" 19:23:56.174016758
[2023-07-15T19:23:58Z INFO  dt_instance] received at 2023-07-15 19:23:58.680765533 UTC - from mc-17->source-3 "163" 19:23:58.679072110
[2023-07-15T19:24:01Z INFO  dt_instance] received at 2023-07-15 19:24:01.196141883 UTC - from mc-17->source-1 "173" 19:24:01.193700259
[2023-07-15T19:24:03Z INFO  dt_instance] received at 2023-07-15 19:24:03.700527652 UTC - from mc-17->source-1 "178" 19:24:03.699020033
[2023-07-15T19:24:06Z INFO  dt_instance] received at 2023-07-15 19:24:06.217958728 UTC - from mc-17->source-1 "183" 19:24:06.213017815
[2023-07-15T19:24:08Z INFO  dt_instance] received at 2023-07-15 19:24:08.721306496 UTC - from mc-17->source-1 "188" 19:24:08.719425413
[2023-07-15T19:24:11Z INFO  dt_instance] received at 2023-07-15 19:24:11.229375084 UTC - from mc-17->source-1 "193" 19:24:11.227940132
[2023-07-15T19:24:13Z INFO  dt_instance] received at 2023-07-15 19:24:13.735309738 UTC - from mc-17->source-1 "198" 19:24:13.734031088
[2023-07-15T19:24:16Z INFO  dt_instance] received at 2023-07-15 19:24:16.242413058 UTC - from mc-17->source-1 "203" 19:24:16.239233813
[2023-07-15T19:24:18Z INFO  dt_instance] received at 2023-07-15 19:24:18.746500385 UTC - from mc-17->source-1 "208" 19:24:18.745059541
[2023-07-15T19:24:21Z INFO  dt_instance] received at 2023-07-15 19:24:21.252798318 UTC - from mc-17->source-1 "213" 19:24:21.250487369
[2023-07-15T19:24:23Z INFO  dt_instance] received at 2023-07-15 19:24:23.758016186 UTC - from mc-17->source-1 "218" 19:24:23.756708394
[2023-07-15T19:24:26Z INFO  dt_instance] received at 2023-07-15 19:24:26.264270727 UTC - from mc-17->source-1 "223" 19:24:26.262591286
[2023-07-15T19:24:28Z INFO  dt_instance] received at 2023-07-15 19:24:28.771688098 UTC - from mc-17->source-1 "228" 19:24:28.767964593
[2023-07-15T19:24:31Z INFO  dt_instance] received at 2023-07-15 19:24:31.291007537 UTC - from mc-17->source-1 "233" 19:24:31.274237233
[2023-07-15T19:24:33Z INFO  dt_instance] received at 2023-07-15 19:24:33.784386927 UTC - from mc-17->source-1 "238" 19:24:33.782380381
[2023-07-15T19:24:36Z INFO  dt_instance] received at 2023-07-15 19:24:36.289192338 UTC - from mc-17->source-1 "243" 19:24:36.287639834
[2023-07-15T19:24:38Z INFO  dt_instance] received at 2023-07-15 19:24:38.795884189 UTC - from mc-17->source-1 "248" 19:24:38.793061108
[2023-07-15T19:24:41Z INFO  dt_instance] received at 2023-07-15 19:24:41.301690234 UTC - from mc-17->source-1 "253" 19:24:41.299117649
[2023-07-15T19:24:43Z INFO  dt_instance] received at 2023-07-15 19:24:43.805725389 UTC - from mc-17->source-1 "258" 19:24:43.804068440
[2023-07-15T19:24:46Z INFO  dt_instance] received at 2023-07-15 19:24:46.310985386 UTC - from mc-17->source-1 "263" 19:24:46.309497065
[2023-07-15T19:24:48Z INFO  dt_instance] received at 2023-07-15 19:24:48.816439410 UTC - from mc-17->source-1 "268" 19:24:48.814962107
[2023-07-15T19:24:51Z INFO  dt_instance] received at 2023-07-15 19:24:51.324187258 UTC - from mc-17->source-1 "273" 19:24:51.321672271
[2023-07-15T19:24:53Z INFO  dt_instance] received at 2023-07-15 19:24:53.836199160 UTC - from mc-17->source-1 "278" 19:24:53.826396043
[2023-07-15T19:24:56Z INFO  dt_instance] received at 2023-07-15 19:24:56.334157418 UTC - from mc-17->source-1 "283" 19:24:56.332922457
[2023-07-15T19:24:58Z INFO  dt_instance] received at 2023-07-15 19:24:58.841437747 UTC - from mc-17->source-1 "288" 19:24:58.839321806
[2023-07-15T19:25:01Z INFO  dt_instance] received at 2023-07-15 19:25:01.347067467 UTC - from mc-17->source-1 "293" 19:25:01.344253890
[2023-07-15T19:25:03Z INFO  dt_instance] received at 2023-07-15 19:25:03.854019336 UTC - from mc-17->source-1 "298" 19:25:03.850775229
[2023-07-15T19:25:06Z INFO  dt_instance] received at 2023-07-15 19:25:06.362290625 UTC - from mc-17->source-1 "303" 19:25:06.357395798
[2023-07-15T19:25:08Z INFO  dt_instance] received at 2023-07-15 19:25:08.864201755 UTC - from mc-17->source-1 "308" 19:25:08.862932546
[2023-07-15T19:25:11Z INFO  dt_instance] received at 2023-07-15 19:25:11.372032488 UTC - from mc-17->source-1 "313" 19:25:11.369468230
[2023-07-15T19:25:13Z INFO  dt_instance] received at 2023-07-15 19:25:13.879136996 UTC - from mc-17->source-1 "318" 19:25:13.875565015
[2023-07-15T19:25:16Z INFO  dt_instance] received at 2023-07-15 19:25:16.384359209 UTC - from mc-17->source-1 "323" 19:25:16.381789819
[2023-07-15T19:25:18Z INFO  dt_instance] received at 2023-07-15 19:25:18.891487298 UTC - from mc-17->source-1 "328" 19:25:18.889352383
[2023-07-15T19:25:21Z INFO  dt_instance] received at 2023-07-15 19:25:21.398300387 UTC - from mc-17->source-1 "333" 19:25:21.395749536
[2023-07-15T19:25:23Z INFO  dt_instance] received at 2023-07-15 19:25:23.902745403 UTC - from mc-17->source-1 "338" 19:25:23.900817036
[2023-07-15T19:25:26Z INFO  dt_instance] received at 2023-07-15 19:25:26.411949486 UTC - from mc-17->source-5 "333" 19:25:26.405915059
[2023-07-15T19:25:28Z INFO  dt_instance] received at 2023-07-15 19:25:28.914934836 UTC - from mc-17->source-1 "348" 19:25:28.913015803
[2023-07-15T19:25:31Z INFO  dt_instance] received at 2023-07-15 19:25:31.421746771 UTC - from mc-17->source-1 "353" 19:25:31.419538375
[2023-07-15T19:25:33Z INFO  dt_instance] received at 2023-07-15 19:25:33.926973970 UTC - from mc-17->source-5 "348" 19:25:33.925161732
[2023-07-15T19:25:36Z INFO  dt_instance] received at 2023-07-15 19:25:36.432633087 UTC - from mc-17->source-1 "363" 19:25:36.431150218
[2023-07-15T19:25:38Z INFO  dt_instance] received at 2023-07-15 19:25:38.939903700 UTC - from mc-17->source-1 "368" 19:25:38.936804889
[2023-07-15T19:25:41Z INFO  dt_instance] received at 2023-07-15 19:25:41.447135195 UTC - from mc-17->source-5 "363" 19:25:41.442546126
[2023-07-15T19:25:43Z INFO  dt_instance] received at 2023-07-15 19:25:43.949357380 UTC - from mc-17->source-1 "378" 19:25:43.948003193
[2023-07-15T19:25:46Z INFO  dt_instance] received at 2023-07-15 19:25:46.454508573 UTC - from mc-17->source-1 "383" 19:25:46.453308006
[2023-07-15T19:25:48Z INFO  dt_instance] received at 2023-07-15 19:25:48.961024507 UTC - from mc-17->source-5 "378" 19:25:48.959282479
[2023-07-15T19:25:51Z INFO  dt_instance] received at 2023-07-15 19:25:51.467193211 UTC - from mc-17->source-1 "393" 19:25:51.465991563
[2023-07-15T19:25:53Z INFO  dt_instance] received at 2023-07-15 19:25:53.974336693 UTC - from mc-17->source-5 "388" 19:25:53.973011150
[2023-07-15T19:25:56Z INFO  dt_instance] received at 2023-07-15 19:25:56.481224857 UTC - from mc-17->source-1 "403" 19:25:56.479042001
[2023-07-15T19:25:58Z INFO  dt_instance] received at 2023-07-15 19:25:58.989452910 UTC - from mc-17->source-5 "398" 19:25:58.987021351
[2023-07-15T19:26:01Z INFO  dt_instance] received at 2023-07-15 19:26:01.493639057 UTC - from mc-17->source-5 "403" 19:26:01.492084074
[2023-07-15T19:26:04Z INFO  dt_instance] received at 2023-07-15 19:26:04.000057985 UTC - from mc-17->source-5 "408" 19:26:03.998928727
[2023-07-15T19:26:06Z INFO  dt_instance] received at 2023-07-15 19:26:06.505561743 UTC - from mc-17->source-5 "413" 19:26:06.504280525
[2023-07-15T19:26:09Z INFO  dt_instance] received at 2023-07-15 19:26:09.011306165 UTC - from mc-17->source-5 "418" 19:26:09.010183005
[2023-07-15T19:26:11Z INFO  dt_instance] received at 2023-07-15 19:26:11.518283069 UTC - from mc-17->source-5 "423" 19:26:11.516110039
[2023-07-15T19:26:14Z INFO  dt_instance] received at 2023-07-15 19:26:14.024146522 UTC - from mc-17->source-5 "428" 19:26:14.022669830
[2023-07-15T19:26:16Z INFO  dt_instance] received at 2023-07-15 19:26:16.531490691 UTC - from mc-17->source-5 "433" 19:26:16.529196237
[2023-07-15T19:26:19Z INFO  dt_instance] received at 2023-07-15 19:26:19.037701711 UTC - from mc-17->source-5 "438" 19:26:19.034955896
[2023-07-15T19:26:21Z INFO  dt_instance] received at 2023-07-15 19:26:21.544182546 UTC - from mc-17->source-5 "443" 19:26:21.542885593
[2023-07-15T19:26:24Z INFO  dt_instance] received at 2023-07-15 19:26:24.051403347 UTC - from mc-17->source-5 "448" 19:26:24.050100713
[2023-07-15T19:26:26Z INFO  dt_instance] received at 2023-07-15 19:26:26.556614128 UTC - from mc-17->source-5 "453" 19:26:26.555416343
[2023-07-15T19:26:29Z INFO  dt_instance] received at 2023-07-15 19:26:29.063517236 UTC - from mc-17->source-5 "458" 19:26:29.060992507
[2023-07-15T19:26:31Z INFO  dt_instance] received at 2023-07-15 19:26:31.574438323 UTC - from mc-17->source-5 "463" 19:26:31.569393479
[2023-07-15T19:26:34Z INFO  dt_instance] received at 2023-07-15 19:26:34.075534158 UTC - from mc-17->source-5 "468" 19:26:34.074228634
[2023-07-15T19:26:36Z INFO  dt_instance] received at 2023-07-15 19:26:36.581409186 UTC - from mc-17->source-5 "473" 19:26:36.579986386
[2023-07-15T19:26:39Z INFO  dt_instance] received at 2023-07-15 19:26:39.087245958 UTC - from mc-17->source-5 "478" 19:26:39.085661359
[2023-07-15T19:26:41Z INFO  dt_instance] received at 2023-07-15 19:26:41.593304051 UTC - from mc-17->source-5 "483" 19:26:41.591491920
[2023-07-15T19:26:44Z INFO  dt_instance] received at 2023-07-15 19:26:44.098596245 UTC - from mc-17->source-5 "488" 19:26:44.097156309
[2023-07-15T19:26:46Z INFO  dt_instance] received at 2023-07-15 19:26:46.604679947 UTC - from mc-17->source-5 "493" 19:26:46.603189943
[2023-07-15T19:26:49Z INFO  dt_instance] received at 2023-07-15 19:26:49.110570567 UTC - from mc-17->source-5 "498" 19:26:49.108975724
[2023-07-15T19:26:51Z INFO  dt_instance] received at 2023-07-15 19:26:51.619325099 UTC - from mc-17->source-5 "503" 19:26:51.617995993
[2023-07-15T19:26:54Z INFO  dt_instance] received at 2023-07-15 19:26:54.124443733 UTC - from mc-17->source-5 "508" 19:26:54.123170762
[2023-07-15T19:26:56Z INFO  dt_instance] received at 2023-07-15 19:26:56.629608183 UTC - from mc-17->source-5 "513" 19:26:56.628603668
[2023-07-15T19:26:59Z INFO  dt_instance] received at 2023-07-15 19:26:59.135348355 UTC - from mc-17->source-5 "518" 19:26:59.133874371
[2023-07-15T19:27:01Z INFO  dt_instance] received at 2023-07-15 19:27:01.640409933 UTC - from mc-17->source-5 "523" 19:27:01.638791483
[2023-07-15T19:27:04Z INFO  dt_instance] received at 2023-07-15 19:27:04.145302034 UTC - from mc-17->source-5 "528" 19:27:04.143969646
[2023-07-15T19:27:06Z INFO  dt_instance] received at 2023-07-15 19:27:06.650526814 UTC - from mc-17->source-5 "533" 19:27:06.649057157
[2023-07-15T19:27:09Z INFO  dt_instance] received at 2023-07-15 19:27:09.157359169 UTC - from mc-17->source-5 "538" 19:27:09.154392835
[2023-07-15T19:27:11Z INFO  dt_instance] received at 2023-07-15 19:27:11.663295293 UTC - from mc-17->source-5 "543" 19:27:11.661826723
[2023-07-15T19:27:14Z INFO  dt_instance] received at 2023-07-15 19:27:14.168005373 UTC - from mc-17->source-5 "548" 19:27:14.166290638
[2023-07-15T19:27:16Z INFO  dt_instance] received at 2023-07-15 19:27:16.673819793 UTC - from mc-17->source-5 "553" 19:27:16.671229183
[2023-07-15T19:27:19Z INFO  dt_instance] received at 2023-07-15 19:27:19.179585007 UTC - from mc-17->source-5 "558" 19:27:19.177136264
[2023-07-15T19:27:21Z INFO  dt_instance] received at 2023-07-15 19:27:21.685446801 UTC - from mc-17->source-5 "563" 19:27:21.683837694
[2023-07-15T19:27:24Z INFO  dt_instance] received at 2023-07-15 19:27:24.189365032 UTC - from mc-17->source-5 "568" 19:27:24.188027577
[2023-07-15T19:27:26Z INFO  dt_instance] received at 2023-07-15 19:27:26.694065704 UTC - from mc-17->source-5 "573" 19:27:26.692972940
[2023-07-15T19:27:29Z INFO  dt_instance] received at 2023-07-15 19:27:29.204193059 UTC - from mc-17->source-5 "578" 19:27:29.199991941
[2023-07-15T19:27:31Z INFO  dt_instance] received at 2023-07-15 19:27:31.707145097 UTC - from mc-17->source-5 "583" 19:27:31.705883950
[2023-07-15T19:27:34Z INFO  dt_instance] received at 2023-07-15 19:27:34.212239171 UTC - from mc-17->source-5 "588" 19:27:34.211055668
[2023-07-15T19:27:36Z INFO  dt_instance] received at 2023-07-15 19:27:36.718242343 UTC - from mc-17->source-5 "593" 19:27:36.716970488
[2023-07-15T19:27:39Z INFO  dt_instance] received at 2023-07-15 19:27:39.225492007 UTC - from mc-17->source-5 "598" 19:27:39.221938649
[2023-07-15T19:27:41Z INFO  dt_instance] received at 2023-07-15 19:27:41.728864253 UTC - from mc-17->source-5 "603" 19:27:41.727579625
[2023-07-15T19:27:44Z INFO  dt_instance] received at 2023-07-15 19:27:44.235639878 UTC - from mc-17->source-5 "608" 19:27:44.234242066
[2023-07-15T19:27:46Z INFO  dt_instance] received at 2023-07-15 19:27:46.740726369 UTC - from mc-17->source-5 "613" 19:27:46.739394368
[2023-07-15T19:27:49Z INFO  dt_instance] received at 2023-07-15 19:27:49.246455706 UTC - from mc-17->source-1 "628" 19:27:49.245298446
[2023-07-15T19:27:51Z INFO  dt_instance] received at 2023-07-15 19:27:51.752949492 UTC - from mc-17->source-3 "628" 19:27:51.750981792
[2023-07-15T19:27:54Z INFO  dt_instance] received at 2023-07-15 19:27:54.258327986 UTC - from mc-17->source-3 "633" 19:27:54.257284093
[2023-07-15T19:27:56Z INFO  dt_instance] received at 2023-07-15 19:27:56.765939370 UTC - from mc-17->source-1 "643" 19:27:56.763888953
[2023-07-15T19:27:59Z INFO  dt_instance] received at 2023-07-15 19:27:59.273954503 UTC - from mc-17->source-3 "643" 19:27:59.272778170
[2023-07-15T19:28:01Z INFO  dt_instance] received at 2023-07-15 19:28:01.779854477 UTC - from mc-17->source-3 "648" 19:28:01.778950516
[2023-07-15T19:28:04Z INFO  dt_instance] received at 2023-07-15 19:28:04.290624314 UTC - from mc-17->source-1 "658" 19:28:04.288655375
[2023-07-15T19:28:06Z INFO  dt_instance] received at 2023-07-15 19:28:06.796590982 UTC - from mc-17->source-3 "658" 19:28:06.795271620
[2023-07-15T19:28:09Z INFO  dt_instance] received at 2023-07-15 19:28:09.304714095 UTC - from mc-17->source-3 "663" 19:28:09.301230171
[2023-07-15T19:28:11Z INFO  dt_instance] received at 2023-07-15 19:28:11.808234453 UTC - from mc-17->source-1 "673" 19:28:11.806221602
[2023-07-15T19:28:14Z INFO  dt_instance] received at 2023-07-15 19:28:14.313925873 UTC - from mc-17->source-5 "668" 19:28:14.312774589
[2023-07-15T19:28:16Z INFO  dt_instance] received at 2023-07-15 19:28:16.820348503 UTC - from mc-17->source-5 "673" 19:28:16.819111312
[2023-07-15T19:28:19Z INFO  dt_instance] received at 2023-07-15 19:28:19.326543871 UTC - from mc-17->source-3 "683" 19:28:19.325173712
[2023-07-15T19:28:21Z INFO  dt_instance] received at 2023-07-15 19:28:21.832128586 UTC - from mc-17->source-3 "688" 19:28:21.830764259
[2023-07-15T19:28:24Z INFO  dt_instance] received at 2023-07-15 19:28:24.337239735 UTC - from mc-17->source-5 "688" 19:28:24.335873074
[2023-07-15T19:28:26Z INFO  dt_instance] received at 2023-07-15 19:28:26.842726985 UTC - from mc-17->source-1 "703" 19:28:26.840853157
[2023-07-15T19:28:29Z INFO  dt_instance] received at 2023-07-15 19:28:29.348621698 UTC - from mc-17->source-1 "708" 19:28:29.347285906
[2023-07-15T19:28:31Z INFO  dt_instance] received at 2023-07-15 19:28:31.854379012 UTC - from mc-17->source-5 "703" 19:28:31.853070629
[2023-07-15T19:28:34Z INFO  dt_instance] received at 2023-07-15 19:28:34.361122203 UTC - from mc-17->source-1 "718" 19:28:34.358986226
[2023-07-15T19:28:36Z INFO  dt_instance] received at 2023-07-15 19:28:36.868368268 UTC - from mc-17->source-1 "723" 19:28:36.866355018
[2023-07-15T19:28:39Z INFO  dt_instance] received at 2023-07-15 19:28:39.377944857 UTC - from mc-17->source-1 "728" 19:28:39.372739913
[2023-07-15T19:28:41Z INFO  dt_instance] received at 2023-07-15 19:28:41.882647685 UTC - from mc-17->source-3 "728" 19:28:41.881044682
[2023-07-15T19:28:44Z INFO  dt_instance] received at 2023-07-15 19:28:44.389324199 UTC - from mc-17->source-1 "738" 19:28:44.388061156
[2023-07-15T19:28:46Z INFO  dt_instance] received at 2023-07-15 19:28:46.896089763 UTC - from mc-17->source-3 "738" 19:28:46.894634326
[2023-07-15T19:28:49Z INFO  dt_instance] received at 2023-07-15 19:28:49.406157144 UTC - from mc-17->source-3 "743" 19:28:49.403097949
[2023-07-15T19:28:51Z INFO  dt_instance] received at 2023-07-15 19:28:51.909281319 UTC - from mc-17->source-1 "753" 19:28:51.908048668
[2023-07-15T19:28:54Z INFO  dt_instance] received at 2023-07-15 19:28:54.414752708 UTC - from mc-17->source-1 "758" 19:28:54.412983132
[2023-07-15T19:28:56Z INFO  dt_instance] received at 2023-07-15 19:28:56.922370859 UTC - from mc-17->source-1 "763" 19:28:56.920946710
[2023-07-15T19:28:59Z INFO  dt_instance] received at 2023-07-15 19:28:59.428961383 UTC - from mc-17->source-3 "763" 19:28:59.427562792
[2023-07-15T19:29:01Z INFO  dt_instance] received at 2023-07-15 19:29:01.935400551 UTC - from mc-17->source-3 "768" 19:29:01.933777935
[2023-07-15T19:29:04Z INFO  dt_instance] received at 2023-07-15 19:29:04.440675130 UTC - from mc-17->source-3 "773" 19:29:04.439091983
[2023-07-15T19:29:06Z INFO  dt_instance] received at 2023-07-15 19:29:06.946934222 UTC - from mc-17->source-3 "778" 19:29:06.945108742
[2023-07-15T19:29:09Z INFO  dt_instance] received at 2023-07-15 19:29:09.451415612 UTC - from mc-17->source-1 "788" 19:29:09.450150367
[2023-07-15T19:29:11Z INFO  dt_instance] received at 2023-07-15 19:29:11.957564607 UTC - from mc-17->source-3 "788" 19:29:11.956098029
[2023-07-15T19:29:14Z INFO  dt_instance] received at 2023-07-15 19:29:14.463004125 UTC - from mc-17->source-5 "788" 19:29:14.461862820
[2023-07-15T19:29:16Z INFO  dt_instance] received at 2023-07-15 19:29:16.970438620 UTC - from mc-17->source-1 "803" 19:29:16.968983902
[2023-07-15T19:29:19Z INFO  dt_instance] received at 2023-07-15 19:29:19.477666150 UTC - from mc-17->source-1 "808" 19:29:19.475671476
[2023-07-15T19:29:21Z INFO  dt_instance] received at 2023-07-15 19:29:21.982954615 UTC - from mc-17->source-1 "813" 19:29:21.981344714
[2023-07-15T19:29:24Z INFO  dt_instance] received at 2023-07-15 19:29:24.491306818 UTC - from mc-17->source-3 "813" 19:29:24.488050454
[2023-07-15T19:29:26Z INFO  dt_instance] received at 2023-07-15 19:29:26.996713246 UTC - from mc-17->source-1 "823" 19:29:26.995128692
[2023-07-15T19:29:29Z INFO  dt_instance] received at 2023-07-15 19:29:29.503283922 UTC - from mc-17->source-3 "823" 19:29:29.501997188
[2023-07-15T19:29:32Z INFO  dt_instance] received at 2023-07-15 19:29:32.011049619 UTC - from mc-17->source-3 "828" 19:29:32.009799386
[2023-07-15T19:29:34Z INFO  dt_instance] received at 2023-07-15 19:29:34.517650415 UTC - from mc-17->source-3 "833" 19:29:34.516111653
[2023-07-15T19:29:37Z INFO  dt_instance] received at 2023-07-15 19:29:37.022549896 UTC - from mc-17->source-3 "838" 19:29:37.021700820
[2023-07-15T19:29:39Z INFO  dt_instance] received at 2023-07-15 19:29:39.529015605 UTC - from mc-17->source-3 "843" 19:29:39.527891860
[2023-07-15T19:29:42Z INFO  dt_instance] received at 2023-07-15 19:29:42.036229937 UTC - from mc-17->source-3 "848" 19:29:42.034876481
[2023-07-15T19:29:44Z INFO  dt_instance] received at 2023-07-15 19:29:44.548092132 UTC - from mc-17->source-3 "853" 19:29:44.541313868
[2023-07-15T19:29:47Z INFO  dt_instance] received at 2023-07-15 19:29:47.049359282 UTC - from mc-17->source-3 "858" 19:29:47.047875399
[2023-07-15T19:29:49Z INFO  dt_instance] received at 2023-07-15 19:29:49.555032034 UTC - from mc-17->source-3 "863" 19:29:49.553765443
[2023-07-15T19:29:52Z INFO  dt_instance] received at 2023-07-15 19:29:52.060973228 UTC - from mc-17->source-3 "868" 19:29:52.059875349
[2023-07-15T19:29:54Z INFO  dt_instance] received at 2023-07-15 19:29:54.566935467 UTC - from mc-17->source-3 "873" 19:29:54.565557387
[2023-07-15T19:29:57Z INFO  dt_instance] received at 2023-07-15 19:29:57.074025780 UTC - from mc-17->source-3 "878" 19:29:57.072733732
[2023-07-15T19:29:59Z INFO  dt_instance] received at 2023-07-15 19:29:59.579270050 UTC - from mc-17->source-3 "883" 19:29:59.577927722
[2023-07-15T19:30:02Z INFO  dt_instance] received at 2023-07-15 19:30:02.085241916 UTC - from mc-17->source-3 "888" 19:30:02.084045330
[2023-07-15T19:30:04Z INFO  dt_instance] received at 2023-07-15 19:30:04.591935182 UTC - from mc-17->source-3 "893" 19:30:04.590826552
[2023-07-15T19:30:07Z INFO  dt_instance] received at 2023-07-15 19:30:07.097530239 UTC - from mc-17->source-3 "898" 19:30:07.096292801
[2023-07-15T19:30:09Z INFO  dt_instance] received at 2023-07-15 19:30:09.603681823 UTC - from mc-17->source-3 "903" 19:30:09.602302267
[2023-07-15T19:30:12Z INFO  dt_instance] received at 2023-07-15 19:30:12.114055717 UTC - from mc-17->source-3 "908" 19:30:12.109844527
[2023-07-15T19:30:14Z INFO  dt_instance] received at 2023-07-15 19:30:14.617583164 UTC - from mc-17->source-3 "913" 19:30:14.616406815
[2023-07-15T19:30:17Z INFO  dt_instance] received at 2023-07-15 19:30:17.123720190 UTC - from mc-17->source-3 "918" 19:30:17.122689601
[2023-07-15T19:30:19Z INFO  dt_instance] received at 2023-07-15 19:30:19.638823770 UTC - from mc-17->source-3 "923" 19:30:19.627269797
[2023-07-15T19:30:22Z INFO  dt_instance] received at 2023-07-15 19:30:22.134238773 UTC - from mc-17->source-3 "928" 19:30:22.133247957
[2023-07-15T19:30:24Z INFO  dt_instance] received at 2023-07-15 19:30:24.641305831 UTC - from mc-17->source-3 "933" 19:30:24.639775207
[2023-07-15T19:30:27Z INFO  dt_instance] received at 2023-07-15 19:30:27.148793018 UTC - from mc-17->source-3 "938" 19:30:27.144489230
[2023-07-15T19:30:29Z INFO  dt_instance] received at 2023-07-15 19:30:29.653146456 UTC - from mc-17->source-3 "943" 19:30:29.651939649
[2023-07-15T19:30:32Z INFO  dt_instance] received at 2023-07-15 19:30:32.159456518 UTC - from mc-17->source-3 "948" 19:30:32.158332988
[2023-07-15T19:30:34Z INFO  dt_instance] received at 2023-07-15 19:30:34.664298802 UTC - from mc-17->source-3 "953" 19:30:34.663192039
[2023-07-15T19:30:37Z INFO  dt_instance] received at 2023-07-15 19:30:37.172919508 UTC - from mc-17->source-3 "958" 19:30:37.168680655
[2023-07-15T19:30:39Z INFO  dt_instance] received at 2023-07-15 19:30:39.675181599 UTC - from mc-17->source-3 "963" 19:30:39.674102311
[2023-07-15T19:30:42Z INFO  dt_instance] received at 2023-07-15 19:30:42.181733341 UTC - from mc-17->source-3 "968" 19:30:42.180799366
[2023-07-15T19:30:44Z INFO  dt_instance] received at 2023-07-15 19:30:44.687059142 UTC - from mc-17->source-3 "973" 19:30:44.685693527
[2023-07-15T19:30:47Z INFO  dt_instance] received at 2023-07-15 19:30:47.192733817 UTC - from mc-17->source-3 "978" 19:30:47.191206926
[2023-07-15T19:30:49Z INFO  dt_instance] received at 2023-07-15 19:30:49.699129122 UTC - from mc-17->source-3 "983" 19:30:49.697586160
[2023-07-15T19:30:52Z INFO  dt_instance] received at 2023-07-15 19:30:52.206201070 UTC - from mc-17->source-3 "988" 19:30:52.204199023
[2023-07-15T19:30:54Z INFO  dt_instance] received at 2023-07-15 19:30:54.893706532 UTC - from mc-17->source-6 "986" 19:30:54.892169847
[2023-07-15T19:30:58Z INFO  dt_instance] received at 2023-07-15 19:30:58.160071027 UTC - from mc-17->source-7 "990" 19:30:58.158053501
[2023-07-15T19:31:05Z INFO  dt_instance] received at 2023-07-15 19:31:05.230254896 UTC - from mc-17->source-9 "999" 19:31:05.229045051
