[2023-07-15T19:06:52Z INFO  dt_instance] Current Twin: mc-twin-11
[2023-07-15T19:06:52Z INFO  dt_instance] Replica Name twin-mc-stateful-11
[2023-07-15T19:06:52Z INFO  dt_instance] Sleeping for 550
[2023-07-15T19:16:02Z INFO  dt_instance] Connecting to broker at emqx.dtwins:1883
[2023-07-15T19:16:02Z INFO  dt_instance] Loggin info each 50 messages
[2023-07-15T19:16:02Z INFO  dt_instance] Set max packet size to 60000 KB.
[2023-07-15T19:16:02Z INFO  dt_instance] Refreshing topics for twin - Listen to mc-11/#
[2023-07-15T19:16:02Z INFO  dt_instance] SubAck { pkid: 1, return_codes: [Success(ExactlyOnce)] }
[2023-07-15T19:17:15Z INFO  dt_instance] received at 2023-07-15 19:17:15.759582778 UTC - from mc-11->source-2 "9" 19:17:15.755377474
[2023-07-15T19:17:19Z INFO  dt_instance] received at 2023-07-15 19:17:19.012015929 UTC - from mc-11->source-3 "13" 19:17:19.010285699
[2023-07-15T19:17:21Z INFO  dt_instance] received at 2023-07-15 19:17:21.525755947 UTC - from mc-11->source-1 "23" 19:17:21.524416641
[2023-07-15T19:17:24Z INFO  dt_instance] received at 2023-07-15 19:17:24.031801522 UTC - from mc-11->source-1 "28" 19:17:24.030964493
[2023-07-15T19:17:26Z INFO  dt_instance] received at 2023-07-15 19:17:26.538758350 UTC - from mc-11->source-1 "33" 19:17:26.536710585
[2023-07-15T19:17:29Z INFO  dt_instance] received at 2023-07-15 19:17:29.043998639 UTC - from mc-11->source-1 "38" 19:17:29.042443116
[2023-07-15T19:17:31Z INFO  dt_instance] received at 2023-07-15 19:17:31.549451574 UTC - from mc-11->source-1 "43" 19:17:31.548466178
[2023-07-15T19:17:34Z INFO  dt_instance] received at 2023-07-15 19:17:34.055633028 UTC - from mc-11->source-1 "48" 19:17:34.054427708
[2023-07-15T19:17:36Z INFO  dt_instance] received at 2023-07-15 19:17:36.561878098 UTC - from mc-11->source-1 "53" 19:17:36.560104634
[2023-07-15T19:17:39Z INFO  dt_instance] received at 2023-07-15 19:17:39.066968392 UTC - from mc-11->source-1 "58" 19:17:39.065783504
[2023-07-15T19:17:41Z INFO  dt_instance] received at 2023-07-15 19:17:41.571537756 UTC - from mc-11->source-1 "63" 19:17:41.570488655
[2023-07-15T19:17:44Z INFO  dt_instance] received at 2023-07-15 19:17:44.076766420 UTC - from mc-11->source-1 "68" 19:17:44.075409899
[2023-07-15T19:17:46Z INFO  dt_instance] received at 2023-07-15 19:17:46.584670780 UTC - from mc-11->source-1 "73" 19:17:46.582736387
[2023-07-15T19:17:49Z INFO  dt_instance] received at 2023-07-15 19:17:49.089316558 UTC - from mc-11->source-1 "78" 19:17:49.088061506
[2023-07-15T19:17:51Z INFO  dt_instance] received at 2023-07-15 19:17:51.594789770 UTC - from mc-11->source-1 "83" 19:17:51.593136142
[2023-07-15T19:17:54Z INFO  dt_instance] received at 2023-07-15 19:17:54.102063751 UTC - from mc-11->source-1 "88" 19:17:54.100955825
[2023-07-15T19:17:56Z INFO  dt_instance] received at 2023-07-15 19:17:56.608596055 UTC - from mc-11->source-1 "93" 19:17:56.607659882
[2023-07-15T19:17:59Z INFO  dt_instance] received at 2023-07-15 19:17:59.115609767 UTC - from mc-11->source-1 "98" 19:17:59.113534399
[2023-07-15T19:18:01Z INFO  dt_instance] received at 2023-07-15 19:18:01.621937711 UTC - from mc-11->source-1 "103" 19:18:01.620055953
[2023-07-15T19:18:04Z INFO  dt_instance] received at 2023-07-15 19:18:04.129134166 UTC - from mc-11->source-1 "108" 19:18:04.126561412
[2023-07-15T19:18:06Z INFO  dt_instance] received at 2023-07-15 19:18:06.633609070 UTC - from mc-11->source-1 "113" 19:18:06.631473021
[2023-07-15T19:18:09Z INFO  dt_instance] received at 2023-07-15 19:18:09.137596955 UTC - from mc-11->source-1 "118" 19:18:09.136454194
[2023-07-15T19:18:11Z INFO  dt_instance] received at 2023-07-15 19:18:11.645359999 UTC - from mc-11->source-3 "118" 19:18:11.644108183
[2023-07-15T19:18:14Z INFO  dt_instance] received at 2023-07-15 19:18:14.154599791 UTC - from mc-11->source-1 "128" 19:18:14.153015462
[2023-07-15T19:18:16Z INFO  dt_instance] received at 2023-07-15 19:18:16.661242643 UTC - from mc-11->source-1 "133" 19:18:16.659097406
[2023-07-15T19:18:19Z INFO  dt_instance] received at 2023-07-15 19:18:19.166856555 UTC - from mc-11->source-1 "138" 19:18:19.165190235
[2023-07-15T19:18:21Z INFO  dt_instance] received at 2023-07-15 19:18:21.672571323 UTC - from mc-11->source-1 "143" 19:18:21.671090222
[2023-07-15T19:18:24Z INFO  dt_instance] received at 2023-07-15 19:18:24.183058705 UTC - from mc-11->source-1 "148" 19:18:24.178273828
[2023-07-15T19:18:26Z INFO  dt_instance] received at 2023-07-15 19:18:26.687203319 UTC - from mc-11->source-1 "153" 19:18:26.684076444
[2023-07-15T19:18:29Z INFO  dt_instance] received at 2023-07-15 19:18:29.191489612 UTC - from mc-11->source-1 "158" 19:18:29.189805562
[2023-07-15T19:18:31Z INFO  dt_instance] received at 2023-07-15 19:18:31.698552489 UTC - from mc-11->source-1 "163" 19:18:31.696886043
[2023-07-15T19:18:34Z INFO  dt_instance] received at 2023-07-15 19:18:34.203971412 UTC - from mc-11->source-1 "168" 19:18:34.202418034
[2023-07-15T19:18:36Z INFO  dt_instance] received at 2023-07-15 19:18:36.710183843 UTC - from mc-11->source-1 "173" 19:18:36.707061690
[2023-07-15T19:18:39Z INFO  dt_instance] received at 2023-07-15 19:18:39.215765330 UTC - from mc-11->source-1 "178" 19:18:39.214595102
[2023-07-15T19:18:41Z INFO  dt_instance] received at 2023-07-15 19:18:41.720903809 UTC - from mc-11->source-1 "183" 19:18:41.719665894
[2023-07-15T19:18:44Z INFO  dt_instance] received at 2023-07-15 19:18:44.227199525 UTC - from mc-11->source-1 "188" 19:18:44.225672846
[2023-07-15T19:18:46Z INFO  dt_instance] received at 2023-07-15 19:18:46.732193126 UTC - from mc-11->source-1 "193" 19:18:46.730899892
[2023-07-15T19:18:49Z INFO  dt_instance] received at 2023-07-15 19:18:49.236807367 UTC - from mc-11->source-1 "198" 19:18:49.235251697
[2023-07-15T19:18:51Z INFO  dt_instance] received at 2023-07-15 19:18:51.742010041 UTC - from mc-11->source-1 "203" 19:18:51.740183338
[2023-07-15T19:18:54Z INFO  dt_instance] received at 2023-07-15 19:18:54.248662539 UTC - from mc-11->source-1 "208" 19:18:54.247289343
[2023-07-15T19:18:56Z INFO  dt_instance] received at 2023-07-15 19:18:56.754711849 UTC - from mc-11->source-1 "213" 19:18:56.752658309
[2023-07-15T19:18:59Z INFO  dt_instance] received at 2023-07-15 19:18:59.259239832 UTC - from mc-11->source-1 "218" 19:18:59.258025933
[2023-07-15T19:19:01Z INFO  dt_instance] received at 2023-07-15 19:19:01.766647102 UTC - from mc-11->source-1 "223" 19:19:01.765328972
[2023-07-15T19:19:04Z INFO  dt_instance] received at 2023-07-15 19:19:04.274861394 UTC - from mc-11->source-1 "228" 19:19:04.272514827
[2023-07-15T19:19:06Z INFO  dt_instance] received at 2023-07-15 19:19:06.779668555 UTC - from mc-11->source-1 "233" 19:19:06.777430494
[2023-07-15T19:19:09Z INFO  dt_instance] received at 2023-07-15 19:19:09.284278028 UTC - from mc-11->source-3 "233" 19:19:09.283477092
[2023-07-15T19:19:11Z INFO  dt_instance] received at 2023-07-15 19:19:11.791514354 UTC - from mc-11->source-3 "238" 19:19:11.789307711
[2023-07-15T19:19:14Z INFO  dt_instance] received at 2023-07-15 19:19:14.295955729 UTC - from mc-11->source-1 "248" 19:19:14.294291360
[2023-07-15T19:19:16Z INFO  dt_instance] received at 2023-07-15 19:19:16.802529212 UTC - from mc-11->source-1 "253" 19:19:16.800047600
[2023-07-15T19:19:19Z INFO  dt_instance] received at 2023-07-15 19:19:19.309186855 UTC - from mc-11->source-1 "258" 19:19:19.306878254
[2023-07-15T19:19:21Z INFO  dt_instance] received at 2023-07-15 19:19:21.815358538 UTC - from mc-11->source-1 "263" 19:19:21.814029344
[2023-07-15T19:19:24Z INFO  dt_instance] received at 2023-07-15 19:19:24.321863014 UTC - from mc-11->source-1 "268" 19:19:24.319832057
[2023-07-15T19:19:26Z INFO  dt_instance] received at 2023-07-15 19:19:26.827644952 UTC - from mc-11->source-1 "273" 19:19:26.826296362
[2023-07-15T19:19:29Z INFO  dt_instance] received at 2023-07-15 19:19:29.334426791 UTC - from mc-11->source-1 "278" 19:19:29.332910050
[2023-07-15T19:19:31Z INFO  dt_instance] received at 2023-07-15 19:19:31.838735916 UTC - from mc-11->source-1 "283" 19:19:31.837376369
[2023-07-15T19:19:34Z INFO  dt_instance] received at 2023-07-15 19:19:34.347568348 UTC - from mc-11->source-1 "288" 19:19:34.342626733
[2023-07-15T19:19:36Z INFO  dt_instance] received at 2023-07-15 19:19:36.854274873 UTC - from mc-11->source-1 "293" 19:19:36.851969669
[2023-07-15T19:19:39Z INFO  dt_instance] received at 2023-07-15 19:19:39.360452665 UTC - from mc-11->source-1 "298" 19:19:39.358568814
[2023-07-15T19:19:41Z INFO  dt_instance] received at 2023-07-15 19:19:41.876023268 UTC - from mc-11->source-1 "303" 19:19:41.863917381
[2023-07-15T19:19:44Z INFO  dt_instance] received at 2023-07-15 19:19:44.376447645 UTC - from mc-11->source-1 "308" 19:19:44.371061686
[2023-07-15T19:19:46Z INFO  dt_instance] received at 2023-07-15 19:19:46.878201278 UTC - from mc-11->source-1 "313" 19:19:46.876207838
[2023-07-15T19:19:49Z INFO  dt_instance] received at 2023-07-15 19:19:49.384160681 UTC - from mc-11->source-1 "318" 19:19:49.382139692
[2023-07-15T19:19:51Z INFO  dt_instance] received at 2023-07-15 19:19:51.890154723 UTC - from mc-11->source-1 "323" 19:19:51.888038828
[2023-07-15T19:19:54Z INFO  dt_instance] received at 2023-07-15 19:19:54.394602929 UTC - from mc-11->source-1 "328" 19:19:54.393334232
[2023-07-15T19:19:56Z INFO  dt_instance] received at 2023-07-15 19:19:56.902780250 UTC - from mc-11->source-1 "333" 19:19:56.900596725
[2023-07-15T19:19:59Z INFO  dt_instance] received at 2023-07-15 19:19:59.409967795 UTC - from mc-11->source-1 "338" 19:19:59.406889477
[2023-07-15T19:20:01Z INFO  dt_instance] received at 2023-07-15 19:20:01.913363706 UTC - from mc-11->source-1 "343" 19:20:01.911711863
[2023-07-15T19:20:04Z INFO  dt_instance] received at 2023-07-15 19:20:04.418631235 UTC - from mc-11->source-1 "348" 19:20:04.416862824
[2023-07-15T19:20:06Z INFO  dt_instance] received at 2023-07-15 19:20:06.923470450 UTC - from mc-11->source-1 "353" 19:20:06.921665678
[2023-07-15T19:20:09Z INFO  dt_instance] received at 2023-07-15 19:20:09.431588356 UTC - from mc-11->source-1 "358" 19:20:09.428792530
[2023-07-15T19:20:11Z INFO  dt_instance] received at 2023-07-15 19:20:11.934805638 UTC - from mc-11->source-1 "363" 19:20:11.933238406
[2023-07-15T19:20:14Z INFO  dt_instance] received at 2023-07-15 19:20:14.441237589 UTC - from mc-11->source-1 "368" 19:20:14.439110507
[2023-07-15T19:20:16Z INFO  dt_instance] received at 2023-07-15 19:20:16.951034760 UTC - from mc-11->source-1 "373" 19:20:16.949390622
[2023-07-15T19:20:19Z INFO  dt_instance] received at 2023-07-15 19:20:19.456333723 UTC - from mc-11->source-1 "378" 19:20:19.454328507
[2023-07-15T19:20:21Z INFO  dt_instance] received at 2023-07-15 19:20:21.960908967 UTC - from mc-11->source-1 "383" 19:20:21.959169157
[2023-07-15T19:20:24Z INFO  dt_instance] received at 2023-07-15 19:20:24.466438693 UTC - from mc-11->source-1 "388" 19:20:24.464857065
[2023-07-15T19:20:26Z INFO  dt_instance] received at 2023-07-15 19:20:26.971748299 UTC - from mc-11->source-1 "393" 19:20:26.970079772
[2023-07-15T19:20:29Z INFO  dt_instance] received at 2023-07-15 19:20:29.480197362 UTC - from mc-11->source-1 "398" 19:20:29.476889226
[2023-07-15T19:20:31Z INFO  dt_instance] received at 2023-07-15 19:20:31.983324461 UTC - from mc-11->source-1 "403" 19:20:31.981555658
[2023-07-15T19:20:34Z INFO  dt_instance] received at 2023-07-15 19:20:34.489439898 UTC - from mc-11->source-1 "408" 19:20:34.487830831
[2023-07-15T19:20:36Z INFO  dt_instance] received at 2023-07-15 19:20:36.994228458 UTC - from mc-11->source-1 "413" 19:20:36.992970605
[2023-07-15T19:20:39Z INFO  dt_instance] received at 2023-07-15 19:20:39.501136106 UTC - from mc-11->source-1 "418" 19:20:39.499469092
[2023-07-15T19:20:42Z INFO  dt_instance] received at 2023-07-15 19:20:42.007175175 UTC - from mc-11->source-1 "423" 19:20:42.005702291
[2023-07-15T19:20:44Z INFO  dt_instance] received at 2023-07-15 19:20:44.512354514 UTC - from mc-11->source-1 "428" 19:20:44.510852957
[2023-07-15T19:20:47Z INFO  dt_instance] received at 2023-07-15 19:20:47.017655882 UTC - from mc-11->source-1 "433" 19:20:47.015285341
[2023-07-15T19:20:49Z INFO  dt_instance] received at 2023-07-15 19:20:49.524269197 UTC - from mc-11->source-1 "438" 19:20:49.521943014
[2023-07-15T19:20:52Z INFO  dt_instance] received at 2023-07-15 19:20:52.028626092 UTC - from mc-11->source-1 "443" 19:20:52.027208590
[2023-07-15T19:20:54Z INFO  dt_instance] received at 2023-07-15 19:20:54.541818319 UTC - from mc-11->source-1 "448" 19:20:54.532677635
[2023-07-15T19:20:57Z INFO  dt_instance] received at 2023-07-15 19:20:57.053526583 UTC - from mc-11->source-1 "453" 19:20:57.048667084
[2023-07-15T19:20:59Z INFO  dt_instance] received at 2023-07-15 19:20:59.557496530 UTC - from mc-11->source-1 "458" 19:20:59.555574921
[2023-07-15T19:21:02Z INFO  dt_instance] received at 2023-07-15 19:21:02.062594199 UTC - from mc-11->source-1 "463" 19:21:02.061222214
[2023-07-15T19:21:04Z INFO  dt_instance] received at 2023-07-15 19:21:04.570050945 UTC - from mc-11->source-1 "468" 19:21:04.568056985
[2023-07-15T19:21:07Z INFO  dt_instance] received at 2023-07-15 19:21:07.076446858 UTC - from mc-11->source-1 "473" 19:21:07.074598162
[2023-07-15T19:21:09Z INFO  dt_instance] received at 2023-07-15 19:21:09.582581660 UTC - from mc-11->source-1 "478" 19:21:09.580765516
[2023-07-15T19:21:12Z INFO  dt_instance] received at 2023-07-15 19:21:12.090146846 UTC - from mc-11->source-1 "483" 19:21:12.085733742
[2023-07-15T19:21:14Z INFO  dt_instance] received at 2023-07-15 19:21:14.593725021 UTC - from mc-11->source-1 "488" 19:21:14.592110114
[2023-07-15T19:21:17Z INFO  dt_instance] received at 2023-07-15 19:21:17.100068426 UTC - from mc-11->source-1 "493" 19:21:17.097943258
[2023-07-15T19:21:19Z INFO  dt_instance] received at 2023-07-15 19:21:19.605980398 UTC - from mc-11->source-1 "498" 19:21:19.603457546
[2023-07-15T19:21:22Z INFO  dt_instance] received at 2023-07-15 19:21:22.112891774 UTC - from mc-11->source-1 "503" 19:21:22.109837088
[2023-07-15T19:21:24Z INFO  dt_instance] received at 2023-07-15 19:21:24.616616710 UTC - from mc-11->source-1 "508" 19:21:24.614501472
[2023-07-15T19:21:27Z INFO  dt_instance] received at 2023-07-15 19:21:27.122601256 UTC - from mc-11->source-1 "513" 19:21:27.119951806
[2023-07-15T19:21:29Z INFO  dt_instance] received at 2023-07-15 19:21:29.626738851 UTC - from mc-11->source-1 "518" 19:21:29.625283658
[2023-07-15T19:21:32Z INFO  dt_instance] received at 2023-07-15 19:21:32.132594300 UTC - from mc-11->source-1 "523" 19:21:32.130844658
[2023-07-15T19:21:34Z INFO  dt_instance] received at 2023-07-15 19:21:34.644670477 UTC - from mc-11->source-1 "528" 19:21:34.641429669
[2023-07-15T19:21:37Z INFO  dt_instance] received at 2023-07-15 19:21:37.153268781 UTC - from mc-11->source-1 "533" 19:21:37.148990153
[2023-07-15T19:21:39Z INFO  dt_instance] received at 2023-07-15 19:21:39.657409472 UTC - from mc-11->source-1 "538" 19:21:39.655921588
[2023-07-15T19:21:42Z INFO  dt_instance] received at 2023-07-15 19:21:42.175083111 UTC - from mc-11->source-1 "543" 19:21:42.173752929
[2023-07-15T19:21:44Z INFO  dt_instance] received at 2023-07-15 19:21:44.683754633 UTC - from mc-11->source-1 "548" 19:21:44.680412198
[2023-07-15T19:21:47Z INFO  dt_instance] received at 2023-07-15 19:21:47.196419639 UTC - from mc-11->source-1 "553" 19:21:47.194384228
[2023-07-15T19:21:49Z INFO  dt_instance] received at 2023-07-15 19:21:49.700874074 UTC - from mc-11->source-1 "558" 19:21:49.699580999
[2023-07-15T19:21:52Z INFO  dt_instance] received at 2023-07-15 19:21:52.206070176 UTC - from mc-11->source-1 "563" 19:21:52.204845439
[2023-07-15T19:21:54Z INFO  dt_instance] received at 2023-07-15 19:21:54.711573419 UTC - from mc-11->source-1 "568" 19:21:54.710015443
[2023-07-15T19:21:57Z INFO  dt_instance] received at 2023-07-15 19:21:57.217656041 UTC - from mc-11->source-1 "573" 19:21:57.215505959
[2023-07-15T19:21:59Z INFO  dt_instance] received at 2023-07-15 19:21:59.723929058 UTC - from mc-11->source-1 "578" 19:21:59.721902465
[2023-07-15T19:22:02Z INFO  dt_instance] received at 2023-07-15 19:22:02.230172883 UTC - from mc-11->source-1 "583" 19:22:02.226358282
[2023-07-15T19:22:04Z INFO  dt_instance] received at 2023-07-15 19:22:04.732947378 UTC - from mc-11->source-1 "588" 19:22:04.731518157
[2023-07-15T19:22:07Z INFO  dt_instance] received at 2023-07-15 19:22:07.238717608 UTC - from mc-11->source-1 "593" 19:22:07.237310809
[2023-07-15T19:22:09Z INFO  dt_instance] received at 2023-07-15 19:22:09.744129489 UTC - from mc-11->source-1 "598" 19:22:09.742962841
[2023-07-15T19:22:12Z INFO  dt_instance] received at 2023-07-15 19:22:12.251079697 UTC - from mc-11->source-1 "603" 19:22:12.249157127
[2023-07-15T19:22:14Z INFO  dt_instance] received at 2023-07-15 19:22:14.757187697 UTC - from mc-11->source-1 "608" 19:22:14.755737574
[2023-07-15T19:22:17Z INFO  dt_instance] received at 2023-07-15 19:22:17.265530843 UTC - from mc-11->source-1 "613" 19:22:17.260124209
[2023-07-15T19:22:19Z INFO  dt_instance] received at 2023-07-15 19:22:19.768286184 UTC - from mc-11->source-1 "618" 19:22:19.766652273
[2023-07-15T19:22:22Z INFO  dt_instance] received at 2023-07-15 19:22:22.273023372 UTC - from mc-11->source-1 "623" 19:22:22.271923582
[2023-07-15T19:22:24Z INFO  dt_instance] received at 2023-07-15 19:22:24.778982002 UTC - from mc-11->source-1 "628" 19:22:24.777432163
[2023-07-15T19:22:27Z INFO  dt_instance] received at 2023-07-15 19:22:27.285105504 UTC - from mc-11->source-1 "633" 19:22:27.283857846
[2023-07-15T19:22:29Z INFO  dt_instance] received at 2023-07-15 19:22:29.791028050 UTC - from mc-11->source-1 "638" 19:22:29.789660126
[2023-07-15T19:22:32Z INFO  dt_instance] received at 2023-07-15 19:22:32.297451852 UTC - from mc-11->source-1 "643" 19:22:32.294594076
[2023-07-15T19:22:34Z INFO  dt_instance] received at 2023-07-15 19:22:34.802389387 UTC - from mc-11->source-1 "648" 19:22:34.800576687
[2023-07-15T19:22:37Z INFO  dt_instance] received at 2023-07-15 19:22:37.308532251 UTC - from mc-11->source-1 "653" 19:22:37.306934645
[2023-07-15T19:22:39Z INFO  dt_instance] received at 2023-07-15 19:22:39.813866264 UTC - from mc-11->source-1 "658" 19:22:39.812469819
[2023-07-15T19:22:42Z INFO  dt_instance] received at 2023-07-15 19:22:42.323165964 UTC - from mc-11->source-1 "663" 19:22:42.318924956
[2023-07-15T19:22:44Z INFO  dt_instance] received at 2023-07-15 19:22:44.826179572 UTC - from mc-11->source-1 "668" 19:22:44.824273931
[2023-07-15T19:22:47Z INFO  dt_instance] received at 2023-07-15 19:22:47.331332474 UTC - from mc-11->source-1 "673" 19:22:47.329682810
[2023-07-15T19:22:49Z INFO  dt_instance] received at 2023-07-15 19:22:49.835913619 UTC - from mc-11->source-1 "678" 19:22:49.834087773
[2023-07-15T19:22:52Z INFO  dt_instance] received at 2023-07-15 19:22:52.356873283 UTC - from mc-11->source-1 "683" 19:22:52.340330879
[2023-07-15T19:22:54Z INFO  dt_instance] received at 2023-07-15 19:22:54.850414285 UTC - from mc-11->source-1 "688" 19:22:54.847345320
[2023-07-15T19:22:57Z INFO  dt_instance] received at 2023-07-15 19:22:57.356816677 UTC - from mc-11->source-1 "693" 19:22:57.354892145
[2023-07-15T19:22:59Z INFO  dt_instance] received at 2023-07-15 19:22:59.868929931 UTC - from mc-11->source-1 "698" 19:22:59.859218996
[2023-07-15T19:23:02Z INFO  dt_instance] received at 2023-07-15 19:23:02.367411209 UTC - from mc-11->source-1 "703" 19:23:02.364827737
[2023-07-15T19:23:04Z INFO  dt_instance] received at 2023-07-15 19:23:04.871880898 UTC - from mc-11->source-1 "708" 19:23:04.870563534
[2023-07-15T19:23:07Z INFO  dt_instance] received at 2023-07-15 19:23:07.376675079 UTC - from mc-11->source-1 "713" 19:23:07.375424957
[2023-07-15T19:23:09Z INFO  dt_instance] received at 2023-07-15 19:23:09.883647404 UTC - from mc-11->source-1 "718" 19:23:09.881537248
[2023-07-15T19:23:12Z INFO  dt_instance] received at 2023-07-15 19:23:12.391360719 UTC - from mc-11->source-1 "723" 19:23:12.386426420
[2023-07-15T19:23:14Z INFO  dt_instance] received at 2023-07-15 19:23:14.896099186 UTC - from mc-11->source-1 "728" 19:23:14.893493076
[2023-07-15T19:23:17Z INFO  dt_instance] received at 2023-07-15 19:23:17.401133231 UTC - from mc-11->source-1 "733" 19:23:17.398609159
[2023-07-15T19:23:19Z INFO  dt_instance] received at 2023-07-15 19:23:19.906317326 UTC - from mc-11->source-1 "738" 19:23:19.903950557
[2023-07-15T19:23:22Z INFO  dt_instance] received at 2023-07-15 19:23:22.410612355 UTC - from mc-11->source-1 "743" 19:23:22.409598709
[2023-07-15T19:23:24Z INFO  dt_instance] received at 2023-07-15 19:23:24.917219212 UTC - from mc-11->source-1 "748" 19:23:24.915859182
[2023-07-15T19:23:27Z INFO  dt_instance] received at 2023-07-15 19:23:27.421410948 UTC - from mc-11->source-1 "753" 19:23:27.420454568
[2023-07-15T19:23:29Z INFO  dt_instance] received at 2023-07-15 19:23:29.930860465 UTC - from mc-11->source-1 "758" 19:23:29.927031054
[2023-07-15T19:23:32Z INFO  dt_instance] received at 2023-07-15 19:23:32.435197828 UTC - from mc-11->source-1 "763" 19:23:32.433844210
[2023-07-15T19:23:34Z INFO  dt_instance] received at 2023-07-15 19:23:34.941844311 UTC - from mc-11->source-1 "768" 19:23:34.940239068
[2023-07-15T19:23:37Z INFO  dt_instance] received at 2023-07-15 19:23:37.446979347 UTC - from mc-11->source-1 "773" 19:23:37.445732860
[2023-07-15T19:23:39Z INFO  dt_instance] received at 2023-07-15 19:23:39.955852461 UTC - from mc-11->source-1 "778" 19:23:39.953704266
[2023-07-15T19:23:42Z INFO  dt_instance] received at 2023-07-15 19:23:42.461542253 UTC - from mc-11->source-1 "783" 19:23:42.459469360
[2023-07-15T19:23:44Z INFO  dt_instance] received at 2023-07-15 19:23:44.967862337 UTC - from mc-11->source-1 "788" 19:23:44.965708609
[2023-07-15T19:23:47Z INFO  dt_instance] received at 2023-07-15 19:23:47.472605662 UTC - from mc-11->source-1 "793" 19:23:47.470673491
[2023-07-15T19:23:49Z INFO  dt_instance] received at 2023-07-15 19:23:49.976797169 UTC - from mc-11->source-1 "798" 19:23:49.975404100
[2023-07-15T19:23:52Z INFO  dt_instance] received at 2023-07-15 19:23:52.483797117 UTC - from mc-11->source-1 "803" 19:23:52.482311534
[2023-07-15T19:23:54Z INFO  dt_instance] received at 2023-07-15 19:23:54.989217870 UTC - from mc-11->source-1 "808" 19:23:54.987093543
[2023-07-15T19:23:57Z INFO  dt_instance] received at 2023-07-15 19:23:57.498181765 UTC - from mc-11->source-1 "813" 19:23:57.496117253
[2023-07-15T19:24:00Z INFO  dt_instance] received at 2023-07-15 19:24:00.015431363 UTC - from mc-11->source-1 "818" 19:24:00.002689559
[2023-07-15T19:24:02Z INFO  dt_instance] received at 2023-07-15 19:24:02.510032348 UTC - from mc-11->source-1 "823" 19:24:02.508325596
[2023-07-15T19:24:05Z INFO  dt_instance] received at 2023-07-15 19:24:05.014953895 UTC - from mc-11->source-1 "828" 19:24:05.013695312
[2023-07-15T19:24:07Z INFO  dt_instance] received at 2023-07-15 19:24:07.520511784 UTC - from mc-11->source-1 "833" 19:24:07.519447453
[2023-07-15T19:24:10Z INFO  dt_instance] received at 2023-07-15 19:24:10.028669401 UTC - from mc-11->source-1 "838" 19:24:10.024429124
[2023-07-15T19:24:12Z INFO  dt_instance] received at 2023-07-15 19:24:12.532986093 UTC - from mc-11->source-1 "843" 19:24:12.530272600
[2023-07-15T19:24:15Z INFO  dt_instance] received at 2023-07-15 19:24:15.039268563 UTC - from mc-11->source-1 "848" 19:24:15.036998194
[2023-07-15T19:24:17Z INFO  dt_instance] received at 2023-07-15 19:24:17.544742878 UTC - from mc-11->source-1 "853" 19:24:17.542908640
[2023-07-15T19:24:20Z INFO  dt_instance] received at 2023-07-15 19:24:20.051004041 UTC - from mc-11->source-1 "858" 19:24:20.049802613
[2023-07-15T19:24:22Z INFO  dt_instance] received at 2023-07-15 19:24:22.556818209 UTC - from mc-11->source-1 "863" 19:24:22.554904423
[2023-07-15T19:24:25Z INFO  dt_instance] received at 2023-07-15 19:24:25.064288863 UTC - from mc-11->source-1 "868" 19:24:25.061417598
[2023-07-15T19:24:27Z INFO  dt_instance] received at 2023-07-15 19:24:27.570392921 UTC - from mc-11->source-1 "873" 19:24:27.568476226
[2023-07-15T19:24:30Z INFO  dt_instance] received at 2023-07-15 19:24:30.075340749 UTC - from mc-11->source-1 "878" 19:24:30.073510887
[2023-07-15T19:24:32Z INFO  dt_instance] received at 2023-07-15 19:24:32.580619525 UTC - from mc-11->source-1 "883" 19:24:32.579152111
[2023-07-15T19:24:35Z INFO  dt_instance] received at 2023-07-15 19:24:35.086142066 UTC - from mc-11->source-1 "888" 19:24:35.084799312
[2023-07-15T19:24:37Z INFO  dt_instance] received at 2023-07-15 19:24:37.591278186 UTC - from mc-11->source-1 "893" 19:24:37.589522542
[2023-07-15T19:24:40Z INFO  dt_instance] received at 2023-07-15 19:24:40.096926387 UTC - from mc-11->source-1 "898" 19:24:40.094607511
[2023-07-15T19:24:42Z INFO  dt_instance] received at 2023-07-15 19:24:42.602830554 UTC - from mc-11->source-1 "903" 19:24:42.601063745
[2023-07-15T19:24:45Z INFO  dt_instance] received at 2023-07-15 19:24:45.108914987 UTC - from mc-11->source-1 "908" 19:24:45.106555848
[2023-07-15T19:24:47Z INFO  dt_instance] received at 2023-07-15 19:24:47.612912663 UTC - from mc-11->source-1 "913" 19:24:47.611337435
[2023-07-15T19:24:50Z INFO  dt_instance] received at 2023-07-15 19:24:50.117762263 UTC - from mc-11->source-1 "918" 19:24:50.116458823
[2023-07-15T19:24:52Z INFO  dt_instance] received at 2023-07-15 19:24:52.624687328 UTC - from mc-11->source-1 "923" 19:24:52.622303986
[2023-07-15T19:24:55Z INFO  dt_instance] received at 2023-07-15 19:24:55.128442925 UTC - from mc-11->source-1 "928" 19:24:55.127126069
[2023-07-15T19:24:57Z INFO  dt_instance] received at 2023-07-15 19:24:57.636102350 UTC - from mc-11->source-1 "933" 19:24:57.634279564
[2023-07-15T19:25:00Z INFO  dt_instance] received at 2023-07-15 19:25:00.141982048 UTC - from mc-11->source-1 "938" 19:25:00.140732317
[2023-07-15T19:25:02Z INFO  dt_instance] received at 2023-07-15 19:25:02.647602402 UTC - from mc-11->source-1 "943" 19:25:02.645948641
[2023-07-15T19:25:05Z INFO  dt_instance] received at 2023-07-15 19:25:05.155542374 UTC - from mc-11->source-1 "948" 19:25:05.151613346
[2023-07-15T19:25:07Z INFO  dt_instance] received at 2023-07-15 19:25:07.659373729 UTC - from mc-11->source-1 "953" 19:25:07.657866845
[2023-07-15T19:25:10Z INFO  dt_instance] received at 2023-07-15 19:25:10.164266077 UTC - from mc-11->source-1 "958" 19:25:10.162943738
[2023-07-15T19:25:12Z INFO  dt_instance] received at 2023-07-15 19:25:12.669219261 UTC - from mc-11->source-1 "963" 19:25:12.667174764
[2023-07-15T19:25:15Z INFO  dt_instance] received at 2023-07-15 19:25:15.174104937 UTC - from mc-11->source-1 "968" 19:25:15.172292275
[2023-07-15T19:25:17Z INFO  dt_instance] received at 2023-07-15 19:25:17.679448325 UTC - from mc-11->source-1 "973" 19:25:17.677941376
[2023-07-15T19:25:20Z INFO  dt_instance] received at 2023-07-15 19:25:20.184246008 UTC - from mc-11->source-1 "978" 19:25:20.183254306
[2023-07-15T19:25:22Z INFO  dt_instance] received at 2023-07-15 19:25:22.690908045 UTC - from mc-11->source-1 "983" 19:25:22.688093592
[2023-07-15T19:25:25Z INFO  dt_instance] received at 2023-07-15 19:25:25.197580989 UTC - from mc-11->source-5 "978" 19:25:25.194363523
[2023-07-15T19:25:27Z INFO  dt_instance] received at 2023-07-15 19:25:27.711152543 UTC - from mc-11->source-3 "988" 19:25:27.700225630
[2023-07-15T19:25:30Z INFO  dt_instance] received at 2023-07-15 19:25:30.435121002 UTC - from mc-11->source-8 "981" 19:25:30.433088701
[2023-07-15T19:25:33Z INFO  dt_instance] received at 2023-07-15 19:25:33.684881487 UTC - from mc-11->source-9 "985" 19:25:33.683302116
[2023-07-15T19:25:40Z INFO  dt_instance] received at 2023-07-15 19:25:40.701669086 UTC - from mc-11->source-9 "999" 19:25:40.699760566
