[2023-07-15T19:06:38Z INFO  dt_instance] Current Twin: mc-twin-8
[2023-07-15T19:06:38Z INFO  dt_instance] Replica Name twin-mc-stateful-8
[2023-07-15T19:06:38Z INFO  dt_instance] Sleeping for 400
[2023-07-15T19:13:18Z INFO  dt_instance] Connecting to broker at emqx.dtwins:1883
[2023-07-15T19:13:18Z INFO  dt_instance] Loggin info each 50 messages
[2023-07-15T19:13:18Z INFO  dt_instance] Set max packet size to 60000 KB.
[2023-07-15T19:13:18Z INFO  dt_instance] Refreshing topics for twin - Listen to mc-8/#
[2023-07-15T19:13:18Z INFO  dt_instance] SubAck { pkid: 1, return_codes: [Success(ExactlyOnce)] }
[2023-07-15T19:14:30Z INFO  dt_instance] received at 2023-07-15 19:14:30.188232056 UTC - from mc-8->source-2 "9" 19:14:30.187329778
[2023-07-15T19:14:33Z INFO  dt_instance] received at 2023-07-15 19:14:33.445058166 UTC - from mc-8->source-3 "13" 19:14:33.443963970
[2023-07-15T19:14:35Z INFO  dt_instance] received at 2023-07-15 19:14:35.972537986 UTC - from mc-8->source-1 "23" 19:14:35.970796495
[2023-07-15T19:14:38Z INFO  dt_instance] received at 2023-07-15 19:14:38.479338504 UTC - from mc-8->source-1 "28" 19:14:38.476489560
[2023-07-15T19:14:40Z INFO  dt_instance] received at 2023-07-15 19:14:40.983764879 UTC - from mc-8->source-1 "33" 19:14:40.982026783
[2023-07-15T19:14:43Z INFO  dt_instance] received at 2023-07-15 19:14:43.492216965 UTC - from mc-8->source-1 "38" 19:14:43.487633566
[2023-07-15T19:14:45Z INFO  dt_instance] received at 2023-07-15 19:14:45.994973073 UTC - from mc-8->source-1 "43" 19:14:45.993816118
[2023-07-15T19:14:48Z INFO  dt_instance] received at 2023-07-15 19:14:48.499836672 UTC - from mc-8->source-1 "48" 19:14:48.498300850
[2023-07-15T19:14:51Z INFO  dt_instance] received at 2023-07-15 19:14:51.007339294 UTC - from mc-8->source-1 "53" 19:14:51.005955105
[2023-07-15T19:14:53Z INFO  dt_instance] received at 2023-07-15 19:14:53.513755520 UTC - from mc-8->source-1 "58" 19:14:53.512121124
[2023-07-15T19:14:56Z INFO  dt_instance] received at 2023-07-15 19:14:56.019626241 UTC - from mc-8->source-1 "63" 19:14:56.017989316
[2023-07-15T19:14:58Z INFO  dt_instance] received at 2023-07-15 19:14:58.530844098 UTC - from mc-8->source-1 "68" 19:14:58.522428580
[2023-07-15T19:15:01Z INFO  dt_instance] received at 2023-07-15 19:15:01.029783854 UTC - from mc-8->source-1 "73" 19:15:01.028155745
[2023-07-15T19:15:03Z INFO  dt_instance] received at 2023-07-15 19:15:03.534608053 UTC - from mc-8->source-1 "78" 19:15:03.533190250
[2023-07-15T19:15:06Z INFO  dt_instance] received at 2023-07-15 19:15:06.039794963 UTC - from mc-8->source-1 "83" 19:15:06.038458757
[2023-07-15T19:15:08Z INFO  dt_instance] received at 2023-07-15 19:15:08.546199300 UTC - from mc-8->source-1 "88" 19:15:08.544549346
[2023-07-15T19:15:11Z INFO  dt_instance] received at 2023-07-15 19:15:11.051121256 UTC - from mc-8->source-1 "93" 19:15:11.049772399
[2023-07-15T19:15:13Z INFO  dt_instance] received at 2023-07-15 19:15:13.556592290 UTC - from mc-8->source-1 "98" 19:15:13.555415822
[2023-07-15T19:15:16Z INFO  dt_instance] received at 2023-07-15 19:15:16.062810661 UTC - from mc-8->source-1 "103" 19:15:16.061625802
[2023-07-15T19:15:18Z INFO  dt_instance] received at 2023-07-15 19:15:18.571684778 UTC - from mc-8->source-1 "108" 19:15:18.567951526
[2023-07-15T19:15:21Z INFO  dt_instance] received at 2023-07-15 19:15:21.075217730 UTC - from mc-8->source-1 "113" 19:15:21.073467990
[2023-07-15T19:15:23Z INFO  dt_instance] received at 2023-07-15 19:15:23.586415414 UTC - from mc-8->source-1 "118" 19:15:23.578478560
[2023-07-15T19:15:26Z INFO  dt_instance] received at 2023-07-15 19:15:26.085807421 UTC - from mc-8->source-1 "123" 19:15:26.084388263
[2023-07-15T19:15:28Z INFO  dt_instance] received at 2023-07-15 19:15:28.591831478 UTC - from mc-8->source-1 "128" 19:15:28.589977588
[2023-07-15T19:15:31Z INFO  dt_instance] received at 2023-07-15 19:15:31.096059082 UTC - from mc-8->source-1 "133" 19:15:31.094231086
[2023-07-15T19:15:33Z INFO  dt_instance] received at 2023-07-15 19:15:33.602041330 UTC - from mc-8->source-1 "138" 19:15:33.600455756
[2023-07-15T19:15:36Z INFO  dt_instance] received at 2023-07-15 19:15:36.106510183 UTC - from mc-8->source-1 "143" 19:15:36.105204020
[2023-07-15T19:15:38Z INFO  dt_instance] received at 2023-07-15 19:15:38.613105883 UTC - from mc-8->source-1 "148" 19:15:38.611777559
[2023-07-15T19:15:41Z INFO  dt_instance] received at 2023-07-15 19:15:41.121502682 UTC - from mc-8->source-1 "153" 19:15:41.120090003
[2023-07-15T19:15:43Z INFO  dt_instance] received at 2023-07-15 19:15:43.633304099 UTC - from mc-8->source-1 "158" 19:15:43.631878470
[2023-07-15T19:15:46Z INFO  dt_instance] received at 2023-07-15 19:15:46.145454293 UTC - from mc-8->source-1 "163" 19:15:46.137816985
[2023-07-15T19:15:48Z INFO  dt_instance] received at 2023-07-15 19:15:48.647300218 UTC - from mc-8->source-1 "168" 19:15:48.642867089
[2023-07-15T19:15:51Z INFO  dt_instance] received at 2023-07-15 19:15:51.150245783 UTC - from mc-8->source-1 "173" 19:15:51.148426269
[2023-07-15T19:15:53Z INFO  dt_instance] received at 2023-07-15 19:15:53.654758680 UTC - from mc-8->source-1 "178" 19:15:53.653617260
[2023-07-15T19:15:56Z INFO  dt_instance] received at 2023-07-15 19:15:56.159641787 UTC - from mc-8->source-1 "183" 19:15:56.158452826
[2023-07-15T19:15:58Z INFO  dt_instance] received at 2023-07-15 19:15:58.667441207 UTC - from mc-8->source-1 "188" 19:15:58.665564619
[2023-07-15T19:16:01Z INFO  dt_instance] received at 2023-07-15 19:16:01.174150220 UTC - from mc-8->source-1 "193" 19:16:01.172489341
[2023-07-15T19:16:03Z INFO  dt_instance] received at 2023-07-15 19:16:03.692136767 UTC - from mc-8->source-1 "198" 19:16:03.690801961
[2023-07-15T19:16:06Z INFO  dt_instance] received at 2023-07-15 19:16:06.197305781 UTC - from mc-8->source-1 "203" 19:16:06.195526505
[2023-07-15T19:16:08Z INFO  dt_instance] received at 2023-07-15 19:16:08.705537544 UTC - from mc-8->source-1 "208" 19:16:08.701685093
[2023-07-15T19:16:11Z INFO  dt_instance] received at 2023-07-15 19:16:11.208392655 UTC - from mc-8->source-1 "213" 19:16:11.207036598
[2023-07-15T19:16:13Z INFO  dt_instance] received at 2023-07-15 19:16:13.716183576 UTC - from mc-8->source-1 "218" 19:16:13.715012143
[2023-07-15T19:16:16Z INFO  dt_instance] received at 2023-07-15 19:16:16.223014743 UTC - from mc-8->source-1 "223" 19:16:16.221470950
[2023-07-15T19:16:18Z INFO  dt_instance] received at 2023-07-15 19:16:18.729017367 UTC - from mc-8->source-1 "228" 19:16:18.726915093
[2023-07-15T19:16:21Z INFO  dt_instance] received at 2023-07-15 19:16:21.235189925 UTC - from mc-8->source-1 "233" 19:16:21.233638196
[2023-07-15T19:16:23Z INFO  dt_instance] received at 2023-07-15 19:16:23.739937642 UTC - from mc-8->source-1 "238" 19:16:23.738619642
[2023-07-15T19:16:26Z INFO  dt_instance] received at 2023-07-15 19:16:26.246350249 UTC - from mc-8->source-1 "243" 19:16:26.244601216
[2023-07-15T19:16:28Z INFO  dt_instance] received at 2023-07-15 19:16:28.751290179 UTC - from mc-8->source-1 "248" 19:16:28.750114375
[2023-07-15T19:16:31Z INFO  dt_instance] received at 2023-07-15 19:16:31.257096306 UTC - from mc-8->source-1 "253" 19:16:31.255453168
[2023-07-15T19:16:33Z INFO  dt_instance] received at 2023-07-15 19:16:33.763716731 UTC - from mc-8->source-1 "258" 19:16:33.760872093
[2023-07-15T19:16:36Z INFO  dt_instance] received at 2023-07-15 19:16:36.268217686 UTC - from mc-8->source-1 "263" 19:16:36.266430392
[2023-07-15T19:16:38Z INFO  dt_instance] received at 2023-07-15 19:16:38.774364244 UTC - from mc-8->source-1 "268" 19:16:38.773056164
[2023-07-15T19:16:41Z INFO  dt_instance] received at 2023-07-15 19:16:41.286681518 UTC - from mc-8->source-1 "273" 19:16:41.279838325
[2023-07-15T19:16:43Z INFO  dt_instance] received at 2023-07-15 19:16:43.786906439 UTC - from mc-8->source-1 "278" 19:16:43.784616768
[2023-07-15T19:16:46Z INFO  dt_instance] received at 2023-07-15 19:16:46.291481187 UTC - from mc-8->source-1 "283" 19:16:46.290254617
[2023-07-15T19:16:48Z INFO  dt_instance] received at 2023-07-15 19:16:48.797521019 UTC - from mc-8->source-1 "288" 19:16:48.796476419
[2023-07-15T19:16:51Z INFO  dt_instance] received at 2023-07-15 19:16:51.305038874 UTC - from mc-8->source-1 "293" 19:16:51.302018111
[2023-07-15T19:16:53Z INFO  dt_instance] received at 2023-07-15 19:16:53.810738287 UTC - from mc-8->source-1 "298" 19:16:53.809520516
[2023-07-15T19:16:56Z INFO  dt_instance] received at 2023-07-15 19:16:56.316472581 UTC - from mc-8->source-1 "303" 19:16:56.314287352
[2023-07-15T19:16:58Z INFO  dt_instance] received at 2023-07-15 19:16:58.820847570 UTC - from mc-8->source-1 "308" 19:16:58.819157895
[2023-07-15T19:17:01Z INFO  dt_instance] received at 2023-07-15 19:17:01.327066207 UTC - from mc-8->source-1 "313" 19:17:01.325733348
[2023-07-15T19:17:03Z INFO  dt_instance] received at 2023-07-15 19:17:03.831939661 UTC - from mc-8->source-1 "318" 19:17:03.830727238
[2023-07-15T19:17:06Z INFO  dt_instance] received at 2023-07-15 19:17:06.338999061 UTC - from mc-8->source-1 "323" 19:17:06.337111012
[2023-07-15T19:17:08Z INFO  dt_instance] received at 2023-07-15 19:17:08.846293133 UTC - from mc-8->source-1 "328" 19:17:08.843906428
[2023-07-15T19:17:11Z INFO  dt_instance] received at 2023-07-15 19:17:11.351953045 UTC - from mc-8->source-1 "333" 19:17:11.349405624
[2023-07-15T19:17:13Z INFO  dt_instance] received at 2023-07-15 19:17:13.859576743 UTC - from mc-8->source-1 "338" 19:17:13.857796478
[2023-07-15T19:17:16Z INFO  dt_instance] received at 2023-07-15 19:17:16.365281808 UTC - from mc-8->source-1 "343" 19:17:16.363945554
[2023-07-15T19:17:18Z INFO  dt_instance] received at 2023-07-15 19:17:18.870754554 UTC - from mc-8->source-1 "348" 19:17:18.869169449
[2023-07-15T19:17:21Z INFO  dt_instance] received at 2023-07-15 19:17:21.376159696 UTC - from mc-8->source-1 "353" 19:17:21.375069415
[2023-07-15T19:17:23Z INFO  dt_instance] received at 2023-07-15 19:17:23.882708997 UTC - from mc-8->source-1 "358" 19:17:23.881215863
[2023-07-15T19:17:26Z INFO  dt_instance] received at 2023-07-15 19:17:26.388512160 UTC - from mc-8->source-1 "363" 19:17:26.387261095
[2023-07-15T19:17:28Z INFO  dt_instance] received at 2023-07-15 19:17:28.893317391 UTC - from mc-8->source-1 "368" 19:17:28.892209172
[2023-07-15T19:17:31Z INFO  dt_instance] received at 2023-07-15 19:17:31.399404217 UTC - from mc-8->source-1 "373" 19:17:31.398027645
[2023-07-15T19:17:33Z INFO  dt_instance] received at 2023-07-15 19:17:33.905548233 UTC - from mc-8->source-1 "378" 19:17:33.903453917
[2023-07-15T19:17:36Z INFO  dt_instance] received at 2023-07-15 19:17:36.410534386 UTC - from mc-8->source-1 "383" 19:17:36.408639729
[2023-07-15T19:17:38Z INFO  dt_instance] received at 2023-07-15 19:17:38.917303320 UTC - from mc-8->source-1 "388" 19:17:38.915603031
[2023-07-15T19:17:41Z INFO  dt_instance] received at 2023-07-15 19:17:41.422880744 UTC - from mc-8->source-1 "393" 19:17:41.421603149
[2023-07-15T19:17:43Z INFO  dt_instance] received at 2023-07-15 19:17:43.927591015 UTC - from mc-8->source-1 "398" 19:17:43.926247361
[2023-07-15T19:17:46Z INFO  dt_instance] received at 2023-07-15 19:17:46.434622602 UTC - from mc-8->source-1 "403" 19:17:46.432398638
[2023-07-15T19:17:48Z INFO  dt_instance] received at 2023-07-15 19:17:48.938983177 UTC - from mc-8->source-1 "408" 19:17:48.937402715
[2023-07-15T19:17:51Z INFO  dt_instance] received at 2023-07-15 19:17:51.445839054 UTC - from mc-8->source-1 "413" 19:17:51.444630093
[2023-07-15T19:17:53Z INFO  dt_instance] received at 2023-07-15 19:17:53.950923465 UTC - from mc-8->source-1 "418" 19:17:53.949614071
[2023-07-15T19:17:56Z INFO  dt_instance] received at 2023-07-15 19:17:56.455621732 UTC - from mc-8->source-1 "423" 19:17:56.454495968
[2023-07-15T19:17:58Z INFO  dt_instance] received at 2023-07-15 19:17:58.963842672 UTC - from mc-8->source-1 "428" 19:17:58.961738870
[2023-07-15T19:18:01Z INFO  dt_instance] received at 2023-07-15 19:18:01.468715125 UTC - from mc-8->source-1 "433" 19:18:01.467654321
[2023-07-15T19:18:03Z INFO  dt_instance] received at 2023-07-15 19:18:03.975816496 UTC - from mc-8->source-1 "438" 19:18:03.973958958
[2023-07-15T19:18:06Z INFO  dt_instance] received at 2023-07-15 19:18:06.481432191 UTC - from mc-8->source-1 "443" 19:18:06.478688911
[2023-07-15T19:18:08Z INFO  dt_instance] received at 2023-07-15 19:18:08.986833696 UTC - from mc-8->source-1 "448" 19:18:08.983452830
[2023-07-15T19:18:11Z INFO  dt_instance] received at 2023-07-15 19:18:11.490388216 UTC - from mc-8->source-1 "453" 19:18:11.488170657
[2023-07-15T19:18:13Z INFO  dt_instance] received at 2023-07-15 19:18:13.995790395 UTC - from mc-8->source-1 "458" 19:18:13.994357683
[2023-07-15T19:18:16Z INFO  dt_instance] received at 2023-07-15 19:18:16.500895679 UTC - from mc-8->source-1 "463" 19:18:16.499142161
[2023-07-15T19:18:19Z INFO  dt_instance] received at 2023-07-15 19:18:19.009025505 UTC - from mc-8->source-1 "468" 19:18:19.005812443
[2023-07-15T19:18:21Z INFO  dt_instance] received at 2023-07-15 19:18:21.514408612 UTC - from mc-8->source-1 "473" 19:18:21.512639852
[2023-07-15T19:18:24Z INFO  dt_instance] received at 2023-07-15 19:18:24.019244779 UTC - from mc-8->source-1 "478" 19:18:24.017872400
[2023-07-15T19:18:26Z INFO  dt_instance] received at 2023-07-15 19:18:26.526385886 UTC - from mc-8->source-1 "483" 19:18:26.524431666
[2023-07-15T19:18:29Z INFO  dt_instance] received at 2023-07-15 19:18:29.031514415 UTC - from mc-8->source-1 "488" 19:18:29.030006279
[2023-07-15T19:18:31Z INFO  dt_instance] received at 2023-07-15 19:18:31.535930566 UTC - from mc-8->source-1 "493" 19:18:31.534437715
[2023-07-15T19:18:34Z INFO  dt_instance] received at 2023-07-15 19:18:34.041695489 UTC - from mc-8->source-1 "498" 19:18:34.040357458
[2023-07-15T19:18:36Z INFO  dt_instance] received at 2023-07-15 19:18:36.548230152 UTC - from mc-8->source-1 "503" 19:18:36.545130248
[2023-07-15T19:18:39Z INFO  dt_instance] received at 2023-07-15 19:18:39.070337152 UTC - from mc-8->source-1 "508" 19:18:39.066079342
[2023-07-15T19:18:41Z INFO  dt_instance] received at 2023-07-15 19:18:41.573358540 UTC - from mc-8->source-1 "513" 19:18:41.571659332
[2023-07-15T19:18:44Z INFO  dt_instance] received at 2023-07-15 19:18:44.082361855 UTC - from mc-8->source-1 "518" 19:18:44.078975368
[2023-07-15T19:18:46Z INFO  dt_instance] received at 2023-07-15 19:18:46.585874211 UTC - from mc-8->source-1 "523" 19:18:46.584499566
[2023-07-15T19:18:49Z INFO  dt_instance] received at 2023-07-15 19:18:49.092219746 UTC - from mc-8->source-1 "528" 19:18:49.090548751
[2023-07-15T19:18:51Z INFO  dt_instance] received at 2023-07-15 19:18:51.597766153 UTC - from mc-8->source-1 "533" 19:18:51.595221051
[2023-07-15T19:18:54Z INFO  dt_instance] received at 2023-07-15 19:18:54.102233434 UTC - from mc-8->source-1 "538" 19:18:54.100873512
[2023-07-15T19:18:56Z INFO  dt_instance] received at 2023-07-15 19:18:56.607764906 UTC - from mc-8->source-1 "543" 19:18:56.606178416
[2023-07-15T19:18:59Z INFO  dt_instance] received at 2023-07-15 19:18:59.115232669 UTC - from mc-8->source-1 "548" 19:18:59.111658232
[2023-07-15T19:19:01Z INFO  dt_instance] received at 2023-07-15 19:19:01.619092514 UTC - from mc-8->source-1 "553" 19:19:01.617943152
[2023-07-15T19:19:04Z INFO  dt_instance] received at 2023-07-15 19:19:04.125300849 UTC - from mc-8->source-1 "558" 19:19:04.123903097
[2023-07-15T19:19:06Z INFO  dt_instance] received at 2023-07-15 19:19:06.639075580 UTC - from mc-8->source-1 "563" 19:19:06.633607172
[2023-07-15T19:19:09Z INFO  dt_instance] received at 2023-07-15 19:19:09.141840317 UTC - from mc-8->source-1 "568" 19:19:09.140281525
[2023-07-15T19:19:11Z INFO  dt_instance] received at 2023-07-15 19:19:11.648760932 UTC - from mc-8->source-1 "573" 19:19:11.647356334
[2023-07-15T19:19:14Z INFO  dt_instance] received at 2023-07-15 19:19:14.160533078 UTC - from mc-8->source-1 "578" 19:19:14.153282182
[2023-07-15T19:19:16Z INFO  dt_instance] received at 2023-07-15 19:19:16.662889434 UTC - from mc-8->source-1 "583" 19:19:16.659709173
[2023-07-15T19:19:19Z INFO  dt_instance] received at 2023-07-15 19:19:19.167492405 UTC - from mc-8->source-1 "588" 19:19:19.165582778
[2023-07-15T19:19:21Z INFO  dt_instance] received at 2023-07-15 19:19:21.672967910 UTC - from mc-8->source-1 "593" 19:19:21.671453669
[2023-07-15T19:19:24Z INFO  dt_instance] received at 2023-07-15 19:19:24.178694146 UTC - from mc-8->source-1 "598" 19:19:24.177427276
[2023-07-15T19:19:26Z INFO  dt_instance] received at 2023-07-15 19:19:26.684306488 UTC - from mc-8->source-1 "603" 19:19:26.682791667
[2023-07-15T19:19:29Z INFO  dt_instance] received at 2023-07-15 19:19:29.189284175 UTC - from mc-8->source-1 "608" 19:19:29.187904630
[2023-07-15T19:19:31Z INFO  dt_instance] received at 2023-07-15 19:19:31.695489186 UTC - from mc-8->source-1 "613" 19:19:31.693428307
[2023-07-15T19:19:34Z INFO  dt_instance] received at 2023-07-15 19:19:34.201121058 UTC - from mc-8->source-1 "618" 19:19:34.198980922
[2023-07-15T19:19:36Z INFO  dt_instance] received at 2023-07-15 19:19:36.704685408 UTC - from mc-8->source-1 "623" 19:19:36.703165889
[2023-07-15T19:19:39Z INFO  dt_instance] received at 2023-07-15 19:19:39.214566082 UTC - from mc-8->source-1 "628" 19:19:39.209769217
[2023-07-15T19:19:41Z INFO  dt_instance] received at 2023-07-15 19:19:41.717094122 UTC - from mc-8->source-1 "633" 19:19:41.714851443
[2023-07-15T19:19:44Z INFO  dt_instance] received at 2023-07-15 19:19:44.228261030 UTC - from mc-8->source-1 "638" 19:19:44.227002944
[2023-07-15T19:19:46Z INFO  dt_instance] received at 2023-07-15 19:19:46.734654139 UTC - from mc-8->source-1 "643" 19:19:46.733667186
[2023-07-15T19:19:49Z INFO  dt_instance] received at 2023-07-15 19:19:49.241547893 UTC - from mc-8->source-1 "648" 19:19:49.239622888
[2023-07-15T19:19:51Z INFO  dt_instance] received at 2023-07-15 19:19:51.746621622 UTC - from mc-8->source-1 "653" 19:19:51.744967049
[2023-07-15T19:19:54Z INFO  dt_instance] received at 2023-07-15 19:19:54.253116984 UTC - from mc-8->source-1 "658" 19:19:54.250113945
[2023-07-15T19:19:56Z INFO  dt_instance] received at 2023-07-15 19:19:56.759951881 UTC - from mc-8->source-1 "663" 19:19:56.755639745
[2023-07-15T19:19:59Z INFO  dt_instance] received at 2023-07-15 19:19:59.263110004 UTC - from mc-8->source-1 "668" 19:19:59.261729222
[2023-07-15T19:20:01Z INFO  dt_instance] received at 2023-07-15 19:20:01.768318280 UTC - from mc-8->source-1 "673" 19:20:01.766700209
[2023-07-15T19:20:04Z INFO  dt_instance] received at 2023-07-15 19:20:04.276873936 UTC - from mc-8->source-1 "678" 19:20:04.273786449
[2023-07-15T19:20:06Z INFO  dt_instance] received at 2023-07-15 19:20:06.782245692 UTC - from mc-8->source-1 "683" 19:20:06.778308602
[2023-07-15T19:20:09Z INFO  dt_instance] received at 2023-07-15 19:20:09.285477389 UTC - from mc-8->source-1 "688" 19:20:09.283696126
[2023-07-15T19:20:11Z INFO  dt_instance] received at 2023-07-15 19:20:11.792734753 UTC - from mc-8->source-1 "693" 19:20:11.788785969
[2023-07-15T19:20:14Z INFO  dt_instance] received at 2023-07-15 19:20:14.297323666 UTC - from mc-8->source-1 "698" 19:20:14.294750058
[2023-07-15T19:20:16Z INFO  dt_instance] received at 2023-07-15 19:20:16.802640714 UTC - from mc-8->source-1 "703" 19:20:16.799465211
[2023-07-15T19:20:19Z INFO  dt_instance] received at 2023-07-15 19:20:19.306445116 UTC - from mc-8->source-1 "708" 19:20:19.304818459
[2023-07-15T19:20:21Z INFO  dt_instance] received at 2023-07-15 19:20:21.811151491 UTC - from mc-8->source-1 "713" 19:20:21.809641608
[2023-07-15T19:20:24Z INFO  dt_instance] received at 2023-07-15 19:20:24.316707691 UTC - from mc-8->source-1 "718" 19:20:24.314383476
[2023-07-15T19:20:26Z INFO  dt_instance] received at 2023-07-15 19:20:26.822709936 UTC - from mc-8->source-1 "723" 19:20:26.821274844
[2023-07-15T19:20:29Z INFO  dt_instance] received at 2023-07-15 19:20:29.333849532 UTC - from mc-8->source-1 "728" 19:20:29.327002715
[2023-07-15T19:20:31Z INFO  dt_instance] received at 2023-07-15 19:20:31.834408862 UTC - from mc-8->source-1 "733" 19:20:31.832876917
[2023-07-15T19:20:34Z INFO  dt_instance] received at 2023-07-15 19:20:34.342000804 UTC - from mc-8->source-1 "738" 19:20:34.337810678
[2023-07-15T19:20:36Z INFO  dt_instance] received at 2023-07-15 19:20:36.856939324 UTC - from mc-8->source-1 "743" 19:20:36.854517916
[2023-07-15T19:20:39Z INFO  dt_instance] received at 2023-07-15 19:20:39.365465576 UTC - from mc-8->source-1 "748" 19:20:39.361147618
[2023-07-15T19:20:41Z INFO  dt_instance] received at 2023-07-15 19:20:41.868752791 UTC - from mc-8->source-1 "753" 19:20:41.866185843
[2023-07-15T19:20:44Z INFO  dt_instance] received at 2023-07-15 19:20:44.387908313 UTC - from mc-8->source-1 "758" 19:20:44.386587764
[2023-07-15T19:20:46Z INFO  dt_instance] received at 2023-07-15 19:20:46.894720419 UTC - from mc-8->source-1 "763" 19:20:46.891924287
[2023-07-15T19:20:49Z INFO  dt_instance] received at 2023-07-15 19:20:49.404405717 UTC - from mc-8->source-1 "768" 19:20:49.396488245
[2023-07-15T19:20:51Z INFO  dt_instance] received at 2023-07-15 19:20:51.903428405 UTC - from mc-8->source-1 "773" 19:20:51.901907305
[2023-07-15T19:20:54Z INFO  dt_instance] received at 2023-07-15 19:20:54.413665765 UTC - from mc-8->source-1 "778" 19:20:54.411924475
[2023-07-15T19:20:56Z INFO  dt_instance] received at 2023-07-15 19:20:56.919889482 UTC - from mc-8->source-1 "783" 19:20:56.916379545
[2023-07-15T19:20:59Z INFO  dt_instance] received at 2023-07-15 19:20:59.424499477 UTC - from mc-8->source-1 "788" 19:20:59.422950075
[2023-07-15T19:21:01Z INFO  dt_instance] received at 2023-07-15 19:21:01.928933219 UTC - from mc-8->source-1 "793" 19:21:01.927510287
[2023-07-15T19:21:04Z INFO  dt_instance] received at 2023-07-15 19:21:04.436447074 UTC - from mc-8->source-1 "798" 19:21:04.434182700
[2023-07-15T19:21:06Z INFO  dt_instance] received at 2023-07-15 19:21:06.943526501 UTC - from mc-8->source-1 "803" 19:21:06.940667656
[2023-07-15T19:21:09Z INFO  dt_instance] received at 2023-07-15 19:21:09.449565025 UTC - from mc-8->source-1 "808" 19:21:09.446099095
[2023-07-15T19:21:11Z INFO  dt_instance] received at 2023-07-15 19:21:11.953655489 UTC - from mc-8->source-1 "813" 19:21:11.951607460
[2023-07-15T19:21:14Z INFO  dt_instance] received at 2023-07-15 19:21:14.459362769 UTC - from mc-8->source-1 "818" 19:21:14.457264632
[2023-07-15T19:21:16Z INFO  dt_instance] received at 2023-07-15 19:21:16.965044806 UTC - from mc-8->source-1 "823" 19:21:16.963468357
[2023-07-15T19:21:19Z INFO  dt_instance] received at 2023-07-15 19:21:19.478568948 UTC - from mc-8->source-1 "828" 19:21:19.475342211
[2023-07-15T19:21:21Z INFO  dt_instance] received at 2023-07-15 19:21:21.983340259 UTC - from mc-8->source-1 "833" 19:21:21.981060712
[2023-07-15T19:21:24Z INFO  dt_instance] received at 2023-07-15 19:21:24.494416616 UTC - from mc-8->source-1 "838" 19:21:24.492877158
[2023-07-15T19:21:27Z INFO  dt_instance] received at 2023-07-15 19:21:27.000292846 UTC - from mc-8->source-1 "843" 19:21:26.997487130
[2023-07-15T19:21:29Z INFO  dt_instance] received at 2023-07-15 19:21:29.505712789 UTC - from mc-8->source-1 "848" 19:21:29.502432978
[2023-07-15T19:21:32Z INFO  dt_instance] received at 2023-07-15 19:21:32.010034756 UTC - from mc-8->source-1 "853" 19:21:32.008329539
[2023-07-15T19:21:34Z INFO  dt_instance] received at 2023-07-15 19:21:34.517121114 UTC - from mc-8->source-1 "858" 19:21:34.515067857
[2023-07-15T19:21:37Z INFO  dt_instance] received at 2023-07-15 19:21:37.022588113 UTC - from mc-8->source-1 "863" 19:21:37.020503084
[2023-07-15T19:21:39Z INFO  dt_instance] received at 2023-07-15 19:21:39.527283904 UTC - from mc-8->source-1 "868" 19:21:39.525214267
[2023-07-15T19:21:42Z INFO  dt_instance] received at 2023-07-15 19:21:42.037689717 UTC - from mc-8->source-1 "873" 19:21:42.031566610
[2023-07-15T19:21:44Z INFO  dt_instance] received at 2023-07-15 19:21:44.541091166 UTC - from mc-8->source-1 "878" 19:21:44.538234390
[2023-07-15T19:21:47Z INFO  dt_instance] received at 2023-07-15 19:21:47.045949355 UTC - from mc-8->source-1 "883" 19:21:47.043842491
[2023-07-15T19:21:49Z INFO  dt_instance] received at 2023-07-15 19:21:49.550550509 UTC - from mc-8->source-1 "888" 19:21:49.548444877
[2023-07-15T19:21:52Z INFO  dt_instance] received at 2023-07-15 19:21:52.055848017 UTC - from mc-8->source-1 "893" 19:21:52.054455090
[2023-07-15T19:21:54Z INFO  dt_instance] received at 2023-07-15 19:21:54.561588889 UTC - from mc-8->source-1 "898" 19:21:54.559201811
[2023-07-15T19:21:57Z INFO  dt_instance] received at 2023-07-15 19:21:57.067154139 UTC - from mc-8->source-1 "903" 19:21:57.064548716
[2023-07-15T19:21:59Z INFO  dt_instance] received at 2023-07-15 19:21:59.572957659 UTC - from mc-8->source-1 "908" 19:21:59.569398506
[2023-07-15T19:22:02Z INFO  dt_instance] received at 2023-07-15 19:22:02.076680172 UTC - from mc-8->source-1 "913" 19:22:02.075034447
[2023-07-15T19:22:04Z INFO  dt_instance] received at 2023-07-15 19:22:04.594714907 UTC - from mc-8->source-1 "918" 19:22:04.580931561
[2023-07-15T19:22:07Z INFO  dt_instance] received at 2023-07-15 19:22:07.087067436 UTC - from mc-8->source-1 "923" 19:22:07.085251666
[2023-07-15T19:22:09Z INFO  dt_instance] received at 2023-07-15 19:22:09.594843919 UTC - from mc-8->source-1 "928" 19:22:09.592123325
[2023-07-15T19:22:12Z INFO  dt_instance] received at 2023-07-15 19:22:12.101862128 UTC - from mc-8->source-1 "933" 19:22:12.097837316
[2023-07-15T19:22:14Z INFO  dt_instance] received at 2023-07-15 19:22:14.605291920 UTC - from mc-8->source-1 "938" 19:22:14.602811775
[2023-07-15T19:22:17Z INFO  dt_instance] received at 2023-07-15 19:22:17.111335767 UTC - from mc-8->source-1 "943" 19:22:17.109646614
[2023-07-15T19:22:19Z INFO  dt_instance] received at 2023-07-15 19:22:19.619347302 UTC - from mc-8->source-1 "948" 19:22:19.615993714
[2023-07-15T19:22:22Z INFO  dt_instance] received at 2023-07-15 19:22:22.124693542 UTC - from mc-8->source-1 "953" 19:22:22.122150180
[2023-07-15T19:22:24Z INFO  dt_instance] received at 2023-07-15 19:22:24.629142548 UTC - from mc-8->source-1 "958" 19:22:24.627826513
[2023-07-15T19:22:27Z INFO  dt_instance] received at 2023-07-15 19:22:27.135686352 UTC - from mc-8->source-1 "963" 19:22:27.132572578
[2023-07-15T19:22:29Z INFO  dt_instance] received at 2023-07-15 19:22:29.639109754 UTC - from mc-8->source-1 "968" 19:22:29.637232098
[2023-07-15T19:22:32Z INFO  dt_instance] received at 2023-07-15 19:22:32.144614780 UTC - from mc-8->source-1 "973" 19:22:32.143390824
[2023-07-15T19:22:34Z INFO  dt_instance] received at 2023-07-15 19:22:34.651344112 UTC - from mc-8->source-1 "978" 19:22:34.650033476
[2023-07-15T19:22:37Z INFO  dt_instance] received at 2023-07-15 19:22:37.159709297 UTC - from mc-8->source-1 "983" 19:22:37.156616480
[2023-07-15T19:22:39Z INFO  dt_instance] received at 2023-07-15 19:22:39.665716258 UTC - from mc-8->source-1 "988" 19:22:39.663416090
[2023-07-15T19:22:42Z INFO  dt_instance] received at 2023-07-15 19:22:42.173190919 UTC - from mc-8->source-1 "993" 19:22:42.169080022
[2023-07-15T19:22:44Z INFO  dt_instance] received at 2023-07-15 19:22:44.917782015 UTC - from mc-8->source-8 "981" 19:22:44.914004816
[2023-07-15T19:22:48Z INFO  dt_instance] received at 2023-07-15 19:22:48.134217130 UTC - from mc-8->source-7 "990" 19:22:48.132920213
[2023-07-15T19:22:55Z INFO  dt_instance] received at 2023-07-15 19:22:55.189427462 UTC - from mc-8->source-9 "999" 19:22:55.186566474
