[2023-06-23T23:20:02Z INFO  dt_instance] Current Twin: mc-twin-19
[2023-06-23T23:20:02Z INFO  dt_instance] Replica Name twin-mc-stateful-19
[2023-06-23T23:20:02Z INFO  dt_instance] Sleeping for 950
[2023-06-23T23:35:52Z INFO  dt_instance] Connecting to broker at emqx.dtwins:1883
[2023-06-23T23:35:52Z INFO  dt_instance] Loggin info each 50 messages
[2023-06-23T23:35:52Z INFO  dt_instance] Set max packet size to 60000 KB.
[2023-06-23T23:35:52Z INFO  dt_instance] Refreshing topics for twin - Listen to mc-19/#
[2023-06-23T23:35:52Z INFO  dt_instance] SubAck { pkid: 1, return_codes: [Success(ExactlyOnce)] }
[2023-06-23T23:37:07Z INFO  dt_instance] received at 2023-06-23 23:37:07.334836572 UTC - from mc-19->source-2 "9" 23:37:07.271089534
[2023-06-23T23:37:10Z INFO  dt_instance] received at 2023-06-23 23:37:10.638591534 UTC - from mc-19->source-3 "13" 23:37:10.527289787
[2023-06-23T23:37:13Z INFO  dt_instance] received at 2023-06-23 23:37:13.205826992 UTC - from mc-19->source-3 "18" 23:37:13.035916307
[2023-06-23T23:37:15Z INFO  dt_instance] received at 2023-06-23 23:37:15.781069376 UTC - from mc-19->source-1 "28" 23:37:15.562821367
[2023-06-23T23:37:18Z INFO  dt_instance] received at 2023-06-23 23:37:18.255491065 UTC - from mc-19->source-3 "28" 23:37:18.047942213
[2023-06-23T23:37:20Z INFO  dt_instance] received at 2023-06-23 23:37:20.772617966 UTC - from mc-19->source-3 "33" 23:37:20.553239866
[2023-06-23T23:37:23Z INFO  dt_instance] received at 2023-06-23 23:37:23.242606655 UTC - from mc-19->source-5 "33" 23:37:23.061135218
[2023-06-23T23:37:25Z INFO  dt_instance] received at 2023-06-23 23:37:25.814496881 UTC - from mc-19->source-1 "48" 23:37:25.585988987
[2023-06-23T23:37:28Z INFO  dt_instance] received at 2023-06-23 23:37:28.218149388 UTC - from mc-19->source-9 "33" 23:37:28.051304105
[2023-06-23T23:37:30Z INFO  dt_instance] received at 2023-06-23 23:37:30.749164490 UTC - from mc-19->source-5 "48" 23:37:30.580514199
[2023-06-23T23:37:33Z INFO  dt_instance] received at 2023-06-23 23:37:33.229418960 UTC - from mc-19->source-1 "63" 23:37:33.102470418
[2023-06-23T23:37:35Z INFO  dt_instance] received at 2023-06-23 23:37:35.685773103 UTC - from mc-19->source-5 "58" 23:37:35.591670647
[2023-06-23T23:37:38Z INFO  dt_instance] received at 2023-06-23 23:37:38.196518861 UTC - from mc-19->source-1 "73" 23:37:38.116621772
[2023-06-23T23:37:40Z INFO  dt_instance] received at 2023-06-23 23:37:40.752729035 UTC - from mc-19->source-3 "73" 23:37:40.603695684
[2023-06-23T23:37:43Z INFO  dt_instance] received at 2023-06-23 23:37:43.378741022 UTC - from mc-19->source-1 "83" 23:37:43.127664549
[2023-06-23T23:37:45Z INFO  dt_instance] received at 2023-06-23 23:37:45.878708619 UTC - from mc-19->source-1 "88" 23:37:45.632513241
[2023-06-23T23:37:48Z INFO  dt_instance] received at 2023-06-23 23:37:48.199375754 UTC - from mc-19->source-1 "93" 23:37:48.140176464
[2023-06-23T23:37:50Z INFO  dt_instance] received at 2023-06-23 23:37:50.673041825 UTC - from mc-19->source-1 "98" 23:37:50.645826081
[2023-06-23T23:37:53Z INFO  dt_instance] received at 2023-06-23 23:37:53.259918634 UTC - from mc-19->source-5 "93" 23:37:53.131178057
[2023-06-23T23:37:55Z INFO  dt_instance] received at 2023-06-23 23:37:55.742461405 UTC - from mc-19->source-1 "108" 23:37:55.656564582
[2023-06-23T23:37:58Z INFO  dt_instance] received at 2023-06-23 23:37:58.182405736 UTC - from mc-19->source-1 "113" 23:37:58.161306793
[2023-06-23T23:38:00Z INFO  dt_instance] received at 2023-06-23 23:38:00.699986235 UTC - from mc-19->source-1 "118" 23:38:00.666228332
[2023-06-23T23:38:03Z INFO  dt_instance] received at 2023-06-23 23:38:03.252607951 UTC - from mc-19->source-1 "123" 23:38:03.171596645
[2023-06-23T23:38:05Z INFO  dt_instance] received at 2023-06-23 23:38:05.802213068 UTC - from mc-19->source-1 "128" 23:38:05.679060724
[2023-06-23T23:38:08Z INFO  dt_instance] received at 2023-06-23 23:38:08.218794628 UTC - from mc-19->source-1 "133" 23:38:08.184886986
[2023-06-23T23:38:10Z INFO  dt_instance] received at 2023-06-23 23:38:10.872379324 UTC - from mc-19->source-3 "133" 23:38:10.669395470
[2023-06-23T23:38:13Z INFO  dt_instance] received at 2023-06-23 23:38:13.291137285 UTC - from mc-19->source-1 "143" 23:38:13.196210760
[2023-06-23T23:38:15Z INFO  dt_instance] received at 2023-06-23 23:38:15.726267555 UTC - from mc-19->source-1 "148" 23:38:15.701442080
[2023-06-23T23:38:18Z INFO  dt_instance] received at 2023-06-23 23:38:18.312042070 UTC - from mc-19->source-5 "143" 23:38:18.189258049
[2023-06-23T23:38:20Z INFO  dt_instance] received at 2023-06-23 23:38:20.816738412 UTC - from mc-19->source-1 "158" 23:38:20.712040908
[2023-06-23T23:38:23Z INFO  dt_instance] received at 2023-06-23 23:38:23.348573413 UTC - from mc-19->source-1 "163" 23:38:23.218094326
[2023-06-23T23:38:25Z INFO  dt_instance] received at 2023-06-23 23:38:25.787100598 UTC - from mc-19->source-1 "168" 23:38:25.724429165
[2023-06-23T23:38:28Z INFO  dt_instance] received at 2023-06-23 23:38:28.549728972 UTC - from mc-19->source-8 "156" 23:38:28.450511484
[2023-06-23T23:38:30Z INFO  dt_instance] received at 2023-06-23 23:38:30.912306147 UTC - from mc-19->source-1 "178" 23:38:30.737354318
[2023-06-23T23:38:33Z INFO  dt_instance] received at 2023-06-23 23:38:33.309787304 UTC - from mc-19->source-5 "173" 23:38:33.225306960
[2023-06-23T23:38:35Z INFO  dt_instance] received at 2023-06-23 23:38:35.847833849 UTC - from mc-19->source-1 "188" 23:38:35.747566300
[2023-06-23T23:38:38Z INFO  dt_instance] received at 2023-06-23 23:38:38.352796243 UTC - from mc-19->source-1 "193" 23:38:38.252391119
[2023-06-23T23:38:40Z INFO  dt_instance] received at 2023-06-23 23:38:40.766563115 UTC - from mc-19->source-1 "198" 23:38:40.757895315
[2023-06-23T23:38:43Z INFO  dt_instance] received at 2023-06-23 23:38:43.282241242 UTC - from mc-19->source-1 "203" 23:38:43.263878015
[2023-06-23T23:38:45Z INFO  dt_instance] received at 2023-06-23 23:38:45.812923513 UTC - from mc-19->source-5 "198" 23:38:45.753748332
[2023-06-23T23:38:48Z INFO  dt_instance] received at 2023-06-23 23:38:48.358912255 UTC - from mc-19->source-1 "213" 23:38:48.274565330
[2023-06-23T23:38:50Z INFO  dt_instance] received at 2023-06-23 23:38:50.879045076 UTC - from mc-19->source-1 "218" 23:38:50.780172043
[2023-06-23T23:38:53Z INFO  dt_instance] received at 2023-06-23 23:38:53.316557319 UTC - from mc-19->source-1 "223" 23:38:53.286743148
[2023-06-23T23:38:55Z INFO  dt_instance] received at 2023-06-23 23:38:55.925811895 UTC - from mc-19->source-1 "228" 23:38:55.791619598
[2023-06-23T23:38:58Z INFO  dt_instance] received at 2023-06-23 23:38:58.331061952 UTC - from mc-19->source-1 "233" 23:38:58.296970305
[2023-06-23T23:39:00Z INFO  dt_instance] received at 2023-06-23 23:39:00.849802695 UTC - from mc-19->source-1 "238" 23:39:00.801356543
[2023-06-23T23:39:03Z INFO  dt_instance] received at 2023-06-23 23:39:03.395642758 UTC - from mc-19->source-5 "233" 23:39:03.295507336
[2023-06-23T23:39:05Z INFO  dt_instance] received at 2023-06-23 23:39:05.869997752 UTC - from mc-19->source-7 "233" 23:39:05.789924582
[2023-06-23T23:39:08Z INFO  dt_instance] received at 2023-06-23 23:39:08.351332998 UTC - from mc-19->source-1 "253" 23:39:08.319515665
[2023-06-23T23:39:10Z INFO  dt_instance] received at 2023-06-23 23:39:10.901743283 UTC - from mc-19->source-1 "258" 23:39:10.827958342
[2023-06-23T23:39:13Z INFO  dt_instance] received at 2023-06-23 23:39:13.360874515 UTC - from mc-19->source-1 "263" 23:39:13.332705814
[2023-06-23T23:39:15Z INFO  dt_instance] received at 2023-06-23 23:39:15.868801190 UTC - from mc-19->source-1 "268" 23:39:15.838752677
[2023-06-23T23:39:18Z INFO  dt_instance] received at 2023-06-23 23:39:18.354927339 UTC - from mc-19->source-1 "273" 23:39:18.344046796
[2023-06-23T23:39:20Z INFO  dt_instance] received at 2023-06-23 23:39:20.895528035 UTC - from mc-19->source-1 "278" 23:39:20.849637195
[2023-06-23T23:39:23Z INFO  dt_instance] received at 2023-06-23 23:39:23.368252443 UTC - from mc-19->source-1 "283" 23:39:23.354837540
[2023-06-23T23:39:25Z INFO  dt_instance] received at 2023-06-23 23:39:25.874636651 UTC - from mc-19->source-1 "288" 23:39:25.862059661
[2023-06-23T23:39:28Z INFO  dt_instance] received at 2023-06-23 23:39:28.377546092 UTC - from mc-19->source-1 "293" 23:39:28.368089840
[2023-06-23T23:39:30Z INFO  dt_instance] received at 2023-06-23 23:39:30.877481003 UTC - from mc-19->source-1 "298" 23:39:30.876663721
[2023-06-23T23:39:33Z INFO  dt_instance] received at 2023-06-23 23:39:33.383818995 UTC - from mc-19->source-1 "303" 23:39:33.382944342
[2023-06-23T23:39:35Z INFO  dt_instance] received at 2023-06-23 23:39:35.889194301 UTC - from mc-19->source-1 "308" 23:39:35.887405552
[2023-06-23T23:39:38Z INFO  dt_instance] received at 2023-06-23 23:39:38.394598095 UTC - from mc-19->source-1 "313" 23:39:38.392842077
[2023-06-23T23:39:40Z INFO  dt_instance] received at 2023-06-23 23:39:40.900213406 UTC - from mc-19->source-1 "318" 23:39:40.898914290
[2023-06-23T23:39:43Z INFO  dt_instance] received at 2023-06-23 23:39:43.410697890 UTC - from mc-19->source-1 "323" 23:39:43.405382195
[2023-06-23T23:39:45Z INFO  dt_instance] received at 2023-06-23 23:39:45.912579779 UTC - from mc-19->source-1 "328" 23:39:45.911023618
[2023-06-23T23:39:48Z INFO  dt_instance] received at 2023-06-23 23:39:48.437250740 UTC - from mc-19->source-1 "333" 23:39:48.416540438
[2023-06-23T23:39:50Z INFO  dt_instance] received at 2023-06-23 23:39:50.923726223 UTC - from mc-19->source-1 "338" 23:39:50.922955466
[2023-06-23T23:39:53Z INFO  dt_instance] received at 2023-06-23 23:39:53.429957230 UTC - from mc-19->source-1 "343" 23:39:53.429055340
[2023-06-23T23:39:55Z INFO  dt_instance] received at 2023-06-23 23:39:55.935693027 UTC - from mc-19->source-1 "348" 23:39:55.934699900
[2023-06-23T23:39:58Z INFO  dt_instance] received at 2023-06-23 23:39:58.446140204 UTC - from mc-19->source-7 "338" 23:39:58.440248052
[2023-06-23T23:40:00Z INFO  dt_instance] received at 2023-06-23 23:40:00.950187834 UTC - from mc-19->source-9 "338" 23:40:00.948500037
[2023-06-23T23:40:03Z INFO  dt_instance] received at 2023-06-23 23:40:03.454890489 UTC - from mc-19->source-9 "343" 23:40:03.453323845
[2023-06-23T23:40:05Z INFO  dt_instance] received at 2023-06-23 23:40:05.961895206 UTC - from mc-19->source-7 "353" 23:40:05.960109171
[2023-06-23T23:40:08Z INFO  dt_instance] received at 2023-06-23 23:40:08.472266684 UTC - from mc-19->source-7 "358" 23:40:08.470843383
[2023-06-23T23:40:10Z INFO  dt_instance] received at 2023-06-23 23:40:10.979889357 UTC - from mc-19->source-9 "358" 23:40:10.977400948
[2023-06-23T23:40:13Z INFO  dt_instance] received at 2023-06-23 23:40:13.486752307 UTC - from mc-19->source-9 "363" 23:40:13.483985518
[2023-06-23T23:40:15Z INFO  dt_instance] received at 2023-06-23 23:40:15.995117758 UTC - from mc-19->source-9 "368" 23:40:15.991969907
[2023-06-23T23:40:18Z INFO  dt_instance] received at 2023-06-23 23:40:18.497764766 UTC - from mc-19->source-9 "373" 23:40:18.496469701
[2023-06-23T23:40:21Z INFO  dt_instance] received at 2023-06-23 23:40:21.004675482 UTC - from mc-19->source-9 "378" 23:40:21.003080383
[2023-06-23T23:40:23Z INFO  dt_instance] received at 2023-06-23 23:40:23.510235575 UTC - from mc-19->source-9 "383" 23:40:23.508550793
[2023-06-23T23:40:26Z INFO  dt_instance] received at 2023-06-23 23:40:26.015521247 UTC - from mc-19->source-9 "388" 23:40:26.014710501
[2023-06-23T23:40:28Z INFO  dt_instance] received at 2023-06-23 23:40:28.522794613 UTC - from mc-19->source-9 "393" 23:40:28.519546417
[2023-06-23T23:40:31Z INFO  dt_instance] received at 2023-06-23 23:40:31.027944292 UTC - from mc-19->source-9 "398" 23:40:31.025230646
[2023-06-23T23:40:33Z INFO  dt_instance] received at 2023-06-23 23:40:33.534123889 UTC - from mc-19->source-9 "403" 23:40:33.532945946
[2023-06-23T23:40:36Z INFO  dt_instance] received at 2023-06-23 23:40:36.038237049 UTC - from mc-19->source-7 "413" 23:40:36.036869328
[2023-06-23T23:40:38Z INFO  dt_instance] received at 2023-06-23 23:40:38.543643381 UTC - from mc-19->source-9 "413" 23:40:38.542367418
[2023-06-23T23:40:41Z INFO  dt_instance] received at 2023-06-23 23:40:41.050837661 UTC - from mc-19->source-9 "418" 23:40:41.049410776
[2023-06-23T23:40:43Z INFO  dt_instance] received at 2023-06-23 23:40:43.558389818 UTC - from mc-19->source-9 "423" 23:40:43.555492820
[2023-06-23T23:40:46Z INFO  dt_instance] received at 2023-06-23 23:40:46.070692591 UTC - from mc-19->source-9 "428" 23:40:46.067864426
[2023-06-23T23:40:48Z INFO  dt_instance] received at 2023-06-23 23:40:48.575365045 UTC - from mc-19->source-7 "438" 23:40:48.573755378
[2023-06-23T23:40:51Z INFO  dt_instance] received at 2023-06-23 23:40:51.082076591 UTC - from mc-19->source-7 "443" 23:40:51.080160681
[2023-06-23T23:40:53Z INFO  dt_instance] received at 2023-06-23 23:40:53.588493363 UTC - from mc-19->source-9 "443" 23:40:53.586697234
[2023-06-23T23:40:56Z INFO  dt_instance] received at 2023-06-23 23:40:56.093346135 UTC - from mc-19->source-7 "453" 23:40:56.092197932
[2023-06-23T23:40:58Z INFO  dt_instance] received at 2023-06-23 23:40:58.602155877 UTC - from mc-19->source-9 "453" 23:40:58.598946098
[2023-06-23T23:41:01Z INFO  dt_instance] received at 2023-06-23 23:41:01.106085478 UTC - from mc-19->source-7 "463" 23:41:01.103758328
[2023-06-23T23:41:03Z INFO  dt_instance] received at 2023-06-23 23:41:03.610896642 UTC - from mc-19->source-9 "463" 23:41:03.609667672
[2023-06-23T23:41:06Z INFO  dt_instance] received at 2023-06-23 23:41:06.117321546 UTC - from mc-19->source-7 "473" 23:41:06.116406856
[2023-06-23T23:41:08Z INFO  dt_instance] received at 2023-06-23 23:41:08.627055478 UTC - from mc-19->source-9 "473" 23:41:08.626166947
[2023-06-23T23:41:11Z INFO  dt_instance] received at 2023-06-23 23:41:11.132914567 UTC - from mc-19->source-7 "483" 23:41:11.132060442
[2023-06-23T23:41:13Z INFO  dt_instance] received at 2023-06-23 23:41:13.641788212 UTC - from mc-19->source-7 "488" 23:41:13.639130196
[2023-06-23T23:41:16Z INFO  dt_instance] received at 2023-06-23 23:41:16.148414295 UTC - from mc-19->source-9 "488" 23:41:16.145763640
[2023-06-23T23:41:18Z INFO  dt_instance] received at 2023-06-23 23:41:18.655193401 UTC - from mc-19->source-9 "493" 23:41:18.651349119
[2023-06-23T23:41:21Z INFO  dt_instance] received at 2023-06-23 23:41:21.158670235 UTC - from mc-19->source-9 "498" 23:41:21.157617379
[2023-06-23T23:41:23Z INFO  dt_instance] received at 2023-06-23 23:41:23.663431154 UTC - from mc-19->source-7 "508" 23:41:23.662247931
[2023-06-23T23:41:26Z INFO  dt_instance] received at 2023-06-23 23:41:26.169147114 UTC - from mc-19->source-9 "508" 23:41:26.168333892
[2023-06-23T23:41:28Z INFO  dt_instance] received at 2023-06-23 23:41:28.677288646 UTC - from mc-19->source-9 "513" 23:41:28.673724291
[2023-06-23T23:41:31Z INFO  dt_instance] received at 2023-06-23 23:41:31.182063194 UTC - from mc-19->source-9 "518" 23:41:31.178972441
[2023-06-23T23:41:33Z INFO  dt_instance] received at 2023-06-23 23:41:33.685551652 UTC - from mc-19->source-7 "528" 23:41:33.684197527
[2023-06-23T23:41:36Z INFO  dt_instance] received at 2023-06-23 23:41:36.193316964 UTC - from mc-19->source-7 "533" 23:41:36.191480344
[2023-06-23T23:41:38Z INFO  dt_instance] received at 2023-06-23 23:41:38.698865240 UTC - from mc-19->source-9 "533" 23:41:38.697673274
[2023-06-23T23:41:41Z INFO  dt_instance] received at 2023-06-23 23:41:41.203956426 UTC - from mc-19->source-7 "543" 23:41:41.202996634
[2023-06-23T23:41:43Z INFO  dt_instance] received at 2023-06-23 23:41:43.711294658 UTC - from mc-19->source-9 "543" 23:41:43.710041066
[2023-06-23T23:41:46Z INFO  dt_instance] received at 2023-06-23 23:41:46.217206517 UTC - from mc-19->source-7 "553" 23:41:46.216178032
[2023-06-23T23:41:48Z INFO  dt_instance] received at 2023-06-23 23:41:48.722785319 UTC - from mc-19->source-9 "553" 23:41:48.721418503
[2023-06-23T23:41:51Z INFO  dt_instance] received at 2023-06-23 23:41:51.228736683 UTC - from mc-19->source-7 "563" 23:41:51.227492539
[2023-06-23T23:41:53Z INFO  dt_instance] received at 2023-06-23 23:41:53.733966875 UTC - from mc-19->source-9 "563" 23:41:53.732844146
[2023-06-23T23:41:56Z INFO  dt_instance] received at 2023-06-23 23:41:56.240674693 UTC - from mc-19->source-9 "568" 23:41:56.239145612
[2023-06-23T23:41:58Z INFO  dt_instance] received at 2023-06-23 23:41:58.747378008 UTC - from mc-19->source-9 "573" 23:41:58.745017537
[2023-06-23T23:42:01Z INFO  dt_instance] received at 2023-06-23 23:42:01.254185767 UTC - from mc-19->source-9 "578" 23:42:01.252937317
[2023-06-23T23:42:03Z INFO  dt_instance] received at 2023-06-23 23:42:03.758785859 UTC - from mc-19->source-9 "583" 23:42:03.757364711
[2023-06-23T23:42:06Z INFO  dt_instance] received at 2023-06-23 23:42:06.263807529 UTC - from mc-19->source-9 "588" 23:42:06.262795160
[2023-06-23T23:42:08Z INFO  dt_instance] received at 2023-06-23 23:42:08.768075431 UTC - from mc-19->source-9 "593" 23:42:08.767257517
[2023-06-23T23:42:11Z INFO  dt_instance] received at 2023-06-23 23:42:11.274364065 UTC - from mc-19->source-9 "598" 23:42:11.273174883
[2023-06-23T23:42:13Z INFO  dt_instance] received at 2023-06-23 23:42:13.781261544 UTC - from mc-19->source-9 "603" 23:42:13.779044051
[2023-06-23T23:42:16Z INFO  dt_instance] received at 2023-06-23 23:42:16.286257903 UTC - from mc-19->source-9 "608" 23:42:16.285100031
[2023-06-23T23:42:18Z INFO  dt_instance] received at 2023-06-23 23:42:18.791993027 UTC - from mc-19->source-9 "613" 23:42:18.790711165
[2023-06-23T23:42:21Z INFO  dt_instance] received at 2023-06-23 23:42:21.296491519 UTC - from mc-19->source-9 "618" 23:42:21.295153755
[2023-06-23T23:42:23Z INFO  dt_instance] received at 2023-06-23 23:42:23.801635849 UTC - from mc-19->source-9 "623" 23:42:23.800628345
[2023-06-23T23:42:26Z INFO  dt_instance] received at 2023-06-23 23:42:26.316934061 UTC - from mc-19->source-9 "628" 23:42:26.305963535
[2023-06-23T23:42:28Z INFO  dt_instance] received at 2023-06-23 23:42:28.826786717 UTC - from mc-19->source-9 "633" 23:42:28.813136744
[2023-06-23T23:42:31Z INFO  dt_instance] received at 2023-06-23 23:42:31.321129022 UTC - from mc-19->source-9 "638" 23:42:31.319376899
[2023-06-23T23:42:33Z INFO  dt_instance] received at 2023-06-23 23:42:33.826457864 UTC - from mc-19->source-7 "648" 23:42:33.825393558
[2023-06-23T23:42:36Z INFO  dt_instance] received at 2023-06-23 23:42:36.331208720 UTC - from mc-19->source-7 "653" 23:42:36.330171570
[2023-06-23T23:42:38Z INFO  dt_instance] received at 2023-06-23 23:42:38.837961267 UTC - from mc-19->source-7 "658" 23:42:38.837010691
[2023-06-23T23:42:41Z INFO  dt_instance] received at 2023-06-23 23:42:41.343957057 UTC - from mc-19->source-9 "658" 23:42:41.342581186
[2023-06-23T23:42:43Z INFO  dt_instance] received at 2023-06-23 23:42:43.850612598 UTC - from mc-19->source-7 "668" 23:42:43.847837133
[2023-06-23T23:42:46Z INFO  dt_instance] received at 2023-06-23 23:42:46.354258233 UTC - from mc-19->source-7 "673" 23:42:46.353145783
[2023-06-23T23:42:48Z INFO  dt_instance] received at 2023-06-23 23:42:48.862066569 UTC - from mc-19->source-7 "678" 23:42:48.861153719
[2023-06-23T23:42:51Z INFO  dt_instance] received at 2023-06-23 23:42:51.369179635 UTC - from mc-19->source-7 "683" 23:42:51.368091042
[2023-06-23T23:42:53Z INFO  dt_instance] received at 2023-06-23 23:42:53.875111883 UTC - from mc-19->source-7 "688" 23:42:53.874277816
[2023-06-23T23:42:56Z INFO  dt_instance] received at 2023-06-23 23:42:56.381340521 UTC - from mc-19->source-7 "693" 23:42:56.380138622
[2023-06-23T23:42:58Z INFO  dt_instance] received at 2023-06-23 23:42:58.886806232 UTC - from mc-19->source-7 "698" 23:42:58.885429513
[2023-06-23T23:43:01Z INFO  dt_instance] received at 2023-06-23 23:43:01.392599291 UTC - from mc-19->source-7 "703" 23:43:01.391600901
[2023-06-23T23:43:03Z INFO  dt_instance] received at 2023-06-23 23:43:03.899473454 UTC - from mc-19->source-7 "708" 23:43:03.898400877
[2023-06-23T23:43:06Z INFO  dt_instance] received at 2023-06-23 23:43:06.406460914 UTC - from mc-19->source-7 "713" 23:43:06.405356081
[2023-06-23T23:43:08Z INFO  dt_instance] received at 2023-06-23 23:43:08.911594858 UTC - from mc-19->source-7 "718" 23:43:08.910744687
[2023-06-23T23:43:11Z INFO  dt_instance] received at 2023-06-23 23:43:11.416573338 UTC - from mc-19->source-7 "723" 23:43:11.415719567
[2023-06-23T23:43:13Z INFO  dt_instance] received at 2023-06-23 23:43:13.922279601 UTC - from mc-19->source-7 "728" 23:43:13.921459815
[2023-06-23T23:43:16Z INFO  dt_instance] received at 2023-06-23 23:43:16.428878797 UTC - from mc-19->source-7 "733" 23:43:16.427670931
[2023-06-23T23:43:18Z INFO  dt_instance] received at 2023-06-23 23:43:18.936437366 UTC - from mc-19->source-7 "738" 23:43:18.934874632
[2023-06-23T23:43:21Z INFO  dt_instance] received at 2023-06-23 23:43:21.445351046 UTC - from mc-19->source-7 "743" 23:43:21.439782286
[2023-06-23T23:43:23Z INFO  dt_instance] received at 2023-06-23 23:43:23.945218319 UTC - from mc-19->source-7 "748" 23:43:23.944044719
[2023-06-23T23:43:26Z INFO  dt_instance] received at 2023-06-23 23:43:26.450283994 UTC - from mc-19->source-7 "753" 23:43:26.449417498
[2023-06-23T23:43:28Z INFO  dt_instance] received at 2023-06-23 23:43:28.955730060 UTC - from mc-19->source-1 "773" 23:43:28.954792404
[2023-06-23T23:43:31Z INFO  dt_instance] received at 2023-06-23 23:43:31.464949099 UTC - from mc-19->source-1 "778" 23:43:31.464114287
[2023-06-23T23:43:33Z INFO  dt_instance] received at 2023-06-23 23:43:33.970417832 UTC - from mc-19->source-1 "783" 23:43:33.969316338
[2023-06-23T23:43:36Z INFO  dt_instance] received at 2023-06-23 23:43:36.476528673 UTC - from mc-19->source-1 "788" 23:43:36.475517629
[2023-06-23T23:43:38Z INFO  dt_instance] received at 2023-06-23 23:43:38.980850246 UTC - from mc-19->source-1 "793" 23:43:38.980101509
[2023-06-23T23:43:41Z INFO  dt_instance] received at 2023-06-23 23:43:41.487266630 UTC - from mc-19->source-1 "798" 23:43:41.485076077
[2023-06-23T23:43:43Z INFO  dt_instance] received at 2023-06-23 23:43:43.993975593 UTC - from mc-19->source-1 "803" 23:43:43.992809593
[2023-06-23T23:43:46Z INFO  dt_instance] received at 2023-06-23 23:43:46.498515788 UTC - from mc-19->source-1 "808" 23:43:46.497681557
[2023-06-23T23:43:49Z INFO  dt_instance] received at 2023-06-23 23:43:49.005998962 UTC - from mc-19->source-9 "793" 23:43:49.004869926
[2023-06-23T23:43:51Z INFO  dt_instance] received at 2023-06-23 23:43:51.514067275 UTC - from mc-19->source-9 "798" 23:43:51.511125242
[2023-06-23T23:43:54Z INFO  dt_instance] received at 2023-06-23 23:43:54.018010681 UTC - from mc-19->source-1 "823" 23:43:54.016991477
[2023-06-23T23:43:56Z INFO  dt_instance] received at 2023-06-23 23:43:56.526408100 UTC - from mc-19->source-7 "813" 23:43:56.523902797
[2023-06-23T23:43:59Z INFO  dt_instance] received at 2023-06-23 23:43:59.031343897 UTC - from mc-19->source-9 "813" 23:43:59.030130728
[2023-06-23T23:44:01Z INFO  dt_instance] received at 2023-06-23 23:44:01.537928416 UTC - from mc-19->source-9 "818" 23:44:01.536897332
[2023-06-23T23:44:04Z INFO  dt_instance] received at 2023-06-23 23:44:04.045901712 UTC - from mc-19->source-9 "823" 23:44:04.044029992
[2023-06-23T23:44:06Z INFO  dt_instance] received at 2023-06-23 23:44:06.552938248 UTC - from mc-19->source-9 "828" 23:44:06.550240152
[2023-06-23T23:44:09Z INFO  dt_instance] received at 2023-06-23 23:44:09.060891292 UTC - from mc-19->source-9 "833" 23:44:09.055468956
[2023-06-23T23:44:11Z INFO  dt_instance] received at 2023-06-23 23:44:11.565194042 UTC - from mc-19->source-9 "838" 23:44:11.562190381
[2023-06-23T23:44:14Z INFO  dt_instance] received at 2023-06-23 23:44:14.069922715 UTC - from mc-19->source-9 "843" 23:44:14.068555968
[2023-06-23T23:44:16Z INFO  dt_instance] received at 2023-06-23 23:44:16.575690959 UTC - from mc-19->source-9 "848" 23:44:16.574288395
[2023-06-23T23:44:19Z INFO  dt_instance] received at 2023-06-23 23:44:19.083569095 UTC - from mc-19->source-9 "853" 23:44:19.080826346
[2023-06-23T23:44:21Z INFO  dt_instance] received at 2023-06-23 23:44:21.589302086 UTC - from mc-19->source-9 "858" 23:44:21.586778005
[2023-06-23T23:44:24Z INFO  dt_instance] received at 2023-06-23 23:44:24.094651084 UTC - from mc-19->source-9 "863" 23:44:24.093618404
[2023-06-23T23:44:26Z INFO  dt_instance] received at 2023-06-23 23:44:26.603227390 UTC - from mc-19->source-9 "868" 23:44:26.600858031
[2023-06-23T23:44:29Z INFO  dt_instance] received at 2023-06-23 23:44:29.107156618 UTC - from mc-19->source-9 "873" 23:44:29.106002783
[2023-06-23T23:44:31Z INFO  dt_instance] received at 2023-06-23 23:44:31.614067674 UTC - from mc-19->source-9 "878" 23:44:31.611580806
[2023-06-23T23:44:34Z INFO  dt_instance] received at 2023-06-23 23:44:34.119709263 UTC - from mc-19->source-9 "883" 23:44:34.117531674
[2023-06-23T23:44:36Z INFO  dt_instance] received at 2023-06-23 23:44:36.624720873 UTC - from mc-19->source-9 "888" 23:44:36.622427741
[2023-06-23T23:44:39Z INFO  dt_instance] received at 2023-06-23 23:44:39.130196494 UTC - from mc-19->source-9 "893" 23:44:39.129198042
[2023-06-23T23:44:41Z INFO  dt_instance] received at 2023-06-23 23:44:41.637316056 UTC - from mc-19->source-9 "898" 23:44:41.634232951
[2023-06-23T23:44:44Z INFO  dt_instance] received at 2023-06-23 23:44:44.141041982 UTC - from mc-19->source-9 "903" 23:44:44.139885653
[2023-06-23T23:44:46Z INFO  dt_instance] received at 2023-06-23 23:44:46.648503093 UTC - from mc-19->source-9 "908" 23:44:46.644223261
[2023-06-23T23:44:49Z INFO  dt_instance] received at 2023-06-23 23:44:49.152167098 UTC - from mc-19->source-9 "913" 23:44:49.149999922
[2023-06-23T23:44:51Z INFO  dt_instance] received at 2023-06-23 23:44:51.658181479 UTC - from mc-19->source-9 "918" 23:44:51.657025737
[2023-06-23T23:44:54Z INFO  dt_instance] received at 2023-06-23 23:44:54.165516100 UTC - from mc-19->source-9 "923" 23:44:54.164555224
[2023-06-23T23:44:56Z INFO  dt_instance] received at 2023-06-23 23:44:56.673005574 UTC - from mc-19->source-9 "928" 23:44:56.670696049
[2023-06-23T23:44:59Z INFO  dt_instance] received at 2023-06-23 23:44:59.176551405 UTC - from mc-19->source-9 "933" 23:44:59.175606792
[2023-06-23T23:45:01Z INFO  dt_instance] received at 2023-06-23 23:45:01.683328102 UTC - from mc-19->source-9 "938" 23:45:01.680119927
[2023-06-23T23:45:04Z INFO  dt_instance] received at 2023-06-23 23:45:04.186944151 UTC - from mc-19->source-9 "943" 23:45:04.186047131
[2023-06-23T23:45:06Z INFO  dt_instance] received at 2023-06-23 23:45:06.692360233 UTC - from mc-19->source-9 "948" 23:45:06.691151675
[2023-06-23T23:45:09Z INFO  dt_instance] received at 2023-06-23 23:45:09.197908346 UTC - from mc-19->source-5 "963" 23:45:09.196677643
[2023-06-23T23:45:11Z INFO  dt_instance] received at 2023-06-23 23:45:11.703312471 UTC - from mc-19->source-9 "958" 23:45:11.702390610
[2023-06-23T23:45:14Z INFO  dt_instance] received at 2023-06-23 23:45:14.210501715 UTC - from mc-19->source-5 "973" 23:45:14.209052854
[2023-06-23T23:45:16Z INFO  dt_instance] received at 2023-06-23 23:45:16.719709519 UTC - from mc-19->source-9 "968" 23:45:16.717229180
[2023-06-23T23:45:19Z INFO  dt_instance] received at 2023-06-23 23:45:19.224520725 UTC - from mc-19->source-9 "973" 23:45:19.223349299
[2023-06-23T23:45:21Z INFO  dt_instance] received at 2023-06-23 23:45:21.948589056 UTC - from mc-19->source-8 "981" 23:45:21.947445821
[2023-06-23T23:45:25Z INFO  dt_instance] received at 2023-06-23 23:45:25.237357359 UTC - from mc-19->source-7 "990" 23:45:25.236192903
[2023-06-23T23:45:32Z INFO  dt_instance] received at 2023-06-23 23:45:32.256148780 UTC - from mc-19->source-9 "999" 23:45:32.255017466
