[2023-07-15T21:25:22Z INFO  dt_instance] Current Twin: mc-twin-23
[2023-07-15T21:25:22Z INFO  dt_instance] Replica Name twin-mc-stateful-23
[2023-07-15T21:25:22Z INFO  dt_instance] Sleeping for 1150
[2023-07-15T21:44:32Z INFO  dt_instance] Connecting to broker at emqx.dtwins:1883
[2023-07-15T21:44:32Z INFO  dt_instance] Loggin info each 50 messages
[2023-07-15T21:44:32Z INFO  dt_instance] Set max packet size to 60000 KB.
[2023-07-15T21:44:32Z INFO  dt_instance] Refreshing topics for twin - Listen to mc-23/#
[2023-07-15T21:44:32Z INFO  dt_instance] SubAck { pkid: 1, return_codes: [Success(ExactlyOnce)] }
[2023-07-15T21:45:38Z INFO  dt_instance] received at 2023-07-15 21:45:38.869587347 UTC - from mc-23->source-2 "9" 21:45:38.862138462
[2023-07-15T21:45:42Z INFO  dt_instance] received at 2023-07-15 21:45:42.134923309 UTC - from mc-23->source-3 "13" 21:45:42.117430663
[2023-07-15T21:45:44Z INFO  dt_instance] received at 2023-07-15 21:45:44.631114525 UTC - from mc-23->source-1 "23" 21:45:44.628841050
[2023-07-15T21:45:47Z INFO  dt_instance] received at 2023-07-15 21:45:47.154315661 UTC - from mc-23->source-1 "28" 21:45:47.140483204
[2023-07-15T21:45:49Z INFO  dt_instance] received at 2023-07-15 21:45:49.706047470 UTC - from mc-23->source-5 "23" 21:45:49.626593452
[2023-07-15T21:45:52Z INFO  dt_instance] received at 2023-07-15 21:45:52.181050660 UTC - from mc-23->source-5 "28" 21:45:52.132228318
[2023-07-15T21:45:54Z INFO  dt_instance] received at 2023-07-15 21:45:54.674331235 UTC - from mc-23->source-1 "43" 21:45:54.658794094
[2023-07-15T21:45:57Z INFO  dt_instance] received at 2023-07-15 21:45:57.172608873 UTC - from mc-23->source-5 "38" 21:45:57.147069739
[2023-07-15T21:45:59Z INFO  dt_instance] received at 2023-07-15 21:45:59.687214222 UTC - from mc-23->source-1 "53" 21:45:59.672683379
[2023-07-15T21:46:02Z INFO  dt_instance] received at 2023-07-15 21:46:02.193371672 UTC - from mc-23->source-1 "58" 21:46:02.178027094
[2023-07-15T21:46:04Z INFO  dt_instance] received at 2023-07-15 21:46:04.695008227 UTC - from mc-23->source-1 "63" 21:46:04.683285920
[2023-07-15T21:46:07Z INFO  dt_instance] received at 2023-07-15 21:46:07.196396431 UTC - from mc-23->source-1 "68" 21:46:07.188165674
[2023-07-15T21:46:09Z INFO  dt_instance] received at 2023-07-15 21:46:09.764915001 UTC - from mc-23->source-5 "63" 21:46:09.683666750
[2023-07-15T21:46:12Z INFO  dt_instance] received at 2023-07-15 21:46:12.217302881 UTC - from mc-23->source-1 "78" 21:46:12.199359688
[2023-07-15T21:46:14Z INFO  dt_instance] received at 2023-07-15 21:46:14.716462797 UTC - from mc-23->source-1 "83" 21:46:14.703989357
[2023-07-15T21:46:17Z INFO  dt_instance] received at 2023-07-15 21:46:17.220868813 UTC - from mc-23->source-1 "88" 21:46:17.209239424
[2023-07-15T21:46:19Z INFO  dt_instance] received at 2023-07-15 21:46:19.780828210 UTC - from mc-23->source-5 "83" 21:46:19.707292870
[2023-07-15T21:46:22Z INFO  dt_instance] received at 2023-07-15 21:46:22.234609637 UTC - from mc-23->source-1 "98" 21:46:22.219789971
[2023-07-15T21:46:24Z INFO  dt_instance] received at 2023-07-15 21:46:24.735406676 UTC - from mc-23->source-7 "88" 21:46:24.718292474
[2023-07-15T21:46:27Z INFO  dt_instance] received at 2023-07-15 21:46:27.248836434 UTC - from mc-23->source-5 "98" 21:46:27.223861378
[2023-07-15T21:46:29Z INFO  dt_instance] received at 2023-07-15 21:46:29.751779610 UTC - from mc-23->source-1 "113" 21:46:29.738473807
[2023-07-15T21:46:32Z INFO  dt_instance] received at 2023-07-15 21:46:32.266519058 UTC - from mc-23->source-7 "103" 21:46:32.236208330
[2023-07-15T21:46:34Z INFO  dt_instance] received at 2023-07-15 21:46:34.755050024 UTC - from mc-23->source-7 "108" 21:46:34.741764019
[2023-07-15T21:46:37Z INFO  dt_instance] received at 2023-07-15 21:46:37.272618667 UTC - from mc-23->source-5 "118" 21:46:37.246239925
[2023-07-15T21:46:39Z INFO  dt_instance] received at 2023-07-15 21:46:39.770837271 UTC - from mc-23->source-5 "123" 21:46:39.751494928
[2023-07-15T21:46:42Z INFO  dt_instance] received at 2023-07-15 21:46:42.278430746 UTC - from mc-23->source-1 "138" 21:46:42.265618785
[2023-07-15T21:46:44Z INFO  dt_instance] received at 2023-07-15 21:46:44.784962952 UTC - from mc-23->source-7 "128" 21:46:44.767447618
[2023-07-15T21:46:47Z INFO  dt_instance] received at 2023-07-15 21:46:47.299491793 UTC - from mc-23->source-7 "133" 21:46:47.272505429
[2023-07-15T21:46:49Z INFO  dt_instance] received at 2023-07-15 21:46:49.791718250 UTC - from mc-23->source-7 "138" 21:46:49.779126777
[2023-07-15T21:46:52Z INFO  dt_instance] received at 2023-07-15 21:46:52.296797717 UTC - from mc-23->source-3 "153" 21:46:52.285493154
[2023-07-15T21:46:54Z INFO  dt_instance] received at 2023-07-15 21:46:54.793706482 UTC - from mc-23->source-7 "148" 21:46:54.792097998
[2023-07-15T21:46:57Z INFO  dt_instance] received at 2023-07-15 21:46:57.299880115 UTC - from mc-23->source-7 "153" 21:46:57.298396489
[2023-07-15T21:46:59Z INFO  dt_instance] received at 2023-07-15 21:46:59.811292139 UTC - from mc-23->source-1 "173" 21:46:59.804408690
[2023-07-15T21:47:02Z INFO  dt_instance] received at 2023-07-15 21:47:02.314092935 UTC - from mc-23->source-3 "173" 21:47:02.311852815
[2023-07-15T21:47:04Z INFO  dt_instance] received at 2023-07-15 21:47:04.819459723 UTC - from mc-23->source-1 "183" 21:47:04.818482503
[2023-07-15T21:47:07Z INFO  dt_instance] received at 2023-07-15 21:47:07.324811630 UTC - from mc-23->source-7 "173" 21:47:07.323135257
[2023-07-15T21:47:09Z INFO  dt_instance] received at 2023-07-15 21:47:09.831581441 UTC - from mc-23->source-7 "178" 21:47:09.829853812
[2023-07-15T21:47:12Z INFO  dt_instance] received at 2023-07-15 21:47:12.336281672 UTC - from mc-23->source-7 "183" 21:47:12.334946793
[2023-07-15T21:47:14Z INFO  dt_instance] received at 2023-07-15 21:47:14.847001103 UTC - from mc-23->source-7 "188" 21:47:14.841648180
[2023-07-15T21:47:17Z INFO  dt_instance] received at 2023-07-15 21:47:17.348440189 UTC - from mc-23->source-7 "193" 21:47:17.347440295
[2023-07-15T21:47:19Z INFO  dt_instance] received at 2023-07-15 21:47:19.855219788 UTC - from mc-23->source-7 "198" 21:47:19.852950535
[2023-07-15T21:47:22Z INFO  dt_instance] received at 2023-07-15 21:47:22.364250209 UTC - from mc-23->source-7 "203" 21:47:22.360625387
[2023-07-15T21:47:24Z INFO  dt_instance] received at 2023-07-15 21:47:24.867632809 UTC - from mc-23->source-1 "223" 21:47:24.865895797
[2023-07-15T21:47:27Z INFO  dt_instance] received at 2023-07-15 21:47:27.373191149 UTC - from mc-23->source-3 "223" 21:47:27.372099280
[2023-07-15T21:47:29Z INFO  dt_instance] received at 2023-07-15 21:47:29.891119189 UTC - from mc-23->source-1 "233" 21:47:29.878759950
[2023-07-15T21:47:32Z INFO  dt_instance] received at 2023-07-15 21:47:32.386675114 UTC - from mc-23->source-1 "238" 21:47:32.384761875
[2023-07-15T21:47:34Z INFO  dt_instance] received at 2023-07-15 21:47:34.893688068 UTC - from mc-23->source-3 "238" 21:47:34.892335324
[2023-07-15T21:47:37Z INFO  dt_instance] received at 2023-07-15 21:47:37.398766962 UTC - from mc-23->source-3 "243" 21:47:37.398212573
[2023-07-15T21:47:39Z INFO  dt_instance] received at 2023-07-15 21:47:39.909072382 UTC - from mc-23->source-3 "248" 21:47:39.907473711
[2023-07-15T21:47:42Z INFO  dt_instance] received at 2023-07-15 21:47:42.413348335 UTC - from mc-23->source-7 "243" 21:47:42.412317205
[2023-07-15T21:47:44Z INFO  dt_instance] received at 2023-07-15 21:47:44.919233543 UTC - from mc-23->source-5 "253" 21:47:44.917931473
[2023-07-15T21:47:47Z INFO  dt_instance] received at 2023-07-15 21:47:47.426834009 UTC - from mc-23->source-3 "263" 21:47:47.425808294
[2023-07-15T21:47:49Z INFO  dt_instance] received at 2023-07-15 21:47:49.932840911 UTC - from mc-23->source-5 "263" 21:47:49.931128296
[2023-07-15T21:47:52Z INFO  dt_instance] received at 2023-07-15 21:47:52.439821030 UTC - from mc-23->source-1 "278" 21:47:52.437974621
[2023-07-15T21:47:54Z INFO  dt_instance] received at 2023-07-15 21:47:54.945829689 UTC - from mc-23->source-5 "273" 21:47:54.944494129
[2023-07-15T21:47:57Z INFO  dt_instance] received at 2023-07-15 21:47:57.450413193 UTC - from mc-23->source-5 "278" 21:47:57.449295167
[2023-07-15T21:47:59Z INFO  dt_instance] received at 2023-07-15 21:47:59.958231715 UTC - from mc-23->source-5 "283" 21:47:59.955603403
[2023-07-15T21:48:02Z INFO  dt_instance] received at 2023-07-15 21:48:02.463142336 UTC - from mc-23->source-5 "288" 21:48:02.461841627
[2023-07-15T21:48:04Z INFO  dt_instance] received at 2023-07-15 21:48:04.971418684 UTC - from mc-23->source-1 "303" 21:48:04.969397226
[2023-07-15T21:48:07Z INFO  dt_instance] received at 2023-07-15 21:48:07.476491861 UTC - from mc-23->source-3 "303" 21:48:07.475397158
[2023-07-15T21:48:09Z INFO  dt_instance] received at 2023-07-15 21:48:09.983207968 UTC - from mc-23->source-5 "303" 21:48:09.980069105
[2023-07-15T21:48:12Z INFO  dt_instance] received at 2023-07-15 21:48:12.503986283 UTC - from mc-23->source-1 "318" 21:48:12.486999378
[2023-07-15T21:48:14Z INFO  dt_instance] received at 2023-07-15 21:48:14.999745810 UTC - from mc-23->source-1 "323" 21:48:14.998624034
[2023-07-15T21:48:17Z INFO  dt_instance] received at 2023-07-15 21:48:17.505929512 UTC - from mc-23->source-1 "328" 21:48:17.504946864
[2023-07-15T21:48:20Z INFO  dt_instance] received at 2023-07-15 21:48:20.011666530 UTC - from mc-23->source-1 "333" 21:48:20.010634805
[2023-07-15T21:48:22Z INFO  dt_instance] received at 2023-07-15 21:48:22.520335585 UTC - from mc-23->source-1 "338" 21:48:22.517325519
[2023-07-15T21:48:25Z INFO  dt_instance] received at 2023-07-15 21:48:25.025527428 UTC - from mc-23->source-1 "343" 21:48:25.024026334
[2023-07-15T21:48:27Z INFO  dt_instance] received at 2023-07-15 21:48:27.530253704 UTC - from mc-23->source-1 "348" 21:48:27.528972771
[2023-07-15T21:48:30Z INFO  dt_instance] received at 2023-07-15 21:48:30.038216587 UTC - from mc-23->source-1 "353" 21:48:30.036675532
[2023-07-15T21:48:32Z INFO  dt_instance] received at 2023-07-15 21:48:32.543481131 UTC - from mc-23->source-1 "358" 21:48:32.541969474
[2023-07-15T21:48:35Z INFO  dt_instance] received at 2023-07-15 21:48:35.051018107 UTC - from mc-23->source-5 "353" 21:48:35.043365722
[2023-07-15T21:48:37Z INFO  dt_instance] received at 2023-07-15 21:48:37.554811646 UTC - from mc-23->source-1 "368" 21:48:37.553760627
[2023-07-15T21:48:40Z INFO  dt_instance] received at 2023-07-15 21:48:40.059486703 UTC - from mc-23->source-1 "373" 21:48:40.058395852
[2023-07-15T21:48:42Z INFO  dt_instance] received at 2023-07-15 21:48:42.568901335 UTC - from mc-23->source-1 "378" 21:48:42.565854392
[2023-07-15T21:48:45Z INFO  dt_instance] received at 2023-07-15 21:48:45.071738470 UTC - from mc-23->source-1 "383" 21:48:45.070888813
[2023-07-15T21:48:47Z INFO  dt_instance] received at 2023-07-15 21:48:47.578757262 UTC - from mc-23->source-1 "388" 21:48:47.577725102
[2023-07-15T21:48:50Z INFO  dt_instance] received at 2023-07-15 21:48:50.084880621 UTC - from mc-23->source-1 "393" 21:48:50.082888847
[2023-07-15T21:48:52Z INFO  dt_instance] received at 2023-07-15 21:48:52.594213206 UTC - from mc-23->source-1 "398" 21:48:52.589846677
[2023-07-15T21:48:55Z INFO  dt_instance] received at 2023-07-15 21:48:55.095953641 UTC - from mc-23->source-1 "403" 21:48:55.094843370
[2023-07-15T21:48:57Z INFO  dt_instance] received at 2023-07-15 21:48:57.602818607 UTC - from mc-23->source-1 "408" 21:48:57.600600356
[2023-07-15T21:49:00Z INFO  dt_instance] received at 2023-07-15 21:49:00.108262202 UTC - from mc-23->source-1 "413" 21:49:00.107264323
[2023-07-15T21:49:02Z INFO  dt_instance] received at 2023-07-15 21:49:02.614308300 UTC - from mc-23->source-5 "408" 21:49:02.608757830
[2023-07-15T21:49:05Z INFO  dt_instance] received at 2023-07-15 21:49:05.120259767 UTC - from mc-23->source-1 "423" 21:49:05.119210071
[2023-07-15T21:49:07Z INFO  dt_instance] received at 2023-07-15 21:49:07.627320240 UTC - from mc-23->source-1 "428" 21:49:07.625876680
[2023-07-15T21:49:10Z INFO  dt_instance] received at 2023-07-15 21:49:10.139160077 UTC - from mc-23->source-1 "433" 21:49:10.136201087
[2023-07-15T21:49:12Z INFO  dt_instance] received at 2023-07-15 21:49:12.642570434 UTC - from mc-23->source-1 "438" 21:49:12.641691007
[2023-07-15T21:49:15Z INFO  dt_instance] received at 2023-07-15 21:49:15.147883055 UTC - from mc-23->source-1 "443" 21:49:15.146973686
[2023-07-15T21:49:17Z INFO  dt_instance] received at 2023-07-15 21:49:17.653431274 UTC - from mc-23->source-1 "448" 21:49:17.652507832
[2023-07-15T21:49:20Z INFO  dt_instance] received at 2023-07-15 21:49:20.162690084 UTC - from mc-23->source-1 "453" 21:49:20.159237418
[2023-07-15T21:49:22Z INFO  dt_instance] received at 2023-07-15 21:49:22.667467009 UTC - from mc-23->source-1 "458" 21:49:22.666430357
[2023-07-15T21:49:25Z INFO  dt_instance] received at 2023-07-15 21:49:25.173721211 UTC - from mc-23->source-1 "463" 21:49:25.172635131
[2023-07-15T21:49:27Z INFO  dt_instance] received at 2023-07-15 21:49:27.679530469 UTC - from mc-23->source-1 "468" 21:49:27.678355176
[2023-07-15T21:49:30Z INFO  dt_instance] received at 2023-07-15 21:49:30.184951651 UTC - from mc-23->source-1 "473" 21:49:30.184179116
[2023-07-15T21:49:32Z INFO  dt_instance] received at 2023-07-15 21:49:32.690879867 UTC - from mc-23->source-1 "478" 21:49:32.690156005
[2023-07-15T21:49:35Z INFO  dt_instance] received at 2023-07-15 21:49:35.196824729 UTC - from mc-23->source-1 "483" 21:49:35.195971484
[2023-07-15T21:49:37Z INFO  dt_instance] received at 2023-07-15 21:49:37.701898798 UTC - from mc-23->source-1 "488" 21:49:37.700949534
[2023-07-15T21:49:40Z INFO  dt_instance] received at 2023-07-15 21:49:40.229697493 UTC - from mc-23->source-1 "493" 21:49:40.209833078
[2023-07-15T21:49:42Z INFO  dt_instance] received at 2023-07-15 21:49:42.719070830 UTC - from mc-23->source-1 "498" 21:49:42.716984619
[2023-07-15T21:49:45Z INFO  dt_instance] received at 2023-07-15 21:49:45.223381167 UTC - from mc-23->source-1 "503" 21:49:45.221938278
[2023-07-15T21:49:47Z INFO  dt_instance] received at 2023-07-15 21:49:47.730795034 UTC - from mc-23->source-1 "508" 21:49:47.727206093
[2023-07-15T21:49:50Z INFO  dt_instance] received at 2023-07-15 21:49:50.235077265 UTC - from mc-23->source-1 "513" 21:49:50.233755464
[2023-07-15T21:49:52Z INFO  dt_instance] received at 2023-07-15 21:49:52.742369633 UTC - from mc-23->source-1 "518" 21:49:52.739471853
[2023-07-15T21:49:55Z INFO  dt_instance] received at 2023-07-15 21:49:55.245446775 UTC - from mc-23->source-1 "523" 21:49:55.243995353
[2023-07-15T21:49:57Z INFO  dt_instance] received at 2023-07-15 21:49:57.750730794 UTC - from mc-23->source-1 "528" 21:49:57.749148131
[2023-07-15T21:50:00Z INFO  dt_instance] received at 2023-07-15 21:50:00.254967941 UTC - from mc-23->source-1 "533" 21:50:00.253973230
[2023-07-15T21:50:02Z INFO  dt_instance] received at 2023-07-15 21:50:02.765854469 UTC - from mc-23->source-1 "538" 21:50:02.764907208
[2023-07-15T21:50:05Z INFO  dt_instance] received at 2023-07-15 21:50:05.273430686 UTC - from mc-23->source-1 "543" 21:50:05.272083800
[2023-07-15T21:50:07Z INFO  dt_instance] received at 2023-07-15 21:50:07.778593735 UTC - from mc-23->source-1 "548" 21:50:07.777847423
[2023-07-15T21:50:10Z INFO  dt_instance] received at 2023-07-15 21:50:10.285331813 UTC - from mc-23->source-1 "553" 21:50:10.284324781
[2023-07-15T21:50:12Z INFO  dt_instance] received at 2023-07-15 21:50:12.807714824 UTC - from mc-23->source-7 "543" 21:50:12.759239090
[2023-07-15T21:50:15Z INFO  dt_instance] received at 2023-07-15 21:50:15.295058470 UTC - from mc-23->source-1 "563" 21:50:15.294114779
[2023-07-15T21:50:17Z INFO  dt_instance] received at 2023-07-15 21:50:17.800298878 UTC - from mc-23->source-1 "568" 21:50:17.799368703
[2023-07-15T21:50:20Z INFO  dt_instance] received at 2023-07-15 21:50:20.305629382 UTC - from mc-23->source-1 "573" 21:50:20.304348050
[2023-07-15T21:50:22Z INFO  dt_instance] received at 2023-07-15 21:50:22.811934752 UTC - from mc-23->source-1 "578" 21:50:22.811043415
[2023-07-15T21:50:25Z INFO  dt_instance] received at 2023-07-15 21:50:25.319469324 UTC - from mc-23->source-1 "583" 21:50:25.318507565
[2023-07-15T21:50:27Z INFO  dt_instance] received at 2023-07-15 21:50:27.825158256 UTC - from mc-23->source-1 "588" 21:50:27.824398226
[2023-07-15T21:50:30Z INFO  dt_instance] received at 2023-07-15 21:50:30.330227422 UTC - from mc-23->source-1 "593" 21:50:30.329334758
[2023-07-15T21:50:32Z INFO  dt_instance] received at 2023-07-15 21:50:32.835502951 UTC - from mc-23->source-1 "598" 21:50:32.834191546
[2023-07-15T21:50:35Z INFO  dt_instance] received at 2023-07-15 21:50:35.353044481 UTC - from mc-23->source-1 "603" 21:50:35.344434690
[2023-07-15T21:50:37Z INFO  dt_instance] received at 2023-07-15 21:50:37.862985836 UTC - from mc-23->source-1 "608" 21:50:37.853055461
[2023-07-15T21:50:40Z INFO  dt_instance] received at 2023-07-15 21:50:40.360908208 UTC - from mc-23->source-1 "613" 21:50:40.359692475
[2023-07-15T21:50:42Z INFO  dt_instance] received at 2023-07-15 21:50:42.864917474 UTC - from mc-23->source-1 "618" 21:50:42.864054833
[2023-07-15T21:50:45Z INFO  dt_instance] received at 2023-07-15 21:50:45.371163593 UTC - from mc-23->source-1 "623" 21:50:45.370180444
[2023-07-15T21:50:47Z INFO  dt_instance] received at 2023-07-15 21:50:47.876909625 UTC - from mc-23->source-1 "628" 21:50:47.875695253
[2023-07-15T21:50:50Z INFO  dt_instance] received at 2023-07-15 21:50:50.381245277 UTC - from mc-23->source-1 "633" 21:50:50.380267822
[2023-07-15T21:50:52Z INFO  dt_instance] received at 2023-07-15 21:50:52.888223237 UTC - from mc-23->source-1 "638" 21:50:52.887205312
[2023-07-15T21:50:55Z INFO  dt_instance] received at 2023-07-15 21:50:55.395718938 UTC - from mc-23->source-1 "643" 21:50:55.394676862
[2023-07-15T21:50:57Z INFO  dt_instance] received at 2023-07-15 21:50:57.900292517 UTC - from mc-23->source-1 "648" 21:50:57.899236241
[2023-07-15T21:51:00Z INFO  dt_instance] received at 2023-07-15 21:51:00.405442307 UTC - from mc-23->source-1 "653" 21:51:00.404748192
[2023-07-15T21:51:02Z INFO  dt_instance] received at 2023-07-15 21:51:02.911780989 UTC - from mc-23->source-1 "658" 21:51:02.910915244
[2023-07-15T21:51:05Z INFO  dt_instance] received at 2023-07-15 21:51:05.419260527 UTC - from mc-23->source-1 "663" 21:51:05.418233460
[2023-07-15T21:51:07Z INFO  dt_instance] received at 2023-07-15 21:51:07.924055662 UTC - from mc-23->source-1 "668" 21:51:07.923222339
[2023-07-15T21:51:10Z INFO  dt_instance] received at 2023-07-15 21:51:10.430642865 UTC - from mc-23->source-1 "673" 21:51:10.429437836
[2023-07-15T21:51:12Z INFO  dt_instance] received at 2023-07-15 21:51:12.936444829 UTC - from mc-23->source-1 "678" 21:51:12.935145362
[2023-07-15T21:51:15Z INFO  dt_instance] received at 2023-07-15 21:51:15.445689928 UTC - from mc-23->source-1 "683" 21:51:15.442272350
[2023-07-15T21:51:17Z INFO  dt_instance] received at 2023-07-15 21:51:17.949109311 UTC - from mc-23->source-1 "688" 21:51:17.948196351
[2023-07-15T21:51:20Z INFO  dt_instance] received at 2023-07-15 21:51:20.455092045 UTC - from mc-23->source-1 "693" 21:51:20.454256218
[2023-07-15T21:51:22Z INFO  dt_instance] received at 2023-07-15 21:51:22.962670189 UTC - from mc-23->source-1 "698" 21:51:22.961697713
[2023-07-15T21:51:25Z INFO  dt_instance] received at 2023-07-15 21:51:25.471856628 UTC - from mc-23->source-1 "703" 21:51:25.470748675
[2023-07-15T21:51:27Z INFO  dt_instance] received at 2023-07-15 21:51:27.976520515 UTC - from mc-23->source-1 "708" 21:51:27.975641834
[2023-07-15T21:51:30Z INFO  dt_instance] received at 2023-07-15 21:51:30.481235348 UTC - from mc-23->source-1 "713" 21:51:30.480375167
[2023-07-15T21:51:32Z INFO  dt_instance] received at 2023-07-15 21:51:32.986973146 UTC - from mc-23->source-1 "718" 21:51:32.985621366
[2023-07-15T21:51:35Z INFO  dt_instance] received at 2023-07-15 21:51:35.491922688 UTC - from mc-23->source-1 "723" 21:51:35.490762145
[2023-07-15T21:51:37Z INFO  dt_instance] received at 2023-07-15 21:51:37.996214409 UTC - from mc-23->source-1 "728" 21:51:37.995111395
[2023-07-15T21:51:40Z INFO  dt_instance] received at 2023-07-15 21:51:40.502358198 UTC - from mc-23->source-1 "733" 21:51:40.501097257
[2023-07-15T21:51:43Z INFO  dt_instance] received at 2023-07-15 21:51:43.007581893 UTC - from mc-23->source-1 "738" 21:51:43.006687939
[2023-07-15T21:51:45Z INFO  dt_instance] received at 2023-07-15 21:51:45.513974647 UTC - from mc-23->source-1 "743" 21:51:45.512765928
[2023-07-15T21:51:48Z INFO  dt_instance] received at 2023-07-15 21:51:48.021548176 UTC - from mc-23->source-1 "748" 21:51:48.017873165
[2023-07-15T21:51:50Z INFO  dt_instance] received at 2023-07-15 21:51:50.524929560 UTC - from mc-23->source-1 "753" 21:51:50.523810659
[2023-07-15T21:51:53Z INFO  dt_instance] received at 2023-07-15 21:51:53.032782529 UTC - from mc-23->source-1 "758" 21:51:53.031479120
[2023-07-15T21:51:55Z INFO  dt_instance] received at 2023-07-15 21:51:55.538595783 UTC - from mc-23->source-1 "763" 21:51:55.537259628
[2023-07-15T21:51:58Z INFO  dt_instance] received at 2023-07-15 21:51:58.045345409 UTC - from mc-23->source-1 "768" 21:51:58.043375654
[2023-07-15T21:52:00Z INFO  dt_instance] received at 2023-07-15 21:52:00.550363036 UTC - from mc-23->source-1 "773" 21:52:00.549243128
[2023-07-15T21:52:03Z INFO  dt_instance] received at 2023-07-15 21:52:03.054896731 UTC - from mc-23->source-1 "778" 21:52:03.054057155
[2023-07-15T21:52:05Z INFO  dt_instance] received at 2023-07-15 21:52:05.560209475 UTC - from mc-23->source-1 "783" 21:52:05.559240361
[2023-07-15T21:52:08Z INFO  dt_instance] received at 2023-07-15 21:52:08.066468670 UTC - from mc-23->source-1 "788" 21:52:08.065348561
[2023-07-15T21:52:10Z INFO  dt_instance] received at 2023-07-15 21:52:10.571121039 UTC - from mc-23->source-1 "793" 21:52:10.570047017
[2023-07-15T21:52:13Z INFO  dt_instance] received at 2023-07-15 21:52:13.078997223 UTC - from mc-23->source-1 "798" 21:52:13.077943775
[2023-07-15T21:52:15Z INFO  dt_instance] received at 2023-07-15 21:52:15.585769751 UTC - from mc-23->source-1 "803" 21:52:15.584794923
[2023-07-15T21:52:18Z INFO  dt_instance] received at 2023-07-15 21:52:18.092460780 UTC - from mc-23->source-1 "808" 21:52:18.091182677
[2023-07-15T21:52:20Z INFO  dt_instance] received at 2023-07-15 21:52:20.598349962 UTC - from mc-23->source-1 "813" 21:52:20.597473606
[2023-07-15T21:52:23Z INFO  dt_instance] received at 2023-07-15 21:52:23.103316129 UTC - from mc-23->source-1 "818" 21:52:23.101875812
[2023-07-15T21:52:25Z INFO  dt_instance] received at 2023-07-15 21:52:25.609447642 UTC - from mc-23->source-1 "823" 21:52:25.608543090
[2023-07-15T21:52:28Z INFO  dt_instance] received at 2023-07-15 21:52:28.114529611 UTC - from mc-23->source-1 "828" 21:52:28.113270522
[2023-07-15T21:52:30Z INFO  dt_instance] received at 2023-07-15 21:52:30.620904626 UTC - from mc-23->source-1 "833" 21:52:30.619879630
[2023-07-15T21:52:33Z INFO  dt_instance] received at 2023-07-15 21:52:33.126623898 UTC - from mc-23->source-1 "838" 21:52:33.125812106
[2023-07-15T21:52:35Z INFO  dt_instance] received at 2023-07-15 21:52:35.632984345 UTC - from mc-23->source-1 "843" 21:52:35.632036425
[2023-07-15T21:52:38Z INFO  dt_instance] received at 2023-07-15 21:52:38.138971422 UTC - from mc-23->source-1 "848" 21:52:38.138238527
[2023-07-15T21:52:40Z INFO  dt_instance] received at 2023-07-15 21:52:40.645637878 UTC - from mc-23->source-1 "853" 21:52:40.644575848
[2023-07-15T21:52:43Z INFO  dt_instance] received at 2023-07-15 21:52:43.151406643 UTC - from mc-23->source-1 "858" 21:52:43.150405424
[2023-07-15T21:52:45Z INFO  dt_instance] received at 2023-07-15 21:52:45.657328989 UTC - from mc-23->source-1 "863" 21:52:45.656470580
[2023-07-15T21:52:48Z INFO  dt_instance] received at 2023-07-15 21:52:48.164245832 UTC - from mc-23->source-1 "868" 21:52:48.163341844
[2023-07-15T21:52:50Z INFO  dt_instance] received at 2023-07-15 21:52:50.669732425 UTC - from mc-23->source-1 "873" 21:52:50.668992825
[2023-07-15T21:52:53Z INFO  dt_instance] received at 2023-07-15 21:52:53.176019449 UTC - from mc-23->source-1 "878" 21:52:53.175118681
[2023-07-15T21:52:55Z INFO  dt_instance] received at 2023-07-15 21:52:55.681908526 UTC - from mc-23->source-1 "883" 21:52:55.680810459
[2023-07-15T21:52:58Z INFO  dt_instance] received at 2023-07-15 21:52:58.187395290 UTC - from mc-23->source-1 "888" 21:52:58.186522063
[2023-07-15T21:53:00Z INFO  dt_instance] received at 2023-07-15 21:53:00.693027810 UTC - from mc-23->source-1 "893" 21:53:00.692249294
[2023-07-15T21:53:03Z INFO  dt_instance] received at 2023-07-15 21:53:03.198739627 UTC - from mc-23->source-1 "898" 21:53:03.197739124
[2023-07-15T21:53:05Z INFO  dt_instance] received at 2023-07-15 21:53:05.708598954 UTC - from mc-23->source-1 "903" 21:53:05.707518413
[2023-07-15T21:53:08Z INFO  dt_instance] received at 2023-07-15 21:53:08.214634 UTC - from mc-23->source-1 "908" 21:53:08.213528425
[2023-07-15T21:53:10Z INFO  dt_instance] received at 2023-07-15 21:53:10.720164066 UTC - from mc-23->source-1 "913" 21:53:10.719438220
[2023-07-15T21:53:13Z INFO  dt_instance] received at 2023-07-15 21:53:13.226507847 UTC - from mc-23->source-1 "918" 21:53:13.225674829
[2023-07-15T21:53:15Z INFO  dt_instance] received at 2023-07-15 21:53:15.735895620 UTC - from mc-23->source-1 "923" 21:53:15.731998737
[2023-07-15T21:53:18Z INFO  dt_instance] received at 2023-07-15 21:53:18.239555346 UTC - from mc-23->source-1 "928" 21:53:18.238590290
[2023-07-15T21:53:20Z INFO  dt_instance] received at 2023-07-15 21:53:20.744438804 UTC - from mc-23->source-1 "933" 21:53:20.743333864
[2023-07-15T21:53:23Z INFO  dt_instance] received at 2023-07-15 21:53:23.250046552 UTC - from mc-23->source-1 "938" 21:53:23.249208366
[2023-07-15T21:53:25Z INFO  dt_instance] received at 2023-07-15 21:53:25.757762306 UTC - from mc-23->source-1 "943" 21:53:25.755095192
[2023-07-15T21:53:28Z INFO  dt_instance] received at 2023-07-15 21:53:28.263386318 UTC - from mc-23->source-1 "948" 21:53:28.262222521
[2023-07-15T21:53:30Z INFO  dt_instance] received at 2023-07-15 21:53:30.769936667 UTC - from mc-23->source-1 "953" 21:53:30.768945413
[2023-07-15T21:53:33Z INFO  dt_instance] received at 2023-07-15 21:53:33.283313242 UTC - from mc-23->source-5 "948" 21:53:33.281707717
[2023-07-15T21:53:35Z INFO  dt_instance] received at 2023-07-15 21:53:35.788104726 UTC - from mc-23->source-1 "963" 21:53:35.787491052
[2023-07-15T21:53:38Z INFO  dt_instance] received at 2023-07-15 21:53:38.294271786 UTC - from mc-23->source-1 "968" 21:53:38.292535507
[2023-07-15T21:53:40Z INFO  dt_instance] received at 2023-07-15 21:53:40.798908084 UTC - from mc-23->source-1 "973" 21:53:40.797559072
[2023-07-15T21:53:43Z INFO  dt_instance] received at 2023-07-15 21:53:43.306491146 UTC - from mc-23->source-5 "968" 21:53:43.305185092
[2023-07-15T21:53:45Z INFO  dt_instance] received at 2023-07-15 21:53:45.813389412 UTC - from mc-23->source-5 "973" 21:53:45.812296818
[2023-07-15T21:53:48Z INFO  dt_instance] received at 2023-07-15 21:53:48.319512891 UTC - from mc-23->source-5 "978" 21:53:48.318051213
[2023-07-15T21:53:50Z INFO  dt_instance] received at 2023-07-15 21:53:50.825728650 UTC - from mc-23->source-5 "983" 21:53:50.824451972
[2023-07-15T21:53:53Z INFO  dt_instance] received at 2023-07-15 21:53:53.573722415 UTC - from mc-23->source-2 "996" 21:53:53.572610556
[2023-07-15T21:53:56Z INFO  dt_instance] received at 2023-07-15 21:53:56.776902661 UTC - from mc-23->source-9 "985" 21:53:56.775407862
[2023-07-15T21:54:03Z INFO  dt_instance] received at 2023-07-15 21:54:03.793039787 UTC - from mc-23->source-9 "999" 21:54:03.791578640
