[2023-07-15T21:23:36Z INFO  dt_instance] Current Twin: mc-twin-2
[2023-07-15T21:23:36Z INFO  dt_instance] Replica Name twin-mc-stateful-2
[2023-07-15T21:23:36Z INFO  dt_instance] Sleeping for 100
[2023-07-15T21:25:16Z INFO  dt_instance] Connecting to broker at emqx.dtwins:1883
[2023-07-15T21:25:16Z INFO  dt_instance] Loggin info each 50 messages
[2023-07-15T21:25:16Z INFO  dt_instance] Set max packet size to 60000 KB.
[2023-07-15T21:25:16Z INFO  dt_instance] Refreshing topics for twin - Listen to mc-2/#
[2023-07-15T21:25:16Z INFO  dt_instance] SubAck { pkid: 1, return_codes: [Success(ExactlyOnce)] }
[2023-07-15T21:26:25Z INFO  dt_instance] received at 2023-07-15 21:26:25.357797566 UTC - from mc-2->source-2 "9" 21:26:25.355971225
[2023-07-15T21:26:28Z INFO  dt_instance] received at 2023-07-15 21:26:28.609009133 UTC - from mc-2->source-3 "13" 21:26:28.608188767
[2023-07-15T21:26:31Z INFO  dt_instance] received at 2023-07-15 21:26:31.128430773 UTC - from mc-2->source-1 "23" 21:26:31.126861576
[2023-07-15T21:26:33Z INFO  dt_instance] received at 2023-07-15 21:26:33.633702404 UTC - from mc-2->source-1 "28" 21:26:33.632032353
[2023-07-15T21:26:36Z INFO  dt_instance] received at 2023-07-15 21:26:36.139233798 UTC - from mc-2->source-1 "33" 21:26:36.137689877
[2023-07-15T21:26:38Z INFO  dt_instance] received at 2023-07-15 21:26:38.645743903 UTC - from mc-2->source-1 "38" 21:26:38.643762801
[2023-07-15T21:26:41Z INFO  dt_instance] received at 2023-07-15 21:26:41.150266834 UTC - from mc-2->source-1 "43" 21:26:41.149028118
[2023-07-15T21:26:43Z INFO  dt_instance] received at 2023-07-15 21:26:43.655753240 UTC - from mc-2->source-1 "48" 21:26:43.654424194
[2023-07-15T21:26:46Z INFO  dt_instance] received at 2023-07-15 21:26:46.159922027 UTC - from mc-2->source-1 "53" 21:26:46.158825629
[2023-07-15T21:26:48Z INFO  dt_instance] received at 2023-07-15 21:26:48.669157749 UTC - from mc-2->source-1 "58" 21:26:48.668004232
[2023-07-15T21:26:51Z INFO  dt_instance] received at 2023-07-15 21:26:51.174927403 UTC - from mc-2->source-1 "63" 21:26:51.173282429
[2023-07-15T21:26:53Z INFO  dt_instance] received at 2023-07-15 21:26:53.686604158 UTC - from mc-2->source-1 "68" 21:26:53.684975298
[2023-07-15T21:26:56Z INFO  dt_instance] received at 2023-07-15 21:26:56.191535217 UTC - from mc-2->source-1 "73" 21:26:56.189847391
[2023-07-15T21:26:58Z INFO  dt_instance] received at 2023-07-15 21:26:58.699626767 UTC - from mc-2->source-1 "78" 21:26:58.695043728
[2023-07-15T21:27:01Z INFO  dt_instance] received at 2023-07-15 21:27:01.203564473 UTC - from mc-2->source-1 "83" 21:27:01.199975201
[2023-07-15T21:27:03Z INFO  dt_instance] received at 2023-07-15 21:27:03.706182314 UTC - from mc-2->source-1 "88" 21:27:03.704843893
[2023-07-15T21:27:06Z INFO  dt_instance] received at 2023-07-15 21:27:06.218065845 UTC - from mc-2->source-1 "93" 21:27:06.216755058
[2023-07-15T21:27:08Z INFO  dt_instance] received at 2023-07-15 21:27:08.723410613 UTC - from mc-2->source-1 "98" 21:27:08.722102446
[2023-07-15T21:27:11Z INFO  dt_instance] received at 2023-07-15 21:27:11.230915918 UTC - from mc-2->source-1 "103" 21:27:11.229407399
[2023-07-15T21:27:13Z INFO  dt_instance] received at 2023-07-15 21:27:13.736595282 UTC - from mc-2->source-1 "108" 21:27:13.735272590
[2023-07-15T21:27:16Z INFO  dt_instance] received at 2023-07-15 21:27:16.241653659 UTC - from mc-2->source-1 "113" 21:27:16.240238852
[2023-07-15T21:27:18Z INFO  dt_instance] received at 2023-07-15 21:27:18.746588647 UTC - from mc-2->source-1 "118" 21:27:18.745321898
[2023-07-15T21:27:21Z INFO  dt_instance] received at 2023-07-15 21:27:21.254295656 UTC - from mc-2->source-1 "123" 21:27:21.252628907
[2023-07-15T21:27:23Z INFO  dt_instance] received at 2023-07-15 21:27:23.759485263 UTC - from mc-2->source-1 "128" 21:27:23.758172152
[2023-07-15T21:27:26Z INFO  dt_instance] received at 2023-07-15 21:27:26.265464308 UTC - from mc-2->source-1 "133" 21:27:26.264007650
[2023-07-15T21:27:28Z INFO  dt_instance] received at 2023-07-15 21:27:28.769913033 UTC - from mc-2->source-1 "138" 21:27:28.768718185
[2023-07-15T21:27:31Z INFO  dt_instance] received at 2023-07-15 21:27:31.276062955 UTC - from mc-2->source-1 "143" 21:27:31.274777530
[2023-07-15T21:27:33Z INFO  dt_instance] received at 2023-07-15 21:27:33.780926962 UTC - from mc-2->source-1 "148" 21:27:33.779599207
[2023-07-15T21:27:36Z INFO  dt_instance] received at 2023-07-15 21:27:36.286855155 UTC - from mc-2->source-1 "153" 21:27:36.285546791
[2023-07-15T21:27:38Z INFO  dt_instance] received at 2023-07-15 21:27:38.792890082 UTC - from mc-2->source-1 "158" 21:27:38.791149026
[2023-07-15T21:27:41Z INFO  dt_instance] received at 2023-07-15 21:27:41.300841484 UTC - from mc-2->source-3 "158" 21:27:41.299819103
[2023-07-15T21:27:43Z INFO  dt_instance] received at 2023-07-15 21:27:43.806826265 UTC - from mc-2->source-1 "168" 21:27:43.805390631
[2023-07-15T21:27:46Z INFO  dt_instance] received at 2023-07-15 21:27:46.311568106 UTC - from mc-2->source-1 "173" 21:27:46.310056503
[2023-07-15T21:27:48Z INFO  dt_instance] received at 2023-07-15 21:27:48.818940387 UTC - from mc-2->source-1 "178" 21:27:48.816486821
[2023-07-15T21:27:51Z INFO  dt_instance] received at 2023-07-15 21:27:51.322821986 UTC - from mc-2->source-1 "183" 21:27:51.321736984
[2023-07-15T21:27:53Z INFO  dt_instance] received at 2023-07-15 21:27:53.829079760 UTC - from mc-2->source-1 "188" 21:27:53.826607807
[2023-07-15T21:27:56Z INFO  dt_instance] received at 2023-07-15 21:27:56.338135271 UTC - from mc-2->source-3 "188" 21:27:56.334343255
[2023-07-15T21:27:58Z INFO  dt_instance] received at 2023-07-15 21:27:58.841719578 UTC - from mc-2->source-3 "193" 21:27:58.840546506
[2023-07-15T21:28:01Z INFO  dt_instance] received at 2023-07-15 21:28:01.350472562 UTC - from mc-2->source-3 "198" 21:28:01.349232774
[2023-07-15T21:28:03Z INFO  dt_instance] received at 2023-07-15 21:28:03.856203025 UTC - from mc-2->source-3 "203" 21:28:03.855062565
[2023-07-15T21:28:06Z INFO  dt_instance] received at 2023-07-15 21:28:06.361886102 UTC - from mc-2->source-3 "208" 21:28:06.360704043
[2023-07-15T21:28:08Z INFO  dt_instance] received at 2023-07-15 21:28:08.866859669 UTC - from mc-2->source-3 "213" 21:28:08.865910657
[2023-07-15T21:28:11Z INFO  dt_instance] received at 2023-07-15 21:28:11.377438873 UTC - from mc-2->source-3 "218" 21:28:11.371701937
[2023-07-15T21:28:13Z INFO  dt_instance] received at 2023-07-15 21:28:13.878339267 UTC - from mc-2->source-3 "223" 21:28:13.877240681
[2023-07-15T21:28:16Z INFO  dt_instance] received at 2023-07-15 21:28:16.383515617 UTC - from mc-2->source-3 "228" 21:28:16.382569467
[2023-07-15T21:28:18Z INFO  dt_instance] received at 2023-07-15 21:28:18.888724822 UTC - from mc-2->source-3 "233" 21:28:18.887882827
[2023-07-15T21:28:21Z INFO  dt_instance] received at 2023-07-15 21:28:21.402453704 UTC - from mc-2->source-1 "243" 21:28:21.401204125
[2023-07-15T21:28:23Z INFO  dt_instance] received at 2023-07-15 21:28:23.909821933 UTC - from mc-2->source-1 "248" 21:28:23.906497009
[2023-07-15T21:28:26Z INFO  dt_instance] received at 2023-07-15 21:28:26.414436624 UTC - from mc-2->source-5 "243" 21:28:26.413079047
[2023-07-15T21:28:28Z INFO  dt_instance] received at 2023-07-15 21:28:28.920161239 UTC - from mc-2->source-1 "258" 21:28:28.918696657
[2023-07-15T21:28:31Z INFO  dt_instance] received at 2023-07-15 21:28:31.425410317 UTC - from mc-2->source-1 "263" 21:28:31.423958898
[2023-07-15T21:28:33Z INFO  dt_instance] received at 2023-07-15 21:28:33.931885902 UTC - from mc-2->source-5 "258" 21:28:33.929860005
[2023-07-15T21:28:36Z INFO  dt_instance] received at 2023-07-15 21:28:36.437257449 UTC - from mc-2->source-5 "263" 21:28:36.435741807
[2023-07-15T21:28:38Z INFO  dt_instance] received at 2023-07-15 21:28:38.942857533 UTC - from mc-2->source-5 "268" 21:28:38.941668233
[2023-07-15T21:28:41Z INFO  dt_instance] received at 2023-07-15 21:28:41.449005413 UTC - from mc-2->source-1 "283" 21:28:41.447773438
[2023-07-15T21:28:43Z INFO  dt_instance] received at 2023-07-15 21:28:43.957407075 UTC - from mc-2->source-1 "288" 21:28:43.956096945
[2023-07-15T21:28:46Z INFO  dt_instance] received at 2023-07-15 21:28:46.463968880 UTC - from mc-2->source-5 "283" 21:28:46.462683268
[2023-07-15T21:28:48Z INFO  dt_instance] received at 2023-07-15 21:28:48.974320197 UTC - from mc-2->source-5 "288" 21:28:48.969906444
[2023-07-15T21:28:51Z INFO  dt_instance] received at 2023-07-15 21:28:51.478156617 UTC - from mc-2->source-5 "293" 21:28:51.476666098
[2023-07-15T21:28:53Z INFO  dt_instance] received at 2023-07-15 21:28:53.985270525 UTC - from mc-2->source-5 "298" 21:28:53.984179568
[2023-07-15T21:28:56Z INFO  dt_instance] received at 2023-07-15 21:28:56.490880251 UTC - from mc-2->source-5 "303" 21:28:56.489608157
[2023-07-15T21:28:58Z INFO  dt_instance] received at 2023-07-15 21:28:58.997206949 UTC - from mc-2->source-5 "308" 21:28:58.996036784
[2023-07-15T21:29:01Z INFO  dt_instance] received at 2023-07-15 21:29:01.501968606 UTC - from mc-2->source-5 "313" 21:29:01.500907643
[2023-07-15T21:29:04Z INFO  dt_instance] received at 2023-07-15 21:29:04.007052689 UTC - from mc-2->source-5 "318" 21:29:04.005928146
[2023-07-15T21:29:06Z INFO  dt_instance] received at 2023-07-15 21:29:06.513662243 UTC - from mc-2->source-1 "333" 21:29:06.511011533
[2023-07-15T21:29:09Z INFO  dt_instance] received at 2023-07-15 21:29:09.019655874 UTC - from mc-2->source-1 "338" 21:29:09.018182288
[2023-07-15T21:29:11Z INFO  dt_instance] received at 2023-07-15 21:29:11.530512139 UTC - from mc-2->source-3 "338" 21:29:11.523912554
[2023-07-15T21:29:14Z INFO  dt_instance] received at 2023-07-15 21:29:14.032170807 UTC - from mc-2->source-3 "343" 21:29:14.029911828
[2023-07-15T21:29:16Z INFO  dt_instance] received at 2023-07-15 21:29:16.537385621 UTC - from mc-2->source-1 "353" 21:29:16.536168260
[2023-07-15T21:29:19Z INFO  dt_instance] received at 2023-07-15 21:29:19.042954787 UTC - from mc-2->source-3 "353" 21:29:19.042161575
[2023-07-15T21:29:21Z INFO  dt_instance] received at 2023-07-15 21:29:21.551714524 UTC - from mc-2->source-1 "363" 21:29:21.549817763
[2023-07-15T21:29:24Z INFO  dt_instance] received at 2023-07-15 21:29:24.057413312 UTC - from mc-2->source-5 "358" 21:29:24.055856451
[2023-07-15T21:29:26Z INFO  dt_instance] received at 2023-07-15 21:29:26.562473099 UTC - from mc-2->source-5 "363" 21:29:26.560991559
[2023-07-15T21:29:29Z INFO  dt_instance] received at 2023-07-15 21:29:29.069698847 UTC - from mc-2->source-7 "363" 21:29:29.067690778
[2023-07-15T21:29:31Z INFO  dt_instance] received at 2023-07-15 21:29:31.575834672 UTC - from mc-2->source-1 "383" 21:29:31.573931343
[2023-07-15T21:29:34Z INFO  dt_instance] received at 2023-07-15 21:29:34.082121581 UTC - from mc-2->source-7 "373" 21:29:34.080007122
[2023-07-15T21:29:36Z INFO  dt_instance] received at 2023-07-15 21:29:36.589537802 UTC - from mc-2->source-3 "388" 21:29:36.586667317
[2023-07-15T21:29:39Z INFO  dt_instance] received at 2023-07-15 21:29:39.098607236 UTC - from mc-2->source-3 "393" 21:29:39.097821697
[2023-07-15T21:29:41Z INFO  dt_instance] received at 2023-07-15 21:29:41.605135152 UTC - from mc-2->source-3 "398" 21:29:41.604285755
[2023-07-15T21:29:44Z INFO  dt_instance] received at 2023-07-15 21:29:44.121308475 UTC - from mc-2->source-3 "403" 21:29:44.120574915
[2023-07-15T21:29:46Z INFO  dt_instance] received at 2023-07-15 21:29:46.627647111 UTC - from mc-2->source-3 "408" 21:29:46.626564881
[2023-07-15T21:29:49Z INFO  dt_instance] received at 2023-07-15 21:29:49.134485975 UTC - from mc-2->source-3 "413" 21:29:49.133551136
[2023-07-15T21:29:51Z INFO  dt_instance] received at 2023-07-15 21:29:51.641864100 UTC - from mc-2->source-3 "418" 21:29:51.641054352
[2023-07-15T21:29:54Z INFO  dt_instance] received at 2023-07-15 21:29:54.146384784 UTC - from mc-2->source-3 "423" 21:29:54.145596144
[2023-07-15T21:29:56Z INFO  dt_instance] received at 2023-07-15 21:29:56.656146938 UTC - from mc-2->source-3 "428" 21:29:56.651362070
[2023-07-15T21:29:59Z INFO  dt_instance] received at 2023-07-15 21:29:59.158298722 UTC - from mc-2->source-3 "433" 21:29:59.155993563
[2023-07-15T21:30:01Z INFO  dt_instance] received at 2023-07-15 21:30:01.666729129 UTC - from mc-2->source-3 "438" 21:30:01.663350034
[2023-07-15T21:30:04Z INFO  dt_instance] received at 2023-07-15 21:30:04.172022146 UTC - from mc-2->source-3 "443" 21:30:04.170655842
[2023-07-15T21:30:06Z INFO  dt_instance] received at 2023-07-15 21:30:06.677296018 UTC - from mc-2->source-3 "448" 21:30:06.676411725
[2023-07-15T21:30:09Z INFO  dt_instance] received at 2023-07-15 21:30:09.183421588 UTC - from mc-2->source-3 "453" 21:30:09.182729203
[2023-07-15T21:30:11Z INFO  dt_instance] received at 2023-07-15 21:30:11.691008361 UTC - from mc-2->source-3 "458" 21:30:11.689687305
[2023-07-15T21:30:14Z INFO  dt_instance] received at 2023-07-15 21:30:14.195796666 UTC - from mc-2->source-3 "463" 21:30:14.194678501
[2023-07-15T21:30:16Z INFO  dt_instance] received at 2023-07-15 21:30:16.709282137 UTC - from mc-2->source-3 "468" 21:30:16.705682793
[2023-07-15T21:30:19Z INFO  dt_instance] received at 2023-07-15 21:30:19.211802995 UTC - from mc-2->source-3 "473" 21:30:19.210827976
[2023-07-15T21:30:21Z INFO  dt_instance] received at 2023-07-15 21:30:21.717490368 UTC - from mc-2->source-3 "478" 21:30:21.716563527
[2023-07-15T21:30:24Z INFO  dt_instance] received at 2023-07-15 21:30:24.222965816 UTC - from mc-2->source-3 "483" 21:30:24.222185858
[2023-07-15T21:30:26Z INFO  dt_instance] received at 2023-07-15 21:30:26.728301571 UTC - from mc-2->source-3 "488" 21:30:26.727234292
[2023-07-15T21:30:29Z INFO  dt_instance] received at 2023-07-15 21:30:29.233090084 UTC - from mc-2->source-3 "493" 21:30:29.231963413
[2023-07-15T21:30:31Z INFO  dt_instance] received at 2023-07-15 21:30:31.738194571 UTC - from mc-2->source-3 "498" 21:30:31.737409431
[2023-07-15T21:30:34Z INFO  dt_instance] received at 2023-07-15 21:30:34.243260857 UTC - from mc-2->source-3 "503" 21:30:34.242395644
[2023-07-15T21:30:36Z INFO  dt_instance] received at 2023-07-15 21:30:36.748435924 UTC - from mc-2->source-3 "508" 21:30:36.747672373
[2023-07-15T21:30:39Z INFO  dt_instance] received at 2023-07-15 21:30:39.255016551 UTC - from mc-2->source-3 "513" 21:30:39.253894986
[2023-07-15T21:30:41Z INFO  dt_instance] received at 2023-07-15 21:30:41.761503532 UTC - from mc-2->source-3 "518" 21:30:41.759768473
[2023-07-15T21:30:44Z INFO  dt_instance] received at 2023-07-15 21:30:44.268405476 UTC - from mc-2->source-3 "523" 21:30:44.267486743
[2023-07-15T21:30:46Z INFO  dt_instance] received at 2023-07-15 21:30:46.774080790 UTC - from mc-2->source-3 "528" 21:30:46.773279897
[2023-07-15T21:30:49Z INFO  dt_instance] received at 2023-07-15 21:30:49.279639141 UTC - from mc-2->source-3 "533" 21:30:49.278262730
[2023-07-15T21:30:51Z INFO  dt_instance] received at 2023-07-15 21:30:51.785667589 UTC - from mc-2->source-3 "538" 21:30:51.784885002
[2023-07-15T21:30:54Z INFO  dt_instance] received at 2023-07-15 21:30:54.292821310 UTC - from mc-2->source-3 "543" 21:30:54.291926404
[2023-07-15T21:30:56Z INFO  dt_instance] received at 2023-07-15 21:30:56.799182002 UTC - from mc-2->source-3 "548" 21:30:56.798028775
[2023-07-15T21:30:59Z INFO  dt_instance] received at 2023-07-15 21:30:59.303723800 UTC - from mc-2->source-3 "553" 21:30:59.302898814
[2023-07-15T21:31:01Z INFO  dt_instance] received at 2023-07-15 21:31:01.809073816 UTC - from mc-2->source-3 "558" 21:31:01.807745965
[2023-07-15T21:31:04Z INFO  dt_instance] received at 2023-07-15 21:31:04.314107626 UTC - from mc-2->source-3 "563" 21:31:04.312862842
[2023-07-15T21:31:06Z INFO  dt_instance] received at 2023-07-15 21:31:06.819151483 UTC - from mc-2->source-3 "568" 21:31:06.817760539
[2023-07-15T21:31:09Z INFO  dt_instance] received at 2023-07-15 21:31:09.323502890 UTC - from mc-2->source-3 "573" 21:31:09.322603485
[2023-07-15T21:31:11Z INFO  dt_instance] received at 2023-07-15 21:31:11.830043570 UTC - from mc-2->source-3 "578" 21:31:11.828954268
[2023-07-15T21:31:14Z INFO  dt_instance] received at 2023-07-15 21:31:14.339049032 UTC - from mc-2->source-3 "583" 21:31:14.337883797
[2023-07-15T21:31:16Z INFO  dt_instance] received at 2023-07-15 21:31:16.845667415 UTC - from mc-2->source-3 "588" 21:31:16.843854600
[2023-07-15T21:31:19Z INFO  dt_instance] received at 2023-07-15 21:31:19.352594693 UTC - from mc-2->source-3 "593" 21:31:19.351575560
[2023-07-15T21:31:21Z INFO  dt_instance] received at 2023-07-15 21:31:21.860030415 UTC - from mc-2->source-3 "598" 21:31:21.859122291
[2023-07-15T21:31:24Z INFO  dt_instance] received at 2023-07-15 21:31:24.367101310 UTC - from mc-2->source-3 "603" 21:31:24.366428682
[2023-07-15T21:31:26Z INFO  dt_instance] received at 2023-07-15 21:31:26.874515953 UTC - from mc-2->source-3 "608" 21:31:26.873617647
[2023-07-15T21:31:29Z INFO  dt_instance] received at 2023-07-15 21:31:29.381486900 UTC - from mc-2->source-3 "613" 21:31:29.379590709
[2023-07-15T21:31:31Z INFO  dt_instance] received at 2023-07-15 21:31:31.886435217 UTC - from mc-2->source-3 "618" 21:31:31.885422472
[2023-07-15T21:31:34Z INFO  dt_instance] received at 2023-07-15 21:31:34.394930440 UTC - from mc-2->source-3 "623" 21:31:34.390548814
[2023-07-15T21:31:36Z INFO  dt_instance] received at 2023-07-15 21:31:36.897441239 UTC - from mc-2->source-3 "628" 21:31:36.896183146
[2023-07-15T21:31:39Z INFO  dt_instance] received at 2023-07-15 21:31:39.402180173 UTC - from mc-2->source-3 "633" 21:31:39.401294282
[2023-07-15T21:31:41Z INFO  dt_instance] received at 2023-07-15 21:31:41.907224485 UTC - from mc-2->source-3 "638" 21:31:41.906189131
[2023-07-15T21:31:44Z INFO  dt_instance] received at 2023-07-15 21:31:44.419209599 UTC - from mc-2->source-3 "643" 21:31:44.413510764
[2023-07-15T21:31:46Z INFO  dt_instance] received at 2023-07-15 21:31:46.921974981 UTC - from mc-2->source-3 "648" 21:31:46.919143885
[2023-07-15T21:31:49Z INFO  dt_instance] received at 2023-07-15 21:31:49.426700215 UTC - from mc-2->source-3 "653" 21:31:49.425804939
[2023-07-15T21:31:51Z INFO  dt_instance] received at 2023-07-15 21:31:51.931952493 UTC - from mc-2->source-3 "658" 21:31:51.931098770
[2023-07-15T21:31:54Z INFO  dt_instance] received at 2023-07-15 21:31:54.436710495 UTC - from mc-2->source-3 "663" 21:31:54.435585664
[2023-07-15T21:31:56Z INFO  dt_instance] received at 2023-07-15 21:31:56.953142485 UTC - from mc-2->source-3 "668" 21:31:56.945733254
[2023-07-15T21:31:59Z INFO  dt_instance] received at 2023-07-15 21:31:59.457169072 UTC - from mc-2->source-3 "673" 21:31:59.456247792
[2023-07-15T21:32:01Z INFO  dt_instance] received at 2023-07-15 21:32:01.965741779 UTC - from mc-2->source-3 "678" 21:32:01.962090923
[2023-07-15T21:32:04Z INFO  dt_instance] received at 2023-07-15 21:32:04.469142546 UTC - from mc-2->source-3 "683" 21:32:04.467770389
[2023-07-15T21:32:06Z INFO  dt_instance] received at 2023-07-15 21:32:06.976620224 UTC - from mc-2->source-3 "688" 21:32:06.975521521
[2023-07-15T21:32:09Z INFO  dt_instance] received at 2023-07-15 21:32:09.482639859 UTC - from mc-2->source-3 "693" 21:32:09.481616481
[2023-07-15T21:32:11Z INFO  dt_instance] received at 2023-07-15 21:32:11.987551308 UTC - from mc-2->source-3 "698" 21:32:11.986560375
[2023-07-15T21:32:14Z INFO  dt_instance] received at 2023-07-15 21:32:14.493964962 UTC - from mc-2->source-3 "703" 21:32:14.492633020
[2023-07-15T21:32:16Z INFO  dt_instance] received at 2023-07-15 21:32:16.999382455 UTC - from mc-2->source-3 "708" 21:32:16.998525672
[2023-07-15T21:32:19Z INFO  dt_instance] received at 2023-07-15 21:32:19.507154599 UTC - from mc-2->source-3 "713" 21:32:19.504385061
[2023-07-15T21:32:22Z INFO  dt_instance] received at 2023-07-15 21:32:22.011888933 UTC - from mc-2->source-3 "718" 21:32:22.009934663
[2023-07-15T21:32:24Z INFO  dt_instance] received at 2023-07-15 21:32:24.521122447 UTC - from mc-2->source-3 "723" 21:32:24.518446006
[2023-07-15T21:32:27Z INFO  dt_instance] received at 2023-07-15 21:32:27.025553765 UTC - from mc-2->source-3 "728" 21:32:27.023654343
[2023-07-15T21:32:29Z INFO  dt_instance] received at 2023-07-15 21:32:29.531714858 UTC - from mc-2->source-3 "733" 21:32:29.530719401
[2023-07-15T21:32:32Z INFO  dt_instance] received at 2023-07-15 21:32:32.038218575 UTC - from mc-2->source-3 "738" 21:32:32.037127827
[2023-07-15T21:32:34Z INFO  dt_instance] received at 2023-07-15 21:32:34.544864214 UTC - from mc-2->source-3 "743" 21:32:34.543712036
[2023-07-15T21:32:37Z INFO  dt_instance] received at 2023-07-15 21:32:37.052045209 UTC - from mc-2->source-3 "748" 21:32:37.050956398
[2023-07-15T21:32:39Z INFO  dt_instance] received at 2023-07-15 21:32:39.558097744 UTC - from mc-2->source-3 "753" 21:32:39.555790328
[2023-07-15T21:32:42Z INFO  dt_instance] received at 2023-07-15 21:32:42.067459963 UTC - from mc-2->source-3 "758" 21:32:42.063723823
[2023-07-15T21:32:44Z INFO  dt_instance] received at 2023-07-15 21:32:44.573024566 UTC - from mc-2->source-3 "763" 21:32:44.570432097
[2023-07-15T21:32:47Z INFO  dt_instance] received at 2023-07-15 21:32:47.084960395 UTC - from mc-2->source-3 "768" 21:32:47.083920001
[2023-07-15T21:32:49Z INFO  dt_instance] received at 2023-07-15 21:32:49.591022800 UTC - from mc-2->source-3 "773" 21:32:49.589816321
[2023-07-15T21:32:52Z INFO  dt_instance] received at 2023-07-15 21:32:52.097675463 UTC - from mc-2->source-3 "778" 21:32:52.096117261
[2023-07-15T21:32:54Z INFO  dt_instance] received at 2023-07-15 21:32:54.602833801 UTC - from mc-2->source-3 "783" 21:32:54.601605771
[2023-07-15T21:32:57Z INFO  dt_instance] received at 2023-07-15 21:32:57.107848898 UTC - from mc-2->source-3 "788" 21:32:57.106859245
[2023-07-15T21:32:59Z INFO  dt_instance] received at 2023-07-15 21:32:59.614855365 UTC - from mc-2->source-3 "793" 21:32:59.612464557
[2023-07-15T21:33:02Z INFO  dt_instance] received at 2023-07-15 21:33:02.118801362 UTC - from mc-2->source-3 "798" 21:33:02.117689110
[2023-07-15T21:33:04Z INFO  dt_instance] received at 2023-07-15 21:33:04.624154392 UTC - from mc-2->source-3 "803" 21:33:04.623333478
[2023-07-15T21:33:07Z INFO  dt_instance] received at 2023-07-15 21:33:07.129711779 UTC - from mc-2->source-3 "808" 21:33:07.128936373
[2023-07-15T21:33:09Z INFO  dt_instance] received at 2023-07-15 21:33:09.635391250 UTC - from mc-2->source-3 "813" 21:33:09.634214300
[2023-07-15T21:33:12Z INFO  dt_instance] received at 2023-07-15 21:33:12.143101631 UTC - from mc-2->source-3 "818" 21:33:12.140623752
[2023-07-15T21:33:14Z INFO  dt_instance] received at 2023-07-15 21:33:14.648255438 UTC - from mc-2->source-3 "823" 21:33:14.647374455
[2023-07-15T21:33:17Z INFO  dt_instance] received at 2023-07-15 21:33:17.154071524 UTC - from mc-2->source-3 "828" 21:33:17.153214602
[2023-07-15T21:33:19Z INFO  dt_instance] received at 2023-07-15 21:33:19.662977812 UTC - from mc-2->source-3 "833" 21:33:19.661687392
[2023-07-15T21:33:22Z INFO  dt_instance] received at 2023-07-15 21:33:22.171813856 UTC - from mc-2->source-3 "838" 21:33:22.169044155
[2023-07-15T21:33:24Z INFO  dt_instance] received at 2023-07-15 21:33:24.676324505 UTC - from mc-2->source-3 "843" 21:33:24.675186545
[2023-07-15T21:33:27Z INFO  dt_instance] received at 2023-07-15 21:33:27.187303171 UTC - from mc-2->source-3 "848" 21:33:27.182841181
[2023-07-15T21:33:29Z INFO  dt_instance] received at 2023-07-15 21:33:29.693040909 UTC - from mc-2->source-3 "853" 21:33:29.689116718
[2023-07-15T21:33:32Z INFO  dt_instance] received at 2023-07-15 21:33:32.199524685 UTC - from mc-2->source-3 "858" 21:33:32.197852428
[2023-07-15T21:33:34Z INFO  dt_instance] received at 2023-07-15 21:33:34.705350253 UTC - from mc-2->source-3 "863" 21:33:34.704032460
[2023-07-15T21:33:37Z INFO  dt_instance] received at 2023-07-15 21:33:37.217955530 UTC - from mc-2->source-3 "868" 21:33:37.216549029
[2023-07-15T21:33:39Z INFO  dt_instance] received at 2023-07-15 21:33:39.725453383 UTC - from mc-2->source-3 "873" 21:33:39.724595486
[2023-07-15T21:33:42Z INFO  dt_instance] received at 2023-07-15 21:33:42.241016061 UTC - from mc-2->source-3 "878" 21:33:42.240069406
[2023-07-15T21:33:44Z INFO  dt_instance] received at 2023-07-15 21:33:44.746703136 UTC - from mc-2->source-3 "883" 21:33:44.745725654
[2023-07-15T21:33:47Z INFO  dt_instance] received at 2023-07-15 21:33:47.254134661 UTC - from mc-2->source-3 "888" 21:33:47.251605357
[2023-07-15T21:33:49Z INFO  dt_instance] received at 2023-07-15 21:33:49.762333599 UTC - from mc-2->source-3 "893" 21:33:49.759861057
[2023-07-15T21:33:52Z INFO  dt_instance] received at 2023-07-15 21:33:52.268050906 UTC - from mc-2->source-3 "898" 21:33:52.266952005
[2023-07-15T21:33:54Z INFO  dt_instance] received at 2023-07-15 21:33:54.776269355 UTC - from mc-2->source-3 "903" 21:33:54.774459518
[2023-07-15T21:33:57Z INFO  dt_instance] received at 2023-07-15 21:33:57.281393580 UTC - from mc-2->source-3 "908" 21:33:57.280158122
[2023-07-15T21:33:59Z INFO  dt_instance] received at 2023-07-15 21:33:59.786838799 UTC - from mc-2->source-3 "913" 21:33:59.785851242
[2023-07-15T21:34:02Z INFO  dt_instance] received at 2023-07-15 21:34:02.292053701 UTC - from mc-2->source-3 "918" 21:34:02.290916918
[2023-07-15T21:34:04Z INFO  dt_instance] received at 2023-07-15 21:34:04.798469062 UTC - from mc-2->source-3 "923" 21:34:04.797091924
[2023-07-15T21:34:07Z INFO  dt_instance] received at 2023-07-15 21:34:07.303141722 UTC - from mc-2->source-3 "928" 21:34:07.301988840
[2023-07-15T21:34:09Z INFO  dt_instance] received at 2023-07-15 21:34:09.808344039 UTC - from mc-2->source-3 "933" 21:34:09.806946477
[2023-07-15T21:34:12Z INFO  dt_instance] received at 2023-07-15 21:34:12.317846835 UTC - from mc-2->source-3 "938" 21:34:12.312630851
[2023-07-15T21:34:14Z INFO  dt_instance] received at 2023-07-15 21:34:14.821753982 UTC - from mc-2->source-3 "943" 21:34:14.820500298
[2023-07-15T21:34:17Z INFO  dt_instance] received at 2023-07-15 21:34:17.328140948 UTC - from mc-2->source-3 "948" 21:34:17.327120921
[2023-07-15T21:34:19Z INFO  dt_instance] received at 2023-07-15 21:34:19.833397986 UTC - from mc-2->source-3 "953" 21:34:19.832147952
[2023-07-15T21:34:22Z INFO  dt_instance] received at 2023-07-15 21:34:22.338547392 UTC - from mc-2->source-3 "958" 21:34:22.336631163
[2023-07-15T21:34:24Z INFO  dt_instance] received at 2023-07-15 21:34:24.845752947 UTC - from mc-2->source-3 "963" 21:34:24.844387187
[2023-07-15T21:34:27Z INFO  dt_instance] received at 2023-07-15 21:34:27.351117626 UTC - from mc-2->source-3 "968" 21:34:27.349950243
[2023-07-15T21:34:29Z INFO  dt_instance] received at 2023-07-15 21:34:29.858083592 UTC - from mc-2->source-3 "973" 21:34:29.857342408
[2023-07-15T21:34:32Z INFO  dt_instance] received at 2023-07-15 21:34:32.363510954 UTC - from mc-2->source-3 "978" 21:34:32.362472760
[2023-07-15T21:34:34Z INFO  dt_instance] received at 2023-07-15 21:34:34.878626894 UTC - from mc-2->source-3 "983" 21:34:34.867428746
[2023-07-15T21:34:37Z INFO  dt_instance] received at 2023-07-15 21:34:37.374979398 UTC - from mc-2->source-3 "988" 21:34:37.373506778
[2023-07-15T21:34:40Z INFO  dt_instance] received at 2023-07-15 21:34:40.017876006 UTC - from mc-2->source-6 "986" 21:34:40.013688635
[2023-07-15T21:34:43Z INFO  dt_instance] received at 2023-07-15 21:34:43.306364042 UTC - from mc-2->source-9 "985" 21:34:43.302886556
[2023-07-15T21:34:50Z INFO  dt_instance] received at 2023-07-15 21:34:50.321987543 UTC - from mc-2->source-9 "999" 21:34:50.320356841
