[2023-07-15T21:23:26Z INFO  dt_instance] Current Twin: mc-twin-0
[2023-07-15T21:23:26Z INFO  dt_instance] Replica Name twin-mc-stateful-0
[2023-07-15T21:23:26Z INFO  dt_instance] Sleeping for 0
[2023-07-15T21:23:26Z INFO  dt_instance] Connecting to broker at emqx.dtwins:1883
[2023-07-15T21:23:26Z INFO  dt_instance] Loggin info each 50 messages
[2023-07-15T21:23:26Z INFO  dt_instance] Set max packet size to 60000 KB.
[2023-07-15T21:23:26Z INFO  dt_instance] Refreshing topics for twin - Listen to mc-0/#
[2023-07-15T21:23:26Z INFO  dt_instance] SubAck { pkid: 1, return_codes: [Success(ExactlyOnce)] }
[2023-07-15T21:24:35Z INFO  dt_instance] received at 2023-07-15 21:24:35.581340107 UTC - from mc-0->source-2 "9" 21:24:35.579281812
[2023-07-15T21:24:38Z INFO  dt_instance] received at 2023-07-15 21:24:38.839152321 UTC - from mc-0->source-3 "13" 21:24:38.837498152
[2023-07-15T21:24:41Z INFO  dt_instance] received at 2023-07-15 21:24:41.351442349 UTC - from mc-0->source-1 "23" 21:24:41.348124222
[2023-07-15T21:24:43Z INFO  dt_instance] received at 2023-07-15 21:24:43.854335966 UTC - from mc-0->source-1 "28" 21:24:43.853268914
[2023-07-15T21:24:46Z INFO  dt_instance] received at 2023-07-15 21:24:46.362904331 UTC - from mc-0->source-1 "33" 21:24:46.361292778
[2023-07-15T21:24:48Z INFO  dt_instance] received at 2023-07-15 21:24:48.869772494 UTC - from mc-0->source-1 "38" 21:24:48.868380072
[2023-07-15T21:24:51Z INFO  dt_instance] received at 2023-07-15 21:24:51.378630878 UTC - from mc-0->source-1 "43" 21:24:51.377279324
[2023-07-15T21:24:53Z INFO  dt_instance] received at 2023-07-15 21:24:53.884433690 UTC - from mc-0->source-1 "48" 21:24:53.883241821
[2023-07-15T21:24:56Z INFO  dt_instance] received at 2023-07-15 21:24:56.394209628 UTC - from mc-0->source-1 "53" 21:24:56.392714986
[2023-07-15T21:24:58Z INFO  dt_instance] received at 2023-07-15 21:24:58.900874628 UTC - from mc-0->source-1 "58" 21:24:58.899650146
[2023-07-15T21:25:01Z INFO  dt_instance] received at 2023-07-15 21:25:01.423346871 UTC - from mc-0->source-1 "63" 21:25:01.422076056
[2023-07-15T21:25:03Z INFO  dt_instance] received at 2023-07-15 21:25:03.928608335 UTC - from mc-0->source-1 "68" 21:25:03.927859303
[2023-07-15T21:25:06Z INFO  dt_instance] received at 2023-07-15 21:25:06.449614849 UTC - from mc-0->source-1 "73" 21:25:06.448452849
[2023-07-15T21:25:08Z INFO  dt_instance] received at 2023-07-15 21:25:08.955893217 UTC - from mc-0->source-1 "78" 21:25:08.954774830
[2023-07-15T21:25:11Z INFO  dt_instance] received at 2023-07-15 21:25:11.462247772 UTC - from mc-0->source-1 "83" 21:25:11.459486552
[2023-07-15T21:25:13Z INFO  dt_instance] received at 2023-07-15 21:25:13.966700617 UTC - from mc-0->source-1 "88" 21:25:13.965558443
[2023-07-15T21:25:16Z INFO  dt_instance] received at 2023-07-15 21:25:16.472001387 UTC - from mc-0->source-1 "93" 21:25:16.471087680
[2023-07-15T21:25:18Z INFO  dt_instance] received at 2023-07-15 21:25:18.977405852 UTC - from mc-0->source-1 "98" 21:25:18.976492801
[2023-07-15T21:25:21Z INFO  dt_instance] received at 2023-07-15 21:25:21.483320221 UTC - from mc-0->source-1 "103" 21:25:21.481974433
[2023-07-15T21:25:23Z INFO  dt_instance] received at 2023-07-15 21:25:23.989408335 UTC - from mc-0->source-1 "108" 21:25:23.988252865
[2023-07-15T21:25:26Z INFO  dt_instance] received at 2023-07-15 21:25:26.495372721 UTC - from mc-0->source-1 "113" 21:25:26.494267668
[2023-07-15T21:25:29Z INFO  dt_instance] received at 2023-07-15 21:25:29.001127307 UTC - from mc-0->source-1 "118" 21:25:29.000300305
[2023-07-15T21:25:31Z INFO  dt_instance] received at 2023-07-15 21:25:31.513743320 UTC - from mc-0->source-1 "123" 21:25:31.506343940
[2023-07-15T21:25:34Z INFO  dt_instance] received at 2023-07-15 21:25:34.014472695 UTC - from mc-0->source-1 "128" 21:25:34.013097993
[2023-07-15T21:25:36Z INFO  dt_instance] received at 2023-07-15 21:25:36.521634015 UTC - from mc-0->source-1 "133" 21:25:36.520206970
[2023-07-15T21:25:39Z INFO  dt_instance] received at 2023-07-15 21:25:39.029707373 UTC - from mc-0->source-1 "138" 21:25:39.028777208
[2023-07-15T21:25:41Z INFO  dt_instance] received at 2023-07-15 21:25:41.535641971 UTC - from mc-0->source-1 "143" 21:25:41.534850439
[2023-07-15T21:25:44Z INFO  dt_instance] received at 2023-07-15 21:25:44.041111042 UTC - from mc-0->source-1 "148" 21:25:44.040140
[2023-07-15T21:25:46Z INFO  dt_instance] received at 2023-07-15 21:25:46.547563705 UTC - from mc-0->source-1 "153" 21:25:46.546290703
[2023-07-15T21:25:49Z INFO  dt_instance] received at 2023-07-15 21:25:49.051845003 UTC - from mc-0->source-1 "158" 21:25:49.051163540
[2023-07-15T21:25:51Z INFO  dt_instance] received at 2023-07-15 21:25:51.558088257 UTC - from mc-0->source-1 "163" 21:25:51.557120938
[2023-07-15T21:25:54Z INFO  dt_instance] received at 2023-07-15 21:25:54.063233841 UTC - from mc-0->source-1 "168" 21:25:54.062294111
[2023-07-15T21:25:56Z INFO  dt_instance] received at 2023-07-15 21:25:56.568999737 UTC - from mc-0->source-1 "173" 21:25:56.567970814
[2023-07-15T21:25:59Z INFO  dt_instance] received at 2023-07-15 21:25:59.077487465 UTC - from mc-0->source-1 "178" 21:25:59.073717713
[2023-07-15T21:26:01Z INFO  dt_instance] received at 2023-07-15 21:26:01.580076597 UTC - from mc-0->source-1 "183" 21:26:01.578757194
[2023-07-15T21:26:04Z INFO  dt_instance] received at 2023-07-15 21:26:04.084873436 UTC - from mc-0->source-1 "188" 21:26:04.083140312
[2023-07-15T21:26:06Z INFO  dt_instance] received at 2023-07-15 21:26:06.590458596 UTC - from mc-0->source-1 "193" 21:26:06.589601107
[2023-07-15T21:26:09Z INFO  dt_instance] received at 2023-07-15 21:26:09.095369604 UTC - from mc-0->source-1 "198" 21:26:09.094157914
[2023-07-15T21:26:11Z INFO  dt_instance] received at 2023-07-15 21:26:11.603718480 UTC - from mc-0->source-1 "203" 21:26:11.601820592
[2023-07-15T21:26:14Z INFO  dt_instance] received at 2023-07-15 21:26:14.108981076 UTC - from mc-0->source-1 "208" 21:26:14.106387695
[2023-07-15T21:26:16Z INFO  dt_instance] received at 2023-07-15 21:26:16.612835698 UTC - from mc-0->source-1 "213" 21:26:16.611712736
[2023-07-15T21:26:19Z INFO  dt_instance] received at 2023-07-15 21:26:19.118465588 UTC - from mc-0->source-1 "218" 21:26:19.117353650
[2023-07-15T21:26:21Z INFO  dt_instance] received at 2023-07-15 21:26:21.627011836 UTC - from mc-0->source-1 "223" 21:26:21.625612220
[2023-07-15T21:26:24Z INFO  dt_instance] received at 2023-07-15 21:26:24.131862388 UTC - from mc-0->source-1 "228" 21:26:24.130811203
[2023-07-15T21:26:26Z INFO  dt_instance] received at 2023-07-15 21:26:26.638070237 UTC - from mc-0->source-1 "233" 21:26:26.636987828
[2023-07-15T21:26:29Z INFO  dt_instance] received at 2023-07-15 21:26:29.144001631 UTC - from mc-0->source-1 "238" 21:26:29.142743756
[2023-07-15T21:26:31Z INFO  dt_instance] received at 2023-07-15 21:26:31.649430546 UTC - from mc-0->source-1 "243" 21:26:31.648450529
[2023-07-15T21:26:34Z INFO  dt_instance] received at 2023-07-15 21:26:34.154812143 UTC - from mc-0->source-1 "248" 21:26:34.153045046
[2023-07-15T21:26:36Z INFO  dt_instance] received at 2023-07-15 21:26:36.659566354 UTC - from mc-0->source-1 "253" 21:26:36.658516314
[2023-07-15T21:26:39Z INFO  dt_instance] received at 2023-07-15 21:26:39.164712035 UTC - from mc-0->source-1 "258" 21:26:39.163800776
[2023-07-15T21:26:41Z INFO  dt_instance] received at 2023-07-15 21:26:41.670209280 UTC - from mc-0->source-1 "263" 21:26:41.669415235
[2023-07-15T21:26:44Z INFO  dt_instance] received at 2023-07-15 21:26:44.175530249 UTC - from mc-0->source-1 "268" 21:26:44.174653556
[2023-07-15T21:26:46Z INFO  dt_instance] received at 2023-07-15 21:26:46.679983056 UTC - from mc-0->source-1 "273" 21:26:46.678956719
[2023-07-15T21:26:49Z INFO  dt_instance] received at 2023-07-15 21:26:49.186193512 UTC - from mc-0->source-1 "278" 21:26:49.185219274
[2023-07-15T21:26:51Z INFO  dt_instance] received at 2023-07-15 21:26:51.692642577 UTC - from mc-0->source-1 "283" 21:26:51.691649077
[2023-07-15T21:26:54Z INFO  dt_instance] received at 2023-07-15 21:26:54.197046244 UTC - from mc-0->source-1 "288" 21:26:54.196108826
[2023-07-15T21:26:56Z INFO  dt_instance] received at 2023-07-15 21:26:56.702484614 UTC - from mc-0->source-1 "293" 21:26:56.701511477
[2023-07-15T21:26:59Z INFO  dt_instance] received at 2023-07-15 21:26:59.207740028 UTC - from mc-0->source-9 "278" 21:26:59.206413142
[2023-07-15T21:27:01Z INFO  dt_instance] received at 2023-07-15 21:27:01.721317538 UTC - from mc-0->source-9 "283" 21:27:01.711350393
[2023-07-15T21:27:04Z INFO  dt_instance] received at 2023-07-15 21:27:04.218898441 UTC - from mc-0->source-9 "288" 21:27:04.217739802
[2023-07-15T21:27:06Z INFO  dt_instance] received at 2023-07-15 21:27:06.733751192 UTC - from mc-0->source-9 "293" 21:27:06.732773848
[2023-07-15T21:27:09Z INFO  dt_instance] received at 2023-07-15 21:27:09.238545245 UTC - from mc-0->source-9 "298" 21:27:09.237349904
[2023-07-15T21:27:11Z INFO  dt_instance] received at 2023-07-15 21:27:11.746654853 UTC - from mc-0->source-9 "303" 21:27:11.742509661
[2023-07-15T21:27:14Z INFO  dt_instance] received at 2023-07-15 21:27:14.249779251 UTC - from mc-0->source-9 "308" 21:27:14.248559792
[2023-07-15T21:27:16Z INFO  dt_instance] received at 2023-07-15 21:27:16.756828431 UTC - from mc-0->source-9 "313" 21:27:16.753513390
[2023-07-15T21:27:19Z INFO  dt_instance] received at 2023-07-15 21:27:19.262148630 UTC - from mc-0->source-3 "333" 21:27:19.260978678
[2023-07-15T21:27:21Z INFO  dt_instance] received at 2023-07-15 21:27:21.768074643 UTC - from mc-0->source-1 "343" 21:27:21.767326112
[2023-07-15T21:27:24Z INFO  dt_instance] received at 2023-07-15 21:27:24.274632374 UTC - from mc-0->source-1 "348" 21:27:24.273801405
[2023-07-15T21:27:26Z INFO  dt_instance] received at 2023-07-15 21:27:26.779550092 UTC - from mc-0->source-3 "348" 21:27:26.778686784
[2023-07-15T21:27:29Z INFO  dt_instance] received at 2023-07-15 21:27:29.285160324 UTC - from mc-0->source-1 "358" 21:27:29.283308626
[2023-07-15T21:27:31Z INFO  dt_instance] received at 2023-07-15 21:27:31.793333636 UTC - from mc-0->source-9 "343" 21:27:31.791936570
[2023-07-15T21:27:34Z INFO  dt_instance] received at 2023-07-15 21:27:34.301006567 UTC - from mc-0->source-9 "348" 21:27:34.298126737
[2023-07-15T21:27:36Z INFO  dt_instance] received at 2023-07-15 21:27:36.806123431 UTC - from mc-0->source-9 "353" 21:27:36.804957290
[2023-07-15T21:27:39Z INFO  dt_instance] received at 2023-07-15 21:27:39.312744764 UTC - from mc-0->source-9 "358" 21:27:39.311676098
[2023-07-15T21:27:41Z INFO  dt_instance] received at 2023-07-15 21:27:41.817433881 UTC - from mc-0->source-9 "363" 21:27:41.816389018
[2023-07-15T21:27:44Z INFO  dt_instance] received at 2023-07-15 21:27:44.324312547 UTC - from mc-0->source-9 "368" 21:27:44.322120566
[2023-07-15T21:27:46Z INFO  dt_instance] received at 2023-07-15 21:27:46.829357433 UTC - from mc-0->source-9 "373" 21:27:46.828422058
[2023-07-15T21:27:49Z INFO  dt_instance] received at 2023-07-15 21:27:49.339472796 UTC - from mc-0->source-1 "398" 21:27:49.336039592
[2023-07-15T21:27:51Z INFO  dt_instance] received at 2023-07-15 21:27:51.842577688 UTC - from mc-0->source-1 "403" 21:27:51.841791896
[2023-07-15T21:27:54Z INFO  dt_instance] received at 2023-07-15 21:27:54.348099157 UTC - from mc-0->source-1 "408" 21:27:54.347049217
[2023-07-15T21:27:56Z INFO  dt_instance] received at 2023-07-15 21:27:56.854569350 UTC - from mc-0->source-1 "413" 21:27:56.853606792
[2023-07-15T21:27:59Z INFO  dt_instance] received at 2023-07-15 21:27:59.359595068 UTC - from mc-0->source-1 "418" 21:27:59.357956555
[2023-07-15T21:28:01Z INFO  dt_instance] received at 2023-07-15 21:28:01.868992396 UTC - from mc-0->source-1 "423" 21:28:01.865237295
[2023-07-15T21:28:04Z INFO  dt_instance] received at 2023-07-15 21:28:04.372407387 UTC - from mc-0->source-1 "428" 21:28:04.371549700
[2023-07-15T21:28:06Z INFO  dt_instance] received at 2023-07-15 21:28:06.879077487 UTC - from mc-0->source-1 "433" 21:28:06.877926045
[2023-07-15T21:28:09Z INFO  dt_instance] received at 2023-07-15 21:28:09.383996268 UTC - from mc-0->source-1 "438" 21:28:09.382970253
[2023-07-15T21:28:11Z INFO  dt_instance] received at 2023-07-15 21:28:11.892697693 UTC - from mc-0->source-1 "443" 21:28:11.891748376
[2023-07-15T21:28:14Z INFO  dt_instance] received at 2023-07-15 21:28:14.402639438 UTC - from mc-0->source-1 "448" 21:28:14.398422430
[2023-07-15T21:28:16Z INFO  dt_instance] received at 2023-07-15 21:28:16.906758875 UTC - from mc-0->source-1 "453" 21:28:16.905803700
[2023-07-15T21:28:19Z INFO  dt_instance] received at 2023-07-15 21:28:19.412338549 UTC - from mc-0->source-1 "458" 21:28:19.411470117
[2023-07-15T21:28:21Z INFO  dt_instance] received at 2023-07-15 21:28:21.923064670 UTC - from mc-0->source-1 "463" 21:28:21.916818224
[2023-07-15T21:28:24Z INFO  dt_instance] received at 2023-07-15 21:28:24.423144266 UTC - from mc-0->source-1 "468" 21:28:24.422081548
[2023-07-15T21:28:26Z INFO  dt_instance] received at 2023-07-15 21:28:26.929242651 UTC - from mc-0->source-1 "473" 21:28:26.928305015
[2023-07-15T21:28:29Z INFO  dt_instance] received at 2023-07-15 21:28:29.439391331 UTC - from mc-0->source-1 "478" 21:28:29.433478337
[2023-07-15T21:28:31Z INFO  dt_instance] received at 2023-07-15 21:28:31.939500103 UTC - from mc-0->source-1 "483" 21:28:31.938241978
[2023-07-15T21:28:34Z INFO  dt_instance] received at 2023-07-15 21:28:34.445693098 UTC - from mc-0->source-1 "488" 21:28:34.444805601
[2023-07-15T21:28:36Z INFO  dt_instance] received at 2023-07-15 21:28:36.953230397 UTC - from mc-0->source-1 "493" 21:28:36.952308463
[2023-07-15T21:28:39Z INFO  dt_instance] received at 2023-07-15 21:28:39.461426105 UTC - from mc-0->source-1 "498" 21:28:39.459109413
[2023-07-15T21:28:41Z INFO  dt_instance] received at 2023-07-15 21:28:41.968092078 UTC - from mc-0->source-1 "503" 21:28:41.964596519
[2023-07-15T21:28:44Z INFO  dt_instance] received at 2023-07-15 21:28:44.480114201 UTC - from mc-0->source-1 "508" 21:28:44.476970742
[2023-07-15T21:28:46Z INFO  dt_instance] received at 2023-07-15 21:28:46.984015668 UTC - from mc-0->source-1 "513" 21:28:46.982979796
[2023-07-15T21:28:49Z INFO  dt_instance] received at 2023-07-15 21:28:49.497541 UTC - from mc-0->source-1 "518" 21:28:49.490701323
[2023-07-15T21:28:51Z INFO  dt_instance] received at 2023-07-15 21:28:51.996284685 UTC - from mc-0->source-1 "523" 21:28:51.995461739
[2023-07-15T21:28:54Z INFO  dt_instance] received at 2023-07-15 21:28:54.503616247 UTC - from mc-0->source-1 "528" 21:28:54.502537154
[2023-07-15T21:28:57Z INFO  dt_instance] received at 2023-07-15 21:28:57.009936380 UTC - from mc-0->source-1 "533" 21:28:57.009117983
[2023-07-15T21:28:59Z INFO  dt_instance] received at 2023-07-15 21:28:59.516403978 UTC - from mc-0->source-1 "538" 21:28:59.515730428
[2023-07-15T21:29:02Z INFO  dt_instance] received at 2023-07-15 21:29:02.021866771 UTC - from mc-0->source-1 "543" 21:29:02.020660919
[2023-07-15T21:29:04Z INFO  dt_instance] received at 2023-07-15 21:29:04.527740267 UTC - from mc-0->source-1 "548" 21:29:04.526750762
[2023-07-15T21:29:07Z INFO  dt_instance] received at 2023-07-15 21:29:07.032738838 UTC - from mc-0->source-1 "553" 21:29:07.031778902
[2023-07-15T21:29:09Z INFO  dt_instance] received at 2023-07-15 21:29:09.538734383 UTC - from mc-0->source-1 "558" 21:29:09.537619490
[2023-07-15T21:29:12Z INFO  dt_instance] received at 2023-07-15 21:29:12.044789991 UTC - from mc-0->source-1 "563" 21:29:12.043908392
[2023-07-15T21:29:14Z INFO  dt_instance] received at 2023-07-15 21:29:14.553676019 UTC - from mc-0->source-1 "568" 21:29:14.551060
[2023-07-15T21:29:17Z INFO  dt_instance] received at 2023-07-15 21:29:17.056875565 UTC - from mc-0->source-1 "573" 21:29:17.056067749
[2023-07-15T21:29:19Z INFO  dt_instance] received at 2023-07-15 21:29:19.562542569 UTC - from mc-0->source-1 "578" 21:29:19.561678295
[2023-07-15T21:29:22Z INFO  dt_instance] received at 2023-07-15 21:29:22.069701669 UTC - from mc-0->source-1 "583" 21:29:22.068890623
[2023-07-15T21:29:24Z INFO  dt_instance] received at 2023-07-15 21:29:24.576806523 UTC - from mc-0->source-1 "588" 21:29:24.575721669
[2023-07-15T21:29:27Z INFO  dt_instance] received at 2023-07-15 21:29:27.081490805 UTC - from mc-0->source-1 "593" 21:29:27.080784686
[2023-07-15T21:29:29Z INFO  dt_instance] received at 2023-07-15 21:29:29.587255628 UTC - from mc-0->source-1 "598" 21:29:29.586335151
[2023-07-15T21:29:32Z INFO  dt_instance] received at 2023-07-15 21:29:32.092167796 UTC - from mc-0->source-1 "603" 21:29:32.091097145
[2023-07-15T21:29:34Z INFO  dt_instance] received at 2023-07-15 21:29:34.597891815 UTC - from mc-0->source-1 "608" 21:29:34.596665976
[2023-07-15T21:29:37Z INFO  dt_instance] received at 2023-07-15 21:29:37.106815933 UTC - from mc-0->source-1 "613" 21:29:37.105864586
[2023-07-15T21:29:39Z INFO  dt_instance] received at 2023-07-15 21:29:39.613751046 UTC - from mc-0->source-1 "618" 21:29:39.612464777
[2023-07-15T21:29:42Z INFO  dt_instance] received at 2023-07-15 21:29:42.120506411 UTC - from mc-0->source-1 "623" 21:29:42.117848148
[2023-07-15T21:29:44Z INFO  dt_instance] received at 2023-07-15 21:29:44.626700208 UTC - from mc-0->source-1 "628" 21:29:44.625698583
[2023-07-15T21:29:47Z INFO  dt_instance] received at 2023-07-15 21:29:47.131508692 UTC - from mc-0->source-1 "633" 21:29:47.130440602
[2023-07-15T21:29:49Z INFO  dt_instance] received at 2023-07-15 21:29:49.636982313 UTC - from mc-0->source-1 "638" 21:29:49.635642953
[2023-07-15T21:29:52Z INFO  dt_instance] received at 2023-07-15 21:29:52.141317027 UTC - from mc-0->source-1 "643" 21:29:52.140298840
[2023-07-15T21:29:54Z INFO  dt_instance] received at 2023-07-15 21:29:54.646821328 UTC - from mc-0->source-1 "648" 21:29:54.646054285
[2023-07-15T21:29:57Z INFO  dt_instance] received at 2023-07-15 21:29:57.153869668 UTC - from mc-0->source-1 "653" 21:29:57.151607370
[2023-07-15T21:29:59Z INFO  dt_instance] received at 2023-07-15 21:29:59.658181466 UTC - from mc-0->source-1 "658" 21:29:59.657152206
[2023-07-15T21:30:02Z INFO  dt_instance] received at 2023-07-15 21:30:02.163355325 UTC - from mc-0->source-1 "663" 21:30:02.162210871
[2023-07-15T21:30:04Z INFO  dt_instance] received at 2023-07-15 21:30:04.668132535 UTC - from mc-0->source-1 "668" 21:30:04.667192837
[2023-07-15T21:30:07Z INFO  dt_instance] received at 2023-07-15 21:30:07.177347904 UTC - from mc-0->source-1 "673" 21:30:07.174159253
[2023-07-15T21:30:09Z INFO  dt_instance] received at 2023-07-15 21:30:09.680834757 UTC - from mc-0->source-1 "678" 21:30:09.679868109
[2023-07-15T21:30:12Z INFO  dt_instance] received at 2023-07-15 21:30:12.185738257 UTC - from mc-0->source-1 "683" 21:30:12.184919283
[2023-07-15T21:30:14Z INFO  dt_instance] received at 2023-07-15 21:30:14.692515012 UTC - from mc-0->source-1 "688" 21:30:14.691610085
[2023-07-15T21:30:17Z INFO  dt_instance] received at 2023-07-15 21:30:17.198206925 UTC - from mc-0->source-1 "693" 21:30:17.197062397
[2023-07-15T21:30:19Z INFO  dt_instance] received at 2023-07-15 21:30:19.704323009 UTC - from mc-0->source-9 "678" 21:30:19.702989469
[2023-07-15T21:30:22Z INFO  dt_instance] received at 2023-07-15 21:30:22.214063472 UTC - from mc-0->source-9 "683" 21:30:22.210602967
[2023-07-15T21:30:24Z INFO  dt_instance] received at 2023-07-15 21:30:24.717976527 UTC - from mc-0->source-9 "688" 21:30:24.716342577
[2023-07-15T21:30:27Z INFO  dt_instance] received at 2023-07-15 21:30:27.222928353 UTC - from mc-0->source-9 "693" 21:30:27.221286557
[2023-07-15T21:30:29Z INFO  dt_instance] received at 2023-07-15 21:30:29.741448497 UTC - from mc-0->source-9 "698" 21:30:29.728055482
[2023-07-15T21:30:32Z INFO  dt_instance] received at 2023-07-15 21:30:32.238002057 UTC - from mc-0->source-9 "703" 21:30:32.234414493
[2023-07-15T21:30:34Z INFO  dt_instance] received at 2023-07-15 21:30:34.742505457 UTC - from mc-0->source-9 "708" 21:30:34.740731260
[2023-07-15T21:30:37Z INFO  dt_instance] received at 2023-07-15 21:30:37.246845829 UTC - from mc-0->source-1 "733" 21:30:37.246081517
[2023-07-15T21:30:39Z INFO  dt_instance] received at 2023-07-15 21:30:39.766557418 UTC - from mc-0->source-1 "738" 21:30:39.751418387
[2023-07-15T21:30:42Z INFO  dt_instance] received at 2023-07-15 21:30:42.257724045 UTC - from mc-0->source-1 "743" 21:30:42.256299108
[2023-07-15T21:30:44Z INFO  dt_instance] received at 2023-07-15 21:30:44.762507868 UTC - from mc-0->source-9 "728" 21:30:44.761302910
[2023-07-15T21:30:47Z INFO  dt_instance] received at 2023-07-15 21:30:47.268584581 UTC - from mc-0->source-9 "733" 21:30:47.267362439
[2023-07-15T21:30:49Z INFO  dt_instance] received at 2023-07-15 21:30:49.775652161 UTC - from mc-0->source-9 "738" 21:30:49.774117557
[2023-07-15T21:30:52Z INFO  dt_instance] received at 2023-07-15 21:30:52.280414474 UTC - from mc-0->source-9 "743" 21:30:52.279358667
[2023-07-15T21:30:54Z INFO  dt_instance] received at 2023-07-15 21:30:54.786186649 UTC - from mc-0->source-9 "748" 21:30:54.784900007
[2023-07-15T21:30:57Z INFO  dt_instance] received at 2023-07-15 21:30:57.292702279 UTC - from mc-0->source-9 "753" 21:30:57.290958927
[2023-07-15T21:30:59Z INFO  dt_instance] received at 2023-07-15 21:30:59.799721275 UTC - from mc-0->source-9 "758" 21:30:59.798606608
[2023-07-15T21:31:02Z INFO  dt_instance] received at 2023-07-15 21:31:02.306219569 UTC - from mc-0->source-9 "763" 21:31:02.304968121
[2023-07-15T21:31:04Z INFO  dt_instance] received at 2023-07-15 21:31:04.812922308 UTC - from mc-0->source-9 "768" 21:31:04.810177113
[2023-07-15T21:31:07Z INFO  dt_instance] received at 2023-07-15 21:31:07.317717699 UTC - from mc-0->source-9 "773" 21:31:07.316111027
[2023-07-15T21:31:09Z INFO  dt_instance] received at 2023-07-15 21:31:09.827195730 UTC - from mc-0->source-9 "778" 21:31:09.824989863
[2023-07-15T21:31:12Z INFO  dt_instance] received at 2023-07-15 21:31:12.342701215 UTC - from mc-0->source-9 "783" 21:31:12.330422063
[2023-07-15T21:31:14Z INFO  dt_instance] received at 2023-07-15 21:31:14.840375361 UTC - from mc-0->source-9 "788" 21:31:14.837167506
[2023-07-15T21:31:17Z INFO  dt_instance] received at 2023-07-15 21:31:17.348713807 UTC - from mc-0->source-9 "793" 21:31:17.345545958
[2023-07-15T21:31:19Z INFO  dt_instance] received at 2023-07-15 21:31:19.854016407 UTC - from mc-0->source-9 "798" 21:31:19.852799216
[2023-07-15T21:31:22Z INFO  dt_instance] received at 2023-07-15 21:31:22.372361417 UTC - from mc-0->source-9 "803" 21:31:22.370428252
[2023-07-15T21:31:24Z INFO  dt_instance] received at 2023-07-15 21:31:24.878545591 UTC - from mc-0->source-9 "808" 21:31:24.877678602
[2023-07-15T21:31:27Z INFO  dt_instance] received at 2023-07-15 21:31:27.383885017 UTC - from mc-0->source-9 "813" 21:31:27.382338115
[2023-07-15T21:31:29Z INFO  dt_instance] received at 2023-07-15 21:31:29.890716396 UTC - from mc-0->source-9 "818" 21:31:29.888909811
[2023-07-15T21:31:32Z INFO  dt_instance] received at 2023-07-15 21:31:32.397052555 UTC - from mc-0->source-9 "823" 21:31:32.395696079
[2023-07-15T21:31:34Z INFO  dt_instance] received at 2023-07-15 21:31:34.901829755 UTC - from mc-0->source-9 "828" 21:31:34.900945255
[2023-07-15T21:31:37Z INFO  dt_instance] received at 2023-07-15 21:31:37.407545249 UTC - from mc-0->source-9 "833" 21:31:37.406359503
[2023-07-15T21:31:39Z INFO  dt_instance] received at 2023-07-15 21:31:39.913074341 UTC - from mc-0->source-9 "838" 21:31:39.911260210
[2023-07-15T21:31:42Z INFO  dt_instance] received at 2023-07-15 21:31:42.417303485 UTC - from mc-0->source-9 "843" 21:31:42.416018798
[2023-07-15T21:31:44Z INFO  dt_instance] received at 2023-07-15 21:31:44.923063865 UTC - from mc-0->source-9 "848" 21:31:44.921854089
[2023-07-15T21:31:47Z INFO  dt_instance] received at 2023-07-15 21:31:47.430475717 UTC - from mc-0->source-9 "853" 21:31:47.428691330
[2023-07-15T21:31:49Z INFO  dt_instance] received at 2023-07-15 21:31:49.935233768 UTC - from mc-0->source-9 "858" 21:31:49.933896405
[2023-07-15T21:31:52Z INFO  dt_instance] received at 2023-07-15 21:31:52.441833379 UTC - from mc-0->source-9 "863" 21:31:52.439861981
[2023-07-15T21:31:54Z INFO  dt_instance] received at 2023-07-15 21:31:54.947729719 UTC - from mc-0->source-9 "868" 21:31:54.945149853
[2023-07-15T21:31:57Z INFO  dt_instance] received at 2023-07-15 21:31:57.455818441 UTC - from mc-0->source-9 "873" 21:31:57.453191548
[2023-07-15T21:31:59Z INFO  dt_instance] received at 2023-07-15 21:31:59.963020077 UTC - from mc-0->source-9 "878" 21:31:59.959764213
[2023-07-15T21:32:02Z INFO  dt_instance] received at 2023-07-15 21:32:02.467234770 UTC - from mc-0->source-3 "898" 21:32:02.465707235
[2023-07-15T21:32:04Z INFO  dt_instance] received at 2023-07-15 21:32:04.982103018 UTC - from mc-0->source-9 "888" 21:32:04.980562641
[2023-07-15T21:32:07Z INFO  dt_instance] received at 2023-07-15 21:32:07.487688389 UTC - from mc-0->source-9 "893" 21:32:07.486240424
[2023-07-15T21:32:09Z INFO  dt_instance] received at 2023-07-15 21:32:09.997146465 UTC - from mc-0->source-9 "898" 21:32:09.995146263
[2023-07-15T21:32:12Z INFO  dt_instance] received at 2023-07-15 21:32:12.504540129 UTC - from mc-0->source-9 "903" 21:32:12.502040726
[2023-07-15T21:32:15Z INFO  dt_instance] received at 2023-07-15 21:32:15.009558520 UTC - from mc-0->source-9 "908" 21:32:15.008448517
[2023-07-15T21:32:17Z INFO  dt_instance] received at 2023-07-15 21:32:17.515859291 UTC - from mc-0->source-9 "913" 21:32:17.514304651
[2023-07-15T21:32:20Z INFO  dt_instance] received at 2023-07-15 21:32:20.020427061 UTC - from mc-0->source-9 "918" 21:32:20.019102533
[2023-07-15T21:32:22Z INFO  dt_instance] received at 2023-07-15 21:32:22.525838573 UTC - from mc-0->source-9 "923" 21:32:22.524682975
[2023-07-15T21:32:25Z INFO  dt_instance] received at 2023-07-15 21:32:25.032091384 UTC - from mc-0->source-9 "928" 21:32:25.030870451
[2023-07-15T21:32:27Z INFO  dt_instance] received at 2023-07-15 21:32:27.538185539 UTC - from mc-0->source-9 "933" 21:32:27.535224539
[2023-07-15T21:32:30Z INFO  dt_instance] received at 2023-07-15 21:32:30.043518898 UTC - from mc-0->source-9 "938" 21:32:30.042608027
[2023-07-15T21:32:32Z INFO  dt_instance] received at 2023-07-15 21:32:32.549851236 UTC - from mc-0->source-9 "943" 21:32:32.547629814
[2023-07-15T21:32:35Z INFO  dt_instance] received at 2023-07-15 21:32:35.054329285 UTC - from mc-0->source-9 "948" 21:32:35.052221447
[2023-07-15T21:32:37Z INFO  dt_instance] received at 2023-07-15 21:32:37.561008160 UTC - from mc-0->source-9 "953" 21:32:37.558082552
[2023-07-15T21:32:40Z INFO  dt_instance] received at 2023-07-15 21:32:40.066694131 UTC - from mc-0->source-9 "958" 21:32:40.065364379
[2023-07-15T21:32:42Z INFO  dt_instance] received at 2023-07-15 21:32:42.577631710 UTC - from mc-0->source-9 "963" 21:32:42.571486446
[2023-07-15T21:32:45Z INFO  dt_instance] received at 2023-07-15 21:32:45.078815824 UTC - from mc-0->source-9 "968" 21:32:45.077519956
[2023-07-15T21:32:47Z INFO  dt_instance] received at 2023-07-15 21:32:47.584299062 UTC - from mc-0->source-9 "973" 21:32:47.583079468
[2023-07-15T21:32:50Z INFO  dt_instance] received at 2023-07-15 21:32:50.325932646 UTC - from mc-0->source-8 "981" 21:32:50.321257214
[2023-07-15T21:32:53Z INFO  dt_instance] received at 2023-07-15 21:32:53.533544259 UTC - from mc-0->source-7 "990" 21:32:53.532732369
[2023-07-15T21:33:00Z INFO  dt_instance] received at 2023-07-15 21:33:00.624274971 UTC - from mc-0->source-9 "999" 21:33:00.622193472
