[2023-07-15T21:24:12Z INFO  dt_instance] Current Twin: mc-twin-9
[2023-07-15T21:24:12Z INFO  dt_instance] Replica Name twin-mc-stateful-9
[2023-07-15T21:24:12Z INFO  dt_instance] Sleeping for 450
[2023-07-15T21:31:42Z INFO  dt_instance] Connecting to broker at emqx.dtwins:1883
[2023-07-15T21:31:42Z INFO  dt_instance] Loggin info each 50 messages
[2023-07-15T21:31:42Z INFO  dt_instance] Set max packet size to 60000 KB.
[2023-07-15T21:31:42Z INFO  dt_instance] Refreshing topics for twin - Listen to mc-9/#
[2023-07-15T21:31:42Z INFO  dt_instance] SubAck { pkid: 1, return_codes: [Success(ExactlyOnce)] }
[2023-07-15T21:32:52Z INFO  dt_instance] received at 2023-07-15 21:32:52.296600213 UTC - from mc-9->source-2 "9" 21:32:52.295590910
[2023-07-15T21:32:55Z INFO  dt_instance] received at 2023-07-15 21:32:55.552472405 UTC - from mc-9->source-3 "13" 21:32:55.551326616
[2023-07-15T21:32:58Z INFO  dt_instance] received at 2023-07-15 21:32:58.074931337 UTC - from mc-9->source-1 "23" 21:32:58.064989771
[2023-07-15T21:33:00Z INFO  dt_instance] received at 2023-07-15 21:33:00.572978545 UTC - from mc-9->source-1 "28" 21:33:00.571289455
[2023-07-15T21:33:03Z INFO  dt_instance] received at 2023-07-15 21:33:03.083777899 UTC - from mc-9->source-1 "33" 21:33:03.076792052
[2023-07-15T21:33:05Z INFO  dt_instance] received at 2023-07-15 21:33:05.585293635 UTC - from mc-9->source-1 "38" 21:33:05.581512450
[2023-07-15T21:33:08Z INFO  dt_instance] received at 2023-07-15 21:33:08.087955655 UTC - from mc-9->source-1 "43" 21:33:08.086310221
[2023-07-15T21:33:10Z INFO  dt_instance] received at 2023-07-15 21:33:10.593525328 UTC - from mc-9->source-1 "48" 21:33:10.592082004
[2023-07-15T21:33:13Z INFO  dt_instance] received at 2023-07-15 21:33:13.104117231 UTC - from mc-9->source-1 "53" 21:33:13.098738579
[2023-07-15T21:33:15Z INFO  dt_instance] received at 2023-07-15 21:33:15.606011705 UTC - from mc-9->source-3 "53" 21:33:15.605246485
[2023-07-15T21:33:18Z INFO  dt_instance] received at 2023-07-15 21:33:18.116250475 UTC - from mc-9->source-3 "58" 21:33:18.111468975
[2023-07-15T21:33:20Z INFO  dt_instance] received at 2023-07-15 21:33:20.621770970 UTC - from mc-9->source-3 "63" 21:33:20.619861964
[2023-07-15T21:33:23Z INFO  dt_instance] received at 2023-07-15 21:33:23.127318943 UTC - from mc-9->source-3 "68" 21:33:23.126035379
[2023-07-15T21:33:25Z INFO  dt_instance] received at 2023-07-15 21:33:25.634647226 UTC - from mc-9->source-3 "73" 21:33:25.632785330
[2023-07-15T21:33:28Z INFO  dt_instance] received at 2023-07-15 21:33:28.140729564 UTC - from mc-9->source-5 "73" 21:33:28.139453786
[2023-07-15T21:33:30Z INFO  dt_instance] received at 2023-07-15 21:33:30.649113127 UTC - from mc-9->source-5 "78" 21:33:30.647990470
[2023-07-15T21:33:33Z INFO  dt_instance] received at 2023-07-15 21:33:33.155555993 UTC - from mc-9->source-5 "83" 21:33:33.153616104
[2023-07-15T21:33:35Z INFO  dt_instance] received at 2023-07-15 21:33:35.667028620 UTC - from mc-9->source-5 "88" 21:33:35.665287034
[2023-07-15T21:33:38Z INFO  dt_instance] received at 2023-07-15 21:33:38.172834630 UTC - from mc-9->source-5 "93" 21:33:38.171728314
[2023-07-15T21:33:40Z INFO  dt_instance] received at 2023-07-15 21:33:40.678857383 UTC - from mc-9->source-5 "98" 21:33:40.677385510
[2023-07-15T21:33:43Z INFO  dt_instance] received at 2023-07-15 21:33:43.184843052 UTC - from mc-9->source-3 "108" 21:33:43.183535335
[2023-07-15T21:33:45Z INFO  dt_instance] received at 2023-07-15 21:33:45.693834644 UTC - from mc-9->source-3 "113" 21:33:45.691238508
[2023-07-15T21:33:48Z INFO  dt_instance] received at 2023-07-15 21:33:48.201826613 UTC - from mc-9->source-5 "113" 21:33:48.200028818
[2023-07-15T21:33:50Z INFO  dt_instance] received at 2023-07-15 21:33:50.707372443 UTC - from mc-9->source-5 "118" 21:33:50.706070316
[2023-07-15T21:33:53Z INFO  dt_instance] received at 2023-07-15 21:33:53.213919923 UTC - from mc-9->source-5 "123" 21:33:53.212804083
[2023-07-15T21:33:55Z INFO  dt_instance] received at 2023-07-15 21:33:55.721626155 UTC - from mc-9->source-5 "128" 21:33:55.720232299
[2023-07-15T21:33:58Z INFO  dt_instance] received at 2023-07-15 21:33:58.243094492 UTC - from mc-9->source-5 "133" 21:33:58.225499181
[2023-07-15T21:34:00Z INFO  dt_instance] received at 2023-07-15 21:34:00.732873643 UTC - from mc-9->source-5 "138" 21:34:00.731445119
[2023-07-15T21:34:03Z INFO  dt_instance] received at 2023-07-15 21:34:03.238048740 UTC - from mc-9->source-5 "143" 21:34:03.237132119
[2023-07-15T21:34:05Z INFO  dt_instance] received at 2023-07-15 21:34:05.744120989 UTC - from mc-9->source-5 "148" 21:34:05.742008076
[2023-07-15T21:34:08Z INFO  dt_instance] received at 2023-07-15 21:34:08.259745985 UTC - from mc-9->source-1 "163" 21:34:08.252756737
[2023-07-15T21:34:10Z INFO  dt_instance] received at 2023-07-15 21:34:10.760137668 UTC - from mc-9->source-1 "168" 21:34:10.758415533
[2023-07-15T21:34:13Z INFO  dt_instance] received at 2023-07-15 21:34:13.268990762 UTC - from mc-9->source-3 "168" 21:34:13.263881706
[2023-07-15T21:34:15Z INFO  dt_instance] received at 2023-07-15 21:34:15.784276918 UTC - from mc-9->source-1 "178" 21:34:15.769461086
[2023-07-15T21:34:18Z INFO  dt_instance] received at 2023-07-15 21:34:18.280061213 UTC - from mc-9->source-1 "183" 21:34:18.277098619
[2023-07-15T21:34:20Z INFO  dt_instance] received at 2023-07-15 21:34:20.784526846 UTC - from mc-9->source-1 "188" 21:34:20.782019487
[2023-07-15T21:34:23Z INFO  dt_instance] received at 2023-07-15 21:34:23.287859782 UTC - from mc-9->source-1 "193" 21:34:23.286313291
[2023-07-15T21:34:25Z INFO  dt_instance] received at 2023-07-15 21:34:25.796064770 UTC - from mc-9->source-1 "198" 21:34:25.794067466
[2023-07-15T21:34:28Z INFO  dt_instance] received at 2023-07-15 21:34:28.304481998 UTC - from mc-9->source-1 "203" 21:34:28.298515238
[2023-07-15T21:34:30Z INFO  dt_instance] received at 2023-07-15 21:34:30.811389064 UTC - from mc-9->source-7 "193" 21:34:30.806662996
[2023-07-15T21:34:33Z INFO  dt_instance] received at 2023-07-15 21:34:33.313782975 UTC - from mc-9->source-1 "213" 21:34:33.311184113
[2023-07-15T21:34:35Z INFO  dt_instance] received at 2023-07-15 21:34:35.825398621 UTC - from mc-9->source-1 "218" 21:34:35.823922107
[2023-07-15T21:34:38Z INFO  dt_instance] received at 2023-07-15 21:34:38.331153775 UTC - from mc-9->source-1 "223" 21:34:38.328711374
[2023-07-15T21:34:40Z INFO  dt_instance] received at 2023-07-15 21:34:40.850837796 UTC - from mc-9->source-1 "228" 21:34:40.835458803
[2023-07-15T21:34:43Z INFO  dt_instance] received at 2023-07-15 21:34:43.344861795 UTC - from mc-9->source-1 "233" 21:34:43.343464129
[2023-07-15T21:34:45Z INFO  dt_instance] received at 2023-07-15 21:34:45.852717628 UTC - from mc-9->source-1 "238" 21:34:45.848607137
[2023-07-15T21:34:48Z INFO  dt_instance] received at 2023-07-15 21:34:48.355523652 UTC - from mc-9->source-1 "243" 21:34:48.353374459
[2023-07-15T21:34:50Z INFO  dt_instance] received at 2023-07-15 21:34:50.881927247 UTC - from mc-9->source-3 "243" 21:34:50.860260515
[2023-07-15T21:34:53Z INFO  dt_instance] received at 2023-07-15 21:34:53.366061603 UTC - from mc-9->source-3 "248" 21:34:53.365259119
[2023-07-15T21:34:55Z INFO  dt_instance] received at 2023-07-15 21:34:55.879750878 UTC - from mc-9->source-3 "253" 21:34:55.872345106
[2023-07-15T21:34:58Z INFO  dt_instance] received at 2023-07-15 21:34:58.385747625 UTC - from mc-9->source-1 "263" 21:34:58.381911820
[2023-07-15T21:35:00Z INFO  dt_instance] received at 2023-07-15 21:35:00.898197604 UTC - from mc-9->source-1 "268" 21:35:00.888571250
[2023-07-15T21:35:03Z INFO  dt_instance] received at 2023-07-15 21:35:03.396941955 UTC - from mc-9->source-1 "273" 21:35:03.395357498
[2023-07-15T21:35:05Z INFO  dt_instance] received at 2023-07-15 21:35:05.909435528 UTC - from mc-9->source-1 "278" 21:35:05.901529324
[2023-07-15T21:35:08Z INFO  dt_instance] received at 2023-07-15 21:35:08.413367105 UTC - from mc-9->source-1 "283" 21:35:08.406720177
[2023-07-15T21:35:10Z INFO  dt_instance] received at 2023-07-15 21:35:10.915237435 UTC - from mc-9->source-1 "288" 21:35:10.911795035
[2023-07-15T21:35:13Z INFO  dt_instance] received at 2023-07-15 21:35:13.428698889 UTC - from mc-9->source-1 "293" 21:35:13.417238633
[2023-07-15T21:35:15Z INFO  dt_instance] received at 2023-07-15 21:35:15.933703227 UTC - from mc-9->source-1 "298" 21:35:15.922849748
[2023-07-15T21:35:18Z INFO  dt_instance] received at 2023-07-15 21:35:18.446086909 UTC - from mc-9->source-1 "303" 21:35:18.428257783
[2023-07-15T21:35:20Z INFO  dt_instance] received at 2023-07-15 21:35:20.939695440 UTC - from mc-9->source-1 "308" 21:35:20.936151576
[2023-07-15T21:35:23Z INFO  dt_instance] received at 2023-07-15 21:35:23.441839162 UTC - from mc-9->source-1 "313" 21:35:23.440253812
[2023-07-15T21:35:25Z INFO  dt_instance] received at 2023-07-15 21:35:25.983080972 UTC - from mc-9->source-1 "318" 21:35:25.945959345
[2023-07-15T21:35:28Z INFO  dt_instance] received at 2023-07-15 21:35:28.509383264 UTC - from mc-9->source-1 "323" 21:35:28.451819648
[2023-07-15T21:35:30Z INFO  dt_instance] received at 2023-07-15 21:35:30.960139288 UTC - from mc-9->source-1 "328" 21:35:30.956811504
[2023-07-15T21:35:33Z INFO  dt_instance] received at 2023-07-15 21:35:33.467048683 UTC - from mc-9->source-1 "333" 21:35:33.462787549
[2023-07-15T21:35:35Z INFO  dt_instance] received at 2023-07-15 21:35:35.984265654 UTC - from mc-9->source-3 "333" 21:35:35.980053447
[2023-07-15T21:35:38Z INFO  dt_instance] received at 2023-07-15 21:35:38.518767107 UTC - from mc-9->source-1 "343" 21:35:38.486099387
[2023-07-15T21:35:41Z INFO  dt_instance] received at 2023-07-15 21:35:41.004106659 UTC - from mc-9->source-1 "348" 21:35:40.991084400
[2023-07-15T21:35:43Z INFO  dt_instance] received at 2023-07-15 21:35:43.499890502 UTC - from mc-9->source-3 "348" 21:35:43.498479090
[2023-07-15T21:35:46Z INFO  dt_instance] received at 2023-07-15 21:35:46.013644290 UTC - from mc-9->source-3 "353" 21:35:46.005163462
[2023-07-15T21:35:48Z INFO  dt_instance] received at 2023-07-15 21:35:48.526011630 UTC - from mc-9->source-1 "363" 21:35:48.508824538
[2023-07-15T21:35:51Z INFO  dt_instance] received at 2023-07-15 21:35:51.040027564 UTC - from mc-9->source-1 "368" 21:35:51.013999636
[2023-07-15T21:35:53Z INFO  dt_instance] received at 2023-07-15 21:35:53.529328194 UTC - from mc-9->source-1 "373" 21:35:53.523375553
[2023-07-15T21:35:56Z INFO  dt_instance] received at 2023-07-15 21:35:56.051069005 UTC - from mc-9->source-3 "373" 21:35:56.031947444
[2023-07-15T21:35:58Z INFO  dt_instance] received at 2023-07-15 21:35:58.549499237 UTC - from mc-9->source-1 "383" 21:35:58.538233665
[2023-07-15T21:36:01Z INFO  dt_instance] received at 2023-07-15 21:36:01.048256200 UTC - from mc-9->source-1 "388" 21:36:01.044235779
[2023-07-15T21:36:03Z INFO  dt_instance] received at 2023-07-15 21:36:03.558151454 UTC - from mc-9->source-1 "393" 21:36:03.550576158
[2023-07-15T21:36:06Z INFO  dt_instance] received at 2023-07-15 21:36:06.068455453 UTC - from mc-9->source-1 "398" 21:36:06.057489674
[2023-07-15T21:36:08Z INFO  dt_instance] received at 2023-07-15 21:36:08.577608632 UTC - from mc-9->source-1 "403" 21:36:08.564405781
[2023-07-15T21:36:11Z INFO  dt_instance] received at 2023-07-15 21:36:11.077617516 UTC - from mc-9->source-1 "408" 21:36:11.070765383
[2023-07-15T21:36:13Z INFO  dt_instance] received at 2023-07-15 21:36:13.602862376 UTC - from mc-9->source-3 "408" 21:36:13.578250039
[2023-07-15T21:36:16Z INFO  dt_instance] received at 2023-07-15 21:36:16.271011406 UTC - from mc-9->source-1 "418" 21:36:16.082613435
[2023-07-15T21:36:18Z INFO  dt_instance] received at 2023-07-15 21:36:18.807481087 UTC - from mc-9->source-1 "423" 21:36:18.587407821
[2023-07-15T21:36:21Z INFO  dt_instance] received at 2023-07-15 21:36:21.107155909 UTC - from mc-9->source-3 "423" 21:36:21.097178955
[2023-07-15T21:36:23Z INFO  dt_instance] received at 2023-07-15 21:36:23.607888956 UTC - from mc-9->source-3 "428" 21:36:23.602795728
[2023-07-15T21:36:26Z INFO  dt_instance] received at 2023-07-15 21:36:26.169840704 UTC - from mc-9->source-1 "438" 21:36:26.104324299
[2023-07-15T21:36:28Z INFO  dt_instance] received at 2023-07-15 21:36:28.844342740 UTC - from mc-9->source-4 "436" 21:36:28.820352821
[2023-07-15T21:36:31Z INFO  dt_instance] received at 2023-07-15 21:36:31.625091097 UTC - from mc-9->source-3 "444" 21:36:31.619426133
[2023-07-15T21:36:34Z INFO  dt_instance] received at 2023-07-15 21:36:34.141440562 UTC - from mc-9->source-7 "439" 21:36:34.117938716
[2023-07-15T21:36:36Z INFO  dt_instance] received at 2023-07-15 21:36:36.944793266 UTC - from mc-9->source-2 "452" 21:36:34.350124526
[2023-07-15T21:36:39Z INFO  dt_instance] received at 2023-07-15 21:36:39.572575339 UTC - from mc-9->source-0 "467" 21:36:39.364686211
[2023-07-15T21:36:42Z INFO  dt_instance] received at 2023-07-15 21:36:42.153894329 UTC - from mc-9->source-7 "455" 21:36:42.137095764
[2023-07-15T21:36:44Z INFO  dt_instance] received at 2023-07-15 21:36:44.824101913 UTC - from mc-9->source-8 "451" 21:36:41.354037468
[2023-07-15T21:36:47Z INFO  dt_instance] received at 2023-07-15 21:36:47.164106510 UTC - from mc-9->source-7 "465" 21:36:47.150331042
[2023-07-15T21:36:50Z INFO  dt_instance] received at 2023-07-15 21:36:50.139553283 UTC - from mc-9->source-8 "460" 21:36:45.863857322
[2023-07-15T21:36:52Z INFO  dt_instance] received at 2023-07-15 21:36:52.454072994 UTC - from mc-9->source-8 "465" 21:36:48.368390510
[2023-07-15T21:36:55Z INFO  dt_instance] received at 2023-07-15 21:36:55.113527630 UTC - from mc-9->source-9 "476" 21:36:55.098469762
[2023-07-15T21:36:57Z INFO  dt_instance] received at 2023-07-15 21:36:57.907488802 UTC - from mc-9->source-6 "489" 21:36:57.891774342
[2023-07-15T21:37:00Z INFO  dt_instance] received at 2023-07-15 21:37:00.740349496 UTC - from mc-9->source-2 "491" 21:36:53.890487904
[2023-07-15T21:37:03Z INFO  dt_instance] received at 2023-07-15 21:37:03.429013187 UTC - from mc-9->source-2 "496" 21:36:56.396471387
[2023-07-15T21:37:06Z INFO  dt_instance] received at 2023-07-15 21:37:06.293470587 UTC - from mc-9->source-5 "508" 21:37:06.160742939
[2023-07-15T21:37:08Z INFO  dt_instance] received at 2023-07-15 21:37:08.955400807 UTC - from mc-9->source-4 "516" 21:37:08.932051849
[2023-07-15T21:37:11Z INFO  dt_instance] received at 2023-07-15 21:37:11.688588565 UTC - from mc-9->source-5 "519" 21:37:11.672582823
[2023-07-15T21:37:14Z INFO  dt_instance] received at 2023-07-15 21:37:14.281534806 UTC - from mc-9->source-1 "514" 21:37:04.205810884
[2023-07-15T21:37:17Z INFO  dt_instance] received at 2023-07-15 21:37:17.010327244 UTC - from mc-9->source-1 "518" 21:37:06.211319485
[2023-07-15T21:37:19Z INFO  dt_instance] received at 2023-07-15 21:37:19.708184389 UTC - from mc-9->source-5 "535" 21:37:19.689968243
[2023-07-15T21:37:22Z INFO  dt_instance] received at 2023-07-15 21:37:22.278716933 UTC - from mc-9->source-7 "535" 21:37:22.259601612
[2023-07-15T21:37:25Z INFO  dt_instance] received at 2023-07-15 21:37:25.288187741 UTC - from mc-9->source-5 "546" 21:37:25.204464133
[2023-07-15T21:37:27Z INFO  dt_instance] received at 2023-07-15 21:37:27.991312241 UTC - from mc-9->source-6 "549" 21:37:27.979019216
[2023-07-15T21:37:30Z INFO  dt_instance] received at 2023-07-15 21:37:30.794769971 UTC - from mc-9->source-7 "552" 21:37:30.779295517
[2023-07-15T21:37:33Z INFO  dt_instance] received at 2023-07-15 21:37:33.540309817 UTC - from mc-9->source-8 "524" 21:37:17.953754198
[2023-07-15T21:37:36Z INFO  dt_instance] received at 2023-07-15 21:37:36.033514226 UTC - from mc-9->source-4 "570" 21:37:36.021936853
[2023-07-15T21:37:38Z INFO  dt_instance] received at 2023-07-15 21:37:38.581165584 UTC - from mc-9->source-1 "551" 21:37:22.760906377
[2023-07-15T21:37:41Z INFO  dt_instance] received at 2023-07-15 21:37:41.052030725 UTC - from mc-9->source-4 "580" 21:37:41.036257356
[2023-07-15T21:37:43Z INFO  dt_instance] received at 2023-07-15 21:37:43.824887710 UTC - from mc-9->source-7 "578" 21:37:43.810687667
[2023-07-15T21:37:46Z INFO  dt_instance] received at 2023-07-15 21:37:46.583585565 UTC - from mc-9->source-6 "586" 21:37:46.542539265
[2023-07-15T21:37:49Z INFO  dt_instance] received at 2023-07-15 21:37:49.329120566 UTC - from mc-9->source-3 "599" 21:37:49.314843916
[2023-07-15T21:37:52Z INFO  dt_instance] received at 2023-07-15 21:37:52.180023549 UTC - from mc-9->source-2 "569" 21:37:33.001508776
[2023-07-15T21:37:54Z INFO  dt_instance] received at 2023-07-15 21:37:54.817101749 UTC - from mc-9->source-5 "605" 21:37:54.787936954
[2023-07-15T21:37:57Z INFO  dt_instance] received at 2023-07-15 21:37:57.347427520 UTC - from mc-9->source-3 "615" 21:37:57.331620656
[2023-07-15T21:38:00Z INFO  dt_instance] received at 2023-07-15 21:38:00.423744913 UTC - from mc-9->source-9 "606" 21:38:00.271456569
[2023-07-15T21:38:02Z INFO  dt_instance] received at 2023-07-15 21:38:02.933940765 UTC - from mc-9->source-7 "616" 21:38:02.860365223
[2023-07-15T21:38:05Z INFO  dt_instance] received at 2023-07-15 21:38:05.827898656 UTC - from mc-9->source-5 "627" 21:38:05.815883898
[2023-07-15T21:38:08Z INFO  dt_instance] received at 2023-07-15 21:38:08.619700026 UTC - from mc-9->source-6 "630" 21:38:08.594080078
[2023-07-15T21:38:11Z INFO  dt_instance] received at 2023-07-15 21:38:11.349010903 UTC - from mc-9->source-5 "638" 21:38:11.332533030
[2023-07-15T21:38:13Z INFO  dt_instance] received at 2023-07-15 21:38:13.944898936 UTC - from mc-9->source-1 "603" 21:37:48.831136489
[2023-07-15T21:38:16Z INFO  dt_instance] received at 2023-07-15 21:38:16.599890082 UTC - from mc-9->source-3 "653" 21:38:16.373618082
[2023-07-15T21:38:19Z INFO  dt_instance] received at 2023-07-15 21:38:19.011072869 UTC - from mc-9->source-1 "613" 21:37:53.842476349
[2023-07-15T21:38:21Z INFO  dt_instance] received at 2023-07-15 21:38:21.639653148 UTC - from mc-9->source-6 "656" 21:38:21.629675468
[2023-07-15T21:38:24Z INFO  dt_instance] received at 2023-07-15 21:38:24.238276770 UTC - from mc-9->source-1 "622" 21:37:58.351443870
[2023-07-15T21:38:26Z INFO  dt_instance] received at 2023-07-15 21:38:26.934069540 UTC - from mc-9->source-7 "664" 21:38:26.919069344
[2023-07-15T21:38:29Z INFO  dt_instance] received at 2023-07-15 21:38:29.745719181 UTC - from mc-9->source-8 "612" 21:38:02.079342350
[2023-07-15T21:38:32Z INFO  dt_instance] received at 2023-07-15 21:38:32.392482505 UTC - from mc-9->source-2 "632" 21:38:04.574231191
[2023-07-15T21:38:35Z INFO  dt_instance] received at 2023-07-15 21:38:35.150353994 UTC - from mc-9->source-0 "698" 21:38:35.133444377
[2023-07-15T21:38:37Z INFO  dt_instance] received at 2023-07-15 21:38:37.953799006 UTC - from mc-9->source-2 "640" 21:38:08.582820898
[2023-07-15T21:38:40Z INFO  dt_instance] received at 2023-07-15 21:38:40.706020767 UTC - from mc-9->source-4 "699" 21:38:40.687161531
[2023-07-15T21:38:43Z INFO  dt_instance] received at 2023-07-15 21:38:43.473453442 UTC - from mc-9->source-7 "697" 21:38:43.456362343
[2023-07-15T21:38:46Z INFO  dt_instance] received at 2023-07-15 21:38:46.415091476 UTC - from mc-9->source-2 "650" 21:38:13.594241846
[2023-07-15T21:38:48Z INFO  dt_instance] received at 2023-07-15 21:38:48.747801586 UTC - from mc-9->source-4 "715" 21:38:48.710014094
[2023-07-15T21:38:51Z INFO  dt_instance] received at 2023-07-15 21:38:51.228719122 UTC - from mc-9->source-4 "720" 21:38:51.215698830
[2023-07-15T21:38:54Z INFO  dt_instance] received at 2023-07-15 21:38:54.345499524 UTC - from mc-9->source-6 "721" 21:38:54.216766819
[2023-07-15T21:38:57Z INFO  dt_instance] received at 2023-07-15 21:38:57.203051072 UTC - from mc-9->source-0 "742" 21:38:57.187502826
[2023-07-15T21:39:00Z INFO  dt_instance] received at 2023-07-15 21:39:00.047197508 UTC - from mc-9->source-7 "730" 21:38:59.994527309
[2023-07-15T21:39:02Z INFO  dt_instance] received at 2023-07-15 21:39:02.517494198 UTC - from mc-9->source-7 "735" 21:39:02.499812741
[2023-07-15T21:39:05Z INFO  dt_instance] received at 2023-07-15 21:39:05.484547859 UTC - from mc-9->source-5 "746" 21:39:05.468659097
[2023-07-15T21:39:08Z INFO  dt_instance] received at 2023-07-15 21:39:08.274508414 UTC - from mc-9->source-6 "749" 21:39:08.250174983
[2023-07-15T21:39:11Z INFO  dt_instance] received at 2023-07-15 21:39:11.245428863 UTC - from mc-9->source-0 "770" 21:39:11.218561144
[2023-07-15T21:39:13Z INFO  dt_instance] received at 2023-07-15 21:39:13.972880618 UTC - from mc-9->source-9 "753" 21:39:13.958831788
[2023-07-15T21:39:16Z INFO  dt_instance] received at 2023-07-15 21:39:16.482737401 UTC - from mc-9->source-9 "758" 21:39:16.463430501
[2023-07-15T21:39:19Z INFO  dt_instance] received at 2023-07-15 21:39:19.335640717 UTC - from mc-9->source-6 "771" 21:39:19.274831180
[2023-07-15T21:39:22Z INFO  dt_instance] received at 2023-07-15 21:39:22.049028732 UTC - from mc-9->source-3 "784" 21:39:22.035908658
[2023-07-15T21:39:24Z INFO  dt_instance] received at 2023-07-15 21:39:24.766260729 UTC - from mc-9->source-0 "797" 21:39:24.751179721
[2023-07-15T21:39:27Z INFO  dt_instance] received at 2023-07-15 21:39:27.343359420 UTC - from mc-9->source-6 "787" 21:39:27.290718726
[2023-07-15T21:39:30Z INFO  dt_instance] received at 2023-07-15 21:39:30.088393774 UTC - from mc-9->source-7 "790" 21:39:30.065336864
[2023-07-15T21:39:32Z INFO  dt_instance] received at 2023-07-15 21:39:32.861027005 UTC - from mc-9->source-1 "719" 21:38:46.975163575
[2023-07-15T21:39:35Z INFO  dt_instance] received at 2023-07-15 21:39:35.827024638 UTC - from mc-9->source-4 "809" 21:39:35.820002958
[2023-07-15T21:39:38Z INFO  dt_instance] received at 2023-07-15 21:39:38.577351070 UTC - from mc-9->source-1 "726" 21:38:50.482509996
[2023-07-15T21:39:41Z INFO  dt_instance] received at 2023-07-15 21:39:41.493749199 UTC - from mc-9->source-2 "727" 21:38:52.192426547
[2023-07-15T21:39:44Z INFO  dt_instance] received at 2023-07-15 21:39:44.073098822 UTC - from mc-9->source-5 "823" 21:39:44.059171232
[2023-07-15T21:39:46Z INFO  dt_instance] received at 2023-07-15 21:39:46.819484634 UTC - from mc-9->source-0 "841" 21:39:46.797955938
[2023-07-15T21:39:49Z INFO  dt_instance] received at 2023-07-15 21:39:49.569864726 UTC - from mc-9->source-9 "824" 21:39:49.546919155
[2023-07-15T21:39:52Z INFO  dt_instance] received at 2023-07-15 21:39:52.325323008 UTC - from mc-9->source-8 "728" 21:39:00.212549560
[2023-07-15T21:39:55Z INFO  dt_instance] received at 2023-07-15 21:39:55.096914291 UTC - from mc-9->source-5 "845" 21:39:55.080670457
[2023-07-15T21:39:57Z INFO  dt_instance] received at 2023-07-15 21:39:57.871206307 UTC - from mc-9->source-0 "863" 21:39:57.822754397
[2023-07-15T21:40:00Z INFO  dt_instance] received at 2023-07-15 21:40:00.658291709 UTC - from mc-9->source-8 "739" 21:39:05.723264355
[2023-07-15T21:40:03Z INFO  dt_instance] received at 2023-07-15 21:40:03.242348573 UTC - from mc-9->source-1 "761" 21:39:08.024052744
[2023-07-15T21:40:06Z INFO  dt_instance] received at 2023-07-15 21:40:06.040903208 UTC - from mc-9->source-1 "765" 21:39:10.032794330
[2023-07-15T21:40:08Z INFO  dt_instance] received at 2023-07-15 21:40:08.786361117 UTC - from mc-9->source-7 "867" 21:40:08.654152358
[2023-07-15T21:40:11Z INFO  dt_instance] received at 2023-07-15 21:40:11.678974824 UTC - from mc-9->source-7 "873" 21:40:11.662098564
[2023-07-15T21:40:14Z INFO  dt_instance] received at 2023-07-15 21:40:14.245056082 UTC - from mc-9->source-2 "774" 21:39:15.742448231
[2023-07-15T21:40:17Z INFO  dt_instance] received at 2023-07-15 21:40:17.376596178 UTC - from mc-9->source-0 "902" 21:40:17.367643636
[2023-07-15T21:40:20Z INFO  dt_instance] received at 2023-07-15 21:40:20.255634721 UTC - from mc-9->source-1 "782" 21:39:18.552119853
[2023-07-15T21:40:22Z INFO  dt_instance] received at 2023-07-15 21:40:22.745172815 UTC - from mc-9->source-8 "769" 21:39:20.757951374
[2023-07-15T21:40:25Z INFO  dt_instance] received at 2023-07-15 21:40:25.344988861 UTC - from mc-9->source-8 "774" 21:39:23.264326225
[2023-07-15T21:40:28Z INFO  dt_instance] received at 2023-07-15 21:40:28.244737275 UTC - from mc-9->source-7 "906" 21:40:28.204678741
[2023-07-15T21:40:30Z INFO  dt_instance] received at 2023-07-15 21:40:30.979898297 UTC - from mc-9->source-6 "914" 21:40:30.935873771
[2023-07-15T21:40:33Z INFO  dt_instance] received at 2023-07-15 21:40:33.732016046 UTC - from mc-9->source-3 "927" 21:40:33.723140976
[2023-07-15T21:40:36Z INFO  dt_instance] received at 2023-07-15 21:40:36.322102320 UTC - from mc-9->source-1 "807" 21:39:31.081670023
[2023-07-15T21:40:38Z INFO  dt_instance] received at 2023-07-15 21:40:38.933870937 UTC - from mc-9->source-0 "945" 21:40:38.923173430
[2023-07-15T21:40:41Z INFO  dt_instance] received at 2023-07-15 21:40:41.447907242 UTC - from mc-9->source-0 "950" 21:40:41.428706255
[2023-07-15T21:40:44Z INFO  dt_instance] received at 2023-07-15 21:40:44.285225255 UTC - from mc-9->source-9 "933" 21:40:44.180179334
[2023-07-15T21:40:47Z INFO  dt_instance] received at 2023-07-15 21:40:47.000343195 UTC - from mc-9->source-4 "951" 21:40:46.987595154
[2023-07-15T21:40:49Z INFO  dt_instance] received at 2023-07-15 21:40:49.782457748 UTC - from mc-9->source-7 "949" 21:40:49.763856885
[2023-07-15T21:40:52Z INFO  dt_instance] received at 2023-07-15 21:40:52.833256535 UTC - from mc-9->source-5 "960" 21:40:52.723945412
[2023-07-15T21:40:55Z INFO  dt_instance] received at 2023-07-15 21:40:55.249452745 UTC - from mc-9->source-5 "965" 21:40:55.230896867
[2023-07-15T21:40:58Z INFO  dt_instance] received at 2023-07-15 21:40:58.399796959 UTC - from mc-9->source-9 "961" 21:40:58.212367241
[2023-07-15T21:41:01Z INFO  dt_instance] received at 2023-07-15 21:41:01.022566739 UTC - from mc-9->source-6 "974" 21:41:00.999599587
[2023-07-15T21:41:03Z INFO  dt_instance] received at 2023-07-15 21:41:03.776717820 UTC - from mc-9->source-1 "846" 21:39:50.644622815
[2023-07-15T21:41:06Z INFO  dt_instance] received at 2023-07-15 21:41:06.562834005 UTC - from mc-9->source-4 "990" 21:41:06.543056123
[2023-07-15T21:41:09Z INFO  dt_instance] received at 2023-07-15 21:41:09.842782790 UTC - from mc-9->source-7 "989" 21:41:09.825994330
[2023-07-15T21:41:14Z INFO  dt_instance] received at 2023-07-15 21:41:14.559046760 UTC - from mc-9->source-8 "841" 21:39:56.842229153
[2023-07-15T21:41:24Z INFO  dt_instance] received at 2023-07-15 21:41:24.114425610 UTC - from mc-9->source-2 "870" 21:40:03.869951
[2023-07-15T21:41:37Z INFO  dt_instance] received at 2023-07-15 21:41:37.522101521 UTC - from mc-9->source-8 "872" 21:40:12.378382424
[2023-07-15T21:41:49Z INFO  dt_instance] received at 2023-07-15 21:41:49.356913425 UTC - from mc-9->source-1 "906" 21:40:20.722326482
[2023-07-15T21:42:04Z INFO  dt_instance] received at 2023-07-15 21:42:04.263516344 UTC - from mc-9->source-2 "920" 21:40:28.929948090
[2023-07-15T21:42:19Z INFO  dt_instance] received at 2023-07-15 21:42:19.152827911 UTC - from mc-9->source-8 "922" 21:40:37.435020670
[2023-07-15T21:42:33Z INFO  dt_instance] received at 2023-07-15 21:42:33.975499948 UTC - from mc-9->source-1 "956" 21:40:45.781786209
[2023-07-15T21:42:42Z INFO  dt_instance] received at 2023-07-15 21:42:42.565819546 UTC - from mc-9->source-2 "970" 21:40:53.989308982
[2023-07-15T21:42:51Z INFO  dt_instance] received at 2023-07-15 21:42:51.589277426 UTC - from mc-9->source-8 "972" 21:41:02.492226752
[2023-07-15T21:43:04Z INFO  dt_instance] received at 2023-07-15 21:43:04.778570689 UTC - from mc-9->source-8 "999" 21:41:16.026848900
