[2023-07-15T21:24:58Z INFO  dt_instance] Current Twin: mc-twin-18
[2023-07-15T21:24:58Z INFO  dt_instance] Replica Name twin-mc-stateful-18
[2023-07-15T21:24:58Z INFO  dt_instance] Sleeping for 900
[2023-07-15T21:39:58Z INFO  dt_instance] Connecting to broker at emqx.dtwins:1883
[2023-07-15T21:39:58Z INFO  dt_instance] Loggin info each 50 messages
[2023-07-15T21:39:58Z INFO  dt_instance] Set max packet size to 60000 KB.
[2023-07-15T21:39:58Z INFO  dt_instance] Refreshing topics for twin - Listen to mc-18/#
[2023-07-15T21:39:58Z INFO  dt_instance] SubAck { pkid: 1, return_codes: [Success(ExactlyOnce)] }
[2023-07-15T21:41:05Z INFO  dt_instance] received at 2023-07-15 21:41:05.292742181 UTC - from mc-18->source-0 "14" 21:41:05.282775111
[2023-07-15T21:41:08Z INFO  dt_instance] received at 2023-07-15 21:41:08.562328163 UTC - from mc-18->source-5 "8" 21:41:08.524486348
[2023-07-15T21:41:11Z INFO  dt_instance] received at 2023-07-15 21:41:11.108938616 UTC - from mc-18->source-3 "18" 21:41:11.040619901
[2023-07-15T21:41:13Z INFO  dt_instance] received at 2023-07-15 21:41:13.618716829 UTC - from mc-18->source-3 "23" 21:41:13.546979460
[2023-07-15T21:41:16Z INFO  dt_instance] received at 2023-07-15 21:41:16.156604848 UTC - from mc-18->source-3 "28" 21:41:16.053042121
[2023-07-15T21:41:18Z INFO  dt_instance] received at 2023-07-15 21:41:18.589142479 UTC - from mc-18->source-3 "33" 21:41:18.560018499
[2023-07-15T21:41:21Z INFO  dt_instance] received at 2023-07-15 21:41:21.113162002 UTC - from mc-18->source-3 "38" 21:41:21.067640805
[2023-07-15T21:41:23Z INFO  dt_instance] received at 2023-07-15 21:41:23.672357906 UTC - from mc-18->source-3 "43" 21:41:23.572712193
[2023-07-15T21:41:26Z INFO  dt_instance] received at 2023-07-15 21:41:26.123285621 UTC - from mc-18->source-3 "48" 21:41:26.077305280
[2023-07-15T21:41:28Z INFO  dt_instance] received at 2023-07-15 21:41:28.618242489 UTC - from mc-18->source-3 "53" 21:41:28.582715726
[2023-07-15T21:41:31Z INFO  dt_instance] received at 2023-07-15 21:41:31.121522472 UTC - from mc-18->source-3 "58" 21:41:31.088023400
[2023-07-15T21:41:33Z INFO  dt_instance] received at 2023-07-15 21:41:33.619033357 UTC - from mc-18->source-3 "63" 21:41:33.596723392
[2023-07-15T21:41:36Z INFO  dt_instance] received at 2023-07-15 21:41:36.130631571 UTC - from mc-18->source-3 "68" 21:41:36.111404231
[2023-07-15T21:41:38Z INFO  dt_instance] received at 2023-07-15 21:41:38.648520519 UTC - from mc-18->source-3 "73" 21:41:38.616532288
[2023-07-15T21:41:41Z INFO  dt_instance] received at 2023-07-15 21:41:41.147899233 UTC - from mc-18->source-3 "78" 21:41:41.122631295
[2023-07-15T21:41:43Z INFO  dt_instance] received at 2023-07-15 21:41:43.684456694 UTC - from mc-18->source-3 "83" 21:41:43.633665509
[2023-07-15T21:41:46Z INFO  dt_instance] received at 2023-07-15 21:41:46.198320793 UTC - from mc-18->source-3 "88" 21:41:46.140704753
[2023-07-15T21:41:48Z INFO  dt_instance] received at 2023-07-15 21:41:48.749514114 UTC - from mc-18->source-3 "93" 21:41:48.645246944
[2023-07-15T21:41:51Z INFO  dt_instance] received at 2023-07-15 21:41:51.174656653 UTC - from mc-18->source-3 "98" 21:41:51.150715097
[2023-07-15T21:41:53Z INFO  dt_instance] received at 2023-07-15 21:41:53.680048782 UTC - from mc-18->source-3 "103" 21:41:53.655654978
[2023-07-15T21:41:56Z INFO  dt_instance] received at 2023-07-15 21:41:56.200932469 UTC - from mc-18->source-3 "108" 21:41:56.161023684
[2023-07-15T21:41:58Z INFO  dt_instance] received at 2023-07-15 21:41:58.693310723 UTC - from mc-18->source-3 "113" 21:41:58.666979883
[2023-07-15T21:42:01Z INFO  dt_instance] received at 2023-07-15 21:42:01.193917081 UTC - from mc-18->source-3 "118" 21:42:01.171906440
[2023-07-15T21:42:03Z INFO  dt_instance] received at 2023-07-15 21:42:03.708664790 UTC - from mc-18->source-3 "123" 21:42:03.677449182
[2023-07-15T21:42:06Z INFO  dt_instance] received at 2023-07-15 21:42:06.259982297 UTC - from mc-18->source-3 "128" 21:42:06.183864501
[2023-07-15T21:42:08Z INFO  dt_instance] received at 2023-07-15 21:42:08.734312661 UTC - from mc-18->source-3 "133" 21:42:08.690184726
[2023-07-15T21:42:11Z INFO  dt_instance] received at 2023-07-15 21:42:11.239535930 UTC - from mc-18->source-3 "138" 21:42:11.197484814
[2023-07-15T21:42:13Z INFO  dt_instance] received at 2023-07-15 21:42:13.742449389 UTC - from mc-18->source-3 "143" 21:42:13.704875279
[2023-07-15T21:42:16Z INFO  dt_instance] received at 2023-07-15 21:42:16.233559497 UTC - from mc-18->source-3 "148" 21:42:16.211691203
[2023-07-15T21:42:18Z INFO  dt_instance] received at 2023-07-15 21:42:18.745606880 UTC - from mc-18->source-3 "153" 21:42:18.717323482
[2023-07-15T21:42:21Z INFO  dt_instance] received at 2023-07-15 21:42:21.348348048 UTC - from mc-18->source-3 "158" 21:42:21.223036440
[2023-07-15T21:42:23Z INFO  dt_instance] received at 2023-07-15 21:42:23.758337574 UTC - from mc-18->source-3 "163" 21:42:23.728573284
[2023-07-15T21:42:26Z INFO  dt_instance] received at 2023-07-15 21:42:26.239509362 UTC - from mc-18->source-3 "168" 21:42:26.235930926
[2023-07-15T21:42:28Z INFO  dt_instance] received at 2023-07-15 21:42:28.744604044 UTC - from mc-18->source-1 "178" 21:42:28.742945192
[2023-07-15T21:42:31Z INFO  dt_instance] received at 2023-07-15 21:42:31.252633425 UTC - from mc-18->source-3 "178" 21:42:31.247528663
[2023-07-15T21:42:33Z INFO  dt_instance] received at 2023-07-15 21:42:33.781437682 UTC - from mc-18->source-3 "183" 21:42:33.754506475
[2023-07-15T21:42:36Z INFO  dt_instance] received at 2023-07-15 21:42:36.287757944 UTC - from mc-18->source-3 "188" 21:42:36.260837788
[2023-07-15T21:42:38Z INFO  dt_instance] received at 2023-07-15 21:42:38.799773613 UTC - from mc-18->source-3 "193" 21:42:38.766525812
[2023-07-15T21:42:41Z INFO  dt_instance] received at 2023-07-15 21:42:41.295925591 UTC - from mc-18->source-3 "198" 21:42:41.271530451
[2023-07-15T21:42:44Z INFO  dt_instance] received at 2023-07-15 21:42:44.009574241 UTC - from mc-18->source-5 "198" 21:42:43.747087908
[2023-07-15T21:42:46Z INFO  dt_instance] received at 2023-07-15 21:42:46.319981126 UTC - from mc-18->source-3 "208" 21:42:46.281189182
[2023-07-15T21:42:48Z INFO  dt_instance] received at 2023-07-15 21:42:48.800558396 UTC - from mc-18->source-3 "213" 21:42:48.787237721
[2023-07-15T21:42:51Z INFO  dt_instance] received at 2023-07-15 21:42:51.347197744 UTC - from mc-18->source-3 "218" 21:42:51.292702748
[2023-07-15T21:42:53Z INFO  dt_instance] received at 2023-07-15 21:42:53.811407043 UTC - from mc-18->source-3 "223" 21:42:53.798414605
[2023-07-15T21:42:56Z INFO  dt_instance] received at 2023-07-15 21:42:56.332169538 UTC - from mc-18->source-3 "228" 21:42:56.308782683
[2023-07-15T21:42:58Z INFO  dt_instance] received at 2023-07-15 21:42:58.866527808 UTC - from mc-18->source-3 "233" 21:42:58.815979493
[2023-07-15T21:43:01Z INFO  dt_instance] received at 2023-07-15 21:43:01.350092562 UTC - from mc-18->source-3 "238" 21:43:01.320440109
[2023-07-15T21:43:03Z INFO  dt_instance] received at 2023-07-15 21:43:03.843244248 UTC - from mc-18->source-3 "243" 21:43:03.825386386
[2023-07-15T21:43:06Z INFO  dt_instance] received at 2023-07-15 21:43:06.342357194 UTC - from mc-18->source-3 "248" 21:43:06.332132585
[2023-07-15T21:43:08Z INFO  dt_instance] received at 2023-07-15 21:43:08.871196654 UTC - from mc-18->source-3 "253" 21:43:08.838171790
[2023-07-15T21:43:11Z INFO  dt_instance] received at 2023-07-15 21:43:11.363600262 UTC - from mc-18->source-3 "258" 21:43:11.343073205
[2023-07-15T21:43:13Z INFO  dt_instance] received at 2023-07-15 21:43:13.856657397 UTC - from mc-18->source-3 "263" 21:43:13.849696134
[2023-07-15T21:43:16Z INFO  dt_instance] received at 2023-07-15 21:43:16.365817852 UTC - from mc-18->source-3 "268" 21:43:16.354452514
[2023-07-15T21:43:18Z INFO  dt_instance] received at 2023-07-15 21:43:18.869220641 UTC - from mc-18->source-3 "273" 21:43:18.859161280
[2023-07-15T21:43:21Z INFO  dt_instance] received at 2023-07-15 21:43:21.381754772 UTC - from mc-18->source-3 "278" 21:43:21.364055930
[2023-07-15T21:43:23Z INFO  dt_instance] received at 2023-07-15 21:43:23.884699197 UTC - from mc-18->source-3 "283" 21:43:23.869882676
[2023-07-15T21:43:26Z INFO  dt_instance] received at 2023-07-15 21:43:26.385665760 UTC - from mc-18->source-3 "288" 21:43:26.374627513
[2023-07-15T21:43:28Z INFO  dt_instance] received at 2023-07-15 21:43:28.886369535 UTC - from mc-18->source-3 "293" 21:43:28.879705326
[2023-07-15T21:43:31Z INFO  dt_instance] received at 2023-07-15 21:43:31.408173097 UTC - from mc-18->source-3 "298" 21:43:31.384769572
[2023-07-15T21:43:33Z INFO  dt_instance] received at 2023-07-15 21:43:33.929946776 UTC - from mc-18->source-3 "303" 21:43:33.890556128
[2023-07-15T21:43:36Z INFO  dt_instance] received at 2023-07-15 21:43:36.418686982 UTC - from mc-18->source-3 "308" 21:43:36.395907655
[2023-07-15T21:43:38Z INFO  dt_instance] received at 2023-07-15 21:43:38.914415668 UTC - from mc-18->source-3 "313" 21:43:38.901240024
[2023-07-15T21:43:41Z INFO  dt_instance] received at 2023-07-15 21:43:41.429179711 UTC - from mc-18->source-3 "318" 21:43:41.406577748
[2023-07-15T21:43:43Z INFO  dt_instance] received at 2023-07-15 21:43:43.935603696 UTC - from mc-18->source-3 "323" 21:43:43.913142381
[2023-07-15T21:43:46Z INFO  dt_instance] received at 2023-07-15 21:43:46.434618882 UTC - from mc-18->source-3 "328" 21:43:46.418636777
[2023-07-15T21:43:48Z INFO  dt_instance] received at 2023-07-15 21:43:48.938607762 UTC - from mc-18->source-1 "338" 21:43:48.928289737
[2023-07-15T21:43:51Z INFO  dt_instance] received at 2023-07-15 21:43:51.449870815 UTC - from mc-18->source-1 "343" 21:43:51.433206369
[2023-07-15T21:43:53Z INFO  dt_instance] received at 2023-07-15 21:43:53.953392680 UTC - from mc-18->source-3 "343" 21:43:53.939549289
[2023-07-15T21:43:56Z INFO  dt_instance] received at 2023-07-15 21:43:56.494461377 UTC - from mc-18->source-3 "348" 21:43:56.445257049
[2023-07-15T21:43:59Z INFO  dt_instance] received at 2023-07-15 21:43:59.007087893 UTC - from mc-18->source-3 "353" 21:43:58.952304173
[2023-07-15T21:44:01Z INFO  dt_instance] received at 2023-07-15 21:44:01.477119144 UTC - from mc-18->source-3 "358" 21:44:01.458012656
[2023-07-15T21:44:03Z INFO  dt_instance] received at 2023-07-15 21:44:03.981251975 UTC - from mc-18->source-3 "363" 21:44:03.963482865
[2023-07-15T21:44:06Z INFO  dt_instance] received at 2023-07-15 21:44:06.671810341 UTC - from mc-18->source-5 "363" 21:44:06.446137059
[2023-07-15T21:44:08Z INFO  dt_instance] received at 2023-07-15 21:44:08.988620932 UTC - from mc-18->source-3 "373" 21:44:08.976785415
[2023-07-15T21:44:11Z INFO  dt_instance] received at 2023-07-15 21:44:11.503948052 UTC - from mc-18->source-1 "383" 21:44:11.480896254
[2023-07-15T21:44:14Z INFO  dt_instance] received at 2023-07-15 21:44:14.016830153 UTC - from mc-18->source-3 "383" 21:44:13.988979013
[2023-07-15T21:44:16Z INFO  dt_instance] received at 2023-07-15 21:44:16.511312023 UTC - from mc-18->source-3 "388" 21:44:16.496034649
[2023-07-15T21:44:19Z INFO  dt_instance] received at 2023-07-15 21:44:19.013251512 UTC - from mc-18->source-3 "393" 21:44:19.001279486
[2023-07-15T21:44:21Z INFO  dt_instance] received at 2023-07-15 21:44:21.527892772 UTC - from mc-18->source-3 "398" 21:44:21.506849571
[2023-07-15T21:44:24Z INFO  dt_instance] received at 2023-07-15 21:44:24.026772838 UTC - from mc-18->source-3 "403" 21:44:24.011521941
[2023-07-15T21:44:26Z INFO  dt_instance] received at 2023-07-15 21:44:26.558022675 UTC - from mc-18->source-3 "408" 21:44:26.517447076
[2023-07-15T21:44:29Z INFO  dt_instance] received at 2023-07-15 21:44:29.052268039 UTC - from mc-18->source-3 "413" 21:44:29.024891256
[2023-07-15T21:44:31Z INFO  dt_instance] received at 2023-07-15 21:44:31.559894405 UTC - from mc-18->source-3 "418" 21:44:31.529878381
[2023-07-15T21:44:34Z INFO  dt_instance] received at 2023-07-15 21:44:34.047125534 UTC - from mc-18->source-3 "423" 21:44:34.037069638
[2023-07-15T21:44:36Z INFO  dt_instance] received at 2023-07-15 21:44:36.569889618 UTC - from mc-18->source-3 "428" 21:44:36.542975676
[2023-07-15T21:44:39Z INFO  dt_instance] received at 2023-07-15 21:44:39.073468114 UTC - from mc-18->source-3 "433" 21:44:39.054004877
[2023-07-15T21:44:41Z INFO  dt_instance] received at 2023-07-15 21:44:41.582900483 UTC - from mc-18->source-3 "438" 21:44:41.560128314
[2023-07-15T21:44:44Z INFO  dt_instance] received at 2023-07-15 21:44:44.160796378 UTC - from mc-18->source-3 "443" 21:44:44.068073509
[2023-07-15T21:44:46Z INFO  dt_instance] received at 2023-07-15 21:44:46.596638814 UTC - from mc-18->source-1 "453" 21:44:46.573342305
[2023-07-15T21:44:49Z INFO  dt_instance] received at 2023-07-15 21:44:49.086490729 UTC - from mc-18->source-3 "453" 21:44:49.079998184
[2023-07-15T21:44:51Z INFO  dt_instance] received at 2023-07-15 21:44:51.598431450 UTC - from mc-18->source-3 "458" 21:44:51.586648444
[2023-07-15T21:44:54Z INFO  dt_instance] received at 2023-07-15 21:44:54.307601061 UTC - from mc-18->source-1 "468" 21:44:54.093025262
[2023-07-15T21:44:56Z INFO  dt_instance] received at 2023-07-15 21:44:56.624662424 UTC - from mc-18->source-3 "468" 21:44:56.597934129
[2023-07-15T21:44:59Z INFO  dt_instance] received at 2023-07-15 21:44:59.118979890 UTC - from mc-18->source-3 "473" 21:44:59.105722507
[2023-07-15T21:45:01Z INFO  dt_instance] received at 2023-07-15 21:45:01.619146177 UTC - from mc-18->source-3 "478" 21:45:01.610656855
[2023-07-15T21:45:04Z INFO  dt_instance] received at 2023-07-15 21:45:04.142621772 UTC - from mc-18->source-3 "483" 21:45:04.117380904
[2023-07-15T21:45:06Z INFO  dt_instance] received at 2023-07-15 21:45:06.634758285 UTC - from mc-18->source-3 "488" 21:45:06.623951658
[2023-07-15T21:45:09Z INFO  dt_instance] received at 2023-07-15 21:45:09.148042127 UTC - from mc-18->source-3 "493" 21:45:09.128137047
[2023-07-15T21:45:11Z INFO  dt_instance] received at 2023-07-15 21:45:11.638692818 UTC - from mc-18->source-3 "498" 21:45:11.634719748
[2023-07-15T21:45:14Z INFO  dt_instance] received at 2023-07-15 21:45:14.224176137 UTC - from mc-18->source-3 "503" 21:45:14.139283790
[2023-07-15T21:45:16Z INFO  dt_instance] received at 2023-07-15 21:45:16.670834001 UTC - from mc-18->source-3 "508" 21:45:16.646878
[2023-07-15T21:45:19Z INFO  dt_instance] received at 2023-07-15 21:45:19.183844808 UTC - from mc-18->source-3 "513" 21:45:19.151904252
[2023-07-15T21:45:21Z INFO  dt_instance] received at 2023-07-15 21:45:21.675758164 UTC - from mc-18->source-3 "518" 21:45:21.656654596
[2023-07-15T21:45:24Z INFO  dt_instance] received at 2023-07-15 21:45:24.204353589 UTC - from mc-18->source-3 "523" 21:45:24.169967878
[2023-07-15T21:45:26Z INFO  dt_instance] received at 2023-07-15 21:45:26.696570867 UTC - from mc-18->source-3 "528" 21:45:26.674863289
[2023-07-15T21:45:29Z INFO  dt_instance] received at 2023-07-15 21:45:29.231622131 UTC - from mc-18->source-3 "533" 21:45:29.180295910
[2023-07-15T21:45:31Z INFO  dt_instance] received at 2023-07-15 21:45:31.703096665 UTC - from mc-18->source-3 "538" 21:45:31.686446372
[2023-07-15T21:45:34Z INFO  dt_instance] received at 2023-07-15 21:45:34.415836089 UTC - from mc-18->source-1 "548" 21:45:34.193164242
[2023-07-15T21:45:36Z INFO  dt_instance] received at 2023-07-15 21:45:36.717999579 UTC - from mc-18->source-3 "548" 21:45:36.699157225
[2023-07-15T21:45:39Z INFO  dt_instance] received at 2023-07-15 21:45:39.235154906 UTC - from mc-18->source-3 "553" 21:45:39.204902923
[2023-07-15T21:45:41Z INFO  dt_instance] received at 2023-07-15 21:45:41.727801672 UTC - from mc-18->source-3 "558" 21:45:41.711487834
[2023-07-15T21:45:44Z INFO  dt_instance] received at 2023-07-15 21:45:44.236258229 UTC - from mc-18->source-3 "563" 21:45:44.219167078
[2023-07-15T21:45:46Z INFO  dt_instance] received at 2023-07-15 21:45:46.732826163 UTC - from mc-18->source-3 "568" 21:45:46.725009774
[2023-07-15T21:45:49Z INFO  dt_instance] received at 2023-07-15 21:45:49.247167983 UTC - from mc-18->source-3 "573" 21:45:49.229387850
[2023-07-15T21:45:51Z INFO  dt_instance] received at 2023-07-15 21:45:51.749790943 UTC - from mc-18->source-3 "578" 21:45:51.735504089
[2023-07-15T21:45:54Z INFO  dt_instance] received at 2023-07-15 21:45:54.259191683 UTC - from mc-18->source-3 "583" 21:45:54.241133465
[2023-07-15T21:45:56Z INFO  dt_instance] received at 2023-07-15 21:45:56.774690838 UTC - from mc-18->source-3 "588" 21:45:56.748299446
[2023-07-15T21:45:59Z INFO  dt_instance] received at 2023-07-15 21:45:59.259097318 UTC - from mc-18->source-3 "593" 21:45:59.254654872
[2023-07-15T21:46:01Z INFO  dt_instance] received at 2023-07-15 21:46:01.776454306 UTC - from mc-18->source-3 "598" 21:46:01.760447975
[2023-07-15T21:46:04Z INFO  dt_instance] received at 2023-07-15 21:46:04.284147720 UTC - from mc-18->source-3 "603" 21:46:04.265369611
[2023-07-15T21:46:06Z INFO  dt_instance] received at 2023-07-15 21:46:06.782701486 UTC - from mc-18->source-3 "608" 21:46:06.771497135
[2023-07-15T21:46:09Z INFO  dt_instance] received at 2023-07-15 21:46:09.304861139 UTC - from mc-18->source-3 "613" 21:46:09.277553965
[2023-07-15T21:46:11Z INFO  dt_instance] received at 2023-07-15 21:46:11.796107033 UTC - from mc-18->source-3 "618" 21:46:11.784992735
[2023-07-15T21:46:14Z INFO  dt_instance] received at 2023-07-15 21:46:14.306660696 UTC - from mc-18->source-3 "623" 21:46:14.289390656
[2023-07-15T21:46:16Z INFO  dt_instance] received at 2023-07-15 21:46:16.809363709 UTC - from mc-18->source-3 "628" 21:46:16.796560553
[2023-07-15T21:46:19Z INFO  dt_instance] received at 2023-07-15 21:46:19.326702449 UTC - from mc-18->source-3 "633" 21:46:19.301481934
[2023-07-15T21:46:21Z INFO  dt_instance] received at 2023-07-15 21:46:21.825731713 UTC - from mc-18->source-3 "638" 21:46:21.808147842
[2023-07-15T21:46:24Z INFO  dt_instance] received at 2023-07-15 21:46:24.337908103 UTC - from mc-18->source-3 "643" 21:46:24.315951757
[2023-07-15T21:46:26Z INFO  dt_instance] received at 2023-07-15 21:46:26.833418827 UTC - from mc-18->source-1 "653" 21:46:26.822087619
[2023-07-15T21:46:29Z INFO  dt_instance] received at 2023-07-15 21:46:29.348795449 UTC - from mc-18->source-3 "653" 21:46:29.326891782
[2023-07-15T21:46:31Z INFO  dt_instance] received at 2023-07-15 21:46:31.846851196 UTC - from mc-18->source-3 "658" 21:46:31.831347012
[2023-07-15T21:46:34Z INFO  dt_instance] received at 2023-07-15 21:46:34.356975469 UTC - from mc-18->source-3 "663" 21:46:34.336880707
[2023-07-15T21:46:36Z INFO  dt_instance] received at 2023-07-15 21:46:36.861466173 UTC - from mc-18->source-1 "673" 21:46:36.844619068
[2023-07-15T21:46:39Z INFO  dt_instance] received at 2023-07-15 21:46:39.367897702 UTC - from mc-18->source-1 "678" 21:46:39.353146121
[2023-07-15T21:46:41Z INFO  dt_instance] received at 2023-07-15 21:46:41.881599101 UTC - from mc-18->source-3 "678" 21:46:41.854144693
[2023-07-15T21:46:44Z INFO  dt_instance] received at 2023-07-15 21:46:44.375179524 UTC - from mc-18->source-3 "683" 21:46:44.360737782
[2023-07-15T21:46:46Z INFO  dt_instance] received at 2023-07-15 21:46:46.883032176 UTC - from mc-18->source-7 "678" 21:46:46.871689263
[2023-07-15T21:46:49Z INFO  dt_instance] received at 2023-07-15 21:46:49.388428474 UTC - from mc-18->source-9 "678" 21:46:49.377105874
[2023-07-15T21:46:51Z INFO  dt_instance] received at 2023-07-15 21:46:51.886891776 UTC - from mc-18->source-7 "688" 21:46:51.884233071
[2023-07-15T21:46:54Z INFO  dt_instance] received at 2023-07-15 21:46:54.392544309 UTC - from mc-18->source-9 "688" 21:46:54.390894595
[2023-07-15T21:46:56Z INFO  dt_instance] received at 2023-07-15 21:46:56.898795393 UTC - from mc-18->source-3 "708" 21:46:56.897609038
[2023-07-15T21:46:59Z INFO  dt_instance] received at 2023-07-15 21:46:59.405899947 UTC - from mc-18->source-9 "698" 21:46:59.404068743
[2023-07-15T21:47:01Z INFO  dt_instance] received at 2023-07-15 21:47:01.912156557 UTC - from mc-18->source-9 "703" 21:47:01.910390498
[2023-07-15T21:47:04Z INFO  dt_instance] received at 2023-07-15 21:47:04.419860744 UTC - from mc-18->source-3 "723" 21:47:04.418285727
[2023-07-15T21:47:06Z INFO  dt_instance] received at 2023-07-15 21:47:06.925730257 UTC - from mc-18->source-3 "728" 21:47:06.924099096
[2023-07-15T21:47:09Z INFO  dt_instance] received at 2023-07-15 21:47:09.432721584 UTC - from mc-18->source-3 "733" 21:47:09.431030522
[2023-07-15T21:47:11Z INFO  dt_instance] received at 2023-07-15 21:47:11.937683803 UTC - from mc-18->source-3 "738" 21:47:11.936185397
[2023-07-15T21:47:14Z INFO  dt_instance] received at 2023-07-15 21:47:14.445951517 UTC - from mc-18->source-3 "743" 21:47:14.444596418
[2023-07-15T21:47:16Z INFO  dt_instance] received at 2023-07-15 21:47:16.964381934 UTC - from mc-18->source-3 "748" 21:47:16.963008904
[2023-07-15T21:47:19Z INFO  dt_instance] received at 2023-07-15 21:47:19.471336071 UTC - from mc-18->source-9 "738" 21:47:19.469762324
[2023-07-15T21:47:21Z INFO  dt_instance] received at 2023-07-15 21:47:21.976732424 UTC - from mc-18->source-9 "743" 21:47:21.975466929
[2023-07-15T21:47:24Z INFO  dt_instance] received at 2023-07-15 21:47:24.488714889 UTC - from mc-18->source-3 "763" 21:47:24.483921867
[2023-07-15T21:47:26Z INFO  dt_instance] received at 2023-07-15 21:47:26.991718708 UTC - from mc-18->source-9 "753" 21:47:26.989755329
[2023-07-15T21:47:29Z INFO  dt_instance] received at 2023-07-15 21:47:29.497087952 UTC - from mc-18->source-3 "773" 21:47:29.495730519
[2023-07-15T21:47:32Z INFO  dt_instance] received at 2023-07-15 21:47:32.003158318 UTC - from mc-18->source-3 "778" 21:47:32.000428002
[2023-07-15T21:47:34Z INFO  dt_instance] received at 2023-07-15 21:47:34.510246978 UTC - from mc-18->source-3 "783" 21:47:34.507917200
[2023-07-15T21:47:37Z INFO  dt_instance] received at 2023-07-15 21:47:37.014245222 UTC - from mc-18->source-3 "788" 21:47:37.012457522
[2023-07-15T21:47:39Z INFO  dt_instance] received at 2023-07-15 21:47:39.520156302 UTC - from mc-18->source-3 "793" 21:47:39.519175182
[2023-07-15T21:47:42Z INFO  dt_instance] received at 2023-07-15 21:47:42.027812310 UTC - from mc-18->source-3 "798" 21:47:42.025091372
[2023-07-15T21:47:44Z INFO  dt_instance] received at 2023-07-15 21:47:44.531841425 UTC - from mc-18->source-3 "803" 21:47:44.530528158
[2023-07-15T21:47:47Z INFO  dt_instance] received at 2023-07-15 21:47:47.037464085 UTC - from mc-18->source-3 "808" 21:47:47.035350891
[2023-07-15T21:47:49Z INFO  dt_instance] received at 2023-07-15 21:47:49.545654271 UTC - from mc-18->source-9 "798" 21:47:49.540792857
[2023-07-15T21:47:52Z INFO  dt_instance] received at 2023-07-15 21:47:52.049009106 UTC - from mc-18->source-7 "808" 21:47:52.047207586
[2023-07-15T21:47:54Z INFO  dt_instance] received at 2023-07-15 21:47:54.559976645 UTC - from mc-18->source-7 "813" 21:47:54.554366509
[2023-07-15T21:47:57Z INFO  dt_instance] received at 2023-07-15 21:47:57.063887222 UTC - from mc-18->source-9 "813" 21:47:57.059958305
[2023-07-15T21:47:59Z INFO  dt_instance] received at 2023-07-15 21:47:59.568076137 UTC - from mc-18->source-7 "823" 21:47:59.566151754
[2023-07-15T21:48:02Z INFO  dt_instance] received at 2023-07-15 21:48:02.074868118 UTC - from mc-18->source-3 "838" 21:48:02.073475596
[2023-07-15T21:48:04Z INFO  dt_instance] received at 2023-07-15 21:48:04.582147220 UTC - from mc-18->source-7 "833" 21:48:04.579522672
[2023-07-15T21:48:07Z INFO  dt_instance] received at 2023-07-15 21:48:07.091756107 UTC - from mc-18->source-7 "838" 21:48:07.085980943
[2023-07-15T21:48:09Z INFO  dt_instance] received at 2023-07-15 21:48:09.594624230 UTC - from mc-18->source-9 "838" 21:48:09.593170899
[2023-07-15T21:48:12Z INFO  dt_instance] received at 2023-07-15 21:48:12.103927369 UTC - from mc-18->source-7 "848" 21:48:12.098866462
[2023-07-15T21:48:14Z INFO  dt_instance] received at 2023-07-15 21:48:14.607129196 UTC - from mc-18->source-7 "853" 21:48:14.605913557
[2023-07-15T21:48:17Z INFO  dt_instance] received at 2023-07-15 21:48:17.116936303 UTC - from mc-18->source-3 "868" 21:48:17.115575631
[2023-07-15T21:48:19Z INFO  dt_instance] received at 2023-07-15 21:48:19.624006108 UTC - from mc-18->source-3 "873" 21:48:19.622044207
[2023-07-15T21:48:22Z INFO  dt_instance] received at 2023-07-15 21:48:22.129462695 UTC - from mc-18->source-3 "878" 21:48:22.128025822
[2023-07-15T21:48:24Z INFO  dt_instance] received at 2023-07-15 21:48:24.636275729 UTC - from mc-18->source-3 "883" 21:48:24.635169441
[2023-07-15T21:48:27Z INFO  dt_instance] received at 2023-07-15 21:48:27.143083394 UTC - from mc-18->source-9 "873" 21:48:27.140872482
[2023-07-15T21:48:29Z INFO  dt_instance] received at 2023-07-15 21:48:29.648281054 UTC - from mc-18->source-3 "893" 21:48:29.645528039
[2023-07-15T21:48:32Z INFO  dt_instance] received at 2023-07-15 21:48:32.154087344 UTC - from mc-18->source-3 "898" 21:48:32.152691895
[2023-07-15T21:48:34Z INFO  dt_instance] received at 2023-07-15 21:48:34.666916847 UTC - from mc-18->source-9 "888" 21:48:34.659305456
[2023-07-15T21:48:37Z INFO  dt_instance] received at 2023-07-15 21:48:37.167473740 UTC - from mc-18->source-9 "893" 21:48:37.165955328
[2023-07-15T21:48:39Z INFO  dt_instance] received at 2023-07-15 21:48:39.676254785 UTC - from mc-18->source-3 "913" 21:48:39.674102502
[2023-07-15T21:48:42Z INFO  dt_instance] received at 2023-07-15 21:48:42.185461147 UTC - from mc-18->source-3 "918" 21:48:42.184495837
[2023-07-15T21:48:44Z INFO  dt_instance] received at 2023-07-15 21:48:44.690854882 UTC - from mc-18->source-3 "923" 21:48:44.689476263
[2023-07-15T21:48:47Z INFO  dt_instance] received at 2023-07-15 21:48:47.200576424 UTC - from mc-18->source-3 "928" 21:48:47.195471939
[2023-07-15T21:48:49Z INFO  dt_instance] received at 2023-07-15 21:48:49.702541109 UTC - from mc-18->source-3 "933" 21:48:49.701456302
[2023-07-15T21:48:52Z INFO  dt_instance] received at 2023-07-15 21:48:52.210139728 UTC - from mc-18->source-3 "938" 21:48:52.206385478
[2023-07-15T21:48:54Z INFO  dt_instance] received at 2023-07-15 21:48:54.713515073 UTC - from mc-18->source-9 "928" 21:48:54.712117502
[2023-07-15T21:48:57Z INFO  dt_instance] received at 2023-07-15 21:48:57.219573749 UTC - from mc-18->source-9 "933" 21:48:57.218324791
[2023-07-15T21:48:59Z INFO  dt_instance] received at 2023-07-15 21:48:59.726601760 UTC - from mc-18->source-9 "938" 21:48:59.725017209
[2023-07-15T21:49:02Z INFO  dt_instance] received at 2023-07-15 21:49:02.231423220 UTC - from mc-18->source-9 "943" 21:49:02.230383559
[2023-07-15T21:49:04Z INFO  dt_instance] received at 2023-07-15 21:49:04.737873563 UTC - from mc-18->source-9 "948" 21:49:04.736750255
[2023-07-15T21:49:07Z INFO  dt_instance] received at 2023-07-15 21:49:07.244826731 UTC - from mc-18->source-9 "953" 21:49:07.243648851
[2023-07-15T21:49:09Z INFO  dt_instance] received at 2023-07-15 21:49:09.751545413 UTC - from mc-18->source-9 "958" 21:49:09.749798766
[2023-07-15T21:49:12Z INFO  dt_instance] received at 2023-07-15 21:49:12.257540957 UTC - from mc-18->source-9 "963" 21:49:12.254832067
[2023-07-15T21:49:14Z INFO  dt_instance] received at 2023-07-15 21:49:14.773240771 UTC - from mc-18->source-9 "968" 21:49:14.761193027
[2023-07-15T21:49:17Z INFO  dt_instance] received at 2023-07-15 21:49:17.267724076 UTC - from mc-18->source-9 "973" 21:49:17.266395518
[2023-07-15T21:49:20Z INFO  dt_instance] received at 2023-07-15 21:49:20.001031508 UTC - from mc-18->source-6 "986" 21:49:19.999343713
[2023-07-15T21:49:23Z INFO  dt_instance] received at 2023-07-15 21:49:23.231988859 UTC - from mc-18->source-5 "995" 21:49:23.230250621
[2023-07-15T21:49:30Z INFO  dt_instance] received at 2023-07-15 21:49:30.300944666 UTC - from mc-18->source-9 "999" 21:49:30.299031031
