[2023-07-15T21:25:03Z INFO  dt_instance] Current Twin: mc-twin-19
[2023-07-15T21:25:03Z INFO  dt_instance] Replica Name twin-mc-stateful-19
[2023-07-15T21:25:03Z INFO  dt_instance] Sleeping for 950
[2023-07-15T21:40:53Z INFO  dt_instance] Connecting to broker at emqx.dtwins:1883
[2023-07-15T21:40:53Z INFO  dt_instance] Loggin info each 50 messages
[2023-07-15T21:40:53Z INFO  dt_instance] Set max packet size to 60000 KB.
[2023-07-15T21:40:53Z INFO  dt_instance] Refreshing topics for twin - Listen to mc-19/#
[2023-07-15T21:40:54Z INFO  dt_instance] SubAck { pkid: 1, return_codes: [Success(ExactlyOnce)] }
[2023-07-15T21:42:03Z INFO  dt_instance] received at 2023-07-15 21:42:03.177538003 UTC - from mc-19->source-0 "21" 21:42:03.167930842
[2023-07-15T21:42:09Z INFO  dt_instance] received at 2023-07-15 21:42:09.173278904 UTC - from mc-19->source-8 "13" 21:42:09.159689946
[2023-07-15T21:42:12Z INFO  dt_instance] received at 2023-07-15 21:42:12.997405250 UTC - from mc-19->source-1 "11" 21:41:59.403632180
[2023-07-15T21:42:15Z INFO  dt_instance] received at 2023-07-15 21:42:15.940684297 UTC - from mc-19->source-3 "39" 21:42:15.939971958
[2023-07-15T21:42:18Z INFO  dt_instance] received at 2023-07-15 21:42:18.729901173 UTC - from mc-19->source-5 "12" 21:42:04.912718160
[2023-07-15T21:42:20Z INFO  dt_instance] received at 2023-07-15 21:42:20.879845811 UTC - from mc-19->source-9 "8" 21:42:07.902306850
[2023-07-15T21:42:23Z INFO  dt_instance] received at 2023-07-15 21:42:23.214758289 UTC - from mc-19->source-4 "51" 21:42:23.204297341
[2023-07-15T21:42:26Z INFO  dt_instance] received at 2023-07-15 21:42:26.259812305 UTC - from mc-19->source-5 "27" 21:42:12.430239588
[2023-07-15T21:42:29Z INFO  dt_instance] received at 2023-07-15 21:42:29.542058236 UTC - from mc-19->source-1 "41" 21:42:14.435400948
[2023-07-15T21:42:31Z INFO  dt_instance] received at 2023-07-15 21:42:31.223870716 UTC - from mc-19->source-4 "67" 21:42:31.219843793
[2023-07-15T21:42:33Z INFO  dt_instance] received at 2023-07-15 21:42:33.081690096 UTC - from mc-19->source-5 "43" 21:42:20.453719121
[2023-07-15T21:42:34Z INFO  dt_instance] received at 2023-07-15 21:42:34.734913912 UTC - from mc-19->source-4 "74" 21:42:34.727803123
[2023-07-15T21:42:36Z INFO  dt_instance] received at 2023-07-15 21:42:36.324071870 UTC - from mc-19->source-6 "53" 21:42:26.714529447
[2023-07-15T21:42:38Z INFO  dt_instance] received at 2023-07-15 21:42:38.160363283 UTC - from mc-19->source-6 "59" 21:42:29.731581851
[2023-07-15T21:42:40Z INFO  dt_instance] received at 2023-07-15 21:42:40.011250574 UTC - from mc-19->source-3 "87" 21:42:40.009469310
[2023-07-15T21:42:42Z INFO  dt_instance] received at 2023-07-15 21:42:42.081278035 UTC - from mc-19->source-7 "68" 21:42:35.472931858
[2023-07-15T21:42:44Z INFO  dt_instance] received at 2023-07-15 21:42:44.046442119 UTC - from mc-19->source-9 "69" 21:42:38.478129603
[2023-07-15T21:42:45Z INFO  dt_instance] received at 2023-07-15 21:42:45.886882668 UTC - from mc-19->source-6 "82" 21:42:41.266081410
[2023-07-15T21:42:48Z INFO  dt_instance] received at 2023-07-15 21:42:48.134115520 UTC - from mc-19->source-7 "85" 21:42:43.999136755
[2023-07-15T21:42:50Z INFO  dt_instance] received at 2023-07-15 21:42:50.779962415 UTC - from mc-19->source-8 "96" 21:42:50.777095943
[2023-07-15T21:42:52Z INFO  dt_instance] received at 2023-07-15 21:42:52.552245527 UTC - from mc-19->source-9 "91" 21:42:49.515629119
[2023-07-15T21:42:54Z INFO  dt_instance] received at 2023-07-15 21:42:54.201374612 UTC - from mc-19->source-7 "102" 21:42:52.526446339
[2023-07-15T21:42:55Z INFO  dt_instance] received at 2023-07-15 21:42:55.654352648 UTC - from mc-19->source-5 "113" 21:42:55.540637177
[2023-07-15T21:42:58Z INFO  dt_instance] received at 2023-07-15 21:42:58.093818755 UTC - from mc-19->source-9 "108" 21:42:58.035304651
[2023-07-15T21:43:00Z INFO  dt_instance] received at 2023-07-15 21:43:00.586867081 UTC - from mc-19->source-5 "123" 21:43:00.552666279
[2023-07-15T21:43:03Z INFO  dt_instance] received at 2023-07-15 21:43:03.098809052 UTC - from mc-19->source-5 "128" 21:43:03.059156716
[2023-07-15T21:43:05Z INFO  dt_instance] received at 2023-07-15 21:43:05.589520773 UTC - from mc-19->source-5 "133" 21:43:05.565459650
[2023-07-15T21:43:08Z INFO  dt_instance] received at 2023-07-15 21:43:08.077282206 UTC - from mc-19->source-3 "143" 21:43:08.074128520
[2023-07-15T21:43:10Z INFO  dt_instance] received at 2023-07-15 21:43:10.609528074 UTC - from mc-19->source-1 "153" 21:43:10.575830079
[2023-07-15T21:43:13Z INFO  dt_instance] received at 2023-07-15 21:43:13.115234425 UTC - from mc-19->source-5 "148" 21:43:13.083130972
[2023-07-15T21:43:15Z INFO  dt_instance] received at 2023-07-15 21:43:15.839815084 UTC - from mc-19->source-4 "156" 21:43:15.838563799
[2023-07-15T21:43:18Z INFO  dt_instance] received at 2023-07-15 21:43:18.131912282 UTC - from mc-19->source-5 "158" 21:43:18.093814734
[2023-07-15T21:43:20Z INFO  dt_instance] received at 2023-07-15 21:43:20.616274367 UTC - from mc-19->source-5 "163" 21:43:20.600675631
[2023-07-15T21:43:23Z INFO  dt_instance] received at 2023-07-15 21:43:23.145335802 UTC - from mc-19->source-5 "168" 21:43:23.106491107
[2023-07-15T21:43:25Z INFO  dt_instance] received at 2023-07-15 21:43:25.635884320 UTC - from mc-19->source-5 "173" 21:43:25.613667538
[2023-07-15T21:43:28Z INFO  dt_instance] received at 2023-07-15 21:43:28.225983217 UTC - from mc-19->source-5 "178" 21:43:28.120494409
[2023-07-15T21:43:30Z INFO  dt_instance] received at 2023-07-15 21:43:30.662432818 UTC - from mc-19->source-5 "183" 21:43:30.626529179
[2023-07-15T21:43:33Z INFO  dt_instance] received at 2023-07-15 21:43:33.137789158 UTC - from mc-19->source-5 "188" 21:43:33.132429253
[2023-07-15T21:43:35Z INFO  dt_instance] received at 2023-07-15 21:43:35.663480284 UTC - from mc-19->source-5 "193" 21:43:35.637753464
[2023-07-15T21:43:38Z INFO  dt_instance] received at 2023-07-15 21:43:38.166301297 UTC - from mc-19->source-5 "198" 21:43:38.143531697
[2023-07-15T21:43:40Z INFO  dt_instance] received at 2023-07-15 21:43:40.701662069 UTC - from mc-19->source-5 "203" 21:43:40.647975699
[2023-07-15T21:43:43Z INFO  dt_instance] received at 2023-07-15 21:43:43.230514752 UTC - from mc-19->source-5 "208" 21:43:43.152752283
[2023-07-15T21:43:45Z INFO  dt_instance] received at 2023-07-15 21:43:45.679627092 UTC - from mc-19->source-5 "213" 21:43:45.657942656
[2023-07-15T21:43:48Z INFO  dt_instance] received at 2023-07-15 21:43:48.192079079 UTC - from mc-19->source-5 "218" 21:43:48.162891494
[2023-07-15T21:43:50Z INFO  dt_instance] received at 2023-07-15 21:43:50.694297393 UTC - from mc-19->source-1 "233" 21:43:50.669728173
[2023-07-15T21:43:53Z INFO  dt_instance] received at 2023-07-15 21:43:53.197136921 UTC - from mc-19->source-5 "228" 21:43:53.175861155
[2023-07-15T21:43:55Z INFO  dt_instance] received at 2023-07-15 21:43:55.694864828 UTC - from mc-19->source-7 "228" 21:43:55.685050021
[2023-07-15T21:43:58Z INFO  dt_instance] received at 2023-07-15 21:43:58.224574528 UTC - from mc-19->source-5 "238" 21:43:58.191376472
[2023-07-15T21:44:00Z INFO  dt_instance] received at 2023-07-15 21:44:00.717344643 UTC - from mc-19->source-5 "243" 21:44:00.698276943
[2023-07-15T21:44:03Z INFO  dt_instance] received at 2023-07-15 21:44:03.239945044 UTC - from mc-19->source-7 "243" 21:44:03.202653502
[2023-07-15T21:44:05Z INFO  dt_instance] received at 2023-07-15 21:44:05.726281101 UTC - from mc-19->source-1 "263" 21:44:05.708005881
[2023-07-15T21:44:08Z INFO  dt_instance] received at 2023-07-15 21:44:08.222222038 UTC - from mc-19->source-5 "258" 21:44:08.217465034
[2023-07-15T21:44:10Z INFO  dt_instance] received at 2023-07-15 21:44:10.746034320 UTC - from mc-19->source-5 "263" 21:44:10.724090917
[2023-07-15T21:44:13Z INFO  dt_instance] received at 2023-07-15 21:44:13.288762887 UTC - from mc-19->source-5 "268" 21:44:13.230773433
[2023-07-15T21:44:15Z INFO  dt_instance] received at 2023-07-15 21:44:15.748626012 UTC - from mc-19->source-5 "273" 21:44:15.736289523
[2023-07-15T21:44:18Z INFO  dt_instance] received at 2023-07-15 21:44:18.294048980 UTC - from mc-19->source-5 "278" 21:44:18.242287188
[2023-07-15T21:44:20Z INFO  dt_instance] received at 2023-07-15 21:44:20.777388915 UTC - from mc-19->source-5 "283" 21:44:20.749280793
[2023-07-15T21:44:23Z INFO  dt_instance] received at 2023-07-15 21:44:23.274912336 UTC - from mc-19->source-5 "288" 21:44:23.255615653
[2023-07-15T21:44:25Z INFO  dt_instance] received at 2023-07-15 21:44:25.819642947 UTC - from mc-19->source-5 "293" 21:44:25.762402748
[2023-07-15T21:44:28Z INFO  dt_instance] received at 2023-07-15 21:44:28.327265806 UTC - from mc-19->source-5 "298" 21:44:28.268498652
[2023-07-15T21:44:31Z INFO  dt_instance] received at 2023-07-15 21:44:31.025716935 UTC - from mc-19->source-8 "296" 21:44:31.024690399
[2023-07-15T21:44:33Z INFO  dt_instance] received at 2023-07-15 21:44:33.296061679 UTC - from mc-19->source-5 "308" 21:44:33.279359663
[2023-07-15T21:44:35Z INFO  dt_instance] received at 2023-07-15 21:44:35.795491494 UTC - from mc-19->source-5 "313" 21:44:35.784730928
[2023-07-15T21:44:38Z INFO  dt_instance] received at 2023-07-15 21:44:38.312413328 UTC - from mc-19->source-5 "318" 21:44:38.291144193
[2023-07-15T21:44:40Z INFO  dt_instance] received at 2023-07-15 21:44:40.823678331 UTC - from mc-19->source-5 "323" 21:44:40.803850486
[2023-07-15T21:44:43Z INFO  dt_instance] received at 2023-07-15 21:44:43.327323120 UTC - from mc-19->source-5 "328" 21:44:43.308732481
[2023-07-15T21:44:45Z INFO  dt_instance] received at 2023-07-15 21:44:45.838463126 UTC - from mc-19->source-5 "333" 21:44:45.818221642
[2023-07-15T21:44:48Z INFO  dt_instance] received at 2023-07-15 21:44:48.334949279 UTC - from mc-19->source-5 "338" 21:44:48.325394786
[2023-07-15T21:44:50Z INFO  dt_instance] received at 2023-07-15 21:44:50.895972149 UTC - from mc-19->source-5 "343" 21:44:50.829896783
[2023-07-15T21:44:53Z INFO  dt_instance] received at 2023-07-15 21:44:53.344444269 UTC - from mc-19->source-5 "348" 21:44:53.337707680
[2023-07-15T21:44:55Z INFO  dt_instance] received at 2023-07-15 21:44:55.879097060 UTC - from mc-19->source-5 "353" 21:44:55.846350132
[2023-07-15T21:44:58Z INFO  dt_instance] received at 2023-07-15 21:44:58.357222462 UTC - from mc-19->source-5 "358" 21:44:58.351420131
[2023-07-15T21:45:00Z INFO  dt_instance] received at 2023-07-15 21:45:00.865128540 UTC - from mc-19->source-5 "363" 21:45:00.856910169
[2023-07-15T21:45:03Z INFO  dt_instance] received at 2023-07-15 21:45:03.428738759 UTC - from mc-19->source-5 "368" 21:45:03.364142433
[2023-07-15T21:45:05Z INFO  dt_instance] received at 2023-07-15 21:45:05.895441390 UTC - from mc-19->source-1 "383" 21:45:05.879174400
[2023-07-15T21:45:08Z INFO  dt_instance] received at 2023-07-15 21:45:08.443122538 UTC - from mc-19->source-1 "388" 21:45:08.385126488
[2023-07-15T21:45:10Z INFO  dt_instance] received at 2023-07-15 21:45:10.959439575 UTC - from mc-19->source-7 "378" 21:45:10.892250301
[2023-07-15T21:45:13Z INFO  dt_instance] received at 2023-07-15 21:45:13.427498445 UTC - from mc-19->source-7 "383" 21:45:13.398491668
[2023-07-15T21:45:15Z INFO  dt_instance] received at 2023-07-15 21:45:15.939482778 UTC - from mc-19->source-7 "388" 21:45:15.903662416
[2023-07-15T21:45:18Z INFO  dt_instance] received at 2023-07-15 21:45:18.451419966 UTC - from mc-19->source-1 "408" 21:45:18.410139101
[2023-07-15T21:45:20Z INFO  dt_instance] received at 2023-07-15 21:45:20.918992001 UTC - from mc-19->source-7 "398" 21:45:20.915584533
[2023-07-15T21:45:23Z INFO  dt_instance] received at 2023-07-15 21:45:23.437000187 UTC - from mc-19->source-5 "408" 21:45:23.422808174
[2023-07-15T21:45:25Z INFO  dt_instance] received at 2023-07-15 21:45:25.938666104 UTC - from mc-19->source-5 "413" 21:45:25.929961477
[2023-07-15T21:45:28Z INFO  dt_instance] received at 2023-07-15 21:45:28.475054818 UTC - from mc-19->source-5 "418" 21:45:28.436003891
[2023-07-15T21:45:30Z INFO  dt_instance] received at 2023-07-15 21:45:30.951166297 UTC - from mc-19->source-1 "433" 21:45:30.941867973
[2023-07-15T21:45:33Z INFO  dt_instance] received at 2023-07-15 21:45:33.460595385 UTC - from mc-19->source-1 "438" 21:45:33.447578418
[2023-07-15T21:45:35Z INFO  dt_instance] received at 2023-07-15 21:45:35.958956854 UTC - from mc-19->source-1 "443" 21:45:35.953994261
[2023-07-15T21:45:38Z INFO  dt_instance] received at 2023-07-15 21:45:38.475798916 UTC - from mc-19->source-1 "448" 21:45:38.461986050
[2023-07-15T21:45:41Z INFO  dt_instance] received at 2023-07-15 21:45:41.020007020 UTC - from mc-19->source-1 "453" 21:45:40.967781722
[2023-07-15T21:45:43Z INFO  dt_instance] received at 2023-07-15 21:45:43.492951969 UTC - from mc-19->source-7 "443" 21:45:43.480451126
[2023-07-15T21:45:45Z INFO  dt_instance] received at 2023-07-15 21:45:45.991852551 UTC - from mc-19->source-1 "463" 21:45:45.985939532
[2023-07-15T21:45:48Z INFO  dt_instance] received at 2023-07-15 21:45:48.510688926 UTC - from mc-19->source-7 "453" 21:45:48.493871591
[2023-07-15T21:45:51Z INFO  dt_instance] received at 2023-07-15 21:45:51.021225871 UTC - from mc-19->source-1 "473" 21:45:51.001835345
[2023-07-15T21:45:53Z INFO  dt_instance] received at 2023-07-15 21:45:53.527354867 UTC - from mc-19->source-7 "463" 21:45:53.508213314
[2023-07-15T21:45:56Z INFO  dt_instance] received at 2023-07-15 21:45:56.036836465 UTC - from mc-19->source-7 "468" 21:45:56.014694873
[2023-07-15T21:45:58Z INFO  dt_instance] received at 2023-07-15 21:45:58.565044120 UTC - from mc-19->source-1 "488" 21:45:58.521992209
[2023-07-15T21:46:01Z INFO  dt_instance] received at 2023-07-15 21:46:01.040059956 UTC - from mc-19->source-1 "493" 21:46:01.027976726
[2023-07-15T21:46:03Z INFO  dt_instance] received at 2023-07-15 21:46:03.552734913 UTC - from mc-19->source-1 "498" 21:46:03.533082878
[2023-07-15T21:46:06Z INFO  dt_instance] received at 2023-07-15 21:46:06.044195070 UTC - from mc-19->source-7 "488" 21:46:06.038871255
[2023-07-15T21:46:08Z INFO  dt_instance] received at 2023-07-15 21:46:08.569666530 UTC - from mc-19->source-1 "508" 21:46:08.547371070
[2023-07-15T21:46:11Z INFO  dt_instance] received at 2023-07-15 21:46:11.058512130 UTC - from mc-19->source-1 "513" 21:46:11.055212386
[2023-07-15T21:46:13Z INFO  dt_instance] received at 2023-07-15 21:46:13.587677140 UTC - from mc-19->source-1 "518" 21:46:13.566938650
[2023-07-15T21:46:16Z INFO  dt_instance] received at 2023-07-15 21:46:16.138903978 UTC - from mc-19->source-1 "523" 21:46:16.072738041
[2023-07-15T21:46:18Z INFO  dt_instance] received at 2023-07-15 21:46:18.619471844 UTC - from mc-19->source-1 "528" 21:46:18.578670955
[2023-07-15T21:46:21Z INFO  dt_instance] received at 2023-07-15 21:46:21.107840355 UTC - from mc-19->source-1 "533" 21:46:21.083691327
[2023-07-15T21:46:23Z INFO  dt_instance] received at 2023-07-15 21:46:23.621562543 UTC - from mc-19->source-1 "538" 21:46:23.590736531
[2023-07-15T21:46:26Z INFO  dt_instance] received at 2023-07-15 21:46:26.125827060 UTC - from mc-19->source-1 "543" 21:46:26.096656858
[2023-07-15T21:46:28Z INFO  dt_instance] received at 2023-07-15 21:46:28.613921009 UTC - from mc-19->source-1 "548" 21:46:28.602041062
[2023-07-15T21:46:31Z INFO  dt_instance] received at 2023-07-15 21:46:31.121543507 UTC - from mc-19->source-1 "553" 21:46:31.108115430
[2023-07-15T21:46:33Z INFO  dt_instance] received at 2023-07-15 21:46:33.630629990 UTC - from mc-19->source-1 "558" 21:46:33.614673581
[2023-07-15T21:46:36Z INFO  dt_instance] received at 2023-07-15 21:46:36.136949241 UTC - from mc-19->source-1 "563" 21:46:36.120606968
[2023-07-15T21:46:38Z INFO  dt_instance] received at 2023-07-15 21:46:38.645386698 UTC - from mc-19->source-1 "568" 21:46:38.625776055
[2023-07-15T21:46:41Z INFO  dt_instance] received at 2023-07-15 21:46:41.134436619 UTC - from mc-19->source-1 "573" 21:46:41.131740886
[2023-07-15T21:46:43Z INFO  dt_instance] received at 2023-07-15 21:46:43.658241730 UTC - from mc-19->source-1 "578" 21:46:43.636937373
[2023-07-15T21:46:46Z INFO  dt_instance] received at 2023-07-15 21:46:46.167729004 UTC - from mc-19->source-1 "583" 21:46:46.151308660
[2023-07-15T21:46:48Z INFO  dt_instance] received at 2023-07-15 21:46:48.671387412 UTC - from mc-19->source-1 "588" 21:46:48.655961414
[2023-07-15T21:46:51Z INFO  dt_instance] received at 2023-07-15 21:46:51.176071837 UTC - from mc-19->source-1 "593" 21:46:51.165706094
[2023-07-15T21:46:53Z INFO  dt_instance] received at 2023-07-15 21:46:53.673553934 UTC - from mc-19->source-3 "593" 21:46:53.672465406
[2023-07-15T21:46:56Z INFO  dt_instance] received at 2023-07-15 21:46:56.209909367 UTC - from mc-19->source-1 "603" 21:46:56.175725307
[2023-07-15T21:46:58Z INFO  dt_instance] received at 2023-07-15 21:46:58.684673847 UTC - from mc-19->source-3 "603" 21:46:58.682795992
[2023-07-15T21:47:01Z INFO  dt_instance] received at 2023-07-15 21:47:01.189986035 UTC - from mc-19->source-3 "608" 21:47:01.188582681
[2023-07-15T21:47:03Z INFO  dt_instance] received at 2023-07-15 21:47:03.695521356 UTC - from mc-19->source-3 "613" 21:47:03.694150652
[2023-07-15T21:47:06Z INFO  dt_instance] received at 2023-07-15 21:47:06.201412287 UTC - from mc-19->source-3 "618" 21:47:06.200039547
[2023-07-15T21:47:08Z INFO  dt_instance] received at 2023-07-15 21:47:08.714196720 UTC - from mc-19->source-3 "623" 21:47:08.712933196
[2023-07-15T21:47:11Z INFO  dt_instance] received at 2023-07-15 21:47:11.220850564 UTC - from mc-19->source-3 "628" 21:47:11.219633914
[2023-07-15T21:47:13Z INFO  dt_instance] received at 2023-07-15 21:47:13.728337239 UTC - from mc-19->source-3 "633" 21:47:13.726029482
[2023-07-15T21:47:16Z INFO  dt_instance] received at 2023-07-15 21:47:16.236285447 UTC - from mc-19->source-7 "628" 21:47:16.234395855
[2023-07-15T21:47:18Z INFO  dt_instance] received at 2023-07-15 21:47:18.745916622 UTC - from mc-19->source-7 "633" 21:47:18.740668239
[2023-07-15T21:47:21Z INFO  dt_instance] received at 2023-07-15 21:47:21.254813596 UTC - from mc-19->source-7 "638" 21:47:21.247542485
[2023-07-15T21:47:23Z INFO  dt_instance] received at 2023-07-15 21:47:23.753904732 UTC - from mc-19->source-7 "643" 21:47:23.751885785
[2023-07-15T21:47:26Z INFO  dt_instance] received at 2023-07-15 21:47:26.258988389 UTC - from mc-19->source-7 "648" 21:47:26.257735622
[2023-07-15T21:47:28Z INFO  dt_instance] received at 2023-07-15 21:47:28.765140610 UTC - from mc-19->source-7 "653" 21:47:28.764072773
[2023-07-15T21:47:31Z INFO  dt_instance] received at 2023-07-15 21:47:31.270363408 UTC - from mc-19->source-7 "658" 21:47:31.269035275
[2023-07-15T21:47:33Z INFO  dt_instance] received at 2023-07-15 21:47:33.776181090 UTC - from mc-19->source-7 "663" 21:47:33.773684946
[2023-07-15T21:47:36Z INFO  dt_instance] received at 2023-07-15 21:47:36.280329710 UTC - from mc-19->source-3 "678" 21:47:36.278864638
[2023-07-15T21:47:38Z INFO  dt_instance] received at 2023-07-15 21:47:38.787257878 UTC - from mc-19->source-7 "673" 21:47:38.785975929
[2023-07-15T21:47:41Z INFO  dt_instance] received at 2023-07-15 21:47:41.297692572 UTC - from mc-19->source-7 "678" 21:47:41.292466599
[2023-07-15T21:47:43Z INFO  dt_instance] received at 2023-07-15 21:47:43.800663222 UTC - from mc-19->source-7 "683" 21:47:43.798826803
[2023-07-15T21:47:46Z INFO  dt_instance] received at 2023-07-15 21:47:46.333707276 UTC - from mc-19->source-3 "698" 21:47:46.319093173
[2023-07-15T21:47:48Z INFO  dt_instance] received at 2023-07-15 21:47:48.828355238 UTC - from mc-19->source-7 "693" 21:47:48.825450397
[2023-07-15T21:47:51Z INFO  dt_instance] received at 2023-07-15 21:47:51.338430982 UTC - from mc-19->source-7 "698" 21:47:51.332408168
[2023-07-15T21:47:53Z INFO  dt_instance] received at 2023-07-15 21:47:53.838797237 UTC - from mc-19->source-7 "703" 21:47:53.837697611
[2023-07-15T21:47:56Z INFO  dt_instance] received at 2023-07-15 21:47:56.345235850 UTC - from mc-19->source-7 "708" 21:47:56.343484352
[2023-07-15T21:47:58Z INFO  dt_instance] received at 2023-07-15 21:47:58.850222440 UTC - from mc-19->source-7 "713" 21:47:58.848370338
[2023-07-15T21:48:01Z INFO  dt_instance] received at 2023-07-15 21:48:01.355280145 UTC - from mc-19->source-7 "718" 21:48:01.353839589
[2023-07-15T21:48:03Z INFO  dt_instance] received at 2023-07-15 21:48:03.861760925 UTC - from mc-19->source-7 "723" 21:48:03.859828778
[2023-07-15T21:48:06Z INFO  dt_instance] received at 2023-07-15 21:48:06.373390956 UTC - from mc-19->source-7 "728" 21:48:06.366331892
[2023-07-15T21:48:08Z INFO  dt_instance] received at 2023-07-15 21:48:08.875662243 UTC - from mc-19->source-3 "743" 21:48:08.874788673
[2023-07-15T21:48:11Z INFO  dt_instance] received at 2023-07-15 21:48:11.380906254 UTC - from mc-19->source-7 "738" 21:48:11.377512696
[2023-07-15T21:48:13Z INFO  dt_instance] received at 2023-07-15 21:48:13.887582252 UTC - from mc-19->source-3 "753" 21:48:13.886843866
[2023-07-15T21:48:16Z INFO  dt_instance] received at 2023-07-15 21:48:16.393547877 UTC - from mc-19->source-3 "758" 21:48:16.392597583
[2023-07-15T21:48:18Z INFO  dt_instance] received at 2023-07-15 21:48:18.899354898 UTC - from mc-19->source-3 "763" 21:48:18.898578932
[2023-07-15T21:48:21Z INFO  dt_instance] received at 2023-07-15 21:48:21.404769268 UTC - from mc-19->source-3 "768" 21:48:21.403952695
[2023-07-15T21:48:23Z INFO  dt_instance] received at 2023-07-15 21:48:23.911331575 UTC - from mc-19->source-3 "773" 21:48:23.909848246
[2023-07-15T21:48:26Z INFO  dt_instance] received at 2023-07-15 21:48:26.417958676 UTC - from mc-19->source-3 "778" 21:48:26.416686975
[2023-07-15T21:48:28Z INFO  dt_instance] received at 2023-07-15 21:48:28.924338702 UTC - from mc-19->source-3 "783" 21:48:28.923487830
[2023-07-15T21:48:31Z INFO  dt_instance] received at 2023-07-15 21:48:31.429547621 UTC - from mc-19->source-3 "788" 21:48:31.428769933
[2023-07-15T21:48:33Z INFO  dt_instance] received at 2023-07-15 21:48:33.936968091 UTC - from mc-19->source-3 "793" 21:48:33.935833662
[2023-07-15T21:48:36Z INFO  dt_instance] received at 2023-07-15 21:48:36.444069880 UTC - from mc-19->source-3 "798" 21:48:36.443424866
[2023-07-15T21:48:38Z INFO  dt_instance] received at 2023-07-15 21:48:38.952487847 UTC - from mc-19->source-3 "803" 21:48:38.947612519
[2023-07-15T21:48:41Z INFO  dt_instance] received at 2023-07-15 21:48:41.456357735 UTC - from mc-19->source-3 "808" 21:48:41.454076790
[2023-07-15T21:48:43Z INFO  dt_instance] received at 2023-07-15 21:48:43.960377296 UTC - from mc-19->source-3 "813" 21:48:43.959352383
[2023-07-15T21:48:46Z INFO  dt_instance] received at 2023-07-15 21:48:46.466072061 UTC - from mc-19->source-3 "818" 21:48:46.464104700
[2023-07-15T21:48:48Z INFO  dt_instance] received at 2023-07-15 21:48:48.971811294 UTC - from mc-19->source-3 "823" 21:48:48.970868890
[2023-07-15T21:48:51Z INFO  dt_instance] received at 2023-07-15 21:48:51.479526622 UTC - from mc-19->source-3 "828" 21:48:51.478638914
[2023-07-15T21:48:53Z INFO  dt_instance] received at 2023-07-15 21:48:53.987000599 UTC - from mc-19->source-3 "833" 21:48:53.984657388
[2023-07-15T21:48:56Z INFO  dt_instance] received at 2023-07-15 21:48:56.498012345 UTC - from mc-19->source-3 "838" 21:48:56.490742926
[2023-07-15T21:48:58Z INFO  dt_instance] received at 2023-07-15 21:48:58.998544658 UTC - from mc-19->source-3 "843" 21:48:58.997162683
[2023-07-15T21:49:01Z INFO  dt_instance] received at 2023-07-15 21:49:01.504032594 UTC - from mc-19->source-7 "838" 21:49:01.502637857
[2023-07-15T21:49:04Z INFO  dt_instance] received at 2023-07-15 21:49:04.009267806 UTC - from mc-19->source-7 "843" 21:49:04.008323561
[2023-07-15T21:49:06Z INFO  dt_instance] received at 2023-07-15 21:49:06.517313482 UTC - from mc-19->source-7 "848" 21:49:06.514117456
[2023-07-15T21:49:09Z INFO  dt_instance] received at 2023-07-15 21:49:09.024762784 UTC - from mc-19->source-7 "853" 21:49:09.021958932
[2023-07-15T21:49:11Z INFO  dt_instance] received at 2023-07-15 21:49:11.528732007 UTC - from mc-19->source-7 "858" 21:49:11.527162332
[2023-07-15T21:49:14Z INFO  dt_instance] received at 2023-07-15 21:49:14.035091975 UTC - from mc-19->source-7 "863" 21:49:14.033378064
[2023-07-15T21:49:16Z INFO  dt_instance] received at 2023-07-15 21:49:16.539782206 UTC - from mc-19->source-7 "868" 21:49:16.538502806
[2023-07-15T21:49:19Z INFO  dt_instance] received at 2023-07-15 21:49:19.049221694 UTC - from mc-19->source-7 "873" 21:49:19.044323458
[2023-07-15T21:49:21Z INFO  dt_instance] received at 2023-07-15 21:49:21.551041142 UTC - from mc-19->source-7 "878" 21:49:21.549709222
[2023-07-15T21:49:24Z INFO  dt_instance] received at 2023-07-15 21:49:24.056334685 UTC - from mc-19->source-7 "883" 21:49:24.054856586
[2023-07-15T21:49:26Z INFO  dt_instance] received at 2023-07-15 21:49:26.563563183 UTC - from mc-19->source-7 "888" 21:49:26.561945136
[2023-07-15T21:49:29Z INFO  dt_instance] received at 2023-07-15 21:49:29.067578985 UTC - from mc-19->source-7 "893" 21:49:29.066817419
[2023-07-15T21:49:31Z INFO  dt_instance] received at 2023-07-15 21:49:31.574782640 UTC - from mc-19->source-7 "898" 21:49:31.573464389
[2023-07-15T21:49:34Z INFO  dt_instance] received at 2023-07-15 21:49:34.079724088 UTC - from mc-19->source-7 "903" 21:49:34.078555926
[2023-07-15T21:49:36Z INFO  dt_instance] received at 2023-07-15 21:49:36.585811768 UTC - from mc-19->source-7 "908" 21:49:36.583862394
[2023-07-15T21:49:39Z INFO  dt_instance] received at 2023-07-15 21:49:39.090466681 UTC - from mc-19->source-7 "913" 21:49:39.088679059
[2023-07-15T21:49:41Z INFO  dt_instance] received at 2023-07-15 21:49:41.595206158 UTC - from mc-19->source-7 "918" 21:49:41.594327933
[2023-07-15T21:49:44Z INFO  dt_instance] received at 2023-07-15 21:49:44.114431873 UTC - from mc-19->source-7 "923" 21:49:44.100631263
[2023-07-15T21:49:46Z INFO  dt_instance] received at 2023-07-15 21:49:46.608198472 UTC - from mc-19->source-7 "928" 21:49:46.605959577
[2023-07-15T21:49:49Z INFO  dt_instance] received at 2023-07-15 21:49:49.112417016 UTC - from mc-19->source-3 "943" 21:49:49.111691819
[2023-07-15T21:49:51Z INFO  dt_instance] received at 2023-07-15 21:49:51.617833581 UTC - from mc-19->source-3 "948" 21:49:51.616920653
[2023-07-15T21:49:54Z INFO  dt_instance] received at 2023-07-15 21:49:54.122639869 UTC - from mc-19->source-3 "953" 21:49:54.121761093
[2023-07-15T21:49:56Z INFO  dt_instance] received at 2023-07-15 21:49:56.628496329 UTC - from mc-19->source-7 "948" 21:49:56.627130512
[2023-07-15T21:49:59Z INFO  dt_instance] received at 2023-07-15 21:49:59.134204929 UTC - from mc-19->source-7 "953" 21:49:59.132864894
[2023-07-15T21:50:01Z INFO  dt_instance] received at 2023-07-15 21:50:01.639836606 UTC - from mc-19->source-7 "958" 21:50:01.638692419
[2023-07-15T21:50:04Z INFO  dt_instance] received at 2023-07-15 21:50:04.147444490 UTC - from mc-19->source-7 "963" 21:50:04.146338306
[2023-07-15T21:50:06Z INFO  dt_instance] received at 2023-07-15 21:50:06.655356546 UTC - from mc-19->source-7 "968" 21:50:06.651062991
[2023-07-15T21:50:09Z INFO  dt_instance] received at 2023-07-15 21:50:09.161430104 UTC - from mc-19->source-7 "973" 21:50:09.159326510
[2023-07-15T21:50:11Z INFO  dt_instance] received at 2023-07-15 21:50:11.666404433 UTC - from mc-19->source-7 "978" 21:50:11.665004828
[2023-07-15T21:50:14Z INFO  dt_instance] received at 2023-07-15 21:50:14.351811476 UTC - from mc-19->source-8 "981" 21:50:14.347870613
[2023-07-15T21:50:17Z INFO  dt_instance] received at 2023-07-15 21:50:17.639418810 UTC - from mc-19->source-9 "985" 21:50:17.637846246
[2023-07-15T21:50:24Z INFO  dt_instance] received at 2023-07-15 21:50:24.659034144 UTC - from mc-19->source-9 "999" 21:50:24.657620935
