[2023-07-15T21:24:48Z INFO  dt_instance] Current Twin: mc-twin-16
[2023-07-15T21:24:48Z INFO  dt_instance] Replica Name twin-mc-stateful-16
[2023-07-15T21:24:48Z INFO  dt_instance] Sleeping for 800
[2023-07-15T21:38:08Z INFO  dt_instance] Connecting to broker at emqx.dtwins:1883
[2023-07-15T21:38:08Z INFO  dt_instance] Loggin info each 50 messages
[2023-07-15T21:38:08Z INFO  dt_instance] Set max packet size to 60000 KB.
[2023-07-15T21:38:08Z INFO  dt_instance] Refreshing topics for twin - Listen to mc-16/#
[2023-07-15T21:38:08Z INFO  dt_instance] SubAck { pkid: 1, return_codes: [Success(ExactlyOnce)] }
[2023-07-15T21:39:16Z INFO  dt_instance] received at 2023-07-15 21:39:16.269491632 UTC - from mc-16->source-2 "9" 21:39:16.249658492
[2023-07-15T21:39:19Z INFO  dt_instance] received at 2023-07-15 21:39:19.628372359 UTC - from mc-16->source-7 "3" 21:39:19.490578005
[2023-07-15T21:39:22Z INFO  dt_instance] received at 2023-07-15 21:39:22.230107308 UTC - from mc-16->source-3 "18" 21:39:22.007591678
[2023-07-15T21:39:24Z INFO  dt_instance] received at 2023-07-15 21:39:24.555456134 UTC - from mc-16->source-1 "28" 21:39:24.525938290
[2023-07-15T21:39:27Z INFO  dt_instance] received at 2023-07-15 21:39:27.051519750 UTC - from mc-16->source-1 "33" 21:39:27.036560653
[2023-07-15T21:39:29Z INFO  dt_instance] received at 2023-07-15 21:39:29.773082974 UTC - from mc-16->source-6 "26" 21:39:29.768606726
[2023-07-15T21:39:32Z INFO  dt_instance] received at 2023-07-15 21:39:32.094297156 UTC - from mc-16->source-5 "33" 21:39:32.028203286
[2023-07-15T21:39:34Z INFO  dt_instance] received at 2023-07-15 21:39:34.570470578 UTC - from mc-16->source-1 "48" 21:39:34.553018541
[2023-07-15T21:39:37Z INFO  dt_instance] received at 2023-07-15 21:39:37.122841870 UTC - from mc-16->source-5 "43" 21:39:37.040516673
[2023-07-15T21:39:39Z INFO  dt_instance] received at 2023-07-15 21:39:39.661256165 UTC - from mc-16->source-5 "48" 21:39:39.544887901
[2023-07-15T21:39:42Z INFO  dt_instance] received at 2023-07-15 21:39:42.293823725 UTC - from mc-16->source-8 "46" 21:39:42.290759541
[2023-07-15T21:39:44Z INFO  dt_instance] received at 2023-07-15 21:39:44.591871109 UTC - from mc-16->source-5 "58" 21:39:44.561511074
[2023-07-15T21:39:47Z INFO  dt_instance] received at 2023-07-15 21:39:47.310737240 UTC - from mc-16->source-3 "68" 21:39:47.079333831
[2023-07-15T21:39:49Z INFO  dt_instance] received at 2023-07-15 21:39:49.650902198 UTC - from mc-16->source-5 "68" 21:39:49.571215108
[2023-07-15T21:39:52Z INFO  dt_instance] received at 2023-07-15 21:39:52.309891387 UTC - from mc-16->source-5 "73" 21:39:52.076432066
[2023-07-15T21:39:54Z INFO  dt_instance] received at 2023-07-15 21:39:54.690717635 UTC - from mc-16->source-5 "78" 21:39:54.581990725
[2023-07-15T21:39:57Z INFO  dt_instance] received at 2023-07-15 21:39:57.123492696 UTC - from mc-16->source-5 "83" 21:39:57.089313777
[2023-07-15T21:39:59Z INFO  dt_instance] received at 2023-07-15 21:39:59.653092323 UTC - from mc-16->source-5 "88" 21:39:59.593959083
[2023-07-15T21:40:02Z INFO  dt_instance] received at 2023-07-15 21:40:02.143678238 UTC - from mc-16->source-5 "93" 21:40:02.099223832
[2023-07-15T21:40:04Z INFO  dt_instance] received at 2023-07-15 21:40:04.677555845 UTC - from mc-16->source-5 "98" 21:40:04.604053239
[2023-07-15T21:40:07Z INFO  dt_instance] received at 2023-07-15 21:40:07.143719223 UTC - from mc-16->source-1 "113" 21:40:07.129393035
[2023-07-15T21:40:09Z INFO  dt_instance] received at 2023-07-15 21:40:09.648652816 UTC - from mc-16->source-1 "118" 21:40:09.634349694
[2023-07-15T21:40:12Z INFO  dt_instance] received at 2023-07-15 21:40:12.153391536 UTC - from mc-16->source-1 "123" 21:40:12.142143921
[2023-07-15T21:40:14Z INFO  dt_instance] received at 2023-07-15 21:40:14.690883603 UTC - from mc-16->source-7 "113" 21:40:14.626988145
[2023-07-15T21:40:17Z INFO  dt_instance] received at 2023-07-15 21:40:17.374359746 UTC - from mc-16->source-5 "123" 21:40:17.132753424
[2023-07-15T21:40:19Z INFO  dt_instance] received at 2023-07-15 21:40:19.673966879 UTC - from mc-16->source-1 "138" 21:40:19.659599433
[2023-07-15T21:40:22Z INFO  dt_instance] received at 2023-07-15 21:40:22.185722761 UTC - from mc-16->source-7 "128" 21:40:22.149731376
[2023-07-15T21:40:24Z INFO  dt_instance] received at 2023-07-15 21:40:24.729805965 UTC - from mc-16->source-5 "138" 21:40:24.663455566
[2023-07-15T21:40:27Z INFO  dt_instance] received at 2023-07-15 21:40:27.388268626 UTC - from mc-16->source-5 "143" 21:40:27.170653325
[2023-07-15T21:40:29Z INFO  dt_instance] received at 2023-07-15 21:40:29.698961027 UTC - from mc-16->source-5 "148" 21:40:29.676214247
[2023-07-15T21:40:32Z INFO  dt_instance] received at 2023-07-15 21:40:32.199254846 UTC - from mc-16->source-7 "148" 21:40:32.181610943
[2023-07-15T21:40:34Z INFO  dt_instance] received at 2023-07-15 21:40:34.911517773 UTC - from mc-16->source-9 "148" 21:40:34.687752786
[2023-07-15T21:40:37Z INFO  dt_instance] received at 2023-07-15 21:40:37.288856679 UTC - from mc-16->source-7 "158" 21:40:37.194251695
[2023-07-15T21:40:39Z INFO  dt_instance] received at 2023-07-15 21:40:39.735986616 UTC - from mc-16->source-5 "168" 21:40:39.699247733
[2023-07-15T21:40:42Z INFO  dt_instance] received at 2023-07-15 21:40:42.315518947 UTC - from mc-16->source-5 "173" 21:40:42.204654793
[2023-07-15T21:40:44Z INFO  dt_instance] received at 2023-07-15 21:40:44.940035886 UTC - from mc-16->source-9 "168" 21:40:44.710609013
[2023-07-15T21:40:47Z INFO  dt_instance] received at 2023-07-15 21:40:47.256398064 UTC - from mc-16->source-7 "178" 21:40:47.216611685
[2023-07-15T21:40:49Z INFO  dt_instance] received at 2023-07-15 21:40:49.778789085 UTC - from mc-16->source-5 "188" 21:40:49.722191444
[2023-07-15T21:40:52Z INFO  dt_instance] received at 2023-07-15 21:40:52.434973214 UTC - from mc-16->source-5 "193" 21:40:52.228478760
[2023-07-15T21:40:54Z INFO  dt_instance] received at 2023-07-15 21:40:54.964242909 UTC - from mc-16->source-6 "196" 21:40:54.962073509
[2023-07-15T21:40:57Z INFO  dt_instance] received at 2023-07-15 21:40:57.483602074 UTC - from mc-16->source-6 "201" 21:40:57.470418514
[2023-07-15T21:40:59Z INFO  dt_instance] received at 2023-07-15 21:40:59.772407546 UTC - from mc-16->source-1 "218" 21:40:59.757700431
[2023-07-15T21:41:02Z INFO  dt_instance] received at 2023-07-15 21:41:02.346471802 UTC - from mc-16->source-7 "208" 21:41:02.254123888
[2023-07-15T21:41:04Z INFO  dt_instance] received at 2023-07-15 21:41:04.792653193 UTC - from mc-16->source-7 "213" 21:41:04.762039662
[2023-07-15T21:41:07Z INFO  dt_instance] received at 2023-07-15 21:41:07.492820149 UTC - from mc-16->source-4 "226" 21:41:07.490809806
[2023-07-15T21:41:09Z INFO  dt_instance] received at 2023-07-15 21:41:09.800084 UTC - from mc-16->source-7 "223" 21:41:09.775182574
[2023-07-15T21:41:12Z INFO  dt_instance] received at 2023-07-15 21:41:12.309469100 UTC - from mc-16->source-7 "228" 21:41:12.281095805
[2023-07-15T21:41:14Z INFO  dt_instance] received at 2023-07-15 21:41:14.812944097 UTC - from mc-16->source-7 "233" 21:41:14.786280981
[2023-07-15T21:41:17Z INFO  dt_instance] received at 2023-07-15 21:41:17.328411486 UTC - from mc-16->source-7 "238" 21:41:17.292504240
[2023-07-15T21:41:19Z INFO  dt_instance] received at 2023-07-15 21:41:19.964029796 UTC - from mc-16->source-7 "243" 21:41:19.798674980
[2023-07-15T21:41:22Z INFO  dt_instance] received at 2023-07-15 21:41:22.366042072 UTC - from mc-16->source-7 "248" 21:41:22.306057534
[2023-07-15T21:41:24Z INFO  dt_instance] received at 2023-07-15 21:41:24.834408537 UTC - from mc-16->source-7 "253" 21:41:24.812472636
[2023-07-15T21:41:27Z INFO  dt_instance] received at 2023-07-15 21:41:27.349592762 UTC - from mc-16->source-7 "258" 21:41:27.318627760
[2023-07-15T21:41:29Z INFO  dt_instance] received at 2023-07-15 21:41:29.947181487 UTC - from mc-16->source-7 "263" 21:41:29.825947552
[2023-07-15T21:41:32Z INFO  dt_instance] received at 2023-07-15 21:41:32.356506132 UTC - from mc-16->source-7 "268" 21:41:32.331009376
[2023-07-15T21:41:34Z INFO  dt_instance] received at 2023-07-15 21:41:34.896699104 UTC - from mc-16->source-7 "273" 21:41:34.839671734
[2023-07-15T21:41:37Z INFO  dt_instance] received at 2023-07-15 21:41:37.383311246 UTC - from mc-16->source-7 "278" 21:41:37.347055862
[2023-07-15T21:41:40Z INFO  dt_instance] received at 2023-07-15 21:41:40.076830157 UTC - from mc-16->source-5 "288" 21:41:39.834769156
[2023-07-15T21:41:42Z INFO  dt_instance] received at 2023-07-15 21:41:42.385090579 UTC - from mc-16->source-7 "288" 21:41:42.358618195
[2023-07-15T21:41:44Z INFO  dt_instance] received at 2023-07-15 21:41:44.985546686 UTC - from mc-16->source-7 "293" 21:41:44.864128853
[2023-07-15T21:41:47Z INFO  dt_instance] received at 2023-07-15 21:41:47.581266984 UTC - from mc-16->source-7 "298" 21:41:47.369074672
[2023-07-15T21:41:49Z INFO  dt_instance] received at 2023-07-15 21:41:49.903047873 UTC - from mc-16->source-7 "303" 21:41:49.874625406
[2023-07-15T21:41:52Z INFO  dt_instance] received at 2023-07-15 21:41:52.396794571 UTC - from mc-16->source-3 "318" 21:41:52.387800434
[2023-07-15T21:41:54Z INFO  dt_instance] received at 2023-07-15 21:41:54.977526018 UTC - from mc-16->source-7 "313" 21:41:54.884316865
[2023-07-15T21:41:57Z INFO  dt_instance] received at 2023-07-15 21:41:57.622226721 UTC - from mc-16->source-4 "326" 21:41:57.618110332
[2023-07-15T21:41:59Z INFO  dt_instance] received at 2023-07-15 21:41:59.915326239 UTC - from mc-16->source-7 "323" 21:41:59.898210145
[2023-07-15T21:42:02Z INFO  dt_instance] received at 2023-07-15 21:42:02.425654352 UTC - from mc-16->source-3 "338" 21:42:02.410754219
[2023-07-15T21:42:04Z INFO  dt_instance] received at 2023-07-15 21:42:04.934833568 UTC - from mc-16->source-7 "333" 21:42:04.912290675
[2023-07-15T21:42:07Z INFO  dt_instance] received at 2023-07-15 21:42:07.445128766 UTC - from mc-16->source-7 "338" 21:42:07.418160306
[2023-07-15T21:42:10Z INFO  dt_instance] received at 2023-07-15 21:42:10.100622625 UTC - from mc-16->source-7 "343" 21:42:09.924048162
[2023-07-15T21:42:12Z INFO  dt_instance] received at 2023-07-15 21:42:12.455388499 UTC - from mc-16->source-7 "348" 21:42:12.431838881
[2023-07-15T21:42:14Z INFO  dt_instance] received at 2023-07-15 21:42:14.970323799 UTC - from mc-16->source-7 "353" 21:42:14.938993423
[2023-07-15T21:42:17Z INFO  dt_instance] received at 2023-07-15 21:42:17.469968704 UTC - from mc-16->source-7 "358" 21:42:17.444051706
[2023-07-15T21:42:20Z INFO  dt_instance] received at 2023-07-15 21:42:20.032924837 UTC - from mc-16->source-7 "363" 21:42:19.950680314
[2023-07-15T21:42:22Z INFO  dt_instance] received at 2023-07-15 21:42:22.525421252 UTC - from mc-16->source-5 "373" 21:42:22.466195094
[2023-07-15T21:42:24Z INFO  dt_instance] received at 2023-07-15 21:42:24.993697905 UTC - from mc-16->source-5 "378" 21:42:24.972061156
[2023-07-15T21:42:27Z INFO  dt_instance] received at 2023-07-15 21:42:27.504199104 UTC - from mc-16->source-5 "383" 21:42:27.477547194
[2023-07-15T21:42:30Z INFO  dt_instance] received at 2023-07-15 21:42:30.079248371 UTC - from mc-16->source-5 "388" 21:42:29.982329567
[2023-07-15T21:42:32Z INFO  dt_instance] received at 2023-07-15 21:42:32.559275925 UTC - from mc-16->source-5 "393" 21:42:32.487845988
[2023-07-15T21:42:35Z INFO  dt_instance] received at 2023-07-15 21:42:35.050248474 UTC - from mc-16->source-5 "398" 21:42:34.993514531
[2023-07-15T21:42:37Z INFO  dt_instance] received at 2023-07-15 21:42:37.593473569 UTC - from mc-16->source-5 "403" 21:42:37.500981798
[2023-07-15T21:42:40Z INFO  dt_instance] received at 2023-07-15 21:42:40.024009311 UTC - from mc-16->source-5 "408" 21:42:40.005812277
[2023-07-15T21:42:42Z INFO  dt_instance] received at 2023-07-15 21:42:42.533975315 UTC - from mc-16->source-5 "413" 21:42:42.511459158
[2023-07-15T21:42:45Z INFO  dt_instance] received at 2023-07-15 21:42:45.026127453 UTC - from mc-16->source-5 "418" 21:42:45.018608746
[2023-07-15T21:42:47Z INFO  dt_instance] received at 2023-07-15 21:42:47.757864662 UTC - from mc-16->source-6 "421" 21:42:47.748243065
[2023-07-15T21:42:50Z INFO  dt_instance] received at 2023-07-15 21:42:50.047950992 UTC - from mc-16->source-5 "428" 21:42:50.029980095
[2023-07-15T21:42:52Z INFO  dt_instance] received at 2023-07-15 21:42:52.574556453 UTC - from mc-16->source-5 "433" 21:42:52.534971891
[2023-07-15T21:42:55Z INFO  dt_instance] received at 2023-07-15 21:42:55.059396702 UTC - from mc-16->source-5 "438" 21:42:55.040086665
[2023-07-15T21:42:57Z INFO  dt_instance] received at 2023-07-15 21:42:57.572852942 UTC - from mc-16->source-5 "443" 21:42:57.547029922
[2023-07-15T21:43:00Z INFO  dt_instance] received at 2023-07-15 21:43:00.072178804 UTC - from mc-16->source-5 "448" 21:43:00.053731615
[2023-07-15T21:43:02Z INFO  dt_instance] received at 2023-07-15 21:43:02.588412063 UTC - from mc-16->source-5 "453" 21:43:02.558801244
[2023-07-15T21:43:05Z INFO  dt_instance] received at 2023-07-15 21:43:05.080781951 UTC - from mc-16->source-7 "453" 21:43:05.064369949
[2023-07-15T21:43:07Z INFO  dt_instance] received at 2023-07-15 21:43:07.610618836 UTC - from mc-16->source-5 "463" 21:43:07.570139205
[2023-07-15T21:43:10Z INFO  dt_instance] received at 2023-07-15 21:43:10.105534158 UTC - from mc-16->source-5 "468" 21:43:10.077218907
[2023-07-15T21:43:12Z INFO  dt_instance] received at 2023-07-15 21:43:12.594096041 UTC - from mc-16->source-5 "473" 21:43:12.584981730
[2023-07-15T21:43:15Z INFO  dt_instance] received at 2023-07-15 21:43:15.142150759 UTC - from mc-16->source-5 "478" 21:43:15.091058011
[2023-07-15T21:43:17Z INFO  dt_instance] received at 2023-07-15 21:43:17.631999094 UTC - from mc-16->source-5 "483" 21:43:17.597327196
[2023-07-15T21:43:20Z INFO  dt_instance] received at 2023-07-15 21:43:20.157885610 UTC - from mc-16->source-5 "488" 21:43:20.102843632
[2023-07-15T21:43:22Z INFO  dt_instance] received at 2023-07-15 21:43:22.641035007 UTC - from mc-16->source-5 "493" 21:43:22.609703832
[2023-07-15T21:43:25Z INFO  dt_instance] received at 2023-07-15 21:43:25.133461976 UTC - from mc-16->source-5 "498" 21:43:25.115938827
[2023-07-15T21:43:27Z INFO  dt_instance] received at 2023-07-15 21:43:27.670437079 UTC - from mc-16->source-5 "503" 21:43:27.622722049
[2023-07-15T21:43:30Z INFO  dt_instance] received at 2023-07-15 21:43:30.226160767 UTC - from mc-16->source-5 "508" 21:43:30.127100792
[2023-07-15T21:43:32Z INFO  dt_instance] received at 2023-07-15 21:43:32.649082125 UTC - from mc-16->source-3 "518" 21:43:32.638832938
[2023-07-15T21:43:35Z INFO  dt_instance] received at 2023-07-15 21:43:35.205353772 UTC - from mc-16->source-5 "518" 21:43:35.141885117
[2023-07-15T21:43:37Z INFO  dt_instance] received at 2023-07-15 21:43:37.672869120 UTC - from mc-16->source-5 "523" 21:43:37.649174791
[2023-07-15T21:43:40Z INFO  dt_instance] received at 2023-07-15 21:43:40.187740653 UTC - from mc-16->source-5 "528" 21:43:40.157955562
[2023-07-15T21:43:42Z INFO  dt_instance] received at 2023-07-15 21:43:42.710311964 UTC - from mc-16->source-5 "533" 21:43:42.668113170
[2023-07-15T21:43:45Z INFO  dt_instance] received at 2023-07-15 21:43:45.187107459 UTC - from mc-16->source-5 "538" 21:43:45.173188983
[2023-07-15T21:43:47Z INFO  dt_instance] received at 2023-07-15 21:43:47.717374981 UTC - from mc-16->source-5 "543" 21:43:47.692691017
[2023-07-15T21:43:50Z INFO  dt_instance] received at 2023-07-15 21:43:50.210868770 UTC - from mc-16->source-5 "548" 21:43:50.197766673
[2023-07-15T21:43:52Z INFO  dt_instance] received at 2023-07-15 21:43:52.724883071 UTC - from mc-16->source-5 "553" 21:43:52.705301557
[2023-07-15T21:43:55Z INFO  dt_instance] received at 2023-07-15 21:43:55.234849726 UTC - from mc-16->source-5 "558" 21:43:55.210760397
[2023-07-15T21:43:57Z INFO  dt_instance] received at 2023-07-15 21:43:57.740952954 UTC - from mc-16->source-5 "563" 21:43:57.721824839
[2023-07-15T21:44:00Z INFO  dt_instance] received at 2023-07-15 21:44:00.247564779 UTC - from mc-16->source-5 "568" 21:44:00.227569242
[2023-07-15T21:44:02Z INFO  dt_instance] received at 2023-07-15 21:44:02.775005138 UTC - from mc-16->source-5 "573" 21:44:02.734595247
[2023-07-15T21:44:05Z INFO  dt_instance] received at 2023-07-15 21:44:05.273692647 UTC - from mc-16->source-5 "578" 21:44:05.239464999
[2023-07-15T21:44:07Z INFO  dt_instance] received at 2023-07-15 21:44:07.776696036 UTC - from mc-16->source-5 "583" 21:44:07.746356348
[2023-07-15T21:44:10Z INFO  dt_instance] received at 2023-07-15 21:44:10.275814545 UTC - from mc-16->source-5 "588" 21:44:10.252633383
[2023-07-15T21:44:12Z INFO  dt_instance] received at 2023-07-15 21:44:12.792415049 UTC - from mc-16->source-5 "593" 21:44:12.758202907
[2023-07-15T21:44:15Z INFO  dt_instance] received at 2023-07-15 21:44:15.275589656 UTC - from mc-16->source-5 "598" 21:44:15.265071146
[2023-07-15T21:44:17Z INFO  dt_instance] received at 2023-07-15 21:44:17.805148340 UTC - from mc-16->source-5 "603" 21:44:17.770308539
[2023-07-15T21:44:20Z INFO  dt_instance] received at 2023-07-15 21:44:20.311705539 UTC - from mc-16->source-5 "608" 21:44:20.275051852
[2023-07-15T21:44:22Z INFO  dt_instance] received at 2023-07-15 21:44:22.812981792 UTC - from mc-16->source-5 "613" 21:44:22.781124176
[2023-07-15T21:44:25Z INFO  dt_instance] received at 2023-07-15 21:44:25.346477758 UTC - from mc-16->source-5 "618" 21:44:25.286401202
[2023-07-15T21:44:27Z INFO  dt_instance] received at 2023-07-15 21:44:27.807215980 UTC - from mc-16->source-5 "623" 21:44:27.791860862
[2023-07-15T21:44:30Z INFO  dt_instance] received at 2023-07-15 21:44:30.307656773 UTC - from mc-16->source-5 "628" 21:44:30.301651839
[2023-07-15T21:44:32Z INFO  dt_instance] received at 2023-07-15 21:44:32.893006828 UTC - from mc-16->source-5 "633" 21:44:32.806968130
[2023-07-15T21:44:35Z INFO  dt_instance] received at 2023-07-15 21:44:35.330353303 UTC - from mc-16->source-5 "638" 21:44:35.312846738
[2023-07-15T21:44:37Z INFO  dt_instance] received at 2023-07-15 21:44:37.859538229 UTC - from mc-16->source-5 "643" 21:44:37.819491120
[2023-07-15T21:44:40Z INFO  dt_instance] received at 2023-07-15 21:44:40.377994739 UTC - from mc-16->source-5 "648" 21:44:40.324293299
[2023-07-15T21:44:42Z INFO  dt_instance] received at 2023-07-15 21:44:42.837843059 UTC - from mc-16->source-5 "653" 21:44:42.829975627
[2023-07-15T21:44:45Z INFO  dt_instance] received at 2023-07-15 21:44:45.357291714 UTC - from mc-16->source-5 "658" 21:44:45.335753242
[2023-07-15T21:44:47Z INFO  dt_instance] received at 2023-07-15 21:44:47.911803731 UTC - from mc-16->source-5 "663" 21:44:47.842315327
[2023-07-15T21:44:50Z INFO  dt_instance] received at 2023-07-15 21:44:50.404738642 UTC - from mc-16->source-5 "668" 21:44:50.347243286
[2023-07-15T21:44:52Z INFO  dt_instance] received at 2023-07-15 21:44:52.866469105 UTC - from mc-16->source-9 "663" 21:44:52.864534001
[2023-07-15T21:44:55Z INFO  dt_instance] received at 2023-07-15 21:44:55.372230333 UTC - from mc-16->source-9 "668" 21:44:55.370012671
[2023-07-15T21:44:57Z INFO  dt_instance] received at 2023-07-15 21:44:57.878932702 UTC - from mc-16->source-3 "688" 21:44:57.876431872
[2023-07-15T21:45:00Z INFO  dt_instance] received at 2023-07-15 21:45:00.421542980 UTC - from mc-16->source-5 "688" 21:45:00.378016147
[2023-07-15T21:45:02Z INFO  dt_instance] received at 2023-07-15 21:45:02.895556119 UTC - from mc-16->source-5 "693" 21:45:02.883601201
[2023-07-15T21:45:05Z INFO  dt_instance] received at 2023-07-15 21:45:05.429177535 UTC - from mc-16->source-5 "698" 21:45:05.389783495
[2023-07-15T21:45:07Z INFO  dt_instance] received at 2023-07-15 21:45:07.948376959 UTC - from mc-16->source-5 "703" 21:45:07.895711201
[2023-07-15T21:45:10Z INFO  dt_instance] received at 2023-07-15 21:45:10.418384390 UTC - from mc-16->source-5 "708" 21:45:10.402497170
[2023-07-15T21:45:12Z INFO  dt_instance] received at 2023-07-15 21:45:12.959648333 UTC - from mc-16->source-5 "713" 21:45:12.907166334
[2023-07-15T21:45:15Z INFO  dt_instance] received at 2023-07-15 21:45:15.432843851 UTC - from mc-16->source-5 "718" 21:45:15.413842017
[2023-07-15T21:45:17Z INFO  dt_instance] received at 2023-07-15 21:45:17.927607655 UTC - from mc-16->source-9 "713" 21:45:17.925119059
[2023-07-15T21:45:20Z INFO  dt_instance] received at 2023-07-15 21:45:20.496355850 UTC - from mc-16->source-5 "728" 21:45:20.427679816
[2023-07-15T21:45:22Z INFO  dt_instance] received at 2023-07-15 21:45:22.950459416 UTC - from mc-16->source-5 "733" 21:45:22.934263402
[2023-07-15T21:45:25Z INFO  dt_instance] received at 2023-07-15 21:45:25.460522615 UTC - from mc-16->source-5 "738" 21:45:25.440533791
[2023-07-15T21:45:27Z INFO  dt_instance] received at 2023-07-15 21:45:27.997851794 UTC - from mc-16->source-5 "743" 21:45:27.946235658
[2023-07-15T21:45:30Z INFO  dt_instance] received at 2023-07-15 21:45:30.459591203 UTC - from mc-16->source-5 "748" 21:45:30.450824674
[2023-07-15T21:45:32Z INFO  dt_instance] received at 2023-07-15 21:45:32.963446501 UTC - from mc-16->source-3 "758" 21:45:32.961749323
[2023-07-15T21:45:35Z INFO  dt_instance] received at 2023-07-15 21:45:35.470963232 UTC - from mc-16->source-5 "758" 21:45:35.463986788
[2023-07-15T21:45:37Z INFO  dt_instance] received at 2023-07-15 21:45:37.977907110 UTC - from mc-16->source-5 "763" 21:45:37.969983672
[2023-07-15T21:45:40Z INFO  dt_instance] received at 2023-07-15 21:45:40.517492329 UTC - from mc-16->source-5 "768" 21:45:40.475656476
[2023-07-15T21:45:43Z INFO  dt_instance] received at 2023-07-15 21:45:43.031590841 UTC - from mc-16->source-5 "773" 21:45:42.983248153
[2023-07-15T21:45:45Z INFO  dt_instance] received at 2023-07-15 21:45:45.506196302 UTC - from mc-16->source-5 "778" 21:45:45.490265972
[2023-07-15T21:45:48Z INFO  dt_instance] received at 2023-07-15 21:45:48.016573409 UTC - from mc-16->source-5 "783" 21:45:47.998485764
[2023-07-15T21:45:50Z INFO  dt_instance] received at 2023-07-15 21:45:50.510278580 UTC - from mc-16->source-5 "788" 21:45:50.503058449
[2023-07-15T21:45:53Z INFO  dt_instance] received at 2023-07-15 21:45:53.040272808 UTC - from mc-16->source-5 "793" 21:45:53.008980256
[2023-07-15T21:45:55Z INFO  dt_instance] received at 2023-07-15 21:45:55.530883373 UTC - from mc-16->source-5 "798" 21:45:55.515024975
[2023-07-15T21:45:58Z INFO  dt_instance] received at 2023-07-15 21:45:58.033301822 UTC - from mc-16->source-5 "803" 21:45:58.020528051
[2023-07-15T21:46:00Z INFO  dt_instance] received at 2023-07-15 21:46:00.540117826 UTC - from mc-16->source-5 "808" 21:46:00.525284553
[2023-07-15T21:46:03Z INFO  dt_instance] received at 2023-07-15 21:46:03.092418939 UTC - from mc-16->source-5 "813" 21:46:03.030987870
[2023-07-15T21:46:05Z INFO  dt_instance] received at 2023-07-15 21:46:05.563053995 UTC - from mc-16->source-5 "818" 21:46:05.536354844
[2023-07-15T21:46:08Z INFO  dt_instance] received at 2023-07-15 21:46:08.047870523 UTC - from mc-16->source-5 "823" 21:46:08.041322144
[2023-07-15T21:46:10Z INFO  dt_instance] received at 2023-07-15 21:46:10.553345562 UTC - from mc-16->source-1 "838" 21:46:10.551010806
[2023-07-15T21:46:13Z INFO  dt_instance] received at 2023-07-15 21:46:13.072846273 UTC - from mc-16->source-5 "833" 21:46:13.055472342
[2023-07-15T21:46:15Z INFO  dt_instance] received at 2023-07-15 21:46:15.768665541 UTC - from mc-16->source-6 "836" 21:46:15.765140304
[2023-07-15T21:46:18Z INFO  dt_instance] received at 2023-07-15 21:46:18.118081693 UTC - from mc-16->source-5 "843" 21:46:18.070833913
[2023-07-15T21:46:20Z INFO  dt_instance] received at 2023-07-15 21:46:20.589210207 UTC - from mc-16->source-5 "848" 21:46:20.577713778
[2023-07-15T21:46:23Z INFO  dt_instance] received at 2023-07-15 21:46:23.085392597 UTC - from mc-16->source-5 "853" 21:46:23.082208701
[2023-07-15T21:46:25Z INFO  dt_instance] received at 2023-07-15 21:46:25.621644879 UTC - from mc-16->source-5 "858" 21:46:25.589252023
[2023-07-15T21:46:28Z INFO  dt_instance] received at 2023-07-15 21:46:28.123875752 UTC - from mc-16->source-5 "863" 21:46:28.095146073
[2023-07-15T21:46:30Z INFO  dt_instance] received at 2023-07-15 21:46:30.635376674 UTC - from mc-16->source-5 "868" 21:46:30.600885482
[2023-07-15T21:46:33Z INFO  dt_instance] received at 2023-07-15 21:46:33.152519436 UTC - from mc-16->source-5 "873" 21:46:33.107180030
[2023-07-15T21:46:35Z INFO  dt_instance] received at 2023-07-15 21:46:35.637245176 UTC - from mc-16->source-5 "878" 21:46:35.613869658
[2023-07-15T21:46:38Z INFO  dt_instance] received at 2023-07-15 21:46:38.132512699 UTC - from mc-16->source-5 "883" 21:46:38.119482928
[2023-07-15T21:46:40Z INFO  dt_instance] received at 2023-07-15 21:46:40.645235727 UTC - from mc-16->source-5 "888" 21:46:40.624480211
[2023-07-15T21:46:43Z INFO  dt_instance] received at 2023-07-15 21:46:43.145180132 UTC - from mc-16->source-5 "893" 21:46:43.130689674
[2023-07-15T21:46:45Z INFO  dt_instance] received at 2023-07-15 21:46:45.650372442 UTC - from mc-16->source-5 "898" 21:46:45.636182389
[2023-07-15T21:46:48Z INFO  dt_instance] received at 2023-07-15 21:46:48.159982540 UTC - from mc-16->source-5 "903" 21:46:48.141535752
[2023-07-15T21:46:50Z INFO  dt_instance] received at 2023-07-15 21:46:50.659210187 UTC - from mc-16->source-5 "908" 21:46:50.646424713
[2023-07-15T21:46:53Z INFO  dt_instance] received at 2023-07-15 21:46:53.154651789 UTC - from mc-16->source-5 "913" 21:46:53.152338801
[2023-07-15T21:46:55Z INFO  dt_instance] received at 2023-07-15 21:46:55.660222434 UTC - from mc-16->source-9 "908" 21:46:55.659150183
[2023-07-15T21:46:58Z INFO  dt_instance] received at 2023-07-15 21:46:58.171960419 UTC - from mc-16->source-5 "923" 21:46:58.166095692
[2023-07-15T21:47:00Z INFO  dt_instance] received at 2023-07-15 21:47:00.674664160 UTC - from mc-16->source-5 "928" 21:47:00.672996447
[2023-07-15T21:47:03Z INFO  dt_instance] received at 2023-07-15 21:47:03.179695091 UTC - from mc-16->source-5 "933" 21:47:03.178644487
[2023-07-15T21:47:05Z INFO  dt_instance] received at 2023-07-15 21:47:05.688602475 UTC - from mc-16->source-9 "928" 21:47:05.684159622
[2023-07-15T21:47:08Z INFO  dt_instance] received at 2023-07-15 21:47:08.196192747 UTC - from mc-16->source-5 "943" 21:47:08.190814624
[2023-07-15T21:47:10Z INFO  dt_instance] received at 2023-07-15 21:47:10.698544694 UTC - from mc-16->source-5 "948" 21:47:10.696938731
[2023-07-15T21:47:13Z INFO  dt_instance] received at 2023-07-15 21:47:13.205329884 UTC - from mc-16->source-5 "953" 21:47:13.203043194
[2023-07-15T21:47:15Z INFO  dt_instance] received at 2023-07-15 21:47:15.712310648 UTC - from mc-16->source-5 "958" 21:47:15.709927574
[2023-07-15T21:47:18Z INFO  dt_instance] received at 2023-07-15 21:47:18.219536092 UTC - from mc-16->source-5 "963" 21:47:18.216922618
[2023-07-15T21:47:20Z INFO  dt_instance] received at 2023-07-15 21:47:20.725417878 UTC - from mc-16->source-5 "968" 21:47:20.723548810
[2023-07-15T21:47:23Z INFO  dt_instance] received at 2023-07-15 21:47:23.232109834 UTC - from mc-16->source-5 "973" 21:47:23.228758308
[2023-07-15T21:47:25Z INFO  dt_instance] received at 2023-07-15 21:47:25.736548721 UTC - from mc-16->source-9 "968" 21:47:25.735396385
[2023-07-15T21:47:28Z INFO  dt_instance] received at 2023-07-15 21:47:28.242591643 UTC - from mc-16->source-5 "983" 21:47:28.241235592
[2023-07-15T21:47:30Z INFO  dt_instance] received at 2023-07-15 21:47:30.936366956 UTC - from mc-16->source-6 "986" 21:47:30.934886449
[2023-07-15T21:47:34Z INFO  dt_instance] received at 2023-07-15 21:47:34.218958460 UTC - from mc-16->source-7 "990" 21:47:34.215382271
[2023-07-15T21:47:41Z INFO  dt_instance] received at 2023-07-15 21:47:41.271574709 UTC - from mc-16->source-9 "999" 21:47:41.269762417
