[2023-07-15T21:24:16Z INFO  dt_instance] Current Twin: mc-twin-10
[2023-07-15T21:24:16Z INFO  dt_instance] Replica Name twin-mc-stateful-10
[2023-07-15T21:24:16Z INFO  dt_instance] Sleeping for 500
[2023-07-15T21:32:36Z INFO  dt_instance] Connecting to broker at emqx.dtwins:1883
[2023-07-15T21:32:36Z INFO  dt_instance] Loggin info each 50 messages
[2023-07-15T21:32:36Z INFO  dt_instance] Set max packet size to 60000 KB.
[2023-07-15T21:32:36Z INFO  dt_instance] Refreshing topics for twin - Listen to mc-10/#
[2023-07-15T21:32:36Z INFO  dt_instance] SubAck { pkid: 1, return_codes: [Success(ExactlyOnce)] }
[2023-07-15T21:33:46Z INFO  dt_instance] received at 2023-07-15 21:33:46.739908770 UTC - from mc-10->source-2 "9" 21:33:46.739214498
[2023-07-15T21:33:50Z INFO  dt_instance] received at 2023-07-15 21:33:50.001946476 UTC - from mc-10->source-3 "13" 21:33:49.999540670
[2023-07-15T21:33:52Z INFO  dt_instance] received at 2023-07-15 21:33:52.509838236 UTC - from mc-10->source-1 "23" 21:33:52.508538544
[2023-07-15T21:33:55Z INFO  dt_instance] received at 2023-07-15 21:33:55.015253577 UTC - from mc-10->source-1 "28" 21:33:55.014483566
[2023-07-15T21:33:57Z INFO  dt_instance] received at 2023-07-15 21:33:57.523266738 UTC - from mc-10->source-1 "33" 21:33:57.522309358
[2023-07-15T21:34:00Z INFO  dt_instance] received at 2023-07-15 21:34:00.030289805 UTC - from mc-10->source-1 "38" 21:34:00.028524862
[2023-07-15T21:34:02Z INFO  dt_instance] received at 2023-07-15 21:34:02.536535507 UTC - from mc-10->source-1 "43" 21:34:02.534580013
[2023-07-15T21:34:05Z INFO  dt_instance] received at 2023-07-15 21:34:05.041046460 UTC - from mc-10->source-1 "48" 21:34:05.040016726
[2023-07-15T21:34:07Z INFO  dt_instance] received at 2023-07-15 21:34:07.545991791 UTC - from mc-10->source-1 "53" 21:34:07.545002155
[2023-07-15T21:34:10Z INFO  dt_instance] received at 2023-07-15 21:34:10.051250953 UTC - from mc-10->source-1 "58" 21:34:10.050039496
[2023-07-15T21:34:12Z INFO  dt_instance] received at 2023-07-15 21:34:12.573804278 UTC - from mc-10->source-3 "58" 21:34:12.553486291
[2023-07-15T21:34:15Z INFO  dt_instance] received at 2023-07-15 21:34:15.062010594 UTC - from mc-10->source-1 "68" 21:34:15.060511564
[2023-07-15T21:34:17Z INFO  dt_instance] received at 2023-07-15 21:34:17.581636270 UTC - from mc-10->source-1 "73" 21:34:17.579800083
[2023-07-15T21:34:20Z INFO  dt_instance] received at 2023-07-15 21:34:20.089800195 UTC - from mc-10->source-1 "78" 21:34:20.087999957
[2023-07-15T21:34:22Z INFO  dt_instance] received at 2023-07-15 21:34:22.595620829 UTC - from mc-10->source-1 "83" 21:34:22.593041172
[2023-07-15T21:34:25Z INFO  dt_instance] received at 2023-07-15 21:34:25.099596804 UTC - from mc-10->source-1 "88" 21:34:25.098502426
[2023-07-15T21:34:27Z INFO  dt_instance] received at 2023-07-15 21:34:27.609363320 UTC - from mc-10->source-1 "93" 21:34:27.606228328
[2023-07-15T21:34:30Z INFO  dt_instance] received at 2023-07-15 21:34:30.114435720 UTC - from mc-10->source-1 "98" 21:34:30.111781500
[2023-07-15T21:34:32Z INFO  dt_instance] received at 2023-07-15 21:34:32.624687233 UTC - from mc-10->source-1 "103" 21:34:32.616797968
[2023-07-15T21:34:35Z INFO  dt_instance] received at 2023-07-15 21:34:35.123312999 UTC - from mc-10->source-3 "103" 21:34:35.117884161
[2023-07-15T21:34:37Z INFO  dt_instance] received at 2023-07-15 21:34:37.629811677 UTC - from mc-10->source-1 "113" 21:34:37.627402762
[2023-07-15T21:34:40Z INFO  dt_instance] received at 2023-07-15 21:34:40.136147323 UTC - from mc-10->source-1 "118" 21:34:40.132942690
[2023-07-15T21:34:42Z INFO  dt_instance] received at 2023-07-15 21:34:42.643207405 UTC - from mc-10->source-1 "123" 21:34:42.638236362
[2023-07-15T21:34:45Z INFO  dt_instance] received at 2023-07-15 21:34:45.146582444 UTC - from mc-10->source-1 "128" 21:34:45.144174443
[2023-07-15T21:34:47Z INFO  dt_instance] received at 2023-07-15 21:34:47.653737685 UTC - from mc-10->source-1 "133" 21:34:47.650570103
[2023-07-15T21:34:50Z INFO  dt_instance] received at 2023-07-15 21:34:50.158263411 UTC - from mc-10->source-1 "138" 21:34:50.155800998
[2023-07-15T21:34:52Z INFO  dt_instance] received at 2023-07-15 21:34:52.674133119 UTC - from mc-10->source-3 "138" 21:34:52.657787428
[2023-07-15T21:34:55Z INFO  dt_instance] received at 2023-07-15 21:34:55.169992439 UTC - from mc-10->source-1 "148" 21:34:55.167382425
[2023-07-15T21:34:57Z INFO  dt_instance] received at 2023-07-15 21:34:57.673815103 UTC - from mc-10->source-1 "153" 21:34:57.672496887
[2023-07-15T21:35:00Z INFO  dt_instance] received at 2023-07-15 21:35:00.183917581 UTC - from mc-10->source-1 "158" 21:35:00.179083595
[2023-07-15T21:35:02Z INFO  dt_instance] received at 2023-07-15 21:35:02.709635348 UTC - from mc-10->source-3 "158" 21:35:02.703166425
[2023-07-15T21:35:05Z INFO  dt_instance] received at 2023-07-15 21:35:05.211034391 UTC - from mc-10->source-3 "163" 21:35:05.209496009
[2023-07-15T21:35:07Z INFO  dt_instance] received at 2023-07-15 21:35:07.718974006 UTC - from mc-10->source-3 "168" 21:35:07.716264061
[2023-07-15T21:35:10Z INFO  dt_instance] received at 2023-07-15 21:35:10.229795323 UTC - from mc-10->source-3 "173" 21:35:10.222212919
[2023-07-15T21:35:12Z INFO  dt_instance] received at 2023-07-15 21:35:12.731002885 UTC - from mc-10->source-3 "178" 21:35:12.728400386
[2023-07-15T21:35:15Z INFO  dt_instance] received at 2023-07-15 21:35:15.240746720 UTC - from mc-10->source-3 "183" 21:35:15.234569644
[2023-07-15T21:35:17Z INFO  dt_instance] received at 2023-07-15 21:35:17.741868031 UTC - from mc-10->source-3 "188" 21:35:17.739473050
[2023-07-15T21:35:20Z INFO  dt_instance] received at 2023-07-15 21:35:20.247335555 UTC - from mc-10->source-3 "193" 21:35:20.244658383
[2023-07-15T21:35:22Z INFO  dt_instance] received at 2023-07-15 21:35:22.751365164 UTC - from mc-10->source-3 "198" 21:35:22.749528820
[2023-07-15T21:35:25Z INFO  dt_instance] received at 2023-07-15 21:35:25.256120802 UTC - from mc-10->source-3 "203" 21:35:25.254384486
[2023-07-15T21:35:27Z INFO  dt_instance] received at 2023-07-15 21:35:27.764593241 UTC - from mc-10->source-3 "208" 21:35:27.759770879
[2023-07-15T21:35:30Z INFO  dt_instance] received at 2023-07-15 21:35:30.277029192 UTC - from mc-10->source-3 "213" 21:35:30.265371131
[2023-07-15T21:35:32Z INFO  dt_instance] received at 2023-07-15 21:35:32.774650109 UTC - from mc-10->source-3 "218" 21:35:32.772093589
[2023-07-15T21:35:35Z INFO  dt_instance] received at 2023-07-15 21:35:35.282720050 UTC - from mc-10->source-3 "223" 21:35:35.278679851
[2023-07-15T21:35:37Z INFO  dt_instance] received at 2023-07-15 21:35:37.788184914 UTC - from mc-10->source-3 "228" 21:35:37.785711788
[2023-07-15T21:35:40Z INFO  dt_instance] received at 2023-07-15 21:35:40.300900423 UTC - from mc-10->source-3 "233" 21:35:40.292038806
[2023-07-15T21:35:42Z INFO  dt_instance] received at 2023-07-15 21:35:42.821986153 UTC - from mc-10->source-3 "238" 21:35:42.796420600
[2023-07-15T21:35:45Z INFO  dt_instance] received at 2023-07-15 21:35:45.305278332 UTC - from mc-10->source-3 "243" 21:35:45.302135454
[2023-07-15T21:35:47Z INFO  dt_instance] received at 2023-07-15 21:35:47.819083038 UTC - from mc-10->source-3 "248" 21:35:47.808971811
[2023-07-15T21:35:50Z INFO  dt_instance] received at 2023-07-15 21:35:50.319880141 UTC - from mc-10->source-3 "253" 21:35:50.314745950
[2023-07-15T21:35:52Z INFO  dt_instance] received at 2023-07-15 21:35:52.829052466 UTC - from mc-10->source-3 "258" 21:35:52.819559822
[2023-07-15T21:35:55Z INFO  dt_instance] received at 2023-07-15 21:35:55.331795031 UTC - from mc-10->source-3 "263" 21:35:55.324355619
[2023-07-15T21:35:57Z INFO  dt_instance] received at 2023-07-15 21:35:57.842073353 UTC - from mc-10->source-3 "268" 21:35:57.830238334
[2023-07-15T21:36:00Z INFO  dt_instance] received at 2023-07-15 21:36:00.339822327 UTC - from mc-10->source-3 "273" 21:36:00.336660031
[2023-07-15T21:36:02Z INFO  dt_instance] received at 2023-07-15 21:36:02.845402444 UTC - from mc-10->source-3 "278" 21:36:02.842000410
[2023-07-15T21:36:05Z INFO  dt_instance] received at 2023-07-15 21:36:05.374265513 UTC - from mc-10->source-3 "283" 21:36:05.352596863
[2023-07-15T21:36:07Z INFO  dt_instance] received at 2023-07-15 21:36:07.868420792 UTC - from mc-10->source-3 "288" 21:36:07.857640608
[2023-07-15T21:36:10Z INFO  dt_instance] received at 2023-07-15 21:36:10.365450423 UTC - from mc-10->source-3 "293" 21:36:10.362572689
[2023-07-15T21:36:12Z INFO  dt_instance] received at 2023-07-15 21:36:12.881691155 UTC - from mc-10->source-3 "298" 21:36:12.867643984
[2023-07-15T21:36:15Z INFO  dt_instance] received at 2023-07-15 21:36:15.379935045 UTC - from mc-10->source-3 "303" 21:36:15.373727514
[2023-07-15T21:36:17Z INFO  dt_instance] received at 2023-07-15 21:36:17.903735560 UTC - from mc-10->source-3 "308" 21:36:17.879944628
[2023-07-15T21:36:20Z INFO  dt_instance] received at 2023-07-15 21:36:20.392397752 UTC - from mc-10->source-3 "313" 21:36:20.384850941
[2023-07-15T21:36:22Z INFO  dt_instance] received at 2023-07-15 21:36:22.908432524 UTC - from mc-10->source-3 "318" 21:36:22.890085480
[2023-07-15T21:36:25Z INFO  dt_instance] received at 2023-07-15 21:36:25.438584647 UTC - from mc-10->source-3 "323" 21:36:25.394646082
[2023-07-15T21:36:27Z INFO  dt_instance] received at 2023-07-15 21:36:27.921641315 UTC - from mc-10->source-3 "328" 21:36:27.900469622
[2023-07-15T21:36:30Z INFO  dt_instance] received at 2023-07-15 21:36:30.425825903 UTC - from mc-10->source-3 "333" 21:36:30.405760308
[2023-07-15T21:36:32Z INFO  dt_instance] received at 2023-07-15 21:36:32.932332008 UTC - from mc-10->source-3 "338" 21:36:32.912955167
[2023-07-15T21:36:35Z INFO  dt_instance] received at 2023-07-15 21:36:35.427340191 UTC - from mc-10->source-3 "343" 21:36:35.419370989
[2023-07-15T21:36:37Z INFO  dt_instance] received at 2023-07-15 21:36:37.934065985 UTC - from mc-10->source-3 "348" 21:36:37.924410511
[2023-07-15T21:36:40Z INFO  dt_instance] received at 2023-07-15 21:36:40.443384078 UTC - from mc-10->source-3 "353" 21:36:40.429695633
[2023-07-15T21:36:42Z INFO  dt_instance] received at 2023-07-15 21:36:42.959170426 UTC - from mc-10->source-3 "358" 21:36:42.935512873
[2023-07-15T21:36:45Z INFO  dt_instance] received at 2023-07-15 21:36:45.444866776 UTC - from mc-10->source-3 "363" 21:36:45.442661761
[2023-07-15T21:36:47Z INFO  dt_instance] received at 2023-07-15 21:36:47.974147760 UTC - from mc-10->source-3 "368" 21:36:47.947919004
[2023-07-15T21:36:50Z INFO  dt_instance] received at 2023-07-15 21:36:50.475644672 UTC - from mc-10->source-3 "373" 21:36:50.454471360
[2023-07-15T21:36:52Z INFO  dt_instance] received at 2023-07-15 21:36:52.977117130 UTC - from mc-10->source-3 "378" 21:36:52.960341220
[2023-07-15T21:36:55Z INFO  dt_instance] received at 2023-07-15 21:36:55.485352719 UTC - from mc-10->source-3 "383" 21:36:55.466082836
[2023-07-15T21:36:57Z INFO  dt_instance] received at 2023-07-15 21:36:57.994914719 UTC - from mc-10->source-3 "388" 21:36:57.970390504
[2023-07-15T21:37:00Z INFO  dt_instance] received at 2023-07-15 21:37:00.490300404 UTC - from mc-10->source-3 "393" 21:37:00.476637785
[2023-07-15T21:37:03Z INFO  dt_instance] received at 2023-07-15 21:37:03.015047938 UTC - from mc-10->source-3 "398" 21:37:02.981920089
[2023-07-15T21:37:05Z INFO  dt_instance] received at 2023-07-15 21:37:05.514559686 UTC - from mc-10->source-3 "403" 21:37:05.488435556
[2023-07-15T21:37:08Z INFO  dt_instance] received at 2023-07-15 21:37:08.028197989 UTC - from mc-10->source-3 "408" 21:37:07.994255917
[2023-07-15T21:37:10Z INFO  dt_instance] received at 2023-07-15 21:37:10.523729712 UTC - from mc-10->source-3 "413" 21:37:10.500121021
[2023-07-15T21:37:13Z INFO  dt_instance] received at 2023-07-15 21:37:13.059621301 UTC - from mc-10->source-3 "418" 21:37:13.006247984
[2023-07-15T21:37:15Z INFO  dt_instance] received at 2023-07-15 21:37:15.533075839 UTC - from mc-10->source-3 "423" 21:37:15.513184665
[2023-07-15T21:37:18Z INFO  dt_instance] received at 2023-07-15 21:37:18.041141585 UTC - from mc-10->source-3 "428" 21:37:18.018718246
[2023-07-15T21:37:20Z INFO  dt_instance] received at 2023-07-15 21:37:20.557058003 UTC - from mc-10->source-3 "433" 21:37:20.523801171
[2023-07-15T21:37:23Z INFO  dt_instance] received at 2023-07-15 21:37:23.068594262 UTC - from mc-10->source-3 "438" 21:37:23.028343563
[2023-07-15T21:37:25Z INFO  dt_instance] received at 2023-07-15 21:37:25.568897874 UTC - from mc-10->source-3 "443" 21:37:25.533623885
[2023-07-15T21:37:28Z INFO  dt_instance] received at 2023-07-15 21:37:28.093003815 UTC - from mc-10->source-3 "448" 21:37:28.039198707
[2023-07-15T21:37:30Z INFO  dt_instance] received at 2023-07-15 21:37:30.563049197 UTC - from mc-10->source-3 "453" 21:37:30.544611809
[2023-07-15T21:37:33Z INFO  dt_instance] received at 2023-07-15 21:37:33.079534062 UTC - from mc-10->source-3 "458" 21:37:33.051217409
[2023-07-15T21:37:35Z INFO  dt_instance] received at 2023-07-15 21:37:35.568733314 UTC - from mc-10->source-3 "463" 21:37:35.557934871
[2023-07-15T21:37:38Z INFO  dt_instance] received at 2023-07-15 21:37:38.087629068 UTC - from mc-10->source-3 "468" 21:37:38.064422273
[2023-07-15T21:37:40Z INFO  dt_instance] received at 2023-07-15 21:37:40.596519345 UTC - from mc-10->source-3 "473" 21:37:40.569282853
[2023-07-15T21:37:43Z INFO  dt_instance] received at 2023-07-15 21:37:43.091590090 UTC - from mc-10->source-3 "478" 21:37:43.075109082
[2023-07-15T21:37:45Z INFO  dt_instance] received at 2023-07-15 21:37:45.646785719 UTC - from mc-10->source-3 "483" 21:37:45.579630169
[2023-07-15T21:37:48Z INFO  dt_instance] received at 2023-07-15 21:37:48.093421907 UTC - from mc-10->source-3 "488" 21:37:48.085513507
[2023-07-15T21:37:50Z INFO  dt_instance] received at 2023-07-15 21:37:50.611884313 UTC - from mc-10->source-3 "493" 21:37:50.590533629
[2023-07-15T21:37:53Z INFO  dt_instance] received at 2023-07-15 21:37:53.217644561 UTC - from mc-10->source-3 "498" 21:37:53.097357224
[2023-07-15T21:37:55Z INFO  dt_instance] received at 2023-07-15 21:37:55.653678410 UTC - from mc-10->source-3 "503" 21:37:55.604555232
[2023-07-15T21:37:58Z INFO  dt_instance] received at 2023-07-15 21:37:58.145130982 UTC - from mc-10->source-3 "508" 21:37:58.113386083
[2023-07-15T21:38:00Z INFO  dt_instance] received at 2023-07-15 21:38:00.633106733 UTC - from mc-10->source-5 "508" 21:38:00.619201598
[2023-07-15T21:38:03Z INFO  dt_instance] received at 2023-07-15 21:38:03.370578960 UTC - from mc-10->source-7 "508" 21:38:03.117808679
[2023-07-15T21:38:05Z INFO  dt_instance] received at 2023-07-15 21:38:05.659766649 UTC - from mc-10->source-3 "523" 21:38:05.631855674
[2023-07-15T21:38:08Z INFO  dt_instance] received at 2023-07-15 21:38:08.182879600 UTC - from mc-10->source-5 "523" 21:38:08.138036600
[2023-07-15T21:38:10Z INFO  dt_instance] received at 2023-07-15 21:38:10.667251726 UTC - from mc-10->source-5 "528" 21:38:10.643311163
[2023-07-15T21:38:13Z INFO  dt_instance] received at 2023-07-15 21:38:13.180115610 UTC - from mc-10->source-5 "533" 21:38:13.152313326
[2023-07-15T21:38:15Z INFO  dt_instance] received at 2023-07-15 21:38:15.685412400 UTC - from mc-10->source-3 "543" 21:38:15.658794404
[2023-07-15T21:38:18Z INFO  dt_instance] received at 2023-07-15 21:38:18.200525322 UTC - from mc-10->source-5 "543" 21:38:18.164808406
[2023-07-15T21:38:20Z INFO  dt_instance] received at 2023-07-15 21:38:20.703071330 UTC - from mc-10->source-3 "553" 21:38:20.671290149
[2023-07-15T21:38:23Z INFO  dt_instance] received at 2023-07-15 21:38:23.217188632 UTC - from mc-10->source-3 "558" 21:38:23.178383680
[2023-07-15T21:38:25Z INFO  dt_instance] received at 2023-07-15 21:38:25.687614579 UTC - from mc-10->source-3 "563" 21:38:25.684328316
[2023-07-15T21:38:28Z INFO  dt_instance] received at 2023-07-15 21:38:28.222419895 UTC - from mc-10->source-1 "573" 21:38:28.190239420
[2023-07-15T21:38:30Z INFO  dt_instance] received at 2023-07-15 21:38:30.726644717 UTC - from mc-10->source-3 "573" 21:38:30.696519919
[2023-07-15T21:38:33Z INFO  dt_instance] received at 2023-07-15 21:38:33.394159807 UTC - from mc-10->source-3 "578" 21:38:33.203032499
[2023-07-15T21:38:35Z INFO  dt_instance] received at 2023-07-15 21:38:35.776743668 UTC - from mc-10->source-3 "583" 21:38:35.708299587
[2023-07-15T21:38:38Z INFO  dt_instance] received at 2023-07-15 21:38:38.224193933 UTC - from mc-10->source-3 "588" 21:38:38.214134875
[2023-07-15T21:38:40Z INFO  dt_instance] received at 2023-07-15 21:38:40.749560068 UTC - from mc-10->source-3 "593" 21:38:40.719394888
[2023-07-15T21:38:43Z INFO  dt_instance] received at 2023-07-15 21:38:43.271913633 UTC - from mc-10->source-5 "593" 21:38:43.225229883
[2023-07-15T21:38:45Z INFO  dt_instance] received at 2023-07-15 21:38:45.755870266 UTC - from mc-10->source-3 "603" 21:38:45.733324369
[2023-07-15T21:38:48Z INFO  dt_instance] received at 2023-07-15 21:38:48.315227009 UTC - from mc-10->source-3 "608" 21:38:48.242124066
[2023-07-15T21:38:50Z INFO  dt_instance] received at 2023-07-15 21:38:50.782376928 UTC - from mc-10->source-3 "613" 21:38:50.747609306
[2023-07-15T21:38:53Z INFO  dt_instance] received at 2023-07-15 21:38:53.313009495 UTC - from mc-10->source-3 "618" 21:38:53.253642865
[2023-07-15T21:38:55Z INFO  dt_instance] received at 2023-07-15 21:38:55.779223824 UTC - from mc-10->source-3 "623" 21:38:55.759894816
[2023-07-15T21:38:58Z INFO  dt_instance] received at 2023-07-15 21:38:58.317564116 UTC - from mc-10->source-3 "628" 21:38:58.268101905
[2023-07-15T21:39:00Z INFO  dt_instance] received at 2023-07-15 21:39:00.786690679 UTC - from mc-10->source-5 "628" 21:39:00.772979776
[2023-07-15T21:39:03Z INFO  dt_instance] received at 2023-07-15 21:39:03.319161372 UTC - from mc-10->source-3 "638" 21:39:03.278670913
[2023-07-15T21:39:05Z INFO  dt_instance] received at 2023-07-15 21:39:05.811045813 UTC - from mc-10->source-3 "643" 21:39:05.783573661
[2023-07-15T21:39:08Z INFO  dt_instance] received at 2023-07-15 21:39:08.306821514 UTC - from mc-10->source-5 "643" 21:39:08.288445164
[2023-07-15T21:39:10Z INFO  dt_instance] received at 2023-07-15 21:39:10.812945037 UTC - from mc-10->source-3 "653" 21:39:10.796202975
[2023-07-15T21:39:13Z INFO  dt_instance] received at 2023-07-15 21:39:13.530565902 UTC - from mc-10->source-2 "661" 21:39:13.519463091
[2023-07-15T21:39:15Z INFO  dt_instance] received at 2023-07-15 21:39:15.838285584 UTC - from mc-10->source-3 "663" 21:39:15.808679995
[2023-07-15T21:39:18Z INFO  dt_instance] received at 2023-07-15 21:39:18.346291284 UTC - from mc-10->source-3 "668" 21:39:18.313701975
[2023-07-15T21:39:21Z INFO  dt_instance] received at 2023-07-15 21:39:21.049190804 UTC - from mc-10->source-6 "666" 21:39:21.036122514
[2023-07-15T21:39:23Z INFO  dt_instance] received at 2023-07-15 21:39:23.333547933 UTC - from mc-10->source-5 "673" 21:39:23.324741707
[2023-07-15T21:39:25Z INFO  dt_instance] received at 2023-07-15 21:39:25.838094253 UTC - from mc-10->source-1 "688" 21:39:25.833459650
[2023-07-15T21:39:28Z INFO  dt_instance] received at 2023-07-15 21:39:28.362621814 UTC - from mc-10->source-5 "683" 21:39:28.334816917
[2023-07-15T21:39:30Z INFO  dt_instance] received at 2023-07-15 21:39:30.868440057 UTC - from mc-10->source-3 "693" 21:39:30.839739206
[2023-07-15T21:39:33Z INFO  dt_instance] received at 2023-07-15 21:39:33.451267608 UTC - from mc-10->source-5 "693" 21:39:33.346265593
[2023-07-15T21:39:35Z INFO  dt_instance] received at 2023-07-15 21:39:35.936111370 UTC - from mc-10->source-5 "698" 21:39:35.852821168
[2023-07-15T21:39:38Z INFO  dt_instance] received at 2023-07-15 21:39:38.386812959 UTC - from mc-10->source-5 "703" 21:39:38.361114583
[2023-07-15T21:39:41Z INFO  dt_instance] received at 2023-07-15 21:39:41.096525303 UTC - from mc-10->source-6 "706" 21:39:41.080059132
[2023-07-15T21:39:43Z INFO  dt_instance] received at 2023-07-15 21:39:43.446520798 UTC - from mc-10->source-5 "713" 21:39:43.372915609
[2023-07-15T21:39:45Z INFO  dt_instance] received at 2023-07-15 21:39:45.895111622 UTC - from mc-10->source-5 "718" 21:39:45.879185665
[2023-07-15T21:39:48Z INFO  dt_instance] received at 2023-07-15 21:39:48.443441132 UTC - from mc-10->source-5 "723" 21:39:48.385204914
[2023-07-15T21:39:50Z INFO  dt_instance] received at 2023-07-15 21:39:50.927062429 UTC - from mc-10->source-5 "728" 21:39:50.892619941
[2023-07-15T21:39:53Z INFO  dt_instance] received at 2023-07-15 21:39:53.443403436 UTC - from mc-10->source-5 "733" 21:39:53.399326063
[2023-07-15T21:39:55Z INFO  dt_instance] received at 2023-07-15 21:39:55.929188340 UTC - from mc-10->source-5 "738" 21:39:55.908164923
[2023-07-15T21:39:58Z INFO  dt_instance] received at 2023-07-15 21:39:58.437666888 UTC - from mc-10->source-5 "743" 21:39:58.413288998
[2023-07-15T21:40:00Z INFO  dt_instance] received at 2023-07-15 21:40:00.946621369 UTC - from mc-10->source-5 "748" 21:40:00.919547123
[2023-07-15T21:40:03Z INFO  dt_instance] received at 2023-07-15 21:40:03.457210084 UTC - from mc-10->source-5 "753" 21:40:03.425032769
[2023-07-15T21:40:05Z INFO  dt_instance] received at 2023-07-15 21:40:05.972364705 UTC - from mc-10->source-1 "768" 21:40:05.926977321
[2023-07-15T21:40:08Z INFO  dt_instance] received at 2023-07-15 21:40:08.456475566 UTC - from mc-10->source-5 "763" 21:40:08.434435583
[2023-07-15T21:40:10Z INFO  dt_instance] received at 2023-07-15 21:40:10.959147130 UTC - from mc-10->source-5 "768" 21:40:10.940410514
[2023-07-15T21:40:13Z INFO  dt_instance] received at 2023-07-15 21:40:13.470787591 UTC - from mc-10->source-5 "773" 21:40:13.446967083
[2023-07-15T21:40:15Z INFO  dt_instance] received at 2023-07-15 21:40:15.984678084 UTC - from mc-10->source-5 "778" 21:40:15.954268590
[2023-07-15T21:40:18Z INFO  dt_instance] received at 2023-07-15 21:40:18.505857461 UTC - from mc-10->source-5 "783" 21:40:18.459548886
[2023-07-15T21:40:20Z INFO  dt_instance] received at 2023-07-15 21:40:20.997262221 UTC - from mc-10->source-5 "788" 21:40:20.964587644
[2023-07-15T21:40:23Z INFO  dt_instance] received at 2023-07-15 21:40:23.481005631 UTC - from mc-10->source-5 "793" 21:40:23.471090893
[2023-07-15T21:40:26Z INFO  dt_instance] received at 2023-07-15 21:40:26.006275448 UTC - from mc-10->source-5 "798" 21:40:25.975881724
[2023-07-15T21:40:28Z INFO  dt_instance] received at 2023-07-15 21:40:28.515451351 UTC - from mc-10->source-5 "803" 21:40:28.481239657
[2023-07-15T21:40:30Z INFO  dt_instance] received at 2023-07-15 21:40:30.995759943 UTC - from mc-10->source-5 "808" 21:40:30.988205062
[2023-07-15T21:40:33Z INFO  dt_instance] received at 2023-07-15 21:40:33.715110537 UTC - from mc-10->source-9 "803" 21:40:33.489420383
[2023-07-15T21:40:36Z INFO  dt_instance] received at 2023-07-15 21:40:36.027295463 UTC - from mc-10->source-5 "818" 21:40:35.999058201
[2023-07-15T21:40:38Z INFO  dt_instance] received at 2023-07-15 21:40:38.555232034 UTC - from mc-10->source-5 "823" 21:40:38.504441936
[2023-07-15T21:40:41Z INFO  dt_instance] received at 2023-07-15 21:40:41.052933725 UTC - from mc-10->source-5 "828" 21:40:41.011153188
[2023-07-15T21:40:43Z INFO  dt_instance] received at 2023-07-15 21:40:43.536334060 UTC - from mc-10->source-5 "833" 21:40:43.516084608
[2023-07-15T21:40:46Z INFO  dt_instance] received at 2023-07-15 21:40:46.045850478 UTC - from mc-10->source-7 "833" 21:40:46.021358147
[2023-07-15T21:40:48Z INFO  dt_instance] received at 2023-07-15 21:40:48.568416993 UTC - from mc-10->source-7 "838" 21:40:48.526750364
[2023-07-15T21:40:51Z INFO  dt_instance] received at 2023-07-15 21:40:51.054343543 UTC - from mc-10->source-7 "843" 21:40:51.034896289
[2023-07-15T21:40:53Z INFO  dt_instance] received at 2023-07-15 21:40:53.593989115 UTC - from mc-10->source-3 "858" 21:40:53.540158148
[2023-07-15T21:40:56Z INFO  dt_instance] received at 2023-07-15 21:40:56.120604759 UTC - from mc-10->source-7 "853" 21:40:56.046443843
[2023-07-15T21:40:58Z INFO  dt_instance] received at 2023-07-15 21:40:58.568146287 UTC - from mc-10->source-5 "863" 21:40:58.553332147
[2023-07-15T21:41:01Z INFO  dt_instance] received at 2023-07-15 21:41:01.086877628 UTC - from mc-10->source-5 "868" 21:41:01.059247715
[2023-07-15T21:41:03Z INFO  dt_instance] received at 2023-07-15 21:41:03.570162246 UTC - from mc-10->source-5 "873" 21:41:03.564724532
[2023-07-15T21:41:06Z INFO  dt_instance] received at 2023-07-15 21:41:06.106155220 UTC - from mc-10->source-5 "878" 21:41:06.078276458
[2023-07-15T21:41:08Z INFO  dt_instance] received at 2023-07-15 21:41:08.823979714 UTC - from mc-10->source-6 "881" 21:41:08.806667866
[2023-07-15T21:41:11Z INFO  dt_instance] received at 2023-07-15 21:41:11.135204620 UTC - from mc-10->source-3 "893" 21:41:11.091511967
[2023-07-15T21:41:13Z INFO  dt_instance] received at 2023-07-15 21:41:13.618980251 UTC - from mc-10->source-5 "893" 21:41:13.600304531
[2023-07-15T21:41:16Z INFO  dt_instance] received at 2023-07-15 21:41:16.156778492 UTC - from mc-10->source-5 "898" 21:41:16.105290090
[2023-07-15T21:41:18Z INFO  dt_instance] received at 2023-07-15 21:41:18.651414551 UTC - from mc-10->source-3 "908" 21:41:18.611267752
[2023-07-15T21:41:21Z INFO  dt_instance] received at 2023-07-15 21:41:21.163693418 UTC - from mc-10->source-3 "913" 21:41:21.117809286
[2023-07-15T21:41:23Z INFO  dt_instance] received at 2023-07-15 21:41:23.671780086 UTC - from mc-10->source-1 "923" 21:41:23.614337359
[2023-07-15T21:41:26Z INFO  dt_instance] received at 2023-07-15 21:41:26.174833389 UTC - from mc-10->source-9 "908" 21:41:26.129310502
[2023-07-15T21:41:28Z INFO  dt_instance] received at 2023-07-15 21:41:28.682917880 UTC - from mc-10->source-3 "928" 21:41:28.634688603
[2023-07-15T21:41:31Z INFO  dt_instance] received at 2023-07-15 21:41:31.180234754 UTC - from mc-10->source-5 "928" 21:41:31.141259275
[2023-07-15T21:41:33Z INFO  dt_instance] received at 2023-07-15 21:41:33.710513221 UTC - from mc-10->source-7 "928" 21:41:33.647231332
[2023-07-15T21:41:36Z INFO  dt_instance] received at 2023-07-15 21:41:36.175142774 UTC - from mc-10->source-3 "943" 21:41:36.155850390
[2023-07-15T21:41:38Z INFO  dt_instance] received at 2023-07-15 21:41:38.763085488 UTC - from mc-10->source-7 "938" 21:41:38.661452427
[2023-07-15T21:41:41Z INFO  dt_instance] received at 2023-07-15 21:41:41.188993817 UTC - from mc-10->source-3 "953" 21:41:41.167601676
[2023-07-15T21:41:43Z INFO  dt_instance] received at 2023-07-15 21:41:43.897177649 UTC - from mc-10->source-6 "951" 21:41:43.888905430
[2023-07-15T21:41:46Z INFO  dt_instance] received at 2023-07-15 21:41:46.239131725 UTC - from mc-10->source-7 "953" 21:41:46.179764885
[2023-07-15T21:41:48Z INFO  dt_instance] received at 2023-07-15 21:41:48.750992890 UTC - from mc-10->source-7 "958" 21:41:48.685638155
[2023-07-15T21:41:51Z INFO  dt_instance] received at 2023-07-15 21:41:51.219490390 UTC - from mc-10->source-7 "963" 21:41:51.192854195
[2023-07-15T21:41:53Z INFO  dt_instance] received at 2023-07-15 21:41:53.765687813 UTC - from mc-10->source-7 "968" 21:41:53.705825683
[2023-07-15T21:41:56Z INFO  dt_instance] received at 2023-07-15 21:41:56.431083428 UTC - from mc-10->source-6 "976" 21:41:56.417770101
[2023-07-15T21:41:58Z INFO  dt_instance] received at 2023-07-15 21:41:58.742931341 UTC - from mc-10->source-7 "978" 21:41:58.717534287
[2023-07-15T21:42:01Z INFO  dt_instance] received at 2023-07-15 21:42:01.433930010 UTC - from mc-10->source-6 "986" 21:42:01.430342661
[2023-07-15T21:42:04Z INFO  dt_instance] received at 2023-07-15 21:42:04.737136279 UTC - from mc-10->source-9 "985" 21:42:04.723346390
[2023-07-15T21:42:11Z INFO  dt_instance] received at 2023-07-15 21:42:11.742185109 UTC - from mc-10->source-9 "999" 21:42:11.740044528
