[2023-07-15T21:24:31Z INFO  dt_instance] Current Twin: mc-twin-13
[2023-07-15T21:24:31Z INFO  dt_instance] Replica Name twin-mc-stateful-13
[2023-07-15T21:24:31Z INFO  dt_instance] Sleeping for 650
[2023-07-15T21:35:21Z INFO  dt_instance] Connecting to broker at emqx.dtwins:1883
[2023-07-15T21:35:21Z INFO  dt_instance] Loggin info each 50 messages
[2023-07-15T21:35:21Z INFO  dt_instance] Set max packet size to 60000 KB.
[2023-07-15T21:35:21Z INFO  dt_instance] Refreshing topics for twin - Listen to mc-13/#
[2023-07-15T21:35:21Z INFO  dt_instance] SubAck { pkid: 1, return_codes: [Success(ExactlyOnce)] }
[2023-07-15T21:36:31Z INFO  dt_instance] received at 2023-07-15 21:36:31.458317587 UTC - from mc-13->source-0 "14" 21:36:31.456475800
[2023-07-15T21:36:34Z INFO  dt_instance] received at 2023-07-15 21:36:34.716063747 UTC - from mc-13->source-1 "18" 21:36:34.707436571
[2023-07-15T21:36:37Z INFO  dt_instance] received at 2023-07-15 21:36:37.446618458 UTC - from mc-13->source-8 "6" 21:36:37.445926188
[2023-07-15T21:36:39Z INFO  dt_instance] received at 2023-07-15 21:36:39.934261105 UTC - from mc-13->source-5 "18" 21:36:39.710649240
[2023-07-15T21:36:42Z INFO  dt_instance] received at 2023-07-15 21:36:42.228948721 UTC - from mc-13->source-5 "23" 21:36:42.214839652
[2023-07-15T21:36:44Z INFO  dt_instance] received at 2023-07-15 21:36:44.742923751 UTC - from mc-13->source-5 "28" 21:36:44.724840298
[2023-07-15T21:36:47Z INFO  dt_instance] received at 2023-07-15 21:36:47.247607651 UTC - from mc-13->source-5 "33" 21:36:47.230203509
[2023-07-15T21:36:49Z INFO  dt_instance] received at 2023-07-15 21:36:49.974550313 UTC - from mc-13->source-8 "31" 21:36:49.972370731
[2023-07-15T21:36:52Z INFO  dt_instance] received at 2023-07-15 21:36:52.270534754 UTC - from mc-13->source-5 "43" 21:36:52.240264788
[2023-07-15T21:36:54Z INFO  dt_instance] received at 2023-07-15 21:36:54.766357219 UTC - from mc-13->source-5 "48" 21:36:54.745385678
[2023-07-15T21:36:57Z INFO  dt_instance] received at 2023-07-15 21:36:57.506918303 UTC - from mc-13->source-8 "46" 21:36:57.489736553
[2023-07-15T21:37:00Z INFO  dt_instance] received at 2023-07-15 21:37:00.014497211 UTC - from mc-13->source-4 "61" 21:37:00.003144715
[2023-07-15T21:37:02Z INFO  dt_instance] received at 2023-07-15 21:37:02.452062928 UTC - from mc-13->source-5 "63" 21:37:02.261619576
[2023-07-15T21:37:05Z INFO  dt_instance] received at 2023-07-15 21:37:05.040353034 UTC - from mc-13->source-0 "81" 21:37:05.038546873
[2023-07-15T21:37:07Z INFO  dt_instance] received at 2023-07-15 21:37:07.558390645 UTC - from mc-13->source-0 "86" 21:37:07.544636329
[2023-07-15T21:37:10Z INFO  dt_instance] received at 2023-07-15 21:37:10.036386307 UTC - from mc-13->source-8 "71" 21:37:10.021628596
[2023-07-15T21:37:12Z INFO  dt_instance] received at 2023-07-15 21:37:12.539367196 UTC - from mc-13->source-8 "76" 21:37:12.526643871
[2023-07-15T21:37:15Z INFO  dt_instance] received at 2023-07-15 21:37:15.039432174 UTC - from mc-13->source-8 "81" 21:37:15.031437476
[2023-07-15T21:37:17Z INFO  dt_instance] received at 2023-07-15 21:37:17.797531577 UTC - from mc-13->source-9 "84" 21:37:17.786814531
[2023-07-15T21:37:20Z INFO  dt_instance] received at 2023-07-15 21:37:20.167549118 UTC - from mc-13->source-5 "97" 21:37:19.301558016
[2023-07-15T21:37:22Z INFO  dt_instance] received at 2023-07-15 21:37:22.593399183 UTC - from mc-13->source-0 "116" 21:37:22.580779199
[2023-07-15T21:37:25Z INFO  dt_instance] received at 2023-07-15 21:37:25.061367576 UTC - from mc-13->source-8 "101" 21:37:25.060321182
[2023-07-15T21:37:27Z INFO  dt_instance] received at 2023-07-15 21:37:27.829501939 UTC - from mc-13->source-3 "119" 21:37:27.823405139
[2023-07-15T21:37:30Z INFO  dt_instance] received at 2023-07-15 21:37:30.603495026 UTC - from mc-13->source-5 "115" 21:37:28.320124003
[2023-07-15T21:37:33Z INFO  dt_instance] received at 2023-07-15 21:37:33.103529721 UTC - from mc-13->source-0 "137" 21:37:33.101945438
[2023-07-15T21:37:35Z INFO  dt_instance] received at 2023-07-15 21:37:35.349682257 UTC - from mc-13->source-3 "134" 21:37:35.339745957
[2023-07-15T21:37:37Z INFO  dt_instance] received at 2023-07-15 21:37:37.400247310 UTC - from mc-13->source-5 "133" 21:37:37.342143712
[2023-07-15T21:37:39Z INFO  dt_instance] received at 2023-07-15 21:37:39.882648493 UTC - from mc-13->source-5 "138" 21:37:39.849635338
[2023-07-15T21:37:42Z INFO  dt_instance] received at 2023-07-15 21:37:42.381291 UTC - from mc-13->source-5 "143" 21:37:42.355305307
[2023-07-15T21:37:44Z INFO  dt_instance] received at 2023-07-15 21:37:44.888397569 UTC - from mc-13->source-5 "148" 21:37:44.862191318
[2023-07-15T21:37:47Z INFO  dt_instance] received at 2023-07-15 21:37:47.403056180 UTC - from mc-13->source-5 "153" 21:37:47.368409050
[2023-07-15T21:37:49Z INFO  dt_instance] received at 2023-07-15 21:37:49.935977481 UTC - from mc-13->source-5 "158" 21:37:49.873793528
[2023-07-15T21:37:52Z INFO  dt_instance] received at 2023-07-15 21:37:52.645923563 UTC - from mc-13->source-8 "156" 21:37:52.624018482
[2023-07-15T21:37:54Z INFO  dt_instance] received at 2023-07-15 21:37:54.969388112 UTC - from mc-13->source-5 "168" 21:37:54.886275557
[2023-07-15T21:37:57Z INFO  dt_instance] received at 2023-07-15 21:37:57.411843193 UTC - from mc-13->source-5 "173" 21:37:57.391214667
[2023-07-15T21:37:59Z INFO  dt_instance] received at 2023-07-15 21:37:59.985531346 UTC - from mc-13->source-5 "178" 21:37:59.907869691
[2023-07-15T21:38:02Z INFO  dt_instance] received at 2023-07-15 21:38:02.621000072 UTC - from mc-13->source-5 "183" 21:38:02.415508561
[2023-07-15T21:38:05Z INFO  dt_instance] received at 2023-07-15 21:38:05.362333678 UTC - from mc-13->source-5 "187" 21:38:04.422054225
[2023-07-15T21:38:07Z INFO  dt_instance] received at 2023-07-15 21:38:07.942882126 UTC - from mc-13->source-7 "189" 21:38:07.928922360
[2023-07-15T21:38:10Z INFO  dt_instance] received at 2023-07-15 21:38:10.440239936 UTC - from mc-13->source-1 "209" 21:38:10.437286569
[2023-07-15T21:38:12Z INFO  dt_instance] received at 2023-07-15 21:38:12.956578821 UTC - from mc-13->source-3 "209" 21:38:12.944598414
[2023-07-15T21:38:15Z INFO  dt_instance] received at 2023-07-15 21:38:15.215124111 UTC - from mc-13->source-0 "221" 21:38:15.214026366
[2023-07-15T21:38:17Z INFO  dt_instance] received at 2023-07-15 21:38:17.974111722 UTC - from mc-13->source-1 "224" 21:38:17.954865226
[2023-07-15T21:38:20Z INFO  dt_instance] received at 2023-07-15 21:38:20.290233721 UTC - from mc-13->source-5 "217" 21:38:19.458110766
[2023-07-15T21:38:22Z INFO  dt_instance] received at 2023-07-15 21:38:22.514675285 UTC - from mc-13->source-5 "223" 21:38:22.465939057
[2023-07-15T21:38:25Z INFO  dt_instance] received at 2023-07-15 21:38:25.133824206 UTC - from mc-13->source-5 "228" 21:38:24.974564366
[2023-07-15T21:38:27Z INFO  dt_instance] received at 2023-07-15 21:38:27.712483542 UTC - from mc-13->source-8 "226" 21:38:27.711428256
[2023-07-15T21:38:30Z INFO  dt_instance] received at 2023-07-15 21:38:30.370918660 UTC - from mc-13->source-5 "237" 21:38:29.484461542
[2023-07-15T21:38:32Z INFO  dt_instance] received at 2023-07-15 21:38:32.855551593 UTC - from mc-13->source-5 "242" 21:38:31.989310820
[2023-07-15T21:38:35Z INFO  dt_instance] received at 2023-07-15 21:38:35.379370283 UTC - from mc-13->source-5 "247" 21:38:34.494848330
[2023-07-15T21:38:38Z INFO  dt_instance] received at 2023-07-15 21:38:38.075873835 UTC - from mc-13->source-2 "258" 21:38:36.258872077
[2023-07-15T21:38:40Z INFO  dt_instance] received at 2023-07-15 21:38:40.531270612 UTC - from mc-13->source-1 "269" 21:38:40.514276162
[2023-07-15T21:38:43Z INFO  dt_instance] received at 2023-07-15 21:38:43.024992185 UTC - from mc-13->source-3 "269" 21:38:43.016560303
[2023-07-15T21:38:45Z INFO  dt_instance] received at 2023-07-15 21:38:45.266274886 UTC - from mc-13->source-8 "261" 21:38:45.250356929
[2023-07-15T21:38:47Z INFO  dt_instance] received at 2023-07-15 21:38:47.599661995 UTC - from mc-13->source-5 "273" 21:38:47.524848820
[2023-07-15T21:38:50Z INFO  dt_instance] received at 2023-07-15 21:38:50.264256910 UTC - from mc-13->source-8 "271" 21:38:50.262699232
[2023-07-15T21:38:52Z INFO  dt_instance] received at 2023-07-15 21:38:52.811394505 UTC - from mc-13->source-0 "296" 21:38:52.800018863
[2023-07-15T21:38:55Z INFO  dt_instance] received at 2023-07-15 21:38:55.296524310 UTC - from mc-13->source-4 "291" 21:38:55.281773280
[2023-07-15T21:38:57Z INFO  dt_instance] received at 2023-07-15 21:38:57.967843480 UTC - from mc-13->source-5 "292" 21:38:57.049832736
[2023-07-15T21:39:00Z INFO  dt_instance] received at 2023-07-15 21:39:00.575732229 UTC - from mc-13->source-1 "309" 21:39:00.562108887
[2023-07-15T21:39:02Z INFO  dt_instance] received at 2023-07-15 21:39:02.904257944 UTC - from mc-13->source-5 "302" 21:39:02.064189368
[2023-07-15T21:39:05Z INFO  dt_instance] received at 2023-07-15 21:39:05.591145370 UTC - from mc-13->source-3 "314" 21:39:05.573756922
[2023-07-15T21:39:08Z INFO  dt_instance] received at 2023-07-15 21:39:08.324539192 UTC - from mc-13->source-4 "317" 21:39:08.312163761
[2023-07-15T21:39:11Z INFO  dt_instance] received at 2023-07-15 21:39:11.090431990 UTC - from mc-13->source-3 "325" 21:39:11.086798482
[2023-07-15T21:39:13Z INFO  dt_instance] received at 2023-07-15 21:39:13.617794705 UTC - from mc-13->source-6 "316" 21:39:10.326465643
[2023-07-15T21:39:16Z INFO  dt_instance] received at 2023-07-15 21:39:16.105938212 UTC - from mc-13->source-7 "325" 21:39:16.092298009
[2023-07-15T21:39:18Z INFO  dt_instance] received at 2023-07-15 21:39:18.625619849 UTC - from mc-13->source-3 "340" 21:39:18.616091550
[2023-07-15T21:39:21Z INFO  dt_instance] received at 2023-07-15 21:39:21.125770247 UTC - from mc-13->source-1 "350" 21:39:21.123657529
[2023-07-15T21:39:23Z INFO  dt_instance] received at 2023-07-15 21:39:23.646035298 UTC - from mc-13->source-6 "336" 21:39:20.347426332
[2023-07-15T21:39:26Z INFO  dt_instance] received at 2023-07-15 21:39:26.147320065 UTC - from mc-13->source-3 "355" 21:39:26.132375502
[2023-07-15T21:39:28Z INFO  dt_instance] received at 2023-07-15 21:39:28.879407469 UTC - from mc-13->source-8 "348" 21:39:28.863076072
[2023-07-15T21:39:31Z INFO  dt_instance] received at 2023-07-15 21:39:31.371247312 UTC - from mc-13->source-4 "363" 21:39:31.369550123
[2023-07-15T21:39:34Z INFO  dt_instance] received at 2023-07-15 21:39:34.036594892 UTC - from mc-13->source-6 "355" 21:39:29.871100305
[2023-07-15T21:39:36Z INFO  dt_instance] received at 2023-07-15 21:39:36.383063959 UTC - from mc-13->source-4 "373" 21:39:36.380400540
[2023-07-15T21:39:39Z INFO  dt_instance] received at 2023-07-15 21:39:39.164254682 UTC - from mc-13->source-7 "371" 21:39:39.148512657
[2023-07-15T21:39:41Z INFO  dt_instance] received at 2023-07-15 21:39:41.408855326 UTC - from mc-13->source-8 "373" 21:39:41.392818933
[2023-07-15T21:39:44Z INFO  dt_instance] received at 2023-07-15 21:39:44.170945623 UTC - from mc-13->source-7 "381" 21:39:44.168300840
[2023-07-15T21:39:46Z INFO  dt_instance] received at 2023-07-15 21:39:46.690252739 UTC - from mc-13->source-9 "381" 21:39:46.677667602
[2023-07-15T21:39:49Z INFO  dt_instance] received at 2023-07-15 21:39:49.417709203 UTC - from mc-13->source-3 "401" 21:39:49.192325126
[2023-07-15T21:39:52Z INFO  dt_instance] received at 2023-07-15 21:39:52.182715697 UTC - from mc-13->source-5 "390" 21:39:46.184853731
[2023-07-15T21:39:54Z INFO  dt_instance] received at 2023-07-15 21:39:54.714776843 UTC - from mc-13->source-1 "417" 21:39:54.705285141
[2023-07-15T21:39:57Z INFO  dt_instance] received at 2023-07-15 21:39:57.218250974 UTC - from mc-13->source-9 "402" 21:39:57.202364294
[2023-07-15T21:39:59Z INFO  dt_instance] received at 2023-07-15 21:39:59.736588808 UTC - from mc-13->source-1 "427" 21:39:59.719717315
[2023-07-15T21:40:02Z INFO  dt_instance] received at 2023-07-15 21:40:02.232676170 UTC - from mc-13->source-3 "427" 21:40:02.224348064
[2023-07-15T21:40:04Z INFO  dt_instance] received at 2023-07-15 21:40:04.735714231 UTC - from mc-13->source-1 "437" 21:40:04.734297842
[2023-07-15T21:40:07Z INFO  dt_instance] received at 2023-07-15 21:40:07.255028326 UTC - from mc-13->source-3 "437" 21:40:07.242809828
[2023-07-15T21:40:09Z INFO  dt_instance] received at 2023-07-15 21:40:09.985330340 UTC - from mc-13->source-4 "440" 21:40:09.966917882
[2023-07-15T21:40:12Z INFO  dt_instance] received at 2023-07-15 21:40:12.501438512 UTC - from mc-13->source-0 "455" 21:40:12.483532533
[2023-07-15T21:40:14Z INFO  dt_instance] received at 2023-07-15 21:40:14.980491976 UTC - from mc-13->source-4 "450" 21:40:14.978367921
[2023-07-15T21:40:17Z INFO  dt_instance] received at 2023-07-15 21:40:17.270060347 UTC - from mc-13->source-1 "462" 21:40:17.269056822
[2023-07-15T21:40:20Z INFO  dt_instance] received at 2023-07-15 21:40:20.007524344 UTC - from mc-13->source-9 "447" 21:40:19.774803948
[2023-07-15T21:40:22Z INFO  dt_instance] received at 2023-07-15 21:40:22.514934988 UTC - from mc-13->source-0 "475" 21:40:22.506054760
[2023-07-15T21:40:25Z INFO  dt_instance] received at 2023-07-15 21:40:25.287401137 UTC - from mc-13->source-1 "478" 21:40:25.286492203
[2023-07-15T21:40:27Z INFO  dt_instance] received at 2023-07-15 21:40:27.522884605 UTC - from mc-13->source-0 "485" 21:40:27.520680281
[2023-07-15T21:40:30Z INFO  dt_instance] received at 2023-07-15 21:40:30.304136532 UTC - from mc-13->source-1 "488" 21:40:30.297145653
[2023-07-15T21:40:33Z INFO  dt_instance] received at 2023-07-15 21:40:33.004848828 UTC - from mc-13->source-6 "464" 21:40:24.500444611
[2023-07-15T21:40:35Z INFO  dt_instance] received at 2023-07-15 21:40:35.311204710 UTC - from mc-13->source-9 "478" 21:40:35.309703594
[2023-07-15T21:40:37Z INFO  dt_instance] received at 2023-07-15 21:40:37.955484844 UTC - from mc-13->source-6 "474" 21:40:29.512830952
[2023-07-15T21:40:40Z INFO  dt_instance] received at 2023-07-15 21:40:40.657651747 UTC - from mc-13->source-6 "478" 21:40:31.517949805
[2023-07-15T21:40:43Z INFO  dt_instance] received at 2023-07-15 21:40:43.350809168 UTC - from mc-13->source-9 "494" 21:40:43.336301223
[2023-07-15T21:40:46Z INFO  dt_instance] received at 2023-07-15 21:40:46.058641250 UTC - from mc-13->source-4 "512" 21:40:46.049440833
[2023-07-15T21:40:48Z INFO  dt_instance] received at 2023-07-15 21:40:48.869973351 UTC - from mc-13->source-7 "510" 21:40:48.851253704
[2023-07-15T21:40:51Z INFO  dt_instance] received at 2023-07-15 21:40:51.372937104 UTC - from mc-13->source-7 "515" 21:40:51.356872332
[2023-07-15T21:40:53Z INFO  dt_instance] received at 2023-07-15 21:40:53.878339397 UTC - from mc-13->source-7 "520" 21:40:53.863562817
[2023-07-15T21:40:56Z INFO  dt_instance] received at 2023-07-15 21:40:56.563733497 UTC - from mc-13->source-2 "514" 21:40:44.557701348
[2023-07-15T21:40:59Z INFO  dt_instance] received at 2023-07-15 21:40:59.125456451 UTC - from mc-13->source-0 "548" 21:40:59.117966823
[2023-07-15T21:41:01Z INFO  dt_instance] received at 2023-07-15 21:41:01.403690337 UTC - from mc-13->source-3 "545" 21:41:01.388778624
[2023-07-15T21:41:03Z INFO  dt_instance] received at 2023-07-15 21:41:03.912200624 UTC - from mc-13->source-3 "550" 21:41:03.894659315
[2023-07-15T21:41:06Z INFO  dt_instance] received at 2023-07-15 21:41:06.420304619 UTC - from mc-13->source-9 "540" 21:41:06.394931809
[2023-07-15T21:41:08Z INFO  dt_instance] received at 2023-07-15 21:41:08.908426653 UTC - from mc-13->source-3 "560" 21:41:08.906003372
[2023-07-15T21:41:11Z INFO  dt_instance] received at 2023-07-15 21:41:11.409710812 UTC - from mc-13->source-9 "550" 21:41:11.407764532
[2023-07-15T21:41:14Z INFO  dt_instance] received at 2023-07-15 21:41:14.123765510 UTC - from mc-13->source-6 "539" 21:41:02.092002700
[2023-07-15T21:41:16Z INFO  dt_instance] received at 2023-07-15 21:41:16.919694945 UTC - from mc-13->source-2 "553" 21:41:04.098814140
[2023-07-15T21:41:19Z INFO  dt_instance] received at 2023-07-15 21:41:19.232463145 UTC - from mc-13->source-2 "558" 21:41:06.604589601
[2023-07-15T21:41:21Z INFO  dt_instance] received at 2023-07-15 21:41:21.649526809 UTC - from mc-13->source-8 "573" 21:41:21.648586226
[2023-07-15T21:41:24Z INFO  dt_instance] received at 2023-07-15 21:41:24.180119543 UTC - from mc-13->source-0 "598" 21:41:24.177810641
[2023-07-15T21:41:26Z INFO  dt_instance] received at 2023-07-15 21:41:26.501980034 UTC - from mc-13->source-2 "574" 21:41:14.625193271
[2023-07-15T21:41:28Z INFO  dt_instance] received at 2023-07-15 21:41:28.963196527 UTC - from mc-13->source-7 "590" 21:41:28.947667108
[2023-07-15T21:41:31Z INFO  dt_instance] received at 2023-07-15 21:41:31.470875618 UTC - from mc-13->source-1 "610" 21:41:31.453163987
[2023-07-15T21:41:33Z INFO  dt_instance] received at 2023-07-15 21:41:33.962983429 UTC - from mc-13->source-9 "595" 21:41:33.961108113
[2023-07-15T21:41:36Z INFO  dt_instance] received at 2023-07-15 21:41:36.476338298 UTC - from mc-13->source-1 "620" 21:41:36.468413962
[2023-07-15T21:41:38Z INFO  dt_instance] received at 2023-07-15 21:41:38.983622847 UTC - from mc-13->source-7 "610" 21:41:38.970193861
[2023-07-15T21:41:41Z INFO  dt_instance] received at 2023-07-15 21:41:41.495429418 UTC - from mc-13->source-1 "630" 21:41:41.481747931
[2023-07-15T21:41:44Z INFO  dt_instance] received at 2023-07-15 21:41:44.223074571 UTC - from mc-13->source-8 "618" 21:41:44.210853686
[2023-07-15T21:41:46Z INFO  dt_instance] received at 2023-07-15 21:41:46.694389783 UTC - from mc-13->source-4 "633" 21:41:46.691268608
[2023-07-15T21:41:49Z INFO  dt_instance] received at 2023-07-15 21:41:49.008481334 UTC - from mc-13->source-3 "640" 21:41:49.006098561
[2023-07-15T21:41:51Z INFO  dt_instance] received at 2023-07-15 21:41:51.712021140 UTC - from mc-13->source-2 "624" 21:41:39.679095274
[2023-07-15T21:41:54Z INFO  dt_instance] received at 2023-07-15 21:41:54.233433942 UTC - from mc-13->source-8 "638" 21:41:54.232390036
[2023-07-15T21:41:57Z INFO  dt_instance] received at 2023-07-15 21:41:57.036189427 UTC - from mc-13->source-1 "661" 21:41:57.032571545
[2023-07-15T21:41:59Z INFO  dt_instance] received at 2023-07-15 21:41:59.722348419 UTC - from mc-13->source-4 "659" 21:41:59.721118402
[2023-07-15T21:42:02Z INFO  dt_instance] received at 2023-07-15 21:42:02.393981932 UTC - from mc-13->source-2 "641" 21:41:48.210801736
[2023-07-15T21:42:04Z INFO  dt_instance] received at 2023-07-15 21:42:04.974360291 UTC - from mc-13->source-6 "636" 21:41:50.714030562
[2023-07-15T21:42:07Z INFO  dt_instance] received at 2023-07-15 21:42:07.277449445 UTC - from mc-13->source-8 "664" 21:42:07.262184800
[2023-07-15T21:42:09Z INFO  dt_instance] received at 2023-07-15 21:42:09.769502075 UTC - from mc-13->source-8 "669" 21:42:09.768142637
[2023-07-15T21:42:12Z INFO  dt_instance] received at 2023-07-15 21:42:12.277918860 UTC - from mc-13->source-8 "674" 21:42:12.274062871
[2023-07-15T21:42:14Z INFO  dt_instance] received at 2023-07-15 21:42:14.666709845 UTC - from mc-13->source-6 "657" 21:42:01.237444620
[2023-07-15T21:42:17Z INFO  dt_instance] received at 2023-07-15 21:42:17.089093730 UTC - from mc-13->source-3 "696" 21:42:17.084834791
[2023-07-15T21:42:19Z INFO  dt_instance] received at 2023-07-15 21:42:19.593080056 UTC - from mc-13->source-9 "686" 21:42:19.590923119
[2023-07-15T21:42:22Z INFO  dt_instance] received at 2023-07-15 21:42:22.102608794 UTC - from mc-13->source-3 "706" 21:42:22.097945721
[2023-07-15T21:42:24Z INFO  dt_instance] received at 2023-07-15 21:42:24.781930992 UTC - from mc-13->source-4 "709" 21:42:24.780283302
[2023-07-15T21:42:27Z INFO  dt_instance] received at 2023-07-15 21:42:27.626259194 UTC - from mc-13->source-1 "722" 21:42:27.610168544
[2023-07-15T21:42:30Z INFO  dt_instance] received at 2023-07-15 21:42:30.125430382 UTC - from mc-13->source-7 "712" 21:42:30.117835706
[2023-07-15T21:42:32Z INFO  dt_instance] received at 2023-07-15 21:42:32.204175854 UTC - from mc-13->source-6 "692" 21:42:18.778106771
[2023-07-15T21:42:34Z INFO  dt_instance] received at 2023-07-15 21:42:34.128525059 UTC - from mc-13->source-7 "720" 21:42:34.126861658
[2023-07-15T21:42:36Z INFO  dt_instance] received at 2023-07-15 21:42:36.133230588 UTC - from mc-13->source-3 "734" 21:42:36.129483974
[2023-07-15T21:42:38Z INFO  dt_instance] received at 2023-07-15 21:42:38.161788400 UTC - from mc-13->source-6 "714" 21:42:29.802798143
[2023-07-15T21:42:40Z INFO  dt_instance] received at 2023-07-15 21:42:40.359920706 UTC - from mc-13->source-0 "750" 21:42:40.355783553
[2023-07-15T21:42:42Z INFO  dt_instance] received at 2023-07-15 21:42:42.653126606 UTC - from mc-13->source-7 "737" 21:42:42.650528640
[2023-07-15T21:42:44Z INFO  dt_instance] received at 2023-07-15 21:42:44.669923660 UTC - from mc-13->source-1 "756" 21:42:44.657273738
[2023-07-15T21:42:47Z INFO  dt_instance] received at 2023-07-15 21:42:47.161170123 UTC - from mc-13->source-9 "741" 21:42:47.156965613
[2023-07-15T21:42:49Z INFO  dt_instance] received at 2023-07-15 21:42:49.664068279 UTC - from mc-13->source-9 "746" 21:42:49.663016897
[2023-07-15T21:42:51Z INFO  dt_instance] received at 2023-07-15 21:42:51.884886963 UTC - from mc-13->source-8 "753" 21:42:51.870799562
[2023-07-15T21:42:53Z INFO  dt_instance] received at 2023-07-15 21:42:53.803702455 UTC - from mc-13->source-6 "758" 21:42:51.867394642
[2023-07-15T21:42:55Z INFO  dt_instance] received at 2023-07-15 21:42:55.838993352 UTC - from mc-13->source-5 "768" 21:42:55.698054892
[2023-07-15T21:42:58Z INFO  dt_instance] received at 2023-07-15 21:42:58.250975982 UTC - from mc-13->source-5 "773" 21:42:58.207000125
[2023-07-15T21:43:00Z INFO  dt_instance] received at 2023-07-15 21:43:00.731455623 UTC - from mc-13->source-5 "778" 21:43:00.718625998
[2023-07-15T21:43:03Z INFO  dt_instance] received at 2023-07-15 21:43:03.255390868 UTC - from mc-13->source-5 "783" 21:43:03.223110629
[2023-07-15T21:43:05Z INFO  dt_instance] received at 2023-07-15 21:43:05.769415267 UTC - from mc-13->source-5 "788" 21:43:05.729282010
[2023-07-15T21:43:08Z INFO  dt_instance] received at 2023-07-15 21:43:08.254945261 UTC - from mc-13->source-5 "793" 21:43:08.235994877
[2023-07-15T21:43:10Z INFO  dt_instance] received at 2023-07-15 21:43:10.751360539 UTC - from mc-13->source-5 "798" 21:43:10.740966704
[2023-07-15T21:43:13Z INFO  dt_instance] received at 2023-07-15 21:43:13.279052970 UTC - from mc-13->source-5 "803" 21:43:13.249788255
[2023-07-15T21:43:15Z INFO  dt_instance] received at 2023-07-15 21:43:15.833964774 UTC - from mc-13->source-5 "808" 21:43:15.758528098
[2023-07-15T21:43:18Z INFO  dt_instance] received at 2023-07-15 21:43:18.310356662 UTC - from mc-13->source-5 "813" 21:43:18.264732490
[2023-07-15T21:43:20Z INFO  dt_instance] received at 2023-07-15 21:43:20.827895873 UTC - from mc-13->source-5 "818" 21:43:20.772418652
[2023-07-15T21:43:23Z INFO  dt_instance] received at 2023-07-15 21:43:23.308805202 UTC - from mc-13->source-5 "823" 21:43:23.278944489
[2023-07-15T21:43:25Z INFO  dt_instance] received at 2023-07-15 21:43:25.793759434 UTC - from mc-13->source-5 "828" 21:43:25.784606505
[2023-07-15T21:43:28Z INFO  dt_instance] received at 2023-07-15 21:43:28.334683699 UTC - from mc-13->source-5 "833" 21:43:28.289381611
[2023-07-15T21:43:30Z INFO  dt_instance] received at 2023-07-15 21:43:30.862252943 UTC - from mc-13->source-5 "838" 21:43:30.802131224
[2023-07-15T21:43:33Z INFO  dt_instance] received at 2023-07-15 21:43:33.362037349 UTC - from mc-13->source-5 "843" 21:43:33.307381038
[2023-07-15T21:43:35Z INFO  dt_instance] received at 2023-07-15 21:43:35.831455080 UTC - from mc-13->source-5 "848" 21:43:35.814313882
[2023-07-15T21:43:38Z INFO  dt_instance] received at 2023-07-15 21:43:38.364051109 UTC - from mc-13->source-5 "853" 21:43:38.320094608
[2023-07-15T21:43:40Z INFO  dt_instance] received at 2023-07-15 21:43:40.839687393 UTC - from mc-13->source-9 "848" 21:43:40.829670849
[2023-07-15T21:43:43Z INFO  dt_instance] received at 2023-07-15 21:43:43.344773440 UTC - from mc-13->source-5 "863" 21:43:43.331179033
[2023-07-15T21:43:45Z INFO  dt_instance] received at 2023-07-15 21:43:45.848277263 UTC - from mc-13->source-5 "868" 21:43:45.838997152
[2023-07-15T21:43:48Z INFO  dt_instance] received at 2023-07-15 21:43:48.413347858 UTC - from mc-13->source-5 "873" 21:43:48.346798738
[2023-07-15T21:43:50Z INFO  dt_instance] received at 2023-07-15 21:43:50.882616153 UTC - from mc-13->source-5 "878" 21:43:50.853847642
[2023-07-15T21:43:53Z INFO  dt_instance] received at 2023-07-15 21:43:53.408492889 UTC - from mc-13->source-5 "883" 21:43:53.359252899
[2023-07-15T21:43:55Z INFO  dt_instance] received at 2023-07-15 21:43:55.886416144 UTC - from mc-13->source-5 "888" 21:43:55.864600325
[2023-07-15T21:43:58Z INFO  dt_instance] received at 2023-07-15 21:43:58.412727041 UTC - from mc-13->source-5 "893" 21:43:58.368794121
[2023-07-15T21:44:00Z INFO  dt_instance] received at 2023-07-15 21:44:00.896942416 UTC - from mc-13->source-5 "898" 21:44:00.873881334
[2023-07-15T21:44:03Z INFO  dt_instance] received at 2023-07-15 21:44:03.394682108 UTC - from mc-13->source-5 "903" 21:44:03.379790833
[2023-07-15T21:44:05Z INFO  dt_instance] received at 2023-07-15 21:44:05.956183733 UTC - from mc-13->source-5 "908" 21:44:05.885704706
[2023-07-15T21:44:08Z INFO  dt_instance] received at 2023-07-15 21:44:08.446559310 UTC - from mc-13->source-5 "913" 21:44:08.392214740
[2023-07-15T21:44:10Z INFO  dt_instance] received at 2023-07-15 21:44:10.932563277 UTC - from mc-13->source-5 "918" 21:44:10.897457853
[2023-07-15T21:44:13Z INFO  dt_instance] received at 2023-07-15 21:44:13.423938137 UTC - from mc-13->source-5 "923" 21:44:13.402949307
[2023-07-15T21:44:15Z INFO  dt_instance] received at 2023-07-15 21:44:15.929350122 UTC - from mc-13->source-5 "928" 21:44:15.911046091
[2023-07-15T21:44:18Z INFO  dt_instance] received at 2023-07-15 21:44:18.427796992 UTC - from mc-13->source-5 "933" 21:44:18.416863785
[2023-07-15T21:44:20Z INFO  dt_instance] received at 2023-07-15 21:44:20.984961616 UTC - from mc-13->source-5 "938" 21:44:20.923254453
[2023-07-15T21:44:23Z INFO  dt_instance] received at 2023-07-15 21:44:23.484459120 UTC - from mc-13->source-5 "943" 21:44:23.429710157
[2023-07-15T21:44:25Z INFO  dt_instance] received at 2023-07-15 21:44:25.953827035 UTC - from mc-13->source-5 "948" 21:44:25.935289711
[2023-07-15T21:44:28Z INFO  dt_instance] received at 2023-07-15 21:44:28.457758658 UTC - from mc-13->source-5 "953" 21:44:28.440830548
[2023-07-15T21:44:31Z INFO  dt_instance] received at 2023-07-15 21:44:31.013521073 UTC - from mc-13->source-5 "958" 21:44:30.947303599
[2023-07-15T21:44:33Z INFO  dt_instance] received at 2023-07-15 21:44:33.504852011 UTC - from mc-13->source-5 "963" 21:44:33.452407887
[2023-07-15T21:44:35Z INFO  dt_instance] received at 2023-07-15 21:44:35.982540899 UTC - from mc-13->source-5 "968" 21:44:35.958598332
[2023-07-15T21:44:38Z INFO  dt_instance] received at 2023-07-15 21:44:38.534036431 UTC - from mc-13->source-5 "973" 21:44:38.463217414
[2023-07-15T21:44:40Z INFO  dt_instance] received at 2023-07-15 21:44:40.990552449 UTC - from mc-13->source-5 "978" 21:44:40.969188679
[2023-07-15T21:44:43Z INFO  dt_instance] received at 2023-07-15 21:44:43.521196933 UTC - from mc-13->source-5 "983" 21:44:43.475484061
[2023-07-15T21:44:46Z INFO  dt_instance] received at 2023-07-15 21:44:46.121268122 UTC - from mc-13->source-4 "991" 21:44:46.120181307
[2023-07-15T21:44:49Z INFO  dt_instance] received at 2023-07-15 21:44:49.494906537 UTC - from mc-13->source-5 "995" 21:44:49.489638617
[2023-07-15T21:44:56Z INFO  dt_instance] received at 2023-07-15 21:44:56.519884301 UTC - from mc-13->source-9 "999" 21:44:56.511886588
