[2023-07-15T21:25:17Z INFO  dt_instance] Current Twin: mc-twin-22
[2023-07-15T21:25:17Z INFO  dt_instance] Replica Name twin-mc-stateful-22
[2023-07-15T21:25:17Z INFO  dt_instance] Sleeping for 1100
[2023-07-15T21:43:37Z INFO  dt_instance] Connecting to broker at emqx.dtwins:1883
[2023-07-15T21:43:37Z INFO  dt_instance] Loggin info each 50 messages
[2023-07-15T21:43:37Z INFO  dt_instance] Set max packet size to 60000 KB.
[2023-07-15T21:43:37Z INFO  dt_instance] Refreshing topics for twin - Listen to mc-22/#
[2023-07-15T21:43:37Z INFO  dt_instance] SubAck { pkid: 1, return_codes: [Success(ExactlyOnce)] }
[2023-07-15T21:44:44Z INFO  dt_instance] received at 2023-07-15 21:44:44.820479550 UTC - from mc-22->source-0 "14" 21:44:44.799864361
[2023-07-15T21:44:48Z INFO  dt_instance] received at 2023-07-15 21:44:48.052223459 UTC - from mc-22->source-3 "13" 21:44:48.050191354
[2023-07-15T21:44:50Z INFO  dt_instance] received at 2023-07-15 21:44:50.561342491 UTC - from mc-22->source-1 "23" 21:44:50.559258184
[2023-07-15T21:44:53Z INFO  dt_instance] received at 2023-07-15 21:44:53.066615715 UTC - from mc-22->source-1 "28" 21:44:53.063988197
[2023-07-15T21:44:55Z INFO  dt_instance] received at 2023-07-15 21:44:55.572120122 UTC - from mc-22->source-1 "33" 21:44:55.569694953
[2023-07-15T21:44:58Z INFO  dt_instance] received at 2023-07-15 21:44:58.078537966 UTC - from mc-22->source-1 "38" 21:44:58.076235266
[2023-07-15T21:45:00Z INFO  dt_instance] received at 2023-07-15 21:45:00.586933724 UTC - from mc-22->source-1 "43" 21:45:00.583264183
[2023-07-15T21:45:03Z INFO  dt_instance] received at 2023-07-15 21:45:03.113077216 UTC - from mc-22->source-3 "43" 21:45:03.087008723
[2023-07-15T21:45:05Z INFO  dt_instance] received at 2023-07-15 21:45:05.595677175 UTC - from mc-22->source-1 "53" 21:45:05.593469391
[2023-07-15T21:45:08Z INFO  dt_instance] received at 2023-07-15 21:45:08.105365445 UTC - from mc-22->source-1 "58" 21:45:08.102356836
[2023-07-15T21:45:10Z INFO  dt_instance] received at 2023-07-15 21:45:10.609395198 UTC - from mc-22->source-1 "63" 21:45:10.607580720
[2023-07-15T21:45:13Z INFO  dt_instance] received at 2023-07-15 21:45:13.121639758 UTC - from mc-22->source-1 "68" 21:45:13.112693431
[2023-07-15T21:45:15Z INFO  dt_instance] received at 2023-07-15 21:45:15.620892186 UTC - from mc-22->source-1 "73" 21:45:15.619683554
[2023-07-15T21:45:18Z INFO  dt_instance] received at 2023-07-15 21:45:18.129875252 UTC - from mc-22->source-1 "78" 21:45:18.126847103
[2023-07-15T21:45:20Z INFO  dt_instance] received at 2023-07-15 21:45:20.634002585 UTC - from mc-22->source-1 "83" 21:45:20.633221311
[2023-07-15T21:45:23Z INFO  dt_instance] received at 2023-07-15 21:45:23.140422115 UTC - from mc-22->source-1 "88" 21:45:23.138049608
[2023-07-15T21:45:25Z INFO  dt_instance] received at 2023-07-15 21:45:25.646154526 UTC - from mc-22->source-1 "93" 21:45:25.644169595
[2023-07-15T21:45:28Z INFO  dt_instance] received at 2023-07-15 21:45:28.161217996 UTC - from mc-22->source-3 "93" 21:45:28.152395898
[2023-07-15T21:45:30Z INFO  dt_instance] received at 2023-07-15 21:45:30.666311146 UTC - from mc-22->source-7 "88" 21:45:30.661015745
[2023-07-15T21:45:33Z INFO  dt_instance] received at 2023-07-15 21:45:33.169318956 UTC - from mc-22->source-5 "98" 21:45:33.167131233
[2023-07-15T21:45:35Z INFO  dt_instance] received at 2023-07-15 21:45:35.680785862 UTC - from mc-22->source-3 "108" 21:45:35.672717718
[2023-07-15T21:45:38Z INFO  dt_instance] received at 2023-07-15 21:45:38.180884413 UTC - from mc-22->source-7 "103" 21:45:38.178985443
[2023-07-15T21:45:40Z INFO  dt_instance] received at 2023-07-15 21:45:40.687875767 UTC - from mc-22->source-5 "113" 21:45:40.685925867
[2023-07-15T21:45:43Z INFO  dt_instance] received at 2023-07-15 21:45:43.195998141 UTC - from mc-22->source-7 "113" 21:45:43.191861473
[2023-07-15T21:45:45Z INFO  dt_instance] received at 2023-07-15 21:45:45.708183385 UTC - from mc-22->source-3 "128" 21:45:45.698161495
[2023-07-15T21:45:48Z INFO  dt_instance] received at 2023-07-15 21:45:48.207657922 UTC - from mc-22->source-5 "128" 21:45:48.205619287
[2023-07-15T21:45:50Z INFO  dt_instance] received at 2023-07-15 21:45:50.712197128 UTC - from mc-22->source-7 "128" 21:45:50.711163276
[2023-07-15T21:45:53Z INFO  dt_instance] received at 2023-07-15 21:45:53.222110387 UTC - from mc-22->source-7 "133" 21:45:53.217647116
[2023-07-15T21:45:55Z INFO  dt_instance] received at 2023-07-15 21:45:55.725957057 UTC - from mc-22->source-7 "138" 21:45:55.724724985
[2023-07-15T21:45:58Z INFO  dt_instance] received at 2023-07-15 21:45:58.232616800 UTC - from mc-22->source-7 "143" 21:45:58.231490076
[2023-07-15T21:46:00Z INFO  dt_instance] received at 2023-07-15 21:46:00.739122781 UTC - from mc-22->source-7 "148" 21:46:00.736859080
[2023-07-15T21:46:03Z INFO  dt_instance] received at 2023-07-15 21:46:03.252875397 UTC - from mc-22->source-3 "163" 21:46:03.250196293
[2023-07-15T21:46:05Z INFO  dt_instance] received at 2023-07-15 21:46:05.758408559 UTC - from mc-22->source-3 "168" 21:46:05.756088849
[2023-07-15T21:46:08Z INFO  dt_instance] received at 2023-07-15 21:46:08.265969885 UTC - from mc-22->source-3 "173" 21:46:08.262649932
[2023-07-15T21:46:10Z INFO  dt_instance] received at 2023-07-15 21:46:10.768593693 UTC - from mc-22->source-3 "178" 21:46:10.767664804
[2023-07-15T21:46:13Z INFO  dt_instance] received at 2023-07-15 21:46:13.274791344 UTC - from mc-22->source-3 "183" 21:46:13.272990360
[2023-07-15T21:46:15Z INFO  dt_instance] received at 2023-07-15 21:46:15.781965097 UTC - from mc-22->source-3 "188" 21:46:15.780692606
[2023-07-15T21:46:18Z INFO  dt_instance] received at 2023-07-15 21:46:18.287924652 UTC - from mc-22->source-3 "193" 21:46:18.286103221
[2023-07-15T21:46:20Z INFO  dt_instance] received at 2023-07-15 21:46:20.793339996 UTC - from mc-22->source-3 "198" 21:46:20.791568828
[2023-07-15T21:46:23Z INFO  dt_instance] received at 2023-07-15 21:46:23.318366790 UTC - from mc-22->source-3 "203" 21:46:23.313920183
[2023-07-15T21:46:25Z INFO  dt_instance] received at 2023-07-15 21:46:25.822397181 UTC - from mc-22->source-3 "208" 21:46:25.821167916
[2023-07-15T21:46:28Z INFO  dt_instance] received at 2023-07-15 21:46:28.329058726 UTC - from mc-22->source-3 "213" 21:46:28.326886600
[2023-07-15T21:46:30Z INFO  dt_instance] received at 2023-07-15 21:46:30.833769490 UTC - from mc-22->source-3 "218" 21:46:30.831798112
[2023-07-15T21:46:33Z INFO  dt_instance] received at 2023-07-15 21:46:33.341178830 UTC - from mc-22->source-3 "223" 21:46:33.336908920
[2023-07-15T21:46:35Z INFO  dt_instance] received at 2023-07-15 21:46:35.845774723 UTC - from mc-22->source-3 "228" 21:46:35.843938347
[2023-07-15T21:46:38Z INFO  dt_instance] received at 2023-07-15 21:46:38.352330766 UTC - from mc-22->source-3 "233" 21:46:38.349777777
[2023-07-15T21:46:40Z INFO  dt_instance] received at 2023-07-15 21:46:40.862836089 UTC - from mc-22->source-3 "238" 21:46:40.856233460
[2023-07-15T21:46:43Z INFO  dt_instance] received at 2023-07-15 21:46:43.363285374 UTC - from mc-22->source-3 "243" 21:46:43.362030389
[2023-07-15T21:46:45Z INFO  dt_instance] received at 2023-07-15 21:46:45.873993743 UTC - from mc-22->source-3 "248" 21:46:45.872488437
[2023-07-15T21:46:48Z INFO  dt_instance] received at 2023-07-15 21:46:48.382414916 UTC - from mc-22->source-3 "253" 21:46:48.377791850
[2023-07-15T21:46:50Z INFO  dt_instance] received at 2023-07-15 21:46:50.886046645 UTC - from mc-22->source-3 "258" 21:46:50.884003244
[2023-07-15T21:46:53Z INFO  dt_instance] received at 2023-07-15 21:46:53.390973773 UTC - from mc-22->source-3 "263" 21:46:53.390130296
[2023-07-15T21:46:55Z INFO  dt_instance] received at 2023-07-15 21:46:55.896038485 UTC - from mc-22->source-3 "268" 21:46:55.895000753
[2023-07-15T21:46:58Z INFO  dt_instance] received at 2023-07-15 21:46:58.403569840 UTC - from mc-22->source-3 "273" 21:46:58.402379808
[2023-07-15T21:47:00Z INFO  dt_instance] received at 2023-07-15 21:47:00.909143965 UTC - from mc-22->source-3 "278" 21:47:00.907948062
[2023-07-15T21:47:03Z INFO  dt_instance] received at 2023-07-15 21:47:03.414252896 UTC - from mc-22->source-3 "283" 21:47:03.413054352
[2023-07-15T21:47:05Z INFO  dt_instance] received at 2023-07-15 21:47:05.919419748 UTC - from mc-22->source-3 "288" 21:47:05.918560115
[2023-07-15T21:47:08Z INFO  dt_instance] received at 2023-07-15 21:47:08.426679664 UTC - from mc-22->source-3 "293" 21:47:08.424853860
[2023-07-15T21:47:10Z INFO  dt_instance] received at 2023-07-15 21:47:10.933949570 UTC - from mc-22->source-3 "298" 21:47:10.932992076
[2023-07-15T21:47:13Z INFO  dt_instance] received at 2023-07-15 21:47:13.440249645 UTC - from mc-22->source-3 "303" 21:47:13.439524609
[2023-07-15T21:47:15Z INFO  dt_instance] received at 2023-07-15 21:47:15.949801665 UTC - from mc-22->source-3 "308" 21:47:15.947947809
[2023-07-15T21:47:18Z INFO  dt_instance] received at 2023-07-15 21:47:18.454722304 UTC - from mc-22->source-3 "313" 21:47:18.453510126
[2023-07-15T21:47:20Z INFO  dt_instance] received at 2023-07-15 21:47:20.969814511 UTC - from mc-22->source-3 "318" 21:47:20.967811269
[2023-07-15T21:47:23Z INFO  dt_instance] received at 2023-07-15 21:47:23.474192737 UTC - from mc-22->source-3 "323" 21:47:23.472973053
[2023-07-15T21:47:25Z INFO  dt_instance] received at 2023-07-15 21:47:25.982176017 UTC - from mc-22->source-3 "328" 21:47:25.980671149
[2023-07-15T21:47:28Z INFO  dt_instance] received at 2023-07-15 21:47:28.490212010 UTC - from mc-22->source-3 "333" 21:47:28.486771959
[2023-07-15T21:47:30Z INFO  dt_instance] received at 2023-07-15 21:47:30.995764903 UTC - from mc-22->source-3 "338" 21:47:30.994763365
[2023-07-15T21:47:33Z INFO  dt_instance] received at 2023-07-15 21:47:33.500877568 UTC - from mc-22->source-3 "343" 21:47:33.500017053
[2023-07-15T21:47:36Z INFO  dt_instance] received at 2023-07-15 21:47:36.006597605 UTC - from mc-22->source-3 "348" 21:47:36.005463009
[2023-07-15T21:47:38Z INFO  dt_instance] received at 2023-07-15 21:47:38.511452911 UTC - from mc-22->source-3 "353" 21:47:38.509954050
[2023-07-15T21:47:41Z INFO  dt_instance] received at 2023-07-15 21:47:41.017517721 UTC - from mc-22->source-3 "358" 21:47:41.016755271
[2023-07-15T21:47:43Z INFO  dt_instance] received at 2023-07-15 21:47:43.530476932 UTC - from mc-22->source-3 "363" 21:47:43.523369658
[2023-07-15T21:47:46Z INFO  dt_instance] received at 2023-07-15 21:47:46.030773186 UTC - from mc-22->source-3 "368" 21:47:46.027917858
[2023-07-15T21:47:48Z INFO  dt_instance] received at 2023-07-15 21:47:48.536450419 UTC - from mc-22->source-3 "373" 21:47:48.535386623
[2023-07-15T21:47:51Z INFO  dt_instance] received at 2023-07-15 21:47:51.042800356 UTC - from mc-22->source-3 "378" 21:47:51.041355258
[2023-07-15T21:47:53Z INFO  dt_instance] received at 2023-07-15 21:47:53.547366353 UTC - from mc-22->source-3 "383" 21:47:53.546416481
[2023-07-15T21:47:56Z INFO  dt_instance] received at 2023-07-15 21:47:56.053627627 UTC - from mc-22->source-3 "388" 21:47:56.052156825
[2023-07-15T21:47:58Z INFO  dt_instance] received at 2023-07-15 21:47:58.560744257 UTC - from mc-22->source-3 "393" 21:47:58.560048068
[2023-07-15T21:48:01Z INFO  dt_instance] received at 2023-07-15 21:48:01.066149170 UTC - from mc-22->source-3 "398" 21:48:01.064882335
[2023-07-15T21:48:03Z INFO  dt_instance] received at 2023-07-15 21:48:03.572161551 UTC - from mc-22->source-3 "403" 21:48:03.570834943
[2023-07-15T21:48:06Z INFO  dt_instance] received at 2023-07-15 21:48:06.078024598 UTC - from mc-22->source-3 "408" 21:48:06.077037695
[2023-07-15T21:48:08Z INFO  dt_instance] received at 2023-07-15 21:48:08.583970222 UTC - from mc-22->source-3 "413" 21:48:08.582659272
[2023-07-15T21:48:11Z INFO  dt_instance] received at 2023-07-15 21:48:11.089438300 UTC - from mc-22->source-3 "418" 21:48:11.088218448
[2023-07-15T21:48:13Z INFO  dt_instance] received at 2023-07-15 21:48:13.594672906 UTC - from mc-22->source-3 "423" 21:48:13.593506303
[2023-07-15T21:48:16Z INFO  dt_instance] received at 2023-07-15 21:48:16.101712263 UTC - from mc-22->source-3 "428" 21:48:16.099630718
[2023-07-15T21:48:18Z INFO  dt_instance] received at 2023-07-15 21:48:18.616402521 UTC - from mc-22->source-3 "433" 21:48:18.605143667
[2023-07-15T21:48:21Z INFO  dt_instance] received at 2023-07-15 21:48:21.113210529 UTC - from mc-22->source-3 "438" 21:48:21.112107683
[2023-07-15T21:48:23Z INFO  dt_instance] received at 2023-07-15 21:48:23.618204317 UTC - from mc-22->source-3 "443" 21:48:23.617283852
[2023-07-15T21:48:26Z INFO  dt_instance] received at 2023-07-15 21:48:26.123557630 UTC - from mc-22->source-3 "448" 21:48:26.122933712
[2023-07-15T21:48:28Z INFO  dt_instance] received at 2023-07-15 21:48:28.630967023 UTC - from mc-22->source-3 "453" 21:48:28.629714190
[2023-07-15T21:48:31Z INFO  dt_instance] received at 2023-07-15 21:48:31.137634972 UTC - from mc-22->source-3 "458" 21:48:31.136661722
[2023-07-15T21:48:33Z INFO  dt_instance] received at 2023-07-15 21:48:33.643368830 UTC - from mc-22->source-3 "463" 21:48:33.642498295
[2023-07-15T21:48:36Z INFO  dt_instance] received at 2023-07-15 21:48:36.153786165 UTC - from mc-22->source-3 "468" 21:48:36.149601600
[2023-07-15T21:48:38Z INFO  dt_instance] received at 2023-07-15 21:48:38.661835467 UTC - from mc-22->source-3 "473" 21:48:38.655608809
[2023-07-15T21:48:41Z INFO  dt_instance] received at 2023-07-15 21:48:41.162756898 UTC - from mc-22->source-3 "478" 21:48:41.161533367
[2023-07-15T21:48:43Z INFO  dt_instance] received at 2023-07-15 21:48:43.667954800 UTC - from mc-22->source-3 "483" 21:48:43.666981417
[2023-07-15T21:48:46Z INFO  dt_instance] received at 2023-07-15 21:48:46.174332439 UTC - from mc-22->source-3 "488" 21:48:46.173129004
[2023-07-15T21:48:48Z INFO  dt_instance] received at 2023-07-15 21:48:48.680535929 UTC - from mc-22->source-3 "493" 21:48:48.679276538
[2023-07-15T21:48:51Z INFO  dt_instance] received at 2023-07-15 21:48:51.185355851 UTC - from mc-22->source-3 "498" 21:48:51.183831627
[2023-07-15T21:48:53Z INFO  dt_instance] received at 2023-07-15 21:48:53.690357908 UTC - from mc-22->source-3 "503" 21:48:53.689605893
[2023-07-15T21:48:56Z INFO  dt_instance] received at 2023-07-15 21:48:56.197728212 UTC - from mc-22->source-3 "508" 21:48:56.196701067
[2023-07-15T21:48:58Z INFO  dt_instance] received at 2023-07-15 21:48:58.703974187 UTC - from mc-22->source-3 "513" 21:48:58.703086189
[2023-07-15T21:49:01Z INFO  dt_instance] received at 2023-07-15 21:49:01.210846800 UTC - from mc-22->source-3 "518" 21:49:01.209877426
[2023-07-15T21:49:03Z INFO  dt_instance] received at 2023-07-15 21:49:03.716813021 UTC - from mc-22->source-3 "523" 21:49:03.715979361
[2023-07-15T21:49:06Z INFO  dt_instance] received at 2023-07-15 21:49:06.222216135 UTC - from mc-22->source-3 "528" 21:49:06.220986002
[2023-07-15T21:49:08Z INFO  dt_instance] received at 2023-07-15 21:49:08.727403694 UTC - from mc-22->source-3 "533" 21:49:08.726357143
[2023-07-15T21:49:11Z INFO  dt_instance] received at 2023-07-15 21:49:11.232086431 UTC - from mc-22->source-3 "538" 21:49:11.231167859
[2023-07-15T21:49:13Z INFO  dt_instance] received at 2023-07-15 21:49:13.738642765 UTC - from mc-22->source-3 "543" 21:49:13.737256899
[2023-07-15T21:49:16Z INFO  dt_instance] received at 2023-07-15 21:49:16.243749986 UTC - from mc-22->source-3 "548" 21:49:16.242103870
[2023-07-15T21:49:18Z INFO  dt_instance] received at 2023-07-15 21:49:18.748950253 UTC - from mc-22->source-3 "553" 21:49:18.747140108
[2023-07-15T21:49:21Z INFO  dt_instance] received at 2023-07-15 21:49:21.253307368 UTC - from mc-22->source-3 "558" 21:49:21.252050604
[2023-07-15T21:49:23Z INFO  dt_instance] received at 2023-07-15 21:49:23.757805112 UTC - from mc-22->source-3 "563" 21:49:23.756931324
[2023-07-15T21:49:26Z INFO  dt_instance] received at 2023-07-15 21:49:26.266421482 UTC - from mc-22->source-3 "568" 21:49:26.263712855
[2023-07-15T21:49:28Z INFO  dt_instance] received at 2023-07-15 21:49:28.770936833 UTC - from mc-22->source-3 "573" 21:49:28.769273043
[2023-07-15T21:49:31Z INFO  dt_instance] received at 2023-07-15 21:49:31.277234795 UTC - from mc-22->source-3 "578" 21:49:31.276132570
[2023-07-15T21:49:33Z INFO  dt_instance] received at 2023-07-15 21:49:33.782648348 UTC - from mc-22->source-3 "583" 21:49:33.781208938
[2023-07-15T21:49:36Z INFO  dt_instance] received at 2023-07-15 21:49:36.287438712 UTC - from mc-22->source-3 "588" 21:49:36.286430475
[2023-07-15T21:49:38Z INFO  dt_instance] received at 2023-07-15 21:49:38.792298580 UTC - from mc-22->source-3 "593" 21:49:38.791308285
[2023-07-15T21:49:41Z INFO  dt_instance] received at 2023-07-15 21:49:41.301506747 UTC - from mc-22->source-3 "598" 21:49:41.297181429
[2023-07-15T21:49:43Z INFO  dt_instance] received at 2023-07-15 21:49:43.803805099 UTC - from mc-22->source-3 "603" 21:49:43.802599331
[2023-07-15T21:49:46Z INFO  dt_instance] received at 2023-07-15 21:49:46.308947471 UTC - from mc-22->source-3 "608" 21:49:46.308095116
[2023-07-15T21:49:48Z INFO  dt_instance] received at 2023-07-15 21:49:48.816404537 UTC - from mc-22->source-3 "613" 21:49:48.815324418
[2023-07-15T21:49:51Z INFO  dt_instance] received at 2023-07-15 21:49:51.322394187 UTC - from mc-22->source-3 "618" 21:49:51.320276133
[2023-07-15T21:49:53Z INFO  dt_instance] received at 2023-07-15 21:49:53.827047450 UTC - from mc-22->source-3 "623" 21:49:53.826271194
[2023-07-15T21:49:56Z INFO  dt_instance] received at 2023-07-15 21:49:56.332419718 UTC - from mc-22->source-3 "628" 21:49:56.330983497
[2023-07-15T21:49:58Z INFO  dt_instance] received at 2023-07-15 21:49:58.839288734 UTC - from mc-22->source-3 "633" 21:49:58.838074082
[2023-07-15T21:50:01Z INFO  dt_instance] received at 2023-07-15 21:50:01.347298896 UTC - from mc-22->source-3 "638" 21:50:01.346030713
[2023-07-15T21:50:03Z INFO  dt_instance] received at 2023-07-15 21:50:03.851617417 UTC - from mc-22->source-3 "643" 21:50:03.850818672
[2023-07-15T21:50:06Z INFO  dt_instance] received at 2023-07-15 21:50:06.364857068 UTC - from mc-22->source-3 "648" 21:50:06.363779758
[2023-07-15T21:50:08Z INFO  dt_instance] received at 2023-07-15 21:50:08.878682293 UTC - from mc-22->source-3 "653" 21:50:08.877719977
[2023-07-15T21:50:11Z INFO  dt_instance] received at 2023-07-15 21:50:11.384939941 UTC - from mc-22->source-3 "658" 21:50:11.383481085
[2023-07-15T21:50:13Z INFO  dt_instance] received at 2023-07-15 21:50:13.890198074 UTC - from mc-22->source-3 "663" 21:50:13.889254960
[2023-07-15T21:50:16Z INFO  dt_instance] received at 2023-07-15 21:50:16.395251296 UTC - from mc-22->source-3 "668" 21:50:16.394283791
[2023-07-15T21:50:18Z INFO  dt_instance] received at 2023-07-15 21:50:18.900297269 UTC - from mc-22->source-3 "673" 21:50:18.899612031
[2023-07-15T21:50:21Z INFO  dt_instance] received at 2023-07-15 21:50:21.406377756 UTC - from mc-22->source-3 "678" 21:50:21.405510367
[2023-07-15T21:50:23Z INFO  dt_instance] received at 2023-07-15 21:50:23.912343320 UTC - from mc-22->source-3 "683" 21:50:23.911064081
[2023-07-15T21:50:26Z INFO  dt_instance] received at 2023-07-15 21:50:26.420420420 UTC - from mc-22->source-3 "688" 21:50:26.417685970
[2023-07-15T21:50:28Z INFO  dt_instance] received at 2023-07-15 21:50:28.925234569 UTC - from mc-22->source-3 "693" 21:50:28.923729004
[2023-07-15T21:50:31Z INFO  dt_instance] received at 2023-07-15 21:50:31.433065519 UTC - from mc-22->source-3 "698" 21:50:31.430750266
[2023-07-15T21:50:33Z INFO  dt_instance] received at 2023-07-15 21:50:33.937655313 UTC - from mc-22->source-3 "703" 21:50:33.936627807
[2023-07-15T21:50:36Z INFO  dt_instance] received at 2023-07-15 21:50:36.441847377 UTC - from mc-22->source-3 "708" 21:50:36.440883724
[2023-07-15T21:50:38Z INFO  dt_instance] received at 2023-07-15 21:50:38.947038627 UTC - from mc-22->source-3 "713" 21:50:38.945938451
[2023-07-15T21:50:41Z INFO  dt_instance] received at 2023-07-15 21:50:41.452716295 UTC - from mc-22->source-3 "718" 21:50:41.451522437
[2023-07-15T21:50:43Z INFO  dt_instance] received at 2023-07-15 21:50:43.957837345 UTC - from mc-22->source-3 "723" 21:50:43.956688780
[2023-07-15T21:50:46Z INFO  dt_instance] received at 2023-07-15 21:50:46.467756528 UTC - from mc-22->source-3 "728" 21:50:46.465643412
[2023-07-15T21:50:48Z INFO  dt_instance] received at 2023-07-15 21:50:48.972066859 UTC - from mc-22->source-3 "733" 21:50:48.971144245
[2023-07-15T21:50:51Z INFO  dt_instance] received at 2023-07-15 21:50:51.477070739 UTC - from mc-22->source-3 "738" 21:50:51.476087541
[2023-07-15T21:50:53Z INFO  dt_instance] received at 2023-07-15 21:50:53.982838475 UTC - from mc-22->source-3 "743" 21:50:53.981865726
[2023-07-15T21:50:56Z INFO  dt_instance] received at 2023-07-15 21:50:56.488256226 UTC - from mc-22->source-3 "748" 21:50:56.486823445
[2023-07-15T21:50:58Z INFO  dt_instance] received at 2023-07-15 21:50:58.992856051 UTC - from mc-22->source-3 "753" 21:50:58.991991263
[2023-07-15T21:51:01Z INFO  dt_instance] received at 2023-07-15 21:51:01.498546907 UTC - from mc-22->source-3 "758" 21:51:01.497668762
[2023-07-15T21:51:04Z INFO  dt_instance] received at 2023-07-15 21:51:04.008160584 UTC - from mc-22->source-3 "763" 21:51:04.007146595
[2023-07-15T21:51:06Z INFO  dt_instance] received at 2023-07-15 21:51:06.514182022 UTC - from mc-22->source-3 "768" 21:51:06.513111933
[2023-07-15T21:51:09Z INFO  dt_instance] received at 2023-07-15 21:51:09.018704857 UTC - from mc-22->source-3 "773" 21:51:09.017914054
[2023-07-15T21:51:11Z INFO  dt_instance] received at 2023-07-15 21:51:11.525758993 UTC - from mc-22->source-3 "778" 21:51:11.524602940
[2023-07-15T21:51:14Z INFO  dt_instance] received at 2023-07-15 21:51:14.030119134 UTC - from mc-22->source-3 "783" 21:51:14.029270477
[2023-07-15T21:51:16Z INFO  dt_instance] received at 2023-07-15 21:51:16.535560556 UTC - from mc-22->source-3 "788" 21:51:16.534203599
[2023-07-15T21:51:19Z INFO  dt_instance] received at 2023-07-15 21:51:19.039873860 UTC - from mc-22->source-3 "793" 21:51:19.038908379
[2023-07-15T21:51:21Z INFO  dt_instance] received at 2023-07-15 21:51:21.545755214 UTC - from mc-22->source-3 "798" 21:51:21.544430147
[2023-07-15T21:51:24Z INFO  dt_instance] received at 2023-07-15 21:51:24.049942323 UTC - from mc-22->source-3 "803" 21:51:24.048952382
[2023-07-15T21:51:26Z INFO  dt_instance] received at 2023-07-15 21:51:26.555012218 UTC - from mc-22->source-3 "808" 21:51:26.554158339
[2023-07-15T21:51:29Z INFO  dt_instance] received at 2023-07-15 21:51:29.060500375 UTC - from mc-22->source-3 "813" 21:51:29.059784469
[2023-07-15T21:51:31Z INFO  dt_instance] received at 2023-07-15 21:51:31.566422120 UTC - from mc-22->source-3 "818" 21:51:31.565260945
[2023-07-15T21:51:34Z INFO  dt_instance] received at 2023-07-15 21:51:34.072092508 UTC - from mc-22->source-3 "823" 21:51:34.071273730
[2023-07-15T21:51:36Z INFO  dt_instance] received at 2023-07-15 21:51:36.577058068 UTC - from mc-22->source-3 "828" 21:51:36.576262372
[2023-07-15T21:51:39Z INFO  dt_instance] received at 2023-07-15 21:51:39.082561176 UTC - from mc-22->source-3 "833" 21:51:39.081447343
[2023-07-15T21:51:41Z INFO  dt_instance] received at 2023-07-15 21:51:41.587161405 UTC - from mc-22->source-3 "838" 21:51:41.586305877
[2023-07-15T21:51:44Z INFO  dt_instance] received at 2023-07-15 21:51:44.113210213 UTC - from mc-22->source-3 "843" 21:51:44.112056719
[2023-07-15T21:51:46Z INFO  dt_instance] received at 2023-07-15 21:51:46.620112133 UTC - from mc-22->source-3 "848" 21:51:46.618155202
[2023-07-15T21:51:49Z INFO  dt_instance] received at 2023-07-15 21:51:49.124402919 UTC - from mc-22->source-3 "853" 21:51:49.123496651
[2023-07-15T21:51:51Z INFO  dt_instance] received at 2023-07-15 21:51:51.629227943 UTC - from mc-22->source-3 "858" 21:51:51.628355039
[2023-07-15T21:51:54Z INFO  dt_instance] received at 2023-07-15 21:51:54.135272367 UTC - from mc-22->source-3 "863" 21:51:54.134198017
[2023-07-15T21:51:56Z INFO  dt_instance] received at 2023-07-15 21:51:56.640336182 UTC - from mc-22->source-3 "868" 21:51:56.639149440
[2023-07-15T21:51:59Z INFO  dt_instance] received at 2023-07-15 21:51:59.146467959 UTC - from mc-22->source-3 "873" 21:51:59.145057281
[2023-07-15T21:52:01Z INFO  dt_instance] received at 2023-07-15 21:52:01.651038685 UTC - from mc-22->source-3 "878" 21:52:01.649950431
[2023-07-15T21:52:04Z INFO  dt_instance] received at 2023-07-15 21:52:04.157226326 UTC - from mc-22->source-3 "883" 21:52:04.156204859
[2023-07-15T21:52:06Z INFO  dt_instance] received at 2023-07-15 21:52:06.670008318 UTC - from mc-22->source-3 "888" 21:52:06.668522328
[2023-07-15T21:52:09Z INFO  dt_instance] received at 2023-07-15 21:52:09.174321996 UTC - from mc-22->source-3 "893" 21:52:09.173328118
[2023-07-15T21:52:11Z INFO  dt_instance] received at 2023-07-15 21:52:11.679682039 UTC - from mc-22->source-3 "898" 21:52:11.678812210
[2023-07-15T21:52:14Z INFO  dt_instance] received at 2023-07-15 21:52:14.187990506 UTC - from mc-22->source-3 "903" 21:52:14.184549757
[2023-07-15T21:52:16Z INFO  dt_instance] received at 2023-07-15 21:52:16.690028959 UTC - from mc-22->source-3 "908" 21:52:16.689092458
[2023-07-15T21:52:19Z INFO  dt_instance] received at 2023-07-15 21:52:19.195167053 UTC - from mc-22->source-3 "913" 21:52:19.194055660
[2023-07-15T21:52:21Z INFO  dt_instance] received at 2023-07-15 21:52:21.702180986 UTC - from mc-22->source-3 "918" 21:52:21.701173850
[2023-07-15T21:52:24Z INFO  dt_instance] received at 2023-07-15 21:52:24.207213251 UTC - from mc-22->source-3 "923" 21:52:24.206149999
[2023-07-15T21:52:26Z INFO  dt_instance] received at 2023-07-15 21:52:26.713597949 UTC - from mc-22->source-3 "928" 21:52:26.712918586
[2023-07-15T21:52:29Z INFO  dt_instance] received at 2023-07-15 21:52:29.219584357 UTC - from mc-22->source-3 "933" 21:52:29.218543169
[2023-07-15T21:52:31Z INFO  dt_instance] received at 2023-07-15 21:52:31.724081054 UTC - from mc-22->source-3 "938" 21:52:31.722960986
[2023-07-15T21:52:34Z INFO  dt_instance] received at 2023-07-15 21:52:34.230298572 UTC - from mc-22->source-3 "943" 21:52:34.229155661
[2023-07-15T21:52:36Z INFO  dt_instance] received at 2023-07-15 21:52:36.734616757 UTC - from mc-22->source-3 "948" 21:52:36.733868347
[2023-07-15T21:52:39Z INFO  dt_instance] received at 2023-07-15 21:52:39.241372695 UTC - from mc-22->source-3 "953" 21:52:39.240550016
[2023-07-15T21:52:41Z INFO  dt_instance] received at 2023-07-15 21:52:41.747419068 UTC - from mc-22->source-3 "958" 21:52:41.746705679
[2023-07-15T21:52:44Z INFO  dt_instance] received at 2023-07-15 21:52:44.253971726 UTC - from mc-22->source-3 "963" 21:52:44.253054405
[2023-07-15T21:52:46Z INFO  dt_instance] received at 2023-07-15 21:52:46.759006595 UTC - from mc-22->source-3 "968" 21:52:46.758105237
[2023-07-15T21:52:49Z INFO  dt_instance] received at 2023-07-15 21:52:49.264806994 UTC - from mc-22->source-3 "973" 21:52:49.264059243
[2023-07-15T21:52:51Z INFO  dt_instance] received at 2023-07-15 21:52:51.770366302 UTC - from mc-22->source-3 "978" 21:52:51.769343677
[2023-07-15T21:52:54Z INFO  dt_instance] received at 2023-07-15 21:52:54.276169421 UTC - from mc-22->source-3 "983" 21:52:54.275476200
[2023-07-15T21:52:56Z INFO  dt_instance] received at 2023-07-15 21:52:56.781850538 UTC - from mc-22->source-3 "988" 21:52:56.780974198
[2023-07-15T21:52:59Z INFO  dt_instance] received at 2023-07-15 21:52:59.498821542 UTC - from mc-22->source-4 "991" 21:52:59.497844832
[2023-07-15T21:53:02Z INFO  dt_instance] received at 2023-07-15 21:53:02.739980640 UTC - from mc-22->source-9 "985" 21:53:02.735888075
[2023-07-15T21:53:09Z INFO  dt_instance] received at 2023-07-15 21:53:09.756751156 UTC - from mc-22->source-9 "999" 21:53:09.755600382
