[2023-07-15T21:25:12Z INFO  dt_instance] Current Twin: mc-twin-21
[2023-07-15T21:25:12Z INFO  dt_instance] Replica Name twin-mc-stateful-21
[2023-07-15T21:25:12Z INFO  dt_instance] Sleeping for 1050
[2023-07-15T21:42:42Z INFO  dt_instance] Connecting to broker at emqx.dtwins:1883
[2023-07-15T21:42:42Z INFO  dt_instance] Loggin info each 50 messages
[2023-07-15T21:42:42Z INFO  dt_instance] Set max packet size to 60000 KB.
[2023-07-15T21:42:42Z INFO  dt_instance] Refreshing topics for twin - Listen to mc-21/#
[2023-07-15T21:42:42Z INFO  dt_instance] SubAck { pkid: 1, return_codes: [Success(ExactlyOnce)] }
[2023-07-15T21:43:50Z INFO  dt_instance] received at 2023-07-15 21:43:50.446232229 UTC - from mc-21->source-0 "14" 21:43:50.443567297
[2023-07-15T21:43:53Z INFO  dt_instance] received at 2023-07-15 21:43:53.693262592 UTC - from mc-21->source-3 "13" 21:43:53.692102155
[2023-07-15T21:43:56Z INFO  dt_instance] received at 2023-07-15 21:43:56.276370053 UTC - from mc-21->source-1 "23" 21:43:56.215115135
[2023-07-15T21:43:58Z INFO  dt_instance] received at 2023-07-15 21:43:58.803022752 UTC - from mc-21->source-1 "28" 21:43:58.721500470
[2023-07-15T21:44:01Z INFO  dt_instance] received at 2023-07-15 21:44:01.264556975 UTC - from mc-21->source-1 "33" 21:44:01.227942643
[2023-07-15T21:44:03Z INFO  dt_instance] received at 2023-07-15 21:44:03.749366480 UTC - from mc-21->source-1 "38" 21:44:03.732822924
[2023-07-15T21:44:06Z INFO  dt_instance] received at 2023-07-15 21:44:06.322224608 UTC - from mc-21->source-1 "43" 21:44:06.237932260
[2023-07-15T21:44:08Z INFO  dt_instance] received at 2023-07-15 21:44:08.786500757 UTC - from mc-21->source-1 "48" 21:44:08.744661695
[2023-07-15T21:44:11Z INFO  dt_instance] received at 2023-07-15 21:44:11.278843999 UTC - from mc-21->source-1 "53" 21:44:11.249547379
[2023-07-15T21:44:13Z INFO  dt_instance] received at 2023-07-15 21:44:13.781949291 UTC - from mc-21->source-1 "58" 21:44:13.754486425
[2023-07-15T21:44:16Z INFO  dt_instance] received at 2023-07-15 21:44:16.263640739 UTC - from mc-21->source-1 "63" 21:44:16.259936280
[2023-07-15T21:44:18Z INFO  dt_instance] received at 2023-07-15 21:44:18.804825949 UTC - from mc-21->source-1 "68" 21:44:18.765212420
[2023-07-15T21:44:21Z INFO  dt_instance] received at 2023-07-15 21:44:21.294880597 UTC - from mc-21->source-1 "73" 21:44:21.271502229
[2023-07-15T21:44:23Z INFO  dt_instance] received at 2023-07-15 21:44:23.813917924 UTC - from mc-21->source-1 "78" 21:44:23.776595234
[2023-07-15T21:44:26Z INFO  dt_instance] received at 2023-07-15 21:44:26.335716386 UTC - from mc-21->source-1 "83" 21:44:26.282811903
[2023-07-15T21:44:28Z INFO  dt_instance] received at 2023-07-15 21:44:28.854139903 UTC - from mc-21->source-1 "88" 21:44:28.788512558
[2023-07-15T21:44:31Z INFO  dt_instance] received at 2023-07-15 21:44:31.310992542 UTC - from mc-21->source-1 "93" 21:44:31.293990661
[2023-07-15T21:44:33Z INFO  dt_instance] received at 2023-07-15 21:44:33.807356936 UTC - from mc-21->source-1 "98" 21:44:33.799413159
[2023-07-15T21:44:36Z INFO  dt_instance] received at 2023-07-15 21:44:36.309545569 UTC - from mc-21->source-1 "103" 21:44:36.306469640
[2023-07-15T21:44:38Z INFO  dt_instance] received at 2023-07-15 21:44:38.863834520 UTC - from mc-21->source-1 "108" 21:44:38.812429639
[2023-07-15T21:44:41Z INFO  dt_instance] received at 2023-07-15 21:44:41.369773049 UTC - from mc-21->source-1 "113" 21:44:41.318710392
[2023-07-15T21:44:43Z INFO  dt_instance] received at 2023-07-15 21:44:43.847600295 UTC - from mc-21->source-1 "118" 21:44:43.824036822
[2023-07-15T21:44:46Z INFO  dt_instance] received at 2023-07-15 21:44:46.370804434 UTC - from mc-21->source-1 "123" 21:44:46.328697680
[2023-07-15T21:44:48Z INFO  dt_instance] received at 2023-07-15 21:44:48.855999062 UTC - from mc-21->source-1 "128" 21:44:48.834108501
[2023-07-15T21:44:51Z INFO  dt_instance] received at 2023-07-15 21:44:51.343695587 UTC - from mc-21->source-1 "133" 21:44:51.338674603
[2023-07-15T21:44:53Z INFO  dt_instance] received at 2023-07-15 21:44:53.864866187 UTC - from mc-21->source-1 "138" 21:44:53.845705821
[2023-07-15T21:44:56Z INFO  dt_instance] received at 2023-07-15 21:44:56.383268395 UTC - from mc-21->source-1 "143" 21:44:56.363513337
[2023-07-15T21:44:58Z INFO  dt_instance] received at 2023-07-15 21:44:58.893193031 UTC - from mc-21->source-1 "148" 21:44:58.874655418
[2023-07-15T21:45:01Z INFO  dt_instance] received at 2023-07-15 21:45:01.389237385 UTC - from mc-21->source-1 "153" 21:45:01.380791912
[2023-07-15T21:45:03Z INFO  dt_instance] received at 2023-07-15 21:45:03.922394377 UTC - from mc-21->source-1 "158" 21:45:03.886808157
[2023-07-15T21:45:06Z INFO  dt_instance] received at 2023-07-15 21:45:06.397775578 UTC - from mc-21->source-1 "163" 21:45:06.392152803
[2023-07-15T21:45:08Z INFO  dt_instance] received at 2023-07-15 21:45:08.934704365 UTC - from mc-21->source-1 "168" 21:45:08.897683297
[2023-07-15T21:45:11Z INFO  dt_instance] received at 2023-07-15 21:45:11.417475575 UTC - from mc-21->source-1 "173" 21:45:11.404989891
[2023-07-15T21:45:13Z INFO  dt_instance] received at 2023-07-15 21:45:13.941022636 UTC - from mc-21->source-1 "178" 21:45:13.911105668
[2023-07-15T21:45:16Z INFO  dt_instance] received at 2023-07-15 21:45:16.429621540 UTC - from mc-21->source-1 "183" 21:45:16.418023937
[2023-07-15T21:45:18Z INFO  dt_instance] received at 2023-07-15 21:45:18.942228169 UTC - from mc-21->source-1 "188" 21:45:18.923624904
[2023-07-15T21:45:21Z INFO  dt_instance] received at 2023-07-15 21:45:21.453474162 UTC - from mc-21->source-1 "193" 21:45:21.429391331
[2023-07-15T21:45:23Z INFO  dt_instance] received at 2023-07-15 21:45:23.989321375 UTC - from mc-21->source-1 "198" 21:45:23.934756300
[2023-07-15T21:45:26Z INFO  dt_instance] received at 2023-07-15 21:45:26.466997895 UTC - from mc-21->source-1 "203" 21:45:26.441448090
[2023-07-15T21:45:28Z INFO  dt_instance] received at 2023-07-15 21:45:28.966408194 UTC - from mc-21->source-1 "208" 21:45:28.949016029
[2023-07-15T21:45:31Z INFO  dt_instance] received at 2023-07-15 21:45:31.474948445 UTC - from mc-21->source-1 "213" 21:45:31.454260091
[2023-07-15T21:45:33Z INFO  dt_instance] received at 2023-07-15 21:45:33.986730317 UTC - from mc-21->source-1 "218" 21:45:33.959462223
[2023-07-15T21:45:36Z INFO  dt_instance] received at 2023-07-15 21:45:36.474438198 UTC - from mc-21->source-1 "223" 21:45:36.466886586
[2023-07-15T21:45:38Z INFO  dt_instance] received at 2023-07-15 21:45:38.983303981 UTC - from mc-21->source-9 "208" 21:45:38.975823185
[2023-07-15T21:45:41Z INFO  dt_instance] received at 2023-07-15 21:45:41.499352412 UTC - from mc-21->source-9 "213" 21:45:41.482603746
[2023-07-15T21:45:44Z INFO  dt_instance] received at 2023-07-15 21:45:44.017118700 UTC - from mc-21->source-9 "218" 21:45:43.988834481
[2023-07-15T21:45:46Z INFO  dt_instance] received at 2023-07-15 21:45:46.502560995 UTC - from mc-21->source-1 "243" 21:45:46.494965864
[2023-07-15T21:45:49Z INFO  dt_instance] received at 2023-07-15 21:45:49.022930765 UTC - from mc-21->source-9 "228" 21:45:49.000889322
[2023-07-15T21:45:51Z INFO  dt_instance] received at 2023-07-15 21:45:51.516439103 UTC - from mc-21->source-9 "233" 21:45:51.509178177
[2023-07-15T21:45:54Z INFO  dt_instance] received at 2023-07-15 21:45:54.022512551 UTC - from mc-21->source-9 "238" 21:45:54.014482212
[2023-07-15T21:45:56Z INFO  dt_instance] received at 2023-07-15 21:45:56.561995310 UTC - from mc-21->source-9 "243" 21:45:56.520871287
[2023-07-15T21:45:59Z INFO  dt_instance] received at 2023-07-15 21:45:59.227117588 UTC - from mc-21->source-8 "250" 21:45:58.737308160
[2023-07-15T21:46:01Z INFO  dt_instance] received at 2023-07-15 21:46:01.537773889 UTC - from mc-21->source-1 "273" 21:46:01.534141063
[2023-07-15T21:46:04Z INFO  dt_instance] received at 2023-07-15 21:46:04.043246560 UTC - from mc-21->source-7 "263" 21:46:04.041390141
[2023-07-15T21:46:06Z INFO  dt_instance] received at 2023-07-15 21:46:06.554369725 UTC - from mc-21->source-1 "283" 21:46:06.546563505
[2023-07-15T21:46:09Z INFO  dt_instance] received at 2023-07-15 21:46:09.064465962 UTC - from mc-21->source-1 "288" 21:46:09.053663374
[2023-07-15T21:46:11Z INFO  dt_instance] received at 2023-07-15 21:46:11.577197831 UTC - from mc-21->source-1 "293" 21:46:11.558940048
[2023-07-15T21:46:14Z INFO  dt_instance] received at 2023-07-15 21:46:14.079911845 UTC - from mc-21->source-9 "278" 21:46:14.070899390
[2023-07-15T21:46:16Z INFO  dt_instance] received at 2023-07-15 21:46:16.592989409 UTC - from mc-21->source-9 "283" 21:46:16.576540956
[2023-07-15T21:46:19Z INFO  dt_instance] received at 2023-07-15 21:46:19.102130986 UTC - from mc-21->source-9 "288" 21:46:19.084170950
[2023-07-15T21:46:21Z INFO  dt_instance] received at 2023-07-15 21:46:21.627258897 UTC - from mc-21->source-9 "293" 21:46:21.590656425
[2023-07-15T21:46:24Z INFO  dt_instance] received at 2023-07-15 21:46:24.123062502 UTC - from mc-21->source-9 "298" 21:46:24.095557498
[2023-07-15T21:46:26Z INFO  dt_instance] received at 2023-07-15 21:46:26.800144498 UTC - from mc-21->source-6 "311" 21:46:26.798137467
[2023-07-15T21:46:29Z INFO  dt_instance] received at 2023-07-15 21:46:29.139442583 UTC - from mc-21->source-9 "308" 21:46:29.109917235
[2023-07-15T21:46:31Z INFO  dt_instance] received at 2023-07-15 21:46:31.649247434 UTC - from mc-21->source-1 "333" 21:46:31.616611764
[2023-07-15T21:46:34Z INFO  dt_instance] received at 2023-07-15 21:46:34.137057590 UTC - from mc-21->source-9 "318" 21:46:34.130552731
[2023-07-15T21:46:36Z INFO  dt_instance] received at 2023-07-15 21:46:36.651290689 UTC - from mc-21->source-9 "323" 21:46:36.636764670
[2023-07-15T21:46:39Z INFO  dt_instance] received at 2023-07-15 21:46:39.157987968 UTC - from mc-21->source-9 "328" 21:46:39.141637805
[2023-07-15T21:46:41Z INFO  dt_instance] received at 2023-07-15 21:46:41.657177967 UTC - from mc-21->source-1 "353" 21:46:41.649976009
[2023-07-15T21:46:44Z INFO  dt_instance] received at 2023-07-15 21:46:44.173161793 UTC - from mc-21->source-9 "338" 21:46:44.156613874
[2023-07-15T21:46:46Z INFO  dt_instance] received at 2023-07-15 21:46:46.678747326 UTC - from mc-21->source-1 "363" 21:46:46.663886053
[2023-07-15T21:46:49Z INFO  dt_instance] received at 2023-07-15 21:46:49.179654101 UTC - from mc-21->source-1 "368" 21:46:49.168953425
[2023-07-15T21:46:51Z INFO  dt_instance] received at 2023-07-15 21:46:51.686480397 UTC - from mc-21->source-9 "353" 21:46:51.675508022
[2023-07-15T21:46:54Z INFO  dt_instance] received at 2023-07-15 21:46:54.184237194 UTC - from mc-21->source-9 "358" 21:46:54.182084070
[2023-07-15T21:46:56Z INFO  dt_instance] received at 2023-07-15 21:46:56.690082186 UTC - from mc-21->source-9 "363" 21:46:56.688688852
[2023-07-15T21:46:59Z INFO  dt_instance] received at 2023-07-15 21:46:59.195383192 UTC - from mc-21->source-9 "368" 21:46:59.193623196
[2023-07-15T21:47:01Z INFO  dt_instance] received at 2023-07-15 21:47:01.704353545 UTC - from mc-21->source-9 "373" 21:47:01.702478231
[2023-07-15T21:47:04Z INFO  dt_instance] received at 2023-07-15 21:47:04.220839739 UTC - from mc-21->source-9 "378" 21:47:04.219481615
[2023-07-15T21:47:06Z INFO  dt_instance] received at 2023-07-15 21:47:06.727624086 UTC - from mc-21->source-9 "383" 21:47:06.725954368
[2023-07-15T21:47:09Z INFO  dt_instance] received at 2023-07-15 21:47:09.235212138 UTC - from mc-21->source-9 "388" 21:47:09.230835419
[2023-07-15T21:47:11Z INFO  dt_instance] received at 2023-07-15 21:47:11.742827022 UTC - from mc-21->source-9 "393" 21:47:11.737244318
[2023-07-15T21:47:14Z INFO  dt_instance] received at 2023-07-15 21:47:14.243769552 UTC - from mc-21->source-9 "398" 21:47:14.242126607
[2023-07-15T21:47:16Z INFO  dt_instance] received at 2023-07-15 21:47:16.747714058 UTC - from mc-21->source-9 "403" 21:47:16.746792682
[2023-07-15T21:47:19Z INFO  dt_instance] received at 2023-07-15 21:47:19.254833383 UTC - from mc-21->source-9 "408" 21:47:19.251668774
[2023-07-15T21:47:21Z INFO  dt_instance] received at 2023-07-15 21:47:21.758242299 UTC - from mc-21->source-9 "413" 21:47:21.756662104
[2023-07-15T21:47:24Z INFO  dt_instance] received at 2023-07-15 21:47:24.263974443 UTC - from mc-21->source-9 "418" 21:47:24.261996020
[2023-07-15T21:47:26Z INFO  dt_instance] received at 2023-07-15 21:47:26.769854524 UTC - from mc-21->source-9 "423" 21:47:26.768237250
[2023-07-15T21:47:29Z INFO  dt_instance] received at 2023-07-15 21:47:29.275941818 UTC - from mc-21->source-9 "428" 21:47:29.274025153
[2023-07-15T21:47:31Z INFO  dt_instance] received at 2023-07-15 21:47:31.782517210 UTC - from mc-21->source-9 "433" 21:47:31.779425790
[2023-07-15T21:47:34Z INFO  dt_instance] received at 2023-07-15 21:47:34.293481514 UTC - from mc-21->source-9 "438" 21:47:34.285207796
[2023-07-15T21:47:36Z INFO  dt_instance] received at 2023-07-15 21:47:36.790679623 UTC - from mc-21->source-9 "443" 21:47:36.789453822
[2023-07-15T21:47:39Z INFO  dt_instance] received at 2023-07-15 21:47:39.297041292 UTC - from mc-21->source-9 "448" 21:47:39.294493319
[2023-07-15T21:47:41Z INFO  dt_instance] received at 2023-07-15 21:47:41.802051263 UTC - from mc-21->source-9 "453" 21:47:41.800448325
[2023-07-15T21:47:44Z INFO  dt_instance] received at 2023-07-15 21:47:44.307909459 UTC - from mc-21->source-9 "458" 21:47:44.305873552
[2023-07-15T21:47:46Z INFO  dt_instance] received at 2023-07-15 21:47:46.813295864 UTC - from mc-21->source-9 "463" 21:47:46.811744782
[2023-07-15T21:47:49Z INFO  dt_instance] received at 2023-07-15 21:47:49.321652256 UTC - from mc-21->source-9 "468" 21:47:49.318199715
[2023-07-15T21:47:51Z INFO  dt_instance] received at 2023-07-15 21:47:51.824663103 UTC - from mc-21->source-9 "473" 21:47:51.823616946
[2023-07-15T21:47:54Z INFO  dt_instance] received at 2023-07-15 21:47:54.338557086 UTC - from mc-21->source-5 "488" 21:47:54.328716130
[2023-07-15T21:47:56Z INFO  dt_instance] received at 2023-07-15 21:47:56.837743747 UTC - from mc-21->source-5 "493" 21:47:56.836533437
[2023-07-15T21:47:59Z INFO  dt_instance] received at 2023-07-15 21:47:59.342456083 UTC - from mc-21->source-5 "498" 21:47:59.341525992
[2023-07-15T21:48:01Z INFO  dt_instance] received at 2023-07-15 21:48:01.850989417 UTC - from mc-21->source-5 "503" 21:48:01.849542019
[2023-07-15T21:48:04Z INFO  dt_instance] received at 2023-07-15 21:48:04.356035372 UTC - from mc-21->source-5 "508" 21:48:04.354539346
[2023-07-15T21:48:06Z INFO  dt_instance] received at 2023-07-15 21:48:06.869036572 UTC - from mc-21->source-5 "513" 21:48:06.861557042
[2023-07-15T21:48:09Z INFO  dt_instance] received at 2023-07-15 21:48:09.370423476 UTC - from mc-21->source-7 "513" 21:48:09.368865863
[2023-07-15T21:48:11Z INFO  dt_instance] received at 2023-07-15 21:48:11.886365789 UTC - from mc-21->source-7 "518" 21:48:11.873968055
[2023-07-15T21:48:14Z INFO  dt_instance] received at 2023-07-15 21:48:14.380778190 UTC - from mc-21->source-7 "523" 21:48:14.378554658
[2023-07-15T21:48:16Z INFO  dt_instance] received at 2023-07-15 21:48:16.887050910 UTC - from mc-21->source-7 "528" 21:48:16.884693540
[2023-07-15T21:48:19Z INFO  dt_instance] received at 2023-07-15 21:48:19.396471243 UTC - from mc-21->source-5 "538" 21:48:19.391461993
[2023-07-15T21:48:21Z INFO  dt_instance] received at 2023-07-15 21:48:21.898336748 UTC - from mc-21->source-5 "543" 21:48:21.897515940
[2023-07-15T21:48:24Z INFO  dt_instance] received at 2023-07-15 21:48:24.403784609 UTC - from mc-21->source-5 "548" 21:48:24.402475047
[2023-07-15T21:48:26Z INFO  dt_instance] received at 2023-07-15 21:48:26.908475005 UTC - from mc-21->source-5 "553" 21:48:26.907493556
[2023-07-15T21:48:29Z INFO  dt_instance] received at 2023-07-15 21:48:29.414823784 UTC - from mc-21->source-5 "558" 21:48:29.413022741
[2023-07-15T21:48:31Z INFO  dt_instance] received at 2023-07-15 21:48:31.920189792 UTC - from mc-21->source-5 "563" 21:48:31.919133339
[2023-07-15T21:48:34Z INFO  dt_instance] received at 2023-07-15 21:48:34.425258146 UTC - from mc-21->source-5 "568" 21:48:34.424216069
[2023-07-15T21:48:36Z INFO  dt_instance] received at 2023-07-15 21:48:36.930811689 UTC - from mc-21->source-5 "573" 21:48:36.929883104
[2023-07-15T21:48:39Z INFO  dt_instance] received at 2023-07-15 21:48:39.440385359 UTC - from mc-21->source-5 "578" 21:48:39.436428933
[2023-07-15T21:48:41Z INFO  dt_instance] received at 2023-07-15 21:48:41.944396049 UTC - from mc-21->source-5 "583" 21:48:41.941860097
[2023-07-15T21:48:44Z INFO  dt_instance] received at 2023-07-15 21:48:44.447683513 UTC - from mc-21->source-7 "583" 21:48:44.446378758
[2023-07-15T21:48:46Z INFO  dt_instance] received at 2023-07-15 21:48:46.952470178 UTC - from mc-21->source-5 "593" 21:48:46.951522178
[2023-07-15T21:48:49Z INFO  dt_instance] received at 2023-07-15 21:48:49.464334349 UTC - from mc-21->source-5 "598" 21:48:49.462669677
[2023-07-15T21:48:51Z INFO  dt_instance] received at 2023-07-15 21:48:51.969916489 UTC - from mc-21->source-5 "603" 21:48:51.968928930
[2023-07-15T21:48:54Z INFO  dt_instance] received at 2023-07-15 21:48:54.476504061 UTC - from mc-21->source-7 "603" 21:48:54.475470819
[2023-07-15T21:48:56Z INFO  dt_instance] received at 2023-07-15 21:48:56.982017252 UTC - from mc-21->source-5 "613" 21:48:56.980960381
[2023-07-15T21:48:59Z INFO  dt_instance] received at 2023-07-15 21:48:59.488336886 UTC - from mc-21->source-5 "618" 21:48:59.487468366
[2023-07-15T21:49:01Z INFO  dt_instance] received at 2023-07-15 21:49:01.994982341 UTC - from mc-21->source-5 "623" 21:49:01.993747056
[2023-07-15T21:49:04Z INFO  dt_instance] received at 2023-07-15 21:49:04.502405140 UTC - from mc-21->source-7 "623" 21:49:04.501389051
[2023-07-15T21:49:07Z INFO  dt_instance] received at 2023-07-15 21:49:07.007019235 UTC - from mc-21->source-7 "628" 21:49:07.006170847
[2023-07-15T21:49:09Z INFO  dt_instance] received at 2023-07-15 21:49:09.514032542 UTC - from mc-21->source-5 "638" 21:49:09.513152237
[2023-07-15T21:49:12Z INFO  dt_instance] received at 2023-07-15 21:49:12.020845759 UTC - from mc-21->source-5 "643" 21:49:12.019851582
[2023-07-15T21:49:14Z INFO  dt_instance] received at 2023-07-15 21:49:14.531674978 UTC - from mc-21->source-7 "643" 21:49:14.530470795
[2023-07-15T21:49:17Z INFO  dt_instance] received at 2023-07-15 21:49:17.037034128 UTC - from mc-21->source-7 "648" 21:49:17.036216649
[2023-07-15T21:49:19Z INFO  dt_instance] received at 2023-07-15 21:49:19.543533108 UTC - from mc-21->source-7 "653" 21:49:19.542377841
[2023-07-15T21:49:22Z INFO  dt_instance] received at 2023-07-15 21:49:22.049314034 UTC - from mc-21->source-7 "658" 21:49:22.047101462
[2023-07-15T21:49:24Z INFO  dt_instance] received at 2023-07-15 21:49:24.554026358 UTC - from mc-21->source-7 "663" 21:49:24.552947352
[2023-07-15T21:49:27Z INFO  dt_instance] received at 2023-07-15 21:49:27.060039878 UTC - from mc-21->source-7 "668" 21:49:27.058933037
[2023-07-15T21:49:29Z INFO  dt_instance] received at 2023-07-15 21:49:29.565301867 UTC - from mc-21->source-7 "673" 21:49:29.564282270
[2023-07-15T21:49:32Z INFO  dt_instance] received at 2023-07-15 21:49:32.071379278 UTC - from mc-21->source-7 "678" 21:49:32.070620834
[2023-07-15T21:49:34Z INFO  dt_instance] received at 2023-07-15 21:49:34.576835615 UTC - from mc-21->source-7 "683" 21:49:34.575647710
[2023-07-15T21:49:37Z INFO  dt_instance] received at 2023-07-15 21:49:37.082151498 UTC - from mc-21->source-7 "688" 21:49:37.081115394
[2023-07-15T21:49:39Z INFO  dt_instance] received at 2023-07-15 21:49:39.587150535 UTC - from mc-21->source-7 "693" 21:49:39.586243002
[2023-07-15T21:49:42Z INFO  dt_instance] received at 2023-07-15 21:49:42.094350140 UTC - from mc-21->source-7 "698" 21:49:42.091861187
[2023-07-15T21:49:44Z INFO  dt_instance] received at 2023-07-15 21:49:44.599989184 UTC - from mc-21->source-7 "703" 21:49:44.598992255
[2023-07-15T21:49:47Z INFO  dt_instance] received at 2023-07-15 21:49:47.108940466 UTC - from mc-21->source-7 "708" 21:49:47.107457867
[2023-07-15T21:49:49Z INFO  dt_instance] received at 2023-07-15 21:49:49.615085521 UTC - from mc-21->source-7 "713" 21:49:49.613832109
[2023-07-15T21:49:52Z INFO  dt_instance] received at 2023-07-15 21:49:52.128200064 UTC - from mc-21->source-7 "718" 21:49:52.127271906
[2023-07-15T21:49:54Z INFO  dt_instance] received at 2023-07-15 21:49:54.634620361 UTC - from mc-21->source-7 "723" 21:49:54.633385983
[2023-07-15T21:49:57Z INFO  dt_instance] received at 2023-07-15 21:49:57.142052722 UTC - from mc-21->source-7 "728" 21:49:57.139038296
[2023-07-15T21:49:59Z INFO  dt_instance] received at 2023-07-15 21:49:59.645935960 UTC - from mc-21->source-7 "733" 21:49:59.644712242
[2023-07-15T21:50:02Z INFO  dt_instance] received at 2023-07-15 21:50:02.165627570 UTC - from mc-21->source-7 "738" 21:50:02.160761204
[2023-07-15T21:50:04Z INFO  dt_instance] received at 2023-07-15 21:50:04.666825051 UTC - from mc-21->source-7 "743" 21:50:04.666027350
[2023-07-15T21:50:07Z INFO  dt_instance] received at 2023-07-15 21:50:07.172834030 UTC - from mc-21->source-7 "748" 21:50:07.172105979
[2023-07-15T21:50:09Z INFO  dt_instance] received at 2023-07-15 21:50:09.679478831 UTC - from mc-21->source-7 "753" 21:50:09.678143266
[2023-07-15T21:50:12Z INFO  dt_instance] received at 2023-07-15 21:50:12.183648236 UTC - from mc-21->source-7 "758" 21:50:12.182822335
[2023-07-15T21:50:14Z INFO  dt_instance] received at 2023-07-15 21:50:14.690879286 UTC - from mc-21->source-7 "763" 21:50:14.689944262
[2023-07-15T21:50:17Z INFO  dt_instance] received at 2023-07-15 21:50:17.197374397 UTC - from mc-21->source-7 "768" 21:50:17.196364700
[2023-07-15T21:50:19Z INFO  dt_instance] received at 2023-07-15 21:50:19.702248941 UTC - from mc-21->source-7 "773" 21:50:19.701278116
[2023-07-15T21:50:22Z INFO  dt_instance] received at 2023-07-15 21:50:22.207647070 UTC - from mc-21->source-7 "778" 21:50:22.205545848
[2023-07-15T21:50:24Z INFO  dt_instance] received at 2023-07-15 21:50:24.711780220 UTC - from mc-21->source-7 "783" 21:50:24.710967667
[2023-07-15T21:50:27Z INFO  dt_instance] received at 2023-07-15 21:50:27.217753439 UTC - from mc-21->source-7 "788" 21:50:27.216851305
[2023-07-15T21:50:29Z INFO  dt_instance] received at 2023-07-15 21:50:29.723076703 UTC - from mc-21->source-7 "793" 21:50:29.722191259
[2023-07-15T21:50:32Z INFO  dt_instance] received at 2023-07-15 21:50:32.230873029 UTC - from mc-21->source-7 "798" 21:50:32.226796275
[2023-07-15T21:50:34Z INFO  dt_instance] received at 2023-07-15 21:50:34.733888766 UTC - from mc-21->source-7 "803" 21:50:34.732440162
[2023-07-15T21:50:37Z INFO  dt_instance] received at 2023-07-15 21:50:37.238793191 UTC - from mc-21->source-7 "808" 21:50:37.237808919
[2023-07-15T21:50:39Z INFO  dt_instance] received at 2023-07-15 21:50:39.743762940 UTC - from mc-21->source-7 "813" 21:50:39.742886509
[2023-07-15T21:50:42Z INFO  dt_instance] received at 2023-07-15 21:50:42.252418016 UTC - from mc-21->source-7 "818" 21:50:42.248619411
[2023-07-15T21:50:44Z INFO  dt_instance] received at 2023-07-15 21:50:44.755061892 UTC - from mc-21->source-7 "823" 21:50:44.754021314
[2023-07-15T21:50:47Z INFO  dt_instance] received at 2023-07-15 21:50:47.260337334 UTC - from mc-21->source-7 "828" 21:50:47.259452590
[2023-07-15T21:50:49Z INFO  dt_instance] received at 2023-07-15 21:50:49.767236030 UTC - from mc-21->source-7 "833" 21:50:49.764754065
[2023-07-15T21:50:52Z INFO  dt_instance] received at 2023-07-15 21:50:52.271103737 UTC - from mc-21->source-7 "838" 21:50:52.270068885
[2023-07-15T21:50:54Z INFO  dt_instance] received at 2023-07-15 21:50:54.777535557 UTC - from mc-21->source-7 "843" 21:50:54.775906345
[2023-07-15T21:50:57Z INFO  dt_instance] received at 2023-07-15 21:50:57.281671060 UTC - from mc-21->source-7 "848" 21:50:57.280812389
[2023-07-15T21:50:59Z INFO  dt_instance] received at 2023-07-15 21:50:59.788015489 UTC - from mc-21->source-7 "853" 21:50:59.785891285
[2023-07-15T21:51:02Z INFO  dt_instance] received at 2023-07-15 21:51:02.293683339 UTC - from mc-21->source-7 "858" 21:51:02.292593308
[2023-07-15T21:51:04Z INFO  dt_instance] received at 2023-07-15 21:51:04.800434376 UTC - from mc-21->source-7 "863" 21:51:04.799470934
[2023-07-15T21:51:07Z INFO  dt_instance] received at 2023-07-15 21:51:07.306005298 UTC - from mc-21->source-7 "868" 21:51:07.304743534
[2023-07-15T21:51:09Z INFO  dt_instance] received at 2023-07-15 21:51:09.811388374 UTC - from mc-21->source-7 "873" 21:51:09.810501538
[2023-07-15T21:51:12Z INFO  dt_instance] received at 2023-07-15 21:51:12.316534820 UTC - from mc-21->source-7 "878" 21:51:12.315735324
[2023-07-15T21:51:14Z INFO  dt_instance] received at 2023-07-15 21:51:14.836105685 UTC - from mc-21->source-7 "883" 21:51:14.823019134
[2023-07-15T21:51:17Z INFO  dt_instance] received at 2023-07-15 21:51:17.339470324 UTC - from mc-21->source-7 "888" 21:51:17.338532255
[2023-07-15T21:51:19Z INFO  dt_instance] received at 2023-07-15 21:51:19.846000556 UTC - from mc-21->source-7 "893" 21:51:19.844765419
[2023-07-15T21:51:22Z INFO  dt_instance] received at 2023-07-15 21:51:22.351196933 UTC - from mc-21->source-7 "898" 21:51:22.350194606
[2023-07-15T21:51:24Z INFO  dt_instance] received at 2023-07-15 21:51:24.865620373 UTC - from mc-21->source-3 "913" 21:51:24.859204560
[2023-07-15T21:51:27Z INFO  dt_instance] received at 2023-07-15 21:51:27.366950882 UTC - from mc-21->source-3 "918" 21:51:27.365902925
[2023-07-15T21:51:29Z INFO  dt_instance] received at 2023-07-15 21:51:29.872949433 UTC - from mc-21->source-9 "908" 21:51:29.871808736
[2023-07-15T21:51:32Z INFO  dt_instance] received at 2023-07-15 21:51:32.379462704 UTC - from mc-21->source-9 "913" 21:51:32.377787349
[2023-07-15T21:51:34Z INFO  dt_instance] received at 2023-07-15 21:51:34.885165854 UTC - from mc-21->source-9 "918" 21:51:34.883371302
[2023-07-15T21:51:37Z INFO  dt_instance] received at 2023-07-15 21:51:37.391475595 UTC - from mc-21->source-9 "923" 21:51:37.390422289
[2023-07-15T21:51:39Z INFO  dt_instance] received at 2023-07-15 21:51:39.897956803 UTC - from mc-21->source-9 "928" 21:51:39.896439627
[2023-07-15T21:51:42Z INFO  dt_instance] received at 2023-07-15 21:51:42.403348248 UTC - from mc-21->source-9 "933" 21:51:42.402016999
[2023-07-15T21:51:44Z INFO  dt_instance] received at 2023-07-15 21:51:44.908771325 UTC - from mc-21->source-9 "938" 21:51:44.907630896
[2023-07-15T21:51:47Z INFO  dt_instance] received at 2023-07-15 21:51:47.416121553 UTC - from mc-21->source-9 "943" 21:51:47.415013730
[2023-07-15T21:51:49Z INFO  dt_instance] received at 2023-07-15 21:51:49.921078186 UTC - from mc-21->source-9 "948" 21:51:49.919794921
[2023-07-15T21:51:52Z INFO  dt_instance] received at 2023-07-15 21:51:52.428727893 UTC - from mc-21->source-9 "953" 21:51:52.426416957
[2023-07-15T21:51:54Z INFO  dt_instance] received at 2023-07-15 21:51:54.937207976 UTC - from mc-21->source-9 "958" 21:51:54.932903205
[2023-07-15T21:51:57Z INFO  dt_instance] received at 2023-07-15 21:51:57.440887859 UTC - from mc-21->source-9 "963" 21:51:57.439921698
[2023-07-15T21:51:59Z INFO  dt_instance] received at 2023-07-15 21:51:59.949378491 UTC - from mc-21->source-9 "968" 21:51:59.945913475
[2023-07-15T21:52:02Z INFO  dt_instance] received at 2023-07-15 21:52:02.453236447 UTC - from mc-21->source-9 "973" 21:52:02.452329504
[2023-07-15T21:52:05Z INFO  dt_instance] received at 2023-07-15 21:52:05.201015058 UTC - from mc-21->source-6 "986" 21:52:05.199792799
[2023-07-15T21:52:08Z INFO  dt_instance] received at 2023-07-15 21:52:08.447388065 UTC - from mc-21->source-5 "995" 21:52:08.446542025
[2023-07-15T21:52:15Z INFO  dt_instance] received at 2023-07-15 21:52:15.482545003 UTC - from mc-21->source-9 "999" 21:52:15.481455321
