[2023-06-22T18:56:13Z INFO  dt_instance] Current Twin: mc-twin-2
[2023-06-22T18:56:13Z INFO  dt_instance] Replica Name twin-mc-stateful-2
[2023-06-22T18:56:13Z INFO  dt_instance] Sleeping for 100
[2023-06-22T18:57:53Z INFO  dt_instance] Connecting to broker at emqx.dtwins:1883
[2023-06-22T18:57:53Z INFO  dt_instance] Loggin info each 50 messages
[2023-06-22T18:57:53Z INFO  dt_instance] Set max packet size to 60000 KB.
[2023-06-22T18:57:53Z INFO  dt_instance] Refreshing topics for twin - Listen to mc-2/#
[2023-06-22T18:57:53Z INFO  dt_instance] SubAck { pkid: 1, return_codes: [Success(ExactlyOnce)] }
[2023-06-22T18:59:04Z INFO  dt_instance] received at 2023-06-22 18:59:04.109426898 UTC - from mc-2->source-2 "9" 18:59:04.107961175
[2023-06-22T18:59:07Z INFO  dt_instance] received at 2023-06-22 18:59:07.365602121 UTC - from mc-2->source-3 "13" 18:59:07.364037225
[2023-06-22T18:59:09Z INFO  dt_instance] received at 2023-06-22 18:59:09.882057112 UTC - from mc-2->source-1 "23" 18:59:09.877219767
[2023-06-22T18:59:12Z INFO  dt_instance] received at 2023-06-22 18:59:12.383947723 UTC - from mc-2->source-1 "28" 18:59:12.382580373
[2023-06-22T18:59:14Z INFO  dt_instance] received at 2023-06-22 18:59:14.890540439 UTC - from mc-2->source-1 "33" 18:59:14.888313350
[2023-06-22T18:59:17Z INFO  dt_instance] received at 2023-06-22 18:59:17.394685741 UTC - from mc-2->source-1 "38" 18:59:17.393044510
[2023-06-22T18:59:19Z INFO  dt_instance] received at 2023-06-22 18:59:19.900251781 UTC - from mc-2->source-1 "43" 18:59:19.899011558
[2023-06-22T18:59:22Z INFO  dt_instance] received at 2023-06-22 18:59:22.406468526 UTC - from mc-2->source-1 "48" 18:59:22.404516171
[2023-06-22T18:59:24Z INFO  dt_instance] received at 2023-06-22 18:59:24.911327898 UTC - from mc-2->source-1 "53" 18:59:24.909824058
[2023-06-22T18:59:27Z INFO  dt_instance] received at 2023-06-22 18:59:27.416876795 UTC - from mc-2->source-1 "58" 18:59:27.415528755
[2023-06-22T18:59:29Z INFO  dt_instance] received at 2023-06-22 18:59:29.922784667 UTC - from mc-2->source-1 "63" 18:59:29.921270261
[2023-06-22T18:59:32Z INFO  dt_instance] received at 2023-06-22 18:59:32.428785751 UTC - from mc-2->source-1 "68" 18:59:32.427351919
[2023-06-22T18:59:34Z INFO  dt_instance] received at 2023-06-22 18:59:34.936791676 UTC - from mc-2->source-1 "73" 18:59:34.935492438
[2023-06-22T18:59:37Z INFO  dt_instance] received at 2023-06-22 18:59:37.442295847 UTC - from mc-2->source-1 "78" 18:59:37.441041930
[2023-06-22T18:59:39Z INFO  dt_instance] received at 2023-06-22 18:59:39.949107568 UTC - from mc-2->source-3 "78" 18:59:39.946943278
[2023-06-22T18:59:42Z INFO  dt_instance] received at 2023-06-22 18:59:42.453995218 UTC - from mc-2->source-3 "83" 18:59:42.452625484
[2023-06-22T18:59:44Z INFO  dt_instance] received at 2023-06-22 18:59:44.960574885 UTC - from mc-2->source-3 "88" 18:59:44.959102931
[2023-06-22T18:59:47Z INFO  dt_instance] received at 2023-06-22 18:59:47.467014778 UTC - from mc-2->source-3 "93" 18:59:47.465712830
[2023-06-22T18:59:49Z INFO  dt_instance] received at 2023-06-22 18:59:49.976569533 UTC - from mc-2->source-3 "98" 18:59:49.970384120
[2023-06-22T18:59:52Z INFO  dt_instance] received at 2023-06-22 18:59:52.478645063 UTC - from mc-2->source-3 "103" 18:59:52.477206186
[2023-06-22T18:59:54Z INFO  dt_instance] received at 2023-06-22 18:59:54.984583482 UTC - from mc-2->source-3 "108" 18:59:54.983275680
[2023-06-22T18:59:57Z INFO  dt_instance] received at 2023-06-22 18:59:57.493278939 UTC - from mc-2->source-5 "108" 18:59:57.491718094
[2023-06-22T19:00:00Z INFO  dt_instance] received at 2023-06-22 18:59:59.999999768 UTC - from mc-2->source-5 "113" 18:59:59.998650969
[2023-06-22T19:00:02Z INFO  dt_instance] received at 2023-06-22 19:00:02.505609886 UTC - from mc-2->source-3 "123" 19:00:02.504096109
[2023-06-22T19:00:05Z INFO  dt_instance] received at 2023-06-22 19:00:05.021178883 UTC - from mc-2->source-3 "128" 19:00:05.017394264
[2023-06-22T19:00:07Z INFO  dt_instance] received at 2023-06-22 19:00:07.527135928 UTC - from mc-2->source-5 "128" 19:00:07.525687632
[2023-06-22T19:00:10Z INFO  dt_instance] received at 2023-06-22 19:00:10.033541552 UTC - from mc-2->source-5 "133" 19:00:10.031243039
[2023-06-22T19:00:12Z INFO  dt_instance] received at 2023-06-22 19:00:12.539591941 UTC - from mc-2->source-3 "143" 19:00:12.537363290
[2023-06-22T19:00:15Z INFO  dt_instance] received at 2023-06-22 19:00:15.047849520 UTC - from mc-2->source-5 "143" 19:00:15.046072600
[2023-06-22T19:00:17Z INFO  dt_instance] received at 2023-06-22 19:00:17.554316311 UTC - from mc-2->source-1 "158" 19:00:17.552669860
[2023-06-22T19:00:20Z INFO  dt_instance] received at 2023-06-22 19:00:20.058732643 UTC - from mc-2->source-1 "163" 19:00:20.057351986
[2023-06-22T19:00:22Z INFO  dt_instance] received at 2023-06-22 19:00:22.564955058 UTC - from mc-2->source-5 "158" 19:00:22.562890916
[2023-06-22T19:00:25Z INFO  dt_instance] received at 2023-06-22 19:00:25.070981998 UTC - from mc-2->source-1 "173" 19:00:25.069460218
[2023-06-22T19:00:27Z INFO  dt_instance] received at 2023-06-22 19:00:27.577047176 UTC - from mc-2->source-3 "173" 19:00:27.575463651
[2023-06-22T19:00:30Z INFO  dt_instance] received at 2023-06-22 19:00:30.081814434 UTC - from mc-2->source-1 "183" 19:00:30.080554481
[2023-06-22T19:00:32Z INFO  dt_instance] received at 2023-06-22 19:00:32.589267877 UTC - from mc-2->source-3 "183" 19:00:32.587400046
[2023-06-22T19:00:35Z INFO  dt_instance] received at 2023-06-22 19:00:35.093817991 UTC - from mc-2->source-1 "193" 19:00:35.092054905
[2023-06-22T19:00:37Z INFO  dt_instance] received at 2023-06-22 19:00:37.599292974 UTC - from mc-2->source-5 "188" 19:00:37.598153160
[2023-06-22T19:00:40Z INFO  dt_instance] received at 2023-06-22 19:00:40.106288872 UTC - from mc-2->source-3 "198" 19:00:40.105169412
[2023-06-22T19:00:42Z INFO  dt_instance] received at 2023-06-22 19:00:42.615911694 UTC - from mc-2->source-1 "208" 19:00:42.612584967
[2023-06-22T19:00:45Z INFO  dt_instance] received at 2023-06-22 19:00:45.120711877 UTC - from mc-2->source-1 "213" 19:00:45.119343718
[2023-06-22T19:00:47Z INFO  dt_instance] received at 2023-06-22 19:00:47.626589584 UTC - from mc-2->source-1 "218" 19:00:47.624923868
[2023-06-22T19:00:50Z INFO  dt_instance] received at 2023-06-22 19:00:50.136078552 UTC - from mc-2->source-3 "218" 19:00:50.131284
[2023-06-22T19:00:52Z INFO  dt_instance] received at 2023-06-22 19:00:52.639641945 UTC - from mc-2->source-1 "228" 19:00:52.638225057
[2023-06-22T19:00:55Z INFO  dt_instance] received at 2023-06-22 19:00:55.147101322 UTC - from mc-2->source-3 "228" 19:00:55.144435276
[2023-06-22T19:00:57Z INFO  dt_instance] received at 2023-06-22 19:00:57.652657588 UTC - from mc-2->source-1 "238" 19:00:57.651141390
[2023-06-22T19:01:00Z INFO  dt_instance] received at 2023-06-22 19:01:00.158091483 UTC - from mc-2->source-3 "238" 19:01:00.156413687
[2023-06-22T19:01:02Z INFO  dt_instance] received at 2023-06-22 19:01:02.663324002 UTC - from mc-2->source-1 "248" 19:01:02.661860994
[2023-06-22T19:01:05Z INFO  dt_instance] received at 2023-06-22 19:01:05.170320956 UTC - from mc-2->source-1 "253" 19:01:05.168825359
[2023-06-22T19:01:07Z INFO  dt_instance] received at 2023-06-22 19:01:07.685988885 UTC - from mc-2->source-1 "258" 19:01:07.684824080
[2023-06-22T19:01:10Z INFO  dt_instance] received at 2023-06-22 19:01:10.192986293 UTC - from mc-2->source-1 "263" 19:01:10.191648240
[2023-06-22T19:01:12Z INFO  dt_instance] received at 2023-06-22 19:01:12.697763927 UTC - from mc-2->source-1 "268" 19:01:12.696069607
[2023-06-22T19:01:15Z INFO  dt_instance] received at 2023-06-22 19:01:15.202726619 UTC - from mc-2->source-1 "273" 19:01:15.201276846
[2023-06-22T19:01:17Z INFO  dt_instance] received at 2023-06-22 19:01:17.708898657 UTC - from mc-2->source-1 "278" 19:01:17.707365668
[2023-06-22T19:01:20Z INFO  dt_instance] received at 2023-06-22 19:01:20.213559736 UTC - from mc-2->source-1 "283" 19:01:20.212209864
[2023-06-22T19:01:22Z INFO  dt_instance] received at 2023-06-22 19:01:22.718633572 UTC - from mc-2->source-1 "288" 19:01:22.717347610
[2023-06-22T19:01:25Z INFO  dt_instance] received at 2023-06-22 19:01:25.235802084 UTC - from mc-2->source-1 "293" 19:01:25.234168432
[2023-06-22T19:01:27Z INFO  dt_instance] received at 2023-06-22 19:01:27.741913650 UTC - from mc-2->source-1 "298" 19:01:27.740407850
[2023-06-22T19:01:30Z INFO  dt_instance] received at 2023-06-22 19:01:30.249056044 UTC - from mc-2->source-1 "303" 19:01:30.247830708
[2023-06-22T19:01:32Z INFO  dt_instance] received at 2023-06-22 19:01:32.755916941 UTC - from mc-2->source-1 "308" 19:01:32.754400704
[2023-06-22T19:01:35Z INFO  dt_instance] received at 2023-06-22 19:01:35.261539498 UTC - from mc-2->source-1 "313" 19:01:35.260211310
[2023-06-22T19:01:37Z INFO  dt_instance] received at 2023-06-22 19:01:37.768292777 UTC - from mc-2->source-1 "318" 19:01:37.766741195
[2023-06-22T19:01:40Z INFO  dt_instance] received at 2023-06-22 19:01:40.274181693 UTC - from mc-2->source-1 "323" 19:01:40.273016758
[2023-06-22T19:01:42Z INFO  dt_instance] received at 2023-06-22 19:01:42.780789171 UTC - from mc-2->source-1 "328" 19:01:42.779786087
[2023-06-22T19:01:45Z INFO  dt_instance] received at 2023-06-22 19:01:45.285481292 UTC - from mc-2->source-1 "333" 19:01:45.284262348
[2023-06-22T19:01:47Z INFO  dt_instance] received at 2023-06-22 19:01:47.790408463 UTC - from mc-2->source-1 "338" 19:01:47.789250058
[2023-06-22T19:01:50Z INFO  dt_instance] received at 2023-06-22 19:01:50.296210959 UTC - from mc-2->source-1 "343" 19:01:50.294688358
[2023-06-22T19:01:52Z INFO  dt_instance] received at 2023-06-22 19:01:52.800697662 UTC - from mc-2->source-1 "348" 19:01:52.799179021
[2023-06-22T19:01:55Z INFO  dt_instance] received at 2023-06-22 19:01:55.308951293 UTC - from mc-2->source-1 "353" 19:01:55.307064171
[2023-06-22T19:01:57Z INFO  dt_instance] received at 2023-06-22 19:01:57.815059878 UTC - from mc-2->source-3 "353" 19:01:57.813286882
[2023-06-22T19:02:00Z INFO  dt_instance] received at 2023-06-22 19:02:00.320897871 UTC - from mc-2->source-3 "358" 19:02:00.319498159
[2023-06-22T19:02:02Z INFO  dt_instance] received at 2023-06-22 19:02:02.825616659 UTC - from mc-2->source-3 "363" 19:02:02.824000551
[2023-06-22T19:02:05Z INFO  dt_instance] received at 2023-06-22 19:02:05.332439291 UTC - from mc-2->source-1 "373" 19:02:05.330805057
[2023-06-22T19:02:07Z INFO  dt_instance] received at 2023-06-22 19:02:07.837798135 UTC - from mc-2->source-3 "373" 19:02:07.836305891
[2023-06-22T19:02:10Z INFO  dt_instance] received at 2023-06-22 19:02:10.344525686 UTC - from mc-2->source-3 "378" 19:02:10.343266106
[2023-06-22T19:02:12Z INFO  dt_instance] received at 2023-06-22 19:02:12.852032110 UTC - from mc-2->source-3 "383" 19:02:12.850761885
[2023-06-22T19:02:15Z INFO  dt_instance] received at 2023-06-22 19:02:15.358182699 UTC - from mc-2->source-3 "388" 19:02:15.356538221
[2023-06-22T19:02:17Z INFO  dt_instance] received at 2023-06-22 19:02:17.862664879 UTC - from mc-2->source-3 "393" 19:02:17.861565260
[2023-06-22T19:02:20Z INFO  dt_instance] received at 2023-06-22 19:02:20.369259376 UTC - from mc-2->source-1 "403" 19:02:20.367149168
[2023-06-22T19:02:22Z INFO  dt_instance] received at 2023-06-22 19:02:22.875317171 UTC - from mc-2->source-3 "403" 19:02:22.873959989
[2023-06-22T19:02:25Z INFO  dt_instance] received at 2023-06-22 19:02:25.381333946 UTC - from mc-2->source-3 "408" 19:02:25.379864070
[2023-06-22T19:02:27Z INFO  dt_instance] received at 2023-06-22 19:02:27.887544310 UTC - from mc-2->source-3 "413" 19:02:27.885765664
[2023-06-22T19:02:30Z INFO  dt_instance] received at 2023-06-22 19:02:30.391906515 UTC - from mc-2->source-3 "418" 19:02:30.390198053
[2023-06-22T19:02:32Z INFO  dt_instance] received at 2023-06-22 19:02:32.898845086 UTC - from mc-2->source-3 "423" 19:02:32.896935144
[2023-06-22T19:02:35Z INFO  dt_instance] received at 2023-06-22 19:02:35.404746576 UTC - from mc-2->source-3 "428" 19:02:35.403354878
[2023-06-22T19:02:37Z INFO  dt_instance] received at 2023-06-22 19:02:37.911549848 UTC - from mc-2->source-3 "433" 19:02:37.910258259
[2023-06-22T19:02:40Z INFO  dt_instance] received at 2023-06-22 19:02:40.418287940 UTC - from mc-2->source-3 "438" 19:02:40.416614745
[2023-06-22T19:02:42Z INFO  dt_instance] received at 2023-06-22 19:02:42.922650800 UTC - from mc-2->source-3 "443" 19:02:42.921221509
[2023-06-22T19:02:45Z INFO  dt_instance] received at 2023-06-22 19:02:45.429059550 UTC - from mc-2->source-3 "448" 19:02:45.427179523
[2023-06-22T19:02:47Z INFO  dt_instance] received at 2023-06-22 19:02:47.935200211 UTC - from mc-2->source-3 "453" 19:02:47.933868930
[2023-06-22T19:02:50Z INFO  dt_instance] received at 2023-06-22 19:02:50.441412797 UTC - from mc-2->source-3 "458" 19:02:50.440052704
[2023-06-22T19:02:52Z INFO  dt_instance] received at 2023-06-22 19:02:52.947460454 UTC - from mc-2->source-3 "463" 19:02:52.945827515
[2023-06-22T19:02:55Z INFO  dt_instance] received at 2023-06-22 19:02:55.452693493 UTC - from mc-2->source-3 "468" 19:02:55.451142251
[2023-06-22T19:02:57Z INFO  dt_instance] received at 2023-06-22 19:02:57.958546394 UTC - from mc-2->source-3 "473" 19:02:57.957252268
[2023-06-22T19:03:00Z INFO  dt_instance] received at 2023-06-22 19:03:00.463226700 UTC - from mc-2->source-3 "478" 19:03:00.461981452
[2023-06-22T19:03:02Z INFO  dt_instance] received at 2023-06-22 19:03:02.977740390 UTC - from mc-2->source-3 "483" 19:03:02.976267584
[2023-06-22T19:03:05Z INFO  dt_instance] received at 2023-06-22 19:03:05.484699749 UTC - from mc-2->source-3 "488" 19:03:05.483117746
[2023-06-22T19:03:07Z INFO  dt_instance] received at 2023-06-22 19:03:07.990212521 UTC - from mc-2->source-3 "493" 19:03:07.988442717
[2023-06-22T19:03:10Z INFO  dt_instance] received at 2023-06-22 19:03:10.497148393 UTC - from mc-2->source-3 "498" 19:03:10.494550551
[2023-06-22T19:03:13Z INFO  dt_instance] received at 2023-06-22 19:03:13.001470909 UTC - from mc-2->source-3 "503" 19:03:12.999635873
[2023-06-22T19:03:15Z INFO  dt_instance] received at 2023-06-22 19:03:15.506714373 UTC - from mc-2->source-3 "508" 19:03:15.505486503
[2023-06-22T19:03:18Z INFO  dt_instance] received at 2023-06-22 19:03:18.011846716 UTC - from mc-2->source-3 "513" 19:03:18.010187371
[2023-06-22T19:03:20Z INFO  dt_instance] received at 2023-06-22 19:03:20.516200561 UTC - from mc-2->source-3 "518" 19:03:20.515057531
[2023-06-22T19:03:23Z INFO  dt_instance] received at 2023-06-22 19:03:23.022579693 UTC - from mc-2->source-3 "523" 19:03:23.020926962
[2023-06-22T19:03:25Z INFO  dt_instance] received at 2023-06-22 19:03:25.529738325 UTC - from mc-2->source-3 "528" 19:03:25.528523067
[2023-06-22T19:03:28Z INFO  dt_instance] received at 2023-06-22 19:03:28.034801204 UTC - from mc-2->source-3 "533" 19:03:28.033727858
[2023-06-22T19:03:30Z INFO  dt_instance] received at 2023-06-22 19:03:30.541431148 UTC - from mc-2->source-3 "538" 19:03:30.539611384
[2023-06-22T19:03:33Z INFO  dt_instance] received at 2023-06-22 19:03:33.050509545 UTC - from mc-2->source-3 "543" 19:03:33.045591188
[2023-06-22T19:03:35Z INFO  dt_instance] received at 2023-06-22 19:03:35.552316133 UTC - from mc-2->source-3 "548" 19:03:35.550289232
[2023-06-22T19:03:38Z INFO  dt_instance] received at 2023-06-22 19:03:38.058533757 UTC - from mc-2->source-3 "553" 19:03:38.056944704
[2023-06-22T19:03:40Z INFO  dt_instance] received at 2023-06-22 19:03:40.565646504 UTC - from mc-2->source-3 "558" 19:03:40.563883731
[2023-06-22T19:03:43Z INFO  dt_instance] received at 2023-06-22 19:03:43.071761390 UTC - from mc-2->source-3 "563" 19:03:43.069437333
[2023-06-22T19:03:45Z INFO  dt_instance] received at 2023-06-22 19:03:45.576194030 UTC - from mc-2->source-3 "568" 19:03:45.574690593
[2023-06-22T19:03:48Z INFO  dt_instance] received at 2023-06-22 19:03:48.083257895 UTC - from mc-2->source-3 "573" 19:03:48.081871400
[2023-06-22T19:03:50Z INFO  dt_instance] received at 2023-06-22 19:03:50.590156763 UTC - from mc-2->source-3 "578" 19:03:50.588604013
[2023-06-22T19:03:53Z INFO  dt_instance] received at 2023-06-22 19:03:53.095605324 UTC - from mc-2->source-3 "583" 19:03:53.094120185
[2023-06-22T19:03:55Z INFO  dt_instance] received at 2023-06-22 19:03:55.602036126 UTC - from mc-2->source-3 "588" 19:03:55.600533784
[2023-06-22T19:03:58Z INFO  dt_instance] received at 2023-06-22 19:03:58.106911634 UTC - from mc-2->source-3 "593" 19:03:58.105414824
[2023-06-22T19:04:00Z INFO  dt_instance] received at 2023-06-22 19:04:00.612373646 UTC - from mc-2->source-3 "598" 19:04:00.610895849
[2023-06-22T19:04:03Z INFO  dt_instance] received at 2023-06-22 19:04:03.117787396 UTC - from mc-2->source-3 "603" 19:04:03.116416353
[2023-06-22T19:04:05Z INFO  dt_instance] received at 2023-06-22 19:04:05.623834654 UTC - from mc-2->source-3 "608" 19:04:05.622877866
[2023-06-22T19:04:08Z INFO  dt_instance] received at 2023-06-22 19:04:08.130725161 UTC - from mc-2->source-3 "613" 19:04:08.129293294
[2023-06-22T19:04:10Z INFO  dt_instance] received at 2023-06-22 19:04:10.637537634 UTC - from mc-2->source-3 "618" 19:04:10.636389114
[2023-06-22T19:04:13Z INFO  dt_instance] received at 2023-06-22 19:04:13.145294972 UTC - from mc-2->source-3 "623" 19:04:13.143726122
[2023-06-22T19:04:15Z INFO  dt_instance] received at 2023-06-22 19:04:15.650240040 UTC - from mc-2->source-3 "628" 19:04:15.648276362
[2023-06-22T19:04:18Z INFO  dt_instance] received at 2023-06-22 19:04:18.159735089 UTC - from mc-2->source-3 "633" 19:04:18.154150737
[2023-06-22T19:04:20Z INFO  dt_instance] received at 2023-06-22 19:04:20.661092995 UTC - from mc-2->source-3 "638" 19:04:20.659941040
[2023-06-22T19:04:23Z INFO  dt_instance] received at 2023-06-22 19:04:23.167315630 UTC - from mc-2->source-3 "643" 19:04:23.166048023
[2023-06-22T19:04:25Z INFO  dt_instance] received at 2023-06-22 19:04:25.673721043 UTC - from mc-2->source-3 "648" 19:04:25.672249686
[2023-06-22T19:04:28Z INFO  dt_instance] received at 2023-06-22 19:04:28.178542028 UTC - from mc-2->source-3 "653" 19:04:28.177060049
[2023-06-22T19:04:30Z INFO  dt_instance] received at 2023-06-22 19:04:30.684500448 UTC - from mc-2->source-3 "658" 19:04:30.683262581
[2023-06-22T19:04:33Z INFO  dt_instance] received at 2023-06-22 19:04:33.191782478 UTC - from mc-2->source-3 "663" 19:04:33.189814100
[2023-06-22T19:04:35Z INFO  dt_instance] received at 2023-06-22 19:04:35.695245311 UTC - from mc-2->source-3 "668" 19:04:35.694303355
[2023-06-22T19:04:38Z INFO  dt_instance] received at 2023-06-22 19:04:38.201956294 UTC - from mc-2->source-3 "673" 19:04:38.199565546
[2023-06-22T19:04:40Z INFO  dt_instance] received at 2023-06-22 19:04:40.706087815 UTC - from mc-2->source-3 "678" 19:04:40.704793347
[2023-06-22T19:04:43Z INFO  dt_instance] received at 2023-06-22 19:04:43.213565075 UTC - from mc-2->source-3 "683" 19:04:43.212293089
[2023-06-22T19:04:45Z INFO  dt_instance] received at 2023-06-22 19:04:45.722682706 UTC - from mc-2->source-3 "688" 19:04:45.719257921
[2023-06-22T19:04:48Z INFO  dt_instance] received at 2023-06-22 19:04:48.225454750 UTC - from mc-2->source-3 "693" 19:04:48.224293966
[2023-06-22T19:04:50Z INFO  dt_instance] received at 2023-06-22 19:04:50.730335421 UTC - from mc-2->source-3 "698" 19:04:50.729144828
[2023-06-22T19:04:53Z INFO  dt_instance] received at 2023-06-22 19:04:53.236489493 UTC - from mc-2->source-3 "703" 19:04:53.234777886
[2023-06-22T19:04:55Z INFO  dt_instance] received at 2023-06-22 19:04:55.741680868 UTC - from mc-2->source-3 "708" 19:04:55.739786456
[2023-06-22T19:04:58Z INFO  dt_instance] received at 2023-06-22 19:04:58.247522402 UTC - from mc-2->source-3 "713" 19:04:58.246324339
[2023-06-22T19:05:00Z INFO  dt_instance] received at 2023-06-22 19:05:00.753049570 UTC - from mc-2->source-3 "718" 19:05:00.751907370
[2023-06-22T19:05:03Z INFO  dt_instance] received at 2023-06-22 19:05:03.260657071 UTC - from mc-2->source-3 "723" 19:05:03.259023544
[2023-06-22T19:05:05Z INFO  dt_instance] received at 2023-06-22 19:05:05.765272548 UTC - from mc-2->source-3 "728" 19:05:05.764215632
[2023-06-22T19:05:08Z INFO  dt_instance] received at 2023-06-22 19:05:08.271165650 UTC - from mc-2->source-3 "733" 19:05:08.269885308
[2023-06-22T19:05:10Z INFO  dt_instance] received at 2023-06-22 19:05:10.775724897 UTC - from mc-2->source-3 "738" 19:05:10.774096263
[2023-06-22T19:05:13Z INFO  dt_instance] received at 2023-06-22 19:05:13.281574204 UTC - from mc-2->source-3 "743" 19:05:13.280440933
[2023-06-22T19:05:15Z INFO  dt_instance] received at 2023-06-22 19:05:15.786533099 UTC - from mc-2->source-3 "748" 19:05:15.785272712
[2023-06-22T19:05:18Z INFO  dt_instance] received at 2023-06-22 19:05:18.292762127 UTC - from mc-2->source-3 "753" 19:05:18.291369450
[2023-06-22T19:05:20Z INFO  dt_instance] received at 2023-06-22 19:05:20.798303421 UTC - from mc-2->source-3 "758" 19:05:20.796919245
[2023-06-22T19:05:23Z INFO  dt_instance] received at 2023-06-22 19:05:23.303468538 UTC - from mc-2->source-3 "763" 19:05:23.302403610
[2023-06-22T19:05:25Z INFO  dt_instance] received at 2023-06-22 19:05:25.810247627 UTC - from mc-2->source-3 "768" 19:05:25.808419058
[2023-06-22T19:05:28Z INFO  dt_instance] received at 2023-06-22 19:05:28.314725417 UTC - from mc-2->source-3 "773" 19:05:28.313165796
[2023-06-22T19:05:30Z INFO  dt_instance] received at 2023-06-22 19:05:30.819725285 UTC - from mc-2->source-3 "778" 19:05:30.818804765
[2023-06-22T19:05:33Z INFO  dt_instance] received at 2023-06-22 19:05:33.328623992 UTC - from mc-2->source-3 "783" 19:05:33.323944528
[2023-06-22T19:05:35Z INFO  dt_instance] received at 2023-06-22 19:05:35.831670622 UTC - from mc-2->source-3 "788" 19:05:35.830529951
[2023-06-22T19:05:38Z INFO  dt_instance] received at 2023-06-22 19:05:38.338006352 UTC - from mc-2->source-3 "793" 19:05:38.336027310
[2023-06-22T19:05:40Z INFO  dt_instance] received at 2023-06-22 19:05:40.843253704 UTC - from mc-2->source-3 "798" 19:05:40.842096676
[2023-06-22T19:05:43Z INFO  dt_instance] received at 2023-06-22 19:05:43.348963631 UTC - from mc-2->source-3 "803" 19:05:43.347654947
[2023-06-22T19:05:45Z INFO  dt_instance] received at 2023-06-22 19:05:45.853936939 UTC - from mc-2->source-3 "808" 19:05:45.852677599
[2023-06-22T19:05:48Z INFO  dt_instance] received at 2023-06-22 19:05:48.358879059 UTC - from mc-2->source-3 "813" 19:05:48.357403085
[2023-06-22T19:05:50Z INFO  dt_instance] received at 2023-06-22 19:05:50.865947997 UTC - from mc-2->source-3 "818" 19:05:50.864210096
[2023-06-22T19:05:53Z INFO  dt_instance] received at 2023-06-22 19:05:53.371341969 UTC - from mc-2->source-3 "823" 19:05:53.369526075
[2023-06-22T19:05:55Z INFO  dt_instance] received at 2023-06-22 19:05:55.875898910 UTC - from mc-2->source-3 "828" 19:05:55.874244415
[2023-06-22T19:05:58Z INFO  dt_instance] received at 2023-06-22 19:05:58.381170123 UTC - from mc-2->source-3 "833" 19:05:58.379439475
[2023-06-22T19:06:00Z INFO  dt_instance] received at 2023-06-22 19:06:00.885716562 UTC - from mc-2->source-3 "838" 19:06:00.884425182
[2023-06-22T19:06:03Z INFO  dt_instance] received at 2023-06-22 19:06:03.391165354 UTC - from mc-2->source-3 "843" 19:06:03.389956296
[2023-06-22T19:06:05Z INFO  dt_instance] received at 2023-06-22 19:06:05.896747265 UTC - from mc-2->source-3 "848" 19:06:05.895360931
[2023-06-22T19:06:08Z INFO  dt_instance] received at 2023-06-22 19:06:08.407952550 UTC - from mc-2->source-3 "853" 19:06:08.401225633
[2023-06-22T19:06:10Z INFO  dt_instance] received at 2023-06-22 19:06:10.908019837 UTC - from mc-2->source-3 "858" 19:06:10.906536290
[2023-06-22T19:06:13Z INFO  dt_instance] received at 2023-06-22 19:06:13.412739720 UTC - from mc-2->source-3 "863" 19:06:13.411419987
[2023-06-22T19:06:15Z INFO  dt_instance] received at 2023-06-22 19:06:15.918248796 UTC - from mc-2->source-3 "868" 19:06:15.916912268
[2023-06-22T19:06:18Z INFO  dt_instance] received at 2023-06-22 19:06:18.423881608 UTC - from mc-2->source-3 "873" 19:06:18.422292896
[2023-06-22T19:06:20Z INFO  dt_instance] received at 2023-06-22 19:06:20.931287256 UTC - from mc-2->source-3 "878" 19:06:20.927294334
[2023-06-22T19:06:23Z INFO  dt_instance] received at 2023-06-22 19:06:23.434024077 UTC - from mc-2->source-3 "883" 19:06:23.432378243
[2023-06-22T19:06:25Z INFO  dt_instance] received at 2023-06-22 19:06:25.940036433 UTC - from mc-2->source-3 "888" 19:06:25.938345699
[2023-06-22T19:06:28Z INFO  dt_instance] received at 2023-06-22 19:06:28.444488956 UTC - from mc-2->source-3 "893" 19:06:28.443478133
[2023-06-22T19:06:30Z INFO  dt_instance] received at 2023-06-22 19:06:30.952159995 UTC - from mc-2->source-3 "898" 19:06:30.947940310
[2023-06-22T19:06:33Z INFO  dt_instance] received at 2023-06-22 19:06:33.455353096 UTC - from mc-2->source-3 "903" 19:06:33.454051407
[2023-06-22T19:06:35Z INFO  dt_instance] received at 2023-06-22 19:06:35.961199100 UTC - from mc-2->source-3 "908" 19:06:35.959940477
[2023-06-22T19:06:38Z INFO  dt_instance] received at 2023-06-22 19:06:38.466739602 UTC - from mc-2->source-3 "913" 19:06:38.465350926
[2023-06-22T19:06:40Z INFO  dt_instance] received at 2023-06-22 19:06:40.972133099 UTC - from mc-2->source-3 "918" 19:06:40.970527393
[2023-06-22T19:06:43Z INFO  dt_instance] received at 2023-06-22 19:06:43.493001356 UTC - from mc-2->source-3 "923" 19:06:43.491948820
[2023-06-22T19:06:46Z INFO  dt_instance] received at 2023-06-22 19:06:46.002721105 UTC - from mc-2->source-3 "928" 19:06:45.998636702
[2023-06-22T19:06:48Z INFO  dt_instance] received at 2023-06-22 19:06:48.505786599 UTC - from mc-2->source-3 "933" 19:06:48.504690121
[2023-06-22T19:06:51Z INFO  dt_instance] received at 2023-06-22 19:06:51.012402714 UTC - from mc-2->source-3 "938" 19:06:51.010183530
[2023-06-22T19:06:53Z INFO  dt_instance] received at 2023-06-22 19:06:53.518245622 UTC - from mc-2->source-3 "943" 19:06:53.515984812
[2023-06-22T19:06:56Z INFO  dt_instance] received at 2023-06-22 19:06:56.023090676 UTC - from mc-2->source-3 "948" 19:06:56.021254616
[2023-06-22T19:06:58Z INFO  dt_instance] received at 2023-06-22 19:06:58.529957691 UTC - from mc-2->source-3 "953" 19:06:58.527242261
[2023-06-22T19:07:01Z INFO  dt_instance] received at 2023-06-22 19:07:01.035573110 UTC - from mc-2->source-3 "958" 19:07:01.032894932
[2023-06-22T19:07:03Z INFO  dt_instance] received at 2023-06-22 19:07:03.541092887 UTC - from mc-2->source-3 "963" 19:07:03.539419693
[2023-06-22T19:07:06Z INFO  dt_instance] received at 2023-06-22 19:07:06.049038325 UTC - from mc-2->source-3 "968" 19:07:06.047374647
[2023-06-22T19:07:08Z INFO  dt_instance] received at 2023-06-22 19:07:08.554363391 UTC - from mc-2->source-3 "973" 19:07:08.552741490
[2023-06-22T19:07:11Z INFO  dt_instance] received at 2023-06-22 19:07:11.063307049 UTC - from mc-2->source-3 "978" 19:07:11.057592026
[2023-06-22T19:07:13Z INFO  dt_instance] received at 2023-06-22 19:07:13.564408675 UTC - from mc-2->source-3 "983" 19:07:13.562569311
[2023-06-22T19:07:16Z INFO  dt_instance] received at 2023-06-22 19:07:16.069922859 UTC - from mc-2->source-3 "988" 19:07:16.067343329
[2023-06-22T19:07:18Z INFO  dt_instance] received at 2023-06-22 19:07:18.764869286 UTC - from mc-2->source-4 "991" 19:07:18.763513577
[2023-06-22T19:07:21Z INFO  dt_instance] received at 2023-06-22 19:07:21.982893 UTC - from mc-2->source-9 "985" 19:07:21.981637845
[2023-06-22T19:07:28Z INFO  dt_instance] received at 2023-06-22 19:07:28.999951484 UTC - from mc-2->source-9 "999" 19:07:28.998520723
