[2023-06-22T18:56:21Z INFO  dt_instance] Current Twin: mc-twin-4
[2023-06-22T18:56:21Z INFO  dt_instance] Replica Name twin-mc-stateful-4
[2023-06-22T18:56:21Z INFO  dt_instance] Sleeping for 200
[2023-06-22T18:59:41Z INFO  dt_instance] Connecting to broker at emqx.dtwins:1883
[2023-06-22T18:59:41Z INFO  dt_instance] Loggin info each 50 messages
[2023-06-22T18:59:41Z INFO  dt_instance] Set max packet size to 60000 KB.
[2023-06-22T18:59:41Z INFO  dt_instance] Refreshing topics for twin - Listen to mc-4/#
[2023-06-22T18:59:41Z INFO  dt_instance] SubAck { pkid: 1, return_codes: [Success(ExactlyOnce)] }
[2023-06-22T19:00:53Z INFO  dt_instance] received at 2023-06-22 19:00:53.632199489 UTC - from mc-4->source-2 "3" 19:00:50.120738618
[2023-06-22T19:00:56Z INFO  dt_instance] received at 2023-06-22 19:00:56.387522547 UTC - from mc-4->source-3 "13" 19:00:56.384513638
[2023-06-22T19:00:58Z INFO  dt_instance] received at 2023-06-22 19:00:58.895018419 UTC - from mc-4->source-1 "23" 19:00:58.893609112
[2023-06-22T19:01:01Z INFO  dt_instance] received at 2023-06-22 19:01:01.403274873 UTC - from mc-4->source-1 "28" 19:01:01.399558173
[2023-06-22T19:01:03Z INFO  dt_instance] received at 2023-06-22 19:01:03.908274255 UTC - from mc-4->source-1 "33" 19:01:03.906771845
[2023-06-22T19:01:06Z INFO  dt_instance] received at 2023-06-22 19:01:06.418720409 UTC - from mc-4->source-1 "38" 19:01:06.411843559
[2023-06-22T19:01:08Z INFO  dt_instance] received at 2023-06-22 19:01:08.919150459 UTC - from mc-4->source-1 "43" 19:01:08.917559974
[2023-06-22T19:01:11Z INFO  dt_instance] received at 2023-06-22 19:01:11.426091843 UTC - from mc-4->source-1 "48" 19:01:11.422863440
[2023-06-22T19:01:13Z INFO  dt_instance] received at 2023-06-22 19:01:13.930620774 UTC - from mc-4->source-1 "53" 19:01:13.929085064
[2023-06-22T19:01:16Z INFO  dt_instance] received at 2023-06-22 19:01:16.437287312 UTC - from mc-4->source-1 "58" 19:01:16.435549257
[2023-06-22T19:01:18Z INFO  dt_instance] received at 2023-06-22 19:01:18.943195684 UTC - from mc-4->source-3 "58" 19:01:18.941520242
[2023-06-22T19:01:21Z INFO  dt_instance] received at 2023-06-22 19:01:21.450836069 UTC - from mc-4->source-1 "68" 19:01:21.447169675
[2023-06-22T19:01:23Z INFO  dt_instance] received at 2023-06-22 19:01:23.956584914 UTC - from mc-4->source-3 "68" 19:01:23.954960420
[2023-06-22T19:01:26Z INFO  dt_instance] received at 2023-06-22 19:01:26.464394972 UTC - from mc-4->source-3 "73" 19:01:26.461123403
[2023-06-22T19:01:28Z INFO  dt_instance] received at 2023-06-22 19:01:28.968260525 UTC - from mc-4->source-3 "78" 19:01:28.967050825
[2023-06-22T19:01:31Z INFO  dt_instance] received at 2023-06-22 19:01:31.476673022 UTC - from mc-4->source-3 "83" 19:01:31.473180093
[2023-06-22T19:01:33Z INFO  dt_instance] received at 2023-06-22 19:01:33.979140487 UTC - from mc-4->source-3 "88" 19:01:33.977885812
[2023-06-22T19:01:36Z INFO  dt_instance] received at 2023-06-22 19:01:36.487594282 UTC - from mc-4->source-3 "93" 19:01:36.484894078
[2023-06-22T19:01:38Z INFO  dt_instance] received at 2023-06-22 19:01:38.991278091 UTC - from mc-4->source-3 "98" 19:01:38.989908624
[2023-06-22T19:01:41Z INFO  dt_instance] received at 2023-06-22 19:01:41.497692925 UTC - from mc-4->source-3 "103" 19:01:41.494418729
[2023-06-22T19:01:44Z INFO  dt_instance] received at 2023-06-22 19:01:44.002865196 UTC - from mc-4->source-3 "108" 19:01:44.001374730
[2023-06-22T19:01:46Z INFO  dt_instance] received at 2023-06-22 19:01:46.510876869 UTC - from mc-4->source-3 "113" 19:01:46.508366999
[2023-06-22T19:01:49Z INFO  dt_instance] received at 2023-06-22 19:01:49.016944269 UTC - from mc-4->source-3 "118" 19:01:49.015140060
[2023-06-22T19:01:51Z INFO  dt_instance] received at 2023-06-22 19:01:51.522441547 UTC - from mc-4->source-3 "123" 19:01:51.520941263
[2023-06-22T19:01:54Z INFO  dt_instance] received at 2023-06-22 19:01:54.032195538 UTC - from mc-4->source-3 "128" 19:01:54.028182807
[2023-06-22T19:01:56Z INFO  dt_instance] received at 2023-06-22 19:01:56.536913225 UTC - from mc-4->source-3 "133" 19:01:56.533431926
[2023-06-22T19:01:59Z INFO  dt_instance] received at 2023-06-22 19:01:59.040065196 UTC - from mc-4->source-3 "138" 19:01:59.038701774
[2023-06-22T19:02:01Z INFO  dt_instance] received at 2023-06-22 19:02:01.546748724 UTC - from mc-4->source-3 "143" 19:02:01.544508448
[2023-06-22T19:02:04Z INFO  dt_instance] received at 2023-06-22 19:02:04.051379926 UTC - from mc-4->source-3 "148" 19:02:04.049946619
[2023-06-22T19:02:06Z INFO  dt_instance] received at 2023-06-22 19:02:06.557591071 UTC - from mc-4->source-3 "153" 19:02:06.556204916
[2023-06-22T19:02:09Z INFO  dt_instance] received at 2023-06-22 19:02:09.063633658 UTC - from mc-4->source-3 "158" 19:02:09.062391062
[2023-06-22T19:02:11Z INFO  dt_instance] received at 2023-06-22 19:02:11.569965347 UTC - from mc-4->source-3 "163" 19:02:11.568537151
[2023-06-22T19:02:14Z INFO  dt_instance] received at 2023-06-22 19:02:14.075082988 UTC - from mc-4->source-3 "168" 19:02:14.073862009
[2023-06-22T19:02:16Z INFO  dt_instance] received at 2023-06-22 19:02:16.580390008 UTC - from mc-4->source-3 "173" 19:02:16.579069295
[2023-06-22T19:02:19Z INFO  dt_instance] received at 2023-06-22 19:02:19.086459187 UTC - from mc-4->source-3 "178" 19:02:19.085140314
[2023-06-22T19:02:21Z INFO  dt_instance] received at 2023-06-22 19:02:21.597210576 UTC - from mc-4->source-3 "183" 19:02:21.591289232
[2023-06-22T19:02:24Z INFO  dt_instance] received at 2023-06-22 19:02:24.096986652 UTC - from mc-4->source-3 "188" 19:02:24.095544247
[2023-06-22T19:02:26Z INFO  dt_instance] received at 2023-06-22 19:02:26.602191366 UTC - from mc-4->source-3 "193" 19:02:26.600989184
[2023-06-22T19:02:29Z INFO  dt_instance] received at 2023-06-22 19:02:29.107129765 UTC - from mc-4->source-3 "198" 19:02:29.105938198
[2023-06-22T19:02:31Z INFO  dt_instance] received at 2023-06-22 19:02:31.611880104 UTC - from mc-4->source-3 "203" 19:02:31.610668483
[2023-06-22T19:02:34Z INFO  dt_instance] received at 2023-06-22 19:02:34.118271923 UTC - from mc-4->source-3 "208" 19:02:34.117032767
[2023-06-22T19:02:36Z INFO  dt_instance] received at 2023-06-22 19:02:36.623525402 UTC - from mc-4->source-3 "213" 19:02:36.621667613
[2023-06-22T19:02:39Z INFO  dt_instance] received at 2023-06-22 19:02:39.130752222 UTC - from mc-4->source-3 "218" 19:02:39.127611664
[2023-06-22T19:02:41Z INFO  dt_instance] received at 2023-06-22 19:02:41.635225920 UTC - from mc-4->source-3 "223" 19:02:41.633621928
[2023-06-22T19:02:44Z INFO  dt_instance] received at 2023-06-22 19:02:44.146803409 UTC - from mc-4->source-3 "228" 19:02:44.145499925
[2023-06-22T19:02:46Z INFO  dt_instance] received at 2023-06-22 19:02:46.652287115 UTC - from mc-4->source-3 "233" 19:02:46.651013553
[2023-06-22T19:02:49Z INFO  dt_instance] received at 2023-06-22 19:02:49.158219634 UTC - from mc-4->source-3 "238" 19:02:49.156431774
[2023-06-22T19:02:51Z INFO  dt_instance] received at 2023-06-22 19:02:51.663757855 UTC - from mc-4->source-3 "243" 19:02:51.662307985
[2023-06-22T19:02:54Z INFO  dt_instance] received at 2023-06-22 19:02:54.167807037 UTC - from mc-4->source-3 "248" 19:02:54.166654096
[2023-06-22T19:02:56Z INFO  dt_instance] received at 2023-06-22 19:02:56.673064702 UTC - from mc-4->source-3 "253" 19:02:56.671674568
[2023-06-22T19:02:59Z INFO  dt_instance] received at 2023-06-22 19:02:59.181641388 UTC - from mc-4->source-3 "258" 19:02:59.180234362
[2023-06-22T19:03:01Z INFO  dt_instance] received at 2023-06-22 19:03:01.686521077 UTC - from mc-4->source-3 "263" 19:03:01.685244742
[2023-06-22T19:03:04Z INFO  dt_instance] received at 2023-06-22 19:03:04.192640115 UTC - from mc-4->source-3 "268" 19:03:04.191387891
[2023-06-22T19:03:06Z INFO  dt_instance] received at 2023-06-22 19:03:06.700584259 UTC - from mc-4->source-3 "273" 19:03:06.698826552
[2023-06-22T19:03:09Z INFO  dt_instance] received at 2023-06-22 19:03:09.204690245 UTC - from mc-4->source-3 "278" 19:03:09.203407972
[2023-06-22T19:03:11Z INFO  dt_instance] received at 2023-06-22 19:03:11.709931058 UTC - from mc-4->source-3 "283" 19:03:11.708794833
[2023-06-22T19:03:14Z INFO  dt_instance] received at 2023-06-22 19:03:14.214921244 UTC - from mc-4->source-9 "273" 19:03:14.213532228
[2023-06-22T19:03:16Z INFO  dt_instance] received at 2023-06-22 19:03:16.720966194 UTC - from mc-4->source-3 "293" 19:03:16.719316246
[2023-06-22T19:03:19Z INFO  dt_instance] received at 2023-06-22 19:03:19.227708858 UTC - from mc-4->source-3 "298" 19:03:19.226436043
[2023-06-22T19:03:21Z INFO  dt_instance] received at 2023-06-22 19:03:21.734383190 UTC - from mc-4->source-3 "303" 19:03:21.732720201
[2023-06-22T19:03:24Z INFO  dt_instance] received at 2023-06-22 19:03:24.241100648 UTC - from mc-4->source-3 "308" 19:03:24.238162828
[2023-06-22T19:03:26Z INFO  dt_instance] received at 2023-06-22 19:03:26.745130640 UTC - from mc-4->source-1 "318" 19:03:26.743142082
[2023-06-22T19:03:29Z INFO  dt_instance] received at 2023-06-22 19:03:29.250388271 UTC - from mc-4->source-7 "308" 19:03:29.248582913
[2023-06-22T19:03:31Z INFO  dt_instance] received at 2023-06-22 19:03:31.756967581 UTC - from mc-4->source-3 "323" 19:03:31.755517316
[2023-06-22T19:03:34Z INFO  dt_instance] received at 2023-06-22 19:03:34.262674187 UTC - from mc-4->source-7 "318" 19:03:34.261110417
[2023-06-22T19:03:36Z INFO  dt_instance] received at 2023-06-22 19:03:36.769403088 UTC - from mc-4->source-7 "323" 19:03:36.768302915
[2023-06-22T19:03:39Z INFO  dt_instance] received at 2023-06-22 19:03:39.276007081 UTC - from mc-4->source-1 "343" 19:03:39.274502278
[2023-06-22T19:03:41Z INFO  dt_instance] received at 2023-06-22 19:03:41.781211969 UTC - from mc-4->source-7 "333" 19:03:41.779638459
[2023-06-22T19:03:44Z INFO  dt_instance] received at 2023-06-22 19:03:44.290030180 UTC - from mc-4->source-7 "338" 19:03:44.286932980
[2023-06-22T19:03:46Z INFO  dt_instance] received at 2023-06-22 19:03:46.793278646 UTC - from mc-4->source-1 "358" 19:03:46.792060203
[2023-06-22T19:03:49Z INFO  dt_instance] received at 2023-06-22 19:03:49.297756112 UTC - from mc-4->source-1 "363" 19:03:49.296494881
[2023-06-22T19:03:51Z INFO  dt_instance] received at 2023-06-22 19:03:51.807588057 UTC - from mc-4->source-1 "368" 19:03:51.803505132
[2023-06-22T19:03:54Z INFO  dt_instance] received at 2023-06-22 19:03:54.311319105 UTC - from mc-4->source-1 "373" 19:03:54.309632259
[2023-06-22T19:03:56Z INFO  dt_instance] received at 2023-06-22 19:03:56.816776829 UTC - from mc-4->source-1 "378" 19:03:56.815526914
[2023-06-22T19:03:59Z INFO  dt_instance] received at 2023-06-22 19:03:59.324034057 UTC - from mc-4->source-1 "383" 19:03:59.320728367
[2023-06-22T19:04:01Z INFO  dt_instance] received at 2023-06-22 19:04:01.831163962 UTC - from mc-4->source-3 "383" 19:04:01.827170051
[2023-06-22T19:04:04Z INFO  dt_instance] received at 2023-06-22 19:04:04.336782237 UTC - from mc-4->source-1 "393" 19:04:04.335353790
[2023-06-22T19:04:06Z INFO  dt_instance] received at 2023-06-22 19:04:06.841394167 UTC - from mc-4->source-1 "398" 19:04:06.840386805
[2023-06-22T19:04:09Z INFO  dt_instance] received at 2023-06-22 19:04:09.347697101 UTC - from mc-4->source-1 "403" 19:04:09.345776573
[2023-06-22T19:04:11Z INFO  dt_instance] received at 2023-06-22 19:04:11.852808256 UTC - from mc-4->source-1 "408" 19:04:11.850747724
[2023-06-22T19:04:14Z INFO  dt_instance] received at 2023-06-22 19:04:14.361057007 UTC - from mc-4->source-1 "413" 19:04:14.357448321
[2023-06-22T19:04:16Z INFO  dt_instance] received at 2023-06-22 19:04:16.865045048 UTC - from mc-4->source-1 "418" 19:04:16.863733706
[2023-06-22T19:04:19Z INFO  dt_instance] received at 2023-06-22 19:04:19.371580325 UTC - from mc-4->source-1 "423" 19:04:19.370463494
[2023-06-22T19:04:21Z INFO  dt_instance] received at 2023-06-22 19:04:21.877499136 UTC - from mc-4->source-1 "428" 19:04:21.875446454
[2023-06-22T19:04:24Z INFO  dt_instance] received at 2023-06-22 19:04:24.382907054 UTC - from mc-4->source-1 "433" 19:04:24.381788006
[2023-06-22T19:04:26Z INFO  dt_instance] received at 2023-06-22 19:04:26.888566974 UTC - from mc-4->source-1 "438" 19:04:26.886638859
[2023-06-22T19:04:29Z INFO  dt_instance] received at 2023-06-22 19:04:29.397912447 UTC - from mc-4->source-3 "438" 19:04:29.391813846
[2023-06-22T19:04:31Z INFO  dt_instance] received at 2023-06-22 19:04:31.901599033 UTC - from mc-4->source-1 "448" 19:04:31.900524967
[2023-06-22T19:04:34Z INFO  dt_instance] received at 2023-06-22 19:04:34.410166604 UTC - from mc-4->source-1 "453" 19:04:34.406895137
[2023-06-22T19:04:36Z INFO  dt_instance] received at 2023-06-22 19:04:36.913155482 UTC - from mc-4->source-1 "458" 19:04:36.911736334
[2023-06-22T19:04:39Z INFO  dt_instance] received at 2023-06-22 19:04:39.420155289 UTC - from mc-4->source-1 "463" 19:04:39.419024741
[2023-06-22T19:04:41Z INFO  dt_instance] received at 2023-06-22 19:04:41.928004751 UTC - from mc-4->source-1 "468" 19:04:41.925195331
[2023-06-22T19:04:44Z INFO  dt_instance] received at 2023-06-22 19:04:44.432281723 UTC - from mc-4->source-1 "473" 19:04:44.431040842
[2023-06-22T19:04:46Z INFO  dt_instance] received at 2023-06-22 19:04:46.940720606 UTC - from mc-4->source-1 "478" 19:04:46.939169773
[2023-06-22T19:04:49Z INFO  dt_instance] received at 2023-06-22 19:04:49.444644988 UTC - from mc-4->source-1 "483" 19:04:49.443669990
[2023-06-22T19:04:51Z INFO  dt_instance] received at 2023-06-22 19:04:51.950544362 UTC - from mc-4->source-1 "488" 19:04:51.949056545
[2023-06-22T19:04:54Z INFO  dt_instance] received at 2023-06-22 19:04:54.454801711 UTC - from mc-4->source-1 "493" 19:04:54.453479922
[2023-06-22T19:04:56Z INFO  dt_instance] received at 2023-06-22 19:04:56.963982913 UTC - from mc-4->source-3 "493" 19:04:56.961917914
[2023-06-22T19:04:59Z INFO  dt_instance] received at 2023-06-22 19:04:59.469031813 UTC - from mc-4->source-3 "498" 19:04:59.467535867
[2023-06-22T19:05:01Z INFO  dt_instance] received at 2023-06-22 19:05:01.976259915 UTC - from mc-4->source-7 "493" 19:05:01.974778392
[2023-06-22T19:05:04Z INFO  dt_instance] received at 2023-06-22 19:05:04.480798872 UTC - from mc-4->source-7 "498" 19:05:04.479594119
[2023-06-22T19:05:06Z INFO  dt_instance] received at 2023-06-22 19:05:06.985993107 UTC - from mc-4->source-7 "503" 19:05:06.984431202
[2023-06-22T19:05:09Z INFO  dt_instance] received at 2023-06-22 19:05:09.493444014 UTC - from mc-4->source-1 "523" 19:05:09.491701255
[2023-06-22T19:05:11Z INFO  dt_instance] received at 2023-06-22 19:05:11.997639384 UTC - from mc-4->source-1 "528" 19:05:11.996596554
[2023-06-22T19:05:14Z INFO  dt_instance] received at 2023-06-22 19:05:14.505329278 UTC - from mc-4->source-1 "533" 19:05:14.502468768
[2023-06-22T19:05:17Z INFO  dt_instance] received at 2023-06-22 19:05:17.010963399 UTC - from mc-4->source-7 "523" 19:05:17.009131731
[2023-06-22T19:05:19Z INFO  dt_instance] received at 2023-06-22 19:05:19.514802936 UTC - from mc-4->source-1 "543" 19:05:19.513731756
[2023-06-22T19:05:22Z INFO  dt_instance] received at 2023-06-22 19:05:22.021356984 UTC - from mc-4->source-1 "548" 19:05:22.020289407
[2023-06-22T19:05:24Z INFO  dt_instance] received at 2023-06-22 19:05:24.529435985 UTC - from mc-4->source-1 "553" 19:05:24.527427064
[2023-06-22T19:05:27Z INFO  dt_instance] received at 2023-06-22 19:05:27.040188563 UTC - from mc-4->source-1 "558" 19:05:27.033933448
[2023-06-22T19:05:29Z INFO  dt_instance] received at 2023-06-22 19:05:29.541682350 UTC - from mc-4->source-1 "563" 19:05:29.538619620
[2023-06-22T19:05:32Z INFO  dt_instance] received at 2023-06-22 19:05:32.046300652 UTC - from mc-4->source-1 "568" 19:05:32.045021479
[2023-06-22T19:05:34Z INFO  dt_instance] received at 2023-06-22 19:05:34.550596344 UTC - from mc-4->source-1 "573" 19:05:34.549461750
[2023-06-22T19:05:37Z INFO  dt_instance] received at 2023-06-22 19:05:37.058376268 UTC - from mc-4->source-7 "563" 19:05:37.057143162
[2023-06-22T19:05:39Z INFO  dt_instance] received at 2023-06-22 19:05:39.563135535 UTC - from mc-4->source-7 "568" 19:05:39.561910216
[2023-06-22T19:05:42Z INFO  dt_instance] received at 2023-06-22 19:05:42.068403295 UTC - from mc-4->source-7 "573" 19:05:42.067453693
[2023-06-22T19:05:44Z INFO  dt_instance] received at 2023-06-22 19:05:44.575549671 UTC - from mc-4->source-7 "578" 19:05:44.572557340
[2023-06-22T19:05:47Z INFO  dt_instance] received at 2023-06-22 19:05:47.080095609 UTC - from mc-4->source-7 "583" 19:05:47.078682502
[2023-06-22T19:05:49Z INFO  dt_instance] received at 2023-06-22 19:05:49.586134014 UTC - from mc-4->source-1 "603" 19:05:49.584653456
[2023-06-22T19:05:52Z INFO  dt_instance] received at 2023-06-22 19:05:52.093084725 UTC - from mc-4->source-1 "608" 19:05:52.091451124
[2023-06-22T19:05:54Z INFO  dt_instance] received at 2023-06-22 19:05:54.599876288 UTC - from mc-4->source-1 "613" 19:05:54.598359121
[2023-06-22T19:05:57Z INFO  dt_instance] received at 2023-06-22 19:05:57.108065439 UTC - from mc-4->source-3 "613" 19:05:57.104441958
[2023-06-22T19:05:59Z INFO  dt_instance] received at 2023-06-22 19:05:59.613093057 UTC - from mc-4->source-3 "618" 19:05:59.611497020
[2023-06-22T19:06:02Z INFO  dt_instance] received at 2023-06-22 19:06:02.118962968 UTC - from mc-4->source-3 "623" 19:06:02.117724815
[2023-06-22T19:06:04Z INFO  dt_instance] received at 2023-06-22 19:06:04.625512470 UTC - from mc-4->source-7 "618" 19:06:04.624120015
[2023-06-22T19:06:07Z INFO  dt_instance] received at 2023-06-22 19:06:07.130911500 UTC - from mc-4->source-7 "623" 19:06:07.129650058
[2023-06-22T19:06:09Z INFO  dt_instance] received at 2023-06-22 19:06:09.638038956 UTC - from mc-4->source-3 "638" 19:06:09.636071405
[2023-06-22T19:06:12Z INFO  dt_instance] received at 2023-06-22 19:06:12.144759367 UTC - from mc-4->source-7 "633" 19:06:12.143430586
[2023-06-22T19:06:14Z INFO  dt_instance] received at 2023-06-22 19:06:14.651813153 UTC - from mc-4->source-7 "638" 19:06:14.649131212
[2023-06-22T19:06:17Z INFO  dt_instance] received at 2023-06-22 19:06:17.157316553 UTC - from mc-4->source-3 "653" 19:06:17.156135821
[2023-06-22T19:06:19Z INFO  dt_instance] received at 2023-06-22 19:06:19.666014313 UTC - from mc-4->source-3 "658" 19:06:19.663318683
[2023-06-22T19:06:22Z INFO  dt_instance] received at 2023-06-22 19:06:22.171335985 UTC - from mc-4->source-3 "663" 19:06:22.169806394
[2023-06-22T19:06:24Z INFO  dt_instance] received at 2023-06-22 19:06:24.677352027 UTC - from mc-4->source-7 "658" 19:06:24.674455080
[2023-06-22T19:06:27Z INFO  dt_instance] received at 2023-06-22 19:06:27.183579666 UTC - from mc-4->source-7 "663" 19:06:27.180729882
[2023-06-22T19:06:29Z INFO  dt_instance] received at 2023-06-22 19:06:29.688584087 UTC - from mc-4->source-7 "668" 19:06:29.687415342
[2023-06-22T19:06:32Z INFO  dt_instance] received at 2023-06-22 19:06:32.195299909 UTC - from mc-4->source-7 "673" 19:06:32.193906745
[2023-06-22T19:06:34Z INFO  dt_instance] received at 2023-06-22 19:06:34.701746883 UTC - from mc-4->source-7 "678" 19:06:34.698970718
[2023-06-22T19:06:37Z INFO  dt_instance] received at 2023-06-22 19:06:37.207496481 UTC - from mc-4->source-7 "683" 19:06:37.206486685
[2023-06-22T19:06:39Z INFO  dt_instance] received at 2023-06-22 19:06:39.716319621 UTC - from mc-4->source-7 "688" 19:06:39.714229604
[2023-06-22T19:06:42Z INFO  dt_instance] received at 2023-06-22 19:06:42.221193023 UTC - from mc-4->source-7 "693" 19:06:42.219417900
[2023-06-22T19:06:44Z INFO  dt_instance] received at 2023-06-22 19:06:44.726071789 UTC - from mc-4->source-7 "698" 19:06:44.724781272
[2023-06-22T19:06:47Z INFO  dt_instance] received at 2023-06-22 19:06:47.245052388 UTC - from mc-4->source-7 "703" 19:06:47.242330215
[2023-06-22T19:06:49Z INFO  dt_instance] received at 2023-06-22 19:06:49.749604234 UTC - from mc-4->source-7 "708" 19:06:49.746749951
[2023-06-22T19:06:52Z INFO  dt_instance] received at 2023-06-22 19:06:52.254033126 UTC - from mc-4->source-7 "713" 19:06:52.251802963
[2023-06-22T19:06:54Z INFO  dt_instance] received at 2023-06-22 19:06:54.760262922 UTC - from mc-4->source-7 "718" 19:06:54.758905296
[2023-06-22T19:06:57Z INFO  dt_instance] received at 2023-06-22 19:06:57.265879738 UTC - from mc-4->source-7 "723" 19:06:57.264495469
[2023-06-22T19:06:59Z INFO  dt_instance] received at 2023-06-22 19:06:59.771231244 UTC - from mc-4->source-7 "728" 19:06:59.770044331
[2023-06-22T19:07:02Z INFO  dt_instance] received at 2023-06-22 19:07:02.277110999 UTC - from mc-4->source-7 "733" 19:07:02.274713542
[2023-06-22T19:07:04Z INFO  dt_instance] received at 2023-06-22 19:07:04.790687253 UTC - from mc-4->source-7 "738" 19:07:04.779888593
[2023-06-22T19:07:07Z INFO  dt_instance] received at 2023-06-22 19:07:07.286160264 UTC - from mc-4->source-7 "743" 19:07:07.284600224
[2023-06-22T19:07:09Z INFO  dt_instance] received at 2023-06-22 19:07:09.791232258 UTC - from mc-4->source-7 "748" 19:07:09.790115199
[2023-06-22T19:07:12Z INFO  dt_instance] received at 2023-06-22 19:07:12.296878340 UTC - from mc-4->source-7 "753" 19:07:12.295185537
[2023-06-22T19:07:14Z INFO  dt_instance] received at 2023-06-22 19:07:14.801975270 UTC - from mc-4->source-7 "758" 19:07:14.800506322
[2023-06-22T19:07:17Z INFO  dt_instance] received at 2023-06-22 19:07:17.309707290 UTC - from mc-4->source-7 "763" 19:07:17.306350345
[2023-06-22T19:07:19Z INFO  dt_instance] received at 2023-06-22 19:07:19.813629379 UTC - from mc-4->source-7 "768" 19:07:19.811050422
[2023-06-22T19:07:22Z INFO  dt_instance] received at 2023-06-22 19:07:22.317529079 UTC - from mc-4->source-7 "773" 19:07:22.315818025
[2023-06-22T19:07:24Z INFO  dt_instance] received at 2023-06-22 19:07:24.823711365 UTC - from mc-4->source-7 "778" 19:07:24.821857637
[2023-06-22T19:07:27Z INFO  dt_instance] received at 2023-06-22 19:07:27.328057450 UTC - from mc-4->source-7 "783" 19:07:27.326544874
[2023-06-22T19:07:29Z INFO  dt_instance] received at 2023-06-22 19:07:29.833126777 UTC - from mc-4->source-7 "788" 19:07:29.831944746
[2023-06-22T19:07:32Z INFO  dt_instance] received at 2023-06-22 19:07:32.339597053 UTC - from mc-4->source-7 "793" 19:07:32.338134134
[2023-06-22T19:07:34Z INFO  dt_instance] received at 2023-06-22 19:07:34.849311618 UTC - from mc-4->source-7 "798" 19:07:34.845240748
[2023-06-22T19:07:37Z INFO  dt_instance] received at 2023-06-22 19:07:37.351832836 UTC - from mc-4->source-7 "803" 19:07:37.349779662
[2023-06-22T19:07:39Z INFO  dt_instance] received at 2023-06-22 19:07:39.856432667 UTC - from mc-4->source-7 "808" 19:07:39.855105658
[2023-06-22T19:07:42Z INFO  dt_instance] received at 2023-06-22 19:07:42.362352649 UTC - from mc-4->source-7 "813" 19:07:42.360909285
[2023-06-22T19:07:44Z INFO  dt_instance] received at 2023-06-22 19:07:44.867749875 UTC - from mc-4->source-7 "818" 19:07:44.866311127
[2023-06-22T19:07:47Z INFO  dt_instance] received at 2023-06-22 19:07:47.372329768 UTC - from mc-4->source-7 "823" 19:07:47.370817600
[2023-06-22T19:07:49Z INFO  dt_instance] received at 2023-06-22 19:07:49.880138073 UTC - from mc-4->source-7 "828" 19:07:49.876965451
[2023-06-22T19:07:52Z INFO  dt_instance] received at 2023-06-22 19:07:52.384229486 UTC - from mc-4->source-7 "833" 19:07:52.382850793
[2023-06-22T19:07:54Z INFO  dt_instance] received at 2023-06-22 19:07:54.889497987 UTC - from mc-4->source-7 "838" 19:07:54.888416701
[2023-06-22T19:07:57Z INFO  dt_instance] received at 2023-06-22 19:07:57.395265295 UTC - from mc-4->source-7 "843" 19:07:57.393929846
[2023-06-22T19:07:59Z INFO  dt_instance] received at 2023-06-22 19:07:59.901147361 UTC - from mc-4->source-7 "848" 19:07:59.899780096
[2023-06-22T19:08:02Z INFO  dt_instance] received at 2023-06-22 19:08:02.406990372 UTC - from mc-4->source-7 "853" 19:08:02.405852151
[2023-06-22T19:08:04Z INFO  dt_instance] received at 2023-06-22 19:08:04.912718742 UTC - from mc-4->source-7 "858" 19:08:04.911487431
[2023-06-22T19:08:07Z INFO  dt_instance] received at 2023-06-22 19:08:07.418439010 UTC - from mc-4->source-7 "863" 19:08:07.417053932
[2023-06-22T19:08:09Z INFO  dt_instance] received at 2023-06-22 19:08:09.926254107 UTC - from mc-4->source-7 "868" 19:08:09.924750782
[2023-06-22T19:08:12Z INFO  dt_instance] received at 2023-06-22 19:08:12.432463758 UTC - from mc-4->source-7 "873" 19:08:12.430697639
[2023-06-22T19:08:14Z INFO  dt_instance] received at 2023-06-22 19:08:14.936945659 UTC - from mc-4->source-7 "878" 19:08:14.935486322
[2023-06-22T19:08:17Z INFO  dt_instance] received at 2023-06-22 19:08:17.441768792 UTC - from mc-4->source-7 "883" 19:08:17.440433457
[2023-06-22T19:08:19Z INFO  dt_instance] received at 2023-06-22 19:08:19.947538415 UTC - from mc-4->source-7 "888" 19:08:19.945618992
[2023-06-22T19:08:22Z INFO  dt_instance] received at 2023-06-22 19:08:22.454540886 UTC - from mc-4->source-7 "893" 19:08:22.453270948
[2023-06-22T19:08:24Z INFO  dt_instance] received at 2023-06-22 19:08:24.959684884 UTC - from mc-4->source-7 "898" 19:08:24.957411930
[2023-06-22T19:08:27Z INFO  dt_instance] received at 2023-06-22 19:08:27.464377322 UTC - from mc-4->source-7 "903" 19:08:27.463212749
[2023-06-22T19:08:29Z INFO  dt_instance] received at 2023-06-22 19:08:29.972579532 UTC - from mc-4->source-7 "908" 19:08:29.970797501
[2023-06-22T19:08:32Z INFO  dt_instance] received at 2023-06-22 19:08:32.476646507 UTC - from mc-4->source-7 "913" 19:08:32.475425536
[2023-06-22T19:08:34Z INFO  dt_instance] received at 2023-06-22 19:08:34.986320872 UTC - from mc-4->source-7 "918" 19:08:34.983856805
[2023-06-22T19:08:37Z INFO  dt_instance] received at 2023-06-22 19:08:37.490733165 UTC - from mc-4->source-7 "923" 19:08:37.489357377
[2023-06-22T19:08:39Z INFO  dt_instance] received at 2023-06-22 19:08:39.996212035 UTC - from mc-4->source-7 "928" 19:08:39.994748498
[2023-06-22T19:08:42Z INFO  dt_instance] received at 2023-06-22 19:08:42.508666665 UTC - from mc-4->source-7 "933" 19:08:42.501383099
[2023-06-22T19:08:45Z INFO  dt_instance] received at 2023-06-22 19:08:45.008079493 UTC - from mc-4->source-7 "938" 19:08:45.006809464
[2023-06-22T19:08:47Z INFO  dt_instance] received at 2023-06-22 19:08:47.512982376 UTC - from mc-4->source-7 "943" 19:08:47.511800848
[2023-06-22T19:08:50Z INFO  dt_instance] received at 2023-06-22 19:08:50.019822539 UTC - from mc-4->source-7 "948" 19:08:50.017688086
[2023-06-22T19:08:52Z INFO  dt_instance] received at 2023-06-22 19:08:52.525282713 UTC - from mc-4->source-7 "953" 19:08:52.523802934
[2023-06-22T19:08:55Z INFO  dt_instance] received at 2023-06-22 19:08:55.031263279 UTC - from mc-4->source-7 "958" 19:08:55.029200213
[2023-06-22T19:08:57Z INFO  dt_instance] received at 2023-06-22 19:08:57.536860432 UTC - from mc-4->source-7 "963" 19:08:57.534769800
[2023-06-22T19:09:00Z INFO  dt_instance] received at 2023-06-22 19:09:00.041022363 UTC - from mc-4->source-7 "968" 19:09:00.039613079
[2023-06-22T19:09:02Z INFO  dt_instance] received at 2023-06-22 19:09:02.548259844 UTC - from mc-4->source-7 "973" 19:09:02.545860925
[2023-06-22T19:09:05Z INFO  dt_instance] received at 2023-06-22 19:09:05.053126207 UTC - from mc-4->source-7 "978" 19:09:05.051590910
[2023-06-22T19:09:07Z INFO  dt_instance] received at 2023-06-22 19:09:07.778937436 UTC - from mc-4->source-4 "991" 19:09:07.777763925
[2023-06-22T19:09:11Z INFO  dt_instance] received at 2023-06-22 19:09:11.042538174 UTC - from mc-4->source-5 "995" 19:09:11.040555372
[2023-06-22T19:09:18Z INFO  dt_instance] received at 2023-06-22 19:09:18.066565535 UTC - from mc-4->source-9 "999" 19:09:18.065548417
