[2023-06-22T18:56:04Z INFO  dt_instance] Current Twin: mc-twin-0
[2023-06-22T18:56:04Z INFO  dt_instance] Replica Name twin-mc-stateful-0
[2023-06-22T18:56:04Z INFO  dt_instance] Sleeping for 0
[2023-06-22T18:56:04Z INFO  dt_instance] Connecting to broker at emqx.dtwins:1883
[2023-06-22T18:56:04Z INFO  dt_instance] Loggin info each 50 messages
[2023-06-22T18:56:04Z INFO  dt_instance] Set max packet size to 60000 KB.
[2023-06-22T18:56:04Z INFO  dt_instance] Refreshing topics for twin - Listen to mc-0/#
[2023-06-22T18:56:04Z INFO  dt_instance] SubAck { pkid: 1, return_codes: [Success(ExactlyOnce)] }
[2023-06-22T18:57:15Z INFO  dt_instance] received at 2023-06-22 18:57:15.235290741 UTC - from mc-0->source-2 "9" 18:57:15.234202659
[2023-06-22T18:57:18Z INFO  dt_instance] received at 2023-06-22 18:57:18.495339107 UTC - from mc-0->source-3 "13" 18:57:18.493702540
[2023-06-22T18:57:21Z INFO  dt_instance] received at 2023-06-22 18:57:21.002396037 UTC - from mc-0->source-1 "23" 18:57:21.000005728
[2023-06-22T18:57:23Z INFO  dt_instance] received at 2023-06-22 18:57:23.510482372 UTC - from mc-0->source-3 "23" 18:57:23.506648278
[2023-06-22T18:57:26Z INFO  dt_instance] received at 2023-06-22 18:57:26.019955352 UTC - from mc-0->source-1 "33" 18:57:26.017282145
[2023-06-22T18:57:28Z INFO  dt_instance] received at 2023-06-22 18:57:28.527459285 UTC - from mc-0->source-1 "38" 18:57:28.525814901
[2023-06-22T18:57:31Z INFO  dt_instance] received at 2023-06-22 18:57:31.034563231 UTC - from mc-0->source-1 "43" 18:57:31.031193283
[2023-06-22T18:57:33Z INFO  dt_instance] received at 2023-06-22 18:57:33.537979240 UTC - from mc-0->source-1 "48" 18:57:33.536696035
[2023-06-22T18:57:36Z INFO  dt_instance] received at 2023-06-22 18:57:36.046817461 UTC - from mc-0->source-1 "53" 18:57:36.045229826
[2023-06-22T18:57:38Z INFO  dt_instance] received at 2023-06-22 18:57:38.552918728 UTC - from mc-0->source-1 "58" 18:57:38.551020357
[2023-06-22T18:57:41Z INFO  dt_instance] received at 2023-06-22 18:57:41.057730586 UTC - from mc-0->source-1 "63" 18:57:41.056277322
[2023-06-22T18:57:43Z INFO  dt_instance] received at 2023-06-22 18:57:43.563814473 UTC - from mc-0->source-1 "68" 18:57:43.562361967
[2023-06-22T18:57:46Z INFO  dt_instance] received at 2023-06-22 18:57:46.070549393 UTC - from mc-0->source-1 "73" 18:57:46.067722735
[2023-06-22T18:57:48Z INFO  dt_instance] received at 2023-06-22 18:57:48.576681713 UTC - from mc-0->source-1 "78" 18:57:48.574749050
[2023-06-22T18:57:51Z INFO  dt_instance] received at 2023-06-22 18:57:51.084380457 UTC - from mc-0->source-1 "83" 18:57:51.082235076
[2023-06-22T18:57:53Z INFO  dt_instance] received at 2023-06-22 18:57:53.590906930 UTC - from mc-0->source-3 "83" 18:57:53.589312791
[2023-06-22T18:57:56Z INFO  dt_instance] received at 2023-06-22 18:57:56.097302829 UTC - from mc-0->source-1 "93" 18:57:56.095355249
[2023-06-22T18:57:58Z INFO  dt_instance] received at 2023-06-22 18:57:58.603199141 UTC - from mc-0->source-1 "98" 18:57:58.601068646
[2023-06-22T18:58:01Z INFO  dt_instance] received at 2023-06-22 18:58:01.107392279 UTC - from mc-0->source-3 "98" 18:58:01.106141374
[2023-06-22T18:58:03Z INFO  dt_instance] received at 2023-06-22 18:58:03.612775055 UTC - from mc-0->source-3 "103" 18:58:03.610979940
[2023-06-22T18:58:06Z INFO  dt_instance] received at 2023-06-22 18:58:06.118769911 UTC - from mc-0->source-1 "113" 18:58:06.116420570
[2023-06-22T18:58:08Z INFO  dt_instance] received at 2023-06-22 18:58:08.625125378 UTC - from mc-0->source-1 "118" 18:58:08.623127084
[2023-06-22T18:58:11Z INFO  dt_instance] received at 2023-06-22 18:58:11.131611658 UTC - from mc-0->source-3 "118" 18:58:11.129358730
[2023-06-22T18:58:13Z INFO  dt_instance] received at 2023-06-22 18:58:13.636483799 UTC - from mc-0->source-1 "128" 18:58:13.634281687
[2023-06-22T18:58:16Z INFO  dt_instance] received at 2023-06-22 18:58:16.141485482 UTC - from mc-0->source-1 "133" 18:58:16.139728924
[2023-06-22T18:58:18Z INFO  dt_instance] received at 2023-06-22 18:58:18.646915641 UTC - from mc-0->source-1 "138" 18:58:18.645420361
[2023-06-22T18:58:21Z INFO  dt_instance] received at 2023-06-22 18:58:21.152201028 UTC - from mc-0->source-3 "138" 18:58:21.149837998
[2023-06-22T18:58:23Z INFO  dt_instance] received at 2023-06-22 18:58:23.657393208 UTC - from mc-0->source-1 "148" 18:58:23.655478310
[2023-06-22T18:58:26Z INFO  dt_instance] received at 2023-06-22 18:58:26.163114276 UTC - from mc-0->source-1 "153" 18:58:26.161157540
[2023-06-22T18:58:28Z INFO  dt_instance] received at 2023-06-22 18:58:28.668593163 UTC - from mc-0->source-1 "158" 18:58:28.666572212
[2023-06-22T18:58:31Z INFO  dt_instance] received at 2023-06-22 18:58:31.173615646 UTC - from mc-0->source-3 "158" 18:58:31.171410192
[2023-06-22T18:58:33Z INFO  dt_instance] received at 2023-06-22 18:58:33.679159375 UTC - from mc-0->source-3 "163" 18:58:33.677235039
[2023-06-22T18:58:36Z INFO  dt_instance] received at 2023-06-22 18:58:36.186021920 UTC - from mc-0->source-1 "173" 18:58:36.183889308
[2023-06-22T18:58:38Z INFO  dt_instance] received at 2023-06-22 18:58:38.691643177 UTC - from mc-0->source-3 "173" 18:58:38.689418685
[2023-06-22T18:58:41Z INFO  dt_instance] received at 2023-06-22 18:58:41.196573645 UTC - from mc-0->source-3 "178" 18:58:41.194010184
[2023-06-22T18:58:43Z INFO  dt_instance] received at 2023-06-22 18:58:43.702973772 UTC - from mc-0->source-1 "188" 18:58:43.700774174
[2023-06-22T18:58:46Z INFO  dt_instance] received at 2023-06-22 18:58:46.209642924 UTC - from mc-0->source-3 "188" 18:58:46.207331709
[2023-06-22T18:58:48Z INFO  dt_instance] received at 2023-06-22 18:58:48.714253170 UTC - from mc-0->source-3 "193" 18:58:48.712992747
[2023-06-22T18:58:51Z INFO  dt_instance] received at 2023-06-22 18:58:51.220550808 UTC - from mc-0->source-3 "198" 18:58:51.218859581
[2023-06-22T18:58:53Z INFO  dt_instance] received at 2023-06-22 18:58:53.727370297 UTC - from mc-0->source-3 "203" 18:58:53.725961165
[2023-06-22T18:58:56Z INFO  dt_instance] received at 2023-06-22 18:58:56.234617125 UTC - from mc-0->source-3 "208" 18:58:56.232891904
[2023-06-22T18:58:58Z INFO  dt_instance] received at 2023-06-22 18:58:58.743591352 UTC - from mc-0->source-3 "213" 18:58:58.738646331
[2023-06-22T18:59:01Z INFO  dt_instance] received at 2023-06-22 18:59:01.245850179 UTC - from mc-0->source-3 "218" 18:59:01.244204356
[2023-06-22T18:59:03Z INFO  dt_instance] received at 2023-06-22 18:59:03.751378192 UTC - from mc-0->source-3 "223" 18:59:03.750240307
[2023-06-22T18:59:06Z INFO  dt_instance] received at 2023-06-22 18:59:06.257541625 UTC - from mc-0->source-3 "228" 18:59:06.255456027
[2023-06-22T18:59:08Z INFO  dt_instance] received at 2023-06-22 18:59:08.764517771 UTC - from mc-0->source-3 "233" 18:59:08.762977705
[2023-06-22T18:59:11Z INFO  dt_instance] received at 2023-06-22 18:59:11.270929728 UTC - from mc-0->source-3 "238" 18:59:11.269325410
[2023-06-22T18:59:13Z INFO  dt_instance] received at 2023-06-22 18:59:13.776237762 UTC - from mc-0->source-3 "243" 18:59:13.774537591
[2023-06-22T18:59:16Z INFO  dt_instance] received at 2023-06-22 18:59:16.282207543 UTC - from mc-0->source-3 "248" 18:59:16.280733820
[2023-06-22T18:59:18Z INFO  dt_instance] received at 2023-06-22 18:59:18.787389885 UTC - from mc-0->source-3 "253" 18:59:18.785919417
[2023-06-22T18:59:21Z INFO  dt_instance] received at 2023-06-22 18:59:21.296771671 UTC - from mc-0->source-3 "258" 18:59:21.291245879
[2023-06-22T18:59:23Z INFO  dt_instance] received at 2023-06-22 18:59:23.798721401 UTC - from mc-0->source-3 "263" 18:59:23.797061983
[2023-06-22T18:59:26Z INFO  dt_instance] received at 2023-06-22 18:59:26.303839477 UTC - from mc-0->source-3 "268" 18:59:26.302280561
[2023-06-22T18:59:28Z INFO  dt_instance] received at 2023-06-22 18:59:28.810239736 UTC - from mc-0->source-3 "273" 18:59:28.808745299
[2023-06-22T18:59:31Z INFO  dt_instance] received at 2023-06-22 18:59:31.317753022 UTC - from mc-0->source-3 "278" 18:59:31.313914283
[2023-06-22T18:59:33Z INFO  dt_instance] received at 2023-06-22 18:59:33.820287539 UTC - from mc-0->source-3 "283" 18:59:33.818672864
[2023-06-22T18:59:36Z INFO  dt_instance] received at 2023-06-22 18:59:36.327302132 UTC - from mc-0->source-3 "288" 18:59:36.325758454
[2023-06-22T18:59:38Z INFO  dt_instance] received at 2023-06-22 18:59:38.833548538 UTC - from mc-0->source-3 "293" 18:59:38.831994478
[2023-06-22T18:59:41Z INFO  dt_instance] received at 2023-06-22 18:59:41.338830647 UTC - from mc-0->source-3 "298" 18:59:41.337495912
[2023-06-22T18:59:43Z INFO  dt_instance] received at 2023-06-22 18:59:43.846089530 UTC - from mc-0->source-3 "303" 18:59:43.844142367
[2023-06-22T18:59:46Z INFO  dt_instance] received at 2023-06-22 18:59:46.351303601 UTC - from mc-0->source-3 "308" 18:59:46.349226499
[2023-06-22T18:59:48Z INFO  dt_instance] received at 2023-06-22 18:59:48.855528603 UTC - from mc-0->source-3 "313" 18:59:48.854080391
[2023-06-22T18:59:51Z INFO  dt_instance] received at 2023-06-22 18:59:51.363053171 UTC - from mc-0->source-3 "318" 18:59:51.360608528
[2023-06-22T18:59:53Z INFO  dt_instance] received at 2023-06-22 18:59:53.866639823 UTC - from mc-0->source-3 "323" 18:59:53.864763404
[2023-06-22T18:59:56Z INFO  dt_instance] received at 2023-06-22 18:59:56.371838253 UTC - from mc-0->source-3 "328" 18:59:56.370651449
[2023-06-22T18:59:58Z INFO  dt_instance] received at 2023-06-22 18:59:58.881211450 UTC - from mc-0->source-3 "333" 18:59:58.878830834
[2023-06-22T19:00:01Z INFO  dt_instance] received at 2023-06-22 19:00:01.387231521 UTC - from mc-0->source-3 "338" 19:00:01.384607432
[2023-06-22T19:00:03Z INFO  dt_instance] received at 2023-06-22 19:00:03.892054629 UTC - from mc-0->source-3 "343" 19:00:03.890488871
[2023-06-22T19:00:06Z INFO  dt_instance] received at 2023-06-22 19:00:06.396653169 UTC - from mc-0->source-1 "353" 19:00:06.395154918
[2023-06-22T19:00:08Z INFO  dt_instance] received at 2023-06-22 19:00:08.902054468 UTC - from mc-0->source-3 "353" 19:00:08.900618100
[2023-06-22T19:00:11Z INFO  dt_instance] received at 2023-06-22 19:00:11.409696738 UTC - from mc-0->source-1 "363" 19:00:11.406326606
[2023-06-22T19:00:13Z INFO  dt_instance] received at 2023-06-22 19:00:13.915623541 UTC - from mc-0->source-3 "363" 19:00:13.912493830
[2023-06-22T19:00:16Z INFO  dt_instance] received at 2023-06-22 19:00:16.419737806 UTC - from mc-0->source-1 "373" 19:00:16.418281987
[2023-06-22T19:00:18Z INFO  dt_instance] received at 2023-06-22 19:00:18.927359791 UTC - from mc-0->source-1 "378" 19:00:18.925757343
[2023-06-22T19:00:21Z INFO  dt_instance] received at 2023-06-22 19:00:21.437312100 UTC - from mc-0->source-1 "383" 19:00:21.433002885
[2023-06-22T19:00:23Z INFO  dt_instance] received at 2023-06-22 19:00:23.940762984 UTC - from mc-0->source-1 "388" 19:00:23.939255136
[2023-06-22T19:00:26Z INFO  dt_instance] received at 2023-06-22 19:00:26.447895697 UTC - from mc-0->source-1 "393" 19:00:26.445264293
[2023-06-22T19:00:28Z INFO  dt_instance] received at 2023-06-22 19:00:28.952501067 UTC - from mc-0->source-1 "398" 19:00:28.951215640
[2023-06-22T19:00:31Z INFO  dt_instance] received at 2023-06-22 19:00:31.459060993 UTC - from mc-0->source-1 "403" 19:00:31.457851834
[2023-06-22T19:00:33Z INFO  dt_instance] received at 2023-06-22 19:00:33.974320969 UTC - from mc-0->source-1 "408" 19:00:33.972827714
[2023-06-22T19:00:36Z INFO  dt_instance] received at 2023-06-22 19:00:36.481662029 UTC - from mc-0->source-1 "413" 19:00:36.479580909
[2023-06-22T19:00:38Z INFO  dt_instance] received at 2023-06-22 19:00:38.986064439 UTC - from mc-0->source-1 "418" 19:00:38.984619018
[2023-06-22T19:00:41Z INFO  dt_instance] received at 2023-06-22 19:00:41.493229830 UTC - from mc-0->source-1 "423" 19:00:41.489986450
[2023-06-22T19:00:43Z INFO  dt_instance] received at 2023-06-22 19:00:43.996610777 UTC - from mc-0->source-1 "428" 19:00:43.994890810
[2023-06-22T19:00:46Z INFO  dt_instance] received at 2023-06-22 19:00:46.503154704 UTC - from mc-0->source-1 "433" 19:00:46.501725398
[2023-06-22T19:00:49Z INFO  dt_instance] received at 2023-06-22 19:00:49.017188397 UTC - from mc-0->source-1 "438" 19:00:49.007265472
[2023-06-22T19:00:51Z INFO  dt_instance] received at 2023-06-22 19:00:51.517218337 UTC - from mc-0->source-1 "443" 19:00:51.514267426
[2023-06-22T19:00:54Z INFO  dt_instance] received at 2023-06-22 19:00:54.024611309 UTC - from mc-0->source-1 "448" 19:00:54.023135814
[2023-06-22T19:00:56Z INFO  dt_instance] received at 2023-06-22 19:00:56.531822743 UTC - from mc-0->source-1 "453" 19:00:56.528214954
[2023-06-22T19:00:59Z INFO  dt_instance] received at 2023-06-22 19:00:59.035714396 UTC - from mc-0->source-1 "458" 19:00:59.034241605
[2023-06-22T19:01:01Z INFO  dt_instance] received at 2023-06-22 19:01:01.543553134 UTC - from mc-0->source-1 "463" 19:01:01.540465599
[2023-06-22T19:01:04Z INFO  dt_instance] received at 2023-06-22 19:01:04.046300526 UTC - from mc-0->source-1 "468" 19:01:04.045187057
[2023-06-22T19:01:06Z INFO  dt_instance] received at 2023-06-22 19:01:06.551402921 UTC - from mc-0->source-1 "473" 19:01:06.550006394
[2023-06-22T19:01:09Z INFO  dt_instance] received at 2023-06-22 19:01:09.056585526 UTC - from mc-0->source-1 "478" 19:01:09.055230948
[2023-06-22T19:01:11Z INFO  dt_instance] received at 2023-06-22 19:01:11.563849623 UTC - from mc-0->source-1 "483" 19:01:11.562678592
[2023-06-22T19:01:14Z INFO  dt_instance] received at 2023-06-22 19:01:14.069417293 UTC - from mc-0->source-1 "488" 19:01:14.068105369
[2023-06-22T19:01:16Z INFO  dt_instance] received at 2023-06-22 19:01:16.574643251 UTC - from mc-0->source-1 "493" 19:01:16.573105074
[2023-06-22T19:01:19Z INFO  dt_instance] received at 2023-06-22 19:01:19.079562419 UTC - from mc-0->source-1 "498" 19:01:19.078193967
[2023-06-22T19:01:21Z INFO  dt_instance] received at 2023-06-22 19:01:21.585334511 UTC - from mc-0->source-1 "503" 19:01:21.583829352
[2023-06-22T19:01:24Z INFO  dt_instance] received at 2023-06-22 19:01:24.091704825 UTC - from mc-0->source-1 "508" 19:01:24.088791974
[2023-06-22T19:01:26Z INFO  dt_instance] received at 2023-06-22 19:01:26.596069794 UTC - from mc-0->source-1 "513" 19:01:26.594725877
[2023-06-22T19:01:29Z INFO  dt_instance] received at 2023-06-22 19:01:29.102780647 UTC - from mc-0->source-1 "518" 19:01:29.100932722
[2023-06-22T19:01:31Z INFO  dt_instance] received at 2023-06-22 19:01:31.608065316 UTC - from mc-0->source-1 "523" 19:01:31.606661883
[2023-06-22T19:01:34Z INFO  dt_instance] received at 2023-06-22 19:01:34.114807539 UTC - from mc-0->source-1 "528" 19:01:34.113576294
[2023-06-22T19:01:36Z INFO  dt_instance] received at 2023-06-22 19:01:36.619280942 UTC - from mc-0->source-1 "533" 19:01:36.617809623
[2023-06-22T19:01:39Z INFO  dt_instance] received at 2023-06-22 19:01:39.124328923 UTC - from mc-0->source-1 "538" 19:01:39.123079597
[2023-06-22T19:01:41Z INFO  dt_instance] received at 2023-06-22 19:01:41.638959650 UTC - from mc-0->source-5 "533" 19:01:41.637765887
[2023-06-22T19:01:44Z INFO  dt_instance] received at 2023-06-22 19:01:44.145564597 UTC - from mc-0->source-5 "538" 19:01:44.144182156
[2023-06-22T19:01:46Z INFO  dt_instance] received at 2023-06-22 19:01:46.652018975 UTC - from mc-0->source-5 "543" 19:01:46.650582059
[2023-06-22T19:01:49Z INFO  dt_instance] received at 2023-06-22 19:01:49.157909714 UTC - from mc-0->source-5 "548" 19:01:49.155492694
[2023-06-22T19:01:51Z INFO  dt_instance] received at 2023-06-22 19:01:51.664042838 UTC - from mc-0->source-5 "553" 19:01:51.662660981
[2023-06-22T19:01:54Z INFO  dt_instance] received at 2023-06-22 19:01:54.170933992 UTC - from mc-0->source-5 "558" 19:01:54.169622118
[2023-06-22T19:01:56Z INFO  dt_instance] received at 2023-06-22 19:01:56.684242851 UTC - from mc-0->source-1 "573" 19:01:56.682152836
[2023-06-22T19:01:59Z INFO  dt_instance] received at 2023-06-22 19:01:59.189181917 UTC - from mc-0->source-1 "578" 19:01:59.187856481
[2023-06-22T19:02:01Z INFO  dt_instance] received at 2023-06-22 19:02:01.694701556 UTC - from mc-0->source-1 "583" 19:02:01.693196348
[2023-06-22T19:02:04Z INFO  dt_instance] received at 2023-06-22 19:02:04.200889164 UTC - from mc-0->source-5 "578" 19:02:04.198388942
[2023-06-22T19:02:06Z INFO  dt_instance] received at 2023-06-22 19:02:06.706393534 UTC - from mc-0->source-1 "593" 19:02:06.704757382
[2023-06-22T19:02:09Z INFO  dt_instance] received at 2023-06-22 19:02:09.211901052 UTC - from mc-0->source-1 "598" 19:02:09.210573259
[2023-06-22T19:02:11Z INFO  dt_instance] received at 2023-06-22 19:02:11.717842897 UTC - from mc-0->source-5 "593" 19:02:11.716198224
[2023-06-22T19:02:14Z INFO  dt_instance] received at 2023-06-22 19:02:14.222553415 UTC - from mc-0->source-1 "608" 19:02:14.221365432
[2023-06-22T19:02:16Z INFO  dt_instance] received at 2023-06-22 19:02:16.729084999 UTC - from mc-0->source-1 "613" 19:02:16.727670692
[2023-06-22T19:02:19Z INFO  dt_instance] received at 2023-06-22 19:02:19.235285703 UTC - from mc-0->source-5 "608" 19:02:19.233707579
[2023-06-22T19:02:21Z INFO  dt_instance] received at 2023-06-22 19:02:21.741924404 UTC - from mc-0->source-5 "613" 19:02:21.740155388
[2023-06-22T19:02:24Z INFO  dt_instance] received at 2023-06-22 19:02:24.247408051 UTC - from mc-0->source-5 "618" 19:02:24.246157501
[2023-06-22T19:02:26Z INFO  dt_instance] received at 2023-06-22 19:02:26.752827379 UTC - from mc-0->source-5 "623" 19:02:26.751257805
[2023-06-22T19:02:29Z INFO  dt_instance] received at 2023-06-22 19:02:29.258009 UTC - from mc-0->source-1 "638" 19:02:29.256754553
[2023-06-22T19:02:31Z INFO  dt_instance] received at 2023-06-22 19:02:31.764828975 UTC - from mc-0->source-1 "643" 19:02:31.763375913
[2023-06-22T19:02:34Z INFO  dt_instance] received at 2023-06-22 19:02:34.272781496 UTC - from mc-0->source-5 "638" 19:02:34.270586982
[2023-06-22T19:02:36Z INFO  dt_instance] received at 2023-06-22 19:02:36.777130694 UTC - from mc-0->source-5 "643" 19:02:36.775617689
[2023-06-22T19:02:39Z INFO  dt_instance] received at 2023-06-22 19:02:39.284082249 UTC - from mc-0->source-1 "658" 19:02:39.282635103
[2023-06-22T19:02:41Z INFO  dt_instance] received at 2023-06-22 19:02:41.791042758 UTC - from mc-0->source-5 "653" 19:02:41.789570916
[2023-06-22T19:02:44Z INFO  dt_instance] received at 2023-06-22 19:02:44.298735991 UTC - from mc-0->source-1 "668" 19:02:44.295181788
[2023-06-22T19:02:46Z INFO  dt_instance] received at 2023-06-22 19:02:46.802094452 UTC - from mc-0->source-5 "663" 19:02:46.800702386
[2023-06-22T19:02:49Z INFO  dt_instance] received at 2023-06-22 19:02:49.307783171 UTC - from mc-0->source-1 "678" 19:02:49.306341156
[2023-06-22T19:02:51Z INFO  dt_instance] received at 2023-06-22 19:02:51.812820100 UTC - from mc-0->source-1 "683" 19:02:51.811667157
[2023-06-22T19:02:54Z INFO  dt_instance] received at 2023-06-22 19:02:54.319421655 UTC - from mc-0->source-1 "688" 19:02:54.318100371
[2023-06-22T19:02:56Z INFO  dt_instance] received at 2023-06-22 19:02:56.825126254 UTC - from mc-0->source-5 "683" 19:02:56.823722221
[2023-06-22T19:02:59Z INFO  dt_instance] received at 2023-06-22 19:02:59.335730480 UTC - from mc-0->source-1 "698" 19:02:59.331336462
[2023-06-22T19:03:01Z INFO  dt_instance] received at 2023-06-22 19:03:01.838958885 UTC - from mc-0->source-1 "703" 19:03:01.836517233
[2023-06-22T19:03:04Z INFO  dt_instance] received at 2023-06-22 19:03:04.343779927 UTC - from mc-0->source-1 "708" 19:03:04.342450270
[2023-06-22T19:03:06Z INFO  dt_instance] received at 2023-06-22 19:03:06.856353269 UTC - from mc-0->source-1 "713" 19:03:06.848523101
[2023-06-22T19:03:09Z INFO  dt_instance] received at 2023-06-22 19:03:09.354212986 UTC - from mc-0->source-1 "718" 19:03:09.353168487
[2023-06-22T19:03:11Z INFO  dt_instance] received at 2023-06-22 19:03:11.860581721 UTC - from mc-0->source-1 "723" 19:03:11.859132642
[2023-06-22T19:03:14Z INFO  dt_instance] received at 2023-06-22 19:03:14.370153420 UTC - from mc-0->source-1 "728" 19:03:14.366729835
[2023-06-22T19:03:16Z INFO  dt_instance] received at 2023-06-22 19:03:16.874237866 UTC - from mc-0->source-5 "723" 19:03:16.872509339
[2023-06-22T19:03:19Z INFO  dt_instance] received at 2023-06-22 19:03:19.379330628 UTC - from mc-0->source-1 "738" 19:03:19.377895067
[2023-06-22T19:03:21Z INFO  dt_instance] received at 2023-06-22 19:03:21.887624216 UTC - from mc-0->source-1 "743" 19:03:21.886239166
[2023-06-22T19:03:24Z INFO  dt_instance] received at 2023-06-22 19:03:24.397099322 UTC - from mc-0->source-1 "748" 19:03:24.395863264
[2023-06-22T19:03:26Z INFO  dt_instance] received at 2023-06-22 19:03:26.902568283 UTC - from mc-0->source-1 "753" 19:03:26.901240565
[2023-06-22T19:03:29Z INFO  dt_instance] received at 2023-06-22 19:03:29.410565231 UTC - from mc-0->source-1 "758" 19:03:29.407270046
[2023-06-22T19:03:31Z INFO  dt_instance] received at 2023-06-22 19:03:31.913602933 UTC - from mc-0->source-5 "753" 19:03:31.912100126
[2023-06-22T19:03:34Z INFO  dt_instance] received at 2023-06-22 19:03:34.421493213 UTC - from mc-0->source-1 "768" 19:03:34.417908664
[2023-06-22T19:03:36Z INFO  dt_instance] received at 2023-06-22 19:03:36.925882185 UTC - from mc-0->source-1 "773" 19:03:36.924070321
[2023-06-22T19:03:39Z INFO  dt_instance] received at 2023-06-22 19:03:39.435142154 UTC - from mc-0->source-1 "778" 19:03:39.433913418
[2023-06-22T19:03:41Z INFO  dt_instance] received at 2023-06-22 19:03:41.940441116 UTC - from mc-0->source-1 "783" 19:03:41.938965400
[2023-06-22T19:03:44Z INFO  dt_instance] received at 2023-06-22 19:03:44.448048837 UTC - from mc-0->source-1 "788" 19:03:44.445968176
[2023-06-22T19:03:46Z INFO  dt_instance] received at 2023-06-22 19:03:46.955546167 UTC - from mc-0->source-5 "783" 19:03:46.952578786
[2023-06-22T19:03:49Z INFO  dt_instance] received at 2023-06-22 19:03:49.459778704 UTC - from mc-0->source-1 "798" 19:03:49.458591756
[2023-06-22T19:03:51Z INFO  dt_instance] received at 2023-06-22 19:03:51.967252528 UTC - from mc-0->source-1 "803" 19:03:51.965147253
[2023-06-22T19:03:54Z INFO  dt_instance] received at 2023-06-22 19:03:54.474338452 UTC - from mc-0->source-5 "798" 19:03:54.472655421
[2023-06-22T19:03:56Z INFO  dt_instance] received at 2023-06-22 19:03:56.988995140 UTC - from mc-0->source-5 "803" 19:03:56.980290458
[2023-06-22T19:03:59Z INFO  dt_instance] received at 2023-06-22 19:03:59.487199735 UTC - from mc-0->source-1 "818" 19:03:59.485349005
[2023-06-22T19:04:01Z INFO  dt_instance] received at 2023-06-22 19:04:01.992866831 UTC - from mc-0->source-1 "823" 19:04:01.991426895
[2023-06-22T19:04:04Z INFO  dt_instance] received at 2023-06-22 19:04:04.498331539 UTC - from mc-0->source-1 "828" 19:04:04.496946439
[2023-06-22T19:04:07Z INFO  dt_instance] received at 2023-06-22 19:04:07.004642517 UTC - from mc-0->source-5 "823" 19:04:07.003073738
[2023-06-22T19:04:09Z INFO  dt_instance] received at 2023-06-22 19:04:09.509225177 UTC - from mc-0->source-5 "828" 19:04:09.507848228
[2023-06-22T19:04:12Z INFO  dt_instance] received at 2023-06-22 19:04:12.015755438 UTC - from mc-0->source-5 "833" 19:04:12.014447797
[2023-06-22T19:04:14Z INFO  dt_instance] received at 2023-06-22 19:04:14.523960829 UTC - from mc-0->source-5 "838" 19:04:14.520584386
[2023-06-22T19:04:17Z INFO  dt_instance] received at 2023-06-22 19:04:17.026965521 UTC - from mc-0->source-1 "853" 19:04:17.025772979
[2023-06-22T19:04:19Z INFO  dt_instance] received at 2023-06-22 19:04:19.533132282 UTC - from mc-0->source-1 "858" 19:04:19.531858616
[2023-06-22T19:04:22Z INFO  dt_instance] received at 2023-06-22 19:04:22.041510069 UTC - from mc-0->source-5 "853" 19:04:22.039479649
[2023-06-22T19:04:24Z INFO  dt_instance] received at 2023-06-22 19:04:24.548027476 UTC - from mc-0->source-5 "858" 19:04:24.545658146
[2023-06-22T19:04:27Z INFO  dt_instance] received at 2023-06-22 19:04:27.056225282 UTC - from mc-0->source-1 "873" 19:04:27.051161934
[2023-06-22T19:04:29Z INFO  dt_instance] received at 2023-06-22 19:04:29.559771049 UTC - from mc-0->source-5 "868" 19:04:29.556374963
[2023-06-22T19:04:32Z INFO  dt_instance] received at 2023-06-22 19:04:32.062629447 UTC - from mc-0->source-1 "883" 19:04:32.060964858
[2023-06-22T19:04:34Z INFO  dt_instance] received at 2023-06-22 19:04:34.568526422 UTC - from mc-0->source-1 "888" 19:04:34.566820094
[2023-06-22T19:04:37Z INFO  dt_instance] received at 2023-06-22 19:04:37.073554223 UTC - from mc-0->source-1 "893" 19:04:37.072057988
[2023-06-22T19:04:39Z INFO  dt_instance] received at 2023-06-22 19:04:39.580485487 UTC - from mc-0->source-1 "898" 19:04:39.578628973
[2023-06-22T19:04:42Z INFO  dt_instance] received at 2023-06-22 19:04:42.086667739 UTC - from mc-0->source-1 "903" 19:04:42.085424932
[2023-06-22T19:04:44Z INFO  dt_instance] received at 2023-06-22 19:04:44.593244417 UTC - from mc-0->source-1 "908" 19:04:44.590154664
[2023-06-22T19:04:47Z INFO  dt_instance] received at 2023-06-22 19:04:47.097854412 UTC - from mc-0->source-1 "913" 19:04:47.096557789
[2023-06-22T19:04:49Z INFO  dt_instance] received at 2023-06-22 19:04:49.602628652 UTC - from mc-0->source-1 "918" 19:04:49.601150643
[2023-06-22T19:04:52Z INFO  dt_instance] received at 2023-06-22 19:04:52.108903442 UTC - from mc-0->source-1 "923" 19:04:52.107624756
[2023-06-22T19:04:54Z INFO  dt_instance] received at 2023-06-22 19:04:54.616636401 UTC - from mc-0->source-1 "928" 19:04:54.615361092
[2023-06-22T19:04:57Z INFO  dt_instance] received at 2023-06-22 19:04:57.122333592 UTC - from mc-0->source-1 "933" 19:04:57.121117092
[2023-06-22T19:04:59Z INFO  dt_instance] received at 2023-06-22 19:04:59.627629716 UTC - from mc-0->source-1 "938" 19:04:59.625925716
[2023-06-22T19:05:02Z INFO  dt_instance] received at 2023-06-22 19:05:02.132069791 UTC - from mc-0->source-1 "943" 19:05:02.130782244
[2023-06-22T19:05:04Z INFO  dt_instance] received at 2023-06-22 19:05:04.637772841 UTC - from mc-0->source-1 "948" 19:05:04.636487294
[2023-06-22T19:05:07Z INFO  dt_instance] received at 2023-06-22 19:05:07.142999327 UTC - from mc-0->source-1 "953" 19:05:07.141737216
[2023-06-22T19:05:09Z INFO  dt_instance] received at 2023-06-22 19:05:09.648755468 UTC - from mc-0->source-1 "958" 19:05:09.647019449
[2023-06-22T19:05:12Z INFO  dt_instance] received at 2023-06-22 19:05:12.152848148 UTC - from mc-0->source-1 "963" 19:05:12.151713109
[2023-06-22T19:05:14Z INFO  dt_instance] received at 2023-06-22 19:05:14.674468871 UTC - from mc-0->source-5 "958" 19:05:14.672741792
[2023-06-22T19:05:17Z INFO  dt_instance] received at 2023-06-22 19:05:17.179725448 UTC - from mc-0->source-5 "963" 19:05:17.178612189
[2023-06-22T19:05:19Z INFO  dt_instance] received at 2023-06-22 19:05:19.699432549 UTC - from mc-0->source-5 "968" 19:05:19.689494884
[2023-06-22T19:05:22Z INFO  dt_instance] received at 2023-06-22 19:05:22.195929280 UTC - from mc-0->source-5 "973" 19:05:22.194337920
[2023-06-22T19:05:24Z INFO  dt_instance] received at 2023-06-22 19:05:24.702084294 UTC - from mc-0->source-5 "978" 19:05:24.699685446
[2023-06-22T19:05:27Z INFO  dt_instance] received at 2023-06-22 19:05:27.207121019 UTC - from mc-0->source-5 "983" 19:05:27.205715638
[2023-06-22T19:05:29Z INFO  dt_instance] received at 2023-06-22 19:05:29.961113398 UTC - from mc-0->source-6 "986" 19:05:29.955514014
[2023-06-22T19:05:33Z INFO  dt_instance] received at 2023-06-22 19:05:33.144756262 UTC - from mc-0->source-7 "990" 19:05:33.141972815
[2023-06-22T19:05:40Z INFO  dt_instance] received at 2023-06-22 19:05:40.163835682 UTC - from mc-0->source-9 "999" 19:05:40.161789899
