[2023-06-22T18:56:26Z INFO  dt_instance] Current Twin: mc-twin-5
[2023-06-22T18:56:26Z INFO  dt_instance] Replica Name twin-mc-stateful-5
[2023-06-22T18:56:26Z INFO  dt_instance] Sleeping for 250
[2023-06-22T19:00:36Z INFO  dt_instance] Connecting to broker at emqx.dtwins:1883
[2023-06-22T19:00:36Z INFO  dt_instance] Loggin info each 50 messages
[2023-06-22T19:00:36Z INFO  dt_instance] Set max packet size to 60000 KB.
[2023-06-22T19:00:36Z INFO  dt_instance] Refreshing topics for twin - Listen to mc-5/#
[2023-06-22T19:00:36Z INFO  dt_instance] SubAck { pkid: 1, return_codes: [Success(ExactlyOnce)] }
[2023-06-22T19:01:47Z INFO  dt_instance] received at 2023-06-22 19:01:47.462847459 UTC - from mc-5->source-2 "9" 19:01:47.461739533
[2023-06-22T19:01:50Z INFO  dt_instance] received at 2023-06-22 19:01:50.717198667 UTC - from mc-5->source-3 "13" 19:01:50.715739420
[2023-06-22T19:01:53Z INFO  dt_instance] received at 2023-06-22 19:01:53.229957282 UTC - from mc-5->source-1 "23" 19:01:53.228437874
[2023-06-22T19:01:55Z INFO  dt_instance] received at 2023-06-22 19:01:55.735564616 UTC - from mc-5->source-1 "28" 19:01:55.734396653
[2023-06-22T19:01:58Z INFO  dt_instance] received at 2023-06-22 19:01:58.242480932 UTC - from mc-5->source-1 "33" 19:01:58.241184997
[2023-06-22T19:02:00Z INFO  dt_instance] received at 2023-06-22 19:02:00.748175071 UTC - from mc-5->source-1 "38" 19:02:00.746689754
[2023-06-22T19:02:03Z INFO  dt_instance] received at 2023-06-22 19:02:03.255076830 UTC - from mc-5->source-1 "43" 19:02:03.253110024
[2023-06-22T19:02:05Z INFO  dt_instance] received at 2023-06-22 19:02:05.759230708 UTC - from mc-5->source-1 "48" 19:02:05.757533931
[2023-06-22T19:02:08Z INFO  dt_instance] received at 2023-06-22 19:02:08.263317846 UTC - from mc-5->source-1 "53" 19:02:08.262236166
[2023-06-22T19:02:10Z INFO  dt_instance] received at 2023-06-22 19:02:10.770540757 UTC - from mc-5->source-3 "53" 19:02:10.769300144
[2023-06-22T19:02:13Z INFO  dt_instance] received at 2023-06-22 19:02:13.277277127 UTC - from mc-5->source-3 "58" 19:02:13.275597461
[2023-06-22T19:02:15Z INFO  dt_instance] received at 2023-06-22 19:02:15.783032190 UTC - from mc-5->source-1 "68" 19:02:15.781854999
[2023-06-22T19:02:18Z INFO  dt_instance] received at 2023-06-22 19:02:18.290364275 UTC - from mc-5->source-3 "68" 19:02:18.288578647
[2023-06-22T19:02:20Z INFO  dt_instance] received at 2023-06-22 19:02:20.795763970 UTC - from mc-5->source-1 "78" 19:02:20.794243120
[2023-06-22T19:02:23Z INFO  dt_instance] received at 2023-06-22 19:02:23.301311220 UTC - from mc-5->source-3 "78" 19:02:23.299743468
[2023-06-22T19:02:25Z INFO  dt_instance] received at 2023-06-22 19:02:25.806475247 UTC - from mc-5->source-1 "88" 19:02:25.805180853
[2023-06-22T19:02:28Z INFO  dt_instance] received at 2023-06-22 19:02:28.313160798 UTC - from mc-5->source-1 "93" 19:02:28.311431034
[2023-06-22T19:02:30Z INFO  dt_instance] received at 2023-06-22 19:02:30.817584328 UTC - from mc-5->source-1 "98" 19:02:30.816236899
[2023-06-22T19:02:33Z INFO  dt_instance] received at 2023-06-22 19:02:33.323915867 UTC - from mc-5->source-1 "103" 19:02:33.322596901
[2023-06-22T19:02:35Z INFO  dt_instance] received at 2023-06-22 19:02:35.832521762 UTC - from mc-5->source-1 "108" 19:02:35.830992258
[2023-06-22T19:02:38Z INFO  dt_instance] received at 2023-06-22 19:02:38.339271332 UTC - from mc-5->source-1 "113" 19:02:38.337363308
[2023-06-22T19:02:40Z INFO  dt_instance] received at 2023-06-22 19:02:40.844692519 UTC - from mc-5->source-1 "118" 19:02:40.842914663
[2023-06-22T19:02:43Z INFO  dt_instance] received at 2023-06-22 19:02:43.354733829 UTC - from mc-5->source-1 "123" 19:02:43.352664847
[2023-06-22T19:02:45Z INFO  dt_instance] received at 2023-06-22 19:02:45.859305445 UTC - from mc-5->source-1 "128" 19:02:45.857710309
[2023-06-22T19:02:48Z INFO  dt_instance] received at 2023-06-22 19:02:48.366297954 UTC - from mc-5->source-1 "133" 19:02:48.364491028
[2023-06-22T19:02:50Z INFO  dt_instance] received at 2023-06-22 19:02:50.870529403 UTC - from mc-5->source-1 "138" 19:02:50.869314365
[2023-06-22T19:02:53Z INFO  dt_instance] received at 2023-06-22 19:02:53.376340891 UTC - from mc-5->source-1 "143" 19:02:53.375404952
[2023-06-22T19:02:55Z INFO  dt_instance] received at 2023-06-22 19:02:55.882832944 UTC - from mc-5->source-1 "148" 19:02:55.881617505
[2023-06-22T19:02:58Z INFO  dt_instance] received at 2023-06-22 19:02:58.389025544 UTC - from mc-5->source-1 "153" 19:02:58.387457115
[2023-06-22T19:03:00Z INFO  dt_instance] received at 2023-06-22 19:03:00.893954032 UTC - from mc-5->source-1 "158" 19:03:00.892590997
[2023-06-22T19:03:03Z INFO  dt_instance] received at 2023-06-22 19:03:03.399240329 UTC - from mc-5->source-1 "163" 19:03:03.398134279
[2023-06-22T19:03:05Z INFO  dt_instance] received at 2023-06-22 19:03:05.907433339 UTC - from mc-5->source-1 "168" 19:03:05.905835552
[2023-06-22T19:03:08Z INFO  dt_instance] received at 2023-06-22 19:03:08.414484103 UTC - from mc-5->source-1 "173" 19:03:08.412675191
[2023-06-22T19:03:10Z INFO  dt_instance] received at 2023-06-22 19:03:10.921793045 UTC - from mc-5->source-1 "178" 19:03:10.920015372
[2023-06-22T19:03:13Z INFO  dt_instance] received at 2023-06-22 19:03:13.428319221 UTC - from mc-5->source-1 "183" 19:03:13.426527097
[2023-06-22T19:03:15Z INFO  dt_instance] received at 2023-06-22 19:03:15.934361264 UTC - from mc-5->source-1 "188" 19:03:15.932530124
[2023-06-22T19:03:18Z INFO  dt_instance] received at 2023-06-22 19:03:18.439342187 UTC - from mc-5->source-1 "193" 19:03:18.438132658
[2023-06-22T19:03:20Z INFO  dt_instance] received at 2023-06-22 19:03:20.943802086 UTC - from mc-5->source-1 "198" 19:03:20.942525639
[2023-06-22T19:03:23Z INFO  dt_instance] received at 2023-06-22 19:03:23.448808249 UTC - from mc-5->source-1 "203" 19:03:23.447414627
[2023-06-22T19:03:25Z INFO  dt_instance] received at 2023-06-22 19:03:25.956254007 UTC - from mc-5->source-1 "208" 19:03:25.952524852
[2023-06-22T19:03:28Z INFO  dt_instance] received at 2023-06-22 19:03:28.459678521 UTC - from mc-5->source-1 "213" 19:03:28.458061644
[2023-06-22T19:03:30Z INFO  dt_instance] received at 2023-06-22 19:03:30.966111967 UTC - from mc-5->source-1 "218" 19:03:30.962230226
[2023-06-22T19:03:33Z INFO  dt_instance] received at 2023-06-22 19:03:33.470295295 UTC - from mc-5->source-1 "223" 19:03:33.468583054
[2023-06-22T19:03:35Z INFO  dt_instance] received at 2023-06-22 19:03:35.975139098 UTC - from mc-5->source-1 "228" 19:03:35.974171502
[2023-06-22T19:03:38Z INFO  dt_instance] received at 2023-06-22 19:03:38.480693112 UTC - from mc-5->source-1 "233" 19:03:38.479301342
[2023-06-22T19:03:40Z INFO  dt_instance] received at 2023-06-22 19:03:40.990937420 UTC - from mc-5->source-1 "238" 19:03:40.985712055
[2023-06-22T19:03:43Z INFO  dt_instance] received at 2023-06-22 19:03:43.493127195 UTC - from mc-5->source-1 "243" 19:03:43.491505464
[2023-06-22T19:03:46Z INFO  dt_instance] received at 2023-06-22 19:03:46.002468019 UTC - from mc-5->source-1 "248" 19:03:45.997245208
[2023-06-22T19:03:48Z INFO  dt_instance] received at 2023-06-22 19:03:48.505052428 UTC - from mc-5->source-1 "253" 19:03:48.503508971
[2023-06-22T19:03:51Z INFO  dt_instance] received at 2023-06-22 19:03:51.010946981 UTC - from mc-5->source-1 "258" 19:03:51.009704930
[2023-06-22T19:03:53Z INFO  dt_instance] received at 2023-06-22 19:03:53.519530412 UTC - from mc-5->source-1 "263" 19:03:53.516321195
[2023-06-22T19:03:56Z INFO  dt_instance] received at 2023-06-22 19:03:56.023953134 UTC - from mc-5->source-1 "268" 19:03:56.022305135
[2023-06-22T19:03:58Z INFO  dt_instance] received at 2023-06-22 19:03:58.530239514 UTC - from mc-5->source-1 "273" 19:03:58.528894861
[2023-06-22T19:04:01Z INFO  dt_instance] received at 2023-06-22 19:04:01.037536295 UTC - from mc-5->source-1 "278" 19:04:01.034446274
[2023-06-22T19:04:03Z INFO  dt_instance] received at 2023-06-22 19:04:03.541290303 UTC - from mc-5->source-1 "283" 19:04:03.539877353
[2023-06-22T19:04:06Z INFO  dt_instance] received at 2023-06-22 19:04:06.046439370 UTC - from mc-5->source-1 "288" 19:04:06.044309872
[2023-06-22T19:04:08Z INFO  dt_instance] received at 2023-06-22 19:04:08.551115730 UTC - from mc-5->source-1 "293" 19:04:08.549720519
[2023-06-22T19:04:11Z INFO  dt_instance] received at 2023-06-22 19:04:11.058396704 UTC - from mc-5->source-1 "298" 19:04:11.057118087
[2023-06-22T19:04:13Z INFO  dt_instance] received at 2023-06-22 19:04:13.564630451 UTC - from mc-5->source-1 "303" 19:04:13.563194409
[2023-06-22T19:04:16Z INFO  dt_instance] received at 2023-06-22 19:04:16.071653548 UTC - from mc-5->source-1 "308" 19:04:16.069077524
[2023-06-22T19:04:18Z INFO  dt_instance] received at 2023-06-22 19:04:18.575755880 UTC - from mc-5->source-1 "313" 19:04:18.574457364
[2023-06-22T19:04:21Z INFO  dt_instance] received at 2023-06-22 19:04:21.082728327 UTC - from mc-5->source-1 "318" 19:04:21.081169582
[2023-06-22T19:04:23Z INFO  dt_instance] received at 2023-06-22 19:04:23.587710778 UTC - from mc-5->source-1 "323" 19:04:23.586594146
[2023-06-22T19:04:26Z INFO  dt_instance] received at 2023-06-22 19:04:26.094746441 UTC - from mc-5->source-1 "328" 19:04:26.092696949
[2023-06-22T19:04:28Z INFO  dt_instance] received at 2023-06-22 19:04:28.600338113 UTC - from mc-5->source-1 "333" 19:04:28.598769629
[2023-06-22T19:04:31Z INFO  dt_instance] received at 2023-06-22 19:04:31.104240582 UTC - from mc-5->source-1 "338" 19:04:31.103344938
[2023-06-22T19:04:33Z INFO  dt_instance] received at 2023-06-22 19:04:33.610944151 UTC - from mc-5->source-1 "343" 19:04:33.609818272
[2023-06-22T19:04:36Z INFO  dt_instance] received at 2023-06-22 19:04:36.119326684 UTC - from mc-5->source-1 "348" 19:04:36.118237304
[2023-06-22T19:04:38Z INFO  dt_instance] received at 2023-06-22 19:04:38.625635134 UTC - from mc-5->source-1 "353" 19:04:38.624236499
[2023-06-22T19:04:41Z INFO  dt_instance] received at 2023-06-22 19:04:41.130877924 UTC - from mc-5->source-1 "358" 19:04:41.129345607
[2023-06-22T19:04:43Z INFO  dt_instance] received at 2023-06-22 19:04:43.636138429 UTC - from mc-5->source-1 "363" 19:04:43.634516600
[2023-06-22T19:04:46Z INFO  dt_instance] received at 2023-06-22 19:04:46.141407302 UTC - from mc-5->source-1 "368" 19:04:46.140197954
[2023-06-22T19:04:48Z INFO  dt_instance] received at 2023-06-22 19:04:48.646407949 UTC - from mc-5->source-1 "373" 19:04:48.645459341
[2023-06-22T19:04:51Z INFO  dt_instance] received at 2023-06-22 19:04:51.159087334 UTC - from mc-5->source-1 "378" 19:04:51.157766294
[2023-06-22T19:04:53Z INFO  dt_instance] received at 2023-06-22 19:04:53.665991130 UTC - from mc-5->source-1 "383" 19:04:53.664622688
[2023-06-22T19:04:56Z INFO  dt_instance] received at 2023-06-22 19:04:56.172566191 UTC - from mc-5->source-1 "388" 19:04:56.171266030
[2023-06-22T19:04:58Z INFO  dt_instance] received at 2023-06-22 19:04:58.677658204 UTC - from mc-5->source-1 "393" 19:04:58.676624354
[2023-06-22T19:05:01Z INFO  dt_instance] received at 2023-06-22 19:05:01.185282517 UTC - from mc-5->source-1 "398" 19:05:01.183721818
[2023-06-22T19:05:03Z INFO  dt_instance] received at 2023-06-22 19:05:03.691061389 UTC - from mc-5->source-1 "403" 19:05:03.689605608
[2023-06-22T19:05:06Z INFO  dt_instance] received at 2023-06-22 19:05:06.195601385 UTC - from mc-5->source-1 "408" 19:05:06.194262449
[2023-06-22T19:05:08Z INFO  dt_instance] received at 2023-06-22 19:05:08.702490517 UTC - from mc-5->source-1 "413" 19:05:08.700980455
[2023-06-22T19:05:11Z INFO  dt_instance] received at 2023-06-22 19:05:11.208057228 UTC - from mc-5->source-1 "418" 19:05:11.206607628
[2023-06-22T19:05:13Z INFO  dt_instance] received at 2023-06-22 19:05:13.714693932 UTC - from mc-5->source-1 "423" 19:05:13.712864328
[2023-06-22T19:05:16Z INFO  dt_instance] received at 2023-06-22 19:05:16.219114976 UTC - from mc-5->source-1 "428" 19:05:16.217456610
[2023-06-22T19:05:18Z INFO  dt_instance] received at 2023-06-22 19:05:18.725168298 UTC - from mc-5->source-1 "433" 19:05:18.723846304
[2023-06-22T19:05:21Z INFO  dt_instance] received at 2023-06-22 19:05:21.231278905 UTC - from mc-5->source-1 "438" 19:05:21.229393251
[2023-06-22T19:05:23Z INFO  dt_instance] received at 2023-06-22 19:05:23.737386605 UTC - from mc-5->source-1 "443" 19:05:23.734825821
[2023-06-22T19:05:26Z INFO  dt_instance] received at 2023-06-22 19:05:26.241691934 UTC - from mc-5->source-1 "448" 19:05:26.240253755
[2023-06-22T19:05:28Z INFO  dt_instance] received at 2023-06-22 19:05:28.747458677 UTC - from mc-5->source-1 "453" 19:05:28.746478890
[2023-06-22T19:05:31Z INFO  dt_instance] received at 2023-06-22 19:05:31.254388597 UTC - from mc-5->source-1 "458" 19:05:31.251750283
[2023-06-22T19:05:33Z INFO  dt_instance] received at 2023-06-22 19:05:33.759549025 UTC - from mc-5->source-1 "463" 19:05:33.757946257
[2023-06-22T19:05:36Z INFO  dt_instance] received at 2023-06-22 19:05:36.263983945 UTC - from mc-5->source-1 "468" 19:05:36.262784887
[2023-06-22T19:05:38Z INFO  dt_instance] received at 2023-06-22 19:05:38.769600454 UTC - from mc-5->source-1 "473" 19:05:38.767857550
[2023-06-22T19:05:41Z INFO  dt_instance] received at 2023-06-22 19:05:41.275670243 UTC - from mc-5->source-1 "478" 19:05:41.274190910
[2023-06-22T19:05:43Z INFO  dt_instance] received at 2023-06-22 19:05:43.781862519 UTC - from mc-5->source-1 "483" 19:05:43.780825357
[2023-06-22T19:05:46Z INFO  dt_instance] received at 2023-06-22 19:05:46.288538985 UTC - from mc-5->source-1 "488" 19:05:46.286921339
[2023-06-22T19:05:48Z INFO  dt_instance] received at 2023-06-22 19:05:48.792694324 UTC - from mc-5->source-1 "493" 19:05:48.791475641
[2023-06-22T19:05:51Z INFO  dt_instance] received at 2023-06-22 19:05:51.297959955 UTC - from mc-5->source-1 "498" 19:05:51.296795995
[2023-06-22T19:05:53Z INFO  dt_instance] received at 2023-06-22 19:05:53.802906896 UTC - from mc-5->source-1 "503" 19:05:53.801585033
[2023-06-22T19:05:56Z INFO  dt_instance] received at 2023-06-22 19:05:56.309472541 UTC - from mc-5->source-1 "508" 19:05:56.308074978
[2023-06-22T19:05:58Z INFO  dt_instance] received at 2023-06-22 19:05:58.815067967 UTC - from mc-5->source-1 "513" 19:05:58.813582812
[2023-06-22T19:06:01Z INFO  dt_instance] received at 2023-06-22 19:06:01.320301830 UTC - from mc-5->source-1 "518" 19:06:01.318500931
[2023-06-22T19:06:03Z INFO  dt_instance] received at 2023-06-22 19:06:03.825009861 UTC - from mc-5->source-1 "523" 19:06:03.823530293
[2023-06-22T19:06:06Z INFO  dt_instance] received at 2023-06-22 19:06:06.331529134 UTC - from mc-5->source-1 "528" 19:06:06.330477742
[2023-06-22T19:06:08Z INFO  dt_instance] received at 2023-06-22 19:06:08.838605010 UTC - from mc-5->source-1 "533" 19:06:08.836956360
[2023-06-22T19:06:11Z INFO  dt_instance] received at 2023-06-22 19:06:11.342895683 UTC - from mc-5->source-1 "538" 19:06:11.341825905
[2023-06-22T19:06:13Z INFO  dt_instance] received at 2023-06-22 19:06:13.849240097 UTC - from mc-5->source-1 "543" 19:06:13.847296133
[2023-06-22T19:06:16Z INFO  dt_instance] received at 2023-06-22 19:06:16.353717399 UTC - from mc-5->source-1 "548" 19:06:16.352740280
[2023-06-22T19:06:18Z INFO  dt_instance] received at 2023-06-22 19:06:18.859137263 UTC - from mc-5->source-1 "553" 19:06:18.857803204
[2023-06-22T19:06:21Z INFO  dt_instance] received at 2023-06-22 19:06:21.365181512 UTC - from mc-5->source-1 "558" 19:06:21.362658852
[2023-06-22T19:06:23Z INFO  dt_instance] received at 2023-06-22 19:06:23.869355559 UTC - from mc-5->source-1 "563" 19:06:23.868328395
[2023-06-22T19:06:26Z INFO  dt_instance] received at 2023-06-22 19:06:26.376156899 UTC - from mc-5->source-1 "568" 19:06:26.373516385
[2023-06-22T19:06:28Z INFO  dt_instance] received at 2023-06-22 19:06:28.880560586 UTC - from mc-5->source-1 "573" 19:06:28.879123435
[2023-06-22T19:06:31Z INFO  dt_instance] received at 2023-06-22 19:06:31.387583418 UTC - from mc-5->source-1 "578" 19:06:31.384498827
[2023-06-22T19:06:33Z INFO  dt_instance] received at 2023-06-22 19:06:33.890999920 UTC - from mc-5->source-1 "583" 19:06:33.889749998
[2023-06-22T19:06:36Z INFO  dt_instance] received at 2023-06-22 19:06:36.401936525 UTC - from mc-5->source-1 "588" 19:06:36.395863095
[2023-06-22T19:06:38Z INFO  dt_instance] received at 2023-06-22 19:06:38.902447474 UTC - from mc-5->source-1 "593" 19:06:38.900372278
[2023-06-22T19:06:41Z INFO  dt_instance] received at 2023-06-22 19:06:41.409622241 UTC - from mc-5->source-1 "598" 19:06:41.406088149
[2023-06-22T19:06:43Z INFO  dt_instance] received at 2023-06-22 19:06:43.913916482 UTC - from mc-5->source-1 "603" 19:06:43.911787077
[2023-06-22T19:06:46Z INFO  dt_instance] received at 2023-06-22 19:06:46.418139735 UTC - from mc-5->source-1 "608" 19:06:46.417053462
[2023-06-22T19:06:48Z INFO  dt_instance] received at 2023-06-22 19:06:48.923879017 UTC - from mc-5->source-1 "613" 19:06:48.922442385
[2023-06-22T19:06:51Z INFO  dt_instance] received at 2023-06-22 19:06:51.432405842 UTC - from mc-5->source-1 "618" 19:06:51.428904401
[2023-06-22T19:06:53Z INFO  dt_instance] received at 2023-06-22 19:06:53.937034434 UTC - from mc-5->source-1 "623" 19:06:53.935919957
[2023-06-22T19:06:56Z INFO  dt_instance] received at 2023-06-22 19:06:56.442701370 UTC - from mc-5->source-1 "628" 19:06:56.440500086
[2023-06-22T19:06:58Z INFO  dt_instance] received at 2023-06-22 19:06:58.947722318 UTC - from mc-5->source-1 "633" 19:06:58.946158562
[2023-06-22T19:07:01Z INFO  dt_instance] received at 2023-06-22 19:07:01.452605005 UTC - from mc-5->source-1 "638" 19:07:01.451336618
[2023-06-22T19:07:03Z INFO  dt_instance] received at 2023-06-22 19:07:03.959661547 UTC - from mc-5->source-1 "643" 19:07:03.958120545
[2023-06-22T19:07:06Z INFO  dt_instance] received at 2023-06-22 19:07:06.466304543 UTC - from mc-5->source-1 "648" 19:07:06.463392497
[2023-06-22T19:07:08Z INFO  dt_instance] received at 2023-06-22 19:07:08.972296355 UTC - from mc-5->source-1 "653" 19:07:08.970571076
[2023-06-22T19:07:11Z INFO  dt_instance] received at 2023-06-22 19:07:11.479879525 UTC - from mc-5->source-1 "658" 19:07:11.477377239
[2023-06-22T19:07:13Z INFO  dt_instance] received at 2023-06-22 19:07:13.984938749 UTC - from mc-5->source-1 "663" 19:07:13.983557105
[2023-06-22T19:07:16Z INFO  dt_instance] received at 2023-06-22 19:07:16.493705555 UTC - from mc-5->source-1 "668" 19:07:16.489294933
[2023-06-22T19:07:18Z INFO  dt_instance] received at 2023-06-22 19:07:18.999170390 UTC - from mc-5->source-1 "673" 19:07:18.997813464
[2023-06-22T19:07:21Z INFO  dt_instance] received at 2023-06-22 19:07:21.504556111 UTC - from mc-5->source-1 "678" 19:07:21.502385100
[2023-06-22T19:07:24Z INFO  dt_instance] received at 2023-06-22 19:07:24.009105104 UTC - from mc-5->source-1 "683" 19:07:24.007551303
[2023-06-22T19:07:26Z INFO  dt_instance] received at 2023-06-22 19:07:26.516668295 UTC - from mc-5->source-1 "688" 19:07:26.513088629
[2023-06-22T19:07:29Z INFO  dt_instance] received at 2023-06-22 19:07:29.018931784 UTC - from mc-5->source-1 "693" 19:07:29.017560197
[2023-06-22T19:07:31Z INFO  dt_instance] received at 2023-06-22 19:07:31.526042131 UTC - from mc-5->source-1 "698" 19:07:31.523195944
[2023-06-22T19:07:34Z INFO  dt_instance] received at 2023-06-22 19:07:34.031506479 UTC - from mc-5->source-1 "703" 19:07:34.029949767
[2023-06-22T19:07:36Z INFO  dt_instance] received at 2023-06-22 19:07:36.537396488 UTC - from mc-5->source-1 "708" 19:07:36.535812033
[2023-06-22T19:07:39Z INFO  dt_instance] received at 2023-06-22 19:07:39.042942750 UTC - from mc-5->source-1 "713" 19:07:39.041781026
[2023-06-22T19:07:41Z INFO  dt_instance] received at 2023-06-22 19:07:41.548179596 UTC - from mc-5->source-1 "718" 19:07:41.546664667
[2023-06-22T19:07:44Z INFO  dt_instance] received at 2023-06-22 19:07:44.052658270 UTC - from mc-5->source-1 "723" 19:07:44.051563732
[2023-06-22T19:07:46Z INFO  dt_instance] received at 2023-06-22 19:07:46.562185861 UTC - from mc-5->source-1 "728" 19:07:46.559320530
[2023-06-22T19:07:49Z INFO  dt_instance] received at 2023-06-22 19:07:49.067632287 UTC - from mc-5->source-1 "733" 19:07:49.066007260
[2023-06-22T19:07:51Z INFO  dt_instance] received at 2023-06-22 19:07:51.571480589 UTC - from mc-5->source-1 "738" 19:07:51.570211771
[2023-06-22T19:07:54Z INFO  dt_instance] received at 2023-06-22 19:07:54.077951981 UTC - from mc-5->source-1 "743" 19:07:54.075811916
[2023-06-22T19:07:56Z INFO  dt_instance] received at 2023-06-22 19:07:56.582923121 UTC - from mc-5->source-1 "748" 19:07:56.581694294
[2023-06-22T19:07:59Z INFO  dt_instance] received at 2023-06-22 19:07:59.088417559 UTC - from mc-5->source-1 "753" 19:07:59.086911422
[2023-06-22T19:08:01Z INFO  dt_instance] received at 2023-06-22 19:08:01.593346450 UTC - from mc-5->source-1 "758" 19:08:01.591602483
[2023-06-22T19:08:04Z INFO  dt_instance] received at 2023-06-22 19:08:04.100267446 UTC - from mc-5->source-1 "763" 19:08:04.098589656
[2023-06-22T19:08:06Z INFO  dt_instance] received at 2023-06-22 19:08:06.606888966 UTC - from mc-5->source-1 "768" 19:08:06.605308058
[2023-06-22T19:08:09Z INFO  dt_instance] received at 2023-06-22 19:08:09.113750553 UTC - from mc-5->source-1 "773" 19:08:09.112071337
[2023-06-22T19:08:11Z INFO  dt_instance] received at 2023-06-22 19:08:11.619030652 UTC - from mc-5->source-1 "778" 19:08:11.617979225
[2023-06-22T19:08:14Z INFO  dt_instance] received at 2023-06-22 19:08:14.124264251 UTC - from mc-5->source-1 "783" 19:08:14.122848763
[2023-06-22T19:08:16Z INFO  dt_instance] received at 2023-06-22 19:08:16.631572844 UTC - from mc-5->source-1 "788" 19:08:16.630115034
[2023-06-22T19:08:19Z INFO  dt_instance] received at 2023-06-22 19:08:19.161709788 UTC - from mc-5->source-3 "788" 19:08:19.125312686
[2023-06-22T19:08:21Z INFO  dt_instance] received at 2023-06-22 19:08:21.642266545 UTC - from mc-5->source-1 "798" 19:08:21.641230457
[2023-06-22T19:08:24Z INFO  dt_instance] received at 2023-06-22 19:08:24.148047532 UTC - from mc-5->source-1 "803" 19:08:24.146770791
[2023-06-22T19:08:26Z INFO  dt_instance] received at 2023-06-22 19:08:26.653537612 UTC - from mc-5->source-1 "808" 19:08:26.651410200
[2023-06-22T19:08:29Z INFO  dt_instance] received at 2023-06-22 19:08:29.159908441 UTC - from mc-5->source-1 "813" 19:08:29.158202007
[2023-06-22T19:08:31Z INFO  dt_instance] received at 2023-06-22 19:08:31.666423373 UTC - from mc-5->source-1 "818" 19:08:31.665118799
[2023-06-22T19:08:34Z INFO  dt_instance] received at 2023-06-22 19:08:34.171160310 UTC - from mc-5->source-1 "823" 19:08:34.169302508
[2023-06-22T19:08:36Z INFO  dt_instance] received at 2023-06-22 19:08:36.676635928 UTC - from mc-5->source-1 "828" 19:08:36.675599804
[2023-06-22T19:08:39Z INFO  dt_instance] received at 2023-06-22 19:08:39.181931835 UTC - from mc-5->source-1 "833" 19:08:39.180312166
[2023-06-22T19:08:41Z INFO  dt_instance] received at 2023-06-22 19:08:41.687559732 UTC - from mc-5->source-7 "823" 19:08:41.686016391
[2023-06-22T19:08:44Z INFO  dt_instance] received at 2023-06-22 19:08:44.194024266 UTC - from mc-5->source-5 "833" 19:08:44.193183428
[2023-06-22T19:08:46Z INFO  dt_instance] received at 2023-06-22 19:08:46.703292366 UTC - from mc-5->source-1 "848" 19:08:46.699134077
[2023-06-22T19:08:49Z INFO  dt_instance] received at 2023-06-22 19:08:49.206591133 UTC - from mc-5->source-5 "843" 19:08:49.205009990
[2023-06-22T19:08:51Z INFO  dt_instance] received at 2023-06-22 19:08:51.712964476 UTC - from mc-5->source-1 "858" 19:08:51.711467958
[2023-06-22T19:08:54Z INFO  dt_instance] received at 2023-06-22 19:08:54.219586686 UTC - from mc-5->source-1 "863" 19:08:54.218106932
[2023-06-22T19:08:56Z INFO  dt_instance] received at 2023-06-22 19:08:56.725431685 UTC - from mc-5->source-1 "868" 19:08:56.723910085
[2023-06-22T19:08:59Z INFO  dt_instance] received at 2023-06-22 19:08:59.230952792 UTC - from mc-5->source-1 "873" 19:08:59.229733231
[2023-06-22T19:09:01Z INFO  dt_instance] received at 2023-06-22 19:09:01.737255783 UTC - from mc-5->source-1 "878" 19:09:01.735124690
[2023-06-22T19:09:04Z INFO  dt_instance] received at 2023-06-22 19:09:04.242287218 UTC - from mc-5->source-1 "883" 19:09:04.240471330
[2023-06-22T19:09:06Z INFO  dt_instance] received at 2023-06-22 19:09:06.746604225 UTC - from mc-5->source-1 "888" 19:09:06.745234005
[2023-06-22T19:09:09Z INFO  dt_instance] received at 2023-06-22 19:09:09.253998516 UTC - from mc-5->source-1 "893" 19:09:09.252493417
[2023-06-22T19:09:11Z INFO  dt_instance] received at 2023-06-22 19:09:11.761567826 UTC - from mc-5->source-7 "883" 19:09:11.760204192
[2023-06-22T19:09:14Z INFO  dt_instance] received at 2023-06-22 19:09:14.270305693 UTC - from mc-5->source-1 "903" 19:09:14.266719341
[2023-06-22T19:09:16Z INFO  dt_instance] received at 2023-06-22 19:09:16.774142751 UTC - from mc-5->source-7 "893" 19:09:16.772588255
[2023-06-22T19:09:19Z INFO  dt_instance] received at 2023-06-22 19:09:19.281881016 UTC - from mc-5->source-1 "913" 19:09:19.280324349
[2023-06-22T19:09:21Z INFO  dt_instance] received at 2023-06-22 19:09:21.790301052 UTC - from mc-5->source-1 "918" 19:09:21.787522665
[2023-06-22T19:09:24Z INFO  dt_instance] received at 2023-06-22 19:09:24.296069016 UTC - from mc-5->source-7 "908" 19:09:24.293916250
[2023-06-22T19:09:26Z INFO  dt_instance] received at 2023-06-22 19:09:26.800601345 UTC - from mc-5->source-1 "928" 19:09:26.798544604
[2023-06-22T19:09:29Z INFO  dt_instance] received at 2023-06-22 19:09:29.308012365 UTC - from mc-5->source-1 "933" 19:09:29.305304079
[2023-06-22T19:09:31Z INFO  dt_instance] received at 2023-06-22 19:09:31.812352975 UTC - from mc-5->source-1 "938" 19:09:31.811369071
[2023-06-22T19:09:34Z INFO  dt_instance] received at 2023-06-22 19:09:34.320431374 UTC - from mc-5->source-1 "943" 19:09:34.317020812
[2023-06-22T19:09:36Z INFO  dt_instance] received at 2023-06-22 19:09:36.833079660 UTC - from mc-5->source-1 "948" 19:09:36.831163267
[2023-06-22T19:09:39Z INFO  dt_instance] received at 2023-06-22 19:09:39.341024048 UTC - from mc-5->source-7 "938" 19:09:39.339577763
[2023-06-22T19:09:41Z INFO  dt_instance] received at 2023-06-22 19:09:41.846417037 UTC - from mc-5->source-7 "943" 19:09:41.844727689
[2023-06-22T19:09:44Z INFO  dt_instance] received at 2023-06-22 19:09:44.361503154 UTC - from mc-5->source-7 "948" 19:09:44.357966824
[2023-06-22T19:09:46Z INFO  dt_instance] received at 2023-06-22 19:09:46.865667798 UTC - from mc-5->source-7 "953" 19:09:46.863835106
[2023-06-22T19:09:49Z INFO  dt_instance] received at 2023-06-22 19:09:49.371770359 UTC - from mc-5->source-7 "958" 19:09:49.369844384
[2023-06-22T19:09:51Z INFO  dt_instance] received at 2023-06-22 19:09:51.878080212 UTC - from mc-5->source-7 "963" 19:09:51.875816065
[2023-06-22T19:09:54Z INFO  dt_instance] received at 2023-06-22 19:09:54.382879980 UTC - from mc-5->source-7 "968" 19:09:54.381044838
[2023-06-22T19:09:56Z INFO  dt_instance] received at 2023-06-22 19:09:56.888253917 UTC - from mc-5->source-7 "973" 19:09:56.887017916
[2023-06-22T19:09:59Z INFO  dt_instance] received at 2023-06-22 19:09:59.397864440 UTC - from mc-5->source-7 "978" 19:09:59.393474742
[2023-06-22T19:10:02Z INFO  dt_instance] received at 2023-06-22 19:10:02.107713099 UTC - from mc-5->source-6 "986" 19:10:02.106126763
[2023-06-22T19:10:05Z INFO  dt_instance] received at 2023-06-22 19:10:05.350807415 UTC - from mc-5->source-9 "985" 19:10:05.349696389
[2023-06-22T19:10:12Z INFO  dt_instance] received at 2023-06-22 19:10:12.365646259 UTC - from mc-5->source-9 "999" 19:10:12.364708858
