[2023-07-04T17:30:04Z INFO  dt_instance] Current Twin: mc-twin-21
[2023-07-04T17:30:04Z INFO  dt_instance] Replica Name twin-mc-stateful-21
[2023-07-04T17:30:04Z INFO  dt_instance] Sleeping for 1050
[2023-07-04T17:47:34Z INFO  dt_instance] Connecting to broker at emqx.dtwins:1883
[2023-07-04T17:47:34Z INFO  dt_instance] Loggin info each 50 messages
[2023-07-04T17:47:34Z INFO  dt_instance] Set max packet size to 60000 KB.
[2023-07-04T17:47:34Z INFO  dt_instance] Refreshing topics for twin - Listen to mc-21/#
[2023-07-04T17:47:34Z INFO  dt_instance] SubAck { pkid: 1, return_codes: [Success(ExactlyOnce)] }
[2023-07-04T17:48:46Z INFO  dt_instance] received at 2023-07-04 17:48:46.304655541 UTC - from mc-21->source-2 "9" 17:48:46.303042146
[2023-07-04T17:48:49Z INFO  dt_instance] received at 2023-07-04 17:48:49.560256404 UTC - from mc-21->source-3 "13" 17:48:49.558901043
[2023-07-04T17:48:52Z INFO  dt_instance] received at 2023-07-04 17:48:52.066924389 UTC - from mc-21->source-1 "23" 17:48:52.065965087
[2023-07-04T17:48:54Z INFO  dt_instance] received at 2023-07-04 17:48:54.573488633 UTC - from mc-21->source-3 "23" 17:48:54.572082114
[2023-07-04T17:48:57Z INFO  dt_instance] received at 2023-07-04 17:48:57.080619262 UTC - from mc-21->source-3 "28" 17:48:57.078391074
[2023-07-04T17:48:59Z INFO  dt_instance] received at 2023-07-04 17:48:59.587357553 UTC - from mc-21->source-3 "33" 17:48:59.583546604
[2023-07-04T17:49:02Z INFO  dt_instance] received at 2023-07-04 17:49:02.090307353 UTC - from mc-21->source-3 "38" 17:49:02.088448489
[2023-07-04T17:49:04Z INFO  dt_instance] received at 2023-07-04 17:49:04.595918009 UTC - from mc-21->source-1 "48" 17:49:04.594719943
[2023-07-04T17:49:07Z INFO  dt_instance] received at 2023-07-04 17:49:07.100849983 UTC - from mc-21->source-3 "48" 17:49:07.099820811
[2023-07-04T17:49:09Z INFO  dt_instance] received at 2023-07-04 17:49:09.609392874 UTC - from mc-21->source-3 "53" 17:49:09.605450372
[2023-07-04T17:49:12Z INFO  dt_instance] received at 2023-07-04 17:49:12.113295549 UTC - from mc-21->source-3 "58" 17:49:12.110886454
[2023-07-04T17:49:14Z INFO  dt_instance] received at 2023-07-04 17:49:14.618890503 UTC - from mc-21->source-3 "63" 17:49:14.617508251
[2023-07-04T17:49:17Z INFO  dt_instance] received at 2023-07-04 17:49:17.124470833 UTC - from mc-21->source-3 "68" 17:49:17.123250630
[2023-07-04T17:49:19Z INFO  dt_instance] received at 2023-07-04 17:49:19.629991839 UTC - from mc-21->source-3 "73" 17:49:19.628643466
[2023-07-04T17:49:22Z INFO  dt_instance] received at 2023-07-04 17:49:22.137244067 UTC - from mc-21->source-3 "78" 17:49:22.134616695
[2023-07-04T17:49:24Z INFO  dt_instance] received at 2023-07-04 17:49:24.641600629 UTC - from mc-21->source-3 "83" 17:49:24.639854565
[2023-07-04T17:49:27Z INFO  dt_instance] received at 2023-07-04 17:49:27.148083887 UTC - from mc-21->source-3 "88" 17:49:27.146834296
[2023-07-04T17:49:29Z INFO  dt_instance] received at 2023-07-04 17:49:29.654875904 UTC - from mc-21->source-3 "93" 17:49:29.653487949
[2023-07-04T17:49:32Z INFO  dt_instance] received at 2023-07-04 17:49:32.164842376 UTC - from mc-21->source-3 "98" 17:49:32.158975506
[2023-07-04T17:49:34Z INFO  dt_instance] received at 2023-07-04 17:49:34.667222104 UTC - from mc-21->source-1 "108" 17:49:34.666313790
[2023-07-04T17:49:37Z INFO  dt_instance] received at 2023-07-04 17:49:37.174542339 UTC - from mc-21->source-3 "108" 17:49:37.171127761
[2023-07-04T17:49:39Z INFO  dt_instance] received at 2023-07-04 17:49:39.679955636 UTC - from mc-21->source-1 "118" 17:49:39.678179050
[2023-07-04T17:49:42Z INFO  dt_instance] received at 2023-07-04 17:49:42.185519735 UTC - from mc-21->source-3 "118" 17:49:42.184033652
[2023-07-04T17:49:44Z INFO  dt_instance] received at 2023-07-04 17:49:44.693602676 UTC - from mc-21->source-3 "123" 17:49:44.690778314
[2023-07-04T17:49:47Z INFO  dt_instance] received at 2023-07-04 17:49:47.200383279 UTC - from mc-21->source-3 "128" 17:49:47.198979975
[2023-07-04T17:49:49Z INFO  dt_instance] received at 2023-07-04 17:49:49.707117820 UTC - from mc-21->source-3 "133" 17:49:49.705405865
[2023-07-04T17:49:52Z INFO  dt_instance] received at 2023-07-04 17:49:52.214155570 UTC - from mc-21->source-3 "138" 17:49:52.210209677
[2023-07-04T17:49:54Z INFO  dt_instance] received at 2023-07-04 17:49:54.718794168 UTC - from mc-21->source-1 "148" 17:49:54.717100617
[2023-07-04T17:49:57Z INFO  dt_instance] received at 2023-07-04 17:49:57.224709115 UTC - from mc-21->source-1 "153" 17:49:57.223025439
[2023-07-04T17:49:59Z INFO  dt_instance] received at 2023-07-04 17:49:59.730955008 UTC - from mc-21->source-1 "158" 17:49:59.729511129
[2023-07-04T17:50:02Z INFO  dt_instance] received at 2023-07-04 17:50:02.235095938 UTC - from mc-21->source-1 "163" 17:50:02.234224530
[2023-07-04T17:50:04Z INFO  dt_instance] received at 2023-07-04 17:50:04.739591882 UTC - from mc-21->source-1 "168" 17:50:04.739016933
[2023-07-04T17:50:07Z INFO  dt_instance] received at 2023-07-04 17:50:07.245689563 UTC - from mc-21->source-1 "173" 17:50:07.243869186
[2023-07-04T17:50:09Z INFO  dt_instance] received at 2023-07-04 17:50:09.751089683 UTC - from mc-21->source-5 "168" 17:50:09.749774072
[2023-07-04T17:50:12Z INFO  dt_instance] received at 2023-07-04 17:50:12.258622230 UTC - from mc-21->source-1 "183" 17:50:12.256969532
[2023-07-04T17:50:14Z INFO  dt_instance] received at 2023-07-04 17:50:14.764574537 UTC - from mc-21->source-5 "178" 17:50:14.763326537
[2023-07-04T17:50:17Z INFO  dt_instance] received at 2023-07-04 17:50:17.271129157 UTC - from mc-21->source-1 "193" 17:50:17.269200548
[2023-07-04T17:50:19Z INFO  dt_instance] received at 2023-07-04 17:50:19.777233168 UTC - from mc-21->source-1 "198" 17:50:19.775449684
[2023-07-04T17:50:22Z INFO  dt_instance] received at 2023-07-04 17:50:22.281472674 UTC - from mc-21->source-1 "203" 17:50:22.280392076
[2023-07-04T17:50:24Z INFO  dt_instance] received at 2023-07-04 17:50:24.788815338 UTC - from mc-21->source-1 "208" 17:50:24.787471506
[2023-07-04T17:50:27Z INFO  dt_instance] received at 2023-07-04 17:50:27.295022021 UTC - from mc-21->source-1 "213" 17:50:27.293854543
[2023-07-04T17:50:29Z INFO  dt_instance] received at 2023-07-04 17:50:29.800774719 UTC - from mc-21->source-1 "218" 17:50:29.799863721
[2023-07-04T17:50:32Z INFO  dt_instance] received at 2023-07-04 17:50:32.306283814 UTC - from mc-21->source-1 "223" 17:50:32.305424094
[2023-07-04T17:50:34Z INFO  dt_instance] received at 2023-07-04 17:50:34.815005689 UTC - from mc-21->source-1 "228" 17:50:34.811598787
[2023-07-04T17:50:37Z INFO  dt_instance] received at 2023-07-04 17:50:37.321608537 UTC - from mc-21->source-1 "233" 17:50:37.320555548
[2023-07-04T17:50:39Z INFO  dt_instance] received at 2023-07-04 17:50:39.835273045 UTC - from mc-21->source-1 "238" 17:50:39.825975038
[2023-07-04T17:50:42Z INFO  dt_instance] received at 2023-07-04 17:50:42.332871933 UTC - from mc-21->source-1 "243" 17:50:42.332122099
[2023-07-04T17:50:44Z INFO  dt_instance] received at 2023-07-04 17:50:44.838848325 UTC - from mc-21->source-1 "248" 17:50:44.837971418
[2023-07-04T17:50:47Z INFO  dt_instance] received at 2023-07-04 17:50:47.344878674 UTC - from mc-21->source-1 "253" 17:50:47.343865175
[2023-07-04T17:50:49Z INFO  dt_instance] received at 2023-07-04 17:50:49.849802061 UTC - from mc-21->source-1 "258" 17:50:49.848993598
[2023-07-04T17:50:52Z INFO  dt_instance] received at 2023-07-04 17:50:52.355009724 UTC - from mc-21->source-1 "263" 17:50:52.353936510
[2023-07-04T17:50:54Z INFO  dt_instance] received at 2023-07-04 17:50:54.860739979 UTC - from mc-21->source-1 "268" 17:50:54.859648669
[2023-07-04T17:50:57Z INFO  dt_instance] received at 2023-07-04 17:50:57.367985178 UTC - from mc-21->source-5 "263" 17:50:57.366330315
[2023-07-04T17:50:59Z INFO  dt_instance] received at 2023-07-04 17:50:59.872987720 UTC - from mc-21->source-3 "273" 17:50:59.871309384
[2023-07-04T17:51:02Z INFO  dt_instance] received at 2023-07-04 17:51:02.390544499 UTC - from mc-21->source-3 "278" 17:51:02.377678668
[2023-07-04T17:51:04Z INFO  dt_instance] received at 2023-07-04 17:51:04.884449373 UTC - from mc-21->source-3 "283" 17:51:04.882716194
[2023-07-04T17:51:07Z INFO  dt_instance] received at 2023-07-04 17:51:07.390959290 UTC - from mc-21->source-3 "288" 17:51:07.388501515
[2023-07-04T17:51:09Z INFO  dt_instance] received at 2023-07-04 17:51:09.895771045 UTC - from mc-21->source-3 "293" 17:51:09.894197197
[2023-07-04T17:51:12Z INFO  dt_instance] received at 2023-07-04 17:51:12.402722393 UTC - from mc-21->source-3 "298" 17:51:12.401417026
[2023-07-04T17:51:14Z INFO  dt_instance] received at 2023-07-04 17:51:14.909035523 UTC - from mc-21->source-3 "303" 17:51:14.907259666
[2023-07-04T17:51:17Z INFO  dt_instance] received at 2023-07-04 17:51:17.415557433 UTC - from mc-21->source-3 "308" 17:51:17.412774262
[2023-07-04T17:51:19Z INFO  dt_instance] received at 2023-07-04 17:51:19.919992362 UTC - from mc-21->source-5 "308" 17:51:19.919049829
[2023-07-04T17:51:22Z INFO  dt_instance] received at 2023-07-04 17:51:22.431027896 UTC - from mc-21->source-5 "313" 17:51:22.429420649
[2023-07-04T17:51:24Z INFO  dt_instance] received at 2023-07-04 17:51:24.936866568 UTC - from mc-21->source-5 "318" 17:51:24.935856299
[2023-07-04T17:51:27Z INFO  dt_instance] received at 2023-07-04 17:51:27.443339254 UTC - from mc-21->source-5 "323" 17:51:27.442487108
[2023-07-04T17:51:29Z INFO  dt_instance] received at 2023-07-04 17:51:29.949282312 UTC - from mc-21->source-5 "328" 17:51:29.948162039
[2023-07-04T17:51:32Z INFO  dt_instance] received at 2023-07-04 17:51:32.454065824 UTC - from mc-21->source-5 "333" 17:51:32.452867409
[2023-07-04T17:51:34Z INFO  dt_instance] received at 2023-07-04 17:51:34.960105523 UTC - from mc-21->source-5 "338" 17:51:34.959282796
[2023-07-04T17:51:37Z INFO  dt_instance] received at 2023-07-04 17:51:37.467082212 UTC - from mc-21->source-1 "353" 17:51:37.464182678
[2023-07-04T17:51:39Z INFO  dt_instance] received at 2023-07-04 17:51:39.977682253 UTC - from mc-21->source-5 "348" 17:51:39.976440538
[2023-07-04T17:51:42Z INFO  dt_instance] received at 2023-07-04 17:51:42.482955457 UTC - from mc-21->source-5 "353" 17:51:42.482052884
[2023-07-04T17:51:44Z INFO  dt_instance] received at 2023-07-04 17:51:44.989113375 UTC - from mc-21->source-5 "358" 17:51:44.988203926
[2023-07-04T17:51:47Z INFO  dt_instance] received at 2023-07-04 17:51:47.494125669 UTC - from mc-21->source-5 "363" 17:51:47.492965736
[2023-07-04T17:51:50Z INFO  dt_instance] received at 2023-07-04 17:51:50.000256455 UTC - from mc-21->source-5 "368" 17:51:49.999135440
[2023-07-04T17:51:52Z INFO  dt_instance] received at 2023-07-04 17:51:52.507770549 UTC - from mc-21->source-5 "373" 17:51:52.504138300
[2023-07-04T17:51:55Z INFO  dt_instance] received at 2023-07-04 17:51:55.010602125 UTC - from mc-21->source-5 "378" 17:51:55.009810754
[2023-07-04T17:51:57Z INFO  dt_instance] received at 2023-07-04 17:51:57.516087465 UTC - from mc-21->source-5 "383" 17:51:57.515231574
[2023-07-04T17:52:00Z INFO  dt_instance] received at 2023-07-04 17:52:00.021754294 UTC - from mc-21->source-5 "388" 17:52:00.020861154
[2023-07-04T17:52:02Z INFO  dt_instance] received at 2023-07-04 17:52:02.535176573 UTC - from mc-21->source-5 "393" 17:52:02.534065315
[2023-07-04T17:52:05Z INFO  dt_instance] received at 2023-07-04 17:52:05.041664592 UTC - from mc-21->source-5 "398" 17:52:05.040888847
[2023-07-04T17:52:07Z INFO  dt_instance] received at 2023-07-04 17:52:07.549640159 UTC - from mc-21->source-5 "403" 17:52:07.547193838
[2023-07-04T17:52:10Z INFO  dt_instance] received at 2023-07-04 17:52:10.055367807 UTC - from mc-21->source-5 "408" 17:52:10.054077083
[2023-07-04T17:52:12Z INFO  dt_instance] received at 2023-07-04 17:52:12.559959139 UTC - from mc-21->source-5 "413" 17:52:12.558845839
[2023-07-04T17:52:15Z INFO  dt_instance] received at 2023-07-04 17:52:15.064892942 UTC - from mc-21->source-5 "418" 17:52:15.064243443
[2023-07-04T17:52:17Z INFO  dt_instance] received at 2023-07-04 17:52:17.571396840 UTC - from mc-21->source-5 "423" 17:52:17.570154415
[2023-07-04T17:52:20Z INFO  dt_instance] received at 2023-07-04 17:52:20.075956946 UTC - from mc-21->source-5 "428" 17:52:20.074884370
[2023-07-04T17:52:22Z INFO  dt_instance] received at 2023-07-04 17:52:22.583799509 UTC - from mc-21->source-5 "433" 17:52:22.579894818
[2023-07-04T17:52:25Z INFO  dt_instance] received at 2023-07-04 17:52:25.087130664 UTC - from mc-21->source-5 "438" 17:52:25.086443513
[2023-07-04T17:52:27Z INFO  dt_instance] received at 2023-07-04 17:52:27.596349225 UTC - from mc-21->source-5 "443" 17:52:27.592104032
[2023-07-04T17:52:30Z INFO  dt_instance] received at 2023-07-04 17:52:30.098167269 UTC - from mc-21->source-5 "448" 17:52:30.097049409
[2023-07-04T17:52:32Z INFO  dt_instance] received at 2023-07-04 17:52:32.609272329 UTC - from mc-21->source-5 "453" 17:52:32.601940836
[2023-07-04T17:52:35Z INFO  dt_instance] received at 2023-07-04 17:52:35.114079156 UTC - from mc-21->source-3 "463" 17:52:35.107060229
[2023-07-04T17:52:37Z INFO  dt_instance] received at 2023-07-04 17:52:37.622279832 UTC - from mc-21->source-9 "453" 17:52:37.610879290
[2023-07-04T17:52:40Z INFO  dt_instance] received at 2023-07-04 17:52:40.121987607 UTC - from mc-21->source-7 "463" 17:52:40.120634169
[2023-07-04T17:52:42Z INFO  dt_instance] received at 2023-07-04 17:52:42.628020673 UTC - from mc-21->source-5 "473" 17:52:42.626731652
[2023-07-04T17:52:45Z INFO  dt_instance] received at 2023-07-04 17:52:45.132983988 UTC - from mc-21->source-7 "473" 17:52:45.131971764
[2023-07-04T17:52:47Z INFO  dt_instance] received at 2023-07-04 17:52:47.639156551 UTC - from mc-21->source-1 "493" 17:52:47.637942144
[2023-07-04T17:52:50Z INFO  dt_instance] received at 2023-07-04 17:52:50.145410085 UTC - from mc-21->source-3 "493" 17:52:50.144078346
[2023-07-04T17:52:52Z INFO  dt_instance] received at 2023-07-04 17:52:52.669831692 UTC - from mc-21->source-7 "488" 17:52:52.668181049
[2023-07-04T17:52:55Z INFO  dt_instance] received at 2023-07-04 17:52:55.176205948 UTC - from mc-21->source-7 "493" 17:52:55.174238516
[2023-07-04T17:52:57Z INFO  dt_instance] received at 2023-07-04 17:52:57.680342484 UTC - from mc-21->source-7 "498" 17:52:57.678946514
[2023-07-04T17:53:00Z INFO  dt_instance] received at 2023-07-04 17:53:00.185784576 UTC - from mc-21->source-7 "503" 17:53:00.184216631
[2023-07-04T17:53:02Z INFO  dt_instance] received at 2023-07-04 17:53:02.691089277 UTC - from mc-21->source-7 "508" 17:53:02.689907283
[2023-07-04T17:53:05Z INFO  dt_instance] received at 2023-07-04 17:53:05.196348012 UTC - from mc-21->source-7 "513" 17:53:05.195080489
[2023-07-04T17:53:07Z INFO  dt_instance] received at 2023-07-04 17:53:07.704550589 UTC - from mc-21->source-7 "518" 17:53:07.701497218
[2023-07-04T17:53:10Z INFO  dt_instance] received at 2023-07-04 17:53:10.208401964 UTC - from mc-21->source-7 "523" 17:53:10.206977477
[2023-07-04T17:53:12Z INFO  dt_instance] received at 2023-07-04 17:53:12.714128532 UTC - from mc-21->source-7 "528" 17:53:12.712893339
[2023-07-04T17:53:15Z INFO  dt_instance] received at 2023-07-04 17:53:15.220175295 UTC - from mc-21->source-7 "533" 17:53:15.218896832
[2023-07-04T17:53:17Z INFO  dt_instance] received at 2023-07-04 17:53:17.726882695 UTC - from mc-21->source-7 "538" 17:53:17.725361002
[2023-07-04T17:53:20Z INFO  dt_instance] received at 2023-07-04 17:53:20.231276227 UTC - from mc-21->source-7 "543" 17:53:20.229938793
[2023-07-04T17:53:22Z INFO  dt_instance] received at 2023-07-04 17:53:22.739158834 UTC - from mc-21->source-3 "558" 17:53:22.734984198
[2023-07-04T17:53:25Z INFO  dt_instance] received at 2023-07-04 17:53:25.242092218 UTC - from mc-21->source-5 "558" 17:53:25.241406049
[2023-07-04T17:53:27Z INFO  dt_instance] received at 2023-07-04 17:53:27.750071497 UTC - from mc-21->source-7 "558" 17:53:27.747150676
[2023-07-04T17:53:30Z INFO  dt_instance] received at 2023-07-04 17:53:30.254241410 UTC - from mc-21->source-3 "573" 17:53:30.253130770
[2023-07-04T17:53:32Z INFO  dt_instance] received at 2023-07-04 17:53:32.762054909 UTC - from mc-21->source-7 "568" 17:53:32.760195258
[2023-07-04T17:53:35Z INFO  dt_instance] received at 2023-07-04 17:53:35.267163480 UTC - from mc-21->source-7 "573" 17:53:35.265755549
[2023-07-04T17:53:37Z INFO  dt_instance] received at 2023-07-04 17:53:37.772878872 UTC - from mc-21->source-7 "578" 17:53:37.769855945
[2023-07-04T17:53:40Z INFO  dt_instance] received at 2023-07-04 17:53:40.279570161 UTC - from mc-21->source-7 "583" 17:53:40.278370940
[2023-07-04T17:53:42Z INFO  dt_instance] received at 2023-07-04 17:53:42.786538497 UTC - from mc-21->source-7 "588" 17:53:42.785062142
[2023-07-04T17:53:45Z INFO  dt_instance] received at 2023-07-04 17:53:45.291387285 UTC - from mc-21->source-7 "593" 17:53:45.290087591
[2023-07-04T17:53:47Z INFO  dt_instance] received at 2023-07-04 17:53:47.798115231 UTC - from mc-21->source-7 "598" 17:53:47.796996906
[2023-07-04T17:53:50Z INFO  dt_instance] received at 2023-07-04 17:53:50.303669742 UTC - from mc-21->source-7 "603" 17:53:50.302237329
[2023-07-04T17:53:52Z INFO  dt_instance] received at 2023-07-04 17:53:52.810629084 UTC - from mc-21->source-7 "608" 17:53:52.809037260
[2023-07-04T17:53:55Z INFO  dt_instance] received at 2023-07-04 17:53:55.316608006 UTC - from mc-21->source-7 "613" 17:53:55.315139006
[2023-07-04T17:53:57Z INFO  dt_instance] received at 2023-07-04 17:53:57.822224584 UTC - from mc-21->source-3 "628" 17:53:57.821183210
[2023-07-04T17:54:00Z INFO  dt_instance] received at 2023-07-04 17:54:00.327447604 UTC - from mc-21->source-3 "633" 17:54:00.326217403
[2023-07-04T17:54:02Z INFO  dt_instance] received at 2023-07-04 17:54:02.832451293 UTC - from mc-21->source-3 "638" 17:54:02.831015720
[2023-07-04T17:54:05Z INFO  dt_instance] received at 2023-07-04 17:54:05.338763107 UTC - from mc-21->source-7 "633" 17:54:05.337178645
[2023-07-04T17:54:07Z INFO  dt_instance] received at 2023-07-04 17:54:07.845895245 UTC - from mc-21->source-7 "638" 17:54:07.844940623
[2023-07-04T17:54:10Z INFO  dt_instance] received at 2023-07-04 17:54:10.352545912 UTC - from mc-21->source-7 "643" 17:54:10.350829077
[2023-07-04T17:54:12Z INFO  dt_instance] received at 2023-07-04 17:54:12.858743311 UTC - from mc-21->source-7 "648" 17:54:12.857368109
[2023-07-04T17:54:15Z INFO  dt_instance] received at 2023-07-04 17:54:15.364583321 UTC - from mc-21->source-7 "653" 17:54:15.362978841
[2023-07-04T17:54:17Z INFO  dt_instance] received at 2023-07-04 17:54:17.870332703 UTC - from mc-21->source-7 "658" 17:54:17.868271169
[2023-07-04T17:54:20Z INFO  dt_instance] received at 2023-07-04 17:54:20.375517798 UTC - from mc-21->source-7 "663" 17:54:20.374234631
[2023-07-04T17:54:22Z INFO  dt_instance] received at 2023-07-04 17:54:22.882170612 UTC - from mc-21->source-3 "678" 17:54:22.880379372
[2023-07-04T17:54:25Z INFO  dt_instance] received at 2023-07-04 17:54:25.388901920 UTC - from mc-21->source-7 "673" 17:54:25.386779929
[2023-07-04T17:54:27Z INFO  dt_instance] received at 2023-07-04 17:54:27.894547792 UTC - from mc-21->source-1 "693" 17:54:27.893477087
[2023-07-04T17:54:30Z INFO  dt_instance] received at 2023-07-04 17:54:30.399783879 UTC - from mc-21->source-1 "698" 17:54:30.398554828
[2023-07-04T17:54:32Z INFO  dt_instance] received at 2023-07-04 17:54:32.905154913 UTC - from mc-21->source-5 "693" 17:54:32.904024862
[2023-07-04T17:54:35Z INFO  dt_instance] received at 2023-07-04 17:54:35.414304093 UTC - from mc-21->source-3 "703" 17:54:35.410671997
[2023-07-04T17:54:37Z INFO  dt_instance] received at 2023-07-04 17:54:37.921671111 UTC - from mc-21->source-7 "698" 17:54:37.919991718
[2023-07-04T17:54:40Z INFO  dt_instance] received at 2023-07-04 17:54:40.430264420 UTC - from mc-21->source-7 "703" 17:54:40.426135818
[2023-07-04T17:54:42Z INFO  dt_instance] received at 2023-07-04 17:54:42.938225710 UTC - from mc-21->source-7 "708" 17:54:42.936914224
[2023-07-04T17:54:45Z INFO  dt_instance] received at 2023-07-04 17:54:45.446885907 UTC - from mc-21->source-7 "713" 17:54:45.444968463
[2023-07-04T17:54:47Z INFO  dt_instance] received at 2023-07-04 17:54:47.951318273 UTC - from mc-21->source-7 "718" 17:54:47.950369285
[2023-07-04T17:54:50Z INFO  dt_instance] received at 2023-07-04 17:54:50.460393284 UTC - from mc-21->source-7 "723" 17:54:50.457692328
[2023-07-04T17:54:52Z INFO  dt_instance] received at 2023-07-04 17:54:52.966968376 UTC - from mc-21->source-7 "728" 17:54:52.964738282
[2023-07-04T17:54:55Z INFO  dt_instance] received at 2023-07-04 17:54:55.473543565 UTC - from mc-21->source-7 "733" 17:54:55.470807022
[2023-07-04T17:54:57Z INFO  dt_instance] received at 2023-07-04 17:54:57.979706760 UTC - from mc-21->source-7 "738" 17:54:57.975958353
[2023-07-04T17:55:00Z INFO  dt_instance] received at 2023-07-04 17:55:00.483310278 UTC - from mc-21->source-7 "743" 17:55:00.481889721
[2023-07-04T17:55:02Z INFO  dt_instance] received at 2023-07-04 17:55:02.994843991 UTC - from mc-21->source-3 "758" 17:55:02.992659624
[2023-07-04T17:55:05Z INFO  dt_instance] received at 2023-07-04 17:55:05.502611206 UTC - from mc-21->source-1 "768" 17:55:05.499284509
[2023-07-04T17:55:08Z INFO  dt_instance] received at 2023-07-04 17:55:08.007685585 UTC - from mc-21->source-3 "768" 17:55:08.006072518
[2023-07-04T17:55:10Z INFO  dt_instance] received at 2023-07-04 17:55:10.516753013 UTC - from mc-21->source-3 "773" 17:55:10.513075685
[2023-07-04T17:55:13Z INFO  dt_instance] received at 2023-07-04 17:55:13.022864598 UTC - from mc-21->source-3 "778" 17:55:13.019712872
[2023-07-04T17:55:15Z INFO  dt_instance] received at 2023-07-04 17:55:15.526435506 UTC - from mc-21->source-3 "783" 17:55:15.524947189
[2023-07-04T17:55:18Z INFO  dt_instance] received at 2023-07-04 17:55:18.035081196 UTC - from mc-21->source-7 "778" 17:55:18.031658498
[2023-07-04T17:55:20Z INFO  dt_instance] received at 2023-07-04 17:55:20.537391543 UTC - from mc-21->source-7 "783" 17:55:20.536095832
[2023-07-04T17:55:23Z INFO  dt_instance] received at 2023-07-04 17:55:23.043378569 UTC - from mc-21->source-1 "803" 17:55:23.042091220
[2023-07-04T17:55:25Z INFO  dt_instance] received at 2023-07-04 17:55:25.551340567 UTC - from mc-21->source-7 "793" 17:55:25.549357690
[2023-07-04T17:55:28Z INFO  dt_instance] received at 2023-07-04 17:55:28.058187330 UTC - from mc-21->source-3 "808" 17:55:28.055509403
[2023-07-04T17:55:30Z INFO  dt_instance] received at 2023-07-04 17:55:30.562151425 UTC - from mc-21->source-7 "803" 17:55:30.560923781
[2023-07-04T17:55:33Z INFO  dt_instance] received at 2023-07-04 17:55:33.069894906 UTC - from mc-21->source-7 "808" 17:55:33.068358611
[2023-07-04T17:55:35Z INFO  dt_instance] received at 2023-07-04 17:55:35.577118944 UTC - from mc-21->source-7 "813" 17:55:35.575321256
[2023-07-04T17:55:38Z INFO  dt_instance] received at 2023-07-04 17:55:38.083416332 UTC - from mc-21->source-3 "828" 17:55:38.081770570
[2023-07-04T17:55:40Z INFO  dt_instance] received at 2023-07-04 17:55:40.588007003 UTC - from mc-21->source-1 "838" 17:55:40.586979040
[2023-07-04T17:55:43Z INFO  dt_instance] received at 2023-07-04 17:55:43.096451720 UTC - from mc-21->source-3 "838" 17:55:43.093299158
[2023-07-04T17:55:45Z INFO  dt_instance] received at 2023-07-04 17:55:45.601734985 UTC - from mc-21->source-7 "833" 17:55:45.598775323
[2023-07-04T17:55:48Z INFO  dt_instance] received at 2023-07-04 17:55:48.105652345 UTC - from mc-21->source-7 "838" 17:55:48.104352747
[2023-07-04T17:55:50Z INFO  dt_instance] received at 2023-07-04 17:55:50.612587840 UTC - from mc-21->source-3 "853" 17:55:50.611080780
[2023-07-04T17:55:53Z INFO  dt_instance] received at 2023-07-04 17:55:53.119720744 UTC - from mc-21->source-1 "863" 17:55:53.117453816
[2023-07-04T17:55:55Z INFO  dt_instance] received at 2023-07-04 17:55:55.624798082 UTC - from mc-21->source-7 "853" 17:55:55.622977757
[2023-07-04T17:55:58Z INFO  dt_instance] received at 2023-07-04 17:55:58.129274486 UTC - from mc-21->source-7 "858" 17:55:58.128010312
[2023-07-04T17:56:00Z INFO  dt_instance] received at 2023-07-04 17:56:00.635447689 UTC - from mc-21->source-7 "863" 17:56:00.634244781
[2023-07-04T17:56:03Z INFO  dt_instance] received at 2023-07-04 17:56:03.145698753 UTC - from mc-21->source-1 "883" 17:56:03.143294258
[2023-07-04T17:56:05Z INFO  dt_instance] received at 2023-07-04 17:56:05.651162463 UTC - from mc-21->source-3 "883" 17:56:05.650131628
[2023-07-04T17:56:08Z INFO  dt_instance] received at 2023-07-04 17:56:08.157402372 UTC - from mc-21->source-3 "888" 17:56:08.156151529
[2023-07-04T17:56:10Z INFO  dt_instance] received at 2023-07-04 17:56:10.663848297 UTC - from mc-21->source-5 "888" 17:56:10.662709571
[2023-07-04T17:56:13Z INFO  dt_instance] received at 2023-07-04 17:56:13.170047433 UTC - from mc-21->source-3 "898" 17:56:13.168630076
[2023-07-04T17:56:15Z INFO  dt_instance] received at 2023-07-04 17:56:15.677351395 UTC - from mc-21->source-7 "893" 17:56:15.676020973
[2023-07-04T17:56:18Z INFO  dt_instance] received at 2023-07-04 17:56:18.184056754 UTC - from mc-21->source-1 "913" 17:56:18.182898247
[2023-07-04T17:56:20Z INFO  dt_instance] received at 2023-07-04 17:56:20.696444069 UTC - from mc-21->source-3 "913" 17:56:20.695264119
[2023-07-04T17:56:23Z INFO  dt_instance] received at 2023-07-04 17:56:23.202965114 UTC - from mc-21->source-1 "923" 17:56:23.201291821
[2023-07-04T17:56:25Z INFO  dt_instance] received at 2023-07-04 17:56:25.710523293 UTC - from mc-21->source-7 "913" 17:56:25.709443604
[2023-07-04T17:56:28Z INFO  dt_instance] received at 2023-07-04 17:56:28.220675193 UTC - from mc-21->source-3 "928" 17:56:28.210375033
[2023-07-04T17:56:30Z INFO  dt_instance] received at 2023-07-04 17:56:30.723689533 UTC - from mc-21->source-1 "938" 17:56:30.722715510
[2023-07-04T17:56:33Z INFO  dt_instance] received at 2023-07-04 17:56:33.228786906 UTC - from mc-21->source-1 "943" 17:56:33.227682993
[2023-07-04T17:56:35Z INFO  dt_instance] received at 2023-07-04 17:56:35.734661199 UTC - from mc-21->source-1 "948" 17:56:35.733829071
[2023-07-04T17:56:38Z INFO  dt_instance] received at 2023-07-04 17:56:38.239858517 UTC - from mc-21->source-1 "953" 17:56:38.238877235
[2023-07-04T17:56:40Z INFO  dt_instance] received at 2023-07-04 17:56:40.746481921 UTC - from mc-21->source-1 "958" 17:56:40.745450515
[2023-07-04T17:56:43Z INFO  dt_instance] received at 2023-07-04 17:56:43.255324152 UTC - from mc-21->source-1 "963" 17:56:43.252892921
[2023-07-04T17:56:45Z INFO  dt_instance] received at 2023-07-04 17:56:45.759716170 UTC - from mc-21->source-1 "968" 17:56:45.758813821
[2023-07-04T17:56:48Z INFO  dt_instance] received at 2023-07-04 17:56:48.265559027 UTC - from mc-21->source-1 "973" 17:56:48.264594537
[2023-07-04T17:56:50Z INFO  dt_instance] received at 2023-07-04 17:56:50.771162393 UTC - from mc-21->source-1 "978" 17:56:50.769866283
[2023-07-04T17:56:53Z INFO  dt_instance] received at 2023-07-04 17:56:53.279998734 UTC - from mc-21->source-1 "983" 17:56:53.275175896
[2023-07-04T17:56:55Z INFO  dt_instance] received at 2023-07-04 17:56:55.782007048 UTC - from mc-21->source-1 "988" 17:56:55.781005580
[2023-07-04T17:56:58Z INFO  dt_instance] received at 2023-07-04 17:56:58.290874498 UTC - from mc-21->source-1 "993" 17:56:58.287379857
[2023-07-04T17:57:01Z INFO  dt_instance] received at 2023-07-04 17:57:01.007414307 UTC - from mc-21->source-4 "991" 17:57:01.006398807
[2023-07-04T17:57:04Z INFO  dt_instance] received at 2023-07-04 17:57:04.260583610 UTC - from mc-21->source-9 "985" 17:57:04.259169838
[2023-07-04T17:57:11Z INFO  dt_instance] received at 2023-07-04 17:57:11.280131444 UTC - from mc-21->source-9 "999" 17:57:11.278684553
