[2023-07-04T17:28:43Z INFO  dt_instance] Current Twin: mc-twin-2
[2023-07-04T17:28:43Z INFO  dt_instance] Replica Name twin-mc-stateful-2
[2023-07-04T17:28:43Z INFO  dt_instance] Sleeping for 100
[2023-07-04T17:30:23Z INFO  dt_instance] Connecting to broker at emqx.dtwins:1883
[2023-07-04T17:30:23Z INFO  dt_instance] Loggin info each 50 messages
[2023-07-04T17:30:23Z INFO  dt_instance] Set max packet size to 60000 KB.
[2023-07-04T17:30:23Z INFO  dt_instance] Refreshing topics for twin - Listen to mc-2/#
[2023-07-04T17:30:23Z INFO  dt_instance] SubAck { pkid: 1, return_codes: [Success(ExactlyOnce)] }
[2023-07-04T17:31:35Z INFO  dt_instance] received at 2023-07-04 17:31:35.637968582 UTC - from mc-2->source-0 "14" 17:31:35.636525182
[2023-07-04T17:31:38Z INFO  dt_instance] received at 2023-07-04 17:31:38.884229220 UTC - from mc-2->source-3 "13" 17:31:38.882824402
[2023-07-04T17:31:41Z INFO  dt_instance] received at 2023-07-04 17:31:41.396436832 UTC - from mc-2->source-1 "23" 17:31:41.394952964
[2023-07-04T17:31:43Z INFO  dt_instance] received at 2023-07-04 17:31:43.904995969 UTC - from mc-2->source-1 "28" 17:31:43.901339803
[2023-07-04T17:31:46Z INFO  dt_instance] received at 2023-07-04 17:31:46.408225346 UTC - from mc-2->source-1 "33" 17:31:46.406867832
[2023-07-04T17:31:48Z INFO  dt_instance] received at 2023-07-04 17:31:48.914314519 UTC - from mc-2->source-1 "38" 17:31:48.911778984
[2023-07-04T17:31:51Z INFO  dt_instance] received at 2023-07-04 17:31:51.423181688 UTC - from mc-2->source-1 "43" 17:31:51.417602786
[2023-07-04T17:31:53Z INFO  dt_instance] received at 2023-07-04 17:31:53.926411396 UTC - from mc-2->source-1 "48" 17:31:53.925022638
[2023-07-04T17:31:56Z INFO  dt_instance] received at 2023-07-04 17:31:56.431027580 UTC - from mc-2->source-1 "53" 17:31:56.429813426
[2023-07-04T17:31:58Z INFO  dt_instance] received at 2023-07-04 17:31:58.937968100 UTC - from mc-2->source-1 "58" 17:31:58.936646345
[2023-07-04T17:32:01Z INFO  dt_instance] received at 2023-07-04 17:32:01.442787825 UTC - from mc-2->source-1 "63" 17:32:01.441478550
[2023-07-04T17:32:03Z INFO  dt_instance] received at 2023-07-04 17:32:03.949565844 UTC - from mc-2->source-1 "68" 17:32:03.948026650
[2023-07-04T17:32:06Z INFO  dt_instance] received at 2023-07-04 17:32:06.454382206 UTC - from mc-2->source-1 "73" 17:32:06.452817721
[2023-07-04T17:32:08Z INFO  dt_instance] received at 2023-07-04 17:32:08.959347999 UTC - from mc-2->source-1 "78" 17:32:08.957604109
[2023-07-04T17:32:11Z INFO  dt_instance] received at 2023-07-04 17:32:11.465326347 UTC - from mc-2->source-1 "83" 17:32:11.463363037
[2023-07-04T17:32:13Z INFO  dt_instance] received at 2023-07-04 17:32:13.971936368 UTC - from mc-2->source-1 "88" 17:32:13.970507022
[2023-07-04T17:32:16Z INFO  dt_instance] received at 2023-07-04 17:32:16.477257253 UTC - from mc-2->source-1 "93" 17:32:16.476275330
[2023-07-04T17:32:18Z INFO  dt_instance] received at 2023-07-04 17:32:18.981789230 UTC - from mc-2->source-1 "98" 17:32:18.980678987
[2023-07-04T17:32:21Z INFO  dt_instance] received at 2023-07-04 17:32:21.488612562 UTC - from mc-2->source-1 "103" 17:32:21.487077960
[2023-07-04T17:32:23Z INFO  dt_instance] received at 2023-07-04 17:32:23.995361203 UTC - from mc-2->source-1 "108" 17:32:23.993342560
[2023-07-04T17:32:26Z INFO  dt_instance] received at 2023-07-04 17:32:26.501300906 UTC - from mc-2->source-1 "113" 17:32:26.500048963
[2023-07-04T17:32:29Z INFO  dt_instance] received at 2023-07-04 17:32:29.007293770 UTC - from mc-2->source-3 "113" 17:32:29.005828470
[2023-07-04T17:32:31Z INFO  dt_instance] received at 2023-07-04 17:32:31.513632075 UTC - from mc-2->source-3 "118" 17:32:31.511946190
[2023-07-04T17:32:34Z INFO  dt_instance] received at 2023-07-04 17:32:34.019712163 UTC - from mc-2->source-1 "128" 17:32:34.018416317
[2023-07-04T17:32:36Z INFO  dt_instance] received at 2023-07-04 17:32:36.525891449 UTC - from mc-2->source-3 "128" 17:32:36.524048871
[2023-07-04T17:32:39Z INFO  dt_instance] received at 2023-07-04 17:32:39.034317596 UTC - from mc-2->source-9 "118" 17:32:39.024201135
[2023-07-04T17:32:41Z INFO  dt_instance] received at 2023-07-04 17:32:41.541341355 UTC - from mc-2->source-9 "123" 17:32:41.539445932
[2023-07-04T17:32:44Z INFO  dt_instance] received at 2023-07-04 17:32:44.046575488 UTC - from mc-2->source-1 "148" 17:32:44.044907285
[2023-07-04T17:32:46Z INFO  dt_instance] received at 2023-07-04 17:32:46.551106199 UTC - from mc-2->source-9 "133" 17:32:46.549627146
[2023-07-04T17:32:49Z INFO  dt_instance] received at 2023-07-04 17:32:49.058724930 UTC - from mc-2->source-9 "138" 17:32:49.057311186
[2023-07-04T17:32:51Z INFO  dt_instance] received at 2023-07-04 17:32:51.563994963 UTC - from mc-2->source-1 "163" 17:32:51.562673482
[2023-07-04T17:32:54Z INFO  dt_instance] received at 2023-07-04 17:32:54.070406124 UTC - from mc-2->source-1 "168" 17:32:54.069382510
[2023-07-04T17:32:56Z INFO  dt_instance] received at 2023-07-04 17:32:56.578880833 UTC - from mc-2->source-1 "173" 17:32:56.576132636
[2023-07-04T17:32:59Z INFO  dt_instance] received at 2023-07-04 17:32:59.083232279 UTC - from mc-2->source-1 "178" 17:32:59.081504703
[2023-07-04T17:33:01Z INFO  dt_instance] received at 2023-07-04 17:33:01.588913151 UTC - from mc-2->source-1 "183" 17:33:01.587592957
[2023-07-04T17:33:04Z INFO  dt_instance] received at 2023-07-04 17:33:04.095097269 UTC - from mc-2->source-1 "188" 17:33:04.093857758
[2023-07-04T17:33:06Z INFO  dt_instance] received at 2023-07-04 17:33:06.602070229 UTC - from mc-2->source-1 "193" 17:33:06.600107449
[2023-07-04T17:33:09Z INFO  dt_instance] received at 2023-07-04 17:33:09.107633131 UTC - from mc-2->source-1 "198" 17:33:09.106533797
[2023-07-04T17:33:11Z INFO  dt_instance] received at 2023-07-04 17:33:11.613852919 UTC - from mc-2->source-1 "203" 17:33:11.612621970
[2023-07-04T17:33:14Z INFO  dt_instance] received at 2023-07-04 17:33:14.120420066 UTC - from mc-2->source-1 "208" 17:33:14.119127593
[2023-07-04T17:33:16Z INFO  dt_instance] received at 2023-07-04 17:33:16.625032272 UTC - from mc-2->source-1 "213" 17:33:16.623623157
[2023-07-04T17:33:19Z INFO  dt_instance] received at 2023-07-04 17:33:19.132037556 UTC - from mc-2->source-5 "208" 17:33:19.131113607
[2023-07-04T17:33:21Z INFO  dt_instance] received at 2023-07-04 17:33:21.643144573 UTC - from mc-2->source-5 "213" 17:33:21.636709899
[2023-07-04T17:33:24Z INFO  dt_instance] received at 2023-07-04 17:33:24.148645258 UTC - from mc-2->source-5 "218" 17:33:24.147682118
[2023-07-04T17:33:26Z INFO  dt_instance] received at 2023-07-04 17:33:26.653837050 UTC - from mc-2->source-5 "223" 17:33:26.653130423
[2023-07-04T17:33:29Z INFO  dt_instance] received at 2023-07-04 17:33:29.160207386 UTC - from mc-2->source-5 "228" 17:33:29.159295575
[2023-07-04T17:33:31Z INFO  dt_instance] received at 2023-07-04 17:33:31.665472627 UTC - from mc-2->source-5 "233" 17:33:31.664479392
[2023-07-04T17:33:34Z INFO  dt_instance] received at 2023-07-04 17:33:34.175252800 UTC - from mc-2->source-5 "238" 17:33:34.174103918
[2023-07-04T17:33:36Z INFO  dt_instance] received at 2023-07-04 17:33:36.679863751 UTC - from mc-2->source-5 "243" 17:33:36.679041756
[2023-07-04T17:33:39Z INFO  dt_instance] received at 2023-07-04 17:33:39.184347357 UTC - from mc-2->source-5 "248" 17:33:39.183503288
[2023-07-04T17:33:41Z INFO  dt_instance] received at 2023-07-04 17:33:41.691168938 UTC - from mc-2->source-5 "253" 17:33:41.690400044
[2023-07-04T17:33:44Z INFO  dt_instance] received at 2023-07-04 17:33:44.198614233 UTC - from mc-2->source-5 "258" 17:33:44.197396628
[2023-07-04T17:33:46Z INFO  dt_instance] received at 2023-07-04 17:33:46.703933540 UTC - from mc-2->source-5 "263" 17:33:46.702868913
[2023-07-04T17:33:49Z INFO  dt_instance] received at 2023-07-04 17:33:49.208899713 UTC - from mc-2->source-5 "268" 17:33:49.208015574
[2023-07-04T17:33:51Z INFO  dt_instance] received at 2023-07-04 17:33:51.713673194 UTC - from mc-2->source-5 "273" 17:33:51.712889245
[2023-07-04T17:33:54Z INFO  dt_instance] received at 2023-07-04 17:33:54.220094315 UTC - from mc-2->source-5 "278" 17:33:54.219154038
[2023-07-04T17:33:56Z INFO  dt_instance] received at 2023-07-04 17:33:56.724744616 UTC - from mc-2->source-5 "283" 17:33:56.723774641
[2023-07-04T17:33:59Z INFO  dt_instance] received at 2023-07-04 17:33:59.230404717 UTC - from mc-2->source-5 "288" 17:33:59.229375796
[2023-07-04T17:34:01Z INFO  dt_instance] received at 2023-07-04 17:34:01.735587073 UTC - from mc-2->source-5 "293" 17:34:01.734611482
[2023-07-04T17:34:04Z INFO  dt_instance] received at 2023-07-04 17:34:04.242729435 UTC - from mc-2->source-5 "298" 17:34:04.241983829
[2023-07-04T17:34:06Z INFO  dt_instance] received at 2023-07-04 17:34:06.754777612 UTC - from mc-2->source-5 "303" 17:34:06.753892008
[2023-07-04T17:34:09Z INFO  dt_instance] received at 2023-07-04 17:34:09.260794914 UTC - from mc-2->source-5 "308" 17:34:09.258805121
[2023-07-04T17:34:11Z INFO  dt_instance] received at 2023-07-04 17:34:11.765131785 UTC - from mc-2->source-5 "313" 17:34:11.764098049
[2023-07-04T17:34:14Z INFO  dt_instance] received at 2023-07-04 17:34:14.271029171 UTC - from mc-2->source-5 "318" 17:34:14.269838863
[2023-07-04T17:34:16Z INFO  dt_instance] received at 2023-07-04 17:34:16.776854941 UTC - from mc-2->source-5 "323" 17:34:16.775707273
[2023-07-04T17:34:19Z INFO  dt_instance] received at 2023-07-04 17:34:19.282171552 UTC - from mc-2->source-5 "328" 17:34:19.281322360
[2023-07-04T17:34:21Z INFO  dt_instance] received at 2023-07-04 17:34:21.787350543 UTC - from mc-2->source-5 "333" 17:34:21.786261056
[2023-07-04T17:34:24Z INFO  dt_instance] received at 2023-07-04 17:34:24.293075196 UTC - from mc-2->source-5 "338" 17:34:24.291856967
[2023-07-04T17:34:26Z INFO  dt_instance] received at 2023-07-04 17:34:26.800178103 UTC - from mc-2->source-5 "343" 17:34:26.799167639
[2023-07-04T17:34:29Z INFO  dt_instance] received at 2023-07-04 17:34:29.305838675 UTC - from mc-2->source-5 "348" 17:34:29.304320376
[2023-07-04T17:34:31Z INFO  dt_instance] received at 2023-07-04 17:34:31.809947312 UTC - from mc-2->source-5 "353" 17:34:31.808941596
[2023-07-04T17:34:34Z INFO  dt_instance] received at 2023-07-04 17:34:34.316056077 UTC - from mc-2->source-5 "358" 17:34:34.315400237
[2023-07-04T17:34:36Z INFO  dt_instance] received at 2023-07-04 17:34:36.824356655 UTC - from mc-2->source-5 "363" 17:34:36.823430891
[2023-07-04T17:34:39Z INFO  dt_instance] received at 2023-07-04 17:34:39.331497759 UTC - from mc-2->source-5 "368" 17:34:39.330595298
[2023-07-04T17:34:41Z INFO  dt_instance] received at 2023-07-04 17:34:41.837922341 UTC - from mc-2->source-5 "373" 17:34:41.836622587
[2023-07-04T17:34:44Z INFO  dt_instance] received at 2023-07-04 17:34:44.343288513 UTC - from mc-2->source-5 "378" 17:34:44.342171221
[2023-07-04T17:34:46Z INFO  dt_instance] received at 2023-07-04 17:34:46.849107245 UTC - from mc-2->source-5 "383" 17:34:46.847843032
[2023-07-04T17:34:49Z INFO  dt_instance] received at 2023-07-04 17:34:49.355283582 UTC - from mc-2->source-5 "388" 17:34:49.353508158
[2023-07-04T17:34:51Z INFO  dt_instance] received at 2023-07-04 17:34:51.861837446 UTC - from mc-2->source-5 "393" 17:34:51.860542332
[2023-07-04T17:34:54Z INFO  dt_instance] received at 2023-07-04 17:34:54.369395914 UTC - from mc-2->source-1 "408" 17:34:54.364119643
[2023-07-04T17:34:56Z INFO  dt_instance] received at 2023-07-04 17:34:56.875293814 UTC - from mc-2->source-5 "403" 17:34:56.873769786
[2023-07-04T17:34:59Z INFO  dt_instance] received at 2023-07-04 17:34:59.379922091 UTC - from mc-2->source-5 "408" 17:34:59.379021648
[2023-07-04T17:35:01Z INFO  dt_instance] received at 2023-07-04 17:35:01.885573448 UTC - from mc-2->source-5 "413" 17:35:01.884062224
[2023-07-04T17:35:04Z INFO  dt_instance] received at 2023-07-04 17:35:04.390465248 UTC - from mc-2->source-5 "418" 17:35:04.389611497
[2023-07-04T17:35:06Z INFO  dt_instance] received at 2023-07-04 17:35:06.899001392 UTC - from mc-2->source-5 "423" 17:35:06.896365561
[2023-07-04T17:35:09Z INFO  dt_instance] received at 2023-07-04 17:35:09.403414342 UTC - from mc-2->source-5 "428" 17:35:09.402500094
[2023-07-04T17:35:11Z INFO  dt_instance] received at 2023-07-04 17:35:11.909587174 UTC - from mc-2->source-5 "433" 17:35:11.908582534
[2023-07-04T17:35:14Z INFO  dt_instance] received at 2023-07-04 17:35:14.416623111 UTC - from mc-2->source-5 "438" 17:35:14.415558321
[2023-07-04T17:35:16Z INFO  dt_instance] received at 2023-07-04 17:35:16.929898323 UTC - from mc-2->source-5 "443" 17:35:16.921554833
[2023-07-04T17:35:19Z INFO  dt_instance] received at 2023-07-04 17:35:19.427876172 UTC - from mc-2->source-5 "448" 17:35:19.426677806
[2023-07-04T17:35:21Z INFO  dt_instance] received at 2023-07-04 17:35:21.932629144 UTC - from mc-2->source-5 "453" 17:35:21.931757807
[2023-07-04T17:35:24Z INFO  dt_instance] received at 2023-07-04 17:35:24.439260999 UTC - from mc-2->source-5 "458" 17:35:24.438081177
[2023-07-04T17:35:26Z INFO  dt_instance] received at 2023-07-04 17:35:26.944909893 UTC - from mc-2->source-5 "463" 17:35:26.943763965
[2023-07-04T17:35:29Z INFO  dt_instance] received at 2023-07-04 17:35:29.450118733 UTC - from mc-2->source-5 "468" 17:35:29.449047613
[2023-07-04T17:35:31Z INFO  dt_instance] received at 2023-07-04 17:35:31.957153079 UTC - from mc-2->source-5 "473" 17:35:31.956411624
[2023-07-04T17:35:34Z INFO  dt_instance] received at 2023-07-04 17:35:34.462767607 UTC - from mc-2->source-5 "478" 17:35:34.461969875
[2023-07-04T17:35:36Z INFO  dt_instance] received at 2023-07-04 17:35:36.967532586 UTC - from mc-2->source-5 "483" 17:35:36.966715949
[2023-07-04T17:35:39Z INFO  dt_instance] received at 2023-07-04 17:35:39.473317453 UTC - from mc-2->source-5 "488" 17:35:39.472001406
[2023-07-04T17:35:41Z INFO  dt_instance] received at 2023-07-04 17:35:41.979474276 UTC - from mc-2->source-5 "493" 17:35:41.978812448
[2023-07-04T17:35:44Z INFO  dt_instance] received at 2023-07-04 17:35:44.486785365 UTC - from mc-2->source-5 "498" 17:35:44.484253759
[2023-07-04T17:35:46Z INFO  dt_instance] received at 2023-07-04 17:35:46.990276612 UTC - from mc-2->source-5 "503" 17:35:46.989299177
[2023-07-04T17:35:49Z INFO  dt_instance] received at 2023-07-04 17:35:49.496126815 UTC - from mc-2->source-5 "508" 17:35:49.495202822
[2023-07-04T17:35:52Z INFO  dt_instance] received at 2023-07-04 17:35:52.010382647 UTC - from mc-2->source-5 "513" 17:35:52.000823566
[2023-07-04T17:35:54Z INFO  dt_instance] received at 2023-07-04 17:35:54.506894013 UTC - from mc-2->source-5 "518" 17:35:54.505865773
[2023-07-04T17:35:57Z INFO  dt_instance] received at 2023-07-04 17:35:57.011679169 UTC - from mc-2->source-5 "523" 17:35:57.010585358
[2023-07-04T17:35:59Z INFO  dt_instance] received at 2023-07-04 17:35:59.519353331 UTC - from mc-2->source-5 "528" 17:35:59.516479044
[2023-07-04T17:36:02Z INFO  dt_instance] received at 2023-07-04 17:36:02.023493157 UTC - from mc-2->source-5 "533" 17:36:02.022555956
[2023-07-04T17:36:04Z INFO  dt_instance] received at 2023-07-04 17:36:04.529066417 UTC - from mc-2->source-5 "538" 17:36:04.527774951
[2023-07-04T17:36:07Z INFO  dt_instance] received at 2023-07-04 17:36:07.034216632 UTC - from mc-2->source-5 "543" 17:36:07.033426142
[2023-07-04T17:36:09Z INFO  dt_instance] received at 2023-07-04 17:36:09.541732878 UTC - from mc-2->source-5 "548" 17:36:09.540796971
[2023-07-04T17:36:12Z INFO  dt_instance] received at 2023-07-04 17:36:12.046585402 UTC - from mc-2->source-5 "553" 17:36:12.045453158
[2023-07-04T17:36:14Z INFO  dt_instance] received at 2023-07-04 17:36:14.553925772 UTC - from mc-2->source-5 "558" 17:36:14.551514389
[2023-07-04T17:36:17Z INFO  dt_instance] received at 2023-07-04 17:36:17.067036753 UTC - from mc-2->source-5 "563" 17:36:17.056910361
[2023-07-04T17:36:19Z INFO  dt_instance] received at 2023-07-04 17:36:19.564427633 UTC - from mc-2->source-5 "568" 17:36:19.563421328
[2023-07-04T17:36:22Z INFO  dt_instance] received at 2023-07-04 17:36:22.069697530 UTC - from mc-2->source-5 "573" 17:36:22.068777726
[2023-07-04T17:36:24Z INFO  dt_instance] received at 2023-07-04 17:36:24.580444778 UTC - from mc-2->source-3 "583" 17:36:24.578832263
[2023-07-04T17:36:27Z INFO  dt_instance] received at 2023-07-04 17:36:27.085771668 UTC - from mc-2->source-1 "593" 17:36:27.083653235
[2023-07-04T17:36:29Z INFO  dt_instance] received at 2023-07-04 17:36:29.592278588 UTC - from mc-2->source-3 "593" 17:36:29.589787134
[2023-07-04T17:36:32Z INFO  dt_instance] received at 2023-07-04 17:36:32.099696506 UTC - from mc-2->source-1 "603" 17:36:32.098312351
[2023-07-04T17:36:34Z INFO  dt_instance] received at 2023-07-04 17:36:34.606543378 UTC - from mc-2->source-3 "603" 17:36:34.604734484
[2023-07-04T17:36:37Z INFO  dt_instance] received at 2023-07-04 17:36:37.113663890 UTC - from mc-2->source-3 "608" 17:36:37.112072149
[2023-07-04T17:36:39Z INFO  dt_instance] received at 2023-07-04 17:36:39.619515264 UTC - from mc-2->source-1 "618" 17:36:39.618635810
[2023-07-04T17:36:42Z INFO  dt_instance] received at 2023-07-04 17:36:42.128244651 UTC - from mc-2->source-5 "613" 17:36:42.126997685
[2023-07-04T17:36:44Z INFO  dt_instance] received at 2023-07-04 17:36:44.633018677 UTC - from mc-2->source-5 "618" 17:36:44.631818169
[2023-07-04T17:36:47Z INFO  dt_instance] received at 2023-07-04 17:36:47.138959898 UTC - from mc-2->source-1 "633" 17:36:47.137358834
[2023-07-04T17:36:49Z INFO  dt_instance] received at 2023-07-04 17:36:49.645376253 UTC - from mc-2->source-1 "638" 17:36:49.643981527
[2023-07-04T17:36:52Z INFO  dt_instance] received at 2023-07-04 17:36:52.151949319 UTC - from mc-2->source-1 "643" 17:36:52.149409013
[2023-07-04T17:36:54Z INFO  dt_instance] received at 2023-07-04 17:36:54.656915302 UTC - from mc-2->source-1 "648" 17:36:54.655357738
[2023-07-04T17:36:57Z INFO  dt_instance] received at 2023-07-04 17:36:57.163984765 UTC - from mc-2->source-1 "653" 17:36:57.162441052
[2023-07-04T17:36:59Z INFO  dt_instance] received at 2023-07-04 17:36:59.670034234 UTC - from mc-2->source-1 "658" 17:36:59.668874497
[2023-07-04T17:37:02Z INFO  dt_instance] received at 2023-07-04 17:37:02.178667542 UTC - from mc-2->source-1 "663" 17:37:02.174357690
[2023-07-04T17:37:04Z INFO  dt_instance] received at 2023-07-04 17:37:04.681803030 UTC - from mc-2->source-1 "668" 17:37:04.680458066
[2023-07-04T17:37:07Z INFO  dt_instance] received at 2023-07-04 17:37:07.188856139 UTC - from mc-2->source-1 "673" 17:37:07.187311934
[2023-07-04T17:37:09Z INFO  dt_instance] received at 2023-07-04 17:37:09.693507059 UTC - from mc-2->source-1 "678" 17:37:09.692374217
[2023-07-04T17:37:12Z INFO  dt_instance] received at 2023-07-04 17:37:12.199757933 UTC - from mc-2->source-1 "683" 17:37:12.198381585
[2023-07-04T17:37:14Z INFO  dt_instance] received at 2023-07-04 17:37:14.705155979 UTC - from mc-2->source-1 "688" 17:37:14.703674454
[2023-07-04T17:37:17Z INFO  dt_instance] received at 2023-07-04 17:37:17.211795331 UTC - from mc-2->source-1 "693" 17:37:17.208739909
[2023-07-04T17:37:19Z INFO  dt_instance] received at 2023-07-04 17:37:19.716538091 UTC - from mc-2->source-1 "698" 17:37:19.715454137
[2023-07-04T17:37:22Z INFO  dt_instance] received at 2023-07-04 17:37:22.223985378 UTC - from mc-2->source-5 "693" 17:37:22.223050028
[2023-07-04T17:37:24Z INFO  dt_instance] received at 2023-07-04 17:37:24.729874494 UTC - from mc-2->source-5 "698" 17:37:24.729092013
[2023-07-04T17:37:27Z INFO  dt_instance] received at 2023-07-04 17:37:27.235088810 UTC - from mc-2->source-1 "713" 17:37:27.233592773
[2023-07-04T17:37:29Z INFO  dt_instance] received at 2023-07-04 17:37:29.741110789 UTC - from mc-2->source-1 "718" 17:37:29.740136388
[2023-07-04T17:37:32Z INFO  dt_instance] received at 2023-07-04 17:37:32.247566480 UTC - from mc-2->source-1 "723" 17:37:32.246444876
[2023-07-04T17:37:34Z INFO  dt_instance] received at 2023-07-04 17:37:34.754829808 UTC - from mc-2->source-1 "728" 17:37:34.753320003
[2023-07-04T17:37:37Z INFO  dt_instance] received at 2023-07-04 17:37:37.288717656 UTC - from mc-2->source-5 "723" 17:37:37.287714442
[2023-07-04T17:37:39Z INFO  dt_instance] received at 2023-07-04 17:37:39.794689065 UTC - from mc-2->source-5 "728" 17:37:39.793730279
[2023-07-04T17:37:42Z INFO  dt_instance] received at 2023-07-04 17:37:42.301537458 UTC - from mc-2->source-5 "733" 17:37:42.300728322
[2023-07-04T17:37:44Z INFO  dt_instance] received at 2023-07-04 17:37:44.807733990 UTC - from mc-2->source-5 "738" 17:37:44.806831194
[2023-07-04T17:37:47Z INFO  dt_instance] received at 2023-07-04 17:37:47.312664785 UTC - from mc-2->source-5 "743" 17:37:47.311642439
[2023-07-04T17:37:49Z INFO  dt_instance] received at 2023-07-04 17:37:49.818516667 UTC - from mc-2->source-5 "748" 17:37:49.817689306
[2023-07-04T17:37:52Z INFO  dt_instance] received at 2023-07-04 17:37:52.323603764 UTC - from mc-2->source-5 "753" 17:37:52.322645396
[2023-07-04T17:37:54Z INFO  dt_instance] received at 2023-07-04 17:37:54.830727124 UTC - from mc-2->source-5 "758" 17:37:54.829311631
[2023-07-04T17:37:57Z INFO  dt_instance] received at 2023-07-04 17:37:57.335762651 UTC - from mc-2->source-5 "763" 17:37:57.334754321
[2023-07-04T17:37:59Z INFO  dt_instance] received at 2023-07-04 17:37:59.841385352 UTC - from mc-2->source-5 "768" 17:37:59.839974160
[2023-07-04T17:38:02Z INFO  dt_instance] received at 2023-07-04 17:38:02.345701395 UTC - from mc-2->source-5 "773" 17:38:02.344668722
[2023-07-04T17:38:04Z INFO  dt_instance] received at 2023-07-04 17:38:04.863134219 UTC - from mc-2->source-5 "778" 17:38:04.862370151
[2023-07-04T17:38:07Z INFO  dt_instance] received at 2023-07-04 17:38:07.368932746 UTC - from mc-2->source-5 "783" 17:38:07.367840199
[2023-07-04T17:38:09Z INFO  dt_instance] received at 2023-07-04 17:38:09.876749959 UTC - from mc-2->source-5 "788" 17:38:09.875219577
[2023-07-04T17:38:12Z INFO  dt_instance] received at 2023-07-04 17:38:12.381744061 UTC - from mc-2->source-5 "793" 17:38:12.380853660
[2023-07-04T17:38:14Z INFO  dt_instance] received at 2023-07-04 17:38:14.886455181 UTC - from mc-2->source-5 "798" 17:38:14.885777062
[2023-07-04T17:38:17Z INFO  dt_instance] received at 2023-07-04 17:38:17.391571919 UTC - from mc-2->source-5 "803" 17:38:17.390673501
[2023-07-04T17:38:19Z INFO  dt_instance] received at 2023-07-04 17:38:19.897959544 UTC - from mc-2->source-5 "808" 17:38:19.896812778
[2023-07-04T17:38:22Z INFO  dt_instance] received at 2023-07-04 17:38:22.410412143 UTC - from mc-2->source-5 "813" 17:38:22.402571114
[2023-07-04T17:38:24Z INFO  dt_instance] received at 2023-07-04 17:38:24.908503960 UTC - from mc-2->source-5 "818" 17:38:24.907761862
[2023-07-04T17:38:27Z INFO  dt_instance] received at 2023-07-04 17:38:27.413994042 UTC - from mc-2->source-5 "823" 17:38:27.412983046
[2023-07-04T17:38:29Z INFO  dt_instance] received at 2023-07-04 17:38:29.919307446 UTC - from mc-2->source-5 "828" 17:38:29.918061140
[2023-07-04T17:38:32Z INFO  dt_instance] received at 2023-07-04 17:38:32.424256143 UTC - from mc-2->source-5 "833" 17:38:32.422906996
[2023-07-04T17:38:34Z INFO  dt_instance] received at 2023-07-04 17:38:34.929314714 UTC - from mc-2->source-5 "838" 17:38:34.927826255
[2023-07-04T17:38:37Z INFO  dt_instance] received at 2023-07-04 17:38:37.434575794 UTC - from mc-2->source-5 "843" 17:38:37.432940927
[2023-07-04T17:38:39Z INFO  dt_instance] received at 2023-07-04 17:38:39.939067141 UTC - from mc-2->source-5 "848" 17:38:39.937800074
[2023-07-04T17:38:42Z INFO  dt_instance] received at 2023-07-04 17:38:42.444140357 UTC - from mc-2->source-5 "853" 17:38:42.443154550
[2023-07-04T17:38:44Z INFO  dt_instance] received at 2023-07-04 17:38:44.948994090 UTC - from mc-2->source-5 "858" 17:38:44.948035186
[2023-07-04T17:38:47Z INFO  dt_instance] received at 2023-07-04 17:38:47.455567609 UTC - from mc-2->source-5 "863" 17:38:47.452811728
[2023-07-04T17:38:49Z INFO  dt_instance] received at 2023-07-04 17:38:49.958724864 UTC - from mc-2->source-5 "868" 17:38:49.957541769
[2023-07-04T17:38:52Z INFO  dt_instance] received at 2023-07-04 17:38:52.464139740 UTC - from mc-2->source-5 "873" 17:38:52.463266207
[2023-07-04T17:38:54Z INFO  dt_instance] received at 2023-07-04 17:38:54.968739898 UTC - from mc-2->source-5 "878" 17:38:54.967938449
[2023-07-04T17:38:57Z INFO  dt_instance] received at 2023-07-04 17:38:57.478480454 UTC - from mc-2->source-5 "883" 17:38:57.476960042
[2023-07-04T17:38:59Z INFO  dt_instance] received at 2023-07-04 17:38:59.982669207 UTC - from mc-2->source-5 "888" 17:38:59.981675958
[2023-07-04T17:39:02Z INFO  dt_instance] received at 2023-07-04 17:39:02.488107958 UTC - from mc-2->source-5 "893" 17:39:02.486985020
[2023-07-04T17:39:04Z INFO  dt_instance] received at 2023-07-04 17:39:04.992807080 UTC - from mc-2->source-5 "898" 17:39:04.991919829
[2023-07-04T17:39:07Z INFO  dt_instance] received at 2023-07-04 17:39:07.501639210 UTC - from mc-2->source-5 "903" 17:39:07.498140714
[2023-07-04T17:39:10Z INFO  dt_instance] received at 2023-07-04 17:39:10.005332219 UTC - from mc-2->source-5 "908" 17:39:10.003931114
[2023-07-04T17:39:12Z INFO  dt_instance] received at 2023-07-04 17:39:12.511314258 UTC - from mc-2->source-5 "913" 17:39:12.508894512
[2023-07-04T17:39:15Z INFO  dt_instance] received at 2023-07-04 17:39:15.019340215 UTC - from mc-2->source-5 "918" 17:39:15.016434754
[2023-07-04T17:39:17Z INFO  dt_instance] received at 2023-07-04 17:39:17.522911522 UTC - from mc-2->source-5 "923" 17:39:17.521726781
[2023-07-04T17:39:20Z INFO  dt_instance] received at 2023-07-04 17:39:20.027664864 UTC - from mc-2->source-5 "928" 17:39:20.026705785
[2023-07-04T17:39:22Z INFO  dt_instance] received at 2023-07-04 17:39:22.533429856 UTC - from mc-2->source-5 "933" 17:39:22.532037596
[2023-07-04T17:39:25Z INFO  dt_instance] received at 2023-07-04 17:39:25.040193588 UTC - from mc-2->source-5 "938" 17:39:25.038891518
[2023-07-04T17:39:27Z INFO  dt_instance] received at 2023-07-04 17:39:27.546178074 UTC - from mc-2->source-5 "943" 17:39:27.545061613
[2023-07-04T17:39:30Z INFO  dt_instance] received at 2023-07-04 17:39:30.052300258 UTC - from mc-2->source-5 "948" 17:39:30.050889611
[2023-07-04T17:39:32Z INFO  dt_instance] received at 2023-07-04 17:39:32.557782504 UTC - from mc-2->source-5 "953" 17:39:32.555828866
[2023-07-04T17:39:35Z INFO  dt_instance] received at 2023-07-04 17:39:35.063300844 UTC - from mc-2->source-5 "958" 17:39:35.062116181
[2023-07-04T17:39:37Z INFO  dt_instance] received at 2023-07-04 17:39:37.570503496 UTC - from mc-2->source-5 "963" 17:39:37.567625756
[2023-07-04T17:39:40Z INFO  dt_instance] received at 2023-07-04 17:39:40.074721865 UTC - from mc-2->source-5 "968" 17:39:40.073198276
[2023-07-04T17:39:42Z INFO  dt_instance] received at 2023-07-04 17:39:42.581620845 UTC - from mc-2->source-5 "973" 17:39:42.579297901
[2023-07-04T17:39:45Z INFO  dt_instance] received at 2023-07-04 17:39:45.086208986 UTC - from mc-2->source-5 "978" 17:39:45.084317330
[2023-07-04T17:39:47Z INFO  dt_instance] received at 2023-07-04 17:39:47.592544485 UTC - from mc-2->source-5 "983" 17:39:47.591364870
[2023-07-04T17:39:50Z INFO  dt_instance] received at 2023-07-04 17:39:50.297927740 UTC - from mc-2->source-6 "986" 17:39:50.296586149
[2023-07-04T17:39:53Z INFO  dt_instance] received at 2023-07-04 17:39:53.578662312 UTC - from mc-2->source-9 "985" 17:39:53.576873745
[2023-07-04T17:40:00Z INFO  dt_instance] received at 2023-07-04 17:40:00.592929492 UTC - from mc-2->source-9 "999" 17:40:00.591706489
