[2023-07-04T17:29:47Z INFO  dt_instance] Current Twin: mc-twin-17
[2023-07-04T17:29:47Z INFO  dt_instance] Replica Name twin-mc-stateful-17
[2023-07-04T17:29:47Z INFO  dt_instance] Sleeping for 850
[2023-07-04T17:43:57Z INFO  dt_instance] Connecting to broker at emqx.dtwins:1883
[2023-07-04T17:43:57Z INFO  dt_instance] Loggin info each 50 messages
[2023-07-04T17:43:57Z INFO  dt_instance] Set max packet size to 60000 KB.
[2023-07-04T17:43:57Z INFO  dt_instance] Refreshing topics for twin - Listen to mc-17/#
[2023-07-04T17:43:57Z INFO  dt_instance] SubAck { pkid: 1, return_codes: [Success(ExactlyOnce)] }
[2023-07-04T17:45:10Z INFO  dt_instance] received at 2023-07-04 17:45:10.256470308 UTC - from mc-17->source-2 "9" 17:45:10.252798748
[2023-07-04T17:45:13Z INFO  dt_instance] received at 2023-07-04 17:45:13.508580952 UTC - from mc-17->source-3 "13" 17:45:13.505534223
[2023-07-04T17:45:16Z INFO  dt_instance] received at 2023-07-04 17:45:16.022509119 UTC - from mc-17->source-1 "23" 17:45:16.021147925
[2023-07-04T17:45:18Z INFO  dt_instance] received at 2023-07-04 17:45:18.528563342 UTC - from mc-17->source-1 "28" 17:45:18.527000636
[2023-07-04T17:45:21Z INFO  dt_instance] received at 2023-07-04 17:45:21.036137210 UTC - from mc-17->source-1 "33" 17:45:21.034003010
[2023-07-04T17:45:23Z INFO  dt_instance] received at 2023-07-04 17:45:23.541884565 UTC - from mc-17->source-1 "38" 17:45:23.539985934
[2023-07-04T17:45:26Z INFO  dt_instance] received at 2023-07-04 17:45:26.047898559 UTC - from mc-17->source-1 "43" 17:45:26.045680617
[2023-07-04T17:45:28Z INFO  dt_instance] received at 2023-07-04 17:45:28.551726253 UTC - from mc-17->source-1 "48" 17:45:28.550263394
[2023-07-04T17:45:31Z INFO  dt_instance] received at 2023-07-04 17:45:31.056586158 UTC - from mc-17->source-1 "53" 17:45:31.055294776
[2023-07-04T17:45:33Z INFO  dt_instance] received at 2023-07-04 17:45:33.563722133 UTC - from mc-17->source-1 "58" 17:45:33.561725941
[2023-07-04T17:45:36Z INFO  dt_instance] received at 2023-07-04 17:45:36.067334399 UTC - from mc-17->source-1 "63" 17:45:36.065985694
[2023-07-04T17:45:38Z INFO  dt_instance] received at 2023-07-04 17:45:38.574838537 UTC - from mc-17->source-1 "68" 17:45:38.572671143
[2023-07-04T17:45:41Z INFO  dt_instance] received at 2023-07-04 17:45:41.078303091 UTC - from mc-17->source-1 "73" 17:45:41.076955754
[2023-07-04T17:45:43Z INFO  dt_instance] received at 2023-07-04 17:45:43.586164364 UTC - from mc-17->source-1 "78" 17:45:43.581934899
[2023-07-04T17:45:46Z INFO  dt_instance] received at 2023-07-04 17:45:46.089642048 UTC - from mc-17->source-1 "83" 17:45:46.088143413
[2023-07-04T17:45:48Z INFO  dt_instance] received at 2023-07-04 17:45:48.594321232 UTC - from mc-17->source-1 "88" 17:45:48.593019761
[2023-07-04T17:45:51Z INFO  dt_instance] received at 2023-07-04 17:45:51.100983367 UTC - from mc-17->source-1 "93" 17:45:51.098411034
[2023-07-04T17:45:53Z INFO  dt_instance] received at 2023-07-04 17:45:53.605762551 UTC - from mc-17->source-1 "98" 17:45:53.602986374
[2023-07-04T17:45:56Z INFO  dt_instance] received at 2023-07-04 17:45:56.111573243 UTC - from mc-17->source-1 "103" 17:45:56.109383310
[2023-07-04T17:45:58Z INFO  dt_instance] received at 2023-07-04 17:45:58.618665733 UTC - from mc-17->source-1 "108" 17:45:58.617353484
[2023-07-04T17:46:01Z INFO  dt_instance] received at 2023-07-04 17:46:01.132426703 UTC - from mc-17->source-1 "113" 17:46:01.123807970
[2023-07-04T17:46:03Z INFO  dt_instance] received at 2023-07-04 17:46:03.630210183 UTC - from mc-17->source-1 "118" 17:46:03.629300252
[2023-07-04T17:46:06Z INFO  dt_instance] received at 2023-07-04 17:46:06.136601803 UTC - from mc-17->source-1 "123" 17:46:06.134360216
[2023-07-04T17:46:08Z INFO  dt_instance] received at 2023-07-04 17:46:08.641820221 UTC - from mc-17->source-1 "128" 17:46:08.640734160
[2023-07-04T17:46:11Z INFO  dt_instance] received at 2023-07-04 17:46:11.148458868 UTC - from mc-17->source-1 "133" 17:46:11.145641284
[2023-07-04T17:46:13Z INFO  dt_instance] received at 2023-07-04 17:46:13.660030872 UTC - from mc-17->source-1 "138" 17:46:13.657211887
[2023-07-04T17:46:16Z INFO  dt_instance] received at 2023-07-04 17:46:16.171225042 UTC - from mc-17->source-3 "138" 17:46:16.163349062
[2023-07-04T17:46:18Z INFO  dt_instance] received at 2023-07-04 17:46:18.671272153 UTC - from mc-17->source-3 "143" 17:46:18.669531768
[2023-07-04T17:46:21Z INFO  dt_instance] received at 2023-07-04 17:46:21.177097661 UTC - from mc-17->source-3 "148" 17:46:21.174851048
[2023-07-04T17:46:23Z INFO  dt_instance] received at 2023-07-04 17:46:23.682996219 UTC - from mc-17->source-3 "153" 17:46:23.679975999
[2023-07-04T17:46:26Z INFO  dt_instance] received at 2023-07-04 17:46:26.186913896 UTC - from mc-17->source-3 "158" 17:46:26.185151255
[2023-07-04T17:46:28Z INFO  dt_instance] received at 2023-07-04 17:46:28.694353146 UTC - from mc-17->source-3 "163" 17:46:28.690541952
[2023-07-04T17:46:31Z INFO  dt_instance] received at 2023-07-04 17:46:31.203038488 UTC - from mc-17->source-3 "168" 17:46:31.198676999
[2023-07-04T17:46:33Z INFO  dt_instance] received at 2023-07-04 17:46:33.734747689 UTC - from mc-17->source-3 "173" 17:46:33.704636842
[2023-07-04T17:46:36Z INFO  dt_instance] received at 2023-07-04 17:46:36.214626623 UTC - from mc-17->source-3 "178" 17:46:36.210228501
[2023-07-04T17:46:38Z INFO  dt_instance] received at 2023-07-04 17:46:38.718091289 UTC - from mc-17->source-3 "183" 17:46:38.716105914
[2023-07-04T17:46:41Z INFO  dt_instance] received at 2023-07-04 17:46:41.223926120 UTC - from mc-17->source-3 "188" 17:46:41.221246188
[2023-07-04T17:46:43Z INFO  dt_instance] received at 2023-07-04 17:46:43.743686740 UTC - from mc-17->source-3 "193" 17:46:43.727815886
[2023-07-04T17:46:46Z INFO  dt_instance] received at 2023-07-04 17:46:46.236970566 UTC - from mc-17->source-3 "198" 17:46:46.233646770
[2023-07-04T17:46:48Z INFO  dt_instance] received at 2023-07-04 17:46:48.742865870 UTC - from mc-17->source-3 "203" 17:46:48.738903679
[2023-07-04T17:46:51Z INFO  dt_instance] received at 2023-07-04 17:46:51.247458597 UTC - from mc-17->source-3 "208" 17:46:51.244411585
[2023-07-04T17:46:53Z INFO  dt_instance] received at 2023-07-04 17:46:53.751751931 UTC - from mc-17->source-3 "213" 17:46:53.748987791
[2023-07-04T17:46:56Z INFO  dt_instance] received at 2023-07-04 17:46:56.258406313 UTC - from mc-17->source-3 "218" 17:46:56.255435019
[2023-07-04T17:46:58Z INFO  dt_instance] received at 2023-07-04 17:46:58.769078959 UTC - from mc-17->source-3 "223" 17:46:58.762653700
[2023-07-04T17:47:01Z INFO  dt_instance] received at 2023-07-04 17:47:01.274518234 UTC - from mc-17->source-3 "228" 17:47:01.268713430
[2023-07-04T17:47:03Z INFO  dt_instance] received at 2023-07-04 17:47:03.778509965 UTC - from mc-17->source-3 "233" 17:47:03.774721810
[2023-07-04T17:47:06Z INFO  dt_instance] received at 2023-07-04 17:47:06.282360506 UTC - from mc-17->source-3 "238" 17:47:06.279082084
[2023-07-04T17:47:08Z INFO  dt_instance] received at 2023-07-04 17:47:08.788945546 UTC - from mc-17->source-3 "243" 17:47:08.785037340
[2023-07-04T17:47:11Z INFO  dt_instance] received at 2023-07-04 17:47:11.298849171 UTC - from mc-17->source-3 "248" 17:47:11.290078995
[2023-07-04T17:47:13Z INFO  dt_instance] received at 2023-07-04 17:47:13.805395546 UTC - from mc-17->source-3 "253" 17:47:13.796072527
[2023-07-04T17:47:16Z INFO  dt_instance] received at 2023-07-04 17:47:16.305624818 UTC - from mc-17->source-1 "263" 17:47:16.304183480
[2023-07-04T17:47:18Z INFO  dt_instance] received at 2023-07-04 17:47:18.813901157 UTC - from mc-17->source-1 "268" 17:47:18.812865684
[2023-07-04T17:47:21Z INFO  dt_instance] received at 2023-07-04 17:47:21.325905178 UTC - from mc-17->source-1 "273" 17:47:21.320870026
[2023-07-04T17:47:23Z INFO  dt_instance] received at 2023-07-04 17:47:23.827904377 UTC - from mc-17->source-1 "278" 17:47:23.826132528
[2023-07-04T17:47:26Z INFO  dt_instance] received at 2023-07-04 17:47:26.333065698 UTC - from mc-17->source-1 "283" 17:47:26.331210594
[2023-07-04T17:47:28Z INFO  dt_instance] received at 2023-07-04 17:47:28.840494280 UTC - from mc-17->source-1 "288" 17:47:28.836609852
[2023-07-04T17:47:31Z INFO  dt_instance] received at 2023-07-04 17:47:31.343130075 UTC - from mc-17->source-1 "293" 17:47:31.341551055
[2023-07-04T17:47:33Z INFO  dt_instance] received at 2023-07-04 17:47:33.848519590 UTC - from mc-17->source-1 "298" 17:47:33.846894
[2023-07-04T17:47:36Z INFO  dt_instance] received at 2023-07-04 17:47:36.354060789 UTC - from mc-17->source-1 "303" 17:47:36.351780578
[2023-07-04T17:47:38Z INFO  dt_instance] received at 2023-07-04 17:47:38.858097719 UTC - from mc-17->source-1 "308" 17:47:38.856794157
[2023-07-04T17:47:41Z INFO  dt_instance] received at 2023-07-04 17:47:41.363401527 UTC - from mc-17->source-1 "313" 17:47:41.361785554
[2023-07-04T17:47:43Z INFO  dt_instance] received at 2023-07-04 17:47:43.882720222 UTC - from mc-17->source-1 "318" 17:47:43.869217856
[2023-07-04T17:47:46Z INFO  dt_instance] received at 2023-07-04 17:47:46.380288032 UTC - from mc-17->source-1 "323" 17:47:46.375463700
[2023-07-04T17:47:48Z INFO  dt_instance] received at 2023-07-04 17:47:48.882633795 UTC - from mc-17->source-1 "328" 17:47:48.881066354
[2023-07-04T17:47:51Z INFO  dt_instance] received at 2023-07-04 17:47:51.389135635 UTC - from mc-17->source-1 "333" 17:47:51.387367997
[2023-07-04T17:47:53Z INFO  dt_instance] received at 2023-07-04 17:47:53.896115583 UTC - from mc-17->source-1 "338" 17:47:53.893204574
[2023-07-04T17:47:56Z INFO  dt_instance] received at 2023-07-04 17:47:56.399906303 UTC - from mc-17->source-1 "343" 17:47:56.398385374
[2023-07-04T17:47:58Z INFO  dt_instance] received at 2023-07-04 17:47:58.907650558 UTC - from mc-17->source-1 "348" 17:47:58.904553366
[2023-07-04T17:48:01Z INFO  dt_instance] received at 2023-07-04 17:48:01.411118419 UTC - from mc-17->source-1 "353" 17:48:01.409869327
[2023-07-04T17:48:03Z INFO  dt_instance] received at 2023-07-04 17:48:03.916333009 UTC - from mc-17->source-1 "358" 17:48:03.915180927
[2023-07-04T17:48:06Z INFO  dt_instance] received at 2023-07-04 17:48:06.422265927 UTC - from mc-17->source-1 "363" 17:48:06.421106382
[2023-07-04T17:48:08Z INFO  dt_instance] received at 2023-07-04 17:48:08.929592958 UTC - from mc-17->source-1 "368" 17:48:08.926580181
[2023-07-04T17:48:11Z INFO  dt_instance] received at 2023-07-04 17:48:11.439223214 UTC - from mc-17->source-3 "368" 17:48:11.430402798
[2023-07-04T17:48:13Z INFO  dt_instance] received at 2023-07-04 17:48:13.951340284 UTC - from mc-17->source-3 "373" 17:48:13.935972799
[2023-07-04T17:48:16Z INFO  dt_instance] received at 2023-07-04 17:48:16.446172056 UTC - from mc-17->source-3 "378" 17:48:16.442693669
[2023-07-04T17:48:18Z INFO  dt_instance] received at 2023-07-04 17:48:18.948857394 UTC - from mc-17->source-3 "383" 17:48:18.947694826
[2023-07-04T17:48:21Z INFO  dt_instance] received at 2023-07-04 17:48:21.455547027 UTC - from mc-17->source-3 "388" 17:48:21.452978037
[2023-07-04T17:48:23Z INFO  dt_instance] received at 2023-07-04 17:48:23.962922389 UTC - from mc-17->source-3 "393" 17:48:23.959770561
[2023-07-04T17:48:26Z INFO  dt_instance] received at 2023-07-04 17:48:26.470726543 UTC - from mc-17->source-3 "398" 17:48:26.466970367
[2023-07-04T17:48:28Z INFO  dt_instance] received at 2023-07-04 17:48:28.973639432 UTC - from mc-17->source-3 "403" 17:48:28.972452309
[2023-07-04T17:48:31Z INFO  dt_instance] received at 2023-07-04 17:48:31.479715226 UTC - from mc-17->source-3 "408" 17:48:31.478442033
[2023-07-04T17:48:33Z INFO  dt_instance] received at 2023-07-04 17:48:33.985778725 UTC - from mc-17->source-3 "413" 17:48:33.983202983
[2023-07-04T17:48:36Z INFO  dt_instance] received at 2023-07-04 17:48:36.489783077 UTC - from mc-17->source-3 "418" 17:48:36.488073187
[2023-07-04T17:48:38Z INFO  dt_instance] received at 2023-07-04 17:48:38.999276995 UTC - from mc-17->source-3 "423" 17:48:38.994221999
[2023-07-04T17:48:41Z INFO  dt_instance] received at 2023-07-04 17:48:41.501483658 UTC - from mc-17->source-3 "428" 17:48:41.499874453
[2023-07-04T17:48:44Z INFO  dt_instance] received at 2023-07-04 17:48:44.006044247 UTC - from mc-17->source-3 "433" 17:48:44.004833462
[2023-07-04T17:48:46Z INFO  dt_instance] received at 2023-07-04 17:48:46.512687243 UTC - from mc-17->source-3 "438" 17:48:46.510573918
[2023-07-04T17:48:49Z INFO  dt_instance] received at 2023-07-04 17:48:49.018924801 UTC - from mc-17->source-3 "443" 17:48:49.015643476
[2023-07-04T17:48:51Z INFO  dt_instance] received at 2023-07-04 17:48:51.523635593 UTC - from mc-17->source-3 "448" 17:48:51.522189890
[2023-07-04T17:48:54Z INFO  dt_instance] received at 2023-07-04 17:48:54.030036302 UTC - from mc-17->source-3 "453" 17:48:54.027438813
[2023-07-04T17:48:56Z INFO  dt_instance] received at 2023-07-04 17:48:56.536073318 UTC - from mc-17->source-3 "458" 17:48:56.533389975
[2023-07-04T17:48:59Z INFO  dt_instance] received at 2023-07-04 17:48:59.050402876 UTC - from mc-17->source-5 "458" 17:48:59.048649514
[2023-07-04T17:49:01Z INFO  dt_instance] received at 2023-07-04 17:49:01.558200947 UTC - from mc-17->source-5 "463" 17:49:01.555561064
[2023-07-04T17:49:04Z INFO  dt_instance] received at 2023-07-04 17:49:04.065958508 UTC - from mc-17->source-3 "473" 17:49:04.064437897
[2023-07-04T17:49:06Z INFO  dt_instance] received at 2023-07-04 17:49:06.572430384 UTC - from mc-17->source-7 "468" 17:49:06.571026936
[2023-07-04T17:49:09Z INFO  dt_instance] received at 2023-07-04 17:49:09.080029869 UTC - from mc-17->source-5 "478" 17:49:09.078066925
[2023-07-04T17:49:11Z INFO  dt_instance] received at 2023-07-04 17:49:11.585469723 UTC - from mc-17->source-5 "483" 17:49:11.583369035
[2023-07-04T17:49:14Z INFO  dt_instance] received at 2023-07-04 17:49:14.093516104 UTC - from mc-17->source-7 "483" 17:49:14.089051012
[2023-07-04T17:49:16Z INFO  dt_instance] received at 2023-07-04 17:49:16.597619037 UTC - from mc-17->source-5 "493" 17:49:16.595943361
[2023-07-04T17:49:19Z INFO  dt_instance] received at 2023-07-04 17:49:19.104279097 UTC - from mc-17->source-7 "493" 17:49:19.103105486
[2023-07-04T17:49:21Z INFO  dt_instance] received at 2023-07-04 17:49:21.610293675 UTC - from mc-17->source-7 "498" 17:49:21.608003672
[2023-07-04T17:49:24Z INFO  dt_instance] received at 2023-07-04 17:49:24.120371784 UTC - from mc-17->source-7 "503" 17:49:24.116364006
[2023-07-04T17:49:26Z INFO  dt_instance] received at 2023-07-04 17:49:26.627292443 UTC - from mc-17->source-7 "508" 17:49:26.623206765
[2023-07-04T17:49:29Z INFO  dt_instance] received at 2023-07-04 17:49:29.131327654 UTC - from mc-17->source-3 "523" 17:49:29.129012059
[2023-07-04T17:49:31Z INFO  dt_instance] received at 2023-07-04 17:49:31.636774158 UTC - from mc-17->source-7 "518" 17:49:31.635445486
[2023-07-04T17:49:34Z INFO  dt_instance] received at 2023-07-04 17:49:34.143454109 UTC - from mc-17->source-3 "533" 17:49:34.141516781
[2023-07-04T17:49:36Z INFO  dt_instance] received at 2023-07-04 17:49:36.649933908 UTC - from mc-17->source-3 "538" 17:49:36.647777749
[2023-07-04T17:49:39Z INFO  dt_instance] received at 2023-07-04 17:49:39.154506982 UTC - from mc-17->source-3 "543" 17:49:39.152972972
[2023-07-04T17:49:41Z INFO  dt_instance] received at 2023-07-04 17:49:41.663274880 UTC - from mc-17->source-7 "538" 17:49:41.660081176
[2023-07-04T17:49:44Z INFO  dt_instance] received at 2023-07-04 17:49:44.166466251 UTC - from mc-17->source-3 "553" 17:49:44.165119554
[2023-07-04T17:49:46Z INFO  dt_instance] received at 2023-07-04 17:49:46.684336531 UTC - from mc-17->source-5 "553" 17:49:46.682559949
[2023-07-04T17:49:49Z INFO  dt_instance] received at 2023-07-04 17:49:49.190440280 UTC - from mc-17->source-3 "563" 17:49:49.188934351
[2023-07-04T17:49:51Z INFO  dt_instance] received at 2023-07-04 17:49:51.699517925 UTC - from mc-17->source-7 "558" 17:49:51.694226170
[2023-07-04T17:49:54Z INFO  dt_instance] received at 2023-07-04 17:49:54.206348780 UTC - from mc-17->source-3 "573" 17:49:54.201942908
[2023-07-04T17:49:56Z INFO  dt_instance] received at 2023-07-04 17:49:56.708570993 UTC - from mc-17->source-3 "578" 17:49:56.707028463
[2023-07-04T17:49:59Z INFO  dt_instance] received at 2023-07-04 17:49:59.216368291 UTC - from mc-17->source-7 "573" 17:49:59.213429985
[2023-07-04T17:50:01Z INFO  dt_instance] received at 2023-07-04 17:50:01.720538174 UTC - from mc-17->source-3 "588" 17:50:01.718958363
[2023-07-04T17:50:04Z INFO  dt_instance] received at 2023-07-04 17:50:04.227136488 UTC - from mc-17->source-3 "593" 17:50:04.225442095
[2023-07-04T17:50:06Z INFO  dt_instance] received at 2023-07-04 17:50:06.731170176 UTC - from mc-17->source-3 "598" 17:50:06.729878788
[2023-07-04T17:50:09Z INFO  dt_instance] received at 2023-07-04 17:50:09.240574569 UTC - from mc-17->source-3 "603" 17:50:09.236826608
[2023-07-04T17:50:11Z INFO  dt_instance] received at 2023-07-04 17:50:11.743571478 UTC - from mc-17->source-3 "608" 17:50:11.741932365
[2023-07-04T17:50:14Z INFO  dt_instance] received at 2023-07-04 17:50:14.248625638 UTC - from mc-17->source-7 "603" 17:50:14.247576478
[2023-07-04T17:50:16Z INFO  dt_instance] received at 2023-07-04 17:50:16.754910936 UTC - from mc-17->source-7 "608" 17:50:16.753050005
[2023-07-04T17:50:19Z INFO  dt_instance] received at 2023-07-04 17:50:19.261861444 UTC - from mc-17->source-5 "618" 17:50:19.259785442
[2023-07-04T17:50:21Z INFO  dt_instance] received at 2023-07-04 17:50:21.768167697 UTC - from mc-17->source-5 "623" 17:50:21.766055973
[2023-07-04T17:50:24Z INFO  dt_instance] received at 2023-07-04 17:50:24.276199187 UTC - from mc-17->source-7 "623" 17:50:24.274588845
[2023-07-04T17:50:26Z INFO  dt_instance] received at 2023-07-04 17:50:26.780734604 UTC - from mc-17->source-7 "628" 17:50:26.779417861
[2023-07-04T17:50:29Z INFO  dt_instance] received at 2023-07-04 17:50:29.286836323 UTC - from mc-17->source-7 "633" 17:50:29.285138166
[2023-07-04T17:50:31Z INFO  dt_instance] received at 2023-07-04 17:50:31.798666276 UTC - from mc-17->source-7 "638" 17:50:31.791176411
[2023-07-04T17:50:34Z INFO  dt_instance] received at 2023-07-04 17:50:34.298754503 UTC - from mc-17->source-7 "643" 17:50:34.296415229
[2023-07-04T17:50:36Z INFO  dt_instance] received at 2023-07-04 17:50:36.808999466 UTC - from mc-17->source-7 "648" 17:50:36.802218477
[2023-07-04T17:50:39Z INFO  dt_instance] received at 2023-07-04 17:50:39.310893199 UTC - from mc-17->source-7 "653" 17:50:39.308328385
[2023-07-04T17:50:41Z INFO  dt_instance] received at 2023-07-04 17:50:41.816353690 UTC - from mc-17->source-7 "658" 17:50:41.813144230
[2023-07-04T17:50:44Z INFO  dt_instance] received at 2023-07-04 17:50:44.319880558 UTC - from mc-17->source-7 "663" 17:50:44.317890178
[2023-07-04T17:50:46Z INFO  dt_instance] received at 2023-07-04 17:50:46.824786199 UTC - from mc-17->source-7 "668" 17:50:46.823461929
[2023-07-04T17:50:49Z INFO  dt_instance] received at 2023-07-04 17:50:49.329695354 UTC - from mc-17->source-7 "673" 17:50:49.328214901
[2023-07-04T17:50:51Z INFO  dt_instance] received at 2023-07-04 17:50:51.837654658 UTC - from mc-17->source-7 "678" 17:50:51.835199816
[2023-07-04T17:50:54Z INFO  dt_instance] received at 2023-07-04 17:50:54.345868170 UTC - from mc-17->source-7 "683" 17:50:54.344154821
[2023-07-04T17:50:56Z INFO  dt_instance] received at 2023-07-04 17:50:56.856876543 UTC - from mc-17->source-7 "688" 17:50:56.855370887
[2023-07-04T17:50:59Z INFO  dt_instance] received at 2023-07-04 17:50:59.362747381 UTC - from mc-17->source-7 "693" 17:50:59.359915685
[2023-07-04T17:51:01Z INFO  dt_instance] received at 2023-07-04 17:51:01.868049079 UTC - from mc-17->source-7 "698" 17:51:01.866716347
[2023-07-04T17:51:04Z INFO  dt_instance] received at 2023-07-04 17:51:04.375312771 UTC - from mc-17->source-7 "703" 17:51:04.373344797
[2023-07-04T17:51:06Z INFO  dt_instance] received at 2023-07-04 17:51:06.880925924 UTC - from mc-17->source-7 "708" 17:51:06.879782248
[2023-07-04T17:51:09Z INFO  dt_instance] received at 2023-07-04 17:51:09.387647425 UTC - from mc-17->source-7 "713" 17:51:09.385940324
[2023-07-04T17:51:11Z INFO  dt_instance] received at 2023-07-04 17:51:11.894704318 UTC - from mc-17->source-7 "718" 17:51:11.892831723
[2023-07-04T17:51:14Z INFO  dt_instance] received at 2023-07-04 17:51:14.399536730 UTC - from mc-17->source-7 "723" 17:51:14.397976528
[2023-07-04T17:51:16Z INFO  dt_instance] received at 2023-07-04 17:51:16.904412214 UTC - from mc-17->source-7 "728" 17:51:16.903275108
[2023-07-04T17:51:19Z INFO  dt_instance] received at 2023-07-04 17:51:19.411101434 UTC - from mc-17->source-7 "733" 17:51:19.409763440
[2023-07-04T17:51:21Z INFO  dt_instance] received at 2023-07-04 17:51:21.923289643 UTC - from mc-17->source-7 "738" 17:51:21.920689196
[2023-07-04T17:51:24Z INFO  dt_instance] received at 2023-07-04 17:51:24.429902111 UTC - from mc-17->source-3 "753" 17:51:24.426815360
[2023-07-04T17:51:26Z INFO  dt_instance] received at 2023-07-04 17:51:26.933586296 UTC - from mc-17->source-3 "758" 17:51:26.932381404
[2023-07-04T17:51:29Z INFO  dt_instance] received at 2023-07-04 17:51:29.441402704 UTC - from mc-17->source-3 "763" 17:51:29.438732084
[2023-07-04T17:51:31Z INFO  dt_instance] received at 2023-07-04 17:51:31.945584762 UTC - from mc-17->source-5 "763" 17:51:31.943845682
[2023-07-04T17:51:34Z INFO  dt_instance] received at 2023-07-04 17:51:34.451703144 UTC - from mc-17->source-3 "773" 17:51:34.449702710
[2023-07-04T17:51:36Z INFO  dt_instance] received at 2023-07-04 17:51:36.957440724 UTC - from mc-17->source-3 "778" 17:51:36.955911543
[2023-07-04T17:51:39Z INFO  dt_instance] received at 2023-07-04 17:51:39.468669158 UTC - from mc-17->source-3 "783" 17:51:39.462186386
[2023-07-04T17:51:41Z INFO  dt_instance] received at 2023-07-04 17:51:41.972702517 UTC - from mc-17->source-7 "778" 17:51:41.970762683
[2023-07-04T17:51:44Z INFO  dt_instance] received at 2023-07-04 17:51:44.480826722 UTC - from mc-17->source-7 "783" 17:51:44.477165618
[2023-07-04T17:51:46Z INFO  dt_instance] received at 2023-07-04 17:51:46.984419590 UTC - from mc-17->source-7 "788" 17:51:46.983105817
[2023-07-04T17:51:49Z INFO  dt_instance] received at 2023-07-04 17:51:49.491462238 UTC - from mc-17->source-7 "793" 17:51:49.489971727
[2023-07-04T17:51:52Z INFO  dt_instance] received at 2023-07-04 17:51:52.001642615 UTC - from mc-17->source-5 "803" 17:51:51.996172744
[2023-07-04T17:51:54Z INFO  dt_instance] received at 2023-07-04 17:51:54.503612579 UTC - from mc-17->source-7 "803" 17:51:54.501796114
[2023-07-04T17:51:57Z INFO  dt_instance] received at 2023-07-04 17:51:57.009152355 UTC - from mc-17->source-5 "813" 17:51:57.007897504
[2023-07-04T17:51:59Z INFO  dt_instance] received at 2023-07-04 17:51:59.516395905 UTC - from mc-17->source-7 "813" 17:51:59.513054138
[2023-07-04T17:52:02Z INFO  dt_instance] received at 2023-07-04 17:52:02.033650614 UTC - from mc-17->source-5 "823" 17:52:02.023876611
[2023-07-04T17:52:04Z INFO  dt_instance] received at 2023-07-04 17:52:04.530963700 UTC - from mc-17->source-7 "823" 17:52:04.529655530
[2023-07-04T17:52:07Z INFO  dt_instance] received at 2023-07-04 17:52:07.036412450 UTC - from mc-17->source-5 "833" 17:52:07.034994957
[2023-07-04T17:52:09Z INFO  dt_instance] received at 2023-07-04 17:52:09.548375109 UTC - from mc-17->source-7 "833" 17:52:09.539892960
[2023-07-04T17:52:12Z INFO  dt_instance] received at 2023-07-04 17:52:12.052392107 UTC - from mc-17->source-7 "838" 17:52:12.050777764
[2023-07-04T17:52:14Z INFO  dt_instance] received at 2023-07-04 17:52:14.558716611 UTC - from mc-17->source-7 "843" 17:52:14.556664744
[2023-07-04T17:52:17Z INFO  dt_instance] received at 2023-07-04 17:52:17.063496148 UTC - from mc-17->source-7 "848" 17:52:17.061706358
[2023-07-04T17:52:19Z INFO  dt_instance] received at 2023-07-04 17:52:19.568453322 UTC - from mc-17->source-7 "853" 17:52:19.566774866
[2023-07-04T17:52:22Z INFO  dt_instance] received at 2023-07-04 17:52:22.077264069 UTC - from mc-17->source-7 "858" 17:52:22.075973353
[2023-07-04T17:52:24Z INFO  dt_instance] received at 2023-07-04 17:52:24.583978968 UTC - from mc-17->source-7 "863" 17:52:24.582284482
[2023-07-04T17:52:27Z INFO  dt_instance] received at 2023-07-04 17:52:27.090637717 UTC - from mc-17->source-7 "868" 17:52:27.089517589
[2023-07-04T17:52:29Z INFO  dt_instance] received at 2023-07-04 17:52:29.595349098 UTC - from mc-17->source-7 "873" 17:52:29.594115210
[2023-07-04T17:52:32Z INFO  dt_instance] received at 2023-07-04 17:52:32.107684717 UTC - from mc-17->source-7 "878" 17:52:32.101351725
[2023-07-04T17:52:34Z INFO  dt_instance] received at 2023-07-04 17:52:34.608060460 UTC - from mc-17->source-7 "883" 17:52:34.606116916
[2023-07-04T17:52:37Z INFO  dt_instance] received at 2023-07-04 17:52:37.112537454 UTC - from mc-17->source-7 "888" 17:52:37.110786258
[2023-07-04T17:52:39Z INFO  dt_instance] received at 2023-07-04 17:52:39.618971106 UTC - from mc-17->source-7 "893" 17:52:39.617656832
[2023-07-04T17:52:42Z INFO  dt_instance] received at 2023-07-04 17:52:42.124718011 UTC - from mc-17->source-7 "898" 17:52:42.122875959
[2023-07-04T17:52:44Z INFO  dt_instance] received at 2023-07-04 17:52:44.632687148 UTC - from mc-17->source-7 "903" 17:52:44.630375232
[2023-07-04T17:52:47Z INFO  dt_instance] received at 2023-07-04 17:52:47.137944886 UTC - from mc-17->source-7 "908" 17:52:47.135155412
[2023-07-04T17:52:49Z INFO  dt_instance] received at 2023-07-04 17:52:49.643587154 UTC - from mc-17->source-7 "913" 17:52:49.641951588
[2023-07-04T17:52:52Z INFO  dt_instance] received at 2023-07-04 17:52:52.158586247 UTC - from mc-17->source-7 "918" 17:52:52.157375874
[2023-07-04T17:52:54Z INFO  dt_instance] received at 2023-07-04 17:52:54.665088827 UTC - from mc-17->source-7 "923" 17:52:54.663294322
[2023-07-04T17:52:57Z INFO  dt_instance] received at 2023-07-04 17:52:57.170158469 UTC - from mc-17->source-7 "928" 17:52:57.168130632
[2023-07-04T17:52:59Z INFO  dt_instance] received at 2023-07-04 17:52:59.691273356 UTC - from mc-17->source-7 "933" 17:52:59.673194062
[2023-07-04T17:53:02Z INFO  dt_instance] received at 2023-07-04 17:53:02.179809294 UTC - from mc-17->source-7 "938" 17:53:02.178388819
[2023-07-04T17:53:04Z INFO  dt_instance] received at 2023-07-04 17:53:04.684374687 UTC - from mc-17->source-7 "943" 17:53:04.683199992
[2023-07-04T17:53:07Z INFO  dt_instance] received at 2023-07-04 17:53:07.191825533 UTC - from mc-17->source-7 "948" 17:53:07.190286225
[2023-07-04T17:53:09Z INFO  dt_instance] received at 2023-07-04 17:53:09.696804385 UTC - from mc-17->source-7 "953" 17:53:09.695518079
[2023-07-04T17:53:12Z INFO  dt_instance] received at 2023-07-04 17:53:12.202582351 UTC - from mc-17->source-7 "958" 17:53:12.201479533
[2023-07-04T17:53:14Z INFO  dt_instance] received at 2023-07-04 17:53:14.708548357 UTC - from mc-17->source-7 "963" 17:53:14.706891446
[2023-07-04T17:53:17Z INFO  dt_instance] received at 2023-07-04 17:53:17.214449750 UTC - from mc-17->source-7 "968" 17:53:17.213088861
[2023-07-04T17:53:19Z INFO  dt_instance] received at 2023-07-04 17:53:19.719947384 UTC - from mc-17->source-7 "973" 17:53:19.717996492
[2023-07-04T17:53:22Z INFO  dt_instance] received at 2023-07-04 17:53:22.224944278 UTC - from mc-17->source-7 "978" 17:53:22.223658069
[2023-07-04T17:53:24Z INFO  dt_instance] received at 2023-07-04 17:53:24.955001613 UTC - from mc-17->source-4 "991" 17:53:24.954012737
[2023-07-04T17:53:28Z INFO  dt_instance] received at 2023-07-04 17:53:28.184611499 UTC - from mc-17->source-9 "985" 17:53:28.177335074
[2023-07-04T17:53:35Z INFO  dt_instance] received at 2023-07-04 17:53:35.193799218 UTC - from mc-17->source-9 "999" 17:53:35.191993192
