[2023-07-04T17:29:04Z INFO  dt_instance] Current Twin: mc-twin-7
[2023-07-04T17:29:04Z INFO  dt_instance] Replica Name twin-mc-stateful-7
[2023-07-04T17:29:04Z INFO  dt_instance] Sleeping for 350
[2023-07-04T17:34:54Z INFO  dt_instance] Connecting to broker at emqx.dtwins:1883
[2023-07-04T17:34:54Z INFO  dt_instance] Loggin info each 50 messages
[2023-07-04T17:34:54Z INFO  dt_instance] Set max packet size to 60000 KB.
[2023-07-04T17:34:54Z INFO  dt_instance] Refreshing topics for twin - Listen to mc-7/#
[2023-07-04T17:34:54Z INFO  dt_instance] SubAck { pkid: 1, return_codes: [Success(ExactlyOnce)] }
[2023-07-04T17:36:06Z INFO  dt_instance] received at 2023-07-04 17:36:06.955083349 UTC - from mc-7->source-2 "9" 17:36:06.953711836
[2023-07-04T17:36:10Z INFO  dt_instance] received at 2023-07-04 17:36:10.207353809 UTC - from mc-7->source-3 "13" 17:36:10.206239168
[2023-07-04T17:36:12Z INFO  dt_instance] received at 2023-07-04 17:36:12.720830836 UTC - from mc-7->source-1 "23" 17:36:12.719448308
[2023-07-04T17:36:15Z INFO  dt_instance] received at 2023-07-04 17:36:15.227280976 UTC - from mc-7->source-1 "28" 17:36:15.225464161
[2023-07-04T17:36:17Z INFO  dt_instance] received at 2023-07-04 17:36:17.733301129 UTC - from mc-7->source-1 "33" 17:36:17.732038541
[2023-07-04T17:36:20Z INFO  dt_instance] received at 2023-07-04 17:36:20.239550265 UTC - from mc-7->source-1 "38" 17:36:20.238237851
[2023-07-04T17:36:22Z INFO  dt_instance] received at 2023-07-04 17:36:22.746904853 UTC - from mc-7->source-1 "43" 17:36:22.744055712
[2023-07-04T17:36:25Z INFO  dt_instance] received at 2023-07-04 17:36:25.253203054 UTC - from mc-7->source-1 "48" 17:36:25.251736339
[2023-07-04T17:36:27Z INFO  dt_instance] received at 2023-07-04 17:36:27.759881568 UTC - from mc-7->source-1 "53" 17:36:27.757942511
[2023-07-04T17:36:30Z INFO  dt_instance] received at 2023-07-04 17:36:30.264184313 UTC - from mc-7->source-1 "58" 17:36:30.263055575
[2023-07-04T17:36:32Z INFO  dt_instance] received at 2023-07-04 17:36:32.768718269 UTC - from mc-7->source-1 "63" 17:36:32.767698193
[2023-07-04T17:36:35Z INFO  dt_instance] received at 2023-07-04 17:36:35.274991289 UTC - from mc-7->source-1 "68" 17:36:35.273803135
[2023-07-04T17:36:37Z INFO  dt_instance] received at 2023-07-04 17:36:37.782312936 UTC - from mc-7->source-1 "73" 17:36:37.779991779
[2023-07-04T17:36:40Z INFO  dt_instance] received at 2023-07-04 17:36:40.287280251 UTC - from mc-7->source-1 "78" 17:36:40.285612193
[2023-07-04T17:36:42Z INFO  dt_instance] received at 2023-07-04 17:36:42.795253677 UTC - from mc-7->source-1 "83" 17:36:42.791903320
[2023-07-04T17:36:45Z INFO  dt_instance] received at 2023-07-04 17:36:45.298486782 UTC - from mc-7->source-1 "88" 17:36:45.297436671
[2023-07-04T17:36:47Z INFO  dt_instance] received at 2023-07-04 17:36:47.804686979 UTC - from mc-7->source-1 "93" 17:36:47.803484579
[2023-07-04T17:36:50Z INFO  dt_instance] received at 2023-07-04 17:36:50.310329490 UTC - from mc-7->source-1 "98" 17:36:50.308701176
[2023-07-04T17:36:52Z INFO  dt_instance] received at 2023-07-04 17:36:52.816194742 UTC - from mc-7->source-1 "103" 17:36:52.813618308
[2023-07-04T17:36:55Z INFO  dt_instance] received at 2023-07-04 17:36:55.320856161 UTC - from mc-7->source-1 "108" 17:36:55.319075801
[2023-07-04T17:36:57Z INFO  dt_instance] received at 2023-07-04 17:36:57.825639278 UTC - from mc-7->source-1 "113" 17:36:57.824361244
[2023-07-04T17:37:00Z INFO  dt_instance] received at 2023-07-04 17:37:00.331996395 UTC - from mc-7->source-1 "118" 17:37:00.330585568
[2023-07-04T17:37:02Z INFO  dt_instance] received at 2023-07-04 17:37:02.838402048 UTC - from mc-7->source-1 "123" 17:37:02.837187570
[2023-07-04T17:37:05Z INFO  dt_instance] received at 2023-07-04 17:37:05.342609856 UTC - from mc-7->source-1 "128" 17:37:05.341409784
[2023-07-04T17:37:07Z INFO  dt_instance] received at 2023-07-04 17:37:07.850875468 UTC - from mc-7->source-1 "133" 17:37:07.847545006
[2023-07-04T17:37:10Z INFO  dt_instance] received at 2023-07-04 17:37:10.355405779 UTC - from mc-7->source-1 "138" 17:37:10.353386843
[2023-07-04T17:37:12Z INFO  dt_instance] received at 2023-07-04 17:37:12.860843698 UTC - from mc-7->source-1 "143" 17:37:12.858678751
[2023-07-04T17:37:15Z INFO  dt_instance] received at 2023-07-04 17:37:15.366477939 UTC - from mc-7->source-3 "143" 17:37:15.364852166
[2023-07-04T17:37:17Z INFO  dt_instance] received at 2023-07-04 17:37:17.871555731 UTC - from mc-7->source-5 "143" 17:37:17.870654249
[2023-07-04T17:37:20Z INFO  dt_instance] received at 2023-07-04 17:37:20.378050618 UTC - from mc-7->source-1 "158" 17:37:20.375663734
[2023-07-04T17:37:22Z INFO  dt_instance] received at 2023-07-04 17:37:22.883838342 UTC - from mc-7->source-1 "163" 17:37:22.882118317
[2023-07-04T17:37:25Z INFO  dt_instance] received at 2023-07-04 17:37:25.389865261 UTC - from mc-7->source-1 "168" 17:37:25.388817767
[2023-07-04T17:37:27Z INFO  dt_instance] received at 2023-07-04 17:37:27.894413358 UTC - from mc-7->source-1 "173" 17:37:27.893532181
[2023-07-04T17:37:30Z INFO  dt_instance] received at 2023-07-04 17:37:30.400774831 UTC - from mc-7->source-1 "178" 17:37:30.399484596
[2023-07-04T17:37:32Z INFO  dt_instance] received at 2023-07-04 17:37:32.906354517 UTC - from mc-7->source-1 "183" 17:37:32.905110984
[2023-07-04T17:37:35Z INFO  dt_instance] received at 2023-07-04 17:37:35.410971904 UTC - from mc-7->source-1 "188" 17:37:35.409458734
[2023-07-04T17:37:37Z INFO  dt_instance] received at 2023-07-04 17:37:37.917125394 UTC - from mc-7->source-1 "193" 17:37:37.915714495
[2023-07-04T17:37:40Z INFO  dt_instance] received at 2023-07-04 17:37:40.425532782 UTC - from mc-7->source-1 "198" 17:37:40.421783615
[2023-07-04T17:37:42Z INFO  dt_instance] received at 2023-07-04 17:37:42.929632359 UTC - from mc-7->source-1 "203" 17:37:42.928473109
[2023-07-04T17:37:45Z INFO  dt_instance] received at 2023-07-04 17:37:45.435634892 UTC - from mc-7->source-1 "208" 17:37:45.434380473
[2023-07-04T17:37:47Z INFO  dt_instance] received at 2023-07-04 17:37:47.941580379 UTC - from mc-7->source-1 "213" 17:37:47.940374523
[2023-07-04T17:37:50Z INFO  dt_instance] received at 2023-07-04 17:37:50.447536766 UTC - from mc-7->source-1 "218" 17:37:50.446009363
[2023-07-04T17:37:52Z INFO  dt_instance] received at 2023-07-04 17:37:52.956299608 UTC - from mc-7->source-5 "213" 17:37:52.955423368
[2023-07-04T17:37:55Z INFO  dt_instance] received at 2023-07-04 17:37:55.463556100 UTC - from mc-7->source-5 "218" 17:37:55.461518526
[2023-07-04T17:37:57Z INFO  dt_instance] received at 2023-07-04 17:37:57.967656809 UTC - from mc-7->source-5 "223" 17:37:57.966365072
[2023-07-04T17:38:00Z INFO  dt_instance] received at 2023-07-04 17:38:00.475474269 UTC - from mc-7->source-5 "228" 17:38:00.474363007
[2023-07-04T17:38:02Z INFO  dt_instance] received at 2023-07-04 17:38:02.981375560 UTC - from mc-7->source-5 "233" 17:38:02.980717908
[2023-07-04T17:38:05Z INFO  dt_instance] received at 2023-07-04 17:38:05.489053367 UTC - from mc-7->source-5 "238" 17:38:05.485931700
[2023-07-04T17:38:07Z INFO  dt_instance] received at 2023-07-04 17:38:07.992739558 UTC - from mc-7->source-5 "243" 17:38:07.991747620
[2023-07-04T17:38:10Z INFO  dt_instance] received at 2023-07-04 17:38:10.501354530 UTC - from mc-7->source-5 "248" 17:38:10.498847007
[2023-07-04T17:38:13Z INFO  dt_instance] received at 2023-07-04 17:38:13.005723031 UTC - from mc-7->source-5 "253" 17:38:13.004908935
[2023-07-04T17:38:15Z INFO  dt_instance] received at 2023-07-04 17:38:15.511729987 UTC - from mc-7->source-5 "258" 17:38:15.510888885
[2023-07-04T17:38:18Z INFO  dt_instance] received at 2023-07-04 17:38:18.017213243 UTC - from mc-7->source-5 "263" 17:38:18.016182640
[2023-07-04T17:38:20Z INFO  dt_instance] received at 2023-07-04 17:38:20.523955205 UTC - from mc-7->source-5 "268" 17:38:20.521544990
[2023-07-04T17:38:23Z INFO  dt_instance] received at 2023-07-04 17:38:23.029590630 UTC - from mc-7->source-5 "273" 17:38:23.028852819
[2023-07-04T17:38:25Z INFO  dt_instance] received at 2023-07-04 17:38:25.537129647 UTC - from mc-7->source-5 "278" 17:38:25.534656707
[2023-07-04T17:38:28Z INFO  dt_instance] received at 2023-07-04 17:38:28.045573116 UTC - from mc-7->source-5 "283" 17:38:28.041184791
[2023-07-04T17:38:30Z INFO  dt_instance] received at 2023-07-04 17:38:30.548067912 UTC - from mc-7->source-5 "288" 17:38:30.547366003
[2023-07-04T17:38:33Z INFO  dt_instance] received at 2023-07-04 17:38:33.053708686 UTC - from mc-7->source-5 "293" 17:38:33.052759467
[2023-07-04T17:38:35Z INFO  dt_instance] received at 2023-07-04 17:38:35.561318307 UTC - from mc-7->source-5 "298" 17:38:35.558639232
[2023-07-04T17:38:38Z INFO  dt_instance] received at 2023-07-04 17:38:38.066133645 UTC - from mc-7->source-5 "303" 17:38:38.064611350
[2023-07-04T17:38:40Z INFO  dt_instance] received at 2023-07-04 17:38:40.577276137 UTC - from mc-7->source-5 "308" 17:38:40.574041115
[2023-07-04T17:38:43Z INFO  dt_instance] received at 2023-07-04 17:38:43.084066357 UTC - from mc-7->source-5 "313" 17:38:43.081338953
[2023-07-04T17:38:45Z INFO  dt_instance] received at 2023-07-04 17:38:45.587901649 UTC - from mc-7->source-5 "318" 17:38:45.586635387
[2023-07-04T17:38:48Z INFO  dt_instance] received at 2023-07-04 17:38:48.092844992 UTC - from mc-7->source-5 "323" 17:38:48.091397797
[2023-07-04T17:38:50Z INFO  dt_instance] received at 2023-07-04 17:38:50.598894060 UTC - from mc-7->source-5 "328" 17:38:50.597860778
[2023-07-04T17:38:53Z INFO  dt_instance] received at 2023-07-04 17:38:53.105708640 UTC - from mc-7->source-5 "333" 17:38:53.104652265
[2023-07-04T17:38:55Z INFO  dt_instance] received at 2023-07-04 17:38:55.614434774 UTC - from mc-7->source-5 "338" 17:38:55.611254057
[2023-07-04T17:38:58Z INFO  dt_instance] received at 2023-07-04 17:38:58.129607094 UTC - from mc-7->source-1 "353" 17:38:58.111616274
[2023-07-04T17:39:00Z INFO  dt_instance] received at 2023-07-04 17:39:00.622333502 UTC - from mc-7->source-5 "348" 17:39:00.621630046
[2023-07-04T17:39:03Z INFO  dt_instance] received at 2023-07-04 17:39:03.133198079 UTC - from mc-7->source-3 "358" 17:39:03.132133878
[2023-07-04T17:39:05Z INFO  dt_instance] received at 2023-07-04 17:39:05.640001697 UTC - from mc-7->source-5 "358" 17:39:05.638185994
[2023-07-04T17:39:08Z INFO  dt_instance] received at 2023-07-04 17:39:08.145990731 UTC - from mc-7->source-5 "363" 17:39:08.143931329
[2023-07-04T17:39:10Z INFO  dt_instance] received at 2023-07-04 17:39:10.653306552 UTC - from mc-7->source-5 "368" 17:39:10.651023787
[2023-07-04T17:39:13Z INFO  dt_instance] received at 2023-07-04 17:39:13.157647431 UTC - from mc-7->source-3 "378" 17:39:13.156668927
[2023-07-04T17:39:15Z INFO  dt_instance] received at 2023-07-04 17:39:15.665840120 UTC - from mc-7->source-3 "383" 17:39:15.664165012
[2023-07-04T17:39:18Z INFO  dt_instance] received at 2023-07-04 17:39:18.171412614 UTC - from mc-7->source-3 "388" 17:39:18.170152443
[2023-07-04T17:39:20Z INFO  dt_instance] received at 2023-07-04 17:39:20.678338719 UTC - from mc-7->source-5 "388" 17:39:20.677123044
[2023-07-04T17:39:23Z INFO  dt_instance] received at 2023-07-04 17:39:23.185902273 UTC - from mc-7->source-5 "393" 17:39:23.184136935
[2023-07-04T17:39:25Z INFO  dt_instance] received at 2023-07-04 17:39:25.690182718 UTC - from mc-7->source-5 "398" 17:39:25.688941974
[2023-07-04T17:39:28Z INFO  dt_instance] received at 2023-07-04 17:39:28.198733758 UTC - from mc-7->source-5 "403" 17:39:28.194999352
[2023-07-04T17:39:30Z INFO  dt_instance] received at 2023-07-04 17:39:30.702909701 UTC - from mc-7->source-5 "408" 17:39:30.701906258
[2023-07-04T17:39:33Z INFO  dt_instance] received at 2023-07-04 17:39:33.209888407 UTC - from mc-7->source-5 "413" 17:39:33.208959483
[2023-07-04T17:39:35Z INFO  dt_instance] received at 2023-07-04 17:39:35.716407536 UTC - from mc-7->source-5 "418" 17:39:35.715111471
[2023-07-04T17:39:38Z INFO  dt_instance] received at 2023-07-04 17:39:38.221032550 UTC - from mc-7->source-5 "423" 17:39:38.220169076
[2023-07-04T17:39:40Z INFO  dt_instance] received at 2023-07-04 17:39:40.726689312 UTC - from mc-7->source-5 "428" 17:39:40.725479932
[2023-07-04T17:39:43Z INFO  dt_instance] received at 2023-07-04 17:39:43.234167625 UTC - from mc-7->source-5 "433" 17:39:43.231585031
[2023-07-04T17:39:45Z INFO  dt_instance] received at 2023-07-04 17:39:45.738725713 UTC - from mc-7->source-5 "438" 17:39:45.737579064
[2023-07-04T17:39:48Z INFO  dt_instance] received at 2023-07-04 17:39:48.243977565 UTC - from mc-7->source-3 "448" 17:39:48.242737997
[2023-07-04T17:39:50Z INFO  dt_instance] received at 2023-07-04 17:39:50.749904469 UTC - from mc-7->source-5 "448" 17:39:50.749021807
[2023-07-04T17:39:53Z INFO  dt_instance] received at 2023-07-04 17:39:53.257634944 UTC - from mc-7->source-3 "458" 17:39:53.254837373
[2023-07-04T17:39:55Z INFO  dt_instance] received at 2023-07-04 17:39:55.763255427 UTC - from mc-7->source-5 "458" 17:39:55.760723384
[2023-07-04T17:39:58Z INFO  dt_instance] received at 2023-07-04 17:39:58.269902290 UTC - from mc-7->source-3 "468" 17:39:58.266333567
[2023-07-04T17:40:00Z INFO  dt_instance] received at 2023-07-04 17:40:00.774041671 UTC - from mc-7->source-3 "473" 17:40:00.772691220
[2023-07-04T17:40:03Z INFO  dt_instance] received at 2023-07-04 17:40:03.281095305 UTC - from mc-7->source-5 "473" 17:40:03.279718618
[2023-07-04T17:40:05Z INFO  dt_instance] received at 2023-07-04 17:40:05.786681933 UTC - from mc-7->source-5 "478" 17:40:05.785689779
[2023-07-04T17:40:08Z INFO  dt_instance] received at 2023-07-04 17:40:08.291318988 UTC - from mc-7->source-5 "483" 17:40:08.290532351
[2023-07-04T17:40:10Z INFO  dt_instance] received at 2023-07-04 17:40:10.797079977 UTC - from mc-7->source-5 "488" 17:40:10.795753645
[2023-07-04T17:40:13Z INFO  dt_instance] received at 2023-07-04 17:40:13.304587304 UTC - from mc-7->source-5 "493" 17:40:13.301178947
[2023-07-04T17:40:15Z INFO  dt_instance] received at 2023-07-04 17:40:15.809266290 UTC - from mc-7->source-3 "503" 17:40:15.808395258
[2023-07-04T17:40:18Z INFO  dt_instance] received at 2023-07-04 17:40:18.315896227 UTC - from mc-7->source-5 "503" 17:40:18.315003306
[2023-07-04T17:40:20Z INFO  dt_instance] received at 2023-07-04 17:40:20.822886842 UTC - from mc-7->source-5 "508" 17:40:20.821440598
[2023-07-04T17:40:23Z INFO  dt_instance] received at 2023-07-04 17:40:23.333156764 UTC - from mc-7->source-3 "518" 17:40:23.331900064
[2023-07-04T17:40:25Z INFO  dt_instance] received at 2023-07-04 17:40:25.838924792 UTC - from mc-7->source-3 "523" 17:40:25.837358252
[2023-07-04T17:40:28Z INFO  dt_instance] received at 2023-07-04 17:40:28.346841184 UTC - from mc-7->source-3 "528" 17:40:28.342867521
[2023-07-04T17:40:30Z INFO  dt_instance] received at 2023-07-04 17:40:30.850991676 UTC - from mc-7->source-3 "533" 17:40:30.847360422
[2023-07-04T17:40:33Z INFO  dt_instance] received at 2023-07-04 17:40:33.354312669 UTC - from mc-7->source-3 "538" 17:40:33.353313254
[2023-07-04T17:40:35Z INFO  dt_instance] received at 2023-07-04 17:40:35.859673216 UTC - from mc-7->source-3 "543" 17:40:35.858620929
[2023-07-04T17:40:38Z INFO  dt_instance] received at 2023-07-04 17:40:38.365411493 UTC - from mc-7->source-3 "548" 17:40:38.364707794
[2023-07-04T17:40:40Z INFO  dt_instance] received at 2023-07-04 17:40:40.872609898 UTC - from mc-7->source-3 "553" 17:40:40.871208351
[2023-07-04T17:40:43Z INFO  dt_instance] received at 2023-07-04 17:40:43.378704730 UTC - from mc-7->source-3 "558" 17:40:43.376363292
[2023-07-04T17:40:45Z INFO  dt_instance] received at 2023-07-04 17:40:45.885250555 UTC - from mc-7->source-3 "563" 17:40:45.882980370
[2023-07-04T17:40:48Z INFO  dt_instance] received at 2023-07-04 17:40:48.388367020 UTC - from mc-7->source-3 "568" 17:40:48.387498542
[2023-07-04T17:40:50Z INFO  dt_instance] received at 2023-07-04 17:40:50.898162068 UTC - from mc-7->source-3 "573" 17:40:50.894601918
[2023-07-04T17:40:53Z INFO  dt_instance] received at 2023-07-04 17:40:53.409330360 UTC - from mc-7->source-5 "573" 17:40:53.407648619
[2023-07-04T17:40:55Z INFO  dt_instance] received at 2023-07-04 17:40:55.916790210 UTC - from mc-7->source-1 "588" 17:40:55.914507843
[2023-07-04T17:40:58Z INFO  dt_instance] received at 2023-07-04 17:40:58.424021503 UTC - from mc-7->source-5 "583" 17:40:58.421821859
[2023-07-04T17:41:00Z INFO  dt_instance] received at 2023-07-04 17:41:00.928618526 UTC - from mc-7->source-3 "593" 17:41:00.927774376
[2023-07-04T17:41:03Z INFO  dt_instance] received at 2023-07-04 17:41:03.440486206 UTC - from mc-7->source-3 "598" 17:41:03.438968715
[2023-07-04T17:41:05Z INFO  dt_instance] received at 2023-07-04 17:41:05.947608435 UTC - from mc-7->source-3 "603" 17:41:05.944979600
[2023-07-04T17:41:08Z INFO  dt_instance] received at 2023-07-04 17:41:08.478983072 UTC - from mc-7->source-1 "613" 17:41:08.451736046
[2023-07-04T17:41:10Z INFO  dt_instance] received at 2023-07-04 17:41:10.960810911 UTC - from mc-7->source-1 "618" 17:41:10.958949373
[2023-07-04T17:41:13Z INFO  dt_instance] received at 2023-07-04 17:41:13.465172205 UTC - from mc-7->source-3 "618" 17:41:13.464397744
[2023-07-04T17:41:15Z INFO  dt_instance] received at 2023-07-04 17:41:15.971201281 UTC - from mc-7->source-5 "618" 17:41:15.970412879
[2023-07-04T17:41:18Z INFO  dt_instance] received at 2023-07-04 17:41:18.479634009 UTC - from mc-7->source-1 "633" 17:41:18.475708954
[2023-07-04T17:41:20Z INFO  dt_instance] received at 2023-07-04 17:41:20.983370461 UTC - from mc-7->source-1 "638" 17:41:20.981558251
[2023-07-04T17:41:23Z INFO  dt_instance] received at 2023-07-04 17:41:23.489629067 UTC - from mc-7->source-5 "633" 17:41:23.488604571
[2023-07-04T17:41:25Z INFO  dt_instance] received at 2023-07-04 17:41:25.994288644 UTC - from mc-7->source-5 "638" 17:41:25.993455748
[2023-07-04T17:41:28Z INFO  dt_instance] received at 2023-07-04 17:41:28.509246694 UTC - from mc-7->source-1 "653" 17:41:28.498308330
[2023-07-04T17:41:31Z INFO  dt_instance] received at 2023-07-04 17:41:31.008437451 UTC - from mc-7->source-5 "648" 17:41:31.005933549
[2023-07-04T17:41:33Z INFO  dt_instance] received at 2023-07-04 17:41:33.513752744 UTC - from mc-7->source-5 "653" 17:41:33.511346404
[2023-07-04T17:41:36Z INFO  dt_instance] received at 2023-07-04 17:41:36.017643826 UTC - from mc-7->source-5 "658" 17:41:36.016518031
[2023-07-04T17:41:38Z INFO  dt_instance] received at 2023-07-04 17:41:38.525417599 UTC - from mc-7->source-1 "673" 17:41:38.522586451
[2023-07-04T17:41:41Z INFO  dt_instance] received at 2023-07-04 17:41:41.032846249 UTC - from mc-7->source-1 "678" 17:41:41.030403558
[2023-07-04T17:41:43Z INFO  dt_instance] received at 2023-07-04 17:41:43.538982923 UTC - from mc-7->source-1 "683" 17:41:43.536248085
[2023-07-04T17:41:46Z INFO  dt_instance] received at 2023-07-04 17:41:46.044069035 UTC - from mc-7->source-5 "678" 17:41:46.043022908
[2023-07-04T17:41:48Z INFO  dt_instance] received at 2023-07-04 17:41:48.548813811 UTC - from mc-7->source-5 "683" 17:41:48.547692768
[2023-07-04T17:41:51Z INFO  dt_instance] received at 2023-07-04 17:41:51.053462510 UTC - from mc-7->source-1 "698" 17:41:51.052395826
[2023-07-04T17:41:53Z INFO  dt_instance] received at 2023-07-04 17:41:53.560782920 UTC - from mc-7->source-1 "703" 17:41:53.559079106
[2023-07-04T17:41:56Z INFO  dt_instance] received at 2023-07-04 17:41:56.067340626 UTC - from mc-7->source-1 "708" 17:41:56.064242385
[2023-07-04T17:41:58Z INFO  dt_instance] received at 2023-07-04 17:41:58.570854633 UTC - from mc-7->source-1 "713" 17:41:58.569191962
[2023-07-04T17:42:01Z INFO  dt_instance] received at 2023-07-04 17:42:01.077231055 UTC - from mc-7->source-3 "713" 17:42:01.075725254
[2023-07-04T17:42:03Z INFO  dt_instance] received at 2023-07-04 17:42:03.587269603 UTC - from mc-7->source-3 "718" 17:42:03.582711849
[2023-07-04T17:42:06Z INFO  dt_instance] received at 2023-07-04 17:42:06.090227139 UTC - from mc-7->source-3 "723" 17:42:06.089238353
[2023-07-04T17:42:08Z INFO  dt_instance] received at 2023-07-04 17:42:08.594966851 UTC - from mc-7->source-3 "728" 17:42:08.593643938
[2023-07-04T17:42:11Z INFO  dt_instance] received at 2023-07-04 17:42:11.103389747 UTC - from mc-7->source-1 "738" 17:42:11.099548205
[2023-07-04T17:42:13Z INFO  dt_instance] received at 2023-07-04 17:42:13.607431667 UTC - from mc-7->source-3 "738" 17:42:13.606107614
[2023-07-04T17:42:16Z INFO  dt_instance] received at 2023-07-04 17:42:16.113396465 UTC - from mc-7->source-1 "748" 17:42:16.110227513
[2023-07-04T17:42:18Z INFO  dt_instance] received at 2023-07-04 17:42:18.617932943 UTC - from mc-7->source-1 "753" 17:42:18.615970149
[2023-07-04T17:42:21Z INFO  dt_instance] received at 2023-07-04 17:42:21.124145043 UTC - from mc-7->source-1 "758" 17:42:21.122277772
[2023-07-04T17:42:23Z INFO  dt_instance] received at 2023-07-04 17:42:23.634218647 UTC - from mc-7->source-1 "763" 17:42:23.628648388
[2023-07-04T17:42:26Z INFO  dt_instance] received at 2023-07-04 17:42:26.138443407 UTC - from mc-7->source-1 "768" 17:42:26.135767426
[2023-07-04T17:42:28Z INFO  dt_instance] received at 2023-07-04 17:42:28.643357361 UTC - from mc-7->source-1 "773" 17:42:28.641810888
[2023-07-04T17:42:31Z INFO  dt_instance] received at 2023-07-04 17:42:31.149620207 UTC - from mc-7->source-1 "778" 17:42:31.147242904
[2023-07-04T17:42:33Z INFO  dt_instance] received at 2023-07-04 17:42:33.668953398 UTC - from mc-7->source-1 "783" 17:42:33.659216347
[2023-07-04T17:42:36Z INFO  dt_instance] received at 2023-07-04 17:42:36.170739720 UTC - from mc-7->source-1 "788" 17:42:36.166362188
[2023-07-04T17:42:38Z INFO  dt_instance] received at 2023-07-04 17:42:38.676841550 UTC - from mc-7->source-1 "793" 17:42:38.671613760
[2023-07-04T17:42:41Z INFO  dt_instance] received at 2023-07-04 17:42:41.181293129 UTC - from mc-7->source-1 "798" 17:42:41.176799331
[2023-07-04T17:42:43Z INFO  dt_instance] received at 2023-07-04 17:42:43.685031522 UTC - from mc-7->source-1 "803" 17:42:43.683337029
[2023-07-04T17:42:46Z INFO  dt_instance] received at 2023-07-04 17:42:46.192046564 UTC - from mc-7->source-1 "808" 17:42:46.189735671
[2023-07-04T17:42:48Z INFO  dt_instance] received at 2023-07-04 17:42:48.699720371 UTC - from mc-7->source-1 "813" 17:42:48.695349620
[2023-07-04T17:42:51Z INFO  dt_instance] received at 2023-07-04 17:42:51.205332306 UTC - from mc-7->source-1 "818" 17:42:51.203114516
[2023-07-04T17:42:53Z INFO  dt_instance] received at 2023-07-04 17:42:53.713334317 UTC - from mc-7->source-1 "823" 17:42:53.708733271
[2023-07-04T17:42:56Z INFO  dt_instance] received at 2023-07-04 17:42:56.217694478 UTC - from mc-7->source-1 "828" 17:42:56.214452540
[2023-07-04T17:42:58Z INFO  dt_instance] received at 2023-07-04 17:42:58.722500289 UTC - from mc-7->source-1 "833" 17:42:58.721174687
[2023-07-04T17:43:01Z INFO  dt_instance] received at 2023-07-04 17:43:01.239918246 UTC - from mc-7->source-1 "838" 17:43:01.226235402
[2023-07-04T17:43:03Z INFO  dt_instance] received at 2023-07-04 17:43:03.738899241 UTC - from mc-7->source-1 "843" 17:43:03.730401801
[2023-07-04T17:43:06Z INFO  dt_instance] received at 2023-07-04 17:43:06.239571482 UTC - from mc-7->source-1 "848" 17:43:06.236399860
[2023-07-04T17:43:08Z INFO  dt_instance] received at 2023-07-04 17:43:08.743649194 UTC - from mc-7->source-1 "853" 17:43:08.741803322
[2023-07-04T17:43:11Z INFO  dt_instance] received at 2023-07-04 17:43:11.250234750 UTC - from mc-7->source-1 "858" 17:43:11.247778005
[2023-07-04T17:43:13Z INFO  dt_instance] received at 2023-07-04 17:43:13.758286412 UTC - from mc-7->source-1 "863" 17:43:13.753461733
[2023-07-04T17:43:16Z INFO  dt_instance] received at 2023-07-04 17:43:16.261103816 UTC - from mc-7->source-1 "868" 17:43:16.258583191
[2023-07-04T17:43:18Z INFO  dt_instance] received at 2023-07-04 17:43:18.772959414 UTC - from mc-7->source-1 "873" 17:43:18.764877137
[2023-07-04T17:43:21Z INFO  dt_instance] received at 2023-07-04 17:43:21.273030863 UTC - from mc-7->source-1 "878" 17:43:21.270847358
[2023-07-04T17:43:23Z INFO  dt_instance] received at 2023-07-04 17:43:23.780382210 UTC - from mc-7->source-3 "878" 17:43:23.779180269
[2023-07-04T17:43:26Z INFO  dt_instance] received at 2023-07-04 17:43:26.286908042 UTC - from mc-7->source-1 "888" 17:43:26.283172492
[2023-07-04T17:43:28Z INFO  dt_instance] received at 2023-07-04 17:43:28.795069068 UTC - from mc-7->source-1 "893" 17:43:28.791342681
[2023-07-04T17:43:31Z INFO  dt_instance] received at 2023-07-04 17:43:31.300865397 UTC - from mc-7->source-1 "898" 17:43:31.298778732
[2023-07-04T17:43:33Z INFO  dt_instance] received at 2023-07-04 17:43:33.814442623 UTC - from mc-7->source-1 "903" 17:43:33.808932559
[2023-07-04T17:43:36Z INFO  dt_instance] received at 2023-07-04 17:43:36.316379497 UTC - from mc-7->source-1 "908" 17:43:36.314276393
[2023-07-04T17:43:38Z INFO  dt_instance] received at 2023-07-04 17:43:38.823630078 UTC - from mc-7->source-1 "913" 17:43:38.819127101
[2023-07-04T17:43:41Z INFO  dt_instance] received at 2023-07-04 17:43:41.326326734 UTC - from mc-7->source-1 "918" 17:43:41.325169669
[2023-07-04T17:43:43Z INFO  dt_instance] received at 2023-07-04 17:43:43.835551122 UTC - from mc-7->source-1 "923" 17:43:43.831201518
[2023-07-04T17:43:46Z INFO  dt_instance] received at 2023-07-04 17:43:46.338392645 UTC - from mc-7->source-1 "928" 17:43:46.336611702
[2023-07-04T17:43:48Z INFO  dt_instance] received at 2023-07-04 17:43:48.843518754 UTC - from mc-7->source-1 "933" 17:43:48.841915884
[2023-07-04T17:43:51Z INFO  dt_instance] received at 2023-07-04 17:43:51.361191006 UTC - from mc-7->source-1 "938" 17:43:51.347397053
[2023-07-04T17:43:53Z INFO  dt_instance] received at 2023-07-04 17:43:53.855704540 UTC - from mc-7->source-1 "943" 17:43:53.852602759
[2023-07-04T17:43:56Z INFO  dt_instance] received at 2023-07-04 17:43:56.365598090 UTC - from mc-7->source-1 "948" 17:43:56.360368768
[2023-07-04T17:43:58Z INFO  dt_instance] received at 2023-07-04 17:43:58.868856324 UTC - from mc-7->source-1 "953" 17:43:58.866962518
[2023-07-04T17:44:01Z INFO  dt_instance] received at 2023-07-04 17:44:01.378828982 UTC - from mc-7->source-1 "958" 17:44:01.375928890
[2023-07-04T17:44:03Z INFO  dt_instance] received at 2023-07-04 17:44:03.887766771 UTC - from mc-7->source-1 "963" 17:44:03.882640107
[2023-07-04T17:44:06Z INFO  dt_instance] received at 2023-07-04 17:44:06.391531840 UTC - from mc-7->source-1 "968" 17:44:06.388331844
[2023-07-04T17:44:08Z INFO  dt_instance] received at 2023-07-04 17:44:08.898529709 UTC - from mc-7->source-1 "973" 17:44:08.895287072
[2023-07-04T17:44:11Z INFO  dt_instance] received at 2023-07-04 17:44:11.401631157 UTC - from mc-7->source-1 "978" 17:44:11.400331521
[2023-07-04T17:44:13Z INFO  dt_instance] received at 2023-07-04 17:44:13.912634424 UTC - from mc-7->source-1 "983" 17:44:13.906049200
[2023-07-04T17:44:16Z INFO  dt_instance] received at 2023-07-04 17:44:16.417661824 UTC - from mc-7->source-1 "988" 17:44:16.411078498
[2023-07-04T17:44:18Z INFO  dt_instance] received at 2023-07-04 17:44:18.917243497 UTC - from mc-7->source-1 "993" 17:44:18.916021433
[2023-07-04T17:44:21Z INFO  dt_instance] received at 2023-07-04 17:44:21.628887264 UTC - from mc-7->source-6 "986" 17:44:21.626474413
[2023-07-04T17:44:24Z INFO  dt_instance] received at 2023-07-04 17:44:24.866719367 UTC - from mc-7->source-9 "985" 17:44:24.864036612
[2023-07-04T17:44:31Z INFO  dt_instance] received at 2023-07-04 17:44:31.884468458 UTC - from mc-7->source-9 "999" 17:44:31.882108026
