[2023-07-04T17:30:18Z INFO  dt_instance] Current Twin: mc-twin-24
[2023-07-04T17:30:18Z INFO  dt_instance] Replica Name twin-mc-stateful-24
[2023-07-04T17:30:18Z INFO  dt_instance] Sleeping for 1200
[2023-07-04T17:50:18Z INFO  dt_instance] Connecting to broker at emqx.dtwins:1883
[2023-07-04T17:50:18Z INFO  dt_instance] Loggin info each 50 messages
[2023-07-04T17:50:18Z INFO  dt_instance] Set max packet size to 60000 KB.
[2023-07-04T17:50:18Z INFO  dt_instance] Refreshing topics for twin - Listen to mc-24/#
[2023-07-04T17:50:18Z INFO  dt_instance] SubAck { pkid: 1, return_codes: [Success(ExactlyOnce)] }
[2023-07-04T17:51:27Z INFO  dt_instance] received at 2023-07-04 17:51:27.758541543 UTC - from mc-24->source-2 "9" 17:51:27.757391814
[2023-07-04T17:51:31Z INFO  dt_instance] received at 2023-07-04 17:51:31.013911983 UTC - from mc-24->source-3 "13" 17:51:31.012607591
[2023-07-04T17:51:33Z INFO  dt_instance] received at 2023-07-04 17:51:33.525222351 UTC - from mc-24->source-1 "23" 17:51:33.523088890
[2023-07-04T17:51:36Z INFO  dt_instance] received at 2023-07-04 17:51:36.029932266 UTC - from mc-24->source-1 "28" 17:51:36.028282729
[2023-07-04T17:51:38Z INFO  dt_instance] received at 2023-07-04 17:51:38.535422024 UTC - from mc-24->source-1 "33" 17:51:38.534042537
[2023-07-04T17:51:41Z INFO  dt_instance] received at 2023-07-04 17:51:41.042086621 UTC - from mc-24->source-1 "38" 17:51:41.040946768
[2023-07-04T17:51:43Z INFO  dt_instance] received at 2023-07-04 17:51:43.548701521 UTC - from mc-24->source-1 "43" 17:51:43.546989275
[2023-07-04T17:51:46Z INFO  dt_instance] received at 2023-07-04 17:51:46.053923403 UTC - from mc-24->source-1 "48" 17:51:46.052004822
[2023-07-04T17:51:48Z INFO  dt_instance] received at 2023-07-04 17:51:48.559724537 UTC - from mc-24->source-1 "53" 17:51:48.558602430
[2023-07-04T17:51:51Z INFO  dt_instance] received at 2023-07-04 17:51:51.067296279 UTC - from mc-24->source-1 "58" 17:51:51.065932827
[2023-07-04T17:51:53Z INFO  dt_instance] received at 2023-07-04 17:51:53.572325382 UTC - from mc-24->source-1 "63" 17:51:53.570557357
[2023-07-04T17:51:56Z INFO  dt_instance] received at 2023-07-04 17:51:56.079268774 UTC - from mc-24->source-1 "68" 17:51:56.075433436
[2023-07-04T17:51:58Z INFO  dt_instance] received at 2023-07-04 17:51:58.582581266 UTC - from mc-24->source-1 "73" 17:51:58.581279708
[2023-07-04T17:52:01Z INFO  dt_instance] received at 2023-07-04 17:52:01.089776182 UTC - from mc-24->source-1 "78" 17:52:01.088706657
[2023-07-04T17:52:03Z INFO  dt_instance] received at 2023-07-04 17:52:03.596403969 UTC - from mc-24->source-1 "83" 17:52:03.593905190
[2023-07-04T17:52:06Z INFO  dt_instance] received at 2023-07-04 17:52:06.104761067 UTC - from mc-24->source-1 "88" 17:52:06.099481843
[2023-07-04T17:52:08Z INFO  dt_instance] received at 2023-07-04 17:52:08.607758348 UTC - from mc-24->source-1 "93" 17:52:08.606270115
[2023-07-04T17:52:11Z INFO  dt_instance] received at 2023-07-04 17:52:11.112433978 UTC - from mc-24->source-1 "98" 17:52:11.111216724
[2023-07-04T17:52:13Z INFO  dt_instance] received at 2023-07-04 17:52:13.626050302 UTC - from mc-24->source-1 "103" 17:52:13.624364355
[2023-07-04T17:52:16Z INFO  dt_instance] received at 2023-07-04 17:52:16.130808746 UTC - from mc-24->source-1 "108" 17:52:16.129501162
[2023-07-04T17:52:18Z INFO  dt_instance] received at 2023-07-04 17:52:18.637906439 UTC - from mc-24->source-1 "113" 17:52:18.636277697
[2023-07-04T17:52:21Z INFO  dt_instance] received at 2023-07-04 17:52:21.144549387 UTC - from mc-24->source-1 "118" 17:52:21.143407001
[2023-07-04T17:52:23Z INFO  dt_instance] received at 2023-07-04 17:52:23.651108968 UTC - from mc-24->source-1 "123" 17:52:23.648935074
[2023-07-04T17:52:26Z INFO  dt_instance] received at 2023-07-04 17:52:26.155109207 UTC - from mc-24->source-1 "128" 17:52:26.153473556
[2023-07-04T17:52:28Z INFO  dt_instance] received at 2023-07-04 17:52:28.661600773 UTC - from mc-24->source-1 "133" 17:52:28.660184552
[2023-07-04T17:52:31Z INFO  dt_instance] received at 2023-07-04 17:52:31.167342428 UTC - from mc-24->source-1 "138" 17:52:31.166077028
[2023-07-04T17:52:33Z INFO  dt_instance] received at 2023-07-04 17:52:33.692427385 UTC - from mc-24->source-1 "143" 17:52:33.673795718
[2023-07-04T17:52:36Z INFO  dt_instance] received at 2023-07-04 17:52:36.181258811 UTC - from mc-24->source-1 "148" 17:52:36.179711238
[2023-07-04T17:52:38Z INFO  dt_instance] received at 2023-07-04 17:52:38.686878001 UTC - from mc-24->source-1 "153" 17:52:38.685195081
[2023-07-04T17:52:41Z INFO  dt_instance] received at 2023-07-04 17:52:41.191832494 UTC - from mc-24->source-1 "158" 17:52:41.190461010
[2023-07-04T17:52:43Z INFO  dt_instance] received at 2023-07-04 17:52:43.698043432 UTC - from mc-24->source-1 "163" 17:52:43.696356104
[2023-07-04T17:52:46Z INFO  dt_instance] received at 2023-07-04 17:52:46.204289082 UTC - from mc-24->source-1 "168" 17:52:46.202404301
[2023-07-04T17:52:48Z INFO  dt_instance] received at 2023-07-04 17:52:48.712331672 UTC - from mc-24->source-1 "173" 17:52:48.707930760
[2023-07-04T17:52:51Z INFO  dt_instance] received at 2023-07-04 17:52:51.215693996 UTC - from mc-24->source-1 "178" 17:52:51.213445771
[2023-07-04T17:52:53Z INFO  dt_instance] received at 2023-07-04 17:52:53.721225546 UTC - from mc-24->source-1 "183" 17:52:53.719650960
[2023-07-04T17:52:56Z INFO  dt_instance] received at 2023-07-04 17:52:56.227228712 UTC - from mc-24->source-1 "188" 17:52:56.226174607
[2023-07-04T17:52:58Z INFO  dt_instance] received at 2023-07-04 17:52:58.733627605 UTC - from mc-24->source-1 "193" 17:52:58.732516448
[2023-07-04T17:53:01Z INFO  dt_instance] received at 2023-07-04 17:53:01.241405480 UTC - from mc-24->source-1 "198" 17:53:01.238364001
[2023-07-04T17:53:03Z INFO  dt_instance] received at 2023-07-04 17:53:03.745968549 UTC - from mc-24->source-1 "203" 17:53:03.743658934
[2023-07-04T17:53:06Z INFO  dt_instance] received at 2023-07-04 17:53:06.253720236 UTC - from mc-24->source-1 "208" 17:53:06.249658438
[2023-07-04T17:53:08Z INFO  dt_instance] received at 2023-07-04 17:53:08.762098331 UTC - from mc-24->source-1 "213" 17:53:08.755906272
[2023-07-04T17:53:11Z INFO  dt_instance] received at 2023-07-04 17:53:11.264188640 UTC - from mc-24->source-1 "218" 17:53:11.262969686
[2023-07-04T17:53:13Z INFO  dt_instance] received at 2023-07-04 17:53:13.774997562 UTC - from mc-24->source-1 "223" 17:53:13.769078067
[2023-07-04T17:53:16Z INFO  dt_instance] received at 2023-07-04 17:53:16.276111173 UTC - from mc-24->source-1 "228" 17:53:16.274563324
[2023-07-04T17:53:18Z INFO  dt_instance] received at 2023-07-04 17:53:18.782235294 UTC - from mc-24->source-1 "233" 17:53:18.779238268
[2023-07-04T17:53:21Z INFO  dt_instance] received at 2023-07-04 17:53:21.286611215 UTC - from mc-24->source-1 "238" 17:53:21.284862901
[2023-07-04T17:53:23Z INFO  dt_instance] received at 2023-07-04 17:53:23.791037714 UTC - from mc-24->source-1 "243" 17:53:23.789566248
[2023-07-04T17:53:26Z INFO  dt_instance] received at 2023-07-04 17:53:26.296365392 UTC - from mc-24->source-1 "248" 17:53:26.294920609
[2023-07-04T17:53:28Z INFO  dt_instance] received at 2023-07-04 17:53:28.803765960 UTC - from mc-24->source-3 "248" 17:53:28.801588615
[2023-07-04T17:53:31Z INFO  dt_instance] received at 2023-07-04 17:53:31.308989754 UTC - from mc-24->source-3 "253" 17:53:31.307763070
[2023-07-04T17:53:33Z INFO  dt_instance] received at 2023-07-04 17:53:33.815133293 UTC - from mc-24->source-7 "248" 17:53:33.813563716
[2023-07-04T17:53:36Z INFO  dt_instance] received at 2023-07-04 17:53:36.323211702 UTC - from mc-24->source-7 "253" 17:53:36.322179327
[2023-07-04T17:53:38Z INFO  dt_instance] received at 2023-07-04 17:53:38.830040585 UTC - from mc-24->source-7 "258" 17:53:38.829103742
[2023-07-04T17:53:41Z INFO  dt_instance] received at 2023-07-04 17:53:41.334278609 UTC - from mc-24->source-3 "273" 17:53:41.333233828
[2023-07-04T17:53:43Z INFO  dt_instance] received at 2023-07-04 17:53:43.844830697 UTC - from mc-24->source-3 "278" 17:53:43.840945962
[2023-07-04T17:53:46Z INFO  dt_instance] received at 2023-07-04 17:53:46.347512655 UTC - from mc-24->source-3 "283" 17:53:46.346475056
[2023-07-04T17:53:48Z INFO  dt_instance] received at 2023-07-04 17:53:48.869843334 UTC - from mc-24->source-1 "293" 17:53:48.851523949
[2023-07-04T17:53:51Z INFO  dt_instance] received at 2023-07-04 17:53:51.364056224 UTC - from mc-24->source-7 "283" 17:53:51.363245431
[2023-07-04T17:53:53Z INFO  dt_instance] received at 2023-07-04 17:53:53.871495179 UTC - from mc-24->source-7 "288" 17:53:53.870324489
[2023-07-04T17:53:56Z INFO  dt_instance] received at 2023-07-04 17:53:56.377992238 UTC - from mc-24->source-7 "293" 17:53:56.377241431
[2023-07-04T17:53:58Z INFO  dt_instance] received at 2023-07-04 17:53:58.884576158 UTC - from mc-24->source-7 "298" 17:53:58.883310037
[2023-07-04T17:54:01Z INFO  dt_instance] received at 2023-07-04 17:54:01.389233294 UTC - from mc-24->source-7 "303" 17:54:01.388173373
[2023-07-04T17:54:03Z INFO  dt_instance] received at 2023-07-04 17:54:03.896037298 UTC - from mc-24->source-7 "308" 17:54:03.894955614
[2023-07-04T17:54:06Z INFO  dt_instance] received at 2023-07-04 17:54:06.402161395 UTC - from mc-24->source-7 "313" 17:54:06.401152372
[2023-07-04T17:54:08Z INFO  dt_instance] received at 2023-07-04 17:54:08.908477119 UTC - from mc-24->source-7 "318" 17:54:08.907652488
[2023-07-04T17:54:11Z INFO  dt_instance] received at 2023-07-04 17:54:11.413760944 UTC - from mc-24->source-7 "323" 17:54:11.412729566
[2023-07-04T17:54:13Z INFO  dt_instance] received at 2023-07-04 17:54:13.920326345 UTC - from mc-24->source-1 "343" 17:54:13.919350960
[2023-07-04T17:54:16Z INFO  dt_instance] received at 2023-07-04 17:54:16.428166462 UTC - from mc-24->source-1 "348" 17:54:16.425618745
[2023-07-04T17:54:18Z INFO  dt_instance] received at 2023-07-04 17:54:18.931260721 UTC - from mc-24->source-1 "353" 17:54:18.930177361
[2023-07-04T17:54:21Z INFO  dt_instance] received at 2023-07-04 17:54:21.439039303 UTC - from mc-24->source-1 "358" 17:54:21.437301384
[2023-07-04T17:54:23Z INFO  dt_instance] received at 2023-07-04 17:54:23.946402769 UTC - from mc-24->source-1 "363" 17:54:23.944883706
[2023-07-04T17:54:26Z INFO  dt_instance] received at 2023-07-04 17:54:26.452217121 UTC - from mc-24->source-1 "368" 17:54:26.451129552
[2023-07-04T17:54:28Z INFO  dt_instance] received at 2023-07-04 17:54:28.960087375 UTC - from mc-24->source-1 "373" 17:54:28.959102913
[2023-07-04T17:54:31Z INFO  dt_instance] received at 2023-07-04 17:54:31.465298827 UTC - from mc-24->source-1 "378" 17:54:31.464107652
[2023-07-04T17:54:33Z INFO  dt_instance] received at 2023-07-04 17:54:33.971668801 UTC - from mc-24->source-1 "383" 17:54:33.970221791
[2023-07-04T17:54:36Z INFO  dt_instance] received at 2023-07-04 17:54:36.476541273 UTC - from mc-24->source-1 "388" 17:54:36.475577749
[2023-07-04T17:54:38Z INFO  dt_instance] received at 2023-07-04 17:54:38.982912265 UTC - from mc-24->source-1 "393" 17:54:38.981519934
[2023-07-04T17:54:41Z INFO  dt_instance] received at 2023-07-04 17:54:41.490388427 UTC - from mc-24->source-1 "398" 17:54:41.489160905
[2023-07-04T17:54:43Z INFO  dt_instance] received at 2023-07-04 17:54:43.995610074 UTC - from mc-24->source-1 "403" 17:54:43.994492304
[2023-07-04T17:54:46Z INFO  dt_instance] received at 2023-07-04 17:54:46.501235955 UTC - from mc-24->source-1 "408" 17:54:46.499782880
[2023-07-04T17:54:49Z INFO  dt_instance] received at 2023-07-04 17:54:49.007732563 UTC - from mc-24->source-1 "413" 17:54:49.005649037
[2023-07-04T17:54:51Z INFO  dt_instance] received at 2023-07-04 17:54:51.512909342 UTC - from mc-24->source-1 "418" 17:54:51.510752621
[2023-07-04T17:54:54Z INFO  dt_instance] received at 2023-07-04 17:54:54.018448071 UTC - from mc-24->source-1 "423" 17:54:54.017193156
[2023-07-04T17:54:56Z INFO  dt_instance] received at 2023-07-04 17:54:56.524175849 UTC - from mc-24->source-1 "428" 17:54:56.523196199
[2023-07-04T17:54:59Z INFO  dt_instance] received at 2023-07-04 17:54:59.030991926 UTC - from mc-24->source-1 "433" 17:54:59.029287393
[2023-07-04T17:55:01Z INFO  dt_instance] received at 2023-07-04 17:55:01.537446592 UTC - from mc-24->source-1 "438" 17:55:01.535841906
[2023-07-04T17:55:04Z INFO  dt_instance] received at 2023-07-04 17:55:04.042112420 UTC - from mc-24->source-1 "443" 17:55:04.040621704
[2023-07-04T17:55:06Z INFO  dt_instance] received at 2023-07-04 17:55:06.548347193 UTC - from mc-24->source-1 "448" 17:55:06.546809339
[2023-07-04T17:55:09Z INFO  dt_instance] received at 2023-07-04 17:55:09.053550476 UTC - from mc-24->source-1 "453" 17:55:09.051688600
[2023-07-04T17:55:11Z INFO  dt_instance] received at 2023-07-04 17:55:11.558808060 UTC - from mc-24->source-1 "458" 17:55:11.557555781
[2023-07-04T17:55:14Z INFO  dt_instance] received at 2023-07-04 17:55:14.063633483 UTC - from mc-24->source-9 "443" 17:55:14.062416083
[2023-07-04T17:55:16Z INFO  dt_instance] received at 2023-07-04 17:55:16.570102742 UTC - from mc-24->source-3 "463" 17:55:16.568964019
[2023-07-04T17:55:19Z INFO  dt_instance] received at 2023-07-04 17:55:19.076457185 UTC - from mc-24->source-7 "458" 17:55:19.075552578
[2023-07-04T17:55:21Z INFO  dt_instance] received at 2023-07-04 17:55:21.583792535 UTC - from mc-24->source-3 "473" 17:55:21.582456105
[2023-07-04T17:55:24Z INFO  dt_instance] received at 2023-07-04 17:55:24.090819079 UTC - from mc-24->source-3 "478" 17:55:24.089440532
[2023-07-04T17:55:26Z INFO  dt_instance] received at 2023-07-04 17:55:26.595924060 UTC - from mc-24->source-1 "488" 17:55:26.594685691
[2023-07-04T17:55:29Z INFO  dt_instance] received at 2023-07-04 17:55:29.101398746 UTC - from mc-24->source-1 "493" 17:55:29.100212201
[2023-07-04T17:55:31Z INFO  dt_instance] received at 2023-07-04 17:55:31.607070178 UTC - from mc-24->source-3 "493" 17:55:31.606318171
[2023-07-04T17:55:34Z INFO  dt_instance] received at 2023-07-04 17:55:34.116288578 UTC - from mc-24->source-1 "503" 17:55:34.114348360
[2023-07-04T17:55:36Z INFO  dt_instance] received at 2023-07-04 17:55:36.629811292 UTC - from mc-24->source-9 "488" 17:55:36.623695482
[2023-07-04T17:55:39Z INFO  dt_instance] received at 2023-07-04 17:55:39.129474146 UTC - from mc-24->source-3 "508" 17:55:39.128592597
[2023-07-04T17:55:41Z INFO  dt_instance] received at 2023-07-04 17:55:41.634558958 UTC - from mc-24->source-3 "513" 17:55:41.633535990
[2023-07-04T17:55:44Z INFO  dt_instance] received at 2023-07-04 17:55:44.140100601 UTC - from mc-24->source-3 "518" 17:55:44.139334323
[2023-07-04T17:55:46Z INFO  dt_instance] received at 2023-07-04 17:55:46.646228319 UTC - from mc-24->source-9 "508" 17:55:46.645076647
[2023-07-04T17:55:49Z INFO  dt_instance] received at 2023-07-04 17:55:49.157259344 UTC - from mc-24->source-3 "528" 17:55:49.155648537
[2023-07-04T17:55:51Z INFO  dt_instance] received at 2023-07-04 17:55:51.664851921 UTC - from mc-24->source-1 "538" 17:55:51.663597824
[2023-07-04T17:55:54Z INFO  dt_instance] received at 2023-07-04 17:55:54.172479353 UTC - from mc-24->source-1 "543" 17:55:54.170876548
[2023-07-04T17:55:56Z INFO  dt_instance] received at 2023-07-04 17:55:56.679266381 UTC - from mc-24->source-3 "543" 17:55:56.678208878
[2023-07-04T17:55:59Z INFO  dt_instance] received at 2023-07-04 17:55:59.186368591 UTC - from mc-24->source-3 "548" 17:55:59.185251006
[2023-07-04T17:56:01Z INFO  dt_instance] received at 2023-07-04 17:56:01.693545317 UTC - from mc-24->source-3 "553" 17:56:01.692707957
[2023-07-04T17:56:04Z INFO  dt_instance] received at 2023-07-04 17:56:04.214082642 UTC - from mc-24->source-9 "543" 17:56:04.212646342
[2023-07-04T17:56:06Z INFO  dt_instance] received at 2023-07-04 17:56:06.724847825 UTC - from mc-24->source-3 "563" 17:56:06.721602127
[2023-07-04T17:56:09Z INFO  dt_instance] received at 2023-07-04 17:56:09.231446235 UTC - from mc-24->source-9 "553" 17:56:09.229584749
[2023-07-04T17:56:11Z INFO  dt_instance] received at 2023-07-04 17:56:11.736310338 UTC - from mc-24->source-3 "573" 17:56:11.734438181
[2023-07-04T17:56:14Z INFO  dt_instance] received at 2023-07-04 17:56:14.242216054 UTC - from mc-24->source-3 "578" 17:56:14.241088853
[2023-07-04T17:56:16Z INFO  dt_instance] received at 2023-07-04 17:56:16.748328489 UTC - from mc-24->source-9 "568" 17:56:16.747465100
[2023-07-04T17:56:19Z INFO  dt_instance] received at 2023-07-04 17:56:19.255933207 UTC - from mc-24->source-9 "573" 17:56:19.254774363
[2023-07-04T17:56:21Z INFO  dt_instance] received at 2023-07-04 17:56:21.762995739 UTC - from mc-24->source-3 "593" 17:56:21.761663142
[2023-07-04T17:56:24Z INFO  dt_instance] received at 2023-07-04 17:56:24.268318675 UTC - from mc-24->source-3 "598" 17:56:24.267252074
[2023-07-04T17:56:26Z INFO  dt_instance] received at 2023-07-04 17:56:26.775003011 UTC - from mc-24->source-9 "588" 17:56:26.773497801
[2023-07-04T17:56:29Z INFO  dt_instance] received at 2023-07-04 17:56:29.279494376 UTC - from mc-24->source-9 "593" 17:56:29.278327924
[2023-07-04T17:56:31Z INFO  dt_instance] received at 2023-07-04 17:56:31.784941359 UTC - from mc-24->source-3 "613" 17:56:31.783839384
[2023-07-04T17:56:34Z INFO  dt_instance] received at 2023-07-04 17:56:34.292344431 UTC - from mc-24->source-3 "618" 17:56:34.290785570
[2023-07-04T17:56:36Z INFO  dt_instance] received at 2023-07-04 17:56:36.797291718 UTC - from mc-24->source-9 "608" 17:56:36.796270624
[2023-07-04T17:56:39Z INFO  dt_instance] received at 2023-07-04 17:56:39.303132556 UTC - from mc-24->source-9 "613" 17:56:39.301817227
[2023-07-04T17:56:41Z INFO  dt_instance] received at 2023-07-04 17:56:41.809514572 UTC - from mc-24->source-9 "618" 17:56:41.808331065
[2023-07-04T17:56:44Z INFO  dt_instance] received at 2023-07-04 17:56:44.314730119 UTC - from mc-24->source-3 "638" 17:56:44.313579827
[2023-07-04T17:56:46Z INFO  dt_instance] received at 2023-07-04 17:56:46.822313371 UTC - from mc-24->source-9 "628" 17:56:46.820925129
[2023-07-04T17:56:49Z INFO  dt_instance] received at 2023-07-04 17:56:49.327572938 UTC - from mc-24->source-9 "633" 17:56:49.326313421
[2023-07-04T17:56:51Z INFO  dt_instance] received at 2023-07-04 17:56:51.833424449 UTC - from mc-24->source-9 "638" 17:56:51.832471645
[2023-07-04T17:56:54Z INFO  dt_instance] received at 2023-07-04 17:56:54.339272691 UTC - from mc-24->source-3 "658" 17:56:54.338301906
[2023-07-04T17:56:56Z INFO  dt_instance] received at 2023-07-04 17:56:56.855425345 UTC - from mc-24->source-3 "663" 17:56:56.854205153
[2023-07-04T17:56:59Z INFO  dt_instance] received at 2023-07-04 17:56:59.361993953 UTC - from mc-24->source-3 "668" 17:56:59.360922147
[2023-07-04T17:57:01Z INFO  dt_instance] received at 2023-07-04 17:57:01.867905171 UTC - from mc-24->source-3 "673" 17:57:01.866774123
[2023-07-04T17:57:04Z INFO  dt_instance] received at 2023-07-04 17:57:04.373390462 UTC - from mc-24->source-3 "678" 17:57:04.372419851
[2023-07-04T17:57:06Z INFO  dt_instance] received at 2023-07-04 17:57:06.885151489 UTC - from mc-24->source-3 "683" 17:57:06.884244616
[2023-07-04T17:57:09Z INFO  dt_instance] received at 2023-07-04 17:57:09.392412749 UTC - from mc-24->source-3 "688" 17:57:09.391346910
[2023-07-04T17:57:11Z INFO  dt_instance] received at 2023-07-04 17:57:11.897627397 UTC - from mc-24->source-3 "693" 17:57:11.896610925
[2023-07-04T17:57:14Z INFO  dt_instance] received at 2023-07-04 17:57:14.402999149 UTC - from mc-24->source-3 "698" 17:57:14.402041215
[2023-07-04T17:57:16Z INFO  dt_instance] received at 2023-07-04 17:57:16.908301493 UTC - from mc-24->source-3 "703" 17:57:16.907122153
[2023-07-04T17:57:19Z INFO  dt_instance] received at 2023-07-04 17:57:19.414575882 UTC - from mc-24->source-3 "708" 17:57:19.413694655
[2023-07-04T17:57:21Z INFO  dt_instance] received at 2023-07-04 17:57:21.928327326 UTC - from mc-24->source-3 "713" 17:57:21.919007779
[2023-07-04T17:57:24Z INFO  dt_instance] received at 2023-07-04 17:57:24.427043616 UTC - from mc-24->source-3 "718" 17:57:24.426150741
[2023-07-04T17:57:26Z INFO  dt_instance] received at 2023-07-04 17:57:26.933329681 UTC - from mc-24->source-3 "723" 17:57:26.932227601
[2023-07-04T17:57:29Z INFO  dt_instance] received at 2023-07-04 17:57:29.438430459 UTC - from mc-24->source-3 "728" 17:57:29.437420758
[2023-07-04T17:57:31Z INFO  dt_instance] received at 2023-07-04 17:57:31.944973887 UTC - from mc-24->source-3 "733" 17:57:31.944068074
[2023-07-04T17:57:34Z INFO  dt_instance] received at 2023-07-04 17:57:34.449397732 UTC - from mc-24->source-3 "738" 17:57:34.448508567
[2023-07-04T17:57:36Z INFO  dt_instance] received at 2023-07-04 17:57:36.956309065 UTC - from mc-24->source-3 "743" 17:57:36.955140526
[2023-07-04T17:57:39Z INFO  dt_instance] received at 2023-07-04 17:57:39.461667941 UTC - from mc-24->source-3 "748" 17:57:39.460472226
[2023-07-04T17:57:41Z INFO  dt_instance] received at 2023-07-04 17:57:41.970764169 UTC - from mc-24->source-3 "753" 17:57:41.969882351
[2023-07-04T17:57:44Z INFO  dt_instance] received at 2023-07-04 17:57:44.477759524 UTC - from mc-24->source-3 "758" 17:57:44.475626079
[2023-07-04T17:57:46Z INFO  dt_instance] received at 2023-07-04 17:57:46.982714335 UTC - from mc-24->source-3 "763" 17:57:46.981688846
[2023-07-04T17:57:49Z INFO  dt_instance] received at 2023-07-04 17:57:49.487425205 UTC - from mc-24->source-3 "768" 17:57:49.486693321
[2023-07-04T17:57:51Z INFO  dt_instance] received at 2023-07-04 17:57:51.999007435 UTC - from mc-24->source-3 "773" 17:57:51.993670021
[2023-07-04T17:57:54Z INFO  dt_instance] received at 2023-07-04 17:57:54.501097040 UTC - from mc-24->source-3 "778" 17:57:54.499890416
[2023-07-04T17:57:57Z INFO  dt_instance] received at 2023-07-04 17:57:57.006066893 UTC - from mc-24->source-3 "783" 17:57:57.005043073
[2023-07-04T17:57:59Z INFO  dt_instance] received at 2023-07-04 17:57:59.512372674 UTC - from mc-24->source-3 "788" 17:57:59.510153316
[2023-07-04T17:58:02Z INFO  dt_instance] received at 2023-07-04 17:58:02.018076682 UTC - from mc-24->source-3 "793" 17:58:02.017204593
[2023-07-04T17:58:04Z INFO  dt_instance] received at 2023-07-04 17:58:04.524697707 UTC - from mc-24->source-3 "798" 17:58:04.523788166
[2023-07-04T17:58:07Z INFO  dt_instance] received at 2023-07-04 17:58:07.030001033 UTC - from mc-24->source-3 "803" 17:58:07.029109819
[2023-07-04T17:58:09Z INFO  dt_instance] received at 2023-07-04 17:58:09.541939608 UTC - from mc-24->source-3 "808" 17:58:09.535967489
[2023-07-04T17:58:12Z INFO  dt_instance] received at 2023-07-04 17:58:12.043646010 UTC - from mc-24->source-3 "813" 17:58:12.042628298
[2023-07-04T17:58:14Z INFO  dt_instance] received at 2023-07-04 17:58:14.552023824 UTC - from mc-24->source-3 "818" 17:58:14.550011350
[2023-07-04T17:58:17Z INFO  dt_instance] received at 2023-07-04 17:58:17.057176116 UTC - from mc-24->source-3 "823" 17:58:17.056284715
[2023-07-04T17:58:19Z INFO  dt_instance] received at 2023-07-04 17:58:19.565054783 UTC - from mc-24->source-3 "828" 17:58:19.563960515
[2023-07-04T17:58:22Z INFO  dt_instance] received at 2023-07-04 17:58:22.069356780 UTC - from mc-24->source-3 "833" 17:58:22.068363106
[2023-07-04T17:58:24Z INFO  dt_instance] received at 2023-07-04 17:58:24.574491656 UTC - from mc-24->source-3 "838" 17:58:24.573618894
[2023-07-04T17:58:27Z INFO  dt_instance] received at 2023-07-04 17:58:27.079847350 UTC - from mc-24->source-3 "843" 17:58:27.078711124
[2023-07-04T17:58:29Z INFO  dt_instance] received at 2023-07-04 17:58:29.586170916 UTC - from mc-24->source-3 "848" 17:58:29.583766106
[2023-07-04T17:58:32Z INFO  dt_instance] received at 2023-07-04 17:58:32.091297650 UTC - from mc-24->source-3 "853" 17:58:32.090363830
[2023-07-04T17:58:34Z INFO  dt_instance] received at 2023-07-04 17:58:34.596682413 UTC - from mc-24->source-3 "858" 17:58:34.595643910
[2023-07-04T17:58:37Z INFO  dt_instance] received at 2023-07-04 17:58:37.101419568 UTC - from mc-24->source-3 "863" 17:58:37.100364657
[2023-07-04T17:58:39Z INFO  dt_instance] received at 2023-07-04 17:58:39.609400310 UTC - from mc-24->source-3 "868" 17:58:39.606604451
[2023-07-04T17:58:42Z INFO  dt_instance] received at 2023-07-04 17:58:42.114613385 UTC - from mc-24->source-3 "873" 17:58:42.113850092
[2023-07-04T17:58:44Z INFO  dt_instance] received at 2023-07-04 17:58:44.621090492 UTC - from mc-24->source-3 "878" 17:58:44.620321186
[2023-07-04T17:58:47Z INFO  dt_instance] received at 2023-07-04 17:58:47.127986599 UTC - from mc-24->source-3 "883" 17:58:47.126867974
[2023-07-04T17:58:49Z INFO  dt_instance] received at 2023-07-04 17:58:49.632263817 UTC - from mc-24->source-3 "888" 17:58:49.631286840
[2023-07-04T17:58:52Z INFO  dt_instance] received at 2023-07-04 17:58:52.138081061 UTC - from mc-24->source-3 "893" 17:58:52.137091686
[2023-07-04T17:58:54Z INFO  dt_instance] received at 2023-07-04 17:58:54.647092084 UTC - from mc-24->source-3 "898" 17:58:54.642732321
[2023-07-04T17:58:57Z INFO  dt_instance] received at 2023-07-04 17:58:57.149789559 UTC - from mc-24->source-3 "903" 17:58:57.148665676
[2023-07-04T17:58:59Z INFO  dt_instance] received at 2023-07-04 17:58:59.654990467 UTC - from mc-24->source-3 "908" 17:58:59.653426938
[2023-07-04T17:59:02Z INFO  dt_instance] received at 2023-07-04 17:59:02.159536472 UTC - from mc-24->source-3 "913" 17:59:02.158721700
[2023-07-04T17:59:04Z INFO  dt_instance] received at 2023-07-04 17:59:04.667016487 UTC - from mc-24->source-3 "918" 17:59:04.663570919
[2023-07-04T17:59:07Z INFO  dt_instance] received at 2023-07-04 17:59:07.172372573 UTC - from mc-24->source-3 "923" 17:59:07.171280005
[2023-07-04T17:59:09Z INFO  dt_instance] received at 2023-07-04 17:59:09.677148090 UTC - from mc-24->source-3 "928" 17:59:09.676247490
[2023-07-04T17:59:12Z INFO  dt_instance] received at 2023-07-04 17:59:12.182740389 UTC - from mc-24->source-3 "933" 17:59:12.181605018
[2023-07-04T17:59:14Z INFO  dt_instance] received at 2023-07-04 17:59:14.691043484 UTC - from mc-24->source-3 "938" 17:59:14.689604097
[2023-07-04T17:59:17Z INFO  dt_instance] received at 2023-07-04 17:59:17.195871460 UTC - from mc-24->source-3 "943" 17:59:17.194490028
[2023-07-04T17:59:19Z INFO  dt_instance] received at 2023-07-04 17:59:19.700855563 UTC - from mc-24->source-3 "948" 17:59:19.699376542
[2023-07-04T17:59:22Z INFO  dt_instance] received at 2023-07-04 17:59:22.208431089 UTC - from mc-24->source-3 "953" 17:59:22.207235439
[2023-07-04T17:59:24Z INFO  dt_instance] received at 2023-07-04 17:59:24.714198381 UTC - from mc-24->source-3 "958" 17:59:24.712418151
[2023-07-04T17:59:27Z INFO  dt_instance] received at 2023-07-04 17:59:27.219528250 UTC - from mc-24->source-3 "963" 17:59:27.218388851
[2023-07-04T17:59:29Z INFO  dt_instance] received at 2023-07-04 17:59:29.727416638 UTC - from mc-24->source-3 "968" 17:59:29.726120590
[2023-07-04T17:59:32Z INFO  dt_instance] received at 2023-07-04 17:59:32.234284715 UTC - from mc-24->source-3 "973" 17:59:32.232863159
[2023-07-04T17:59:34Z INFO  dt_instance] received at 2023-07-04 17:59:34.740631357 UTC - from mc-24->source-3 "978" 17:59:34.737349341
[2023-07-04T17:59:37Z INFO  dt_instance] received at 2023-07-04 17:59:37.244175230 UTC - from mc-24->source-3 "983" 17:59:37.242873458
[2023-07-04T17:59:39Z INFO  dt_instance] received at 2023-07-04 17:59:39.750339345 UTC - from mc-24->source-3 "988" 17:59:39.748749708
[2023-07-04T17:59:42Z INFO  dt_instance] received at 2023-07-04 17:59:42.426497409 UTC - from mc-24->source-4 "991" 17:59:42.424795989
[2023-07-04T17:59:45Z INFO  dt_instance] received at 2023-07-04 17:59:45.701096533 UTC - from mc-24->source-7 "990" 17:59:45.699795799
[2023-07-04T17:59:52Z INFO  dt_instance] received at 2023-07-04 17:59:52.773172827 UTC - from mc-24->source-9 "999" 17:59:52.769146608
