[2023-06-27T23:35:24Z INFO  dt_instance] Current Twin: mc-twin-13
[2023-06-27T23:35:24Z INFO  dt_instance] Replica Name twin-mc-stateful-13
[2023-06-27T23:35:24Z INFO  dt_instance] Sleeping for 650
[2023-06-27T23:46:14Z INFO  dt_instance] Connecting to broker at emqx.dtwins:1883
[2023-06-27T23:46:14Z INFO  dt_instance] Loggin info each 50 messages
[2023-06-27T23:46:14Z INFO  dt_instance] Set max packet size to 60000 KB.
[2023-06-27T23:46:14Z INFO  dt_instance] Refreshing topics for twin - Listen to mc-13/#
[2023-06-27T23:46:14Z INFO  dt_instance] SubAck { pkid: 1, return_codes: [Success(ExactlyOnce)] }
[2023-06-27T23:47:22Z INFO  dt_instance] received at 2023-06-27 23:47:22.525469111 UTC - from mc-13->source-2 "9" 23:47:22.523752822
[2023-06-27T23:47:25Z INFO  dt_instance] received at 2023-06-27 23:47:25.776024270 UTC - from mc-13->source-3 "13" 23:47:25.774690951
[2023-06-27T23:47:28Z INFO  dt_instance] received at 2023-06-27 23:47:28.287591758 UTC - from mc-13->source-1 "23" 23:47:28.285704940
[2023-06-27T23:47:30Z INFO  dt_instance] received at 2023-06-27 23:47:30.795146576 UTC - from mc-13->source-1 "28" 23:47:30.792711731
[2023-06-27T23:47:33Z INFO  dt_instance] received at 2023-06-27 23:47:33.300470478 UTC - from mc-13->source-1 "33" 23:47:33.298235454
[2023-06-27T23:47:35Z INFO  dt_instance] received at 2023-06-27 23:47:35.807265703 UTC - from mc-13->source-1 "38" 23:47:35.805602939
[2023-06-27T23:47:38Z INFO  dt_instance] received at 2023-06-27 23:47:38.326084467 UTC - from mc-13->source-1 "43" 23:47:38.313249329
[2023-06-27T23:47:40Z INFO  dt_instance] received at 2023-06-27 23:47:40.824362771 UTC - from mc-13->source-1 "48" 23:47:40.821994489
[2023-06-27T23:47:43Z INFO  dt_instance] received at 2023-06-27 23:47:43.331392754 UTC - from mc-13->source-1 "53" 23:47:43.328375296
[2023-06-27T23:47:45Z INFO  dt_instance] received at 2023-06-27 23:47:45.836629072 UTC - from mc-13->source-1 "58" 23:47:45.834879588
[2023-06-27T23:47:48Z INFO  dt_instance] received at 2023-06-27 23:47:48.348496889 UTC - from mc-13->source-1 "63" 23:47:48.342750176
[2023-06-27T23:47:50Z INFO  dt_instance] received at 2023-06-27 23:47:50.851535280 UTC - from mc-13->source-1 "68" 23:47:50.849928832
[2023-06-27T23:47:53Z INFO  dt_instance] received at 2023-06-27 23:47:53.360996394 UTC - from mc-13->source-1 "73" 23:47:53.356991705
[2023-06-27T23:47:55Z INFO  dt_instance] received at 2023-06-27 23:47:55.867845431 UTC - from mc-13->source-1 "78" 23:47:55.864097263
[2023-06-27T23:47:58Z INFO  dt_instance] received at 2023-06-27 23:47:58.377822078 UTC - from mc-13->source-1 "83" 23:47:58.369877608
[2023-06-27T23:48:00Z INFO  dt_instance] received at 2023-06-27 23:48:00.880294776 UTC - from mc-13->source-1 "88" 23:48:00.874639121
[2023-06-27T23:48:03Z INFO  dt_instance] received at 2023-06-27 23:48:03.384327149 UTC - from mc-13->source-1 "93" 23:48:03.379416299
[2023-06-27T23:48:05Z INFO  dt_instance] received at 2023-06-27 23:48:05.887091493 UTC - from mc-13->source-1 "98" 23:48:05.885787682
[2023-06-27T23:48:08Z INFO  dt_instance] received at 2023-06-27 23:48:08.395354138 UTC - from mc-13->source-1 "103" 23:48:08.390532281
[2023-06-27T23:48:10Z INFO  dt_instance] received at 2023-06-27 23:48:10.896369180 UTC - from mc-13->source-1 "108" 23:48:10.895341743
[2023-06-27T23:48:13Z INFO  dt_instance] received at 2023-06-27 23:48:13.404843010 UTC - from mc-13->source-1 "113" 23:48:13.401814966
[2023-06-27T23:48:15Z INFO  dt_instance] received at 2023-06-27 23:48:15.907922940 UTC - from mc-13->source-1 "118" 23:48:15.906862854
[2023-06-27T23:48:18Z INFO  dt_instance] received at 2023-06-27 23:48:18.413121567 UTC - from mc-13->source-1 "123" 23:48:18.411795264
[2023-06-27T23:48:20Z INFO  dt_instance] received at 2023-06-27 23:48:20.918365185 UTC - from mc-13->source-1 "128" 23:48:20.917095177
[2023-06-27T23:48:23Z INFO  dt_instance] received at 2023-06-27 23:48:23.423762451 UTC - from mc-13->source-1 "133" 23:48:23.422378646
[2023-06-27T23:48:25Z INFO  dt_instance] received at 2023-06-27 23:48:25.928547108 UTC - from mc-13->source-1 "138" 23:48:25.927078232
[2023-06-27T23:48:28Z INFO  dt_instance] received at 2023-06-27 23:48:28.446754141 UTC - from mc-13->source-1 "143" 23:48:28.433210179
[2023-06-27T23:48:30Z INFO  dt_instance] received at 2023-06-27 23:48:30.939629342 UTC - from mc-13->source-1 "148" 23:48:30.938532934
[2023-06-27T23:48:33Z INFO  dt_instance] received at 2023-06-27 23:48:33.445025364 UTC - from mc-13->source-1 "153" 23:48:33.443746105
[2023-06-27T23:48:35Z INFO  dt_instance] received at 2023-06-27 23:48:35.951750133 UTC - from mc-13->source-1 "158" 23:48:35.948549827
[2023-06-27T23:48:38Z INFO  dt_instance] received at 2023-06-27 23:48:38.466510354 UTC - from mc-13->source-1 "163" 23:48:38.453032367
[2023-06-27T23:48:40Z INFO  dt_instance] received at 2023-06-27 23:48:40.959700070 UTC - from mc-13->source-1 "168" 23:48:40.958257441
[2023-06-27T23:48:43Z INFO  dt_instance] received at 2023-06-27 23:48:43.464781855 UTC - from mc-13->source-1 "173" 23:48:43.463748363
[2023-06-27T23:48:45Z INFO  dt_instance] received at 2023-06-27 23:48:45.971556813 UTC - from mc-13->source-1 "178" 23:48:45.969121503
[2023-06-27T23:48:48Z INFO  dt_instance] received at 2023-06-27 23:48:48.479813427 UTC - from mc-13->source-1 "183" 23:48:48.477800243
[2023-06-27T23:48:50Z INFO  dt_instance] received at 2023-06-27 23:48:50.985034271 UTC - from mc-13->source-1 "188" 23:48:50.983124273
[2023-06-27T23:48:53Z INFO  dt_instance] received at 2023-06-27 23:48:53.490797294 UTC - from mc-13->source-1 "193" 23:48:53.489491096
[2023-06-27T23:48:55Z INFO  dt_instance] received at 2023-06-27 23:48:55.996452262 UTC - from mc-13->source-1 "198" 23:48:55.995497320
[2023-06-27T23:48:58Z INFO  dt_instance] received at 2023-06-27 23:48:58.503996394 UTC - from mc-13->source-1 "203" 23:48:58.500701965
[2023-06-27T23:49:01Z INFO  dt_instance] received at 2023-06-27 23:49:01.013358114 UTC - from mc-13->source-1 "208" 23:49:01.007106732
[2023-06-27T23:49:03Z INFO  dt_instance] received at 2023-06-27 23:49:03.514595233 UTC - from mc-13->source-1 "213" 23:49:03.513392749
[2023-06-27T23:49:06Z INFO  dt_instance] received at 2023-06-27 23:49:06.022492835 UTC - from mc-13->source-1 "218" 23:49:06.018755194
[2023-06-27T23:49:08Z INFO  dt_instance] received at 2023-06-27 23:49:08.527618342 UTC - from mc-13->source-1 "223" 23:49:08.524626414
[2023-06-27T23:49:11Z INFO  dt_instance] received at 2023-06-27 23:49:11.032430140 UTC - from mc-13->source-1 "228" 23:49:11.031022902
[2023-06-27T23:49:13Z INFO  dt_instance] received at 2023-06-27 23:49:13.539377795 UTC - from mc-13->source-1 "233" 23:49:13.537987976
[2023-06-27T23:49:16Z INFO  dt_instance] received at 2023-06-27 23:49:16.055468028 UTC - from mc-13->source-1 "238" 23:49:16.045838979
[2023-06-27T23:49:18Z INFO  dt_instance] received at 2023-06-27 23:49:18.551494254 UTC - from mc-13->source-1 "243" 23:49:18.550247248
[2023-06-27T23:49:21Z INFO  dt_instance] received at 2023-06-27 23:49:21.057924311 UTC - from mc-13->source-1 "248" 23:49:21.056093504
[2023-06-27T23:49:23Z INFO  dt_instance] received at 2023-06-27 23:49:23.562779143 UTC - from mc-13->source-1 "253" 23:49:23.561702293
[2023-06-27T23:49:26Z INFO  dt_instance] received at 2023-06-27 23:49:26.068668492 UTC - from mc-13->source-1 "258" 23:49:26.066247527
[2023-06-27T23:49:28Z INFO  dt_instance] received at 2023-06-27 23:49:28.573803404 UTC - from mc-13->source-1 "263" 23:49:28.571426125
[2023-06-27T23:49:31Z INFO  dt_instance] received at 2023-06-27 23:49:31.080550864 UTC - from mc-13->source-1 "268" 23:49:31.078299550
[2023-06-27T23:49:33Z INFO  dt_instance] received at 2023-06-27 23:49:33.585001556 UTC - from mc-13->source-1 "273" 23:49:33.583567882
[2023-06-27T23:49:36Z INFO  dt_instance] received at 2023-06-27 23:49:36.092004274 UTC - from mc-13->source-1 "278" 23:49:36.088695708
[2023-06-27T23:49:38Z INFO  dt_instance] received at 2023-06-27 23:49:38.596568080 UTC - from mc-13->source-1 "283" 23:49:38.594442363
[2023-06-27T23:49:41Z INFO  dt_instance] received at 2023-06-27 23:49:41.101147292 UTC - from mc-13->source-1 "288" 23:49:41.100073512
[2023-06-27T23:49:43Z INFO  dt_instance] received at 2023-06-27 23:49:43.610359381 UTC - from mc-13->source-1 "293" 23:49:43.606156159
[2023-06-27T23:49:46Z INFO  dt_instance] received at 2023-06-27 23:49:46.115767503 UTC - from mc-13->source-1 "298" 23:49:46.111278044
[2023-06-27T23:49:48Z INFO  dt_instance] received at 2023-06-27 23:49:48.619060337 UTC - from mc-13->source-1 "303" 23:49:48.617642401
[2023-06-27T23:49:51Z INFO  dt_instance] received at 2023-06-27 23:49:51.124191749 UTC - from mc-13->source-1 "308" 23:49:51.122280141
[2023-06-27T23:49:53Z INFO  dt_instance] received at 2023-06-27 23:49:53.631170786 UTC - from mc-13->source-1 "313" 23:49:53.628540362
[2023-06-27T23:49:56Z INFO  dt_instance] received at 2023-06-27 23:49:56.135794771 UTC - from mc-13->source-1 "318" 23:49:56.133752100
[2023-06-27T23:49:58Z INFO  dt_instance] received at 2023-06-27 23:49:58.640839529 UTC - from mc-13->source-1 "323" 23:49:58.638308657
[2023-06-27T23:50:01Z INFO  dt_instance] received at 2023-06-27 23:50:01.146555124 UTC - from mc-13->source-1 "328" 23:50:01.144855818
[2023-06-27T23:50:03Z INFO  dt_instance] received at 2023-06-27 23:50:03.653661636 UTC - from mc-13->source-1 "333" 23:50:03.649434475
[2023-06-27T23:50:06Z INFO  dt_instance] received at 2023-06-27 23:50:06.157013943 UTC - from mc-13->source-1 "338" 23:50:06.155477950
[2023-06-27T23:50:08Z INFO  dt_instance] received at 2023-06-27 23:50:08.662771478 UTC - from mc-13->source-1 "343" 23:50:08.661187384
[2023-06-27T23:50:11Z INFO  dt_instance] received at 2023-06-27 23:50:11.169359297 UTC - from mc-13->source-1 "348" 23:50:11.167040871
[2023-06-27T23:50:13Z INFO  dt_instance] received at 2023-06-27 23:50:13.675185564 UTC - from mc-13->source-1 "353" 23:50:13.672337078
[2023-06-27T23:50:16Z INFO  dt_instance] received at 2023-06-27 23:50:16.179119995 UTC - from mc-13->source-1 "358" 23:50:16.178010232
[2023-06-27T23:50:18Z INFO  dt_instance] received at 2023-06-27 23:50:18.687534860 UTC - from mc-13->source-1 "363" 23:50:18.684563233
[2023-06-27T23:50:21Z INFO  dt_instance] received at 2023-06-27 23:50:21.190525109 UTC - from mc-13->source-5 "358" 23:50:21.189496391
[2023-06-27T23:50:23Z INFO  dt_instance] received at 2023-06-27 23:50:23.697769622 UTC - from mc-13->source-9 "353" 23:50:23.696202322
[2023-06-27T23:50:26Z INFO  dt_instance] received at 2023-06-27 23:50:26.204361619 UTC - from mc-13->source-1 "378" 23:50:26.203002478
[2023-06-27T23:50:28Z INFO  dt_instance] received at 2023-06-27 23:50:28.717208899 UTC - from mc-13->source-1 "383" 23:50:28.709882929
[2023-06-27T23:50:31Z INFO  dt_instance] received at 2023-06-27 23:50:31.218290514 UTC - from mc-13->source-5 "378" 23:50:31.216168693
[2023-06-27T23:50:33Z INFO  dt_instance] received at 2023-06-27 23:50:33.737304553 UTC - from mc-13->source-5 "383" 23:50:33.722537672
[2023-06-27T23:50:36Z INFO  dt_instance] received at 2023-06-27 23:50:36.229543104 UTC - from mc-13->source-5 "388" 23:50:36.228146976
[2023-06-27T23:50:38Z INFO  dt_instance] received at 2023-06-27 23:50:38.738715929 UTC - from mc-13->source-5 "393" 23:50:38.734928543
[2023-06-27T23:50:41Z INFO  dt_instance] received at 2023-06-27 23:50:41.242661853 UTC - from mc-13->source-5 "398" 23:50:41.241208028
[2023-06-27T23:50:43Z INFO  dt_instance] received at 2023-06-27 23:50:43.747951229 UTC - from mc-13->source-5 "403" 23:50:43.747026084
[2023-06-27T23:50:46Z INFO  dt_instance] received at 2023-06-27 23:50:46.255420980 UTC - from mc-13->source-5 "408" 23:50:46.253938679
[2023-06-27T23:50:48Z INFO  dt_instance] received at 2023-06-27 23:50:48.764622343 UTC - from mc-13->source-5 "413" 23:50:48.759623507
[2023-06-27T23:50:51Z INFO  dt_instance] received at 2023-06-27 23:50:51.267633811 UTC - from mc-13->source-5 "418" 23:50:51.265683361
[2023-06-27T23:50:53Z INFO  dt_instance] received at 2023-06-27 23:50:53.772627517 UTC - from mc-13->source-5 "423" 23:50:53.771277408
[2023-06-27T23:50:56Z INFO  dt_instance] received at 2023-06-27 23:50:56.280748020 UTC - from mc-13->source-5 "428" 23:50:56.277490482
[2023-06-27T23:50:58Z INFO  dt_instance] received at 2023-06-27 23:50:58.802959889 UTC - from mc-13->source-5 "433" 23:50:58.783292885
[2023-06-27T23:51:01Z INFO  dt_instance] received at 2023-06-27 23:51:01.289648252 UTC - from mc-13->source-5 "438" 23:51:01.288602890
[2023-06-27T23:51:03Z INFO  dt_instance] received at 2023-06-27 23:51:03.794172285 UTC - from mc-13->source-5 "443" 23:51:03.793374312
[2023-06-27T23:51:06Z INFO  dt_instance] received at 2023-06-27 23:51:06.302523098 UTC - from mc-13->source-5 "448" 23:51:06.298903025
[2023-06-27T23:51:08Z INFO  dt_instance] received at 2023-06-27 23:51:08.808844834 UTC - from mc-13->source-5 "453" 23:51:08.808109075
[2023-06-27T23:51:11Z INFO  dt_instance] received at 2023-06-27 23:51:11.316974589 UTC - from mc-13->source-5 "458" 23:51:11.315536929
[2023-06-27T23:51:13Z INFO  dt_instance] received at 2023-06-27 23:51:13.823204518 UTC - from mc-13->source-5 "463" 23:51:13.821485331
[2023-06-27T23:51:16Z INFO  dt_instance] received at 2023-06-27 23:51:16.329399625 UTC - from mc-13->source-5 "468" 23:51:16.328524562
[2023-06-27T23:51:18Z INFO  dt_instance] received at 2023-06-27 23:51:18.835057599 UTC - from mc-13->source-5 "473" 23:51:18.834063855
[2023-06-27T23:51:21Z INFO  dt_instance] received at 2023-06-27 23:51:21.347019653 UTC - from mc-13->source-9 "468" 23:51:21.344678253
[2023-06-27T23:51:23Z INFO  dt_instance] received at 2023-06-27 23:51:23.851429791 UTC - from mc-13->source-9 "473" 23:51:23.850064180
[2023-06-27T23:51:26Z INFO  dt_instance] received at 2023-06-27 23:51:26.369155162 UTC - from mc-13->source-9 "478" 23:51:26.365693006
[2023-06-27T23:51:28Z INFO  dt_instance] received at 2023-06-27 23:51:28.872858545 UTC - from mc-13->source-9 "483" 23:51:28.871575145
[2023-06-27T23:51:31Z INFO  dt_instance] received at 2023-06-27 23:51:31.398877190 UTC - from mc-13->source-9 "488" 23:51:31.378732627
[2023-06-27T23:51:33Z INFO  dt_instance] received at 2023-06-27 23:51:33.886963839 UTC - from mc-13->source-1 "513" 23:51:33.885585428
[2023-06-27T23:51:36Z INFO  dt_instance] received at 2023-06-27 23:51:36.393306071 UTC - from mc-13->source-1 "518" 23:51:36.390871191
[2023-06-27T23:51:38Z INFO  dt_instance] received at 2023-06-27 23:51:38.909128946 UTC - from mc-13->source-1 "523" 23:51:38.897809083
[2023-06-27T23:51:41Z INFO  dt_instance] received at 2023-06-27 23:51:41.403505990 UTC - from mc-13->source-1 "528" 23:51:41.402071635
[2023-06-27T23:51:43Z INFO  dt_instance] received at 2023-06-27 23:51:43.910483504 UTC - from mc-13->source-5 "523" 23:51:43.907540641
[2023-06-27T23:51:46Z INFO  dt_instance] received at 2023-06-27 23:51:46.415747259 UTC - from mc-13->source-1 "538" 23:51:46.413441229
[2023-06-27T23:51:48Z INFO  dt_instance] received at 2023-06-27 23:51:48.922058509 UTC - from mc-13->source-5 "533" 23:51:48.918369958
[2023-06-27T23:51:51Z INFO  dt_instance] received at 2023-06-27 23:51:51.425989062 UTC - from mc-13->source-5 "538" 23:51:51.424441156
[2023-06-27T23:51:53Z INFO  dt_instance] received at 2023-06-27 23:51:53.933652280 UTC - from mc-13->source-9 "533" 23:51:53.931102348
[2023-06-27T23:51:56Z INFO  dt_instance] received at 2023-06-27 23:51:56.440212081 UTC - from mc-13->source-9 "538" 23:51:56.438416651
[2023-06-27T23:51:58Z INFO  dt_instance] received at 2023-06-27 23:51:58.945816428 UTC - from mc-13->source-9 "543" 23:51:58.944176691
[2023-06-27T23:52:01Z INFO  dt_instance] received at 2023-06-27 23:52:01.450580567 UTC - from mc-13->source-9 "548" 23:52:01.449338398
[2023-06-27T23:52:03Z INFO  dt_instance] received at 2023-06-27 23:52:03.960610623 UTC - from mc-13->source-9 "553" 23:52:03.958367498
[2023-06-27T23:52:06Z INFO  dt_instance] received at 2023-06-27 23:52:06.474228478 UTC - from mc-13->source-1 "578" 23:52:06.464671572
[2023-06-27T23:52:08Z INFO  dt_instance] received at 2023-06-27 23:52:08.978757637 UTC - from mc-13->source-9 "563" 23:52:08.970439100
[2023-06-27T23:52:11Z INFO  dt_instance] received at 2023-06-27 23:52:11.478866923 UTC - from mc-13->source-1 "588" 23:52:11.476514946
[2023-06-27T23:52:13Z INFO  dt_instance] received at 2023-06-27 23:52:13.986056236 UTC - from mc-13->source-5 "583" 23:52:13.982128747
[2023-06-27T23:52:16Z INFO  dt_instance] received at 2023-06-27 23:52:16.492979488 UTC - from mc-13->source-1 "598" 23:52:16.487853926
[2023-06-27T23:52:18Z INFO  dt_instance] received at 2023-06-27 23:52:18.995995964 UTC - from mc-13->source-5 "593" 23:52:18.993637711
[2023-06-27T23:52:21Z INFO  dt_instance] received at 2023-06-27 23:52:21.500788174 UTC - from mc-13->source-9 "588" 23:52:21.499754496
[2023-06-27T23:52:24Z INFO  dt_instance] received at 2023-06-27 23:52:24.012820460 UTC - from mc-13->source-9 "593" 23:52:24.011642820
[2023-06-27T23:52:26Z INFO  dt_instance] received at 2023-06-27 23:52:26.519877957 UTC - from mc-13->source-5 "608" 23:52:26.518471003
[2023-06-27T23:52:29Z INFO  dt_instance] received at 2023-06-27 23:52:29.028236104 UTC - from mc-13->source-1 "623" 23:52:29.026752713
[2023-06-27T23:52:31Z INFO  dt_instance] received at 2023-06-27 23:52:31.534196826 UTC - from mc-13->source-9 "608" 23:52:31.531144404
[2023-06-27T23:52:34Z INFO  dt_instance] received at 2023-06-27 23:52:34.038763673 UTC - from mc-13->source-5 "623" 23:52:34.037035771
[2023-06-27T23:52:36Z INFO  dt_instance] received at 2023-06-27 23:52:36.554451852 UTC - from mc-13->source-5 "628" 23:52:36.543372891
[2023-06-27T23:52:39Z INFO  dt_instance] received at 2023-06-27 23:52:39.059606147 UTC - from mc-13->source-5 "633" 23:52:39.057942939
[2023-06-27T23:52:41Z INFO  dt_instance] received at 2023-06-27 23:52:41.565234862 UTC - from mc-13->source-5 "638" 23:52:41.563105411
[2023-06-27T23:52:44Z INFO  dt_instance] received at 2023-06-27 23:52:44.072301451 UTC - from mc-13->source-5 "643" 23:52:44.068579743
[2023-06-27T23:52:46Z INFO  dt_instance] received at 2023-06-27 23:52:46.577427505 UTC - from mc-13->source-5 "648" 23:52:46.574940651
[2023-06-27T23:52:49Z INFO  dt_instance] received at 2023-06-27 23:52:49.081677496 UTC - from mc-13->source-5 "653" 23:52:49.080402453
[2023-06-27T23:52:51Z INFO  dt_instance] received at 2023-06-27 23:52:51.587111800 UTC - from mc-13->source-5 "658" 23:52:51.586051641
[2023-06-27T23:52:54Z INFO  dt_instance] received at 2023-06-27 23:52:54.093327186 UTC - from mc-13->source-5 "663" 23:52:54.092083424
[2023-06-27T23:52:56Z INFO  dt_instance] received at 2023-06-27 23:52:56.600332569 UTC - from mc-13->source-5 "668" 23:52:56.598852066
[2023-06-27T23:52:59Z INFO  dt_instance] received at 2023-06-27 23:52:59.107120123 UTC - from mc-13->source-5 "673" 23:52:59.103865417
[2023-06-27T23:53:01Z INFO  dt_instance] received at 2023-06-27 23:53:01.614160295 UTC - from mc-13->source-5 "678" 23:53:01.612080248
[2023-06-27T23:53:04Z INFO  dt_instance] received at 2023-06-27 23:53:04.118955748 UTC - from mc-13->source-5 "683" 23:53:04.117873576
[2023-06-27T23:53:06Z INFO  dt_instance] received at 2023-06-27 23:53:06.624717195 UTC - from mc-13->source-5 "688" 23:53:06.623642262
[2023-06-27T23:53:09Z INFO  dt_instance] received at 2023-06-27 23:53:09.130414566 UTC - from mc-13->source-5 "693" 23:53:09.129314754
[2023-06-27T23:53:11Z INFO  dt_instance] received at 2023-06-27 23:53:11.639536650 UTC - from mc-13->source-5 "698" 23:53:11.638350429
[2023-06-27T23:53:14Z INFO  dt_instance] received at 2023-06-27 23:53:14.145700132 UTC - from mc-13->source-5 "703" 23:53:14.144352140
[2023-06-27T23:53:16Z INFO  dt_instance] received at 2023-06-27 23:53:16.657064300 UTC - from mc-13->source-5 "708" 23:53:16.649336675
[2023-06-27T23:53:19Z INFO  dt_instance] received at 2023-06-27 23:53:19.156459312 UTC - from mc-13->source-5 "713" 23:53:19.154364678
[2023-06-27T23:53:21Z INFO  dt_instance] received at 2023-06-27 23:53:21.663615969 UTC - from mc-13->source-5 "718" 23:53:21.662416220
[2023-06-27T23:53:24Z INFO  dt_instance] received at 2023-06-27 23:53:24.169527998 UTC - from mc-13->source-5 "723" 23:53:24.168347648
[2023-06-27T23:53:26Z INFO  dt_instance] received at 2023-06-27 23:53:26.675202577 UTC - from mc-13->source-5 "728" 23:53:26.674422429
[2023-06-27T23:53:29Z INFO  dt_instance] received at 2023-06-27 23:53:29.181570868 UTC - from mc-13->source-5 "733" 23:53:29.180533013
[2023-06-27T23:53:31Z INFO  dt_instance] received at 2023-06-27 23:53:31.687026285 UTC - from mc-13->source-5 "738" 23:53:31.685728123
[2023-06-27T23:53:34Z INFO  dt_instance] received at 2023-06-27 23:53:34.192498141 UTC - from mc-13->source-5 "743" 23:53:34.190720080
[2023-06-27T23:53:36Z INFO  dt_instance] received at 2023-06-27 23:53:36.697076056 UTC - from mc-13->source-5 "748" 23:53:36.696127693
[2023-06-27T23:53:39Z INFO  dt_instance] received at 2023-06-27 23:53:39.202380246 UTC - from mc-13->source-5 "753" 23:53:39.201345219
[2023-06-27T23:53:41Z INFO  dt_instance] received at 2023-06-27 23:53:41.707131600 UTC - from mc-13->source-5 "758" 23:53:41.706052940
[2023-06-27T23:53:44Z INFO  dt_instance] received at 2023-06-27 23:53:44.212330727 UTC - from mc-13->source-5 "763" 23:53:44.211485923
[2023-06-27T23:53:46Z INFO  dt_instance] received at 2023-06-27 23:53:46.718029568 UTC - from mc-13->source-5 "768" 23:53:46.716916080
[2023-06-27T23:53:49Z INFO  dt_instance] received at 2023-06-27 23:53:49.224697297 UTC - from mc-13->source-5 "773" 23:53:49.221958612
[2023-06-27T23:53:51Z INFO  dt_instance] received at 2023-06-27 23:53:51.728290692 UTC - from mc-13->source-5 "778" 23:53:51.727285428
[2023-06-27T23:53:54Z INFO  dt_instance] received at 2023-06-27 23:53:54.235070266 UTC - from mc-13->source-5 "783" 23:53:54.233754371
[2023-06-27T23:53:56Z INFO  dt_instance] received at 2023-06-27 23:53:56.741710266 UTC - from mc-13->source-5 "788" 23:53:56.739067735
[2023-06-27T23:53:59Z INFO  dt_instance] received at 2023-06-27 23:53:59.245125750 UTC - from mc-13->source-5 "793" 23:53:59.244126105
[2023-06-27T23:54:01Z INFO  dt_instance] received at 2023-06-27 23:54:01.761139840 UTC - from mc-13->source-9 "788" 23:54:01.748559381
[2023-06-27T23:54:04Z INFO  dt_instance] received at 2023-06-27 23:54:04.256388838 UTC - from mc-13->source-5 "803" 23:54:04.255404030
[2023-06-27T23:54:06Z INFO  dt_instance] received at 2023-06-27 23:54:06.763988771 UTC - from mc-13->source-5 "808" 23:54:06.763016551
[2023-06-27T23:54:09Z INFO  dt_instance] received at 2023-06-27 23:54:09.271573560 UTC - from mc-13->source-3 "818" 23:54:09.267476696
[2023-06-27T23:54:11Z INFO  dt_instance] received at 2023-06-27 23:54:11.775249361 UTC - from mc-13->source-3 "823" 23:54:11.773140469
[2023-06-27T23:54:14Z INFO  dt_instance] received at 2023-06-27 23:54:14.281195560 UTC - from mc-13->source-5 "823" 23:54:14.280161640
[2023-06-27T23:54:16Z INFO  dt_instance] received at 2023-06-27 23:54:16.788303046 UTC - from mc-13->source-1 "838" 23:54:16.787176203
[2023-06-27T23:54:19Z INFO  dt_instance] received at 2023-06-27 23:54:19.294628350 UTC - from mc-13->source-3 "838" 23:54:19.293182878
[2023-06-27T23:54:21Z INFO  dt_instance] received at 2023-06-27 23:54:21.800408655 UTC - from mc-13->source-5 "838" 23:54:21.799114583
[2023-06-27T23:54:24Z INFO  dt_instance] received at 2023-06-27 23:54:24.309314164 UTC - from mc-13->source-9 "833" 23:54:24.306187039
[2023-06-27T23:54:26Z INFO  dt_instance] received at 2023-06-27 23:54:26.814767266 UTC - from mc-13->source-9 "838" 23:54:26.813107573
[2023-06-27T23:54:29Z INFO  dt_instance] received at 2023-06-27 23:54:29.321069397 UTC - from mc-13->source-1 "863" 23:54:29.319786351
[2023-06-27T23:54:31Z INFO  dt_instance] received at 2023-06-27 23:54:31.828056363 UTC - from mc-13->source-3 "863" 23:54:31.826808669
[2023-06-27T23:54:34Z INFO  dt_instance] received at 2023-06-27 23:54:34.333655903 UTC - from mc-13->source-3 "868" 23:54:34.332261649
[2023-06-27T23:54:36Z INFO  dt_instance] received at 2023-06-27 23:54:36.839963670 UTC - from mc-13->source-9 "858" 23:54:36.838817810
[2023-06-27T23:54:39Z INFO  dt_instance] received at 2023-06-27 23:54:39.345447468 UTC - from mc-13->source-5 "873" 23:54:39.344594410
[2023-06-27T23:54:41Z INFO  dt_instance] received at 2023-06-27 23:54:41.865219277 UTC - from mc-13->source-9 "868" 23:54:41.861296272
[2023-06-27T23:54:44Z INFO  dt_instance] received at 2023-06-27 23:54:44.369302232 UTC - from mc-13->source-9 "873" 23:54:44.368179683
[2023-06-27T23:54:46Z INFO  dt_instance] received at 2023-06-27 23:54:46.874844071 UTC - from mc-13->source-9 "878" 23:54:46.873297069
[2023-06-27T23:54:49Z INFO  dt_instance] received at 2023-06-27 23:54:49.379697464 UTC - from mc-13->source-1 "903" 23:54:49.378359485
[2023-06-27T23:54:51Z INFO  dt_instance] received at 2023-06-27 23:54:51.887849233 UTC - from mc-13->source-9 "888" 23:54:51.886345700
[2023-06-27T23:54:54Z INFO  dt_instance] received at 2023-06-27 23:54:54.392764801 UTC - from mc-13->source-5 "903" 23:54:54.391528064
[2023-06-27T23:54:56Z INFO  dt_instance] received at 2023-06-27 23:54:56.899211321 UTC - from mc-13->source-9 "898" 23:54:56.898119962
[2023-06-27T23:54:59Z INFO  dt_instance] received at 2023-06-27 23:54:59.404550510 UTC - from mc-13->source-5 "913" 23:54:59.403102853
[2023-06-27T23:55:01Z INFO  dt_instance] received at 2023-06-27 23:55:01.910157687 UTC - from mc-13->source-1 "928" 23:55:01.909234359
[2023-06-27T23:55:04Z INFO  dt_instance] received at 2023-06-27 23:55:04.415212817 UTC - from mc-13->source-5 "923" 23:55:04.414065166
[2023-06-27T23:55:06Z INFO  dt_instance] received at 2023-06-27 23:55:06.921227275 UTC - from mc-13->source-5 "928" 23:55:06.920366827
[2023-06-27T23:55:09Z INFO  dt_instance] received at 2023-06-27 23:55:09.435789113 UTC - from mc-13->source-1 "943" 23:55:09.434063316
[2023-06-27T23:55:11Z INFO  dt_instance] received at 2023-06-27 23:55:11.941633189 UTC - from mc-13->source-1 "948" 23:55:11.940120415
[2023-06-27T23:55:14Z INFO  dt_instance] received at 2023-06-27 23:55:14.446405951 UTC - from mc-13->source-1 "953" 23:55:14.445630168
[2023-06-27T23:55:16Z INFO  dt_instance] received at 2023-06-27 23:55:16.952790876 UTC - from mc-13->source-1 "958" 23:55:16.951804622
[2023-06-27T23:55:19Z INFO  dt_instance] received at 2023-06-27 23:55:19.458185418 UTC - from mc-13->source-1 "963" 23:55:19.457011118
[2023-06-27T23:55:21Z INFO  dt_instance] received at 2023-06-27 23:55:21.964697848 UTC - from mc-13->source-1 "968" 23:55:21.963776076
[2023-06-27T23:55:24Z INFO  dt_instance] received at 2023-06-27 23:55:24.473724267 UTC - from mc-13->source-1 "973" 23:55:24.472796513
[2023-06-27T23:55:26Z INFO  dt_instance] received at 2023-06-27 23:55:26.979126782 UTC - from mc-13->source-1 "978" 23:55:26.978002538
[2023-06-27T23:55:29Z INFO  dt_instance] received at 2023-06-27 23:55:29.485332132 UTC - from mc-13->source-1 "983" 23:55:29.484362742
[2023-06-27T23:55:31Z INFO  dt_instance] received at 2023-06-27 23:55:31.990230190 UTC - from mc-13->source-1 "988" 23:55:31.989101525
[2023-06-27T23:55:34Z INFO  dt_instance] received at 2023-06-27 23:55:34.495770034 UTC - from mc-13->source-1 "993" 23:55:34.494509683
[2023-06-27T23:55:37Z INFO  dt_instance] received at 2023-06-27 23:55:37.216272858 UTC - from mc-13->source-2 "996" 23:55:37.215357928
[2023-06-27T23:55:40Z INFO  dt_instance] received at 2023-06-27 23:55:40.488720728 UTC - from mc-13->source-7 "990" 23:55:40.486113049
[2023-06-27T23:55:47Z INFO  dt_instance] received at 2023-06-27 23:55:47.524007911 UTC - from mc-13->source-9 "999" 23:55:47.522505446
