[2023-06-27T23:34:48Z INFO  dt_instance] Current Twin: mc-twin-4
[2023-06-27T23:34:48Z INFO  dt_instance] Replica Name twin-mc-stateful-4
[2023-06-27T23:34:48Z INFO  dt_instance] Sleeping for 200
[2023-06-27T23:38:08Z INFO  dt_instance] Connecting to broker at emqx.dtwins:1883
[2023-06-27T23:38:08Z INFO  dt_instance] Loggin info each 50 messages
[2023-06-27T23:38:08Z INFO  dt_instance] Set max packet size to 60000 KB.
[2023-06-27T23:38:08Z INFO  dt_instance] Refreshing topics for twin - Listen to mc-4/#
[2023-06-27T23:38:08Z INFO  dt_instance] SubAck { pkid: 1, return_codes: [Success(ExactlyOnce)] }
[2023-06-27T23:39:16Z INFO  dt_instance] received at 2023-06-27 23:39:16.568762316 UTC - from mc-4->source-2 "9" 23:39:16.566343738
[2023-06-27T23:39:19Z INFO  dt_instance] received at 2023-06-27 23:39:19.820253253 UTC - from mc-4->source-3 "13" 23:39:19.819343854
[2023-06-27T23:39:22Z INFO  dt_instance] received at 2023-06-27 23:39:22.331484189 UTC - from mc-4->source-1 "23" 23:39:22.330431244
[2023-06-27T23:39:24Z INFO  dt_instance] received at 2023-06-27 23:39:24.835805696 UTC - from mc-4->source-1 "28" 23:39:24.834726548
[2023-06-27T23:39:27Z INFO  dt_instance] received at 2023-06-27 23:39:27.340956211 UTC - from mc-4->source-1 "33" 23:39:27.340136428
[2023-06-27T23:39:29Z INFO  dt_instance] received at 2023-06-27 23:39:29.849081395 UTC - from mc-4->source-1 "38" 23:39:29.846347640
[2023-06-27T23:39:32Z INFO  dt_instance] received at 2023-06-27 23:39:32.353839645 UTC - from mc-4->source-1 "43" 23:39:32.350855112
[2023-06-27T23:39:34Z INFO  dt_instance] received at 2023-06-27 23:39:34.858812930 UTC - from mc-4->source-1 "48" 23:39:34.857955632
[2023-06-27T23:39:37Z INFO  dt_instance] received at 2023-06-27 23:39:37.364978157 UTC - from mc-4->source-1 "53" 23:39:37.364148508
[2023-06-27T23:39:39Z INFO  dt_instance] received at 2023-06-27 23:39:39.869570034 UTC - from mc-4->source-1 "58" 23:39:39.868724367
[2023-06-27T23:39:42Z INFO  dt_instance] received at 2023-06-27 23:39:42.378101330 UTC - from mc-4->source-1 "63" 23:39:42.375140915
[2023-06-27T23:39:44Z INFO  dt_instance] received at 2023-06-27 23:39:44.881299007 UTC - from mc-4->source-1 "68" 23:39:44.880372483
[2023-06-27T23:39:47Z INFO  dt_instance] received at 2023-06-27 23:39:47.385723661 UTC - from mc-4->source-1 "73" 23:39:47.384975742
[2023-06-27T23:39:49Z INFO  dt_instance] received at 2023-06-27 23:39:49.890782664 UTC - from mc-4->source-1 "78" 23:39:49.889878398
[2023-06-27T23:39:52Z INFO  dt_instance] received at 2023-06-27 23:39:52.397477291 UTC - from mc-4->source-1 "83" 23:39:52.396286210
[2023-06-27T23:39:54Z INFO  dt_instance] received at 2023-06-27 23:39:54.902929424 UTC - from mc-4->source-1 "88" 23:39:54.901816139
[2023-06-27T23:39:57Z INFO  dt_instance] received at 2023-06-27 23:39:57.409220544 UTC - from mc-4->source-1 "93" 23:39:57.408193307
[2023-06-27T23:39:59Z INFO  dt_instance] received at 2023-06-27 23:39:59.913846191 UTC - from mc-4->source-1 "98" 23:39:59.912898097
[2023-06-27T23:40:02Z INFO  dt_instance] received at 2023-06-27 23:40:02.418494082 UTC - from mc-4->source-1 "103" 23:40:02.417681011
[2023-06-27T23:40:04Z INFO  dt_instance] received at 2023-06-27 23:40:04.925339909 UTC - from mc-4->source-1 "108" 23:40:04.924483165
[2023-06-27T23:40:07Z INFO  dt_instance] received at 2023-06-27 23:40:07.431336173 UTC - from mc-4->source-1 "113" 23:40:07.429485640
[2023-06-27T23:40:09Z INFO  dt_instance] received at 2023-06-27 23:40:09.937443507 UTC - from mc-4->source-1 "118" 23:40:09.936414696
[2023-06-27T23:40:12Z INFO  dt_instance] received at 2023-06-27 23:40:12.442443130 UTC - from mc-4->source-3 "118" 23:40:12.441071572
[2023-06-27T23:40:14Z INFO  dt_instance] received at 2023-06-27 23:40:14.948386570 UTC - from mc-4->source-1 "128" 23:40:14.947270592
[2023-06-27T23:40:17Z INFO  dt_instance] received at 2023-06-27 23:40:17.454940280 UTC - from mc-4->source-3 "128" 23:40:17.453945525
[2023-06-27T23:40:19Z INFO  dt_instance] received at 2023-06-27 23:40:19.962544836 UTC - from mc-4->source-1 "138" 23:40:19.961671568
[2023-06-27T23:40:22Z INFO  dt_instance] received at 2023-06-27 23:40:22.469993573 UTC - from mc-4->source-1 "143" 23:40:22.467095222
[2023-06-27T23:40:24Z INFO  dt_instance] received at 2023-06-27 23:40:24.974849524 UTC - from mc-4->source-3 "143" 23:40:24.973680104
[2023-06-27T23:40:27Z INFO  dt_instance] received at 2023-06-27 23:40:27.480308875 UTC - from mc-4->source-3 "148" 23:40:27.479146150
[2023-06-27T23:40:29Z INFO  dt_instance] received at 2023-06-27 23:40:29.985209095 UTC - from mc-4->source-3 "153" 23:40:29.984093249
[2023-06-27T23:40:32Z INFO  dt_instance] received at 2023-06-27 23:40:32.496137060 UTC - from mc-4->source-1 "163" 23:40:32.495171580
[2023-06-27T23:40:35Z INFO  dt_instance] received at 2023-06-27 23:40:35.001510134 UTC - from mc-4->source-3 "163" 23:40:35.000659856
[2023-06-27T23:40:37Z INFO  dt_instance] received at 2023-06-27 23:40:37.507396 UTC - from mc-4->source-3 "168" 23:40:37.506271081
[2023-06-27T23:40:40Z INFO  dt_instance] received at 2023-06-27 23:40:40.013760503 UTC - from mc-4->source-3 "173" 23:40:40.012406114
[2023-06-27T23:40:42Z INFO  dt_instance] received at 2023-06-27 23:40:42.519362650 UTC - from mc-4->source-3 "178" 23:40:42.517937441
[2023-06-27T23:40:45Z INFO  dt_instance] received at 2023-06-27 23:40:45.025891077 UTC - from mc-4->source-3 "183" 23:40:45.024485507
[2023-06-27T23:40:47Z INFO  dt_instance] received at 2023-06-27 23:40:47.530907431 UTC - from mc-4->source-1 "193" 23:40:47.529827121
[2023-06-27T23:40:50Z INFO  dt_instance] received at 2023-06-27 23:40:50.035992997 UTC - from mc-4->source-1 "198" 23:40:50.034735065
[2023-06-27T23:40:52Z INFO  dt_instance] received at 2023-06-27 23:40:52.541674630 UTC - from mc-4->source-3 "198" 23:40:52.540697908
[2023-06-27T23:40:55Z INFO  dt_instance] received at 2023-06-27 23:40:55.047540028 UTC - from mc-4->source-3 "203" 23:40:55.046440693
[2023-06-27T23:40:57Z INFO  dt_instance] received at 2023-06-27 23:40:57.552662035 UTC - from mc-4->source-3 "208" 23:40:57.551743602
[2023-06-27T23:41:00Z INFO  dt_instance] received at 2023-06-27 23:41:00.061613115 UTC - from mc-4->source-3 "213" 23:41:00.060777334
[2023-06-27T23:41:02Z INFO  dt_instance] received at 2023-06-27 23:41:02.567131796 UTC - from mc-4->source-1 "223" 23:41:02.565700207
[2023-06-27T23:41:05Z INFO  dt_instance] received at 2023-06-27 23:41:05.076236559 UTC - from mc-4->source-1 "228" 23:41:05.071323588
[2023-06-27T23:41:07Z INFO  dt_instance] received at 2023-06-27 23:41:07.577646664 UTC - from mc-4->source-3 "228" 23:41:07.576944627
[2023-06-27T23:41:10Z INFO  dt_instance] received at 2023-06-27 23:41:10.084057357 UTC - from mc-4->source-3 "233" 23:41:10.082159599
[2023-06-27T23:41:12Z INFO  dt_instance] received at 2023-06-27 23:41:12.590676234 UTC - from mc-4->source-1 "243" 23:41:12.589676201
[2023-06-27T23:41:15Z INFO  dt_instance] received at 2023-06-27 23:41:15.098001545 UTC - from mc-4->source-1 "248" 23:41:15.096517226
[2023-06-27T23:41:17Z INFO  dt_instance] received at 2023-06-27 23:41:17.618192184 UTC - from mc-4->source-1 "253" 23:41:17.604410591
[2023-06-27T23:41:20Z INFO  dt_instance] received at 2023-06-27 23:41:20.111106181 UTC - from mc-4->source-1 "258" 23:41:20.109582904
[2023-06-27T23:41:22Z INFO  dt_instance] received at 2023-06-27 23:41:22.617660115 UTC - from mc-4->source-1 "263" 23:41:22.616669807
[2023-06-27T23:41:25Z INFO  dt_instance] received at 2023-06-27 23:41:25.135901805 UTC - from mc-4->source-1 "268" 23:41:25.122522361
[2023-06-27T23:41:27Z INFO  dt_instance] received at 2023-06-27 23:41:27.628847972 UTC - from mc-4->source-1 "273" 23:41:27.627920113
[2023-06-27T23:41:30Z INFO  dt_instance] received at 2023-06-27 23:41:30.133987457 UTC - from mc-4->source-1 "278" 23:41:30.133163206
[2023-06-27T23:41:32Z INFO  dt_instance] received at 2023-06-27 23:41:32.640278150 UTC - from mc-4->source-1 "283" 23:41:32.638344442
[2023-06-27T23:41:35Z INFO  dt_instance] received at 2023-06-27 23:41:35.146965904 UTC - from mc-4->source-1 "288" 23:41:35.145633355
[2023-06-27T23:41:37Z INFO  dt_instance] received at 2023-06-27 23:41:37.653231547 UTC - from mc-4->source-1 "293" 23:41:37.652123956
[2023-06-27T23:41:40Z INFO  dt_instance] received at 2023-06-27 23:41:40.161469200 UTC - from mc-4->source-1 "298" 23:41:40.157612404
[2023-06-27T23:41:42Z INFO  dt_instance] received at 2023-06-27 23:41:42.664622170 UTC - from mc-4->source-1 "303" 23:41:42.662903703
[2023-06-27T23:41:45Z INFO  dt_instance] received at 2023-06-27 23:41:45.169623074 UTC - from mc-4->source-1 "308" 23:41:45.168315186
[2023-06-27T23:41:47Z INFO  dt_instance] received at 2023-06-27 23:41:47.675956005 UTC - from mc-4->source-1 "313" 23:41:47.675238418
[2023-06-27T23:41:50Z INFO  dt_instance] received at 2023-06-27 23:41:50.182397917 UTC - from mc-4->source-1 "318" 23:41:50.181397650
[2023-06-27T23:41:52Z INFO  dt_instance] received at 2023-06-27 23:41:52.687393518 UTC - from mc-4->source-1 "323" 23:41:52.685955193
[2023-06-27T23:41:55Z INFO  dt_instance] received at 2023-06-27 23:41:55.213814583 UTC - from mc-4->source-1 "328" 23:41:55.192167633
[2023-06-27T23:41:57Z INFO  dt_instance] received at 2023-06-27 23:41:57.698989166 UTC - from mc-4->source-1 "333" 23:41:57.697946734
[2023-06-27T23:42:00Z INFO  dt_instance] received at 2023-06-27 23:42:00.207604232 UTC - from mc-4->source-1 "338" 23:42:00.205268949
[2023-06-27T23:42:02Z INFO  dt_instance] received at 2023-06-27 23:42:02.713058527 UTC - from mc-4->source-1 "343" 23:42:02.711691770
[2023-06-27T23:42:05Z INFO  dt_instance] received at 2023-06-27 23:42:05.218694261 UTC - from mc-4->source-1 "348" 23:42:05.217795603
[2023-06-27T23:42:07Z INFO  dt_instance] received at 2023-06-27 23:42:07.726309896 UTC - from mc-4->source-1 "353" 23:42:07.725086629
[2023-06-27T23:42:10Z INFO  dt_instance] received at 2023-06-27 23:42:10.241249135 UTC - from mc-4->source-1 "358" 23:42:10.239557471
[2023-06-27T23:42:12Z INFO  dt_instance] received at 2023-06-27 23:42:12.752071250 UTC - from mc-4->source-1 "363" 23:42:12.750577083
[2023-06-27T23:42:15Z INFO  dt_instance] received at 2023-06-27 23:42:15.262482422 UTC - from mc-4->source-1 "368" 23:42:15.256425706
[2023-06-27T23:42:17Z INFO  dt_instance] received at 2023-06-27 23:42:17.765702042 UTC - from mc-4->source-1 "373" 23:42:17.763731787
[2023-06-27T23:42:20Z INFO  dt_instance] received at 2023-06-27 23:42:20.271171947 UTC - from mc-4->source-1 "378" 23:42:20.269913756
[2023-06-27T23:42:22Z INFO  dt_instance] received at 2023-06-27 23:42:22.776666353 UTC - from mc-4->source-1 "383" 23:42:22.775478879
[2023-06-27T23:42:25Z INFO  dt_instance] received at 2023-06-27 23:42:25.285182720 UTC - from mc-4->source-1 "388" 23:42:25.280705219
[2023-06-27T23:42:27Z INFO  dt_instance] received at 2023-06-27 23:42:27.787460053 UTC - from mc-4->source-1 "393" 23:42:27.786223327
[2023-06-27T23:42:30Z INFO  dt_instance] received at 2023-06-27 23:42:30.294634624 UTC - from mc-4->source-1 "398" 23:42:30.292946873
[2023-06-27T23:42:32Z INFO  dt_instance] received at 2023-06-27 23:42:32.799355616 UTC - from mc-4->source-1 "403" 23:42:32.798034860
[2023-06-27T23:42:35Z INFO  dt_instance] received at 2023-06-27 23:42:35.305411550 UTC - from mc-4->source-1 "408" 23:42:35.304446356
[2023-06-27T23:42:37Z INFO  dt_instance] received at 2023-06-27 23:42:37.811685904 UTC - from mc-4->source-1 "413" 23:42:37.810359047
[2023-06-27T23:42:40Z INFO  dt_instance] received at 2023-06-27 23:42:40.317084716 UTC - from mc-4->source-1 "418" 23:42:40.315025743
[2023-06-27T23:42:42Z INFO  dt_instance] received at 2023-06-27 23:42:42.823310658 UTC - from mc-4->source-1 "423" 23:42:42.822205831
[2023-06-27T23:42:45Z INFO  dt_instance] received at 2023-06-27 23:42:45.329423899 UTC - from mc-4->source-1 "428" 23:42:45.328155297
[2023-06-27T23:42:47Z INFO  dt_instance] received at 2023-06-27 23:42:47.838556384 UTC - from mc-4->source-1 "433" 23:42:47.835541611
[2023-06-27T23:42:50Z INFO  dt_instance] received at 2023-06-27 23:42:50.343012389 UTC - from mc-4->source-1 "438" 23:42:50.341254540
[2023-06-27T23:42:52Z INFO  dt_instance] received at 2023-06-27 23:42:52.849793770 UTC - from mc-4->source-1 "443" 23:42:52.847544600
[2023-06-27T23:42:55Z INFO  dt_instance] received at 2023-06-27 23:42:55.356459026 UTC - from mc-4->source-1 "448" 23:42:55.353763972
[2023-06-27T23:42:57Z INFO  dt_instance] received at 2023-06-27 23:42:57.863515530 UTC - from mc-4->source-9 "433" 23:42:57.860191913
[2023-06-27T23:43:00Z INFO  dt_instance] received at 2023-06-27 23:43:00.367132293 UTC - from mc-4->source-9 "438" 23:43:00.365123934
[2023-06-27T23:43:02Z INFO  dt_instance] received at 2023-06-27 23:43:02.873768393 UTC - from mc-4->source-1 "463" 23:43:02.871155814
[2023-06-27T23:43:05Z INFO  dt_instance] received at 2023-06-27 23:43:05.385408778 UTC - from mc-4->source-9 "448" 23:43:05.380514302
[2023-06-27T23:43:07Z INFO  dt_instance] received at 2023-06-27 23:43:07.888891329 UTC - from mc-4->source-9 "453" 23:43:07.887282025
[2023-06-27T23:43:10Z INFO  dt_instance] received at 2023-06-27 23:43:10.394889398 UTC - from mc-4->source-9 "458" 23:43:10.391740140
[2023-06-27T23:43:12Z INFO  dt_instance] received at 2023-06-27 23:43:12.901563451 UTC - from mc-4->source-9 "463" 23:43:12.898813114
[2023-06-27T23:43:15Z INFO  dt_instance] received at 2023-06-27 23:43:15.404554177 UTC - from mc-4->source-9 "468" 23:43:15.403791821
[2023-06-27T23:43:17Z INFO  dt_instance] received at 2023-06-27 23:43:17.911183641 UTC - from mc-4->source-9 "473" 23:43:17.909791094
[2023-06-27T23:43:20Z INFO  dt_instance] received at 2023-06-27 23:43:20.418017593 UTC - from mc-4->source-9 "478" 23:43:20.415644861
[2023-06-27T23:43:22Z INFO  dt_instance] received at 2023-06-27 23:43:22.922802633 UTC - from mc-4->source-5 "493" 23:43:22.920974135
[2023-06-27T23:43:25Z INFO  dt_instance] received at 2023-06-27 23:43:25.429687297 UTC - from mc-4->source-9 "488" 23:43:25.426803768
[2023-06-27T23:43:27Z INFO  dt_instance] received at 2023-06-27 23:43:27.941280596 UTC - from mc-4->source-9 "493" 23:43:27.937643200
[2023-06-27T23:43:30Z INFO  dt_instance] received at 2023-06-27 23:43:30.445571542 UTC - from mc-4->source-9 "498" 23:43:30.443681238
[2023-06-27T23:43:32Z INFO  dt_instance] received at 2023-06-27 23:43:32.951073284 UTC - from mc-4->source-9 "503" 23:43:32.949407161
[2023-06-27T23:43:35Z INFO  dt_instance] received at 2023-06-27 23:43:35.459099310 UTC - from mc-4->source-9 "508" 23:43:35.456472992
[2023-06-27T23:43:37Z INFO  dt_instance] received at 2023-06-27 23:43:37.963415270 UTC - from mc-4->source-9 "513" 23:43:37.962274430
[2023-06-27T23:43:40Z INFO  dt_instance] received at 2023-06-27 23:43:40.471762715 UTC - from mc-4->source-9 "518" 23:43:40.469098348
[2023-06-27T23:43:42Z INFO  dt_instance] received at 2023-06-27 23:43:42.976080249 UTC - from mc-4->source-9 "523" 23:43:42.974735485
[2023-06-27T23:43:45Z INFO  dt_instance] received at 2023-06-27 23:43:45.482451234 UTC - from mc-4->source-9 "528" 23:43:45.481547228
[2023-06-27T23:43:47Z INFO  dt_instance] received at 2023-06-27 23:43:47.996961065 UTC - from mc-4->source-9 "533" 23:43:47.987158187
[2023-06-27T23:43:50Z INFO  dt_instance] received at 2023-06-27 23:43:50.493392050 UTC - from mc-4->source-9 "538" 23:43:50.491880392
[2023-06-27T23:43:52Z INFO  dt_instance] received at 2023-06-27 23:43:52.998044551 UTC - from mc-4->source-9 "543" 23:43:52.997050298
[2023-06-27T23:43:55Z INFO  dt_instance] received at 2023-06-27 23:43:55.506089400 UTC - from mc-4->source-3 "563" 23:43:55.502737803
[2023-06-27T23:43:58Z INFO  dt_instance] received at 2023-06-27 23:43:58.016139635 UTC - from mc-4->source-3 "568" 23:43:58.014236343
[2023-06-27T23:44:00Z INFO  dt_instance] received at 2023-06-27 23:44:00.523200284 UTC - from mc-4->source-9 "558" 23:44:00.520538058
[2023-06-27T23:44:03Z INFO  dt_instance] received at 2023-06-27 23:44:03.030241116 UTC - from mc-4->source-3 "578" 23:44:03.026299513
[2023-06-27T23:44:05Z INFO  dt_instance] received at 2023-06-27 23:44:05.538155035 UTC - from mc-4->source-3 "583" 23:44:05.533738323
[2023-06-27T23:44:08Z INFO  dt_instance] received at 2023-06-27 23:44:08.044868203 UTC - from mc-4->source-3 "588" 23:44:08.041519004
[2023-06-27T23:44:10Z INFO  dt_instance] received at 2023-06-27 23:44:10.549813514 UTC - from mc-4->source-3 "593" 23:44:10.549170855
[2023-06-27T23:44:13Z INFO  dt_instance] received at 2023-06-27 23:44:13.057771261 UTC - from mc-4->source-3 "598" 23:44:13.055689445
[2023-06-27T23:44:15Z INFO  dt_instance] received at 2023-06-27 23:44:15.567037890 UTC - from mc-4->source-3 "603" 23:44:15.565934834
[2023-06-27T23:44:18Z INFO  dt_instance] received at 2023-06-27 23:44:18.075908575 UTC - from mc-4->source-3 "608" 23:44:18.071787511
[2023-06-27T23:44:20Z INFO  dt_instance] received at 2023-06-27 23:44:20.581159320 UTC - from mc-4->source-3 "613" 23:44:20.579637249
[2023-06-27T23:44:23Z INFO  dt_instance] received at 2023-06-27 23:44:23.089930785 UTC - from mc-4->source-3 "618" 23:44:23.085147833
[2023-06-27T23:44:25Z INFO  dt_instance] received at 2023-06-27 23:44:25.590917991 UTC - from mc-4->source-3 "623" 23:44:25.589823030
[2023-06-27T23:44:28Z INFO  dt_instance] received at 2023-06-27 23:44:28.108083523 UTC - from mc-4->source-3 "628" 23:44:28.097020377
[2023-06-27T23:44:30Z INFO  dt_instance] received at 2023-06-27 23:44:30.605643404 UTC - from mc-4->source-9 "618" 23:44:30.602159410
[2023-06-27T23:44:33Z INFO  dt_instance] received at 2023-06-27 23:44:33.110116096 UTC - from mc-4->source-3 "638" 23:44:33.108484680
[2023-06-27T23:44:35Z INFO  dt_instance] received at 2023-06-27 23:44:35.615139574 UTC - from mc-4->source-7 "633" 23:44:35.614259683
[2023-06-27T23:44:38Z INFO  dt_instance] received at 2023-06-27 23:44:38.123968956 UTC - from mc-4->source-7 "638" 23:44:38.118803871
[2023-06-27T23:44:40Z INFO  dt_instance] received at 2023-06-27 23:44:40.634323156 UTC - from mc-4->source-3 "653" 23:44:40.631996932
[2023-06-27T23:44:43Z INFO  dt_instance] received at 2023-06-27 23:44:43.140525088 UTC - from mc-4->source-3 "658" 23:44:43.138100534
[2023-06-27T23:44:45Z INFO  dt_instance] received at 2023-06-27 23:44:45.650830765 UTC - from mc-4->source-3 "663" 23:44:45.647971605
[2023-06-27T23:44:48Z INFO  dt_instance] received at 2023-06-27 23:44:48.162714114 UTC - from mc-4->source-9 "653" 23:44:48.153797339
[2023-06-27T23:44:50Z INFO  dt_instance] received at 2023-06-27 23:44:50.663198472 UTC - from mc-4->source-9 "658" 23:44:50.661005646
[2023-06-27T23:44:53Z INFO  dt_instance] received at 2023-06-27 23:44:53.173758673 UTC - from mc-4->source-9 "663" 23:44:53.169743480
[2023-06-27T23:44:55Z INFO  dt_instance] received at 2023-06-27 23:44:55.688014995 UTC - from mc-4->source-9 "668" 23:44:55.676555666
[2023-06-27T23:44:58Z INFO  dt_instance] received at 2023-06-27 23:44:58.185834159 UTC - from mc-4->source-9 "673" 23:44:58.181802845
[2023-06-27T23:45:00Z INFO  dt_instance] received at 2023-06-27 23:45:00.689163576 UTC - from mc-4->source-9 "678" 23:45:00.687688470
[2023-06-27T23:45:03Z INFO  dt_instance] received at 2023-06-27 23:45:03.196775944 UTC - from mc-4->source-9 "683" 23:45:03.192651539
[2023-06-27T23:45:05Z INFO  dt_instance] received at 2023-06-27 23:45:05.704296991 UTC - from mc-4->source-9 "688" 23:45:05.700337192
[2023-06-27T23:45:08Z INFO  dt_instance] received at 2023-06-27 23:45:08.211634679 UTC - from mc-4->source-9 "693" 23:45:08.205700860
[2023-06-27T23:45:10Z INFO  dt_instance] received at 2023-06-27 23:45:10.712589386 UTC - from mc-4->source-9 "698" 23:45:10.711310069
[2023-06-27T23:45:13Z INFO  dt_instance] received at 2023-06-27 23:45:13.220083086 UTC - from mc-4->source-9 "703" 23:45:13.218183751
[2023-06-27T23:45:15Z INFO  dt_instance] received at 2023-06-27 23:45:15.724485748 UTC - from mc-4->source-9 "708" 23:45:15.723374780
[2023-06-27T23:45:18Z INFO  dt_instance] received at 2023-06-27 23:45:18.229226427 UTC - from mc-4->source-9 "713" 23:45:18.228084331
[2023-06-27T23:45:20Z INFO  dt_instance] received at 2023-06-27 23:45:20.734951990 UTC - from mc-4->source-9 "718" 23:45:20.732851770
[2023-06-27T23:45:23Z INFO  dt_instance] received at 2023-06-27 23:45:23.242130438 UTC - from mc-4->source-3 "738" 23:45:23.239289649
[2023-06-27T23:45:25Z INFO  dt_instance] received at 2023-06-27 23:45:25.747117420 UTC - from mc-4->source-9 "728" 23:45:25.745035722
[2023-06-27T23:45:28Z INFO  dt_instance] received at 2023-06-27 23:45:28.252793385 UTC - from mc-4->source-9 "733" 23:45:28.251593422
[2023-06-27T23:45:30Z INFO  dt_instance] received at 2023-06-27 23:45:30.765472271 UTC - from mc-4->source-3 "753" 23:45:30.759628944
[2023-06-27T23:45:33Z INFO  dt_instance] received at 2023-06-27 23:45:33.266923021 UTC - from mc-4->source-3 "758" 23:45:33.265170615
[2023-06-27T23:45:35Z INFO  dt_instance] received at 2023-06-27 23:45:35.772346813 UTC - from mc-4->source-3 "763" 23:45:35.770679532
[2023-06-27T23:45:38Z INFO  dt_instance] received at 2023-06-27 23:45:38.279259309 UTC - from mc-4->source-3 "768" 23:45:38.277841342
[2023-06-27T23:45:40Z INFO  dt_instance] received at 2023-06-27 23:45:40.783975461 UTC - from mc-4->source-3 "773" 23:45:40.782665770
[2023-06-27T23:45:43Z INFO  dt_instance] received at 2023-06-27 23:45:43.292821641 UTC - from mc-4->source-3 "778" 23:45:43.288912993
[2023-06-27T23:45:45Z INFO  dt_instance] received at 2023-06-27 23:45:45.796093089 UTC - from mc-4->source-3 "783" 23:45:45.794560823
[2023-06-27T23:45:48Z INFO  dt_instance] received at 2023-06-27 23:45:48.301816855 UTC - from mc-4->source-3 "788" 23:45:48.299705330
[2023-06-27T23:45:50Z INFO  dt_instance] received at 2023-06-27 23:45:50.815925800 UTC - from mc-4->source-3 "793" 23:45:50.806718976
[2023-06-27T23:45:53Z INFO  dt_instance] received at 2023-06-27 23:45:53.315763976 UTC - from mc-4->source-3 "798" 23:45:53.312824608
[2023-06-27T23:45:55Z INFO  dt_instance] received at 2023-06-27 23:45:55.828473223 UTC - from mc-4->source-3 "803" 23:45:55.818725527
[2023-06-27T23:45:58Z INFO  dt_instance] received at 2023-06-27 23:45:58.325675862 UTC - from mc-4->source-3 "808" 23:45:58.323826162
[2023-06-27T23:46:00Z INFO  dt_instance] received at 2023-06-27 23:46:00.829537497 UTC - from mc-4->source-3 "813" 23:46:00.828615107
[2023-06-27T23:46:03Z INFO  dt_instance] received at 2023-06-27 23:46:03.335250381 UTC - from mc-4->source-3 "818" 23:46:03.334107553
[2023-06-27T23:46:05Z INFO  dt_instance] received at 2023-06-27 23:46:05.846214973 UTC - from mc-4->source-3 "823" 23:46:05.844739319
[2023-06-27T23:46:08Z INFO  dt_instance] received at 2023-06-27 23:46:08.356560069 UTC - from mc-4->source-3 "828" 23:46:08.350650758
[2023-06-27T23:46:10Z INFO  dt_instance] received at 2023-06-27 23:46:10.859405625 UTC - from mc-4->source-3 "833" 23:46:10.858502306
[2023-06-27T23:46:13Z INFO  dt_instance] received at 2023-06-27 23:46:13.365712455 UTC - from mc-4->source-3 "838" 23:46:13.364503906
[2023-06-27T23:46:15Z INFO  dt_instance] received at 2023-06-27 23:46:15.870806528 UTC - from mc-4->source-3 "843" 23:46:15.869735202
[2023-06-27T23:46:18Z INFO  dt_instance] received at 2023-06-27 23:46:18.376898208 UTC - from mc-4->source-3 "848" 23:46:18.375251900
[2023-06-27T23:46:20Z INFO  dt_instance] received at 2023-06-27 23:46:20.881842464 UTC - from mc-4->source-3 "853" 23:46:20.880824844
[2023-06-27T23:46:23Z INFO  dt_instance] received at 2023-06-27 23:46:23.390250912 UTC - from mc-4->source-3 "858" 23:46:23.387355878
[2023-06-27T23:46:25Z INFO  dt_instance] received at 2023-06-27 23:46:25.894843269 UTC - from mc-4->source-3 "863" 23:46:25.892428502
[2023-06-27T23:46:28Z INFO  dt_instance] received at 2023-06-27 23:46:28.407807776 UTC - from mc-4->source-1 "873" 23:46:28.397418161
[2023-06-27T23:46:30Z INFO  dt_instance] received at 2023-06-27 23:46:30.906517658 UTC - from mc-4->source-3 "873" 23:46:30.904796428
[2023-06-27T23:46:33Z INFO  dt_instance] received at 2023-06-27 23:46:33.412189309 UTC - from mc-4->source-3 "878" 23:46:33.410791525
[2023-06-27T23:46:35Z INFO  dt_instance] received at 2023-06-27 23:46:35.928294286 UTC - from mc-4->source-1 "888" 23:46:35.924642092
[2023-06-27T23:46:38Z INFO  dt_instance] received at 2023-06-27 23:46:38.446198990 UTC - from mc-4->source-1 "893" 23:46:38.432320019
[2023-06-27T23:46:40Z INFO  dt_instance] received at 2023-06-27 23:46:40.940955951 UTC - from mc-4->source-1 "898" 23:46:40.938548470
[2023-06-27T23:46:43Z INFO  dt_instance] received at 2023-06-27 23:46:43.445666624 UTC - from mc-4->source-1 "903" 23:46:43.444306714
[2023-06-27T23:46:45Z INFO  dt_instance] received at 2023-06-27 23:46:45.952188122 UTC - from mc-4->source-1 "908" 23:46:45.948739583
[2023-06-27T23:46:48Z INFO  dt_instance] received at 2023-06-27 23:46:48.456240515 UTC - from mc-4->source-1 "913" 23:46:48.454702090
[2023-06-27T23:46:50Z INFO  dt_instance] received at 2023-06-27 23:46:50.962458247 UTC - from mc-4->source-1 "918" 23:46:50.960695917
[2023-06-27T23:46:53Z INFO  dt_instance] received at 2023-06-27 23:46:53.467785501 UTC - from mc-4->source-1 "923" 23:46:53.466159972
[2023-06-27T23:46:55Z INFO  dt_instance] received at 2023-06-27 23:46:55.972729815 UTC - from mc-4->source-1 "928" 23:46:55.970707968
[2023-06-27T23:46:58Z INFO  dt_instance] received at 2023-06-27 23:46:58.478202018 UTC - from mc-4->source-1 "933" 23:46:58.476178215
[2023-06-27T23:47:00Z INFO  dt_instance] received at 2023-06-27 23:47:00.990955960 UTC - from mc-4->source-3 "933" 23:47:00.984067680
[2023-06-27T23:47:03Z INFO  dt_instance] received at 2023-06-27 23:47:03.498781266 UTC - from mc-4->source-1 "943" 23:47:03.495756544
[2023-06-27T23:47:06Z INFO  dt_instance] received at 2023-06-27 23:47:06.003477831 UTC - from mc-4->source-1 "948" 23:47:06.001701084
[2023-06-27T23:47:08Z INFO  dt_instance] received at 2023-06-27 23:47:08.511971303 UTC - from mc-4->source-1 "953" 23:47:08.507608974
[2023-06-27T23:47:11Z INFO  dt_instance] received at 2023-06-27 23:47:11.017631018 UTC - from mc-4->source-1 "958" 23:47:11.014430941
[2023-06-27T23:47:13Z INFO  dt_instance] received at 2023-06-27 23:47:13.523569538 UTC - from mc-4->source-1 "963" 23:47:13.519122918
[2023-06-27T23:47:16Z INFO  dt_instance] received at 2023-06-27 23:47:16.029417521 UTC - from mc-4->source-1 "968" 23:47:16.023832077
[2023-06-27T23:47:18Z INFO  dt_instance] received at 2023-06-27 23:47:18.539866693 UTC - from mc-4->source-3 "968" 23:47:18.538512430
[2023-06-27T23:47:21Z INFO  dt_instance] received at 2023-06-27 23:47:21.047173946 UTC - from mc-4->source-1 "978" 23:47:21.046359165
[2023-06-27T23:47:23Z INFO  dt_instance] received at 2023-06-27 23:47:23.556353317 UTC - from mc-4->source-1 "983" 23:47:23.551776116
[2023-06-27T23:47:26Z INFO  dt_instance] received at 2023-06-27 23:47:26.069552271 UTC - from mc-4->source-1 "988" 23:47:26.057214650
[2023-06-27T23:47:28Z INFO  dt_instance] received at 2023-06-27 23:47:28.571026178 UTC - from mc-4->source-1 "993" 23:47:28.566848446
[2023-06-27T23:47:31Z INFO  dt_instance] received at 2023-06-27 23:47:31.301651444 UTC - from mc-4->source-4 "991" 23:47:31.300604397
[2023-06-27T23:47:34Z INFO  dt_instance] received at 2023-06-27 23:47:34.555785050 UTC - from mc-4->source-7 "990" 23:47:34.554542406
[2023-06-27T23:47:41Z INFO  dt_instance] received at 2023-06-27 23:47:41.580951682 UTC - from mc-4->source-9 "999" 23:47:41.578717707
