[2023-06-27T23:34:53Z INFO  dt_instance] Current Twin: mc-twin-5
[2023-06-27T23:34:53Z INFO  dt_instance] Replica Name twin-mc-stateful-5
[2023-06-27T23:34:53Z INFO  dt_instance] Sleeping for 250
[2023-06-27T23:39:03Z INFO  dt_instance] Connecting to broker at emqx.dtwins:1883
[2023-06-27T23:39:03Z INFO  dt_instance] Loggin info each 50 messages
[2023-06-27T23:39:03Z INFO  dt_instance] Set max packet size to 60000 KB.
[2023-06-27T23:39:03Z INFO  dt_instance] Refreshing topics for twin - Listen to mc-5/#
[2023-06-27T23:39:03Z INFO  dt_instance] SubAck { pkid: 1, return_codes: [Success(ExactlyOnce)] }
[2023-06-27T23:40:09Z INFO  dt_instance] received at 2023-06-27 23:40:09.952651895 UTC - from mc-5->source-2 "9" 23:40:09.951810175
[2023-06-27T23:40:13Z INFO  dt_instance] received at 2023-06-27 23:40:13.205847043 UTC - from mc-5->source-3 "13" 23:40:13.204485440
[2023-06-27T23:40:15Z INFO  dt_instance] received at 2023-06-27 23:40:15.719164516 UTC - from mc-5->source-1 "23" 23:40:15.718094019
[2023-06-27T23:40:18Z INFO  dt_instance] received at 2023-06-27 23:40:18.224215123 UTC - from mc-5->source-1 "28" 23:40:18.223215869
[2023-06-27T23:40:20Z INFO  dt_instance] received at 2023-06-27 23:40:20.730459441 UTC - from mc-5->source-1 "33" 23:40:20.729158159
[2023-06-27T23:40:23Z INFO  dt_instance] received at 2023-06-27 23:40:23.243259030 UTC - from mc-5->source-1 "38" 23:40:23.233633556
[2023-06-27T23:40:25Z INFO  dt_instance] received at 2023-06-27 23:40:25.740998678 UTC - from mc-5->source-1 "43" 23:40:25.740198872
[2023-06-27T23:40:28Z INFO  dt_instance] received at 2023-06-27 23:40:28.246736499 UTC - from mc-5->source-3 "43" 23:40:28.245780577
[2023-06-27T23:40:30Z INFO  dt_instance] received at 2023-06-27 23:40:30.754534779 UTC - from mc-5->source-5 "43" 23:40:30.752934432
[2023-06-27T23:40:33Z INFO  dt_instance] received at 2023-06-27 23:40:33.261309906 UTC - from mc-5->source-1 "58" 23:40:33.259562917
[2023-06-27T23:40:35Z INFO  dt_instance] received at 2023-06-27 23:40:35.769097146 UTC - from mc-5->source-1 "63" 23:40:35.768116729
[2023-06-27T23:40:38Z INFO  dt_instance] received at 2023-06-27 23:40:38.274268352 UTC - from mc-5->source-1 "68" 23:40:38.273316051
[2023-06-27T23:40:40Z INFO  dt_instance] received at 2023-06-27 23:40:40.781324696 UTC - from mc-5->source-1 "73" 23:40:40.780292845
[2023-06-27T23:40:43Z INFO  dt_instance] received at 2023-06-27 23:40:43.288179624 UTC - from mc-5->source-1 "78" 23:40:43.287160989
[2023-06-27T23:40:45Z INFO  dt_instance] received at 2023-06-27 23:40:45.793181603 UTC - from mc-5->source-1 "83" 23:40:45.792338890
[2023-06-27T23:40:48Z INFO  dt_instance] received at 2023-06-27 23:40:48.299128639 UTC - from mc-5->source-1 "88" 23:40:48.297723895
[2023-06-27T23:40:50Z INFO  dt_instance] received at 2023-06-27 23:40:50.828227991 UTC - from mc-5->source-5 "83" 23:40:50.795964365
[2023-06-27T23:40:53Z INFO  dt_instance] received at 2023-06-27 23:40:53.313809675 UTC - from mc-5->source-1 "98" 23:40:53.310255005
[2023-06-27T23:40:55Z INFO  dt_instance] received at 2023-06-27 23:40:55.817955865 UTC - from mc-5->source-3 "98" 23:40:55.816720404
[2023-06-27T23:40:58Z INFO  dt_instance] received at 2023-06-27 23:40:58.323927584 UTC - from mc-5->source-1 "108" 23:40:58.322455107
[2023-06-27T23:41:00Z INFO  dt_instance] received at 2023-06-27 23:41:00.830605043 UTC - from mc-5->source-1 "113" 23:41:00.829134594
[2023-06-27T23:41:03Z INFO  dt_instance] received at 2023-06-27 23:41:03.337697896 UTC - from mc-5->source-3 "113" 23:41:03.336382034
[2023-06-27T23:41:05Z INFO  dt_instance] received at 2023-06-27 23:41:05.843299614 UTC - from mc-5->source-3 "118" 23:41:05.842202702
[2023-06-27T23:41:08Z INFO  dt_instance] received at 2023-06-27 23:41:08.350722810 UTC - from mc-5->source-3 "123" 23:41:08.348146049
[2023-06-27T23:41:10Z INFO  dt_instance] received at 2023-06-27 23:41:10.854881223 UTC - from mc-5->source-3 "128" 23:41:10.853760318
[2023-06-27T23:41:13Z INFO  dt_instance] received at 2023-06-27 23:41:13.360190071 UTC - from mc-5->source-3 "133" 23:41:13.358757490
[2023-06-27T23:41:15Z INFO  dt_instance] received at 2023-06-27 23:41:15.865354085 UTC - from mc-5->source-1 "143" 23:41:15.864003765
[2023-06-27T23:41:18Z INFO  dt_instance] received at 2023-06-27 23:41:18.372900558 UTC - from mc-5->source-1 "148" 23:41:18.371052186
[2023-06-27T23:41:20Z INFO  dt_instance] received at 2023-06-27 23:41:20.880141908 UTC - from mc-5->source-1 "153" 23:41:20.879232672
[2023-06-27T23:41:23Z INFO  dt_instance] received at 2023-06-27 23:41:23.389265334 UTC - from mc-5->source-1 "158" 23:41:23.386301040
[2023-06-27T23:41:25Z INFO  dt_instance] received at 2023-06-27 23:41:25.893213041 UTC - from mc-5->source-1 "163" 23:41:25.892130375
[2023-06-27T23:41:28Z INFO  dt_instance] received at 2023-06-27 23:41:28.399379466 UTC - from mc-5->source-1 "168" 23:41:28.397799479
[2023-06-27T23:41:30Z INFO  dt_instance] received at 2023-06-27 23:41:30.905204561 UTC - from mc-5->source-1 "173" 23:41:30.903250507
[2023-06-27T23:41:33Z INFO  dt_instance] received at 2023-06-27 23:41:33.411613012 UTC - from mc-5->source-1 "178" 23:41:33.409631628
[2023-06-27T23:41:35Z INFO  dt_instance] received at 2023-06-27 23:41:35.916322913 UTC - from mc-5->source-1 "183" 23:41:35.915295863
[2023-06-27T23:41:38Z INFO  dt_instance] received at 2023-06-27 23:41:38.423920471 UTC - from mc-5->source-1 "188" 23:41:38.421222851
[2023-06-27T23:41:40Z INFO  dt_instance] received at 2023-06-27 23:41:40.926480820 UTC - from mc-5->source-1 "193" 23:41:40.925361417
[2023-06-27T23:41:43Z INFO  dt_instance] received at 2023-06-27 23:41:43.436933776 UTC - from mc-5->source-3 "193" 23:41:43.430984816
[2023-06-27T23:41:45Z INFO  dt_instance] received at 2023-06-27 23:41:45.940080410 UTC - from mc-5->source-5 "193" 23:41:45.938300260
[2023-06-27T23:41:48Z INFO  dt_instance] received at 2023-06-27 23:41:48.446439979 UTC - from mc-5->source-3 "203" 23:41:48.444853388
[2023-06-27T23:41:50Z INFO  dt_instance] received at 2023-06-27 23:41:50.958135169 UTC - from mc-5->source-3 "208" 23:41:50.956331662
[2023-06-27T23:41:53Z INFO  dt_instance] received at 2023-06-27 23:41:53.462704004 UTC - from mc-5->source-3 "213" 23:41:53.461717526
[2023-06-27T23:41:55Z INFO  dt_instance] received at 2023-06-27 23:41:55.975736737 UTC - from mc-5->source-3 "218" 23:41:55.974724167
[2023-06-27T23:41:58Z INFO  dt_instance] received at 2023-06-27 23:41:58.481283427 UTC - from mc-5->source-3 "223" 23:41:58.480090032
[2023-06-27T23:42:00Z INFO  dt_instance] received at 2023-06-27 23:42:00.988272333 UTC - from mc-5->source-3 "228" 23:42:00.985024786
[2023-06-27T23:42:03Z INFO  dt_instance] received at 2023-06-27 23:42:03.491105390 UTC - from mc-5->source-3 "233" 23:42:03.489999571
[2023-06-27T23:42:05Z INFO  dt_instance] received at 2023-06-27 23:42:05.999338018 UTC - from mc-5->source-3 "238" 23:42:05.995291971
[2023-06-27T23:42:08Z INFO  dt_instance] received at 2023-06-27 23:42:08.503962319 UTC - from mc-5->source-1 "248" 23:42:08.502820874
[2023-06-27T23:42:11Z INFO  dt_instance] received at 2023-06-27 23:42:11.011453186 UTC - from mc-5->source-1 "253" 23:42:11.010644909
[2023-06-27T23:42:13Z INFO  dt_instance] received at 2023-06-27 23:42:13.518386201 UTC - from mc-5->source-1 "258" 23:42:13.517340405
[2023-06-27T23:42:16Z INFO  dt_instance] received at 2023-06-27 23:42:16.024889903 UTC - from mc-5->source-1 "263" 23:42:16.022419547
[2023-06-27T23:42:18Z INFO  dt_instance] received at 2023-06-27 23:42:18.529698593 UTC - from mc-5->source-1 "268" 23:42:18.528025591
[2023-06-27T23:42:21Z INFO  dt_instance] received at 2023-06-27 23:42:21.035251492 UTC - from mc-5->source-1 "273" 23:42:21.034228632
[2023-06-27T23:42:23Z INFO  dt_instance] received at 2023-06-27 23:42:23.539688560 UTC - from mc-5->source-1 "278" 23:42:23.538750959
[2023-06-27T23:42:26Z INFO  dt_instance] received at 2023-06-27 23:42:26.046676885 UTC - from mc-5->source-3 "278" 23:42:26.044381101
[2023-06-27T23:42:28Z INFO  dt_instance] received at 2023-06-27 23:42:28.554206150 UTC - from mc-5->source-3 "283" 23:42:28.550751425
[2023-06-27T23:42:31Z INFO  dt_instance] received at 2023-06-27 23:42:31.059204933 UTC - from mc-5->source-3 "288" 23:42:31.056726147
[2023-06-27T23:42:33Z INFO  dt_instance] received at 2023-06-27 23:42:33.562179518 UTC - from mc-5->source-3 "293" 23:42:33.561370918
[2023-06-27T23:42:36Z INFO  dt_instance] received at 2023-06-27 23:42:36.068609340 UTC - from mc-5->source-3 "298" 23:42:36.067178216
[2023-06-27T23:42:38Z INFO  dt_instance] received at 2023-06-27 23:42:38.574953573 UTC - from mc-5->source-3 "303" 23:42:38.572376606
[2023-06-27T23:42:41Z INFO  dt_instance] received at 2023-06-27 23:42:41.080785784 UTC - from mc-5->source-3 "308" 23:42:41.079469996
[2023-06-27T23:42:43Z INFO  dt_instance] received at 2023-06-27 23:42:43.589243374 UTC - from mc-5->source-3 "313" 23:42:43.585655273
[2023-06-27T23:42:46Z INFO  dt_instance] received at 2023-06-27 23:42:46.094983197 UTC - from mc-5->source-3 "318" 23:42:46.090993235
[2023-06-27T23:42:48Z INFO  dt_instance] received at 2023-06-27 23:42:48.598318733 UTC - from mc-5->source-3 "323" 23:42:48.596757214
[2023-06-27T23:42:51Z INFO  dt_instance] received at 2023-06-27 23:42:51.102870899 UTC - from mc-5->source-3 "328" 23:42:51.102042649
[2023-06-27T23:42:53Z INFO  dt_instance] received at 2023-06-27 23:42:53.608148110 UTC - from mc-5->source-1 "338" 23:42:53.607069684
[2023-06-27T23:42:56Z INFO  dt_instance] received at 2023-06-27 23:42:56.114562236 UTC - from mc-5->source-1 "343" 23:42:56.113037274
[2023-06-27T23:42:58Z INFO  dt_instance] received at 2023-06-27 23:42:58.622195755 UTC - from mc-5->source-3 "343" 23:42:58.619276579
[2023-06-27T23:43:01Z INFO  dt_instance] received at 2023-06-27 23:43:01.129616493 UTC - from mc-5->source-1 "353" 23:43:01.125532024
[2023-06-27T23:43:03Z INFO  dt_instance] received at 2023-06-27 23:43:03.633300980 UTC - from mc-5->source-3 "353" 23:43:03.632014381
[2023-06-27T23:43:06Z INFO  dt_instance] received at 2023-06-27 23:43:06.145263651 UTC - from mc-5->source-1 "363" 23:43:06.139589626
[2023-06-27T23:43:08Z INFO  dt_instance] received at 2023-06-27 23:43:08.647907267 UTC - from mc-5->source-1 "368" 23:43:08.646817684
[2023-06-27T23:43:11Z INFO  dt_instance] received at 2023-06-27 23:43:11.154167046 UTC - from mc-5->source-1 "373" 23:43:11.153153564
[2023-06-27T23:43:13Z INFO  dt_instance] received at 2023-06-27 23:43:13.663579192 UTC - from mc-5->source-1 "378" 23:43:13.659267639
[2023-06-27T23:43:16Z INFO  dt_instance] received at 2023-06-27 23:43:16.167430145 UTC - from mc-5->source-1 "383" 23:43:16.165255480
[2023-06-27T23:43:18Z INFO  dt_instance] received at 2023-06-27 23:43:18.673784089 UTC - from mc-5->source-1 "388" 23:43:18.670650122
[2023-06-27T23:43:21Z INFO  dt_instance] received at 2023-06-27 23:43:21.177437951 UTC - from mc-5->source-1 "393" 23:43:21.175919405
[2023-06-27T23:43:23Z INFO  dt_instance] received at 2023-06-27 23:43:23.685253733 UTC - from mc-5->source-1 "398" 23:43:23.683069093
[2023-06-27T23:43:26Z INFO  dt_instance] received at 2023-06-27 23:43:26.190857941 UTC - from mc-5->source-1 "403" 23:43:26.188328001
[2023-06-27T23:43:28Z INFO  dt_instance] received at 2023-06-27 23:43:28.695718520 UTC - from mc-5->source-1 "408" 23:43:28.694472776
[2023-06-27T23:43:31Z INFO  dt_instance] received at 2023-06-27 23:43:31.201466438 UTC - from mc-5->source-1 "413" 23:43:31.200332718
[2023-06-27T23:43:33Z INFO  dt_instance] received at 2023-06-27 23:43:33.715184523 UTC - from mc-5->source-3 "413" 23:43:33.704858512
[2023-06-27T23:43:36Z INFO  dt_instance] received at 2023-06-27 23:43:36.212003524 UTC - from mc-5->source-1 "423" 23:43:36.210298387
[2023-06-27T23:43:38Z INFO  dt_instance] received at 2023-06-27 23:43:38.718894706 UTC - from mc-5->source-3 "423" 23:43:38.716827679
[2023-06-27T23:43:41Z INFO  dt_instance] received at 2023-06-27 23:43:41.224089614 UTC - from mc-5->source-1 "433" 23:43:41.222824358
[2023-06-27T23:43:43Z INFO  dt_instance] received at 2023-06-27 23:43:43.732052078 UTC - from mc-5->source-3 "433" 23:43:43.731248219
[2023-06-27T23:43:46Z INFO  dt_instance] received at 2023-06-27 23:43:46.238615191 UTC - from mc-5->source-3 "438" 23:43:46.236784594
[2023-06-27T23:43:48Z INFO  dt_instance] received at 2023-06-27 23:43:48.744305995 UTC - from mc-5->source-1 "448" 23:43:48.741836608
[2023-06-27T23:43:51Z INFO  dt_instance] received at 2023-06-27 23:43:51.254150097 UTC - from mc-5->source-5 "443" 23:43:51.245254270
[2023-06-27T23:43:53Z INFO  dt_instance] received at 2023-06-27 23:43:53.753654312 UTC - from mc-5->source-3 "453" 23:43:53.752384999
[2023-06-27T23:43:56Z INFO  dt_instance] received at 2023-06-27 23:43:56.259521684 UTC - from mc-5->source-1 "463" 23:43:56.258182298
[2023-06-27T23:43:58Z INFO  dt_instance] received at 2023-06-27 23:43:58.773835751 UTC - from mc-5->source-5 "458" 23:43:58.765147707
[2023-06-27T23:44:01Z INFO  dt_instance] received at 2023-06-27 23:44:01.274832334 UTC - from mc-5->source-3 "468" 23:44:01.273487551
[2023-06-27T23:44:03Z INFO  dt_instance] received at 2023-06-27 23:44:03.782469761 UTC - from mc-5->source-3 "473" 23:44:03.780575581
[2023-06-27T23:44:06Z INFO  dt_instance] received at 2023-06-27 23:44:06.289602599 UTC - from mc-5->source-3 "478" 23:44:06.287977289
[2023-06-27T23:44:08Z INFO  dt_instance] received at 2023-06-27 23:44:08.794380456 UTC - from mc-5->source-5 "478" 23:44:08.792636880
[2023-06-27T23:44:11Z INFO  dt_instance] received at 2023-06-27 23:44:11.301486881 UTC - from mc-5->source-5 "483" 23:44:11.299518256
[2023-06-27T23:44:13Z INFO  dt_instance] received at 2023-06-27 23:44:13.806555024 UTC - from mc-5->source-5 "488" 23:44:13.805518674
[2023-06-27T23:44:16Z INFO  dt_instance] received at 2023-06-27 23:44:16.311907132 UTC - from mc-5->source-3 "498" 23:44:16.310468141
[2023-06-27T23:44:18Z INFO  dt_instance] received at 2023-06-27 23:44:18.817874864 UTC - from mc-5->source-3 "503" 23:44:18.816887341
[2023-06-27T23:44:21Z INFO  dt_instance] received at 2023-06-27 23:44:21.327766514 UTC - from mc-5->source-3 "508" 23:44:21.326077565
[2023-06-27T23:44:23Z INFO  dt_instance] received at 2023-06-27 23:44:23.831778755 UTC - from mc-5->source-1 "518" 23:44:23.830466940
[2023-06-27T23:44:26Z INFO  dt_instance] received at 2023-06-27 23:44:26.337167076 UTC - from mc-5->source-3 "518" 23:44:26.335871014
[2023-06-27T23:44:28Z INFO  dt_instance] received at 2023-06-27 23:44:28.848887026 UTC - from mc-5->source-5 "518" 23:44:28.844179938
[2023-06-27T23:44:31Z INFO  dt_instance] received at 2023-06-27 23:44:31.353743669 UTC - from mc-5->source-5 "523" 23:44:31.352250487
[2023-06-27T23:44:33Z INFO  dt_instance] received at 2023-06-27 23:44:33.859963951 UTC - from mc-5->source-5 "528" 23:44:33.857947318
[2023-06-27T23:44:36Z INFO  dt_instance] received at 2023-06-27 23:44:36.364233037 UTC - from mc-5->source-5 "533" 23:44:36.363290983
[2023-06-27T23:44:38Z INFO  dt_instance] received at 2023-06-27 23:44:38.891895338 UTC - from mc-5->source-5 "538" 23:44:38.869911237
[2023-06-27T23:44:41Z INFO  dt_instance] received at 2023-06-27 23:44:41.380954172 UTC - from mc-5->source-5 "543" 23:44:41.377944168
[2023-06-27T23:44:43Z INFO  dt_instance] received at 2023-06-27 23:44:43.885460849 UTC - from mc-5->source-1 "558" 23:44:43.883748240
[2023-06-27T23:44:46Z INFO  dt_instance] received at 2023-06-27 23:44:46.391820957 UTC - from mc-5->source-5 "553" 23:44:46.390559612
[2023-06-27T23:44:48Z INFO  dt_instance] received at 2023-06-27 23:44:48.898288831 UTC - from mc-5->source-1 "568" 23:44:48.896297083
[2023-06-27T23:44:51Z INFO  dt_instance] received at 2023-06-27 23:44:51.403582052 UTC - from mc-5->source-5 "563" 23:44:51.401784461
[2023-06-27T23:44:53Z INFO  dt_instance] received at 2023-06-27 23:44:53.908578495 UTC - from mc-5->source-1 "578" 23:44:53.907341133
[2023-06-27T23:44:56Z INFO  dt_instance] received at 2023-06-27 23:44:56.415898440 UTC - from mc-5->source-5 "573" 23:44:56.414236338
[2023-06-27T23:44:58Z INFO  dt_instance] received at 2023-06-27 23:44:58.922138987 UTC - from mc-5->source-1 "588" 23:44:58.920884704
[2023-06-27T23:45:01Z INFO  dt_instance] received at 2023-06-27 23:45:01.428415041 UTC - from mc-5->source-5 "583" 23:45:01.427259890
[2023-06-27T23:45:03Z INFO  dt_instance] received at 2023-06-27 23:45:03.935790695 UTC - from mc-5->source-5 "588" 23:45:03.933686983
[2023-06-27T23:45:06Z INFO  dt_instance] received at 2023-06-27 23:45:06.441368067 UTC - from mc-5->source-5 "593" 23:45:06.440169125
[2023-06-27T23:45:08Z INFO  dt_instance] received at 2023-06-27 23:45:08.954844053 UTC - from mc-5->source-1 "608" 23:45:08.946873245
[2023-06-27T23:45:11Z INFO  dt_instance] received at 2023-06-27 23:45:11.455732108 UTC - from mc-5->source-1 "613" 23:45:11.453897457
[2023-06-27T23:45:13Z INFO  dt_instance] received at 2023-06-27 23:45:13.960200129 UTC - from mc-5->source-1 "618" 23:45:13.958428746
[2023-06-27T23:45:16Z INFO  dt_instance] received at 2023-06-27 23:45:16.464996463 UTC - from mc-5->source-5 "613" 23:45:16.464004256
[2023-06-27T23:45:18Z INFO  dt_instance] received at 2023-06-27 23:45:18.973523304 UTC - from mc-5->source-1 "628" 23:45:18.970684209
[2023-06-27T23:45:21Z INFO  dt_instance] received at 2023-06-27 23:45:21.480904877 UTC - from mc-5->source-1 "633" 23:45:21.476616013
[2023-06-27T23:45:23Z INFO  dt_instance] received at 2023-06-27 23:45:23.982984629 UTC - from mc-5->source-5 "628" 23:45:23.981807925
[2023-06-27T23:45:26Z INFO  dt_instance] received at 2023-06-27 23:45:26.488200064 UTC - from mc-5->source-1 "643" 23:45:26.487297657
[2023-06-27T23:45:28Z INFO  dt_instance] received at 2023-06-27 23:45:28.995174947 UTC - from mc-5->source-5 "638" 23:45:28.994208436
[2023-06-27T23:45:31Z INFO  dt_instance] received at 2023-06-27 23:45:31.510581627 UTC - from mc-5->source-1 "653" 23:45:31.499327700
[2023-06-27T23:45:34Z INFO  dt_instance] received at 2023-06-27 23:45:34.017709463 UTC - from mc-5->source-3 "653" 23:45:34.015859726
[2023-06-27T23:45:36Z INFO  dt_instance] received at 2023-06-27 23:45:36.522141720 UTC - from mc-5->source-3 "658" 23:45:36.520739089
[2023-06-27T23:45:39Z INFO  dt_instance] received at 2023-06-27 23:45:39.029341512 UTC - from mc-5->source-3 "663" 23:45:39.027287619
[2023-06-27T23:45:41Z INFO  dt_instance] received at 2023-06-27 23:45:41.536189202 UTC - from mc-5->source-3 "668" 23:45:41.534067760
[2023-06-27T23:45:44Z INFO  dt_instance] received at 2023-06-27 23:45:44.039990963 UTC - from mc-5->source-3 "673" 23:45:44.038688039
[2023-06-27T23:45:46Z INFO  dt_instance] received at 2023-06-27 23:45:46.548377644 UTC - from mc-5->source-3 "678" 23:45:46.545548655
[2023-06-27T23:45:49Z INFO  dt_instance] received at 2023-06-27 23:45:49.055254010 UTC - from mc-5->source-3 "683" 23:45:49.053271092
[2023-06-27T23:45:51Z INFO  dt_instance] received at 2023-06-27 23:45:51.559869379 UTC - from mc-5->source-3 "688" 23:45:51.558900311
[2023-06-27T23:45:54Z INFO  dt_instance] received at 2023-06-27 23:45:54.080307988 UTC - from mc-5->source-3 "693" 23:45:54.068086939
[2023-06-27T23:45:56Z INFO  dt_instance] received at 2023-06-27 23:45:56.575648174 UTC - from mc-5->source-3 "698" 23:45:56.573761688
[2023-06-27T23:45:59Z INFO  dt_instance] received at 2023-06-27 23:45:59.080134312 UTC - from mc-5->source-3 "703" 23:45:59.078665464
[2023-06-27T23:46:01Z INFO  dt_instance] received at 2023-06-27 23:46:01.586326648 UTC - from mc-5->source-3 "708" 23:46:01.583960837
[2023-06-27T23:46:04Z INFO  dt_instance] received at 2023-06-27 23:46:04.091391021 UTC - from mc-5->source-3 "713" 23:46:04.089181067
[2023-06-27T23:46:06Z INFO  dt_instance] received at 2023-06-27 23:46:06.596238280 UTC - from mc-5->source-3 "718" 23:46:06.595205107
[2023-06-27T23:46:09Z INFO  dt_instance] received at 2023-06-27 23:46:09.101674332 UTC - from mc-5->source-3 "723" 23:46:09.100040227
[2023-06-27T23:46:11Z INFO  dt_instance] received at 2023-06-27 23:46:11.605587769 UTC - from mc-5->source-3 "728" 23:46:11.604423582
[2023-06-27T23:46:14Z INFO  dt_instance] received at 2023-06-27 23:46:14.111352210 UTC - from mc-5->source-3 "733" 23:46:14.110387701
[2023-06-27T23:46:16Z INFO  dt_instance] received at 2023-06-27 23:46:16.619021576 UTC - from mc-5->source-3 "738" 23:46:16.616830799
[2023-06-27T23:46:19Z INFO  dt_instance] received at 2023-06-27 23:46:19.126171127 UTC - from mc-5->source-3 "743" 23:46:19.124539352
[2023-06-27T23:46:21Z INFO  dt_instance] received at 2023-06-27 23:46:21.631400794 UTC - from mc-5->source-3 "748" 23:46:21.629829967
[2023-06-27T23:46:24Z INFO  dt_instance] received at 2023-06-27 23:46:24.138804311 UTC - from mc-5->source-3 "753" 23:46:24.135785797
[2023-06-27T23:46:26Z INFO  dt_instance] received at 2023-06-27 23:46:26.644116778 UTC - from mc-5->source-3 "758" 23:46:26.642476667
[2023-06-27T23:46:29Z INFO  dt_instance] received at 2023-06-27 23:46:29.151408467 UTC - from mc-5->source-3 "763" 23:46:29.149300162
[2023-06-27T23:46:31Z INFO  dt_instance] received at 2023-06-27 23:46:31.657565877 UTC - from mc-5->source-3 "768" 23:46:31.656071374
[2023-06-27T23:46:34Z INFO  dt_instance] received at 2023-06-27 23:46:34.163153477 UTC - from mc-5->source-3 "773" 23:46:34.162007271
[2023-06-27T23:46:36Z INFO  dt_instance] received at 2023-06-27 23:46:36.671646521 UTC - from mc-5->source-3 "778" 23:46:36.670344584
[2023-06-27T23:46:39Z INFO  dt_instance] received at 2023-06-27 23:46:39.181494336 UTC - from mc-5->source-3 "783" 23:46:39.179311014
[2023-06-27T23:46:41Z INFO  dt_instance] received at 2023-06-27 23:46:41.685672408 UTC - from mc-5->source-3 "788" 23:46:41.684516061
[2023-06-27T23:46:44Z INFO  dt_instance] received at 2023-06-27 23:46:44.192287552 UTC - from mc-5->source-3 "793" 23:46:44.190870859
[2023-06-27T23:46:46Z INFO  dt_instance] received at 2023-06-27 23:46:46.696449624 UTC - from mc-5->source-3 "798" 23:46:46.695374145
[2023-06-27T23:46:49Z INFO  dt_instance] received at 2023-06-27 23:46:49.210563138 UTC - from mc-5->source-3 "803" 23:46:49.201209331
[2023-06-27T23:46:51Z INFO  dt_instance] received at 2023-06-27 23:46:51.708778695 UTC - from mc-5->source-3 "808" 23:46:51.707774181
[2023-06-27T23:46:54Z INFO  dt_instance] received at 2023-06-27 23:46:54.237697081 UTC - from mc-5->source-3 "813" 23:46:54.215142902
[2023-06-27T23:46:56Z INFO  dt_instance] received at 2023-06-27 23:46:56.734634193 UTC - from mc-5->source-3 "818" 23:46:56.732630394
[2023-06-27T23:46:59Z INFO  dt_instance] received at 2023-06-27 23:46:59.243500613 UTC - from mc-5->source-3 "823" 23:46:59.239237815
[2023-06-27T23:47:01Z INFO  dt_instance] received at 2023-06-27 23:47:01.747857511 UTC - from mc-5->source-3 "828" 23:47:01.744270231
[2023-06-27T23:47:04Z INFO  dt_instance] received at 2023-06-27 23:47:04.253893375 UTC - from mc-5->source-3 "833" 23:47:04.251261488
[2023-06-27T23:47:06Z INFO  dt_instance] received at 2023-06-27 23:47:06.759020438 UTC - from mc-5->source-3 "838" 23:47:06.758166021
[2023-06-27T23:47:09Z INFO  dt_instance] received at 2023-06-27 23:47:09.265583109 UTC - from mc-5->source-3 "843" 23:47:09.264083881
[2023-06-27T23:47:11Z INFO  dt_instance] received at 2023-06-27 23:47:11.772271484 UTC - from mc-5->source-3 "848" 23:47:11.770760765
[2023-06-27T23:47:14Z INFO  dt_instance] received at 2023-06-27 23:47:14.278246797 UTC - from mc-5->source-3 "853" 23:47:14.277012024
[2023-06-27T23:47:16Z INFO  dt_instance] received at 2023-06-27 23:47:16.784027391 UTC - from mc-5->source-3 "858" 23:47:16.782420122
[2023-06-27T23:47:19Z INFO  dt_instance] received at 2023-06-27 23:47:19.289932067 UTC - from mc-5->source-3 "863" 23:47:19.288071438
[2023-06-27T23:47:21Z INFO  dt_instance] received at 2023-06-27 23:47:21.795420448 UTC - from mc-5->source-3 "868" 23:47:21.793471561
[2023-06-27T23:47:24Z INFO  dt_instance] received at 2023-06-27 23:47:24.302208637 UTC - from mc-5->source-3 "873" 23:47:24.299496798
[2023-06-27T23:47:26Z INFO  dt_instance] received at 2023-06-27 23:47:26.808328742 UTC - from mc-5->source-3 "878" 23:47:26.805964536
[2023-06-27T23:47:29Z INFO  dt_instance] received at 2023-06-27 23:47:29.315003472 UTC - from mc-5->source-3 "883" 23:47:29.312670826
[2023-06-27T23:47:31Z INFO  dt_instance] received at 2023-06-27 23:47:31.818769270 UTC - from mc-5->source-3 "888" 23:47:31.817751308
[2023-06-27T23:47:34Z INFO  dt_instance] received at 2023-06-27 23:47:34.329465571 UTC - from mc-5->source-3 "893" 23:47:34.325958873
[2023-06-27T23:47:36Z INFO  dt_instance] received at 2023-06-27 23:47:36.831952381 UTC - from mc-5->source-3 "898" 23:47:36.830660749
[2023-06-27T23:47:39Z INFO  dt_instance] received at 2023-06-27 23:47:39.338145634 UTC - from mc-5->source-3 "903" 23:47:39.336064236
[2023-06-27T23:47:41Z INFO  dt_instance] received at 2023-06-27 23:47:41.844045373 UTC - from mc-5->source-3 "908" 23:47:41.842193962
[2023-06-27T23:47:44Z INFO  dt_instance] received at 2023-06-27 23:47:44.349487992 UTC - from mc-5->source-3 "913" 23:47:44.348148623
[2023-06-27T23:47:46Z INFO  dt_instance] received at 2023-06-27 23:47:46.856181419 UTC - from mc-5->source-3 "918" 23:47:46.853737945
[2023-06-27T23:47:49Z INFO  dt_instance] received at 2023-06-27 23:47:49.359951779 UTC - from mc-5->source-3 "923" 23:47:49.358562790
[2023-06-27T23:47:51Z INFO  dt_instance] received at 2023-06-27 23:47:51.868133647 UTC - from mc-5->source-3 "928" 23:47:51.865330079
[2023-06-27T23:47:54Z INFO  dt_instance] received at 2023-06-27 23:47:54.375276244 UTC - from mc-5->source-3 "933" 23:47:54.370565408
[2023-06-27T23:47:56Z INFO  dt_instance] received at 2023-06-27 23:47:56.877540405 UTC - from mc-5->source-3 "938" 23:47:56.876314884
[2023-06-27T23:47:59Z INFO  dt_instance] received at 2023-06-27 23:47:59.382319127 UTC - from mc-5->source-3 "943" 23:47:59.381550377
[2023-06-27T23:48:01Z INFO  dt_instance] received at 2023-06-27 23:48:01.888267947 UTC - from mc-5->source-3 "948" 23:48:01.887277780
[2023-06-27T23:48:04Z INFO  dt_instance] received at 2023-06-27 23:48:04.397376546 UTC - from mc-5->source-3 "953" 23:48:04.393399117
[2023-06-27T23:48:06Z INFO  dt_instance] received at 2023-06-27 23:48:06.901745647 UTC - from mc-5->source-3 "958" 23:48:06.900667397
[2023-06-27T23:48:09Z INFO  dt_instance] received at 2023-06-27 23:48:09.411794334 UTC - from mc-5->source-3 "963" 23:48:09.407818824
[2023-06-27T23:48:11Z INFO  dt_instance] received at 2023-06-27 23:48:11.914459810 UTC - from mc-5->source-3 "968" 23:48:11.913178887
[2023-06-27T23:48:14Z INFO  dt_instance] received at 2023-06-27 23:48:14.421101017 UTC - from mc-5->source-3 "973" 23:48:14.417596001
[2023-06-27T23:48:16Z INFO  dt_instance] received at 2023-06-27 23:48:16.925006947 UTC - from mc-5->source-3 "978" 23:48:16.923194909
[2023-06-27T23:48:19Z INFO  dt_instance] received at 2023-06-27 23:48:19.438357655 UTC - from mc-5->source-3 "983" 23:48:19.429198121
[2023-06-27T23:48:21Z INFO  dt_instance] received at 2023-06-27 23:48:21.937199834 UTC - from mc-5->source-3 "988" 23:48:21.936049508
[2023-06-27T23:48:24Z INFO  dt_instance] received at 2023-06-27 23:48:24.704352447 UTC - from mc-5->source-2 "996" 23:48:24.703625944
[2023-06-27T23:48:27Z INFO  dt_instance] received at 2023-06-27 23:48:27.907915593 UTC - from mc-5->source-7 "990" 23:48:27.906786657
[2023-06-27T23:48:34Z INFO  dt_instance] received at 2023-06-27 23:48:34.928655955 UTC - from mc-5->source-9 "999" 23:48:34.927693177
