[2023-06-27T23:34:36Z INFO  dt_instance] Current Twin: mc-twin-1
[2023-06-27T23:34:36Z INFO  dt_instance] Replica Name twin-mc-stateful-1
[2023-06-27T23:34:36Z INFO  dt_instance] Sleeping for 50
[2023-06-27T23:35:26Z INFO  dt_instance] Connecting to broker at emqx.dtwins:1883
[2023-06-27T23:35:26Z INFO  dt_instance] Loggin info each 50 messages
[2023-06-27T23:35:26Z INFO  dt_instance] Set max packet size to 60000 KB.
[2023-06-27T23:35:26Z INFO  dt_instance] Refreshing topics for twin - Listen to mc-1/#
[2023-06-27T23:35:26Z INFO  dt_instance] SubAck { pkid: 1, return_codes: [Success(ExactlyOnce)] }
[2023-06-27T23:36:34Z INFO  dt_instance] received at 2023-06-27 23:36:34.474646094 UTC - from mc-1->source-2 "9" 23:36:34.473544139
[2023-06-27T23:36:37Z INFO  dt_instance] received at 2023-06-27 23:36:37.728976024 UTC - from mc-1->source-3 "13" 23:36:37.727508612
[2023-06-27T23:36:40Z INFO  dt_instance] received at 2023-06-27 23:36:40.241584428 UTC - from mc-1->source-1 "23" 23:36:40.240613371
[2023-06-27T23:36:42Z INFO  dt_instance] received at 2023-06-27 23:36:42.748434041 UTC - from mc-1->source-1 "28" 23:36:42.747552449
[2023-06-27T23:36:45Z INFO  dt_instance] received at 2023-06-27 23:36:45.253513385 UTC - from mc-1->source-1 "33" 23:36:45.252272413
[2023-06-27T23:36:47Z INFO  dt_instance] received at 2023-06-27 23:36:47.757803312 UTC - from mc-1->source-1 "38" 23:36:47.756718857
[2023-06-27T23:36:50Z INFO  dt_instance] received at 2023-06-27 23:36:50.263269703 UTC - from mc-1->source-1 "43" 23:36:50.262031091
[2023-06-27T23:36:52Z INFO  dt_instance] received at 2023-06-27 23:36:52.768657901 UTC - from mc-1->source-1 "48" 23:36:52.767736760
[2023-06-27T23:36:55Z INFO  dt_instance] received at 2023-06-27 23:36:55.274957882 UTC - from mc-1->source-1 "53" 23:36:55.273631688
[2023-06-27T23:36:57Z INFO  dt_instance] received at 2023-06-27 23:36:57.781466636 UTC - from mc-1->source-1 "58" 23:36:57.780420833
[2023-06-27T23:37:00Z INFO  dt_instance] received at 2023-06-27 23:37:00.285699138 UTC - from mc-1->source-1 "63" 23:37:00.284665375
[2023-06-27T23:37:02Z INFO  dt_instance] received at 2023-06-27 23:37:02.793558346 UTC - from mc-1->source-1 "68" 23:37:02.792226756
[2023-06-27T23:37:05Z INFO  dt_instance] received at 2023-06-27 23:37:05.298408555 UTC - from mc-1->source-1 "73" 23:37:05.297479820
[2023-06-27T23:37:07Z INFO  dt_instance] received at 2023-06-27 23:37:07.802914412 UTC - from mc-1->source-1 "78" 23:37:07.801697956
[2023-06-27T23:37:10Z INFO  dt_instance] received at 2023-06-27 23:37:10.309115987 UTC - from mc-1->source-1 "83" 23:37:10.308012035
[2023-06-27T23:37:12Z INFO  dt_instance] received at 2023-06-27 23:37:12.815829893 UTC - from mc-1->source-1 "88" 23:37:12.814835586
[2023-06-27T23:37:15Z INFO  dt_instance] received at 2023-06-27 23:37:15.320513977 UTC - from mc-1->source-1 "93" 23:37:15.319718534
[2023-06-27T23:37:17Z INFO  dt_instance] received at 2023-06-27 23:37:17.826336475 UTC - from mc-1->source-1 "98" 23:37:17.825051805
[2023-06-27T23:37:20Z INFO  dt_instance] received at 2023-06-27 23:37:20.333789206 UTC - from mc-1->source-1 "103" 23:37:20.331961574
[2023-06-27T23:37:22Z INFO  dt_instance] received at 2023-06-27 23:37:22.837813030 UTC - from mc-1->source-1 "108" 23:37:22.836747267
[2023-06-27T23:37:25Z INFO  dt_instance] received at 2023-06-27 23:37:25.344169410 UTC - from mc-1->source-1 "113" 23:37:25.343208945
[2023-06-27T23:37:27Z INFO  dt_instance] received at 2023-06-27 23:37:27.849130726 UTC - from mc-1->source-1 "118" 23:37:27.848063032
[2023-06-27T23:37:30Z INFO  dt_instance] received at 2023-06-27 23:37:30.355426952 UTC - from mc-1->source-1 "123" 23:37:30.354336476
[2023-06-27T23:37:32Z INFO  dt_instance] received at 2023-06-27 23:37:32.860013126 UTC - from mc-1->source-1 "128" 23:37:32.859148139
[2023-06-27T23:37:35Z INFO  dt_instance] received at 2023-06-27 23:37:35.366180179 UTC - from mc-1->source-1 "133" 23:37:35.364887592
[2023-06-27T23:37:37Z INFO  dt_instance] received at 2023-06-27 23:37:37.871519295 UTC - from mc-1->source-1 "138" 23:37:37.870509481
[2023-06-27T23:37:40Z INFO  dt_instance] received at 2023-06-27 23:37:40.378106001 UTC - from mc-1->source-1 "143" 23:37:40.375093250
[2023-06-27T23:37:42Z INFO  dt_instance] received at 2023-06-27 23:37:42.880947761 UTC - from mc-1->source-1 "148" 23:37:42.880110474
[2023-06-27T23:37:45Z INFO  dt_instance] received at 2023-06-27 23:37:45.385803709 UTC - from mc-1->source-1 "153" 23:37:45.384720660
[2023-06-27T23:37:47Z INFO  dt_instance] received at 2023-06-27 23:37:47.891221627 UTC - from mc-1->source-1 "158" 23:37:47.890146363
[2023-06-27T23:37:50Z INFO  dt_instance] received at 2023-06-27 23:37:50.397516889 UTC - from mc-1->source-1 "163" 23:37:50.394973855
[2023-06-27T23:37:52Z INFO  dt_instance] received at 2023-06-27 23:37:52.902738517 UTC - from mc-1->source-1 "168" 23:37:52.901781016
[2023-06-27T23:37:55Z INFO  dt_instance] received at 2023-06-27 23:37:55.410267428 UTC - from mc-1->source-1 "173" 23:37:55.407710312
[2023-06-27T23:37:57Z INFO  dt_instance] received at 2023-06-27 23:37:57.915070990 UTC - from mc-1->source-1 "178" 23:37:57.913777946
[2023-06-27T23:38:00Z INFO  dt_instance] received at 2023-06-27 23:38:00.423345521 UTC - from mc-1->source-1 "183" 23:38:00.422306788
[2023-06-27T23:38:02Z INFO  dt_instance] received at 2023-06-27 23:38:02.929665910 UTC - from mc-1->source-1 "188" 23:38:02.928506396
[2023-06-27T23:38:05Z INFO  dt_instance] received at 2023-06-27 23:38:05.437094874 UTC - from mc-1->source-1 "193" 23:38:05.434667105
[2023-06-27T23:38:07Z INFO  dt_instance] received at 2023-06-27 23:38:07.941268509 UTC - from mc-1->source-1 "198" 23:38:07.940012267
[2023-06-27T23:38:10Z INFO  dt_instance] received at 2023-06-27 23:38:10.448931839 UTC - from mc-1->source-1 "203" 23:38:10.446518996
[2023-06-27T23:38:12Z INFO  dt_instance] received at 2023-06-27 23:38:12.954335114 UTC - from mc-1->source-3 "203" 23:38:12.952891558
[2023-06-27T23:38:15Z INFO  dt_instance] received at 2023-06-27 23:38:15.462218936 UTC - from mc-1->source-3 "208" 23:38:15.461138079
[2023-06-27T23:38:17Z INFO  dt_instance] received at 2023-06-27 23:38:17.969008484 UTC - from mc-1->source-3 "213" 23:38:17.967711998
[2023-06-27T23:38:20Z INFO  dt_instance] received at 2023-06-27 23:38:20.475259026 UTC - from mc-1->source-1 "223" 23:38:20.473029011
[2023-06-27T23:38:22Z INFO  dt_instance] received at 2023-06-27 23:38:22.980213160 UTC - from mc-1->source-1 "228" 23:38:22.979143066
[2023-06-27T23:38:25Z INFO  dt_instance] received at 2023-06-27 23:38:25.487687898 UTC - from mc-1->source-3 "228" 23:38:25.484383128
[2023-06-27T23:38:27Z INFO  dt_instance] received at 2023-06-27 23:38:27.990845891 UTC - from mc-1->source-1 "238" 23:38:27.989499019
[2023-06-27T23:38:30Z INFO  dt_instance] received at 2023-06-27 23:38:30.496005523 UTC - from mc-1->source-1 "243" 23:38:30.494864741
[2023-06-27T23:38:33Z INFO  dt_instance] received at 2023-06-27 23:38:33.003051808 UTC - from mc-1->source-1 "248" 23:38:33.001771281
[2023-06-27T23:38:35Z INFO  dt_instance] received at 2023-06-27 23:38:35.509274617 UTC - from mc-1->source-3 "248" 23:38:35.508500832
[2023-06-27T23:38:38Z INFO  dt_instance] received at 2023-06-27 23:38:38.014131030 UTC - from mc-1->source-3 "253" 23:38:38.013171291
[2023-06-27T23:38:40Z INFO  dt_instance] received at 2023-06-27 23:38:40.526146075 UTC - from mc-1->source-3 "258" 23:38:40.523695914
[2023-06-27T23:38:43Z INFO  dt_instance] received at 2023-06-27 23:38:43.029972098 UTC - from mc-1->source-1 "268" 23:38:43.028900767
[2023-06-27T23:38:45Z INFO  dt_instance] received at 2023-06-27 23:38:45.535723992 UTC - from mc-1->source-1 "273" 23:38:45.534709555
[2023-06-27T23:38:48Z INFO  dt_instance] received at 2023-06-27 23:38:48.041477005 UTC - from mc-1->source-1 "278" 23:38:48.040316907
[2023-06-27T23:38:50Z INFO  dt_instance] received at 2023-06-27 23:38:50.546881764 UTC - from mc-1->source-1 "283" 23:38:50.545773
[2023-06-27T23:38:53Z INFO  dt_instance] received at 2023-06-27 23:38:53.055630242 UTC - from mc-1->source-1 "288" 23:38:53.050694734
[2023-06-27T23:38:55Z INFO  dt_instance] received at 2023-06-27 23:38:55.559237120 UTC - from mc-1->source-3 "288" 23:38:55.558051481
[2023-06-27T23:38:58Z INFO  dt_instance] received at 2023-06-27 23:38:58.065748468 UTC - from mc-1->source-3 "293" 23:38:58.064672766
[2023-06-27T23:39:00Z INFO  dt_instance] received at 2023-06-27 23:39:00.571696574 UTC - from mc-1->source-3 "298" 23:39:00.570636591
[2023-06-27T23:39:03Z INFO  dt_instance] received at 2023-06-27 23:39:03.077751143 UTC - from mc-1->source-3 "303" 23:39:03.076479054
[2023-06-27T23:39:05Z INFO  dt_instance] received at 2023-06-27 23:39:05.584653433 UTC - from mc-1->source-1 "313" 23:39:05.582749381
[2023-06-27T23:39:08Z INFO  dt_instance] received at 2023-06-27 23:39:08.092010653 UTC - from mc-1->source-3 "313" 23:39:08.089370287
[2023-06-27T23:39:10Z INFO  dt_instance] received at 2023-06-27 23:39:10.596810023 UTC - from mc-1->source-5 "313" 23:39:10.595877663
[2023-06-27T23:39:13Z INFO  dt_instance] received at 2023-06-27 23:39:13.104308404 UTC - from mc-1->source-7 "313" 23:39:13.103549614
[2023-06-27T23:39:15Z INFO  dt_instance] received at 2023-06-27 23:39:15.611263421 UTC - from mc-1->source-3 "328" 23:39:15.609934720
[2023-06-27T23:39:18Z INFO  dt_instance] received at 2023-06-27 23:39:18.117764842 UTC - from mc-1->source-7 "323" 23:39:18.116629804
[2023-06-27T23:39:20Z INFO  dt_instance] received at 2023-06-27 23:39:20.624077576 UTC - from mc-1->source-7 "328" 23:39:20.622701061
[2023-06-27T23:39:23Z INFO  dt_instance] received at 2023-06-27 23:39:23.135014177 UTC - from mc-1->source-5 "338" 23:39:23.130976610
[2023-06-27T23:39:25Z INFO  dt_instance] received at 2023-06-27 23:39:25.639844428 UTC - from mc-1->source-5 "343" 23:39:25.638802663
[2023-06-27T23:39:28Z INFO  dt_instance] received at 2023-06-27 23:39:28.144786164 UTC - from mc-1->source-7 "343" 23:39:28.143738135
[2023-06-27T23:39:30Z INFO  dt_instance] received at 2023-06-27 23:39:30.652034861 UTC - from mc-1->source-5 "353" 23:39:30.651133784
[2023-06-27T23:39:33Z INFO  dt_instance] received at 2023-06-27 23:39:33.158513636 UTC - from mc-1->source-5 "358" 23:39:33.157282721
[2023-06-27T23:39:35Z INFO  dt_instance] received at 2023-06-27 23:39:35.664318012 UTC - from mc-1->source-3 "368" 23:39:35.663121717
[2023-06-27T23:39:38Z INFO  dt_instance] received at 2023-06-27 23:39:38.173456585 UTC - from mc-1->source-3 "373" 23:39:38.169405756
[2023-06-27T23:39:40Z INFO  dt_instance] received at 2023-06-27 23:39:40.675043730 UTC - from mc-1->source-5 "373" 23:39:40.673706227
[2023-06-27T23:39:43Z INFO  dt_instance] received at 2023-06-27 23:39:43.184903821 UTC - from mc-1->source-3 "383" 23:39:43.181695687
[2023-06-27T23:39:45Z INFO  dt_instance] received at 2023-06-27 23:39:45.689073751 UTC - from mc-1->source-5 "383" 23:39:45.688039249
[2023-06-27T23:39:48Z INFO  dt_instance] received at 2023-06-27 23:39:48.195780556 UTC - from mc-1->source-3 "393" 23:39:48.194911510
[2023-06-27T23:39:50Z INFO  dt_instance] received at 2023-06-27 23:39:50.701119191 UTC - from mc-1->source-3 "398" 23:39:50.699750151
[2023-06-27T23:39:53Z INFO  dt_instance] received at 2023-06-27 23:39:53.209221039 UTC - from mc-1->source-3 "403" 23:39:53.206612709
[2023-06-27T23:39:55Z INFO  dt_instance] received at 2023-06-27 23:39:55.722412437 UTC - from mc-1->source-3 "408" 23:39:55.720440072
[2023-06-27T23:39:58Z INFO  dt_instance] received at 2023-06-27 23:39:58.226841282 UTC - from mc-1->source-3 "413" 23:39:58.225530962
[2023-06-27T23:40:00Z INFO  dt_instance] received at 2023-06-27 23:40:00.730800461 UTC - from mc-1->source-3 "418" 23:40:00.729769247
[2023-06-27T23:40:03Z INFO  dt_instance] received at 2023-06-27 23:40:03.235992724 UTC - from mc-1->source-3 "423" 23:40:03.234850839
[2023-06-27T23:40:05Z INFO  dt_instance] received at 2023-06-27 23:40:05.743482084 UTC - from mc-1->source-3 "428" 23:40:05.742464588
[2023-06-27T23:40:08Z INFO  dt_instance] received at 2023-06-27 23:40:08.248642267 UTC - from mc-1->source-3 "433" 23:40:08.247344438
[2023-06-27T23:40:10Z INFO  dt_instance] received at 2023-06-27 23:40:10.753757979 UTC - from mc-1->source-3 "438" 23:40:10.752978524
[2023-06-27T23:40:13Z INFO  dt_instance] received at 2023-06-27 23:40:13.258549970 UTC - from mc-1->source-3 "443" 23:40:13.257825523
[2023-06-27T23:40:15Z INFO  dt_instance] received at 2023-06-27 23:40:15.764168545 UTC - from mc-1->source-3 "448" 23:40:15.763064378
[2023-06-27T23:40:18Z INFO  dt_instance] received at 2023-06-27 23:40:18.269055153 UTC - from mc-1->source-3 "453" 23:40:18.268022874
[2023-06-27T23:40:20Z INFO  dt_instance] received at 2023-06-27 23:40:20.776340853 UTC - from mc-1->source-3 "458" 23:40:20.773482995
[2023-06-27T23:40:23Z INFO  dt_instance] received at 2023-06-27 23:40:23.281940614 UTC - from mc-1->source-3 "463" 23:40:23.277837346
[2023-06-27T23:40:25Z INFO  dt_instance] received at 2023-06-27 23:40:25.790523168 UTC - from mc-1->source-3 "468" 23:40:25.782798318
[2023-06-27T23:40:28Z INFO  dt_instance] received at 2023-06-27 23:40:28.290574437 UTC - from mc-1->source-3 "473" 23:40:28.289809167
[2023-06-27T23:40:30Z INFO  dt_instance] received at 2023-06-27 23:40:30.807959053 UTC - from mc-1->source-7 "468" 23:40:30.791537880
[2023-06-27T23:40:33Z INFO  dt_instance] received at 2023-06-27 23:40:33.301395688 UTC - from mc-1->source-3 "483" 23:40:33.300162646
[2023-06-27T23:40:35Z INFO  dt_instance] received at 2023-06-27 23:40:35.807666615 UTC - from mc-1->source-7 "478" 23:40:35.806553812
[2023-06-27T23:40:38Z INFO  dt_instance] received at 2023-06-27 23:40:38.317093127 UTC - from mc-1->source-3 "493" 23:40:38.312128204
[2023-06-27T23:40:40Z INFO  dt_instance] received at 2023-06-27 23:40:40.820135425 UTC - from mc-1->source-7 "488" 23:40:40.819213138
[2023-06-27T23:40:43Z INFO  dt_instance] received at 2023-06-27 23:40:43.325894469 UTC - from mc-1->source-7 "493" 23:40:43.324553473
[2023-06-27T23:40:45Z INFO  dt_instance] received at 2023-06-27 23:40:45.832232767 UTC - from mc-1->source-7 "498" 23:40:45.831376377
[2023-06-27T23:40:48Z INFO  dt_instance] received at 2023-06-27 23:40:48.338032153 UTC - from mc-1->source-7 "503" 23:40:48.337061305
[2023-06-27T23:40:50Z INFO  dt_instance] received at 2023-06-27 23:40:50.843706371 UTC - from mc-1->source-7 "508" 23:40:50.842700142
[2023-06-27T23:40:53Z INFO  dt_instance] received at 2023-06-27 23:40:53.352022247 UTC - from mc-1->source-7 "513" 23:40:53.349604903
[2023-06-27T23:40:55Z INFO  dt_instance] received at 2023-06-27 23:40:55.856758666 UTC - from mc-1->source-7 "518" 23:40:55.855366201
[2023-06-27T23:40:58Z INFO  dt_instance] received at 2023-06-27 23:40:58.368808041 UTC - from mc-1->source-3 "533" 23:40:58.359332320
[2023-06-27T23:41:00Z INFO  dt_instance] received at 2023-06-27 23:41:00.870274642 UTC - from mc-1->source-7 "528" 23:41:00.867263468
[2023-06-27T23:41:03Z INFO  dt_instance] received at 2023-06-27 23:41:03.373989780 UTC - from mc-1->source-7 "533" 23:41:03.372381534
[2023-06-27T23:41:05Z INFO  dt_instance] received at 2023-06-27 23:41:05.880235972 UTC - from mc-1->source-3 "548" 23:41:05.879031984
[2023-06-27T23:41:08Z INFO  dt_instance] received at 2023-06-27 23:41:08.389047858 UTC - from mc-1->source-3 "553" 23:41:08.385144899
[2023-06-27T23:41:10Z INFO  dt_instance] received at 2023-06-27 23:41:10.893195474 UTC - from mc-1->source-3 "558" 23:41:10.891731385
[2023-06-27T23:41:13Z INFO  dt_instance] received at 2023-06-27 23:41:13.401764565 UTC - from mc-1->source-3 "563" 23:41:13.400484117
[2023-06-27T23:41:15Z INFO  dt_instance] received at 2023-06-27 23:41:15.906990113 UTC - from mc-1->source-3 "568" 23:41:15.905740761
[2023-06-27T23:41:18Z INFO  dt_instance] received at 2023-06-27 23:41:18.411862243 UTC - from mc-1->source-3 "573" 23:41:18.411062301
[2023-06-27T23:41:20Z INFO  dt_instance] received at 2023-06-27 23:41:20.918796443 UTC - from mc-1->source-3 "578" 23:41:20.917305849
[2023-06-27T23:41:23Z INFO  dt_instance] received at 2023-06-27 23:41:23.422855853 UTC - from mc-1->source-3 "583" 23:41:23.422099906
[2023-06-27T23:41:25Z INFO  dt_instance] received at 2023-06-27 23:41:25.928742045 UTC - from mc-1->source-3 "588" 23:41:25.927500599
[2023-06-27T23:41:28Z INFO  dt_instance] received at 2023-06-27 23:41:28.434274546 UTC - from mc-1->source-3 "593" 23:41:28.433340034
[2023-06-27T23:41:30Z INFO  dt_instance] received at 2023-06-27 23:41:30.938870385 UTC - from mc-1->source-3 "598" 23:41:30.937897179
[2023-06-27T23:41:33Z INFO  dt_instance] received at 2023-06-27 23:41:33.444246294 UTC - from mc-1->source-3 "603" 23:41:33.443431114
[2023-06-27T23:41:35Z INFO  dt_instance] received at 2023-06-27 23:41:35.950661455 UTC - from mc-1->source-3 "608" 23:41:35.949472440
[2023-06-27T23:41:38Z INFO  dt_instance] received at 2023-06-27 23:41:38.456205683 UTC - from mc-1->source-3 "613" 23:41:38.455448932
[2023-06-27T23:41:40Z INFO  dt_instance] received at 2023-06-27 23:41:40.964831279 UTC - from mc-1->source-3 "618" 23:41:40.962188903
[2023-06-27T23:41:43Z INFO  dt_instance] received at 2023-06-27 23:41:43.468892225 UTC - from mc-1->source-3 "623" 23:41:43.467920355
[2023-06-27T23:41:45Z INFO  dt_instance] received at 2023-06-27 23:41:45.978250273 UTC - from mc-1->source-3 "628" 23:41:45.974315314
[2023-06-27T23:41:48Z INFO  dt_instance] received at 2023-06-27 23:41:48.479937477 UTC - from mc-1->source-3 "633" 23:41:48.479085333
[2023-06-27T23:41:50Z INFO  dt_instance] received at 2023-06-27 23:41:50.994269657 UTC - from mc-1->source-7 "628" 23:41:50.993076520
[2023-06-27T23:41:53Z INFO  dt_instance] received at 2023-06-27 23:41:53.499358179 UTC - from mc-1->source-3 "643" 23:41:53.498126366
[2023-06-27T23:41:56Z INFO  dt_instance] received at 2023-06-27 23:41:56.007170029 UTC - from mc-1->source-7 "638" 23:41:56.006267203
[2023-06-27T23:41:58Z INFO  dt_instance] received at 2023-06-27 23:41:58.513140508 UTC - from mc-1->source-7 "643" 23:41:58.512227470
[2023-06-27T23:42:01Z INFO  dt_instance] received at 2023-06-27 23:42:01.020042874 UTC - from mc-1->source-3 "658" 23:42:01.017716290
[2023-06-27T23:42:03Z INFO  dt_instance] received at 2023-06-27 23:42:03.525344588 UTC - from mc-1->source-3 "663" 23:42:03.524144608
[2023-06-27T23:42:06Z INFO  dt_instance] received at 2023-06-27 23:42:06.032683475 UTC - from mc-1->source-3 "668" 23:42:06.030629618
[2023-06-27T23:42:08Z INFO  dt_instance] received at 2023-06-27 23:42:08.537881146 UTC - from mc-1->source-3 "673" 23:42:08.536812404
[2023-06-27T23:42:11Z INFO  dt_instance] received at 2023-06-27 23:42:11.049219364 UTC - from mc-1->source-3 "678" 23:42:11.048533197
[2023-06-27T23:42:13Z INFO  dt_instance] received at 2023-06-27 23:42:13.560197276 UTC - from mc-1->source-3 "683" 23:42:13.555704731
[2023-06-27T23:42:16Z INFO  dt_instance] received at 2023-06-27 23:42:16.066301390 UTC - from mc-1->source-3 "688" 23:42:16.062092023
[2023-06-27T23:42:18Z INFO  dt_instance] received at 2023-06-27 23:42:18.570782282 UTC - from mc-1->source-3 "693" 23:42:18.567959584
[2023-06-27T23:42:21Z INFO  dt_instance] received at 2023-06-27 23:42:21.076082149 UTC - from mc-1->source-3 "698" 23:42:21.074063197
[2023-06-27T23:42:23Z INFO  dt_instance] received at 2023-06-27 23:42:23.580622499 UTC - from mc-1->source-3 "703" 23:42:23.579824632
[2023-06-27T23:42:26Z INFO  dt_instance] received at 2023-06-27 23:42:26.088517423 UTC - from mc-1->source-3 "708" 23:42:26.086649518
[2023-06-27T23:42:28Z INFO  dt_instance] received at 2023-06-27 23:42:28.597066291 UTC - from mc-1->source-3 "713" 23:42:28.592563056
[2023-06-27T23:42:31Z INFO  dt_instance] received at 2023-06-27 23:42:31.102330551 UTC - from mc-1->source-3 "718" 23:42:31.099922013
[2023-06-27T23:42:33Z INFO  dt_instance] received at 2023-06-27 23:42:33.607547576 UTC - from mc-1->source-3 "723" 23:42:33.606378258
[2023-06-27T23:42:36Z INFO  dt_instance] received at 2023-06-27 23:42:36.112433841 UTC - from mc-1->source-3 "728" 23:42:36.111654825
[2023-06-27T23:42:38Z INFO  dt_instance] received at 2023-06-27 23:42:38.618629612 UTC - from mc-1->source-3 "733" 23:42:38.617110090
[2023-06-27T23:42:41Z INFO  dt_instance] received at 2023-06-27 23:42:41.124710731 UTC - from mc-1->source-3 "738" 23:42:41.123221856
[2023-06-27T23:42:43Z INFO  dt_instance] received at 2023-06-27 23:42:43.639673430 UTC - from mc-1->source-3 "743" 23:42:43.630408153
[2023-06-27T23:42:46Z INFO  dt_instance] received at 2023-06-27 23:42:46.139501076 UTC - from mc-1->source-3 "748" 23:42:46.136229475
[2023-06-27T23:42:48Z INFO  dt_instance] received at 2023-06-27 23:42:48.644532010 UTC - from mc-1->source-3 "753" 23:42:48.641246701
[2023-06-27T23:42:51Z INFO  dt_instance] received at 2023-06-27 23:42:51.147505611 UTC - from mc-1->source-3 "758" 23:42:51.145902649
[2023-06-27T23:42:53Z INFO  dt_instance] received at 2023-06-27 23:42:53.654349995 UTC - from mc-1->source-3 "763" 23:42:53.652683726
[2023-06-27T23:42:56Z INFO  dt_instance] received at 2023-06-27 23:42:56.159605412 UTC - from mc-1->source-3 "768" 23:42:56.158837464
[2023-06-27T23:42:58Z INFO  dt_instance] received at 2023-06-27 23:42:58.666438140 UTC - from mc-1->source-3 "773" 23:42:58.664090042
[2023-06-27T23:43:01Z INFO  dt_instance] received at 2023-06-27 23:43:01.170382179 UTC - from mc-1->source-3 "778" 23:43:01.169172295
[2023-06-27T23:43:03Z INFO  dt_instance] received at 2023-06-27 23:43:03.683442814 UTC - from mc-1->source-3 "783" 23:43:03.675137236
[2023-06-27T23:43:06Z INFO  dt_instance] received at 2023-06-27 23:43:06.184034293 UTC - from mc-1->source-3 "788" 23:43:06.181675288
[2023-06-27T23:43:08Z INFO  dt_instance] received at 2023-06-27 23:43:08.688596425 UTC - from mc-1->source-3 "793" 23:43:08.686969402
[2023-06-27T23:43:11Z INFO  dt_instance] received at 2023-06-27 23:43:11.194269874 UTC - from mc-1->source-3 "798" 23:43:11.193282124
[2023-06-27T23:43:13Z INFO  dt_instance] received at 2023-06-27 23:43:13.699871242 UTC - from mc-1->source-3 "803" 23:43:13.698517769
[2023-06-27T23:43:16Z INFO  dt_instance] received at 2023-06-27 23:43:16.203955262 UTC - from mc-1->source-3 "808" 23:43:16.203105605
[2023-06-27T23:43:18Z INFO  dt_instance] received at 2023-06-27 23:43:18.710990627 UTC - from mc-1->source-3 "813" 23:43:18.708245633
[2023-06-27T23:43:21Z INFO  dt_instance] received at 2023-06-27 23:43:21.215325568 UTC - from mc-1->source-3 "818" 23:43:21.214409453
[2023-06-27T23:43:23Z INFO  dt_instance] received at 2023-06-27 23:43:23.722268719 UTC - from mc-1->source-3 "823" 23:43:23.720676172
[2023-06-27T23:43:26Z INFO  dt_instance] received at 2023-06-27 23:43:26.235099822 UTC - from mc-1->source-3 "828" 23:43:26.233402444
[2023-06-27T23:43:28Z INFO  dt_instance] received at 2023-06-27 23:43:28.743498948 UTC - from mc-1->source-3 "833" 23:43:28.738560460
[2023-06-27T23:43:31Z INFO  dt_instance] received at 2023-06-27 23:43:31.246576916 UTC - from mc-1->source-3 "838" 23:43:31.245178211
[2023-06-27T23:43:33Z INFO  dt_instance] received at 2023-06-27 23:43:33.751445808 UTC - from mc-1->source-3 "843" 23:43:33.750541291
[2023-06-27T23:43:36Z INFO  dt_instance] received at 2023-06-27 23:43:36.255799489 UTC - from mc-1->source-3 "848" 23:43:36.254751686
[2023-06-27T23:43:38Z INFO  dt_instance] received at 2023-06-27 23:43:38.764033419 UTC - from mc-1->source-3 "853" 23:43:38.759995436
[2023-06-27T23:43:41Z INFO  dt_instance] received at 2023-06-27 23:43:41.268454418 UTC - from mc-1->source-3 "858" 23:43:41.266879706
[2023-06-27T23:43:43Z INFO  dt_instance] received at 2023-06-27 23:43:43.796561622 UTC - from mc-1->source-7 "853" 23:43:43.764355069
[2023-06-27T23:43:46Z INFO  dt_instance] received at 2023-06-27 23:43:46.280116571 UTC - from mc-1->source-3 "868" 23:43:46.279015097
[2023-06-27T23:43:48Z INFO  dt_instance] received at 2023-06-27 23:43:48.788404735 UTC - from mc-1->source-3 "873" 23:43:48.785278188
[2023-06-27T23:43:51Z INFO  dt_instance] received at 2023-06-27 23:43:51.293911309 UTC - from mc-1->source-3 "878" 23:43:51.291701104
[2023-06-27T23:43:53Z INFO  dt_instance] received at 2023-06-27 23:43:53.809678479 UTC - from mc-1->source-3 "883" 23:43:53.797989126
[2023-06-27T23:43:56Z INFO  dt_instance] received at 2023-06-27 23:43:56.321953623 UTC - from mc-1->source-3 "888" 23:43:56.304990173
[2023-06-27T23:43:58Z INFO  dt_instance] received at 2023-06-27 23:43:58.814870649 UTC - from mc-1->source-3 "893" 23:43:58.809879010
[2023-06-27T23:44:01Z INFO  dt_instance] received at 2023-06-27 23:44:01.317299076 UTC - from mc-1->source-3 "898" 23:44:01.316104593
[2023-06-27T23:44:03Z INFO  dt_instance] received at 2023-06-27 23:44:03.822434244 UTC - from mc-1->source-3 "903" 23:44:03.820961785
[2023-06-27T23:44:06Z INFO  dt_instance] received at 2023-06-27 23:44:06.330471482 UTC - from mc-1->source-3 "908" 23:44:06.328605425
[2023-06-27T23:44:08Z INFO  dt_instance] received at 2023-06-27 23:44:08.850479223 UTC - from mc-1->source-7 "903" 23:44:08.823570175
[2023-06-27T23:44:11Z INFO  dt_instance] received at 2023-06-27 23:44:11.341274095 UTC - from mc-1->source-3 "918" 23:44:11.340084067
[2023-06-27T23:44:13Z INFO  dt_instance] received at 2023-06-27 23:44:13.845846005 UTC - from mc-1->source-3 "923" 23:44:13.844963632
[2023-06-27T23:44:16Z INFO  dt_instance] received at 2023-06-27 23:44:16.352644917 UTC - from mc-1->source-3 "928" 23:44:16.350031711
[2023-06-27T23:44:18Z INFO  dt_instance] received at 2023-06-27 23:44:18.856045862 UTC - from mc-1->source-3 "933" 23:44:18.854817251
[2023-06-27T23:44:21Z INFO  dt_instance] received at 2023-06-27 23:44:21.361648172 UTC - from mc-1->source-3 "938" 23:44:21.360493464
[2023-06-27T23:44:23Z INFO  dt_instance] received at 2023-06-27 23:44:23.867091974 UTC - from mc-1->source-3 "943" 23:44:23.866277523
[2023-06-27T23:44:26Z INFO  dt_instance] received at 2023-06-27 23:44:26.372748433 UTC - from mc-1->source-3 "948" 23:44:26.371733840
[2023-06-27T23:44:28Z INFO  dt_instance] received at 2023-06-27 23:44:28.880358196 UTC - from mc-1->source-3 "953" 23:44:28.877569551
[2023-06-27T23:44:31Z INFO  dt_instance] received at 2023-06-27 23:44:31.396946176 UTC - from mc-1->source-3 "958" 23:44:31.383337484
[2023-06-27T23:44:33Z INFO  dt_instance] received at 2023-06-27 23:44:33.889810935 UTC - from mc-1->source-3 "963" 23:44:33.889073708
[2023-06-27T23:44:36Z INFO  dt_instance] received at 2023-06-27 23:44:36.395839387 UTC - from mc-1->source-3 "968" 23:44:36.394519275
[2023-06-27T23:44:38Z INFO  dt_instance] received at 2023-06-27 23:44:38.910826069 UTC - from mc-1->source-3 "973" 23:44:38.899546169
[2023-06-27T23:44:41Z INFO  dt_instance] received at 2023-06-27 23:44:41.407289468 UTC - from mc-1->source-3 "978" 23:44:41.406213205
[2023-06-27T23:44:43Z INFO  dt_instance] received at 2023-06-27 23:44:43.913967940 UTC - from mc-1->source-3 "983" 23:44:43.912708879
[2023-06-27T23:44:46Z INFO  dt_instance] received at 2023-06-27 23:44:46.425641545 UTC - from mc-1->source-3 "988" 23:44:46.423232023
[2023-06-27T23:44:49Z INFO  dt_instance] received at 2023-06-27 23:44:49.147363557 UTC - from mc-1->source-4 "991" 23:44:49.145440381
[2023-06-27T23:44:52Z INFO  dt_instance] received at 2023-06-27 23:44:52.371736086 UTC - from mc-1->source-9 "985" 23:44:52.369038092
[2023-06-27T23:44:59Z INFO  dt_instance] received at 2023-06-27 23:44:59.387450375 UTC - from mc-1->source-9 "999" 23:44:59.385917320
