[2023-07-17T17:53:36Z INFO  dt_instance] Current Twin: mc-twin-22
[2023-07-17T17:53:36Z INFO  dt_instance] Replica Name twin-mc-stateful-22
[2023-07-17T17:53:36Z INFO  dt_instance] Sleeping for 1100
[2023-07-17T18:11:56Z INFO  dt_instance] Connecting to broker at emqx.dtwins:1883
[2023-07-17T18:11:56Z INFO  dt_instance] Loggin info each 50 messages
[2023-07-17T18:11:56Z INFO  dt_instance] Set max packet size to 60000 KB.
[2023-07-17T18:11:56Z INFO  dt_instance] Refreshing topics for twin - Listen to mc-22/#
[2023-07-17T18:11:56Z INFO  dt_instance] SubAck { pkid: 1, return_codes: [Success(ExactlyOnce)] }
[2023-07-17T18:13:09Z INFO  dt_instance] received at 2023-07-17 18:13:09.227804900 UTC - from mc-22->source-2 "9" 18:13:09.219474490
[2023-07-17T18:13:12Z INFO  dt_instance] received at 2023-07-17 18:13:12.480104188 UTC - from mc-22->source-3 "13" 18:13:12.475653194
[2023-07-17T18:13:15Z INFO  dt_instance] received at 2023-07-17 18:13:15.068368276 UTC - from mc-22->source-3 "18" 18:13:14.981764937
[2023-07-17T18:13:17Z INFO  dt_instance] received at 2023-07-17 18:13:17.506839803 UTC - from mc-22->source-3 "23" 18:13:17.487892789
[2023-07-17T18:13:20Z INFO  dt_instance] received at 2023-07-17 18:13:20.000193528 UTC - from mc-22->source-3 "28" 18:13:19.994765986
[2023-07-17T18:13:22Z INFO  dt_instance] received at 2023-07-17 18:13:22.512120443 UTC - from mc-22->source-1 "38" 18:13:22.504008902
[2023-07-17T18:13:25Z INFO  dt_instance] received at 2023-07-17 18:13:25.019021138 UTC - from mc-22->source-3 "38" 18:13:25.005673329
[2023-07-17T18:13:27Z INFO  dt_instance] received at 2023-07-17 18:13:27.518833912 UTC - from mc-22->source-1 "48" 18:13:27.515204670
[2023-07-17T18:13:30Z INFO  dt_instance] received at 2023-07-17 18:13:30.032711070 UTC - from mc-22->source-7 "38" 18:13:30.012407352
[2023-07-17T18:13:32Z INFO  dt_instance] received at 2023-07-17 18:13:32.530335418 UTC - from mc-22->source-1 "58" 18:13:32.526339333
[2023-07-17T18:13:35Z INFO  dt_instance] received at 2023-07-17 18:13:35.059313630 UTC - from mc-22->source-7 "48" 18:13:35.030624806
[2023-07-17T18:13:37Z INFO  dt_instance] received at 2023-07-17 18:13:37.559734397 UTC - from mc-22->source-3 "63" 18:13:37.538118292
[2023-07-17T18:13:40Z INFO  dt_instance] received at 2023-07-17 18:13:40.054327617 UTC - from mc-22->source-5 "63" 18:13:40.045927595
[2023-07-17T18:13:42Z INFO  dt_instance] received at 2023-07-17 18:13:42.554832930 UTC - from mc-22->source-7 "63" 18:13:42.553296232
[2023-07-17T18:13:45Z INFO  dt_instance] received at 2023-07-17 18:13:45.062408817 UTC - from mc-22->source-3 "78" 18:13:45.059336968
[2023-07-17T18:13:47Z INFO  dt_instance] received at 2023-07-17 18:13:47.568573863 UTC - from mc-22->source-1 "88" 18:13:47.565713324
[2023-07-17T18:13:50Z INFO  dt_instance] received at 2023-07-17 18:13:50.075111745 UTC - from mc-22->source-7 "78" 18:13:50.073089358
[2023-07-17T18:13:52Z INFO  dt_instance] received at 2023-07-17 18:13:52.596759942 UTC - from mc-22->source-1 "98" 18:13:52.576178574
[2023-07-17T18:13:55Z INFO  dt_instance] received at 2023-07-17 18:13:55.088003011 UTC - from mc-22->source-5 "93" 18:13:55.084057453
[2023-07-17T18:13:57Z INFO  dt_instance] received at 2023-07-17 18:13:57.599293855 UTC - from mc-22->source-5 "98" 18:13:57.590219468
[2023-07-17T18:14:00Z INFO  dt_instance] received at 2023-07-17 18:14:00.099565686 UTC - from mc-22->source-3 "108" 18:14:00.097097787
[2023-07-17T18:14:02Z INFO  dt_instance] received at 2023-07-17 18:14:02.608385144 UTC - from mc-22->source-1 "118" 18:14:02.600310099
[2023-07-17T18:14:05Z INFO  dt_instance] received at 2023-07-17 18:14:05.110644982 UTC - from mc-22->source-3 "118" 18:14:05.109378092
[2023-07-17T18:14:07Z INFO  dt_instance] received at 2023-07-17 18:14:07.618014619 UTC - from mc-22->source-1 "128" 18:14:07.612574259
[2023-07-17T18:14:10Z INFO  dt_instance] received at 2023-07-17 18:14:10.122136950 UTC - from mc-22->source-3 "128" 18:14:10.120779733
[2023-07-17T18:14:12Z INFO  dt_instance] received at 2023-07-17 18:14:12.629085371 UTC - from mc-22->source-5 "128" 18:14:12.626243625
[2023-07-17T18:14:15Z INFO  dt_instance] received at 2023-07-17 18:14:15.138205915 UTC - from mc-22->source-1 "143" 18:14:15.130896910
[2023-07-17T18:14:17Z INFO  dt_instance] received at 2023-07-17 18:14:17.654882525 UTC - from mc-22->source-3 "143" 18:14:17.637561497
[2023-07-17T18:14:20Z INFO  dt_instance] received at 2023-07-17 18:14:20.152308950 UTC - from mc-22->source-1 "153" 18:14:20.140879943
[2023-07-17T18:14:22Z INFO  dt_instance] received at 2023-07-17 18:14:22.650150162 UTC - from mc-22->source-7 "143" 18:14:22.648612357
[2023-07-17T18:14:25Z INFO  dt_instance] received at 2023-07-17 18:14:25.159358294 UTC - from mc-22->source-5 "153" 18:14:25.155327352
[2023-07-17T18:14:27Z INFO  dt_instance] received at 2023-07-17 18:14:27.662322114 UTC - from mc-22->source-3 "163" 18:14:27.660070519
[2023-07-17T18:14:30Z INFO  dt_instance] received at 2023-07-17 18:14:30.169847347 UTC - from mc-22->source-3 "168" 18:14:30.166608364
[2023-07-17T18:14:32Z INFO  dt_instance] received at 2023-07-17 18:14:32.701687323 UTC - from mc-22->source-1 "178" 18:14:32.670494831
[2023-07-17T18:14:35Z INFO  dt_instance] received at 2023-07-17 18:14:35.184638804 UTC - from mc-22->source-5 "173" 18:14:35.183113768
[2023-07-17T18:14:37Z INFO  dt_instance] received at 2023-07-17 18:14:37.692991520 UTC - from mc-22->source-5 "178" 18:14:37.688470754
[2023-07-17T18:14:40Z INFO  dt_instance] received at 2023-07-17 18:14:40.196263213 UTC - from mc-22->source-7 "178" 18:14:40.193887689
[2023-07-17T18:14:42Z INFO  dt_instance] received at 2023-07-17 18:14:42.708872346 UTC - from mc-22->source-3 "193" 18:14:42.701351621
[2023-07-17T18:14:45Z INFO  dt_instance] received at 2023-07-17 18:14:45.211277216 UTC - from mc-22->source-5 "193" 18:14:45.207798241
[2023-07-17T18:14:47Z INFO  dt_instance] received at 2023-07-17 18:14:47.714734904 UTC - from mc-22->source-3 "203" 18:14:47.713092071
[2023-07-17T18:14:50Z INFO  dt_instance] received at 2023-07-17 18:14:50.221003859 UTC - from mc-22->source-3 "208" 18:14:50.218697390
[2023-07-17T18:14:52Z INFO  dt_instance] received at 2023-07-17 18:14:52.736160716 UTC - from mc-22->source-3 "213" 18:14:52.734627504
[2023-07-17T18:14:55Z INFO  dt_instance] received at 2023-07-17 18:14:55.249263992 UTC - from mc-22->source-3 "218" 18:14:55.240862719
[2023-07-17T18:14:57Z INFO  dt_instance] received at 2023-07-17 18:14:57.752265726 UTC - from mc-22->source-3 "223" 18:14:57.747689938
[2023-07-17T18:15:00Z INFO  dt_instance] received at 2023-07-17 18:15:00.254971113 UTC - from mc-22->source-5 "223" 18:15:00.253773924
[2023-07-17T18:15:02Z INFO  dt_instance] received at 2023-07-17 18:15:02.762625737 UTC - from mc-22->source-5 "228" 18:15:02.760867899
[2023-07-17T18:15:05Z INFO  dt_instance] received at 2023-07-17 18:15:05.270893668 UTC - from mc-22->source-5 "233" 18:15:05.266948012
[2023-07-17T18:15:07Z INFO  dt_instance] received at 2023-07-17 18:15:07.774429453 UTC - from mc-22->source-5 "238" 18:15:07.772702094
[2023-07-17T18:15:10Z INFO  dt_instance] received at 2023-07-17 18:15:10.282842505 UTC - from mc-22->source-3 "248" 18:15:10.279111567
[2023-07-17T18:15:12Z INFO  dt_instance] received at 2023-07-17 18:15:12.788097686 UTC - from mc-22->source-5 "248" 18:15:12.784732981
[2023-07-17T18:15:15Z INFO  dt_instance] received at 2023-07-17 18:15:15.293909544 UTC - from mc-22->source-5 "253" 18:15:15.291725234
[2023-07-17T18:15:17Z INFO  dt_instance] received at 2023-07-17 18:15:17.800838299 UTC - from mc-22->source-3 "263" 18:15:17.798325069
[2023-07-17T18:15:20Z INFO  dt_instance] received at 2023-07-17 18:15:20.306163032 UTC - from mc-22->source-3 "268" 18:15:20.303977339
[2023-07-17T18:15:22Z INFO  dt_instance] received at 2023-07-17 18:15:22.812870205 UTC - from mc-22->source-3 "273" 18:15:22.811689623
[2023-07-17T18:15:25Z INFO  dt_instance] received at 2023-07-17 18:15:25.320403266 UTC - from mc-22->source-3 "278" 18:15:25.318926942
[2023-07-17T18:15:27Z INFO  dt_instance] received at 2023-07-17 18:15:27.831029727 UTC - from mc-22->source-3 "283" 18:15:27.826464827
[2023-07-17T18:15:30Z INFO  dt_instance] received at 2023-07-17 18:15:30.336157561 UTC - from mc-22->source-3 "288" 18:15:30.331430042
[2023-07-17T18:15:32Z INFO  dt_instance] received at 2023-07-17 18:15:32.839696391 UTC - from mc-22->source-3 "293" 18:15:32.837400530
[2023-07-17T18:15:35Z INFO  dt_instance] received at 2023-07-17 18:15:35.345159088 UTC - from mc-22->source-3 "298" 18:15:35.343733971
[2023-07-17T18:15:37Z INFO  dt_instance] received at 2023-07-17 18:15:37.852805172 UTC - from mc-22->source-3 "303" 18:15:37.849079220
[2023-07-17T18:15:40Z INFO  dt_instance] received at 2023-07-17 18:15:40.358653839 UTC - from mc-22->source-5 "303" 18:15:40.356828876
[2023-07-17T18:15:42Z INFO  dt_instance] received at 2023-07-17 18:15:42.866576991 UTC - from mc-22->source-3 "313" 18:15:42.865260687
[2023-07-17T18:15:45Z INFO  dt_instance] received at 2023-07-17 18:15:45.373102425 UTC - from mc-22->source-3 "318" 18:15:45.371596365
[2023-07-17T18:15:47Z INFO  dt_instance] received at 2023-07-17 18:15:47.880081732 UTC - from mc-22->source-3 "323" 18:15:47.878276652
[2023-07-17T18:15:50Z INFO  dt_instance] received at 2023-07-17 18:15:50.385104349 UTC - from mc-22->source-3 "328" 18:15:50.383545030
[2023-07-17T18:15:52Z INFO  dt_instance] received at 2023-07-17 18:15:52.891072252 UTC - from mc-22->source-3 "333" 18:15:52.888678251
[2023-07-17T18:15:55Z INFO  dt_instance] received at 2023-07-17 18:15:55.395200417 UTC - from mc-22->source-3 "338" 18:15:55.393701331
[2023-07-17T18:15:57Z INFO  dt_instance] received at 2023-07-17 18:15:57.902324310 UTC - from mc-22->source-3 "343" 18:15:57.899876127
[2023-07-17T18:16:00Z INFO  dt_instance] received at 2023-07-17 18:16:00.411795749 UTC - from mc-22->source-1 "353" 18:16:00.391669457
[2023-07-17T18:16:02Z INFO  dt_instance] received at 2023-07-17 18:16:02.912701422 UTC - from mc-22->source-3 "353" 18:16:02.910015009
[2023-07-17T18:16:05Z INFO  dt_instance] received at 2023-07-17 18:16:05.417298183 UTC - from mc-22->source-5 "353" 18:16:05.416342348
[2023-07-17T18:16:07Z INFO  dt_instance] received at 2023-07-17 18:16:07.923786775 UTC - from mc-22->source-5 "358" 18:16:07.922292518
[2023-07-17T18:16:10Z INFO  dt_instance] received at 2023-07-17 18:16:10.428918022 UTC - from mc-22->source-5 "363" 18:16:10.426974255
[2023-07-17T18:16:12Z INFO  dt_instance] received at 2023-07-17 18:16:12.934662226 UTC - from mc-22->source-5 "368" 18:16:12.932671950
[2023-07-17T18:16:15Z INFO  dt_instance] received at 2023-07-17 18:16:15.447809103 UTC - from mc-22->source-5 "373" 18:16:15.446117721
[2023-07-17T18:16:17Z INFO  dt_instance] received at 2023-07-17 18:16:17.954264822 UTC - from mc-22->source-3 "383" 18:16:17.952731603
[2023-07-17T18:16:20Z INFO  dt_instance] received at 2023-07-17 18:16:20.461446571 UTC - from mc-22->source-5 "383" 18:16:20.459906500
[2023-07-17T18:16:22Z INFO  dt_instance] received at 2023-07-17 18:16:22.968484893 UTC - from mc-22->source-5 "388" 18:16:22.965457150
[2023-07-17T18:16:25Z INFO  dt_instance] received at 2023-07-17 18:16:25.476108303 UTC - from mc-22->source-3 "398" 18:16:25.473626108
[2023-07-17T18:16:27Z INFO  dt_instance] received at 2023-07-17 18:16:27.981406028 UTC - from mc-22->source-3 "403" 18:16:27.979619983
[2023-07-17T18:16:30Z INFO  dt_instance] received at 2023-07-17 18:16:30.489862788 UTC - from mc-22->source-3 "408" 18:16:30.488475707
[2023-07-17T18:16:32Z INFO  dt_instance] received at 2023-07-17 18:16:32.996432167 UTC - from mc-22->source-3 "413" 18:16:32.994220644
[2023-07-17T18:16:35Z INFO  dt_instance] received at 2023-07-17 18:16:35.502200292 UTC - from mc-22->source-3 "418" 18:16:35.500353834
[2023-07-17T18:16:38Z INFO  dt_instance] received at 2023-07-17 18:16:38.008834431 UTC - from mc-22->source-3 "423" 18:16:38.007198810
[2023-07-17T18:16:40Z INFO  dt_instance] received at 2023-07-17 18:16:40.532909509 UTC - from mc-22->source-3 "428" 18:16:40.523244725
[2023-07-17T18:16:43Z INFO  dt_instance] received at 2023-07-17 18:16:43.029154562 UTC - from mc-22->source-3 "433" 18:16:43.028122397
[2023-07-17T18:16:45Z INFO  dt_instance] received at 2023-07-17 18:16:45.536360780 UTC - from mc-22->source-3 "438" 18:16:45.535024931
[2023-07-17T18:16:48Z INFO  dt_instance] received at 2023-07-17 18:16:48.042585716 UTC - from mc-22->source-3 "443" 18:16:48.040886635
[2023-07-17T18:16:50Z INFO  dt_instance] received at 2023-07-17 18:16:50.548393830 UTC - from mc-22->source-3 "448" 18:16:50.547187970
[2023-07-17T18:16:53Z INFO  dt_instance] received at 2023-07-17 18:16:53.054222382 UTC - from mc-22->source-3 "453" 18:16:53.052061605
[2023-07-17T18:16:55Z INFO  dt_instance] received at 2023-07-17 18:16:55.569637698 UTC - from mc-22->source-3 "458" 18:16:55.558438779
[2023-07-17T18:16:58Z INFO  dt_instance] received at 2023-07-17 18:16:58.065367957 UTC - from mc-22->source-3 "463" 18:16:58.063666037
[2023-07-17T18:17:00Z INFO  dt_instance] received at 2023-07-17 18:17:00.572653285 UTC - from mc-22->source-3 "468" 18:17:00.569499665
[2023-07-17T18:17:03Z INFO  dt_instance] received at 2023-07-17 18:17:03.075929179 UTC - from mc-22->source-3 "473" 18:17:03.074386227
[2023-07-17T18:17:05Z INFO  dt_instance] received at 2023-07-17 18:17:05.580552741 UTC - from mc-22->source-3 "478" 18:17:05.578982173
[2023-07-17T18:17:08Z INFO  dt_instance] received at 2023-07-17 18:17:08.085901363 UTC - from mc-22->source-3 "483" 18:17:08.084320741
[2023-07-17T18:17:10Z INFO  dt_instance] received at 2023-07-17 18:17:10.590565381 UTC - from mc-22->source-3 "488" 18:17:10.589202667
[2023-07-17T18:17:13Z INFO  dt_instance] received at 2023-07-17 18:17:13.098089821 UTC - from mc-22->source-3 "493" 18:17:13.095014579
[2023-07-17T18:17:15Z INFO  dt_instance] received at 2023-07-17 18:17:15.603000240 UTC - from mc-22->source-3 "498" 18:17:15.601594486
[2023-07-17T18:17:18Z INFO  dt_instance] received at 2023-07-17 18:17:18.108862532 UTC - from mc-22->source-3 "503" 18:17:18.107480723
[2023-07-17T18:17:20Z INFO  dt_instance] received at 2023-07-17 18:17:20.615664441 UTC - from mc-22->source-3 "508" 18:17:20.613460659
[2023-07-17T18:17:23Z INFO  dt_instance] received at 2023-07-17 18:17:23.119275540 UTC - from mc-22->source-3 "513" 18:17:23.118235694
[2023-07-17T18:17:25Z INFO  dt_instance] received at 2023-07-17 18:17:25.624387600 UTC - from mc-22->source-3 "518" 18:17:25.622984536
[2023-07-17T18:17:28Z INFO  dt_instance] received at 2023-07-17 18:17:28.133435220 UTC - from mc-22->source-3 "523" 18:17:28.129138096
[2023-07-17T18:17:30Z INFO  dt_instance] received at 2023-07-17 18:17:30.653913971 UTC - from mc-22->source-3 "528" 18:17:30.651449284
[2023-07-17T18:17:33Z INFO  dt_instance] received at 2023-07-17 18:17:33.157687824 UTC - from mc-22->source-3 "533" 18:17:33.156233804
[2023-07-17T18:17:35Z INFO  dt_instance] received at 2023-07-17 18:17:35.663547788 UTC - from mc-22->source-3 "538" 18:17:35.661751778
[2023-07-17T18:17:38Z INFO  dt_instance] received at 2023-07-17 18:17:38.171739373 UTC - from mc-22->source-3 "543" 18:17:38.168192334
[2023-07-17T18:17:40Z INFO  dt_instance] received at 2023-07-17 18:17:40.675099131 UTC - from mc-22->source-3 "548" 18:17:40.673495928
[2023-07-17T18:17:43Z INFO  dt_instance] received at 2023-07-17 18:17:43.179264669 UTC - from mc-22->source-3 "553" 18:17:43.178096026
[2023-07-17T18:17:45Z INFO  dt_instance] received at 2023-07-17 18:17:45.684210495 UTC - from mc-22->source-3 "558" 18:17:45.682876249
[2023-07-17T18:17:48Z INFO  dt_instance] received at 2023-07-17 18:17:48.189616063 UTC - from mc-22->source-3 "563" 18:17:48.188515722
[2023-07-17T18:17:50Z INFO  dt_instance] received at 2023-07-17 18:17:50.695652360 UTC - from mc-22->source-3 "568" 18:17:50.694403949
[2023-07-17T18:17:53Z INFO  dt_instance] received at 2023-07-17 18:17:53.200811903 UTC - from mc-22->source-3 "573" 18:17:53.198917949
[2023-07-17T18:17:55Z INFO  dt_instance] received at 2023-07-17 18:17:55.706672461 UTC - from mc-22->source-3 "578" 18:17:55.703759440
[2023-07-17T18:17:58Z INFO  dt_instance] received at 2023-07-17 18:17:58.217293935 UTC - from mc-22->source-3 "583" 18:17:58.209224777
[2023-07-17T18:18:00Z INFO  dt_instance] received at 2023-07-17 18:18:00.715540271 UTC - from mc-22->source-3 "588" 18:18:00.713844155
[2023-07-17T18:18:03Z INFO  dt_instance] received at 2023-07-17 18:18:03.219933359 UTC - from mc-22->source-3 "593" 18:18:03.218639071
[2023-07-17T18:18:05Z INFO  dt_instance] received at 2023-07-17 18:18:05.727564975 UTC - from mc-22->source-1 "603" 18:18:05.726405495
[2023-07-17T18:18:08Z INFO  dt_instance] received at 2023-07-17 18:18:08.235381550 UTC - from mc-22->source-1 "608" 18:18:08.232846635
[2023-07-17T18:18:10Z INFO  dt_instance] received at 2023-07-17 18:18:10.745890322 UTC - from mc-22->source-5 "603" 18:18:10.744869298
[2023-07-17T18:18:13Z INFO  dt_instance] received at 2023-07-17 18:18:13.252137229 UTC - from mc-22->source-5 "608" 18:18:13.250909773
[2023-07-17T18:18:15Z INFO  dt_instance] received at 2023-07-17 18:18:15.762174743 UTC - from mc-22->source-5 "613" 18:18:15.759310368
[2023-07-17T18:18:18Z INFO  dt_instance] received at 2023-07-17 18:18:18.282993602 UTC - from mc-22->source-5 "618" 18:18:18.273781109
[2023-07-17T18:18:20Z INFO  dt_instance] received at 2023-07-17 18:18:20.782250167 UTC - from mc-22->source-9 "613" 18:18:20.780145513
[2023-07-17T18:18:23Z INFO  dt_instance] received at 2023-07-17 18:18:23.291919363 UTC - from mc-22->source-1 "638" 18:18:23.287728261
[2023-07-17T18:18:25Z INFO  dt_instance] received at 2023-07-17 18:18:25.801305481 UTC - from mc-22->source-5 "633" 18:18:25.799905211
[2023-07-17T18:18:28Z INFO  dt_instance] received at 2023-07-17 18:18:28.312461522 UTC - from mc-22->source-5 "638" 18:18:28.310058009
[2023-07-17T18:18:30Z INFO  dt_instance] received at 2023-07-17 18:18:30.817046096 UTC - from mc-22->source-5 "643" 18:18:30.815167283
[2023-07-17T18:18:33Z INFO  dt_instance] received at 2023-07-17 18:18:33.322225174 UTC - from mc-22->source-5 "648" 18:18:33.321037191
[2023-07-17T18:18:35Z INFO  dt_instance] received at 2023-07-17 18:18:35.827341432 UTC - from mc-22->source-5 "653" 18:18:35.825990714
[2023-07-17T18:18:38Z INFO  dt_instance] received at 2023-07-17 18:18:38.337935430 UTC - from mc-22->source-5 "658" 18:18:38.331008818
[2023-07-17T18:18:40Z INFO  dt_instance] received at 2023-07-17 18:18:40.839290055 UTC - from mc-22->source-5 "663" 18:18:40.837626861
[2023-07-17T18:18:43Z INFO  dt_instance] received at 2023-07-17 18:18:43.345718057 UTC - from mc-22->source-5 "668" 18:18:43.343625926
[2023-07-17T18:18:45Z INFO  dt_instance] received at 2023-07-17 18:18:45.852446575 UTC - from mc-22->source-5 "673" 18:18:45.850523657
[2023-07-17T18:18:48Z INFO  dt_instance] received at 2023-07-17 18:18:48.358988511 UTC - from mc-22->source-5 "678" 18:18:48.357297421
[2023-07-17T18:18:50Z INFO  dt_instance] received at 2023-07-17 18:18:50.863383890 UTC - from mc-22->source-5 "683" 18:18:50.862261139
[2023-07-17T18:18:53Z INFO  dt_instance] received at 2023-07-17 18:18:53.369382622 UTC - from mc-22->source-5 "688" 18:18:53.368178144
[2023-07-17T18:18:55Z INFO  dt_instance] received at 2023-07-17 18:18:55.875943845 UTC - from mc-22->source-5 "693" 18:18:55.874668063
[2023-07-17T18:18:58Z INFO  dt_instance] received at 2023-07-17 18:18:58.381654607 UTC - from mc-22->source-5 "698" 18:18:58.380134282
[2023-07-17T18:19:00Z INFO  dt_instance] received at 2023-07-17 18:19:00.887278414 UTC - from mc-22->source-5 "703" 18:19:00.885663728
[2023-07-17T18:19:03Z INFO  dt_instance] received at 2023-07-17 18:19:03.392704678 UTC - from mc-22->source-5 "708" 18:19:03.391378449
[2023-07-17T18:19:05Z INFO  dt_instance] received at 2023-07-17 18:19:05.898397761 UTC - from mc-22->source-5 "713" 18:19:05.896350211
[2023-07-17T18:19:08Z INFO  dt_instance] received at 2023-07-17 18:19:08.402608836 UTC - from mc-22->source-5 "718" 18:19:08.401555132
[2023-07-17T18:19:10Z INFO  dt_instance] received at 2023-07-17 18:19:10.908746572 UTC - from mc-22->source-5 "723" 18:19:10.907113370
[2023-07-17T18:19:13Z INFO  dt_instance] received at 2023-07-17 18:19:13.413575117 UTC - from mc-22->source-5 "728" 18:19:13.412424344
[2023-07-17T18:19:15Z INFO  dt_instance] received at 2023-07-17 18:19:15.925534015 UTC - from mc-22->source-5 "733" 18:19:15.923635475
[2023-07-17T18:19:18Z INFO  dt_instance] received at 2023-07-17 18:19:18.433839785 UTC - from mc-22->source-5 "738" 18:19:18.432324469
[2023-07-17T18:19:20Z INFO  dt_instance] received at 2023-07-17 18:19:20.939461473 UTC - from mc-22->source-5 "743" 18:19:20.937676856
[2023-07-17T18:19:23Z INFO  dt_instance] received at 2023-07-17 18:19:23.447060259 UTC - from mc-22->source-5 "748" 18:19:23.445791808
[2023-07-17T18:19:25Z INFO  dt_instance] received at 2023-07-17 18:19:25.955036973 UTC - from mc-22->source-5 "753" 18:19:25.953073873
[2023-07-17T18:19:28Z INFO  dt_instance] received at 2023-07-17 18:19:28.460003036 UTC - from mc-22->source-5 "758" 18:19:28.459038679
[2023-07-17T18:19:30Z INFO  dt_instance] received at 2023-07-17 18:19:30.968633910 UTC - from mc-22->source-7 "758" 18:19:30.966835090
[2023-07-17T18:19:33Z INFO  dt_instance] received at 2023-07-17 18:19:33.474407621 UTC - from mc-22->source-7 "763" 18:19:33.473160141
[2023-07-17T18:19:35Z INFO  dt_instance] received at 2023-07-17 18:19:35.986757928 UTC - from mc-22->source-7 "768" 18:19:35.981005087
[2023-07-17T18:19:38Z INFO  dt_instance] received at 2023-07-17 18:19:38.490341131 UTC - from mc-22->source-7 "773" 18:19:38.487119828
[2023-07-17T18:19:40Z INFO  dt_instance] received at 2023-07-17 18:19:40.996412435 UTC - from mc-22->source-7 "778" 18:19:40.994903334
[2023-07-17T18:19:43Z INFO  dt_instance] received at 2023-07-17 18:19:43.501534536 UTC - from mc-22->source-7 "783" 18:19:43.499874953
[2023-07-17T18:19:46Z INFO  dt_instance] received at 2023-07-17 18:19:46.009476419 UTC - from mc-22->source-7 "788" 18:19:46.004719058
[2023-07-17T18:19:48Z INFO  dt_instance] received at 2023-07-17 18:19:48.512389426 UTC - from mc-22->source-7 "793" 18:19:48.510533004
[2023-07-17T18:19:51Z INFO  dt_instance] received at 2023-07-17 18:19:51.018160247 UTC - from mc-22->source-1 "813" 18:19:51.016993930
[2023-07-17T18:19:53Z INFO  dt_instance] received at 2023-07-17 18:19:53.524846912 UTC - from mc-22->source-1 "818" 18:19:53.522819576
[2023-07-17T18:19:56Z INFO  dt_instance] received at 2023-07-17 18:19:56.031656037 UTC - from mc-22->source-5 "813" 18:19:56.029321123
[2023-07-17T18:19:58Z INFO  dt_instance] received at 2023-07-17 18:19:58.539621858 UTC - from mc-22->source-5 "818" 18:19:58.538070712
[2023-07-17T18:20:01Z INFO  dt_instance] received at 2023-07-17 18:20:01.044228304 UTC - from mc-22->source-5 "823" 18:20:01.042698651
[2023-07-17T18:20:03Z INFO  dt_instance] received at 2023-07-17 18:20:03.561511119 UTC - from mc-22->source-7 "823" 18:20:03.559837036
[2023-07-17T18:20:06Z INFO  dt_instance] received at 2023-07-17 18:20:06.071327987 UTC - from mc-22->source-5 "833" 18:20:06.067223783
[2023-07-17T18:20:08Z INFO  dt_instance] received at 2023-07-17 18:20:08.577716974 UTC - from mc-22->source-5 "838" 18:20:08.576390577
[2023-07-17T18:20:11Z INFO  dt_instance] received at 2023-07-17 18:20:11.083048696 UTC - from mc-22->source-7 "838" 18:20:11.081181968
[2023-07-17T18:20:13Z INFO  dt_instance] received at 2023-07-17 18:20:13.590050847 UTC - from mc-22->source-7 "843" 18:20:13.587257679
[2023-07-17T18:20:16Z INFO  dt_instance] received at 2023-07-17 18:20:16.096873232 UTC - from mc-22->source-5 "853" 18:20:16.091861790
[2023-07-17T18:20:18Z INFO  dt_instance] received at 2023-07-17 18:20:18.603006868 UTC - from mc-22->source-5 "858" 18:20:18.597421520
[2023-07-17T18:20:21Z INFO  dt_instance] received at 2023-07-17 18:20:21.106677094 UTC - from mc-22->source-5 "863" 18:20:21.105633989
[2023-07-17T18:20:23Z INFO  dt_instance] received at 2023-07-17 18:20:23.614276789 UTC - from mc-22->source-7 "863" 18:20:23.612622194
[2023-07-17T18:20:26Z INFO  dt_instance] received at 2023-07-17 18:20:26.120627852 UTC - from mc-22->source-7 "868" 18:20:26.119660014
[2023-07-17T18:20:28Z INFO  dt_instance] received at 2023-07-17 18:20:28.627163676 UTC - from mc-22->source-7 "873" 18:20:28.625900142
[2023-07-17T18:20:31Z INFO  dt_instance] received at 2023-07-17 18:20:31.134640064 UTC - from mc-22->source-7 "878" 18:20:31.133426126
[2023-07-17T18:20:33Z INFO  dt_instance] received at 2023-07-17 18:20:33.642831701 UTC - from mc-22->source-7 "883" 18:20:33.641611031
[2023-07-17T18:20:36Z INFO  dt_instance] received at 2023-07-17 18:20:36.148123702 UTC - from mc-22->source-7 "888" 18:20:36.146819814
[2023-07-17T18:20:38Z INFO  dt_instance] received at 2023-07-17 18:20:38.654133548 UTC - from mc-22->source-7 "893" 18:20:38.653107870
[2023-07-17T18:20:41Z INFO  dt_instance] received at 2023-07-17 18:20:41.159462947 UTC - from mc-22->source-7 "898" 18:20:41.158141120
[2023-07-17T18:20:43Z INFO  dt_instance] received at 2023-07-17 18:20:43.664582262 UTC - from mc-22->source-7 "903" 18:20:43.663535446
[2023-07-17T18:20:46Z INFO  dt_instance] received at 2023-07-17 18:20:46.170393127 UTC - from mc-22->source-7 "908" 18:20:46.169160554
[2023-07-17T18:20:48Z INFO  dt_instance] received at 2023-07-17 18:20:48.676784861 UTC - from mc-22->source-5 "918" 18:20:48.675337453
[2023-07-17T18:20:51Z INFO  dt_instance] received at 2023-07-17 18:20:51.183831387 UTC - from mc-22->source-7 "918" 18:20:51.182626596
[2023-07-17T18:20:53Z INFO  dt_instance] received at 2023-07-17 18:20:53.692737348 UTC - from mc-22->source-7 "923" 18:20:53.691099048
[2023-07-17T18:20:56Z INFO  dt_instance] received at 2023-07-17 18:20:56.200413027 UTC - from mc-22->source-7 "928" 18:20:56.198829856
[2023-07-17T18:20:58Z INFO  dt_instance] received at 2023-07-17 18:20:58.706759016 UTC - from mc-22->source-5 "938" 18:20:58.705192122
[2023-07-17T18:21:01Z INFO  dt_instance] received at 2023-07-17 18:21:01.212761707 UTC - from mc-22->source-5 "943" 18:21:01.211055516
[2023-07-17T18:21:03Z INFO  dt_instance] received at 2023-07-17 18:21:03.720157912 UTC - from mc-22->source-5 "948" 18:21:03.718832890
[2023-07-17T18:21:06Z INFO  dt_instance] received at 2023-07-17 18:21:06.225897275 UTC - from mc-22->source-5 "953" 18:21:06.224470727
[2023-07-17T18:21:08Z INFO  dt_instance] received at 2023-07-17 18:21:08.732192703 UTC - from mc-22->source-5 "958" 18:21:08.729252367
[2023-07-17T18:21:11Z INFO  dt_instance] received at 2023-07-17 18:21:11.236654783 UTC - from mc-22->source-5 "963" 18:21:11.235204242
[2023-07-17T18:21:13Z INFO  dt_instance] received at 2023-07-17 18:21:13.742870821 UTC - from mc-22->source-5 "968" 18:21:13.741658140
[2023-07-17T18:21:16Z INFO  dt_instance] received at 2023-07-17 18:21:16.248783849 UTC - from mc-22->source-5 "973" 18:21:16.247512202
[2023-07-17T18:21:18Z INFO  dt_instance] received at 2023-07-17 18:21:18.753975047 UTC - from mc-22->source-5 "978" 18:21:18.752703953
[2023-07-17T18:21:21Z INFO  dt_instance] received at 2023-07-17 18:21:21.262360184 UTC - from mc-22->source-5 "983" 18:21:21.261109778
[2023-07-17T18:21:23Z INFO  dt_instance] received at 2023-07-17 18:21:23.959851160 UTC - from mc-22->source-8 "981" 18:21:23.958727355
[2023-07-17T18:21:27Z INFO  dt_instance] received at 2023-07-17 18:21:27.232527726 UTC - from mc-22->source-9 "985" 18:21:27.227403628
[2023-07-17T18:21:34Z INFO  dt_instance] received at 2023-07-17 18:21:34.248985682 UTC - from mc-22->source-9 "999" 18:21:34.244278444
