[2023-07-17T17:52:51Z INFO  dt_instance] Current Twin: mc-twin-12
[2023-07-17T17:52:51Z INFO  dt_instance] Replica Name twin-mc-stateful-12
[2023-07-17T17:52:51Z INFO  dt_instance] Sleeping for 600
[2023-07-17T18:02:51Z INFO  dt_instance] Connecting to broker at emqx.dtwins:1883
[2023-07-17T18:02:51Z INFO  dt_instance] Loggin info each 50 messages
[2023-07-17T18:02:51Z INFO  dt_instance] Set max packet size to 60000 KB.
[2023-07-17T18:02:51Z INFO  dt_instance] Refreshing topics for twin - Listen to mc-12/#
[2023-07-17T18:02:51Z INFO  dt_instance] SubAck { pkid: 1, return_codes: [Success(ExactlyOnce)] }
[2023-07-17T18:04:07Z INFO  dt_instance] received at 2023-07-17 18:04:07.155285660 UTC - from mc-12->source-2 "9" 18:04:07.153994300
[2023-07-17T18:04:10Z INFO  dt_instance] received at 2023-07-17 18:04:10.410895312 UTC - from mc-12->source-3 "13" 18:04:10.409371102
[2023-07-17T18:04:12Z INFO  dt_instance] received at 2023-07-17 18:04:12.930322651 UTC - from mc-12->source-3 "18" 18:04:12.916192072
[2023-07-17T18:04:15Z INFO  dt_instance] received at 2023-07-17 18:04:15.427783199 UTC - from mc-12->source-1 "28" 18:04:15.425728624
[2023-07-17T18:04:17Z INFO  dt_instance] received at 2023-07-17 18:04:17.932537782 UTC - from mc-12->source-3 "28" 18:04:17.930647270
[2023-07-17T18:04:20Z INFO  dt_instance] received at 2023-07-17 18:04:20.437154596 UTC - from mc-12->source-3 "33" 18:04:20.435440023
[2023-07-17T18:04:22Z INFO  dt_instance] received at 2023-07-17 18:04:22.945185086 UTC - from mc-12->source-1 "43" 18:04:22.940717689
[2023-07-17T18:04:25Z INFO  dt_instance] received at 2023-07-17 18:04:25.450233498 UTC - from mc-12->source-1 "48" 18:04:25.446807405
[2023-07-17T18:04:27Z INFO  dt_instance] received at 2023-07-17 18:04:27.954382438 UTC - from mc-12->source-9 "33" 18:04:27.951595664
[2023-07-17T18:04:30Z INFO  dt_instance] received at 2023-07-17 18:04:30.463034872 UTC - from mc-12->source-9 "38" 18:04:30.459624758
[2023-07-17T18:04:32Z INFO  dt_instance] received at 2023-07-17 18:04:32.967114643 UTC - from mc-12->source-3 "58" 18:04:32.965752851
[2023-07-17T18:04:35Z INFO  dt_instance] received at 2023-07-17 18:04:35.473176599 UTC - from mc-12->source-1 "68" 18:04:35.471370518
[2023-07-17T18:04:37Z INFO  dt_instance] received at 2023-07-17 18:04:37.983966569 UTC - from mc-12->source-3 "68" 18:04:37.980266870
[2023-07-17T18:04:40Z INFO  dt_instance] received at 2023-07-17 18:04:40.491742287 UTC - from mc-12->source-3 "73" 18:04:40.488045180
[2023-07-17T18:04:42Z INFO  dt_instance] received at 2023-07-17 18:04:42.997656628 UTC - from mc-12->source-3 "78" 18:04:42.993695502
[2023-07-17T18:04:45Z INFO  dt_instance] received at 2023-07-17 18:04:45.502269618 UTC - from mc-12->source-3 "83" 18:04:45.500346970
[2023-07-17T18:04:48Z INFO  dt_instance] received at 2023-07-17 18:04:48.008773745 UTC - from mc-12->source-3 "88" 18:04:48.007050989
[2023-07-17T18:04:50Z INFO  dt_instance] received at 2023-07-17 18:04:50.516391029 UTC - from mc-12->source-3 "93" 18:04:50.513759306
[2023-07-17T18:04:53Z INFO  dt_instance] received at 2023-07-17 18:04:53.021720768 UTC - from mc-12->source-3 "98" 18:04:53.018964223
[2023-07-17T18:04:55Z INFO  dt_instance] received at 2023-07-17 18:04:55.530792697 UTC - from mc-12->source-7 "93" 18:04:55.528200662
[2023-07-17T18:04:58Z INFO  dt_instance] received at 2023-07-17 18:04:58.034641646 UTC - from mc-12->source-7 "98" 18:04:58.033369264
[2023-07-17T18:05:00Z INFO  dt_instance] received at 2023-07-17 18:05:00.540381257 UTC - from mc-12->source-7 "103" 18:05:00.538298777
[2023-07-17T18:05:03Z INFO  dt_instance] received at 2023-07-17 18:05:03.047401566 UTC - from mc-12->source-1 "123" 18:05:03.044328121
[2023-07-17T18:05:05Z INFO  dt_instance] received at 2023-07-17 18:05:05.585472181 UTC - from mc-12->source-5 "118" 18:05:05.550847457
[2023-07-17T18:05:08Z INFO  dt_instance] received at 2023-07-17 18:05:08.058805487 UTC - from mc-12->source-9 "113" 18:05:08.057023035
[2023-07-17T18:05:10Z INFO  dt_instance] received at 2023-07-17 18:05:10.564994982 UTC - from mc-12->source-5 "128" 18:05:10.562560644
[2023-07-17T18:05:13Z INFO  dt_instance] received at 2023-07-17 18:05:13.073883410 UTC - from mc-12->source-5 "133" 18:05:13.070985148
[2023-07-17T18:05:15Z INFO  dt_instance] received at 2023-07-17 18:05:15.584392011 UTC - from mc-12->source-1 "148" 18:05:15.577711521
[2023-07-17T18:05:18Z INFO  dt_instance] received at 2023-07-17 18:05:18.097028858 UTC - from mc-12->source-7 "138" 18:05:18.083595194
[2023-07-17T18:05:20Z INFO  dt_instance] received at 2023-07-17 18:05:20.594437355 UTC - from mc-12->source-3 "153" 18:05:20.591489427
[2023-07-17T18:05:23Z INFO  dt_instance] received at 2023-07-17 18:05:23.099431945 UTC - from mc-12->source-9 "143" 18:05:23.098010098
[2023-07-17T18:05:25Z INFO  dt_instance] received at 2023-07-17 18:05:25.607012714 UTC - from mc-12->source-3 "163" 18:05:25.603131117
[2023-07-17T18:05:28Z INFO  dt_instance] received at 2023-07-17 18:05:28.137395717 UTC - from mc-12->source-1 "173" 18:05:28.107504323
[2023-07-17T18:05:30Z INFO  dt_instance] received at 2023-07-17 18:05:30.658571151 UTC - from mc-12->source-3 "173" 18:05:30.614232344
[2023-07-17T18:05:33Z INFO  dt_instance] received at 2023-07-17 18:05:33.128136313 UTC - from mc-12->source-5 "173" 18:05:33.121530633
[2023-07-17T18:05:35Z INFO  dt_instance] received at 2023-07-17 18:05:35.630517924 UTC - from mc-12->source-1 "188" 18:05:35.628439976
[2023-07-17T18:05:38Z INFO  dt_instance] received at 2023-07-17 18:05:38.156044683 UTC - from mc-12->source-9 "173" 18:05:38.133625017
[2023-07-17T18:05:40Z INFO  dt_instance] received at 2023-07-17 18:05:40.650735485 UTC - from mc-12->source-3 "193" 18:05:40.645413380
[2023-07-17T18:05:43Z INFO  dt_instance] received at 2023-07-17 18:05:43.153231237 UTC - from mc-12->source-3 "198" 18:05:43.151267922
[2023-07-17T18:05:45Z INFO  dt_instance] received at 2023-07-17 18:05:45.665051414 UTC - from mc-12->source-3 "203" 18:05:45.657139173
[2023-07-17T18:05:48Z INFO  dt_instance] received at 2023-07-17 18:05:48.172206055 UTC - from mc-12->source-3 "208" 18:05:48.161321573
[2023-07-17T18:05:50Z INFO  dt_instance] received at 2023-07-17 18:05:50.679508755 UTC - from mc-12->source-3 "213" 18:05:50.675896267
[2023-07-17T18:05:53Z INFO  dt_instance] received at 2023-07-17 18:05:53.189578259 UTC - from mc-12->source-3 "218" 18:05:53.181027234
[2023-07-17T18:05:55Z INFO  dt_instance] received at 2023-07-17 18:05:55.690983327 UTC - from mc-12->source-3 "223" 18:05:55.686872706
[2023-07-17T18:05:58Z INFO  dt_instance] received at 2023-07-17 18:05:58.236731787 UTC - from mc-12->source-3 "228" 18:05:58.193114595
[2023-07-17T18:06:00Z INFO  dt_instance] received at 2023-07-17 18:06:00.709446084 UTC - from mc-12->source-1 "238" 18:06:00.700073733
[2023-07-17T18:06:03Z INFO  dt_instance] received at 2023-07-17 18:06:03.207085207 UTC - from mc-12->source-3 "238" 18:06:03.204708683
[2023-07-17T18:06:05Z INFO  dt_instance] received at 2023-07-17 18:06:05.714177414 UTC - from mc-12->source-3 "243" 18:06:05.711978074
[2023-07-17T18:06:08Z INFO  dt_instance] received at 2023-07-17 18:06:08.229023145 UTC - from mc-12->source-3 "248" 18:06:08.218220557
[2023-07-17T18:06:10Z INFO  dt_instance] received at 2023-07-17 18:06:10.735727798 UTC - from mc-12->source-3 "253" 18:06:10.724435248
[2023-07-17T18:06:13Z INFO  dt_instance] received at 2023-07-17 18:06:13.233337048 UTC - from mc-12->source-3 "258" 18:06:13.230349805
[2023-07-17T18:06:15Z INFO  dt_instance] received at 2023-07-17 18:06:15.744674928 UTC - from mc-12->source-3 "263" 18:06:15.736013427
[2023-07-17T18:06:18Z INFO  dt_instance] received at 2023-07-17 18:06:18.251273992 UTC - from mc-12->source-3 "268" 18:06:18.242128889
[2023-07-17T18:06:20Z INFO  dt_instance] received at 2023-07-17 18:06:20.750572229 UTC - from mc-12->source-3 "273" 18:06:20.747671448
[2023-07-17T18:06:23Z INFO  dt_instance] received at 2023-07-17 18:06:23.265612050 UTC - from mc-12->source-5 "273" 18:06:23.260432260
[2023-07-17T18:06:25Z INFO  dt_instance] received at 2023-07-17 18:06:25.770109872 UTC - from mc-12->source-5 "278" 18:06:25.766198589
[2023-07-17T18:06:28Z INFO  dt_instance] received at 2023-07-17 18:06:28.286003765 UTC - from mc-12->source-3 "288" 18:06:28.274157357
[2023-07-17T18:06:30Z INFO  dt_instance] received at 2023-07-17 18:06:30.791562481 UTC - from mc-12->source-3 "293" 18:06:30.780466753
[2023-07-17T18:06:33Z INFO  dt_instance] received at 2023-07-17 18:06:33.291396801 UTC - from mc-12->source-9 "283" 18:06:33.286793110
[2023-07-17T18:06:35Z INFO  dt_instance] received at 2023-07-17 18:06:35.815333424 UTC - from mc-12->source-3 "303" 18:06:35.811546783
[2023-07-17T18:06:38Z INFO  dt_instance] received at 2023-07-17 18:06:38.331467292 UTC - from mc-12->source-3 "308" 18:06:38.318687929
[2023-07-17T18:06:40Z INFO  dt_instance] received at 2023-07-17 18:06:40.831105485 UTC - from mc-12->source-5 "308" 18:06:40.826017547
[2023-07-17T18:06:43Z INFO  dt_instance] received at 2023-07-17 18:06:43.339628813 UTC - from mc-12->source-9 "303" 18:06:43.331636707
[2023-07-17T18:06:45Z INFO  dt_instance] received at 2023-07-17 18:06:45.842540985 UTC - from mc-12->source-5 "318" 18:06:45.836800430
[2023-07-17T18:06:48Z INFO  dt_instance] received at 2023-07-17 18:06:48.346503413 UTC - from mc-12->source-3 "328" 18:06:48.344475091
[2023-07-17T18:06:50Z INFO  dt_instance] received at 2023-07-17 18:06:50.853219517 UTC - from mc-12->source-9 "318" 18:06:50.850678344
[2023-07-17T18:06:53Z INFO  dt_instance] received at 2023-07-17 18:06:53.388396621 UTC - from mc-12->source-3 "338" 18:06:53.358014924
[2023-07-17T18:06:55Z INFO  dt_instance] received at 2023-07-17 18:06:55.872314679 UTC - from mc-12->source-5 "338" 18:06:55.864602012
[2023-07-17T18:06:58Z INFO  dt_instance] received at 2023-07-17 18:06:58.373878994 UTC - from mc-12->source-9 "333" 18:06:58.370722400
[2023-07-17T18:07:00Z INFO  dt_instance] received at 2023-07-17 18:07:00.880356815 UTC - from mc-12->source-3 "353" 18:07:00.877170045
[2023-07-17T18:07:03Z INFO  dt_instance] received at 2023-07-17 18:07:03.388839957 UTC - from mc-12->source-3 "358" 18:07:03.385773926
[2023-07-17T18:07:05Z INFO  dt_instance] received at 2023-07-17 18:07:05.894034822 UTC - from mc-12->source-5 "358" 18:07:05.889424941
[2023-07-17T18:07:08Z INFO  dt_instance] received at 2023-07-17 18:07:08.405750336 UTC - from mc-12->source-5 "363" 18:07:08.397997750
[2023-07-17T18:07:10Z INFO  dt_instance] received at 2023-07-17 18:07:10.906500775 UTC - from mc-12->source-3 "373" 18:07:10.903393512
[2023-07-17T18:07:13Z INFO  dt_instance] received at 2023-07-17 18:07:13.430933383 UTC - from mc-12->source-3 "378" 18:07:13.409996867
[2023-07-17T18:07:15Z INFO  dt_instance] received at 2023-07-17 18:07:15.923713057 UTC - from mc-12->source-3 "383" 18:07:15.915918635
[2023-07-17T18:07:18Z INFO  dt_instance] received at 2023-07-17 18:07:18.449637267 UTC - from mc-12->source-3 "388" 18:07:18.421236842
[2023-07-17T18:07:20Z INFO  dt_instance] received at 2023-07-17 18:07:20.940672083 UTC - from mc-12->source-3 "393" 18:07:20.928125551
[2023-07-17T18:07:23Z INFO  dt_instance] received at 2023-07-17 18:07:23.438838985 UTC - from mc-12->source-3 "398" 18:07:23.434172369
[2023-07-17T18:07:25Z INFO  dt_instance] received at 2023-07-17 18:07:25.965807917 UTC - from mc-12->source-3 "403" 18:07:25.940445276
[2023-07-17T18:07:28Z INFO  dt_instance] received at 2023-07-17 18:07:28.455076663 UTC - from mc-12->source-3 "408" 18:07:28.446236217
[2023-07-17T18:07:30Z INFO  dt_instance] received at 2023-07-17 18:07:30.970689938 UTC - from mc-12->source-3 "413" 18:07:30.952368891
[2023-07-17T18:07:33Z INFO  dt_instance] received at 2023-07-17 18:07:33.497585675 UTC - from mc-12->source-9 "403" 18:07:33.450591195
[2023-07-17T18:07:35Z INFO  dt_instance] received at 2023-07-17 18:07:35.980330333 UTC - from mc-12->source-3 "423" 18:07:35.964900620
[2023-07-17T18:07:38Z INFO  dt_instance] received at 2023-07-17 18:07:38.479044505 UTC - from mc-12->source-3 "428" 18:07:38.470644714
[2023-07-17T18:07:40Z INFO  dt_instance] received at 2023-07-17 18:07:40.988697787 UTC - from mc-12->source-3 "433" 18:07:40.976630119
[2023-07-17T18:07:43Z INFO  dt_instance] received at 2023-07-17 18:07:43.486303847 UTC - from mc-12->source-3 "438" 18:07:43.481244669
[2023-07-17T18:07:45Z INFO  dt_instance] received at 2023-07-17 18:07:45.996112237 UTC - from mc-12->source-3 "443" 18:07:45.987242806
[2023-07-17T18:07:48Z INFO  dt_instance] received at 2023-07-17 18:07:48.512328965 UTC - from mc-12->source-5 "443" 18:07:48.488174604
[2023-07-17T18:07:51Z INFO  dt_instance] received at 2023-07-17 18:07:51.011704275 UTC - from mc-12->source-3 "453" 18:07:50.999935611
[2023-07-17T18:07:53Z INFO  dt_instance] received at 2023-07-17 18:07:53.563758245 UTC - from mc-12->source-3 "458" 18:07:53.506342034
[2023-07-17T18:07:56Z INFO  dt_instance] received at 2023-07-17 18:07:56.031537291 UTC - from mc-12->source-3 "463" 18:07:56.012747533
[2023-07-17T18:07:58Z INFO  dt_instance] received at 2023-07-17 18:07:58.534131219 UTC - from mc-12->source-5 "463" 18:07:58.511480829
[2023-07-17T18:08:01Z INFO  dt_instance] received at 2023-07-17 18:08:01.040512813 UTC - from mc-12->source-3 "473" 18:08:01.023172006
[2023-07-17T18:08:03Z INFO  dt_instance] received at 2023-07-17 18:08:03.543216586 UTC - from mc-12->source-3 "478" 18:08:03.528725151
[2023-07-17T18:08:06Z INFO  dt_instance] received at 2023-07-17 18:08:06.076237366 UTC - from mc-12->source-5 "478" 18:08:06.030233639
[2023-07-17T18:08:08Z INFO  dt_instance] received at 2023-07-17 18:08:08.569328121 UTC - from mc-12->source-3 "488" 18:08:08.540106659
[2023-07-17T18:08:11Z INFO  dt_instance] received at 2023-07-17 18:08:11.063833604 UTC - from mc-12->source-3 "493" 18:08:11.045104529
[2023-07-17T18:08:13Z INFO  dt_instance] received at 2023-07-17 18:08:13.560880745 UTC - from mc-12->source-9 "483" 18:08:13.546377032
[2023-07-17T18:08:16Z INFO  dt_instance] received at 2023-07-17 18:08:16.071002820 UTC - from mc-12->source-3 "503" 18:08:16.054701561
[2023-07-17T18:08:18Z INFO  dt_instance] received at 2023-07-17 18:08:18.601127858 UTC - from mc-12->source-3 "508" 18:08:18.559905896
[2023-07-17T18:08:21Z INFO  dt_instance] received at 2023-07-17 18:08:21.085681193 UTC - from mc-12->source-5 "508" 18:08:21.064974383
[2023-07-17T18:08:23Z INFO  dt_instance] received at 2023-07-17 18:08:23.586173878 UTC - from mc-12->source-5 "513" 18:08:23.570855223
[2023-07-17T18:08:26Z INFO  dt_instance] received at 2023-07-17 18:08:26.105348125 UTC - from mc-12->source-9 "508" 18:08:26.076090687
[2023-07-17T18:08:28Z INFO  dt_instance] received at 2023-07-17 18:08:28.594120608 UTC - from mc-12->source-3 "528" 18:08:28.583454959
[2023-07-17T18:08:31Z INFO  dt_instance] received at 2023-07-17 18:08:31.173494172 UTC - from mc-12->source-9 "518" 18:08:31.091196843
[2023-07-17T18:08:33Z INFO  dt_instance] received at 2023-07-17 18:08:33.622445139 UTC - from mc-12->source-5 "533" 18:08:33.597067205
[2023-07-17T18:08:36Z INFO  dt_instance] received at 2023-07-17 18:08:36.127012159 UTC - from mc-12->source-5 "538" 18:08:36.106277108
[2023-07-17T18:08:38Z INFO  dt_instance] received at 2023-07-17 18:08:38.621529119 UTC - from mc-12->source-5 "543" 18:08:38.612704834
[2023-07-17T18:08:41Z INFO  dt_instance] received at 2023-07-17 18:08:41.172352886 UTC - from mc-12->source-9 "538" 18:08:41.116112833
[2023-07-17T18:08:43Z INFO  dt_instance] received at 2023-07-17 18:08:43.628786853 UTC - from mc-12->source-5 "553" 18:08:43.624300547
[2023-07-17T18:08:46Z INFO  dt_instance] received at 2023-07-17 18:08:46.137417232 UTC - from mc-12->source-5 "558" 18:08:46.129383723
[2023-07-17T18:08:48Z INFO  dt_instance] received at 2023-07-17 18:08:48.656396549 UTC - from mc-12->source-5 "563" 18:08:48.634939269
[2023-07-17T18:08:51Z INFO  dt_instance] received at 2023-07-17 18:08:51.167851935 UTC - from mc-12->source-5 "568" 18:08:51.139861297
[2023-07-17T18:08:53Z INFO  dt_instance] received at 2023-07-17 18:08:53.660480534 UTC - from mc-12->source-3 "578" 18:08:53.643667504
[2023-07-17T18:08:56Z INFO  dt_instance] received at 2023-07-17 18:08:56.159374865 UTC - from mc-12->source-5 "578" 18:08:56.152335446
[2023-07-17T18:08:58Z INFO  dt_instance] received at 2023-07-17 18:08:58.675233743 UTC - from mc-12->source-3 "588" 18:08:58.655030731
[2023-07-17T18:09:01Z INFO  dt_instance] received at 2023-07-17 18:09:01.176511663 UTC - from mc-12->source-5 "588" 18:09:01.163551699
[2023-07-17T18:09:03Z INFO  dt_instance] received at 2023-07-17 18:09:03.684902777 UTC - from mc-12->source-9 "583" 18:09:03.674332569
[2023-07-17T18:09:06Z INFO  dt_instance] received at 2023-07-17 18:09:06.240658975 UTC - from mc-12->source-3 "603" 18:09:06.179659418
[2023-07-17T18:09:08Z INFO  dt_instance] received at 2023-07-17 18:09:08.732389141 UTC - from mc-12->source-5 "603" 18:09:08.684482069
[2023-07-17T18:09:11Z INFO  dt_instance] received at 2023-07-17 18:09:11.203838225 UTC - from mc-12->source-3 "613" 18:09:11.192023549
[2023-07-17T18:09:13Z INFO  dt_instance] received at 2023-07-17 18:09:13.705039549 UTC - from mc-12->source-9 "603" 18:09:13.698332145
[2023-07-17T18:09:16Z INFO  dt_instance] received at 2023-07-17 18:09:16.266261977 UTC - from mc-12->source-3 "623" 18:09:16.203265055
[2023-07-17T18:09:18Z INFO  dt_instance] received at 2023-07-17 18:09:18.723914942 UTC - from mc-12->source-3 "628" 18:09:18.711236365
[2023-07-17T18:09:21Z INFO  dt_instance] received at 2023-07-17 18:09:21.227733951 UTC - from mc-12->source-3 "633" 18:09:21.220319965
[2023-07-17T18:09:23Z INFO  dt_instance] received at 2023-07-17 18:09:23.730324872 UTC - from mc-12->source-3 "638" 18:09:23.725667983
[2023-07-17T18:09:26Z INFO  dt_instance] received at 2023-07-17 18:09:26.252451123 UTC - from mc-12->source-9 "628" 18:09:26.232030202
[2023-07-17T18:09:28Z INFO  dt_instance] received at 2023-07-17 18:09:28.747535947 UTC - from mc-12->source-9 "633" 18:09:28.737329795
[2023-07-17T18:09:31Z INFO  dt_instance] received at 2023-07-17 18:09:31.247179455 UTC - from mc-12->source-3 "653" 18:09:31.243713068
[2023-07-17T18:09:33Z INFO  dt_instance] received at 2023-07-17 18:09:33.779980282 UTC - from mc-12->source-9 "643" 18:09:33.750586837
[2023-07-17T18:09:36Z INFO  dt_instance] received at 2023-07-17 18:09:36.273326583 UTC - from mc-12->source-9 "648" 18:09:36.258284860
[2023-07-17T18:09:38Z INFO  dt_instance] received at 2023-07-17 18:09:38.794566920 UTC - from mc-12->source-9 "653" 18:09:38.763948756
[2023-07-17T18:09:41Z INFO  dt_instance] received at 2023-07-17 18:09:41.290838033 UTC - from mc-12->source-3 "673" 18:09:41.267798049
[2023-07-17T18:09:43Z INFO  dt_instance] received at 2023-07-17 18:09:43.779453852 UTC - from mc-12->source-5 "673" 18:09:43.774493441
[2023-07-17T18:09:46Z INFO  dt_instance] received at 2023-07-17 18:09:46.387086318 UTC - from mc-12->source-3 "683" 18:09:46.281178415
[2023-07-17T18:09:48Z INFO  dt_instance] received at 2023-07-17 18:09:48.803404362 UTC - from mc-12->source-5 "683" 18:09:48.786130904
[2023-07-17T18:09:51Z INFO  dt_instance] received at 2023-07-17 18:09:51.298044400 UTC - from mc-12->source-3 "693" 18:09:51.293342820
[2023-07-17T18:09:53Z INFO  dt_instance] received at 2023-07-17 18:09:53.810200063 UTC - from mc-12->source-5 "693" 18:09:53.800734871
[2023-07-17T18:09:56Z INFO  dt_instance] received at 2023-07-17 18:09:56.330715290 UTC - from mc-12->source-3 "703" 18:09:56.307598875
[2023-07-17T18:09:58Z INFO  dt_instance] received at 2023-07-17 18:09:58.818810478 UTC - from mc-12->source-5 "703" 18:09:58.815094860
[2023-07-17T18:10:01Z INFO  dt_instance] received at 2023-07-17 18:10:01.357852359 UTC - from mc-12->source-5 "708" 18:10:01.320756283
[2023-07-17T18:10:03Z INFO  dt_instance] received at 2023-07-17 18:10:03.852357349 UTC - from mc-12->source-3 "718" 18:10:03.826160503
[2023-07-17T18:10:06Z INFO  dt_instance] received at 2023-07-17 18:10:06.340064115 UTC - from mc-12->source-5 "718" 18:10:06.332611622
[2023-07-17T18:10:08Z INFO  dt_instance] received at 2023-07-17 18:10:08.843066376 UTC - from mc-12->source-5 "723" 18:10:08.838092062
[2023-07-17T18:10:11Z INFO  dt_instance] received at 2023-07-17 18:10:11.358337615 UTC - from mc-12->source-3 "733" 18:10:11.353524662
[2023-07-17T18:10:13Z INFO  dt_instance] received at 2023-07-17 18:10:13.890439744 UTC - from mc-12->source-9 "723" 18:10:13.842483602
[2023-07-17T18:10:16Z INFO  dt_instance] received at 2023-07-17 18:10:16.382910243 UTC - from mc-12->source-5 "738" 18:10:16.362796340
[2023-07-17T18:10:18Z INFO  dt_instance] received at 2023-07-17 18:10:18.898799384 UTC - from mc-12->source-3 "748" 18:10:18.874521460
[2023-07-17T18:10:21Z INFO  dt_instance] received at 2023-07-17 18:10:21.422693569 UTC - from mc-12->source-3 "753" 18:10:21.381448726
[2023-07-17T18:10:23Z INFO  dt_instance] received at 2023-07-17 18:10:23.907215387 UTC - from mc-12->source-3 "758" 18:10:23.887202626
[2023-07-17T18:10:26Z INFO  dt_instance] received at 2023-07-17 18:10:26.428941074 UTC - from mc-12->source-3 "763" 18:10:26.392604905
[2023-07-17T18:10:28Z INFO  dt_instance] received at 2023-07-17 18:10:28.910538472 UTC - from mc-12->source-3 "768" 18:10:28.897494343
[2023-07-17T18:10:31Z INFO  dt_instance] received at 2023-07-17 18:10:31.424019424 UTC - from mc-12->source-3 "773" 18:10:31.404899308
[2023-07-17T18:10:33Z INFO  dt_instance] received at 2023-07-17 18:10:33.930209811 UTC - from mc-12->source-3 "778" 18:10:33.909579089
[2023-07-17T18:10:36Z INFO  dt_instance] received at 2023-07-17 18:10:36.422327524 UTC - from mc-12->source-3 "783" 18:10:36.414592026
[2023-07-17T18:10:38Z INFO  dt_instance] received at 2023-07-17 18:10:38.955474076 UTC - from mc-12->source-3 "788" 18:10:38.920109065
[2023-07-17T18:10:41Z INFO  dt_instance] received at 2023-07-17 18:10:41.468092008 UTC - from mc-12->source-3 "793" 18:10:41.427243772
[2023-07-17T18:10:43Z INFO  dt_instance] received at 2023-07-17 18:10:43.945779273 UTC - from mc-12->source-3 "798" 18:10:43.932687948
[2023-07-17T18:10:46Z INFO  dt_instance] received at 2023-07-17 18:10:46.448521596 UTC - from mc-12->source-3 "803" 18:10:46.437775674
[2023-07-17T18:10:48Z INFO  dt_instance] received at 2023-07-17 18:10:48.955686911 UTC - from mc-12->source-5 "803" 18:10:48.942662598
[2023-07-17T18:10:51Z INFO  dt_instance] received at 2023-07-17 18:10:51.458582100 UTC - from mc-12->source-3 "813" 18:10:51.450618369
[2023-07-17T18:10:53Z INFO  dt_instance] received at 2023-07-17 18:10:53.963356235 UTC - from mc-12->source-3 "818" 18:10:53.957936448
[2023-07-17T18:10:56Z INFO  dt_instance] received at 2023-07-17 18:10:56.479198171 UTC - from mc-12->source-3 "823" 18:10:56.462836838
[2023-07-17T18:10:58Z INFO  dt_instance] received at 2023-07-17 18:10:58.980686014 UTC - from mc-12->source-3 "828" 18:10:58.967280594
[2023-07-17T18:11:01Z INFO  dt_instance] received at 2023-07-17 18:11:01.499054642 UTC - from mc-12->source-3 "833" 18:11:01.482563233
[2023-07-17T18:11:04Z INFO  dt_instance] received at 2023-07-17 18:11:04.000848889 UTC - from mc-12->source-3 "838" 18:11:03.996917965
[2023-07-17T18:11:06Z INFO  dt_instance] received at 2023-07-17 18:11:06.505248520 UTC - from mc-12->source-3 "843" 18:11:06.501663025
[2023-07-17T18:11:09Z INFO  dt_instance] received at 2023-07-17 18:11:09.039677128 UTC - from mc-12->source-3 "848" 18:11:09.007482895
[2023-07-17T18:11:11Z INFO  dt_instance] received at 2023-07-17 18:11:11.584349492 UTC - from mc-12->source-3 "853" 18:11:11.514083115
[2023-07-17T18:11:14Z INFO  dt_instance] received at 2023-07-17 18:11:14.037565397 UTC - from mc-12->source-3 "858" 18:11:14.020992580
[2023-07-17T18:11:16Z INFO  dt_instance] received at 2023-07-17 18:11:16.553037615 UTC - from mc-12->source-3 "863" 18:11:16.527046564
[2023-07-17T18:11:19Z INFO  dt_instance] received at 2023-07-17 18:11:19.035038354 UTC - from mc-12->source-3 "868" 18:11:19.032129207
[2023-07-17T18:11:21Z INFO  dt_instance] received at 2023-07-17 18:11:21.560614984 UTC - from mc-12->source-3 "873" 18:11:21.538758817
[2023-07-17T18:11:24Z INFO  dt_instance] received at 2023-07-17 18:11:24.066599199 UTC - from mc-12->source-3 "878" 18:11:24.044506828
[2023-07-17T18:11:26Z INFO  dt_instance] received at 2023-07-17 18:11:26.555496996 UTC - from mc-12->source-5 "878" 18:11:26.549889190
[2023-07-17T18:11:29Z INFO  dt_instance] received at 2023-07-17 18:11:29.086214922 UTC - from mc-12->source-3 "888" 18:11:29.058608528
[2023-07-17T18:11:31Z INFO  dt_instance] received at 2023-07-17 18:11:31.578428361 UTC - from mc-12->source-3 "893" 18:11:31.565655093
[2023-07-17T18:11:34Z INFO  dt_instance] received at 2023-07-17 18:11:34.078406890 UTC - from mc-12->source-3 "898" 18:11:34.071276886
[2023-07-17T18:11:36Z INFO  dt_instance] received at 2023-07-17 18:11:36.584971281 UTC - from mc-12->source-3 "903" 18:11:36.577059256
[2023-07-17T18:11:39Z INFO  dt_instance] received at 2023-07-17 18:11:39.101004177 UTC - from mc-12->source-3 "908" 18:11:39.082748799
[2023-07-17T18:11:41Z INFO  dt_instance] received at 2023-07-17 18:11:41.629136668 UTC - from mc-12->source-5 "908" 18:11:41.584938569
[2023-07-17T18:11:44Z INFO  dt_instance] received at 2023-07-17 18:11:44.122279976 UTC - from mc-12->source-5 "913" 18:11:44.090215901
[2023-07-17T18:11:46Z INFO  dt_instance] received at 2023-07-17 18:11:46.625413629 UTC - from mc-12->source-3 "923" 18:11:46.601348407
[2023-07-17T18:11:49Z INFO  dt_instance] received at 2023-07-17 18:11:49.111045547 UTC - from mc-12->source-3 "928" 18:11:49.108505764
[2023-07-17T18:11:51Z INFO  dt_instance] received at 2023-07-17 18:11:51.622338957 UTC - from mc-12->source-3 "933" 18:11:51.615055642
[2023-07-17T18:11:54Z INFO  dt_instance] received at 2023-07-17 18:11:54.122122046 UTC - from mc-12->source-5 "933" 18:11:54.119964138
[2023-07-17T18:11:56Z INFO  dt_instance] received at 2023-07-17 18:11:56.653482233 UTC - from mc-12->source-9 "928" 18:11:56.598063621
[2023-07-17T18:11:59Z INFO  dt_instance] received at 2023-07-17 18:11:59.146246276 UTC - from mc-12->source-5 "943" 18:11:59.133124541
[2023-07-17T18:12:01Z INFO  dt_instance] received at 2023-07-17 18:12:01.648850113 UTC - from mc-12->source-5 "948" 18:12:01.637487397
[2023-07-17T18:12:04Z INFO  dt_instance] received at 2023-07-17 18:12:04.148440508 UTC - from mc-12->source-3 "958" 18:12:04.143235733
[2023-07-17T18:12:06Z INFO  dt_instance] received at 2023-07-17 18:12:06.669320330 UTC - from mc-12->source-3 "963" 18:12:06.651306260
[2023-07-17T18:12:09Z INFO  dt_instance] received at 2023-07-17 18:12:09.189111638 UTC - from mc-12->source-5 "963" 18:12:09.154754896
[2023-07-17T18:12:11Z INFO  dt_instance] received at 2023-07-17 18:12:11.666920683 UTC - from mc-12->source-3 "973" 18:12:11.661393467
[2023-07-17T18:12:14Z INFO  dt_instance] received at 2023-07-17 18:12:14.211501424 UTC - from mc-12->source-3 "978" 18:12:14.168182218
[2023-07-17T18:12:16Z INFO  dt_instance] received at 2023-07-17 18:12:16.686499664 UTC - from mc-12->source-3 "983" 18:12:16.672458139
[2023-07-17T18:12:19Z INFO  dt_instance] received at 2023-07-17 18:12:19.190962726 UTC - from mc-12->source-3 "988" 18:12:19.178202058
[2023-07-17T18:12:21Z INFO  dt_instance] received at 2023-07-17 18:12:21.996306656 UTC - from mc-12->source-2 "996" 18:12:21.986333312
[2023-07-17T18:12:25Z INFO  dt_instance] received at 2023-07-17 18:12:25.155325319 UTC - from mc-12->source-7 "990" 18:12:25.148237732
[2023-07-17T18:12:32Z INFO  dt_instance] received at 2023-07-17 18:12:32.206887628 UTC - from mc-12->source-9 "999" 18:12:32.183982160
