[2023-07-17T17:52:43Z INFO  dt_instance] Current Twin: mc-twin-10
[2023-07-17T17:52:43Z INFO  dt_instance] Replica Name twin-mc-stateful-10
[2023-07-17T17:52:43Z INFO  dt_instance] Sleeping for 500
[2023-07-17T18:01:03Z INFO  dt_instance] Connecting to broker at emqx.dtwins:1883
[2023-07-17T18:01:03Z INFO  dt_instance] Loggin info each 50 messages
[2023-07-17T18:01:03Z INFO  dt_instance] Set max packet size to 60000 KB.
[2023-07-17T18:01:03Z INFO  dt_instance] Refreshing topics for twin - Listen to mc-10/#
[2023-07-17T18:01:03Z INFO  dt_instance] SubAck { pkid: 1, return_codes: [Success(ExactlyOnce)] }
[2023-07-17T18:02:18Z INFO  dt_instance] received at 2023-07-17 18:02:18.105129765 UTC - from mc-10->source-2 "9" 18:02:18.103102514
[2023-07-17T18:02:21Z INFO  dt_instance] received at 2023-07-17 18:02:21.365728249 UTC - from mc-10->source-3 "13" 18:02:21.362153184
[2023-07-17T18:02:23Z INFO  dt_instance] received at 2023-07-17 18:02:23.871236336 UTC - from mc-10->source-1 "23" 18:02:23.869399797
[2023-07-17T18:02:26Z INFO  dt_instance] received at 2023-07-17 18:02:26.377736767 UTC - from mc-10->source-1 "28" 18:02:26.375197937
[2023-07-17T18:02:28Z INFO  dt_instance] received at 2023-07-17 18:02:28.884226051 UTC - from mc-10->source-1 "33" 18:02:28.881303998
[2023-07-17T18:02:31Z INFO  dt_instance] received at 2023-07-17 18:02:31.394322116 UTC - from mc-10->source-1 "38" 18:02:31.385698725
[2023-07-17T18:02:33Z INFO  dt_instance] received at 2023-07-17 18:02:33.894608802 UTC - from mc-10->source-1 "43" 18:02:33.892898158
[2023-07-17T18:02:36Z INFO  dt_instance] received at 2023-07-17 18:02:36.401063692 UTC - from mc-10->source-1 "48" 18:02:36.399543381
[2023-07-17T18:02:38Z INFO  dt_instance] received at 2023-07-17 18:02:38.906621735 UTC - from mc-10->source-1 "53" 18:02:38.905146582
[2023-07-17T18:02:41Z INFO  dt_instance] received at 2023-07-17 18:02:41.413085413 UTC - from mc-10->source-1 "58" 18:02:41.411569241
[2023-07-17T18:02:43Z INFO  dt_instance] received at 2023-07-17 18:02:43.938606342 UTC - from mc-10->source-1 "63" 18:02:43.927435230
[2023-07-17T18:02:46Z INFO  dt_instance] received at 2023-07-17 18:02:46.435698305 UTC - from mc-10->source-1 "68" 18:02:46.434297677
[2023-07-17T18:02:48Z INFO  dt_instance] received at 2023-07-17 18:02:48.950692753 UTC - from mc-10->source-1 "73" 18:02:48.948746998
[2023-07-17T18:02:51Z INFO  dt_instance] received at 2023-07-17 18:02:51.457350392 UTC - from mc-10->source-1 "78" 18:02:51.455606403
[2023-07-17T18:02:53Z INFO  dt_instance] received at 2023-07-17 18:02:53.964379804 UTC - from mc-10->source-1 "83" 18:02:53.963222913
[2023-07-17T18:02:56Z INFO  dt_instance] received at 2023-07-17 18:02:56.473238675 UTC - from mc-10->source-1 "88" 18:02:56.471324012
[2023-07-17T18:02:58Z INFO  dt_instance] received at 2023-07-17 18:02:58.985188354 UTC - from mc-10->source-1 "93" 18:02:58.977474644
[2023-07-17T18:03:01Z INFO  dt_instance] received at 2023-07-17 18:03:01.487662609 UTC - from mc-10->source-1 "98" 18:03:01.486116840
[2023-07-17T18:03:03Z INFO  dt_instance] received at 2023-07-17 18:03:03.992645985 UTC - from mc-10->source-1 "103" 18:03:03.991338571
[2023-07-17T18:03:06Z INFO  dt_instance] received at 2023-07-17 18:03:06.501472984 UTC - from mc-10->source-1 "108" 18:03:06.498616980
[2023-07-17T18:03:09Z INFO  dt_instance] received at 2023-07-17 18:03:09.006739943 UTC - from mc-10->source-1 "113" 18:03:09.004298344
[2023-07-17T18:03:11Z INFO  dt_instance] received at 2023-07-17 18:03:11.510613104 UTC - from mc-10->source-1 "118" 18:03:11.509302702
[2023-07-17T18:03:14Z INFO  dt_instance] received at 2023-07-17 18:03:14.015197274 UTC - from mc-10->source-1 "123" 18:03:14.013893187
[2023-07-17T18:03:16Z INFO  dt_instance] received at 2023-07-17 18:03:16.524163693 UTC - from mc-10->source-1 "128" 18:03:16.519595073
[2023-07-17T18:03:19Z INFO  dt_instance] received at 2023-07-17 18:03:19.026953879 UTC - from mc-10->source-1 "133" 18:03:19.025408120
[2023-07-17T18:03:21Z INFO  dt_instance] received at 2023-07-17 18:03:21.533113508 UTC - from mc-10->source-1 "138" 18:03:21.531595033
[2023-07-17T18:03:24Z INFO  dt_instance] received at 2023-07-17 18:03:24.039043209 UTC - from mc-10->source-1 "143" 18:03:24.037433381
[2023-07-17T18:03:26Z INFO  dt_instance] received at 2023-07-17 18:03:26.543502724 UTC - from mc-10->source-1 "148" 18:03:26.542061222
[2023-07-17T18:03:29Z INFO  dt_instance] received at 2023-07-17 18:03:29.048864528 UTC - from mc-10->source-1 "153" 18:03:29.047045481
[2023-07-17T18:03:31Z INFO  dt_instance] received at 2023-07-17 18:03:31.554642218 UTC - from mc-10->source-1 "158" 18:03:31.553202152
[2023-07-17T18:03:34Z INFO  dt_instance] received at 2023-07-17 18:03:34.060358815 UTC - from mc-10->source-1 "163" 18:03:34.059168487
[2023-07-17T18:03:36Z INFO  dt_instance] received at 2023-07-17 18:03:36.568179175 UTC - from mc-10->source-1 "168" 18:03:36.565160878
[2023-07-17T18:03:39Z INFO  dt_instance] received at 2023-07-17 18:03:39.071947773 UTC - from mc-10->source-1 "173" 18:03:39.070856571
[2023-07-17T18:03:41Z INFO  dt_instance] received at 2023-07-17 18:03:41.578645613 UTC - from mc-10->source-1 "178" 18:03:41.577230692
[2023-07-17T18:03:44Z INFO  dt_instance] received at 2023-07-17 18:03:44.090064271 UTC - from mc-10->source-1 "183" 18:03:44.082117603
[2023-07-17T18:03:46Z INFO  dt_instance] received at 2023-07-17 18:03:46.588966696 UTC - from mc-10->source-1 "188" 18:03:46.587483580
[2023-07-17T18:03:49Z INFO  dt_instance] received at 2023-07-17 18:03:49.095713308 UTC - from mc-10->source-1 "193" 18:03:49.094075728
[2023-07-17T18:03:51Z INFO  dt_instance] received at 2023-07-17 18:03:51.601407241 UTC - from mc-10->source-1 "198" 18:03:51.599691931
[2023-07-17T18:03:54Z INFO  dt_instance] received at 2023-07-17 18:03:54.106642520 UTC - from mc-10->source-1 "203" 18:03:54.104986936
[2023-07-17T18:03:56Z INFO  dt_instance] received at 2023-07-17 18:03:56.612353660 UTC - from mc-10->source-1 "208" 18:03:56.610858793
[2023-07-17T18:03:59Z INFO  dt_instance] received at 2023-07-17 18:03:59.119096432 UTC - from mc-10->source-1 "213" 18:03:59.117819102
[2023-07-17T18:04:01Z INFO  dt_instance] received at 2023-07-17 18:04:01.624158356 UTC - from mc-10->source-1 "218" 18:04:01.622920242
[2023-07-17T18:04:04Z INFO  dt_instance] received at 2023-07-17 18:04:04.131245379 UTC - from mc-10->source-1 "223" 18:04:04.129543519
[2023-07-17T18:04:06Z INFO  dt_instance] received at 2023-07-17 18:04:06.637731091 UTC - from mc-10->source-1 "228" 18:04:06.635968609
[2023-07-17T18:04:09Z INFO  dt_instance] received at 2023-07-17 18:04:09.142369934 UTC - from mc-10->source-1 "233" 18:04:09.140818314
[2023-07-17T18:04:11Z INFO  dt_instance] received at 2023-07-17 18:04:11.648583690 UTC - from mc-10->source-1 "238" 18:04:11.646050424
[2023-07-17T18:04:14Z INFO  dt_instance] received at 2023-07-17 18:04:14.158194160 UTC - from mc-10->source-1 "243" 18:04:14.151272491
[2023-07-17T18:04:16Z INFO  dt_instance] received at 2023-07-17 18:04:16.657727005 UTC - from mc-10->source-1 "248" 18:04:16.656363358
[2023-07-17T18:04:19Z INFO  dt_instance] received at 2023-07-17 18:04:19.165820336 UTC - from mc-10->source-1 "253" 18:04:19.163559951
[2023-07-17T18:04:21Z INFO  dt_instance] received at 2023-07-17 18:04:21.673517079 UTC - from mc-10->source-1 "258" 18:04:21.671174694
[2023-07-17T18:04:24Z INFO  dt_instance] received at 2023-07-17 18:04:24.181248385 UTC - from mc-10->source-1 "263" 18:04:24.178352594
[2023-07-17T18:04:26Z INFO  dt_instance] received at 2023-07-17 18:04:26.685485606 UTC - from mc-10->source-1 "268" 18:04:26.683382795
[2023-07-17T18:04:29Z INFO  dt_instance] received at 2023-07-17 18:04:29.191733068 UTC - from mc-10->source-1 "273" 18:04:29.189700960
[2023-07-17T18:04:31Z INFO  dt_instance] received at 2023-07-17 18:04:31.707528985 UTC - from mc-10->source-1 "278" 18:04:31.695731903
[2023-07-17T18:04:34Z INFO  dt_instance] received at 2023-07-17 18:04:34.202719457 UTC - from mc-10->source-1 "283" 18:04:34.201211457
[2023-07-17T18:04:36Z INFO  dt_instance] received at 2023-07-17 18:04:36.708622749 UTC - from mc-10->source-1 "288" 18:04:36.706192244
[2023-07-17T18:04:39Z INFO  dt_instance] received at 2023-07-17 18:04:39.214048768 UTC - from mc-10->source-1 "293" 18:04:39.212586892
[2023-07-17T18:04:41Z INFO  dt_instance] received at 2023-07-17 18:04:41.720687372 UTC - from mc-10->source-1 "298" 18:04:41.719507226
[2023-07-17T18:04:44Z INFO  dt_instance] received at 2023-07-17 18:04:44.229006339 UTC - from mc-10->source-1 "303" 18:04:44.224366235
[2023-07-17T18:04:46Z INFO  dt_instance] received at 2023-07-17 18:04:46.732048521 UTC - from mc-10->source-1 "308" 18:04:46.730460326
[2023-07-17T18:04:49Z INFO  dt_instance] received at 2023-07-17 18:04:49.237799364 UTC - from mc-10->source-1 "313" 18:04:49.236015872
[2023-07-17T18:04:51Z INFO  dt_instance] received at 2023-07-17 18:04:51.743300136 UTC - from mc-10->source-1 "318" 18:04:51.740693625
[2023-07-17T18:04:54Z INFO  dt_instance] received at 2023-07-17 18:04:54.248732860 UTC - from mc-10->source-1 "323" 18:04:54.246903517
[2023-07-17T18:04:56Z INFO  dt_instance] received at 2023-07-17 18:04:56.755530219 UTC - from mc-10->source-5 "318" 18:04:56.753652623
[2023-07-17T18:04:59Z INFO  dt_instance] received at 2023-07-17 18:04:59.263115829 UTC - from mc-10->source-1 "333" 18:04:59.260321410
[2023-07-17T18:05:01Z INFO  dt_instance] received at 2023-07-17 18:05:01.773080915 UTC - from mc-10->source-1 "338" 18:05:01.768467820
[2023-07-17T18:05:04Z INFO  dt_instance] received at 2023-07-17 18:05:04.284666816 UTC - from mc-10->source-9 "323" 18:05:04.283843713
[2023-07-17T18:05:06Z INFO  dt_instance] received at 2023-07-17 18:05:06.793645069 UTC - from mc-10->source-1 "348" 18:05:06.789667610
[2023-07-17T18:05:09Z INFO  dt_instance] received at 2023-07-17 18:05:09.300901842 UTC - from mc-10->source-1 "353" 18:05:09.296614861
[2023-07-17T18:05:11Z INFO  dt_instance] received at 2023-07-17 18:05:11.810398880 UTC - from mc-10->source-3 "353" 18:05:11.805808866
[2023-07-17T18:05:14Z INFO  dt_instance] received at 2023-07-17 18:05:14.313804001 UTC - from mc-10->source-3 "358" 18:05:14.311268202
[2023-07-17T18:05:16Z INFO  dt_instance] received at 2023-07-17 18:05:16.818470908 UTC - from mc-10->source-1 "368" 18:05:16.816874155
[2023-07-17T18:05:19Z INFO  dt_instance] received at 2023-07-17 18:05:19.324712504 UTC - from mc-10->source-9 "353" 18:05:19.323622288
[2023-07-17T18:05:21Z INFO  dt_instance] received at 2023-07-17 18:05:21.831578587 UTC - from mc-10->source-9 "358" 18:05:21.829754790
[2023-07-17T18:05:24Z INFO  dt_instance] received at 2023-07-17 18:05:24.337527743 UTC - from mc-10->source-1 "383" 18:05:24.334126606
[2023-07-17T18:05:26Z INFO  dt_instance] received at 2023-07-17 18:05:26.845122017 UTC - from mc-10->source-3 "383" 18:05:26.841596557
[2023-07-17T18:05:29Z INFO  dt_instance] received at 2023-07-17 18:05:29.351046338 UTC - from mc-10->source-1 "393" 18:05:29.349236661
[2023-07-17T18:05:31Z INFO  dt_instance] received at 2023-07-17 18:05:31.858376633 UTC - from mc-10->source-1 "398" 18:05:31.856263273
[2023-07-17T18:05:34Z INFO  dt_instance] received at 2023-07-17 18:05:34.363840955 UTC - from mc-10->source-1 "403" 18:05:34.362360745
[2023-07-17T18:05:36Z INFO  dt_instance] received at 2023-07-17 18:05:36.870094927 UTC - from mc-10->source-1 "408" 18:05:36.867522995
[2023-07-17T18:05:39Z INFO  dt_instance] received at 2023-07-17 18:05:39.375890865 UTC - from mc-10->source-5 "403" 18:05:39.373931092
[2023-07-17T18:05:41Z INFO  dt_instance] received at 2023-07-17 18:05:41.880227038 UTC - from mc-10->source-9 "398" 18:05:41.878711416
[2023-07-17T18:05:44Z INFO  dt_instance] received at 2023-07-17 18:05:44.388395224 UTC - from mc-10->source-9 "403" 18:05:44.386855229
[2023-07-17T18:05:46Z INFO  dt_instance] received at 2023-07-17 18:05:46.895263617 UTC - from mc-10->source-5 "418" 18:05:46.892270776
[2023-07-17T18:05:49Z INFO  dt_instance] received at 2023-07-17 18:05:49.401671262 UTC - from mc-10->source-5 "423" 18:05:49.396737144
[2023-07-17T18:05:51Z INFO  dt_instance] received at 2023-07-17 18:05:51.907200707 UTC - from mc-10->source-5 "428" 18:05:51.903259315
[2023-07-17T18:05:54Z INFO  dt_instance] received at 2023-07-17 18:05:54.410712083 UTC - from mc-10->source-1 "443" 18:05:54.406741224
[2023-07-17T18:05:56Z INFO  dt_instance] received at 2023-07-17 18:05:56.915544894 UTC - from mc-10->source-5 "438" 18:05:56.914146417
[2023-07-17T18:05:59Z INFO  dt_instance] received at 2023-07-17 18:05:59.428766749 UTC - from mc-10->source-1 "453" 18:05:59.417490821
[2023-07-17T18:06:01Z INFO  dt_instance] received at 2023-07-17 18:06:01.928248186 UTC - from mc-10->source-1 "458" 18:06:01.924016113
[2023-07-17T18:06:04Z INFO  dt_instance] received at 2023-07-17 18:06:04.433462358 UTC - from mc-10->source-5 "453" 18:06:04.431083013
[2023-07-17T18:06:06Z INFO  dt_instance] received at 2023-07-17 18:06:06.939950880 UTC - from mc-10->source-3 "463" 18:06:06.938384854
[2023-07-17T18:06:09Z INFO  dt_instance] received at 2023-07-17 18:06:09.449178597 UTC - from mc-10->source-3 "468" 18:06:09.447689298
[2023-07-17T18:06:11Z INFO  dt_instance] received at 2023-07-17 18:06:11.956103634 UTC - from mc-10->source-3 "473" 18:06:11.953233819
[2023-07-17T18:06:14Z INFO  dt_instance] received at 2023-07-17 18:06:14.461093486 UTC - from mc-10->source-5 "473" 18:06:14.458808606
[2023-07-17T18:06:16Z INFO  dt_instance] received at 2023-07-17 18:06:16.966830947 UTC - from mc-10->source-9 "468" 18:06:16.965805796
[2023-07-17T18:06:19Z INFO  dt_instance] received at 2023-07-17 18:06:19.473817958 UTC - from mc-10->source-9 "473" 18:06:19.471974438
[2023-07-17T18:06:21Z INFO  dt_instance] received at 2023-07-17 18:06:21.983305755 UTC - from mc-10->source-3 "493" 18:06:21.975745306
[2023-07-17T18:06:24Z INFO  dt_instance] received at 2023-07-17 18:06:24.489124683 UTC - from mc-10->source-9 "483" 18:06:24.482992322
[2023-07-17T18:06:26Z INFO  dt_instance] received at 2023-07-17 18:06:26.989515314 UTC - from mc-10->source-9 "488" 18:06:26.988073190
[2023-07-17T18:06:29Z INFO  dt_instance] received at 2023-07-17 18:06:29.508844991 UTC - from mc-10->source-3 "508" 18:06:29.494115830
[2023-07-17T18:06:32Z INFO  dt_instance] received at 2023-07-17 18:06:32.002628279 UTC - from mc-10->source-5 "508" 18:06:32.000904507
[2023-07-17T18:06:34Z INFO  dt_instance] received at 2023-07-17 18:06:34.510417195 UTC - from mc-10->source-9 "503" 18:06:34.506754849
[2023-07-17T18:06:37Z INFO  dt_instance] received at 2023-07-17 18:06:37.019253639 UTC - from mc-10->source-5 "518" 18:06:37.015006844
[2023-07-17T18:06:39Z INFO  dt_instance] received at 2023-07-17 18:06:39.526100400 UTC - from mc-10->source-3 "528" 18:06:39.522421753
[2023-07-17T18:06:42Z INFO  dt_instance] received at 2023-07-17 18:06:42.029728753 UTC - from mc-10->source-9 "518" 18:06:42.027503226
[2023-07-17T18:06:44Z INFO  dt_instance] received at 2023-07-17 18:06:44.535733921 UTC - from mc-10->source-9 "523" 18:06:44.533789678
[2023-07-17T18:06:47Z INFO  dt_instance] received at 2023-07-17 18:06:47.041964041 UTC - from mc-10->source-9 "528" 18:06:47.040668976
[2023-07-17T18:06:49Z INFO  dt_instance] received at 2023-07-17 18:06:49.582326834 UTC - from mc-10->source-5 "543" 18:06:49.545109509
[2023-07-17T18:06:52Z INFO  dt_instance] received at 2023-07-17 18:06:52.061917716 UTC - from mc-10->source-3 "553" 18:06:52.050234428
[2023-07-17T18:06:54Z INFO  dt_instance] received at 2023-07-17 18:06:54.559665311 UTC - from mc-10->source-9 "543" 18:06:54.557705935
[2023-07-17T18:06:57Z INFO  dt_instance] received at 2023-07-17 18:06:57.066435180 UTC - from mc-10->source-9 "548" 18:06:57.062683543
[2023-07-17T18:06:59Z INFO  dt_instance] received at 2023-07-17 18:06:59.585200558 UTC - from mc-10->source-3 "568" 18:06:59.574299470
[2023-07-17T18:07:02Z INFO  dt_instance] received at 2023-07-17 18:07:02.084739549 UTC - from mc-10->source-5 "568" 18:07:02.078396529
[2023-07-17T18:07:04Z INFO  dt_instance] received at 2023-07-17 18:07:04.598155237 UTC - from mc-10->source-5 "573" 18:07:04.583178996
[2023-07-17T18:07:07Z INFO  dt_instance] received at 2023-07-17 18:07:07.095685440 UTC - from mc-10->source-5 "578" 18:07:07.090146115
[2023-07-17T18:07:09Z INFO  dt_instance] received at 2023-07-17 18:07:09.601251587 UTC - from mc-10->source-3 "588" 18:07:09.596989678
[2023-07-17T18:07:12Z INFO  dt_instance] received at 2023-07-17 18:07:12.109975575 UTC - from mc-10->source-5 "588" 18:07:12.102432309
[2023-07-17T18:07:14Z INFO  dt_instance] received at 2023-07-17 18:07:14.664636703 UTC - from mc-10->source-1 "603" 18:07:14.595495047
[2023-07-17T18:07:17Z INFO  dt_instance] received at 2023-07-17 18:07:17.134343977 UTC - from mc-10->source-3 "603" 18:07:17.114547146
[2023-07-17T18:07:19Z INFO  dt_instance] received at 2023-07-17 18:07:19.648467112 UTC - from mc-10->source-3 "608" 18:07:19.620262624
[2023-07-17T18:07:22Z INFO  dt_instance] received at 2023-07-17 18:07:22.130263471 UTC - from mc-10->source-5 "608" 18:07:22.126406941
[2023-07-17T18:07:24Z INFO  dt_instance] received at 2023-07-17 18:07:24.636387489 UTC - from mc-10->source-5 "613" 18:07:24.630990157
[2023-07-17T18:07:27Z INFO  dt_instance] received at 2023-07-17 18:07:27.152949425 UTC - from mc-10->source-3 "623" 18:07:27.137790607
[2023-07-17T18:07:29Z INFO  dt_instance] received at 2023-07-17 18:07:29.675881150 UTC - from mc-10->source-1 "633" 18:07:29.624914492
[2023-07-17T18:07:32Z INFO  dt_instance] received at 2023-07-17 18:07:32.158169066 UTC - from mc-10->source-3 "633" 18:07:32.150857723
[2023-07-17T18:07:34Z INFO  dt_instance] received at 2023-07-17 18:07:34.680904882 UTC - from mc-10->source-3 "638" 18:07:34.656208899
[2023-07-17T18:07:37Z INFO  dt_instance] received at 2023-07-17 18:07:37.164627317 UTC - from mc-10->source-9 "628" 18:07:37.162572486
[2023-07-17T18:07:39Z INFO  dt_instance] received at 2023-07-17 18:07:39.679918587 UTC - from mc-10->source-5 "643" 18:07:39.669848025
[2023-07-17T18:07:42Z INFO  dt_instance] received at 2023-07-17 18:07:42.194930525 UTC - from mc-10->source-3 "653" 18:07:42.177544643
[2023-07-17T18:07:44Z INFO  dt_instance] received at 2023-07-17 18:07:44.701700774 UTC - from mc-10->source-3 "658" 18:07:44.683076714
[2023-07-17T18:07:47Z INFO  dt_instance] received at 2023-07-17 18:07:47.203087166 UTC - from mc-10->source-5 "658" 18:07:47.189567867
[2023-07-17T18:07:49Z INFO  dt_instance] received at 2023-07-17 18:07:49.719460633 UTC - from mc-10->source-9 "653" 18:07:49.693405206
[2023-07-17T18:07:52Z INFO  dt_instance] received at 2023-07-17 18:07:52.219515471 UTC - from mc-10->source-9 "658" 18:07:52.202698481
[2023-07-17T18:07:54Z INFO  dt_instance] received at 2023-07-17 18:07:54.712620840 UTC - from mc-10->source-9 "663" 18:07:54.709098915
[2023-07-17T18:07:57Z INFO  dt_instance] received at 2023-07-17 18:07:57.238464074 UTC - from mc-10->source-3 "683" 18:07:57.218406042
[2023-07-17T18:07:59Z INFO  dt_instance] received at 2023-07-17 18:07:59.735273046 UTC - from mc-10->source-5 "683" 18:07:59.724769210
[2023-07-17T18:08:02Z INFO  dt_instance] received at 2023-07-17 18:08:02.233969508 UTC - from mc-10->source-5 "688" 18:08:02.231699871
[2023-07-17T18:08:04Z INFO  dt_instance] received at 2023-07-17 18:08:04.750022594 UTC - from mc-10->source-5 "693" 18:08:04.739125504
[2023-07-17T18:08:07Z INFO  dt_instance] received at 2023-07-17 18:08:07.273433147 UTC - from mc-10->source-3 "703" 18:08:07.243832351
[2023-07-17T18:08:09Z INFO  dt_instance] received at 2023-07-17 18:08:09.769284395 UTC - from mc-10->source-3 "708" 18:08:09.749704210
[2023-07-17T18:08:12Z INFO  dt_instance] received at 2023-07-17 18:08:12.258594901 UTC - from mc-10->source-5 "708" 18:08:12.255919417
[2023-07-17T18:08:14Z INFO  dt_instance] received at 2023-07-17 18:08:14.765988221 UTC - from mc-10->source-3 "718" 18:08:14.762522095
[2023-07-17T18:08:17Z INFO  dt_instance] received at 2023-07-17 18:08:17.283059544 UTC - from mc-10->source-3 "723" 18:08:17.268258547
[2023-07-17T18:08:19Z INFO  dt_instance] received at 2023-07-17 18:08:19.779079695 UTC - from mc-10->source-3 "728" 18:08:19.774037701
[2023-07-17T18:08:22Z INFO  dt_instance] received at 2023-07-17 18:08:22.308777313 UTC - from mc-10->source-5 "728" 18:08:22.278942619
[2023-07-17T18:08:24Z INFO  dt_instance] received at 2023-07-17 18:08:24.839480119 UTC - from mc-10->source-1 "743" 18:08:24.758518712
[2023-07-17T18:08:27Z INFO  dt_instance] received at 2023-07-17 18:08:27.316797725 UTC - from mc-10->source-5 "738" 18:08:27.288967948
[2023-07-17T18:08:29Z INFO  dt_instance] received at 2023-07-17 18:08:29.819899112 UTC - from mc-10->source-5 "743" 18:08:29.795274378
[2023-07-17T18:08:32Z INFO  dt_instance] received at 2023-07-17 18:08:32.322966089 UTC - from mc-10->source-3 "753" 18:08:32.305155004
[2023-07-17T18:08:34Z INFO  dt_instance] received at 2023-07-17 18:08:34.815258852 UTC - from mc-10->source-3 "758" 18:08:34.810159551
[2023-07-17T18:08:37Z INFO  dt_instance] received at 2023-07-17 18:08:37.322291882 UTC - from mc-10->source-5 "758" 18:08:37.314572961
[2023-07-17T18:08:39Z INFO  dt_instance] received at 2023-07-17 18:08:39.853234972 UTC - from mc-10->source-3 "768" 18:08:39.821294836
[2023-07-17T18:08:42Z INFO  dt_instance] received at 2023-07-17 18:08:42.329818468 UTC - from mc-10->source-5 "768" 18:08:42.327617561
[2023-07-17T18:08:44Z INFO  dt_instance] received at 2023-07-17 18:08:44.857502450 UTC - from mc-10->source-5 "773" 18:08:44.833998933
[2023-07-17T18:08:47Z INFO  dt_instance] received at 2023-07-17 18:08:47.343551784 UTC - from mc-10->source-5 "778" 18:08:47.339816514
[2023-07-17T18:08:49Z INFO  dt_instance] received at 2023-07-17 18:08:49.852968014 UTC - from mc-10->source-5 "783" 18:08:49.846637750
[2023-07-17T18:08:52Z INFO  dt_instance] received at 2023-07-17 18:08:52.362282076 UTC - from mc-10->source-5 "788" 18:08:52.352278063
[2023-07-17T18:08:54Z INFO  dt_instance] received at 2023-07-17 18:08:54.876672532 UTC - from mc-10->source-3 "798" 18:08:54.853660880
[2023-07-17T18:08:57Z INFO  dt_instance] received at 2023-07-17 18:08:57.384422320 UTC - from mc-10->source-3 "803" 18:08:57.361232804
[2023-07-17T18:08:59Z INFO  dt_instance] received at 2023-07-17 18:08:59.916003251 UTC - from mc-10->source-1 "813" 18:08:59.843438320
[2023-07-17T18:09:02Z INFO  dt_instance] received at 2023-07-17 18:09:02.375378745 UTC - from mc-10->source-5 "808" 18:09:02.371890016
[2023-07-17T18:09:04Z INFO  dt_instance] received at 2023-07-17 18:09:04.887019992 UTC - from mc-10->source-3 "818" 18:09:04.877733187
[2023-07-17T18:09:07Z INFO  dt_instance] received at 2023-07-17 18:09:07.430798942 UTC - from mc-10->source-5 "818" 18:09:07.384221123
[2023-07-17T18:09:09Z INFO  dt_instance] received at 2023-07-17 18:09:09.898358844 UTC - from mc-10->source-5 "823" 18:09:09.890160189
[2023-07-17T18:09:12Z INFO  dt_instance] received at 2023-07-17 18:09:12.427200981 UTC - from mc-10->source-3 "833" 18:09:12.396462381
[2023-07-17T18:09:14Z INFO  dt_instance] received at 2023-07-17 18:09:14.920953234 UTC - from mc-10->source-9 "823" 18:09:14.903663886
[2023-07-17T18:09:17Z INFO  dt_instance] received at 2023-07-17 18:09:17.422695190 UTC - from mc-10->source-5 "838" 18:09:17.406269581
[2023-07-17T18:09:19Z INFO  dt_instance] received at 2023-07-17 18:09:19.936102584 UTC - from mc-10->source-9 "833" 18:09:19.916513898
[2023-07-17T18:09:22Z INFO  dt_instance] received at 2023-07-17 18:09:22.427332129 UTC - from mc-10->source-3 "853" 18:09:22.422703085
[2023-07-17T18:09:24Z INFO  dt_instance] received at 2023-07-17 18:09:24.931631223 UTC - from mc-10->source-3 "858" 18:09:24.927817037
[2023-07-17T18:09:27Z INFO  dt_instance] received at 2023-07-17 18:09:27.477611056 UTC - from mc-10->source-3 "863" 18:09:27.433313720
[2023-07-17T18:09:29Z INFO  dt_instance] received at 2023-07-17 18:09:29.941699294 UTC - from mc-10->source-3 "868" 18:09:29.940568704
[2023-07-17T18:09:32Z INFO  dt_instance] received at 2023-07-17 18:09:32.458645801 UTC - from mc-10->source-9 "858" 18:09:32.446249123
[2023-07-17T18:09:34Z INFO  dt_instance] received at 2023-07-17 18:09:34.965496895 UTC - from mc-10->source-3 "878" 18:09:34.951949759
[2023-07-17T18:09:37Z INFO  dt_instance] received at 2023-07-17 18:09:37.460828070 UTC - from mc-10->source-9 "868" 18:09:37.457188317
[2023-07-17T18:09:39Z INFO  dt_instance] received at 2023-07-17 18:09:39.995565659 UTC - from mc-10->source-1 "893" 18:09:39.939169314
[2023-07-17T18:09:42Z INFO  dt_instance] received at 2023-07-17 18:09:42.478268790 UTC - from mc-10->source-9 "878" 18:09:42.467758928
[2023-07-17T18:09:44Z INFO  dt_instance] received at 2023-07-17 18:09:44.990698586 UTC - from mc-10->source-9 "883" 18:09:44.976772134
[2023-07-17T18:09:47Z INFO  dt_instance] received at 2023-07-17 18:09:47.486048018 UTC - from mc-10->source-3 "903" 18:09:47.483806553
[2023-07-17T18:09:50Z INFO  dt_instance] received at 2023-07-17 18:09:50.000132159 UTC - from mc-10->source-3 "908" 18:09:49.990405775
[2023-07-17T18:09:52Z INFO  dt_instance] received at 2023-07-17 18:09:52.507894592 UTC - from mc-10->source-3 "913" 18:09:52.496614502
[2023-07-17T18:09:55Z INFO  dt_instance] received at 2023-07-17 18:09:55.018620565 UTC - from mc-10->source-9 "903" 18:09:55.003304785
[2023-07-17T18:09:57Z INFO  dt_instance] received at 2023-07-17 18:09:57.544234667 UTC - from mc-10->source-3 "923" 18:09:57.509144543
[2023-07-17T18:10:00Z INFO  dt_instance] received at 2023-07-17 18:10:00.024294882 UTC - from mc-10->source-9 "913" 18:10:00.016516487
[2023-07-17T18:10:02Z INFO  dt_instance] received at 2023-07-17 18:10:02.537059289 UTC - from mc-10->source-9 "918" 18:10:02.521666383
[2023-07-17T18:10:05Z INFO  dt_instance] received at 2023-07-17 18:10:05.033917081 UTC - from mc-10->source-9 "923" 18:10:05.029302050
[2023-07-17T18:10:07Z INFO  dt_instance] received at 2023-07-17 18:10:07.548072349 UTC - from mc-10->source-9 "928" 18:10:07.537701494
[2023-07-17T18:10:10Z INFO  dt_instance] received at 2023-07-17 18:10:10.047507614 UTC - from mc-10->source-9 "933" 18:10:10.044283809
[2023-07-17T18:10:12Z INFO  dt_instance] received at 2023-07-17 18:10:12.558418081 UTC - from mc-10->source-9 "938" 18:10:12.550392938
[2023-07-17T18:10:15Z INFO  dt_instance] received at 2023-07-17 18:10:15.057875333 UTC - from mc-10->source-9 "943" 18:10:15.056614348
[2023-07-17T18:10:17Z INFO  dt_instance] received at 2023-07-17 18:10:17.565121051 UTC - from mc-10->source-9 "948" 18:10:17.562467874
[2023-07-17T18:10:20Z INFO  dt_instance] received at 2023-07-17 18:10:20.072202847 UTC - from mc-10->source-9 "953" 18:10:20.068519483
[2023-07-17T18:10:22Z INFO  dt_instance] received at 2023-07-17 18:10:22.577530724 UTC - from mc-10->source-3 "973" 18:10:22.564942834
[2023-07-17T18:10:25Z INFO  dt_instance] received at 2023-07-17 18:10:25.089485648 UTC - from mc-10->source-9 "963" 18:10:25.081962100
[2023-07-17T18:10:27Z INFO  dt_instance] received at 2023-07-17 18:10:27.651285174 UTC - from mc-10->source-9 "968" 18:10:27.587985729
[2023-07-17T18:10:30Z INFO  dt_instance] received at 2023-07-17 18:10:30.098221764 UTC - from mc-10->source-3 "988" 18:10:30.092092494
[2023-07-17T18:10:32Z INFO  dt_instance] received at 2023-07-17 18:10:32.793953495 UTC - from mc-10->source-6 "986" 18:10:32.784698102
[2023-07-17T18:10:36Z INFO  dt_instance] received at 2023-07-17 18:10:36.061560574 UTC - from mc-10->source-7 "990" 18:10:36.056529772
[2023-07-17T18:10:43Z INFO  dt_instance] received at 2023-07-17 18:10:43.178968842 UTC - from mc-10->source-9 "999" 18:10:43.125185170
