[2023-07-17T17:53:40Z INFO  dt_instance] Current Twin: mc-twin-23
[2023-07-17T17:53:40Z INFO  dt_instance] Replica Name twin-mc-stateful-23
[2023-07-17T17:53:40Z INFO  dt_instance] Sleeping for 1150
[2023-07-17T18:12:50Z INFO  dt_instance] Connecting to broker at emqx.dtwins:1883
[2023-07-17T18:12:50Z INFO  dt_instance] Loggin info each 50 messages
[2023-07-17T18:12:50Z INFO  dt_instance] Set max packet size to 60000 KB.
[2023-07-17T18:12:50Z INFO  dt_instance] Refreshing topics for twin - Listen to mc-23/#
[2023-07-17T18:12:50Z INFO  dt_instance] SubAck { pkid: 1, return_codes: [Success(ExactlyOnce)] }
[2023-07-17T18:14:02Z INFO  dt_instance] received at 2023-07-17 18:14:02.968892172 UTC - from mc-23->source-2 "9" 18:14:02.967195844
[2023-07-17T18:14:06Z INFO  dt_instance] received at 2023-07-17 18:14:06.225066368 UTC - from mc-23->source-3 "13" 18:14:06.223739146
[2023-07-17T18:14:08Z INFO  dt_instance] received at 2023-07-17 18:14:08.739550363 UTC - from mc-23->source-3 "18" 18:14:08.731817545
[2023-07-17T18:14:11Z INFO  dt_instance] received at 2023-07-17 18:14:11.243033177 UTC - from mc-23->source-1 "28" 18:14:11.241354099
[2023-07-17T18:14:13Z INFO  dt_instance] received at 2023-07-17 18:14:13.752910218 UTC - from mc-23->source-1 "33" 18:14:13.749748926
[2023-07-17T18:14:16Z INFO  dt_instance] received at 2023-07-17 18:14:16.256589087 UTC - from mc-23->source-1 "38" 18:14:16.254760580
[2023-07-17T18:14:18Z INFO  dt_instance] received at 2023-07-17 18:14:18.761439745 UTC - from mc-23->source-1 "43" 18:14:18.759399866
[2023-07-17T18:14:21Z INFO  dt_instance] received at 2023-07-17 18:14:21.266749836 UTC - from mc-23->source-1 "48" 18:14:21.265660812
[2023-07-17T18:14:23Z INFO  dt_instance] received at 2023-07-17 18:14:23.780781382 UTC - from mc-23->source-3 "48" 18:14:23.779387890
[2023-07-17T18:14:26Z INFO  dt_instance] received at 2023-07-17 18:14:26.287817691 UTC - from mc-23->source-5 "48" 18:14:26.287007915
[2023-07-17T18:14:28Z INFO  dt_instance] received at 2023-07-17 18:14:28.794635005 UTC - from mc-23->source-5 "53" 18:14:28.793646257
[2023-07-17T18:14:31Z INFO  dt_instance] received at 2023-07-17 18:14:31.300883909 UTC - from mc-23->source-5 "58" 18:14:31.299278879
[2023-07-17T18:14:33Z INFO  dt_instance] received at 2023-07-17 18:14:33.805668439 UTC - from mc-23->source-5 "63" 18:14:33.804403210
[2023-07-17T18:14:36Z INFO  dt_instance] received at 2023-07-17 18:14:36.310677956 UTC - from mc-23->source-5 "68" 18:14:36.310147422
[2023-07-17T18:14:38Z INFO  dt_instance] received at 2023-07-17 18:14:38.817369242 UTC - from mc-23->source-3 "78" 18:14:38.815290385
[2023-07-17T18:14:41Z INFO  dt_instance] received at 2023-07-17 18:14:41.322220155 UTC - from mc-23->source-3 "83" 18:14:41.320886017
[2023-07-17T18:14:43Z INFO  dt_instance] received at 2023-07-17 18:14:43.830332641 UTC - from mc-23->source-5 "83" 18:14:43.827677159
[2023-07-17T18:14:46Z INFO  dt_instance] received at 2023-07-17 18:14:46.338986336 UTC - from mc-23->source-3 "93" 18:14:46.337775623
[2023-07-17T18:14:48Z INFO  dt_instance] received at 2023-07-17 18:14:48.845475887 UTC - from mc-23->source-3 "98" 18:14:48.843984388
[2023-07-17T18:14:51Z INFO  dt_instance] received at 2023-07-17 18:14:51.351241615 UTC - from mc-23->source-5 "98" 18:14:51.350507147
[2023-07-17T18:14:53Z INFO  dt_instance] received at 2023-07-17 18:14:53.860074901 UTC - from mc-23->source-5 "103" 18:14:53.857463203
[2023-07-17T18:14:56Z INFO  dt_instance] received at 2023-07-17 18:14:56.364437398 UTC - from mc-23->source-5 "108" 18:14:56.363636893
[2023-07-17T18:14:58Z INFO  dt_instance] received at 2023-07-17 18:14:58.869985162 UTC - from mc-23->source-5 "113" 18:14:58.868984298
[2023-07-17T18:15:01Z INFO  dt_instance] received at 2023-07-17 18:15:01.375324889 UTC - from mc-23->source-5 "118" 18:15:01.374283006
[2023-07-17T18:15:03Z INFO  dt_instance] received at 2023-07-17 18:15:03.882079070 UTC - from mc-23->source-5 "123" 18:15:03.880654189
[2023-07-17T18:15:06Z INFO  dt_instance] received at 2023-07-17 18:15:06.389819506 UTC - from mc-23->source-3 "133" 18:15:06.386483487
[2023-07-17T18:15:08Z INFO  dt_instance] received at 2023-07-17 18:15:08.893484345 UTC - from mc-23->source-3 "138" 18:15:08.892668142
[2023-07-17T18:15:11Z INFO  dt_instance] received at 2023-07-17 18:15:11.401239905 UTC - from mc-23->source-3 "143" 18:15:11.398964333
[2023-07-17T18:15:13Z INFO  dt_instance] received at 2023-07-17 18:15:13.907196033 UTC - from mc-23->source-3 "148" 18:15:13.906028880
[2023-07-17T18:15:16Z INFO  dt_instance] received at 2023-07-17 18:15:16.412230133 UTC - from mc-23->source-3 "153" 18:15:16.411167973
[2023-07-17T18:15:18Z INFO  dt_instance] received at 2023-07-17 18:15:18.918253267 UTC - from mc-23->source-3 "158" 18:15:18.916966140
[2023-07-17T18:15:21Z INFO  dt_instance] received at 2023-07-17 18:15:21.424446104 UTC - from mc-23->source-3 "163" 18:15:21.422981839
[2023-07-17T18:15:23Z INFO  dt_instance] received at 2023-07-17 18:15:23.929329759 UTC - from mc-23->source-3 "168" 18:15:23.927985790
[2023-07-17T18:15:26Z INFO  dt_instance] received at 2023-07-17 18:15:26.441702715 UTC - from mc-23->source-3 "173" 18:15:26.440856723
[2023-07-17T18:15:28Z INFO  dt_instance] received at 2023-07-17 18:15:28.946152904 UTC - from mc-23->source-3 "178" 18:15:28.945222513
[2023-07-17T18:15:31Z INFO  dt_instance] received at 2023-07-17 18:15:31.451244507 UTC - from mc-23->source-3 "183" 18:15:31.450185720
[2023-07-17T18:15:33Z INFO  dt_instance] received at 2023-07-17 18:15:33.957389484 UTC - from mc-23->source-3 "188" 18:15:33.955836468
[2023-07-17T18:15:36Z INFO  dt_instance] received at 2023-07-17 18:15:36.468802897 UTC - from mc-23->source-3 "193" 18:15:36.460334989
[2023-07-17T18:15:38Z INFO  dt_instance] received at 2023-07-17 18:15:38.976939746 UTC - from mc-23->source-5 "193" 18:15:38.962634686
[2023-07-17T18:15:41Z INFO  dt_instance] received at 2023-07-17 18:15:41.479624956 UTC - from mc-23->source-7 "193" 18:15:41.469620506
[2023-07-17T18:15:43Z INFO  dt_instance] received at 2023-07-17 18:15:43.982132966 UTC - from mc-23->source-3 "208" 18:15:43.977274357
[2023-07-17T18:15:46Z INFO  dt_instance] received at 2023-07-17 18:15:46.484316625 UTC - from mc-23->source-3 "213" 18:15:46.483284736
[2023-07-17T18:15:48Z INFO  dt_instance] received at 2023-07-17 18:15:48.992691136 UTC - from mc-23->source-7 "208" 18:15:48.991354125
[2023-07-17T18:15:51Z INFO  dt_instance] received at 2023-07-17 18:15:51.499586453 UTC - from mc-23->source-3 "223" 18:15:51.498101210
[2023-07-17T18:15:54Z INFO  dt_instance] received at 2023-07-17 18:15:54.006166914 UTC - from mc-23->source-3 "228" 18:15:54.004740750
[2023-07-17T18:15:56Z INFO  dt_instance] received at 2023-07-17 18:15:56.510183147 UTC - from mc-23->source-3 "233" 18:15:56.509371257
[2023-07-17T18:15:59Z INFO  dt_instance] received at 2023-07-17 18:15:59.024888268 UTC - from mc-23->source-3 "238" 18:15:59.023664293
[2023-07-17T18:16:01Z INFO  dt_instance] received at 2023-07-17 18:16:01.529550346 UTC - from mc-23->source-3 "243" 18:16:01.528423705
[2023-07-17T18:16:04Z INFO  dt_instance] received at 2023-07-17 18:16:04.035394269 UTC - from mc-23->source-3 "248" 18:16:04.033974943
[2023-07-17T18:16:06Z INFO  dt_instance] received at 2023-07-17 18:16:06.541505959 UTC - from mc-23->source-3 "253" 18:16:06.540564153
[2023-07-17T18:16:09Z INFO  dt_instance] received at 2023-07-17 18:16:09.049722523 UTC - from mc-23->source-1 "263" 18:16:09.045749341
[2023-07-17T18:16:11Z INFO  dt_instance] received at 2023-07-17 18:16:11.552785930 UTC - from mc-23->source-1 "268" 18:16:11.550953552
[2023-07-17T18:16:14Z INFO  dt_instance] received at 2023-07-17 18:16:14.079276201 UTC - from mc-23->source-1 "273" 18:16:14.062548840
[2023-07-17T18:16:16Z INFO  dt_instance] received at 2023-07-17 18:16:16.570720069 UTC - from mc-23->source-5 "268" 18:16:16.569777429
[2023-07-17T18:16:19Z INFO  dt_instance] received at 2023-07-17 18:16:19.075931455 UTC - from mc-23->source-7 "268" 18:16:19.074432642
[2023-07-17T18:16:21Z INFO  dt_instance] received at 2023-07-17 18:16:21.581990597 UTC - from mc-23->source-7 "273" 18:16:21.579828435
[2023-07-17T18:16:24Z INFO  dt_instance] received at 2023-07-17 18:16:24.087599041 UTC - from mc-23->source-5 "283" 18:16:24.086003127
[2023-07-17T18:16:26Z INFO  dt_instance] received at 2023-07-17 18:16:26.599890826 UTC - from mc-23->source-1 "298" 18:16:26.591111042
[2023-07-17T18:16:29Z INFO  dt_instance] received at 2023-07-17 18:16:29.099679903 UTC - from mc-23->source-1 "303" 18:16:29.098140407
[2023-07-17T18:16:31Z INFO  dt_instance] received at 2023-07-17 18:16:31.605994391 UTC - from mc-23->source-7 "293" 18:16:31.604196490
[2023-07-17T18:16:34Z INFO  dt_instance] received at 2023-07-17 18:16:34.113339329 UTC - from mc-23->source-1 "313" 18:16:34.111582293
[2023-07-17T18:16:36Z INFO  dt_instance] received at 2023-07-17 18:16:36.618140668 UTC - from mc-23->source-1 "318" 18:16:36.616050823
[2023-07-17T18:16:39Z INFO  dt_instance] received at 2023-07-17 18:16:39.130804936 UTC - from mc-23->source-7 "308" 18:16:39.129331171
[2023-07-17T18:16:41Z INFO  dt_instance] received at 2023-07-17 18:16:41.639413622 UTC - from mc-23->source-7 "313" 18:16:41.635260010
[2023-07-17T18:16:44Z INFO  dt_instance] received at 2023-07-17 18:16:44.157374507 UTC - from mc-23->source-7 "318" 18:16:44.148365596
[2023-07-17T18:16:46Z INFO  dt_instance] received at 2023-07-17 18:16:46.655354943 UTC - from mc-23->source-7 "323" 18:16:46.653950966
[2023-07-17T18:16:49Z INFO  dt_instance] received at 2023-07-17 18:16:49.160633717 UTC - from mc-23->source-7 "328" 18:16:49.159415601
[2023-07-17T18:16:51Z INFO  dt_instance] received at 2023-07-17 18:16:51.665487780 UTC - from mc-23->source-7 "333" 18:16:51.664277070
[2023-07-17T18:16:54Z INFO  dt_instance] received at 2023-07-17 18:16:54.170795219 UTC - from mc-23->source-7 "338" 18:16:54.169318941
[2023-07-17T18:16:56Z INFO  dt_instance] received at 2023-07-17 18:16:56.677212026 UTC - from mc-23->source-7 "343" 18:16:56.674805717
[2023-07-17T18:16:59Z INFO  dt_instance] received at 2023-07-17 18:16:59.182593407 UTC - from mc-23->source-7 "348" 18:16:59.180289357
[2023-07-17T18:17:01Z INFO  dt_instance] received at 2023-07-17 18:17:01.688948413 UTC - from mc-23->source-7 "353" 18:17:01.687645287
[2023-07-17T18:17:04Z INFO  dt_instance] received at 2023-07-17 18:17:04.197051620 UTC - from mc-23->source-7 "358" 18:17:04.194384892
[2023-07-17T18:17:06Z INFO  dt_instance] received at 2023-07-17 18:17:06.712364723 UTC - from mc-23->source-7 "363" 18:17:06.711075760
[2023-07-17T18:17:09Z INFO  dt_instance] received at 2023-07-17 18:17:09.218291914 UTC - from mc-23->source-7 "368" 18:17:09.216874578
[2023-07-17T18:17:11Z INFO  dt_instance] received at 2023-07-17 18:17:11.724747761 UTC - from mc-23->source-7 "373" 18:17:11.723480577
[2023-07-17T18:17:14Z INFO  dt_instance] received at 2023-07-17 18:17:14.230597503 UTC - from mc-23->source-7 "378" 18:17:14.229283598
[2023-07-17T18:17:16Z INFO  dt_instance] received at 2023-07-17 18:17:16.736535361 UTC - from mc-23->source-5 "388" 18:17:16.735335347
[2023-07-17T18:17:19Z INFO  dt_instance] received at 2023-07-17 18:17:19.287120389 UTC - from mc-23->source-7 "388" 18:17:19.240943292
[2023-07-17T18:17:21Z INFO  dt_instance] received at 2023-07-17 18:17:21.759084861 UTC - from mc-23->source-7 "393" 18:17:21.755234005
[2023-07-17T18:17:24Z INFO  dt_instance] received at 2023-07-17 18:17:24.263535948 UTC - from mc-23->source-7 "398" 18:17:24.262412574
[2023-07-17T18:17:26Z INFO  dt_instance] received at 2023-07-17 18:17:26.769134827 UTC - from mc-23->source-7 "403" 18:17:26.767684200
[2023-07-17T18:17:29Z INFO  dt_instance] received at 2023-07-17 18:17:29.274952091 UTC - from mc-23->source-7 "408" 18:17:29.273681914
[2023-07-17T18:17:31Z INFO  dt_instance] received at 2023-07-17 18:17:31.785373559 UTC - from mc-23->source-7 "413" 18:17:31.782311921
[2023-07-17T18:17:34Z INFO  dt_instance] received at 2023-07-17 18:17:34.293551371 UTC - from mc-23->source-7 "418" 18:17:34.292344755
[2023-07-17T18:17:36Z INFO  dt_instance] received at 2023-07-17 18:17:36.798539411 UTC - from mc-23->source-7 "423" 18:17:36.797326524
[2023-07-17T18:17:39Z INFO  dt_instance] received at 2023-07-17 18:17:39.305004833 UTC - from mc-23->source-7 "428" 18:17:39.303671548
[2023-07-17T18:17:41Z INFO  dt_instance] received at 2023-07-17 18:17:41.810572160 UTC - from mc-23->source-7 "433" 18:17:41.808984775
[2023-07-17T18:17:44Z INFO  dt_instance] received at 2023-07-17 18:17:44.321971194 UTC - from mc-23->source-7 "438" 18:17:44.314268108
[2023-07-17T18:17:46Z INFO  dt_instance] received at 2023-07-17 18:17:46.819994038 UTC - from mc-23->source-7 "443" 18:17:46.819027158
[2023-07-17T18:17:49Z INFO  dt_instance] received at 2023-07-17 18:17:49.325806101 UTC - from mc-23->source-7 "448" 18:17:49.324019110
[2023-07-17T18:17:51Z INFO  dt_instance] received at 2023-07-17 18:17:51.832973029 UTC - from mc-23->source-7 "453" 18:17:51.831539773
[2023-07-17T18:17:54Z INFO  dt_instance] received at 2023-07-17 18:17:54.338618664 UTC - from mc-23->source-7 "458" 18:17:54.337504139
[2023-07-17T18:17:56Z INFO  dt_instance] received at 2023-07-17 18:17:56.845747622 UTC - from mc-23->source-7 "463" 18:17:56.843291448
[2023-07-17T18:17:59Z INFO  dt_instance] received at 2023-07-17 18:17:59.350574378 UTC - from mc-23->source-7 "468" 18:17:59.349397629
[2023-07-17T18:18:01Z INFO  dt_instance] received at 2023-07-17 18:18:01.854976768 UTC - from mc-23->source-7 "473" 18:18:01.853983892
[2023-07-17T18:18:04Z INFO  dt_instance] received at 2023-07-17 18:18:04.360717371 UTC - from mc-23->source-7 "478" 18:18:04.359427551
[2023-07-17T18:18:06Z INFO  dt_instance] received at 2023-07-17 18:18:06.865558833 UTC - from mc-23->source-7 "483" 18:18:06.864415089
[2023-07-17T18:18:09Z INFO  dt_instance] received at 2023-07-17 18:18:09.371725976 UTC - from mc-23->source-7 "488" 18:18:09.370631557
[2023-07-17T18:18:11Z INFO  dt_instance] received at 2023-07-17 18:18:11.879979053 UTC - from mc-23->source-5 "498" 18:18:11.877018558
[2023-07-17T18:18:14Z INFO  dt_instance] received at 2023-07-17 18:18:14.383381375 UTC - from mc-23->source-5 "503" 18:18:14.382083398
[2023-07-17T18:18:16Z INFO  dt_instance] received at 2023-07-17 18:18:16.888971847 UTC - from mc-23->source-5 "508" 18:18:16.887722847
[2023-07-17T18:18:19Z INFO  dt_instance] received at 2023-07-17 18:18:19.393813624 UTC - from mc-23->source-7 "508" 18:18:19.392662286
[2023-07-17T18:18:21Z INFO  dt_instance] received at 2023-07-17 18:18:21.905758860 UTC - from mc-23->source-7 "513" 18:18:21.899944432
[2023-07-17T18:18:24Z INFO  dt_instance] received at 2023-07-17 18:18:24.415497246 UTC - from mc-23->source-7 "518" 18:18:24.406856635
[2023-07-17T18:18:26Z INFO  dt_instance] received at 2023-07-17 18:18:26.916312802 UTC - from mc-23->source-7 "523" 18:18:26.915190695
[2023-07-17T18:18:29Z INFO  dt_instance] received at 2023-07-17 18:18:29.425363976 UTC - from mc-23->source-7 "528" 18:18:29.419973256
[2023-07-17T18:18:31Z INFO  dt_instance] received at 2023-07-17 18:18:31.926716841 UTC - from mc-23->source-7 "533" 18:18:31.925304934
[2023-07-17T18:18:34Z INFO  dt_instance] received at 2023-07-17 18:18:34.431386340 UTC - from mc-23->source-7 "538" 18:18:34.430183836
[2023-07-17T18:18:36Z INFO  dt_instance] received at 2023-07-17 18:18:36.939527155 UTC - from mc-23->source-5 "548" 18:18:36.938317425
[2023-07-17T18:18:39Z INFO  dt_instance] received at 2023-07-17 18:18:39.445797722 UTC - from mc-23->source-9 "543" 18:18:39.444811196
[2023-07-17T18:18:41Z INFO  dt_instance] received at 2023-07-17 18:18:41.953457415 UTC - from mc-23->source-5 "558" 18:18:41.949985445
[2023-07-17T18:18:44Z INFO  dt_instance] received at 2023-07-17 18:18:44.464119025 UTC - from mc-23->source-3 "568" 18:18:44.462517870
[2023-07-17T18:18:46Z INFO  dt_instance] received at 2023-07-17 18:18:46.968685182 UTC - from mc-23->source-3 "573" 18:18:46.967796150
[2023-07-17T18:18:49Z INFO  dt_instance] received at 2023-07-17 18:18:49.473989787 UTC - from mc-23->source-3 "578" 18:18:49.472407953
[2023-07-17T18:18:51Z INFO  dt_instance] received at 2023-07-17 18:18:51.979092652 UTC - from mc-23->source-3 "583" 18:18:51.978106025
[2023-07-17T18:18:54Z INFO  dt_instance] received at 2023-07-17 18:18:54.493046353 UTC - from mc-23->source-3 "588" 18:18:54.492074660
[2023-07-17T18:18:56Z INFO  dt_instance] received at 2023-07-17 18:18:56.999077644 UTC - from mc-23->source-3 "593" 18:18:56.997513716
[2023-07-17T18:18:59Z INFO  dt_instance] received at 2023-07-17 18:18:59.505410293 UTC - from mc-23->source-3 "598" 18:18:59.503817269
[2023-07-17T18:19:02Z INFO  dt_instance] received at 2023-07-17 18:19:02.009709132 UTC - from mc-23->source-3 "603" 18:19:02.008287949
[2023-07-17T18:19:04Z INFO  dt_instance] received at 2023-07-17 18:19:04.514472878 UTC - from mc-23->source-3 "608" 18:19:04.513324094
[2023-07-17T18:19:07Z INFO  dt_instance] received at 2023-07-17 18:19:07.018851069 UTC - from mc-23->source-3 "613" 18:19:07.018087375
[2023-07-17T18:19:09Z INFO  dt_instance] received at 2023-07-17 18:19:09.527037650 UTC - from mc-23->source-3 "618" 18:19:09.524243040
[2023-07-17T18:19:12Z INFO  dt_instance] received at 2023-07-17 18:19:12.032322621 UTC - from mc-23->source-3 "623" 18:19:12.030336993
[2023-07-17T18:19:14Z INFO  dt_instance] received at 2023-07-17 18:19:14.538096646 UTC - from mc-23->source-3 "628" 18:19:14.536832541
[2023-07-17T18:19:17Z INFO  dt_instance] received at 2023-07-17 18:19:17.044249457 UTC - from mc-23->source-3 "633" 18:19:17.043220884
[2023-07-17T18:19:19Z INFO  dt_instance] received at 2023-07-17 18:19:19.552243276 UTC - from mc-23->source-3 "638" 18:19:19.549366474
[2023-07-17T18:19:22Z INFO  dt_instance] received at 2023-07-17 18:19:22.056197943 UTC - from mc-23->source-3 "643" 18:19:22.054873308
[2023-07-17T18:19:24Z INFO  dt_instance] received at 2023-07-17 18:19:24.564475577 UTC - from mc-23->source-3 "648" 18:19:24.562982838
[2023-07-17T18:19:27Z INFO  dt_instance] received at 2023-07-17 18:19:27.069329014 UTC - from mc-23->source-3 "653" 18:19:27.068384374
[2023-07-17T18:19:29Z INFO  dt_instance] received at 2023-07-17 18:19:29.578063669 UTC - from mc-23->source-3 "658" 18:19:29.575223919
[2023-07-17T18:19:32Z INFO  dt_instance] received at 2023-07-17 18:19:32.082182110 UTC - from mc-23->source-3 "663" 18:19:32.081145774
[2023-07-17T18:19:34Z INFO  dt_instance] received at 2023-07-17 18:19:34.589664537 UTC - from mc-23->source-3 "668" 18:19:34.586511435
[2023-07-17T18:19:37Z INFO  dt_instance] received at 2023-07-17 18:19:37.092426034 UTC - from mc-23->source-3 "673" 18:19:37.091522255
[2023-07-17T18:19:39Z INFO  dt_instance] received at 2023-07-17 18:19:39.597178630 UTC - from mc-23->source-5 "673" 18:19:39.596070007
[2023-07-17T18:19:42Z INFO  dt_instance] received at 2023-07-17 18:19:42.103270014 UTC - from mc-23->source-5 "678" 18:19:42.101786577
[2023-07-17T18:19:44Z INFO  dt_instance] received at 2023-07-17 18:19:44.613069914 UTC - from mc-23->source-5 "683" 18:19:44.608577730
[2023-07-17T18:19:47Z INFO  dt_instance] received at 2023-07-17 18:19:47.115621939 UTC - from mc-23->source-5 "688" 18:19:47.113884009
[2023-07-17T18:19:49Z INFO  dt_instance] received at 2023-07-17 18:19:49.620936015 UTC - from mc-23->source-3 "698" 18:19:49.620140091
[2023-07-17T18:19:52Z INFO  dt_instance] received at 2023-07-17 18:19:52.128576731 UTC - from mc-23->source-3 "703" 18:19:52.126255855
[2023-07-17T18:19:54Z INFO  dt_instance] received at 2023-07-17 18:19:54.634132972 UTC - from mc-23->source-5 "703" 18:19:54.632979579
[2023-07-17T18:19:57Z INFO  dt_instance] received at 2023-07-17 18:19:57.150082051 UTC - from mc-23->source-1 "718" 18:19:57.147274783
[2023-07-17T18:19:59Z INFO  dt_instance] received at 2023-07-17 18:19:59.657187819 UTC - from mc-23->source-5 "713" 18:19:59.655979460
[2023-07-17T18:20:02Z INFO  dt_instance] received at 2023-07-17 18:20:02.164257584 UTC - from mc-23->source-3 "723" 18:20:02.162957126
[2023-07-17T18:20:04Z INFO  dt_instance] received at 2023-07-17 18:20:04.677179582 UTC - from mc-23->source-5 "723" 18:20:04.668569596
[2023-07-17T18:20:07Z INFO  dt_instance] received at 2023-07-17 18:20:07.192246755 UTC - from mc-23->source-3 "733" 18:20:07.191089482
[2023-07-17T18:20:09Z INFO  dt_instance] received at 2023-07-17 18:20:09.697848041 UTC - from mc-23->source-5 "733" 18:20:09.696636406
[2023-07-17T18:20:12Z INFO  dt_instance] received at 2023-07-17 18:20:12.210715372 UTC - from mc-23->source-3 "743" 18:20:12.205488222
[2023-07-17T18:20:14Z INFO  dt_instance] received at 2023-07-17 18:20:14.712110670 UTC - from mc-23->source-3 "748" 18:20:14.711067066
[2023-07-17T18:20:17Z INFO  dt_instance] received at 2023-07-17 18:20:17.221637124 UTC - from mc-23->source-5 "748" 18:20:17.220603056
[2023-07-17T18:20:19Z INFO  dt_instance] received at 2023-07-17 18:20:19.727722978 UTC - from mc-23->source-5 "753" 18:20:19.726341296
[2023-07-17T18:20:22Z INFO  dt_instance] received at 2023-07-17 18:20:22.243909703 UTC - from mc-23->source-5 "758" 18:20:22.232793852
[2023-07-17T18:20:24Z INFO  dt_instance] received at 2023-07-17 18:20:24.739705940 UTC - from mc-23->source-5 "763" 18:20:24.738100801
[2023-07-17T18:20:27Z INFO  dt_instance] received at 2023-07-17 18:20:27.246981353 UTC - from mc-23->source-3 "773" 18:20:27.245993787
[2023-07-17T18:20:29Z INFO  dt_instance] received at 2023-07-17 18:20:29.757619608 UTC - from mc-23->source-7 "768" 18:20:29.741859658
[2023-07-17T18:20:32Z INFO  dt_instance] received at 2023-07-17 18:20:32.264197639 UTC - from mc-23->source-3 "783" 18:20:32.256979811
[2023-07-17T18:20:34Z INFO  dt_instance] received at 2023-07-17 18:20:34.764201306 UTC - from mc-23->source-3 "788" 18:20:34.763215763
[2023-07-17T18:20:37Z INFO  dt_instance] received at 2023-07-17 18:20:37.269496601 UTC - from mc-23->source-5 "788" 18:20:37.268454734
[2023-07-17T18:20:39Z INFO  dt_instance] received at 2023-07-17 18:20:39.776284645 UTC - from mc-23->source-3 "798" 18:20:39.775066123
[2023-07-17T18:20:42Z INFO  dt_instance] received at 2023-07-17 18:20:42.284143351 UTC - from mc-23->source-3 "803" 18:20:42.282933247
[2023-07-17T18:20:44Z INFO  dt_instance] received at 2023-07-17 18:20:44.792208184 UTC - from mc-23->source-3 "808" 18:20:44.791374221
[2023-07-17T18:20:47Z INFO  dt_instance] received at 2023-07-17 18:20:47.297953247 UTC - from mc-23->source-3 "813" 18:20:47.296822925
[2023-07-17T18:20:49Z INFO  dt_instance] received at 2023-07-17 18:20:49.805730911 UTC - from mc-23->source-3 "818" 18:20:49.803895126
[2023-07-17T18:20:52Z INFO  dt_instance] received at 2023-07-17 18:20:52.310197839 UTC - from mc-23->source-3 "823" 18:20:52.309273182
[2023-07-17T18:20:54Z INFO  dt_instance] received at 2023-07-17 18:20:54.816699019 UTC - from mc-23->source-5 "823" 18:20:54.815278826
[2023-07-17T18:20:57Z INFO  dt_instance] received at 2023-07-17 18:20:57.325482315 UTC - from mc-23->source-5 "828" 18:20:57.322029362
[2023-07-17T18:20:59Z INFO  dt_instance] received at 2023-07-17 18:20:59.829719313 UTC - from mc-23->source-5 "833" 18:20:59.828767897
[2023-07-17T18:21:02Z INFO  dt_instance] received at 2023-07-17 18:21:02.336634170 UTC - from mc-23->source-5 "838" 18:21:02.335872332
[2023-07-17T18:21:04Z INFO  dt_instance] received at 2023-07-17 18:21:04.844700170 UTC - from mc-23->source-3 "848" 18:21:04.843072467
[2023-07-17T18:21:07Z INFO  dt_instance] received at 2023-07-17 18:21:07.353367380 UTC - from mc-23->source-5 "848" 18:21:07.349015119
[2023-07-17T18:21:09Z INFO  dt_instance] received at 2023-07-17 18:21:09.856946909 UTC - from mc-23->source-5 "853" 18:21:09.855805665
[2023-07-17T18:21:12Z INFO  dt_instance] received at 2023-07-17 18:21:12.365766869 UTC - from mc-23->source-5 "858" 18:21:12.363292704
[2023-07-17T18:21:14Z INFO  dt_instance] received at 2023-07-17 18:21:14.870435381 UTC - from mc-23->source-5 "863" 18:21:14.869487979
[2023-07-17T18:21:17Z INFO  dt_instance] received at 2023-07-17 18:21:17.375533667 UTC - from mc-23->source-5 "868" 18:21:17.374250184
[2023-07-17T18:21:19Z INFO  dt_instance] received at 2023-07-17 18:21:19.880842900 UTC - from mc-23->source-5 "873" 18:21:19.879908623
[2023-07-17T18:21:22Z INFO  dt_instance] received at 2023-07-17 18:21:22.388605607 UTC - from mc-23->source-5 "878" 18:21:22.387360194
[2023-07-17T18:21:24Z INFO  dt_instance] received at 2023-07-17 18:21:24.894189035 UTC - from mc-23->source-5 "883" 18:21:24.893080068
[2023-07-17T18:21:27Z INFO  dt_instance] received at 2023-07-17 18:21:27.404510588 UTC - from mc-23->source-5 "888" 18:21:27.400988802
[2023-07-17T18:21:29Z INFO  dt_instance] received at 2023-07-17 18:21:29.908521216 UTC - from mc-23->source-5 "893" 18:21:29.907726127
[2023-07-17T18:21:32Z INFO  dt_instance] received at 2023-07-17 18:21:32.415537109 UTC - from mc-23->source-5 "898" 18:21:32.413966568
[2023-07-17T18:21:34Z INFO  dt_instance] received at 2023-07-17 18:21:34.921613557 UTC - from mc-23->source-5 "903" 18:21:34.920814054
[2023-07-17T18:21:37Z INFO  dt_instance] received at 2023-07-17 18:21:37.428221402 UTC - from mc-23->source-5 "908" 18:21:37.427356291
[2023-07-17T18:21:39Z INFO  dt_instance] received at 2023-07-17 18:21:39.935038035 UTC - from mc-23->source-5 "913" 18:21:39.933976659
[2023-07-17T18:21:42Z INFO  dt_instance] received at 2023-07-17 18:21:42.441987265 UTC - from mc-23->source-5 "918" 18:21:42.440965441
[2023-07-17T18:21:44Z INFO  dt_instance] received at 2023-07-17 18:21:44.949337362 UTC - from mc-23->source-5 "923" 18:21:44.948150684
[2023-07-17T18:21:47Z INFO  dt_instance] received at 2023-07-17 18:21:47.456711208 UTC - from mc-23->source-5 "928" 18:21:47.455613366
[2023-07-17T18:21:49Z INFO  dt_instance] received at 2023-07-17 18:21:49.961706353 UTC - from mc-23->source-5 "933" 18:21:49.960654795
[2023-07-17T18:21:52Z INFO  dt_instance] received at 2023-07-17 18:21:52.466184776 UTC - from mc-23->source-5 "938" 18:21:52.465300809
[2023-07-17T18:21:54Z INFO  dt_instance] received at 2023-07-17 18:21:54.971714619 UTC - from mc-23->source-5 "943" 18:21:54.970421260
[2023-07-17T18:21:57Z INFO  dt_instance] received at 2023-07-17 18:21:57.478148587 UTC - from mc-23->source-5 "948" 18:21:57.477023582
[2023-07-17T18:21:59Z INFO  dt_instance] received at 2023-07-17 18:21:59.986638721 UTC - from mc-23->source-5 "953" 18:21:59.985655183
[2023-07-17T18:22:02Z INFO  dt_instance] received at 2023-07-17 18:22:02.492026451 UTC - from mc-23->source-5 "958" 18:22:02.491165082
[2023-07-17T18:22:05Z INFO  dt_instance] received at 2023-07-17 18:22:05.000105964 UTC - from mc-23->source-5 "963" 18:22:04.998953654
[2023-07-17T18:22:07Z INFO  dt_instance] received at 2023-07-17 18:22:07.505948281 UTC - from mc-23->source-5 "968" 18:22:07.504897594
[2023-07-17T18:22:10Z INFO  dt_instance] received at 2023-07-17 18:22:10.012850985 UTC - from mc-23->source-5 "973" 18:22:10.012033971
[2023-07-17T18:22:12Z INFO  dt_instance] received at 2023-07-17 18:22:12.517991731 UTC - from mc-23->source-5 "978" 18:22:12.517239810
[2023-07-17T18:22:15Z INFO  dt_instance] received at 2023-07-17 18:22:15.026082843 UTC - from mc-23->source-5 "983" 18:22:15.024973624
[2023-07-17T18:22:17Z INFO  dt_instance] received at 2023-07-17 18:22:17.651033322 UTC - from mc-23->source-6 "986" 18:22:17.649404178
[2023-07-17T18:22:20Z INFO  dt_instance] received at 2023-07-17 18:22:20.980678951 UTC - from mc-23->source-9 "985" 18:22:20.979355180
[2023-07-17T18:22:28Z INFO  dt_instance] received at 2023-07-17 18:22:28.010595297 UTC - from mc-23->source-9 "999" 18:22:28.009237816
