[2023-06-26T19:13:27Z INFO  dt_instance] Current Twin: mc-twin-4
[2023-06-26T19:13:27Z INFO  dt_instance] Replica Name twin-mc-stateful-4
[2023-06-26T19:13:27Z INFO  dt_instance] Sleeping for 200
[2023-06-26T19:16:47Z INFO  dt_instance] Connecting to broker at emqx.dtwins:1883
[2023-06-26T19:16:47Z INFO  dt_instance] Loggin info each 50 messages
[2023-06-26T19:16:47Z INFO  dt_instance] Set max packet size to 60000 KB.
[2023-06-26T19:16:47Z INFO  dt_instance] Refreshing topics for twin - Listen to mc-4/#
[2023-06-26T19:16:47Z INFO  dt_instance] SubAck { pkid: 1, return_codes: [Success(ExactlyOnce)] }
[2023-06-26T19:17:54Z INFO  dt_instance] received at 2023-06-26 19:17:54.357356105 UTC - from mc-4->source-2 "9" 19:17:54.356105630
[2023-06-26T19:17:57Z INFO  dt_instance] received at 2023-06-26 19:17:57.613952075 UTC - from mc-4->source-3 "13" 19:17:57.612297117
[2023-06-26T19:18:00Z INFO  dt_instance] received at 2023-06-26 19:18:00.129248714 UTC - from mc-4->source-1 "23" 19:18:00.125432331
[2023-06-26T19:18:02Z INFO  dt_instance] received at 2023-06-26 19:18:02.631480544 UTC - from mc-4->source-1 "28" 19:18:02.630467744
[2023-06-26T19:18:05Z INFO  dt_instance] received at 2023-06-26 19:18:05.136550583 UTC - from mc-4->source-1 "33" 19:18:05.135177113
[2023-06-26T19:18:07Z INFO  dt_instance] received at 2023-06-26 19:18:07.643413513 UTC - from mc-4->source-1 "38" 19:18:07.640356139
[2023-06-26T19:18:10Z INFO  dt_instance] received at 2023-06-26 19:18:10.146650969 UTC - from mc-4->source-1 "43" 19:18:10.145492773
[2023-06-26T19:18:12Z INFO  dt_instance] received at 2023-06-26 19:18:12.653839221 UTC - from mc-4->source-1 "48" 19:18:12.652983500
[2023-06-26T19:18:15Z INFO  dt_instance] received at 2023-06-26 19:18:15.160998959 UTC - from mc-4->source-1 "53" 19:18:15.160110586
[2023-06-26T19:18:17Z INFO  dt_instance] received at 2023-06-26 19:18:17.667243780 UTC - from mc-4->source-1 "58" 19:18:17.666109589
[2023-06-26T19:18:20Z INFO  dt_instance] received at 2023-06-26 19:18:20.173850197 UTC - from mc-4->source-1 "63" 19:18:20.172748046
[2023-06-26T19:18:22Z INFO  dt_instance] received at 2023-06-26 19:18:22.681163329 UTC - from mc-4->source-1 "68" 19:18:22.678508411
[2023-06-26T19:18:25Z INFO  dt_instance] received at 2023-06-26 19:18:25.187053335 UTC - from mc-4->source-1 "73" 19:18:25.185528517
[2023-06-26T19:18:27Z INFO  dt_instance] received at 2023-06-26 19:18:27.704464739 UTC - from mc-4->source-1 "78" 19:18:27.700499417
[2023-06-26T19:18:30Z INFO  dt_instance] received at 2023-06-26 19:18:30.207506031 UTC - from mc-4->source-1 "83" 19:18:30.206472252
[2023-06-26T19:18:32Z INFO  dt_instance] received at 2023-06-26 19:18:32.713095748 UTC - from mc-4->source-1 "88" 19:18:32.711632389
[2023-06-26T19:18:35Z INFO  dt_instance] received at 2023-06-26 19:18:35.221195146 UTC - from mc-4->source-1 "93" 19:18:35.219817207
[2023-06-26T19:18:37Z INFO  dt_instance] received at 2023-06-26 19:18:37.731454028 UTC - from mc-4->source-1 "98" 19:18:37.728740268
[2023-06-26T19:18:40Z INFO  dt_instance] received at 2023-06-26 19:18:40.234945840 UTC - from mc-4->source-1 "103" 19:18:40.233893093
[2023-06-26T19:18:42Z INFO  dt_instance] received at 2023-06-26 19:18:42.739639350 UTC - from mc-4->source-1 "108" 19:18:42.738398098
[2023-06-26T19:18:45Z INFO  dt_instance] received at 2023-06-26 19:18:45.245332902 UTC - from mc-4->source-1 "113" 19:18:45.243728177
[2023-06-26T19:18:47Z INFO  dt_instance] received at 2023-06-26 19:18:47.758924644 UTC - from mc-4->source-1 "118" 19:18:47.748392743
[2023-06-26T19:18:50Z INFO  dt_instance] received at 2023-06-26 19:18:50.254133267 UTC - from mc-4->source-1 "123" 19:18:50.253285170
[2023-06-26T19:18:52Z INFO  dt_instance] received at 2023-06-26 19:18:52.761335264 UTC - from mc-4->source-1 "128" 19:18:52.758172560
[2023-06-26T19:18:55Z INFO  dt_instance] received at 2023-06-26 19:18:55.265275720 UTC - from mc-4->source-1 "133" 19:18:55.263913372
[2023-06-26T19:18:57Z INFO  dt_instance] received at 2023-06-26 19:18:57.773739385 UTC - from mc-4->source-1 "138" 19:18:57.769847030
[2023-06-26T19:19:00Z INFO  dt_instance] received at 2023-06-26 19:19:00.279702293 UTC - from mc-4->source-1 "143" 19:19:00.275905160
[2023-06-26T19:19:02Z INFO  dt_instance] received at 2023-06-26 19:19:02.782173350 UTC - from mc-4->source-1 "148" 19:19:02.781212988
[2023-06-26T19:19:05Z INFO  dt_instance] received at 2023-06-26 19:19:05.288746073 UTC - from mc-4->source-1 "153" 19:19:05.287502134
[2023-06-26T19:19:07Z INFO  dt_instance] received at 2023-06-26 19:19:07.795616216 UTC - from mc-4->source-1 "158" 19:19:07.793561561
[2023-06-26T19:19:10Z INFO  dt_instance] received at 2023-06-26 19:19:10.300297602 UTC - from mc-4->source-1 "163" 19:19:10.298864254
[2023-06-26T19:19:12Z INFO  dt_instance] received at 2023-06-26 19:19:12.805140353 UTC - from mc-4->source-1 "168" 19:19:12.803961150
[2023-06-26T19:19:15Z INFO  dt_instance] received at 2023-06-26 19:19:15.317271263 UTC - from mc-4->source-1 "173" 19:19:15.311631010
[2023-06-26T19:19:17Z INFO  dt_instance] received at 2023-06-26 19:19:17.817778748 UTC - from mc-4->source-1 "178" 19:19:17.816628021
[2023-06-26T19:19:20Z INFO  dt_instance] received at 2023-06-26 19:19:20.322455218 UTC - from mc-4->source-1 "183" 19:19:20.321554405
[2023-06-26T19:19:22Z INFO  dt_instance] received at 2023-06-26 19:19:22.827879260 UTC - from mc-4->source-1 "188" 19:19:22.826823328
[2023-06-26T19:19:25Z INFO  dt_instance] received at 2023-06-26 19:19:25.333407897 UTC - from mc-4->source-1 "193" 19:19:25.332033713
[2023-06-26T19:19:27Z INFO  dt_instance] received at 2023-06-26 19:19:27.840245523 UTC - from mc-4->source-1 "198" 19:19:27.839346529
[2023-06-26T19:19:30Z INFO  dt_instance] received at 2023-06-26 19:19:30.346035109 UTC - from mc-4->source-1 "203" 19:19:30.344636661
[2023-06-26T19:19:32Z INFO  dt_instance] received at 2023-06-26 19:19:32.851716482 UTC - from mc-4->source-1 "208" 19:19:32.850697693
[2023-06-26T19:19:35Z INFO  dt_instance] received at 2023-06-26 19:19:35.359797164 UTC - from mc-4->source-1 "213" 19:19:35.358756391
[2023-06-26T19:19:37Z INFO  dt_instance] received at 2023-06-26 19:19:37.864933330 UTC - from mc-4->source-1 "218" 19:19:37.863741846
[2023-06-26T19:19:40Z INFO  dt_instance] received at 2023-06-26 19:19:40.371901992 UTC - from mc-4->source-1 "223" 19:19:40.371016233
[2023-06-26T19:19:42Z INFO  dt_instance] received at 2023-06-26 19:19:42.877591050 UTC - from mc-4->source-1 "228" 19:19:42.876664201
[2023-06-26T19:19:45Z INFO  dt_instance] received at 2023-06-26 19:19:45.382451147 UTC - from mc-4->source-1 "233" 19:19:45.381485393
[2023-06-26T19:19:47Z INFO  dt_instance] received at 2023-06-26 19:19:47.889924124 UTC - from mc-4->source-1 "238" 19:19:47.889116757
[2023-06-26T19:19:50Z INFO  dt_instance] received at 2023-06-26 19:19:50.395340706 UTC - from mc-4->source-1 "243" 19:19:50.394494557
[2023-06-26T19:19:52Z INFO  dt_instance] received at 2023-06-26 19:19:52.903476762 UTC - from mc-4->source-1 "248" 19:19:52.900999511
[2023-06-26T19:19:55Z INFO  dt_instance] received at 2023-06-26 19:19:55.408108287 UTC - from mc-4->source-1 "253" 19:19:55.407372994
[2023-06-26T19:19:57Z INFO  dt_instance] received at 2023-06-26 19:19:57.914425284 UTC - from mc-4->source-1 "258" 19:19:57.913432677
[2023-06-26T19:20:00Z INFO  dt_instance] received at 2023-06-26 19:20:00.419413307 UTC - from mc-4->source-1 "263" 19:20:00.418547935
[2023-06-26T19:20:02Z INFO  dt_instance] received at 2023-06-26 19:20:02.925511918 UTC - from mc-4->source-1 "268" 19:20:02.924428689
[2023-06-26T19:20:05Z INFO  dt_instance] received at 2023-06-26 19:20:05.431380965 UTC - from mc-4->source-1 "273" 19:20:05.430450799
[2023-06-26T19:20:07Z INFO  dt_instance] received at 2023-06-26 19:20:07.937550317 UTC - from mc-4->source-1 "278" 19:20:07.935058067
[2023-06-26T19:20:10Z INFO  dt_instance] received at 2023-06-26 19:20:10.441522723 UTC - from mc-4->source-1 "283" 19:20:10.440250428
[2023-06-26T19:20:12Z INFO  dt_instance] received at 2023-06-26 19:20:12.947385745 UTC - from mc-4->source-1 "288" 19:20:12.946076892
[2023-06-26T19:20:15Z INFO  dt_instance] received at 2023-06-26 19:20:15.454053536 UTC - from mc-4->source-1 "293" 19:20:15.453099589
[2023-06-26T19:20:17Z INFO  dt_instance] received at 2023-06-26 19:20:17.960667490 UTC - from mc-4->source-1 "298" 19:20:17.959608910
[2023-06-26T19:20:20Z INFO  dt_instance] received at 2023-06-26 19:20:20.465502254 UTC - from mc-4->source-1 "303" 19:20:20.464658420
[2023-06-26T19:20:22Z INFO  dt_instance] received at 2023-06-26 19:20:22.972248357 UTC - from mc-4->source-1 "308" 19:20:22.969571943
[2023-06-26T19:20:25Z INFO  dt_instance] received at 2023-06-26 19:20:25.476884870 UTC - from mc-4->source-1 "313" 19:20:25.475925690
[2023-06-26T19:20:27Z INFO  dt_instance] received at 2023-06-26 19:20:27.980650860 UTC - from mc-4->source-1 "318" 19:20:27.980074716
[2023-06-26T19:20:30Z INFO  dt_instance] received at 2023-06-26 19:20:30.487126084 UTC - from mc-4->source-3 "318" 19:20:30.485225962
[2023-06-26T19:20:32Z INFO  dt_instance] received at 2023-06-26 19:20:32.992821914 UTC - from mc-4->source-9 "308" 19:20:32.991529856
[2023-06-26T19:20:35Z INFO  dt_instance] received at 2023-06-26 19:20:35.498379002 UTC - from mc-4->source-3 "328" 19:20:35.497101760
[2023-06-26T19:20:38Z INFO  dt_instance] received at 2023-06-26 19:20:38.008595853 UTC - from mc-4->source-9 "318" 19:20:38.002845403
[2023-06-26T19:20:40Z INFO  dt_instance] received at 2023-06-26 19:20:40.510650135 UTC - from mc-4->source-3 "338" 19:20:40.509368858
[2023-06-26T19:20:43Z INFO  dt_instance] received at 2023-06-26 19:20:43.017030813 UTC - from mc-4->source-5 "338" 19:20:43.015750059
[2023-06-26T19:20:45Z INFO  dt_instance] received at 2023-06-26 19:20:45.524030584 UTC - from mc-4->source-1 "353" 19:20:45.522681202
[2023-06-26T19:20:48Z INFO  dt_instance] received at 2023-06-26 19:20:48.029629556 UTC - from mc-4->source-5 "348" 19:20:48.028350226
[2023-06-26T19:20:50Z INFO  dt_instance] received at 2023-06-26 19:20:50.536549941 UTC - from mc-4->source-5 "353" 19:20:50.535069455
[2023-06-26T19:20:53Z INFO  dt_instance] received at 2023-06-26 19:20:53.044811259 UTC - from mc-4->source-3 "363" 19:20:53.042111328
[2023-06-26T19:20:55Z INFO  dt_instance] received at 2023-06-26 19:20:55.551923217 UTC - from mc-4->source-5 "363" 19:20:55.547189
[2023-06-26T19:20:58Z INFO  dt_instance] received at 2023-06-26 19:20:58.056644427 UTC - from mc-4->source-3 "373" 19:20:58.054195811
[2023-06-26T19:21:00Z INFO  dt_instance] received at 2023-06-26 19:21:00.563370422 UTC - from mc-4->source-5 "373" 19:21:00.562143078
[2023-06-26T19:21:03Z INFO  dt_instance] received at 2023-06-26 19:21:03.070275717 UTC - from mc-4->source-3 "383" 19:21:03.069140461
[2023-06-26T19:21:05Z INFO  dt_instance] received at 2023-06-26 19:21:05.576218833 UTC - from mc-4->source-3 "388" 19:21:05.575096265
[2023-06-26T19:21:08Z INFO  dt_instance] received at 2023-06-26 19:21:08.083626906 UTC - from mc-4->source-3 "393" 19:21:08.082210322
[2023-06-26T19:21:10Z INFO  dt_instance] received at 2023-06-26 19:21:10.589910696 UTC - from mc-4->source-3 "398" 19:21:10.587736263
[2023-06-26T19:21:13Z INFO  dt_instance] received at 2023-06-26 19:21:13.093225564 UTC - from mc-4->source-3 "403" 19:21:13.092043028
[2023-06-26T19:21:15Z INFO  dt_instance] received at 2023-06-26 19:21:15.599671025 UTC - from mc-4->source-3 "408" 19:21:15.598072702
[2023-06-26T19:21:18Z INFO  dt_instance] received at 2023-06-26 19:21:18.105129053 UTC - from mc-4->source-3 "413" 19:21:18.104122310
[2023-06-26T19:21:20Z INFO  dt_instance] received at 2023-06-26 19:21:20.610283548 UTC - from mc-4->source-3 "418" 19:21:20.609186111
[2023-06-26T19:21:23Z INFO  dt_instance] received at 2023-06-26 19:21:23.119554567 UTC - from mc-4->source-3 "423" 19:21:23.118410860
[2023-06-26T19:21:25Z INFO  dt_instance] received at 2023-06-26 19:21:25.625791953 UTC - from mc-4->source-5 "423" 19:21:25.623822936
[2023-06-26T19:21:28Z INFO  dt_instance] received at 2023-06-26 19:21:28.131371453 UTC - from mc-4->source-5 "428" 19:21:28.129476528
[2023-06-26T19:21:30Z INFO  dt_instance] received at 2023-06-26 19:21:30.637506668 UTC - from mc-4->source-3 "438" 19:21:30.636107192
[2023-06-26T19:21:33Z INFO  dt_instance] received at 2023-06-26 19:21:33.143997934 UTC - from mc-4->source-5 "438" 19:21:33.141986411
[2023-06-26T19:21:35Z INFO  dt_instance] received at 2023-06-26 19:21:35.648927812 UTC - from mc-4->source-5 "443" 19:21:35.647165192
[2023-06-26T19:21:38Z INFO  dt_instance] received at 2023-06-26 19:21:38.154205959 UTC - from mc-4->source-5 "448" 19:21:38.153145157
[2023-06-26T19:21:40Z INFO  dt_instance] received at 2023-06-26 19:21:40.661174155 UTC - from mc-4->source-3 "458" 19:21:40.659821412
[2023-06-26T19:21:43Z INFO  dt_instance] received at 2023-06-26 19:21:43.165796475 UTC - from mc-4->source-5 "458" 19:21:43.164624020
[2023-06-26T19:21:45Z INFO  dt_instance] received at 2023-06-26 19:21:45.670898935 UTC - from mc-4->source-3 "468" 19:21:45.669328258
[2023-06-26T19:21:48Z INFO  dt_instance] received at 2023-06-26 19:21:48.177443538 UTC - from mc-4->source-5 "468" 19:21:48.176390071
[2023-06-26T19:21:50Z INFO  dt_instance] received at 2023-06-26 19:21:50.684216031 UTC - from mc-4->source-3 "478" 19:21:50.682601407
[2023-06-26T19:21:53Z INFO  dt_instance] received at 2023-06-26 19:21:53.190253470 UTC - from mc-4->source-5 "478" 19:21:53.188740931
[2023-06-26T19:21:55Z INFO  dt_instance] received at 2023-06-26 19:21:55.695605539 UTC - from mc-4->source-3 "488" 19:21:55.693743819
[2023-06-26T19:21:58Z INFO  dt_instance] received at 2023-06-26 19:21:58.200352379 UTC - from mc-4->source-3 "493" 19:21:58.199085798
[2023-06-26T19:22:00Z INFO  dt_instance] received at 2023-06-26 19:22:00.705519262 UTC - from mc-4->source-3 "498" 19:22:00.704090571
[2023-06-26T19:22:03Z INFO  dt_instance] received at 2023-06-26 19:22:03.211477693 UTC - from mc-4->source-5 "498" 19:22:03.209148867
[2023-06-26T19:22:05Z INFO  dt_instance] received at 2023-06-26 19:22:05.718282325 UTC - from mc-4->source-3 "508" 19:22:05.716547896
[2023-06-26T19:22:08Z INFO  dt_instance] received at 2023-06-26 19:22:08.226191446 UTC - from mc-4->source-3 "513" 19:22:08.224508629
[2023-06-26T19:22:10Z INFO  dt_instance] received at 2023-06-26 19:22:10.733783680 UTC - from mc-4->source-5 "513" 19:22:10.732368100
[2023-06-26T19:22:13Z INFO  dt_instance] received at 2023-06-26 19:22:13.240047023 UTC - from mc-4->source-5 "518" 19:22:13.237470096
[2023-06-26T19:22:15Z INFO  dt_instance] received at 2023-06-26 19:22:15.745913573 UTC - from mc-4->source-3 "528" 19:22:15.744694521
[2023-06-26T19:22:18Z INFO  dt_instance] received at 2023-06-26 19:22:18.252341675 UTC - from mc-4->source-3 "533" 19:22:18.250740599
[2023-06-26T19:22:20Z INFO  dt_instance] received at 2023-06-26 19:22:20.757235192 UTC - from mc-4->source-3 "538" 19:22:20.755955622
[2023-06-26T19:22:23Z INFO  dt_instance] received at 2023-06-26 19:22:23.263504564 UTC - from mc-4->source-3 "543" 19:22:23.262079586
[2023-06-26T19:22:25Z INFO  dt_instance] received at 2023-06-26 19:22:25.769507596 UTC - from mc-4->source-3 "548" 19:22:25.768266874
[2023-06-26T19:22:28Z INFO  dt_instance] received at 2023-06-26 19:22:28.279384992 UTC - from mc-4->source-3 "553" 19:22:28.275112604
[2023-06-26T19:22:30Z INFO  dt_instance] received at 2023-06-26 19:22:30.783275806 UTC - from mc-4->source-3 "558" 19:22:30.781995739
[2023-06-26T19:22:33Z INFO  dt_instance] received at 2023-06-26 19:22:33.289480991 UTC - from mc-4->source-3 "563" 19:22:33.288406272
[2023-06-26T19:22:35Z INFO  dt_instance] received at 2023-06-26 19:22:35.794478206 UTC - from mc-4->source-3 "568" 19:22:35.793243356
[2023-06-26T19:22:38Z INFO  dt_instance] received at 2023-06-26 19:22:38.300876386 UTC - from mc-4->source-3 "573" 19:22:38.298735056
[2023-06-26T19:22:40Z INFO  dt_instance] received at 2023-06-26 19:22:40.805731870 UTC - from mc-4->source-5 "573" 19:22:40.804012294
[2023-06-26T19:22:43Z INFO  dt_instance] received at 2023-06-26 19:22:43.314217318 UTC - from mc-4->source-5 "578" 19:22:43.310976694
[2023-06-26T19:22:45Z INFO  dt_instance] received at 2023-06-26 19:22:45.819964697 UTC - from mc-4->source-3 "588" 19:22:45.815500447
[2023-06-26T19:22:48Z INFO  dt_instance] received at 2023-06-26 19:22:48.322812698 UTC - from mc-4->source-3 "593" 19:22:48.321771069
[2023-06-26T19:22:50Z INFO  dt_instance] received at 2023-06-26 19:22:50.829921398 UTC - from mc-4->source-3 "598" 19:22:50.828055986
[2023-06-26T19:22:53Z INFO  dt_instance] received at 2023-06-26 19:22:53.335300475 UTC - from mc-4->source-3 "603" 19:22:53.334211083
[2023-06-26T19:22:55Z INFO  dt_instance] received at 2023-06-26 19:22:55.841498731 UTC - from mc-4->source-3 "608" 19:22:55.840120400
[2023-06-26T19:22:58Z INFO  dt_instance] received at 2023-06-26 19:22:58.351465492 UTC - from mc-4->source-3 "613" 19:22:58.347089015
[2023-06-26T19:23:00Z INFO  dt_instance] received at 2023-06-26 19:23:00.855537588 UTC - from mc-4->source-3 "618" 19:23:00.854341875
[2023-06-26T19:23:03Z INFO  dt_instance] received at 2023-06-26 19:23:03.361362465 UTC - from mc-4->source-3 "623" 19:23:03.360265677
[2023-06-26T19:23:05Z INFO  dt_instance] received at 2023-06-26 19:23:05.867192660 UTC - from mc-4->source-3 "628" 19:23:05.865997703
[2023-06-26T19:23:08Z INFO  dt_instance] received at 2023-06-26 19:23:08.373221797 UTC - from mc-4->source-3 "633" 19:23:08.371945825
[2023-06-26T19:23:10Z INFO  dt_instance] received at 2023-06-26 19:23:10.878404657 UTC - from mc-4->source-3 "638" 19:23:10.877082282
[2023-06-26T19:23:13Z INFO  dt_instance] received at 2023-06-26 19:23:13.383584580 UTC - from mc-4->source-3 "643" 19:23:13.382209609
[2023-06-26T19:23:15Z INFO  dt_instance] received at 2023-06-26 19:23:15.890181675 UTC - from mc-4->source-3 "648" 19:23:15.888681010
[2023-06-26T19:23:18Z INFO  dt_instance] received at 2023-06-26 19:23:18.396221670 UTC - from mc-4->source-3 "653" 19:23:18.395066476
[2023-06-26T19:23:20Z INFO  dt_instance] received at 2023-06-26 19:23:20.902437158 UTC - from mc-4->source-3 "658" 19:23:20.901012186
[2023-06-26T19:23:23Z INFO  dt_instance] received at 2023-06-26 19:23:23.407436608 UTC - from mc-4->source-3 "663" 19:23:23.406201787
[2023-06-26T19:23:25Z INFO  dt_instance] received at 2023-06-26 19:23:25.913815819 UTC - from mc-4->source-3 "668" 19:23:25.911697244
[2023-06-26T19:23:28Z INFO  dt_instance] received at 2023-06-26 19:23:28.419787317 UTC - from mc-4->source-3 "673" 19:23:28.418410447
[2023-06-26T19:23:30Z INFO  dt_instance] received at 2023-06-26 19:23:30.924872405 UTC - from mc-4->source-3 "678" 19:23:30.923525540
[2023-06-26T19:23:33Z INFO  dt_instance] received at 2023-06-26 19:23:33.431104256 UTC - from mc-4->source-3 "683" 19:23:33.429814045
[2023-06-26T19:23:35Z INFO  dt_instance] received at 2023-06-26 19:23:35.946258861 UTC - from mc-4->source-5 "683" 19:23:35.942528321
[2023-06-26T19:23:38Z INFO  dt_instance] received at 2023-06-26 19:23:38.452834783 UTC - from mc-4->source-3 "693" 19:23:38.451462528
[2023-06-26T19:23:40Z INFO  dt_instance] received at 2023-06-26 19:23:40.960661488 UTC - from mc-4->source-5 "693" 19:23:40.957994063
[2023-06-26T19:23:43Z INFO  dt_instance] received at 2023-06-26 19:23:43.464074385 UTC - from mc-4->source-5 "698" 19:23:43.462461950
[2023-06-26T19:23:45Z INFO  dt_instance] received at 2023-06-26 19:23:45.969581702 UTC - from mc-4->source-3 "708" 19:23:45.968499660
[2023-06-26T19:23:48Z INFO  dt_instance] received at 2023-06-26 19:23:48.476012049 UTC - from mc-4->source-3 "713" 19:23:48.474181079
[2023-06-26T19:23:50Z INFO  dt_instance] received at 2023-06-26 19:23:50.982975070 UTC - from mc-4->source-5 "713" 19:23:50.979937026
[2023-06-26T19:23:53Z INFO  dt_instance] received at 2023-06-26 19:23:53.487650427 UTC - from mc-4->source-5 "718" 19:23:53.486384026
[2023-06-26T19:23:55Z INFO  dt_instance] received at 2023-06-26 19:23:55.997060477 UTC - from mc-4->source-3 "728" 19:23:55.994148617
[2023-06-26T19:23:58Z INFO  dt_instance] received at 2023-06-26 19:23:58.500985838 UTC - from mc-4->source-3 "733" 19:23:58.499240038
[2023-06-26T19:24:01Z INFO  dt_instance] received at 2023-06-26 19:24:01.006938010 UTC - from mc-4->source-3 "738" 19:24:01.004824133
[2023-06-26T19:24:03Z INFO  dt_instance] received at 2023-06-26 19:24:03.510663741 UTC - from mc-4->source-3 "743" 19:24:03.509085559
[2023-06-26T19:24:06Z INFO  dt_instance] received at 2023-06-26 19:24:06.017014964 UTC - from mc-4->source-3 "748" 19:24:06.014465936
[2023-06-26T19:24:08Z INFO  dt_instance] received at 2023-06-26 19:24:08.522520797 UTC - from mc-4->source-3 "753" 19:24:08.521047133
[2023-06-26T19:24:11Z INFO  dt_instance] received at 2023-06-26 19:24:11.031627375 UTC - from mc-4->source-5 "753" 19:24:11.028786803
[2023-06-26T19:24:13Z INFO  dt_instance] received at 2023-06-26 19:24:13.534433587 UTC - from mc-4->source-5 "758" 19:24:13.533204915
[2023-06-26T19:24:16Z INFO  dt_instance] received at 2023-06-26 19:24:16.042387275 UTC - from mc-4->source-7 "758" 19:24:16.039370398
[2023-06-26T19:24:18Z INFO  dt_instance] received at 2023-06-26 19:24:18.547881857 UTC - from mc-4->source-5 "768" 19:24:18.545530282
[2023-06-26T19:24:21Z INFO  dt_instance] received at 2023-06-26 19:24:21.054666923 UTC - from mc-4->source-7 "768" 19:24:21.053049323
[2023-06-26T19:24:23Z INFO  dt_instance] received at 2023-06-26 19:24:23.560791164 UTC - from mc-4->source-3 "783" 19:24:23.559266469
[2023-06-26T19:24:26Z INFO  dt_instance] received at 2023-06-26 19:24:26.066241399 UTC - from mc-4->source-7 "778" 19:24:26.064956092
[2023-06-26T19:24:28Z INFO  dt_instance] received at 2023-06-26 19:24:28.573429355 UTC - from mc-4->source-7 "783" 19:24:28.570593740
[2023-06-26T19:24:31Z INFO  dt_instance] received at 2023-06-26 19:24:31.079020426 UTC - from mc-4->source-7 "788" 19:24:31.075872323
[2023-06-26T19:24:33Z INFO  dt_instance] received at 2023-06-26 19:24:33.583869364 UTC - from mc-4->source-3 "803" 19:24:33.582559229
[2023-06-26T19:24:36Z INFO  dt_instance] received at 2023-06-26 19:24:36.090593454 UTC - from mc-4->source-7 "798" 19:24:36.089086302
[2023-06-26T19:24:38Z INFO  dt_instance] received at 2023-06-26 19:24:38.598934502 UTC - from mc-4->source-3 "813" 19:24:38.595571085
[2023-06-26T19:24:41Z INFO  dt_instance] received at 2023-06-26 19:24:41.103833502 UTC - from mc-4->source-3 "818" 19:24:41.102731716
[2023-06-26T19:24:43Z INFO  dt_instance] received at 2023-06-26 19:24:43.610757501 UTC - from mc-4->source-3 "823" 19:24:43.609079608
[2023-06-26T19:24:46Z INFO  dt_instance] received at 2023-06-26 19:24:46.118156526 UTC - from mc-4->source-3 "828" 19:24:46.115433864
[2023-06-26T19:24:48Z INFO  dt_instance] received at 2023-06-26 19:24:48.621440122 UTC - from mc-4->source-3 "833" 19:24:48.620179552
[2023-06-26T19:24:51Z INFO  dt_instance] received at 2023-06-26 19:24:51.127080446 UTC - from mc-4->source-7 "828" 19:24:51.125439312
[2023-06-26T19:24:53Z INFO  dt_instance] received at 2023-06-26 19:24:53.632400415 UTC - from mc-4->source-7 "833" 19:24:53.631059717
[2023-06-26T19:24:56Z INFO  dt_instance] received at 2023-06-26 19:24:56.138993338 UTC - from mc-4->source-7 "838" 19:24:56.137990929
[2023-06-26T19:24:58Z INFO  dt_instance] received at 2023-06-26 19:24:58.645106153 UTC - from mc-4->source-7 "843" 19:24:58.643563407
[2023-06-26T19:25:01Z INFO  dt_instance] received at 2023-06-26 19:25:01.149410284 UTC - from mc-4->source-7 "848" 19:25:01.148287652
[2023-06-26T19:25:03Z INFO  dt_instance] received at 2023-06-26 19:25:03.657371169 UTC - from mc-4->source-7 "853" 19:25:03.656107359
[2023-06-26T19:25:06Z INFO  dt_instance] received at 2023-06-26 19:25:06.163130583 UTC - from mc-4->source-7 "858" 19:25:06.161611404
[2023-06-26T19:25:08Z INFO  dt_instance] received at 2023-06-26 19:25:08.673799970 UTC - from mc-4->source-7 "863" 19:25:08.667473884
[2023-06-26T19:25:11Z INFO  dt_instance] received at 2023-06-26 19:25:11.177831799 UTC - from mc-4->source-3 "878" 19:25:11.176299001
[2023-06-26T19:25:13Z INFO  dt_instance] received at 2023-06-26 19:25:13.683012147 UTC - from mc-4->source-7 "873" 19:25:13.681773214
[2023-06-26T19:25:16Z INFO  dt_instance] received at 2023-06-26 19:25:16.188682989 UTC - from mc-4->source-3 "888" 19:25:16.187312932
[2023-06-26T19:25:18Z INFO  dt_instance] received at 2023-06-26 19:25:18.695366779 UTC - from mc-4->source-7 "883" 19:25:18.694110732
[2023-06-26T19:25:21Z INFO  dt_instance] received at 2023-06-26 19:25:21.202130611 UTC - from mc-4->source-3 "898" 19:25:21.200964625
[2023-06-26T19:25:23Z INFO  dt_instance] received at 2023-06-26 19:25:23.707412299 UTC - from mc-4->source-3 "903" 19:25:23.705743323
[2023-06-26T19:25:26Z INFO  dt_instance] received at 2023-06-26 19:25:26.212628390 UTC - from mc-4->source-3 "908" 19:25:26.211305470
[2023-06-26T19:25:28Z INFO  dt_instance] received at 2023-06-26 19:25:28.718534229 UTC - from mc-4->source-3 "913" 19:25:28.717200374
[2023-06-26T19:25:31Z INFO  dt_instance] received at 2023-06-26 19:25:31.227058818 UTC - from mc-4->source-3 "918" 19:25:31.225376200
[2023-06-26T19:25:33Z INFO  dt_instance] received at 2023-06-26 19:25:33.732697136 UTC - from mc-4->source-3 "923" 19:25:33.731697289
[2023-06-26T19:25:36Z INFO  dt_instance] received at 2023-06-26 19:25:36.238053168 UTC - from mc-4->source-3 "928" 19:25:36.236561789
[2023-06-26T19:25:38Z INFO  dt_instance] received at 2023-06-26 19:25:38.745905360 UTC - from mc-4->source-3 "933" 19:25:38.744532624
[2023-06-26T19:25:41Z INFO  dt_instance] received at 2023-06-26 19:25:41.252223310 UTC - from mc-4->source-3 "938" 19:25:41.251014738
[2023-06-26T19:25:43Z INFO  dt_instance] received at 2023-06-26 19:25:43.760001688 UTC - from mc-4->source-3 "943" 19:25:43.757838454
[2023-06-26T19:25:46Z INFO  dt_instance] received at 2023-06-26 19:25:46.265085458 UTC - from mc-4->source-3 "948" 19:25:46.263443897
[2023-06-26T19:25:48Z INFO  dt_instance] received at 2023-06-26 19:25:48.769612527 UTC - from mc-4->source-3 "953" 19:25:48.768633149
[2023-06-26T19:25:51Z INFO  dt_instance] received at 2023-06-26 19:25:51.275226255 UTC - from mc-4->source-3 "958" 19:25:51.273872553
[2023-06-26T19:25:53Z INFO  dt_instance] received at 2023-06-26 19:25:53.780391475 UTC - from mc-4->source-3 "963" 19:25:53.779322621
[2023-06-26T19:25:56Z INFO  dt_instance] received at 2023-06-26 19:25:56.287287057 UTC - from mc-4->source-3 "968" 19:25:56.284935964
[2023-06-26T19:25:58Z INFO  dt_instance] received at 2023-06-26 19:25:58.791744039 UTC - from mc-4->source-3 "973" 19:25:58.790344643
[2023-06-26T19:26:01Z INFO  dt_instance] received at 2023-06-26 19:26:01.297317431 UTC - from mc-4->source-3 "978" 19:26:01.295848542
[2023-06-26T19:26:03Z INFO  dt_instance] received at 2023-06-26 19:26:03.801967799 UTC - from mc-4->source-3 "983" 19:26:03.800568313
[2023-06-26T19:26:06Z INFO  dt_instance] received at 2023-06-26 19:26:06.307027897 UTC - from mc-4->source-3 "988" 19:26:06.305640091
[2023-06-26T19:26:09Z INFO  dt_instance] received at 2023-06-26 19:26:09.030067107 UTC - from mc-4->source-4 "991" 19:26:09.025940675
[2023-06-26T19:26:12Z INFO  dt_instance] received at 2023-06-26 19:26:12.306448247 UTC - from mc-4->source-5 "995" 19:26:12.305183802
[2023-06-26T19:26:19Z INFO  dt_instance] received at 2023-06-26 19:26:19.328760387 UTC - from mc-4->source-9 "999" 19:26:19.327401265
