[2023-06-26T19:13:11Z INFO  dt_instance] Current Twin: mc-twin-0
[2023-06-26T19:13:11Z INFO  dt_instance] Replica Name twin-mc-stateful-0
[2023-06-26T19:13:11Z INFO  dt_instance] Sleeping for 0
[2023-06-26T19:13:11Z INFO  dt_instance] Connecting to broker at emqx.dtwins:1883
[2023-06-26T19:13:11Z INFO  dt_instance] Loggin info each 50 messages
[2023-06-26T19:13:11Z INFO  dt_instance] Set max packet size to 60000 KB.
[2023-06-26T19:13:11Z INFO  dt_instance] Refreshing topics for twin - Listen to mc-0/#
[2023-06-26T19:13:11Z INFO  dt_instance] SubAck { pkid: 1, return_codes: [Success(ExactlyOnce)] }
[2023-06-26T19:14:19Z INFO  dt_instance] received at 2023-06-26 19:14:19.457266195 UTC - from mc-0->source-2 "9" 19:14:19.455730075
[2023-06-26T19:14:22Z INFO  dt_instance] received at 2023-06-26 19:14:22.715414582 UTC - from mc-0->source-3 "13" 19:14:22.710888062
[2023-06-26T19:14:25Z INFO  dt_instance] received at 2023-06-26 19:14:25.229767244 UTC - from mc-0->source-3 "18" 19:14:25.227380239
[2023-06-26T19:14:27Z INFO  dt_instance] received at 2023-06-26 19:14:27.735366954 UTC - from mc-0->source-1 "28" 19:14:27.732607529
[2023-06-26T19:14:30Z INFO  dt_instance] received at 2023-06-26 19:14:30.240285198 UTC - from mc-0->source-3 "28" 19:14:30.237631591
[2023-06-26T19:14:32Z INFO  dt_instance] received at 2023-06-26 19:14:32.745740884 UTC - from mc-0->source-1 "38" 19:14:32.743902401
[2023-06-26T19:14:35Z INFO  dt_instance] received at 2023-06-26 19:14:35.252653741 UTC - from mc-0->source-1 "43" 19:14:35.249961789
[2023-06-26T19:14:37Z INFO  dt_instance] received at 2023-06-26 19:14:37.758891394 UTC - from mc-0->source-1 "48" 19:14:37.754222403
[2023-06-26T19:14:40Z INFO  dt_instance] received at 2023-06-26 19:14:40.263143465 UTC - from mc-0->source-3 "48" 19:14:40.261619940
[2023-06-26T19:14:42Z INFO  dt_instance] received at 2023-06-26 19:14:42.771173195 UTC - from mc-0->source-3 "53" 19:14:42.768149993
[2023-06-26T19:14:45Z INFO  dt_instance] received at 2023-06-26 19:14:45.280648912 UTC - from mc-0->source-7 "48" 19:14:45.278026030
[2023-06-26T19:14:47Z INFO  dt_instance] received at 2023-06-26 19:14:47.785426782 UTC - from mc-0->source-7 "53" 19:14:47.783417313
[2023-06-26T19:14:50Z INFO  dt_instance] received at 2023-06-26 19:14:50.293012732 UTC - from mc-0->source-1 "73" 19:14:50.291174660
[2023-06-26T19:14:52Z INFO  dt_instance] received at 2023-06-26 19:14:52.799049299 UTC - from mc-0->source-5 "68" 19:14:52.797350094
[2023-06-26T19:14:55Z INFO  dt_instance] received at 2023-06-26 19:14:55.305455518 UTC - from mc-0->source-1 "83" 19:14:55.303771908
[2023-06-26T19:14:57Z INFO  dt_instance] received at 2023-06-26 19:14:57.812794850 UTC - from mc-0->source-1 "88" 19:14:57.809702836
[2023-06-26T19:15:00Z INFO  dt_instance] received at 2023-06-26 19:15:00.320241859 UTC - from mc-0->source-1 "93" 19:15:00.318738643
[2023-06-26T19:15:02Z INFO  dt_instance] received at 2023-06-26 19:15:02.826199753 UTC - from mc-0->source-5 "88" 19:15:02.823522827
[2023-06-26T19:15:05Z INFO  dt_instance] received at 2023-06-26 19:15:05.331334154 UTC - from mc-0->source-5 "93" 19:15:05.329784622
[2023-06-26T19:15:07Z INFO  dt_instance] received at 2023-06-26 19:15:07.838429464 UTC - from mc-0->source-5 "98" 19:15:07.834490539
[2023-06-26T19:15:10Z INFO  dt_instance] received at 2023-06-26 19:15:10.346425627 UTC - from mc-0->source-7 "98" 19:15:10.345094720
[2023-06-26T19:15:12Z INFO  dt_instance] received at 2023-06-26 19:15:12.856001666 UTC - from mc-0->source-1 "118" 19:15:12.852320417
[2023-06-26T19:15:15Z INFO  dt_instance] received at 2023-06-26 19:15:15.360197976 UTC - from mc-0->source-1 "123" 19:15:15.358104112
[2023-06-26T19:15:17Z INFO  dt_instance] received at 2023-06-26 19:15:17.866352834 UTC - from mc-0->source-1 "128" 19:15:17.864878740
[2023-06-26T19:15:20Z INFO  dt_instance] received at 2023-06-26 19:15:20.372727784 UTC - from mc-0->source-7 "118" 19:15:20.369469317
[2023-06-26T19:15:22Z INFO  dt_instance] received at 2023-06-26 19:15:22.882881802 UTC - from mc-0->source-5 "128" 19:15:22.872080306
[2023-06-26T19:15:25Z INFO  dt_instance] received at 2023-06-26 19:15:25.383987165 UTC - from mc-0->source-7 "128" 19:15:25.382393287
[2023-06-26T19:15:27Z INFO  dt_instance] received at 2023-06-26 19:15:27.888951709 UTC - from mc-0->source-1 "148" 19:15:27.887278638
[2023-06-26T19:15:30Z INFO  dt_instance] received at 2023-06-26 19:15:30.395424093 UTC - from mc-0->source-7 "138" 19:15:30.393228773
[2023-06-26T19:15:32Z INFO  dt_instance] received at 2023-06-26 19:15:32.901824567 UTC - from mc-0->source-1 "158" 19:15:32.900018467
[2023-06-26T19:15:35Z INFO  dt_instance] received at 2023-06-26 19:15:35.409443899 UTC - from mc-0->source-7 "148" 19:15:35.408221551
[2023-06-26T19:15:37Z INFO  dt_instance] received at 2023-06-26 19:15:37.918160736 UTC - from mc-0->source-7 "153" 19:15:37.915256180
[2023-06-26T19:15:40Z INFO  dt_instance] received at 2023-06-26 19:15:40.422566664 UTC - from mc-0->source-7 "158" 19:15:40.421174088
[2023-06-26T19:15:42Z INFO  dt_instance] received at 2023-06-26 19:15:42.929154224 UTC - from mc-0->source-7 "163" 19:15:42.927919668
[2023-06-26T19:15:45Z INFO  dt_instance] received at 2023-06-26 19:15:45.435466322 UTC - from mc-0->source-7 "168" 19:15:45.433959467
[2023-06-26T19:15:47Z INFO  dt_instance] received at 2023-06-26 19:15:47.940802858 UTC - from mc-0->source-7 "173" 19:15:47.939209993
[2023-06-26T19:15:50Z INFO  dt_instance] received at 2023-06-26 19:15:50.446709982 UTC - from mc-0->source-7 "178" 19:15:50.445167685
[2023-06-26T19:15:52Z INFO  dt_instance] received at 2023-06-26 19:15:52.956449050 UTC - from mc-0->source-7 "183" 19:15:52.955137151
[2023-06-26T19:15:55Z INFO  dt_instance] received at 2023-06-26 19:15:55.462142595 UTC - from mc-0->source-7 "188" 19:15:55.460695606
[2023-06-26T19:15:57Z INFO  dt_instance] received at 2023-06-26 19:15:57.967575178 UTC - from mc-0->source-7 "193" 19:15:57.966213470
[2023-06-26T19:16:00Z INFO  dt_instance] received at 2023-06-26 19:16:00.472498316 UTC - from mc-0->source-7 "198" 19:16:00.471290106
[2023-06-26T19:16:02Z INFO  dt_instance] received at 2023-06-26 19:16:02.978691888 UTC - from mc-0->source-7 "203" 19:16:02.977399242
[2023-06-26T19:16:05Z INFO  dt_instance] received at 2023-06-26 19:16:05.483968354 UTC - from mc-0->source-7 "208" 19:16:05.482532806
[2023-06-26T19:16:07Z INFO  dt_instance] received at 2023-06-26 19:16:07.989653937 UTC - from mc-0->source-7 "213" 19:16:07.988167347
[2023-06-26T19:16:10Z INFO  dt_instance] received at 2023-06-26 19:16:10.497397820 UTC - from mc-0->source-7 "218" 19:16:10.493407426
[2023-06-26T19:16:12Z INFO  dt_instance] received at 2023-06-26 19:16:12.999913165 UTC - from mc-0->source-7 "223" 19:16:12.998236729
[2023-06-26T19:16:15Z INFO  dt_instance] received at 2023-06-26 19:16:15.505364969 UTC - from mc-0->source-1 "243" 19:16:15.503971029
[2023-06-26T19:16:18Z INFO  dt_instance] received at 2023-06-26 19:16:18.010154568 UTC - from mc-0->source-7 "233" 19:16:18.008781537
[2023-06-26T19:16:20Z INFO  dt_instance] received at 2023-06-26 19:16:20.515510072 UTC - from mc-0->source-7 "238" 19:16:20.513620015
[2023-06-26T19:16:23Z INFO  dt_instance] received at 2023-06-26 19:16:23.020762406 UTC - from mc-0->source-7 "243" 19:16:23.018862526
[2023-06-26T19:16:25Z INFO  dt_instance] received at 2023-06-26 19:16:25.526277024 UTC - from mc-0->source-7 "248" 19:16:25.525084599
[2023-06-26T19:16:28Z INFO  dt_instance] received at 2023-06-26 19:16:28.031650827 UTC - from mc-0->source-1 "268" 19:16:28.029667828
[2023-06-26T19:16:30Z INFO  dt_instance] received at 2023-06-26 19:16:30.536820184 UTC - from mc-0->source-7 "258" 19:16:30.535146060
[2023-06-26T19:16:33Z INFO  dt_instance] received at 2023-06-26 19:16:33.043198386 UTC - from mc-0->source-7 "263" 19:16:33.041588077
[2023-06-26T19:16:35Z INFO  dt_instance] received at 2023-06-26 19:16:35.550966813 UTC - from mc-0->source-7 "268" 19:16:35.549928484
[2023-06-26T19:16:38Z INFO  dt_instance] received at 2023-06-26 19:16:38.058534053 UTC - from mc-0->source-1 "288" 19:16:38.054338402
[2023-06-26T19:16:40Z INFO  dt_instance] received at 2023-06-26 19:16:40.561811984 UTC - from mc-0->source-7 "278" 19:16:40.560545398
[2023-06-26T19:16:43Z INFO  dt_instance] received at 2023-06-26 19:16:43.068274162 UTC - from mc-0->source-7 "283" 19:16:43.067100244
[2023-06-26T19:16:45Z INFO  dt_instance] received at 2023-06-26 19:16:45.575578087 UTC - from mc-0->source-7 "288" 19:16:45.574054644
[2023-06-26T19:16:48Z INFO  dt_instance] received at 2023-06-26 19:16:48.081778700 UTC - from mc-0->source-7 "293" 19:16:48.080203572
[2023-06-26T19:16:50Z INFO  dt_instance] received at 2023-06-26 19:16:50.587986747 UTC - from mc-0->source-7 "298" 19:16:50.586473130
[2023-06-26T19:16:53Z INFO  dt_instance] received at 2023-06-26 19:16:53.092608242 UTC - from mc-0->source-7 "303" 19:16:53.091304132
[2023-06-26T19:16:55Z INFO  dt_instance] received at 2023-06-26 19:16:55.599214006 UTC - from mc-0->source-3 "318" 19:16:55.597240704
[2023-06-26T19:16:58Z INFO  dt_instance] received at 2023-06-26 19:16:58.104895110 UTC - from mc-0->source-3 "323" 19:16:58.103738346
[2023-06-26T19:17:00Z INFO  dt_instance] received at 2023-06-26 19:17:00.610534827 UTC - from mc-0->source-3 "328" 19:17:00.609038664
[2023-06-26T19:17:03Z INFO  dt_instance] received at 2023-06-26 19:17:03.116770897 UTC - from mc-0->source-7 "323" 19:17:03.115380718
[2023-06-26T19:17:05Z INFO  dt_instance] received at 2023-06-26 19:17:05.622557711 UTC - from mc-0->source-3 "338" 19:17:05.621332356
[2023-06-26T19:17:08Z INFO  dt_instance] received at 2023-06-26 19:17:08.130342666 UTC - from mc-0->source-7 "333" 19:17:08.128696536
[2023-06-26T19:17:10Z INFO  dt_instance] received at 2023-06-26 19:17:10.636695533 UTC - from mc-0->source-7 "338" 19:17:10.635194349
[2023-06-26T19:17:13Z INFO  dt_instance] received at 2023-06-26 19:17:13.145585262 UTC - from mc-0->source-7 "343" 19:17:13.141838997
[2023-06-26T19:17:15Z INFO  dt_instance] received at 2023-06-26 19:17:15.649034851 UTC - from mc-0->source-1 "363" 19:17:15.647351424
[2023-06-26T19:17:18Z INFO  dt_instance] received at 2023-06-26 19:17:18.157455939 UTC - from mc-0->source-7 "353" 19:17:18.155027901
[2023-06-26T19:17:20Z INFO  dt_instance] received at 2023-06-26 19:17:20.661522574 UTC - from mc-0->source-1 "373" 19:17:20.660054122
[2023-06-26T19:17:23Z INFO  dt_instance] received at 2023-06-26 19:17:23.167303634 UTC - from mc-0->source-1 "378" 19:17:23.165723668
[2023-06-26T19:17:25Z INFO  dt_instance] received at 2023-06-26 19:17:25.679540660 UTC - from mc-0->source-7 "368" 19:17:25.672748816
[2023-06-26T19:17:28Z INFO  dt_instance] received at 2023-06-26 19:17:28.184541639 UTC - from mc-0->source-7 "373" 19:17:28.179784822
[2023-06-26T19:17:30Z INFO  dt_instance] received at 2023-06-26 19:17:30.687870486 UTC - from mc-0->source-7 "378" 19:17:30.686505389
[2023-06-26T19:17:33Z INFO  dt_instance] received at 2023-06-26 19:17:33.193496354 UTC - from mc-0->source-7 "383" 19:17:33.192204270
[2023-06-26T19:17:35Z INFO  dt_instance] received at 2023-06-26 19:17:35.699971890 UTC - from mc-0->source-7 "388" 19:17:35.698192293
[2023-06-26T19:17:38Z INFO  dt_instance] received at 2023-06-26 19:17:38.206142374 UTC - from mc-0->source-1 "408" 19:17:38.202852576
[2023-06-26T19:17:40Z INFO  dt_instance] received at 2023-06-26 19:17:40.711857571 UTC - from mc-0->source-7 "398" 19:17:40.710607162
[2023-06-26T19:17:43Z INFO  dt_instance] received at 2023-06-26 19:17:43.219480418 UTC - from mc-0->source-7 "403" 19:17:43.216522014
[2023-06-26T19:17:45Z INFO  dt_instance] received at 2023-06-26 19:17:45.722683065 UTC - from mc-0->source-7 "408" 19:17:45.721423436
[2023-06-26T19:17:48Z INFO  dt_instance] received at 2023-06-26 19:17:48.230756610 UTC - from mc-0->source-1 "428" 19:17:48.228737266
[2023-06-26T19:17:50Z INFO  dt_instance] received at 2023-06-26 19:17:50.735896076 UTC - from mc-0->source-1 "433" 19:17:50.734336890
[2023-06-26T19:17:53Z INFO  dt_instance] received at 2023-06-26 19:17:53.242334844 UTC - from mc-0->source-1 "438" 19:17:53.240649239
[2023-06-26T19:17:55Z INFO  dt_instance] received at 2023-06-26 19:17:55.749360616 UTC - from mc-0->source-1 "443" 19:17:55.747941385
[2023-06-26T19:17:58Z INFO  dt_instance] received at 2023-06-26 19:17:58.256777739 UTC - from mc-0->source-7 "433" 19:17:58.255604230
[2023-06-26T19:18:00Z INFO  dt_instance] received at 2023-06-26 19:18:00.764204437 UTC - from mc-0->source-7 "438" 19:18:00.762900724
[2023-06-26T19:18:03Z INFO  dt_instance] received at 2023-06-26 19:18:03.270724721 UTC - from mc-0->source-7 "443" 19:18:03.269030108
[2023-06-26T19:18:05Z INFO  dt_instance] received at 2023-06-26 19:18:05.776466974 UTC - from mc-0->source-7 "448" 19:18:05.774868801
[2023-06-26T19:18:08Z INFO  dt_instance] received at 2023-06-26 19:18:08.281624411 UTC - from mc-0->source-7 "453" 19:18:08.280549955
[2023-06-26T19:18:10Z INFO  dt_instance] received at 2023-06-26 19:18:10.788656527 UTC - from mc-0->source-7 "458" 19:18:10.787254791
[2023-06-26T19:18:13Z INFO  dt_instance] received at 2023-06-26 19:18:13.293810982 UTC - from mc-0->source-7 "463" 19:18:13.292634998
[2023-06-26T19:18:15Z INFO  dt_instance] received at 2023-06-26 19:18:15.798990377 UTC - from mc-0->source-7 "468" 19:18:15.797692607
[2023-06-26T19:18:18Z INFO  dt_instance] received at 2023-06-26 19:18:18.305108312 UTC - from mc-0->source-1 "488" 19:18:18.303788611
[2023-06-26T19:18:20Z INFO  dt_instance] received at 2023-06-26 19:18:20.810154890 UTC - from mc-0->source-1 "493" 19:18:20.808832862
[2023-06-26T19:18:23Z INFO  dt_instance] received at 2023-06-26 19:18:23.316416997 UTC - from mc-0->source-7 "483" 19:18:23.315203969
[2023-06-26T19:18:25Z INFO  dt_instance] received at 2023-06-26 19:18:25.823511263 UTC - from mc-0->source-1 "503" 19:18:25.821993903
[2023-06-26T19:18:28Z INFO  dt_instance] received at 2023-06-26 19:18:28.329815187 UTC - from mc-0->source-1 "508" 19:18:28.328196167
[2023-06-26T19:18:30Z INFO  dt_instance] received at 2023-06-26 19:18:30.836382541 UTC - from mc-0->source-7 "498" 19:18:30.834829679
[2023-06-26T19:18:33Z INFO  dt_instance] received at 2023-06-26 19:18:33.340589841 UTC - from mc-0->source-1 "518" 19:18:33.339430872
[2023-06-26T19:18:35Z INFO  dt_instance] received at 2023-06-26 19:18:35.847284042 UTC - from mc-0->source-1 "523" 19:18:35.846052535
[2023-06-26T19:18:38Z INFO  dt_instance] received at 2023-06-26 19:18:38.352638767 UTC - from mc-0->source-7 "513" 19:18:38.351325146
[2023-06-26T19:18:40Z INFO  dt_instance] received at 2023-06-26 19:18:40.859713754 UTC - from mc-0->source-1 "533" 19:18:40.858240309
[2023-06-26T19:18:43Z INFO  dt_instance] received at 2023-06-26 19:18:43.365388473 UTC - from mc-0->source-7 "523" 19:18:43.364000230
[2023-06-26T19:18:45Z INFO  dt_instance] received at 2023-06-26 19:18:45.871133129 UTC - from mc-0->source-1 "543" 19:18:45.869758457
[2023-06-26T19:18:48Z INFO  dt_instance] received at 2023-06-26 19:18:48.377885199 UTC - from mc-0->source-1 "548" 19:18:48.376118342
[2023-06-26T19:18:50Z INFO  dt_instance] received at 2023-06-26 19:18:50.883760061 UTC - from mc-0->source-1 "553" 19:18:50.882429720
[2023-06-26T19:18:53Z INFO  dt_instance] received at 2023-06-26 19:18:53.390175325 UTC - from mc-0->source-7 "543" 19:18:53.388837237
[2023-06-26T19:18:55Z INFO  dt_instance] received at 2023-06-26 19:18:55.897284138 UTC - from mc-0->source-1 "563" 19:18:55.893475624
[2023-06-26T19:18:58Z INFO  dt_instance] received at 2023-06-26 19:18:58.401768713 UTC - from mc-0->source-1 "568" 19:18:58.399261666
[2023-06-26T19:19:00Z INFO  dt_instance] received at 2023-06-26 19:19:00.907577731 UTC - from mc-0->source-7 "558" 19:19:00.905635349
[2023-06-26T19:19:03Z INFO  dt_instance] received at 2023-06-26 19:19:03.414307792 UTC - from mc-0->source-1 "578" 19:19:03.413050560
[2023-06-26T19:19:05Z INFO  dt_instance] received at 2023-06-26 19:19:05.921459046 UTC - from mc-0->source-7 "568" 19:19:05.918726506
[2023-06-26T19:19:08Z INFO  dt_instance] received at 2023-06-26 19:19:08.430097818 UTC - from mc-0->source-1 "588" 19:19:08.424445581
[2023-06-26T19:19:10Z INFO  dt_instance] received at 2023-06-26 19:19:10.933867683 UTC - from mc-0->source-1 "593" 19:19:10.930405756
[2023-06-26T19:19:13Z INFO  dt_instance] received at 2023-06-26 19:19:13.437391830 UTC - from mc-0->source-7 "583" 19:19:13.436037253
[2023-06-26T19:19:15Z INFO  dt_instance] received at 2023-06-26 19:19:15.946507305 UTC - from mc-0->source-7 "588" 19:19:15.942219381
[2023-06-26T19:19:18Z INFO  dt_instance] received at 2023-06-26 19:19:18.450504088 UTC - from mc-0->source-7 "593" 19:19:18.448387213
[2023-06-26T19:19:20Z INFO  dt_instance] received at 2023-06-26 19:19:20.958546208 UTC - from mc-0->source-1 "613" 19:19:20.955091254
[2023-06-26T19:19:23Z INFO  dt_instance] received at 2023-06-26 19:19:23.462042362 UTC - from mc-0->source-1 "618" 19:19:23.460470451
[2023-06-26T19:19:25Z INFO  dt_instance] received at 2023-06-26 19:19:25.970262456 UTC - from mc-0->source-1 "623" 19:19:25.967325238
[2023-06-26T19:19:28Z INFO  dt_instance] received at 2023-06-26 19:19:28.474378296 UTC - from mc-0->source-1 "628" 19:19:28.472931877
[2023-06-26T19:19:30Z INFO  dt_instance] received at 2023-06-26 19:19:30.981321958 UTC - from mc-0->source-1 "633" 19:19:30.977997403
[2023-06-26T19:19:33Z INFO  dt_instance] received at 2023-06-26 19:19:33.485531327 UTC - from mc-0->source-1 "638" 19:19:33.484261426
[2023-06-26T19:19:35Z INFO  dt_instance] received at 2023-06-26 19:19:35.992511216 UTC - from mc-0->source-1 "643" 19:19:35.989625252
[2023-06-26T19:19:38Z INFO  dt_instance] received at 2023-06-26 19:19:38.495793048 UTC - from mc-0->source-1 "648" 19:19:38.494164500
[2023-06-26T19:19:41Z INFO  dt_instance] received at 2023-06-26 19:19:41.003848707 UTC - from mc-0->source-1 "653" 19:19:41.000437573
[2023-06-26T19:19:43Z INFO  dt_instance] received at 2023-06-26 19:19:43.507940997 UTC - from mc-0->source-1 "658" 19:19:43.506196411
[2023-06-26T19:19:46Z INFO  dt_instance] received at 2023-06-26 19:19:46.016087329 UTC - from mc-0->source-7 "648" 19:19:46.012461486
[2023-06-26T19:19:48Z INFO  dt_instance] received at 2023-06-26 19:19:48.524057105 UTC - from mc-0->source-3 "663" 19:19:48.518624818
[2023-06-26T19:19:51Z INFO  dt_instance] received at 2023-06-26 19:19:51.028286336 UTC - from mc-0->source-1 "673" 19:19:51.025904870
[2023-06-26T19:19:53Z INFO  dt_instance] received at 2023-06-26 19:19:53.532749160 UTC - from mc-0->source-1 "678" 19:19:53.531161622
[2023-06-26T19:19:56Z INFO  dt_instance] received at 2023-06-26 19:19:56.040903740 UTC - from mc-0->source-1 "683" 19:19:56.037135711
[2023-06-26T19:19:58Z INFO  dt_instance] received at 2023-06-26 19:19:58.548545103 UTC - from mc-0->source-1 "688" 19:19:58.542208960
[2023-06-26T19:20:01Z INFO  dt_instance] received at 2023-06-26 19:20:01.051450730 UTC - from mc-0->source-1 "693" 19:20:01.048969422
[2023-06-26T19:20:03Z INFO  dt_instance] received at 2023-06-26 19:20:03.556232770 UTC - from mc-0->source-7 "683" 19:20:03.554318695
[2023-06-26T19:20:06Z INFO  dt_instance] received at 2023-06-26 19:20:06.063067866 UTC - from mc-0->source-1 "703" 19:20:06.060889551
[2023-06-26T19:20:08Z INFO  dt_instance] received at 2023-06-26 19:20:08.569869407 UTC - from mc-0->source-7 "693" 19:20:08.568301148
[2023-06-26T19:20:11Z INFO  dt_instance] received at 2023-06-26 19:20:11.077435674 UTC - from mc-0->source-7 "698" 19:20:11.076333568
[2023-06-26T19:20:13Z INFO  dt_instance] received at 2023-06-26 19:20:13.582808511 UTC - from mc-0->source-1 "718" 19:20:13.581379609
[2023-06-26T19:20:16Z INFO  dt_instance] received at 2023-06-26 19:20:16.091306733 UTC - from mc-0->source-7 "708" 19:20:16.088161690
[2023-06-26T19:20:18Z INFO  dt_instance] received at 2023-06-26 19:20:18.594832190 UTC - from mc-0->source-1 "728" 19:20:18.593468347
[2023-06-26T19:20:21Z INFO  dt_instance] received at 2023-06-26 19:20:21.101293815 UTC - from mc-0->source-1 "733" 19:20:21.099975845
[2023-06-26T19:20:23Z INFO  dt_instance] received at 2023-06-26 19:20:23.605722057 UTC - from mc-0->source-7 "723" 19:20:23.604341088
[2023-06-26T19:20:26Z INFO  dt_instance] received at 2023-06-26 19:20:26.111448012 UTC - from mc-0->source-7 "728" 19:20:26.110396161
[2023-06-26T19:20:28Z INFO  dt_instance] received at 2023-06-26 19:20:28.617411838 UTC - from mc-0->source-1 "748" 19:20:28.616251409
[2023-06-26T19:20:31Z INFO  dt_instance] received at 2023-06-26 19:20:31.124701723 UTC - from mc-0->source-7 "738" 19:20:31.121167569
[2023-06-26T19:20:33Z INFO  dt_instance] received at 2023-06-26 19:20:33.627324104 UTC - from mc-0->source-7 "743" 19:20:33.626262008
[2023-06-26T19:20:36Z INFO  dt_instance] received at 2023-06-26 19:20:36.133276668 UTC - from mc-0->source-1 "763" 19:20:36.131658786
[2023-06-26T19:20:38Z INFO  dt_instance] received at 2023-06-26 19:20:38.639212741 UTC - from mc-0->source-1 "768" 19:20:38.637220252
[2023-06-26T19:20:41Z INFO  dt_instance] received at 2023-06-26 19:20:41.146129467 UTC - from mc-0->source-1 "773" 19:20:41.144117873
[2023-06-26T19:20:43Z INFO  dt_instance] received at 2023-06-26 19:20:43.651801686 UTC - from mc-0->source-7 "763" 19:20:43.649819838
[2023-06-26T19:20:46Z INFO  dt_instance] received at 2023-06-26 19:20:46.157396135 UTC - from mc-0->source-7 "768" 19:20:46.156151745
[2023-06-26T19:20:48Z INFO  dt_instance] received at 2023-06-26 19:20:48.663156 UTC - from mc-0->source-7 "773" 19:20:48.661803695
[2023-06-26T19:20:51Z INFO  dt_instance] received at 2023-06-26 19:20:51.177028192 UTC - from mc-0->source-1 "793" 19:20:51.165822108
[2023-06-26T19:20:53Z INFO  dt_instance] received at 2023-06-26 19:20:53.676536309 UTC - from mc-0->source-7 "783" 19:20:53.675190960
[2023-06-26T19:20:56Z INFO  dt_instance] received at 2023-06-26 19:20:56.182368642 UTC - from mc-0->source-7 "788" 19:20:56.181240105
[2023-06-26T19:20:58Z INFO  dt_instance] received at 2023-06-26 19:20:58.688908370 UTC - from mc-0->source-7 "793" 19:20:58.687179871
[2023-06-26T19:21:01Z INFO  dt_instance] received at 2023-06-26 19:21:01.195228549 UTC - from mc-0->source-7 "798" 19:21:01.194106359
[2023-06-26T19:21:03Z INFO  dt_instance] received at 2023-06-26 19:21:03.700301722 UTC - from mc-0->source-7 "803" 19:21:03.699256750
[2023-06-26T19:21:06Z INFO  dt_instance] received at 2023-06-26 19:21:06.208444964 UTC - from mc-0->source-7 "808" 19:21:06.207136377
[2023-06-26T19:21:08Z INFO  dt_instance] received at 2023-06-26 19:21:08.714407307 UTC - from mc-0->source-7 "813" 19:21:08.713069438
[2023-06-26T19:21:11Z INFO  dt_instance] received at 2023-06-26 19:21:11.220749555 UTC - from mc-0->source-7 "818" 19:21:11.219409863
[2023-06-26T19:21:13Z INFO  dt_instance] received at 2023-06-26 19:21:13.726320849 UTC - from mc-0->source-7 "823" 19:21:13.725115993
[2023-06-26T19:21:16Z INFO  dt_instance] received at 2023-06-26 19:21:16.232885303 UTC - from mc-0->source-7 "828" 19:21:16.231592317
[2023-06-26T19:21:18Z INFO  dt_instance] received at 2023-06-26 19:21:18.738946604 UTC - from mc-0->source-7 "833" 19:21:18.737923785
[2023-06-26T19:21:21Z INFO  dt_instance] received at 2023-06-26 19:21:21.246160539 UTC - from mc-0->source-7 "838" 19:21:21.244391697
[2023-06-26T19:21:23Z INFO  dt_instance] received at 2023-06-26 19:21:23.752438735 UTC - from mc-0->source-7 "843" 19:21:23.751228210
[2023-06-26T19:21:26Z INFO  dt_instance] received at 2023-06-26 19:21:26.258066521 UTC - from mc-0->source-7 "848" 19:21:26.256827823
[2023-06-26T19:21:28Z INFO  dt_instance] received at 2023-06-26 19:21:28.763503987 UTC - from mc-0->source-7 "853" 19:21:28.761988254
[2023-06-26T19:21:31Z INFO  dt_instance] received at 2023-06-26 19:21:31.268640766 UTC - from mc-0->source-7 "858" 19:21:31.266969503
[2023-06-26T19:21:33Z INFO  dt_instance] received at 2023-06-26 19:21:33.773011035 UTC - from mc-0->source-7 "863" 19:21:33.771377994
[2023-06-26T19:21:36Z INFO  dt_instance] received at 2023-06-26 19:21:36.277887713 UTC - from mc-0->source-3 "878" 19:21:36.276237436
[2023-06-26T19:21:38Z INFO  dt_instance] received at 2023-06-26 19:21:38.783687931 UTC - from mc-0->source-3 "883" 19:21:38.782614383
[2023-06-26T19:21:41Z INFO  dt_instance] received at 2023-06-26 19:21:41.289660854 UTC - from mc-0->source-3 "888" 19:21:41.288422683
[2023-06-26T19:21:43Z INFO  dt_instance] received at 2023-06-26 19:21:43.796155723 UTC - from mc-0->source-3 "893" 19:21:43.794770752
[2023-06-26T19:21:46Z INFO  dt_instance] received at 2023-06-26 19:21:46.300336642 UTC - from mc-0->source-3 "898" 19:21:46.299148493
[2023-06-26T19:21:48Z INFO  dt_instance] received at 2023-06-26 19:21:48.805254486 UTC - from mc-0->source-3 "903" 19:21:48.804179278
[2023-06-26T19:21:51Z INFO  dt_instance] received at 2023-06-26 19:21:51.312163732 UTC - from mc-0->source-7 "898" 19:21:51.310874354
[2023-06-26T19:21:53Z INFO  dt_instance] received at 2023-06-26 19:21:53.819277933 UTC - from mc-0->source-3 "913" 19:21:53.816863350
[2023-06-26T19:21:56Z INFO  dt_instance] received at 2023-06-26 19:21:56.325405746 UTC - from mc-0->source-7 "908" 19:21:56.323633927
[2023-06-26T19:21:58Z INFO  dt_instance] received at 2023-06-26 19:21:58.831175750 UTC - from mc-0->source-3 "923" 19:21:58.828948785
[2023-06-26T19:22:01Z INFO  dt_instance] received at 2023-06-26 19:22:01.336166647 UTC - from mc-0->source-3 "928" 19:22:01.334659729
[2023-06-26T19:22:03Z INFO  dt_instance] received at 2023-06-26 19:22:03.842085300 UTC - from mc-0->source-3 "933" 19:22:03.841046478
[2023-06-26T19:22:06Z INFO  dt_instance] received at 2023-06-26 19:22:06.348032715 UTC - from mc-0->source-3 "938" 19:22:06.346967758
[2023-06-26T19:22:08Z INFO  dt_instance] received at 2023-06-26 19:22:08.854897242 UTC - from mc-0->source-7 "933" 19:22:08.851576993
[2023-06-26T19:22:11Z INFO  dt_instance] received at 2023-06-26 19:22:11.358602356 UTC - from mc-0->source-3 "948" 19:22:11.356962676
[2023-06-26T19:22:13Z INFO  dt_instance] received at 2023-06-26 19:22:13.863881357 UTC - from mc-0->source-7 "943" 19:22:13.862493778
[2023-06-26T19:22:16Z INFO  dt_instance] received at 2023-06-26 19:22:16.370263702 UTC - from mc-0->source-7 "948" 19:22:16.368708297
[2023-06-26T19:22:18Z INFO  dt_instance] received at 2023-06-26 19:22:18.874424624 UTC - from mc-0->source-3 "963" 19:22:18.873249993
[2023-06-26T19:22:21Z INFO  dt_instance] received at 2023-06-26 19:22:21.380027743 UTC - from mc-0->source-7 "958" 19:22:21.378726950
[2023-06-26T19:22:23Z INFO  dt_instance] received at 2023-06-26 19:22:23.885300316 UTC - from mc-0->source-3 "973" 19:22:23.883718549
[2023-06-26T19:22:26Z INFO  dt_instance] received at 2023-06-26 19:22:26.390240348 UTC - from mc-0->source-1 "983" 19:22:26.389260078
[2023-06-26T19:22:28Z INFO  dt_instance] received at 2023-06-26 19:22:28.896066748 UTC - from mc-0->source-3 "983" 19:22:28.894517421
[2023-06-26T19:22:31Z INFO  dt_instance] received at 2023-06-26 19:22:31.403499110 UTC - from mc-0->source-1 "993" 19:22:31.401250855
[2023-06-26T19:22:34Z INFO  dt_instance] received at 2023-06-26 19:22:34.130128037 UTC - from mc-0->source-8 "981" 19:22:34.129242967
[2023-06-26T19:22:37Z INFO  dt_instance] received at 2023-06-26 19:22:37.357941641 UTC - from mc-0->source-9 "985" 19:22:37.356492982
[2023-06-26T19:22:44Z INFO  dt_instance] received at 2023-06-26 19:22:44.372348773 UTC - from mc-0->source-9 "999" 19:22:44.370961654
