[2023-07-19T18:07:36Z INFO  dt_instance] Current Twin: mc-twin-9
[2023-07-19T18:07:36Z INFO  dt_instance] Replica Name twin-mc-stateful-9
[2023-07-19T18:07:36Z INFO  dt_instance] Sleeping for 450
[2023-07-19T18:15:06Z INFO  dt_instance] Connecting to broker at emqx.dtwins:1883
[2023-07-19T18:15:06Z INFO  dt_instance] Loggin info each 50 messages
[2023-07-19T18:15:06Z INFO  dt_instance] Set max packet size to 60000 KB.
[2023-07-19T18:15:06Z INFO  dt_instance] Refreshing topics for twin - Listen to mc-9/#
[2023-07-19T18:15:06Z INFO  dt_instance] SubAck { pkid: 1, return_codes: [Success(ExactlyOnce)] }
[2023-07-19T18:16:14Z INFO  dt_instance] received at 2023-07-19 18:16:14.151969512 UTC - from mc-9->source-2 "9" 18:16:14.149937045
[2023-07-19T18:16:17Z INFO  dt_instance] received at 2023-07-19 18:16:17.407639302 UTC - from mc-9->source-3 "13" 18:16:17.405318909
[2023-07-19T18:16:19Z INFO  dt_instance] received at 2023-07-19 18:16:19.919127335 UTC - from mc-9->source-1 "23" 18:16:19.917544892
[2023-07-19T18:16:22Z INFO  dt_instance] received at 2023-07-19 18:16:22.425601434 UTC - from mc-9->source-1 "28" 18:16:22.423086419
[2023-07-19T18:16:24Z INFO  dt_instance] received at 2023-07-19 18:16:24.930697749 UTC - from mc-9->source-1 "33" 18:16:24.928309487
[2023-07-19T18:16:27Z INFO  dt_instance] received at 2023-07-19 18:16:27.436633688 UTC - from mc-9->source-1 "38" 18:16:27.435052656
[2023-07-19T18:16:29Z INFO  dt_instance] received at 2023-07-19 18:16:29.943337391 UTC - from mc-9->source-1 "43" 18:16:29.941195456
[2023-07-19T18:16:32Z INFO  dt_instance] received at 2023-07-19 18:16:32.447784612 UTC - from mc-9->source-1 "48" 18:16:32.446124932
[2023-07-19T18:16:34Z INFO  dt_instance] received at 2023-07-19 18:16:34.953388073 UTC - from mc-9->source-1 "53" 18:16:34.952167966
[2023-07-19T18:16:37Z INFO  dt_instance] received at 2023-07-19 18:16:37.461269629 UTC - from mc-9->source-1 "58" 18:16:37.459336119
[2023-07-19T18:16:39Z INFO  dt_instance] received at 2023-07-19 18:16:39.968895175 UTC - from mc-9->source-1 "63" 18:16:39.965447196
[2023-07-19T18:16:42Z INFO  dt_instance] received at 2023-07-19 18:16:42.472923431 UTC - from mc-9->source-1 "68" 18:16:42.471571272
[2023-07-19T18:16:44Z INFO  dt_instance] received at 2023-07-19 18:16:44.979336900 UTC - from mc-9->source-1 "73" 18:16:44.976350735
[2023-07-19T18:16:47Z INFO  dt_instance] received at 2023-07-19 18:16:47.482803901 UTC - from mc-9->source-1 "78" 18:16:47.481201260
[2023-07-19T18:16:49Z INFO  dt_instance] received at 2023-07-19 18:16:49.999954623 UTC - from mc-9->source-1 "83" 18:16:49.996616736
[2023-07-19T18:16:52Z INFO  dt_instance] received at 2023-07-19 18:16:52.504272835 UTC - from mc-9->source-5 "78" 18:16:52.502350434
[2023-07-19T18:16:55Z INFO  dt_instance] received at 2023-07-19 18:16:55.015248680 UTC - from mc-9->source-5 "83" 18:16:55.010078206
[2023-07-19T18:16:57Z INFO  dt_instance] received at 2023-07-19 18:16:57.521257797 UTC - from mc-9->source-1 "98" 18:16:57.519305547
[2023-07-19T18:17:00Z INFO  dt_instance] received at 2023-07-19 18:17:00.028546946 UTC - from mc-9->source-1 "103" 18:17:00.026351233
[2023-07-19T18:17:02Z INFO  dt_instance] received at 2023-07-19 18:17:02.534696862 UTC - from mc-9->source-1 "108" 18:17:02.533213156
[2023-07-19T18:17:05Z INFO  dt_instance] received at 2023-07-19 18:17:05.039669026 UTC - from mc-9->source-1 "113" 18:17:05.038519435
[2023-07-19T18:17:07Z INFO  dt_instance] received at 2023-07-19 18:17:07.547350564 UTC - from mc-9->source-1 "118" 18:17:07.544333274
[2023-07-19T18:17:10Z INFO  dt_instance] received at 2023-07-19 18:17:10.055301151 UTC - from mc-9->source-1 "123" 18:17:10.051033810
[2023-07-19T18:17:12Z INFO  dt_instance] received at 2023-07-19 18:17:12.557047862 UTC - from mc-9->source-1 "128" 18:17:12.555345027
[2023-07-19T18:17:15Z INFO  dt_instance] received at 2023-07-19 18:17:15.062076066 UTC - from mc-9->source-1 "133" 18:17:15.060210945
[2023-07-19T18:17:17Z INFO  dt_instance] received at 2023-07-19 18:17:17.568536266 UTC - from mc-9->source-1 "138" 18:17:17.567259051
[2023-07-19T18:17:20Z INFO  dt_instance] received at 2023-07-19 18:17:20.130268136 UTC - from mc-9->source-1 "143" 18:17:20.072931325
[2023-07-19T18:17:22Z INFO  dt_instance] received at 2023-07-19 18:17:22.581783769 UTC - from mc-9->source-1 "148" 18:17:22.578014322
[2023-07-19T18:17:25Z INFO  dt_instance] received at 2023-07-19 18:17:25.086688220 UTC - from mc-9->source-5 "143" 18:17:25.084841119
[2023-07-19T18:17:27Z INFO  dt_instance] received at 2023-07-19 18:17:27.595223758 UTC - from mc-9->source-1 "158" 18:17:27.589174314
[2023-07-19T18:17:30Z INFO  dt_instance] received at 2023-07-19 18:17:30.122161792 UTC - from mc-9->source-5 "153" 18:17:30.097550007
[2023-07-19T18:17:32Z INFO  dt_instance] received at 2023-07-19 18:17:32.611996746 UTC - from mc-9->source-7 "153" 18:17:32.604566577
[2023-07-19T18:17:35Z INFO  dt_instance] received at 2023-07-19 18:17:35.113091779 UTC - from mc-9->source-5 "163" 18:17:35.110989216
[2023-07-19T18:17:37Z INFO  dt_instance] received at 2023-07-19 18:17:37.637235259 UTC - from mc-9->source-7 "163" 18:17:37.617976582
[2023-07-19T18:17:40Z INFO  dt_instance] received at 2023-07-19 18:17:40.170093472 UTC - from mc-9->source-5 "173" 18:17:40.124374075
[2023-07-19T18:17:42Z INFO  dt_instance] received at 2023-07-19 18:17:42.632020386 UTC - from mc-9->source-5 "178" 18:17:42.629957873
[2023-07-19T18:17:45Z INFO  dt_instance] received at 2023-07-19 18:17:45.135551466 UTC - from mc-9->source-5 "183" 18:17:45.134209083
[2023-07-19T18:17:47Z INFO  dt_instance] received at 2023-07-19 18:17:47.644051509 UTC - from mc-9->source-5 "188" 18:17:47.640829660
[2023-07-19T18:17:50Z INFO  dt_instance] received at 2023-07-19 18:17:50.187434161 UTC - from mc-9->source-9 "183" 18:17:50.123246057
[2023-07-19T18:17:52Z INFO  dt_instance] received at 2023-07-19 18:17:52.657980866 UTC - from mc-9->source-5 "198" 18:17:52.655644261
[2023-07-19T18:17:55Z INFO  dt_instance] received at 2023-07-19 18:17:55.164508029 UTC - from mc-9->source-5 "203" 18:17:55.161377216
[2023-07-19T18:17:57Z INFO  dt_instance] received at 2023-07-19 18:17:57.668636921 UTC - from mc-9->source-7 "203" 18:17:57.667622242
[2023-07-19T18:18:00Z INFO  dt_instance] received at 2023-07-19 18:18:00.187718370 UTC - from mc-9->source-5 "213" 18:18:00.174258421
[2023-07-19T18:18:02Z INFO  dt_instance] received at 2023-07-19 18:18:02.688102348 UTC - from mc-9->source-5 "218" 18:18:02.681087526
[2023-07-19T18:18:05Z INFO  dt_instance] received at 2023-07-19 18:18:05.191937891 UTC - from mc-9->source-5 "223" 18:18:05.190166998
[2023-07-19T18:18:07Z INFO  dt_instance] received at 2023-07-19 18:18:07.699837913 UTC - from mc-9->source-5 "228" 18:18:07.695242019
[2023-07-19T18:18:10Z INFO  dt_instance] received at 2023-07-19 18:18:10.216278383 UTC - from mc-9->source-5 "233" 18:18:10.201076898
[2023-07-19T18:18:12Z INFO  dt_instance] received at 2023-07-19 18:18:12.770895744 UTC - from mc-9->source-5 "238" 18:18:12.715235634
[2023-07-19T18:18:15Z INFO  dt_instance] received at 2023-07-19 18:18:15.229240646 UTC - from mc-9->source-7 "238" 18:18:15.226736259
[2023-07-19T18:18:17Z INFO  dt_instance] received at 2023-07-19 18:18:17.742793669 UTC - from mc-9->source-5 "248" 18:18:17.740891041
[2023-07-19T18:18:20Z INFO  dt_instance] received at 2023-07-19 18:18:20.249480209 UTC - from mc-9->source-7 "248" 18:18:20.246761243
[2023-07-19T18:18:22Z INFO  dt_instance] received at 2023-07-19 18:18:22.810652176 UTC - from mc-9->source-5 "258" 18:18:22.751921864
[2023-07-19T18:18:25Z INFO  dt_instance] received at 2023-07-19 18:18:25.258409587 UTC - from mc-9->source-5 "263" 18:18:25.256884690
[2023-07-19T18:18:27Z INFO  dt_instance] received at 2023-07-19 18:18:27.765846453 UTC - from mc-9->source-5 "268" 18:18:27.764345101
[2023-07-19T18:18:30Z INFO  dt_instance] received at 2023-07-19 18:18:30.274295554 UTC - from mc-9->source-7 "268" 18:18:30.270145738
[2023-07-19T18:18:32Z INFO  dt_instance] received at 2023-07-19 18:18:32.831044640 UTC - from mc-9->source-5 "278" 18:18:32.777581865
[2023-07-19T18:18:35Z INFO  dt_instance] received at 2023-07-19 18:18:35.284915945 UTC - from mc-9->source-5 "283" 18:18:35.282678186
[2023-07-19T18:18:37Z INFO  dt_instance] received at 2023-07-19 18:18:37.791091440 UTC - from mc-9->source-5 "288" 18:18:37.788277035
[2023-07-19T18:18:40Z INFO  dt_instance] received at 2023-07-19 18:18:40.301561585 UTC - from mc-9->source-5 "293" 18:18:40.299464657
[2023-07-19T18:18:42Z INFO  dt_instance] received at 2023-07-19 18:18:42.813646194 UTC - from mc-9->source-5 "298" 18:18:42.806634400
[2023-07-19T18:18:45Z INFO  dt_instance] received at 2023-07-19 18:18:45.338195202 UTC - from mc-9->source-5 "303" 18:18:45.311832493
[2023-07-19T18:18:47Z INFO  dt_instance] received at 2023-07-19 18:18:47.821260654 UTC - from mc-9->source-5 "308" 18:18:47.817384859
[2023-07-19T18:18:50Z INFO  dt_instance] received at 2023-07-19 18:18:50.324723232 UTC - from mc-9->source-5 "313" 18:18:50.323455288
[2023-07-19T18:18:52Z INFO  dt_instance] received at 2023-07-19 18:18:52.849108334 UTC - from mc-9->source-5 "318" 18:18:52.847638145
[2023-07-19T18:18:55Z INFO  dt_instance] received at 2023-07-19 18:18:55.360573588 UTC - from mc-9->source-5 "323" 18:18:55.356318341
[2023-07-19T18:18:57Z INFO  dt_instance] received at 2023-07-19 18:18:57.878927867 UTC - from mc-9->source-5 "328" 18:18:57.864408517
[2023-07-19T18:19:00Z INFO  dt_instance] received at 2023-07-19 18:19:00.372657806 UTC - from mc-9->source-5 "333" 18:19:00.371233726
[2023-07-19T18:19:02Z INFO  dt_instance] received at 2023-07-19 18:19:02.877675659 UTC - from mc-9->source-5 "338" 18:19:02.876151430
[2023-07-19T18:19:05Z INFO  dt_instance] received at 2023-07-19 18:19:05.383983427 UTC - from mc-9->source-5 "343" 18:19:05.382061347
[2023-07-19T18:19:07Z INFO  dt_instance] received at 2023-07-19 18:19:07.893694704 UTC - from mc-9->source-5 "348" 18:19:07.887709811
[2023-07-19T18:19:10Z INFO  dt_instance] received at 2023-07-19 18:19:10.395402672 UTC - from mc-9->source-7 "348" 18:19:10.393310823
[2023-07-19T18:19:12Z INFO  dt_instance] received at 2023-07-19 18:19:12.903814561 UTC - from mc-9->source-7 "353" 18:19:12.898297041
[2023-07-19T18:19:15Z INFO  dt_instance] received at 2023-07-19 18:19:15.410475742 UTC - from mc-9->source-5 "363" 18:19:15.409122203
[2023-07-19T18:19:17Z INFO  dt_instance] received at 2023-07-19 18:19:17.928379929 UTC - from mc-9->source-5 "368" 18:19:17.915252712
[2023-07-19T18:19:20Z INFO  dt_instance] received at 2023-07-19 18:19:20.431497293 UTC - from mc-9->source-5 "373" 18:19:20.420240790
[2023-07-19T18:19:22Z INFO  dt_instance] received at 2023-07-19 18:19:22.929556801 UTC - from mc-9->source-5 "378" 18:19:22.928129592
[2023-07-19T18:19:25Z INFO  dt_instance] received at 2023-07-19 18:19:25.443550757 UTC - from mc-9->source-5 "383" 18:19:25.433188254
[2023-07-19T18:19:27Z INFO  dt_instance] received at 2023-07-19 18:19:27.943062943 UTC - from mc-9->source-5 "388" 18:19:27.938816350
[2023-07-19T18:19:30Z INFO  dt_instance] received at 2023-07-19 18:19:30.456358380 UTC - from mc-9->source-5 "393" 18:19:30.443548449
[2023-07-19T18:19:32Z INFO  dt_instance] received at 2023-07-19 18:19:32.950807615 UTC - from mc-9->source-5 "398" 18:19:32.949209862
[2023-07-19T18:19:35Z INFO  dt_instance] received at 2023-07-19 18:19:35.457312261 UTC - from mc-9->source-5 "403" 18:19:35.455937969
[2023-07-19T18:19:37Z INFO  dt_instance] received at 2023-07-19 18:19:37.966080833 UTC - from mc-9->source-5 "408" 18:19:37.963864135
[2023-07-19T18:19:40Z INFO  dt_instance] received at 2023-07-19 18:19:40.485086789 UTC - from mc-9->source-5 "413" 18:19:40.469152127
[2023-07-19T18:19:42Z INFO  dt_instance] received at 2023-07-19 18:19:42.986916057 UTC - from mc-9->source-5 "418" 18:19:42.975307538
[2023-07-19T18:19:45Z INFO  dt_instance] received at 2023-07-19 18:19:45.485096544 UTC - from mc-9->source-5 "423" 18:19:45.483010207
[2023-07-19T18:19:47Z INFO  dt_instance] received at 2023-07-19 18:19:47.992681922 UTC - from mc-9->source-5 "428" 18:19:47.990165299
[2023-07-19T18:19:50Z INFO  dt_instance] received at 2023-07-19 18:19:50.505262380 UTC - from mc-9->source-5 "433" 18:19:50.497155198
[2023-07-19T18:19:53Z INFO  dt_instance] received at 2023-07-19 18:19:53.029831690 UTC - from mc-9->source-5 "438" 18:19:53.008946832
[2023-07-19T18:19:55Z INFO  dt_instance] received at 2023-07-19 18:19:55.517159661 UTC - from mc-9->source-5 "443" 18:19:55.513732634
[2023-07-19T18:19:58Z INFO  dt_instance] received at 2023-07-19 18:19:58.026549934 UTC - from mc-9->source-5 "448" 18:19:58.019291235
[2023-07-19T18:20:00Z INFO  dt_instance] received at 2023-07-19 18:20:00.532389392 UTC - from mc-9->source-5 "453" 18:20:00.525979261
[2023-07-19T18:20:03Z INFO  dt_instance] received at 2023-07-19 18:20:03.037063702 UTC - from mc-9->source-5 "458" 18:20:03.031522525
[2023-07-19T18:20:05Z INFO  dt_instance] received at 2023-07-19 18:20:05.558053379 UTC - from mc-9->source-5 "463" 18:20:05.538568640
[2023-07-19T18:20:08Z INFO  dt_instance] received at 2023-07-19 18:20:08.050111041 UTC - from mc-9->source-5 "468" 18:20:08.045002722
[2023-07-19T18:20:10Z INFO  dt_instance] received at 2023-07-19 18:20:10.559045859 UTC - from mc-9->source-5 "473" 18:20:10.549628243
[2023-07-19T18:20:13Z INFO  dt_instance] received at 2023-07-19 18:20:13.056871262 UTC - from mc-9->source-5 "478" 18:20:13.055429605
[2023-07-19T18:20:15Z INFO  dt_instance] received at 2023-07-19 18:20:15.578835149 UTC - from mc-9->source-5 "483" 18:20:15.570178914
[2023-07-19T18:20:18Z INFO  dt_instance] received at 2023-07-19 18:20:18.109798523 UTC - from mc-9->source-5 "488" 18:20:18.076771822
[2023-07-19T18:20:20Z INFO  dt_instance] received at 2023-07-19 18:20:20.586921179 UTC - from mc-9->source-5 "493" 18:20:20.582085901
[2023-07-19T18:20:23Z INFO  dt_instance] received at 2023-07-19 18:20:23.090793462 UTC - from mc-9->source-5 "498" 18:20:23.088273960
[2023-07-19T18:20:25Z INFO  dt_instance] received at 2023-07-19 18:20:25.596578850 UTC - from mc-9->source-5 "503" 18:20:25.594820594
[2023-07-19T18:20:28Z INFO  dt_instance] received at 2023-07-19 18:20:28.123900130 UTC - from mc-9->source-5 "508" 18:20:28.100801967
[2023-07-19T18:20:31Z INFO  dt_instance] received at 2023-07-19 18:20:31.055126001 UTC - from mc-9->source-9 "504" 18:20:31.038145768
[2023-07-19T18:20:33Z INFO  dt_instance] received at 2023-07-19 18:20:33.126225186 UTC - from mc-9->source-5 "518" 18:20:33.111708430
[2023-07-19T18:20:35Z INFO  dt_instance] received at 2023-07-19 18:20:35.639337110 UTC - from mc-9->source-5 "523" 18:20:35.616859207
[2023-07-19T18:20:38Z INFO  dt_instance] received at 2023-07-19 18:20:38.136808054 UTC - from mc-9->source-5 "528" 18:20:38.121926774
[2023-07-19T18:20:40Z INFO  dt_instance] received at 2023-07-19 18:20:40.837832316 UTC - from mc-9->source-0 "546" 18:20:40.810606336
[2023-07-19T18:20:43Z INFO  dt_instance] received at 2023-07-19 18:20:43.152440585 UTC - from mc-9->source-5 "538" 18:20:43.131219023
[2023-07-19T18:20:45Z INFO  dt_instance] received at 2023-07-19 18:20:45.647459760 UTC - from mc-9->source-5 "543" 18:20:45.636465356
[2023-07-19T18:20:48Z INFO  dt_instance] received at 2023-07-19 18:20:48.198254400 UTC - from mc-9->source-5 "548" 18:20:48.141758244
[2023-07-19T18:20:50Z INFO  dt_instance] received at 2023-07-19 18:20:50.889662556 UTC - from mc-9->source-5 "553" 18:20:50.647028186
[2023-07-19T18:20:53Z INFO  dt_instance] received at 2023-07-19 18:20:53.169908846 UTC - from mc-9->source-5 "558" 18:20:53.152695299
[2023-07-19T18:20:55Z INFO  dt_instance] received at 2023-07-19 18:20:55.876059596 UTC - from mc-9->source-0 "576" 18:20:55.853927167
[2023-07-19T18:20:58Z INFO  dt_instance] received at 2023-07-19 18:20:58.186558003 UTC - from mc-9->source-5 "568" 18:20:58.165680416
[2023-07-19T18:21:00Z INFO  dt_instance] received at 2023-07-19 18:21:00.714268400 UTC - from mc-9->source-5 "573" 18:21:00.672150260
[2023-07-19T18:21:03Z INFO  dt_instance] received at 2023-07-19 18:21:03.198741694 UTC - from mc-9->source-5 "578" 18:21:03.178576894
[2023-07-19T18:21:05Z INFO  dt_instance] received at 2023-07-19 18:21:05.699202337 UTC - from mc-9->source-7 "578" 18:21:05.666640935
[2023-07-19T18:21:08Z INFO  dt_instance] received at 2023-07-19 18:21:08.209497631 UTC - from mc-9->source-5 "588" 18:21:08.192430287
[2023-07-19T18:21:10Z INFO  dt_instance] received at 2023-07-19 18:21:10.731243307 UTC - from mc-9->source-5 "593" 18:21:10.699068804
[2023-07-19T18:21:13Z INFO  dt_instance] received at 2023-07-19 18:21:13.226752103 UTC - from mc-9->source-5 "598" 18:21:13.204026620
[2023-07-19T18:21:15Z INFO  dt_instance] received at 2023-07-19 18:21:15.757613170 UTC - from mc-9->source-5 "603" 18:21:15.708673164
[2023-07-19T18:21:18Z INFO  dt_instance] received at 2023-07-19 18:21:18.224318746 UTC - from mc-9->source-5 "608" 18:21:18.214955251
[2023-07-19T18:21:20Z INFO  dt_instance] received at 2023-07-19 18:21:20.921725580 UTC - from mc-9->source-5 "613" 18:21:20.720530833
[2023-07-19T18:21:23Z INFO  dt_instance] received at 2023-07-19 18:21:23.258285605 UTC - from mc-9->source-5 "618" 18:21:23.228076865
[2023-07-19T18:21:25Z INFO  dt_instance] received at 2023-07-19 18:21:25.815427546 UTC - from mc-9->source-5 "623" 18:21:25.735691786
[2023-07-19T18:21:28Z INFO  dt_instance] received at 2023-07-19 18:21:28.256743127 UTC - from mc-9->source-5 "628" 18:21:28.240929905
[2023-07-19T18:21:30Z INFO  dt_instance] received at 2023-07-19 18:21:30.791582252 UTC - from mc-9->source-5 "633" 18:21:30.747457068
[2023-07-19T18:21:33Z INFO  dt_instance] received at 2023-07-19 18:21:33.444389608 UTC - from mc-9->source-5 "638" 18:21:33.256814192
[2023-07-19T18:21:35Z INFO  dt_instance] received at 2023-07-19 18:21:35.769246757 UTC - from mc-9->source-3 "648" 18:21:35.760589072
[2023-07-19T18:21:38Z INFO  dt_instance] received at 2023-07-19 18:21:38.277431415 UTC - from mc-9->source-3 "653" 18:21:38.268608035
[2023-07-19T18:21:40Z INFO  dt_instance] received at 2023-07-19 18:21:40.848052457 UTC - from mc-9->source-5 "653" 18:21:40.774686332
[2023-07-19T18:21:43Z INFO  dt_instance] received at 2023-07-19 18:21:43.346298608 UTC - from mc-9->source-5 "658" 18:21:43.279993084
[2023-07-19T18:21:45Z INFO  dt_instance] received at 2023-07-19 18:21:45.800644572 UTC - from mc-9->source-5 "663" 18:21:45.787348813
[2023-07-19T18:21:48Z INFO  dt_instance] received at 2023-07-19 18:21:48.353732096 UTC - from mc-9->source-5 "668" 18:21:48.294035228
[2023-07-19T18:21:50Z INFO  dt_instance] received at 2023-07-19 18:21:50.824897282 UTC - from mc-9->source-5 "673" 18:21:50.802834211
[2023-07-19T18:21:53Z INFO  dt_instance] received at 2023-07-19 18:21:53.355541001 UTC - from mc-9->source-5 "678" 18:21:53.309073160
[2023-07-19T18:21:55Z INFO  dt_instance] received at 2023-07-19 18:21:55.908025262 UTC - from mc-9->source-5 "683" 18:21:55.816505202
[2023-07-19T18:21:58Z INFO  dt_instance] received at 2023-07-19 18:21:58.351689432 UTC - from mc-9->source-5 "688" 18:21:58.321438497
[2023-07-19T18:22:00Z INFO  dt_instance] received at 2023-07-19 18:22:00.899988595 UTC - from mc-9->source-5 "693" 18:22:00.828496152
[2023-07-19T18:22:03Z INFO  dt_instance] received at 2023-07-19 18:22:03.370376142 UTC - from mc-9->source-5 "698" 18:22:03.334739650
[2023-07-19T18:22:05Z INFO  dt_instance] received at 2023-07-19 18:22:05.915472254 UTC - from mc-9->source-5 "703" 18:22:05.840626976
[2023-07-19T18:22:08Z INFO  dt_instance] received at 2023-07-19 18:22:08.410200686 UTC - from mc-9->source-5 "708" 18:22:08.346012609
[2023-07-19T18:22:10Z INFO  dt_instance] received at 2023-07-19 18:22:10.876701715 UTC - from mc-9->source-5 "713" 18:22:10.852572229
[2023-07-19T18:22:13Z INFO  dt_instance] received at 2023-07-19 18:22:13.377332440 UTC - from mc-9->source-3 "723" 18:22:13.357361362
[2023-07-19T18:22:15Z INFO  dt_instance] received at 2023-07-19 18:22:15.896133703 UTC - from mc-9->source-5 "723" 18:22:15.865229056
[2023-07-19T18:22:18Z INFO  dt_instance] received at 2023-07-19 18:22:18.385670411 UTC - from mc-9->source-5 "728" 18:22:18.370456256
[2023-07-19T18:22:20Z INFO  dt_instance] received at 2023-07-19 18:22:20.953176456 UTC - from mc-9->source-5 "733" 18:22:20.877874596
[2023-07-19T18:22:23Z INFO  dt_instance] received at 2023-07-19 18:22:23.415820369 UTC - from mc-9->source-5 "738" 18:22:23.383925927
[2023-07-19T18:22:25Z INFO  dt_instance] received at 2023-07-19 18:22:25.905628104 UTC - from mc-9->source-5 "743" 18:22:25.893085205
[2023-07-19T18:22:28Z INFO  dt_instance] received at 2023-07-19 18:22:28.419329737 UTC - from mc-9->source-5 "748" 18:22:28.403720055
[2023-07-19T18:22:30Z INFO  dt_instance] received at 2023-07-19 18:22:30.957101941 UTC - from mc-9->source-5 "753" 18:22:30.910559841
[2023-07-19T18:22:33Z INFO  dt_instance] received at 2023-07-19 18:22:33.441602262 UTC - from mc-9->source-3 "763" 18:22:33.401912340
[2023-07-19T18:22:35Z INFO  dt_instance] received at 2023-07-19 18:22:35.953281589 UTC - from mc-9->source-5 "763" 18:22:35.926060469
[2023-07-19T18:22:38Z INFO  dt_instance] received at 2023-07-19 18:22:38.446845123 UTC - from mc-9->source-5 "768" 18:22:38.431836718
[2023-07-19T18:22:41Z INFO  dt_instance] received at 2023-07-19 18:22:41.014000480 UTC - from mc-9->source-5 "773" 18:22:40.937764786
[2023-07-19T18:22:43Z INFO  dt_instance] received at 2023-07-19 18:22:43.461382050 UTC - from mc-9->source-5 "778" 18:22:43.443124940
[2023-07-19T18:22:45Z INFO  dt_instance] received at 2023-07-19 18:22:45.993687695 UTC - from mc-9->source-5 "783" 18:22:45.949777345
[2023-07-19T18:22:48Z INFO  dt_instance] received at 2023-07-19 18:22:48.504844011 UTC - from mc-9->source-5 "788" 18:22:48.455202410
[2023-07-19T18:22:50Z INFO  dt_instance] received at 2023-07-19 18:22:50.981752254 UTC - from mc-9->source-5 "793" 18:22:50.964022529
[2023-07-19T18:22:53Z INFO  dt_instance] received at 2023-07-19 18:22:53.485206943 UTC - from mc-9->source-5 "798" 18:22:53.469635031
[2023-07-19T18:22:56Z INFO  dt_instance] received at 2023-07-19 18:22:56.005857517 UTC - from mc-9->source-5 "803" 18:22:55.974837858
[2023-07-19T18:22:58Z INFO  dt_instance] received at 2023-07-19 18:22:58.579705776 UTC - from mc-9->source-5 "808" 18:22:58.480738961
[2023-07-19T18:23:01Z INFO  dt_instance] received at 2023-07-19 18:23:01.006822506 UTC - from mc-9->source-5 "813" 18:23:00.985204150
[2023-07-19T18:23:03Z INFO  dt_instance] received at 2023-07-19 18:23:03.599209116 UTC - from mc-9->source-5 "818" 18:23:03.490445112
[2023-07-19T18:23:06Z INFO  dt_instance] received at 2023-07-19 18:23:06.013317720 UTC - from mc-9->source-5 "823" 18:23:05.996696351
[2023-07-19T18:23:08Z INFO  dt_instance] received at 2023-07-19 18:23:08.548491691 UTC - from mc-9->source-3 "833" 18:23:08.498021938
[2023-07-19T18:23:11Z INFO  dt_instance] received at 2023-07-19 18:23:11.037158697 UTC - from mc-9->source-3 "838" 18:23:11.004773789
[2023-07-19T18:23:13Z INFO  dt_instance] received at 2023-07-19 18:23:13.557473870 UTC - from mc-9->source-5 "838" 18:23:13.511953111
[2023-07-19T18:23:16Z INFO  dt_instance] received at 2023-07-19 18:23:16.030828108 UTC - from mc-9->source-5 "843" 18:23:16.018856284
[2023-07-19T18:23:18Z INFO  dt_instance] received at 2023-07-19 18:23:18.529213474 UTC - from mc-9->source-5 "848" 18:23:18.525622656
[2023-07-19T18:23:21Z INFO  dt_instance] received at 2023-07-19 18:23:21.048390731 UTC - from mc-9->source-5 "853" 18:23:21.030683464
[2023-07-19T18:23:23Z INFO  dt_instance] received at 2023-07-19 18:23:23.543463434 UTC - from mc-9->source-3 "863" 18:23:23.536529136
[2023-07-19T18:23:26Z INFO  dt_instance] received at 2023-07-19 18:23:26.046188716 UTC - from mc-9->source-5 "863" 18:23:26.040429892
[2023-07-19T18:23:28Z INFO  dt_instance] received at 2023-07-19 18:23:28.552126565 UTC - from mc-9->source-5 "868" 18:23:28.547048074
[2023-07-19T18:23:31Z INFO  dt_instance] received at 2023-07-19 18:23:31.073442074 UTC - from mc-9->source-5 "873" 18:23:31.053216663
[2023-07-19T18:23:33Z INFO  dt_instance] received at 2023-07-19 18:23:33.580778118 UTC - from mc-9->source-3 "883" 18:23:33.561706595
[2023-07-19T18:23:36Z INFO  dt_instance] received at 2023-07-19 18:23:36.074981099 UTC - from mc-9->source-5 "883" 18:23:36.065927639
[2023-07-19T18:23:38Z INFO  dt_instance] received at 2023-07-19 18:23:38.579082194 UTC - from mc-9->source-5 "888" 18:23:38.571705552
[2023-07-19T18:23:41Z INFO  dt_instance] received at 2023-07-19 18:23:41.102151025 UTC - from mc-9->source-5 "893" 18:23:41.076439299
[2023-07-19T18:23:43Z INFO  dt_instance] received at 2023-07-19 18:23:43.605089434 UTC - from mc-9->source-5 "898" 18:23:43.584980254
[2023-07-19T18:23:46Z INFO  dt_instance] received at 2023-07-19 18:23:46.101564313 UTC - from mc-9->source-5 "903" 18:23:46.090896850
[2023-07-19T18:23:48Z INFO  dt_instance] received at 2023-07-19 18:23:48.623016528 UTC - from mc-9->source-5 "908" 18:23:48.597482482
[2023-07-19T18:23:51Z INFO  dt_instance] received at 2023-07-19 18:23:51.111498166 UTC - from mc-9->source-5 "913" 18:23:51.103909974
[2023-07-19T18:23:53Z INFO  dt_instance] received at 2023-07-19 18:23:53.613084313 UTC - from mc-9->source-5 "918" 18:23:53.609945775
[2023-07-19T18:23:56Z INFO  dt_instance] received at 2023-07-19 18:23:56.123606836 UTC - from mc-9->source-5 "923" 18:23:56.115669698
[2023-07-19T18:23:58Z INFO  dt_instance] received at 2023-07-19 18:23:58.671403025 UTC - from mc-9->source-3 "933" 18:23:58.614968532
[2023-07-19T18:24:01Z INFO  dt_instance] received at 2023-07-19 18:24:01.141582091 UTC - from mc-9->source-5 "933" 18:24:01.128084536
[2023-07-19T18:24:03Z INFO  dt_instance] received at 2023-07-19 18:24:03.641116529 UTC - from mc-9->source-5 "938" 18:24:03.634022240
[2023-07-19T18:24:06Z INFO  dt_instance] received at 2023-07-19 18:24:06.142863397 UTC - from mc-9->source-5 "943" 18:24:06.138633943
[2023-07-19T18:24:08Z INFO  dt_instance] received at 2023-07-19 18:24:08.655993538 UTC - from mc-9->source-5 "948" 18:24:08.643783509
[2023-07-19T18:24:11Z INFO  dt_instance] received at 2023-07-19 18:24:11.153488863 UTC - from mc-9->source-5 "953" 18:24:11.149024910
[2023-07-19T18:24:13Z INFO  dt_instance] received at 2023-07-19 18:24:13.658849397 UTC - from mc-9->source-5 "958" 18:24:13.656034954
[2023-07-19T18:24:16Z INFO  dt_instance] received at 2023-07-19 18:24:16.184143029 UTC - from mc-9->source-5 "963" 18:24:16.161142905
[2023-07-19T18:24:18Z INFO  dt_instance] received at 2023-07-19 18:24:18.673513388 UTC - from mc-9->source-5 "968" 18:24:18.666137233
[2023-07-19T18:24:21Z INFO  dt_instance] received at 2023-07-19 18:24:21.178772080 UTC - from mc-9->source-5 "973" 18:24:21.172226203
[2023-07-19T18:24:23Z INFO  dt_instance] received at 2023-07-19 18:24:23.684060599 UTC - from mc-9->source-5 "978" 18:24:23.679091546
[2023-07-19T18:24:26Z INFO  dt_instance] received at 2023-07-19 18:24:26.208432960 UTC - from mc-9->source-5 "983" 18:24:26.187200202
[2023-07-19T18:24:28Z INFO  dt_instance] received at 2023-07-19 18:24:28.930224117 UTC - from mc-9->source-2 "996" 18:24:28.912746698
[2023-07-19T18:24:32Z INFO  dt_instance] received at 2023-07-19 18:24:32.112729128 UTC - from mc-9->source-9 "985" 18:24:32.109638781
[2023-07-19T18:24:39Z INFO  dt_instance] received at 2023-07-19 18:24:39.131939809 UTC - from mc-9->source-9 "999" 18:24:39.125576514
