[2023-07-19T18:07:17Z INFO  dt_instance] Current Twin: mc-twin-5
[2023-07-19T18:07:17Z INFO  dt_instance] Replica Name twin-mc-stateful-5
[2023-07-19T18:07:17Z INFO  dt_instance] Sleeping for 250
[2023-07-19T18:11:27Z INFO  dt_instance] Connecting to broker at emqx.dtwins:1883
[2023-07-19T18:11:27Z INFO  dt_instance] Loggin info each 50 messages
[2023-07-19T18:11:27Z INFO  dt_instance] Set max packet size to 60000 KB.
[2023-07-19T18:11:27Z INFO  dt_instance] Refreshing topics for twin - Listen to mc-5/#
[2023-07-19T18:11:27Z INFO  dt_instance] SubAck { pkid: 1, return_codes: [Success(ExactlyOnce)] }
[2023-07-19T18:12:35Z INFO  dt_instance] received at 2023-07-19 18:12:35.087874287 UTC - from mc-5->source-2 "9" 18:12:35.086979558
[2023-07-19T18:12:38Z INFO  dt_instance] received at 2023-07-19 18:12:38.340444873 UTC - from mc-5->source-3 "13" 18:12:38.338712778
[2023-07-19T18:12:40Z INFO  dt_instance] received at 2023-07-19 18:12:40.854700942 UTC - from mc-5->source-1 "23" 18:12:40.853536487
[2023-07-19T18:12:43Z INFO  dt_instance] received at 2023-07-19 18:12:43.360345885 UTC - from mc-5->source-1 "28" 18:12:43.359027298
[2023-07-19T18:12:45Z INFO  dt_instance] received at 2023-07-19 18:12:45.865599935 UTC - from mc-5->source-1 "33" 18:12:45.864675846
[2023-07-19T18:12:48Z INFO  dt_instance] received at 2023-07-19 18:12:48.373037587 UTC - from mc-5->source-1 "38" 18:12:48.371637138
[2023-07-19T18:12:50Z INFO  dt_instance] received at 2023-07-19 18:12:50.878780841 UTC - from mc-5->source-1 "43" 18:12:50.877885590
[2023-07-19T18:12:53Z INFO  dt_instance] received at 2023-07-19 18:12:53.383852106 UTC - from mc-5->source-1 "48" 18:12:53.382947756
[2023-07-19T18:12:55Z INFO  dt_instance] received at 2023-07-19 18:12:55.889282703 UTC - from mc-5->source-1 "53" 18:12:55.887976530
[2023-07-19T18:12:58Z INFO  dt_instance] received at 2023-07-19 18:12:58.395271785 UTC - from mc-5->source-1 "58" 18:12:58.394294814
[2023-07-19T18:13:00Z INFO  dt_instance] received at 2023-07-19 18:13:00.901356447 UTC - from mc-5->source-1 "63" 18:13:00.900225978
[2023-07-19T18:13:03Z INFO  dt_instance] received at 2023-07-19 18:13:03.407265935 UTC - from mc-5->source-1 "68" 18:13:03.406101947
[2023-07-19T18:13:05Z INFO  dt_instance] received at 2023-07-19 18:13:05.912956596 UTC - from mc-5->source-1 "73" 18:13:05.912070591
[2023-07-19T18:13:08Z INFO  dt_instance] received at 2023-07-19 18:13:08.419597390 UTC - from mc-5->source-1 "78" 18:13:08.418473424
[2023-07-19T18:13:10Z INFO  dt_instance] received at 2023-07-19 18:13:10.925969822 UTC - from mc-5->source-1 "83" 18:13:10.924687777
[2023-07-19T18:13:13Z INFO  dt_instance] received at 2023-07-19 18:13:13.432716210 UTC - from mc-5->source-1 "88" 18:13:13.431364208
[2023-07-19T18:13:15Z INFO  dt_instance] received at 2023-07-19 18:13:15.940329468 UTC - from mc-5->source-1 "93" 18:13:15.939180542
[2023-07-19T18:13:18Z INFO  dt_instance] received at 2023-07-19 18:13:18.445185624 UTC - from mc-5->source-1 "98" 18:13:18.444017190
[2023-07-19T18:13:20Z INFO  dt_instance] received at 2023-07-19 18:13:20.951712255 UTC - from mc-5->source-1 "103" 18:13:20.950692976
[2023-07-19T18:13:23Z INFO  dt_instance] received at 2023-07-19 18:13:23.457757318 UTC - from mc-5->source-1 "108" 18:13:23.456782447
[2023-07-19T18:13:25Z INFO  dt_instance] received at 2023-07-19 18:13:25.964544409 UTC - from mc-5->source-1 "113" 18:13:25.963579345
[2023-07-19T18:13:28Z INFO  dt_instance] received at 2023-07-19 18:13:28.470428948 UTC - from mc-5->source-1 "118" 18:13:28.469603710
[2023-07-19T18:13:30Z INFO  dt_instance] received at 2023-07-19 18:13:30.978250864 UTC - from mc-5->source-1 "123" 18:13:30.977361427
[2023-07-19T18:13:33Z INFO  dt_instance] received at 2023-07-19 18:13:33.483468550 UTC - from mc-5->source-1 "128" 18:13:33.482513185
[2023-07-19T18:13:35Z INFO  dt_instance] received at 2023-07-19 18:13:35.988508508 UTC - from mc-5->source-1 "133" 18:13:35.987624590
[2023-07-19T18:13:38Z INFO  dt_instance] received at 2023-07-19 18:13:38.514748971 UTC - from mc-5->source-1 "138" 18:13:38.497951220
[2023-07-19T18:13:41Z INFO  dt_instance] received at 2023-07-19 18:13:41.021536575 UTC - from mc-5->source-1 "143" 18:13:41.020169399
[2023-07-19T18:13:43Z INFO  dt_instance] received at 2023-07-19 18:13:43.732444738 UTC - from mc-5->source-1 "148" 18:13:43.524914856
[2023-07-19T18:13:46Z INFO  dt_instance] received at 2023-07-19 18:13:46.032813305 UTC - from mc-5->source-1 "153" 18:13:46.031671754
[2023-07-19T18:13:48Z INFO  dt_instance] received at 2023-07-19 18:13:48.543260272 UTC - from mc-5->source-1 "158" 18:13:48.537705726
[2023-07-19T18:13:51Z INFO  dt_instance] received at 2023-07-19 18:13:51.045199884 UTC - from mc-5->source-1 "163" 18:13:51.042708341
[2023-07-19T18:13:53Z INFO  dt_instance] received at 2023-07-19 18:13:53.551030665 UTC - from mc-5->source-1 "168" 18:13:53.549953051
[2023-07-19T18:13:56Z INFO  dt_instance] received at 2023-07-19 18:13:56.062407531 UTC - from mc-5->source-1 "173" 18:13:56.055565876
[2023-07-19T18:13:58Z INFO  dt_instance] received at 2023-07-19 18:13:58.570485694 UTC - from mc-5->source-1 "178" 18:13:58.562371719
[2023-07-19T18:14:01Z INFO  dt_instance] received at 2023-07-19 18:14:01.070617836 UTC - from mc-5->source-1 "183" 18:14:01.068190554
[2023-07-19T18:14:03Z INFO  dt_instance] received at 2023-07-19 18:14:03.574924863 UTC - from mc-5->source-1 "188" 18:14:03.572912193
[2023-07-19T18:14:06Z INFO  dt_instance] received at 2023-07-19 18:14:06.084071727 UTC - from mc-5->source-1 "193" 18:14:06.081583940
[2023-07-19T18:14:08Z INFO  dt_instance] received at 2023-07-19 18:14:08.589476881 UTC - from mc-5->source-1 "198" 18:14:08.588522356
[2023-07-19T18:14:11Z INFO  dt_instance] received at 2023-07-19 18:14:11.095113646 UTC - from mc-5->source-1 "203" 18:14:11.093976634
[2023-07-19T18:14:13Z INFO  dt_instance] received at 2023-07-19 18:14:13.602190791 UTC - from mc-5->source-1 "208" 18:14:13.600005147
[2023-07-19T18:14:16Z INFO  dt_instance] received at 2023-07-19 18:14:16.107032934 UTC - from mc-5->source-1 "213" 18:14:16.105612156
[2023-07-19T18:14:18Z INFO  dt_instance] received at 2023-07-19 18:14:18.614142977 UTC - from mc-5->source-1 "218" 18:14:18.613237487
[2023-07-19T18:14:21Z INFO  dt_instance] received at 2023-07-19 18:14:21.118832601 UTC - from mc-5->source-1 "223" 18:14:21.117962922
[2023-07-19T18:14:23Z INFO  dt_instance] received at 2023-07-19 18:14:23.624903001 UTC - from mc-5->source-1 "228" 18:14:23.623905732
[2023-07-19T18:14:26Z INFO  dt_instance] received at 2023-07-19 18:14:26.129904449 UTC - from mc-5->source-1 "233" 18:14:26.129070332
[2023-07-19T18:14:28Z INFO  dt_instance] received at 2023-07-19 18:14:28.658926666 UTC - from mc-5->source-3 "233" 18:14:28.622414193
[2023-07-19T18:14:31Z INFO  dt_instance] received at 2023-07-19 18:14:31.148283427 UTC - from mc-5->source-1 "243" 18:14:31.145391551
[2023-07-19T18:14:33Z INFO  dt_instance] received at 2023-07-19 18:14:33.653196714 UTC - from mc-5->source-1 "248" 18:14:33.651756809
[2023-07-19T18:14:36Z INFO  dt_instance] received at 2023-07-19 18:14:36.158870087 UTC - from mc-5->source-1 "253" 18:14:36.157680579
[2023-07-19T18:14:38Z INFO  dt_instance] received at 2023-07-19 18:14:38.666145044 UTC - from mc-5->source-1 "258" 18:14:38.665141901
[2023-07-19T18:14:41Z INFO  dt_instance] received at 2023-07-19 18:14:41.173190426 UTC - from mc-5->source-1 "263" 18:14:41.172106308
[2023-07-19T18:14:43Z INFO  dt_instance] received at 2023-07-19 18:14:43.689294845 UTC - from mc-5->source-1 "268" 18:14:43.677295673
[2023-07-19T18:14:46Z INFO  dt_instance] received at 2023-07-19 18:14:46.191737596 UTC - from mc-5->source-1 "273" 18:14:46.185344050
[2023-07-19T18:14:48Z INFO  dt_instance] received at 2023-07-19 18:14:48.691916774 UTC - from mc-5->source-1 "278" 18:14:48.690652912
[2023-07-19T18:14:51Z INFO  dt_instance] received at 2023-07-19 18:14:51.196676045 UTC - from mc-5->source-1 "283" 18:14:51.195862546
[2023-07-19T18:14:53Z INFO  dt_instance] received at 2023-07-19 18:14:53.705667955 UTC - from mc-5->source-1 "288" 18:14:53.701346398
[2023-07-19T18:14:56Z INFO  dt_instance] received at 2023-07-19 18:14:56.209539688 UTC - from mc-5->source-1 "293" 18:14:56.208234639
[2023-07-19T18:14:58Z INFO  dt_instance] received at 2023-07-19 18:14:58.716184865 UTC - from mc-5->source-1 "298" 18:14:58.715201755
[2023-07-19T18:15:01Z INFO  dt_instance] received at 2023-07-19 18:15:01.222723920 UTC - from mc-5->source-1 "303" 18:15:01.221926396
[2023-07-19T18:15:03Z INFO  dt_instance] received at 2023-07-19 18:15:03.729371270 UTC - from mc-5->source-1 "308" 18:15:03.728626674
[2023-07-19T18:15:06Z INFO  dt_instance] received at 2023-07-19 18:15:06.235733721 UTC - from mc-5->source-1 "313" 18:15:06.234648728
[2023-07-19T18:15:08Z INFO  dt_instance] received at 2023-07-19 18:15:08.743772213 UTC - from mc-5->source-1 "318" 18:15:08.742464347
[2023-07-19T18:15:11Z INFO  dt_instance] received at 2023-07-19 18:15:11.250808276 UTC - from mc-5->source-1 "323" 18:15:11.249293508
[2023-07-19T18:15:13Z INFO  dt_instance] received at 2023-07-19 18:15:13.758817208 UTC - from mc-5->source-1 "328" 18:15:13.757835210
[2023-07-19T18:15:16Z INFO  dt_instance] received at 2023-07-19 18:15:16.264394013 UTC - from mc-5->source-1 "333" 18:15:16.263054963
[2023-07-19T18:15:18Z INFO  dt_instance] received at 2023-07-19 18:15:18.769094293 UTC - from mc-5->source-1 "338" 18:15:18.767998290
[2023-07-19T18:15:21Z INFO  dt_instance] received at 2023-07-19 18:15:21.274747426 UTC - from mc-5->source-1 "343" 18:15:21.273502377
[2023-07-19T18:15:23Z INFO  dt_instance] received at 2023-07-19 18:15:23.779465139 UTC - from mc-5->source-1 "348" 18:15:23.778151945
[2023-07-19T18:15:26Z INFO  dt_instance] received at 2023-07-19 18:15:26.285747327 UTC - from mc-5->source-1 "353" 18:15:26.284852719
[2023-07-19T18:15:28Z INFO  dt_instance] received at 2023-07-19 18:15:28.798872864 UTC - from mc-5->source-1 "358" 18:15:28.797577181
[2023-07-19T18:15:31Z INFO  dt_instance] received at 2023-07-19 18:15:31.305624546 UTC - from mc-5->source-1 "363" 18:15:31.302748941
[2023-07-19T18:15:33Z INFO  dt_instance] received at 2023-07-19 18:15:33.810131772 UTC - from mc-5->source-1 "368" 18:15:33.809169749
[2023-07-19T18:15:36Z INFO  dt_instance] received at 2023-07-19 18:15:36.316055298 UTC - from mc-5->source-1 "373" 18:15:36.315117263
[2023-07-19T18:15:38Z INFO  dt_instance] received at 2023-07-19 18:15:38.822541050 UTC - from mc-5->source-1 "378" 18:15:38.821172980
[2023-07-19T18:15:41Z INFO  dt_instance] received at 2023-07-19 18:15:41.327053603 UTC - from mc-5->source-1 "383" 18:15:41.325944502
[2023-07-19T18:15:43Z INFO  dt_instance] received at 2023-07-19 18:15:43.832239025 UTC - from mc-5->source-1 "388" 18:15:43.830982513
[2023-07-19T18:15:46Z INFO  dt_instance] received at 2023-07-19 18:15:46.336719562 UTC - from mc-5->source-1 "393" 18:15:46.336089076
[2023-07-19T18:15:48Z INFO  dt_instance] received at 2023-07-19 18:15:48.843351396 UTC - from mc-5->source-1 "398" 18:15:48.842199129
[2023-07-19T18:15:51Z INFO  dt_instance] received at 2023-07-19 18:15:51.351689298 UTC - from mc-5->source-1 "403" 18:15:51.350605910
[2023-07-19T18:15:53Z INFO  dt_instance] received at 2023-07-19 18:15:53.857866130 UTC - from mc-5->source-1 "408" 18:15:53.856893335
[2023-07-19T18:15:56Z INFO  dt_instance] received at 2023-07-19 18:15:56.364214186 UTC - from mc-5->source-1 "413" 18:15:56.363242595
[2023-07-19T18:15:58Z INFO  dt_instance] received at 2023-07-19 18:15:58.869395506 UTC - from mc-5->source-1 "418" 18:15:58.868330077
[2023-07-19T18:16:01Z INFO  dt_instance] received at 2023-07-19 18:16:01.386961933 UTC - from mc-5->source-3 "418" 18:16:01.360548833
[2023-07-19T18:16:03Z INFO  dt_instance] received at 2023-07-19 18:16:03.882237097 UTC - from mc-5->source-1 "428" 18:16:03.879650783
[2023-07-19T18:16:06Z INFO  dt_instance] received at 2023-07-19 18:16:06.386800157 UTC - from mc-5->source-1 "433" 18:16:06.385858330
[2023-07-19T18:16:08Z INFO  dt_instance] received at 2023-07-19 18:16:08.892377054 UTC - from mc-5->source-1 "438" 18:16:08.891267024
[2023-07-19T18:16:11Z INFO  dt_instance] received at 2023-07-19 18:16:11.398841286 UTC - from mc-5->source-1 "443" 18:16:11.397733700
[2023-07-19T18:16:13Z INFO  dt_instance] received at 2023-07-19 18:16:13.903905271 UTC - from mc-5->source-1 "448" 18:16:13.903058781
[2023-07-19T18:16:16Z INFO  dt_instance] received at 2023-07-19 18:16:16.424180353 UTC - from mc-5->source-1 "453" 18:16:16.422907894
[2023-07-19T18:16:18Z INFO  dt_instance] received at 2023-07-19 18:16:18.930962272 UTC - from mc-5->source-1 "458" 18:16:18.929102074
[2023-07-19T18:16:21Z INFO  dt_instance] received at 2023-07-19 18:16:21.436826707 UTC - from mc-5->source-1 "463" 18:16:21.435862968
[2023-07-19T18:16:23Z INFO  dt_instance] received at 2023-07-19 18:16:23.942540479 UTC - from mc-5->source-1 "468" 18:16:23.941455813
[2023-07-19T18:16:26Z INFO  dt_instance] received at 2023-07-19 18:16:26.449679847 UTC - from mc-5->source-1 "473" 18:16:26.448766004
[2023-07-19T18:16:28Z INFO  dt_instance] received at 2023-07-19 18:16:28.955699840 UTC - from mc-5->source-1 "478" 18:16:28.954143356
[2023-07-19T18:16:31Z INFO  dt_instance] received at 2023-07-19 18:16:31.460197716 UTC - from mc-5->source-1 "483" 18:16:31.459378788
[2023-07-19T18:16:33Z INFO  dt_instance] received at 2023-07-19 18:16:33.967309214 UTC - from mc-5->source-1 "488" 18:16:33.966059721
[2023-07-19T18:16:36Z INFO  dt_instance] received at 2023-07-19 18:16:36.482307519 UTC - from mc-5->source-1 "493" 18:16:36.480456251
[2023-07-19T18:16:38Z INFO  dt_instance] received at 2023-07-19 18:16:38.987197815 UTC - from mc-5->source-1 "498" 18:16:38.986512690
[2023-07-19T18:16:41Z INFO  dt_instance] received at 2023-07-19 18:16:41.494392221 UTC - from mc-5->source-1 "503" 18:16:41.493595048
[2023-07-19T18:16:44Z INFO  dt_instance] received at 2023-07-19 18:16:44.002552363 UTC - from mc-5->source-1 "508" 18:16:43.999179989
[2023-07-19T18:16:46Z INFO  dt_instance] received at 2023-07-19 18:16:46.505591964 UTC - from mc-5->source-1 "513" 18:16:46.504627879
[2023-07-19T18:16:49Z INFO  dt_instance] received at 2023-07-19 18:16:49.011650691 UTC - from mc-5->source-1 "518" 18:16:49.010924615
[2023-07-19T18:16:51Z INFO  dt_instance] received at 2023-07-19 18:16:51.517323512 UTC - from mc-5->source-1 "523" 18:16:51.516168639
[2023-07-19T18:16:54Z INFO  dt_instance] received at 2023-07-19 18:16:54.022666695 UTC - from mc-5->source-1 "528" 18:16:54.021355908
[2023-07-19T18:16:56Z INFO  dt_instance] received at 2023-07-19 18:16:56.528105278 UTC - from mc-5->source-1 "533" 18:16:56.527109388
[2023-07-19T18:16:59Z INFO  dt_instance] received at 2023-07-19 18:16:59.032757139 UTC - from mc-5->source-1 "538" 18:16:59.032009924
[2023-07-19T18:17:01Z INFO  dt_instance] received at 2023-07-19 18:17:01.540096047 UTC - from mc-5->source-1 "543" 18:17:01.537189505
[2023-07-19T18:17:04Z INFO  dt_instance] received at 2023-07-19 18:17:04.049419736 UTC - from mc-5->source-1 "548" 18:17:04.048578539
[2023-07-19T18:17:06Z INFO  dt_instance] received at 2023-07-19 18:17:06.555123686 UTC - from mc-5->source-1 "553" 18:17:06.554129606
[2023-07-19T18:17:09Z INFO  dt_instance] received at 2023-07-19 18:17:09.060150038 UTC - from mc-5->source-1 "558" 18:17:09.059191533
[2023-07-19T18:17:11Z INFO  dt_instance] received at 2023-07-19 18:17:11.565311721 UTC - from mc-5->source-1 "563" 18:17:11.564130661
[2023-07-19T18:17:14Z INFO  dt_instance] received at 2023-07-19 18:17:14.074333572 UTC - from mc-5->source-1 "568" 18:17:14.071478433
[2023-07-19T18:17:16Z INFO  dt_instance] received at 2023-07-19 18:17:16.579320179 UTC - from mc-5->source-1 "573" 18:17:16.578212668
[2023-07-19T18:17:19Z INFO  dt_instance] received at 2023-07-19 18:17:19.084484386 UTC - from mc-5->source-1 "578" 18:17:19.083359178
[2023-07-19T18:17:21Z INFO  dt_instance] received at 2023-07-19 18:17:21.589396517 UTC - from mc-5->source-1 "583" 18:17:21.588309888
[2023-07-19T18:17:24Z INFO  dt_instance] received at 2023-07-19 18:17:24.094303023 UTC - from mc-5->source-1 "588" 18:17:24.093403462
[2023-07-19T18:17:26Z INFO  dt_instance] received at 2023-07-19 18:17:26.598825832 UTC - from mc-5->source-1 "593" 18:17:26.597961649
[2023-07-19T18:17:29Z INFO  dt_instance] received at 2023-07-19 18:17:29.105999251 UTC - from mc-5->source-1 "598" 18:17:29.105127373
[2023-07-19T18:17:31Z INFO  dt_instance] received at 2023-07-19 18:17:31.611345584 UTC - from mc-5->source-1 "603" 18:17:31.610160629
[2023-07-19T18:17:34Z INFO  dt_instance] received at 2023-07-19 18:17:34.119310209 UTC - from mc-5->source-3 "603" 18:17:34.105460522
[2023-07-19T18:17:36Z INFO  dt_instance] received at 2023-07-19 18:17:36.621566071 UTC - from mc-5->source-1 "613" 18:17:36.620253441
[2023-07-19T18:17:39Z INFO  dt_instance] received at 2023-07-19 18:17:39.126059041 UTC - from mc-5->source-1 "618" 18:17:39.124918474
[2023-07-19T18:17:41Z INFO  dt_instance] received at 2023-07-19 18:17:41.631416992 UTC - from mc-5->source-1 "623" 18:17:41.630385848
[2023-07-19T18:17:44Z INFO  dt_instance] received at 2023-07-19 18:17:44.147671461 UTC - from mc-5->source-3 "623" 18:17:44.131339459
[2023-07-19T18:17:46Z INFO  dt_instance] received at 2023-07-19 18:17:46.643386543 UTC - from mc-5->source-1 "633" 18:17:46.642203946
[2023-07-19T18:17:49Z INFO  dt_instance] received at 2023-07-19 18:17:49.150219754 UTC - from mc-5->source-1 "638" 18:17:49.149275803
[2023-07-19T18:17:51Z INFO  dt_instance] received at 2023-07-19 18:17:51.662675261 UTC - from mc-5->source-3 "638" 18:17:51.648428614
[2023-07-19T18:17:54Z INFO  dt_instance] received at 2023-07-19 18:17:54.342790060 UTC - from mc-5->source-7 "633" 18:17:54.117273763
[2023-07-19T18:17:56Z INFO  dt_instance] received at 2023-07-19 18:17:56.665984989 UTC - from mc-5->source-1 "653" 18:17:56.664771771
[2023-07-19T18:17:59Z INFO  dt_instance] received at 2023-07-19 18:17:59.171816041 UTC - from mc-5->source-1 "658" 18:17:59.169800396
[2023-07-19T18:18:01Z INFO  dt_instance] received at 2023-07-19 18:18:01.683435888 UTC - from mc-5->source-1 "663" 18:18:01.676142235
[2023-07-19T18:18:04Z INFO  dt_instance] received at 2023-07-19 18:18:04.191875174 UTC - from mc-5->source-3 "663" 18:18:04.176170944
[2023-07-19T18:18:06Z INFO  dt_instance] received at 2023-07-19 18:18:06.692938430 UTC - from mc-5->source-1 "673" 18:18:06.691579782
[2023-07-19T18:18:09Z INFO  dt_instance] received at 2023-07-19 18:18:09.198256730 UTC - from mc-5->source-1 "678" 18:18:09.197201812
[2023-07-19T18:18:11Z INFO  dt_instance] received at 2023-07-19 18:18:11.704410250 UTC - from mc-5->source-1 "683" 18:18:11.703580065
[2023-07-19T18:18:14Z INFO  dt_instance] received at 2023-07-19 18:18:14.215940992 UTC - from mc-5->source-1 "688" 18:18:14.211427965
[2023-07-19T18:18:16Z INFO  dt_instance] received at 2023-07-19 18:18:16.735655317 UTC - from mc-5->source-1 "693" 18:18:16.734521391
[2023-07-19T18:18:19Z INFO  dt_instance] received at 2023-07-19 18:18:19.240941322 UTC - from mc-5->source-1 "698" 18:18:19.239874281
[2023-07-19T18:18:21Z INFO  dt_instance] received at 2023-07-19 18:18:21.752157496 UTC - from mc-5->source-1 "703" 18:18:21.751227575
[2023-07-19T18:18:24Z INFO  dt_instance] received at 2023-07-19 18:18:24.260233160 UTC - from mc-5->source-1 "708" 18:18:24.258652061
[2023-07-19T18:18:26Z INFO  dt_instance] received at 2023-07-19 18:18:26.765840935 UTC - from mc-5->source-1 "713" 18:18:26.765013859
[2023-07-19T18:18:29Z INFO  dt_instance] received at 2023-07-19 18:18:29.272208688 UTC - from mc-5->source-1 "718" 18:18:29.271000053
[2023-07-19T18:18:31Z INFO  dt_instance] received at 2023-07-19 18:18:31.782709379 UTC - from mc-5->source-1 "723" 18:18:31.780359269
[2023-07-19T18:18:34Z INFO  dt_instance] received at 2023-07-19 18:18:34.288739378 UTC - from mc-5->source-1 "728" 18:18:34.287702046
[2023-07-19T18:18:36Z INFO  dt_instance] received at 2023-07-19 18:18:36.793922517 UTC - from mc-5->source-1 "733" 18:18:36.793046721
[2023-07-19T18:18:39Z INFO  dt_instance] received at 2023-07-19 18:18:39.300752616 UTC - from mc-5->source-1 "738" 18:18:39.299980203
[2023-07-19T18:18:41Z INFO  dt_instance] received at 2023-07-19 18:18:41.807247888 UTC - from mc-5->source-1 "743" 18:18:41.806049542
[2023-07-19T18:18:44Z INFO  dt_instance] received at 2023-07-19 18:18:44.312426448 UTC - from mc-5->source-1 "748" 18:18:44.311365485
[2023-07-19T18:18:46Z INFO  dt_instance] received at 2023-07-19 18:18:46.819438728 UTC - from mc-5->source-1 "753" 18:18:46.816863417
[2023-07-19T18:18:49Z INFO  dt_instance] received at 2023-07-19 18:18:49.324423182 UTC - from mc-5->source-1 "758" 18:18:49.323011013
[2023-07-19T18:18:51Z INFO  dt_instance] received at 2023-07-19 18:18:51.837325101 UTC - from mc-5->source-1 "763" 18:18:51.836363570
[2023-07-19T18:18:54Z INFO  dt_instance] received at 2023-07-19 18:18:54.347027197 UTC - from mc-5->source-1 "768" 18:18:54.346235170
[2023-07-19T18:18:56Z INFO  dt_instance] received at 2023-07-19 18:18:56.854522534 UTC - from mc-5->source-1 "773" 18:18:56.851771086
[2023-07-19T18:18:59Z INFO  dt_instance] received at 2023-07-19 18:18:59.358736195 UTC - from mc-5->source-1 "778" 18:18:59.357297094
[2023-07-19T18:19:01Z INFO  dt_instance] received at 2023-07-19 18:19:01.865861098 UTC - from mc-5->source-1 "783" 18:19:01.864297
[2023-07-19T18:19:04Z INFO  dt_instance] received at 2023-07-19 18:19:04.370150018 UTC - from mc-5->source-1 "788" 18:19:04.369239355
[2023-07-19T18:19:06Z INFO  dt_instance] received at 2023-07-19 18:19:06.875534225 UTC - from mc-5->source-1 "793" 18:19:06.873923609
[2023-07-19T18:19:09Z INFO  dt_instance] received at 2023-07-19 18:19:09.380563389 UTC - from mc-5->source-1 "798" 18:19:09.379069202
[2023-07-19T18:19:11Z INFO  dt_instance] received at 2023-07-19 18:19:11.886957632 UTC - from mc-5->source-1 "803" 18:19:11.885114215
[2023-07-19T18:19:14Z INFO  dt_instance] received at 2023-07-19 18:19:14.398865366 UTC - from mc-5->source-1 "808" 18:19:14.392620356
[2023-07-19T18:19:16Z INFO  dt_instance] received at 2023-07-19 18:19:16.900631531 UTC - from mc-5->source-1 "813" 18:19:16.899289302
[2023-07-19T18:19:19Z INFO  dt_instance] received at 2023-07-19 18:19:19.410652337 UTC - from mc-5->source-1 "818" 18:19:19.409490233
[2023-07-19T18:19:21Z INFO  dt_instance] received at 2023-07-19 18:19:21.917676996 UTC - from mc-5->source-1 "823" 18:19:21.916647071
[2023-07-19T18:19:24Z INFO  dt_instance] received at 2023-07-19 18:19:24.427939914 UTC - from mc-5->source-1 "828" 18:19:24.423410135
[2023-07-19T18:19:26Z INFO  dt_instance] received at 2023-07-19 18:19:26.930469643 UTC - from mc-5->source-1 "833" 18:19:26.929250964
[2023-07-19T18:19:29Z INFO  dt_instance] received at 2023-07-19 18:19:29.437856460 UTC - from mc-5->source-1 "838" 18:19:29.435501861
[2023-07-19T18:19:31Z INFO  dt_instance] received at 2023-07-19 18:19:31.942735344 UTC - from mc-5->source-1 "843" 18:19:31.940688767
[2023-07-19T18:19:34Z INFO  dt_instance] received at 2023-07-19 18:19:34.447274890 UTC - from mc-5->source-1 "848" 18:19:34.446353252
[2023-07-19T18:19:36Z INFO  dt_instance] received at 2023-07-19 18:19:36.951906199 UTC - from mc-5->source-1 "853" 18:19:36.950922163
[2023-07-19T18:19:39Z INFO  dt_instance] received at 2023-07-19 18:19:39.458224639 UTC - from mc-5->source-1 "858" 18:19:39.456972191
[2023-07-19T18:19:41Z INFO  dt_instance] received at 2023-07-19 18:19:41.967390004 UTC - from mc-5->source-1 "863" 18:19:41.966031691
[2023-07-19T18:19:44Z INFO  dt_instance] received at 2023-07-19 18:19:44.473836662 UTC - from mc-5->source-1 "868" 18:19:44.472409912
[2023-07-19T18:19:46Z INFO  dt_instance] received at 2023-07-19 18:19:46.980332936 UTC - from mc-5->source-1 "873" 18:19:46.978981823
[2023-07-19T18:19:49Z INFO  dt_instance] received at 2023-07-19 18:19:49.489349988 UTC - from mc-5->source-1 "878" 18:19:49.487258637
[2023-07-19T18:19:51Z INFO  dt_instance] received at 2023-07-19 18:19:51.996161367 UTC - from mc-5->source-1 "883" 18:19:51.993469237
[2023-07-19T18:19:54Z INFO  dt_instance] received at 2023-07-19 18:19:54.503385747 UTC - from mc-5->source-1 "888" 18:19:54.501921133
[2023-07-19T18:19:57Z INFO  dt_instance] received at 2023-07-19 18:19:57.009258404 UTC - from mc-5->source-1 "893" 18:19:57.007959726
[2023-07-19T18:19:59Z INFO  dt_instance] received at 2023-07-19 18:19:59.515969165 UTC - from mc-5->source-1 "898" 18:19:59.515026025
[2023-07-19T18:20:02Z INFO  dt_instance] received at 2023-07-19 18:20:02.021502728 UTC - from mc-5->source-1 "903" 18:20:02.019684965
[2023-07-19T18:20:04Z INFO  dt_instance] received at 2023-07-19 18:20:04.526498777 UTC - from mc-5->source-1 "908" 18:20:04.525076964
[2023-07-19T18:20:07Z INFO  dt_instance] received at 2023-07-19 18:20:07.030862070 UTC - from mc-5->source-1 "913" 18:20:07.029792721
[2023-07-19T18:20:09Z INFO  dt_instance] received at 2023-07-19 18:20:09.535708478 UTC - from mc-5->source-1 "918" 18:20:09.534942836
[2023-07-19T18:20:12Z INFO  dt_instance] received at 2023-07-19 18:20:12.042705748 UTC - from mc-5->source-1 "923" 18:20:12.041261803
[2023-07-19T18:20:14Z INFO  dt_instance] received at 2023-07-19 18:20:14.551228542 UTC - from mc-5->source-1 "928" 18:20:14.548378305
[2023-07-19T18:20:17Z INFO  dt_instance] received at 2023-07-19 18:20:17.056606865 UTC - from mc-5->source-1 "933" 18:20:17.055130754
[2023-07-19T18:20:19Z INFO  dt_instance] received at 2023-07-19 18:20:19.562734565 UTC - from mc-5->source-1 "938" 18:20:19.561432186
[2023-07-19T18:20:22Z INFO  dt_instance] received at 2023-07-19 18:20:22.068294109 UTC - from mc-5->source-1 "943" 18:20:22.067256827
[2023-07-19T18:20:24Z INFO  dt_instance] received at 2023-07-19 18:20:24.573037636 UTC - from mc-5->source-1 "948" 18:20:24.571774489
[2023-07-19T18:20:27Z INFO  dt_instance] received at 2023-07-19 18:20:27.078246955 UTC - from mc-5->source-1 "953" 18:20:27.077369459
[2023-07-19T18:20:29Z INFO  dt_instance] received at 2023-07-19 18:20:29.735048008 UTC - from mc-5->source-4 "951" 18:20:29.730239653
[2023-07-19T18:20:32Z INFO  dt_instance] received at 2023-07-19 18:20:32.091831041 UTC - from mc-5->source-1 "963" 18:20:32.089832005
[2023-07-19T18:20:34Z INFO  dt_instance] received at 2023-07-19 18:20:34.597640639 UTC - from mc-5->source-1 "968" 18:20:34.596513604
[2023-07-19T18:20:37Z INFO  dt_instance] received at 2023-07-19 18:20:37.103412247 UTC - from mc-5->source-1 "973" 18:20:37.102553696
[2023-07-19T18:20:39Z INFO  dt_instance] received at 2023-07-19 18:20:39.657652308 UTC - from mc-5->source-3 "973" 18:20:39.583769808
[2023-07-19T18:20:42Z INFO  dt_instance] received at 2023-07-19 18:20:42.115213433 UTC - from mc-5->source-1 "983" 18:20:42.113595659
[2023-07-19T18:20:44Z INFO  dt_instance] received at 2023-07-19 18:20:44.630128921 UTC - from mc-5->source-3 "983" 18:20:44.594917227
[2023-07-19T18:20:47Z INFO  dt_instance] received at 2023-07-19 18:20:47.128051639 UTC - from mc-5->source-1 "993" 18:20:47.127267121
[2023-07-19T18:20:49Z INFO  dt_instance] received at 2023-07-19 18:20:49.778588587 UTC - from mc-5->source-4 "991" 18:20:49.775870604
[2023-07-19T18:20:53Z INFO  dt_instance] received at 2023-07-19 18:20:53.087614958 UTC - from mc-5->source-9 "985" 18:20:53.073676623
[2023-07-19T18:21:00Z INFO  dt_instance] received at 2023-07-19 18:21:00.107282353 UTC - from mc-5->source-9 "999" 18:21:00.090812253
