[2023-07-19T18:07:11Z INFO  dt_instance] Current Twin: mc-twin-4
[2023-07-19T18:07:11Z INFO  dt_instance] Replica Name twin-mc-stateful-4
[2023-07-19T18:07:11Z INFO  dt_instance] Sleeping for 200
[2023-07-19T18:10:31Z INFO  dt_instance] Connecting to broker at emqx.dtwins:1883
[2023-07-19T18:10:31Z INFO  dt_instance] Loggin info each 50 messages
[2023-07-19T18:10:31Z INFO  dt_instance] Set max packet size to 60000 KB.
[2023-07-19T18:10:31Z INFO  dt_instance] Refreshing topics for twin - Listen to mc-4/#
[2023-07-19T18:10:31Z INFO  dt_instance] SubAck { pkid: 1, return_codes: [Success(ExactlyOnce)] }
[2023-07-19T18:11:40Z INFO  dt_instance] received at 2023-07-19 18:11:40.095840984 UTC - from mc-4->source-2 "9" 18:11:40.094430669
[2023-07-19T18:11:43Z INFO  dt_instance] received at 2023-07-19 18:11:43.351502353 UTC - from mc-4->source-3 "13" 18:11:43.349770124
[2023-07-19T18:11:45Z INFO  dt_instance] received at 2023-07-19 18:11:45.861890769 UTC - from mc-4->source-1 "23" 18:11:45.860137924
[2023-07-19T18:11:48Z INFO  dt_instance] received at 2023-07-19 18:11:48.367955622 UTC - from mc-4->source-1 "28" 18:11:48.366642398
[2023-07-19T18:11:50Z INFO  dt_instance] received at 2023-07-19 18:11:50.873447341 UTC - from mc-4->source-1 "33" 18:11:50.871597223
[2023-07-19T18:11:53Z INFO  dt_instance] received at 2023-07-19 18:11:53.378163296 UTC - from mc-4->source-1 "38" 18:11:53.376473714
[2023-07-19T18:11:55Z INFO  dt_instance] received at 2023-07-19 18:11:55.883396446 UTC - from mc-4->source-1 "43" 18:11:55.881945371
[2023-07-19T18:11:58Z INFO  dt_instance] received at 2023-07-19 18:11:58.388725328 UTC - from mc-4->source-1 "48" 18:11:58.386882415
[2023-07-19T18:12:00Z INFO  dt_instance] received at 2023-07-19 18:12:00.893290755 UTC - from mc-4->source-1 "53" 18:12:00.892074270
[2023-07-19T18:12:03Z INFO  dt_instance] received at 2023-07-19 18:12:03.401903213 UTC - from mc-4->source-1 "58" 18:12:03.399519158
[2023-07-19T18:12:05Z INFO  dt_instance] received at 2023-07-19 18:12:05.906717876 UTC - from mc-4->source-1 "63" 18:12:05.905117129
[2023-07-19T18:12:08Z INFO  dt_instance] received at 2023-07-19 18:12:08.411641076 UTC - from mc-4->source-1 "68" 18:12:08.410262146
[2023-07-19T18:12:10Z INFO  dt_instance] received at 2023-07-19 18:12:10.917219592 UTC - from mc-4->source-3 "68" 18:12:10.915566941
[2023-07-19T18:12:13Z INFO  dt_instance] received at 2023-07-19 18:12:13.423450122 UTC - from mc-4->source-3 "73" 18:12:13.421625072
[2023-07-19T18:12:15Z INFO  dt_instance] received at 2023-07-19 18:12:15.929595529 UTC - from mc-4->source-1 "83" 18:12:15.928190097
[2023-07-19T18:12:18Z INFO  dt_instance] received at 2023-07-19 18:12:18.435508345 UTC - from mc-4->source-1 "88" 18:12:18.434157808
[2023-07-19T18:12:20Z INFO  dt_instance] received at 2023-07-19 18:12:20.942100786 UTC - from mc-4->source-1 "93" 18:12:20.940666055
[2023-07-19T18:12:23Z INFO  dt_instance] received at 2023-07-19 18:12:23.447659328 UTC - from mc-4->source-1 "98" 18:12:23.446395524
[2023-07-19T18:12:25Z INFO  dt_instance] received at 2023-07-19 18:12:25.953446214 UTC - from mc-4->source-5 "93" 18:12:25.952440492
[2023-07-19T18:12:28Z INFO  dt_instance] received at 2023-07-19 18:12:28.460995947 UTC - from mc-4->source-3 "103" 18:12:28.459377683
[2023-07-19T18:12:30Z INFO  dt_instance] received at 2023-07-19 18:12:30.966019446 UTC - from mc-4->source-5 "103" 18:12:30.965088883
[2023-07-19T18:12:33Z INFO  dt_instance] received at 2023-07-19 18:12:33.472932770 UTC - from mc-4->source-3 "113" 18:12:33.471134416
[2023-07-19T18:12:35Z INFO  dt_instance] received at 2023-07-19 18:12:35.990493599 UTC - from mc-4->source-3 "118" 18:12:35.985472109
[2023-07-19T18:12:38Z INFO  dt_instance] received at 2023-07-19 18:12:38.494773651 UTC - from mc-4->source-1 "128" 18:12:38.493599788
[2023-07-19T18:12:41Z INFO  dt_instance] received at 2023-07-19 18:12:41.001274909 UTC - from mc-4->source-1 "133" 18:12:40.999275351
[2023-07-19T18:12:43Z INFO  dt_instance] received at 2023-07-19 18:12:43.506374367 UTC - from mc-4->source-1 "138" 18:12:43.505238234
[2023-07-19T18:12:46Z INFO  dt_instance] received at 2023-07-19 18:12:46.013090264 UTC - from mc-4->source-1 "143" 18:12:46.011473677
[2023-07-19T18:12:48Z INFO  dt_instance] received at 2023-07-19 18:12:48.519678701 UTC - from mc-4->source-1 "148" 18:12:48.517546826
[2023-07-19T18:12:51Z INFO  dt_instance] received at 2023-07-19 18:12:51.026345964 UTC - from mc-4->source-1 "153" 18:12:51.023806751
[2023-07-19T18:12:53Z INFO  dt_instance] received at 2023-07-19 18:12:53.529561441 UTC - from mc-4->source-1 "158" 18:12:53.528105510
[2023-07-19T18:12:56Z INFO  dt_instance] received at 2023-07-19 18:12:56.037152197 UTC - from mc-4->source-3 "158" 18:12:56.034999951
[2023-07-19T18:12:58Z INFO  dt_instance] received at 2023-07-19 18:12:58.541800197 UTC - from mc-4->source-3 "163" 18:12:58.540486276
[2023-07-19T18:13:01Z INFO  dt_instance] received at 2023-07-19 18:13:01.048933195 UTC - from mc-4->source-3 "168" 18:13:01.046259395
[2023-07-19T18:13:03Z INFO  dt_instance] received at 2023-07-19 18:13:03.553541039 UTC - from mc-4->source-3 "173" 18:13:03.552085954
[2023-07-19T18:13:06Z INFO  dt_instance] received at 2023-07-19 18:13:06.062250700 UTC - from mc-4->source-3 "178" 18:13:06.058170830
[2023-07-19T18:13:08Z INFO  dt_instance] received at 2023-07-19 18:13:08.568500566 UTC - from mc-4->source-5 "178" 18:13:08.567074827
[2023-07-19T18:13:11Z INFO  dt_instance] received at 2023-07-19 18:13:11.079010446 UTC - from mc-4->source-7 "178" 18:13:11.075114171
[2023-07-19T18:13:13Z INFO  dt_instance] received at 2023-07-19 18:13:13.586806173 UTC - from mc-4->source-7 "183" 18:13:13.583119371
[2023-07-19T18:13:16Z INFO  dt_instance] received at 2023-07-19 18:13:16.096297567 UTC - from mc-4->source-5 "193" 18:13:16.090573258
[2023-07-19T18:13:18Z INFO  dt_instance] received at 2023-07-19 18:13:18.607243053 UTC - from mc-4->source-3 "203" 18:13:18.595420949
[2023-07-19T18:13:21Z INFO  dt_instance] received at 2023-07-19 18:13:21.105319645 UTC - from mc-4->source-1 "213" 18:13:21.103426961
[2023-07-19T18:13:23Z INFO  dt_instance] received at 2023-07-19 18:13:23.611795242 UTC - from mc-4->source-1 "218" 18:13:23.610791887
[2023-07-19T18:13:26Z INFO  dt_instance] received at 2023-07-19 18:13:26.118271706 UTC - from mc-4->source-1 "223" 18:13:26.116214235
[2023-07-19T18:13:28Z INFO  dt_instance] received at 2023-07-19 18:13:28.631233324 UTC - from mc-4->source-1 "228" 18:13:28.621630779
[2023-07-19T18:13:31Z INFO  dt_instance] received at 2023-07-19 18:13:31.127298292 UTC - from mc-4->source-1 "233" 18:13:31.126063887
[2023-07-19T18:13:33Z INFO  dt_instance] received at 2023-07-19 18:13:33.633328053 UTC - from mc-4->source-1 "238" 18:13:33.631642043
[2023-07-19T18:13:36Z INFO  dt_instance] received at 2023-07-19 18:13:36.139475493 UTC - from mc-4->source-3 "238" 18:13:36.137662437
[2023-07-19T18:13:38Z INFO  dt_instance] received at 2023-07-19 18:13:38.645363925 UTC - from mc-4->source-3 "243" 18:13:38.643803505
[2023-07-19T18:13:41Z INFO  dt_instance] received at 2023-07-19 18:13:41.152461383 UTC - from mc-4->source-3 "248" 18:13:41.149774066
[2023-07-19T18:13:43Z INFO  dt_instance] received at 2023-07-19 18:13:43.683883435 UTC - from mc-4->source-1 "258" 18:13:43.671732229
[2023-07-19T18:13:46Z INFO  dt_instance] received at 2023-07-19 18:13:46.178848915 UTC - from mc-4->source-1 "263" 18:13:46.177827661
[2023-07-19T18:13:48Z INFO  dt_instance] received at 2023-07-19 18:13:48.687585555 UTC - from mc-4->source-1 "268" 18:13:48.683932051
[2023-07-19T18:13:51Z INFO  dt_instance] received at 2023-07-19 18:13:51.192010658 UTC - from mc-4->source-1 "273" 18:13:51.190519788
[2023-07-19T18:13:53Z INFO  dt_instance] received at 2023-07-19 18:13:53.700201287 UTC - from mc-4->source-1 "278" 18:13:53.697938642
[2023-07-19T18:13:56Z INFO  dt_instance] received at 2023-07-19 18:13:56.212370587 UTC - from mc-4->source-1 "283" 18:13:56.208293616
[2023-07-19T18:13:58Z INFO  dt_instance] received at 2023-07-19 18:13:58.735235114 UTC - from mc-4->source-1 "288" 18:13:58.713671074
[2023-07-19T18:14:01Z INFO  dt_instance] received at 2023-07-19 18:14:01.220563053 UTC - from mc-4->source-1 "293" 18:14:01.218311347
[2023-07-19T18:14:03Z INFO  dt_instance] received at 2023-07-19 18:14:03.726327343 UTC - from mc-4->source-1 "298" 18:14:03.724761866
[2023-07-19T18:14:06Z INFO  dt_instance] received at 2023-07-19 18:14:06.232515243 UTC - from mc-4->source-1 "303" 18:14:06.231003208
[2023-07-19T18:14:08Z INFO  dt_instance] received at 2023-07-19 18:14:08.739583881 UTC - from mc-4->source-1 "308" 18:14:08.737437510
[2023-07-19T18:14:11Z INFO  dt_instance] received at 2023-07-19 18:14:11.246602399 UTC - from mc-4->source-1 "313" 18:14:11.244942396
[2023-07-19T18:14:13Z INFO  dt_instance] received at 2023-07-19 18:14:13.752623009 UTC - from mc-4->source-1 "318" 18:14:13.750673832
[2023-07-19T18:14:16Z INFO  dt_instance] received at 2023-07-19 18:14:16.257973991 UTC - from mc-4->source-1 "323" 18:14:16.255824681
[2023-07-19T18:14:18Z INFO  dt_instance] received at 2023-07-19 18:14:18.765293749 UTC - from mc-4->source-1 "328" 18:14:18.763696206
[2023-07-19T18:14:21Z INFO  dt_instance] received at 2023-07-19 18:14:21.271243442 UTC - from mc-4->source-1 "333" 18:14:21.270051923
[2023-07-19T18:14:23Z INFO  dt_instance] received at 2023-07-19 18:14:23.777564588 UTC - from mc-4->source-7 "323" 18:14:23.775347099
[2023-07-19T18:14:26Z INFO  dt_instance] received at 2023-07-19 18:14:26.283030755 UTC - from mc-4->source-1 "343" 18:14:26.281693994
[2023-07-19T18:14:28Z INFO  dt_instance] received at 2023-07-19 18:14:28.790344327 UTC - from mc-4->source-1 "348" 18:14:28.787612462
[2023-07-19T18:14:31Z INFO  dt_instance] received at 2023-07-19 18:14:31.294936252 UTC - from mc-4->source-1 "353" 18:14:31.292511690
[2023-07-19T18:14:33Z INFO  dt_instance] received at 2023-07-19 18:14:33.798634285 UTC - from mc-4->source-1 "358" 18:14:33.797292053
[2023-07-19T18:14:36Z INFO  dt_instance] received at 2023-07-19 18:14:36.304733823 UTC - from mc-4->source-1 "363" 18:14:36.303616273
[2023-07-19T18:14:38Z INFO  dt_instance] received at 2023-07-19 18:14:38.811638145 UTC - from mc-4->source-1 "368" 18:14:38.809764981
[2023-07-19T18:14:41Z INFO  dt_instance] received at 2023-07-19 18:14:41.317322661 UTC - from mc-4->source-3 "368" 18:14:41.315870141
[2023-07-19T18:14:43Z INFO  dt_instance] received at 2023-07-19 18:14:43.836322004 UTC - from mc-4->source-1 "378" 18:14:43.821198192
[2023-07-19T18:14:46Z INFO  dt_instance] received at 2023-07-19 18:14:46.344891554 UTC - from mc-4->source-1 "383" 18:14:46.328713056
[2023-07-19T18:14:48Z INFO  dt_instance] received at 2023-07-19 18:14:48.835532573 UTC - from mc-4->source-1 "388" 18:14:48.834195879
[2023-07-19T18:14:51Z INFO  dt_instance] received at 2023-07-19 18:14:51.342683785 UTC - from mc-4->source-1 "393" 18:14:51.340915174
[2023-07-19T18:14:53Z INFO  dt_instance] received at 2023-07-19 18:14:53.869623900 UTC - from mc-4->source-3 "393" 18:14:53.848428823
[2023-07-19T18:14:56Z INFO  dt_instance] received at 2023-07-19 18:14:56.356575730 UTC - from mc-4->source-1 "403" 18:14:56.355476408
[2023-07-19T18:14:58Z INFO  dt_instance] received at 2023-07-19 18:14:58.863834919 UTC - from mc-4->source-7 "393" 18:14:58.862788176
[2023-07-19T18:15:01Z INFO  dt_instance] received at 2023-07-19 18:15:01.381133268 UTC - from mc-4->source-1 "413" 18:15:01.366353622
[2023-07-19T18:15:03Z INFO  dt_instance] received at 2023-07-19 18:15:03.873700100 UTC - from mc-4->source-3 "413" 18:15:03.872361519
[2023-07-19T18:15:06Z INFO  dt_instance] received at 2023-07-19 18:15:06.380344711 UTC - from mc-4->source-3 "418" 18:15:06.378273072
[2023-07-19T18:15:08Z INFO  dt_instance] received at 2023-07-19 18:15:08.887476332 UTC - from mc-4->source-3 "423" 18:15:08.883933313
[2023-07-19T18:15:11Z INFO  dt_instance] received at 2023-07-19 18:15:11.391299315 UTC - from mc-4->source-7 "418" 18:15:11.390208566
[2023-07-19T18:15:13Z INFO  dt_instance] received at 2023-07-19 18:15:13.900212958 UTC - from mc-4->source-1 "438" 18:15:13.898138238
[2023-07-19T18:15:16Z INFO  dt_instance] received at 2023-07-19 18:15:16.406053904 UTC - from mc-4->source-1 "443" 18:15:16.404108022
[2023-07-19T18:15:18Z INFO  dt_instance] received at 2023-07-19 18:15:18.911364758 UTC - from mc-4->source-1 "448" 18:15:18.910381234
[2023-07-19T18:15:21Z INFO  dt_instance] received at 2023-07-19 18:15:21.417410314 UTC - from mc-4->source-1 "453" 18:15:21.415740184
[2023-07-19T18:15:23Z INFO  dt_instance] received at 2023-07-19 18:15:23.922099201 UTC - from mc-4->source-3 "453" 18:15:23.920122628
[2023-07-19T18:15:26Z INFO  dt_instance] received at 2023-07-19 18:15:26.427948099 UTC - from mc-4->source-3 "458" 18:15:26.425698401
[2023-07-19T18:15:28Z INFO  dt_instance] received at 2023-07-19 18:15:28.933868853 UTC - from mc-4->source-1 "468" 18:15:28.932241113
[2023-07-19T18:15:31Z INFO  dt_instance] received at 2023-07-19 18:15:31.440629816 UTC - from mc-4->source-3 "468" 18:15:31.437998172
[2023-07-19T18:15:33Z INFO  dt_instance] received at 2023-07-19 18:15:33.946606500 UTC - from mc-4->source-1 "478" 18:15:33.945166388
[2023-07-19T18:15:36Z INFO  dt_instance] received at 2023-07-19 18:15:36.460543813 UTC - from mc-4->source-1 "483" 18:15:36.455855911
[2023-07-19T18:15:38Z INFO  dt_instance] received at 2023-07-19 18:15:38.963935060 UTC - from mc-4->source-1 "488" 18:15:38.962219376
[2023-07-19T18:15:41Z INFO  dt_instance] received at 2023-07-19 18:15:41.474594468 UTC - from mc-4->source-7 "478" 18:15:41.473388137
[2023-07-19T18:15:43Z INFO  dt_instance] received at 2023-07-19 18:15:43.982666648 UTC - from mc-4->source-3 "493" 18:15:43.980955453
[2023-07-19T18:15:46Z INFO  dt_instance] received at 2023-07-19 18:15:46.503638662 UTC - from mc-4->source-3 "498" 18:15:46.502087065
[2023-07-19T18:15:49Z INFO  dt_instance] received at 2023-07-19 18:15:49.009462223 UTC - from mc-4->source-3 "503" 18:15:49.007523006
[2023-07-19T18:15:51Z INFO  dt_instance] received at 2023-07-19 18:15:51.515240854 UTC - from mc-4->source-3 "508" 18:15:51.513775796
[2023-07-19T18:15:54Z INFO  dt_instance] received at 2023-07-19 18:15:54.021316556 UTC - from mc-4->source-3 "513" 18:15:54.019812704
[2023-07-19T18:15:56Z INFO  dt_instance] received at 2023-07-19 18:15:56.528060095 UTC - from mc-4->source-3 "518" 18:15:56.526025727
[2023-07-19T18:15:59Z INFO  dt_instance] received at 2023-07-19 18:15:59.034350996 UTC - from mc-4->source-3 "523" 18:15:59.032066501
[2023-07-19T18:16:01Z INFO  dt_instance] received at 2023-07-19 18:16:01.541717014 UTC - from mc-4->source-3 "528" 18:16:01.538639111
[2023-07-19T18:16:04Z INFO  dt_instance] received at 2023-07-19 18:16:04.050991736 UTC - from mc-4->source-3 "533" 18:16:04.044954037
[2023-07-19T18:16:06Z INFO  dt_instance] received at 2023-07-19 18:16:06.552238675 UTC - from mc-4->source-3 "538" 18:16:06.550617742
[2023-07-19T18:16:09Z INFO  dt_instance] received at 2023-07-19 18:16:09.057423067 UTC - from mc-4->source-3 "543" 18:16:09.056034728
[2023-07-19T18:16:11Z INFO  dt_instance] received at 2023-07-19 18:16:11.567540970 UTC - from mc-4->source-3 "548" 18:16:11.564897053
[2023-07-19T18:16:14Z INFO  dt_instance] received at 2023-07-19 18:16:14.077232088 UTC - from mc-4->source-7 "543" 18:16:14.073284245
[2023-07-19T18:16:16Z INFO  dt_instance] received at 2023-07-19 18:16:16.579795629 UTC - from mc-4->source-7 "548" 18:16:16.578592429
[2023-07-19T18:16:19Z INFO  dt_instance] received at 2023-07-19 18:16:19.085624573 UTC - from mc-4->source-7 "553" 18:16:19.084172978
[2023-07-19T18:16:21Z INFO  dt_instance] received at 2023-07-19 18:16:21.592328106 UTC - from mc-4->source-7 "558" 18:16:21.590784367
[2023-07-19T18:16:24Z INFO  dt_instance] received at 2023-07-19 18:16:24.096385981 UTC - from mc-4->source-7 "563" 18:16:24.095196589
[2023-07-19T18:16:26Z INFO  dt_instance] received at 2023-07-19 18:16:26.603988517 UTC - from mc-4->source-7 "568" 18:16:26.601458629
[2023-07-19T18:16:29Z INFO  dt_instance] received at 2023-07-19 18:16:29.118389400 UTC - from mc-4->source-3 "583" 18:16:29.110417962
[2023-07-19T18:16:31Z INFO  dt_instance] received at 2023-07-19 18:16:31.620197398 UTC - from mc-4->source-3 "588" 18:16:31.616893819
[2023-07-19T18:16:34Z INFO  dt_instance] received at 2023-07-19 18:16:34.126166436 UTC - from mc-4->source-3 "593" 18:16:34.123406205
[2023-07-19T18:16:36Z INFO  dt_instance] received at 2023-07-19 18:16:36.637966499 UTC - from mc-4->source-3 "598" 18:16:36.630350189
[2023-07-19T18:16:39Z INFO  dt_instance] received at 2023-07-19 18:16:39.137726447 UTC - from mc-4->source-3 "603" 18:16:39.136679029
[2023-07-19T18:16:41Z INFO  dt_instance] received at 2023-07-19 18:16:41.649037293 UTC - from mc-4->source-3 "608" 18:16:41.647774929
[2023-07-19T18:16:44Z INFO  dt_instance] received at 2023-07-19 18:16:44.163229311 UTC - from mc-4->source-7 "603" 18:16:44.161120516
[2023-07-19T18:16:46Z INFO  dt_instance] received at 2023-07-19 18:16:46.668110472 UTC - from mc-4->source-7 "608" 18:16:46.666172995
[2023-07-19T18:16:49Z INFO  dt_instance] received at 2023-07-19 18:16:49.175270038 UTC - from mc-4->source-3 "623" 18:16:49.172601455
[2023-07-19T18:16:51Z INFO  dt_instance] received at 2023-07-19 18:16:51.679889445 UTC - from mc-4->source-3 "628" 18:16:51.678232230
[2023-07-19T18:16:54Z INFO  dt_instance] received at 2023-07-19 18:16:54.187536842 UTC - from mc-4->source-3 "633" 18:16:54.184646570
[2023-07-19T18:16:56Z INFO  dt_instance] received at 2023-07-19 18:16:56.690743827 UTC - from mc-4->source-3 "638" 18:16:56.689344316
[2023-07-19T18:16:59Z INFO  dt_instance] received at 2023-07-19 18:16:59.196006497 UTC - from mc-4->source-3 "643" 18:16:59.194729435
[2023-07-19T18:17:01Z INFO  dt_instance] received at 2023-07-19 18:17:01.705781455 UTC - from mc-4->source-7 "638" 18:17:01.700440485
[2023-07-19T18:17:04Z INFO  dt_instance] received at 2023-07-19 18:17:04.209765762 UTC - from mc-4->source-3 "653" 18:17:04.207287848
[2023-07-19T18:17:06Z INFO  dt_instance] received at 2023-07-19 18:17:06.716107540 UTC - from mc-4->source-3 "658" 18:17:06.713927618
[2023-07-19T18:17:09Z INFO  dt_instance] received at 2023-07-19 18:17:09.220512093 UTC - from mc-4->source-3 "663" 18:17:09.218866090
[2023-07-19T18:17:11Z INFO  dt_instance] received at 2023-07-19 18:17:11.728103037 UTC - from mc-4->source-3 "668" 18:17:11.724724627
[2023-07-19T18:17:14Z INFO  dt_instance] received at 2023-07-19 18:17:14.233722786 UTC - from mc-4->source-3 "673" 18:17:14.231931720
[2023-07-19T18:17:16Z INFO  dt_instance] received at 2023-07-19 18:17:16.745216087 UTC - from mc-4->source-3 "678" 18:17:16.739372838
[2023-07-19T18:17:19Z INFO  dt_instance] received at 2023-07-19 18:17:19.248477270 UTC - from mc-4->source-3 "683" 18:17:19.247086427
[2023-07-19T18:17:21Z INFO  dt_instance] received at 2023-07-19 18:17:21.770812930 UTC - from mc-4->source-3 "688" 18:17:21.752157870
[2023-07-19T18:17:24Z INFO  dt_instance] received at 2023-07-19 18:17:24.261615042 UTC - from mc-4->source-3 "693" 18:17:24.258349554
[2023-07-19T18:17:26Z INFO  dt_instance] received at 2023-07-19 18:17:26.768373707 UTC - from mc-4->source-3 "698" 18:17:26.763970580
[2023-07-19T18:17:29Z INFO  dt_instance] received at 2023-07-19 18:17:29.272633165 UTC - from mc-4->source-3 "703" 18:17:29.271100635
[2023-07-19T18:17:31Z INFO  dt_instance] received at 2023-07-19 18:17:31.795560265 UTC - from mc-4->source-3 "708" 18:17:31.776611655
[2023-07-19T18:17:34Z INFO  dt_instance] received at 2023-07-19 18:17:34.285109942 UTC - from mc-4->source-3 "713" 18:17:34.282280418
[2023-07-19T18:17:36Z INFO  dt_instance] received at 2023-07-19 18:17:36.792863106 UTC - from mc-4->source-3 "718" 18:17:36.789145507
[2023-07-19T18:17:39Z INFO  dt_instance] received at 2023-07-19 18:17:39.296752059 UTC - from mc-4->source-3 "723" 18:17:39.295691538
[2023-07-19T18:17:41Z INFO  dt_instance] received at 2023-07-19 18:17:41.805357395 UTC - from mc-4->source-3 "728" 18:17:41.800601453
[2023-07-19T18:17:44Z INFO  dt_instance] received at 2023-07-19 18:17:44.339248627 UTC - from mc-4->source-3 "733" 18:17:44.305728258
[2023-07-19T18:17:46Z INFO  dt_instance] received at 2023-07-19 18:17:46.815762974 UTC - from mc-4->source-3 "738" 18:17:46.811713384
[2023-07-19T18:17:49Z INFO  dt_instance] received at 2023-07-19 18:17:49.318977739 UTC - from mc-4->source-3 "743" 18:17:49.317627428
[2023-07-19T18:17:51Z INFO  dt_instance] received at 2023-07-19 18:17:51.824815832 UTC - from mc-4->source-3 "748" 18:17:51.823200469
[2023-07-19T18:17:54Z INFO  dt_instance] received at 2023-07-19 18:17:54.357198851 UTC - from mc-4->source-3 "753" 18:17:54.329084857
[2023-07-19T18:17:56Z INFO  dt_instance] received at 2023-07-19 18:17:56.836609004 UTC - from mc-4->source-3 "758" 18:17:56.834228177
[2023-07-19T18:17:59Z INFO  dt_instance] received at 2023-07-19 18:17:59.345639874 UTC - from mc-4->source-3 "763" 18:17:59.343666500
[2023-07-19T18:18:01Z INFO  dt_instance] received at 2023-07-19 18:18:01.854773200 UTC - from mc-4->source-3 "768" 18:18:01.853516300
[2023-07-19T18:18:04Z INFO  dt_instance] received at 2023-07-19 18:18:04.413609286 UTC - from mc-4->source-3 "773" 18:18:04.358852490
[2023-07-19T18:18:06Z INFO  dt_instance] received at 2023-07-19 18:18:06.865464260 UTC - from mc-4->source-3 "778" 18:18:06.863157103
[2023-07-19T18:18:09Z INFO  dt_instance] received at 2023-07-19 18:18:09.371654287 UTC - from mc-4->source-3 "783" 18:18:09.370183374
[2023-07-19T18:18:11Z INFO  dt_instance] received at 2023-07-19 18:18:11.878761974 UTC - from mc-4->source-3 "788" 18:18:11.875176064
[2023-07-19T18:18:14Z INFO  dt_instance] received at 2023-07-19 18:18:14.388027371 UTC - from mc-4->source-3 "793" 18:18:14.382149296
[2023-07-19T18:18:16Z INFO  dt_instance] received at 2023-07-19 18:18:16.898818362 UTC - from mc-4->source-3 "798" 18:18:16.887595966
[2023-07-19T18:18:19Z INFO  dt_instance] received at 2023-07-19 18:18:19.396672181 UTC - from mc-4->source-3 "803" 18:18:19.393511274
[2023-07-19T18:18:21Z INFO  dt_instance] received at 2023-07-19 18:18:21.900443659 UTC - from mc-4->source-3 "808" 18:18:21.898774151
[2023-07-19T18:18:24Z INFO  dt_instance] received at 2023-07-19 18:18:24.416684762 UTC - from mc-4->source-3 "813" 18:18:24.403553027
[2023-07-19T18:18:26Z INFO  dt_instance] received at 2023-07-19 18:18:26.927494761 UTC - from mc-4->source-3 "818" 18:18:26.910288045
[2023-07-19T18:18:29Z INFO  dt_instance] received at 2023-07-19 18:18:29.420888770 UTC - from mc-4->source-3 "823" 18:18:29.417053823
[2023-07-19T18:18:31Z INFO  dt_instance] received at 2023-07-19 18:18:31.923685239 UTC - from mc-4->source-3 "828" 18:18:31.922209655
[2023-07-19T18:18:34Z INFO  dt_instance] received at 2023-07-19 18:18:34.436139261 UTC - from mc-4->source-3 "833" 18:18:34.433918795
[2023-07-19T18:18:36Z INFO  dt_instance] received at 2023-07-19 18:18:36.970995769 UTC - from mc-4->source-3 "838" 18:18:36.940810060
[2023-07-19T18:18:39Z INFO  dt_instance] received at 2023-07-19 18:18:39.448682926 UTC - from mc-4->source-3 "843" 18:18:39.446360390
[2023-07-19T18:18:41Z INFO  dt_instance] received at 2023-07-19 18:18:41.956453831 UTC - from mc-4->source-3 "848" 18:18:41.954206436
[2023-07-19T18:18:44Z INFO  dt_instance] received at 2023-07-19 18:18:44.462929580 UTC - from mc-4->source-3 "853" 18:18:44.460650415
[2023-07-19T18:18:46Z INFO  dt_instance] received at 2023-07-19 18:18:46.978981629 UTC - from mc-4->source-3 "858" 18:18:46.967055730
[2023-07-19T18:18:49Z INFO  dt_instance] received at 2023-07-19 18:18:49.485254126 UTC - from mc-4->source-3 "863" 18:18:49.472852103
[2023-07-19T18:18:51Z INFO  dt_instance] received at 2023-07-19 18:18:51.981002172 UTC - from mc-4->source-3 "868" 18:18:51.978429384
[2023-07-19T18:18:54Z INFO  dt_instance] received at 2023-07-19 18:18:54.486100722 UTC - from mc-4->source-3 "873" 18:18:54.484484377
[2023-07-19T18:18:57Z INFO  dt_instance] received at 2023-07-19 18:18:57.000980122 UTC - from mc-4->source-3 "878" 18:18:56.989640441
[2023-07-19T18:18:59Z INFO  dt_instance] received at 2023-07-19 18:18:59.498035891 UTC - from mc-4->source-3 "883" 18:18:59.494290502
[2023-07-19T18:19:02Z INFO  dt_instance] received at 2023-07-19 18:19:02.017969281 UTC - from mc-4->source-3 "888" 18:19:02.000011651
[2023-07-19T18:19:04Z INFO  dt_instance] received at 2023-07-19 18:19:04.508091543 UTC - from mc-4->source-3 "893" 18:19:04.506848934
[2023-07-19T18:19:07Z INFO  dt_instance] received at 2023-07-19 18:19:07.016428247 UTC - from mc-4->source-3 "898" 18:19:07.012982154
[2023-07-19T18:19:09Z INFO  dt_instance] received at 2023-07-19 18:19:09.522255643 UTC - from mc-4->source-3 "903" 18:19:09.519448783
[2023-07-19T18:19:12Z INFO  dt_instance] received at 2023-07-19 18:19:12.036404280 UTC - from mc-4->source-3 "908" 18:19:12.024558146
[2023-07-19T18:19:14Z INFO  dt_instance] received at 2023-07-19 18:19:14.541200818 UTC - from mc-4->source-3 "913" 18:19:14.531701718
[2023-07-19T18:19:17Z INFO  dt_instance] received at 2023-07-19 18:19:17.047207928 UTC - from mc-4->source-3 "918" 18:19:17.039001054
[2023-07-19T18:19:19Z INFO  dt_instance] received at 2023-07-19 18:19:19.547844540 UTC - from mc-4->source-3 "923" 18:19:19.544634538
[2023-07-19T18:19:22Z INFO  dt_instance] received at 2023-07-19 18:19:22.056462430 UTC - from mc-4->source-3 "928" 18:19:22.050463359
[2023-07-19T18:19:24Z INFO  dt_instance] received at 2023-07-19 18:19:24.573539175 UTC - from mc-4->source-3 "933" 18:19:24.557720664
[2023-07-19T18:19:27Z INFO  dt_instance] received at 2023-07-19 18:19:27.065541247 UTC - from mc-4->source-3 "938" 18:19:27.063813354
[2023-07-19T18:19:29Z INFO  dt_instance] received at 2023-07-19 18:19:29.580643604 UTC - from mc-4->source-7 "933" 18:19:29.556340742
[2023-07-19T18:19:32Z INFO  dt_instance] received at 2023-07-19 18:19:32.080515623 UTC - from mc-4->source-3 "948" 18:19:32.074976018
[2023-07-19T18:19:34Z INFO  dt_instance] received at 2023-07-19 18:19:34.609328010 UTC - from mc-4->source-3 "953" 18:19:34.582453268
[2023-07-19T18:19:37Z INFO  dt_instance] received at 2023-07-19 18:19:37.092829035 UTC - from mc-4->source-3 "958" 18:19:37.088772768
[2023-07-19T18:19:39Z INFO  dt_instance] received at 2023-07-19 18:19:39.597751739 UTC - from mc-4->source-3 "963" 18:19:39.593425837
[2023-07-19T18:19:42Z INFO  dt_instance] received at 2023-07-19 18:19:42.111795742 UTC - from mc-4->source-3 "968" 18:19:42.099855955
[2023-07-19T18:19:44Z INFO  dt_instance] received at 2023-07-19 18:19:44.810618119 UTC - from mc-4->source-8 "961" 18:19:44.798635008
[2023-07-19T18:19:47Z INFO  dt_instance] received at 2023-07-19 18:19:47.122980012 UTC - from mc-4->source-3 "978" 18:19:47.109530582
[2023-07-19T18:19:49Z INFO  dt_instance] received at 2023-07-19 18:19:49.618595913 UTC - from mc-4->source-3 "983" 18:19:49.616737779
[2023-07-19T18:19:52Z INFO  dt_instance] received at 2023-07-19 18:19:52.130598160 UTC - from mc-4->source-3 "988" 18:19:52.121056863
[2023-07-19T18:19:54Z INFO  dt_instance] received at 2023-07-19 18:19:54.832842625 UTC - from mc-4->source-8 "981" 18:19:54.830527121
[2023-07-19T18:19:58Z INFO  dt_instance] received at 2023-07-19 18:19:58.120838095 UTC - from mc-4->source-5 "995" 18:19:58.111669557
[2023-07-19T18:20:05Z INFO  dt_instance] received at 2023-07-19 18:20:05.128961094 UTC - from mc-4->source-9 "999" 18:20:05.127019223
