[2023-07-19T18:08:45Z INFO  dt_instance] Current Twin: mc-twin-23
[2023-07-19T18:08:45Z INFO  dt_instance] Replica Name twin-mc-stateful-23
[2023-07-19T18:08:45Z INFO  dt_instance] Sleeping for 1150
[2023-07-19T18:27:55Z INFO  dt_instance] Connecting to broker at emqx.dtwins:1883
[2023-07-19T18:27:55Z INFO  dt_instance] Loggin info each 50 messages
[2023-07-19T18:27:55Z INFO  dt_instance] Set max packet size to 60000 KB.
[2023-07-19T18:27:55Z INFO  dt_instance] Refreshing topics for twin - Listen to mc-23/#
[2023-07-19T18:27:55Z INFO  dt_instance] SubAck { pkid: 1, return_codes: [Success(ExactlyOnce)] }
[2023-07-19T18:28:59Z INFO  dt_instance] received at 2023-07-19 18:28:59.063092929 UTC - from mc-23->source-2 "9" 18:28:59.060397045
[2023-07-19T18:29:02Z INFO  dt_instance] received at 2023-07-19 18:29:02.316049704 UTC - from mc-23->source-3 "13" 18:29:02.314840300
[2023-07-19T18:29:04Z INFO  dt_instance] received at 2023-07-19 18:29:04.838653773 UTC - from mc-23->source-1 "23" 18:29:04.829959567
[2023-07-19T18:29:07Z INFO  dt_instance] received at 2023-07-19 18:29:07.338100253 UTC - from mc-23->source-1 "28" 18:29:07.336335071
[2023-07-19T18:29:09Z INFO  dt_instance] received at 2023-07-19 18:29:09.848899764 UTC - from mc-23->source-1 "33" 18:29:09.841871246
[2023-07-19T18:29:12Z INFO  dt_instance] received at 2023-07-19 18:29:12.351594635 UTC - from mc-23->source-1 "38" 18:29:12.346805960
[2023-07-19T18:29:14Z INFO  dt_instance] received at 2023-07-19 18:29:14.853436956 UTC - from mc-23->source-1 "43" 18:29:14.852284863
[2023-07-19T18:29:17Z INFO  dt_instance] received at 2023-07-19 18:29:17.358205890 UTC - from mc-23->source-1 "48" 18:29:17.357061879
[2023-07-19T18:29:19Z INFO  dt_instance] received at 2023-07-19 18:29:19.864132844 UTC - from mc-23->source-1 "53" 18:29:19.862533804
[2023-07-19T18:29:22Z INFO  dt_instance] received at 2023-07-19 18:29:22.371368801 UTC - from mc-23->source-1 "58" 18:29:22.367726848
[2023-07-19T18:29:24Z INFO  dt_instance] received at 2023-07-19 18:29:24.875927304 UTC - from mc-23->source-1 "63" 18:29:24.873995808
[2023-07-19T18:29:27Z INFO  dt_instance] received at 2023-07-19 18:29:27.383231216 UTC - from mc-23->source-1 "68" 18:29:27.378584219
[2023-07-19T18:29:29Z INFO  dt_instance] received at 2023-07-19 18:29:29.885405208 UTC - from mc-23->source-1 "73" 18:29:29.883419609
[2023-07-19T18:29:32Z INFO  dt_instance] received at 2023-07-19 18:29:32.390861500 UTC - from mc-23->source-1 "78" 18:29:32.389136167
[2023-07-19T18:29:34Z INFO  dt_instance] received at 2023-07-19 18:29:34.898982638 UTC - from mc-23->source-1 "83" 18:29:34.894578202
[2023-07-19T18:29:37Z INFO  dt_instance] received at 2023-07-19 18:29:37.403811993 UTC - from mc-23->source-1 "88" 18:29:37.402469509
[2023-07-19T18:29:39Z INFO  dt_instance] received at 2023-07-19 18:29:39.912079727 UTC - from mc-23->source-1 "93" 18:29:39.907899457
[2023-07-19T18:29:42Z INFO  dt_instance] received at 2023-07-19 18:29:42.416245025 UTC - from mc-23->source-1 "98" 18:29:42.412514130
[2023-07-19T18:29:44Z INFO  dt_instance] received at 2023-07-19 18:29:44.953352288 UTC - from mc-23->source-7 "88" 18:29:44.951124212
[2023-07-19T18:29:47Z INFO  dt_instance] received at 2023-07-19 18:29:47.457312883 UTC - from mc-23->source-7 "93" 18:29:47.455712940
[2023-07-19T18:29:49Z INFO  dt_instance] received at 2023-07-19 18:29:49.961943127 UTC - from mc-23->source-7 "98" 18:29:49.960826012
[2023-07-19T18:29:52Z INFO  dt_instance] received at 2023-07-19 18:29:52.467363783 UTC - from mc-23->source-7 "103" 18:29:52.466323854
[2023-07-19T18:29:54Z INFO  dt_instance] received at 2023-07-19 18:29:54.972093162 UTC - from mc-23->source-7 "108" 18:29:54.970562
[2023-07-19T18:29:57Z INFO  dt_instance] received at 2023-07-19 18:29:57.479953686 UTC - from mc-23->source-7 "113" 18:29:57.478096043
[2023-07-19T18:29:59Z INFO  dt_instance] received at 2023-07-19 18:29:59.985230378 UTC - from mc-23->source-7 "118" 18:29:59.984356497
[2023-07-19T18:30:02Z INFO  dt_instance] received at 2023-07-19 18:30:02.493260271 UTC - from mc-23->source-7 "123" 18:30:02.492375581
[2023-07-19T18:30:05Z INFO  dt_instance] received at 2023-07-19 18:30:05.007628927 UTC - from mc-23->source-7 "128" 18:30:04.998928299
[2023-07-19T18:30:07Z INFO  dt_instance] received at 2023-07-19 18:30:07.505199054 UTC - from mc-23->source-7 "133" 18:30:07.503498331
[2023-07-19T18:30:10Z INFO  dt_instance] received at 2023-07-19 18:30:10.011531951 UTC - from mc-23->source-7 "138" 18:30:10.010424859
[2023-07-19T18:30:12Z INFO  dt_instance] received at 2023-07-19 18:30:12.516845550 UTC - from mc-23->source-7 "143" 18:30:12.515644414
[2023-07-19T18:30:15Z INFO  dt_instance] received at 2023-07-19 18:30:15.023690552 UTC - from mc-23->source-7 "148" 18:30:15.021718308
[2023-07-19T18:30:17Z INFO  dt_instance] received at 2023-07-19 18:30:17.529246686 UTC - from mc-23->source-7 "153" 18:30:17.528065974
[2023-07-19T18:30:20Z INFO  dt_instance] received at 2023-07-19 18:30:20.034696476 UTC - from mc-23->source-7 "158" 18:30:20.033616872
[2023-07-19T18:30:22Z INFO  dt_instance] received at 2023-07-19 18:30:22.541503522 UTC - from mc-23->source-7 "163" 18:30:22.540245409
[2023-07-19T18:30:25Z INFO  dt_instance] received at 2023-07-19 18:30:25.047105867 UTC - from mc-23->source-7 "168" 18:30:25.046371236
[2023-07-19T18:30:27Z INFO  dt_instance] received at 2023-07-19 18:30:27.554040967 UTC - from mc-23->source-7 "173" 18:30:27.551427900
[2023-07-19T18:30:30Z INFO  dt_instance] received at 2023-07-19 18:30:30.060250138 UTC - from mc-23->source-7 "178" 18:30:30.058401209
[2023-07-19T18:30:32Z INFO  dt_instance] received at 2023-07-19 18:30:32.565740071 UTC - from mc-23->source-7 "183" 18:30:32.563844569
[2023-07-19T18:30:35Z INFO  dt_instance] received at 2023-07-19 18:30:35.071094324 UTC - from mc-23->source-7 "188" 18:30:35.069699503
[2023-07-19T18:30:37Z INFO  dt_instance] received at 2023-07-19 18:30:37.585139736 UTC - from mc-23->source-7 "193" 18:30:37.577490701
[2023-07-19T18:30:40Z INFO  dt_instance] received at 2023-07-19 18:30:40.086373423 UTC - from mc-23->source-7 "198" 18:30:40.084263400
[2023-07-19T18:30:42Z INFO  dt_instance] received at 2023-07-19 18:30:42.593825435 UTC - from mc-23->source-5 "208" 18:30:42.583063921
[2023-07-19T18:30:45Z INFO  dt_instance] received at 2023-07-19 18:30:45.098213501 UTC - from mc-23->source-7 "208" 18:30:45.097532713
[2023-07-19T18:30:47Z INFO  dt_instance] received at 2023-07-19 18:30:47.603971687 UTC - from mc-23->source-7 "213" 18:30:47.602599721
[2023-07-19T18:30:50Z INFO  dt_instance] received at 2023-07-19 18:30:50.122786998 UTC - from mc-23->source-7 "218" 18:30:50.121269900
[2023-07-19T18:30:52Z INFO  dt_instance] received at 2023-07-19 18:30:52.628047463 UTC - from mc-23->source-7 "223" 18:30:52.627104325
[2023-07-19T18:30:55Z INFO  dt_instance] received at 2023-07-19 18:30:55.133365873 UTC - from mc-23->source-7 "228" 18:30:55.131909609
[2023-07-19T18:30:57Z INFO  dt_instance] received at 2023-07-19 18:30:57.644151265 UTC - from mc-23->source-7 "233" 18:30:57.643258687
[2023-07-19T18:31:00Z INFO  dt_instance] received at 2023-07-19 18:31:00.162876099 UTC - from mc-23->source-7 "238" 18:31:00.150424116
[2023-07-19T18:31:02Z INFO  dt_instance] received at 2023-07-19 18:31:02.656962204 UTC - from mc-23->source-7 "243" 18:31:02.656035424
[2023-07-19T18:31:05Z INFO  dt_instance] received at 2023-07-19 18:31:05.161868034 UTC - from mc-23->source-7 "248" 18:31:05.160719236
[2023-07-19T18:31:07Z INFO  dt_instance] received at 2023-07-19 18:31:07.669340012 UTC - from mc-23->source-7 "253" 18:31:07.667497773
[2023-07-19T18:31:10Z INFO  dt_instance] received at 2023-07-19 18:31:10.174757687 UTC - from mc-23->source-7 "258" 18:31:10.173468054
[2023-07-19T18:31:12Z INFO  dt_instance] received at 2023-07-19 18:31:12.680753595 UTC - from mc-23->source-7 "263" 18:31:12.680100171
[2023-07-19T18:31:15Z INFO  dt_instance] received at 2023-07-19 18:31:15.188948718 UTC - from mc-23->source-7 "268" 18:31:15.188005878
[2023-07-19T18:31:17Z INFO  dt_instance] received at 2023-07-19 18:31:17.695433898 UTC - from mc-23->source-7 "273" 18:31:17.694261092
[2023-07-19T18:31:20Z INFO  dt_instance] received at 2023-07-19 18:31:20.200423258 UTC - from mc-23->source-7 "278" 18:31:20.199553873
[2023-07-19T18:31:22Z INFO  dt_instance] received at 2023-07-19 18:31:22.705866525 UTC - from mc-23->source-7 "283" 18:31:22.704799641
[2023-07-19T18:31:25Z INFO  dt_instance] received at 2023-07-19 18:31:25.211431505 UTC - from mc-23->source-7 "288" 18:31:25.209847487
[2023-07-19T18:31:27Z INFO  dt_instance] received at 2023-07-19 18:31:27.717452187 UTC - from mc-23->source-7 "293" 18:31:27.716448202
[2023-07-19T18:31:30Z INFO  dt_instance] received at 2023-07-19 18:31:30.225278354 UTC - from mc-23->source-7 "298" 18:31:30.223733021
[2023-07-19T18:31:32Z INFO  dt_instance] received at 2023-07-19 18:31:32.730890983 UTC - from mc-23->source-7 "303" 18:31:32.729735200
[2023-07-19T18:31:35Z INFO  dt_instance] received at 2023-07-19 18:31:35.237009197 UTC - from mc-23->source-7 "308" 18:31:35.235787738
[2023-07-19T18:31:37Z INFO  dt_instance] received at 2023-07-19 18:31:37.743089272 UTC - from mc-23->source-7 "313" 18:31:37.741928361
[2023-07-19T18:31:40Z INFO  dt_instance] received at 2023-07-19 18:31:40.248527977 UTC - from mc-23->source-7 "318" 18:31:40.247232492
[2023-07-19T18:31:42Z INFO  dt_instance] received at 2023-07-19 18:31:42.755350264 UTC - from mc-23->source-7 "323" 18:31:42.754302226
[2023-07-19T18:31:45Z INFO  dt_instance] received at 2023-07-19 18:31:45.264378656 UTC - from mc-23->source-7 "328" 18:31:45.260379680
[2023-07-19T18:31:47Z INFO  dt_instance] received at 2023-07-19 18:31:47.769154417 UTC - from mc-23->source-7 "333" 18:31:47.767908388
[2023-07-19T18:31:50Z INFO  dt_instance] received at 2023-07-19 18:31:50.274572838 UTC - from mc-23->source-7 "338" 18:31:50.273123278
[2023-07-19T18:31:52Z INFO  dt_instance] received at 2023-07-19 18:31:52.787472062 UTC - from mc-23->source-7 "343" 18:31:52.785690784
[2023-07-19T18:31:55Z INFO  dt_instance] received at 2023-07-19 18:31:55.292398787 UTC - from mc-23->source-7 "348" 18:31:55.291670497
[2023-07-19T18:31:57Z INFO  dt_instance] received at 2023-07-19 18:31:57.800101280 UTC - from mc-23->source-7 "353" 18:31:57.797795258
[2023-07-19T18:32:00Z INFO  dt_instance] received at 2023-07-19 18:32:00.305342794 UTC - from mc-23->source-7 "358" 18:32:00.304267504
[2023-07-19T18:32:02Z INFO  dt_instance] received at 2023-07-19 18:32:02.819599565 UTC - from mc-23->source-7 "363" 18:32:02.817080506
[2023-07-19T18:32:05Z INFO  dt_instance] received at 2023-07-19 18:32:05.323273589 UTC - from mc-23->source-7 "368" 18:32:05.322440799
[2023-07-19T18:32:07Z INFO  dt_instance] received at 2023-07-19 18:32:07.831668299 UTC - from mc-23->source-7 "373" 18:32:07.830385063
[2023-07-19T18:32:10Z INFO  dt_instance] received at 2023-07-19 18:32:10.338353469 UTC - from mc-23->source-7 "378" 18:32:10.337228204
[2023-07-19T18:32:12Z INFO  dt_instance] received at 2023-07-19 18:32:12.844075340 UTC - from mc-23->source-7 "383" 18:32:12.843242
[2023-07-19T18:32:15Z INFO  dt_instance] received at 2023-07-19 18:32:15.352164793 UTC - from mc-23->source-7 "388" 18:32:15.349266779
[2023-07-19T18:32:17Z INFO  dt_instance] received at 2023-07-19 18:32:17.856918335 UTC - from mc-23->source-7 "393" 18:32:17.855767297
[2023-07-19T18:32:20Z INFO  dt_instance] received at 2023-07-19 18:32:20.362642799 UTC - from mc-23->source-7 "398" 18:32:20.361727240
[2023-07-19T18:32:22Z INFO  dt_instance] received at 2023-07-19 18:32:22.869197727 UTC - from mc-23->source-7 "403" 18:32:22.867055045
[2023-07-19T18:32:25Z INFO  dt_instance] received at 2023-07-19 18:32:25.378241796 UTC - from mc-23->source-7 "408" 18:32:25.372619096
[2023-07-19T18:32:27Z INFO  dt_instance] received at 2023-07-19 18:32:27.879547666 UTC - from mc-23->source-7 "413" 18:32:27.878736080
[2023-07-19T18:32:30Z INFO  dt_instance] received at 2023-07-19 18:32:30.384884765 UTC - from mc-23->source-7 "418" 18:32:30.383875
[2023-07-19T18:32:32Z INFO  dt_instance] received at 2023-07-19 18:32:32.890604029 UTC - from mc-23->source-7 "423" 18:32:32.889403394
[2023-07-19T18:32:35Z INFO  dt_instance] received at 2023-07-19 18:32:35.403936746 UTC - from mc-23->source-7 "428" 18:32:35.395782708
[2023-07-19T18:32:37Z INFO  dt_instance] received at 2023-07-19 18:32:37.904971697 UTC - from mc-23->source-7 "433" 18:32:37.901310960
[2023-07-19T18:32:40Z INFO  dt_instance] received at 2023-07-19 18:32:40.407960557 UTC - from mc-23->source-7 "438" 18:32:40.406566261
[2023-07-19T18:32:42Z INFO  dt_instance] received at 2023-07-19 18:32:42.913414084 UTC - from mc-23->source-7 "443" 18:32:42.912302458
[2023-07-19T18:32:45Z INFO  dt_instance] received at 2023-07-19 18:32:45.417517018 UTC - from mc-23->source-7 "448" 18:32:45.416629112
[2023-07-19T18:32:47Z INFO  dt_instance] received at 2023-07-19 18:32:47.922774170 UTC - from mc-23->source-7 "453" 18:32:47.921718419
[2023-07-19T18:32:50Z INFO  dt_instance] received at 2023-07-19 18:32:50.428983713 UTC - from mc-23->source-7 "458" 18:32:50.427879728
[2023-07-19T18:32:52Z INFO  dt_instance] received at 2023-07-19 18:32:52.934224127 UTC - from mc-23->source-7 "463" 18:32:52.933257637
[2023-07-19T18:32:55Z INFO  dt_instance] received at 2023-07-19 18:32:55.441788686 UTC - from mc-23->source-7 "468" 18:32:55.440814965
[2023-07-19T18:32:57Z INFO  dt_instance] received at 2023-07-19 18:32:57.948186547 UTC - from mc-23->source-7 "473" 18:32:57.947345699
[2023-07-19T18:33:00Z INFO  dt_instance] received at 2023-07-19 18:33:00.456603334 UTC - from mc-23->source-7 "478" 18:33:00.455664997
[2023-07-19T18:33:02Z INFO  dt_instance] received at 2023-07-19 18:33:02.961959485 UTC - from mc-23->source-7 "483" 18:33:02.960759924
[2023-07-19T18:33:05Z INFO  dt_instance] received at 2023-07-19 18:33:05.467923742 UTC - from mc-23->source-7 "488" 18:33:05.466797367
[2023-07-19T18:33:07Z INFO  dt_instance] received at 2023-07-19 18:33:07.972574475 UTC - from mc-23->source-7 "493" 18:33:07.971564028
[2023-07-19T18:33:10Z INFO  dt_instance] received at 2023-07-19 18:33:10.479013528 UTC - from mc-23->source-7 "498" 18:33:10.477880254
[2023-07-19T18:33:12Z INFO  dt_instance] received at 2023-07-19 18:33:12.984266283 UTC - from mc-23->source-7 "503" 18:33:12.982793518
[2023-07-19T18:33:15Z INFO  dt_instance] received at 2023-07-19 18:33:15.492123612 UTC - from mc-23->source-7 "508" 18:33:15.489547853
[2023-07-19T18:33:17Z INFO  dt_instance] received at 2023-07-19 18:33:17.996193203 UTC - from mc-23->source-7 "513" 18:33:17.995289901
[2023-07-19T18:33:20Z INFO  dt_instance] received at 2023-07-19 18:33:20.500340562 UTC - from mc-23->source-7 "518" 18:33:20.499496564
[2023-07-19T18:33:23Z INFO  dt_instance] received at 2023-07-19 18:33:23.006518531 UTC - from mc-23->source-7 "523" 18:33:23.005278174
[2023-07-19T18:33:25Z INFO  dt_instance] received at 2023-07-19 18:33:25.513119676 UTC - from mc-23->source-7 "528" 18:33:25.511721452
[2023-07-19T18:33:28Z INFO  dt_instance] received at 2023-07-19 18:33:28.019588829 UTC - from mc-23->source-7 "533" 18:33:28.018513188
[2023-07-19T18:33:30Z INFO  dt_instance] received at 2023-07-19 18:33:30.526019353 UTC - from mc-23->source-7 "538" 18:33:30.524992228
[2023-07-19T18:33:33Z INFO  dt_instance] received at 2023-07-19 18:33:33.030962861 UTC - from mc-23->source-7 "543" 18:33:33.030031392
[2023-07-19T18:33:35Z INFO  dt_instance] received at 2023-07-19 18:33:35.537855061 UTC - from mc-23->source-7 "548" 18:33:35.535926297
[2023-07-19T18:33:38Z INFO  dt_instance] received at 2023-07-19 18:33:38.042612719 UTC - from mc-23->source-7 "553" 18:33:38.041167101
[2023-07-19T18:33:40Z INFO  dt_instance] received at 2023-07-19 18:33:40.548646095 UTC - from mc-23->source-7 "558" 18:33:40.547621944
[2023-07-19T18:33:43Z INFO  dt_instance] received at 2023-07-19 18:33:43.055857991 UTC - from mc-23->source-7 "563" 18:33:43.054581482
[2023-07-19T18:33:45Z INFO  dt_instance] received at 2023-07-19 18:33:45.565309603 UTC - from mc-23->source-7 "568" 18:33:45.561059033
[2023-07-19T18:33:48Z INFO  dt_instance] received at 2023-07-19 18:33:48.068386057 UTC - from mc-23->source-7 "573" 18:33:48.067357752
[2023-07-19T18:33:50Z INFO  dt_instance] received at 2023-07-19 18:33:50.576208649 UTC - from mc-23->source-7 "578" 18:33:50.574749611
[2023-07-19T18:33:53Z INFO  dt_instance] received at 2023-07-19 18:33:53.083463115 UTC - from mc-23->source-7 "583" 18:33:53.079738384
[2023-07-19T18:33:55Z INFO  dt_instance] received at 2023-07-19 18:33:55.588149798 UTC - from mc-23->source-7 "588" 18:33:55.587214102
[2023-07-19T18:33:58Z INFO  dt_instance] received at 2023-07-19 18:33:58.098490719 UTC - from mc-23->source-7 "593" 18:33:58.094123187
[2023-07-19T18:34:00Z INFO  dt_instance] received at 2023-07-19 18:34:00.600241504 UTC - from mc-23->source-7 "598" 18:34:00.599462057
[2023-07-19T18:34:03Z INFO  dt_instance] received at 2023-07-19 18:34:03.107409942 UTC - from mc-23->source-7 "603" 18:34:03.106416538
[2023-07-19T18:34:05Z INFO  dt_instance] received at 2023-07-19 18:34:05.614282379 UTC - from mc-23->source-7 "608" 18:34:05.613396090
[2023-07-19T18:34:08Z INFO  dt_instance] received at 2023-07-19 18:34:08.119885810 UTC - from mc-23->source-7 "613" 18:34:08.118949482
[2023-07-19T18:34:10Z INFO  dt_instance] received at 2023-07-19 18:34:10.626117834 UTC - from mc-23->source-7 "618" 18:34:10.625003994
[2023-07-19T18:34:13Z INFO  dt_instance] received at 2023-07-19 18:34:13.132748466 UTC - from mc-23->source-7 "623" 18:34:13.132005875
[2023-07-19T18:34:15Z INFO  dt_instance] received at 2023-07-19 18:34:15.637846265 UTC - from mc-23->source-7 "628" 18:34:15.637061530
[2023-07-19T18:34:18Z INFO  dt_instance] received at 2023-07-19 18:34:18.142777883 UTC - from mc-23->source-7 "633" 18:34:18.141652455
[2023-07-19T18:34:20Z INFO  dt_instance] received at 2023-07-19 18:34:20.648318538 UTC - from mc-23->source-7 "638" 18:34:20.647272443
[2023-07-19T18:34:23Z INFO  dt_instance] received at 2023-07-19 18:34:23.153208784 UTC - from mc-23->source-7 "643" 18:34:23.152120766
[2023-07-19T18:34:25Z INFO  dt_instance] received at 2023-07-19 18:34:25.658488536 UTC - from mc-23->source-7 "648" 18:34:25.657457520
[2023-07-19T18:34:28Z INFO  dt_instance] received at 2023-07-19 18:34:28.165462688 UTC - from mc-23->source-7 "653" 18:34:28.164292225
[2023-07-19T18:34:30Z INFO  dt_instance] received at 2023-07-19 18:34:30.672125677 UTC - from mc-23->source-7 "658" 18:34:30.671357901
[2023-07-19T18:34:33Z INFO  dt_instance] received at 2023-07-19 18:34:33.177535746 UTC - from mc-23->source-7 "663" 18:34:33.176420932
[2023-07-19T18:34:35Z INFO  dt_instance] received at 2023-07-19 18:34:35.689106322 UTC - from mc-23->source-7 "668" 18:34:35.684036210
[2023-07-19T18:34:38Z INFO  dt_instance] received at 2023-07-19 18:34:38.191646173 UTC - from mc-23->source-7 "673" 18:34:38.190489511
[2023-07-19T18:34:40Z INFO  dt_instance] received at 2023-07-19 18:34:40.699012127 UTC - from mc-23->source-7 "678" 18:34:40.698216204
[2023-07-19T18:34:43Z INFO  dt_instance] received at 2023-07-19 18:34:43.204157967 UTC - from mc-23->source-7 "683" 18:34:43.203410942
[2023-07-19T18:34:45Z INFO  dt_instance] received at 2023-07-19 18:34:45.710431267 UTC - from mc-23->source-7 "688" 18:34:45.709334386
[2023-07-19T18:34:48Z INFO  dt_instance] received at 2023-07-19 18:34:48.216173617 UTC - from mc-23->source-7 "693" 18:34:48.215079522
[2023-07-19T18:34:50Z INFO  dt_instance] received at 2023-07-19 18:34:50.721568182 UTC - from mc-23->source-7 "698" 18:34:50.720725690
[2023-07-19T18:34:53Z INFO  dt_instance] received at 2023-07-19 18:34:53.226817452 UTC - from mc-23->source-7 "703" 18:34:53.225595559
[2023-07-19T18:34:55Z INFO  dt_instance] received at 2023-07-19 18:34:55.733420283 UTC - from mc-23->source-7 "708" 18:34:55.732507806
[2023-07-19T18:34:58Z INFO  dt_instance] received at 2023-07-19 18:34:58.255475079 UTC - from mc-23->source-5 "718" 18:34:58.252419218
[2023-07-19T18:35:00Z INFO  dt_instance] received at 2023-07-19 18:35:00.759086405 UTC - from mc-23->source-5 "723" 18:35:00.757736528
[2023-07-19T18:35:03Z INFO  dt_instance] received at 2023-07-19 18:35:03.266195348 UTC - from mc-23->source-5 "728" 18:35:03.265211712
[2023-07-19T18:35:05Z INFO  dt_instance] received at 2023-07-19 18:35:05.773399161 UTC - from mc-23->source-5 "733" 18:35:05.772373397
[2023-07-19T18:35:08Z INFO  dt_instance] received at 2023-07-19 18:35:08.278421308 UTC - from mc-23->source-7 "733" 18:35:08.277488458
[2023-07-19T18:35:10Z INFO  dt_instance] received at 2023-07-19 18:35:10.786243143 UTC - from mc-23->source-7 "738" 18:35:10.785459152
[2023-07-19T18:35:13Z INFO  dt_instance] received at 2023-07-19 18:35:13.296855267 UTC - from mc-23->source-7 "743" 18:35:13.293714209
[2023-07-19T18:35:15Z INFO  dt_instance] received at 2023-07-19 18:35:15.801337181 UTC - from mc-23->source-7 "748" 18:35:15.799322328
[2023-07-19T18:35:18Z INFO  dt_instance] received at 2023-07-19 18:35:18.304541987 UTC - from mc-23->source-7 "753" 18:35:18.303772175
[2023-07-19T18:35:20Z INFO  dt_instance] received at 2023-07-19 18:35:20.811023140 UTC - from mc-23->source-7 "758" 18:35:20.809767789
[2023-07-19T18:35:23Z INFO  dt_instance] received at 2023-07-19 18:35:23.315696186 UTC - from mc-23->source-7 "763" 18:35:23.314595572
[2023-07-19T18:35:25Z INFO  dt_instance] received at 2023-07-19 18:35:25.821161571 UTC - from mc-23->source-7 "768" 18:35:25.820189248
[2023-07-19T18:35:28Z INFO  dt_instance] received at 2023-07-19 18:35:28.327465425 UTC - from mc-23->source-5 "778" 18:35:28.326578532
[2023-07-19T18:35:30Z INFO  dt_instance] received at 2023-07-19 18:35:30.836846746 UTC - from mc-23->source-7 "778" 18:35:30.834057472
[2023-07-19T18:35:33Z INFO  dt_instance] received at 2023-07-19 18:35:33.340436177 UTC - from mc-23->source-7 "783" 18:35:33.339593613
[2023-07-19T18:35:35Z INFO  dt_instance] received at 2023-07-19 18:35:35.845427248 UTC - from mc-23->source-7 "788" 18:35:35.844594091
[2023-07-19T18:35:38Z INFO  dt_instance] received at 2023-07-19 18:35:38.351415295 UTC - from mc-23->source-7 "793" 18:35:38.349620832
[2023-07-19T18:35:40Z INFO  dt_instance] received at 2023-07-19 18:35:40.858514429 UTC - from mc-23->source-5 "803" 18:35:40.857442209
[2023-07-19T18:35:43Z INFO  dt_instance] received at 2023-07-19 18:35:43.365773797 UTC - from mc-23->source-5 "808" 18:35:43.364436227
[2023-07-19T18:35:45Z INFO  dt_instance] received at 2023-07-19 18:35:45.872275718 UTC - from mc-23->source-5 "813" 18:35:45.870948209
[2023-07-19T18:35:48Z INFO  dt_instance] received at 2023-07-19 18:35:48.377871255 UTC - from mc-23->source-5 "818" 18:35:48.376801167
[2023-07-19T18:35:50Z INFO  dt_instance] received at 2023-07-19 18:35:50.884234947 UTC - from mc-23->source-5 "823" 18:35:50.883288966
[2023-07-19T18:35:53Z INFO  dt_instance] received at 2023-07-19 18:35:53.391022541 UTC - from mc-23->source-5 "828" 18:35:53.388266757
[2023-07-19T18:35:55Z INFO  dt_instance] received at 2023-07-19 18:35:55.894749756 UTC - from mc-23->source-5 "833" 18:35:55.893772693
[2023-07-19T18:35:58Z INFO  dt_instance] received at 2023-07-19 18:35:58.403128541 UTC - from mc-23->source-5 "838" 18:35:58.402248020
[2023-07-19T18:36:00Z INFO  dt_instance] received at 2023-07-19 18:36:00.908168733 UTC - from mc-23->source-5 "843" 18:36:00.907054550
[2023-07-19T18:36:03Z INFO  dt_instance] received at 2023-07-19 18:36:03.414101922 UTC - from mc-23->source-5 "848" 18:36:03.412912674
[2023-07-19T18:36:05Z INFO  dt_instance] received at 2023-07-19 18:36:05.920906376 UTC - from mc-23->source-5 "853" 18:36:05.920096548
[2023-07-19T18:36:08Z INFO  dt_instance] received at 2023-07-19 18:36:08.426519010 UTC - from mc-23->source-5 "858" 18:36:08.425679170
[2023-07-19T18:36:10Z INFO  dt_instance] received at 2023-07-19 18:36:10.931486399 UTC - from mc-23->source-5 "863" 18:36:10.930644381
[2023-07-19T18:36:13Z INFO  dt_instance] received at 2023-07-19 18:36:13.437965457 UTC - from mc-23->source-5 "868" 18:36:13.436849006
[2023-07-19T18:36:15Z INFO  dt_instance] received at 2023-07-19 18:36:15.943173174 UTC - from mc-23->source-5 "873" 18:36:15.941960272
[2023-07-19T18:36:18Z INFO  dt_instance] received at 2023-07-19 18:36:18.447775004 UTC - from mc-23->source-5 "878" 18:36:18.446881967
[2023-07-19T18:36:20Z INFO  dt_instance] received at 2023-07-19 18:36:20.952592137 UTC - from mc-23->source-5 "883" 18:36:20.951734302
[2023-07-19T18:36:23Z INFO  dt_instance] received at 2023-07-19 18:36:23.457357361 UTC - from mc-23->source-5 "888" 18:36:23.456593724
[2023-07-19T18:36:25Z INFO  dt_instance] received at 2023-07-19 18:36:25.963522692 UTC - from mc-23->source-5 "893" 18:36:25.962731452
[2023-07-19T18:36:28Z INFO  dt_instance] received at 2023-07-19 18:36:28.469358448 UTC - from mc-23->source-5 "898" 18:36:28.468449509
[2023-07-19T18:36:30Z INFO  dt_instance] received at 2023-07-19 18:36:30.975232968 UTC - from mc-23->source-5 "903" 18:36:30.974474398
[2023-07-19T18:36:33Z INFO  dt_instance] received at 2023-07-19 18:36:33.480899039 UTC - from mc-23->source-5 "908" 18:36:33.480006355
[2023-07-19T18:36:35Z INFO  dt_instance] received at 2023-07-19 18:36:35.988467190 UTC - from mc-23->source-5 "913" 18:36:35.986476608
[2023-07-19T18:36:38Z INFO  dt_instance] received at 2023-07-19 18:36:38.503384700 UTC - from mc-23->source-5 "918" 18:36:38.502010750
[2023-07-19T18:36:41Z INFO  dt_instance] received at 2023-07-19 18:36:41.008280167 UTC - from mc-23->source-5 "923" 18:36:41.007455787
[2023-07-19T18:36:43Z INFO  dt_instance] received at 2023-07-19 18:36:43.513525794 UTC - from mc-23->source-5 "928" 18:36:43.512896642
[2023-07-19T18:36:46Z INFO  dt_instance] received at 2023-07-19 18:36:46.020257652 UTC - from mc-23->source-5 "933" 18:36:46.019293558
[2023-07-19T18:36:48Z INFO  dt_instance] received at 2023-07-19 18:36:48.525044516 UTC - from mc-23->source-5 "938" 18:36:48.524111015
[2023-07-19T18:36:51Z INFO  dt_instance] received at 2023-07-19 18:36:51.032003053 UTC - from mc-23->source-5 "943" 18:36:51.030071049
[2023-07-19T18:36:53Z INFO  dt_instance] received at 2023-07-19 18:36:53.535608416 UTC - from mc-23->source-5 "948" 18:36:53.534911663
[2023-07-19T18:36:56Z INFO  dt_instance] received at 2023-07-19 18:36:56.044087829 UTC - from mc-23->source-5 "953" 18:36:56.041024125
[2023-07-19T18:36:58Z INFO  dt_instance] received at 2023-07-19 18:36:58.546555468 UTC - from mc-23->source-5 "958" 18:36:58.545696534
[2023-07-19T18:37:01Z INFO  dt_instance] received at 2023-07-19 18:37:01.053477298 UTC - from mc-23->source-5 "963" 18:37:01.051424757
[2023-07-19T18:37:03Z INFO  dt_instance] received at 2023-07-19 18:37:03.560475298 UTC - from mc-23->source-5 "968" 18:37:03.559614981
[2023-07-19T18:37:06Z INFO  dt_instance] received at 2023-07-19 18:37:06.070213856 UTC - from mc-23->source-5 "973" 18:37:06.067344333
[2023-07-19T18:37:08Z INFO  dt_instance] received at 2023-07-19 18:37:08.573081942 UTC - from mc-23->source-5 "978" 18:37:08.572173967
[2023-07-19T18:37:11Z INFO  dt_instance] received at 2023-07-19 18:37:11.079933296 UTC - from mc-23->source-5 "983" 18:37:11.078891202
[2023-07-19T18:37:13Z INFO  dt_instance] received at 2023-07-19 18:37:13.731951250 UTC - from mc-23->source-8 "981" 18:37:13.730629970
[2023-07-19T18:37:17Z INFO  dt_instance] received at 2023-07-19 18:37:17.008352098 UTC - from mc-23->source-9 "985" 18:37:17.006871886
[2023-07-19T18:37:24Z INFO  dt_instance] received at 2023-07-19 18:37:24.026383203 UTC - from mc-23->source-9 "999" 18:37:24.024393187
