[2023-07-19T18:08:25Z INFO  dt_instance] Current Twin: mc-twin-19
[2023-07-19T18:08:25Z INFO  dt_instance] Replica Name twin-mc-stateful-19
[2023-07-19T18:08:25Z INFO  dt_instance] Sleeping for 950
[2023-07-19T18:24:15Z INFO  dt_instance] Connecting to broker at emqx.dtwins:1883
[2023-07-19T18:24:15Z INFO  dt_instance] Loggin info each 50 messages
[2023-07-19T18:24:15Z INFO  dt_instance] Set max packet size to 60000 KB.
[2023-07-19T18:24:15Z INFO  dt_instance] Refreshing topics for twin - Listen to mc-19/#
[2023-07-19T18:24:15Z INFO  dt_instance] SubAck { pkid: 1, return_codes: [Success(ExactlyOnce)] }
[2023-07-19T18:25:22Z INFO  dt_instance] received at 2023-07-19 18:25:22.352136335 UTC - from mc-19->source-4 "4" 18:25:22.333177248
[2023-07-19T18:25:25Z INFO  dt_instance] received at 2023-07-19 18:25:25.596873106 UTC - from mc-19->source-3 "13" 18:25:25.592858269
[2023-07-19T18:25:28Z INFO  dt_instance] received at 2023-07-19 18:25:28.111864139 UTC - from mc-19->source-1 "23" 18:25:28.104793256
[2023-07-19T18:25:30Z INFO  dt_instance] received at 2023-07-19 18:25:30.614745617 UTC - from mc-19->source-1 "28" 18:25:30.610924497
[2023-07-19T18:25:33Z INFO  dt_instance] received at 2023-07-19 18:25:33.120964512 UTC - from mc-19->source-1 "33" 18:25:33.118617143
[2023-07-19T18:25:35Z INFO  dt_instance] received at 2023-07-19 18:25:35.651495242 UTC - from mc-19->source-1 "38" 18:25:35.624018344
[2023-07-19T18:25:38Z INFO  dt_instance] received at 2023-07-19 18:25:38.180658093 UTC - from mc-19->source-1 "43" 18:25:38.139218971
[2023-07-19T18:25:40Z INFO  dt_instance] received at 2023-07-19 18:25:40.654214221 UTC - from mc-19->source-1 "48" 18:25:40.644620791
[2023-07-19T18:25:43Z INFO  dt_instance] received at 2023-07-19 18:25:43.151398859 UTC - from mc-19->source-1 "53" 18:25:43.149347099
[2023-07-19T18:25:45Z INFO  dt_instance] received at 2023-07-19 18:25:45.659376097 UTC - from mc-19->source-1 "58" 18:25:45.655792480
[2023-07-19T18:25:48Z INFO  dt_instance] received at 2023-07-19 18:25:48.168244595 UTC - from mc-19->source-1 "63" 18:25:48.161493750
[2023-07-19T18:25:50Z INFO  dt_instance] received at 2023-07-19 18:25:50.676160684 UTC - from mc-19->source-1 "68" 18:25:50.666119060
[2023-07-19T18:25:53Z INFO  dt_instance] received at 2023-07-19 18:25:53.177822773 UTC - from mc-19->source-1 "73" 18:25:53.171840210
[2023-07-19T18:25:55Z INFO  dt_instance] received at 2023-07-19 18:25:55.680295755 UTC - from mc-19->source-1 "78" 18:25:55.677857810
[2023-07-19T18:25:58Z INFO  dt_instance] received at 2023-07-19 18:25:58.199822372 UTC - from mc-19->source-9 "63" 18:25:58.161364760
[2023-07-19T18:26:00Z INFO  dt_instance] received at 2023-07-19 18:26:00.724894086 UTC - from mc-19->source-9 "68" 18:26:00.669633439
[2023-07-19T18:26:03Z INFO  dt_instance] received at 2023-07-19 18:26:03.197156107 UTC - from mc-19->source-1 "93" 18:26:03.194038279
[2023-07-19T18:26:05Z INFO  dt_instance] received at 2023-07-19 18:26:05.703534174 UTC - from mc-19->source-1 "98" 18:26:05.699830788
[2023-07-19T18:26:08Z INFO  dt_instance] received at 2023-07-19 18:26:08.212542761 UTC - from mc-19->source-1 "103" 18:26:08.204656640
[2023-07-19T18:26:10Z INFO  dt_instance] received at 2023-07-19 18:26:10.719703260 UTC - from mc-19->source-3 "103" 18:26:10.708781615
[2023-07-19T18:26:13Z INFO  dt_instance] received at 2023-07-19 18:26:13.217462715 UTC - from mc-19->source-3 "108" 18:26:13.215503208
[2023-07-19T18:26:15Z INFO  dt_instance] received at 2023-07-19 18:26:15.722118473 UTC - from mc-19->source-1 "118" 18:26:15.719957019
[2023-07-19T18:26:18Z INFO  dt_instance] received at 2023-07-19 18:26:18.384973341 UTC - from mc-19->source-3 "118" 18:26:18.225078480
[2023-07-19T18:26:20Z INFO  dt_instance] received at 2023-07-19 18:26:20.750045586 UTC - from mc-19->source-5 "118" 18:26:20.741421908
[2023-07-19T18:26:23Z INFO  dt_instance] received at 2023-07-19 18:26:23.256967518 UTC - from mc-19->source-5 "123" 18:26:23.252555628
[2023-07-19T18:26:25Z INFO  dt_instance] received at 2023-07-19 18:26:25.768884360 UTC - from mc-19->source-3 "133" 18:26:25.758432110
[2023-07-19T18:26:28Z INFO  dt_instance] received at 2023-07-19 18:26:28.266800729 UTC - from mc-19->source-3 "138" 18:26:28.264248647
[2023-07-19T18:26:30Z INFO  dt_instance] received at 2023-07-19 18:26:30.972422606 UTC - from mc-19->source-5 "138" 18:26:30.769085726
[2023-07-19T18:26:33Z INFO  dt_instance] received at 2023-07-19 18:26:33.299745576 UTC - from mc-19->source-5 "143" 18:26:33.284331311
[2023-07-19T18:26:35Z INFO  dt_instance] received at 2023-07-19 18:26:35.794394612 UTC - from mc-19->source-3 "153" 18:26:35.789472414
[2023-07-19T18:26:38Z INFO  dt_instance] received at 2023-07-19 18:26:38.324240184 UTC - from mc-19->source-3 "158" 18:26:38.296093859
[2023-07-19T18:26:40Z INFO  dt_instance] received at 2023-07-19 18:26:40.827629127 UTC - from mc-19->source-3 "163" 18:26:40.805657781
[2023-07-19T18:26:43Z INFO  dt_instance] received at 2023-07-19 18:26:43.320919451 UTC - from mc-19->source-5 "163" 18:26:43.313814067
[2023-07-19T18:26:45Z INFO  dt_instance] received at 2023-07-19 18:26:45.828390037 UTC - from mc-19->source-5 "168" 18:26:45.818455391
[2023-07-19T18:26:48Z INFO  dt_instance] received at 2023-07-19 18:26:48.344218193 UTC - from mc-19->source-5 "173" 18:26:48.323886314
[2023-07-19T18:26:50Z INFO  dt_instance] received at 2023-07-19 18:26:50.848649925 UTC - from mc-19->source-3 "183" 18:26:50.845034056
[2023-07-19T18:26:53Z INFO  dt_instance] received at 2023-07-19 18:26:53.370227091 UTC - from mc-19->source-5 "183" 18:26:53.351407975
[2023-07-19T18:26:55Z INFO  dt_instance] received at 2023-07-19 18:26:55.868858270 UTC - from mc-19->source-3 "193" 18:26:55.858831974
[2023-07-19T18:26:58Z INFO  dt_instance] received at 2023-07-19 18:26:58.367365066 UTC - from mc-19->source-3 "198" 18:26:58.363699791
[2023-07-19T18:27:00Z INFO  dt_instance] received at 2023-07-19 18:27:00.921568216 UTC - from mc-19->source-3 "203" 18:27:00.871624469
[2023-07-19T18:27:03Z INFO  dt_instance] received at 2023-07-19 18:27:03.379618500 UTC - from mc-19->source-5 "203" 18:27:03.378126664
[2023-07-19T18:27:05Z INFO  dt_instance] received at 2023-07-19 18:27:05.886271780 UTC - from mc-19->source-5 "208" 18:27:05.884323661
[2023-07-19T18:27:08Z INFO  dt_instance] received at 2023-07-19 18:27:08.391890702 UTC - from mc-19->source-5 "213" 18:27:08.390366941
[2023-07-19T18:27:10Z INFO  dt_instance] received at 2023-07-19 18:27:10.899540848 UTC - from mc-19->source-5 "218" 18:27:10.894996915
[2023-07-19T18:27:13Z INFO  dt_instance] received at 2023-07-19 18:27:13.404733501 UTC - from mc-19->source-3 "228" 18:27:13.399717280
[2023-07-19T18:27:15Z INFO  dt_instance] received at 2023-07-19 18:27:15.909179865 UTC - from mc-19->source-3 "233" 18:27:15.906383213
[2023-07-19T18:27:18Z INFO  dt_instance] received at 2023-07-19 18:27:18.438081029 UTC - from mc-19->source-5 "233" 18:27:18.420389657
[2023-07-19T18:27:20Z INFO  dt_instance] received at 2023-07-19 18:27:20.931334170 UTC - from mc-19->source-5 "238" 18:27:20.925368361
[2023-07-19T18:27:23Z INFO  dt_instance] received at 2023-07-19 18:27:23.433637389 UTC - from mc-19->source-5 "243" 18:27:23.431083990
[2023-07-19T18:27:25Z INFO  dt_instance] received at 2023-07-19 18:27:25.946554107 UTC - from mc-19->source-5 "248" 18:27:25.944109538
[2023-07-19T18:27:28Z INFO  dt_instance] received at 2023-07-19 18:27:28.450874115 UTC - from mc-19->source-5 "253" 18:27:28.449154744
[2023-07-19T18:27:30Z INFO  dt_instance] received at 2023-07-19 18:27:30.957180975 UTC - from mc-19->source-5 "258" 18:27:30.954225482
[2023-07-19T18:27:33Z INFO  dt_instance] received at 2023-07-19 18:27:33.462552368 UTC - from mc-19->source-3 "268" 18:27:33.460343478
[2023-07-19T18:27:35Z INFO  dt_instance] received at 2023-07-19 18:27:35.968876250 UTC - from mc-19->source-3 "273" 18:27:35.967016033
[2023-07-19T18:27:38Z INFO  dt_instance] received at 2023-07-19 18:27:38.474167234 UTC - from mc-19->source-3 "278" 18:27:38.471973882
[2023-07-19T18:27:40Z INFO  dt_instance] received at 2023-07-19 18:27:40.979534609 UTC - from mc-19->source-3 "283" 18:27:40.978262370
[2023-07-19T18:27:43Z INFO  dt_instance] received at 2023-07-19 18:27:43.486105719 UTC - from mc-19->source-3 "288" 18:27:43.483060729
[2023-07-19T18:27:45Z INFO  dt_instance] received at 2023-07-19 18:27:45.990896368 UTC - from mc-19->source-3 "293" 18:27:45.988102875
[2023-07-19T18:27:48Z INFO  dt_instance] received at 2023-07-19 18:27:48.497337895 UTC - from mc-19->source-3 "298" 18:27:48.494987643
[2023-07-19T18:27:51Z INFO  dt_instance] received at 2023-07-19 18:27:51.003731931 UTC - from mc-19->source-5 "298" 18:27:51.001137033
[2023-07-19T18:27:53Z INFO  dt_instance] received at 2023-07-19 18:27:53.509906407 UTC - from mc-19->source-5 "303" 18:27:53.507280117
[2023-07-19T18:27:56Z INFO  dt_instance] received at 2023-07-19 18:27:56.014295322 UTC - from mc-19->source-5 "308" 18:27:56.012389037
[2023-07-19T18:27:58Z INFO  dt_instance] received at 2023-07-19 18:27:58.525765603 UTC - from mc-19->source-5 "313" 18:27:58.519681941
[2023-07-19T18:28:01Z INFO  dt_instance] received at 2023-07-19 18:28:01.026769012 UTC - from mc-19->source-5 "318" 18:28:01.025190005
[2023-07-19T18:28:03Z INFO  dt_instance] received at 2023-07-19 18:28:03.534256582 UTC - from mc-19->source-3 "328" 18:28:03.531754328
[2023-07-19T18:28:06Z INFO  dt_instance] received at 2023-07-19 18:28:06.040299502 UTC - from mc-19->source-5 "328" 18:28:06.037888888
[2023-07-19T18:28:08Z INFO  dt_instance] received at 2023-07-19 18:28:08.548928382 UTC - from mc-19->source-3 "338" 18:28:08.547462189
[2023-07-19T18:28:11Z INFO  dt_instance] received at 2023-07-19 18:28:11.058961158 UTC - from mc-19->source-3 "343" 18:28:11.055100691
[2023-07-19T18:28:13Z INFO  dt_instance] received at 2023-07-19 18:28:13.562580640 UTC - from mc-19->source-3 "348" 18:28:13.561208396
[2023-07-19T18:28:16Z INFO  dt_instance] received at 2023-07-19 18:28:16.068818085 UTC - from mc-19->source-3 "353" 18:28:16.066056957
[2023-07-19T18:28:18Z INFO  dt_instance] received at 2023-07-19 18:28:18.575403703 UTC - from mc-19->source-3 "358" 18:28:18.571255326
[2023-07-19T18:28:21Z INFO  dt_instance] received at 2023-07-19 18:28:21.081002778 UTC - from mc-19->source-3 "363" 18:28:21.077625442
[2023-07-19T18:28:23Z INFO  dt_instance] received at 2023-07-19 18:28:23.584949203 UTC - from mc-19->source-3 "368" 18:28:23.583581723
[2023-07-19T18:28:26Z INFO  dt_instance] received at 2023-07-19 18:28:26.090343993 UTC - from mc-19->source-3 "373" 18:28:26.089029463
[2023-07-19T18:28:28Z INFO  dt_instance] received at 2023-07-19 18:28:28.620842949 UTC - from mc-19->source-3 "378" 18:28:28.594265907
[2023-07-19T18:28:31Z INFO  dt_instance] received at 2023-07-19 18:28:31.102411298 UTC - from mc-19->source-3 "383" 18:28:31.100986688
[2023-07-19T18:28:33Z INFO  dt_instance] received at 2023-07-19 18:28:33.617043568 UTC - from mc-19->source-3 "388" 18:28:33.615302004
[2023-07-19T18:28:36Z INFO  dt_instance] received at 2023-07-19 18:28:36.122634939 UTC - from mc-19->source-3 "393" 18:28:36.120594281
[2023-07-19T18:28:38Z INFO  dt_instance] received at 2023-07-19 18:28:38.628245692 UTC - from mc-19->source-3 "398" 18:28:38.626344828
[2023-07-19T18:28:41Z INFO  dt_instance] received at 2023-07-19 18:28:41.134021096 UTC - from mc-19->source-3 "403" 18:28:41.132317310
[2023-07-19T18:28:43Z INFO  dt_instance] received at 2023-07-19 18:28:43.641964231 UTC - from mc-19->source-3 "408" 18:28:43.640869055
[2023-07-19T18:28:46Z INFO  dt_instance] received at 2023-07-19 18:28:46.148662312 UTC - from mc-19->source-3 "413" 18:28:46.146289114
[2023-07-19T18:28:48Z INFO  dt_instance] received at 2023-07-19 18:28:48.654250018 UTC - from mc-19->source-3 "418" 18:28:48.653168773
[2023-07-19T18:28:51Z INFO  dt_instance] received at 2023-07-19 18:28:51.159566189 UTC - from mc-19->source-3 "423" 18:28:51.158146722
[2023-07-19T18:28:53Z INFO  dt_instance] received at 2023-07-19 18:28:53.671571440 UTC - from mc-19->source-3 "428" 18:28:53.663187230
[2023-07-19T18:28:56Z INFO  dt_instance] received at 2023-07-19 18:28:56.173236815 UTC - from mc-19->source-3 "433" 18:28:56.170361142
[2023-07-19T18:28:58Z INFO  dt_instance] received at 2023-07-19 18:28:58.678298750 UTC - from mc-19->source-3 "438" 18:28:58.675700748
[2023-07-19T18:29:01Z INFO  dt_instance] received at 2023-07-19 18:29:01.182072933 UTC - from mc-19->source-3 "443" 18:29:01.180683392
[2023-07-19T18:29:03Z INFO  dt_instance] received at 2023-07-19 18:29:03.691268268 UTC - from mc-19->source-3 "448" 18:29:03.687429043
[2023-07-19T18:29:06Z INFO  dt_instance] received at 2023-07-19 18:29:06.195151226 UTC - from mc-19->source-3 "453" 18:29:06.193628846
[2023-07-19T18:29:08Z INFO  dt_instance] received at 2023-07-19 18:29:08.703327099 UTC - from mc-19->source-3 "458" 18:29:08.699054959
[2023-07-19T18:29:11Z INFO  dt_instance] received at 2023-07-19 18:29:11.206961750 UTC - from mc-19->source-3 "463" 18:29:11.205286039
[2023-07-19T18:29:13Z INFO  dt_instance] received at 2023-07-19 18:29:13.712311903 UTC - from mc-19->source-3 "468" 18:29:13.710566371
[2023-07-19T18:29:16Z INFO  dt_instance] received at 2023-07-19 18:29:16.218518060 UTC - from mc-19->source-3 "473" 18:29:16.216886975
[2023-07-19T18:29:18Z INFO  dt_instance] received at 2023-07-19 18:29:18.725510705 UTC - from mc-19->source-3 "478" 18:29:18.723846877
[2023-07-19T18:29:21Z INFO  dt_instance] received at 2023-07-19 18:29:21.235807902 UTC - from mc-19->source-3 "483" 18:29:21.234471263
[2023-07-19T18:29:23Z INFO  dt_instance] received at 2023-07-19 18:29:23.741258961 UTC - from mc-19->source-3 "488" 18:29:23.739482735
[2023-07-19T18:29:26Z INFO  dt_instance] received at 2023-07-19 18:29:26.246212252 UTC - from mc-19->source-3 "493" 18:29:26.244253105
[2023-07-19T18:29:28Z INFO  dt_instance] received at 2023-07-19 18:29:28.751524272 UTC - from mc-19->source-3 "498" 18:29:28.750454036
[2023-07-19T18:29:31Z INFO  dt_instance] received at 2023-07-19 18:29:31.256286891 UTC - from mc-19->source-3 "503" 18:29:31.255259675
[2023-07-19T18:29:33Z INFO  dt_instance] received at 2023-07-19 18:29:33.769500136 UTC - from mc-19->source-3 "508" 18:29:33.766523738
[2023-07-19T18:29:36Z INFO  dt_instance] received at 2023-07-19 18:29:36.273608036 UTC - from mc-19->source-3 "513" 18:29:36.271865216
[2023-07-19T18:29:38Z INFO  dt_instance] received at 2023-07-19 18:29:38.778520548 UTC - from mc-19->source-3 "518" 18:29:38.776955721
[2023-07-19T18:29:41Z INFO  dt_instance] received at 2023-07-19 18:29:41.285766677 UTC - from mc-19->source-3 "523" 18:29:41.282186702
[2023-07-19T18:29:43Z INFO  dt_instance] received at 2023-07-19 18:29:43.790140883 UTC - from mc-19->source-3 "528" 18:29:43.788424891
[2023-07-19T18:29:46Z INFO  dt_instance] received at 2023-07-19 18:29:46.295179460 UTC - from mc-19->source-3 "533" 18:29:46.293433955
[2023-07-19T18:29:48Z INFO  dt_instance] received at 2023-07-19 18:29:48.801130844 UTC - from mc-19->source-3 "538" 18:29:48.798703297
[2023-07-19T18:29:51Z INFO  dt_instance] received at 2023-07-19 18:29:51.306743722 UTC - from mc-19->source-3 "543" 18:29:51.305012603
[2023-07-19T18:29:53Z INFO  dt_instance] received at 2023-07-19 18:29:53.812355091 UTC - from mc-19->source-3 "548" 18:29:53.810715070
[2023-07-19T18:29:56Z INFO  dt_instance] received at 2023-07-19 18:29:56.318280187 UTC - from mc-19->source-3 "553" 18:29:56.317183864
[2023-07-19T18:29:58Z INFO  dt_instance] received at 2023-07-19 18:29:58.824789849 UTC - from mc-19->source-3 "558" 18:29:58.822938174
[2023-07-19T18:30:01Z INFO  dt_instance] received at 2023-07-19 18:30:01.330193219 UTC - from mc-19->source-3 "563" 18:30:01.328737669
[2023-07-19T18:30:03Z INFO  dt_instance] received at 2023-07-19 18:30:03.836184606 UTC - from mc-19->source-3 "568" 18:30:03.834472686
[2023-07-19T18:30:06Z INFO  dt_instance] received at 2023-07-19 18:30:06.340825194 UTC - from mc-19->source-3 "573" 18:30:06.339315023
[2023-07-19T18:30:08Z INFO  dt_instance] received at 2023-07-19 18:30:08.850914665 UTC - from mc-19->source-3 "578" 18:30:08.849488855
[2023-07-19T18:30:11Z INFO  dt_instance] received at 2023-07-19 18:30:11.355847825 UTC - from mc-19->source-3 "583" 18:30:11.354341713
[2023-07-19T18:30:13Z INFO  dt_instance] received at 2023-07-19 18:30:13.862427548 UTC - from mc-19->source-3 "588" 18:30:13.860925648
[2023-07-19T18:30:16Z INFO  dt_instance] received at 2023-07-19 18:30:16.368338394 UTC - from mc-19->source-3 "593" 18:30:16.367243089
[2023-07-19T18:30:18Z INFO  dt_instance] received at 2023-07-19 18:30:18.873236830 UTC - from mc-19->source-3 "598" 18:30:18.872188434
[2023-07-19T18:30:21Z INFO  dt_instance] received at 2023-07-19 18:30:21.381619715 UTC - from mc-19->source-3 "603" 18:30:21.378527896
[2023-07-19T18:30:23Z INFO  dt_instance] received at 2023-07-19 18:30:23.886481594 UTC - from mc-19->source-3 "608" 18:30:23.884052147
[2023-07-19T18:30:26Z INFO  dt_instance] received at 2023-07-19 18:30:26.393684494 UTC - from mc-19->source-3 "613" 18:30:26.390639734
[2023-07-19T18:30:28Z INFO  dt_instance] received at 2023-07-19 18:30:28.899258804 UTC - from mc-19->source-3 "618" 18:30:28.897326637
[2023-07-19T18:30:31Z INFO  dt_instance] received at 2023-07-19 18:30:31.406058747 UTC - from mc-19->source-3 "623" 18:30:31.404148358
[2023-07-19T18:30:33Z INFO  dt_instance] received at 2023-07-19 18:30:33.911382854 UTC - from mc-19->source-3 "628" 18:30:33.909721228
[2023-07-19T18:30:36Z INFO  dt_instance] received at 2023-07-19 18:30:36.416673079 UTC - from mc-19->source-3 "633" 18:30:36.414707324
[2023-07-19T18:30:38Z INFO  dt_instance] received at 2023-07-19 18:30:38.920756445 UTC - from mc-19->source-3 "638" 18:30:38.919389482
[2023-07-19T18:30:41Z INFO  dt_instance] received at 2023-07-19 18:30:41.426658024 UTC - from mc-19->source-3 "643" 18:30:41.425395235
[2023-07-19T18:30:43Z INFO  dt_instance] received at 2023-07-19 18:30:43.932538580 UTC - from mc-19->source-3 "648" 18:30:43.931092471
[2023-07-19T18:30:46Z INFO  dt_instance] received at 2023-07-19 18:30:46.438364874 UTC - from mc-19->source-3 "653" 18:30:46.436696859
[2023-07-19T18:30:48Z INFO  dt_instance] received at 2023-07-19 18:30:48.946642908 UTC - from mc-19->source-3 "658" 18:30:48.942636390
[2023-07-19T18:30:51Z INFO  dt_instance] received at 2023-07-19 18:30:51.451942712 UTC - from mc-19->source-3 "663" 18:30:51.449253173
[2023-07-19T18:30:53Z INFO  dt_instance] received at 2023-07-19 18:30:53.958476905 UTC - from mc-19->source-3 "668" 18:30:53.956503404
[2023-07-19T18:30:56Z INFO  dt_instance] received at 2023-07-19 18:30:56.464501468 UTC - from mc-19->source-3 "673" 18:30:56.462971604
[2023-07-19T18:30:58Z INFO  dt_instance] received at 2023-07-19 18:30:58.969400775 UTC - from mc-19->source-3 "678" 18:30:58.968042453
[2023-07-19T18:31:01Z INFO  dt_instance] received at 2023-07-19 18:31:01.476480094 UTC - from mc-19->source-3 "683" 18:31:01.474887385
[2023-07-19T18:31:03Z INFO  dt_instance] received at 2023-07-19 18:31:03.982915219 UTC - from mc-19->source-3 "688" 18:31:03.980876799
[2023-07-19T18:31:06Z INFO  dt_instance] received at 2023-07-19 18:31:06.489489710 UTC - from mc-19->source-3 "693" 18:31:06.487526562
[2023-07-19T18:31:08Z INFO  dt_instance] received at 2023-07-19 18:31:08.995449809 UTC - from mc-19->source-3 "698" 18:31:08.992331042
[2023-07-19T18:31:11Z INFO  dt_instance] received at 2023-07-19 18:31:11.500569101 UTC - from mc-19->source-3 "703" 18:31:11.499302195
[2023-07-19T18:31:14Z INFO  dt_instance] received at 2023-07-19 18:31:14.006122299 UTC - from mc-19->source-3 "708" 18:31:14.004946287
[2023-07-19T18:31:16Z INFO  dt_instance] received at 2023-07-19 18:31:16.513991485 UTC - from mc-19->source-3 "713" 18:31:16.512262041
[2023-07-19T18:31:19Z INFO  dt_instance] received at 2023-07-19 18:31:19.019621460 UTC - from mc-19->source-3 "718" 18:31:19.018054565
[2023-07-19T18:31:21Z INFO  dt_instance] received at 2023-07-19 18:31:21.524849746 UTC - from mc-19->source-3 "723" 18:31:21.523438014
[2023-07-19T18:31:24Z INFO  dt_instance] received at 2023-07-19 18:31:24.030204739 UTC - from mc-19->source-3 "728" 18:31:24.028529630
[2023-07-19T18:31:26Z INFO  dt_instance] received at 2023-07-19 18:31:26.536380703 UTC - from mc-19->source-3 "733" 18:31:26.534800315
[2023-07-19T18:31:29Z INFO  dt_instance] received at 2023-07-19 18:31:29.041533126 UTC - from mc-19->source-3 "738" 18:31:29.040411601
[2023-07-19T18:31:31Z INFO  dt_instance] received at 2023-07-19 18:31:31.546969158 UTC - from mc-19->source-3 "743" 18:31:31.545813285
[2023-07-19T18:31:34Z INFO  dt_instance] received at 2023-07-19 18:31:34.055478506 UTC - from mc-19->source-3 "748" 18:31:34.053941634
[2023-07-19T18:31:36Z INFO  dt_instance] received at 2023-07-19 18:31:36.562156579 UTC - from mc-19->source-3 "753" 18:31:36.560681773
[2023-07-19T18:31:39Z INFO  dt_instance] received at 2023-07-19 18:31:39.077241120 UTC - from mc-19->source-3 "758" 18:31:39.075314305
[2023-07-19T18:31:41Z INFO  dt_instance] received at 2023-07-19 18:31:41.581853477 UTC - from mc-19->source-3 "763" 18:31:41.580443662
[2023-07-19T18:31:44Z INFO  dt_instance] received at 2023-07-19 18:31:44.088418286 UTC - from mc-19->source-3 "768" 18:31:44.085012061
[2023-07-19T18:31:46Z INFO  dt_instance] received at 2023-07-19 18:31:46.593816929 UTC - from mc-19->source-3 "773" 18:31:46.592567946
[2023-07-19T18:31:49Z INFO  dt_instance] received at 2023-07-19 18:31:49.100206526 UTC - from mc-19->source-3 "778" 18:31:49.098712243
[2023-07-19T18:31:51Z INFO  dt_instance] received at 2023-07-19 18:31:51.605930760 UTC - from mc-19->source-3 "783" 18:31:51.603355992
[2023-07-19T18:31:54Z INFO  dt_instance] received at 2023-07-19 18:31:54.109973563 UTC - from mc-19->source-3 "788" 18:31:54.108530106
[2023-07-19T18:31:56Z INFO  dt_instance] received at 2023-07-19 18:31:56.641372174 UTC - from mc-19->source-3 "793" 18:31:56.639448935
[2023-07-19T18:31:59Z INFO  dt_instance] received at 2023-07-19 18:31:59.147505911 UTC - from mc-19->source-3 "798" 18:31:59.146188298
[2023-07-19T18:32:01Z INFO  dt_instance] received at 2023-07-19 18:32:01.654250567 UTC - from mc-19->source-3 "803" 18:32:01.652909951
[2023-07-19T18:32:04Z INFO  dt_instance] received at 2023-07-19 18:32:04.160534921 UTC - from mc-19->source-3 "808" 18:32:04.159002442
[2023-07-19T18:32:06Z INFO  dt_instance] received at 2023-07-19 18:32:06.665534563 UTC - from mc-19->source-3 "813" 18:32:06.664351370
[2023-07-19T18:32:09Z INFO  dt_instance] received at 2023-07-19 18:32:09.171580476 UTC - from mc-19->source-3 "818" 18:32:09.170156151
[2023-07-19T18:32:11Z INFO  dt_instance] received at 2023-07-19 18:32:11.677668751 UTC - from mc-19->source-3 "823" 18:32:11.675763308
[2023-07-19T18:32:14Z INFO  dt_instance] received at 2023-07-19 18:32:14.185325784 UTC - from mc-19->source-3 "828" 18:32:14.183698900
[2023-07-19T18:32:16Z INFO  dt_instance] received at 2023-07-19 18:32:16.691418279 UTC - from mc-19->source-3 "833" 18:32:16.688821372
[2023-07-19T18:32:19Z INFO  dt_instance] received at 2023-07-19 18:32:19.197522124 UTC - from mc-19->source-3 "838" 18:32:19.196133909
[2023-07-19T18:32:21Z INFO  dt_instance] received at 2023-07-19 18:32:21.712783892 UTC - from mc-19->source-3 "843" 18:32:21.711328797
[2023-07-19T18:32:24Z INFO  dt_instance] received at 2023-07-19 18:32:24.218149860 UTC - from mc-19->source-3 "848" 18:32:24.216402803
[2023-07-19T18:32:26Z INFO  dt_instance] received at 2023-07-19 18:32:26.725452628 UTC - from mc-19->source-3 "853" 18:32:26.723581915
[2023-07-19T18:32:29Z INFO  dt_instance] received at 2023-07-19 18:32:29.231473044 UTC - from mc-19->source-3 "858" 18:32:29.229811346
[2023-07-19T18:32:31Z INFO  dt_instance] received at 2023-07-19 18:32:31.751334038 UTC - from mc-19->source-3 "863" 18:32:31.735948538
[2023-07-19T18:32:34Z INFO  dt_instance] received at 2023-07-19 18:32:34.243462190 UTC - from mc-19->source-3 "868" 18:32:34.241981835
[2023-07-19T18:32:36Z INFO  dt_instance] received at 2023-07-19 18:32:36.750040148 UTC - from mc-19->source-3 "873" 18:32:36.747548198
[2023-07-19T18:32:39Z INFO  dt_instance] received at 2023-07-19 18:32:39.254527989 UTC - from mc-19->source-3 "878" 18:32:39.253046232
[2023-07-19T18:32:41Z INFO  dt_instance] received at 2023-07-19 18:32:41.759123083 UTC - from mc-19->source-3 "883" 18:32:41.757986583
[2023-07-19T18:32:44Z INFO  dt_instance] received at 2023-07-19 18:32:44.265438373 UTC - from mc-19->source-3 "888" 18:32:44.264020263
[2023-07-19T18:32:46Z INFO  dt_instance] received at 2023-07-19 18:32:46.784337190 UTC - from mc-19->source-3 "893" 18:32:46.780176743
[2023-07-19T18:32:49Z INFO  dt_instance] received at 2023-07-19 18:32:49.286370887 UTC - from mc-19->source-3 "898" 18:32:49.285136301
[2023-07-19T18:32:51Z INFO  dt_instance] received at 2023-07-19 18:32:51.791293431 UTC - from mc-19->source-3 "903" 18:32:51.790000385
[2023-07-19T18:32:54Z INFO  dt_instance] received at 2023-07-19 18:32:54.299634670 UTC - from mc-19->source-3 "908" 18:32:54.298044652
[2023-07-19T18:32:56Z INFO  dt_instance] received at 2023-07-19 18:32:56.804863442 UTC - from mc-19->source-3 "913" 18:32:56.803579442
[2023-07-19T18:32:59Z INFO  dt_instance] received at 2023-07-19 18:32:59.312604023 UTC - from mc-19->source-3 "918" 18:32:59.310286998
[2023-07-19T18:33:01Z INFO  dt_instance] received at 2023-07-19 18:33:01.817231779 UTC - from mc-19->source-3 "923" 18:33:01.815760421
[2023-07-19T18:33:04Z INFO  dt_instance] received at 2023-07-19 18:33:04.322285621 UTC - from mc-19->source-3 "928" 18:33:04.320753196
[2023-07-19T18:33:06Z INFO  dt_instance] received at 2023-07-19 18:33:06.827811197 UTC - from mc-19->source-3 "933" 18:33:06.825136185
[2023-07-19T18:33:09Z INFO  dt_instance] received at 2023-07-19 18:33:09.333289389 UTC - from mc-19->source-3 "938" 18:33:09.331946031
[2023-07-19T18:33:11Z INFO  dt_instance] received at 2023-07-19 18:33:11.838536922 UTC - from mc-19->source-3 "943" 18:33:11.837361761
[2023-07-19T18:33:14Z INFO  dt_instance] received at 2023-07-19 18:33:14.343894985 UTC - from mc-19->source-3 "948" 18:33:14.342268530
[2023-07-19T18:33:16Z INFO  dt_instance] received at 2023-07-19 18:33:16.850525545 UTC - from mc-19->source-3 "953" 18:33:16.848952553
[2023-07-19T18:33:19Z INFO  dt_instance] received at 2023-07-19 18:33:19.355491030 UTC - from mc-19->source-3 "958" 18:33:19.354171020
[2023-07-19T18:33:21Z INFO  dt_instance] received at 2023-07-19 18:33:21.860808924 UTC - from mc-19->source-3 "963" 18:33:21.859289070
[2023-07-19T18:33:24Z INFO  dt_instance] received at 2023-07-19 18:33:24.369918130 UTC - from mc-19->source-3 "968" 18:33:24.365081726
[2023-07-19T18:33:26Z INFO  dt_instance] received at 2023-07-19 18:33:26.876424765 UTC - from mc-19->source-3 "973" 18:33:26.872391872
[2023-07-19T18:33:29Z INFO  dt_instance] received at 2023-07-19 18:33:29.380409441 UTC - from mc-19->source-3 "978" 18:33:29.378612973
[2023-07-19T18:33:31Z INFO  dt_instance] received at 2023-07-19 18:33:31.885403532 UTC - from mc-19->source-3 "983" 18:33:31.884485821
[2023-07-19T18:33:34Z INFO  dt_instance] received at 2023-07-19 18:33:34.392341332 UTC - from mc-19->source-3 "988" 18:33:34.391033309
[2023-07-19T18:33:37Z INFO  dt_instance] received at 2023-07-19 18:33:37.050492946 UTC - from mc-19->source-6 "986" 18:33:37.049347689
[2023-07-19T18:33:40Z INFO  dt_instance] received at 2023-07-19 18:33:40.283397454 UTC - from mc-19->source-7 "990" 18:33:40.281587388
[2023-07-19T18:33:47Z INFO  dt_instance] received at 2023-07-19 18:33:47.312090881 UTC - from mc-19->source-9 "999" 18:33:47.310801617
