[2023-07-19T18:07:46Z INFO  dt_instance] Current Twin: mc-twin-11
[2023-07-19T18:07:46Z INFO  dt_instance] Replica Name twin-mc-stateful-11
[2023-07-19T18:07:46Z INFO  dt_instance] Sleeping for 550
[2023-07-19T18:16:56Z INFO  dt_instance] Connecting to broker at emqx.dtwins:1883
[2023-07-19T18:16:56Z INFO  dt_instance] Loggin info each 50 messages
[2023-07-19T18:16:56Z INFO  dt_instance] Set max packet size to 60000 KB.
[2023-07-19T18:16:56Z INFO  dt_instance] Refreshing topics for twin - Listen to mc-11/#
[2023-07-19T18:16:56Z INFO  dt_instance] SubAck { pkid: 1, return_codes: [Success(ExactlyOnce)] }
[2023-07-19T18:18:04Z INFO  dt_instance] received at 2023-07-19 18:18:04.087131805 UTC - from mc-11->source-2 "9" 18:18:04.085978745
[2023-07-19T18:18:07Z INFO  dt_instance] received at 2023-07-19 18:18:07.341514300 UTC - from mc-11->source-3 "13" 18:18:07.340058724
[2023-07-19T18:18:09Z INFO  dt_instance] received at 2023-07-19 18:18:09.859247355 UTC - from mc-11->source-1 "23" 18:18:09.857965044
[2023-07-19T18:18:12Z INFO  dt_instance] received at 2023-07-19 18:18:12.382795489 UTC - from mc-11->source-3 "23" 18:18:12.353448720
[2023-07-19T18:18:14Z INFO  dt_instance] received at 2023-07-19 18:18:14.873387684 UTC - from mc-11->source-3 "28" 18:18:14.858439546
[2023-07-19T18:18:17Z INFO  dt_instance] received at 2023-07-19 18:18:17.376133231 UTC - from mc-11->source-1 "38" 18:18:17.375223282
[2023-07-19T18:18:19Z INFO  dt_instance] received at 2023-07-19 18:18:19.881849515 UTC - from mc-11->source-1 "43" 18:18:19.880878720
[2023-07-19T18:18:22Z INFO  dt_instance] received at 2023-07-19 18:18:22.386427589 UTC - from mc-11->source-1 "48" 18:18:22.385517201
[2023-07-19T18:18:24Z INFO  dt_instance] received at 2023-07-19 18:18:24.906971298 UTC - from mc-11->source-3 "48" 18:18:24.885204142
[2023-07-19T18:18:27Z INFO  dt_instance] received at 2023-07-19 18:18:27.397254553 UTC - from mc-11->source-1 "58" 18:18:27.396399609
[2023-07-19T18:18:29Z INFO  dt_instance] received at 2023-07-19 18:18:29.902961239 UTC - from mc-11->source-1 "63" 18:18:29.901572182
[2023-07-19T18:18:32Z INFO  dt_instance] received at 2023-07-19 18:18:32.409536748 UTC - from mc-11->source-1 "68" 18:18:32.408095662
[2023-07-19T18:18:34Z INFO  dt_instance] received at 2023-07-19 18:18:34.937358516 UTC - from mc-11->source-3 "68" 18:18:34.922147245
[2023-07-19T18:18:37Z INFO  dt_instance] received at 2023-07-19 18:18:37.429945580 UTC - from mc-11->source-1 "78" 18:18:37.428880144
[2023-07-19T18:18:39Z INFO  dt_instance] received at 2023-07-19 18:18:39.934473856 UTC - from mc-11->source-1 "83" 18:18:39.933546101
[2023-07-19T18:18:42Z INFO  dt_instance] received at 2023-07-19 18:18:42.441809927 UTC - from mc-11->source-3 "83" 18:18:42.439724198
[2023-07-19T18:18:44Z INFO  dt_instance] received at 2023-07-19 18:18:44.957186016 UTC - from mc-11->source-3 "88" 18:18:44.945811494
[2023-07-19T18:18:47Z INFO  dt_instance] received at 2023-07-19 18:18:47.460607947 UTC - from mc-11->source-3 "93" 18:18:47.451823820
[2023-07-19T18:18:49Z INFO  dt_instance] received at 2023-07-19 18:18:49.967062013 UTC - from mc-11->source-3 "98" 18:18:49.956890859
[2023-07-19T18:18:52Z INFO  dt_instance] received at 2023-07-19 18:18:52.466336627 UTC - from mc-11->source-1 "108" 18:18:52.465310054
[2023-07-19T18:18:54Z INFO  dt_instance] received at 2023-07-19 18:18:54.974089207 UTC - from mc-11->source-3 "108" 18:18:54.970046982
[2023-07-19T18:18:57Z INFO  dt_instance] received at 2023-07-19 18:18:57.478537737 UTC - from mc-11->source-3 "113" 18:18:57.476321910
[2023-07-19T18:18:59Z INFO  dt_instance] received at 2023-07-19 18:18:59.996625088 UTC - from mc-11->source-3 "118" 18:18:59.982004944
[2023-07-19T18:19:02Z INFO  dt_instance] received at 2023-07-19 18:19:02.489695924 UTC - from mc-11->source-3 "123" 18:19:02.487616001
[2023-07-19T18:19:04Z INFO  dt_instance] received at 2023-07-19 18:19:04.997893009 UTC - from mc-11->source-3 "128" 18:19:04.994220328
[2023-07-19T18:19:07Z INFO  dt_instance] received at 2023-07-19 18:19:07.503690104 UTC - from mc-11->source-3 "133" 18:19:07.501999301
[2023-07-19T18:19:10Z INFO  dt_instance] received at 2023-07-19 18:19:10.020425383 UTC - from mc-11->source-3 "138" 18:19:10.007750378
[2023-07-19T18:19:12Z INFO  dt_instance] received at 2023-07-19 18:19:12.514020587 UTC - from mc-11->source-3 "143" 18:19:12.512340126
[2023-07-19T18:19:15Z INFO  dt_instance] received at 2023-07-19 18:19:15.046878494 UTC - from mc-11->source-3 "148" 18:19:15.034777430
[2023-07-19T18:19:17Z INFO  dt_instance] received at 2023-07-19 18:19:17.541363281 UTC - from mc-11->source-3 "153" 18:19:17.539458573
[2023-07-19T18:19:20Z INFO  dt_instance] received at 2023-07-19 18:19:20.054599726 UTC - from mc-11->source-3 "158" 18:19:20.045426897
[2023-07-19T18:19:22Z INFO  dt_instance] received at 2023-07-19 18:19:22.554688520 UTC - from mc-11->source-3 "163" 18:19:22.550748768
[2023-07-19T18:19:25Z INFO  dt_instance] received at 2023-07-19 18:19:25.059476097 UTC - from mc-11->source-3 "168" 18:19:25.058076198
[2023-07-19T18:19:27Z INFO  dt_instance] received at 2023-07-19 18:19:27.573325321 UTC - from mc-11->source-3 "173" 18:19:27.564233645
[2023-07-19T18:19:30Z INFO  dt_instance] received at 2023-07-19 18:19:30.081455758 UTC - from mc-11->source-3 "178" 18:19:30.071582549
[2023-07-19T18:19:32Z INFO  dt_instance] received at 2023-07-19 18:19:32.595032704 UTC - from mc-11->source-3 "183" 18:19:32.577036301
[2023-07-19T18:19:35Z INFO  dt_instance] received at 2023-07-19 18:19:35.088310728 UTC - from mc-11->source-1 "193" 18:19:35.087476050
[2023-07-19T18:19:37Z INFO  dt_instance] received at 2023-07-19 18:19:37.601184303 UTC - from mc-11->source-3 "193" 18:19:37.587532067
[2023-07-19T18:19:40Z INFO  dt_instance] received at 2023-07-19 18:19:40.108385821 UTC - from mc-11->source-3 "198" 18:19:40.093969696
[2023-07-19T18:19:42Z INFO  dt_instance] received at 2023-07-19 18:19:42.622651075 UTC - from mc-11->source-3 "203" 18:19:42.600061633
[2023-07-19T18:19:45Z INFO  dt_instance] received at 2023-07-19 18:19:45.118722089 UTC - from mc-11->source-3 "208" 18:19:45.105805284
[2023-07-19T18:19:47Z INFO  dt_instance] received at 2023-07-19 18:19:47.616906387 UTC - from mc-11->source-1 "218" 18:19:47.616124479
[2023-07-19T18:19:50Z INFO  dt_instance] received at 2023-07-19 18:19:50.123014837 UTC - from mc-11->source-1 "223" 18:19:50.121874993
[2023-07-19T18:19:52Z INFO  dt_instance] received at 2023-07-19 18:19:52.634885010 UTC - from mc-11->source-3 "223" 18:19:52.620491808
[2023-07-19T18:19:55Z INFO  dt_instance] received at 2023-07-19 18:19:55.140217065 UTC - from mc-11->source-3 "228" 18:19:55.125312025
[2023-07-19T18:19:57Z INFO  dt_instance] received at 2023-07-19 18:19:57.640145224 UTC - from mc-11->source-1 "238" 18:19:57.637324577
[2023-07-19T18:20:00Z INFO  dt_instance] received at 2023-07-19 18:20:00.149241939 UTC - from mc-11->source-3 "238" 18:20:00.136595617
[2023-07-19T18:20:02Z INFO  dt_instance] received at 2023-07-19 18:20:02.651626804 UTC - from mc-11->source-3 "243" 18:20:02.641717275
[2023-07-19T18:20:05Z INFO  dt_instance] received at 2023-07-19 18:20:05.155486325 UTC - from mc-11->source-1 "253" 18:20:05.154426091
[2023-07-19T18:20:07Z INFO  dt_instance] received at 2023-07-19 18:20:07.670130977 UTC - from mc-11->source-3 "253" 18:20:07.653605833
[2023-07-19T18:20:10Z INFO  dt_instance] received at 2023-07-19 18:20:10.167087904 UTC - from mc-11->source-1 "263" 18:20:10.166091817
[2023-07-19T18:20:12Z INFO  dt_instance] received at 2023-07-19 18:20:12.675360060 UTC - from mc-11->source-3 "263" 18:20:12.663747574
[2023-07-19T18:20:15Z INFO  dt_instance] received at 2023-07-19 18:20:15.181390675 UTC - from mc-11->source-1 "273" 18:20:15.179266201
[2023-07-19T18:20:17Z INFO  dt_instance] received at 2023-07-19 18:20:17.687869818 UTC - from mc-11->source-3 "273" 18:20:17.674638209
[2023-07-19T18:20:20Z INFO  dt_instance] received at 2023-07-19 18:20:20.193817733 UTC - from mc-11->source-1 "283" 18:20:20.193029707
[2023-07-19T18:20:22Z INFO  dt_instance] received at 2023-07-19 18:20:22.700962195 UTC - from mc-11->source-1 "288" 18:20:22.698820956
[2023-07-19T18:20:25Z INFO  dt_instance] received at 2023-07-19 18:20:25.205356727 UTC - from mc-11->source-1 "293" 18:20:25.204509477
[2023-07-19T18:20:27Z INFO  dt_instance] received at 2023-07-19 18:20:27.893683009 UTC - from mc-11->source-3 "293" 18:20:27.699845080
[2023-07-19T18:20:30Z INFO  dt_instance] received at 2023-07-19 18:20:30.294296315 UTC - from mc-11->source-3 "298" 18:20:30.205621792
[2023-07-19T18:20:32Z INFO  dt_instance] received at 2023-07-19 18:20:32.728441275 UTC - from mc-11->source-3 "303" 18:20:32.711881861
[2023-07-19T18:20:35Z INFO  dt_instance] received at 2023-07-19 18:20:35.230004218 UTC - from mc-11->source-3 "308" 18:20:35.217677325
[2023-07-19T18:20:37Z INFO  dt_instance] received at 2023-07-19 18:20:37.855564611 UTC - from mc-11->source-3 "313" 18:20:37.723835197
[2023-07-19T18:20:40Z INFO  dt_instance] received at 2023-07-19 18:20:40.287698739 UTC - from mc-11->source-3 "318" 18:20:40.231051958
[2023-07-19T18:20:42Z INFO  dt_instance] received at 2023-07-19 18:20:42.771055359 UTC - from mc-11->source-3 "323" 18:20:42.738309873
[2023-07-19T18:20:45Z INFO  dt_instance] received at 2023-07-19 18:20:45.261176870 UTC - from mc-11->source-3 "328" 18:20:45.243899076
[2023-07-19T18:20:47Z INFO  dt_instance] received at 2023-07-19 18:20:47.755948399 UTC - from mc-11->source-1 "338" 18:20:47.755089531
[2023-07-19T18:20:50Z INFO  dt_instance] received at 2023-07-19 18:20:50.269346529 UTC - from mc-11->source-3 "338" 18:20:50.254032897
[2023-07-19T18:20:52Z INFO  dt_instance] received at 2023-07-19 18:20:52.783928222 UTC - from mc-11->source-5 "338" 18:20:52.764549668
[2023-07-19T18:20:55Z INFO  dt_instance] received at 2023-07-19 18:20:55.291438446 UTC - from mc-11->source-3 "348" 18:20:55.271244131
[2023-07-19T18:20:57Z INFO  dt_instance] received at 2023-07-19 18:20:57.790868904 UTC - from mc-11->source-1 "358" 18:20:57.789851466
[2023-07-19T18:21:00Z INFO  dt_instance] received at 2023-07-19 18:21:00.311919045 UTC - from mc-11->source-1 "363" 18:21:00.309762774
[2023-07-19T18:21:02Z INFO  dt_instance] received at 2023-07-19 18:21:02.817325071 UTC - from mc-11->source-3 "363" 18:21:02.788591460
[2023-07-19T18:21:05Z INFO  dt_instance] received at 2023-07-19 18:21:05.336157618 UTC - from mc-11->source-5 "363" 18:21:05.290306411
[2023-07-19T18:21:07Z INFO  dt_instance] received at 2023-07-19 18:21:07.826441670 UTC - from mc-11->source-1 "378" 18:21:07.825352229
[2023-07-19T18:21:10Z INFO  dt_instance] received at 2023-07-19 18:21:10.332271590 UTC - from mc-11->source-1 "383" 18:21:10.331291050
[2023-07-19T18:21:12Z INFO  dt_instance] received at 2023-07-19 18:21:12.874983598 UTC - from mc-11->source-3 "383" 18:21:12.809536290
[2023-07-19T18:21:15Z INFO  dt_instance] received at 2023-07-19 18:21:15.359505534 UTC - from mc-11->source-3 "388" 18:21:15.314466897
[2023-07-19T18:21:17Z INFO  dt_instance] received at 2023-07-19 18:21:17.863380419 UTC - from mc-11->source-5 "388" 18:21:17.818401971
[2023-07-19T18:21:20Z INFO  dt_instance] received at 2023-07-19 18:21:20.378604045 UTC - from mc-11->source-5 "393" 18:21:20.323464193
[2023-07-19T18:21:22Z INFO  dt_instance] received at 2023-07-19 18:21:22.862854108 UTC - from mc-11->source-1 "408" 18:21:22.862073059
[2023-07-19T18:21:25Z INFO  dt_instance] received at 2023-07-19 18:21:25.371476664 UTC - from mc-11->source-1 "413" 18:21:25.367187884
[2023-07-19T18:21:27Z INFO  dt_instance] received at 2023-07-19 18:21:27.874751885 UTC - from mc-11->source-1 "418" 18:21:27.873596278
[2023-07-19T18:21:30Z INFO  dt_instance] received at 2023-07-19 18:21:30.379879485 UTC - from mc-11->source-1 "423" 18:21:30.378879169
[2023-07-19T18:21:32Z INFO  dt_instance] received at 2023-07-19 18:21:32.893769652 UTC - from mc-11->source-1 "428" 18:21:32.892484800
[2023-07-19T18:21:35Z INFO  dt_instance] received at 2023-07-19 18:21:35.399870350 UTC - from mc-11->source-1 "433" 18:21:35.398615822
[2023-07-19T18:21:37Z INFO  dt_instance] received at 2023-07-19 18:21:37.905769474 UTC - from mc-11->source-1 "438" 18:21:37.903171765
[2023-07-19T18:21:40Z INFO  dt_instance] received at 2023-07-19 18:21:40.410563676 UTC - from mc-11->source-1 "443" 18:21:40.409358338
[2023-07-19T18:21:42Z INFO  dt_instance] received at 2023-07-19 18:21:42.915391669 UTC - from mc-11->source-1 "448" 18:21:42.914418486
[2023-07-19T18:21:45Z INFO  dt_instance] received at 2023-07-19 18:21:45.420831825 UTC - from mc-11->source-1 "453" 18:21:45.420137347
[2023-07-19T18:21:47Z INFO  dt_instance] received at 2023-07-19 18:21:47.927193251 UTC - from mc-11->source-1 "458" 18:21:47.925753197
[2023-07-19T18:21:50Z INFO  dt_instance] received at 2023-07-19 18:21:50.434989517 UTC - from mc-11->source-3 "458" 18:21:50.394697614
[2023-07-19T18:21:52Z INFO  dt_instance] received at 2023-07-19 18:21:52.940762560 UTC - from mc-11->source-1 "468" 18:21:52.939663403
[2023-07-19T18:21:55Z INFO  dt_instance] received at 2023-07-19 18:21:55.447043479 UTC - from mc-11->source-1 "473" 18:21:55.446046092
[2023-07-19T18:21:57Z INFO  dt_instance] received at 2023-07-19 18:21:57.968083139 UTC - from mc-11->source-3 "473" 18:21:57.911284594
[2023-07-19T18:22:00Z INFO  dt_instance] received at 2023-07-19 18:22:00.461217094 UTC - from mc-11->source-1 "483" 18:22:00.459858346
[2023-07-19T18:22:02Z INFO  dt_instance] received at 2023-07-19 18:22:02.965908740 UTC - from mc-11->source-1 "488" 18:22:02.964989898
[2023-07-19T18:22:05Z INFO  dt_instance] received at 2023-07-19 18:22:05.472903889 UTC - from mc-11->source-1 "493" 18:22:05.471992272
[2023-07-19T18:22:07Z INFO  dt_instance] received at 2023-07-19 18:22:07.985853273 UTC - from mc-11->source-3 "493" 18:22:07.940402749
[2023-07-19T18:22:10Z INFO  dt_instance] received at 2023-07-19 18:22:10.485513714 UTC - from mc-11->source-1 "503" 18:22:10.484232028
[2023-07-19T18:22:12Z INFO  dt_instance] received at 2023-07-19 18:22:12.991232776 UTC - from mc-11->source-1 "508" 18:22:12.990254764
[2023-07-19T18:22:15Z INFO  dt_instance] received at 2023-07-19 18:22:15.497856279 UTC - from mc-11->source-1 "513" 18:22:15.496982241
[2023-07-19T18:22:18Z INFO  dt_instance] received at 2023-07-19 18:22:18.014910868 UTC - from mc-11->source-5 "508" 18:22:17.952717055
[2023-07-19T18:22:20Z INFO  dt_instance] received at 2023-07-19 18:22:20.572682454 UTC - from mc-11->source-3 "518" 18:22:20.467271544
[2023-07-19T18:22:23Z INFO  dt_instance] received at 2023-07-19 18:22:23.015931918 UTC - from mc-11->source-1 "528" 18:22:23.014844508
[2023-07-19T18:22:25Z INFO  dt_instance] received at 2023-07-19 18:22:25.520768664 UTC - from mc-11->source-1 "533" 18:22:25.519823305
[2023-07-19T18:22:28Z INFO  dt_instance] received at 2023-07-19 18:22:28.025252692 UTC - from mc-11->source-1 "538" 18:22:28.024465538
[2023-07-19T18:22:30Z INFO  dt_instance] received at 2023-07-19 18:22:30.531773610 UTC - from mc-11->source-1 "543" 18:22:30.530113903
[2023-07-19T18:22:33Z INFO  dt_instance] received at 2023-07-19 18:22:33.036511614 UTC - from mc-11->source-1 "548" 18:22:33.035761893
[2023-07-19T18:22:35Z INFO  dt_instance] received at 2023-07-19 18:22:35.543102956 UTC - from mc-11->source-1 "553" 18:22:35.541751765
[2023-07-19T18:22:38Z INFO  dt_instance] received at 2023-07-19 18:22:38.047408567 UTC - from mc-11->source-1 "558" 18:22:38.046300199
[2023-07-19T18:22:40Z INFO  dt_instance] received at 2023-07-19 18:22:40.552359221 UTC - from mc-11->source-1 "563" 18:22:40.551585999
[2023-07-19T18:22:43Z INFO  dt_instance] received at 2023-07-19 18:22:43.072280101 UTC - from mc-11->source-3 "563" 18:22:43.032450953
[2023-07-19T18:22:45Z INFO  dt_instance] received at 2023-07-19 18:22:45.567979529 UTC - from mc-11->source-1 "573" 18:22:45.567238854
[2023-07-19T18:22:48Z INFO  dt_instance] received at 2023-07-19 18:22:48.123311274 UTC - from mc-11->source-3 "573" 18:22:48.053494148
[2023-07-19T18:22:50Z INFO  dt_instance] received at 2023-07-19 18:22:50.581967483 UTC - from mc-11->source-1 "583" 18:22:50.581034195
[2023-07-19T18:22:53Z INFO  dt_instance] received at 2023-07-19 18:22:53.127582807 UTC - from mc-11->source-9 "568" 18:22:53.071227715
[2023-07-19T18:22:55Z INFO  dt_instance] received at 2023-07-19 18:22:55.610780782 UTC - from mc-11->source-3 "588" 18:22:55.579718128
[2023-07-19T18:22:58Z INFO  dt_instance] received at 2023-07-19 18:22:58.136524178 UTC - from mc-11->source-3 "593" 18:22:58.085704415
[2023-07-19T18:23:00Z INFO  dt_instance] received at 2023-07-19 18:23:00.607563411 UTC - from mc-11->source-1 "603" 18:23:00.606832633
[2023-07-19T18:23:03Z INFO  dt_instance] received at 2023-07-19 18:23:03.120446306 UTC - from mc-11->source-3 "603" 18:23:03.101469669
[2023-07-19T18:23:05Z INFO  dt_instance] received at 2023-07-19 18:23:05.640714421 UTC - from mc-11->source-9 "593" 18:23:05.606423657
[2023-07-19T18:23:08Z INFO  dt_instance] received at 2023-07-19 18:23:08.129239740 UTC - from mc-11->source-3 "613" 18:23:08.111474020
[2023-07-19T18:23:10Z INFO  dt_instance] received at 2023-07-19 18:23:10.629333450 UTC - from mc-11->source-9 "603" 18:23:10.619083430
[2023-07-19T18:23:13Z INFO  dt_instance] received at 2023-07-19 18:23:13.151728037 UTC - from mc-11->source-3 "623" 18:23:13.123325396
[2023-07-19T18:23:15Z INFO  dt_instance] received at 2023-07-19 18:23:15.642778638 UTC - from mc-11->source-9 "613" 18:23:15.631058407
[2023-07-19T18:23:18Z INFO  dt_instance] received at 2023-07-19 18:23:18.149991590 UTC - from mc-11->source-3 "633" 18:23:18.137048677
[2023-07-19T18:23:20Z INFO  dt_instance] received at 2023-07-19 18:23:20.655902848 UTC - from mc-11->source-1 "643" 18:23:20.654997484
[2023-07-19T18:23:23Z INFO  dt_instance] received at 2023-07-19 18:23:23.163263614 UTC - from mc-11->source-1 "648" 18:23:23.160509504
[2023-07-19T18:23:25Z INFO  dt_instance] received at 2023-07-19 18:23:25.668325587 UTC - from mc-11->source-1 "653" 18:23:25.666474725
[2023-07-19T18:23:28Z INFO  dt_instance] received at 2023-07-19 18:23:28.172209834 UTC - from mc-11->source-1 "658" 18:23:28.171413313
[2023-07-19T18:23:30Z INFO  dt_instance] received at 2023-07-19 18:23:30.718806740 UTC - from mc-11->source-9 "643" 18:23:30.680747363
[2023-07-19T18:23:33Z INFO  dt_instance] received at 2023-07-19 18:23:33.191091347 UTC - from mc-11->source-3 "663" 18:23:33.186824472
[2023-07-19T18:23:35Z INFO  dt_instance] received at 2023-07-19 18:23:35.700328564 UTC - from mc-11->source-3 "668" 18:23:35.695600414
[2023-07-19T18:23:38Z INFO  dt_instance] received at 2023-07-19 18:23:38.205635324 UTC - from mc-11->source-3 "673" 18:23:38.200897556
[2023-07-19T18:23:40Z INFO  dt_instance] received at 2023-07-19 18:23:40.721168947 UTC - from mc-11->source-3 "678" 18:23:40.705219553
[2023-07-19T18:23:43Z INFO  dt_instance] received at 2023-07-19 18:23:43.219862854 UTC - from mc-11->source-3 "683" 18:23:43.211365520
[2023-07-19T18:23:45Z INFO  dt_instance] received at 2023-07-19 18:23:45.724503865 UTC - from mc-11->source-9 "673" 18:23:45.716056588
[2023-07-19T18:23:48Z INFO  dt_instance] received at 2023-07-19 18:23:48.224332480 UTC - from mc-11->source-3 "693" 18:23:48.222520629
[2023-07-19T18:23:50Z INFO  dt_instance] received at 2023-07-19 18:23:50.732767734 UTC - from mc-11->source-9 "683" 18:23:50.729508041
[2023-07-19T18:23:53Z INFO  dt_instance] received at 2023-07-19 18:23:53.246144123 UTC - from mc-11->source-7 "693" 18:23:53.235732251
[2023-07-19T18:23:55Z INFO  dt_instance] received at 2023-07-19 18:23:55.831298319 UTC - from mc-11->source-3 "708" 18:23:55.752021316
[2023-07-19T18:23:58Z INFO  dt_instance] received at 2023-07-19 18:23:58.269206434 UTC - from mc-11->source-3 "713" 18:23:58.260092080
[2023-07-19T18:24:00Z INFO  dt_instance] received at 2023-07-19 18:24:00.844069264 UTC - from mc-11->source-3 "718" 18:24:00.767319699
[2023-07-19T18:24:03Z INFO  dt_instance] received at 2023-07-19 18:24:03.292320497 UTC - from mc-11->source-9 "708" 18:24:03.274425924
[2023-07-19T18:24:05Z INFO  dt_instance] received at 2023-07-19 18:24:05.790275856 UTC - from mc-11->source-7 "718" 18:24:05.781096323
[2023-07-19T18:24:08Z INFO  dt_instance] received at 2023-07-19 18:24:08.293501786 UTC - from mc-11->source-7 "723" 18:24:08.287942040
[2023-07-19T18:24:10Z INFO  dt_instance] received at 2023-07-19 18:24:10.805161958 UTC - from mc-11->source-3 "738" 18:24:10.790106789
[2023-07-19T18:24:13Z INFO  dt_instance] received at 2023-07-19 18:24:13.318419036 UTC - from mc-11->source-9 "728" 18:24:13.303013956
[2023-07-19T18:24:15Z INFO  dt_instance] received at 2023-07-19 18:24:15.831313023 UTC - from mc-11->source-7 "738" 18:24:15.803635624
[2023-07-19T18:24:18Z INFO  dt_instance] received at 2023-07-19 18:24:18.348311124 UTC - from mc-11->source-9 "738" 18:24:18.313099185
[2023-07-19T18:24:20Z INFO  dt_instance] received at 2023-07-19 18:24:20.824835130 UTC - from mc-11->source-9 "743" 18:24:20.820173263
[2023-07-19T18:24:23Z INFO  dt_instance] received at 2023-07-19 18:24:23.332895683 UTC - from mc-11->source-9 "748" 18:24:23.325522528
[2023-07-19T18:24:25Z INFO  dt_instance] received at 2023-07-19 18:24:25.843973912 UTC - from mc-11->source-9 "753" 18:24:25.833077129
[2023-07-19T18:24:28Z INFO  dt_instance] received at 2023-07-19 18:24:28.341199606 UTC - from mc-11->source-7 "763" 18:24:28.335782218
[2023-07-19T18:24:30Z INFO  dt_instance] received at 2023-07-19 18:24:30.859307246 UTC - from mc-11->source-9 "763" 18:24:30.845308565
[2023-07-19T18:24:33Z INFO  dt_instance] received at 2023-07-19 18:24:33.358703513 UTC - from mc-11->source-9 "768" 18:24:33.350131052
[2023-07-19T18:24:35Z INFO  dt_instance] received at 2023-07-19 18:24:35.882913192 UTC - from mc-11->source-9 "773" 18:24:35.855525006
[2023-07-19T18:24:38Z INFO  dt_instance] received at 2023-07-19 18:24:38.401852791 UTC - from mc-11->source-9 "778" 18:24:38.360522741
[2023-07-19T18:24:40Z INFO  dt_instance] received at 2023-07-19 18:24:40.894783590 UTC - from mc-11->source-3 "798" 18:24:40.863210266
[2023-07-19T18:24:43Z INFO  dt_instance] received at 2023-07-19 18:24:43.376203733 UTC - from mc-11->source-7 "793" 18:24:43.372510442
[2023-07-19T18:24:45Z INFO  dt_instance] received at 2023-07-19 18:24:45.885451893 UTC - from mc-11->source-9 "793" 18:24:45.877918424
[2023-07-19T18:24:48Z INFO  dt_instance] received at 2023-07-19 18:24:48.424287583 UTC - from mc-11->source-3 "813" 18:24:48.382989126
[2023-07-19T18:24:50Z INFO  dt_instance] received at 2023-07-19 18:24:50.922612502 UTC - from mc-11->source-9 "803" 18:24:50.889863580
[2023-07-19T18:24:53Z INFO  dt_instance] received at 2023-07-19 18:24:53.404419950 UTC - from mc-11->source-7 "813" 18:24:53.397132924
[2023-07-19T18:24:55Z INFO  dt_instance] received at 2023-07-19 18:24:55.932541298 UTC - from mc-11->source-5 "823" 18:24:55.865534380
[2023-07-19T18:24:58Z INFO  dt_instance] received at 2023-07-19 18:24:58.426529050 UTC - from mc-11->source-7 "823" 18:24:58.415791226
[2023-07-19T18:25:00Z INFO  dt_instance] received at 2023-07-19 18:25:00.939735826 UTC - from mc-11->source-7 "828" 18:25:00.924031701
[2023-07-19T18:25:03Z INFO  dt_instance] received at 2023-07-19 18:25:03.464907407 UTC - from mc-11->source-7 "833" 18:25:03.429048349
[2023-07-19T18:25:05Z INFO  dt_instance] received at 2023-07-19 18:25:05.951871120 UTC - from mc-11->source-7 "838" 18:25:05.935724661
[2023-07-19T18:25:08Z INFO  dt_instance] received at 2023-07-19 18:25:08.443771468 UTC - from mc-11->source-7 "843" 18:25:08.441142395
[2023-07-19T18:25:10Z INFO  dt_instance] received at 2023-07-19 18:25:10.950177027 UTC - from mc-11->source-7 "848" 18:25:10.947607094
[2023-07-19T18:25:13Z INFO  dt_instance] received at 2023-07-19 18:25:13.469932280 UTC - from mc-11->source-7 "853" 18:25:13.453312951
[2023-07-19T18:25:15Z INFO  dt_instance] received at 2023-07-19 18:25:15.974166434 UTC - from mc-11->source-7 "858" 18:25:15.959080736
[2023-07-19T18:25:18Z INFO  dt_instance] received at 2023-07-19 18:25:18.475394115 UTC - from mc-11->source-7 "863" 18:25:18.465230083
[2023-07-19T18:25:20Z INFO  dt_instance] received at 2023-07-19 18:25:20.975130353 UTC - from mc-11->source-7 "868" 18:25:20.970420709
[2023-07-19T18:25:23Z INFO  dt_instance] received at 2023-07-19 18:25:23.479828915 UTC - from mc-11->source-7 "873" 18:25:23.477729423
[2023-07-19T18:25:25Z INFO  dt_instance] received at 2023-07-19 18:25:25.984651105 UTC - from mc-11->source-7 "878" 18:25:25.982239040
[2023-07-19T18:25:28Z INFO  dt_instance] received at 2023-07-19 18:25:28.507372715 UTC - from mc-11->source-7 "883" 18:25:28.487667007
[2023-07-19T18:25:31Z INFO  dt_instance] received at 2023-07-19 18:25:31.013748866 UTC - from mc-11->source-7 "888" 18:25:31.009764714
[2023-07-19T18:25:33Z INFO  dt_instance] received at 2023-07-19 18:25:33.552399323 UTC - from mc-11->source-7 "893" 18:25:33.514979304
[2023-07-19T18:25:36Z INFO  dt_instance] received at 2023-07-19 18:25:36.051096148 UTC - from mc-11->source-7 "898" 18:25:36.023399057
[2023-07-19T18:25:38Z INFO  dt_instance] received at 2023-07-19 18:25:38.531987882 UTC - from mc-11->source-7 "903" 18:25:38.529713066
[2023-07-19T18:25:41Z INFO  dt_instance] received at 2023-07-19 18:25:41.044748032 UTC - from mc-11->source-7 "908" 18:25:41.034395950
[2023-07-19T18:25:43Z INFO  dt_instance] received at 2023-07-19 18:25:43.550985180 UTC - from mc-11->source-7 "913" 18:25:43.539466991
[2023-07-19T18:25:46Z INFO  dt_instance] received at 2023-07-19 18:25:46.069722685 UTC - from mc-11->source-7 "918" 18:25:46.048720946
[2023-07-19T18:25:48Z INFO  dt_instance] received at 2023-07-19 18:25:48.606037269 UTC - from mc-11->source-7 "923" 18:25:48.554948591
[2023-07-19T18:25:51Z INFO  dt_instance] received at 2023-07-19 18:25:51.064772705 UTC - from mc-11->source-7 "928" 18:25:51.061395392
[2023-07-19T18:25:53Z INFO  dt_instance] received at 2023-07-19 18:25:53.570896726 UTC - from mc-11->source-7 "933" 18:25:53.566665796
[2023-07-19T18:25:56Z INFO  dt_instance] received at 2023-07-19 18:25:56.078088107 UTC - from mc-11->source-7 "938" 18:25:56.071779006
[2023-07-19T18:25:58Z INFO  dt_instance] received at 2023-07-19 18:25:58.584812530 UTC - from mc-11->source-7 "943" 18:25:58.576846981
[2023-07-19T18:26:01Z INFO  dt_instance] received at 2023-07-19 18:26:01.088883520 UTC - from mc-11->source-7 "948" 18:26:01.082352817
[2023-07-19T18:26:03Z INFO  dt_instance] received at 2023-07-19 18:26:03.591502897 UTC - from mc-11->source-7 "953" 18:26:03.588576885
[2023-07-19T18:26:06Z INFO  dt_instance] received at 2023-07-19 18:26:06.117292565 UTC - from mc-11->source-7 "958" 18:26:06.093550945
[2023-07-19T18:26:08Z INFO  dt_instance] received at 2023-07-19 18:26:08.602923302 UTC - from mc-11->source-7 "963" 18:26:08.600103175
[2023-07-19T18:26:11Z INFO  dt_instance] received at 2023-07-19 18:26:11.135646213 UTC - from mc-11->source-7 "968" 18:26:11.105527802
[2023-07-19T18:26:13Z INFO  dt_instance] received at 2023-07-19 18:26:13.613288750 UTC - from mc-11->source-7 "973" 18:26:13.610301969
[2023-07-19T18:26:16Z INFO  dt_instance] received at 2023-07-19 18:26:16.159205732 UTC - from mc-11->source-7 "978" 18:26:16.117577175
[2023-07-19T18:26:18Z INFO  dt_instance] received at 2023-07-19 18:26:18.819069660 UTC - from mc-11->source-8 "981" 18:26:18.816535983
[2023-07-19T18:26:22Z INFO  dt_instance] received at 2023-07-19 18:26:22.084764465 UTC - from mc-11->source-5 "995" 18:26:22.078440963
[2023-07-19T18:26:29Z INFO  dt_instance] received at 2023-07-19 18:26:29.155201687 UTC - from mc-11->source-9 "999" 18:26:29.151552861
