[2023-07-19T18:07:56Z INFO  dt_instance] Current Twin: mc-twin-13
[2023-07-19T18:07:56Z INFO  dt_instance] Replica Name twin-mc-stateful-13
[2023-07-19T18:07:56Z INFO  dt_instance] Sleeping for 650
[2023-07-19T18:18:46Z INFO  dt_instance] Connecting to broker at emqx.dtwins:1883
[2023-07-19T18:18:46Z INFO  dt_instance] Loggin info each 50 messages
[2023-07-19T18:18:46Z INFO  dt_instance] Set max packet size to 60000 KB.
[2023-07-19T18:18:46Z INFO  dt_instance] Refreshing topics for twin - Listen to mc-13/#
[2023-07-19T18:18:46Z INFO  dt_instance] SubAck { pkid: 1, return_codes: [Success(ExactlyOnce)] }
[2023-07-19T18:19:53Z INFO  dt_instance] received at 2023-07-19 18:19:53.600468992 UTC - from mc-13->source-2 "9" 18:19:53.598995568
[2023-07-19T18:19:56Z INFO  dt_instance] received at 2023-07-19 18:19:56.855251088 UTC - from mc-13->source-5 "8" 18:19:56.848419803
[2023-07-19T18:19:59Z INFO  dt_instance] received at 2023-07-19 18:19:59.393677277 UTC - from mc-13->source-5 "13" 18:19:59.355797748
[2023-07-19T18:20:01Z INFO  dt_instance] received at 2023-07-19 18:20:01.872457259 UTC - from mc-13->source-1 "28" 18:20:01.871067715
[2023-07-19T18:20:04Z INFO  dt_instance] received at 2023-07-19 18:20:04.377715625 UTC - from mc-13->source-1 "33" 18:20:04.376568759
[2023-07-19T18:20:06Z INFO  dt_instance] received at 2023-07-19 18:20:06.884805281 UTC - from mc-13->source-1 "38" 18:20:06.883528819
[2023-07-19T18:20:09Z INFO  dt_instance] received at 2023-07-19 18:20:09.392519588 UTC - from mc-13->source-1 "43" 18:20:09.391044967
[2023-07-19T18:20:11Z INFO  dt_instance] received at 2023-07-19 18:20:11.898818139 UTC - from mc-13->source-1 "48" 18:20:11.897418118
[2023-07-19T18:20:14Z INFO  dt_instance] received at 2023-07-19 18:20:14.408682573 UTC - from mc-13->source-1 "53" 18:20:14.403239217
[2023-07-19T18:20:16Z INFO  dt_instance] received at 2023-07-19 18:20:16.911029798 UTC - from mc-13->source-1 "58" 18:20:16.909935083
[2023-07-19T18:20:19Z INFO  dt_instance] received at 2023-07-19 18:20:19.416961294 UTC - from mc-13->source-1 "63" 18:20:19.415115326
[2023-07-19T18:20:21Z INFO  dt_instance] received at 2023-07-19 18:20:21.923075675 UTC - from mc-13->source-1 "68" 18:20:21.921727729
[2023-07-19T18:20:24Z INFO  dt_instance] received at 2023-07-19 18:20:24.428820687 UTC - from mc-13->source-1 "73" 18:20:24.427415937
[2023-07-19T18:20:26Z INFO  dt_instance] received at 2023-07-19 18:20:26.936440945 UTC - from mc-13->source-1 "78" 18:20:26.934854351
[2023-07-19T18:20:29Z INFO  dt_instance] received at 2023-07-19 18:20:29.464073790 UTC - from mc-13->source-5 "73" 18:20:29.425690224
[2023-07-19T18:20:31Z INFO  dt_instance] received at 2023-07-19 18:20:31.992065466 UTC - from mc-13->source-5 "78" 18:20:31.932505170
[2023-07-19T18:20:34Z INFO  dt_instance] received at 2023-07-19 18:20:34.466000074 UTC - from mc-13->source-3 "88" 18:20:34.464318339
[2023-07-19T18:20:36Z INFO  dt_instance] received at 2023-07-19 18:20:36.972042005 UTC - from mc-13->source-3 "93" 18:20:36.970603754
[2023-07-19T18:20:39Z INFO  dt_instance] received at 2023-07-19 18:20:39.483372160 UTC - from mc-13->source-3 "98" 18:20:39.481730298
[2023-07-19T18:20:41Z INFO  dt_instance] received at 2023-07-19 18:20:41.989224050 UTC - from mc-13->source-3 "103" 18:20:41.987881382
[2023-07-19T18:20:44Z INFO  dt_instance] received at 2023-07-19 18:20:44.502357348 UTC - from mc-13->source-3 "108" 18:20:44.493019725
[2023-07-19T18:20:47Z INFO  dt_instance] received at 2023-07-19 18:20:47.006825921 UTC - from mc-13->source-3 "113" 18:20:46.999165198
[2023-07-19T18:20:49Z INFO  dt_instance] received at 2023-07-19 18:20:49.556141895 UTC - from mc-13->source-5 "113" 18:20:49.489036745
[2023-07-19T18:20:52Z INFO  dt_instance] received at 2023-07-19 18:20:52.015666704 UTC - from mc-13->source-3 "123" 18:20:52.012899367
[2023-07-19T18:20:54Z INFO  dt_instance] received at 2023-07-19 18:20:54.551533598 UTC - from mc-13->source-5 "123" 18:20:54.502003555
[2023-07-19T18:20:57Z INFO  dt_instance] received at 2023-07-19 18:20:57.042576402 UTC - from mc-13->source-5 "128" 18:20:57.008962463
[2023-07-19T18:20:59Z INFO  dt_instance] received at 2023-07-19 18:20:59.541022451 UTC - from mc-13->source-5 "133" 18:20:59.515785938
[2023-07-19T18:21:02Z INFO  dt_instance] received at 2023-07-19 18:21:02.041100574 UTC - from mc-13->source-5 "138" 18:21:02.020999700
[2023-07-19T18:21:04Z INFO  dt_instance] received at 2023-07-19 18:21:04.547401383 UTC - from mc-13->source-5 "143" 18:21:04.526216053
[2023-07-19T18:21:07Z INFO  dt_instance] received at 2023-07-19 18:21:07.126738637 UTC - from mc-13->source-5 "148" 18:21:07.032206945
[2023-07-19T18:21:09Z INFO  dt_instance] received at 2023-07-19 18:21:09.559209690 UTC - from mc-13->source-3 "158" 18:21:09.557578062
[2023-07-19T18:21:12Z INFO  dt_instance] received at 2023-07-19 18:21:12.065115744 UTC - from mc-13->source-5 "158" 18:21:12.047860280
[2023-07-19T18:21:14Z INFO  dt_instance] received at 2023-07-19 18:21:14.602757715 UTC - from mc-13->source-5 "163" 18:21:14.554552653
[2023-07-19T18:21:17Z INFO  dt_instance] received at 2023-07-19 18:21:17.103256740 UTC - from mc-13->source-5 "168" 18:21:17.059624188
[2023-07-19T18:21:19Z INFO  dt_instance] received at 2023-07-19 18:21:19.586501369 UTC - from mc-13->source-3 "178" 18:21:19.579342452
[2023-07-19T18:21:22Z INFO  dt_instance] received at 2023-07-19 18:21:22.095503065 UTC - from mc-13->source-5 "178" 18:21:22.071047760
[2023-07-19T18:21:24Z INFO  dt_instance] received at 2023-07-19 18:21:24.651298477 UTC - from mc-13->source-5 "183" 18:21:24.576348502
[2023-07-19T18:21:27Z INFO  dt_instance] received at 2023-07-19 18:21:27.163679943 UTC - from mc-13->source-5 "188" 18:21:27.081806981
[2023-07-19T18:21:29Z INFO  dt_instance] received at 2023-07-19 18:21:29.676495733 UTC - from mc-13->source-5 "193" 18:21:29.598461280
[2023-07-19T18:21:32Z INFO  dt_instance] received at 2023-07-19 18:21:32.110566543 UTC - from mc-13->source-1 "208" 18:21:32.108745813
[2023-07-19T18:21:34Z INFO  dt_instance] received at 2023-07-19 18:21:34.635124564 UTC - from mc-13->source-5 "203" 18:21:34.608204753
[2023-07-19T18:21:37Z INFO  dt_instance] received at 2023-07-19 18:21:37.143645301 UTC - from mc-13->source-5 "208" 18:21:37.114988682
[2023-07-19T18:21:39Z INFO  dt_instance] received at 2023-07-19 18:21:39.659629578 UTC - from mc-13->source-5 "213" 18:21:39.620383689
[2023-07-19T18:21:42Z INFO  dt_instance] received at 2023-07-19 18:21:42.139323378 UTC - from mc-13->source-1 "228" 18:21:42.136043123
[2023-07-19T18:21:44Z INFO  dt_instance] received at 2023-07-19 18:21:44.653873381 UTC - from mc-13->source-3 "228" 18:21:44.652077846
[2023-07-19T18:21:47Z INFO  dt_instance] received at 2023-07-19 18:21:47.160044550 UTC - from mc-13->source-3 "233" 18:21:47.157929014
[2023-07-19T18:21:49Z INFO  dt_instance] received at 2023-07-19 18:21:49.698687410 UTC - from mc-13->source-5 "233" 18:21:49.645131685
[2023-07-19T18:21:52Z INFO  dt_instance] received at 2023-07-19 18:21:52.197970619 UTC - from mc-13->source-5 "238" 18:21:52.150108709
[2023-07-19T18:21:54Z INFO  dt_instance] received at 2023-07-19 18:21:54.678768852 UTC - from mc-13->source-1 "253" 18:21:54.677673686
[2023-07-19T18:21:57Z INFO  dt_instance] received at 2023-07-19 18:21:57.189999429 UTC - from mc-13->source-5 "248" 18:21:57.160147554
[2023-07-19T18:21:59Z INFO  dt_instance] received at 2023-07-19 18:21:59.696603350 UTC - from mc-13->source-1 "263" 18:21:59.695043553
[2023-07-19T18:22:02Z INFO  dt_instance] received at 2023-07-19 18:22:02.218666099 UTC - from mc-13->source-5 "258" 18:22:02.176485235
[2023-07-19T18:22:04Z INFO  dt_instance] received at 2023-07-19 18:22:04.728104323 UTC - from mc-13->source-5 "263" 18:22:04.684936610
[2023-07-19T18:22:07Z INFO  dt_instance] received at 2023-07-19 18:22:07.216342539 UTC - from mc-13->source-1 "278" 18:22:07.214868947
[2023-07-19T18:22:09Z INFO  dt_instance] received at 2023-07-19 18:22:09.721862153 UTC - from mc-13->source-1 "283" 18:22:09.720415412
[2023-07-19T18:22:12Z INFO  dt_instance] received at 2023-07-19 18:22:12.227899310 UTC - from mc-13->source-1 "288" 18:22:12.226711843
[2023-07-19T18:22:14Z INFO  dt_instance] received at 2023-07-19 18:22:14.759046175 UTC - from mc-13->source-5 "283" 18:22:14.709001472
[2023-07-19T18:22:17Z INFO  dt_instance] received at 2023-07-19 18:22:17.243265315 UTC - from mc-13->source-1 "298" 18:22:17.241906492
[2023-07-19T18:22:19Z INFO  dt_instance] received at 2023-07-19 18:22:19.751586050 UTC - from mc-13->source-1 "303" 18:22:19.749083461
[2023-07-19T18:22:22Z INFO  dt_instance] received at 2023-07-19 18:22:22.257719006 UTC - from mc-13->source-1 "308" 18:22:22.254140867
[2023-07-19T18:22:24Z INFO  dt_instance] received at 2023-07-19 18:22:24.763628105 UTC - from mc-13->source-1 "313" 18:22:24.759899240
[2023-07-19T18:22:27Z INFO  dt_instance] received at 2023-07-19 18:22:27.268742391 UTC - from mc-13->source-1 "318" 18:22:27.266607620
[2023-07-19T18:22:29Z INFO  dt_instance] received at 2023-07-19 18:22:29.821030891 UTC - from mc-13->source-5 "313" 18:22:29.753477762
[2023-07-19T18:22:32Z INFO  dt_instance] received at 2023-07-19 18:22:32.318730725 UTC - from mc-13->source-5 "318" 18:22:32.258943113
[2023-07-19T18:22:34Z INFO  dt_instance] received at 2023-07-19 18:22:34.787373995 UTC - from mc-13->source-1 "333" 18:22:34.784497489
[2023-07-19T18:22:37Z INFO  dt_instance] received at 2023-07-19 18:22:37.290600078 UTC - from mc-13->source-1 "338" 18:22:37.289128750
[2023-07-19T18:22:39Z INFO  dt_instance] received at 2023-07-19 18:22:39.797788347 UTC - from mc-13->source-1 "343" 18:22:39.795976983
[2023-07-19T18:22:42Z INFO  dt_instance] received at 2023-07-19 18:22:42.302894021 UTC - from mc-13->source-3 "343" 18:22:42.301477549
[2023-07-19T18:22:44Z INFO  dt_instance] received at 2023-07-19 18:22:44.828613792 UTC - from mc-13->source-5 "343" 18:22:44.793362574
[2023-07-19T18:22:47Z INFO  dt_instance] received at 2023-07-19 18:22:47.319206103 UTC - from mc-13->source-1 "358" 18:22:47.315727054
[2023-07-19T18:22:49Z INFO  dt_instance] received at 2023-07-19 18:22:49.843601672 UTC - from mc-13->source-5 "353" 18:22:49.806901741
[2023-07-19T18:22:52Z INFO  dt_instance] received at 2023-07-19 18:22:52.329099629 UTC - from mc-13->source-1 "368" 18:22:52.326276390
[2023-07-19T18:22:54Z INFO  dt_instance] received at 2023-07-19 18:22:54.850104665 UTC - from mc-13->source-5 "363" 18:22:54.819238435
[2023-07-19T18:22:57Z INFO  dt_instance] received at 2023-07-19 18:22:57.338197116 UTC - from mc-13->source-1 "378" 18:22:57.336087484
[2023-07-19T18:22:59Z INFO  dt_instance] received at 2023-07-19 18:22:59.845798464 UTC - from mc-13->source-1 "383" 18:22:59.844517631
[2023-07-19T18:23:02Z INFO  dt_instance] received at 2023-07-19 18:23:02.354110101 UTC - from mc-13->source-1 "388" 18:23:02.351110747
[2023-07-19T18:23:04Z INFO  dt_instance] received at 2023-07-19 18:23:04.925045306 UTC - from mc-13->source-5 "383" 18:23:04.843510645
[2023-07-19T18:23:07Z INFO  dt_instance] received at 2023-07-19 18:23:07.366220071 UTC - from mc-13->source-1 "398" 18:23:07.364014947
[2023-07-19T18:23:09Z INFO  dt_instance] received at 2023-07-19 18:23:09.905325903 UTC - from mc-13->source-5 "393" 18:23:09.855319830
[2023-07-19T18:23:12Z INFO  dt_instance] received at 2023-07-19 18:23:12.415579999 UTC - from mc-13->source-5 "398" 18:23:12.361884853
[2023-07-19T18:23:14Z INFO  dt_instance] received at 2023-07-19 18:23:14.909446749 UTC - from mc-13->source-5 "403" 18:23:14.866975885
[2023-07-19T18:23:17Z INFO  dt_instance] received at 2023-07-19 18:23:17.414746284 UTC - from mc-13->source-5 "408" 18:23:17.374062167
[2023-07-19T18:23:19Z INFO  dt_instance] received at 2023-07-19 18:23:19.915530739 UTC - from mc-13->source-1 "423" 18:23:19.893565205
[2023-07-19T18:23:22Z INFO  dt_instance] received at 2023-07-19 18:23:22.412668526 UTC - from mc-13->source-5 "418" 18:23:22.387573354
[2023-07-19T18:23:24Z INFO  dt_instance] received at 2023-07-19 18:23:24.917498923 UTC - from mc-13->source-1 "433" 18:23:24.908759529
[2023-07-19T18:23:27Z INFO  dt_instance] received at 2023-07-19 18:23:27.414923684 UTC - from mc-13->source-1 "438" 18:23:27.413215278
[2023-07-19T18:23:29Z INFO  dt_instance] received at 2023-07-19 18:23:29.921222026 UTC - from mc-13->source-1 "443" 18:23:29.918940940
[2023-07-19T18:23:32Z INFO  dt_instance] received at 2023-07-19 18:23:32.429975784 UTC - from mc-13->source-1 "448" 18:23:32.425913703
[2023-07-19T18:23:34Z INFO  dt_instance] received at 2023-07-19 18:23:34.983589255 UTC - from mc-13->source-5 "443" 18:23:34.919042655
[2023-07-19T18:23:37Z INFO  dt_instance] received at 2023-07-19 18:23:37.444958135 UTC - from mc-13->source-1 "458" 18:23:37.437951918
[2023-07-19T18:23:39Z INFO  dt_instance] received at 2023-07-19 18:23:39.947617218 UTC - from mc-13->source-1 "463" 18:23:39.944528608
[2023-07-19T18:23:42Z INFO  dt_instance] received at 2023-07-19 18:23:42.467434245 UTC - from mc-13->source-1 "468" 18:23:42.450432517
[2023-07-19T18:23:44Z INFO  dt_instance] received at 2023-07-19 18:23:44.967548724 UTC - from mc-13->source-1 "473" 18:23:44.960794497
[2023-07-19T18:23:47Z INFO  dt_instance] received at 2023-07-19 18:23:47.471635950 UTC - from mc-13->source-5 "468" 18:23:47.468021808
[2023-07-19T18:23:49Z INFO  dt_instance] received at 2023-07-19 18:23:49.987828451 UTC - from mc-13->source-3 "478" 18:23:49.973244925
[2023-07-19T18:23:52Z INFO  dt_instance] received at 2023-07-19 18:23:52.480331708 UTC - from mc-13->source-3 "483" 18:23:52.477997314
[2023-07-19T18:23:54Z INFO  dt_instance] received at 2023-07-19 18:23:54.996889224 UTC - from mc-13->source-5 "483" 18:23:54.984806394
[2023-07-19T18:23:57Z INFO  dt_instance] received at 2023-07-19 18:23:57.496499343 UTC - from mc-13->source-3 "493" 18:23:57.491388814
[2023-07-19T18:24:00Z INFO  dt_instance] received at 2023-07-19 18:24:00.007200268 UTC - from mc-13->source-5 "493" 18:23:59.996716836
[2023-07-19T18:24:02Z INFO  dt_instance] received at 2023-07-19 18:24:02.511671495 UTC - from mc-13->source-3 "503" 18:24:02.502477849
[2023-07-19T18:24:05Z INFO  dt_instance] received at 2023-07-19 18:24:05.019265513 UTC - from mc-13->source-9 "493" 18:24:05.009392868
[2023-07-19T18:24:07Z INFO  dt_instance] received at 2023-07-19 18:24:07.521701752 UTC - from mc-13->source-5 "508" 18:24:07.517275532
[2023-07-19T18:24:10Z INFO  dt_instance] received at 2023-07-19 18:24:10.033125745 UTC - from mc-13->source-5 "513" 18:24:10.025389635
[2023-07-19T18:24:12Z INFO  dt_instance] received at 2023-07-19 18:24:12.548484150 UTC - from mc-13->source-5 "518" 18:24:12.533195393
[2023-07-19T18:24:15Z INFO  dt_instance] received at 2023-07-19 18:24:15.072427535 UTC - from mc-13->source-5 "523" 18:24:15.038003228
[2023-07-19T18:24:17Z INFO  dt_instance] received at 2023-07-19 18:24:17.554954787 UTC - from mc-13->source-5 "528" 18:24:17.546660900
[2023-07-19T18:24:20Z INFO  dt_instance] received at 2023-07-19 18:24:20.066418257 UTC - from mc-13->source-5 "533" 18:24:20.051716209
[2023-07-19T18:24:22Z INFO  dt_instance] received at 2023-07-19 18:24:22.572407667 UTC - from mc-13->source-5 "538" 18:24:22.559028544
[2023-07-19T18:24:25Z INFO  dt_instance] received at 2023-07-19 18:24:25.077201545 UTC - from mc-13->source-5 "543" 18:24:25.065722024
[2023-07-19T18:24:27Z INFO  dt_instance] received at 2023-07-19 18:24:27.579863318 UTC - from mc-13->source-3 "553" 18:24:27.571214847
[2023-07-19T18:24:30Z INFO  dt_instance] received at 2023-07-19 18:24:30.089937490 UTC - from mc-13->source-5 "553" 18:24:30.082216199
[2023-07-19T18:24:32Z INFO  dt_instance] received at 2023-07-19 18:24:32.608677472 UTC - from mc-13->source-5 "558" 18:24:32.588362404
[2023-07-19T18:24:35Z INFO  dt_instance] received at 2023-07-19 18:24:35.098366834 UTC - from mc-13->source-5 "563" 18:24:35.094780524
[2023-07-19T18:24:37Z INFO  dt_instance] received at 2023-07-19 18:24:37.628181666 UTC - from mc-13->source-5 "568" 18:24:37.601670246
[2023-07-19T18:24:40Z INFO  dt_instance] received at 2023-07-19 18:24:40.196498728 UTC - from mc-13->source-5 "573" 18:24:40.106443051
[2023-07-19T18:24:42Z INFO  dt_instance] received at 2023-07-19 18:24:42.647370982 UTC - from mc-13->source-3 "583" 18:24:42.614961757
[2023-07-19T18:24:45Z INFO  dt_instance] received at 2023-07-19 18:24:45.142837835 UTC - from mc-13->source-5 "583" 18:24:45.120459949
[2023-07-19T18:24:47Z INFO  dt_instance] received at 2023-07-19 18:24:47.634437693 UTC - from mc-13->source-5 "588" 18:24:47.627845068
[2023-07-19T18:24:50Z INFO  dt_instance] received at 2023-07-19 18:24:50.152248340 UTC - from mc-13->source-5 "593" 18:24:50.132127879
[2023-07-19T18:24:52Z INFO  dt_instance] received at 2023-07-19 18:24:52.647126445 UTC - from mc-13->source-1 "608" 18:24:52.637550421
[2023-07-19T18:24:55Z INFO  dt_instance] received at 2023-07-19 18:24:55.160680320 UTC - from mc-13->source-3 "608" 18:24:55.146796100
[2023-07-19T18:24:57Z INFO  dt_instance] received at 2023-07-19 18:24:57.680087061 UTC - from mc-13->source-5 "608" 18:24:57.650851310
[2023-07-19T18:25:00Z INFO  dt_instance] received at 2023-07-19 18:25:00.171279936 UTC - from mc-13->source-5 "613" 18:25:00.155807399
[2023-07-19T18:25:02Z INFO  dt_instance] received at 2023-07-19 18:25:02.687572176 UTC - from mc-13->source-5 "618" 18:25:02.661459820
[2023-07-19T18:25:05Z INFO  dt_instance] received at 2023-07-19 18:25:05.191107349 UTC - from mc-13->source-3 "628" 18:25:05.174525355
[2023-07-19T18:25:07Z INFO  dt_instance] received at 2023-07-19 18:25:07.684184893 UTC - from mc-13->source-3 "633" 18:25:07.679268113
[2023-07-19T18:25:10Z INFO  dt_instance] received at 2023-07-19 18:25:10.187879266 UTC - from mc-13->source-3 "638" 18:25:10.185827129
[2023-07-19T18:25:12Z INFO  dt_instance] received at 2023-07-19 18:25:12.693623121 UTC - from mc-13->source-3 "643" 18:25:12.691303681
[2023-07-19T18:25:15Z INFO  dt_instance] received at 2023-07-19 18:25:15.206740533 UTC - from mc-13->source-5 "643" 18:25:15.188257048
[2023-07-19T18:25:17Z INFO  dt_instance] received at 2023-07-19 18:25:17.704670653 UTC - from mc-13->source-3 "653" 18:25:17.701173455
[2023-07-19T18:25:20Z INFO  dt_instance] received at 2023-07-19 18:25:20.214668147 UTC - from mc-13->source-5 "653" 18:25:20.202323710
[2023-07-19T18:25:22Z INFO  dt_instance] received at 2023-07-19 18:25:22.732384858 UTC - from mc-13->source-3 "663" 18:25:22.717697303
[2023-07-19T18:25:25Z INFO  dt_instance] received at 2023-07-19 18:25:25.238903814 UTC - from mc-13->source-3 "668" 18:25:25.223375881
[2023-07-19T18:25:27Z INFO  dt_instance] received at 2023-07-19 18:25:27.731621563 UTC - from mc-13->source-3 "673" 18:25:27.729915231
[2023-07-19T18:25:30Z INFO  dt_instance] received at 2023-07-19 18:25:30.239772873 UTC - from mc-13->source-3 "678" 18:25:30.235790431
[2023-07-19T18:25:32Z INFO  dt_instance] received at 2023-07-19 18:25:32.744788710 UTC - from mc-13->source-3 "683" 18:25:32.741805776
[2023-07-19T18:25:35Z INFO  dt_instance] received at 2023-07-19 18:25:35.250830614 UTC - from mc-13->source-5 "683" 18:25:35.237263515
[2023-07-19T18:25:37Z INFO  dt_instance] received at 2023-07-19 18:25:37.754944333 UTC - from mc-13->source-3 "693" 18:25:37.752717224
[2023-07-19T18:25:40Z INFO  dt_instance] received at 2023-07-19 18:25:40.281559661 UTC - from mc-13->source-5 "693" 18:25:40.249288410
[2023-07-19T18:25:42Z INFO  dt_instance] received at 2023-07-19 18:25:42.773521364 UTC - from mc-13->source-5 "698" 18:25:42.757395988
[2023-07-19T18:25:45Z INFO  dt_instance] received at 2023-07-19 18:25:45.283820854 UTC - from mc-13->source-3 "708" 18:25:45.269471637
[2023-07-19T18:25:47Z INFO  dt_instance] received at 2023-07-19 18:25:47.788356415 UTC - from mc-13->source-5 "708" 18:25:47.769727251
[2023-07-19T18:25:50Z INFO  dt_instance] received at 2023-07-19 18:25:50.305368947 UTC - from mc-13->source-5 "713" 18:25:50.275270655
[2023-07-19T18:25:52Z INFO  dt_instance] received at 2023-07-19 18:25:52.829337408 UTC - from mc-13->source-5 "718" 18:25:52.795106652
[2023-07-19T18:25:55Z INFO  dt_instance] received at 2023-07-19 18:25:55.310880305 UTC - from mc-13->source-5 "723" 18:25:55.302505965
[2023-07-19T18:25:57Z INFO  dt_instance] received at 2023-07-19 18:25:57.857840788 UTC - from mc-13->source-5 "728" 18:25:57.811234902
[2023-07-19T18:26:00Z INFO  dt_instance] received at 2023-07-19 18:26:00.334013946 UTC - from mc-13->source-5 "733" 18:26:00.321480268
[2023-07-19T18:26:02Z INFO  dt_instance] received at 2023-07-19 18:26:02.844217280 UTC - from mc-13->source-3 "743" 18:26:02.827468085
[2023-07-19T18:26:05Z INFO  dt_instance] received at 2023-07-19 18:26:05.341088252 UTC - from mc-13->source-5 "743" 18:26:05.334236549
[2023-07-19T18:26:07Z INFO  dt_instance] received at 2023-07-19 18:26:07.857415615 UTC - from mc-13->source-5 "748" 18:26:07.846207165
[2023-07-19T18:26:10Z INFO  dt_instance] received at 2023-07-19 18:26:10.371418161 UTC - from mc-13->source-5 "753" 18:26:10.352693691
[2023-07-19T18:26:12Z INFO  dt_instance] received at 2023-07-19 18:26:12.866952074 UTC - from mc-13->source-5 "758" 18:26:12.859030806
[2023-07-19T18:26:15Z INFO  dt_instance] received at 2023-07-19 18:26:15.375954812 UTC - from mc-13->source-5 "763" 18:26:15.366750764
[2023-07-19T18:26:17Z INFO  dt_instance] received at 2023-07-19 18:26:17.886778426 UTC - from mc-13->source-5 "768" 18:26:17.872469527
[2023-07-19T18:26:20Z INFO  dt_instance] received at 2023-07-19 18:26:20.445496250 UTC - from mc-13->source-5 "773" 18:26:20.378436156
[2023-07-19T18:26:22Z INFO  dt_instance] received at 2023-07-19 18:26:22.893089316 UTC - from mc-13->source-5 "778" 18:26:22.884952867
[2023-07-19T18:26:25Z INFO  dt_instance] received at 2023-07-19 18:26:25.400829391 UTC - from mc-13->source-7 "778" 18:26:25.390816495
[2023-07-19T18:26:27Z INFO  dt_instance] received at 2023-07-19 18:26:27.910115218 UTC - from mc-13->source-5 "788" 18:26:27.896499037
[2023-07-19T18:26:30Z INFO  dt_instance] received at 2023-07-19 18:26:30.420178769 UTC - from mc-13->source-5 "793" 18:26:30.401219647
[2023-07-19T18:26:32Z INFO  dt_instance] received at 2023-07-19 18:26:32.917098873 UTC - from mc-13->source-1 "808" 18:26:32.911921700
[2023-07-19T18:26:35Z INFO  dt_instance] received at 2023-07-19 18:26:35.447660117 UTC - from mc-13->source-5 "803" 18:26:35.412744306
[2023-07-19T18:26:37Z INFO  dt_instance] received at 2023-07-19 18:26:37.943529068 UTC - from mc-13->source-5 "808" 18:26:37.918222461
[2023-07-19T18:26:40Z INFO  dt_instance] received at 2023-07-19 18:26:40.443729197 UTC - from mc-13->source-5 "813" 18:26:40.425568754
[2023-07-19T18:26:42Z INFO  dt_instance] received at 2023-07-19 18:26:42.963714584 UTC - from mc-13->source-1 "828" 18:26:42.935916653
[2023-07-19T18:26:45Z INFO  dt_instance] received at 2023-07-19 18:26:45.458100026 UTC - from mc-13->source-7 "818" 18:26:45.437341615
[2023-07-19T18:26:47Z INFO  dt_instance] received at 2023-07-19 18:26:47.952456993 UTC - from mc-13->source-1 "838" 18:26:47.950614583
[2023-07-19T18:26:50Z INFO  dt_instance] received at 2023-07-19 18:26:50.461543312 UTC - from mc-13->source-5 "833" 18:26:50.451444252
[2023-07-19T18:26:52Z INFO  dt_instance] received at 2023-07-19 18:26:52.965943753 UTC - from mc-13->source-1 "848" 18:26:52.961819537
[2023-07-19T18:26:55Z INFO  dt_instance] received at 2023-07-19 18:26:55.482109896 UTC - from mc-13->source-1 "853" 18:26:55.466058242
[2023-07-19T18:26:57Z INFO  dt_instance] received at 2023-07-19 18:26:57.977045070 UTC - from mc-13->source-7 "843" 18:26:57.973435560
[2023-07-19T18:27:00Z INFO  dt_instance] received at 2023-07-19 18:27:00.495976641 UTC - from mc-13->source-7 "848" 18:27:00.479548402
[2023-07-19T18:27:02Z INFO  dt_instance] received at 2023-07-19 18:27:02.998957941 UTC - from mc-13->source-7 "853" 18:27:02.985994703
[2023-07-19T18:27:05Z INFO  dt_instance] received at 2023-07-19 18:27:05.511551952 UTC - from mc-13->source-5 "863" 18:27:05.494307618
[2023-07-19T18:27:08Z INFO  dt_instance] received at 2023-07-19 18:27:08.020636749 UTC - from mc-13->source-5 "868" 18:27:08.000244640
[2023-07-19T18:27:10Z INFO  dt_instance] received at 2023-07-19 18:27:10.524052419 UTC - from mc-13->source-7 "868" 18:27:10.521854547
[2023-07-19T18:27:13Z INFO  dt_instance] received at 2023-07-19 18:27:13.029473988 UTC - from mc-13->source-7 "873" 18:27:13.027652237
[2023-07-19T18:27:15Z INFO  dt_instance] received at 2023-07-19 18:27:15.557732575 UTC - from mc-13->source-5 "883" 18:27:15.550094678
[2023-07-19T18:27:18Z INFO  dt_instance] received at 2023-07-19 18:27:18.057914390 UTC - from mc-13->source-7 "883" 18:27:18.054993591
[2023-07-19T18:27:20Z INFO  dt_instance] received at 2023-07-19 18:27:20.564257643 UTC - from mc-13->source-5 "893" 18:27:20.562334548
[2023-07-19T18:27:23Z INFO  dt_instance] received at 2023-07-19 18:27:23.092141509 UTC - from mc-13->source-3 "903" 18:27:23.067866489
[2023-07-19T18:27:25Z INFO  dt_instance] received at 2023-07-19 18:27:25.577431081 UTC - from mc-13->source-5 "903" 18:27:25.574807805
[2023-07-19T18:27:28Z INFO  dt_instance] received at 2023-07-19 18:27:28.083636400 UTC - from mc-13->source-5 "908" 18:27:28.080672187
[2023-07-19T18:27:30Z INFO  dt_instance] received at 2023-07-19 18:27:30.596710380 UTC - from mc-13->source-5 "913" 18:27:30.585453977
[2023-07-19T18:27:33Z INFO  dt_instance] received at 2023-07-19 18:27:33.094826425 UTC - from mc-13->source-7 "913" 18:27:33.091984204
[2023-07-19T18:27:35Z INFO  dt_instance] received at 2023-07-19 18:27:35.604231200 UTC - from mc-13->source-5 "923" 18:27:35.597631071
[2023-07-19T18:27:38Z INFO  dt_instance] received at 2023-07-19 18:27:38.108517274 UTC - from mc-13->source-5 "928" 18:27:38.103541758
[2023-07-19T18:27:40Z INFO  dt_instance] received at 2023-07-19 18:27:40.621886463 UTC - from mc-13->source-5 "933" 18:27:40.610155920
[2023-07-19T18:27:43Z INFO  dt_instance] received at 2023-07-19 18:27:43.119034256 UTC - from mc-13->source-5 "938" 18:27:43.117436875
[2023-07-19T18:27:45Z INFO  dt_instance] received at 2023-07-19 18:27:45.625624949 UTC - from mc-13->source-5 "943" 18:27:45.622269385
[2023-07-19T18:27:48Z INFO  dt_instance] received at 2023-07-19 18:27:48.129466787 UTC - from mc-13->source-5 "948" 18:27:48.127093532
[2023-07-19T18:27:50Z INFO  dt_instance] received at 2023-07-19 18:27:50.634391249 UTC - from mc-13->source-5 "953" 18:27:50.632212981
[2023-07-19T18:27:53Z INFO  dt_instance] received at 2023-07-19 18:27:53.139638703 UTC - from mc-13->source-5 "958" 18:27:53.137152723
[2023-07-19T18:27:55Z INFO  dt_instance] received at 2023-07-19 18:27:55.646828441 UTC - from mc-13->source-5 "963" 18:27:55.643058706
[2023-07-19T18:27:58Z INFO  dt_instance] received at 2023-07-19 18:27:58.158400995 UTC - from mc-13->source-5 "968" 18:27:58.152125171
[2023-07-19T18:28:00Z INFO  dt_instance] received at 2023-07-19 18:28:00.665096544 UTC - from mc-13->source-5 "973" 18:28:00.658254720
[2023-07-19T18:28:03Z INFO  dt_instance] received at 2023-07-19 18:28:03.169397656 UTC - from mc-13->source-3 "983" 18:28:03.163798069
[2023-07-19T18:28:05Z INFO  dt_instance] received at 2023-07-19 18:28:05.672861329 UTC - from mc-13->source-5 "983" 18:28:05.669121339
[2023-07-19T18:28:08Z INFO  dt_instance] received at 2023-07-19 18:28:08.297665878 UTC - from mc-13->source-6 "986" 18:28:08.295275679
[2023-07-19T18:28:11Z INFO  dt_instance] received at 2023-07-19 18:28:11.610886331 UTC - from mc-13->source-9 "985" 18:28:11.607941751
[2023-07-19T18:28:18Z INFO  dt_instance] received at 2023-07-19 18:28:18.632805431 UTC - from mc-13->source-9 "999" 18:28:18.627176370
