[2023-07-19T18:08:59Z INFO  dt_instance] Current Twin: mc-twin-26
[2023-07-19T18:08:59Z INFO  dt_instance] Replica Name twin-mc-stateful-26
[2023-07-19T18:08:59Z INFO  dt_instance] Sleeping for 1300
[2023-07-19T18:30:39Z INFO  dt_instance] Connecting to broker at emqx.dtwins:1883
[2023-07-19T18:30:39Z INFO  dt_instance] Loggin info each 50 messages
[2023-07-19T18:30:39Z INFO  dt_instance] Set max packet size to 60000 KB.
[2023-07-19T18:30:39Z INFO  dt_instance] Refreshing topics for twin - Listen to mc-26/#
[2023-07-19T18:30:39Z INFO  dt_instance] SubAck { pkid: 1, return_codes: [Success(ExactlyOnce)] }
[2023-07-19T18:31:43Z INFO  dt_instance] received at 2023-07-19 18:31:43.226984921 UTC - from mc-26->source-2 "9" 18:31:43.225345321
[2023-07-19T18:31:46Z INFO  dt_instance] received at 2023-07-19 18:31:46.482121510 UTC - from mc-26->source-3 "13" 18:31:46.480767612
[2023-07-19T18:31:49Z INFO  dt_instance] received at 2023-07-19 18:31:49.013449834 UTC - from mc-26->source-1 "23" 18:31:49.011174895
[2023-07-19T18:31:51Z INFO  dt_instance] received at 2023-07-19 18:31:51.518090531 UTC - from mc-26->source-1 "28" 18:31:51.516869168
[2023-07-19T18:31:54Z INFO  dt_instance] received at 2023-07-19 18:31:54.029575921 UTC - from mc-26->source-1 "33" 18:31:54.028295399
[2023-07-19T18:31:56Z INFO  dt_instance] received at 2023-07-19 18:31:56.535382591 UTC - from mc-26->source-1 "38" 18:31:56.533622156
[2023-07-19T18:31:59Z INFO  dt_instance] received at 2023-07-19 18:31:59.041364447 UTC - from mc-26->source-1 "43" 18:31:59.039212753
[2023-07-19T18:32:01Z INFO  dt_instance] received at 2023-07-19 18:32:01.547284154 UTC - from mc-26->source-1 "48" 18:32:01.545587752
[2023-07-19T18:32:04Z INFO  dt_instance] received at 2023-07-19 18:32:04.051734952 UTC - from mc-26->source-1 "53" 18:32:04.050634624
[2023-07-19T18:32:06Z INFO  dt_instance] received at 2023-07-19 18:32:06.557032751 UTC - from mc-26->source-1 "58" 18:32:06.555648494
[2023-07-19T18:32:09Z INFO  dt_instance] received at 2023-07-19 18:32:09.064429261 UTC - from mc-26->source-1 "63" 18:32:09.061576805
[2023-07-19T18:32:11Z INFO  dt_instance] received at 2023-07-19 18:32:11.567900826 UTC - from mc-26->source-1 "68" 18:32:11.566101982
[2023-07-19T18:32:14Z INFO  dt_instance] received at 2023-07-19 18:32:14.076392766 UTC - from mc-26->source-1 "73" 18:32:14.073815201
[2023-07-19T18:32:16Z INFO  dt_instance] received at 2023-07-19 18:32:16.580720695 UTC - from mc-26->source-1 "78" 18:32:16.579015146
[2023-07-19T18:32:19Z INFO  dt_instance] received at 2023-07-19 18:32:19.085815332 UTC - from mc-26->source-1 "83" 18:32:19.084489956
[2023-07-19T18:32:21Z INFO  dt_instance] received at 2023-07-19 18:32:21.592996484 UTC - from mc-26->source-1 "88" 18:32:21.591676941
[2023-07-19T18:32:24Z INFO  dt_instance] received at 2023-07-19 18:32:24.097279035 UTC - from mc-26->source-1 "93" 18:32:24.096202509
[2023-07-19T18:32:26Z INFO  dt_instance] received at 2023-07-19 18:32:26.603513029 UTC - from mc-26->source-1 "98" 18:32:26.600829723
[2023-07-19T18:32:29Z INFO  dt_instance] received at 2023-07-19 18:32:29.107123406 UTC - from mc-26->source-1 "103" 18:32:29.105877524
[2023-07-19T18:32:31Z INFO  dt_instance] received at 2023-07-19 18:32:31.613422880 UTC - from mc-26->source-1 "108" 18:32:31.612012803
[2023-07-19T18:32:34Z INFO  dt_instance] received at 2023-07-19 18:32:34.119031315 UTC - from mc-26->source-1 "113" 18:32:34.117831331
[2023-07-19T18:32:36Z INFO  dt_instance] received at 2023-07-19 18:32:36.625545293 UTC - from mc-26->source-1 "118" 18:32:36.624569917
[2023-07-19T18:32:39Z INFO  dt_instance] received at 2023-07-19 18:32:39.130773844 UTC - from mc-26->source-3 "118" 18:32:39.129484759
[2023-07-19T18:32:41Z INFO  dt_instance] received at 2023-07-19 18:32:41.637244700 UTC - from mc-26->source-3 "123" 18:32:41.636152053
[2023-07-19T18:32:44Z INFO  dt_instance] received at 2023-07-19 18:32:44.144765593 UTC - from mc-26->source-1 "133" 18:32:44.141425411
[2023-07-19T18:32:46Z INFO  dt_instance] received at 2023-07-19 18:32:46.651309890 UTC - from mc-26->source-3 "133" 18:32:46.649843404
[2023-07-19T18:32:49Z INFO  dt_instance] received at 2023-07-19 18:32:49.156898975 UTC - from mc-26->source-3 "138" 18:32:49.155770501
[2023-07-19T18:32:51Z INFO  dt_instance] received at 2023-07-19 18:32:51.663765806 UTC - from mc-26->source-3 "143" 18:32:51.662821718
[2023-07-19T18:32:54Z INFO  dt_instance] received at 2023-07-19 18:32:54.170127903 UTC - from mc-26->source-3 "148" 18:32:54.168821475
[2023-07-19T18:32:56Z INFO  dt_instance] received at 2023-07-19 18:32:56.675744796 UTC - from mc-26->source-3 "153" 18:32:56.674126850
[2023-07-19T18:32:59Z INFO  dt_instance] received at 2023-07-19 18:32:59.181331077 UTC - from mc-26->source-3 "158" 18:32:59.180015327
[2023-07-19T18:33:01Z INFO  dt_instance] received at 2023-07-19 18:33:01.686866007 UTC - from mc-26->source-3 "163" 18:33:01.685024879
[2023-07-19T18:33:04Z INFO  dt_instance] received at 2023-07-19 18:33:04.195575499 UTC - from mc-26->source-3 "168" 18:33:04.194223946
[2023-07-19T18:33:06Z INFO  dt_instance] received at 2023-07-19 18:33:06.701793948 UTC - from mc-26->source-3 "173" 18:33:06.700418390
[2023-07-19T18:33:09Z INFO  dt_instance] received at 2023-07-19 18:33:09.206548177 UTC - from mc-26->source-3 "178" 18:33:09.205304231
[2023-07-19T18:33:11Z INFO  dt_instance] received at 2023-07-19 18:33:11.715868335 UTC - from mc-26->source-3 "183" 18:33:11.711318979
[2023-07-19T18:33:14Z INFO  dt_instance] received at 2023-07-19 18:33:14.222438377 UTC - from mc-26->source-3 "188" 18:33:14.216537200
[2023-07-19T18:33:16Z INFO  dt_instance] received at 2023-07-19 18:33:16.725750538 UTC - from mc-26->source-3 "193" 18:33:16.724290518
[2023-07-19T18:33:19Z INFO  dt_instance] received at 2023-07-19 18:33:19.230807693 UTC - from mc-26->source-3 "198" 18:33:19.229343841
[2023-07-19T18:33:21Z INFO  dt_instance] received at 2023-07-19 18:33:21.738378670 UTC - from mc-26->source-3 "203" 18:33:21.736472180
[2023-07-19T18:33:24Z INFO  dt_instance] received at 2023-07-19 18:33:24.242838814 UTC - from mc-26->source-3 "208" 18:33:24.241607081
[2023-07-19T18:33:26Z INFO  dt_instance] received at 2023-07-19 18:33:26.748914560 UTC - from mc-26->source-3 "213" 18:33:26.747022734
[2023-07-19T18:33:29Z INFO  dt_instance] received at 2023-07-19 18:33:29.256026650 UTC - from mc-26->source-3 "218" 18:33:29.254567236
[2023-07-19T18:33:31Z INFO  dt_instance] received at 2023-07-19 18:33:31.764852699 UTC - from mc-26->source-3 "223" 18:33:31.762127403
[2023-07-19T18:33:34Z INFO  dt_instance] received at 2023-07-19 18:33:34.270238633 UTC - from mc-26->source-3 "228" 18:33:34.268649246
[2023-07-19T18:33:36Z INFO  dt_instance] received at 2023-07-19 18:33:36.775386415 UTC - from mc-26->source-3 "233" 18:33:36.774226555
[2023-07-19T18:33:39Z INFO  dt_instance] received at 2023-07-19 18:33:39.292608724 UTC - from mc-26->source-3 "238" 18:33:39.291257339
[2023-07-19T18:33:41Z INFO  dt_instance] received at 2023-07-19 18:33:41.797178693 UTC - from mc-26->source-3 "243" 18:33:41.796059932
[2023-07-19T18:33:44Z INFO  dt_instance] received at 2023-07-19 18:33:44.306187732 UTC - from mc-26->source-3 "248" 18:33:44.304582814
[2023-07-19T18:33:46Z INFO  dt_instance] received at 2023-07-19 18:33:46.823466987 UTC - from mc-26->source-3 "253" 18:33:46.810532155
[2023-07-19T18:33:49Z INFO  dt_instance] received at 2023-07-19 18:33:49.318060896 UTC - from mc-26->source-3 "258" 18:33:49.316375490
[2023-07-19T18:33:51Z INFO  dt_instance] received at 2023-07-19 18:33:51.824753710 UTC - from mc-26->source-3 "263" 18:33:51.822517952
[2023-07-19T18:33:54Z INFO  dt_instance] received at 2023-07-19 18:33:54.329822443 UTC - from mc-26->source-3 "268" 18:33:54.328397823
[2023-07-19T18:33:56Z INFO  dt_instance] received at 2023-07-19 18:33:56.835972081 UTC - from mc-26->source-3 "273" 18:33:56.834494990
[2023-07-19T18:33:59Z INFO  dt_instance] received at 2023-07-19 18:33:59.340244283 UTC - from mc-26->source-3 "278" 18:33:59.339009441
[2023-07-19T18:34:01Z INFO  dt_instance] received at 2023-07-19 18:34:01.847371846 UTC - from mc-26->source-3 "283" 18:34:01.846421274
[2023-07-19T18:34:04Z INFO  dt_instance] received at 2023-07-19 18:34:04.353863858 UTC - from mc-26->source-3 "288" 18:34:04.352903204
[2023-07-19T18:34:06Z INFO  dt_instance] received at 2023-07-19 18:34:06.862178769 UTC - from mc-26->source-3 "293" 18:34:06.860798096
[2023-07-19T18:34:09Z INFO  dt_instance] received at 2023-07-19 18:34:09.368888585 UTC - from mc-26->source-3 "298" 18:34:09.367305645
[2023-07-19T18:34:11Z INFO  dt_instance] received at 2023-07-19 18:34:11.876837653 UTC - from mc-26->source-3 "303" 18:34:11.873437028
[2023-07-19T18:34:14Z INFO  dt_instance] received at 2023-07-19 18:34:14.379509926 UTC - from mc-26->source-3 "308" 18:34:14.378338156
[2023-07-19T18:34:16Z INFO  dt_instance] received at 2023-07-19 18:34:16.884943586 UTC - from mc-26->source-3 "313" 18:34:16.883653840
[2023-07-19T18:34:19Z INFO  dt_instance] received at 2023-07-19 18:34:19.390588574 UTC - from mc-26->source-3 "318" 18:34:19.388938115
[2023-07-19T18:34:21Z INFO  dt_instance] received at 2023-07-19 18:34:21.896441299 UTC - from mc-26->source-3 "323" 18:34:21.895065150
[2023-07-19T18:34:24Z INFO  dt_instance] received at 2023-07-19 18:34:24.403111148 UTC - from mc-26->source-3 "328" 18:34:24.401287406
[2023-07-19T18:34:26Z INFO  dt_instance] received at 2023-07-19 18:34:26.908452307 UTC - from mc-26->source-3 "333" 18:34:26.906892412
[2023-07-19T18:34:29Z INFO  dt_instance] received at 2023-07-19 18:34:29.420290040 UTC - from mc-26->source-3 "338" 18:34:29.417652068
[2023-07-19T18:34:31Z INFO  dt_instance] received at 2023-07-19 18:34:31.924626458 UTC - from mc-26->source-3 "343" 18:34:31.923388493
[2023-07-19T18:34:34Z INFO  dt_instance] received at 2023-07-19 18:34:34.430747248 UTC - from mc-26->source-3 "348" 18:34:34.428920274
[2023-07-19T18:34:36Z INFO  dt_instance] received at 2023-07-19 18:34:36.936310067 UTC - from mc-26->source-3 "353" 18:34:36.935270104
[2023-07-19T18:34:39Z INFO  dt_instance] received at 2023-07-19 18:34:39.444440497 UTC - from mc-26->source-3 "358" 18:34:39.443210082
[2023-07-19T18:34:41Z INFO  dt_instance] received at 2023-07-19 18:34:41.949865575 UTC - from mc-26->source-3 "363" 18:34:41.948528728
[2023-07-19T18:34:44Z INFO  dt_instance] received at 2023-07-19 18:34:44.457427271 UTC - from mc-26->source-3 "368" 18:34:44.452843605
[2023-07-19T18:34:46Z INFO  dt_instance] received at 2023-07-19 18:34:46.961002629 UTC - from mc-26->source-3 "373" 18:34:46.959587629
[2023-07-19T18:34:49Z INFO  dt_instance] received at 2023-07-19 18:34:49.466499546 UTC - from mc-26->source-3 "378" 18:34:49.465370474
[2023-07-19T18:34:51Z INFO  dt_instance] received at 2023-07-19 18:34:51.972302392 UTC - from mc-26->source-3 "383" 18:34:51.970731781
[2023-07-19T18:34:54Z INFO  dt_instance] received at 2023-07-19 18:34:54.478030909 UTC - from mc-26->source-3 "388" 18:34:54.476843612
[2023-07-19T18:34:56Z INFO  dt_instance] received at 2023-07-19 18:34:56.984539057 UTC - from mc-26->source-3 "393" 18:34:56.982947439
[2023-07-19T18:34:59Z INFO  dt_instance] received at 2023-07-19 18:34:59.490300720 UTC - from mc-26->source-3 "398" 18:34:59.489158497
[2023-07-19T18:35:01Z INFO  dt_instance] received at 2023-07-19 18:35:01.995832299 UTC - from mc-26->source-3 "403" 18:35:01.993961525
[2023-07-19T18:35:04Z INFO  dt_instance] received at 2023-07-19 18:35:04.501540708 UTC - from mc-26->source-3 "408" 18:35:04.500240570
[2023-07-19T18:35:07Z INFO  dt_instance] received at 2023-07-19 18:35:07.007620949 UTC - from mc-26->source-3 "413" 18:35:07.006299951
[2023-07-19T18:35:09Z INFO  dt_instance] received at 2023-07-19 18:35:09.514005606 UTC - from mc-26->source-3 "418" 18:35:09.511538740
[2023-07-19T18:35:12Z INFO  dt_instance] received at 2023-07-19 18:35:12.019009693 UTC - from mc-26->source-3 "423" 18:35:12.017709528
[2023-07-19T18:35:14Z INFO  dt_instance] received at 2023-07-19 18:35:14.530136386 UTC - from mc-26->source-3 "428" 18:35:14.528671096
[2023-07-19T18:35:17Z INFO  dt_instance] received at 2023-07-19 18:35:17.036624972 UTC - from mc-26->source-3 "433" 18:35:17.034560879
[2023-07-19T18:35:19Z INFO  dt_instance] received at 2023-07-19 18:35:19.546648488 UTC - from mc-26->source-3 "438" 18:35:19.540881515
[2023-07-19T18:35:22Z INFO  dt_instance] received at 2023-07-19 18:35:22.049522110 UTC - from mc-26->source-3 "443" 18:35:22.048416261
[2023-07-19T18:35:24Z INFO  dt_instance] received at 2023-07-19 18:35:24.555509590 UTC - from mc-26->source-3 "448" 18:35:24.554180395
[2023-07-19T18:35:27Z INFO  dt_instance] received at 2023-07-19 18:35:27.060791789 UTC - from mc-26->source-3 "453" 18:35:27.059279190
[2023-07-19T18:35:29Z INFO  dt_instance] received at 2023-07-19 18:35:29.567311395 UTC - from mc-26->source-3 "458" 18:35:29.564046444
[2023-07-19T18:35:32Z INFO  dt_instance] received at 2023-07-19 18:35:32.072099857 UTC - from mc-26->source-3 "463" 18:35:32.070749781
[2023-07-19T18:35:34Z INFO  dt_instance] received at 2023-07-19 18:35:34.578372848 UTC - from mc-26->source-3 "468" 18:35:34.576863309
[2023-07-19T18:35:37Z INFO  dt_instance] received at 2023-07-19 18:35:37.085878990 UTC - from mc-26->source-3 "473" 18:35:37.083499487
[2023-07-19T18:35:39Z INFO  dt_instance] received at 2023-07-19 18:35:39.592782635 UTC - from mc-26->source-3 "478" 18:35:39.589353988
[2023-07-19T18:35:42Z INFO  dt_instance] received at 2023-07-19 18:35:42.094988506 UTC - from mc-26->source-3 "483" 18:35:42.093991399
[2023-07-19T18:35:44Z INFO  dt_instance] received at 2023-07-19 18:35:44.605314468 UTC - from mc-26->source-3 "488" 18:35:44.600756438
[2023-07-19T18:35:47Z INFO  dt_instance] received at 2023-07-19 18:35:47.107524244 UTC - from mc-26->source-3 "493" 18:35:47.106169280
[2023-07-19T18:35:49Z INFO  dt_instance] received at 2023-07-19 18:35:49.635699589 UTC - from mc-26->source-3 "498" 18:35:49.611774368
[2023-07-19T18:35:52Z INFO  dt_instance] received at 2023-07-19 18:35:52.123770247 UTC - from mc-26->source-3 "503" 18:35:52.119218172
[2023-07-19T18:35:54Z INFO  dt_instance] received at 2023-07-19 18:35:54.625596753 UTC - from mc-26->source-3 "508" 18:35:54.624546628
[2023-07-19T18:35:57Z INFO  dt_instance] received at 2023-07-19 18:35:57.135346232 UTC - from mc-26->source-3 "513" 18:35:57.134106373
[2023-07-19T18:35:59Z INFO  dt_instance] received at 2023-07-19 18:35:59.643028483 UTC - from mc-26->source-3 "518" 18:35:59.641837471
[2023-07-19T18:36:02Z INFO  dt_instance] received at 2023-07-19 18:36:02.148728130 UTC - from mc-26->source-3 "523" 18:36:02.147216934
[2023-07-19T18:36:04Z INFO  dt_instance] received at 2023-07-19 18:36:04.655757629 UTC - from mc-26->source-3 "528" 18:36:04.654596018
[2023-07-19T18:36:07Z INFO  dt_instance] received at 2023-07-19 18:36:07.161825045 UTC - from mc-26->source-3 "533" 18:36:07.160442478
[2023-07-19T18:36:09Z INFO  dt_instance] received at 2023-07-19 18:36:09.667338562 UTC - from mc-26->source-3 "538" 18:36:09.665744025
[2023-07-19T18:36:12Z INFO  dt_instance] received at 2023-07-19 18:36:12.176796656 UTC - from mc-26->source-3 "543" 18:36:12.172688969
[2023-07-19T18:36:14Z INFO  dt_instance] received at 2023-07-19 18:36:14.679478562 UTC - from mc-26->source-3 "548" 18:36:14.678193911
[2023-07-19T18:36:17Z INFO  dt_instance] received at 2023-07-19 18:36:17.184939356 UTC - from mc-26->source-3 "553" 18:36:17.183579070
[2023-07-19T18:36:19Z INFO  dt_instance] received at 2023-07-19 18:36:19.690621857 UTC - from mc-26->source-3 "558" 18:36:19.689468397
[2023-07-19T18:36:22Z INFO  dt_instance] received at 2023-07-19 18:36:22.196617557 UTC - from mc-26->source-3 "563" 18:36:22.195038611
[2023-07-19T18:36:24Z INFO  dt_instance] received at 2023-07-19 18:36:24.702492333 UTC - from mc-26->source-3 "568" 18:36:24.700952622
[2023-07-19T18:36:27Z INFO  dt_instance] received at 2023-07-19 18:36:27.224582233 UTC - from mc-26->source-3 "573" 18:36:27.222343142
[2023-07-19T18:36:29Z INFO  dt_instance] received at 2023-07-19 18:36:29.731407083 UTC - from mc-26->source-3 "578" 18:36:29.727181436
[2023-07-19T18:36:32Z INFO  dt_instance] received at 2023-07-19 18:36:32.236075051 UTC - from mc-26->source-3 "583" 18:36:32.233785575
[2023-07-19T18:36:34Z INFO  dt_instance] received at 2023-07-19 18:36:34.742139577 UTC - from mc-26->source-3 "588" 18:36:34.740818159
[2023-07-19T18:36:37Z INFO  dt_instance] received at 2023-07-19 18:36:37.248041739 UTC - from mc-26->source-3 "593" 18:36:37.246877422
[2023-07-19T18:36:39Z INFO  dt_instance] received at 2023-07-19 18:36:39.754112863 UTC - from mc-26->source-3 "598" 18:36:39.752121945
[2023-07-19T18:36:42Z INFO  dt_instance] received at 2023-07-19 18:36:42.258092619 UTC - from mc-26->source-3 "603" 18:36:42.257047748
[2023-07-19T18:36:44Z INFO  dt_instance] received at 2023-07-19 18:36:44.765037366 UTC - from mc-26->source-3 "608" 18:36:44.764149891
[2023-07-19T18:36:47Z INFO  dt_instance] received at 2023-07-19 18:36:47.274076299 UTC - from mc-26->source-3 "613" 18:36:47.270700803
[2023-07-19T18:36:49Z INFO  dt_instance] received at 2023-07-19 18:36:49.777126352 UTC - from mc-26->source-3 "618" 18:36:49.775068746
[2023-07-19T18:36:52Z INFO  dt_instance] received at 2023-07-19 18:36:52.287381180 UTC - from mc-26->source-3 "623" 18:36:52.286389060
[2023-07-19T18:36:54Z INFO  dt_instance] received at 2023-07-19 18:36:54.796066387 UTC - from mc-26->source-3 "628" 18:36:54.792957714
[2023-07-19T18:36:57Z INFO  dt_instance] received at 2023-07-19 18:36:57.301674150 UTC - from mc-26->source-3 "633" 18:36:57.298267639
[2023-07-19T18:36:59Z INFO  dt_instance] received at 2023-07-19 18:36:59.805685605 UTC - from mc-26->source-3 "638" 18:36:59.803932735
[2023-07-19T18:37:02Z INFO  dt_instance] received at 2023-07-19 18:37:02.312038369 UTC - from mc-26->source-3 "643" 18:37:02.310809644
[2023-07-19T18:37:04Z INFO  dt_instance] received at 2023-07-19 18:37:04.818748043 UTC - from mc-26->source-3 "648" 18:37:04.817211476
[2023-07-19T18:37:07Z INFO  dt_instance] received at 2023-07-19 18:37:07.325826447 UTC - from mc-26->source-3 "653" 18:37:07.324642732
[2023-07-19T18:37:09Z INFO  dt_instance] received at 2023-07-19 18:37:09.832259593 UTC - from mc-26->source-3 "658" 18:37:09.829732321
[2023-07-19T18:37:12Z INFO  dt_instance] received at 2023-07-19 18:37:12.336253440 UTC - from mc-26->source-3 "663" 18:37:12.334910441
[2023-07-19T18:37:14Z INFO  dt_instance] received at 2023-07-19 18:37:14.842726258 UTC - from mc-26->source-3 "668" 18:37:14.841373717
[2023-07-19T18:37:17Z INFO  dt_instance] received at 2023-07-19 18:37:17.349153492 UTC - from mc-26->source-3 "673" 18:37:17.347644755
[2023-07-19T18:37:19Z INFO  dt_instance] received at 2023-07-19 18:37:19.853885083 UTC - from mc-26->source-3 "678" 18:37:19.852399962
[2023-07-19T18:37:22Z INFO  dt_instance] received at 2023-07-19 18:37:22.358547331 UTC - from mc-26->source-3 "683" 18:37:22.357079821
[2023-07-19T18:37:24Z INFO  dt_instance] received at 2023-07-19 18:37:24.863583491 UTC - from mc-26->source-3 "688" 18:37:24.862133738
[2023-07-19T18:37:27Z INFO  dt_instance] received at 2023-07-19 18:37:27.369117101 UTC - from mc-26->source-3 "693" 18:37:27.367787597
[2023-07-19T18:37:29Z INFO  dt_instance] received at 2023-07-19 18:37:29.887240147 UTC - from mc-26->source-3 "698" 18:37:29.880415524
[2023-07-19T18:37:32Z INFO  dt_instance] received at 2023-07-19 18:37:32.386418566 UTC - from mc-26->source-3 "703" 18:37:32.384855965
[2023-07-19T18:37:34Z INFO  dt_instance] received at 2023-07-19 18:37:34.894837946 UTC - from mc-26->source-3 "708" 18:37:34.892078702
[2023-07-19T18:37:37Z INFO  dt_instance] received at 2023-07-19 18:37:37.401199821 UTC - from mc-26->source-3 "713" 18:37:37.400104377
[2023-07-19T18:37:39Z INFO  dt_instance] received at 2023-07-19 18:37:39.907074681 UTC - from mc-26->source-3 "718" 18:37:39.905166499
[2023-07-19T18:37:42Z INFO  dt_instance] received at 2023-07-19 18:37:42.412486580 UTC - from mc-26->source-3 "723" 18:37:42.411065375
[2023-07-19T18:37:44Z INFO  dt_instance] received at 2023-07-19 18:37:44.919376687 UTC - from mc-26->source-3 "728" 18:37:44.917590541
[2023-07-19T18:37:47Z INFO  dt_instance] received at 2023-07-19 18:37:47.424787232 UTC - from mc-26->source-3 "733" 18:37:47.423415563
[2023-07-19T18:37:49Z INFO  dt_instance] received at 2023-07-19 18:37:49.930282183 UTC - from mc-26->source-3 "738" 18:37:49.929158636
[2023-07-19T18:37:52Z INFO  dt_instance] received at 2023-07-19 18:37:52.438553144 UTC - from mc-26->source-3 "743" 18:37:52.437112008
[2023-07-19T18:37:54Z INFO  dt_instance] received at 2023-07-19 18:37:54.945854657 UTC - from mc-26->source-3 "748" 18:37:54.944334015
[2023-07-19T18:37:57Z INFO  dt_instance] received at 2023-07-19 18:37:57.450593117 UTC - from mc-26->source-3 "753" 18:37:57.449243207
[2023-07-19T18:37:59Z INFO  dt_instance] received at 2023-07-19 18:37:59.955077356 UTC - from mc-26->source-3 "758" 18:37:59.954004417
[2023-07-19T18:38:02Z INFO  dt_instance] received at 2023-07-19 18:38:02.462149854 UTC - from mc-26->source-3 "763" 18:38:02.460746899
[2023-07-19T18:38:04Z INFO  dt_instance] received at 2023-07-19 18:38:04.968817556 UTC - from mc-26->source-3 "768" 18:38:04.967243503
[2023-07-19T18:38:07Z INFO  dt_instance] received at 2023-07-19 18:38:07.474740410 UTC - from mc-26->source-3 "773" 18:38:07.473415348
[2023-07-19T18:38:09Z INFO  dt_instance] received at 2023-07-19 18:38:09.980817799 UTC - from mc-26->source-3 "778" 18:38:09.978937232
[2023-07-19T18:38:12Z INFO  dt_instance] received at 2023-07-19 18:38:12.486235126 UTC - from mc-26->source-3 "783" 18:38:12.484082293
[2023-07-19T18:38:14Z INFO  dt_instance] received at 2023-07-19 18:38:14.992072524 UTC - from mc-26->source-3 "788" 18:38:14.990301102
[2023-07-19T18:38:17Z INFO  dt_instance] received at 2023-07-19 18:38:17.497469276 UTC - from mc-26->source-3 "793" 18:38:17.495663210
[2023-07-19T18:38:20Z INFO  dt_instance] received at 2023-07-19 18:38:20.003073 UTC - from mc-26->source-3 "798" 18:38:20.001423073
[2023-07-19T18:38:22Z INFO  dt_instance] received at 2023-07-19 18:38:22.509277472 UTC - from mc-26->source-3 "803" 18:38:22.507694219
[2023-07-19T18:38:25Z INFO  dt_instance] received at 2023-07-19 18:38:25.019359199 UTC - from mc-26->source-3 "808" 18:38:25.012138537
[2023-07-19T18:38:27Z INFO  dt_instance] received at 2023-07-19 18:38:27.519380693 UTC - from mc-26->source-3 "813" 18:38:27.517848918
[2023-07-19T18:38:30Z INFO  dt_instance] received at 2023-07-19 18:38:30.036002735 UTC - from mc-26->source-3 "818" 18:38:30.034516875
[2023-07-19T18:38:32Z INFO  dt_instance] received at 2023-07-19 18:38:32.541285154 UTC - from mc-26->source-3 "823" 18:38:32.539703862
[2023-07-19T18:38:35Z INFO  dt_instance] received at 2023-07-19 18:38:35.046927735 UTC - from mc-26->source-3 "828" 18:38:35.045301829
[2023-07-19T18:38:37Z INFO  dt_instance] received at 2023-07-19 18:38:37.551655348 UTC - from mc-26->source-3 "833" 18:38:37.550166073
[2023-07-19T18:38:40Z INFO  dt_instance] received at 2023-07-19 18:38:40.058824813 UTC - from mc-26->source-3 "838" 18:38:40.056679556
[2023-07-19T18:38:42Z INFO  dt_instance] received at 2023-07-19 18:38:42.569260558 UTC - from mc-26->source-3 "843" 18:38:42.562523657
[2023-07-19T18:38:45Z INFO  dt_instance] received at 2023-07-19 18:38:45.071435024 UTC - from mc-26->source-3 "848" 18:38:45.069864334
[2023-07-19T18:38:47Z INFO  dt_instance] received at 2023-07-19 18:38:47.577182812 UTC - from mc-26->source-3 "853" 18:38:47.575836345
[2023-07-19T18:38:50Z INFO  dt_instance] received at 2023-07-19 18:38:50.082982605 UTC - from mc-26->source-3 "858" 18:38:50.081365317
[2023-07-19T18:38:52Z INFO  dt_instance] received at 2023-07-19 18:38:52.589989072 UTC - from mc-26->source-3 "863" 18:38:52.587401351
[2023-07-19T18:38:55Z INFO  dt_instance] received at 2023-07-19 18:38:55.094658336 UTC - from mc-26->source-3 "868" 18:38:55.092867353
[2023-07-19T18:38:57Z INFO  dt_instance] received at 2023-07-19 18:38:57.601064084 UTC - from mc-26->source-3 "873" 18:38:57.599485908
[2023-07-19T18:39:00Z INFO  dt_instance] received at 2023-07-19 18:39:00.106685310 UTC - from mc-26->source-3 "878" 18:39:00.105321035
[2023-07-19T18:39:02Z INFO  dt_instance] received at 2023-07-19 18:39:02.612591039 UTC - from mc-26->source-3 "883" 18:39:02.611183762
[2023-07-19T18:39:05Z INFO  dt_instance] received at 2023-07-19 18:39:05.118390509 UTC - from mc-26->source-3 "888" 18:39:05.116883332
[2023-07-19T18:39:07Z INFO  dt_instance] received at 2023-07-19 18:39:07.624183192 UTC - from mc-26->source-3 "893" 18:39:07.622975100
[2023-07-19T18:39:10Z INFO  dt_instance] received at 2023-07-19 18:39:10.134918877 UTC - from mc-26->source-3 "898" 18:39:10.129815148
[2023-07-19T18:39:12Z INFO  dt_instance] received at 2023-07-19 18:39:12.643708846 UTC - from mc-26->source-3 "903" 18:39:12.635722861
[2023-07-19T18:39:15Z INFO  dt_instance] received at 2023-07-19 18:39:15.142493308 UTC - from mc-26->source-3 "908" 18:39:15.141237024
[2023-07-19T18:39:17Z INFO  dt_instance] received at 2023-07-19 18:39:17.648969431 UTC - from mc-26->source-3 "913" 18:39:17.647281847
[2023-07-19T18:39:20Z INFO  dt_instance] received at 2023-07-19 18:39:20.154368519 UTC - from mc-26->source-3 "918" 18:39:20.152939448
[2023-07-19T18:39:22Z INFO  dt_instance] received at 2023-07-19 18:39:22.660298972 UTC - from mc-26->source-3 "923" 18:39:22.659286312
[2023-07-19T18:39:25Z INFO  dt_instance] received at 2023-07-19 18:39:25.166133655 UTC - from mc-26->source-3 "928" 18:39:25.164325561
[2023-07-19T18:39:27Z INFO  dt_instance] received at 2023-07-19 18:39:27.671080932 UTC - from mc-26->source-3 "933" 18:39:27.669643759
[2023-07-19T18:39:30Z INFO  dt_instance] received at 2023-07-19 18:39:30.176001844 UTC - from mc-26->source-3 "938" 18:39:30.174217924
[2023-07-19T18:39:32Z INFO  dt_instance] received at 2023-07-19 18:39:32.681385087 UTC - from mc-26->source-3 "943" 18:39:32.679531001
[2023-07-19T18:39:35Z INFO  dt_instance] received at 2023-07-19 18:39:35.187616751 UTC - from mc-26->source-3 "948" 18:39:35.185790124
[2023-07-19T18:39:37Z INFO  dt_instance] received at 2023-07-19 18:39:37.692620155 UTC - from mc-26->source-3 "953" 18:39:37.691319044
[2023-07-19T18:39:40Z INFO  dt_instance] received at 2023-07-19 18:39:40.197710923 UTC - from mc-26->source-3 "958" 18:39:40.196255797
[2023-07-19T18:39:42Z INFO  dt_instance] received at 2023-07-19 18:39:42.703192176 UTC - from mc-26->source-3 "963" 18:39:42.701704003
[2023-07-19T18:39:45Z INFO  dt_instance] received at 2023-07-19 18:39:45.208634158 UTC - from mc-26->source-3 "968" 18:39:45.207242104
[2023-07-19T18:39:47Z INFO  dt_instance] received at 2023-07-19 18:39:47.715893243 UTC - from mc-26->source-3 "973" 18:39:47.714600688
[2023-07-19T18:39:50Z INFO  dt_instance] received at 2023-07-19 18:39:50.222146626 UTC - from mc-26->source-3 "978" 18:39:50.220334957
[2023-07-19T18:39:52Z INFO  dt_instance] received at 2023-07-19 18:39:52.729414014 UTC - from mc-26->source-3 "983" 18:39:52.724985813
[2023-07-19T18:39:55Z INFO  dt_instance] received at 2023-07-19 18:39:55.231478848 UTC - from mc-26->source-3 "988" 18:39:55.229972756
[2023-07-19T18:39:57Z INFO  dt_instance] received at 2023-07-19 18:39:57.886281316 UTC - from mc-26->source-8 "981" 18:39:57.884713207
[2023-07-19T18:40:01Z INFO  dt_instance] received at 2023-07-19 18:40:01.203904353 UTC - from mc-26->source-5 "995" 18:40:01.202255932
[2023-07-19T18:40:08Z INFO  dt_instance] received at 2023-07-19 18:40:08.219657288 UTC - from mc-26->source-9 "999" 18:40:08.217886979
