[2023-07-19T18:08:21Z INFO  dt_instance] Current Twin: mc-twin-18
[2023-07-19T18:08:21Z INFO  dt_instance] Replica Name twin-mc-stateful-18
[2023-07-19T18:08:21Z INFO  dt_instance] Sleeping for 900
[2023-07-19T18:23:21Z INFO  dt_instance] Connecting to broker at emqx.dtwins:1883
[2023-07-19T18:23:21Z INFO  dt_instance] Loggin info each 50 messages
[2023-07-19T18:23:21Z INFO  dt_instance] Set max packet size to 60000 KB.
[2023-07-19T18:23:21Z INFO  dt_instance] Refreshing topics for twin - Listen to mc-18/#
[2023-07-19T18:23:21Z INFO  dt_instance] SubAck { pkid: 1, return_codes: [Success(ExactlyOnce)] }
[2023-07-19T18:24:27Z INFO  dt_instance] received at 2023-07-19 18:24:27.454686758 UTC - from mc-18->source-2 "9" 18:24:27.452657255
[2023-07-19T18:24:30Z INFO  dt_instance] received at 2023-07-19 18:24:30.707177448 UTC - from mc-18->source-3 "13" 18:24:30.706231346
[2023-07-19T18:24:33Z INFO  dt_instance] received at 2023-07-19 18:24:33.254009882 UTC - from mc-18->source-1 "23" 18:24:33.237714904
[2023-07-19T18:24:35Z INFO  dt_instance] received at 2023-07-19 18:24:35.811234686 UTC - from mc-18->source-9 "8" 18:24:35.701843673
[2023-07-19T18:24:38Z INFO  dt_instance] received at 2023-07-19 18:24:38.293627996 UTC - from mc-18->source-1 "33" 18:24:38.247938369
[2023-07-19T18:24:40Z INFO  dt_instance] received at 2023-07-19 18:24:40.781983936 UTC - from mc-18->source-1 "38" 18:24:40.754507174
[2023-07-19T18:24:43Z INFO  dt_instance] received at 2023-07-19 18:24:43.262752494 UTC - from mc-18->source-1 "43" 18:24:43.259276997
[2023-07-19T18:24:45Z INFO  dt_instance] received at 2023-07-19 18:24:45.769208561 UTC - from mc-18->source-1 "48" 18:24:45.766936191
[2023-07-19T18:24:48Z INFO  dt_instance] received at 2023-07-19 18:24:48.318195388 UTC - from mc-18->source-1 "53" 18:24:48.275573524
[2023-07-19T18:24:50Z INFO  dt_instance] received at 2023-07-19 18:24:50.782021622 UTC - from mc-18->source-1 "58" 18:24:50.780153740
[2023-07-19T18:24:53Z INFO  dt_instance] received at 2023-07-19 18:24:53.297495375 UTC - from mc-18->source-1 "63" 18:24:53.286378628
[2023-07-19T18:24:55Z INFO  dt_instance] received at 2023-07-19 18:24:55.924535396 UTC - from mc-18->source-1 "68" 18:24:55.799438218
[2023-07-19T18:24:58Z INFO  dt_instance] received at 2023-07-19 18:24:58.310797831 UTC - from mc-18->source-1 "73" 18:24:58.305464213
[2023-07-19T18:25:00Z INFO  dt_instance] received at 2023-07-19 18:25:00.864893642 UTC - from mc-18->source-1 "78" 18:25:00.810468476
[2023-07-19T18:25:03Z INFO  dt_instance] received at 2023-07-19 18:25:03.331215686 UTC - from mc-18->source-1 "83" 18:25:03.315261722
[2023-07-19T18:25:05Z INFO  dt_instance] received at 2023-07-19 18:25:05.821574706 UTC - from mc-18->source-1 "88" 18:25:05.820358377
[2023-07-19T18:25:08Z INFO  dt_instance] received at 2023-07-19 18:25:08.340361607 UTC - from mc-18->source-1 "93" 18:25:08.326206871
[2023-07-19T18:25:10Z INFO  dt_instance] received at 2023-07-19 18:25:10.843902299 UTC - from mc-18->source-1 "98" 18:25:10.832841281
[2023-07-19T18:25:13Z INFO  dt_instance] received at 2023-07-19 18:25:13.340583671 UTC - from mc-18->source-1 "103" 18:25:13.338293879
[2023-07-19T18:25:15Z INFO  dt_instance] received at 2023-07-19 18:25:15.845591008 UTC - from mc-18->source-1 "108" 18:25:15.844123761
[2023-07-19T18:25:18Z INFO  dt_instance] received at 2023-07-19 18:25:18.365761716 UTC - from mc-18->source-1 "113" 18:25:18.349584202
[2023-07-19T18:25:20Z INFO  dt_instance] received at 2023-07-19 18:25:20.856396318 UTC - from mc-18->source-1 "118" 18:25:20.854351528
[2023-07-19T18:25:23Z INFO  dt_instance] received at 2023-07-19 18:25:23.368545724 UTC - from mc-18->source-1 "123" 18:25:23.359632639
[2023-07-19T18:25:25Z INFO  dt_instance] received at 2023-07-19 18:25:25.876140633 UTC - from mc-18->source-1 "128" 18:25:25.864915682
[2023-07-19T18:25:28Z INFO  dt_instance] received at 2023-07-19 18:25:28.372619928 UTC - from mc-18->source-1 "133" 18:25:28.370295364
[2023-07-19T18:25:30Z INFO  dt_instance] received at 2023-07-19 18:25:30.921788490 UTC - from mc-18->source-1 "138" 18:25:30.876222689
[2023-07-19T18:25:33Z INFO  dt_instance] received at 2023-07-19 18:25:33.389825663 UTC - from mc-18->source-1 "143" 18:25:33.381408889
[2023-07-19T18:25:35Z INFO  dt_instance] received at 2023-07-19 18:25:35.888592593 UTC - from mc-18->source-1 "148" 18:25:35.886117850
[2023-07-19T18:25:38Z INFO  dt_instance] received at 2023-07-19 18:25:38.394946578 UTC - from mc-18->source-1 "153" 18:25:38.391867785
[2023-07-19T18:25:40Z INFO  dt_instance] received at 2023-07-19 18:25:40.907065870 UTC - from mc-18->source-1 "158" 18:25:40.897195069
[2023-07-19T18:25:43Z INFO  dt_instance] received at 2023-07-19 18:25:43.406271630 UTC - from mc-18->source-1 "163" 18:25:43.403128251
[2023-07-19T18:25:45Z INFO  dt_instance] received at 2023-07-19 18:25:45.914186192 UTC - from mc-18->source-1 "168" 18:25:45.908978228
[2023-07-19T18:25:48Z INFO  dt_instance] received at 2023-07-19 18:25:48.419692453 UTC - from mc-18->source-1 "173" 18:25:48.415010104
[2023-07-19T18:25:50Z INFO  dt_instance] received at 2023-07-19 18:25:50.941943875 UTC - from mc-18->source-1 "178" 18:25:50.921928889
[2023-07-19T18:25:53Z INFO  dt_instance] received at 2023-07-19 18:25:53.438295089 UTC - from mc-18->source-1 "183" 18:25:53.428520873
[2023-07-19T18:25:55Z INFO  dt_instance] received at 2023-07-19 18:25:55.937141355 UTC - from mc-18->source-1 "188" 18:25:55.933901297
[2023-07-19T18:25:58Z INFO  dt_instance] received at 2023-07-19 18:25:58.446985329 UTC - from mc-18->source-1 "193" 18:25:58.444799606
[2023-07-19T18:26:00Z INFO  dt_instance] received at 2023-07-19 18:26:00.952702453 UTC - from mc-18->source-1 "198" 18:26:00.950238774
[2023-07-19T18:26:03Z INFO  dt_instance] received at 2023-07-19 18:26:03.457089475 UTC - from mc-18->source-1 "203" 18:26:03.455316892
[2023-07-19T18:26:05Z INFO  dt_instance] received at 2023-07-19 18:26:05.965504063 UTC - from mc-18->source-1 "208" 18:26:05.964001097
[2023-07-19T18:26:08Z INFO  dt_instance] received at 2023-07-19 18:26:08.481937211 UTC - from mc-18->source-1 "213" 18:26:08.471254973
[2023-07-19T18:26:10Z INFO  dt_instance] received at 2023-07-19 18:26:10.979914619 UTC - from mc-18->source-1 "218" 18:26:10.976871993
[2023-07-19T18:26:13Z INFO  dt_instance] received at 2023-07-19 18:26:13.485808279 UTC - from mc-18->source-1 "223" 18:26:13.481955607
[2023-07-19T18:26:15Z INFO  dt_instance] received at 2023-07-19 18:26:15.990332584 UTC - from mc-18->source-1 "228" 18:26:15.988373065
[2023-07-19T18:26:18Z INFO  dt_instance] received at 2023-07-19 18:26:18.497109967 UTC - from mc-18->source-1 "233" 18:26:18.493183904
[2023-07-19T18:26:21Z INFO  dt_instance] received at 2023-07-19 18:26:21.010205141 UTC - from mc-18->source-1 "238" 18:26:20.998121673
[2023-07-19T18:26:23Z INFO  dt_instance] received at 2023-07-19 18:26:23.505098332 UTC - from mc-18->source-1 "243" 18:26:23.503276463
[2023-07-19T18:26:26Z INFO  dt_instance] received at 2023-07-19 18:26:26.013192383 UTC - from mc-18->source-1 "248" 18:26:26.008510740
[2023-07-19T18:26:28Z INFO  dt_instance] received at 2023-07-19 18:26:28.521890143 UTC - from mc-18->source-1 "253" 18:26:28.512950057
[2023-07-19T18:26:31Z INFO  dt_instance] received at 2023-07-19 18:26:31.028284539 UTC - from mc-18->source-1 "258" 18:26:31.018913851
[2023-07-19T18:26:33Z INFO  dt_instance] received at 2023-07-19 18:26:33.535215975 UTC - from mc-18->source-1 "263" 18:26:33.526152598
[2023-07-19T18:26:36Z INFO  dt_instance] received at 2023-07-19 18:26:36.036219782 UTC - from mc-18->source-1 "268" 18:26:36.032717618
[2023-07-19T18:26:38Z INFO  dt_instance] received at 2023-07-19 18:26:38.559238267 UTC - from mc-18->source-1 "273" 18:26:38.538155507
[2023-07-19T18:26:41Z INFO  dt_instance] received at 2023-07-19 18:26:41.054698942 UTC - from mc-18->source-1 "278" 18:26:41.044010253
[2023-07-19T18:26:43Z INFO  dt_instance] received at 2023-07-19 18:26:43.558558572 UTC - from mc-18->source-1 "283" 18:26:43.550770878
[2023-07-19T18:26:46Z INFO  dt_instance] received at 2023-07-19 18:26:46.057321396 UTC - from mc-18->source-1 "288" 18:26:46.055088764
[2023-07-19T18:26:48Z INFO  dt_instance] received at 2023-07-19 18:26:48.581481301 UTC - from mc-18->source-1 "293" 18:26:48.560270994
[2023-07-19T18:26:51Z INFO  dt_instance] received at 2023-07-19 18:26:51.073279544 UTC - from mc-18->source-1 "298" 18:26:51.067255983
[2023-07-19T18:26:53Z INFO  dt_instance] received at 2023-07-19 18:26:53.575415531 UTC - from mc-18->source-1 "303" 18:26:53.572229291
[2023-07-19T18:26:56Z INFO  dt_instance] received at 2023-07-19 18:26:56.081890052 UTC - from mc-18->source-1 "308" 18:26:56.077585830
[2023-07-19T18:26:58Z INFO  dt_instance] received at 2023-07-19 18:26:58.598451645 UTC - from mc-18->source-1 "313" 18:26:58.585652661
[2023-07-19T18:27:01Z INFO  dt_instance] received at 2023-07-19 18:27:01.100718542 UTC - from mc-18->source-1 "318" 18:27:01.091347892
[2023-07-19T18:27:03Z INFO  dt_instance] received at 2023-07-19 18:27:03.605283680 UTC - from mc-18->source-1 "323" 18:27:03.596427756
[2023-07-19T18:27:06Z INFO  dt_instance] received at 2023-07-19 18:27:06.104878606 UTC - from mc-18->source-1 "328" 18:27:06.101036284
[2023-07-19T18:27:08Z INFO  dt_instance] received at 2023-07-19 18:27:08.623005103 UTC - from mc-18->source-1 "333" 18:27:08.614434148
[2023-07-19T18:27:11Z INFO  dt_instance] received at 2023-07-19 18:27:11.127451511 UTC - from mc-18->source-1 "338" 18:27:11.119381025
[2023-07-19T18:27:13Z INFO  dt_instance] received at 2023-07-19 18:27:13.630440652 UTC - from mc-18->source-1 "343" 18:27:13.624667821
[2023-07-19T18:27:16Z INFO  dt_instance] received at 2023-07-19 18:27:16.143841806 UTC - from mc-18->source-1 "348" 18:27:16.130312067
[2023-07-19T18:27:18Z INFO  dt_instance] received at 2023-07-19 18:27:18.648162836 UTC - from mc-18->source-1 "353" 18:27:18.635954756
[2023-07-19T18:27:21Z INFO  dt_instance] received at 2023-07-19 18:27:21.157736403 UTC - from mc-18->source-1 "358" 18:27:21.141243961
[2023-07-19T18:27:23Z INFO  dt_instance] received at 2023-07-19 18:27:23.648558280 UTC - from mc-18->source-1 "363" 18:27:23.646037996
[2023-07-19T18:27:26Z INFO  dt_instance] received at 2023-07-19 18:27:26.155300801 UTC - from mc-18->source-1 "368" 18:27:26.153697148
[2023-07-19T18:27:28Z INFO  dt_instance] received at 2023-07-19 18:27:28.695943237 UTC - from mc-18->source-1 "373" 18:27:28.658730776
[2023-07-19T18:27:31Z INFO  dt_instance] received at 2023-07-19 18:27:31.171344401 UTC - from mc-18->source-1 "378" 18:27:31.163694137
[2023-07-19T18:27:33Z INFO  dt_instance] received at 2023-07-19 18:27:33.672246784 UTC - from mc-18->source-1 "383" 18:27:33.670197635
[2023-07-19T18:27:36Z INFO  dt_instance] received at 2023-07-19 18:27:36.180099092 UTC - from mc-18->source-1 "388" 18:27:36.176700868
[2023-07-19T18:27:38Z INFO  dt_instance] received at 2023-07-19 18:27:38.683611804 UTC - from mc-18->source-1 "393" 18:27:38.681969428
[2023-07-19T18:27:41Z INFO  dt_instance] received at 2023-07-19 18:27:41.190800446 UTC - from mc-18->source-1 "398" 18:27:41.187070451
[2023-07-19T18:27:43Z INFO  dt_instance] received at 2023-07-19 18:27:43.694618435 UTC - from mc-18->source-1 "403" 18:27:43.693409276
[2023-07-19T18:27:46Z INFO  dt_instance] received at 2023-07-19 18:27:46.204261514 UTC - from mc-18->source-1 "408" 18:27:46.198886346
[2023-07-19T18:27:48Z INFO  dt_instance] received at 2023-07-19 18:27:48.709619401 UTC - from mc-18->source-1 "413" 18:27:48.705206227
[2023-07-19T18:27:51Z INFO  dt_instance] received at 2023-07-19 18:27:51.214497913 UTC - from mc-18->source-1 "418" 18:27:51.211721046
[2023-07-19T18:27:53Z INFO  dt_instance] received at 2023-07-19 18:27:53.720588755 UTC - from mc-18->source-1 "423" 18:27:53.717225756
[2023-07-19T18:27:56Z INFO  dt_instance] received at 2023-07-19 18:27:56.228139756 UTC - from mc-18->source-1 "428" 18:27:56.225710548
[2023-07-19T18:27:58Z INFO  dt_instance] received at 2023-07-19 18:27:58.749936275 UTC - from mc-18->source-1 "433" 18:27:58.730360514
[2023-07-19T18:28:01Z INFO  dt_instance] received at 2023-07-19 18:28:01.238045611 UTC - from mc-18->source-1 "438" 18:28:01.235557761
[2023-07-19T18:28:03Z INFO  dt_instance] received at 2023-07-19 18:28:03.742994355 UTC - from mc-18->source-1 "443" 18:28:03.741142690
[2023-07-19T18:28:06Z INFO  dt_instance] received at 2023-07-19 18:28:06.250501465 UTC - from mc-18->source-1 "448" 18:28:06.247804360
[2023-07-19T18:28:08Z INFO  dt_instance] received at 2023-07-19 18:28:08.754302949 UTC - from mc-18->source-1 "453" 18:28:08.752783152
[2023-07-19T18:28:11Z INFO  dt_instance] received at 2023-07-19 18:28:11.259405959 UTC - from mc-18->source-1 "458" 18:28:11.257410157
[2023-07-19T18:28:13Z INFO  dt_instance] received at 2023-07-19 18:28:13.767669629 UTC - from mc-18->source-1 "463" 18:28:13.763058843
[2023-07-19T18:28:16Z INFO  dt_instance] received at 2023-07-19 18:28:16.270247091 UTC - from mc-18->source-1 "468" 18:28:16.268288687
[2023-07-19T18:28:18Z INFO  dt_instance] received at 2023-07-19 18:28:18.776225220 UTC - from mc-18->source-1 "473" 18:28:18.772938355
[2023-07-19T18:28:21Z INFO  dt_instance] received at 2023-07-19 18:28:21.281394347 UTC - from mc-18->source-1 "478" 18:28:21.278911746
[2023-07-19T18:28:23Z INFO  dt_instance] received at 2023-07-19 18:28:23.789604693 UTC - from mc-18->source-1 "483" 18:28:23.785398435
[2023-07-19T18:28:26Z INFO  dt_instance] received at 2023-07-19 18:28:26.294882239 UTC - from mc-18->source-1 "488" 18:28:26.293277538
[2023-07-19T18:28:28Z INFO  dt_instance] received at 2023-07-19 18:28:28.800280953 UTC - from mc-18->source-1 "493" 18:28:28.798254528
[2023-07-19T18:28:31Z INFO  dt_instance] received at 2023-07-19 18:28:31.304876807 UTC - from mc-18->source-1 "498" 18:28:31.302981223
[2023-07-19T18:28:33Z INFO  dt_instance] received at 2023-07-19 18:28:33.816955244 UTC - from mc-18->source-1 "503" 18:28:33.808339228
[2023-07-19T18:28:36Z INFO  dt_instance] received at 2023-07-19 18:28:36.315244165 UTC - from mc-18->source-1 "508" 18:28:36.314124097
[2023-07-19T18:28:38Z INFO  dt_instance] received at 2023-07-19 18:28:38.821680535 UTC - from mc-18->source-1 "513" 18:28:38.819812798
[2023-07-19T18:28:41Z INFO  dt_instance] received at 2023-07-19 18:28:41.328328959 UTC - from mc-18->source-1 "518" 18:28:41.326757752
[2023-07-19T18:28:43Z INFO  dt_instance] received at 2023-07-19 18:28:43.841424655 UTC - from mc-18->source-1 "523" 18:28:43.831777435
[2023-07-19T18:28:46Z INFO  dt_instance] received at 2023-07-19 18:28:46.338745074 UTC - from mc-18->source-1 "528" 18:28:46.337398241
[2023-07-19T18:28:48Z INFO  dt_instance] received at 2023-07-19 18:28:48.844580922 UTC - from mc-18->source-1 "533" 18:28:48.843380828
[2023-07-19T18:28:51Z INFO  dt_instance] received at 2023-07-19 18:28:51.349458021 UTC - from mc-18->source-1 "538" 18:28:51.347988090
[2023-07-19T18:28:53Z INFO  dt_instance] received at 2023-07-19 18:28:53.887241605 UTC - from mc-18->source-1 "543" 18:28:53.853067317
[2023-07-19T18:28:56Z INFO  dt_instance] received at 2023-07-19 18:28:56.361443713 UTC - from mc-18->source-1 "548" 18:28:56.359992829
[2023-07-19T18:28:58Z INFO  dt_instance] received at 2023-07-19 18:28:58.867858219 UTC - from mc-18->source-1 "553" 18:28:58.866254933
[2023-07-19T18:29:01Z INFO  dt_instance] received at 2023-07-19 18:29:01.403844297 UTC - from mc-18->source-1 "558" 18:29:01.389068676
[2023-07-19T18:29:03Z INFO  dt_instance] received at 2023-07-19 18:29:03.907635577 UTC - from mc-18->source-1 "563" 18:29:03.895938544
[2023-07-19T18:29:06Z INFO  dt_instance] received at 2023-07-19 18:29:06.404739570 UTC - from mc-18->source-1 "568" 18:29:06.403605256
[2023-07-19T18:29:08Z INFO  dt_instance] received at 2023-07-19 18:29:08.912144140 UTC - from mc-18->source-1 "573" 18:29:08.910574382
[2023-07-19T18:29:11Z INFO  dt_instance] received at 2023-07-19 18:29:11.417520793 UTC - from mc-18->source-1 "578" 18:29:11.415961294
[2023-07-19T18:29:13Z INFO  dt_instance] received at 2023-07-19 18:29:13.931574524 UTC - from mc-18->source-1 "583" 18:29:13.920973893
[2023-07-19T18:29:16Z INFO  dt_instance] received at 2023-07-19 18:29:16.430963046 UTC - from mc-18->source-1 "588" 18:29:16.429800968
[2023-07-19T18:29:18Z INFO  dt_instance] received at 2023-07-19 18:29:18.937090179 UTC - from mc-18->source-1 "593" 18:29:18.935244463
[2023-07-19T18:29:21Z INFO  dt_instance] received at 2023-07-19 18:29:21.444799765 UTC - from mc-18->source-1 "598" 18:29:21.441669557
[2023-07-19T18:29:23Z INFO  dt_instance] received at 2023-07-19 18:29:23.952509496 UTC - from mc-18->source-1 "603" 18:29:23.947979307
[2023-07-19T18:29:26Z INFO  dt_instance] received at 2023-07-19 18:29:26.454748602 UTC - from mc-18->source-1 "608" 18:29:26.453259907
[2023-07-19T18:29:28Z INFO  dt_instance] received at 2023-07-19 18:29:28.960888794 UTC - from mc-18->source-9 "593" 18:29:28.959416333
[2023-07-19T18:29:31Z INFO  dt_instance] received at 2023-07-19 18:29:31.468179688 UTC - from mc-18->source-9 "598" 18:29:31.466899441
[2023-07-19T18:29:33Z INFO  dt_instance] received at 2023-07-19 18:29:33.975940575 UTC - from mc-18->source-9 "603" 18:29:33.973830388
[2023-07-19T18:29:36Z INFO  dt_instance] received at 2023-07-19 18:29:36.489637672 UTC - from mc-18->source-9 "608" 18:29:36.480891893
[2023-07-19T18:29:38Z INFO  dt_instance] received at 2023-07-19 18:29:38.989291310 UTC - from mc-18->source-9 "613" 18:29:38.987957654
[2023-07-19T18:29:41Z INFO  dt_instance] received at 2023-07-19 18:29:41.496276634 UTC - from mc-18->source-9 "618" 18:29:41.493877530
[2023-07-19T18:29:44Z INFO  dt_instance] received at 2023-07-19 18:29:44.001374930 UTC - from mc-18->source-9 "623" 18:29:44.000294495
[2023-07-19T18:29:46Z INFO  dt_instance] received at 2023-07-19 18:29:46.506594957 UTC - from mc-18->source-9 "628" 18:29:46.504997460
[2023-07-19T18:29:49Z INFO  dt_instance] received at 2023-07-19 18:29:49.012965542 UTC - from mc-18->source-9 "633" 18:29:49.011342635
[2023-07-19T18:29:51Z INFO  dt_instance] received at 2023-07-19 18:29:51.519561470 UTC - from mc-18->source-9 "638" 18:29:51.518022381
[2023-07-19T18:29:54Z INFO  dt_instance] received at 2023-07-19 18:29:54.025730029 UTC - from mc-18->source-9 "643" 18:29:54.024281182
[2023-07-19T18:29:56Z INFO  dt_instance] received at 2023-07-19 18:29:56.532303637 UTC - from mc-18->source-9 "648" 18:29:56.530892792
[2023-07-19T18:29:59Z INFO  dt_instance] received at 2023-07-19 18:29:59.039231469 UTC - from mc-18->source-9 "653" 18:29:59.037935760
[2023-07-19T18:30:01Z INFO  dt_instance] received at 2023-07-19 18:30:01.546084895 UTC - from mc-18->source-9 "658" 18:30:01.544439670
[2023-07-19T18:30:04Z INFO  dt_instance] received at 2023-07-19 18:30:04.051432430 UTC - from mc-18->source-9 "663" 18:30:04.050121075
[2023-07-19T18:30:06Z INFO  dt_instance] received at 2023-07-19 18:30:06.564667087 UTC - from mc-18->source-9 "668" 18:30:06.562343596
[2023-07-19T18:30:09Z INFO  dt_instance] received at 2023-07-19 18:30:09.070065881 UTC - from mc-18->source-9 "673" 18:30:09.068873504
[2023-07-19T18:30:11Z INFO  dt_instance] received at 2023-07-19 18:30:11.578071358 UTC - from mc-18->source-9 "678" 18:30:11.575842734
[2023-07-19T18:30:14Z INFO  dt_instance] received at 2023-07-19 18:30:14.086822225 UTC - from mc-18->source-9 "683" 18:30:14.082751394
[2023-07-19T18:30:16Z INFO  dt_instance] received at 2023-07-19 18:30:16.594801943 UTC - from mc-18->source-9 "688" 18:30:16.586973529
[2023-07-19T18:30:19Z INFO  dt_instance] received at 2023-07-19 18:30:19.094849233 UTC - from mc-18->source-9 "693" 18:30:19.093549507
[2023-07-19T18:30:21Z INFO  dt_instance] received at 2023-07-19 18:30:21.601126121 UTC - from mc-18->source-9 "698" 18:30:21.599241492
[2023-07-19T18:30:24Z INFO  dt_instance] received at 2023-07-19 18:30:24.105950331 UTC - from mc-18->source-9 "703" 18:30:24.104224348
[2023-07-19T18:30:26Z INFO  dt_instance] received at 2023-07-19 18:30:26.611704432 UTC - from mc-18->source-9 "708" 18:30:26.609412424
[2023-07-19T18:30:29Z INFO  dt_instance] received at 2023-07-19 18:30:29.117378460 UTC - from mc-18->source-9 "713" 18:30:29.115762160
[2023-07-19T18:30:31Z INFO  dt_instance] received at 2023-07-19 18:30:31.622007097 UTC - from mc-18->source-9 "718" 18:30:31.620593812
[2023-07-19T18:30:34Z INFO  dt_instance] received at 2023-07-19 18:30:34.128552861 UTC - from mc-18->source-9 "723" 18:30:34.127264380
[2023-07-19T18:30:36Z INFO  dt_instance] received at 2023-07-19 18:30:36.636455323 UTC - from mc-18->source-9 "728" 18:30:36.635459941
[2023-07-19T18:30:39Z INFO  dt_instance] received at 2023-07-19 18:30:39.142916057 UTC - from mc-18->source-9 "733" 18:30:39.140478829
[2023-07-19T18:30:41Z INFO  dt_instance] received at 2023-07-19 18:30:41.649210173 UTC - from mc-18->source-9 "738" 18:30:41.646809827
[2023-07-19T18:30:44Z INFO  dt_instance] received at 2023-07-19 18:30:44.165689634 UTC - from mc-18->source-9 "743" 18:30:44.153990676
[2023-07-19T18:30:46Z INFO  dt_instance] received at 2023-07-19 18:30:46.661946420 UTC - from mc-18->source-9 "748" 18:30:46.660390485
[2023-07-19T18:30:49Z INFO  dt_instance] received at 2023-07-19 18:30:49.166706161 UTC - from mc-18->source-9 "753" 18:30:49.165275843
[2023-07-19T18:30:51Z INFO  dt_instance] received at 2023-07-19 18:30:51.672712133 UTC - from mc-18->source-9 "758" 18:30:51.671246026
[2023-07-19T18:30:54Z INFO  dt_instance] received at 2023-07-19 18:30:54.178678140 UTC - from mc-18->source-9 "763" 18:30:54.177109030
[2023-07-19T18:30:56Z INFO  dt_instance] received at 2023-07-19 18:30:56.684570753 UTC - from mc-18->source-9 "768" 18:30:56.683413872
[2023-07-19T18:30:59Z INFO  dt_instance] received at 2023-07-19 18:30:59.190489542 UTC - from mc-18->source-9 "773" 18:30:59.189363060
[2023-07-19T18:31:01Z INFO  dt_instance] received at 2023-07-19 18:31:01.695850717 UTC - from mc-18->source-9 "778" 18:31:01.694490357
[2023-07-19T18:31:04Z INFO  dt_instance] received at 2023-07-19 18:31:04.201353070 UTC - from mc-18->source-9 "783" 18:31:04.199172105
[2023-07-19T18:31:06Z INFO  dt_instance] received at 2023-07-19 18:31:06.705712350 UTC - from mc-18->source-9 "788" 18:31:06.704276002
[2023-07-19T18:31:09Z INFO  dt_instance] received at 2023-07-19 18:31:09.213707315 UTC - from mc-18->source-9 "793" 18:31:09.211864524
[2023-07-19T18:31:11Z INFO  dt_instance] received at 2023-07-19 18:31:11.720136595 UTC - from mc-18->source-9 "798" 18:31:11.718366802
[2023-07-19T18:31:14Z INFO  dt_instance] received at 2023-07-19 18:31:14.228130192 UTC - from mc-18->source-9 "803" 18:31:14.223740158
[2023-07-19T18:31:16Z INFO  dt_instance] received at 2023-07-19 18:31:16.730821040 UTC - from mc-18->source-9 "808" 18:31:16.729445688
[2023-07-19T18:31:19Z INFO  dt_instance] received at 2023-07-19 18:31:19.237155706 UTC - from mc-18->source-9 "813" 18:31:19.235097891
[2023-07-19T18:31:21Z INFO  dt_instance] received at 2023-07-19 18:31:21.745941461 UTC - from mc-18->source-9 "818" 18:31:21.743318297
[2023-07-19T18:31:24Z INFO  dt_instance] received at 2023-07-19 18:31:24.251252457 UTC - from mc-18->source-9 "823" 18:31:24.249392076
[2023-07-19T18:31:26Z INFO  dt_instance] received at 2023-07-19 18:31:26.757126471 UTC - from mc-18->source-9 "828" 18:31:26.755221014
[2023-07-19T18:31:29Z INFO  dt_instance] received at 2023-07-19 18:31:29.262475823 UTC - from mc-18->source-9 "833" 18:31:29.260684620
[2023-07-19T18:31:31Z INFO  dt_instance] received at 2023-07-19 18:31:31.767973947 UTC - from mc-18->source-9 "838" 18:31:31.765161674
[2023-07-19T18:31:34Z INFO  dt_instance] received at 2023-07-19 18:31:34.272441346 UTC - from mc-18->source-9 "843" 18:31:34.271010172
[2023-07-19T18:31:36Z INFO  dt_instance] received at 2023-07-19 18:31:36.778830891 UTC - from mc-18->source-9 "848" 18:31:36.776549011
[2023-07-19T18:31:39Z INFO  dt_instance] received at 2023-07-19 18:31:39.283392277 UTC - from mc-18->source-9 "853" 18:31:39.281843395
[2023-07-19T18:31:41Z INFO  dt_instance] received at 2023-07-19 18:31:41.788865055 UTC - from mc-18->source-9 "858" 18:31:41.787612720
[2023-07-19T18:31:44Z INFO  dt_instance] received at 2023-07-19 18:31:44.294329884 UTC - from mc-18->source-9 "863" 18:31:44.293162554
[2023-07-19T18:31:46Z INFO  dt_instance] received at 2023-07-19 18:31:46.805059736 UTC - from mc-18->source-9 "868" 18:31:46.800783710
[2023-07-19T18:31:49Z INFO  dt_instance] received at 2023-07-19 18:31:49.317320909 UTC - from mc-18->source-9 "873" 18:31:49.315851582
[2023-07-19T18:31:51Z INFO  dt_instance] received at 2023-07-19 18:31:51.822472357 UTC - from mc-18->source-9 "878" 18:31:51.821192650
[2023-07-19T18:31:54Z INFO  dt_instance] received at 2023-07-19 18:31:54.328370283 UTC - from mc-18->source-9 "883" 18:31:54.327023186
[2023-07-19T18:31:56Z INFO  dt_instance] received at 2023-07-19 18:31:56.834432417 UTC - from mc-18->source-9 "888" 18:31:56.832810735
[2023-07-19T18:31:59Z INFO  dt_instance] received at 2023-07-19 18:31:59.339265187 UTC - from mc-18->source-9 "893" 18:31:59.337858682
[2023-07-19T18:32:01Z INFO  dt_instance] received at 2023-07-19 18:32:01.845460878 UTC - from mc-18->source-9 "898" 18:32:01.844193956
[2023-07-19T18:32:04Z INFO  dt_instance] received at 2023-07-19 18:32:04.352131348 UTC - from mc-18->source-9 "903" 18:32:04.350636523
[2023-07-19T18:32:06Z INFO  dt_instance] received at 2023-07-19 18:32:06.858810874 UTC - from mc-18->source-9 "908" 18:32:06.856521817
[2023-07-19T18:32:09Z INFO  dt_instance] received at 2023-07-19 18:32:09.362250615 UTC - from mc-18->source-9 "913" 18:32:09.361177561
[2023-07-19T18:32:11Z INFO  dt_instance] received at 2023-07-19 18:32:11.870651048 UTC - from mc-18->source-9 "918" 18:32:11.866824098
[2023-07-19T18:32:14Z INFO  dt_instance] received at 2023-07-19 18:32:14.372782430 UTC - from mc-18->source-9 "923" 18:32:14.371341311
[2023-07-19T18:32:16Z INFO  dt_instance] received at 2023-07-19 18:32:16.878631178 UTC - from mc-18->source-9 "928" 18:32:16.876843158
[2023-07-19T18:32:19Z INFO  dt_instance] received at 2023-07-19 18:32:19.384153382 UTC - from mc-18->source-9 "933" 18:32:19.382835970
[2023-07-19T18:32:21Z INFO  dt_instance] received at 2023-07-19 18:32:21.890269632 UTC - from mc-18->source-9 "938" 18:32:21.888790943
[2023-07-19T18:32:24Z INFO  dt_instance] received at 2023-07-19 18:32:24.401145756 UTC - from mc-18->source-9 "943" 18:32:24.395706218
[2023-07-19T18:32:26Z INFO  dt_instance] received at 2023-07-19 18:32:26.906370927 UTC - from mc-18->source-9 "948" 18:32:26.904684697
[2023-07-19T18:32:29Z INFO  dt_instance] received at 2023-07-19 18:32:29.411703113 UTC - from mc-18->source-9 "953" 18:32:29.408976423
[2023-07-19T18:32:31Z INFO  dt_instance] received at 2023-07-19 18:32:31.917237179 UTC - from mc-18->source-9 "958" 18:32:31.915982347
[2023-07-19T18:32:34Z INFO  dt_instance] received at 2023-07-19 18:32:34.424458270 UTC - from mc-18->source-9 "963" 18:32:34.422678544
[2023-07-19T18:32:36Z INFO  dt_instance] received at 2023-07-19 18:32:36.930994888 UTC - from mc-18->source-9 "968" 18:32:36.929509782
[2023-07-19T18:32:39Z INFO  dt_instance] received at 2023-07-19 18:32:39.435283025 UTC - from mc-18->source-9 "973" 18:32:39.434303817
[2023-07-19T18:32:42Z INFO  dt_instance] received at 2023-07-19 18:32:42.239340382 UTC - from mc-18->source-6 "986" 18:32:42.237874207
[2023-07-19T18:32:45Z INFO  dt_instance] received at 2023-07-19 18:32:45.414456318 UTC - from mc-18->source-5 "995" 18:32:45.413138403
[2023-07-19T18:32:52Z INFO  dt_instance] received at 2023-07-19 18:32:52.466928421 UTC - from mc-18->source-9 "999" 18:32:52.464592461
