[2023-07-17T20:30:04Z INFO  dt_instance] Current Twin: mc-twin-28
[2023-07-17T20:30:04Z INFO  dt_instance] Replica Name twin-mc-stateful-28
[2023-07-17T20:30:04Z INFO  dt_instance] Sleeping for 1400
[2023-07-17T20:53:24Z INFO  dt_instance] Connecting to broker at emqx.dtwins:1883
[2023-07-17T20:53:24Z INFO  dt_instance] Loggin info each 50 messages
[2023-07-17T20:53:24Z INFO  dt_instance] Set max packet size to 60000 KB.
[2023-07-17T20:53:24Z ERROR dt_instance] MQTT ERROR: Io(Custom { kind: Uncategorized, error: "failed to lookup address information: Temporary failure in name resolution" })
[2023-07-17T20:53:29Z ERROR dt_instance] MQTT ERROR: Io(Custom { kind: Uncategorized, error: "failed to lookup address information: Temporary failure in name resolution" })
[2023-07-17T20:53:39Z ERROR dt_instance] MQTT ERROR: Io(Custom { kind: Uncategorized, error: "failed to lookup address information: Temporary failure in name resolution" })
[2023-07-17T20:53:39Z ERROR dt_instance] MQTT ERROR: Io(Custom { kind: Uncategorized, error: "failed to lookup address information: Temporary failure in name resolution" })
[2023-07-17T20:53:50Z ERROR dt_instance] MQTT ERROR: Io(Custom { kind: Uncategorized, error: "failed to lookup address information: Temporary failure in name resolution" })
[2023-07-17T20:53:50Z INFO  dt_instance] Refreshing topics for twin - Listen to mc-28/#
[2023-07-17T20:53:50Z INFO  dt_instance] SubAck { pkid: 1, return_codes: [Success(ExactlyOnce)] }
[2023-07-17T20:58:05Z INFO  dt_instance] received at 2023-07-17 20:58:05.310961357 UTC - from mc-28->source-5 "14" 20:54:37.137599939
[2023-07-17T20:58:06Z INFO  dt_instance] received at 2023-07-17 20:58:06.553393522 UTC - from mc-28->source-2 "13" 20:54:32.887298485
[2023-07-17T20:58:10Z INFO  dt_instance] received at 2023-07-17 20:58:10.479523936 UTC - from mc-28->source-6 "28" 20:58:10.478322249
[2023-07-17T20:58:15Z INFO  dt_instance] received at 2023-07-17 20:58:15.492514077 UTC - from mc-28->source-6 "38" 20:58:15.491195861
[2023-07-17T20:58:20Z INFO  dt_instance] received at 2023-07-17 20:58:20.503503372 UTC - from mc-28->source-6 "48" 20:58:20.502463237
[2023-07-17T20:58:25Z INFO  dt_instance] received at 2023-07-17 20:58:25.517190813 UTC - from mc-28->source-6 "58" 20:58:25.516190584
[2023-07-17T20:58:30Z INFO  dt_instance] received at 2023-07-17 20:58:30.529021352 UTC - from mc-28->source-6 "68" 20:58:30.528163464
[2023-07-17T20:58:35Z INFO  dt_instance] received at 2023-07-17 20:58:35.538706529 UTC - from mc-28->source-6 "78" 20:58:35.537979425
[2023-07-17T20:58:40Z INFO  dt_instance] received at 2023-07-17 20:58:40.552053078 UTC - from mc-28->source-6 "88" 20:58:40.551005112
[2023-07-17T20:58:45Z INFO  dt_instance] received at 2023-07-17 20:58:45.563873501 UTC - from mc-28->source-6 "98" 20:58:45.562796924
[2023-07-17T20:58:50Z INFO  dt_instance] received at 2023-07-17 20:58:50.574255716 UTC - from mc-28->source-6 "108" 20:58:50.573263479
[2023-07-17T20:58:55Z INFO  dt_instance] received at 2023-07-17 20:58:55.584493625 UTC - from mc-28->source-6 "118" 20:58:55.583383288
[2023-07-17T20:59:00Z INFO  dt_instance] received at 2023-07-17 20:59:00.594352639 UTC - from mc-28->source-6 "128" 20:59:00.593311461
[2023-07-17T20:59:05Z INFO  dt_instance] received at 2023-07-17 20:59:05.605155311 UTC - from mc-28->source-6 "138" 20:59:05.604061446
[2023-07-17T20:59:10Z INFO  dt_instance] received at 2023-07-17 20:59:10.615595006 UTC - from mc-28->source-6 "148" 20:59:10.614475389
[2023-07-17T20:59:15Z INFO  dt_instance] received at 2023-07-17 20:59:15.627537235 UTC - from mc-28->source-6 "158" 20:59:15.626604951
[2023-07-17T20:59:20Z INFO  dt_instance] received at 2023-07-17 20:59:20.640604960 UTC - from mc-28->source-6 "168" 20:59:20.639291218
[2023-07-17T20:59:25Z INFO  dt_instance] received at 2023-07-17 20:59:25.653388207 UTC - from mc-28->source-6 "178" 20:59:25.652286918
[2023-07-17T20:59:30Z INFO  dt_instance] received at 2023-07-17 20:59:30.663843755 UTC - from mc-28->source-6 "188" 20:59:30.662974346
[2023-07-17T20:59:35Z INFO  dt_instance] received at 2023-07-17 20:59:35.676245368 UTC - from mc-28->source-6 "198" 20:59:35.674379929
[2023-07-17T20:59:40Z INFO  dt_instance] received at 2023-07-17 20:59:40.689843244 UTC - from mc-28->source-6 "208" 20:59:40.686551976
[2023-07-17T20:59:45Z INFO  dt_instance] received at 2023-07-17 20:59:45.700670765 UTC - from mc-28->source-6 "218" 20:59:45.699978335
[2023-07-17T20:59:50Z INFO  dt_instance] received at 2023-07-17 20:59:50.711533035 UTC - from mc-28->source-6 "228" 20:59:50.710321461
[2023-07-17T20:59:55Z INFO  dt_instance] received at 2023-07-17 20:59:55.724570915 UTC - from mc-28->source-6 "238" 20:59:55.723775705
[2023-07-17T21:00:00Z INFO  dt_instance] received at 2023-07-17 21:00:00.736737206 UTC - from mc-28->source-6 "248" 21:00:00.735772130
[2023-07-17T21:00:05Z INFO  dt_instance] received at 2023-07-17 21:00:05.748260825 UTC - from mc-28->source-6 "258" 21:00:05.745970210
[2023-07-17T21:00:10Z INFO  dt_instance] received at 2023-07-17 21:00:10.759044127 UTC - from mc-28->source-6 "268" 21:00:10.757876147
[2023-07-17T21:00:15Z INFO  dt_instance] received at 2023-07-17 21:00:15.773480142 UTC - from mc-28->source-6 "278" 21:00:15.771468841
[2023-07-17T21:00:20Z INFO  dt_instance] received at 2023-07-17 21:00:20.783183806 UTC - from mc-28->source-6 "288" 21:00:20.782102086
[2023-07-17T21:00:25Z INFO  dt_instance] received at 2023-07-17 21:00:25.794263854 UTC - from mc-28->source-6 "298" 21:00:25.793466087
[2023-07-17T21:00:30Z INFO  dt_instance] received at 2023-07-17 21:00:30.806453007 UTC - from mc-28->source-6 "308" 21:00:30.805322980
[2023-07-17T21:00:35Z INFO  dt_instance] received at 2023-07-17 21:00:35.820523148 UTC - from mc-28->source-6 "318" 21:00:35.819312143
[2023-07-17T21:00:40Z INFO  dt_instance] received at 2023-07-17 21:00:40.834917735 UTC - from mc-28->source-6 "328" 21:00:40.833842516
[2023-07-17T21:00:45Z INFO  dt_instance] received at 2023-07-17 21:00:45.847066707 UTC - from mc-28->source-6 "338" 21:00:45.845964631
[2023-07-17T21:00:50Z INFO  dt_instance] received at 2023-07-17 21:00:50.861420910 UTC - from mc-28->source-6 "348" 21:00:50.860135716
[2023-07-17T21:00:55Z INFO  dt_instance] received at 2023-07-17 21:00:55.871990685 UTC - from mc-28->source-6 "358" 21:00:55.871198560
[2023-07-17T21:01:00Z INFO  dt_instance] received at 2023-07-17 21:01:00.882162497 UTC - from mc-28->source-6 "368" 21:01:00.881076891
[2023-07-17T21:01:05Z INFO  dt_instance] received at 2023-07-17 21:01:05.893179405 UTC - from mc-28->source-6 "378" 21:01:05.892026134
[2023-07-17T21:01:10Z INFO  dt_instance] received at 2023-07-17 21:01:10.903641845 UTC - from mc-28->source-6 "388" 21:01:10.902549707
[2023-07-17T21:01:15Z INFO  dt_instance] received at 2023-07-17 21:01:15.913250309 UTC - from mc-28->source-6 "398" 21:01:15.912206083
[2023-07-17T21:01:20Z INFO  dt_instance] received at 2023-07-17 21:01:20.926892816 UTC - from mc-28->source-6 "408" 21:01:20.925754289
[2023-07-17T21:01:25Z INFO  dt_instance] received at 2023-07-17 21:01:25.940224350 UTC - from mc-28->source-6 "418" 21:01:25.939271931
[2023-07-17T21:01:30Z INFO  dt_instance] received at 2023-07-17 21:01:30.953376786 UTC - from mc-28->source-6 "428" 21:01:30.952384691
[2023-07-17T21:01:35Z INFO  dt_instance] received at 2023-07-17 21:01:35.964591330 UTC - from mc-28->source-6 "438" 21:01:35.963783704
[2023-07-17T21:01:40Z INFO  dt_instance] received at 2023-07-17 21:01:40.976227066 UTC - from mc-28->source-6 "448" 21:01:40.975152928
[2023-07-17T21:01:45Z INFO  dt_instance] received at 2023-07-17 21:01:45.988704947 UTC - from mc-28->source-6 "458" 21:01:45.987789763
[2023-07-17T21:01:51Z INFO  dt_instance] received at 2023-07-17 21:01:51.000683988 UTC - from mc-28->source-6 "468" 21:01:50.999634857
[2023-07-17T21:01:56Z INFO  dt_instance] received at 2023-07-17 21:01:56.010991098 UTC - from mc-28->source-6 "478" 21:01:56.010069354
[2023-07-17T21:02:01Z INFO  dt_instance] received at 2023-07-17 21:02:01.022417788 UTC - from mc-28->source-6 "488" 21:02:01.020892115
[2023-07-17T21:02:06Z INFO  dt_instance] received at 2023-07-17 21:02:06.034272771 UTC - from mc-28->source-6 "498" 21:02:06.032446172
[2023-07-17T21:02:11Z INFO  dt_instance] received at 2023-07-17 21:02:11.046679010 UTC - from mc-28->source-6 "508" 21:02:11.045487561
[2023-07-17T21:02:16Z INFO  dt_instance] received at 2023-07-17 21:02:16.057406671 UTC - from mc-28->source-6 "518" 21:02:16.056355158
[2023-07-17T21:02:21Z INFO  dt_instance] received at 2023-07-17 21:02:21.070355015 UTC - from mc-28->source-6 "528" 21:02:21.068007400
[2023-07-17T21:02:26Z INFO  dt_instance] received at 2023-07-17 21:02:26.081779246 UTC - from mc-28->source-6 "538" 21:02:26.080784046
[2023-07-17T21:02:31Z INFO  dt_instance] received at 2023-07-17 21:02:31.095795111 UTC - from mc-28->source-6 "548" 21:02:31.093514401
[2023-07-17T21:02:36Z INFO  dt_instance] received at 2023-07-17 21:02:36.106622745 UTC - from mc-28->source-6 "558" 21:02:36.105157442
[2023-07-17T21:02:41Z INFO  dt_instance] received at 2023-07-17 21:02:41.119735469 UTC - from mc-28->source-6 "568" 21:02:41.118719295
[2023-07-17T21:02:46Z INFO  dt_instance] received at 2023-07-17 21:02:46.130666037 UTC - from mc-28->source-6 "578" 21:02:46.129385977
[2023-07-17T21:02:51Z INFO  dt_instance] received at 2023-07-17 21:02:51.141228420 UTC - from mc-28->source-6 "588" 21:02:51.140151176
[2023-07-17T21:02:56Z INFO  dt_instance] received at 2023-07-17 21:02:56.154608727 UTC - from mc-28->source-6 "598" 21:02:56.153191302
[2023-07-17T21:03:01Z INFO  dt_instance] received at 2023-07-17 21:03:01.167890724 UTC - from mc-28->source-6 "608" 21:03:01.166805523
[2023-07-17T21:03:06Z INFO  dt_instance] received at 2023-07-17 21:03:06.182240428 UTC - from mc-28->source-6 "618" 21:03:06.181059466
[2023-07-17T21:03:11Z INFO  dt_instance] received at 2023-07-17 21:03:11.196669972 UTC - from mc-28->source-6 "628" 21:03:11.195551771
[2023-07-17T21:03:16Z INFO  dt_instance] received at 2023-07-17 21:03:16.207340426 UTC - from mc-28->source-6 "638" 21:03:16.206271202
[2023-07-17T21:03:21Z INFO  dt_instance] received at 2023-07-17 21:03:21.222348962 UTC - from mc-28->source-6 "648" 21:03:21.220921160
[2023-07-17T21:03:26Z INFO  dt_instance] received at 2023-07-17 21:03:26.240368197 UTC - from mc-28->source-6 "658" 21:03:26.239238894
[2023-07-17T21:03:31Z INFO  dt_instance] received at 2023-07-17 21:03:31.251955975 UTC - from mc-28->source-6 "668" 21:03:31.250443060
[2023-07-17T21:03:36Z INFO  dt_instance] received at 2023-07-17 21:03:36.262986693 UTC - from mc-28->source-6 "678" 21:03:36.262006306
[2023-07-17T21:03:41Z INFO  dt_instance] received at 2023-07-17 21:03:41.273492436 UTC - from mc-28->source-6 "688" 21:03:41.272671414
[2023-07-17T21:03:46Z INFO  dt_instance] received at 2023-07-17 21:03:46.286121048 UTC - from mc-28->source-6 "698" 21:03:46.285248690
[2023-07-17T21:03:51Z INFO  dt_instance] received at 2023-07-17 21:03:51.298963333 UTC - from mc-28->source-6 "708" 21:03:51.298021756
[2023-07-17T21:03:56Z INFO  dt_instance] received at 2023-07-17 21:03:56.313102612 UTC - from mc-28->source-2 "718" 21:03:56.312115749
[2023-07-17T21:04:01Z INFO  dt_instance] received at 2023-07-17 21:04:01.326034758 UTC - from mc-28->source-2 "728" 21:04:01.324816980
[2023-07-17T21:04:06Z INFO  dt_instance] received at 2023-07-17 21:04:06.337241366 UTC - from mc-28->source-6 "738" 21:04:06.336085877
[2023-07-17T21:04:11Z INFO  dt_instance] received at 2023-07-17 21:04:11.351123776 UTC - from mc-28->source-2 "748" 21:04:11.348449672
[2023-07-17T21:04:16Z INFO  dt_instance] received at 2023-07-17 21:04:16.361558617 UTC - from mc-28->source-6 "758" 21:04:16.360179965
[2023-07-17T21:04:21Z INFO  dt_instance] received at 2023-07-17 21:04:21.372633857 UTC - from mc-28->source-6 "768" 21:04:21.371269299
[2023-07-17T21:04:26Z INFO  dt_instance] received at 2023-07-17 21:04:26.385064074 UTC - from mc-28->source-6 "778" 21:04:26.382134162
[2023-07-17T21:04:31Z INFO  dt_instance] received at 2023-07-17 21:04:31.396504738 UTC - from mc-28->source-2 "788" 21:04:31.395559628
[2023-07-17T21:04:36Z INFO  dt_instance] received at 2023-07-17 21:04:36.412063298 UTC - from mc-28->source-6 "798" 21:04:36.410856081
[2023-07-17T21:04:41Z INFO  dt_instance] received at 2023-07-17 21:04:41.423502428 UTC - from mc-28->source-6 "808" 21:04:41.422044171
[2023-07-17T21:04:46Z INFO  dt_instance] received at 2023-07-17 21:04:46.434074222 UTC - from mc-28->source-6 "818" 21:04:46.433075422
[2023-07-17T21:04:51Z INFO  dt_instance] received at 2023-07-17 21:04:51.444162827 UTC - from mc-28->source-6 "828" 21:04:51.442887637
[2023-07-17T21:04:56Z INFO  dt_instance] received at 2023-07-17 21:04:56.455338158 UTC - from mc-28->source-6 "838" 21:04:56.454132816
[2023-07-17T21:05:01Z INFO  dt_instance] received at 2023-07-17 21:05:01.467025797 UTC - from mc-28->source-6 "848" 21:05:01.465969353
[2023-07-17T21:05:06Z INFO  dt_instance] received at 2023-07-17 21:05:06.478915883 UTC - from mc-28->source-6 "858" 21:05:06.478081838
[2023-07-17T21:05:11Z INFO  dt_instance] received at 2023-07-17 21:05:11.491873499 UTC - from mc-28->source-6 "868" 21:05:11.490656518
[2023-07-17T21:05:16Z INFO  dt_instance] received at 2023-07-17 21:05:16.516507917 UTC - from mc-28->source-6 "878" 21:05:16.515407009
[2023-07-17T21:05:21Z INFO  dt_instance] received at 2023-07-17 21:05:21.527559877 UTC - from mc-28->source-6 "888" 21:05:21.526230548
[2023-07-17T21:05:26Z INFO  dt_instance] received at 2023-07-17 21:05:26.539301282 UTC - from mc-28->source-2 "898" 21:05:26.538368403
[2023-07-17T21:05:31Z INFO  dt_instance] received at 2023-07-17 21:05:31.553261004 UTC - from mc-28->source-6 "908" 21:05:31.552191433
[2023-07-17T21:05:36Z INFO  dt_instance] received at 2023-07-17 21:05:36.565705384 UTC - from mc-28->source-6 "918" 21:05:36.564476776
[2023-07-17T21:05:41Z INFO  dt_instance] received at 2023-07-17 21:05:41.576809033 UTC - from mc-28->source-6 "928" 21:05:41.575814728
[2023-07-17T21:05:46Z INFO  dt_instance] received at 2023-07-17 21:05:46.588063994 UTC - from mc-28->source-6 "938" 21:05:46.587029126
[2023-07-17T21:05:51Z INFO  dt_instance] received at 2023-07-17 21:05:51.600577351 UTC - from mc-28->source-6 "948" 21:05:51.597563399
[2023-07-17T21:05:56Z INFO  dt_instance] received at 2023-07-17 21:05:56.610185901 UTC - from mc-28->source-6 "958" 21:05:56.609110463
[2023-07-17T21:06:01Z INFO  dt_instance] received at 2023-07-17 21:06:01.622883336 UTC - from mc-28->source-6 "968" 21:06:01.621512498
[2023-07-17T21:06:06Z INFO  dt_instance] received at 2023-07-17 21:06:06.632413539 UTC - from mc-28->source-6 "978" 21:06:06.631070773
[2023-07-17T21:06:11Z INFO  dt_instance] received at 2023-07-17 21:06:11.643555155 UTC - from mc-28->source-6 "988" 21:06:11.642014589
[2023-07-17T21:06:17Z INFO  dt_instance] received at 2023-07-17 21:06:17.171693115 UTC - from mc-28->source-2 "999" 21:06:17.170517161
[2023-07-17T21:25:41Z INFO  dt_instance] received at 2023-07-17 21:25:41.347573753 UTC - from mc-28->source-0 "2" 20:54:24.873712289
[2023-07-17T21:25:46Z INFO  dt_instance] received at 2023-07-17 21:25:46.858319730 UTC - from mc-28->source-0 "31" 21:25:46.856988850
[2023-07-17T21:25:55Z INFO  dt_instance] received at 2023-07-17 21:25:55.263773661 UTC - from mc-28->source-8 "51" 21:25:55.262761850
[2023-07-17T21:26:03Z INFO  dt_instance] received at 2023-07-17 21:26:03.401834458 UTC - from mc-28->source-4 "66" 21:26:03.400376050
[2023-07-17T21:26:11Z INFO  dt_instance] received at 2023-07-17 21:26:11.921587084 UTC - from mc-28->source-0 "81" 21:26:11.920110011
[2023-07-17T21:26:20Z INFO  dt_instance] received at 2023-07-17 21:26:20.332341906 UTC - from mc-28->source-8 "101" 21:26:20.330723354
[2023-07-17T21:26:28Z INFO  dt_instance] received at 2023-07-17 21:26:28.478330458 UTC - from mc-28->source-0 "114" 21:26:28.477119173
[2023-07-17T21:26:37Z INFO  dt_instance] received at 2023-07-17 21:26:37.006251938 UTC - from mc-28->source-0 "131" 21:26:37.004939589
[2023-07-17T21:26:45Z INFO  dt_instance] received at 2023-07-17 21:26:45.391463338 UTC - from mc-28->source-8 "151" 21:26:45.390232420
[2023-07-17T21:26:53Z INFO  dt_instance] received at 2023-07-17 21:26:53.549233254 UTC - from mc-28->source-0 "164" 21:26:53.547956132
[2023-07-17T21:27:02Z INFO  dt_instance] received at 2023-07-17 21:27:02.069434353 UTC - from mc-28->source-4 "183" 21:27:02.068294076
[2023-07-17T21:27:10Z INFO  dt_instance] received at 2023-07-17 21:27:10.455185095 UTC - from mc-28->source-8 "201" 21:27:10.453226704
[2023-07-17T21:27:18Z INFO  dt_instance] received at 2023-07-17 21:27:18.609431117 UTC - from mc-28->source-0 "214" 21:27:18.607837981
[2023-07-17T21:27:27Z INFO  dt_instance] received at 2023-07-17 21:27:27.126697020 UTC - from mc-28->source-4 "233" 21:27:27.125343514
[2023-07-17T21:27:35Z INFO  dt_instance] received at 2023-07-17 21:27:35.533941934 UTC - from mc-28->source-8 "251" 21:27:35.532619558
[2023-07-17T21:27:43Z INFO  dt_instance] received at 2023-07-17 21:27:43.672031216 UTC - from mc-28->source-0 "264" 21:27:43.671007058
[2023-07-17T21:27:52Z INFO  dt_instance] received at 2023-07-17 21:27:52.187742320 UTC - from mc-28->source-4 "283" 21:27:52.186597448
[2023-07-17T21:28:00Z INFO  dt_instance] received at 2023-07-17 21:28:00.596977648 UTC - from mc-28->source-8 "301" 21:28:00.595677675
[2023-07-17T21:28:08Z INFO  dt_instance] received at 2023-07-17 21:28:08.732412401 UTC - from mc-28->source-0 "314" 21:28:08.731527443
[2023-07-17T21:28:17Z INFO  dt_instance] received at 2023-07-17 21:28:17.258097160 UTC - from mc-28->source-4 "333" 21:28:17.255661011
[2023-07-17T21:28:25Z INFO  dt_instance] received at 2023-07-17 21:28:25.666798494 UTC - from mc-28->source-8 "351" 21:28:25.657307517
[2023-07-17T21:28:33Z INFO  dt_instance] received at 2023-07-17 21:28:33.801202484 UTC - from mc-28->source-0 "364" 21:28:33.800054989
[2023-07-17T21:28:42Z INFO  dt_instance] received at 2023-07-17 21:28:42.328036953 UTC - from mc-28->source-0 "381" 21:28:42.322892419
[2023-07-17T21:28:50Z INFO  dt_instance] received at 2023-07-17 21:28:50.720111085 UTC - from mc-28->source-8 "401" 21:28:50.718841095
[2023-07-17T21:28:58Z INFO  dt_instance] received at 2023-07-17 21:28:58.876355530 UTC - from mc-28->source-4 "416" 21:28:58.875329473
[2023-07-17T21:29:07Z INFO  dt_instance] received at 2023-07-17 21:29:07.401217229 UTC - from mc-28->source-0 "431" 21:29:07.399681480
[2023-07-17T21:29:15Z INFO  dt_instance] received at 2023-07-17 21:29:15.805862360 UTC - from mc-28->source-8 "451" 21:29:15.804478815
[2023-07-17T21:29:23Z INFO  dt_instance] received at 2023-07-17 21:29:23.944732226 UTC - from mc-28->source-0 "464" 21:29:23.943645259
[2023-07-17T21:29:27Z INFO  dt_instance] received at 2023-07-17 21:29:27.956362576 UTC - from mc-28->source-0 "472" 21:29:27.954919285
[2023-07-17T21:29:34Z INFO  dt_instance] received at 2023-07-17 21:29:34.004015761 UTC - from mc-28->source-7 "39" 21:29:34.002820076
[2023-07-17T21:29:40Z INFO  dt_instance] received at 2023-07-17 21:29:40.486526805 UTC - from mc-28->source-4 "499" 21:29:40.485141975
[2023-07-17T21:29:46Z INFO  dt_instance] received at 2023-07-17 21:29:46.533503738 UTC - from mc-28->source-7 "64" 21:29:46.532298670
[2023-07-17T21:29:53Z INFO  dt_instance] received at 2023-07-17 21:29:53.023266569 UTC - from mc-28->source-0 "522" 21:29:53.021784110
[2023-07-17T21:29:59Z INFO  dt_instance] received at 2023-07-17 21:29:59.064258853 UTC - from mc-28->source-7 "89" 21:29:59.062138387
[2023-07-17T21:30:05Z INFO  dt_instance] received at 2023-07-17 21:30:05.562755098 UTC - from mc-28->source-4 "549" 21:30:05.561396601
[2023-07-17T21:30:11Z INFO  dt_instance] received at 2023-07-17 21:30:11.606779832 UTC - from mc-28->source-7 "114" 21:30:11.605450827
[2023-07-17T21:30:18Z INFO  dt_instance] received at 2023-07-17 21:30:18.091916205 UTC - from mc-28->source-4 "574" 21:30:18.090625221
[2023-07-17T21:30:24Z INFO  dt_instance] received at 2023-07-17 21:30:24.135914996 UTC - from mc-28->source-7 "139" 21:30:24.134876547
[2023-07-17T21:30:30Z INFO  dt_instance] received at 2023-07-17 21:30:30.625216441 UTC - from mc-28->source-4 "599" 21:30:30.623545458
[2023-07-17T21:30:36Z INFO  dt_instance] received at 2023-07-17 21:30:36.664275490 UTC - from mc-28->source-7 "164" 21:30:36.663129507
[2023-07-17T21:30:43Z INFO  dt_instance] received at 2023-07-17 21:30:43.155689940 UTC - from mc-28->source-4 "624" 21:30:43.154524814
[2023-07-17T21:30:49Z INFO  dt_instance] received at 2023-07-17 21:30:49.189588129 UTC - from mc-28->source-7 "189" 21:30:49.188350536
[2023-07-17T21:30:55Z INFO  dt_instance] received at 2023-07-17 21:30:55.683036997 UTC - from mc-28->source-4 "649" 21:30:55.682311038
[2023-07-17T21:31:01Z INFO  dt_instance] received at 2023-07-17 21:31:01.716302198 UTC - from mc-28->source-7 "214" 21:31:01.715129833
[2023-07-17T21:31:08Z INFO  dt_instance] received at 2023-07-17 21:31:08.214957374 UTC - from mc-28->source-4 "674" 21:31:08.213941318
[2023-07-17T21:31:14Z INFO  dt_instance] received at 2023-07-17 21:31:14.243519799 UTC - from mc-28->source-7 "239" 21:31:14.242591305
[2023-07-17T21:31:20Z INFO  dt_instance] received at 2023-07-17 21:31:20.757038038 UTC - from mc-28->source-0 "697" 21:31:20.755879817
[2023-07-17T21:31:26Z INFO  dt_instance] received at 2023-07-17 21:31:26.774987356 UTC - from mc-28->source-4 "711" 21:31:26.773655408
[2023-07-17T21:31:33Z INFO  dt_instance] received at 2023-07-17 21:31:33.285632342 UTC - from mc-28->source-0 "722" 21:31:33.284305025
[2023-07-17T21:31:39Z INFO  dt_instance] received at 2023-07-17 21:31:39.315650202 UTC - from mc-28->source-7 "289" 21:31:39.314258958
[2023-07-17T21:31:45Z INFO  dt_instance] received at 2023-07-17 21:31:45.814548983 UTC - from mc-28->source-0 "747" 21:31:45.813453076
[2023-07-17T21:31:51Z INFO  dt_instance] received at 2023-07-17 21:31:51.846610162 UTC - from mc-28->source-4 "761" 21:31:51.845469690
[2023-07-17T21:31:58Z INFO  dt_instance] received at 2023-07-17 21:31:58.343642857 UTC - from mc-28->source-0 "772" 21:31:58.342669719
[2023-07-17T21:32:04Z INFO  dt_instance] received at 2023-07-17 21:32:04.376890867 UTC - from mc-28->source-7 "339" 21:32:04.375527518
[2023-07-17T21:32:10Z INFO  dt_instance] received at 2023-07-17 21:32:10.873169788 UTC - from mc-28->source-0 "797" 21:32:10.871949065
[2023-07-17T21:32:16Z INFO  dt_instance] received at 2023-07-17 21:32:16.908465443 UTC - from mc-28->source-7 "364" 21:32:16.907051734
[2023-07-17T21:32:23Z INFO  dt_instance] received at 2023-07-17 21:32:23.400101952 UTC - from mc-28->source-0 "822" 21:32:23.399039078
[2023-07-17T21:32:29Z INFO  dt_instance] received at 2023-07-17 21:32:29.439863190 UTC - from mc-28->source-7 "389" 21:32:29.435788766
[2023-07-17T21:32:35Z INFO  dt_instance] received at 2023-07-17 21:32:35.928119009 UTC - from mc-28->source-0 "847" 21:32:35.926974269
[2023-07-17T21:32:41Z INFO  dt_instance] received at 2023-07-17 21:32:41.971837873 UTC - from mc-28->source-4 "861" 21:32:41.970653323
[2023-07-17T21:32:48Z INFO  dt_instance] received at 2023-07-17 21:32:48.464837460 UTC - from mc-28->source-0 "872" 21:32:48.463412840
[2023-07-17T21:32:54Z INFO  dt_instance] received at 2023-07-17 21:32:54.502291344 UTC - from mc-28->source-7 "439" 21:32:54.500888464
[2023-07-17T21:33:00Z INFO  dt_instance] received at 2023-07-17 21:33:00.994279553 UTC - from mc-28->source-0 "897" 21:33:00.992561861
[2023-07-17T21:33:07Z INFO  dt_instance] received at 2023-07-17 21:33:07.032064954 UTC - from mc-28->source-4 "911" 21:33:07.030667211
[2023-07-17T21:33:13Z INFO  dt_instance] received at 2023-07-17 21:33:13.522262542 UTC - from mc-28->source-0 "922" 21:33:13.520826649
[2023-07-17T21:33:19Z INFO  dt_instance] received at 2023-07-17 21:33:19.559737925 UTC - from mc-28->source-4 "936" 21:33:19.557958210
[2023-07-17T21:33:26Z INFO  dt_instance] received at 2023-07-17 21:33:26.050410952 UTC - from mc-28->source-0 "947" 21:33:26.049195134
[2023-07-17T21:33:32Z INFO  dt_instance] received at 2023-07-17 21:33:32.093168637 UTC - from mc-28->source-7 "514" 21:33:32.091786242
[2023-07-17T21:33:38Z INFO  dt_instance] received at 2023-07-17 21:33:38.583210622 UTC - from mc-28->source-0 "972" 21:33:38.582160112
[2023-07-17T21:33:44Z INFO  dt_instance] received at 2023-07-17 21:33:44.623392716 UTC - from mc-28->source-7 "539" 21:33:44.622311472
[2023-07-17T21:33:51Z INFO  dt_instance] received at 2023-07-17 21:33:51.142659089 UTC - from mc-28->source-7 "552" 21:33:51.141357310
[2023-07-17T21:34:14Z INFO  dt_instance] received at 2023-07-17 21:34:14.697563179 UTC - from mc-28->source-7 "599" 21:34:14.696385565
[2023-07-17T21:34:39Z INFO  dt_instance] received at 2023-07-17 21:34:39.287036387 UTC - from mc-28->source-3 "0" 20:54:27.620867933
[2023-07-17T21:34:46Z INFO  dt_instance] received at 2023-07-17 21:34:46.802817473 UTC - from mc-28->source-3 "35" 21:34:46.798287291
[2023-07-17T21:34:59Z INFO  dt_instance] received at 2023-07-17 21:34:59.328875544 UTC - from mc-28->source-3 "60" 21:34:59.327107693
[2023-07-17T21:35:11Z INFO  dt_instance] received at 2023-07-17 21:35:11.859881835 UTC - from mc-28->source-3 "85" 21:35:11.856529948
[2023-07-17T21:35:24Z INFO  dt_instance] received at 2023-07-17 21:35:24.388091180 UTC - from mc-28->source-3 "110" 21:35:24.386872923
[2023-07-17T21:35:36Z INFO  dt_instance] received at 2023-07-17 21:35:36.916477370 UTC - from mc-28->source-3 "135" 21:35:36.914550650
[2023-07-17T21:35:49Z INFO  dt_instance] received at 2023-07-17 21:35:49.451731255 UTC - from mc-28->source-3 "160" 21:35:49.450369216
[2023-07-17T21:36:01Z INFO  dt_instance] received at 2023-07-17 21:36:01.981259512 UTC - from mc-28->source-3 "185" 21:36:01.980046037
[2023-07-17T21:36:14Z INFO  dt_instance] received at 2023-07-17 21:36:14.511843490 UTC - from mc-28->source-3 "210" 21:36:14.510714652
[2023-07-17T21:36:27Z INFO  dt_instance] received at 2023-07-17 21:36:27.044449501 UTC - from mc-28->source-3 "235" 21:36:27.043123966
[2023-07-17T21:36:39Z INFO  dt_instance] received at 2023-07-17 21:36:39.577096944 UTC - from mc-28->source-3 "260" 21:36:39.576184376
[2023-07-17T21:36:52Z INFO  dt_instance] received at 2023-07-17 21:36:52.104489443 UTC - from mc-28->source-3 "285" 21:36:52.103174031
[2023-07-17T21:37:04Z INFO  dt_instance] received at 2023-07-17 21:37:04.633218812 UTC - from mc-28->source-3 "310" 21:37:04.631981990
[2023-07-17T21:37:17Z INFO  dt_instance] received at 2023-07-17 21:37:17.165276218 UTC - from mc-28->source-3 "335" 21:37:17.163671432
[2023-07-17T21:37:29Z INFO  dt_instance] received at 2023-07-17 21:37:29.696910036 UTC - from mc-28->source-3 "360" 21:37:29.695335074
[2023-07-17T21:37:49Z INFO  dt_instance] received at 2023-07-17 21:37:49.248592582 UTC - from mc-28->source-3 "399" 21:37:49.246793879
[2023-07-17T21:38:14Z INFO  dt_instance] received at 2023-07-17 21:38:14.311999392 UTC - from mc-28->source-3 "449" 21:38:14.310579136
[2023-07-17T21:38:39Z INFO  dt_instance] received at 2023-07-17 21:38:39.372581295 UTC - from mc-28->source-3 "499" 21:38:39.371274785
[2023-07-17T21:39:04Z INFO  dt_instance] received at 2023-07-17 21:39:04.433835116 UTC - from mc-28->source-3 "549" 21:39:04.432552631
[2023-07-17T21:39:29Z INFO  dt_instance] received at 2023-07-17 21:39:29.496394287 UTC - from mc-28->source-3 "599" 21:39:29.494761625
[2023-07-17T21:39:54Z INFO  dt_instance] received at 2023-07-17 21:39:54.557287231 UTC - from mc-28->source-3 "649" 21:39:54.556218749
[2023-07-17T21:40:19Z INFO  dt_instance] received at 2023-07-17 21:40:19.613705185 UTC - from mc-28->source-3 "699" 21:40:19.612317771
[2023-07-17T21:40:44Z INFO  dt_instance] received at 2023-07-17 21:40:44.673347313 UTC - from mc-28->source-3 "749" 21:40:44.671516557
[2023-07-17T21:41:09Z INFO  dt_instance] received at 2023-07-17 21:41:09.746259027 UTC - from mc-28->source-3 "799" 21:41:09.745031556
[2023-07-17T21:41:34Z INFO  dt_instance] received at 2023-07-17 21:41:34.815766152 UTC - from mc-28->source-3 "849" 21:41:34.814406641
[2023-07-17T21:41:59Z INFO  dt_instance] received at 2023-07-17 21:41:59.880073554 UTC - from mc-28->source-3 "899" 21:41:59.876971736
[2023-07-17T21:42:24Z INFO  dt_instance] received at 2023-07-17 21:42:24.945125494 UTC - from mc-28->source-3 "949" 21:42:24.943583740
[2023-07-17T21:42:50Z INFO  dt_instance] received at 2023-07-17 21:42:50.009356135 UTC - from mc-28->source-3 "999" 21:42:50.008075601
