[2023-07-17T20:29:15Z INFO  dt_instance] Current Twin: mc-twin-17
[2023-07-17T20:29:15Z INFO  dt_instance] Replica Name twin-mc-stateful-17
[2023-07-17T20:29:15Z INFO  dt_instance] Sleeping for 850
[2023-07-17T20:43:25Z INFO  dt_instance] Connecting to broker at emqx.dtwins:1883
[2023-07-17T20:43:25Z INFO  dt_instance] Loggin info each 50 messages
[2023-07-17T20:43:25Z INFO  dt_instance] Set max packet size to 60000 KB.
[2023-07-17T20:43:25Z INFO  dt_instance] Refreshing topics for twin - Listen to mc-17/#
[2023-07-17T20:43:25Z INFO  dt_instance] SubAck { pkid: 1, return_codes: [Success(ExactlyOnce)] }
[2023-07-17T20:44:30Z ERROR dt_instance] MQTT ERROR: MqttState(Io(Custom { kind: ConnectionAborted, error: "connection closed by peer" }))
[2023-07-17T20:44:31Z ERROR dt_instance] MQTT ERROR: Io(Os { code: 111, kind: ConnectionRefused, message: "Connection refused" })
[2023-07-17T20:44:37Z ERROR dt_instance] MQTT ERROR: Io(Os { code: 111, kind: ConnectionRefused, message: "Connection refused" })
[2023-07-17T20:44:39Z ERROR dt_instance] MQTT ERROR: Io(Os { code: 111, kind: ConnectionRefused, message: "Connection refused" })
[2023-07-17T20:44:40Z ERROR dt_instance] MQTT ERROR: Io(Os { code: 111, kind: ConnectionRefused, message: "Connection refused" })
[2023-07-17T20:44:41Z ERROR dt_instance] MQTT ERROR: Io(Os { code: 111, kind: ConnectionRefused, message: "Connection refused" })
[2023-07-17T20:44:42Z ERROR dt_instance] MQTT ERROR: Io(Os { code: 111, kind: ConnectionRefused, message: "Connection refused" })
[2023-07-17T20:44:44Z INFO  dt_instance] Refreshing topics for twin - Listen to mc-17/#
[2023-07-17T20:44:45Z INFO  dt_instance] SubAck { pkid: 2, return_codes: [Success(ExactlyOnce)] }
[2023-07-17T20:44:47Z INFO  dt_instance] received at 2023-07-17 20:44:47.151365240 UTC - from mc-17->source-4 "11" 20:44:39.869363880
[2023-07-17T20:44:49Z INFO  dt_instance] received at 2023-07-17 20:44:49.460055628 UTC - from mc-17->source-7 "3" 20:44:39.608998480
[2023-07-17T20:44:50Z INFO  dt_instance] received at 2023-07-17 20:44:50.695171538 UTC - from mc-17->source-4 "27" 20:44:50.594321531
[2023-07-17T20:44:52Z INFO  dt_instance] received at 2023-07-17 20:44:52.744458792 UTC - from mc-17->source-3 "0" 20:44:33.105726787
[2023-07-17T20:44:54Z INFO  dt_instance] received at 2023-07-17 20:44:54.473382523 UTC - from mc-17->source-1 "6" 20:44:33.613967056
[2023-07-17T20:44:56Z INFO  dt_instance] received at 2023-07-17 20:44:56.346178845 UTC - from mc-17->source-3 "27" 20:44:56.242490641
[2023-07-17T20:44:59Z INFO  dt_instance] received at 2023-07-17 20:44:59.219559607 UTC - from mc-17->source-4 "44" 20:44:59.114459722
[2023-07-17T20:45:01Z INFO  dt_instance] received at 2023-07-17 20:45:01.787889293 UTC - from mc-17->source-2 "6" 20:44:34.864706578
[2023-07-17T20:45:10Z INFO  dt_instance] received at 2023-07-17 20:45:10.207778052 UTC - from mc-17->source-4 "53" 20:45:03.627974380
[2023-07-17T20:45:11Z INFO  dt_instance] received at 2023-07-17 20:45:11.234770064 UTC - from mc-17->source-7 "54" 20:45:06.426406475
[2023-07-17T20:45:15Z INFO  dt_instance] received at 2023-07-17 20:45:15.946548762 UTC - from mc-17->source-7 "58" 20:45:08.432045030
[2023-07-17T20:45:17Z INFO  dt_instance] received at 2023-07-17 20:45:17.604233717 UTC - from mc-17->source-4 "69" 20:45:11.652901928
[2023-07-17T20:45:19Z INFO  dt_instance] received at 2023-07-17 20:45:19.004548918 UTC - from mc-17->source-1 "58" 20:45:13.462851683
[2023-07-17T20:45:20Z INFO  dt_instance] received at 2023-07-17 20:45:20.581505429 UTC - from mc-17->source-7 "75" 20:45:16.955572760
[2023-07-17T20:45:21Z INFO  dt_instance] received at 2023-07-17 20:45:21.491881643 UTC - from mc-17->source-7 "82" 20:45:20.462405118
[2023-07-17T20:45:23Z INFO  dt_instance] received at 2023-07-17 20:45:23.009557326 UTC - from mc-17->source-3 "57" 20:45:11.279168474
[2023-07-17T20:45:23Z INFO  dt_instance] received at 2023-07-17 20:45:23.529657391 UTC - from mc-17->source-7 "88" 20:45:23.469784646
[2023-07-17T20:45:26Z INFO  dt_instance] received at 2023-07-17 20:45:26.725703466 UTC - from mc-17->source-0 "99" 20:45:26.112191245
[2023-07-17T20:45:29Z INFO  dt_instance] received at 2023-07-17 20:45:29.789294819 UTC - from mc-17->source-1 "89" 20:45:28.998566702
[2023-07-17T20:45:32Z INFO  dt_instance] received at 2023-07-17 20:45:32.021508170 UTC - from mc-17->source-5 "103" 20:45:31.909183165
[2023-07-17T20:45:36Z INFO  dt_instance] received at 2023-07-17 20:45:36.091725939 UTC - from mc-17->source-3 "93" 20:45:29.334647696
[2023-07-17T20:45:41Z ERROR dt_instance] MQTT ERROR: MqttState(Io(Os { code: 104, kind: ConnectionReset, message: "Connection reset by peer" }))
[2023-07-17T20:45:42Z ERROR dt_instance] MQTT ERROR: Io(Os { code: 111, kind: ConnectionRefused, message: "Connection refused" })
[2023-07-17T20:46:07Z ERROR dt_instance] MQTT ERROR: Io(Custom { kind: Uncategorized, error: "failed to lookup address information: Temporary failure in name resolution" })
[2023-07-17T20:46:12Z ERROR dt_instance] MQTT ERROR: Io(Custom { kind: Uncategorized, error: "failed to lookup address information: Temporary failure in name resolution" })
[2023-07-17T20:46:12Z ERROR dt_instance] MQTT ERROR: Io(Custom { kind: Uncategorized, error: "failed to lookup address information: Temporary failure in name resolution" })
[2023-07-17T20:46:17Z ERROR dt_instance] MQTT ERROR: Io(Custom { kind: Uncategorized, error: "failed to lookup address information: Temporary failure in name resolution" })
[2023-07-17T20:46:18Z ERROR dt_instance] MQTT ERROR: Io(Custom { kind: Uncategorized, error: "failed to lookup address information: Temporary failure in name resolution" })
[2023-07-17T20:46:23Z ERROR dt_instance] MQTT ERROR: Io(Custom { kind: Uncategorized, error: "failed to lookup address information: Temporary failure in name resolution" })
[2023-07-17T20:46:23Z ERROR dt_instance] MQTT ERROR: Io(Custom { kind: Uncategorized, error: "failed to lookup address information: Temporary failure in name resolution" })
[2023-07-17T20:46:28Z ERROR dt_instance] MQTT ERROR: Io(Custom { kind: Uncategorized, error: "failed to lookup address information: Temporary failure in name resolution" })
[2023-07-17T20:46:28Z ERROR dt_instance] MQTT ERROR: Io(Custom { kind: Uncategorized, error: "failed to lookup address information: Temporary failure in name resolution" })
[2023-07-17T20:46:28Z ERROR dt_instance] MQTT ERROR: Io(Custom { kind: Uncategorized, error: "failed to lookup address information: Temporary failure in name resolution" })
[2023-07-17T20:46:39Z ERROR dt_instance] MQTT ERROR: Io(Custom { kind: Uncategorized, error: "failed to lookup address information: Name or service not known" })
[2023-07-17T20:46:49Z ERROR dt_instance] MQTT ERROR: Io(Custom { kind: Uncategorized, error: "failed to lookup address information: Name or service not known" })
[2023-07-17T20:46:59Z ERROR dt_instance] MQTT ERROR: Io(Custom { kind: Uncategorized, error: "failed to lookup address information: Name or service not known" })
[2023-07-17T20:47:09Z ERROR dt_instance] MQTT ERROR: Io(Custom { kind: Uncategorized, error: "failed to lookup address information: Temporary failure in name resolution" })
[2023-07-17T20:47:09Z ERROR dt_instance] MQTT ERROR: Io(Custom { kind: Uncategorized, error: "failed to lookup address information: Temporary failure in name resolution" })
[2023-07-17T20:47:09Z ERROR dt_instance] MQTT ERROR: Io(Custom { kind: Uncategorized, error: "failed to lookup address information: Temporary failure in name resolution" })
[2023-07-17T20:47:15Z ERROR dt_instance] MQTT ERROR: Io(Custom { kind: Uncategorized, error: "failed to lookup address information: Temporary failure in name resolution" })
[2023-07-17T20:47:15Z ERROR dt_instance] MQTT ERROR: Io(Custom { kind: Uncategorized, error: "failed to lookup address information: Temporary failure in name resolution" })
[2023-07-17T20:47:20Z ERROR dt_instance] MQTT ERROR: Io(Custom { kind: Uncategorized, error: "failed to lookup address information: Temporary failure in name resolution" })
[2023-07-17T20:47:20Z ERROR dt_instance] MQTT ERROR: Io(Custom { kind: Uncategorized, error: "failed to lookup address information: Temporary failure in name resolution" })
[2023-07-17T20:47:25Z ERROR dt_instance] MQTT ERROR: Io(Custom { kind: Uncategorized, error: "failed to lookup address information: Temporary failure in name resolution" })
[2023-07-17T20:47:25Z ERROR dt_instance] MQTT ERROR: Io(Custom { kind: Uncategorized, error: "failed to lookup address information: Temporary failure in name resolution" })
[2023-07-17T20:47:30Z ERROR dt_instance] MQTT ERROR: Io(Custom { kind: Uncategorized, error: "failed to lookup address information: Temporary failure in name resolution" })
[2023-07-17T20:47:31Z ERROR dt_instance] MQTT ERROR: Io(Custom { kind: Uncategorized, error: "failed to lookup address information: Temporary failure in name resolution" })
[2023-07-17T20:47:41Z ERROR dt_instance] MQTT ERROR: Io(Custom { kind: Uncategorized, error: "failed to lookup address information: Temporary failure in name resolution" })
[2023-07-17T20:47:41Z ERROR dt_instance] MQTT ERROR: Io(Custom { kind: Uncategorized, error: "failed to lookup address information: Temporary failure in name resolution" })
[2023-07-17T20:47:41Z ERROR dt_instance] MQTT ERROR: Io(Custom { kind: Uncategorized, error: "failed to lookup address information: Temporary failure in name resolution" })
[2023-07-17T20:47:46Z ERROR dt_instance] MQTT ERROR: Io(Custom { kind: Uncategorized, error: "failed to lookup address information: Temporary failure in name resolution" })
[2023-07-17T20:47:46Z ERROR dt_instance] MQTT ERROR: Io(Custom { kind: Uncategorized, error: "failed to lookup address information: Temporary failure in name resolution" })
[2023-07-17T20:47:57Z ERROR dt_instance] MQTT ERROR: Io(Custom { kind: Uncategorized, error: "failed to lookup address information: Temporary failure in name resolution" })
[2023-07-17T20:47:57Z ERROR dt_instance] MQTT ERROR: Io(Custom { kind: Uncategorized, error: "failed to lookup address information: Temporary failure in name resolution" })
[2023-07-17T20:47:57Z ERROR dt_instance] MQTT ERROR: Io(Custom { kind: Uncategorized, error: "failed to lookup address information: Temporary failure in name resolution" })
[2023-07-17T20:48:02Z ERROR dt_instance] MQTT ERROR: Io(Custom { kind: Uncategorized, error: "failed to lookup address information: Temporary failure in name resolution" })
[2023-07-17T20:48:02Z ERROR dt_instance] MQTT ERROR: Io(Custom { kind: Uncategorized, error: "failed to lookup address information: Temporary failure in name resolution" })
[2023-07-17T20:48:07Z ERROR dt_instance] MQTT ERROR: Io(Custom { kind: Uncategorized, error: "failed to lookup address information: Temporary failure in name resolution" })
[2023-07-17T20:48:07Z ERROR dt_instance] MQTT ERROR: Io(Custom { kind: Uncategorized, error: "failed to lookup address information: Temporary failure in name resolution" })
[2023-07-17T20:48:13Z ERROR dt_instance] MQTT ERROR: Io(Custom { kind: Uncategorized, error: "failed to lookup address information: Temporary failure in name resolution" })
[2023-07-17T20:48:13Z ERROR dt_instance] MQTT ERROR: Io(Custom { kind: Uncategorized, error: "failed to lookup address information: Temporary failure in name resolution" })
[2023-07-17T20:48:18Z ERROR dt_instance] MQTT ERROR: Io(Custom { kind: Uncategorized, error: "failed to lookup address information: Temporary failure in name resolution" })
[2023-07-17T20:48:18Z ERROR dt_instance] MQTT ERROR: Io(Custom { kind: Uncategorized, error: "failed to lookup address information: Temporary failure in name resolution" })
[2023-07-17T20:48:24Z ERROR dt_instance] MQTT ERROR: Io(Custom { kind: Uncategorized, error: "failed to lookup address information: Name or service not known" })
[2023-07-17T20:48:29Z ERROR dt_instance] MQTT ERROR: Io(Custom { kind: Uncategorized, error: "failed to lookup address information: Temporary failure in name resolution" })
[2023-07-17T20:48:29Z ERROR dt_instance] MQTT ERROR: Io(Custom { kind: Uncategorized, error: "failed to lookup address information: Temporary failure in name resolution" })
[2023-07-17T20:48:29Z ERROR dt_instance] MQTT ERROR: Io(Custom { kind: Uncategorized, error: "failed to lookup address information: Temporary failure in name resolution" })
[2023-07-17T20:48:34Z ERROR dt_instance] MQTT ERROR: Io(Custom { kind: Uncategorized, error: "failed to lookup address information: Temporary failure in name resolution" })
[2023-07-17T20:48:35Z ERROR dt_instance] MQTT ERROR: Io(Custom { kind: Uncategorized, error: "failed to lookup address information: Temporary failure in name resolution" })
[2023-07-17T20:48:40Z ERROR dt_instance] MQTT ERROR: Io(Custom { kind: Uncategorized, error: "failed to lookup address information: Temporary failure in name resolution" })
[2023-07-17T20:48:40Z ERROR dt_instance] MQTT ERROR: Io(Custom { kind: Uncategorized, error: "failed to lookup address information: Temporary failure in name resolution" })
[2023-07-17T20:48:45Z ERROR dt_instance] MQTT ERROR: Io(Custom { kind: Uncategorized, error: "failed to lookup address information: Temporary failure in name resolution" })
[2023-07-17T20:48:45Z ERROR dt_instance] MQTT ERROR: Io(Custom { kind: Uncategorized, error: "failed to lookup address information: Temporary failure in name resolution" })
[2023-07-17T20:48:55Z ERROR dt_instance] MQTT ERROR: Io(Custom { kind: Uncategorized, error: "failed to lookup address information: Temporary failure in name resolution" })
[2023-07-17T20:48:56Z ERROR dt_instance] MQTT ERROR: Io(Custom { kind: Uncategorized, error: "failed to lookup address information: Temporary failure in name resolution" })
[2023-07-17T20:48:56Z ERROR dt_instance] MQTT ERROR: Io(Custom { kind: Uncategorized, error: "failed to lookup address information: Temporary failure in name resolution" })
[2023-07-17T20:49:01Z ERROR dt_instance] MQTT ERROR: Io(Custom { kind: Uncategorized, error: "failed to lookup address information: Temporary failure in name resolution" })
[2023-07-17T20:49:01Z ERROR dt_instance] MQTT ERROR: Io(Custom { kind: Uncategorized, error: "failed to lookup address information: Temporary failure in name resolution" })
[2023-07-17T20:49:06Z ERROR dt_instance] MQTT ERROR: Io(Custom { kind: Uncategorized, error: "failed to lookup address information: Temporary failure in name resolution" })
[2023-07-17T20:49:06Z ERROR dt_instance] MQTT ERROR: Io(Custom { kind: Uncategorized, error: "failed to lookup address information: Temporary failure in name resolution" })
[2023-07-17T20:49:06Z ERROR dt_instance] MQTT ERROR: Io(Custom { kind: Uncategorized, error: "failed to lookup address information: Temporary failure in name resolution" })
[2023-07-17T20:49:12Z ERROR dt_instance] MQTT ERROR: Io(Custom { kind: Uncategorized, error: "failed to lookup address information: Temporary failure in name resolution" })
[2023-07-17T20:49:12Z ERROR dt_instance] MQTT ERROR: Io(Custom { kind: Uncategorized, error: "failed to lookup address information: Temporary failure in name resolution" })
[2023-07-17T20:49:17Z ERROR dt_instance] MQTT ERROR: Io(Custom { kind: Uncategorized, error: "failed to lookup address information: Temporary failure in name resolution" })
[2023-07-17T20:49:17Z ERROR dt_instance] MQTT ERROR: Io(Custom { kind: Uncategorized, error: "failed to lookup address information: Temporary failure in name resolution" })
[2023-07-17T20:49:22Z ERROR dt_instance] MQTT ERROR: Io(Custom { kind: Uncategorized, error: "failed to lookup address information: Temporary failure in name resolution" })
[2023-07-17T20:49:22Z ERROR dt_instance] MQTT ERROR: Io(Custom { kind: Uncategorized, error: "failed to lookup address information: Temporary failure in name resolution" })
[2023-07-17T20:49:28Z ERROR dt_instance] MQTT ERROR: Io(Custom { kind: Uncategorized, error: "failed to lookup address information: Temporary failure in name resolution" })
[2023-07-17T20:49:28Z ERROR dt_instance] MQTT ERROR: Io(Custom { kind: Uncategorized, error: "failed to lookup address information: Temporary failure in name resolution" })
[2023-07-17T20:49:33Z ERROR dt_instance] MQTT ERROR: Io(Custom { kind: Uncategorized, error: "failed to lookup address information: Temporary failure in name resolution" })
[2023-07-17T20:49:33Z ERROR dt_instance] MQTT ERROR: Io(Custom { kind: Uncategorized, error: "failed to lookup address information: Temporary failure in name resolution" })
[2023-07-17T20:49:38Z ERROR dt_instance] MQTT ERROR: Io(Custom { kind: Uncategorized, error: "failed to lookup address information: Temporary failure in name resolution" })
[2023-07-17T20:49:38Z ERROR dt_instance] MQTT ERROR: Io(Custom { kind: Uncategorized, error: "failed to lookup address information: Temporary failure in name resolution" })
[2023-07-17T20:49:38Z ERROR dt_instance] MQTT ERROR: Io(Custom { kind: Uncategorized, error: "failed to lookup address information: Temporary failure in name resolution" })
[2023-07-17T20:49:44Z ERROR dt_instance] MQTT ERROR: Io(Custom { kind: Uncategorized, error: "failed to lookup address information: Temporary failure in name resolution" })
[2023-07-17T20:49:44Z ERROR dt_instance] MQTT ERROR: Io(Custom { kind: Uncategorized, error: "failed to lookup address information: Temporary failure in name resolution" })
[2023-07-17T20:49:49Z ERROR dt_instance] MQTT ERROR: Io(Custom { kind: Uncategorized, error: "failed to lookup address information: Temporary failure in name resolution" })
[2023-07-17T20:49:49Z ERROR dt_instance] MQTT ERROR: Io(Custom { kind: Uncategorized, error: "failed to lookup address information: Temporary failure in name resolution" })
[2023-07-17T20:49:54Z ERROR dt_instance] MQTT ERROR: Io(Custom { kind: Uncategorized, error: "failed to lookup address information: Temporary failure in name resolution" })
[2023-07-17T20:49:54Z ERROR dt_instance] MQTT ERROR: Io(Custom { kind: Uncategorized, error: "failed to lookup address information: Temporary failure in name resolution" })
[2023-07-17T20:50:00Z ERROR dt_instance] MQTT ERROR: Io(Custom { kind: Uncategorized, error: "failed to lookup address information: Name or service not known" })
[2023-07-17T20:50:01Z INFO  dt_instance] Refreshing topics for twin - Listen to mc-17/#
[2023-07-17T20:50:01Z INFO  dt_instance] SubAck { pkid: 3, return_codes: [Success(ExactlyOnce)] }
[2023-07-17T20:50:02Z INFO  dt_instance] received at 2023-07-17 20:50:02.065480664 UTC - from mc-17->source-8 "550" 20:50:02.064193654
[2023-07-17T20:50:05Z INFO  dt_instance] received at 2023-07-17 20:50:05.340672865 UTC - from mc-17->source-3 "502" 20:50:05.339364748
[2023-07-17T20:50:08Z INFO  dt_instance] received at 2023-07-17 20:50:08.388791784 UTC - from mc-17->source-2 "538" 20:50:08.387569187
[2023-07-17T20:50:11Z INFO  dt_instance] received at 2023-07-17 20:50:11.464350292 UTC - from mc-17->source-4 "537" 20:50:11.459439132
[2023-07-17T20:50:14Z INFO  dt_instance] received at 2023-07-17 20:50:14.598218318 UTC - from mc-17->source-8 "575" 20:50:14.593531090
[2023-07-17T20:50:17Z INFO  dt_instance] received at 2023-07-17 20:50:17.878499394 UTC - from mc-17->source-3 "527" 20:50:17.877445043
[2023-07-17T20:50:20Z INFO  dt_instance] received at 2023-07-17 20:50:20.924550705 UTC - from mc-17->source-2 "563" 20:50:20.923364054
[2023-07-17T20:50:23Z INFO  dt_instance] received at 2023-07-17 20:50:23.988740303 UTC - from mc-17->source-4 "562" 20:50:23.987991453
[2023-07-17T20:50:27Z INFO  dt_instance] received at 2023-07-17 20:50:27.124462834 UTC - from mc-17->source-8 "600" 20:50:27.123395278
[2023-07-17T20:50:30Z INFO  dt_instance] received at 2023-07-17 20:50:30.406281160 UTC - from mc-17->source-3 "552" 20:50:30.405302739
[2023-07-17T20:50:33Z INFO  dt_instance] received at 2023-07-17 20:50:33.459858047 UTC - from mc-17->source-2 "588" 20:50:33.458881179
[2023-07-17T20:50:36Z INFO  dt_instance] received at 2023-07-17 20:50:36.516609215 UTC - from mc-17->source-4 "587" 20:50:36.515791502
[2023-07-17T20:50:39Z INFO  dt_instance] received at 2023-07-17 20:50:39.654655005 UTC - from mc-17->source-8 "625" 20:50:39.653442206
[2023-07-17T20:50:42Z INFO  dt_instance] received at 2023-07-17 20:50:42.941242859 UTC - from mc-17->source-3 "577" 20:50:42.940149704
[2023-07-17T20:50:45Z INFO  dt_instance] received at 2023-07-17 20:50:45.991386469 UTC - from mc-17->source-2 "613" 20:50:45.990326320
[2023-07-17T20:50:49Z INFO  dt_instance] received at 2023-07-17 20:50:49.045503285 UTC - from mc-17->source-4 "612" 20:50:49.044546767
[2023-07-17T20:50:52Z INFO  dt_instance] received at 2023-07-17 20:50:52.185164292 UTC - from mc-17->source-8 "650" 20:50:52.184230725
[2023-07-17T20:50:55Z INFO  dt_instance] received at 2023-07-17 20:50:55.469217203 UTC - from mc-17->source-3 "602" 20:50:55.468005655
[2023-07-17T20:50:58Z INFO  dt_instance] received at 2023-07-17 20:50:58.521825776 UTC - from mc-17->source-2 "638" 20:50:58.520696181
[2023-07-17T20:51:01Z INFO  dt_instance] received at 2023-07-17 20:51:01.572529571 UTC - from mc-17->source-4 "637" 20:51:01.571369868
[2023-07-17T20:51:04Z INFO  dt_instance] received at 2023-07-17 20:51:04.717655027 UTC - from mc-17->source-8 "675" 20:51:04.715524555
[2023-07-17T20:51:08Z INFO  dt_instance] received at 2023-07-17 20:51:08.018406528 UTC - from mc-17->source-7 "673" 20:51:08.017114065
[2023-07-17T20:51:11Z INFO  dt_instance] received at 2023-07-17 20:51:11.053016809 UTC - from mc-17->source-2 "663" 20:51:11.052094071
[2023-07-17T20:51:14Z INFO  dt_instance] received at 2023-07-17 20:51:14.107134500 UTC - from mc-17->source-4 "662" 20:51:14.103084139
[2023-07-17T20:51:17Z INFO  dt_instance] received at 2023-07-17 20:51:17.245541306 UTC - from mc-17->source-8 "700" 20:51:17.244283454
[2023-07-17T20:51:20Z INFO  dt_instance] received at 2023-07-17 20:51:20.546916169 UTC - from mc-17->source-3 "652" 20:51:20.545926576
[2023-07-17T20:51:23Z INFO  dt_instance] received at 2023-07-17 20:51:23.581551325 UTC - from mc-17->source-2 "688" 20:51:23.580709585
[2023-07-17T20:51:26Z INFO  dt_instance] received at 2023-07-17 20:51:26.635645058 UTC - from mc-17->source-1 "700" 20:51:26.634506121
[2023-07-17T20:51:29Z INFO  dt_instance] received at 2023-07-17 20:51:29.782249301 UTC - from mc-17->source-8 "725" 20:51:29.781158449
[2023-07-17T20:51:33Z INFO  dt_instance] received at 2023-07-17 20:51:33.075452355 UTC - from mc-17->source-7 "723" 20:51:33.074502181
[2023-07-17T20:51:36Z INFO  dt_instance] received at 2023-07-17 20:51:36.112101845 UTC - from mc-17->source-2 "713" 20:51:36.111210145
[2023-07-17T20:51:39Z INFO  dt_instance] received at 2023-07-17 20:51:39.166449603 UTC - from mc-17->source-4 "712" 20:51:39.165236263
[2023-07-17T20:51:42Z INFO  dt_instance] received at 2023-07-17 20:51:42.324602164 UTC - from mc-17->source-8 "750" 20:51:42.322489648
[2023-07-17T20:51:45Z INFO  dt_instance] received at 2023-07-17 20:51:45.606085116 UTC - from mc-17->source-7 "748" 20:51:45.604713608
[2023-07-17T20:51:48Z INFO  dt_instance] received at 2023-07-17 20:51:48.644302684 UTC - from mc-17->source-2 "738" 20:51:48.643308451
[2023-07-17T20:51:51Z INFO  dt_instance] received at 2023-07-17 20:51:51.703654597 UTC - from mc-17->source-1 "750" 20:51:51.702758214
[2023-07-17T20:51:54Z INFO  dt_instance] received at 2023-07-17 20:51:54.857591084 UTC - from mc-17->source-8 "775" 20:51:54.856467158
[2023-07-17T20:51:58Z INFO  dt_instance] received at 2023-07-17 20:51:58.134457499 UTC - from mc-17->source-7 "773" 20:51:58.133316505
[2023-07-17T20:52:01Z INFO  dt_instance] received at 2023-07-17 20:52:01.176293321 UTC - from mc-17->source-2 "763" 20:52:01.175197509
[2023-07-17T20:52:04Z INFO  dt_instance] received at 2023-07-17 20:52:04.246173577 UTC - from mc-17->source-4 "762" 20:52:04.245165790
[2023-07-17T20:52:07Z INFO  dt_instance] received at 2023-07-17 20:52:07.386433769 UTC - from mc-17->source-8 "800" 20:52:07.385736931
[2023-07-17T20:52:10Z INFO  dt_instance] received at 2023-07-17 20:52:10.659847876 UTC - from mc-17->source-7 "798" 20:52:10.658815365
[2023-07-17T20:52:13Z INFO  dt_instance] received at 2023-07-17 20:52:13.706313863 UTC - from mc-17->source-2 "788" 20:52:13.705262023
[2023-07-17T20:52:16Z INFO  dt_instance] received at 2023-07-17 20:52:16.777691964 UTC - from mc-17->source-4 "787" 20:52:16.774182534
[2023-07-17T20:52:19Z INFO  dt_instance] received at 2023-07-17 20:52:19.917810100 UTC - from mc-17->source-8 "825" 20:52:19.915522633
[2023-07-17T20:52:23Z INFO  dt_instance] received at 2023-07-17 20:52:23.189587232 UTC - from mc-17->source-7 "823" 20:52:23.188661680
[2023-07-17T20:52:26Z INFO  dt_instance] received at 2023-07-17 20:52:26.239178242 UTC - from mc-17->source-2 "813" 20:52:26.238116851
[2023-07-17T20:52:29Z INFO  dt_instance] received at 2023-07-17 20:52:29.308577885 UTC - from mc-17->source-4 "812" 20:52:29.307609354
[2023-07-17T20:52:32Z INFO  dt_instance] received at 2023-07-17 20:52:32.443841721 UTC - from mc-17->source-8 "850" 20:52:32.442893577
[2023-07-17T20:52:35Z INFO  dt_instance] received at 2023-07-17 20:52:35.719060593 UTC - from mc-17->source-7 "848" 20:52:35.718103094
[2023-07-17T20:52:38Z INFO  dt_instance] received at 2023-07-17 20:52:38.786028636 UTC - from mc-17->source-2 "838" 20:52:38.775306525
[2023-07-17T20:52:41Z INFO  dt_instance] received at 2023-07-17 20:52:41.836817407 UTC - from mc-17->source-4 "837" 20:52:41.836136265
[2023-07-17T20:52:44Z INFO  dt_instance] received at 2023-07-17 20:52:44.976154138 UTC - from mc-17->source-8 "875" 20:52:44.975215947
[2023-07-17T20:52:48Z INFO  dt_instance] received at 2023-07-17 20:52:48.251850807 UTC - from mc-17->source-7 "873" 20:52:48.250861810
[2023-07-17T20:52:51Z INFO  dt_instance] received at 2023-07-17 20:52:51.304730109 UTC - from mc-17->source-2 "863" 20:52:51.302457842
[2023-07-17T20:52:54Z INFO  dt_instance] received at 2023-07-17 20:52:54.369843009 UTC - from mc-17->source-4 "862" 20:52:54.368924109
[2023-07-17T20:52:57Z INFO  dt_instance] received at 2023-07-17 20:52:57.514139042 UTC - from mc-17->source-8 "900" 20:52:57.513029771
[2023-07-17T20:53:00Z INFO  dt_instance] received at 2023-07-17 20:53:00.789759944 UTC - from mc-17->source-7 "898" 20:53:00.788549123
[2023-07-17T20:53:03Z INFO  dt_instance] received at 2023-07-17 20:53:03.832297896 UTC - from mc-17->source-2 "888" 20:53:03.831543891
[2023-07-17T20:53:06Z INFO  dt_instance] received at 2023-07-17 20:53:06.896477367 UTC - from mc-17->source-4 "887" 20:53:06.895513497
[2023-07-17T20:53:10Z INFO  dt_instance] received at 2023-07-17 20:53:10.052605494 UTC - from mc-17->source-8 "925" 20:53:10.050228646
[2023-07-17T20:53:13Z INFO  dt_instance] received at 2023-07-17 20:53:13.320859579 UTC - from mc-17->source-7 "923" 20:53:13.319771734
[2023-07-17T20:53:16Z INFO  dt_instance] received at 2023-07-17 20:53:16.361981506 UTC - from mc-17->source-2 "913" 20:53:16.361368817
[2023-07-17T20:53:19Z INFO  dt_instance] received at 2023-07-17 20:53:19.430781512 UTC - from mc-17->source-4 "912" 20:53:19.429460028
[2023-07-17T20:53:22Z INFO  dt_instance] received at 2023-07-17 20:53:22.579532617 UTC - from mc-17->source-8 "950" 20:53:22.577551537
[2023-07-17T20:53:25Z INFO  dt_instance] received at 2023-07-17 20:53:25.847216615 UTC - from mc-17->source-7 "948" 20:53:25.846538823
[2023-07-17T20:53:28Z INFO  dt_instance] received at 2023-07-17 20:53:28.895508872 UTC - from mc-17->source-2 "938" 20:53:28.894064113
[2023-07-17T20:53:31Z INFO  dt_instance] received at 2023-07-17 20:53:31.959230095 UTC - from mc-17->source-4 "937" 20:53:31.958217520
[2023-07-17T20:53:35Z INFO  dt_instance] received at 2023-07-17 20:53:35.112366525 UTC - from mc-17->source-8 "975" 20:53:35.111192975
[2023-07-17T20:53:38Z INFO  dt_instance] received at 2023-07-17 20:53:38.376103138 UTC - from mc-17->source-7 "973" 20:53:38.375204069
[2023-07-17T20:53:41Z INFO  dt_instance] received at 2023-07-17 20:53:41.430826510 UTC - from mc-17->source-2 "963" 20:53:41.427162080
[2023-07-17T20:53:44Z INFO  dt_instance] received at 2023-07-17 20:53:44.492428580 UTC - from mc-17->source-4 "962" 20:53:44.491693663
[2023-07-17T20:53:47Z INFO  dt_instance] received at 2023-07-17 20:53:47.807887656 UTC - from mc-17->source-9 "981" 20:53:47.807068832
[2023-07-17T20:53:51Z INFO  dt_instance] received at 2023-07-17 20:53:51.435921620 UTC - from mc-17->source-3 "953" 20:53:51.435065838
[2023-07-17T20:53:56Z INFO  dt_instance] received at 2023-07-17 20:53:56.445840023 UTC - from mc-17->source-3 "963" 20:53:56.444980571
[2023-07-17T20:54:09Z INFO  dt_instance] received at 2023-07-17 20:54:09.985152072 UTC - from mc-17->source-3 "990" 20:54:09.984176170
[2023-07-17T21:24:09Z INFO  dt_instance] received at 2023-07-17 21:24:09.209200276 UTC - from mc-17->source-0 "141" 20:45:47.159173946
[2023-07-17T21:24:17Z INFO  dt_instance] received at 2023-07-17 21:24:17.186989328 UTC - from mc-17->source-0 "167" 21:24:17.185697092
[2023-07-17T21:24:29Z INFO  dt_instance] received at 2023-07-17 21:24:29.722534075 UTC - from mc-17->source-0 "192" 21:24:29.719028814
[2023-07-17T21:24:42Z INFO  dt_instance] received at 2023-07-17 21:24:42.257946519 UTC - from mc-17->source-0 "217" 21:24:42.256140302
[2023-07-17T21:24:54Z INFO  dt_instance] received at 2023-07-17 21:24:54.787321497 UTC - from mc-17->source-0 "242" 21:24:54.786019903
[2023-07-17T21:25:07Z INFO  dt_instance] received at 2023-07-17 21:25:07.313484853 UTC - from mc-17->source-0 "267" 21:25:07.312345518
[2023-07-17T21:25:19Z INFO  dt_instance] received at 2023-07-17 21:25:19.843176945 UTC - from mc-17->source-0 "292" 21:25:19.842275507
[2023-07-17T21:25:32Z INFO  dt_instance] received at 2023-07-17 21:25:32.375096636 UTC - from mc-17->source-0 "317" 21:25:32.373611132
[2023-07-17T21:25:44Z INFO  dt_instance] received at 2023-07-17 21:25:44.902963204 UTC - from mc-17->source-0 "342" 21:25:44.901624618
[2023-07-17T21:25:57Z INFO  dt_instance] received at 2023-07-17 21:25:57.431930267 UTC - from mc-17->source-0 "367" 21:25:57.430598556
[2023-07-17T21:26:09Z INFO  dt_instance] received at 2023-07-17 21:26:09.967424587 UTC - from mc-17->source-0 "392" 21:26:09.964195235
[2023-07-17T21:26:22Z INFO  dt_instance] received at 2023-07-17 21:26:22.494749909 UTC - from mc-17->source-0 "417" 21:26:22.493705570
[2023-07-17T21:26:35Z INFO  dt_instance] received at 2023-07-17 21:26:35.029124895 UTC - from mc-17->source-0 "442" 21:26:35.027979981
[2023-07-17T21:26:47Z INFO  dt_instance] received at 2023-07-17 21:26:47.566461013 UTC - from mc-17->source-0 "467" 21:26:47.565068012
[2023-07-17T21:27:00Z INFO  dt_instance] received at 2023-07-17 21:27:00.096860939 UTC - from mc-17->source-0 "492" 21:27:00.095980915
[2023-07-17T21:27:12Z INFO  dt_instance] received at 2023-07-17 21:27:12.627421610 UTC - from mc-17->source-0 "517" 21:27:12.626137371
[2023-07-17T21:27:25Z INFO  dt_instance] received at 2023-07-17 21:27:25.159278512 UTC - from mc-17->source-0 "542" 21:27:25.158003664
[2023-07-17T21:27:37Z INFO  dt_instance] received at 2023-07-17 21:27:37.685466744 UTC - from mc-17->source-0 "567" 21:27:37.682692957
[2023-07-17T21:27:50Z INFO  dt_instance] received at 2023-07-17 21:27:50.212950427 UTC - from mc-17->source-0 "592" 21:27:50.211723159
[2023-07-17T21:28:02Z INFO  dt_instance] received at 2023-07-17 21:28:02.742637657 UTC - from mc-17->source-0 "617" 21:28:02.741366827
[2023-07-17T21:28:15Z INFO  dt_instance] received at 2023-07-17 21:28:15.270124969 UTC - from mc-17->source-0 "642" 21:28:15.269218711
[2023-07-17T21:28:27Z INFO  dt_instance] received at 2023-07-17 21:28:27.804881957 UTC - from mc-17->source-0 "667" 21:28:27.803786333
[2023-07-17T21:28:40Z INFO  dt_instance] received at 2023-07-17 21:28:40.345001044 UTC - from mc-17->source-0 "692" 21:28:40.343430417
[2023-07-17T21:28:52Z INFO  dt_instance] received at 2023-07-17 21:28:52.876800905 UTC - from mc-17->source-5 "709" 21:28:52.875616865
[2023-07-17T21:29:05Z INFO  dt_instance] received at 2023-07-17 21:29:05.412073908 UTC - from mc-17->source-5 "734" 21:29:05.410728950
[2023-07-17T21:29:17Z INFO  dt_instance] received at 2023-07-17 21:29:17.945111661 UTC - from mc-17->source-5 "759" 21:29:17.944336239
[2023-07-17T21:29:30Z INFO  dt_instance] received at 2023-07-17 21:29:30.477621395 UTC - from mc-17->source-5 "784" 21:29:30.475904917
[2023-07-17T21:29:43Z INFO  dt_instance] received at 2023-07-17 21:29:43.021402047 UTC - from mc-17->source-0 "817" 21:29:43.020313253
[2023-07-17T21:29:55Z INFO  dt_instance] received at 2023-07-17 21:29:55.553122377 UTC - from mc-17->source-0 "842" 21:29:55.550977941
[2023-07-17T21:30:08Z INFO  dt_instance] received at 2023-07-17 21:30:08.085836129 UTC - from mc-17->source-0 "867" 21:30:08.082857105
[2023-07-17T21:30:20Z INFO  dt_instance] received at 2023-07-17 21:30:20.616756891 UTC - from mc-17->source-0 "892" 21:30:20.615701969
[2023-07-17T21:30:33Z INFO  dt_instance] received at 2023-07-17 21:30:33.146897636 UTC - from mc-17->source-5 "909" 21:30:33.145853384
[2023-07-17T21:30:45Z INFO  dt_instance] received at 2023-07-17 21:30:45.676186703 UTC - from mc-17->source-5 "934" 21:30:45.675016160
[2023-07-17T21:30:58Z INFO  dt_instance] received at 2023-07-17 21:30:58.207318659 UTC - from mc-17->source-5 "959" 21:30:58.206233345
[2023-07-17T21:31:10Z INFO  dt_instance] received at 2023-07-17 21:31:10.737336301 UTC - from mc-17->source-5 "984" 21:31:10.736241339
