[2023-06-26T14:42:39Z INFO  dt_instance] Current Twin: mc-twin-9
[2023-06-26T14:42:39Z INFO  dt_instance] Replica Name twin-mc-stateful-9
[2023-06-26T14:42:39Z INFO  dt_instance] Sleeping for 450
[2023-06-26T14:50:09Z INFO  dt_instance] Connecting to broker at emqx.dtwins:1883
[2023-06-26T14:50:09Z INFO  dt_instance] Loggin info each 50 messages
[2023-06-26T14:50:09Z INFO  dt_instance] Set max packet size to 60000 KB.
[2023-06-26T14:50:09Z INFO  dt_instance] Refreshing topics for twin - Listen to mc-9/#
[2023-06-26T14:50:09Z INFO  dt_instance] SubAck { pkid: 1, return_codes: [Success(ExactlyOnce)] }
[2023-06-26T14:51:16Z INFO  dt_instance] received at 2023-06-26 14:51:16.837548479 UTC - from mc-9->source-2 "9" 14:51:16.836299477
[2023-06-26T14:51:20Z INFO  dt_instance] received at 2023-06-26 14:51:20.090770418 UTC - from mc-9->source-3 "13" 14:51:20.089893707
[2023-06-26T14:51:22Z INFO  dt_instance] received at 2023-06-26 14:51:22.608633056 UTC - from mc-9->source-1 "23" 14:51:22.607383520
[2023-06-26T14:51:25Z INFO  dt_instance] received at 2023-06-26 14:51:25.114652127 UTC - from mc-9->source-1 "28" 14:51:25.113375936
[2023-06-26T14:51:27Z INFO  dt_instance] received at 2023-06-26 14:51:27.620467465 UTC - from mc-9->source-1 "33" 14:51:27.619539385
[2023-06-26T14:51:30Z INFO  dt_instance] received at 2023-06-26 14:51:30.125131622 UTC - from mc-9->source-1 "38" 14:51:30.124100158
[2023-06-26T14:51:32Z INFO  dt_instance] received at 2023-06-26 14:51:32.630883268 UTC - from mc-9->source-1 "43" 14:51:32.630018408
[2023-06-26T14:51:35Z INFO  dt_instance] received at 2023-06-26 14:51:35.137784784 UTC - from mc-9->source-1 "48" 14:51:35.137046920
[2023-06-26T14:51:37Z INFO  dt_instance] received at 2023-06-26 14:51:37.644262137 UTC - from mc-9->source-1 "53" 14:51:37.643301504
[2023-06-26T14:51:40Z INFO  dt_instance] received at 2023-06-26 14:51:40.149425438 UTC - from mc-9->source-1 "58" 14:51:40.148795828
[2023-06-26T14:51:42Z INFO  dt_instance] received at 2023-06-26 14:51:42.655211610 UTC - from mc-9->source-1 "63" 14:51:42.654050569
[2023-06-26T14:51:45Z INFO  dt_instance] received at 2023-06-26 14:51:45.160403968 UTC - from mc-9->source-1 "68" 14:51:45.159359352
[2023-06-26T14:51:47Z INFO  dt_instance] received at 2023-06-26 14:51:47.666159990 UTC - from mc-9->source-1 "73" 14:51:47.665108736
[2023-06-26T14:51:50Z INFO  dt_instance] received at 2023-06-26 14:51:50.171911945 UTC - from mc-9->source-1 "78" 14:51:50.170977343
[2023-06-26T14:51:52Z INFO  dt_instance] received at 2023-06-26 14:51:52.677969204 UTC - from mc-9->source-1 "83" 14:51:52.676955698
[2023-06-26T14:51:55Z INFO  dt_instance] received at 2023-06-26 14:51:55.185798753 UTC - from mc-9->source-1 "88" 14:51:55.182365372
[2023-06-26T14:51:57Z INFO  dt_instance] received at 2023-06-26 14:51:57.690059274 UTC - from mc-9->source-1 "93" 14:51:57.688792896
[2023-06-26T14:52:00Z INFO  dt_instance] received at 2023-06-26 14:52:00.195006815 UTC - from mc-9->source-1 "98" 14:52:00.193961571
[2023-06-26T14:52:02Z INFO  dt_instance] received at 2023-06-26 14:52:02.699587745 UTC - from mc-9->source-1 "103" 14:52:02.698589035
[2023-06-26T14:52:05Z INFO  dt_instance] received at 2023-06-26 14:52:05.205537702 UTC - from mc-9->source-1 "108" 14:52:05.204360739
[2023-06-26T14:52:07Z INFO  dt_instance] received at 2023-06-26 14:52:07.710838327 UTC - from mc-9->source-1 "113" 14:52:07.709251367
[2023-06-26T14:52:10Z INFO  dt_instance] received at 2023-06-26 14:52:10.218576902 UTC - from mc-9->source-1 "118" 14:52:10.216425263
[2023-06-26T14:52:12Z INFO  dt_instance] received at 2023-06-26 14:52:12.722362319 UTC - from mc-9->source-1 "123" 14:52:12.721231959
[2023-06-26T14:52:15Z INFO  dt_instance] received at 2023-06-26 14:52:15.229054160 UTC - from mc-9->source-1 "128" 14:52:15.228051936
[2023-06-26T14:52:17Z INFO  dt_instance] received at 2023-06-26 14:52:17.736038459 UTC - from mc-9->source-1 "133" 14:52:17.734836057
[2023-06-26T14:52:20Z INFO  dt_instance] received at 2023-06-26 14:52:20.241671519 UTC - from mc-9->source-1 "138" 14:52:20.239857958
[2023-06-26T14:52:22Z INFO  dt_instance] received at 2023-06-26 14:52:22.747608413 UTC - from mc-9->source-1 "143" 14:52:22.746116693
[2023-06-26T14:52:25Z INFO  dt_instance] received at 2023-06-26 14:52:25.254477229 UTC - from mc-9->source-1 "148" 14:52:25.252435983
[2023-06-26T14:52:27Z INFO  dt_instance] received at 2023-06-26 14:52:27.758292365 UTC - from mc-9->source-1 "153" 14:52:27.757358761
[2023-06-26T14:52:30Z INFO  dt_instance] received at 2023-06-26 14:52:30.268515234 UTC - from mc-9->source-1 "158" 14:52:30.262309975
[2023-06-26T14:52:32Z INFO  dt_instance] received at 2023-06-26 14:52:32.769803251 UTC - from mc-9->source-1 "163" 14:52:32.768809059
[2023-06-26T14:52:35Z INFO  dt_instance] received at 2023-06-26 14:52:35.274726249 UTC - from mc-9->source-1 "168" 14:52:35.273225721
[2023-06-26T14:52:37Z INFO  dt_instance] received at 2023-06-26 14:52:37.779289436 UTC - from mc-9->source-1 "173" 14:52:37.778394294
[2023-06-26T14:52:40Z INFO  dt_instance] received at 2023-06-26 14:52:40.285785211 UTC - from mc-9->source-1 "178" 14:52:40.284091872
[2023-06-26T14:52:42Z INFO  dt_instance] received at 2023-06-26 14:52:42.790711352 UTC - from mc-9->source-7 "168" 14:52:42.789659931
[2023-06-26T14:52:45Z INFO  dt_instance] received at 2023-06-26 14:52:45.296579425 UTC - from mc-9->source-3 "183" 14:52:45.295383010
[2023-06-26T14:52:47Z INFO  dt_instance] received at 2023-06-26 14:52:47.803465470 UTC - from mc-9->source-1 "193" 14:52:47.802469829
[2023-06-26T14:52:50Z INFO  dt_instance] received at 2023-06-26 14:52:50.310726975 UTC - from mc-9->source-1 "198" 14:52:50.309605187
[2023-06-26T14:52:52Z INFO  dt_instance] received at 2023-06-26 14:52:52.815138190 UTC - from mc-9->source-1 "203" 14:52:52.814060027
[2023-06-26T14:52:55Z INFO  dt_instance] received at 2023-06-26 14:52:55.320438139 UTC - from mc-9->source-5 "198" 14:52:55.319668398
[2023-06-26T14:52:57Z INFO  dt_instance] received at 2023-06-26 14:52:57.826847275 UTC - from mc-9->source-3 "208" 14:52:57.825921357
[2023-06-26T14:53:00Z INFO  dt_instance] received at 2023-06-26 14:53:00.340668938 UTC - from mc-9->source-1 "218" 14:53:00.339567939
[2023-06-26T14:53:02Z INFO  dt_instance] received at 2023-06-26 14:53:02.855017184 UTC - from mc-9->source-7 "208" 14:53:02.845403582
[2023-06-26T14:53:05Z INFO  dt_instance] received at 2023-06-26 14:53:05.354187097 UTC - from mc-9->source-5 "218" 14:53:05.352068993
[2023-06-26T14:53:07Z INFO  dt_instance] received at 2023-06-26 14:53:07.861258585 UTC - from mc-9->source-3 "228" 14:53:07.860422630
[2023-06-26T14:53:10Z INFO  dt_instance] received at 2023-06-26 14:53:10.368779813 UTC - from mc-9->source-7 "223" 14:53:10.366925090
[2023-06-26T14:53:12Z INFO  dt_instance] received at 2023-06-26 14:53:12.873655664 UTC - from mc-9->source-5 "233" 14:53:12.872522277
[2023-06-26T14:53:15Z INFO  dt_instance] received at 2023-06-26 14:53:15.382883728 UTC - from mc-9->source-1 "248" 14:53:15.378174181
[2023-06-26T14:53:17Z INFO  dt_instance] received at 2023-06-26 14:53:17.886854946 UTC - from mc-9->source-5 "243" 14:53:17.885724684
[2023-06-26T14:53:20Z INFO  dt_instance] received at 2023-06-26 14:53:20.391357090 UTC - from mc-9->source-3 "253" 14:53:20.390255066
[2023-06-26T14:53:22Z INFO  dt_instance] received at 2023-06-26 14:53:22.899040069 UTC - from mc-9->source-5 "253" 14:53:22.898000284
[2023-06-26T14:53:25Z INFO  dt_instance] received at 2023-06-26 14:53:25.407946756 UTC - from mc-9->source-5 "258" 14:53:25.405946532
[2023-06-26T14:53:27Z INFO  dt_instance] received at 2023-06-26 14:53:27.917274608 UTC - from mc-9->source-3 "268" 14:53:27.915527846
[2023-06-26T14:53:30Z INFO  dt_instance] received at 2023-06-26 14:53:30.422481275 UTC - from mc-9->source-5 "268" 14:53:30.421166559
[2023-06-26T14:53:32Z INFO  dt_instance] received at 2023-06-26 14:53:32.927712086 UTC - from mc-9->source-7 "268" 14:53:32.926188852
[2023-06-26T14:53:35Z INFO  dt_instance] received at 2023-06-26 14:53:35.443411003 UTC - from mc-9->source-5 "278" 14:53:35.433822049
[2023-06-26T14:53:37Z INFO  dt_instance] received at 2023-06-26 14:53:37.941449789 UTC - from mc-9->source-5 "283" 14:53:37.940666360
[2023-06-26T14:53:40Z INFO  dt_instance] received at 2023-06-26 14:53:40.448936188 UTC - from mc-9->source-7 "283" 14:53:40.446009138
[2023-06-26T14:53:42Z INFO  dt_instance] received at 2023-06-26 14:53:42.954093285 UTC - from mc-9->source-5 "293" 14:53:42.952299326
[2023-06-26T14:53:45Z INFO  dt_instance] received at 2023-06-26 14:53:45.459887643 UTC - from mc-9->source-7 "293" 14:53:45.458878405
[2023-06-26T14:53:47Z INFO  dt_instance] received at 2023-06-26 14:53:47.965438456 UTC - from mc-9->source-7 "298" 14:53:47.964619125
[2023-06-26T14:53:50Z INFO  dt_instance] received at 2023-06-26 14:53:50.471092220 UTC - from mc-9->source-7 "303" 14:53:50.469510605
[2023-06-26T14:53:52Z INFO  dt_instance] received at 2023-06-26 14:53:52.976456447 UTC - from mc-9->source-3 "318" 14:53:52.975614070
[2023-06-26T14:53:55Z INFO  dt_instance] received at 2023-06-26 14:53:55.481096350 UTC - from mc-9->source-3 "323" 14:53:55.480134415
[2023-06-26T14:53:57Z INFO  dt_instance] received at 2023-06-26 14:53:57.986201953 UTC - from mc-9->source-3 "328" 14:53:57.985169977
[2023-06-26T14:54:00Z INFO  dt_instance] received at 2023-06-26 14:54:00.491296238 UTC - from mc-9->source-3 "333" 14:54:00.490555761
[2023-06-26T14:54:03Z INFO  dt_instance] received at 2023-06-26 14:54:03.003694495 UTC - from mc-9->source-5 "333" 14:54:03.001089097
[2023-06-26T14:54:05Z INFO  dt_instance] received at 2023-06-26 14:54:05.510273519 UTC - from mc-9->source-7 "333" 14:54:05.509107964
[2023-06-26T14:54:08Z INFO  dt_instance] received at 2023-06-26 14:54:08.017095329 UTC - from mc-9->source-7 "338" 14:54:08.015159803
[2023-06-26T14:54:10Z INFO  dt_instance] received at 2023-06-26 14:54:10.526660241 UTC - from mc-9->source-5 "348" 14:54:10.521386166
[2023-06-26T14:54:13Z INFO  dt_instance] received at 2023-06-26 14:54:13.031010853 UTC - from mc-9->source-7 "348" 14:54:13.029951457
[2023-06-26T14:54:15Z INFO  dt_instance] received at 2023-06-26 14:54:15.538830826 UTC - from mc-9->source-5 "358" 14:54:15.538059132
[2023-06-26T14:54:18Z INFO  dt_instance] received at 2023-06-26 14:54:18.046667974 UTC - from mc-9->source-5 "363" 14:54:18.045354372
[2023-06-26T14:54:20Z INFO  dt_instance] received at 2023-06-26 14:54:20.552574223 UTC - from mc-9->source-5 "368" 14:54:20.551118013
[2023-06-26T14:54:23Z INFO  dt_instance] received at 2023-06-26 14:54:23.060328032 UTC - from mc-9->source-5 "373" 14:54:23.058126055
[2023-06-26T14:54:25Z INFO  dt_instance] received at 2023-06-26 14:54:25.564747175 UTC - from mc-9->source-5 "378" 14:54:25.563579410
[2023-06-26T14:54:28Z INFO  dt_instance] received at 2023-06-26 14:54:28.072006921 UTC - from mc-9->source-5 "383" 14:54:28.071051450
[2023-06-26T14:54:30Z INFO  dt_instance] received at 2023-06-26 14:54:30.578817896 UTC - from mc-9->source-5 "388" 14:54:30.577976369
[2023-06-26T14:54:33Z INFO  dt_instance] received at 2023-06-26 14:54:33.084184654 UTC - from mc-9->source-5 "393" 14:54:33.083253775
[2023-06-26T14:54:35Z INFO  dt_instance] received at 2023-06-26 14:54:35.590268092 UTC - from mc-9->source-5 "398" 14:54:35.589127501
[2023-06-26T14:54:38Z INFO  dt_instance] received at 2023-06-26 14:54:38.096983258 UTC - from mc-9->source-5 "403" 14:54:38.094061470
[2023-06-26T14:54:40Z INFO  dt_instance] received at 2023-06-26 14:54:40.602122763 UTC - from mc-9->source-5 "408" 14:54:40.599897691
[2023-06-26T14:54:43Z INFO  dt_instance] received at 2023-06-26 14:54:43.106145749 UTC - from mc-9->source-5 "413" 14:54:43.104645607
[2023-06-26T14:54:45Z INFO  dt_instance] received at 2023-06-26 14:54:45.613254132 UTC - from mc-9->source-5 "418" 14:54:45.611919939
[2023-06-26T14:54:48Z INFO  dt_instance] received at 2023-06-26 14:54:48.119896407 UTC - from mc-9->source-5 "423" 14:54:48.116787867
[2023-06-26T14:54:50Z INFO  dt_instance] received at 2023-06-26 14:54:50.622192489 UTC - from mc-9->source-5 "428" 14:54:50.621117122
[2023-06-26T14:54:53Z INFO  dt_instance] received at 2023-06-26 14:54:53.130014627 UTC - from mc-9->source-5 "433" 14:54:53.127236962
[2023-06-26T14:54:55Z INFO  dt_instance] received at 2023-06-26 14:54:55.635315637 UTC - from mc-9->source-5 "438" 14:54:55.634309289
[2023-06-26T14:54:58Z INFO  dt_instance] received at 2023-06-26 14:54:58.142492562 UTC - from mc-9->source-5 "443" 14:54:58.141683695
[2023-06-26T14:55:00Z INFO  dt_instance] received at 2023-06-26 14:55:00.647933935 UTC - from mc-9->source-5 "448" 14:55:00.646808533
[2023-06-26T14:55:03Z INFO  dt_instance] received at 2023-06-26 14:55:03.154251565 UTC - from mc-9->source-5 "453" 14:55:03.153209662
[2023-06-26T14:55:05Z INFO  dt_instance] received at 2023-06-26 14:55:05.659445899 UTC - from mc-9->source-5 "458" 14:55:05.658413946
[2023-06-26T14:55:08Z INFO  dt_instance] received at 2023-06-26 14:55:08.166219544 UTC - from mc-9->source-5 "463" 14:55:08.164133107
[2023-06-26T14:55:10Z INFO  dt_instance] received at 2023-06-26 14:55:10.670114526 UTC - from mc-9->source-5 "468" 14:55:10.669159625
[2023-06-26T14:55:13Z INFO  dt_instance] received at 2023-06-26 14:55:13.179059611 UTC - from mc-9->source-5 "473" 14:55:13.175484158
[2023-06-26T14:55:15Z INFO  dt_instance] received at 2023-06-26 14:55:15.683251201 UTC - from mc-9->source-5 "478" 14:55:15.682279163
[2023-06-26T14:55:18Z INFO  dt_instance] received at 2023-06-26 14:55:18.189180167 UTC - from mc-9->source-5 "483" 14:55:18.187904655
[2023-06-26T14:55:20Z INFO  dt_instance] received at 2023-06-26 14:55:20.693350690 UTC - from mc-9->source-5 "488" 14:55:20.692311671
[2023-06-26T14:55:23Z INFO  dt_instance] received at 2023-06-26 14:55:23.200214313 UTC - from mc-9->source-5 "493" 14:55:23.197771385
[2023-06-26T14:55:25Z INFO  dt_instance] received at 2023-06-26 14:55:25.705686765 UTC - from mc-9->source-5 "498" 14:55:25.703996927
[2023-06-26T14:55:28Z INFO  dt_instance] received at 2023-06-26 14:55:28.213237975 UTC - from mc-9->source-5 "503" 14:55:28.212235954
[2023-06-26T14:55:30Z INFO  dt_instance] received at 2023-06-26 14:55:30.719270724 UTC - from mc-9->source-5 "508" 14:55:30.717923596
[2023-06-26T14:55:33Z INFO  dt_instance] received at 2023-06-26 14:55:33.223651874 UTC - from mc-9->source-5 "513" 14:55:33.222481165
[2023-06-26T14:55:35Z INFO  dt_instance] received at 2023-06-26 14:55:35.729186860 UTC - from mc-9->source-5 "518" 14:55:35.728050511
[2023-06-26T14:55:38Z INFO  dt_instance] received at 2023-06-26 14:55:38.234686722 UTC - from mc-9->source-5 "523" 14:55:38.233917493
[2023-06-26T14:55:40Z INFO  dt_instance] received at 2023-06-26 14:55:40.739756988 UTC - from mc-9->source-5 "528" 14:55:40.738449845
[2023-06-26T14:55:43Z INFO  dt_instance] received at 2023-06-26 14:55:43.245529954 UTC - from mc-9->source-5 "533" 14:55:43.244296009
[2023-06-26T14:55:45Z INFO  dt_instance] received at 2023-06-26 14:55:45.752507487 UTC - from mc-9->source-7 "533" 14:55:45.749062065
[2023-06-26T14:55:48Z INFO  dt_instance] received at 2023-06-26 14:55:48.258435190 UTC - from mc-9->source-7 "538" 14:55:48.257069454
[2023-06-26T14:55:50Z INFO  dt_instance] received at 2023-06-26 14:55:50.765883030 UTC - from mc-9->source-5 "548" 14:55:50.765002977
[2023-06-26T14:55:53Z INFO  dt_instance] received at 2023-06-26 14:55:53.273116186 UTC - from mc-9->source-5 "553" 14:55:53.271066899
[2023-06-26T14:55:55Z INFO  dt_instance] received at 2023-06-26 14:55:55.777940038 UTC - from mc-9->source-7 "553" 14:55:55.776926430
[2023-06-26T14:55:58Z INFO  dt_instance] received at 2023-06-26 14:55:58.295255880 UTC - from mc-9->source-7 "558" 14:55:58.284188695
[2023-06-26T14:56:00Z INFO  dt_instance] received at 2023-06-26 14:56:00.790423445 UTC - from mc-9->source-7 "563" 14:56:00.789503175
[2023-06-26T14:56:03Z INFO  dt_instance] received at 2023-06-26 14:56:03.297541193 UTC - from mc-9->source-7 "568" 14:56:03.294868221
[2023-06-26T14:56:05Z INFO  dt_instance] received at 2023-06-26 14:56:05.802312379 UTC - from mc-9->source-7 "573" 14:56:05.800882323
[2023-06-26T14:56:08Z INFO  dt_instance] received at 2023-06-26 14:56:08.310043677 UTC - from mc-9->source-5 "583" 14:56:08.306966685
[2023-06-26T14:56:10Z INFO  dt_instance] received at 2023-06-26 14:56:10.815934528 UTC - from mc-9->source-7 "583" 14:56:10.815089160
[2023-06-26T14:56:13Z INFO  dt_instance] received at 2023-06-26 14:56:13.323085639 UTC - from mc-9->source-7 "588" 14:56:13.321968647
[2023-06-26T14:56:15Z INFO  dt_instance] received at 2023-06-26 14:56:15.828487128 UTC - from mc-9->source-7 "593" 14:56:15.827348712
[2023-06-26T14:56:18Z INFO  dt_instance] received at 2023-06-26 14:56:18.334192448 UTC - from mc-9->source-7 "598" 14:56:18.333264137
[2023-06-26T14:56:20Z INFO  dt_instance] received at 2023-06-26 14:56:20.841208322 UTC - from mc-9->source-7 "603" 14:56:20.839964143
[2023-06-26T14:56:23Z INFO  dt_instance] received at 2023-06-26 14:56:23.348595388 UTC - from mc-9->source-7 "608" 14:56:23.345255902
[2023-06-26T14:56:25Z INFO  dt_instance] received at 2023-06-26 14:56:25.853290487 UTC - from mc-9->source-7 "613" 14:56:25.851962808
[2023-06-26T14:56:28Z INFO  dt_instance] received at 2023-06-26 14:56:28.361416464 UTC - from mc-9->source-7 "618" 14:56:28.360507333
[2023-06-26T14:56:30Z INFO  dt_instance] received at 2023-06-26 14:56:30.866871886 UTC - from mc-9->source-7 "623" 14:56:30.866065391
[2023-06-26T14:56:33Z INFO  dt_instance] received at 2023-06-26 14:56:33.373478713 UTC - from mc-9->source-7 "628" 14:56:33.372405042
[2023-06-26T14:56:35Z INFO  dt_instance] received at 2023-06-26 14:56:35.878935882 UTC - from mc-9->source-7 "633" 14:56:35.877939695
[2023-06-26T14:56:38Z INFO  dt_instance] received at 2023-06-26 14:56:38.385569809 UTC - from mc-9->source-7 "638" 14:56:38.382839185
[2023-06-26T14:56:40Z INFO  dt_instance] received at 2023-06-26 14:56:40.890273256 UTC - from mc-9->source-7 "643" 14:56:40.889032960
[2023-06-26T14:56:43Z INFO  dt_instance] received at 2023-06-26 14:56:43.395711255 UTC - from mc-9->source-7 "648" 14:56:43.394603448
[2023-06-26T14:56:45Z INFO  dt_instance] received at 2023-06-26 14:56:45.900187423 UTC - from mc-9->source-5 "658" 14:56:45.899024200
[2023-06-26T14:56:48Z INFO  dt_instance] received at 2023-06-26 14:56:48.406609386 UTC - from mc-9->source-7 "658" 14:56:48.405304621
[2023-06-26T14:56:50Z INFO  dt_instance] received at 2023-06-26 14:56:50.911367681 UTC - from mc-9->source-5 "668" 14:56:50.910310526
[2023-06-26T14:56:53Z INFO  dt_instance] received at 2023-06-26 14:56:53.420142866 UTC - from mc-9->source-7 "668" 14:56:53.416524195
[2023-06-26T14:56:55Z INFO  dt_instance] received at 2023-06-26 14:56:55.922331720 UTC - from mc-9->source-5 "678" 14:56:55.921388559
[2023-06-26T14:56:58Z INFO  dt_instance] received at 2023-06-26 14:56:58.430081575 UTC - from mc-9->source-7 "678" 14:56:58.428730685
[2023-06-26T14:57:00Z INFO  dt_instance] received at 2023-06-26 14:57:00.936820138 UTC - from mc-9->source-5 "688" 14:57:00.935686884
[2023-06-26T14:57:03Z INFO  dt_instance] received at 2023-06-26 14:57:03.445028787 UTC - from mc-9->source-7 "688" 14:57:03.444064706
[2023-06-26T14:57:05Z INFO  dt_instance] received at 2023-06-26 14:57:05.951874927 UTC - from mc-9->source-7 "693" 14:57:05.950680298
[2023-06-26T14:57:08Z INFO  dt_instance] received at 2023-06-26 14:57:08.456611942 UTC - from mc-9->source-5 "703" 14:57:08.455197364
[2023-06-26T14:57:10Z INFO  dt_instance] received at 2023-06-26 14:57:10.965750865 UTC - from mc-9->source-7 "703" 14:57:10.965049841
[2023-06-26T14:57:13Z INFO  dt_instance] received at 2023-06-26 14:57:13.471864337 UTC - from mc-9->source-7 "708" 14:57:13.471108933
[2023-06-26T14:57:15Z INFO  dt_instance] received at 2023-06-26 14:57:15.979124834 UTC - from mc-9->source-7 "713" 14:57:15.977089935
[2023-06-26T14:57:18Z INFO  dt_instance] received at 2023-06-26 14:57:18.482974805 UTC - from mc-9->source-7 "718" 14:57:18.482060953
[2023-06-26T14:57:20Z INFO  dt_instance] received at 2023-06-26 14:57:20.991675081 UTC - from mc-9->source-7 "723" 14:57:20.989371165
[2023-06-26T14:57:23Z INFO  dt_instance] received at 2023-06-26 14:57:23.496685630 UTC - from mc-9->source-3 "738" 14:57:23.495642476
[2023-06-26T14:57:26Z INFO  dt_instance] received at 2023-06-26 14:57:26.003449855 UTC - from mc-9->source-7 "733" 14:57:26.001083771
[2023-06-26T14:57:28Z INFO  dt_instance] received at 2023-06-26 14:57:28.511449905 UTC - from mc-9->source-5 "743" 14:57:28.509197210
[2023-06-26T14:57:31Z INFO  dt_instance] received at 2023-06-26 14:57:31.016663749 UTC - from mc-9->source-5 "748" 14:57:31.014175423
[2023-06-26T14:57:33Z INFO  dt_instance] received at 2023-06-26 14:57:33.522174241 UTC - from mc-9->source-3 "758" 14:57:33.520971642
[2023-06-26T14:57:36Z INFO  dt_instance] received at 2023-06-26 14:57:36.028207413 UTC - from mc-9->source-3 "763" 14:57:36.027334049
[2023-06-26T14:57:38Z INFO  dt_instance] received at 2023-06-26 14:57:38.534063339 UTC - from mc-9->source-3 "768" 14:57:38.533240797
[2023-06-26T14:57:41Z INFO  dt_instance] received at 2023-06-26 14:57:41.039406376 UTC - from mc-9->source-3 "773" 14:57:41.038323533
[2023-06-26T14:57:43Z INFO  dt_instance] received at 2023-06-26 14:57:43.545821503 UTC - from mc-9->source-5 "773" 14:57:43.544413544
[2023-06-26T14:57:46Z INFO  dt_instance] received at 2023-06-26 14:57:46.054078209 UTC - from mc-9->source-5 "778" 14:57:46.051055881
[2023-06-26T14:57:48Z INFO  dt_instance] received at 2023-06-26 14:57:48.557360369 UTC - from mc-9->source-5 "783" 14:57:48.556417413
[2023-06-26T14:57:51Z INFO  dt_instance] received at 2023-06-26 14:57:51.061917081 UTC - from mc-9->source-5 "788" 14:57:51.061044069
[2023-06-26T14:57:53Z INFO  dt_instance] received at 2023-06-26 14:57:53.567895624 UTC - from mc-9->source-5 "793" 14:57:53.566150645
[2023-06-26T14:57:56Z INFO  dt_instance] received at 2023-06-26 14:57:56.073699044 UTC - from mc-9->source-7 "793" 14:57:56.072077362
[2023-06-26T14:57:58Z INFO  dt_instance] received at 2023-06-26 14:57:58.583386614 UTC - from mc-9->source-5 "803" 14:57:58.579570487
[2023-06-26T14:58:01Z INFO  dt_instance] received at 2023-06-26 14:58:01.088424952 UTC - from mc-9->source-5 "808" 14:58:01.085274466
[2023-06-26T14:58:03Z INFO  dt_instance] received at 2023-06-26 14:58:03.592923813 UTC - from mc-9->source-5 "813" 14:58:03.591612193
[2023-06-26T14:58:06Z INFO  dt_instance] received at 2023-06-26 14:58:06.098807562 UTC - from mc-9->source-7 "813" 14:58:06.097817687
[2023-06-26T14:58:08Z INFO  dt_instance] received at 2023-06-26 14:58:08.604408767 UTC - from mc-9->source-3 "828" 14:58:08.603229421
[2023-06-26T14:58:11Z INFO  dt_instance] received at 2023-06-26 14:58:11.110185685 UTC - from mc-9->source-3 "833" 14:58:11.109161825
[2023-06-26T14:58:13Z INFO  dt_instance] received at 2023-06-26 14:58:13.618670471 UTC - from mc-9->source-5 "833" 14:58:13.615352518
[2023-06-26T14:58:16Z INFO  dt_instance] received at 2023-06-26 14:58:16.125340577 UTC - from mc-9->source-7 "833" 14:58:16.123455254
[2023-06-26T14:58:18Z INFO  dt_instance] received at 2023-06-26 14:58:18.631587271 UTC - from mc-9->source-3 "848" 14:58:18.630244269
[2023-06-26T14:58:21Z INFO  dt_instance] received at 2023-06-26 14:58:21.137616987 UTC - from mc-9->source-5 "848" 14:58:21.136597320
[2023-06-26T14:58:23Z INFO  dt_instance] received at 2023-06-26 14:58:23.643938093 UTC - from mc-9->source-3 "858" 14:58:23.642494831
[2023-06-26T14:58:26Z INFO  dt_instance] received at 2023-06-26 14:58:26.150593057 UTC - from mc-9->source-3 "863" 14:58:26.149134780
[2023-06-26T14:58:28Z INFO  dt_instance] received at 2023-06-26 14:58:28.658470188 UTC - from mc-9->source-5 "863" 14:58:28.654682409
[2023-06-26T14:58:31Z INFO  dt_instance] received at 2023-06-26 14:58:31.163508494 UTC - from mc-9->source-5 "868" 14:58:31.161585519
[2023-06-26T14:58:33Z INFO  dt_instance] received at 2023-06-26 14:58:33.668869400 UTC - from mc-9->source-5 "873" 14:58:33.667795542
[2023-06-26T14:58:36Z INFO  dt_instance] received at 2023-06-26 14:58:36.175003169 UTC - from mc-9->source-5 "878" 14:58:36.172165956
[2023-06-26T14:58:38Z INFO  dt_instance] received at 2023-06-26 14:58:38.679197427 UTC - from mc-9->source-7 "878" 14:58:38.678244188
[2023-06-26T14:58:41Z INFO  dt_instance] received at 2023-06-26 14:58:41.186177928 UTC - from mc-9->source-5 "888" 14:58:41.185267977
[2023-06-26T14:58:43Z INFO  dt_instance] received at 2023-06-26 14:58:43.691670045 UTC - from mc-9->source-7 "888" 14:58:43.690543213
[2023-06-26T14:58:46Z INFO  dt_instance] received at 2023-06-26 14:58:46.196783048 UTC - from mc-9->source-5 "898" 14:58:46.195758372
[2023-06-26T14:58:48Z INFO  dt_instance] received at 2023-06-26 14:58:48.701522692 UTC - from mc-9->source-5 "903" 14:58:48.700541818
[2023-06-26T14:58:51Z INFO  dt_instance] received at 2023-06-26 14:58:51.208492395 UTC - from mc-9->source-5 "908" 14:58:51.206732553
[2023-06-26T14:58:53Z INFO  dt_instance] received at 2023-06-26 14:58:53.715846361 UTC - from mc-9->source-5 "913" 14:58:53.714083648
[2023-06-26T14:58:56Z INFO  dt_instance] received at 2023-06-26 14:58:56.223724019 UTC - from mc-9->source-7 "913" 14:58:56.222934684
[2023-06-26T14:58:58Z INFO  dt_instance] received at 2023-06-26 14:58:58.729347312 UTC - from mc-9->source-7 "918" 14:58:58.728233542
[2023-06-26T14:59:01Z INFO  dt_instance] received at 2023-06-26 14:59:01.235170948 UTC - from mc-9->source-7 "923" 14:59:01.234053310
[2023-06-26T14:59:03Z INFO  dt_instance] received at 2023-06-26 14:59:03.741028329 UTC - from mc-9->source-7 "928" 14:59:03.739643476
[2023-06-26T14:59:06Z INFO  dt_instance] received at 2023-06-26 14:59:06.245393917 UTC - from mc-9->source-7 "933" 14:59:06.244320523
[2023-06-26T14:59:08Z INFO  dt_instance] received at 2023-06-26 14:59:08.752758639 UTC - from mc-9->source-7 "938" 14:59:08.751607590
[2023-06-26T14:59:11Z INFO  dt_instance] received at 2023-06-26 14:59:11.262379763 UTC - from mc-9->source-5 "948" 14:59:11.259097213
[2023-06-26T14:59:13Z INFO  dt_instance] received at 2023-06-26 14:59:13.766297214 UTC - from mc-9->source-5 "953" 14:59:13.765048853
[2023-06-26T14:59:16Z INFO  dt_instance] received at 2023-06-26 14:59:16.274001858 UTC - from mc-9->source-5 "958" 14:59:16.273050191
[2023-06-26T14:59:18Z INFO  dt_instance] received at 2023-06-26 14:59:18.780384743 UTC - from mc-9->source-5 "963" 14:59:18.778876038
[2023-06-26T14:59:21Z INFO  dt_instance] received at 2023-06-26 14:59:21.286489893 UTC - from mc-9->source-5 "968" 14:59:21.283719412
[2023-06-26T14:59:23Z INFO  dt_instance] received at 2023-06-26 14:59:23.790614908 UTC - from mc-9->source-5 "973" 14:59:23.789501183
[2023-06-26T14:59:26Z INFO  dt_instance] received at 2023-06-26 14:59:26.297785856 UTC - from mc-9->source-5 "978" 14:59:26.294639879
[2023-06-26T14:59:28Z INFO  dt_instance] received at 2023-06-26 14:59:28.801757900 UTC - from mc-9->source-5 "983" 14:59:28.800838115
[2023-06-26T14:59:31Z INFO  dt_instance] received at 2023-06-26 14:59:31.512592793 UTC - from mc-9->source-8 "981" 14:59:31.510202581
[2023-06-26T14:59:34Z INFO  dt_instance] received at 2023-06-26 14:59:34.777716737 UTC - from mc-9->source-9 "985" 14:59:34.776667180
[2023-06-26T14:59:41Z INFO  dt_instance] received at 2023-06-26 14:59:41.795613608 UTC - from mc-9->source-9 "999" 14:59:41.794456505
