[2023-06-26T14:42:27Z INFO  dt_instance] Current Twin: mc-twin-6
[2023-06-26T14:42:27Z INFO  dt_instance] Replica Name twin-mc-stateful-6
[2023-06-26T14:42:27Z INFO  dt_instance] Sleeping for 300
[2023-06-26T14:47:27Z INFO  dt_instance] Connecting to broker at emqx.dtwins:1883
[2023-06-26T14:47:27Z INFO  dt_instance] Loggin info each 50 messages
[2023-06-26T14:47:27Z INFO  dt_instance] Set max packet size to 60000 KB.
[2023-06-26T14:47:27Z INFO  dt_instance] Refreshing topics for twin - Listen to mc-6/#
[2023-06-26T14:47:27Z INFO  dt_instance] SubAck { pkid: 1, return_codes: [Success(ExactlyOnce)] }
[2023-06-26T14:48:33Z INFO  dt_instance] received at 2023-06-26 14:48:33.879007471 UTC - from mc-6->source-2 "9" 14:48:33.877805271
[2023-06-26T14:48:37Z INFO  dt_instance] received at 2023-06-26 14:48:37.133403974 UTC - from mc-6->source-3 "13" 14:48:37.132243767
[2023-06-26T14:48:39Z INFO  dt_instance] received at 2023-06-26 14:48:39.641153885 UTC - from mc-6->source-1 "23" 14:48:39.640419993
[2023-06-26T14:48:42Z INFO  dt_instance] received at 2023-06-26 14:48:42.147950230 UTC - from mc-6->source-1 "28" 14:48:42.145665144
[2023-06-26T14:48:44Z INFO  dt_instance] received at 2023-06-26 14:48:44.654770914 UTC - from mc-6->source-1 "33" 14:48:44.653796260
[2023-06-26T14:48:47Z INFO  dt_instance] received at 2023-06-26 14:48:47.160500528 UTC - from mc-6->source-1 "38" 14:48:47.158956606
[2023-06-26T14:48:49Z INFO  dt_instance] received at 2023-06-26 14:48:49.665900499 UTC - from mc-6->source-1 "43" 14:48:49.663500649
[2023-06-26T14:48:52Z INFO  dt_instance] received at 2023-06-26 14:48:52.171358522 UTC - from mc-6->source-1 "48" 14:48:52.170251278
[2023-06-26T14:48:54Z INFO  dt_instance] received at 2023-06-26 14:48:54.676021611 UTC - from mc-6->source-1 "53" 14:48:54.675440759
[2023-06-26T14:48:57Z INFO  dt_instance] received at 2023-06-26 14:48:57.183360959 UTC - from mc-6->source-1 "58" 14:48:57.182010513
[2023-06-26T14:48:59Z INFO  dt_instance] received at 2023-06-26 14:48:59.689490975 UTC - from mc-6->source-1 "63" 14:48:59.688507511
[2023-06-26T14:49:02Z INFO  dt_instance] received at 2023-06-26 14:49:02.194937191 UTC - from mc-6->source-1 "68" 14:49:02.193724164
[2023-06-26T14:49:04Z INFO  dt_instance] received at 2023-06-26 14:49:04.702827146 UTC - from mc-6->source-1 "73" 14:49:04.700290465
[2023-06-26T14:49:07Z INFO  dt_instance] received at 2023-06-26 14:49:07.206412669 UTC - from mc-6->source-1 "78" 14:49:07.204715768
[2023-06-26T14:49:09Z INFO  dt_instance] received at 2023-06-26 14:49:09.710506727 UTC - from mc-6->source-5 "73" 14:49:09.709555694
[2023-06-26T14:49:12Z INFO  dt_instance] received at 2023-06-26 14:49:12.215952371 UTC - from mc-6->source-1 "88" 14:49:12.214699153
[2023-06-26T14:49:14Z INFO  dt_instance] received at 2023-06-26 14:49:14.725983311 UTC - from mc-6->source-1 "93" 14:49:14.721191329
[2023-06-26T14:49:17Z INFO  dt_instance] received at 2023-06-26 14:49:17.230330703 UTC - from mc-6->source-1 "98" 14:49:17.227339926
[2023-06-26T14:49:19Z INFO  dt_instance] received at 2023-06-26 14:49:19.735880930 UTC - from mc-6->source-5 "93" 14:49:19.732627239
[2023-06-26T14:49:22Z INFO  dt_instance] received at 2023-06-26 14:49:22.239658440 UTC - from mc-6->source-5 "98" 14:49:22.238645314
[2023-06-26T14:49:24Z INFO  dt_instance] received at 2023-06-26 14:49:24.747692245 UTC - from mc-6->source-5 "103" 14:49:24.744837074
[2023-06-26T14:49:27Z INFO  dt_instance] received at 2023-06-26 14:49:27.251433167 UTC - from mc-6->source-5 "108" 14:49:27.250183079
[2023-06-26T14:49:29Z INFO  dt_instance] received at 2023-06-26 14:49:29.758975569 UTC - from mc-6->source-5 "113" 14:49:29.756517930
[2023-06-26T14:49:32Z INFO  dt_instance] received at 2023-06-26 14:49:32.266043396 UTC - from mc-6->source-5 "118" 14:49:32.263437725
[2023-06-26T14:49:34Z INFO  dt_instance] received at 2023-06-26 14:49:34.771803702 UTC - from mc-6->source-5 "123" 14:49:34.770738192
[2023-06-26T14:49:37Z INFO  dt_instance] received at 2023-06-26 14:49:37.279054457 UTC - from mc-6->source-5 "128" 14:49:37.275924658
[2023-06-26T14:49:39Z INFO  dt_instance] received at 2023-06-26 14:49:39.782394872 UTC - from mc-6->source-5 "133" 14:49:39.781431562
[2023-06-26T14:49:42Z INFO  dt_instance] received at 2023-06-26 14:49:42.296638579 UTC - from mc-6->source-5 "138" 14:49:42.287332806
[2023-06-26T14:49:44Z INFO  dt_instance] received at 2023-06-26 14:49:44.793978359 UTC - from mc-6->source-5 "143" 14:49:44.793273163
[2023-06-26T14:49:47Z INFO  dt_instance] received at 2023-06-26 14:49:47.308270422 UTC - from mc-6->source-5 "148" 14:49:47.298910736
[2023-06-26T14:49:49Z INFO  dt_instance] received at 2023-06-26 14:49:49.804537493 UTC - from mc-6->source-5 "153" 14:49:49.803718071
[2023-06-26T14:49:52Z INFO  dt_instance] received at 2023-06-26 14:49:52.311303529 UTC - from mc-6->source-5 "158" 14:49:52.310003903
[2023-06-26T14:49:54Z INFO  dt_instance] received at 2023-06-26 14:49:54.817838970 UTC - from mc-6->source-5 "163" 14:49:54.816752640
[2023-06-26T14:49:57Z INFO  dt_instance] received at 2023-06-26 14:49:57.322968022 UTC - from mc-6->source-5 "168" 14:49:57.321744190
[2023-06-26T14:49:59Z INFO  dt_instance] received at 2023-06-26 14:49:59.827851372 UTC - from mc-6->source-5 "173" 14:49:59.826694026
[2023-06-26T14:50:02Z INFO  dt_instance] received at 2023-06-26 14:50:02.335998681 UTC - from mc-6->source-5 "178" 14:50:02.333159970
[2023-06-26T14:50:04Z INFO  dt_instance] received at 2023-06-26 14:50:04.841939289 UTC - from mc-6->source-5 "183" 14:50:04.840064998
[2023-06-26T14:50:07Z INFO  dt_instance] received at 2023-06-26 14:50:07.347150761 UTC - from mc-6->source-5 "188" 14:50:07.345999658
[2023-06-26T14:50:09Z INFO  dt_instance] received at 2023-06-26 14:50:09.852670985 UTC - from mc-6->source-5 "193" 14:50:09.851505094
[2023-06-26T14:50:12Z INFO  dt_instance] received at 2023-06-26 14:50:12.357655675 UTC - from mc-6->source-5 "198" 14:50:12.356746976
[2023-06-26T14:50:14Z INFO  dt_instance] received at 2023-06-26 14:50:14.864982814 UTC - from mc-6->source-5 "203" 14:50:14.864183137
[2023-06-26T14:50:17Z INFO  dt_instance] received at 2023-06-26 14:50:17.371248601 UTC - from mc-6->source-5 "208" 14:50:17.369710163
[2023-06-26T14:50:19Z INFO  dt_instance] received at 2023-06-26 14:50:19.878754279 UTC - from mc-6->source-5 "213" 14:50:19.877472455
[2023-06-26T14:50:22Z INFO  dt_instance] received at 2023-06-26 14:50:22.386946014 UTC - from mc-6->source-5 "218" 14:50:22.385626085
[2023-06-26T14:50:24Z INFO  dt_instance] received at 2023-06-26 14:50:24.891823740 UTC - from mc-6->source-5 "223" 14:50:24.890719431
[2023-06-26T14:50:27Z INFO  dt_instance] received at 2023-06-26 14:50:27.398697097 UTC - from mc-6->source-5 "228" 14:50:27.397696639
[2023-06-26T14:50:29Z INFO  dt_instance] received at 2023-06-26 14:50:29.903287862 UTC - from mc-6->source-5 "233" 14:50:29.902376106
[2023-06-26T14:50:32Z INFO  dt_instance] received at 2023-06-26 14:50:32.410302290 UTC - from mc-6->source-5 "238" 14:50:32.409266351
[2023-06-26T14:50:34Z INFO  dt_instance] received at 2023-06-26 14:50:34.914120729 UTC - from mc-6->source-5 "243" 14:50:34.913578341
[2023-06-26T14:50:37Z INFO  dt_instance] received at 2023-06-26 14:50:37.419274858 UTC - from mc-6->source-5 "248" 14:50:37.418452708
[2023-06-26T14:50:39Z INFO  dt_instance] received at 2023-06-26 14:50:39.925628692 UTC - from mc-6->source-5 "253" 14:50:39.924728968
[2023-06-26T14:50:42Z INFO  dt_instance] received at 2023-06-26 14:50:42.432208075 UTC - from mc-6->source-5 "258" 14:50:42.430734397
[2023-06-26T14:50:44Z INFO  dt_instance] received at 2023-06-26 14:50:44.936953751 UTC - from mc-6->source-5 "263" 14:50:44.935423552
[2023-06-26T14:50:47Z INFO  dt_instance] received at 2023-06-26 14:50:47.442095502 UTC - from mc-6->source-5 "268" 14:50:47.440624884
[2023-06-26T14:50:49Z INFO  dt_instance] received at 2023-06-26 14:50:49.946832053 UTC - from mc-6->source-5 "273" 14:50:49.945620942
[2023-06-26T14:50:52Z INFO  dt_instance] received at 2023-06-26 14:50:52.452055079 UTC - from mc-6->source-7 "273" 14:50:52.450668850
[2023-06-26T14:50:54Z INFO  dt_instance] received at 2023-06-26 14:50:54.959290118 UTC - from mc-6->source-3 "288" 14:50:54.958430494
[2023-06-26T14:50:57Z INFO  dt_instance] received at 2023-06-26 14:50:57.464697908 UTC - from mc-6->source-5 "288" 14:50:57.463701151
[2023-06-26T14:50:59Z INFO  dt_instance] received at 2023-06-26 14:50:59.969998039 UTC - from mc-6->source-5 "293" 14:50:59.968733676
[2023-06-26T14:51:02Z INFO  dt_instance] received at 2023-06-26 14:51:02.476735715 UTC - from mc-6->source-5 "298" 14:51:02.475805221
[2023-06-26T14:51:04Z INFO  dt_instance] received at 2023-06-26 14:51:04.983310522 UTC - from mc-6->source-5 "303" 14:51:04.982434633
[2023-06-26T14:51:07Z INFO  dt_instance] received at 2023-06-26 14:51:07.490034217 UTC - from mc-6->source-3 "313" 14:51:07.488933711
[2023-06-26T14:51:09Z INFO  dt_instance] received at 2023-06-26 14:51:09.996717321 UTC - from mc-6->source-3 "318" 14:51:09.994395904
[2023-06-26T14:51:12Z INFO  dt_instance] received at 2023-06-26 14:51:12.503835269 UTC - from mc-6->source-3 "323" 14:51:12.502481275
[2023-06-26T14:51:15Z INFO  dt_instance] received at 2023-06-26 14:51:15.010544288 UTC - from mc-6->source-3 "328" 14:51:15.009140120
[2023-06-26T14:51:17Z INFO  dt_instance] received at 2023-06-26 14:51:17.515124097 UTC - from mc-6->source-5 "328" 14:51:17.514092057
[2023-06-26T14:51:20Z INFO  dt_instance] received at 2023-06-26 14:51:20.021477464 UTC - from mc-6->source-3 "338" 14:51:20.020472498
[2023-06-26T14:51:22Z INFO  dt_instance] received at 2023-06-26 14:51:22.528564953 UTC - from mc-6->source-3 "343" 14:51:22.527146041
[2023-06-26T14:51:25Z INFO  dt_instance] received at 2023-06-26 14:51:25.037724851 UTC - from mc-6->source-7 "338" 14:51:25.036470095
[2023-06-26T14:51:27Z INFO  dt_instance] received at 2023-06-26 14:51:27.543395288 UTC - from mc-6->source-1 "358" 14:51:27.541849099
[2023-06-26T14:51:30Z INFO  dt_instance] received at 2023-06-26 14:51:30.049400274 UTC - from mc-6->source-1 "363" 14:51:30.047993420
[2023-06-26T14:51:32Z INFO  dt_instance] received at 2023-06-26 14:51:32.556529360 UTC - from mc-6->source-3 "363" 14:51:32.553432278
[2023-06-26T14:51:35Z INFO  dt_instance] received at 2023-06-26 14:51:35.065496918 UTC - from mc-6->source-1 "373" 14:51:35.059942934
[2023-06-26T14:51:37Z INFO  dt_instance] received at 2023-06-26 14:51:37.568191987 UTC - from mc-6->source-1 "378" 14:51:37.566490168
[2023-06-26T14:51:40Z INFO  dt_instance] received at 2023-06-26 14:51:40.075433897 UTC - from mc-6->source-5 "373" 14:51:40.074094946
[2023-06-26T14:51:42Z INFO  dt_instance] received at 2023-06-26 14:51:42.582482970 UTC - from mc-6->source-7 "373" 14:51:42.581436464
[2023-06-26T14:51:45Z INFO  dt_instance] received at 2023-06-26 14:51:45.088286534 UTC - from mc-6->source-7 "378" 14:51:45.087204781
[2023-06-26T14:51:47Z INFO  dt_instance] received at 2023-06-26 14:51:47.593367497 UTC - from mc-6->source-1 "398" 14:51:47.592250878
[2023-06-26T14:51:50Z INFO  dt_instance] received at 2023-06-26 14:51:50.100160814 UTC - from mc-6->source-1 "403" 14:51:50.098838125
[2023-06-26T14:51:52Z INFO  dt_instance] received at 2023-06-26 14:51:52.607196530 UTC - from mc-6->source-1 "408" 14:51:52.605541728
[2023-06-26T14:51:55Z INFO  dt_instance] received at 2023-06-26 14:51:55.112232076 UTC - from mc-6->source-1 "413" 14:51:55.110837098
[2023-06-26T14:51:57Z INFO  dt_instance] received at 2023-06-26 14:51:57.617381223 UTC - from mc-6->source-1 "418" 14:51:57.616612088
[2023-06-26T14:52:00Z INFO  dt_instance] received at 2023-06-26 14:52:00.123878849 UTC - from mc-6->source-5 "413" 14:52:00.122492734
[2023-06-26T14:52:02Z INFO  dt_instance] received at 2023-06-26 14:52:02.632636701 UTC - from mc-6->source-5 "418" 14:52:02.630719934
[2023-06-26T14:52:05Z INFO  dt_instance] received at 2023-06-26 14:52:05.136763311 UTC - from mc-6->source-5 "423" 14:52:05.135822351
[2023-06-26T14:52:07Z INFO  dt_instance] received at 2023-06-26 14:52:07.643851353 UTC - from mc-6->source-1 "438" 14:52:07.642615732
[2023-06-26T14:52:10Z INFO  dt_instance] received at 2023-06-26 14:52:10.150821413 UTC - from mc-6->source-5 "433" 14:52:10.149765316
[2023-06-26T14:52:12Z INFO  dt_instance] received at 2023-06-26 14:52:12.656623251 UTC - from mc-6->source-5 "438" 14:52:12.655399473
[2023-06-26T14:52:15Z INFO  dt_instance] received at 2023-06-26 14:52:15.163852269 UTC - from mc-6->source-5 "443" 14:52:15.162840230
[2023-06-26T14:52:17Z INFO  dt_instance] received at 2023-06-26 14:52:17.669849465 UTC - from mc-6->source-5 "448" 14:52:17.668310788
[2023-06-26T14:52:20Z INFO  dt_instance] received at 2023-06-26 14:52:20.177106582 UTC - from mc-6->source-5 "453" 14:52:20.175817405
[2023-06-26T14:52:22Z INFO  dt_instance] received at 2023-06-26 14:52:22.682360343 UTC - from mc-6->source-5 "458" 14:52:22.681141386
[2023-06-26T14:52:25Z INFO  dt_instance] received at 2023-06-26 14:52:25.186852534 UTC - from mc-6->source-5 "463" 14:52:25.185943377
[2023-06-26T14:52:27Z INFO  dt_instance] received at 2023-06-26 14:52:27.692731772 UTC - from mc-6->source-5 "468" 14:52:27.691614853
[2023-06-26T14:52:30Z INFO  dt_instance] received at 2023-06-26 14:52:30.198061171 UTC - from mc-6->source-5 "473" 14:52:30.196873120
[2023-06-26T14:52:32Z INFO  dt_instance] received at 2023-06-26 14:52:32.704181561 UTC - from mc-6->source-5 "478" 14:52:32.703377281
[2023-06-26T14:52:35Z INFO  dt_instance] received at 2023-06-26 14:52:35.210388010 UTC - from mc-6->source-5 "483" 14:52:35.209418156
[2023-06-26T14:52:37Z INFO  dt_instance] received at 2023-06-26 14:52:37.716875296 UTC - from mc-6->source-5 "488" 14:52:37.715439584
[2023-06-26T14:52:40Z INFO  dt_instance] received at 2023-06-26 14:52:40.223981666 UTC - from mc-6->source-5 "493" 14:52:40.221621385
[2023-06-26T14:52:42Z INFO  dt_instance] received at 2023-06-26 14:52:42.728749460 UTC - from mc-6->source-5 "498" 14:52:42.727850769
[2023-06-26T14:52:45Z INFO  dt_instance] received at 2023-06-26 14:52:45.235746495 UTC - from mc-6->source-5 "503" 14:52:45.234248389
[2023-06-26T14:52:47Z INFO  dt_instance] received at 2023-06-26 14:52:47.741823628 UTC - from mc-6->source-5 "508" 14:52:47.739983759
[2023-06-26T14:52:50Z INFO  dt_instance] received at 2023-06-26 14:52:50.248841645 UTC - from mc-6->source-5 "513" 14:52:50.247957569
[2023-06-26T14:52:52Z INFO  dt_instance] received at 2023-06-26 14:52:52.756816279 UTC - from mc-6->source-5 "518" 14:52:52.752632837
[2023-06-26T14:52:55Z INFO  dt_instance] received at 2023-06-26 14:52:55.259465662 UTC - from mc-6->source-5 "523" 14:52:55.258203930
[2023-06-26T14:52:57Z INFO  dt_instance] received at 2023-06-26 14:52:57.764848045 UTC - from mc-6->source-5 "528" 14:52:57.763826977
[2023-06-26T14:53:00Z INFO  dt_instance] received at 2023-06-26 14:53:00.271754521 UTC - from mc-6->source-5 "533" 14:53:00.268660237
[2023-06-26T14:53:02Z INFO  dt_instance] received at 2023-06-26 14:53:02.774787780 UTC - from mc-6->source-1 "548" 14:53:02.773763559
[2023-06-26T14:53:05Z INFO  dt_instance] received at 2023-06-26 14:53:05.287162574 UTC - from mc-6->source-5 "543" 14:53:05.284954842
[2023-06-26T14:53:07Z INFO  dt_instance] received at 2023-06-26 14:53:07.791619588 UTC - from mc-6->source-5 "548" 14:53:07.790694524
[2023-06-26T14:53:10Z INFO  dt_instance] received at 2023-06-26 14:53:10.298506250 UTC - from mc-6->source-5 "553" 14:53:10.296952732
[2023-06-26T14:53:12Z INFO  dt_instance] received at 2023-06-26 14:53:12.802769194 UTC - from mc-6->source-5 "558" 14:53:12.801781727
[2023-06-26T14:53:15Z INFO  dt_instance] received at 2023-06-26 14:53:15.315856167 UTC - from mc-6->source-5 "563" 14:53:15.308422123
[2023-06-26T14:53:17Z INFO  dt_instance] received at 2023-06-26 14:53:17.816663717 UTC - from mc-6->source-5 "568" 14:53:17.815732699
[2023-06-26T14:53:20Z INFO  dt_instance] received at 2023-06-26 14:53:20.323343610 UTC - from mc-6->source-5 "573" 14:53:20.321965316
[2023-06-26T14:53:22Z INFO  dt_instance] received at 2023-06-26 14:53:22.828504634 UTC - from mc-6->source-5 "578" 14:53:22.827509728
[2023-06-26T14:53:25Z INFO  dt_instance] received at 2023-06-26 14:53:25.334885804 UTC - from mc-6->source-5 "583" 14:53:25.333994093
[2023-06-26T14:53:27Z INFO  dt_instance] received at 2023-06-26 14:53:27.842021914 UTC - from mc-6->source-5 "588" 14:53:27.840976497
[2023-06-26T14:53:30Z INFO  dt_instance] received at 2023-06-26 14:53:30.346973436 UTC - from mc-6->source-5 "593" 14:53:30.346115573
[2023-06-26T14:53:32Z INFO  dt_instance] received at 2023-06-26 14:53:32.853780903 UTC - from mc-6->source-5 "598" 14:53:32.852180756
[2023-06-26T14:53:35Z INFO  dt_instance] received at 2023-06-26 14:53:35.358818786 UTC - from mc-6->source-5 "603" 14:53:35.357375692
[2023-06-26T14:53:37Z INFO  dt_instance] received at 2023-06-26 14:53:37.864737973 UTC - from mc-6->source-5 "608" 14:53:37.863417119
[2023-06-26T14:53:40Z INFO  dt_instance] received at 2023-06-26 14:53:40.369682017 UTC - from mc-6->source-5 "613" 14:53:40.368471516
[2023-06-26T14:53:42Z INFO  dt_instance] received at 2023-06-26 14:53:42.874557922 UTC - from mc-6->source-5 "618" 14:53:42.873440655
[2023-06-26T14:53:45Z INFO  dt_instance] received at 2023-06-26 14:53:45.391583301 UTC - from mc-6->source-1 "633" 14:53:45.379911708
[2023-06-26T14:53:47Z INFO  dt_instance] received at 2023-06-26 14:53:47.886441588 UTC - from mc-6->source-1 "638" 14:53:47.884452690
[2023-06-26T14:53:50Z INFO  dt_instance] received at 2023-06-26 14:53:50.392520777 UTC - from mc-6->source-1 "643" 14:53:50.391686046
[2023-06-26T14:53:52Z INFO  dt_instance] received at 2023-06-26 14:53:52.900811672 UTC - from mc-6->source-7 "633" 14:53:52.896719044
[2023-06-26T14:53:55Z INFO  dt_instance] received at 2023-06-26 14:53:55.403325165 UTC - from mc-6->source-1 "653" 14:53:55.401993059
[2023-06-26T14:53:57Z INFO  dt_instance] received at 2023-06-26 14:53:57.910626409 UTC - from mc-6->source-1 "658" 14:53:57.909707073
[2023-06-26T14:54:00Z INFO  dt_instance] received at 2023-06-26 14:54:00.417217595 UTC - from mc-6->source-3 "658" 14:54:00.416102517
[2023-06-26T14:54:02Z INFO  dt_instance] received at 2023-06-26 14:54:02.924963528 UTC - from mc-6->source-5 "658" 14:54:02.923565382
[2023-06-26T14:54:05Z INFO  dt_instance] received at 2023-06-26 14:54:05.433521127 UTC - from mc-6->source-5 "663" 14:54:05.431245472
[2023-06-26T14:54:07Z INFO  dt_instance] received at 2023-06-26 14:54:07.938883483 UTC - from mc-6->source-9 "658" 14:54:07.937894279
[2023-06-26T14:54:10Z INFO  dt_instance] received at 2023-06-26 14:54:10.446768161 UTC - from mc-6->source-1 "683" 14:54:10.445674385
[2023-06-26T14:54:12Z INFO  dt_instance] received at 2023-06-26 14:54:12.953592608 UTC - from mc-6->source-3 "683" 14:54:12.952390103
[2023-06-26T14:54:15Z INFO  dt_instance] received at 2023-06-26 14:54:15.459521705 UTC - from mc-6->source-1 "693" 14:54:15.458203099
[2023-06-26T14:54:17Z INFO  dt_instance] received at 2023-06-26 14:54:17.964100916 UTC - from mc-6->source-1 "698" 14:54:17.963112577
[2023-06-26T14:54:20Z INFO  dt_instance] received at 2023-06-26 14:54:20.470886656 UTC - from mc-6->source-3 "698" 14:54:20.469799310
[2023-06-26T14:54:22Z INFO  dt_instance] received at 2023-06-26 14:54:22.977714814 UTC - from mc-6->source-7 "693" 14:54:22.976109125
[2023-06-26T14:54:25Z INFO  dt_instance] received at 2023-06-26 14:54:25.483779262 UTC - from mc-6->source-9 "693" 14:54:25.482410783
[2023-06-26T14:54:27Z INFO  dt_instance] received at 2023-06-26 14:54:27.990327124 UTC - from mc-6->source-3 "713" 14:54:27.989251717
[2023-06-26T14:54:30Z INFO  dt_instance] received at 2023-06-26 14:54:30.494760614 UTC - from mc-6->source-9 "703" 14:54:30.493517623
[2023-06-26T14:54:33Z INFO  dt_instance] received at 2023-06-26 14:54:33.004760367 UTC - from mc-6->source-3 "723" 14:54:33.003398831
[2023-06-26T14:54:35Z INFO  dt_instance] received at 2023-06-26 14:54:35.514022061 UTC - from mc-6->source-7 "718" 14:54:35.512394601
[2023-06-26T14:54:38Z INFO  dt_instance] received at 2023-06-26 14:54:38.019997404 UTC - from mc-6->source-3 "733" 14:54:38.018408422
[2023-06-26T14:54:40Z INFO  dt_instance] received at 2023-06-26 14:54:40.527550423 UTC - from mc-6->source-7 "728" 14:54:40.526397183
[2023-06-26T14:54:43Z INFO  dt_instance] received at 2023-06-26 14:54:43.034442380 UTC - from mc-6->source-7 "733" 14:54:43.033247074
[2023-06-26T14:54:45Z INFO  dt_instance] received at 2023-06-26 14:54:45.539525067 UTC - from mc-6->source-9 "733" 14:54:45.538476146
[2023-06-26T14:54:48Z INFO  dt_instance] received at 2023-06-26 14:54:48.046612360 UTC - from mc-6->source-9 "738" 14:54:48.045122148
[2023-06-26T14:54:50Z INFO  dt_instance] received at 2023-06-26 14:54:50.552657799 UTC - from mc-6->source-9 "743" 14:54:50.550827433
[2023-06-26T14:54:53Z INFO  dt_instance] received at 2023-06-26 14:54:53.060146240 UTC - from mc-6->source-7 "753" 14:54:53.056949149
[2023-06-26T14:54:55Z INFO  dt_instance] received at 2023-06-26 14:54:55.563676690 UTC - from mc-6->source-9 "753" 14:54:55.562632193
[2023-06-26T14:54:58Z INFO  dt_instance] received at 2023-06-26 14:54:58.070302899 UTC - from mc-6->source-9 "758" 14:54:58.068744735
[2023-06-26T14:55:00Z INFO  dt_instance] received at 2023-06-26 14:55:00.580197541 UTC - from mc-6->source-9 "763" 14:55:00.575328952
[2023-06-26T14:55:03Z INFO  dt_instance] received at 2023-06-26 14:55:03.084788872 UTC - from mc-6->source-9 "768" 14:55:03.083563845
[2023-06-26T14:55:05Z INFO  dt_instance] received at 2023-06-26 14:55:05.591524934 UTC - from mc-6->source-9 "773" 14:55:05.590548926
[2023-06-26T14:55:08Z INFO  dt_instance] received at 2023-06-26 14:55:08.100011672 UTC - from mc-6->source-9 "778" 14:55:08.097141951
[2023-06-26T14:55:10Z INFO  dt_instance] received at 2023-06-26 14:55:10.603535469 UTC - from mc-6->source-9 "783" 14:55:10.602398187
[2023-06-26T14:55:13Z INFO  dt_instance] received at 2023-06-26 14:55:13.109500933 UTC - from mc-6->source-9 "788" 14:55:13.108367622
[2023-06-26T14:55:15Z INFO  dt_instance] received at 2023-06-26 14:55:15.616579784 UTC - from mc-6->source-9 "793" 14:55:15.615453518
[2023-06-26T14:55:18Z INFO  dt_instance] received at 2023-06-26 14:55:18.123474187 UTC - from mc-6->source-9 "798" 14:55:18.122455229
[2023-06-26T14:55:20Z INFO  dt_instance] received at 2023-06-26 14:55:20.629122921 UTC - from mc-6->source-9 "803" 14:55:20.628052418
[2023-06-26T14:55:23Z INFO  dt_instance] received at 2023-06-26 14:55:23.135374056 UTC - from mc-6->source-9 "808" 14:55:23.132700219
[2023-06-26T14:55:25Z INFO  dt_instance] received at 2023-06-26 14:55:25.641560913 UTC - from mc-6->source-9 "813" 14:55:25.640380688
[2023-06-26T14:55:28Z INFO  dt_instance] received at 2023-06-26 14:55:28.149003133 UTC - from mc-6->source-9 "818" 14:55:28.147982513
[2023-06-26T14:55:30Z INFO  dt_instance] received at 2023-06-26 14:55:30.654552586 UTC - from mc-6->source-9 "823" 14:55:30.653397801
[2023-06-26T14:55:33Z INFO  dt_instance] received at 2023-06-26 14:55:33.159921785 UTC - from mc-6->source-9 "828" 14:55:33.158569371
[2023-06-26T14:55:35Z INFO  dt_instance] received at 2023-06-26 14:55:35.666879748 UTC - from mc-6->source-9 "833" 14:55:35.665386379
[2023-06-26T14:55:38Z INFO  dt_instance] received at 2023-06-26 14:55:38.175729850 UTC - from mc-6->source-9 "838" 14:55:38.173044947
[2023-06-26T14:55:40Z INFO  dt_instance] received at 2023-06-26 14:55:40.678433580 UTC - from mc-6->source-9 "843" 14:55:40.677701325
[2023-06-26T14:55:43Z INFO  dt_instance] received at 2023-06-26 14:55:43.186122138 UTC - from mc-6->source-9 "848" 14:55:43.183345882
[2023-06-26T14:55:45Z INFO  dt_instance] received at 2023-06-26 14:55:45.689629122 UTC - from mc-6->source-9 "853" 14:55:45.688436674
[2023-06-26T14:55:48Z INFO  dt_instance] received at 2023-06-26 14:55:48.197343942 UTC - from mc-6->source-9 "858" 14:55:48.194442040
[2023-06-26T14:55:50Z INFO  dt_instance] received at 2023-06-26 14:55:50.702300810 UTC - from mc-6->source-9 "863" 14:55:50.701141540
[2023-06-26T14:55:53Z INFO  dt_instance] received at 2023-06-26 14:55:53.209801779 UTC - from mc-6->source-9 "868" 14:55:53.206426196
[2023-06-26T14:55:55Z INFO  dt_instance] received at 2023-06-26 14:55:55.724539795 UTC - from mc-6->source-9 "873" 14:55:55.713519138
[2023-06-26T14:55:58Z INFO  dt_instance] received at 2023-06-26 14:55:58.220833641 UTC - from mc-6->source-9 "878" 14:55:58.219524423
[2023-06-26T14:56:00Z INFO  dt_instance] received at 2023-06-26 14:56:00.727377141 UTC - from mc-6->source-9 "883" 14:56:00.726320102
[2023-06-26T14:56:03Z INFO  dt_instance] received at 2023-06-26 14:56:03.234160395 UTC - from mc-6->source-9 "888" 14:56:03.233197227
[2023-06-26T14:56:05Z INFO  dt_instance] received at 2023-06-26 14:56:05.739074508 UTC - from mc-6->source-9 "893" 14:56:05.738089349
[2023-06-26T14:56:08Z INFO  dt_instance] received at 2023-06-26 14:56:08.243860179 UTC - from mc-6->source-9 "898" 14:56:08.242628591
[2023-06-26T14:56:10Z INFO  dt_instance] received at 2023-06-26 14:56:10.750714868 UTC - from mc-6->source-9 "903" 14:56:10.749401394
[2023-06-26T14:56:13Z INFO  dt_instance] received at 2023-06-26 14:56:13.255425844 UTC - from mc-6->source-9 "908" 14:56:13.254368790
[2023-06-26T14:56:15Z INFO  dt_instance] received at 2023-06-26 14:56:15.762404601 UTC - from mc-6->source-9 "913" 14:56:15.761384090
[2023-06-26T14:56:18Z INFO  dt_instance] received at 2023-06-26 14:56:18.274040263 UTC - from mc-6->source-9 "918" 14:56:18.268199018
[2023-06-26T14:56:20Z INFO  dt_instance] received at 2023-06-26 14:56:20.775020633 UTC - from mc-6->source-9 "923" 14:56:20.773705628
[2023-06-26T14:56:23Z INFO  dt_instance] received at 2023-06-26 14:56:23.281441788 UTC - from mc-6->source-9 "928" 14:56:23.279139872
[2023-06-26T14:56:25Z INFO  dt_instance] received at 2023-06-26 14:56:25.785747134 UTC - from mc-6->source-3 "948" 14:56:25.784783589
[2023-06-26T14:56:28Z INFO  dt_instance] received at 2023-06-26 14:56:28.299103090 UTC - from mc-6->source-7 "943" 14:56:28.298033225
[2023-06-26T14:56:30Z INFO  dt_instance] received at 2023-06-26 14:56:30.804002283 UTC - from mc-6->source-3 "958" 14:56:30.802971954
[2023-06-26T14:56:33Z INFO  dt_instance] received at 2023-06-26 14:56:33.311957611 UTC - from mc-6->source-7 "953" 14:56:33.310916597
[2023-06-26T14:56:35Z INFO  dt_instance] received at 2023-06-26 14:56:35.818761295 UTC - from mc-6->source-3 "968" 14:56:35.817701784
[2023-06-26T14:56:38Z INFO  dt_instance] received at 2023-06-26 14:56:38.326001569 UTC - from mc-6->source-3 "973" 14:56:38.323276797
[2023-06-26T14:56:40Z INFO  dt_instance] received at 2023-06-26 14:56:40.830352718 UTC - from mc-6->source-3 "978" 14:56:40.829128549
[2023-06-26T14:56:43Z INFO  dt_instance] received at 2023-06-26 14:56:43.336509868 UTC - from mc-6->source-3 "983" 14:56:43.333670973
[2023-06-26T14:56:45Z INFO  dt_instance] received at 2023-06-26 14:56:45.839641711 UTC - from mc-6->source-3 "988" 14:56:45.838585904
[2023-06-26T14:56:48Z INFO  dt_instance] received at 2023-06-26 14:56:48.568439936 UTC - from mc-6->source-6 "986" 14:56:48.567118348
[2023-06-26T14:56:51Z INFO  dt_instance] received at 2023-06-26 14:56:51.850385619 UTC - from mc-6->source-9 "985" 14:56:51.848290232
[2023-06-26T14:56:58Z INFO  dt_instance] received at 2023-06-26 14:56:58.865927885 UTC - from mc-6->source-9 "999" 14:56:58.864813787
