[2023-06-26T14:42:18Z INFO  dt_instance] Current Twin: mc-twin-4
[2023-06-26T14:42:18Z INFO  dt_instance] Replica Name twin-mc-stateful-4
[2023-06-26T14:42:18Z INFO  dt_instance] Sleeping for 200
[2023-06-26T14:45:38Z INFO  dt_instance] Connecting to broker at emqx.dtwins:1883
[2023-06-26T14:45:38Z INFO  dt_instance] Loggin info each 50 messages
[2023-06-26T14:45:38Z INFO  dt_instance] Set max packet size to 60000 KB.
[2023-06-26T14:45:38Z INFO  dt_instance] Refreshing topics for twin - Listen to mc-4/#
[2023-06-26T14:45:38Z INFO  dt_instance] SubAck { pkid: 1, return_codes: [Success(ExactlyOnce)] }
[2023-06-26T14:46:45Z INFO  dt_instance] received at 2023-06-26 14:46:45.636905235 UTC - from mc-4->source-2 "9" 14:46:45.635603868
[2023-06-26T14:46:48Z INFO  dt_instance] received at 2023-06-26 14:46:48.895008576 UTC - from mc-4->source-3 "13" 14:46:48.893977572
[2023-06-26T14:46:51Z INFO  dt_instance] received at 2023-06-26 14:46:51.405071992 UTC - from mc-4->source-1 "23" 14:46:51.402938889
[2023-06-26T14:46:53Z INFO  dt_instance] received at 2023-06-26 14:46:53.913178412 UTC - from mc-4->source-1 "28" 14:46:53.911909516
[2023-06-26T14:46:56Z INFO  dt_instance] received at 2023-06-26 14:46:56.420894065 UTC - from mc-4->source-1 "33" 14:46:56.418073632
[2023-06-26T14:46:58Z INFO  dt_instance] received at 2023-06-26 14:46:58.926971556 UTC - from mc-4->source-1 "38" 14:46:58.925714725
[2023-06-26T14:47:01Z INFO  dt_instance] received at 2023-06-26 14:47:01.433143726 UTC - from mc-4->source-1 "43" 14:47:01.431705768
[2023-06-26T14:47:03Z INFO  dt_instance] received at 2023-06-26 14:47:03.937118584 UTC - from mc-4->source-1 "48" 14:47:03.935962461
[2023-06-26T14:47:06Z INFO  dt_instance] received at 2023-06-26 14:47:06.444082682 UTC - from mc-4->source-1 "53" 14:47:06.441220905
[2023-06-26T14:47:08Z INFO  dt_instance] received at 2023-06-26 14:47:08.947817789 UTC - from mc-4->source-1 "58" 14:47:08.946963466
[2023-06-26T14:47:11Z INFO  dt_instance] received at 2023-06-26 14:47:11.456016084 UTC - from mc-4->source-1 "63" 14:47:11.453224247
[2023-06-26T14:47:13Z INFO  dt_instance] received at 2023-06-26 14:47:13.967716022 UTC - from mc-4->source-1 "68" 14:47:13.964443674
[2023-06-26T14:47:16Z INFO  dt_instance] received at 2023-06-26 14:47:16.472637425 UTC - from mc-4->source-1 "73" 14:47:16.471409311
[2023-06-26T14:47:18Z INFO  dt_instance] received at 2023-06-26 14:47:18.978054881 UTC - from mc-4->source-1 "78" 14:47:18.976900257
[2023-06-26T14:47:21Z INFO  dt_instance] received at 2023-06-26 14:47:21.488348281 UTC - from mc-4->source-1 "83" 14:47:21.483524560
[2023-06-26T14:47:23Z INFO  dt_instance] received at 2023-06-26 14:47:23.989032344 UTC - from mc-4->source-1 "88" 14:47:23.987981394
[2023-06-26T14:47:26Z INFO  dt_instance] received at 2023-06-26 14:47:26.496959346 UTC - from mc-4->source-1 "93" 14:47:26.493426180
[2023-06-26T14:47:29Z INFO  dt_instance] received at 2023-06-26 14:47:29.000327375 UTC - from mc-4->source-1 "98" 14:47:28.999264601
[2023-06-26T14:47:31Z INFO  dt_instance] received at 2023-06-26 14:47:31.506312270 UTC - from mc-4->source-1 "103" 14:47:31.503974812
[2023-06-26T14:47:34Z INFO  dt_instance] received at 2023-06-26 14:47:34.014630229 UTC - from mc-4->source-3 "103" 14:47:34.013468204
[2023-06-26T14:47:36Z INFO  dt_instance] received at 2023-06-26 14:47:36.521837185 UTC - from mc-4->source-3 "108" 14:47:36.520908067
[2023-06-26T14:47:39Z INFO  dt_instance] received at 2023-06-26 14:47:39.028285641 UTC - from mc-4->source-3 "113" 14:47:39.026543616
[2023-06-26T14:47:41Z INFO  dt_instance] received at 2023-06-26 14:47:41.533707923 UTC - from mc-4->source-1 "123" 14:47:41.532282084
[2023-06-26T14:47:44Z INFO  dt_instance] received at 2023-06-26 14:47:44.040110368 UTC - from mc-4->source-3 "123" 14:47:44.038879682
[2023-06-26T14:47:46Z INFO  dt_instance] received at 2023-06-26 14:47:46.548156042 UTC - from mc-4->source-3 "128" 14:47:46.546261287
[2023-06-26T14:47:49Z INFO  dt_instance] received at 2023-06-26 14:47:49.054035768 UTC - from mc-4->source-3 "133" 14:47:49.052642537
[2023-06-26T14:47:51Z INFO  dt_instance] received at 2023-06-26 14:47:51.559172578 UTC - from mc-4->source-3 "138" 14:47:51.558039565
[2023-06-26T14:47:54Z INFO  dt_instance] received at 2023-06-26 14:47:54.071450408 UTC - from mc-4->source-3 "143" 14:47:54.063138132
[2023-06-26T14:47:56Z INFO  dt_instance] received at 2023-06-26 14:47:56.571738030 UTC - from mc-4->source-3 "148" 14:47:56.570900831
[2023-06-26T14:47:59Z INFO  dt_instance] received at 2023-06-26 14:47:59.079036094 UTC - from mc-4->source-3 "153" 14:47:59.077794437
[2023-06-26T14:48:01Z INFO  dt_instance] received at 2023-06-26 14:48:01.585810487 UTC - from mc-4->source-3 "158" 14:48:01.582922331
[2023-06-26T14:48:04Z INFO  dt_instance] received at 2023-06-26 14:48:04.089966021 UTC - from mc-4->source-3 "163" 14:48:04.089132558
[2023-06-26T14:48:06Z INFO  dt_instance] received at 2023-06-26 14:48:06.595134005 UTC - from mc-4->source-3 "168" 14:48:06.593891870
[2023-06-26T14:48:09Z INFO  dt_instance] received at 2023-06-26 14:48:09.101312903 UTC - from mc-4->source-3 "173" 14:48:09.100235094
[2023-06-26T14:48:11Z INFO  dt_instance] received at 2023-06-26 14:48:11.607283054 UTC - from mc-4->source-3 "178" 14:48:11.605551642
[2023-06-26T14:48:14Z INFO  dt_instance] received at 2023-06-26 14:48:14.111680869 UTC - from mc-4->source-3 "183" 14:48:14.110863165
[2023-06-26T14:48:16Z INFO  dt_instance] received at 2023-06-26 14:48:16.617751906 UTC - from mc-4->source-3 "188" 14:48:16.616870965
[2023-06-26T14:48:19Z INFO  dt_instance] received at 2023-06-26 14:48:19.124921266 UTC - from mc-4->source-3 "193" 14:48:19.123858249
[2023-06-26T14:48:21Z INFO  dt_instance] received at 2023-06-26 14:48:21.631021469 UTC - from mc-4->source-3 "198" 14:48:21.629708508
[2023-06-26T14:48:24Z INFO  dt_instance] received at 2023-06-26 14:48:24.143106281 UTC - from mc-4->source-3 "203" 14:48:24.141310046
[2023-06-26T14:48:26Z INFO  dt_instance] received at 2023-06-26 14:48:26.648957541 UTC - from mc-4->source-3 "208" 14:48:26.647746824
[2023-06-26T14:48:29Z INFO  dt_instance] received at 2023-06-26 14:48:29.155006378 UTC - from mc-4->source-3 "213" 14:48:29.153334737
[2023-06-26T14:48:31Z INFO  dt_instance] received at 2023-06-26 14:48:31.659828896 UTC - from mc-4->source-3 "218" 14:48:31.659022304
[2023-06-26T14:48:34Z INFO  dt_instance] received at 2023-06-26 14:48:34.165252312 UTC - from mc-4->source-3 "223" 14:48:34.164033845
[2023-06-26T14:48:36Z INFO  dt_instance] received at 2023-06-26 14:48:36.671659612 UTC - from mc-4->source-3 "228" 14:48:36.669281295
[2023-06-26T14:48:39Z INFO  dt_instance] received at 2023-06-26 14:48:39.175676648 UTC - from mc-4->source-3 "233" 14:48:39.174512396
[2023-06-26T14:48:41Z INFO  dt_instance] received at 2023-06-26 14:48:41.681195337 UTC - from mc-4->source-3 "238" 14:48:41.680274101
[2023-06-26T14:48:44Z INFO  dt_instance] received at 2023-06-26 14:48:44.187909629 UTC - from mc-4->source-3 "243" 14:48:44.186893239
[2023-06-26T14:48:46Z INFO  dt_instance] received at 2023-06-26 14:48:46.693804974 UTC - from mc-4->source-3 "248" 14:48:46.692931016
[2023-06-26T14:48:49Z INFO  dt_instance] received at 2023-06-26 14:48:49.200318133 UTC - from mc-4->source-3 "253" 14:48:49.199411207
[2023-06-26T14:48:51Z INFO  dt_instance] received at 2023-06-26 14:48:51.706503421 UTC - from mc-4->source-3 "258" 14:48:51.705485554
[2023-06-26T14:48:54Z INFO  dt_instance] received at 2023-06-26 14:48:54.220510739 UTC - from mc-4->source-1 "268" 14:48:54.219358532
[2023-06-26T14:48:56Z INFO  dt_instance] received at 2023-06-26 14:48:56.726139456 UTC - from mc-4->source-5 "263" 14:48:56.724968532
[2023-06-26T14:48:59Z INFO  dt_instance] received at 2023-06-26 14:48:59.232097348 UTC - from mc-4->source-1 "278" 14:48:59.231317237
[2023-06-26T14:49:01Z INFO  dt_instance] received at 2023-06-26 14:49:01.739620543 UTC - from mc-4->source-5 "273" 14:49:01.738469194
[2023-06-26T14:49:04Z INFO  dt_instance] received at 2023-06-26 14:49:04.246225141 UTC - from mc-4->source-3 "283" 14:49:04.244768833
[2023-06-26T14:49:06Z INFO  dt_instance] received at 2023-06-26 14:49:06.752426242 UTC - from mc-4->source-3 "288" 14:49:06.751256784
[2023-06-26T14:49:09Z INFO  dt_instance] received at 2023-06-26 14:49:09.260998782 UTC - from mc-4->source-3 "293" 14:49:09.256935856
[2023-06-26T14:49:11Z INFO  dt_instance] received at 2023-06-26 14:49:11.764034692 UTC - from mc-4->source-5 "293" 14:49:11.762979045
[2023-06-26T14:49:14Z INFO  dt_instance] received at 2023-06-26 14:49:14.268872283 UTC - from mc-4->source-3 "303" 14:49:14.267954549
[2023-06-26T14:49:16Z INFO  dt_instance] received at 2023-06-26 14:49:16.775190038 UTC - from mc-4->source-3 "308" 14:49:16.773908230
[2023-06-26T14:49:19Z INFO  dt_instance] received at 2023-06-26 14:49:19.280917295 UTC - from mc-4->source-5 "308" 14:49:19.279449743
[2023-06-26T14:49:21Z INFO  dt_instance] received at 2023-06-26 14:49:21.786346422 UTC - from mc-4->source-3 "318" 14:49:21.785412547
[2023-06-26T14:49:24Z INFO  dt_instance] received at 2023-06-26 14:49:24.292475818 UTC - from mc-4->source-3 "323" 14:49:24.291405820
[2023-06-26T14:49:26Z INFO  dt_instance] received at 2023-06-26 14:49:26.798912511 UTC - from mc-4->source-5 "323" 14:49:26.797793959
[2023-06-26T14:49:29Z INFO  dt_instance] received at 2023-06-26 14:49:29.304389321 UTC - from mc-4->source-1 "338" 14:49:29.303526786
[2023-06-26T14:49:31Z INFO  dt_instance] received at 2023-06-26 14:49:31.810702727 UTC - from mc-4->source-1 "343" 14:49:31.809385834
[2023-06-26T14:49:34Z INFO  dt_instance] received at 2023-06-26 14:49:34.317488207 UTC - from mc-4->source-5 "338" 14:49:34.316720084
[2023-06-26T14:49:36Z INFO  dt_instance] received at 2023-06-26 14:49:36.825680489 UTC - from mc-4->source-5 "343" 14:49:36.821988801
[2023-06-26T14:49:39Z INFO  dt_instance] received at 2023-06-26 14:49:39.330178546 UTC - from mc-4->source-5 "348" 14:49:39.329151954
[2023-06-26T14:49:41Z INFO  dt_instance] received at 2023-06-26 14:49:41.835945122 UTC - from mc-4->source-5 "353" 14:49:41.834877118
[2023-06-26T14:49:44Z INFO  dt_instance] received at 2023-06-26 14:49:44.344381157 UTC - from mc-4->source-5 "358" 14:49:44.341900590
[2023-06-26T14:49:46Z INFO  dt_instance] received at 2023-06-26 14:49:46.851584627 UTC - from mc-4->source-5 "363" 14:49:46.849786414
[2023-06-26T14:49:49Z INFO  dt_instance] received at 2023-06-26 14:49:49.359466158 UTC - from mc-4->source-3 "373" 14:49:49.358704974
[2023-06-26T14:49:51Z INFO  dt_instance] received at 2023-06-26 14:49:51.865727447 UTC - from mc-4->source-3 "378" 14:49:51.864827374
[2023-06-26T14:49:54Z INFO  dt_instance] received at 2023-06-26 14:49:54.377796698 UTC - from mc-4->source-5 "378" 14:49:54.366413144
[2023-06-26T14:49:56Z INFO  dt_instance] received at 2023-06-26 14:49:56.878343832 UTC - from mc-4->source-3 "388" 14:49:56.876922477
[2023-06-26T14:49:59Z INFO  dt_instance] received at 2023-06-26 14:49:59.384660508 UTC - from mc-4->source-3 "393" 14:49:59.383797265
[2023-06-26T14:50:01Z INFO  dt_instance] received at 2023-06-26 14:50:01.891418094 UTC - from mc-4->source-3 "398" 14:50:01.890502595
[2023-06-26T14:50:04Z INFO  dt_instance] received at 2023-06-26 14:50:04.397497494 UTC - from mc-4->source-3 "403" 14:50:04.395594041
[2023-06-26T14:50:06Z INFO  dt_instance] received at 2023-06-26 14:50:06.903216855 UTC - from mc-4->source-3 "408" 14:50:06.901392706
[2023-06-26T14:50:09Z INFO  dt_instance] received at 2023-06-26 14:50:09.407538644 UTC - from mc-4->source-3 "413" 14:50:09.406476188
[2023-06-26T14:50:11Z INFO  dt_instance] received at 2023-06-26 14:50:11.912564095 UTC - from mc-4->source-3 "418" 14:50:11.911217814
[2023-06-26T14:50:14Z INFO  dt_instance] received at 2023-06-26 14:50:14.417954547 UTC - from mc-4->source-3 "423" 14:50:14.417000307
[2023-06-26T14:50:16Z INFO  dt_instance] received at 2023-06-26 14:50:16.923911007 UTC - from mc-4->source-3 "428" 14:50:16.922761999
[2023-06-26T14:50:19Z INFO  dt_instance] received at 2023-06-26 14:50:19.430525001 UTC - from mc-4->source-3 "433" 14:50:19.429342624
[2023-06-26T14:50:21Z INFO  dt_instance] received at 2023-06-26 14:50:21.935789639 UTC - from mc-4->source-3 "438" 14:50:21.934846536
[2023-06-26T14:50:24Z INFO  dt_instance] received at 2023-06-26 14:50:24.443964157 UTC - from mc-4->source-3 "443" 14:50:24.441916630
[2023-06-26T14:50:26Z INFO  dt_instance] received at 2023-06-26 14:50:26.949118493 UTC - from mc-4->source-3 "448" 14:50:26.947916935
[2023-06-26T14:50:29Z INFO  dt_instance] received at 2023-06-26 14:50:29.456748842 UTC - from mc-4->source-3 "453" 14:50:29.455618903
[2023-06-26T14:50:31Z INFO  dt_instance] received at 2023-06-26 14:50:31.962189381 UTC - from mc-4->source-3 "458" 14:50:31.960833799
[2023-06-26T14:50:34Z INFO  dt_instance] received at 2023-06-26 14:50:34.468783311 UTC - from mc-4->source-3 "463" 14:50:34.467722605
[2023-06-26T14:50:36Z INFO  dt_instance] received at 2023-06-26 14:50:36.973775919 UTC - from mc-4->source-3 "468" 14:50:36.972945753
[2023-06-26T14:50:39Z INFO  dt_instance] received at 2023-06-26 14:50:39.479930229 UTC - from mc-4->source-3 "473" 14:50:39.478906700
[2023-06-26T14:50:41Z INFO  dt_instance] received at 2023-06-26 14:50:41.986978093 UTC - from mc-4->source-3 "478" 14:50:41.985931327
[2023-06-26T14:50:44Z INFO  dt_instance] received at 2023-06-26 14:50:44.493101105 UTC - from mc-4->source-3 "483" 14:50:44.491886433
[2023-06-26T14:50:46Z INFO  dt_instance] received at 2023-06-26 14:50:46.998441404 UTC - from mc-4->source-3 "488" 14:50:46.997148583
[2023-06-26T14:50:49Z INFO  dt_instance] received at 2023-06-26 14:50:49.504886513 UTC - from mc-4->source-3 "493" 14:50:49.503560319
[2023-06-26T14:50:52Z INFO  dt_instance] received at 2023-06-26 14:50:52.009143521 UTC - from mc-4->source-3 "498" 14:50:52.008101764
[2023-06-26T14:50:54Z INFO  dt_instance] received at 2023-06-26 14:50:54.516010224 UTC - from mc-4->source-3 "503" 14:50:54.514883449
[2023-06-26T14:50:57Z INFO  dt_instance] received at 2023-06-26 14:50:57.020985626 UTC - from mc-4->source-3 "508" 14:50:57.019996017
[2023-06-26T14:50:59Z INFO  dt_instance] received at 2023-06-26 14:50:59.527270159 UTC - from mc-4->source-3 "513" 14:50:59.525925046
[2023-06-26T14:51:02Z INFO  dt_instance] received at 2023-06-26 14:51:02.031767321 UTC - from mc-4->source-3 "518" 14:51:02.030893772
[2023-06-26T14:51:04Z INFO  dt_instance] received at 2023-06-26 14:51:04.538358207 UTC - from mc-4->source-1 "528" 14:51:04.536543654
[2023-06-26T14:51:07Z INFO  dt_instance] received at 2023-06-26 14:51:07.042964539 UTC - from mc-4->source-1 "533" 14:51:07.041917231
[2023-06-26T14:51:09Z INFO  dt_instance] received at 2023-06-26 14:51:09.550537875 UTC - from mc-4->source-1 "538" 14:51:09.549511834
[2023-06-26T14:51:12Z INFO  dt_instance] received at 2023-06-26 14:51:12.058740582 UTC - from mc-4->source-1 "543" 14:51:12.057376446
[2023-06-26T14:51:14Z INFO  dt_instance] received at 2023-06-26 14:51:14.565675515 UTC - from mc-4->source-3 "543" 14:51:14.564281418
[2023-06-26T14:51:17Z INFO  dt_instance] received at 2023-06-26 14:51:17.071309058 UTC - from mc-4->source-1 "553" 14:51:17.070298077
[2023-06-26T14:51:19Z INFO  dt_instance] received at 2023-06-26 14:51:19.577555959 UTC - from mc-4->source-3 "553" 14:51:19.576497909
[2023-06-26T14:51:22Z INFO  dt_instance] received at 2023-06-26 14:51:22.084097063 UTC - from mc-4->source-1 "563" 14:51:22.082702722
[2023-06-26T14:51:24Z INFO  dt_instance] received at 2023-06-26 14:51:24.591121944 UTC - from mc-4->source-1 "568" 14:51:24.589336273
[2023-06-26T14:51:27Z INFO  dt_instance] received at 2023-06-26 14:51:27.094854118 UTC - from mc-4->source-1 "573" 14:51:27.094001690
[2023-06-26T14:51:29Z INFO  dt_instance] received at 2023-06-26 14:51:29.602550038 UTC - from mc-4->source-1 "578" 14:51:29.600670312
[2023-06-26T14:51:32Z INFO  dt_instance] received at 2023-06-26 14:51:32.107666682 UTC - from mc-4->source-1 "583" 14:51:32.106602793
[2023-06-26T14:51:34Z INFO  dt_instance] received at 2023-06-26 14:51:34.617631479 UTC - from mc-4->source-3 "583" 14:51:34.613954091
[2023-06-26T14:51:37Z INFO  dt_instance] received at 2023-06-26 14:51:37.124445187 UTC - from mc-4->source-3 "588" 14:51:37.121918687
[2023-06-26T14:51:39Z INFO  dt_instance] received at 2023-06-26 14:51:39.630399382 UTC - from mc-4->source-1 "598" 14:51:39.629476053
[2023-06-26T14:51:42Z INFO  dt_instance] received at 2023-06-26 14:51:42.136854620 UTC - from mc-4->source-1 "603" 14:51:42.134656366
[2023-06-26T14:51:44Z INFO  dt_instance] received at 2023-06-26 14:51:44.644526299 UTC - from mc-4->source-1 "608" 14:51:44.643575001
[2023-06-26T14:51:47Z INFO  dt_instance] received at 2023-06-26 14:51:47.149349439 UTC - from mc-4->source-1 "613" 14:51:47.148462313
[2023-06-26T14:51:49Z INFO  dt_instance] received at 2023-06-26 14:51:49.656930696 UTC - from mc-4->source-1 "618" 14:51:49.653984494
[2023-06-26T14:51:52Z INFO  dt_instance] received at 2023-06-26 14:51:52.160012419 UTC - from mc-4->source-1 "623" 14:51:52.158845360
[2023-06-26T14:51:54Z INFO  dt_instance] received at 2023-06-26 14:51:54.665824168 UTC - from mc-4->source-1 "628" 14:51:54.664219265
[2023-06-26T14:51:57Z INFO  dt_instance] received at 2023-06-26 14:51:57.171488319 UTC - from mc-4->source-3 "628" 14:51:57.170392132
[2023-06-26T14:51:59Z INFO  dt_instance] received at 2023-06-26 14:51:59.678647306 UTC - from mc-4->source-3 "633" 14:51:59.676943341
[2023-06-26T14:52:02Z INFO  dt_instance] received at 2023-06-26 14:52:02.184097938 UTC - from mc-4->source-1 "643" 14:52:02.182972374
[2023-06-26T14:52:04Z INFO  dt_instance] received at 2023-06-26 14:52:04.690467243 UTC - from mc-4->source-3 "643" 14:52:04.687243718
[2023-06-26T14:52:07Z INFO  dt_instance] received at 2023-06-26 14:52:07.194024670 UTC - from mc-4->source-1 "653" 14:52:07.193255102
[2023-06-26T14:52:09Z INFO  dt_instance] received at 2023-06-26 14:52:09.700022517 UTC - from mc-4->source-3 "653" 14:52:09.699013838
[2023-06-26T14:52:12Z INFO  dt_instance] received at 2023-06-26 14:52:12.207107063 UTC - from mc-4->source-3 "658" 14:52:12.205517590
[2023-06-26T14:52:14Z INFO  dt_instance] received at 2023-06-26 14:52:14.728632104 UTC - from mc-4->source-3 "663" 14:52:14.712975984
[2023-06-26T14:52:17Z INFO  dt_instance] received at 2023-06-26 14:52:17.220098292 UTC - from mc-4->source-3 "668" 14:52:17.218414528
[2023-06-26T14:52:19Z INFO  dt_instance] received at 2023-06-26 14:52:19.729019736 UTC - from mc-4->source-3 "673" 14:52:19.725891854
[2023-06-26T14:52:22Z INFO  dt_instance] received at 2023-06-26 14:52:22.234165059 UTC - from mc-4->source-3 "678" 14:52:22.231902370
[2023-06-26T14:52:24Z INFO  dt_instance] received at 2023-06-26 14:52:24.742003080 UTC - from mc-4->source-3 "683" 14:52:24.737153500
[2023-06-26T14:52:27Z INFO  dt_instance] received at 2023-06-26 14:52:27.245776394 UTC - from mc-4->source-3 "688" 14:52:27.244119925
[2023-06-26T14:52:29Z INFO  dt_instance] received at 2023-06-26 14:52:29.750125068 UTC - from mc-4->source-3 "693" 14:52:29.749054543
[2023-06-26T14:52:32Z INFO  dt_instance] received at 2023-06-26 14:52:32.257624989 UTC - from mc-4->source-3 "698" 14:52:32.254700756
[2023-06-26T14:52:34Z INFO  dt_instance] received at 2023-06-26 14:52:34.761114622 UTC - from mc-4->source-3 "703" 14:52:34.760013841
[2023-06-26T14:52:37Z INFO  dt_instance] received at 2023-06-26 14:52:37.269295749 UTC - from mc-4->source-1 "713" 14:52:37.267002996
[2023-06-26T14:52:39Z INFO  dt_instance] received at 2023-06-26 14:52:39.778358066 UTC - from mc-4->source-1 "718" 14:52:39.777459369
[2023-06-26T14:52:42Z INFO  dt_instance] received at 2023-06-26 14:52:42.288798708 UTC - from mc-4->source-1 "723" 14:52:42.282539194
[2023-06-26T14:52:44Z INFO  dt_instance] received at 2023-06-26 14:52:44.791977298 UTC - from mc-4->source-3 "723" 14:52:44.789692866
[2023-06-26T14:52:47Z INFO  dt_instance] received at 2023-06-26 14:52:47.296938139 UTC - from mc-4->source-3 "728" 14:52:47.294008091
[2023-06-26T14:52:49Z INFO  dt_instance] received at 2023-06-26 14:52:49.802848706 UTC - from mc-4->source-1 "738" 14:52:49.801943094
[2023-06-26T14:52:52Z INFO  dt_instance] received at 2023-06-26 14:52:52.309713511 UTC - from mc-4->source-3 "738" 14:52:52.307854838
[2023-06-26T14:52:54Z INFO  dt_instance] received at 2023-06-26 14:52:54.814878932 UTC - from mc-4->source-3 "743" 14:52:54.813448844
[2023-06-26T14:52:57Z INFO  dt_instance] received at 2023-06-26 14:52:57.320580018 UTC - from mc-4->source-3 "748" 14:52:57.318634088
[2023-06-26T14:52:59Z INFO  dt_instance] received at 2023-06-26 14:52:59.826094035 UTC - from mc-4->source-1 "758" 14:52:59.824919764
[2023-06-26T14:53:02Z INFO  dt_instance] received at 2023-06-26 14:53:02.335172957 UTC - from mc-4->source-1 "763" 14:53:02.332267103
[2023-06-26T14:53:04Z INFO  dt_instance] received at 2023-06-26 14:53:04.842208470 UTC - from mc-4->source-3 "763" 14:53:04.841243594
[2023-06-26T14:53:07Z INFO  dt_instance] received at 2023-06-26 14:53:07.350937210 UTC - from mc-4->source-3 "768" 14:53:07.348841811
[2023-06-26T14:53:09Z INFO  dt_instance] received at 2023-06-26 14:53:09.861383217 UTC - from mc-4->source-3 "773" 14:53:09.860165026
[2023-06-26T14:53:12Z INFO  dt_instance] received at 2023-06-26 14:53:12.370151874 UTC - from mc-4->source-3 "778" 14:53:12.368462489
[2023-06-26T14:53:14Z INFO  dt_instance] received at 2023-06-26 14:53:14.874958705 UTC - from mc-4->source-3 "783" 14:53:14.873957674
[2023-06-26T14:53:17Z INFO  dt_instance] received at 2023-06-26 14:53:17.379919260 UTC - from mc-4->source-3 "788" 14:53:17.379110456
[2023-06-26T14:53:19Z INFO  dt_instance] received at 2023-06-26 14:53:19.887046395 UTC - from mc-4->source-3 "793" 14:53:19.885927309
[2023-06-26T14:53:22Z INFO  dt_instance] received at 2023-06-26 14:53:22.392187809 UTC - from mc-4->source-3 "798" 14:53:22.391050473
[2023-06-26T14:53:24Z INFO  dt_instance] received at 2023-06-26 14:53:24.899874330 UTC - from mc-4->source-3 "803" 14:53:24.899170563
[2023-06-26T14:53:27Z INFO  dt_instance] received at 2023-06-26 14:53:27.405849829 UTC - from mc-4->source-3 "808" 14:53:27.404799675
[2023-06-26T14:53:29Z INFO  dt_instance] received at 2023-06-26 14:53:29.912098581 UTC - from mc-4->source-3 "813" 14:53:29.910957067
[2023-06-26T14:53:32Z INFO  dt_instance] received at 2023-06-26 14:53:32.419542748 UTC - from mc-4->source-3 "818" 14:53:32.418405567
[2023-06-26T14:53:34Z INFO  dt_instance] received at 2023-06-26 14:53:34.925417111 UTC - from mc-4->source-3 "823" 14:53:34.924726745
[2023-06-26T14:53:37Z INFO  dt_instance] received at 2023-06-26 14:53:37.429963047 UTC - from mc-4->source-3 "828" 14:53:37.429142378
[2023-06-26T14:53:39Z INFO  dt_instance] received at 2023-06-26 14:53:39.936432463 UTC - from mc-4->source-3 "833" 14:53:39.935136900
[2023-06-26T14:53:42Z INFO  dt_instance] received at 2023-06-26 14:53:42.442690703 UTC - from mc-4->source-3 "838" 14:53:42.441501934
[2023-06-26T14:53:44Z INFO  dt_instance] received at 2023-06-26 14:53:44.947585586 UTC - from mc-4->source-1 "848" 14:53:44.946565384
[2023-06-26T14:53:47Z INFO  dt_instance] received at 2023-06-26 14:53:47.452610189 UTC - from mc-4->source-1 "853" 14:53:47.451347941
[2023-06-26T14:53:49Z INFO  dt_instance] received at 2023-06-26 14:53:49.958528373 UTC - from mc-4->source-1 "858" 14:53:49.957485394
[2023-06-26T14:53:52Z INFO  dt_instance] received at 2023-06-26 14:53:52.478643497 UTC - from mc-4->source-3 "858" 14:53:52.462072840
[2023-06-26T14:53:54Z INFO  dt_instance] received at 2023-06-26 14:53:54.971559477 UTC - from mc-4->source-1 "868" 14:53:54.969783571
[2023-06-26T14:53:57Z INFO  dt_instance] received at 2023-06-26 14:53:57.477717323 UTC - from mc-4->source-1 "873" 14:53:57.476368954
[2023-06-26T14:53:59Z INFO  dt_instance] received at 2023-06-26 14:53:59.985318164 UTC - from mc-4->source-1 "878" 14:53:59.981033178
[2023-06-26T14:54:02Z INFO  dt_instance] received at 2023-06-26 14:54:02.495216746 UTC - from mc-4->source-1 "883" 14:54:02.494147049
[2023-06-26T14:54:05Z INFO  dt_instance] received at 2023-06-26 14:54:05.000819788 UTC - from mc-4->source-1 "888" 14:54:05.000013516
[2023-06-26T14:54:07Z INFO  dt_instance] received at 2023-06-26 14:54:07.507676466 UTC - from mc-4->source-1 "893" 14:54:07.506882130
[2023-06-26T14:54:10Z INFO  dt_instance] received at 2023-06-26 14:54:10.017880868 UTC - from mc-4->source-1 "898" 14:54:10.012328098
[2023-06-26T14:54:12Z INFO  dt_instance] received at 2023-06-26 14:54:12.518710502 UTC - from mc-4->source-1 "903" 14:54:12.517788948
[2023-06-26T14:54:15Z INFO  dt_instance] received at 2023-06-26 14:54:15.024557934 UTC - from mc-4->source-1 "908" 14:54:15.023319075
[2023-06-26T14:54:17Z INFO  dt_instance] received at 2023-06-26 14:54:17.529910970 UTC - from mc-4->source-1 "913" 14:54:17.528828450
[2023-06-26T14:54:20Z INFO  dt_instance] received at 2023-06-26 14:54:20.036348893 UTC - from mc-4->source-1 "918" 14:54:20.034726861
[2023-06-26T14:54:22Z INFO  dt_instance] received at 2023-06-26 14:54:22.541638837 UTC - from mc-4->source-1 "923" 14:54:22.539678361
[2023-06-26T14:54:25Z INFO  dt_instance] received at 2023-06-26 14:54:25.045140415 UTC - from mc-4->source-1 "928" 14:54:25.044121049
[2023-06-26T14:54:27Z INFO  dt_instance] received at 2023-06-26 14:54:27.552462705 UTC - from mc-4->source-1 "933" 14:54:27.551462519
[2023-06-26T14:54:30Z INFO  dt_instance] received at 2023-06-26 14:54:30.057845403 UTC - from mc-4->source-1 "938" 14:54:30.056624401
[2023-06-26T14:54:32Z INFO  dt_instance] received at 2023-06-26 14:54:32.563136769 UTC - from mc-4->source-1 "943" 14:54:32.561950159
[2023-06-26T14:54:35Z INFO  dt_instance] received at 2023-06-26 14:54:35.073282633 UTC - from mc-4->source-1 "948" 14:54:35.069752253
[2023-06-26T14:54:37Z INFO  dt_instance] received at 2023-06-26 14:54:37.575772127 UTC - from mc-4->source-1 "953" 14:54:37.575036765
[2023-06-26T14:54:40Z INFO  dt_instance] received at 2023-06-26 14:54:40.081755295 UTC - from mc-4->source-1 "958" 14:54:40.080494958
[2023-06-26T14:54:42Z INFO  dt_instance] received at 2023-06-26 14:54:42.587946630 UTC - from mc-4->source-1 "963" 14:54:42.586898149
[2023-06-26T14:54:45Z INFO  dt_instance] received at 2023-06-26 14:54:45.094769488 UTC - from mc-4->source-1 "968" 14:54:45.093659061
[2023-06-26T14:54:47Z INFO  dt_instance] received at 2023-06-26 14:54:47.599435797 UTC - from mc-4->source-1 "973" 14:54:47.598372099
[2023-06-26T14:54:50Z INFO  dt_instance] received at 2023-06-26 14:54:50.105707878 UTC - from mc-4->source-1 "978" 14:54:50.103121207
[2023-06-26T14:54:52Z INFO  dt_instance] received at 2023-06-26 14:54:52.610083621 UTC - from mc-4->source-1 "983" 14:54:52.608610878
[2023-06-26T14:54:55Z INFO  dt_instance] received at 2023-06-26 14:54:55.115533233 UTC - from mc-4->source-1 "988" 14:54:55.114498437
[2023-06-26T14:54:57Z INFO  dt_instance] received at 2023-06-26 14:54:57.621466335 UTC - from mc-4->source-1 "993" 14:54:57.620455142
[2023-06-26T14:55:00Z INFO  dt_instance] received at 2023-06-26 14:55:00.308043520 UTC - from mc-4->source-6 "986" 14:55:00.306484584
[2023-06-26T14:55:03Z INFO  dt_instance] received at 2023-06-26 14:55:03.592069199 UTC - from mc-4->source-5 "995" 14:55:03.591123302
[2023-06-26T14:55:10Z INFO  dt_instance] received at 2023-06-26 14:55:10.639118010 UTC - from mc-4->source-9 "999" 14:55:10.638142913
