[2023-06-26T14:42:23Z INFO  dt_instance] Current Twin: mc-twin-5
[2023-06-26T14:42:23Z INFO  dt_instance] Replica Name twin-mc-stateful-5
[2023-06-26T14:42:23Z INFO  dt_instance] Sleeping for 250
[2023-06-26T14:46:33Z INFO  dt_instance] Connecting to broker at emqx.dtwins:1883
[2023-06-26T14:46:33Z INFO  dt_instance] Loggin info each 50 messages
[2023-06-26T14:46:33Z INFO  dt_instance] Set max packet size to 60000 KB.
[2023-06-26T14:46:33Z INFO  dt_instance] Refreshing topics for twin - Listen to mc-5/#
[2023-06-26T14:46:33Z INFO  dt_instance] SubAck { pkid: 1, return_codes: [Success(ExactlyOnce)] }
[2023-06-26T14:47:39Z INFO  dt_instance] received at 2023-06-26 14:47:39.896622470 UTC - from mc-5->source-2 "9" 14:47:39.895575110
[2023-06-26T14:47:43Z INFO  dt_instance] received at 2023-06-26 14:47:43.152543439 UTC - from mc-5->source-3 "13" 14:47:43.151726916
[2023-06-26T14:47:45Z INFO  dt_instance] received at 2023-06-26 14:47:45.662080379 UTC - from mc-5->source-1 "23" 14:47:45.661194414
[2023-06-26T14:47:48Z INFO  dt_instance] received at 2023-06-26 14:47:48.169211461 UTC - from mc-5->source-1 "28" 14:47:48.168155591
[2023-06-26T14:47:50Z INFO  dt_instance] received at 2023-06-26 14:47:50.675409091 UTC - from mc-5->source-1 "33" 14:47:50.674512727
[2023-06-26T14:47:53Z INFO  dt_instance] received at 2023-06-26 14:47:53.183997395 UTC - from mc-5->source-1 "38" 14:47:53.181576933
[2023-06-26T14:47:55Z INFO  dt_instance] received at 2023-06-26 14:47:55.690618938 UTC - from mc-5->source-1 "43" 14:47:55.686533147
[2023-06-26T14:47:58Z INFO  dt_instance] received at 2023-06-26 14:47:58.195752731 UTC - from mc-5->source-1 "48" 14:47:58.191287620
[2023-06-26T14:48:00Z INFO  dt_instance] received at 2023-06-26 14:48:00.698248825 UTC - from mc-5->source-1 "53" 14:48:00.697177413
[2023-06-26T14:48:03Z INFO  dt_instance] received at 2023-06-26 14:48:03.204673469 UTC - from mc-5->source-1 "58" 14:48:03.203443368
[2023-06-26T14:48:05Z INFO  dt_instance] received at 2023-06-26 14:48:05.709288288 UTC - from mc-5->source-1 "63" 14:48:05.708414973
[2023-06-26T14:48:08Z INFO  dt_instance] received at 2023-06-26 14:48:08.217544599 UTC - from mc-5->source-1 "68" 14:48:08.214689361
[2023-06-26T14:48:10Z INFO  dt_instance] received at 2023-06-26 14:48:10.720262705 UTC - from mc-5->source-1 "73" 14:48:10.719375050
[2023-06-26T14:48:13Z INFO  dt_instance] received at 2023-06-26 14:48:13.226040228 UTC - from mc-5->source-1 "78" 14:48:13.225258977
[2023-06-26T14:48:15Z INFO  dt_instance] received at 2023-06-26 14:48:15.731877185 UTC - from mc-5->source-1 "83" 14:48:15.730819338
[2023-06-26T14:48:18Z INFO  dt_instance] received at 2023-06-26 14:48:18.237749821 UTC - from mc-5->source-1 "88" 14:48:18.236397232
[2023-06-26T14:48:20Z INFO  dt_instance] received at 2023-06-26 14:48:20.743165647 UTC - from mc-5->source-1 "93" 14:48:20.742174496
[2023-06-26T14:48:23Z INFO  dt_instance] received at 2023-06-26 14:48:23.249223510 UTC - from mc-5->source-1 "98" 14:48:23.248046559
[2023-06-26T14:48:25Z INFO  dt_instance] received at 2023-06-26 14:48:25.756038385 UTC - from mc-5->source-1 "103" 14:48:25.755102605
[2023-06-26T14:48:28Z INFO  dt_instance] received at 2023-06-26 14:48:28.261683733 UTC - from mc-5->source-1 "108" 14:48:28.260871592
[2023-06-26T14:48:30Z INFO  dt_instance] received at 2023-06-26 14:48:30.768671858 UTC - from mc-5->source-3 "108" 14:48:30.767136977
[2023-06-26T14:48:33Z INFO  dt_instance] received at 2023-06-26 14:48:33.273313465 UTC - from mc-5->source-1 "118" 14:48:33.272305374
[2023-06-26T14:48:35Z INFO  dt_instance] received at 2023-06-26 14:48:35.781271704 UTC - from mc-5->source-1 "123" 14:48:35.780355192
[2023-06-26T14:48:38Z INFO  dt_instance] received at 2023-06-26 14:48:38.289802033 UTC - from mc-5->source-1 "128" 14:48:38.286082708
[2023-06-26T14:48:40Z INFO  dt_instance] received at 2023-06-26 14:48:40.792835015 UTC - from mc-5->source-1 "133" 14:48:40.791449135
[2023-06-26T14:48:43Z INFO  dt_instance] received at 2023-06-26 14:48:43.297750257 UTC - from mc-5->source-3 "133" 14:48:43.296650676
[2023-06-26T14:48:45Z INFO  dt_instance] received at 2023-06-26 14:48:45.806153815 UTC - from mc-5->source-1 "143" 14:48:45.805052196
[2023-06-26T14:48:48Z INFO  dt_instance] received at 2023-06-26 14:48:48.320085290 UTC - from mc-5->source-3 "143" 14:48:48.312093623
[2023-06-26T14:48:50Z INFO  dt_instance] received at 2023-06-26 14:48:50.834879913 UTC - from mc-5->source-5 "143" 14:48:50.809836814
[2023-06-26T14:48:53Z INFO  dt_instance] received at 2023-06-26 14:48:53.327142279 UTC - from mc-5->source-1 "158" 14:48:53.324319019
[2023-06-26T14:48:55Z INFO  dt_instance] received at 2023-06-26 14:48:55.833528592 UTC - from mc-5->source-3 "158" 14:48:55.832433551
[2023-06-26T14:48:58Z INFO  dt_instance] received at 2023-06-26 14:48:58.340980497 UTC - from mc-5->source-3 "163" 14:48:58.339322585
[2023-06-26T14:49:00Z INFO  dt_instance] received at 2023-06-26 14:49:00.847224204 UTC - from mc-5->source-1 "173" 14:49:00.845564560
[2023-06-26T14:49:03Z INFO  dt_instance] received at 2023-06-26 14:49:03.351771612 UTC - from mc-5->source-3 "173" 14:49:03.350694039
[2023-06-26T14:49:05Z INFO  dt_instance] received at 2023-06-26 14:49:05.859705482 UTC - from mc-5->source-3 "178" 14:49:05.858696854
[2023-06-26T14:49:08Z INFO  dt_instance] received at 2023-06-26 14:49:08.368552736 UTC - from mc-5->source-3 "183" 14:49:08.365415826
[2023-06-26T14:49:10Z INFO  dt_instance] received at 2023-06-26 14:49:10.873953060 UTC - from mc-5->source-1 "193" 14:49:10.872918114
[2023-06-26T14:49:13Z INFO  dt_instance] received at 2023-06-26 14:49:13.379918282 UTC - from mc-5->source-1 "198" 14:49:13.378729061
[2023-06-26T14:49:15Z INFO  dt_instance] received at 2023-06-26 14:49:15.885377318 UTC - from mc-5->source-3 "198" 14:49:15.884451004
[2023-06-26T14:49:18Z INFO  dt_instance] received at 2023-06-26 14:49:18.391583226 UTC - from mc-5->source-3 "203" 14:49:18.390441498
[2023-06-26T14:49:20Z INFO  dt_instance] received at 2023-06-26 14:49:20.896660852 UTC - from mc-5->source-3 "208" 14:49:20.895429452
[2023-06-26T14:49:23Z INFO  dt_instance] received at 2023-06-26 14:49:23.402732168 UTC - from mc-5->source-3 "213" 14:49:23.401768335
[2023-06-26T14:49:25Z INFO  dt_instance] received at 2023-06-26 14:49:25.909829601 UTC - from mc-5->source-1 "223" 14:49:25.908479071
[2023-06-26T14:49:28Z INFO  dt_instance] received at 2023-06-26 14:49:28.422914967 UTC - from mc-5->source-1 "228" 14:49:28.421085227
[2023-06-26T14:49:30Z INFO  dt_instance] received at 2023-06-26 14:49:30.928413537 UTC - from mc-5->source-1 "233" 14:49:30.927153198
[2023-06-26T14:49:33Z INFO  dt_instance] received at 2023-06-26 14:49:33.434639262 UTC - from mc-5->source-3 "233" 14:49:33.433530997
[2023-06-26T14:49:35Z INFO  dt_instance] received at 2023-06-26 14:49:35.945210506 UTC - from mc-5->source-3 "238" 14:49:35.940918754
[2023-06-26T14:49:38Z INFO  dt_instance] received at 2023-06-26 14:49:38.446569432 UTC - from mc-5->source-1 "248" 14:49:38.445401953
[2023-06-26T14:49:40Z INFO  dt_instance] received at 2023-06-26 14:49:40.963802348 UTC - from mc-5->source-1 "253" 14:49:40.962765459
[2023-06-26T14:49:43Z INFO  dt_instance] received at 2023-06-26 14:49:43.471162688 UTC - from mc-5->source-3 "253" 14:49:43.469758253
[2023-06-26T14:49:45Z INFO  dt_instance] received at 2023-06-26 14:49:45.982895380 UTC - from mc-5->source-1 "263" 14:49:45.980686683
[2023-06-26T14:49:48Z INFO  dt_instance] received at 2023-06-26 14:49:48.487608379 UTC - from mc-5->source-1 "268" 14:49:48.486650116
[2023-06-26T14:49:50Z INFO  dt_instance] received at 2023-06-26 14:49:50.992148701 UTC - from mc-5->source-1 "273" 14:49:50.991325727
[2023-06-26T14:49:53Z INFO  dt_instance] received at 2023-06-26 14:49:53.498231197 UTC - from mc-5->source-1 "278" 14:49:53.497213020
[2023-06-26T14:49:56Z INFO  dt_instance] received at 2023-06-26 14:49:56.005009973 UTC - from mc-5->source-1 "283" 14:49:56.003540051
[2023-06-26T14:49:58Z INFO  dt_instance] received at 2023-06-26 14:49:58.511223510 UTC - from mc-5->source-1 "288" 14:49:58.509982680
[2023-06-26T14:50:01Z INFO  dt_instance] received at 2023-06-26 14:50:01.017423468 UTC - from mc-5->source-1 "293" 14:50:01.014938482
[2023-06-26T14:50:03Z INFO  dt_instance] received at 2023-06-26 14:50:03.520506422 UTC - from mc-5->source-3 "293" 14:50:03.519582484
[2023-06-26T14:50:06Z INFO  dt_instance] received at 2023-06-26 14:50:06.025706093 UTC - from mc-5->source-1 "303" 14:50:06.024651372
[2023-06-26T14:50:08Z INFO  dt_instance] received at 2023-06-26 14:50:08.532427870 UTC - from mc-5->source-3 "303" 14:50:08.530998648
[2023-06-26T14:50:11Z INFO  dt_instance] received at 2023-06-26 14:50:11.040974779 UTC - from mc-5->source-1 "313" 14:50:11.039782700
[2023-06-26T14:50:13Z INFO  dt_instance] received at 2023-06-26 14:50:13.548675717 UTC - from mc-5->source-1 "318" 14:50:13.546139945
[2023-06-26T14:50:16Z INFO  dt_instance] received at 2023-06-26 14:50:16.053483638 UTC - from mc-5->source-1 "323" 14:50:16.051177651
[2023-06-26T14:50:18Z INFO  dt_instance] received at 2023-06-26 14:50:18.557509035 UTC - from mc-5->source-1 "328" 14:50:18.556324728
[2023-06-26T14:50:21Z INFO  dt_instance] received at 2023-06-26 14:50:21.062901272 UTC - from mc-5->source-1 "333" 14:50:21.062014167
[2023-06-26T14:50:23Z INFO  dt_instance] received at 2023-06-26 14:50:23.568925941 UTC - from mc-5->source-1 "338" 14:50:23.567910085
[2023-06-26T14:50:26Z INFO  dt_instance] received at 2023-06-26 14:50:26.075796847 UTC - from mc-5->source-1 "343" 14:50:26.074233903
[2023-06-26T14:50:28Z INFO  dt_instance] received at 2023-06-26 14:50:28.586765538 UTC - from mc-5->source-1 "348" 14:50:28.580689036
[2023-06-26T14:50:31Z INFO  dt_instance] received at 2023-06-26 14:50:31.088627451 UTC - from mc-5->source-1 "353" 14:50:31.086203519
[2023-06-26T14:50:33Z INFO  dt_instance] received at 2023-06-26 14:50:33.593038277 UTC - from mc-5->source-1 "358" 14:50:33.591980971
[2023-06-26T14:50:36Z INFO  dt_instance] received at 2023-06-26 14:50:36.097231396 UTC - from mc-5->source-1 "363" 14:50:36.096174818
[2023-06-26T14:50:38Z INFO  dt_instance] received at 2023-06-26 14:50:38.603619783 UTC - from mc-5->source-1 "368" 14:50:38.602372357
[2023-06-26T14:50:41Z INFO  dt_instance] received at 2023-06-26 14:50:41.110659088 UTC - from mc-5->source-1 "373" 14:50:41.109563329
[2023-06-26T14:50:43Z INFO  dt_instance] received at 2023-06-26 14:50:43.619243433 UTC - from mc-5->source-1 "378" 14:50:43.617052672
[2023-06-26T14:50:46Z INFO  dt_instance] received at 2023-06-26 14:50:46.124425297 UTC - from mc-5->source-1 "383" 14:50:46.123057505
[2023-06-26T14:50:48Z INFO  dt_instance] received at 2023-06-26 14:50:48.628538974 UTC - from mc-5->source-1 "388" 14:50:48.627174072
[2023-06-26T14:50:51Z INFO  dt_instance] received at 2023-06-26 14:50:51.134422695 UTC - from mc-5->source-1 "393" 14:50:51.133306554
[2023-06-26T14:50:53Z INFO  dt_instance] received at 2023-06-26 14:50:53.640681147 UTC - from mc-5->source-1 "398" 14:50:53.639412519
[2023-06-26T14:50:56Z INFO  dt_instance] received at 2023-06-26 14:50:56.147444434 UTC - from mc-5->source-1 "403" 14:50:56.146167956
[2023-06-26T14:50:58Z INFO  dt_instance] received at 2023-06-26 14:50:58.655543749 UTC - from mc-5->source-1 "408" 14:50:58.652407740
[2023-06-26T14:51:01Z INFO  dt_instance] received at 2023-06-26 14:51:01.160657447 UTC - from mc-5->source-1 "413" 14:51:01.158939508
[2023-06-26T14:51:03Z INFO  dt_instance] received at 2023-06-26 14:51:03.665733839 UTC - from mc-5->source-1 "418" 14:51:03.663734887
[2023-06-26T14:51:06Z INFO  dt_instance] received at 2023-06-26 14:51:06.171807110 UTC - from mc-5->source-1 "423" 14:51:06.170791165
[2023-06-26T14:51:08Z INFO  dt_instance] received at 2023-06-26 14:51:08.677727496 UTC - from mc-5->source-1 "428" 14:51:08.676838827
[2023-06-26T14:51:11Z INFO  dt_instance] received at 2023-06-26 14:51:11.183917044 UTC - from mc-5->source-1 "433" 14:51:11.182542723
[2023-06-26T14:51:13Z INFO  dt_instance] received at 2023-06-26 14:51:13.689506522 UTC - from mc-5->source-1 "438" 14:51:13.688411978
[2023-06-26T14:51:16Z INFO  dt_instance] received at 2023-06-26 14:51:16.194888141 UTC - from mc-5->source-1 "443" 14:51:16.194034851
[2023-06-26T14:51:18Z INFO  dt_instance] received at 2023-06-26 14:51:18.699237028 UTC - from mc-5->source-1 "448" 14:51:18.698291733
[2023-06-26T14:51:21Z INFO  dt_instance] received at 2023-06-26 14:51:21.204668730 UTC - from mc-5->source-1 "453" 14:51:21.203181273
[2023-06-26T14:51:23Z INFO  dt_instance] received at 2023-06-26 14:51:23.710924942 UTC - from mc-5->source-1 "458" 14:51:23.710006055
[2023-06-26T14:51:26Z INFO  dt_instance] received at 2023-06-26 14:51:26.216421310 UTC - from mc-5->source-1 "463" 14:51:26.215484437
[2023-06-26T14:51:28Z INFO  dt_instance] received at 2023-06-26 14:51:28.722943313 UTC - from mc-5->source-1 "468" 14:51:28.721233951
[2023-06-26T14:51:31Z INFO  dt_instance] received at 2023-06-26 14:51:31.227131196 UTC - from mc-5->source-1 "473" 14:51:31.226406354
[2023-06-26T14:51:33Z INFO  dt_instance] received at 2023-06-26 14:51:33.733502445 UTC - from mc-5->source-1 "478" 14:51:33.732548289
[2023-06-26T14:51:36Z INFO  dt_instance] received at 2023-06-26 14:51:36.239859896 UTC - from mc-5->source-1 "483" 14:51:36.237792313
[2023-06-26T14:51:38Z INFO  dt_instance] received at 2023-06-26 14:51:38.744038557 UTC - from mc-5->source-1 "488" 14:51:38.742718252
[2023-06-26T14:51:41Z INFO  dt_instance] received at 2023-06-26 14:51:41.249825646 UTC - from mc-5->source-1 "493" 14:51:41.248281857
[2023-06-26T14:51:43Z INFO  dt_instance] received at 2023-06-26 14:51:43.754129791 UTC - from mc-5->source-1 "498" 14:51:43.753179065
[2023-06-26T14:51:46Z INFO  dt_instance] received at 2023-06-26 14:51:46.259420340 UTC - from mc-5->source-1 "503" 14:51:46.258402607
[2023-06-26T14:51:48Z INFO  dt_instance] received at 2023-06-26 14:51:48.764134431 UTC - from mc-5->source-1 "508" 14:51:48.763254142
[2023-06-26T14:51:51Z INFO  dt_instance] received at 2023-06-26 14:51:51.270124637 UTC - from mc-5->source-1 "513" 14:51:51.269068510
[2023-06-26T14:51:53Z INFO  dt_instance] received at 2023-06-26 14:51:53.776287850 UTC - from mc-5->source-1 "518" 14:51:53.775152171
[2023-06-26T14:51:56Z INFO  dt_instance] received at 2023-06-26 14:51:56.282443858 UTC - from mc-5->source-1 "523" 14:51:56.281280015
[2023-06-26T14:51:58Z INFO  dt_instance] received at 2023-06-26 14:51:58.788389917 UTC - from mc-5->source-1 "528" 14:51:58.787310170
[2023-06-26T14:52:01Z INFO  dt_instance] received at 2023-06-26 14:52:01.293444156 UTC - from mc-5->source-1 "533" 14:52:01.292567968
[2023-06-26T14:52:03Z INFO  dt_instance] received at 2023-06-26 14:52:03.799480835 UTC - from mc-5->source-1 "538" 14:52:03.798334534
[2023-06-26T14:52:06Z INFO  dt_instance] received at 2023-06-26 14:52:06.304257126 UTC - from mc-5->source-1 "543" 14:52:06.303347261
[2023-06-26T14:52:08Z INFO  dt_instance] received at 2023-06-26 14:52:08.809906914 UTC - from mc-5->source-1 "548" 14:52:08.808965386
[2023-06-26T14:52:11Z INFO  dt_instance] received at 2023-06-26 14:52:11.315154405 UTC - from mc-5->source-1 "553" 14:52:11.313888345
[2023-06-26T14:52:13Z INFO  dt_instance] received at 2023-06-26 14:52:13.819752795 UTC - from mc-5->source-3 "553" 14:52:13.818482045
[2023-06-26T14:52:16Z INFO  dt_instance] received at 2023-06-26 14:52:16.325318255 UTC - from mc-5->source-1 "563" 14:52:16.324203633
[2023-06-26T14:52:18Z INFO  dt_instance] received at 2023-06-26 14:52:18.831525552 UTC - from mc-5->source-3 "563" 14:52:18.830206324
[2023-06-26T14:52:21Z INFO  dt_instance] received at 2023-06-26 14:52:21.337769612 UTC - from mc-5->source-3 "568" 14:52:21.336520480
[2023-06-26T14:52:23Z INFO  dt_instance] received at 2023-06-26 14:52:23.842496181 UTC - from mc-5->source-3 "573" 14:52:23.841337467
[2023-06-26T14:52:26Z INFO  dt_instance] received at 2023-06-26 14:52:26.356808259 UTC - from mc-5->source-1 "583" 14:52:26.353603295
[2023-06-26T14:52:28Z INFO  dt_instance] received at 2023-06-26 14:52:28.860702898 UTC - from mc-5->source-9 "568" 14:52:28.859248110
[2023-06-26T14:52:31Z INFO  dt_instance] received at 2023-06-26 14:52:31.365697376 UTC - from mc-5->source-1 "593" 14:52:31.364581640
[2023-06-26T14:52:33Z INFO  dt_instance] received at 2023-06-26 14:52:33.871770696 UTC - from mc-5->source-3 "593" 14:52:33.870508233
[2023-06-26T14:52:36Z INFO  dt_instance] received at 2023-06-26 14:52:36.378801145 UTC - from mc-5->source-9 "583" 14:52:36.375725461
[2023-06-26T14:52:38Z INFO  dt_instance] received at 2023-06-26 14:52:38.884331702 UTC - from mc-5->source-3 "603" 14:52:38.883173488
[2023-06-26T14:52:41Z INFO  dt_instance] received at 2023-06-26 14:52:41.391742805 UTC - from mc-5->source-1 "613" 14:52:41.389179981
[2023-06-26T14:52:43Z INFO  dt_instance] received at 2023-06-26 14:52:43.895295581 UTC - from mc-5->source-1 "618" 14:52:43.894222967
[2023-06-26T14:52:46Z INFO  dt_instance] received at 2023-06-26 14:52:46.402248221 UTC - from mc-5->source-9 "603" 14:52:46.400958499
[2023-06-26T14:52:48Z INFO  dt_instance] received at 2023-06-26 14:52:48.907037753 UTC - from mc-5->source-1 "628" 14:52:48.906113116
[2023-06-26T14:52:51Z INFO  dt_instance] received at 2023-06-26 14:52:51.415198817 UTC - from mc-5->source-3 "628" 14:52:51.412604354
[2023-06-26T14:52:53Z INFO  dt_instance] received at 2023-06-26 14:52:53.919514773 UTC - from mc-5->source-3 "633" 14:52:53.918609864
[2023-06-26T14:52:56Z INFO  dt_instance] received at 2023-06-26 14:52:56.428002610 UTC - from mc-5->source-3 "638" 14:52:56.425258349
[2023-06-26T14:52:58Z INFO  dt_instance] received at 2023-06-26 14:52:58.932282895 UTC - from mc-5->source-3 "643" 14:52:58.931269561
[2023-06-26T14:53:01Z INFO  dt_instance] received at 2023-06-26 14:53:01.439132864 UTC - from mc-5->source-3 "648" 14:53:01.437819396
[2023-06-26T14:53:03Z INFO  dt_instance] received at 2023-06-26 14:53:03.948050537 UTC - from mc-5->source-3 "653" 14:53:03.947026802
[2023-06-26T14:53:06Z INFO  dt_instance] received at 2023-06-26 14:53:06.454204692 UTC - from mc-5->source-3 "658" 14:53:06.451886036
[2023-06-26T14:53:08Z INFO  dt_instance] received at 2023-06-26 14:53:08.957372899 UTC - from mc-5->source-3 "663" 14:53:08.956208960
[2023-06-26T14:53:11Z INFO  dt_instance] received at 2023-06-26 14:53:11.464616127 UTC - from mc-5->source-3 "668" 14:53:11.462690371
[2023-06-26T14:53:13Z INFO  dt_instance] received at 2023-06-26 14:53:13.969935273 UTC - from mc-5->source-3 "673" 14:53:13.968856463
[2023-06-26T14:53:16Z INFO  dt_instance] received at 2023-06-26 14:53:16.474325647 UTC - from mc-5->source-3 "678" 14:53:16.473333358
[2023-06-26T14:53:18Z INFO  dt_instance] received at 2023-06-26 14:53:18.980146572 UTC - from mc-5->source-3 "683" 14:53:18.979200178
[2023-06-26T14:53:21Z INFO  dt_instance] received at 2023-06-26 14:53:21.496434228 UTC - from mc-5->source-3 "688" 14:53:21.485395116
[2023-06-26T14:53:23Z INFO  dt_instance] received at 2023-06-26 14:53:23.992320926 UTC - from mc-5->source-3 "693" 14:53:23.991290499
[2023-06-26T14:53:26Z INFO  dt_instance] received at 2023-06-26 14:53:26.500975368 UTC - from mc-5->source-3 "698" 14:53:26.497873677
[2023-06-26T14:53:29Z INFO  dt_instance] received at 2023-06-26 14:53:29.004431606 UTC - from mc-5->source-3 "703" 14:53:29.003541237
[2023-06-26T14:53:31Z INFO  dt_instance] received at 2023-06-26 14:53:31.511895396 UTC - from mc-5->source-3 "708" 14:53:31.508927721
[2023-06-26T14:53:34Z INFO  dt_instance] received at 2023-06-26 14:53:34.014771034 UTC - from mc-5->source-1 "718" 14:53:34.013382312
[2023-06-26T14:53:36Z INFO  dt_instance] received at 2023-06-26 14:53:36.520665120 UTC - from mc-5->source-1 "723" 14:53:36.519713556
[2023-06-26T14:53:39Z INFO  dt_instance] received at 2023-06-26 14:53:39.029514475 UTC - from mc-5->source-3 "723" 14:53:39.025350515
[2023-06-26T14:53:41Z INFO  dt_instance] received at 2023-06-26 14:53:41.533074190 UTC - from mc-5->source-3 "728" 14:53:41.531959691
[2023-06-26T14:53:44Z INFO  dt_instance] received at 2023-06-26 14:53:44.046518155 UTC - from mc-5->source-3 "733" 14:53:44.038164940
[2023-06-26T14:53:46Z INFO  dt_instance] received at 2023-06-26 14:53:46.546647207 UTC - from mc-5->source-3 "738" 14:53:46.543928854
[2023-06-26T14:53:49Z INFO  dt_instance] received at 2023-06-26 14:53:49.050891058 UTC - from mc-5->source-3 "743" 14:53:49.049899704
[2023-06-26T14:53:51Z INFO  dt_instance] received at 2023-06-26 14:53:51.555466738 UTC - from mc-5->source-3 "748" 14:53:51.554272575
[2023-06-26T14:53:54Z INFO  dt_instance] received at 2023-06-26 14:53:54.061662296 UTC - from mc-5->source-3 "753" 14:53:54.060368818
[2023-06-26T14:53:56Z INFO  dt_instance] received at 2023-06-26 14:53:56.566781550 UTC - from mc-5->source-3 "758" 14:53:56.565607811
[2023-06-26T14:53:59Z INFO  dt_instance] received at 2023-06-26 14:53:59.074418780 UTC - from mc-5->source-3 "763" 14:53:59.073435471
[2023-06-26T14:54:01Z INFO  dt_instance] received at 2023-06-26 14:54:01.583158512 UTC - from mc-5->source-3 "768" 14:54:01.580120745
[2023-06-26T14:54:04Z INFO  dt_instance] received at 2023-06-26 14:54:04.088082308 UTC - from mc-5->source-3 "773" 14:54:04.086709542
[2023-06-26T14:54:06Z INFO  dt_instance] received at 2023-06-26 14:54:06.592545817 UTC - from mc-5->source-3 "778" 14:54:06.591655751
[2023-06-26T14:54:09Z INFO  dt_instance] received at 2023-06-26 14:54:09.099006936 UTC - from mc-5->source-3 "783" 14:54:09.097971062
[2023-06-26T14:54:11Z INFO  dt_instance] received at 2023-06-26 14:54:11.603771544 UTC - from mc-5->source-3 "788" 14:54:11.602953845
[2023-06-26T14:54:14Z INFO  dt_instance] received at 2023-06-26 14:54:14.109783876 UTC - from mc-5->source-3 "793" 14:54:14.108680446
[2023-06-26T14:54:16Z INFO  dt_instance] received at 2023-06-26 14:54:16.615718777 UTC - from mc-5->source-3 "798" 14:54:16.615023179
[2023-06-26T14:54:19Z INFO  dt_instance] received at 2023-06-26 14:54:19.120952345 UTC - from mc-5->source-3 "803" 14:54:19.119821602
[2023-06-26T14:54:21Z INFO  dt_instance] received at 2023-06-26 14:54:21.627467317 UTC - from mc-5->source-3 "808" 14:54:21.626275514
[2023-06-26T14:54:24Z INFO  dt_instance] received at 2023-06-26 14:54:24.135094356 UTC - from mc-5->source-3 "813" 14:54:24.134175789
[2023-06-26T14:54:26Z INFO  dt_instance] received at 2023-06-26 14:54:26.641385923 UTC - from mc-5->source-3 "818" 14:54:26.640629826
[2023-06-26T14:54:29Z INFO  dt_instance] received at 2023-06-26 14:54:29.147992693 UTC - from mc-5->source-3 "823" 14:54:29.146746945
[2023-06-26T14:54:31Z INFO  dt_instance] received at 2023-06-26 14:54:31.652493528 UTC - from mc-5->source-3 "828" 14:54:31.651197481
[2023-06-26T14:54:34Z INFO  dt_instance] received at 2023-06-26 14:54:34.158175632 UTC - from mc-5->source-3 "833" 14:54:34.157113353
[2023-06-26T14:54:36Z INFO  dt_instance] received at 2023-06-26 14:54:36.665241401 UTC - from mc-5->source-3 "838" 14:54:36.664196798
[2023-06-26T14:54:39Z INFO  dt_instance] received at 2023-06-26 14:54:39.170163035 UTC - from mc-5->source-3 "843" 14:54:39.169238992
[2023-06-26T14:54:41Z INFO  dt_instance] received at 2023-06-26 14:54:41.675920985 UTC - from mc-5->source-3 "848" 14:54:41.675168791
[2023-06-26T14:54:44Z INFO  dt_instance] received at 2023-06-26 14:54:44.183205940 UTC - from mc-5->source-3 "853" 14:54:44.181967
[2023-06-26T14:54:46Z INFO  dt_instance] received at 2023-06-26 14:54:46.687375685 UTC - from mc-5->source-3 "858" 14:54:46.686214115
[2023-06-26T14:54:49Z INFO  dt_instance] received at 2023-06-26 14:54:49.193843417 UTC - from mc-5->source-3 "863" 14:54:49.192889559
[2023-06-26T14:54:51Z INFO  dt_instance] received at 2023-06-26 14:54:51.698073510 UTC - from mc-5->source-3 "868" 14:54:51.697273990
[2023-06-26T14:54:54Z INFO  dt_instance] received at 2023-06-26 14:54:54.204409294 UTC - from mc-5->source-1 "878" 14:54:54.203223861
[2023-06-26T14:54:56Z INFO  dt_instance] received at 2023-06-26 14:54:56.711071691 UTC - from mc-5->source-3 "878" 14:54:56.709940733
[2023-06-26T14:54:59Z INFO  dt_instance] received at 2023-06-26 14:54:59.216455201 UTC - from mc-5->source-3 "883" 14:54:59.215352245
[2023-06-26T14:55:01Z INFO  dt_instance] received at 2023-06-26 14:55:01.722764258 UTC - from mc-5->source-1 "893" 14:55:01.721283487
[2023-06-26T14:55:04Z INFO  dt_instance] received at 2023-06-26 14:55:04.227927378 UTC - from mc-5->source-1 "898" 14:55:04.226861801
[2023-06-26T14:55:06Z INFO  dt_instance] received at 2023-06-26 14:55:06.732984661 UTC - from mc-5->source-3 "898" 14:55:06.731922329
[2023-06-26T14:55:09Z INFO  dt_instance] received at 2023-06-26 14:55:09.238483623 UTC - from mc-5->source-1 "908" 14:55:09.237185247
[2023-06-26T14:55:11Z INFO  dt_instance] received at 2023-06-26 14:55:11.743894798 UTC - from mc-5->source-1 "913" 14:55:11.742751304
[2023-06-26T14:55:14Z INFO  dt_instance] received at 2023-06-26 14:55:14.249779304 UTC - from mc-5->source-9 "898" 14:55:14.248480848
[2023-06-26T14:55:16Z INFO  dt_instance] received at 2023-06-26 14:55:16.755754191 UTC - from mc-5->source-9 "903" 14:55:16.754705339
[2023-06-26T14:55:19Z INFO  dt_instance] received at 2023-06-26 14:55:19.261835929 UTC - from mc-5->source-1 "928" 14:55:19.260877735
[2023-06-26T14:55:21Z INFO  dt_instance] received at 2023-06-26 14:55:21.769539762 UTC - from mc-5->source-1 "933" 14:55:21.768357273
[2023-06-26T14:55:24Z INFO  dt_instance] received at 2023-06-26 14:55:24.275338218 UTC - from mc-5->source-1 "938" 14:55:24.274351311
[2023-06-26T14:55:26Z INFO  dt_instance] received at 2023-06-26 14:55:26.782922950 UTC - from mc-5->source-3 "938" 14:55:26.781352222
[2023-06-26T14:55:29Z INFO  dt_instance] received at 2023-06-26 14:55:29.289456730 UTC - from mc-5->source-9 "928" 14:55:29.288076822
[2023-06-26T14:55:31Z INFO  dt_instance] received at 2023-06-26 14:55:31.794920737 UTC - from mc-5->source-1 "953" 14:55:31.793759750
[2023-06-26T14:55:34Z INFO  dt_instance] received at 2023-06-26 14:55:34.303535855 UTC - from mc-5->source-9 "938" 14:55:34.302254257
[2023-06-26T14:55:36Z INFO  dt_instance] received at 2023-06-26 14:55:36.810982167 UTC - from mc-5->source-1 "963" 14:55:36.808955047
[2023-06-26T14:55:39Z INFO  dt_instance] received at 2023-06-26 14:55:39.317673231 UTC - from mc-5->source-9 "948" 14:55:39.316330664
[2023-06-26T14:55:41Z INFO  dt_instance] received at 2023-06-26 14:55:41.823124770 UTC - from mc-5->source-9 "953" 14:55:41.822302496
[2023-06-26T14:55:44Z INFO  dt_instance] received at 2023-06-26 14:55:44.330764356 UTC - from mc-5->source-9 "958" 14:55:44.329741055
[2023-06-26T14:55:46Z INFO  dt_instance] received at 2023-06-26 14:55:46.837959553 UTC - from mc-5->source-9 "963" 14:55:46.836361159
[2023-06-26T14:55:49Z INFO  dt_instance] received at 2023-06-26 14:55:49.344134972 UTC - from mc-5->source-9 "968" 14:55:49.342957589
[2023-06-26T14:55:51Z INFO  dt_instance] received at 2023-06-26 14:55:51.851292113 UTC - from mc-5->source-9 "973" 14:55:51.848251460
[2023-06-26T14:55:54Z INFO  dt_instance] received at 2023-06-26 14:55:54.582135048 UTC - from mc-5->source-2 "996" 14:55:54.581087154
[2023-06-26T14:55:57Z INFO  dt_instance] received at 2023-06-26 14:55:57.839742195 UTC - from mc-5->source-7 "990" 14:55:57.838464393
[2023-06-26T14:56:04Z INFO  dt_instance] received at 2023-06-26 14:56:04.891300398 UTC - from mc-5->source-9 "999" 14:56:04.890445624
