[2023-06-26T14:42:05Z INFO  dt_instance] Current Twin: mc-twin-1
[2023-06-26T14:42:05Z INFO  dt_instance] Replica Name twin-mc-stateful-1
[2023-06-26T14:42:05Z INFO  dt_instance] Sleeping for 50
[2023-06-26T14:42:55Z INFO  dt_instance] Connecting to broker at emqx.dtwins:1883
[2023-06-26T14:42:55Z INFO  dt_instance] Loggin info each 50 messages
[2023-06-26T14:42:55Z INFO  dt_instance] Set max packet size to 60000 KB.
[2023-06-26T14:42:55Z INFO  dt_instance] Refreshing topics for twin - Listen to mc-1/#
[2023-06-26T14:42:55Z INFO  dt_instance] SubAck { pkid: 1, return_codes: [Success(ExactlyOnce)] }
[2023-06-26T14:44:03Z INFO  dt_instance] received at 2023-06-26 14:44:03.303142176 UTC - from mc-1->source-2 "9" 14:44:03.301986598
[2023-06-26T14:44:06Z INFO  dt_instance] received at 2023-06-26 14:44:06.560271577 UTC - from mc-1->source-3 "13" 14:44:06.559180897
[2023-06-26T14:44:09Z INFO  dt_instance] received at 2023-06-26 14:44:09.068169278 UTC - from mc-1->source-1 "23" 14:44:09.066581052
[2023-06-26T14:44:11Z INFO  dt_instance] received at 2023-06-26 14:44:11.574598205 UTC - from mc-1->source-1 "28" 14:44:11.573433317
[2023-06-26T14:44:14Z INFO  dt_instance] received at 2023-06-26 14:44:14.081706704 UTC - from mc-1->source-1 "33" 14:44:14.080651979
[2023-06-26T14:44:16Z INFO  dt_instance] received at 2023-06-26 14:44:16.588957876 UTC - from mc-1->source-1 "38" 14:44:16.586077215
[2023-06-26T14:44:19Z INFO  dt_instance] received at 2023-06-26 14:44:19.093599724 UTC - from mc-1->source-1 "43" 14:44:19.092794972
[2023-06-26T14:44:21Z INFO  dt_instance] received at 2023-06-26 14:44:21.599280339 UTC - from mc-1->source-1 "48" 14:44:21.598343768
[2023-06-26T14:44:24Z INFO  dt_instance] received at 2023-06-26 14:44:24.104793129 UTC - from mc-1->source-1 "53" 14:44:24.103844500
[2023-06-26T14:44:26Z INFO  dt_instance] received at 2023-06-26 14:44:26.611167431 UTC - from mc-1->source-1 "58" 14:44:26.610340479
[2023-06-26T14:44:29Z INFO  dt_instance] received at 2023-06-26 14:44:29.118291523 UTC - from mc-1->source-1 "63" 14:44:29.117285912
[2023-06-26T14:44:31Z INFO  dt_instance] received at 2023-06-26 14:44:31.623473456 UTC - from mc-1->source-1 "68" 14:44:31.622586096
[2023-06-26T14:44:34Z INFO  dt_instance] received at 2023-06-26 14:44:34.138540222 UTC - from mc-1->source-1 "73" 14:44:34.137353117
[2023-06-26T14:44:36Z INFO  dt_instance] received at 2023-06-26 14:44:36.644677294 UTC - from mc-1->source-1 "78" 14:44:36.643613564
[2023-06-26T14:44:39Z INFO  dt_instance] received at 2023-06-26 14:44:39.150828238 UTC - from mc-1->source-1 "83" 14:44:39.149703624
[2023-06-26T14:44:41Z INFO  dt_instance] received at 2023-06-26 14:44:41.655590532 UTC - from mc-1->source-1 "88" 14:44:41.654810493
[2023-06-26T14:44:44Z INFO  dt_instance] received at 2023-06-26 14:44:44.161252959 UTC - from mc-1->source-1 "93" 14:44:44.159793372
[2023-06-26T14:44:46Z INFO  dt_instance] received at 2023-06-26 14:44:46.666528257 UTC - from mc-1->source-1 "98" 14:44:46.665573145
[2023-06-26T14:44:49Z INFO  dt_instance] received at 2023-06-26 14:44:49.171925636 UTC - from mc-1->source-1 "103" 14:44:49.170872487
[2023-06-26T14:44:51Z INFO  dt_instance] received at 2023-06-26 14:44:51.678109270 UTC - from mc-1->source-1 "108" 14:44:51.677144145
[2023-06-26T14:44:54Z INFO  dt_instance] received at 2023-06-26 14:44:54.182415388 UTC - from mc-1->source-1 "113" 14:44:54.181599196
[2023-06-26T14:44:56Z INFO  dt_instance] received at 2023-06-26 14:44:56.687868986 UTC - from mc-1->source-1 "118" 14:44:56.686647870
[2023-06-26T14:44:59Z INFO  dt_instance] received at 2023-06-26 14:44:59.192321172 UTC - from mc-1->source-1 "123" 14:44:59.191470355
[2023-06-26T14:45:01Z INFO  dt_instance] received at 2023-06-26 14:45:01.700051101 UTC - from mc-1->source-1 "128" 14:45:01.698543525
[2023-06-26T14:45:04Z INFO  dt_instance] received at 2023-06-26 14:45:04.211544850 UTC - from mc-1->source-1 "133" 14:45:04.203848278
[2023-06-26T14:45:06Z INFO  dt_instance] received at 2023-06-26 14:45:06.712064984 UTC - from mc-1->source-1 "138" 14:45:06.711238096
[2023-06-26T14:45:09Z INFO  dt_instance] received at 2023-06-26 14:45:09.217664992 UTC - from mc-1->source-1 "143" 14:45:09.216697886
[2023-06-26T14:45:11Z INFO  dt_instance] received at 2023-06-26 14:45:11.726020262 UTC - from mc-1->source-1 "148" 14:45:11.724479891
[2023-06-26T14:45:14Z INFO  dt_instance] received at 2023-06-26 14:45:14.231701593 UTC - from mc-1->source-1 "153" 14:45:14.230678235
[2023-06-26T14:45:16Z INFO  dt_instance] received at 2023-06-26 14:45:16.737643053 UTC - from mc-1->source-1 "158" 14:45:16.735925376
[2023-06-26T14:45:19Z INFO  dt_instance] received at 2023-06-26 14:45:19.243071399 UTC - from mc-1->source-1 "163" 14:45:19.241959237
[2023-06-26T14:45:21Z INFO  dt_instance] received at 2023-06-26 14:45:21.747744827 UTC - from mc-1->source-1 "168" 14:45:21.746692159
[2023-06-26T14:45:24Z INFO  dt_instance] received at 2023-06-26 14:45:24.256615710 UTC - from mc-1->source-1 "173" 14:45:24.252904083
[2023-06-26T14:45:26Z INFO  dt_instance] received at 2023-06-26 14:45:26.759877422 UTC - from mc-1->source-1 "178" 14:45:26.758806169
[2023-06-26T14:45:29Z INFO  dt_instance] received at 2023-06-26 14:45:29.265664572 UTC - from mc-1->source-1 "183" 14:45:29.264696731
[2023-06-26T14:45:31Z INFO  dt_instance] received at 2023-06-26 14:45:31.772372232 UTC - from mc-1->source-1 "188" 14:45:31.771054303
[2023-06-26T14:45:34Z INFO  dt_instance] received at 2023-06-26 14:45:34.278361006 UTC - from mc-1->source-1 "193" 14:45:34.277084700
[2023-06-26T14:45:36Z INFO  dt_instance] received at 2023-06-26 14:45:36.783779789 UTC - from mc-1->source-1 "198" 14:45:36.782851154
[2023-06-26T14:45:39Z INFO  dt_instance] received at 2023-06-26 14:45:39.289640313 UTC - from mc-1->source-1 "203" 14:45:39.288766911
[2023-06-26T14:45:41Z INFO  dt_instance] received at 2023-06-26 14:45:41.794508893 UTC - from mc-1->source-1 "208" 14:45:41.793704736
[2023-06-26T14:45:44Z INFO  dt_instance] received at 2023-06-26 14:45:44.299461286 UTC - from mc-1->source-1 "213" 14:45:44.298636799
[2023-06-26T14:45:46Z INFO  dt_instance] received at 2023-06-26 14:45:46.806190340 UTC - from mc-1->source-1 "218" 14:45:46.805023211
[2023-06-26T14:45:49Z INFO  dt_instance] received at 2023-06-26 14:45:49.314566703 UTC - from mc-1->source-1 "223" 14:45:49.312889064
[2023-06-26T14:45:51Z INFO  dt_instance] received at 2023-06-26 14:45:51.818649400 UTC - from mc-1->source-1 "228" 14:45:51.817523557
[2023-06-26T14:45:54Z INFO  dt_instance] received at 2023-06-26 14:45:54.326525933 UTC - from mc-1->source-1 "233" 14:45:54.325204711
[2023-06-26T14:45:56Z INFO  dt_instance] received at 2023-06-26 14:45:56.830672289 UTC - from mc-1->source-1 "238" 14:45:56.829637409
[2023-06-26T14:45:59Z INFO  dt_instance] received at 2023-06-26 14:45:59.336926960 UTC - from mc-1->source-1 "243" 14:45:59.335706140
[2023-06-26T14:46:01Z INFO  dt_instance] received at 2023-06-26 14:46:01.841221717 UTC - from mc-1->source-1 "248" 14:46:01.840449755
[2023-06-26T14:46:04Z INFO  dt_instance] received at 2023-06-26 14:46:04.347058998 UTC - from mc-1->source-1 "253" 14:46:04.346036738
[2023-06-26T14:46:06Z INFO  dt_instance] received at 2023-06-26 14:46:06.853708337 UTC - from mc-1->source-1 "258" 14:46:06.852415939
[2023-06-26T14:46:09Z INFO  dt_instance] received at 2023-06-26 14:46:09.359383161 UTC - from mc-1->source-1 "263" 14:46:09.358587874
[2023-06-26T14:46:11Z INFO  dt_instance] received at 2023-06-26 14:46:11.864487591 UTC - from mc-1->source-1 "268" 14:46:11.863586880
[2023-06-26T14:46:14Z INFO  dt_instance] received at 2023-06-26 14:46:14.371464697 UTC - from mc-1->source-1 "273" 14:46:14.370646127
[2023-06-26T14:46:16Z INFO  dt_instance] received at 2023-06-26 14:46:16.879367963 UTC - from mc-1->source-1 "278" 14:46:16.878320512
[2023-06-26T14:46:19Z INFO  dt_instance] received at 2023-06-26 14:46:19.386329832 UTC - from mc-1->source-1 "283" 14:46:19.384983027
[2023-06-26T14:46:21Z INFO  dt_instance] received at 2023-06-26 14:46:21.890671643 UTC - from mc-1->source-1 "288" 14:46:21.889717888
[2023-06-26T14:46:24Z INFO  dt_instance] received at 2023-06-26 14:46:24.396132955 UTC - from mc-1->source-1 "293" 14:46:24.394928207
[2023-06-26T14:46:26Z INFO  dt_instance] received at 2023-06-26 14:46:26.909426740 UTC - from mc-1->source-1 "298" 14:46:26.906240300
[2023-06-26T14:46:29Z INFO  dt_instance] received at 2023-06-26 14:46:29.411499149 UTC - from mc-1->source-1 "303" 14:46:29.410457443
[2023-06-26T14:46:31Z INFO  dt_instance] received at 2023-06-26 14:46:31.916291475 UTC - from mc-1->source-1 "308" 14:46:31.915588645
[2023-06-26T14:46:34Z INFO  dt_instance] received at 2023-06-26 14:46:34.422265283 UTC - from mc-1->source-1 "313" 14:46:34.421120459
[2023-06-26T14:46:36Z INFO  dt_instance] received at 2023-06-26 14:46:36.927355334 UTC - from mc-1->source-1 "318" 14:46:36.926151632
[2023-06-26T14:46:39Z INFO  dt_instance] received at 2023-06-26 14:46:39.432941537 UTC - from mc-1->source-1 "323" 14:46:39.431869757
[2023-06-26T14:46:41Z INFO  dt_instance] received at 2023-06-26 14:46:41.939352772 UTC - from mc-1->source-1 "328" 14:46:41.938101509
[2023-06-26T14:46:44Z INFO  dt_instance] received at 2023-06-26 14:46:44.444972112 UTC - from mc-1->source-1 "333" 14:46:44.443745521
[2023-06-26T14:46:46Z INFO  dt_instance] received at 2023-06-26 14:46:46.949799090 UTC - from mc-1->source-1 "338" 14:46:46.948632174
[2023-06-26T14:46:49Z INFO  dt_instance] received at 2023-06-26 14:46:49.456316321 UTC - from mc-1->source-1 "343" 14:46:49.455178840
[2023-06-26T14:46:51Z INFO  dt_instance] received at 2023-06-26 14:46:51.965278291 UTC - from mc-1->source-1 "348" 14:46:51.964257803
[2023-06-26T14:46:54Z INFO  dt_instance] received at 2023-06-26 14:46:54.470962862 UTC - from mc-1->source-1 "353" 14:46:54.469889673
[2023-06-26T14:46:56Z INFO  dt_instance] received at 2023-06-26 14:46:56.975565472 UTC - from mc-1->source-1 "358" 14:46:56.974533827
[2023-06-26T14:46:59Z INFO  dt_instance] received at 2023-06-26 14:46:59.480350242 UTC - from mc-1->source-1 "363" 14:46:59.479583090
[2023-06-26T14:47:01Z INFO  dt_instance] received at 2023-06-26 14:47:01.985655713 UTC - from mc-1->source-1 "368" 14:47:01.984730887
[2023-06-26T14:47:04Z INFO  dt_instance] received at 2023-06-26 14:47:04.491460942 UTC - from mc-1->source-1 "373" 14:47:04.490741232
[2023-06-26T14:47:06Z INFO  dt_instance] received at 2023-06-26 14:47:06.998064598 UTC - from mc-1->source-1 "378" 14:47:06.996873479
[2023-06-26T14:47:09Z INFO  dt_instance] received at 2023-06-26 14:47:09.502226872 UTC - from mc-1->source-1 "383" 14:47:09.501413632
[2023-06-26T14:47:12Z INFO  dt_instance] received at 2023-06-26 14:47:12.008543681 UTC - from mc-1->source-1 "388" 14:47:12.007600519
[2023-06-26T14:47:14Z INFO  dt_instance] received at 2023-06-26 14:47:14.513356927 UTC - from mc-1->source-1 "393" 14:47:14.512444032
[2023-06-26T14:47:17Z INFO  dt_instance] received at 2023-06-26 14:47:17.021202522 UTC - from mc-1->source-1 "398" 14:47:17.017984711
[2023-06-26T14:47:19Z INFO  dt_instance] received at 2023-06-26 14:47:19.525407872 UTC - from mc-1->source-1 "403" 14:47:19.524474121
[2023-06-26T14:47:22Z INFO  dt_instance] received at 2023-06-26 14:47:22.031603324 UTC - from mc-1->source-1 "408" 14:47:22.030347407
[2023-06-26T14:47:24Z INFO  dt_instance] received at 2023-06-26 14:47:24.537226665 UTC - from mc-1->source-1 "413" 14:47:24.536075908
[2023-06-26T14:47:27Z INFO  dt_instance] received at 2023-06-26 14:47:27.041924382 UTC - from mc-1->source-1 "418" 14:47:27.040800876
[2023-06-26T14:47:29Z INFO  dt_instance] received at 2023-06-26 14:47:29.548217603 UTC - from mc-1->source-1 "423" 14:47:29.547470432
[2023-06-26T14:47:32Z INFO  dt_instance] received at 2023-06-26 14:47:32.055194833 UTC - from mc-1->source-1 "428" 14:47:32.054376963
[2023-06-26T14:47:34Z INFO  dt_instance] received at 2023-06-26 14:47:34.560522616 UTC - from mc-1->source-1 "433" 14:47:34.559396472
[2023-06-26T14:47:37Z INFO  dt_instance] received at 2023-06-26 14:47:37.065595540 UTC - from mc-1->source-1 "438" 14:47:37.064526924
[2023-06-26T14:47:39Z INFO  dt_instance] received at 2023-06-26 14:47:39.571897413 UTC - from mc-1->source-1 "443" 14:47:39.570950064
[2023-06-26T14:47:42Z INFO  dt_instance] received at 2023-06-26 14:47:42.081066321 UTC - from mc-1->source-1 "448" 14:47:42.080054053
[2023-06-26T14:47:44Z INFO  dt_instance] received at 2023-06-26 14:47:44.588351476 UTC - from mc-1->source-1 "453" 14:47:44.587385785
[2023-06-26T14:47:47Z INFO  dt_instance] received at 2023-06-26 14:47:47.093829256 UTC - from mc-1->source-1 "458" 14:47:47.092746232
[2023-06-26T14:47:49Z INFO  dt_instance] received at 2023-06-26 14:47:49.598891608 UTC - from mc-1->source-1 "463" 14:47:49.598110972
[2023-06-26T14:47:52Z INFO  dt_instance] received at 2023-06-26 14:47:52.103931336 UTC - from mc-1->source-1 "468" 14:47:52.102831974
[2023-06-26T14:47:54Z INFO  dt_instance] received at 2023-06-26 14:47:54.609648016 UTC - from mc-1->source-1 "473" 14:47:54.608614110
[2023-06-26T14:47:57Z INFO  dt_instance] received at 2023-06-26 14:47:57.115900126 UTC - from mc-1->source-1 "478" 14:47:57.114929662
[2023-06-26T14:47:59Z INFO  dt_instance] received at 2023-06-26 14:47:59.622066591 UTC - from mc-1->source-1 "483" 14:47:59.620058875
[2023-06-26T14:48:02Z INFO  dt_instance] received at 2023-06-26 14:48:02.126612738 UTC - from mc-1->source-1 "488" 14:48:02.125452213
[2023-06-26T14:48:04Z INFO  dt_instance] received at 2023-06-26 14:48:04.634389183 UTC - from mc-1->source-1 "493" 14:48:04.632071342
[2023-06-26T14:48:07Z INFO  dt_instance] received at 2023-06-26 14:48:07.139791585 UTC - from mc-1->source-1 "498" 14:48:07.138131696
[2023-06-26T14:48:09Z INFO  dt_instance] received at 2023-06-26 14:48:09.643953594 UTC - from mc-1->source-1 "503" 14:48:09.643026985
[2023-06-26T14:48:12Z INFO  dt_instance] received at 2023-06-26 14:48:12.150421408 UTC - from mc-1->source-1 "508" 14:48:12.149381988
[2023-06-26T14:48:14Z INFO  dt_instance] received at 2023-06-26 14:48:14.657151396 UTC - from mc-1->source-1 "513" 14:48:14.655790240
[2023-06-26T14:48:17Z INFO  dt_instance] received at 2023-06-26 14:48:17.161661157 UTC - from mc-1->source-1 "518" 14:48:17.160832482
[2023-06-26T14:48:19Z INFO  dt_instance] received at 2023-06-26 14:48:19.670332172 UTC - from mc-1->source-1 "523" 14:48:19.665744236
[2023-06-26T14:48:22Z INFO  dt_instance] received at 2023-06-26 14:48:22.172514803 UTC - from mc-1->source-1 "528" 14:48:22.171741058
[2023-06-26T14:48:24Z INFO  dt_instance] received at 2023-06-26 14:48:24.678191927 UTC - from mc-1->source-1 "533" 14:48:24.677191062
[2023-06-26T14:48:27Z INFO  dt_instance] received at 2023-06-26 14:48:27.183848481 UTC - from mc-1->source-1 "538" 14:48:27.182689679
[2023-06-26T14:48:29Z INFO  dt_instance] received at 2023-06-26 14:48:29.689017889 UTC - from mc-1->source-1 "543" 14:48:29.688224001
[2023-06-26T14:48:32Z INFO  dt_instance] received at 2023-06-26 14:48:32.193576106 UTC - from mc-1->source-1 "548" 14:48:32.192595321
[2023-06-26T14:48:34Z INFO  dt_instance] received at 2023-06-26 14:48:34.700826930 UTC - from mc-1->source-1 "553" 14:48:34.698752609
[2023-06-26T14:48:37Z INFO  dt_instance] received at 2023-06-26 14:48:37.205750648 UTC - from mc-1->source-1 "558" 14:48:37.205032641
[2023-06-26T14:48:39Z INFO  dt_instance] received at 2023-06-26 14:48:39.711663868 UTC - from mc-1->source-1 "563" 14:48:39.710727383
[2023-06-26T14:48:42Z INFO  dt_instance] received at 2023-06-26 14:48:42.218324476 UTC - from mc-1->source-1 "568" 14:48:42.217368992
[2023-06-26T14:48:44Z INFO  dt_instance] received at 2023-06-26 14:48:44.724440348 UTC - from mc-1->source-1 "573" 14:48:44.723367990
[2023-06-26T14:48:47Z INFO  dt_instance] received at 2023-06-26 14:48:47.232383332 UTC - from mc-1->source-1 "578" 14:48:47.230477712
[2023-06-26T14:48:49Z INFO  dt_instance] received at 2023-06-26 14:48:49.739601148 UTC - from mc-1->source-1 "583" 14:48:49.736952478
[2023-06-26T14:48:52Z INFO  dt_instance] received at 2023-06-26 14:48:52.245529692 UTC - from mc-1->source-1 "588" 14:48:52.244238441
[2023-06-26T14:48:54Z INFO  dt_instance] received at 2023-06-26 14:48:54.749342178 UTC - from mc-1->source-1 "593" 14:48:54.748415712
[2023-06-26T14:48:57Z INFO  dt_instance] received at 2023-06-26 14:48:57.254580710 UTC - from mc-1->source-1 "598" 14:48:57.253822027
[2023-06-26T14:48:59Z INFO  dt_instance] received at 2023-06-26 14:48:59.766192345 UTC - from mc-1->source-5 "593" 14:48:59.765194311
[2023-06-26T14:49:02Z INFO  dt_instance] received at 2023-06-26 14:49:02.273697421 UTC - from mc-1->source-3 "603" 14:49:02.270556498
[2023-06-26T14:49:04Z INFO  dt_instance] received at 2023-06-26 14:49:04.777825659 UTC - from mc-1->source-3 "608" 14:49:04.776917976
[2023-06-26T14:49:07Z INFO  dt_instance] received at 2023-06-26 14:49:07.282614072 UTC - from mc-1->source-3 "613" 14:49:07.281360163
[2023-06-26T14:49:09Z INFO  dt_instance] received at 2023-06-26 14:49:09.787994841 UTC - from mc-1->source-1 "623" 14:49:09.787166318
[2023-06-26T14:49:12Z INFO  dt_instance] received at 2023-06-26 14:49:12.295368584 UTC - from mc-1->source-1 "628" 14:49:12.291917882
[2023-06-26T14:49:14Z INFO  dt_instance] received at 2023-06-26 14:49:14.800086213 UTC - from mc-1->source-3 "628" 14:49:14.798874880
[2023-06-26T14:49:17Z INFO  dt_instance] received at 2023-06-26 14:49:17.310614666 UTC - from mc-1->source-1 "638" 14:49:17.305094346
[2023-06-26T14:49:19Z INFO  dt_instance] received at 2023-06-26 14:49:19.811736167 UTC - from mc-1->source-3 "638" 14:49:19.810627411
[2023-06-26T14:49:22Z INFO  dt_instance] received at 2023-06-26 14:49:22.317641369 UTC - from mc-1->source-3 "643" 14:49:22.316548067
[2023-06-26T14:49:24Z INFO  dt_instance] received at 2023-06-26 14:49:24.823844765 UTC - from mc-1->source-3 "648" 14:49:24.823110338
[2023-06-26T14:49:27Z INFO  dt_instance] received at 2023-06-26 14:49:27.329307526 UTC - from mc-1->source-5 "648" 14:49:27.327644992
[2023-06-26T14:49:29Z INFO  dt_instance] received at 2023-06-26 14:49:29.835100880 UTC - from mc-1->source-3 "658" 14:49:29.833978693
[2023-06-26T14:49:32Z INFO  dt_instance] received at 2023-06-26 14:49:32.340539818 UTC - from mc-1->source-5 "658" 14:49:32.339140203
[2023-06-26T14:49:34Z INFO  dt_instance] received at 2023-06-26 14:49:34.849952564 UTC - from mc-1->source-1 "673" 14:49:34.845901397
[2023-06-26T14:49:37Z INFO  dt_instance] received at 2023-06-26 14:49:37.352026084 UTC - from mc-1->source-1 "678" 14:49:37.350808754
[2023-06-26T14:49:39Z INFO  dt_instance] received at 2023-06-26 14:49:39.857399932 UTC - from mc-1->source-1 "683" 14:49:39.856413532
[2023-06-26T14:49:42Z INFO  dt_instance] received at 2023-06-26 14:49:42.363179770 UTC - from mc-1->source-3 "683" 14:49:42.362044713
[2023-06-26T14:49:44Z INFO  dt_instance] received at 2023-06-26 14:49:44.868939370 UTC - from mc-1->source-5 "683" 14:49:44.867621185
[2023-06-26T14:49:47Z INFO  dt_instance] received at 2023-06-26 14:49:47.375352839 UTC - from mc-1->source-5 "688" 14:49:47.374586281
[2023-06-26T14:49:49Z INFO  dt_instance] received at 2023-06-26 14:49:49.883548448 UTC - from mc-1->source-3 "698" 14:49:49.881799880
[2023-06-26T14:49:52Z INFO  dt_instance] received at 2023-06-26 14:49:52.389054420 UTC - from mc-1->source-3 "703" 14:49:52.387853607
[2023-06-26T14:49:54Z INFO  dt_instance] received at 2023-06-26 14:49:54.896492165 UTC - from mc-1->source-3 "708" 14:49:54.895033452
[2023-06-26T14:49:57Z INFO  dt_instance] received at 2023-06-26 14:49:57.400538612 UTC - from mc-1->source-3 "713" 14:49:57.399416496
[2023-06-26T14:49:59Z INFO  dt_instance] received at 2023-06-26 14:49:59.906748536 UTC - from mc-1->source-3 "718" 14:49:59.905797840
[2023-06-26T14:50:02Z INFO  dt_instance] received at 2023-06-26 14:50:02.412740005 UTC - from mc-1->source-3 "723" 14:50:02.411353525
[2023-06-26T14:50:04Z INFO  dt_instance] received at 2023-06-26 14:50:04.920532985 UTC - from mc-1->source-1 "733" 14:50:04.918410800
[2023-06-26T14:50:07Z INFO  dt_instance] received at 2023-06-26 14:50:07.429983112 UTC - from mc-1->source-7 "723" 14:50:07.425902573
[2023-06-26T14:50:09Z INFO  dt_instance] received at 2023-06-26 14:50:09.933653617 UTC - from mc-1->source-7 "728" 14:50:09.932720537
[2023-06-26T14:50:12Z INFO  dt_instance] received at 2023-06-26 14:50:12.439879390 UTC - from mc-1->source-7 "733" 14:50:12.438760877
[2023-06-26T14:50:14Z INFO  dt_instance] received at 2023-06-26 14:50:14.947206903 UTC - from mc-1->source-1 "753" 14:50:14.946275463
[2023-06-26T14:50:17Z INFO  dt_instance] received at 2023-06-26 14:50:17.453221899 UTC - from mc-1->source-1 "758" 14:50:17.451571618
[2023-06-26T14:50:19Z INFO  dt_instance] received at 2023-06-26 14:50:19.959055694 UTC - from mc-1->source-1 "763" 14:50:19.957955630
[2023-06-26T14:50:22Z INFO  dt_instance] received at 2023-06-26 14:50:22.473517614 UTC - from mc-1->source-7 "753" 14:50:22.463320920
[2023-06-26T14:50:24Z INFO  dt_instance] received at 2023-06-26 14:50:24.970167138 UTC - from mc-1->source-3 "768" 14:50:24.968933840
[2023-06-26T14:50:27Z INFO  dt_instance] received at 2023-06-26 14:50:27.475599946 UTC - from mc-1->source-3 "773" 14:50:27.474783405
[2023-06-26T14:50:29Z INFO  dt_instance] received at 2023-06-26 14:50:29.981060248 UTC - from mc-1->source-7 "768" 14:50:29.979440937
[2023-06-26T14:50:32Z INFO  dt_instance] received at 2023-06-26 14:50:32.488900343 UTC - from mc-1->source-7 "773" 14:50:32.486725312
[2023-06-26T14:50:34Z INFO  dt_instance] received at 2023-06-26 14:50:34.993725840 UTC - from mc-1->source-7 "778" 14:50:34.992896496
[2023-06-26T14:50:37Z INFO  dt_instance] received at 2023-06-26 14:50:37.497922021 UTC - from mc-1->source-3 "793" 14:50:37.497347435
[2023-06-26T14:50:40Z INFO  dt_instance] received at 2023-06-26 14:50:40.004411991 UTC - from mc-1->source-7 "788" 14:50:40.002745444
[2023-06-26T14:50:42Z INFO  dt_instance] received at 2023-06-26 14:50:42.509466522 UTC - from mc-1->source-1 "808" 14:50:42.508434199
[2023-06-26T14:50:45Z INFO  dt_instance] received at 2023-06-26 14:50:45.020360815 UTC - from mc-1->source-3 "808" 14:50:45.019104070
[2023-06-26T14:50:47Z INFO  dt_instance] received at 2023-06-26 14:50:47.525682209 UTC - from mc-1->source-7 "803" 14:50:47.524347163
[2023-06-26T14:50:50Z INFO  dt_instance] received at 2023-06-26 14:50:50.032040965 UTC - from mc-1->source-3 "818" 14:50:50.030908991
[2023-06-26T14:50:52Z INFO  dt_instance] received at 2023-06-26 14:50:52.539564287 UTC - from mc-1->source-3 "823" 14:50:52.536059725
[2023-06-26T14:50:55Z INFO  dt_instance] received at 2023-06-26 14:50:55.042102270 UTC - from mc-1->source-1 "833" 14:50:55.041037217
[2023-06-26T14:50:57Z INFO  dt_instance] received at 2023-06-26 14:50:57.548501968 UTC - from mc-1->source-1 "838" 14:50:57.547464818
[2023-06-26T14:51:00Z INFO  dt_instance] received at 2023-06-26 14:51:00.056706543 UTC - from mc-1->source-1 "843" 14:51:00.055482728
[2023-06-26T14:51:02Z INFO  dt_instance] received at 2023-06-26 14:51:02.563717282 UTC - from mc-1->source-3 "843" 14:51:02.562423745
[2023-06-26T14:51:05Z INFO  dt_instance] received at 2023-06-26 14:51:05.073613765 UTC - from mc-1->source-1 "853" 14:51:05.068684511
[2023-06-26T14:51:07Z INFO  dt_instance] received at 2023-06-26 14:51:07.576016211 UTC - from mc-1->source-3 "853" 14:51:07.575017632
[2023-06-26T14:51:10Z INFO  dt_instance] received at 2023-06-26 14:51:10.081750824 UTC - from mc-1->source-3 "858" 14:51:10.079805159
[2023-06-26T14:51:12Z INFO  dt_instance] received at 2023-06-26 14:51:12.591448757 UTC - from mc-1->source-1 "868" 14:51:12.585916695
[2023-06-26T14:51:15Z INFO  dt_instance] received at 2023-06-26 14:51:15.097075227 UTC - from mc-1->source-1 "873" 14:51:15.091939671
[2023-06-26T14:51:17Z INFO  dt_instance] received at 2023-06-26 14:51:17.598863718 UTC - from mc-1->source-3 "873" 14:51:17.598025144
[2023-06-26T14:51:20Z INFO  dt_instance] received at 2023-06-26 14:51:20.104433823 UTC - from mc-1->source-3 "878" 14:51:20.103306632
[2023-06-26T14:51:22Z INFO  dt_instance] received at 2023-06-26 14:51:22.610493122 UTC - from mc-1->source-3 "883" 14:51:22.609445773
[2023-06-26T14:51:25Z INFO  dt_instance] received at 2023-06-26 14:51:25.117921990 UTC - from mc-1->source-3 "888" 14:51:25.116422883
[2023-06-26T14:51:27Z INFO  dt_instance] received at 2023-06-26 14:51:27.624641597 UTC - from mc-1->source-3 "893" 14:51:27.623683284
[2023-06-26T14:51:30Z INFO  dt_instance] received at 2023-06-26 14:51:30.130228535 UTC - from mc-1->source-3 "898" 14:51:30.129336914
[2023-06-26T14:51:32Z INFO  dt_instance] received at 2023-06-26 14:51:32.636558620 UTC - from mc-1->source-3 "903" 14:51:32.635698852
[2023-06-26T14:51:35Z INFO  dt_instance] received at 2023-06-26 14:51:35.141224203 UTC - from mc-1->source-3 "908" 14:51:35.140409350
[2023-06-26T14:51:37Z INFO  dt_instance] received at 2023-06-26 14:51:37.646528107 UTC - from mc-1->source-3 "913" 14:51:37.645619355
[2023-06-26T14:51:40Z INFO  dt_instance] received at 2023-06-26 14:51:40.155239440 UTC - from mc-1->source-3 "918" 14:51:40.154329281
[2023-06-26T14:51:42Z INFO  dt_instance] received at 2023-06-26 14:51:42.662449055 UTC - from mc-1->source-3 "923" 14:51:42.661315222
[2023-06-26T14:51:45Z INFO  dt_instance] received at 2023-06-26 14:51:45.168658248 UTC - from mc-1->source-3 "928" 14:51:45.167726968
[2023-06-26T14:51:47Z INFO  dt_instance] received at 2023-06-26 14:51:47.675068970 UTC - from mc-1->source-3 "933" 14:51:47.672801428
[2023-06-26T14:51:50Z INFO  dt_instance] received at 2023-06-26 14:51:50.180245433 UTC - from mc-1->source-3 "938" 14:51:50.178847994
[2023-06-26T14:51:52Z INFO  dt_instance] received at 2023-06-26 14:51:52.684788600 UTC - from mc-1->source-3 "943" 14:51:52.684001386
[2023-06-26T14:51:55Z INFO  dt_instance] received at 2023-06-26 14:51:55.191270003 UTC - from mc-1->source-3 "948" 14:51:55.190076152
[2023-06-26T14:51:57Z INFO  dt_instance] received at 2023-06-26 14:51:57.696282419 UTC - from mc-1->source-3 "953" 14:51:57.695200638
[2023-06-26T14:52:00Z INFO  dt_instance] received at 2023-06-26 14:52:00.202061948 UTC - from mc-1->source-3 "958" 14:52:00.201070745
[2023-06-26T14:52:02Z INFO  dt_instance] received at 2023-06-26 14:52:02.709603148 UTC - from mc-1->source-3 "963" 14:52:02.708300350
[2023-06-26T14:52:05Z INFO  dt_instance] received at 2023-06-26 14:52:05.217927063 UTC - from mc-1->source-3 "968" 14:52:05.216713852
[2023-06-26T14:52:07Z INFO  dt_instance] received at 2023-06-26 14:52:07.723487577 UTC - from mc-1->source-3 "973" 14:52:07.722196405
[2023-06-26T14:52:10Z INFO  dt_instance] received at 2023-06-26 14:52:10.230904073 UTC - from mc-1->source-3 "978" 14:52:10.229667674
[2023-06-26T14:52:12Z INFO  dt_instance] received at 2023-06-26 14:52:12.735919417 UTC - from mc-1->source-3 "983" 14:52:12.735085377
[2023-06-26T14:52:15Z INFO  dt_instance] received at 2023-06-26 14:52:15.243637920 UTC - from mc-1->source-3 "988" 14:52:15.242376538
[2023-06-26T14:52:17Z INFO  dt_instance] received at 2023-06-26 14:52:17.970572534 UTC - from mc-1->source-4 "991" 14:52:17.969373821
[2023-06-26T14:52:21Z INFO  dt_instance] received at 2023-06-26 14:52:21.216324217 UTC - from mc-1->source-9 "985" 14:52:21.215106374
[2023-06-26T14:52:28Z INFO  dt_instance] received at 2023-06-26 14:52:28.233179540 UTC - from mc-1->source-9 "999" 14:52:28.232141813
