[2023-06-26T21:30:30Z INFO  dt_instance] Current Twin: mc-twin-7
[2023-06-26T21:30:30Z INFO  dt_instance] Replica Name twin-mc-stateful-7
[2023-06-26T21:30:30Z INFO  dt_instance] Sleeping for 350
[2023-06-26T21:36:20Z INFO  dt_instance] Connecting to broker at emqx.dtwins:1883
[2023-06-26T21:36:20Z INFO  dt_instance] Loggin info each 50 messages
[2023-06-26T21:36:20Z INFO  dt_instance] Set max packet size to 60000 KB.
[2023-06-26T21:36:20Z INFO  dt_instance] Refreshing topics for twin - Listen to mc-7/#
[2023-06-26T21:36:20Z INFO  dt_instance] SubAck { pkid: 1, return_codes: [Success(ExactlyOnce)] }
[2023-06-26T21:37:27Z INFO  dt_instance] received at 2023-06-26 21:37:27.829338983 UTC - from mc-7->source-2 "9" 21:37:27.828009084
[2023-06-26T21:37:31Z INFO  dt_instance] received at 2023-06-26 21:37:31.085971526 UTC - from mc-7->source-3 "13" 21:37:31.084715563
[2023-06-26T21:37:33Z INFO  dt_instance] received at 2023-06-26 21:37:33.595384852 UTC - from mc-7->source-1 "23" 21:37:33.594639506
[2023-06-26T21:37:36Z INFO  dt_instance] received at 2023-06-26 21:37:36.100637276 UTC - from mc-7->source-1 "28" 21:37:36.099630724
[2023-06-26T21:37:38Z INFO  dt_instance] received at 2023-06-26 21:37:38.607530336 UTC - from mc-7->source-1 "33" 21:37:38.606535616
[2023-06-26T21:37:41Z INFO  dt_instance] received at 2023-06-26 21:37:41.113962403 UTC - from mc-7->source-1 "38" 21:37:41.113145532
[2023-06-26T21:37:43Z INFO  dt_instance] received at 2023-06-26 21:37:43.621375307 UTC - from mc-7->source-1 "43" 21:37:43.619434766
[2023-06-26T21:37:46Z INFO  dt_instance] received at 2023-06-26 21:37:46.126440381 UTC - from mc-7->source-1 "48" 21:37:46.125235774
[2023-06-26T21:37:48Z INFO  dt_instance] received at 2023-06-26 21:37:48.632606381 UTC - from mc-7->source-1 "53" 21:37:48.631624560
[2023-06-26T21:37:51Z INFO  dt_instance] received at 2023-06-26 21:37:51.138234964 UTC - from mc-7->source-1 "58" 21:37:51.136893936
[2023-06-26T21:37:53Z INFO  dt_instance] received at 2023-06-26 21:37:53.645019690 UTC - from mc-7->source-1 "63" 21:37:53.644099560
[2023-06-26T21:37:56Z INFO  dt_instance] received at 2023-06-26 21:37:56.150778304 UTC - from mc-7->source-1 "68" 21:37:56.149698944
[2023-06-26T21:37:58Z INFO  dt_instance] received at 2023-06-26 21:37:58.659159217 UTC - from mc-7->source-1 "73" 21:37:58.654859195
[2023-06-26T21:38:01Z INFO  dt_instance] received at 2023-06-26 21:38:01.161471282 UTC - from mc-7->source-1 "78" 21:38:01.160132738
[2023-06-26T21:38:03Z INFO  dt_instance] received at 2023-06-26 21:38:03.667600933 UTC - from mc-7->source-1 "83" 21:38:03.666276806
[2023-06-26T21:38:06Z INFO  dt_instance] received at 2023-06-26 21:38:06.175346047 UTC - from mc-7->source-1 "88" 21:38:06.174196260
[2023-06-26T21:38:08Z INFO  dt_instance] received at 2023-06-26 21:38:08.681168850 UTC - from mc-7->source-1 "93" 21:38:08.679949558
[2023-06-26T21:38:11Z INFO  dt_instance] received at 2023-06-26 21:38:11.186808596 UTC - from mc-7->source-1 "98" 21:38:11.185974836
[2023-06-26T21:38:13Z INFO  dt_instance] received at 2023-06-26 21:38:13.692818015 UTC - from mc-7->source-1 "103" 21:38:13.691512196
[2023-06-26T21:38:16Z INFO  dt_instance] received at 2023-06-26 21:38:16.197211378 UTC - from mc-7->source-1 "108" 21:38:16.196010725
[2023-06-26T21:38:18Z INFO  dt_instance] received at 2023-06-26 21:38:18.703621340 UTC - from mc-7->source-1 "113" 21:38:18.702403250
[2023-06-26T21:38:21Z INFO  dt_instance] received at 2023-06-26 21:38:21.210026365 UTC - from mc-7->source-1 "118" 21:38:21.209051776
[2023-06-26T21:38:23Z INFO  dt_instance] received at 2023-06-26 21:38:23.715036861 UTC - from mc-7->source-1 "123" 21:38:23.713948192
[2023-06-26T21:38:26Z INFO  dt_instance] received at 2023-06-26 21:38:26.222230365 UTC - from mc-7->source-1 "128" 21:38:26.221386737
[2023-06-26T21:38:28Z INFO  dt_instance] received at 2023-06-26 21:38:28.727995321 UTC - from mc-7->source-1 "133" 21:38:28.726909325
[2023-06-26T21:38:31Z INFO  dt_instance] received at 2023-06-26 21:38:31.233319184 UTC - from mc-7->source-1 "138" 21:38:31.232245582
[2023-06-26T21:38:33Z INFO  dt_instance] received at 2023-06-26 21:38:33.739598919 UTC - from mc-7->source-1 "143" 21:38:33.738447574
[2023-06-26T21:38:36Z INFO  dt_instance] received at 2023-06-26 21:38:36.245186691 UTC - from mc-7->source-1 "148" 21:38:36.244097100
[2023-06-26T21:38:38Z INFO  dt_instance] received at 2023-06-26 21:38:38.753521868 UTC - from mc-7->source-1 "153" 21:38:38.752509930
[2023-06-26T21:38:41Z INFO  dt_instance] received at 2023-06-26 21:38:41.257700198 UTC - from mc-7->source-1 "158" 21:38:41.256926485
[2023-06-26T21:38:43Z INFO  dt_instance] received at 2023-06-26 21:38:43.763886249 UTC - from mc-7->source-1 "163" 21:38:43.762977093
[2023-06-26T21:38:46Z INFO  dt_instance] received at 2023-06-26 21:38:46.270065711 UTC - from mc-7->source-1 "168" 21:38:46.269054202
[2023-06-26T21:38:48Z INFO  dt_instance] received at 2023-06-26 21:38:48.777175962 UTC - from mc-7->source-1 "173" 21:38:48.776162119
[2023-06-26T21:38:51Z INFO  dt_instance] received at 2023-06-26 21:38:51.284341742 UTC - from mc-7->source-1 "178" 21:38:51.283396201
[2023-06-26T21:38:53Z INFO  dt_instance] received at 2023-06-26 21:38:53.791543502 UTC - from mc-7->source-1 "183" 21:38:53.787999704
[2023-06-26T21:38:56Z INFO  dt_instance] received at 2023-06-26 21:38:56.295138999 UTC - from mc-7->source-1 "188" 21:38:56.294210050
[2023-06-26T21:38:58Z INFO  dt_instance] received at 2023-06-26 21:38:58.800262066 UTC - from mc-7->source-1 "193" 21:38:58.799089043
[2023-06-26T21:39:01Z INFO  dt_instance] received at 2023-06-26 21:39:01.305350092 UTC - from mc-7->source-1 "198" 21:39:01.304145997
[2023-06-26T21:39:03Z INFO  dt_instance] received at 2023-06-26 21:39:03.811210605 UTC - from mc-7->source-1 "203" 21:39:03.810228526
[2023-06-26T21:39:06Z INFO  dt_instance] received at 2023-06-26 21:39:06.317022040 UTC - from mc-7->source-1 "208" 21:39:06.315084867
[2023-06-26T21:39:08Z INFO  dt_instance] received at 2023-06-26 21:39:08.820853446 UTC - from mc-7->source-1 "213" 21:39:08.820043644
[2023-06-26T21:39:11Z INFO  dt_instance] received at 2023-06-26 21:39:11.328421245 UTC - from mc-7->source-1 "218" 21:39:11.327140102
[2023-06-26T21:39:13Z INFO  dt_instance] received at 2023-06-26 21:39:13.833508991 UTC - from mc-7->source-1 "223" 21:39:13.832387289
[2023-06-26T21:39:16Z INFO  dt_instance] received at 2023-06-26 21:39:16.338717695 UTC - from mc-7->source-1 "228" 21:39:16.337227659
[2023-06-26T21:39:18Z INFO  dt_instance] received at 2023-06-26 21:39:18.843670073 UTC - from mc-7->source-1 "233" 21:39:18.842520812
[2023-06-26T21:39:21Z INFO  dt_instance] received at 2023-06-26 21:39:21.348176522 UTC - from mc-7->source-1 "238" 21:39:21.347005348
[2023-06-26T21:39:23Z INFO  dt_instance] received at 2023-06-26 21:39:23.853082981 UTC - from mc-7->source-1 "243" 21:39:23.851949144
[2023-06-26T21:39:26Z INFO  dt_instance] received at 2023-06-26 21:39:26.360212085 UTC - from mc-7->source-1 "248" 21:39:26.359288737
[2023-06-26T21:39:28Z INFO  dt_instance] received at 2023-06-26 21:39:28.864842895 UTC - from mc-7->source-1 "253" 21:39:28.863723338
[2023-06-26T21:39:31Z INFO  dt_instance] received at 2023-06-26 21:39:31.371247441 UTC - from mc-7->source-1 "258" 21:39:31.370441055
[2023-06-26T21:39:33Z INFO  dt_instance] received at 2023-06-26 21:39:33.877800977 UTC - from mc-7->source-1 "263" 21:39:33.876634894
[2023-06-26T21:39:36Z INFO  dt_instance] received at 2023-06-26 21:39:36.384633587 UTC - from mc-7->source-1 "268" 21:39:36.383684780
[2023-06-26T21:39:38Z INFO  dt_instance] received at 2023-06-26 21:39:38.891599161 UTC - from mc-7->source-1 "273" 21:39:38.890752213
[2023-06-26T21:39:41Z INFO  dt_instance] received at 2023-06-26 21:39:41.396897964 UTC - from mc-7->source-1 "278" 21:39:41.395928998
[2023-06-26T21:39:43Z INFO  dt_instance] received at 2023-06-26 21:39:43.902558947 UTC - from mc-7->source-1 "283" 21:39:43.901095782
[2023-06-26T21:39:46Z INFO  dt_instance] received at 2023-06-26 21:39:46.407487240 UTC - from mc-7->source-1 "288" 21:39:46.406741285
[2023-06-26T21:39:48Z INFO  dt_instance] received at 2023-06-26 21:39:48.914523168 UTC - from mc-7->source-1 "293" 21:39:48.913565673
[2023-06-26T21:39:51Z INFO  dt_instance] received at 2023-06-26 21:39:51.419163404 UTC - from mc-7->source-1 "298" 21:39:51.418031776
[2023-06-26T21:39:53Z INFO  dt_instance] received at 2023-06-26 21:39:53.929993594 UTC - from mc-7->source-1 "303" 21:39:53.924906763
[2023-06-26T21:39:56Z INFO  dt_instance] received at 2023-06-26 21:39:56.432170600 UTC - from mc-7->source-1 "308" 21:39:56.431078914
[2023-06-26T21:39:58Z INFO  dt_instance] received at 2023-06-26 21:39:58.942887507 UTC - from mc-7->source-1 "313" 21:39:58.936950209
[2023-06-26T21:40:01Z INFO  dt_instance] received at 2023-06-26 21:40:01.446581417 UTC - from mc-7->source-1 "318" 21:40:01.443633647
[2023-06-26T21:40:03Z INFO  dt_instance] received at 2023-06-26 21:40:03.950590536 UTC - from mc-7->source-1 "323" 21:40:03.949769635
[2023-06-26T21:40:06Z INFO  dt_instance] received at 2023-06-26 21:40:06.457433423 UTC - from mc-7->source-1 "328" 21:40:06.456539568
[2023-06-26T21:40:08Z INFO  dt_instance] received at 2023-06-26 21:40:08.961667056 UTC - from mc-7->source-1 "333" 21:40:08.960626009
[2023-06-26T21:40:11Z INFO  dt_instance] received at 2023-06-26 21:40:11.468097753 UTC - from mc-7->source-1 "338" 21:40:11.466871546
[2023-06-26T21:40:13Z INFO  dt_instance] received at 2023-06-26 21:40:13.972627761 UTC - from mc-7->source-1 "343" 21:40:13.971885870
[2023-06-26T21:40:16Z INFO  dt_instance] received at 2023-06-26 21:40:16.481770005 UTC - from mc-7->source-1 "348" 21:40:16.479344192
[2023-06-26T21:40:18Z INFO  dt_instance] received at 2023-06-26 21:40:18.985314106 UTC - from mc-7->source-1 "353" 21:40:18.984365713
[2023-06-26T21:40:21Z INFO  dt_instance] received at 2023-06-26 21:40:21.489741508 UTC - from mc-7->source-1 "358" 21:40:21.488689967
[2023-06-26T21:40:24Z INFO  dt_instance] received at 2023-06-26 21:40:24.006003855 UTC - from mc-7->source-1 "363" 21:40:23.996326210
[2023-06-26T21:40:26Z INFO  dt_instance] received at 2023-06-26 21:40:26.502124110 UTC - from mc-7->source-1 "368" 21:40:26.501349556
[2023-06-26T21:40:29Z INFO  dt_instance] received at 2023-06-26 21:40:29.006796034 UTC - from mc-7->source-1 "373" 21:40:29.005647353
[2023-06-26T21:40:31Z INFO  dt_instance] received at 2023-06-26 21:40:31.515358181 UTC - from mc-7->source-7 "363" 21:40:31.512403347
[2023-06-26T21:40:34Z INFO  dt_instance] received at 2023-06-26 21:40:34.021063233 UTC - from mc-7->source-7 "368" 21:40:34.019001097
[2023-06-26T21:40:36Z INFO  dt_instance] received at 2023-06-26 21:40:36.526585456 UTC - from mc-7->source-7 "373" 21:40:36.524758609
[2023-06-26T21:40:39Z INFO  dt_instance] received at 2023-06-26 21:40:39.032911849 UTC - from mc-7->source-7 "378" 21:40:39.031339327
[2023-06-26T21:40:41Z INFO  dt_instance] received at 2023-06-26 21:40:41.538318374 UTC - from mc-7->source-7 "383" 21:40:41.537076912
[2023-06-26T21:40:44Z INFO  dt_instance] received at 2023-06-26 21:40:44.043031084 UTC - from mc-7->source-7 "388" 21:40:44.042001469
[2023-06-26T21:40:46Z INFO  dt_instance] received at 2023-06-26 21:40:46.551449185 UTC - from mc-7->source-7 "393" 21:40:46.548783838
[2023-06-26T21:40:49Z INFO  dt_instance] received at 2023-06-26 21:40:49.056073125 UTC - from mc-7->source-7 "398" 21:40:49.054972341
[2023-06-26T21:40:51Z INFO  dt_instance] received at 2023-06-26 21:40:51.562754621 UTC - from mc-7->source-7 "403" 21:40:51.561120198
[2023-06-26T21:40:54Z INFO  dt_instance] received at 2023-06-26 21:40:54.068202918 UTC - from mc-7->source-7 "408" 21:40:54.067204355
[2023-06-26T21:40:56Z INFO  dt_instance] received at 2023-06-26 21:40:56.576477313 UTC - from mc-7->source-7 "413" 21:40:56.574537174
[2023-06-26T21:40:59Z INFO  dt_instance] received at 2023-06-26 21:40:59.080712970 UTC - from mc-7->source-1 "433" 21:40:59.079705971
[2023-06-26T21:41:01Z INFO  dt_instance] received at 2023-06-26 21:41:01.586922535 UTC - from mc-7->source-1 "438" 21:41:01.585062194
[2023-06-26T21:41:04Z INFO  dt_instance] received at 2023-06-26 21:41:04.094278503 UTC - from mc-7->source-9 "423" 21:41:04.084408052
[2023-06-26T21:41:06Z INFO  dt_instance] received at 2023-06-26 21:41:06.597748877 UTC - from mc-7->source-7 "433" 21:41:06.596748473
[2023-06-26T21:41:09Z INFO  dt_instance] received at 2023-06-26 21:41:09.103339913 UTC - from mc-7->source-7 "438" 21:41:09.102080538
[2023-06-26T21:41:11Z INFO  dt_instance] received at 2023-06-26 21:41:11.608173088 UTC - from mc-7->source-7 "443" 21:41:11.607030921
[2023-06-26T21:41:14Z INFO  dt_instance] received at 2023-06-26 21:41:14.115881033 UTC - from mc-7->source-7 "448" 21:41:14.114502110
[2023-06-26T21:41:16Z INFO  dt_instance] received at 2023-06-26 21:41:16.620200874 UTC - from mc-7->source-7 "453" 21:41:16.619040147
[2023-06-26T21:41:19Z INFO  dt_instance] received at 2023-06-26 21:41:19.126248975 UTC - from mc-7->source-7 "458" 21:41:19.125068485
[2023-06-26T21:41:21Z INFO  dt_instance] received at 2023-06-26 21:41:21.632395046 UTC - from mc-7->source-7 "463" 21:41:21.631037982
[2023-06-26T21:41:24Z INFO  dt_instance] received at 2023-06-26 21:41:24.138360868 UTC - from mc-7->source-7 "468" 21:41:24.136702561
[2023-06-26T21:41:26Z INFO  dt_instance] received at 2023-06-26 21:41:26.643794891 UTC - from mc-7->source-7 "473" 21:41:26.642361589
[2023-06-26T21:41:29Z INFO  dt_instance] received at 2023-06-26 21:41:29.149157970 UTC - from mc-7->source-7 "478" 21:41:29.147715233
[2023-06-26T21:41:31Z INFO  dt_instance] received at 2023-06-26 21:41:31.656031442 UTC - from mc-7->source-7 "483" 21:41:31.654632758
[2023-06-26T21:41:34Z INFO  dt_instance] received at 2023-06-26 21:41:34.165624952 UTC - from mc-7->source-7 "488" 21:41:34.164224706
[2023-06-26T21:41:36Z INFO  dt_instance] received at 2023-06-26 21:41:36.671050002 UTC - from mc-7->source-7 "493" 21:41:36.668656105
[2023-06-26T21:41:39Z INFO  dt_instance] received at 2023-06-26 21:41:39.177061743 UTC - from mc-7->source-7 "498" 21:41:39.175727067
[2023-06-26T21:41:41Z INFO  dt_instance] received at 2023-06-26 21:41:41.683277867 UTC - from mc-7->source-7 "503" 21:41:41.681502134
[2023-06-26T21:41:44Z INFO  dt_instance] received at 2023-06-26 21:41:44.187667386 UTC - from mc-7->source-7 "508" 21:41:44.185780854
[2023-06-26T21:41:46Z INFO  dt_instance] received at 2023-06-26 21:41:46.694200303 UTC - from mc-7->source-1 "528" 21:41:46.693293518
[2023-06-26T21:41:49Z INFO  dt_instance] received at 2023-06-26 21:41:49.201837108 UTC - from mc-7->source-7 "518" 21:41:49.198412882
[2023-06-26T21:41:51Z INFO  dt_instance] received at 2023-06-26 21:41:51.707435512 UTC - from mc-7->source-7 "523" 21:41:51.704283666
[2023-06-26T21:41:54Z INFO  dt_instance] received at 2023-06-26 21:41:54.211176638 UTC - from mc-7->source-7 "528" 21:41:54.209828915
[2023-06-26T21:41:56Z INFO  dt_instance] received at 2023-06-26 21:41:56.715994701 UTC - from mc-7->source-7 "533" 21:41:56.714933268
[2023-06-26T21:41:59Z INFO  dt_instance] received at 2023-06-26 21:41:59.222533185 UTC - from mc-7->source-1 "553" 21:41:59.221676952
[2023-06-26T21:42:01Z INFO  dt_instance] received at 2023-06-26 21:42:01.728709494 UTC - from mc-7->source-1 "558" 21:42:01.727676010
[2023-06-26T21:42:04Z INFO  dt_instance] received at 2023-06-26 21:42:04.239064749 UTC - from mc-7->source-1 "563" 21:42:04.236628817
[2023-06-26T21:42:06Z INFO  dt_instance] received at 2023-06-26 21:42:06.745053365 UTC - from mc-7->source-1 "568" 21:42:06.743245083
[2023-06-26T21:42:09Z INFO  dt_instance] received at 2023-06-26 21:42:09.252574590 UTC - from mc-7->source-1 "573" 21:42:09.248932955
[2023-06-26T21:42:11Z INFO  dt_instance] received at 2023-06-26 21:42:11.756378283 UTC - from mc-7->source-1 "578" 21:42:11.755074167
[2023-06-26T21:42:14Z INFO  dt_instance] received at 2023-06-26 21:42:14.263222636 UTC - from mc-7->source-1 "583" 21:42:14.262394471
[2023-06-26T21:42:16Z INFO  dt_instance] received at 2023-06-26 21:42:16.769512069 UTC - from mc-7->source-1 "588" 21:42:16.768518024
[2023-06-26T21:42:19Z INFO  dt_instance] received at 2023-06-26 21:42:19.274731659 UTC - from mc-7->source-1 "593" 21:42:19.272795318
[2023-06-26T21:42:21Z INFO  dt_instance] received at 2023-06-26 21:42:21.778516625 UTC - from mc-7->source-1 "598" 21:42:21.777777692
[2023-06-26T21:42:24Z INFO  dt_instance] received at 2023-06-26 21:42:24.284137970 UTC - from mc-7->source-1 "603" 21:42:24.283270438
[2023-06-26T21:42:26Z INFO  dt_instance] received at 2023-06-26 21:42:26.790240774 UTC - from mc-7->source-1 "608" 21:42:26.789401585
[2023-06-26T21:42:29Z INFO  dt_instance] received at 2023-06-26 21:42:29.295965996 UTC - from mc-7->source-1 "613" 21:42:29.294762721
[2023-06-26T21:42:31Z INFO  dt_instance] received at 2023-06-26 21:42:31.802670114 UTC - from mc-7->source-1 "618" 21:42:31.801600588
[2023-06-26T21:42:34Z INFO  dt_instance] received at 2023-06-26 21:42:34.308257833 UTC - from mc-7->source-1 "623" 21:42:34.307601670
[2023-06-26T21:42:36Z INFO  dt_instance] received at 2023-06-26 21:42:36.815330976 UTC - from mc-7->source-1 "628" 21:42:36.814548145
[2023-06-26T21:42:39Z INFO  dt_instance] received at 2023-06-26 21:42:39.320601627 UTC - from mc-7->source-1 "633" 21:42:39.319545829
[2023-06-26T21:42:41Z INFO  dt_instance] received at 2023-06-26 21:42:41.825762128 UTC - from mc-7->source-1 "638" 21:42:41.824761806
[2023-06-26T21:42:44Z INFO  dt_instance] received at 2023-06-26 21:42:44.332404311 UTC - from mc-7->source-1 "643" 21:42:44.331306791
[2023-06-26T21:42:46Z INFO  dt_instance] received at 2023-06-26 21:42:46.837379840 UTC - from mc-7->source-1 "648" 21:42:46.836324318
[2023-06-26T21:42:49Z INFO  dt_instance] received at 2023-06-26 21:42:49.342010735 UTC - from mc-7->source-7 "638" 21:42:49.340556982
[2023-06-26T21:42:51Z INFO  dt_instance] received at 2023-06-26 21:42:51.848138768 UTC - from mc-7->source-7 "643" 21:42:51.846143026
[2023-06-26T21:42:54Z INFO  dt_instance] received at 2023-06-26 21:42:54.362977240 UTC - from mc-7->source-7 "648" 21:42:54.361387296
[2023-06-26T21:42:56Z INFO  dt_instance] received at 2023-06-26 21:42:56.867917482 UTC - from mc-7->source-7 "653" 21:42:56.866258764
[2023-06-26T21:42:59Z INFO  dt_instance] received at 2023-06-26 21:42:59.373779051 UTC - from mc-7->source-7 "658" 21:42:59.372559272
[2023-06-26T21:43:01Z INFO  dt_instance] received at 2023-06-26 21:43:01.879228438 UTC - from mc-7->source-7 "663" 21:43:01.877795651
[2023-06-26T21:43:04Z INFO  dt_instance] received at 2023-06-26 21:43:04.386184677 UTC - from mc-7->source-7 "668" 21:43:04.384484469
[2023-06-26T21:43:06Z INFO  dt_instance] received at 2023-06-26 21:43:06.893937242 UTC - from mc-7->source-7 "673" 21:43:06.890792810
[2023-06-26T21:43:09Z INFO  dt_instance] received at 2023-06-26 21:43:09.397693587 UTC - from mc-7->source-7 "678" 21:43:09.396657783
[2023-06-26T21:43:11Z INFO  dt_instance] received at 2023-06-26 21:43:11.903805803 UTC - from mc-7->source-1 "698" 21:43:11.902752629
[2023-06-26T21:43:14Z INFO  dt_instance] received at 2023-06-26 21:43:14.410629009 UTC - from mc-7->source-7 "688" 21:43:14.409208942
[2023-06-26T21:43:16Z INFO  dt_instance] received at 2023-06-26 21:43:16.915944533 UTC - from mc-7->source-7 "693" 21:43:16.914964719
[2023-06-26T21:43:19Z INFO  dt_instance] received at 2023-06-26 21:43:19.422110068 UTC - from mc-7->source-7 "698" 21:43:19.420642106
[2023-06-26T21:43:21Z INFO  dt_instance] received at 2023-06-26 21:43:21.927545935 UTC - from mc-7->source-7 "703" 21:43:21.926425578
[2023-06-26T21:43:24Z INFO  dt_instance] received at 2023-06-26 21:43:24.432933618 UTC - from mc-7->source-1 "723" 21:43:24.431972899
[2023-06-26T21:43:26Z INFO  dt_instance] received at 2023-06-26 21:43:26.939360275 UTC - from mc-7->source-1 "728" 21:43:26.937898904
[2023-06-26T21:43:29Z INFO  dt_instance] received at 2023-06-26 21:43:29.443652177 UTC - from mc-7->source-1 "733" 21:43:29.442892103
[2023-06-26T21:43:31Z INFO  dt_instance] received at 2023-06-26 21:43:31.949446918 UTC - from mc-7->source-1 "738" 21:43:31.947903779
[2023-06-26T21:43:34Z INFO  dt_instance] received at 2023-06-26 21:43:34.455190729 UTC - from mc-7->source-7 "728" 21:43:34.453651463
[2023-06-26T21:43:36Z INFO  dt_instance] received at 2023-06-26 21:43:36.961630403 UTC - from mc-7->source-7 "733" 21:43:36.960169136
[2023-06-26T21:43:39Z INFO  dt_instance] received at 2023-06-26 21:43:39.467625669 UTC - from mc-7->source-7 "738" 21:43:39.466353874
[2023-06-26T21:43:41Z INFO  dt_instance] received at 2023-06-26 21:43:41.973185524 UTC - from mc-7->source-7 "743" 21:43:41.971629402
[2023-06-26T21:43:44Z INFO  dt_instance] received at 2023-06-26 21:43:44.480843180 UTC - from mc-7->source-7 "748" 21:43:44.479299611
[2023-06-26T21:43:46Z INFO  dt_instance] received at 2023-06-26 21:43:46.986632004 UTC - from mc-7->source-7 "753" 21:43:46.985035098
[2023-06-26T21:43:49Z INFO  dt_instance] received at 2023-06-26 21:43:49.499989969 UTC - from mc-7->source-7 "758" 21:43:49.492313321
[2023-06-26T21:43:52Z INFO  dt_instance] received at 2023-06-26 21:43:52.000466608 UTC - from mc-7->source-7 "763" 21:43:51.999178088
[2023-06-26T21:43:54Z INFO  dt_instance] received at 2023-06-26 21:43:54.508393629 UTC - from mc-7->source-7 "768" 21:43:54.507177149
[2023-06-26T21:43:57Z INFO  dt_instance] received at 2023-06-26 21:43:57.013093060 UTC - from mc-7->source-7 "773" 21:43:57.012026194
[2023-06-26T21:43:59Z INFO  dt_instance] received at 2023-06-26 21:43:59.519077320 UTC - from mc-7->source-7 "778" 21:43:59.517405707
[2023-06-26T21:44:02Z INFO  dt_instance] received at 2023-06-26 21:44:02.024632642 UTC - from mc-7->source-7 "783" 21:44:02.023191479
[2023-06-26T21:44:04Z INFO  dt_instance] received at 2023-06-26 21:44:04.533019577 UTC - from mc-7->source-1 "803" 21:44:04.531816861
[2023-06-26T21:44:07Z INFO  dt_instance] received at 2023-06-26 21:44:07.038507762 UTC - from mc-7->source-1 "808" 21:44:07.037710380
[2023-06-26T21:44:09Z INFO  dt_instance] received at 2023-06-26 21:44:09.544588926 UTC - from mc-7->source-7 "798" 21:44:09.543220138
[2023-06-26T21:44:12Z INFO  dt_instance] received at 2023-06-26 21:44:12.049600717 UTC - from mc-7->source-7 "803" 21:44:12.048234924
[2023-06-26T21:44:14Z INFO  dt_instance] received at 2023-06-26 21:44:14.554092450 UTC - from mc-7->source-7 "808" 21:44:14.553149754
[2023-06-26T21:44:17Z INFO  dt_instance] received at 2023-06-26 21:44:17.061029442 UTC - from mc-7->source-7 "813" 21:44:17.059798674
[2023-06-26T21:44:19Z INFO  dt_instance] received at 2023-06-26 21:44:19.569276243 UTC - from mc-7->source-1 "833" 21:44:19.568195987
[2023-06-26T21:44:22Z INFO  dt_instance] received at 2023-06-26 21:44:22.074130609 UTC - from mc-7->source-1 "838" 21:44:22.073021108
[2023-06-26T21:44:24Z INFO  dt_instance] received at 2023-06-26 21:44:24.578941812 UTC - from mc-7->source-1 "843" 21:44:24.578107227
[2023-06-26T21:44:27Z INFO  dt_instance] received at 2023-06-26 21:44:27.085429383 UTC - from mc-7->source-7 "833" 21:44:27.084138255
[2023-06-26T21:44:29Z INFO  dt_instance] received at 2023-06-26 21:44:29.590585525 UTC - from mc-7->source-7 "838" 21:44:29.589151491
[2023-06-26T21:44:32Z INFO  dt_instance] received at 2023-06-26 21:44:32.095971897 UTC - from mc-7->source-7 "843" 21:44:32.093819444
[2023-06-26T21:44:34Z INFO  dt_instance] received at 2023-06-26 21:44:34.600770565 UTC - from mc-7->source-7 "848" 21:44:34.599647621
[2023-06-26T21:44:37Z INFO  dt_instance] received at 2023-06-26 21:44:37.108161896 UTC - from mc-7->source-7 "853" 21:44:37.105963214
[2023-06-26T21:44:39Z INFO  dt_instance] received at 2023-06-26 21:44:39.613440722 UTC - from mc-7->source-7 "858" 21:44:39.612127610
[2023-06-26T21:44:42Z INFO  dt_instance] received at 2023-06-26 21:44:42.120205565 UTC - from mc-7->source-7 "863" 21:44:42.118952273
[2023-06-26T21:44:44Z INFO  dt_instance] received at 2023-06-26 21:44:44.625191772 UTC - from mc-7->source-7 "868" 21:44:44.624165976
[2023-06-26T21:44:47Z INFO  dt_instance] received at 2023-06-26 21:44:47.131077442 UTC - from mc-7->source-7 "873" 21:44:47.129619514
[2023-06-26T21:44:49Z INFO  dt_instance] received at 2023-06-26 21:44:49.637210299 UTC - from mc-7->source-1 "893" 21:44:49.635980806
[2023-06-26T21:44:52Z INFO  dt_instance] received at 2023-06-26 21:44:52.144131753 UTC - from mc-7->source-1 "898" 21:44:52.143166209
[2023-06-26T21:44:54Z INFO  dt_instance] received at 2023-06-26 21:44:54.649713549 UTC - from mc-7->source-1 "903" 21:44:54.647836929
[2023-06-26T21:44:57Z INFO  dt_instance] received at 2023-06-26 21:44:57.153633925 UTC - from mc-7->source-1 "908" 21:44:57.152640183
[2023-06-26T21:44:59Z INFO  dt_instance] received at 2023-06-26 21:44:59.658642157 UTC - from mc-7->source-1 "913" 21:44:59.657654877
[2023-06-26T21:45:02Z INFO  dt_instance] received at 2023-06-26 21:45:02.165189682 UTC - from mc-7->source-1 "918" 21:45:02.162889872
[2023-06-26T21:45:04Z INFO  dt_instance] received at 2023-06-26 21:45:04.671669323 UTC - from mc-7->source-1 "923" 21:45:04.670322476
[2023-06-26T21:45:07Z INFO  dt_instance] received at 2023-06-26 21:45:07.178195669 UTC - from mc-7->source-1 "928" 21:45:07.177108162
[2023-06-26T21:45:09Z INFO  dt_instance] received at 2023-06-26 21:45:09.683062599 UTC - from mc-7->source-1 "933" 21:45:09.681921003
[2023-06-26T21:45:12Z INFO  dt_instance] received at 2023-06-26 21:45:12.187770204 UTC - from mc-7->source-1 "938" 21:45:12.186782857
[2023-06-26T21:45:14Z INFO  dt_instance] received at 2023-06-26 21:45:14.692591689 UTC - from mc-7->source-1 "943" 21:45:14.691658206
[2023-06-26T21:45:17Z INFO  dt_instance] received at 2023-06-26 21:45:17.199469668 UTC - from mc-7->source-1 "948" 21:45:17.198515693
[2023-06-26T21:45:19Z INFO  dt_instance] received at 2023-06-26 21:45:19.704739976 UTC - from mc-7->source-1 "953" 21:45:19.703339439
[2023-06-26T21:45:22Z INFO  dt_instance] received at 2023-06-26 21:45:22.209600624 UTC - from mc-7->source-1 "958" 21:45:22.208710019
[2023-06-26T21:45:24Z INFO  dt_instance] received at 2023-06-26 21:45:24.715255092 UTC - from mc-7->source-1 "963" 21:45:24.714447084
[2023-06-26T21:45:27Z INFO  dt_instance] received at 2023-06-26 21:45:27.221597655 UTC - from mc-7->source-7 "953" 21:45:27.219824262
[2023-06-26T21:45:29Z INFO  dt_instance] received at 2023-06-26 21:45:29.727264810 UTC - from mc-7->source-1 "973" 21:45:29.726151533
[2023-06-26T21:45:32Z INFO  dt_instance] received at 2023-06-26 21:45:32.234875995 UTC - from mc-7->source-7 "963" 21:45:32.231421702
[2023-06-26T21:45:34Z INFO  dt_instance] received at 2023-06-26 21:45:34.741430362 UTC - from mc-7->source-7 "968" 21:45:34.736956461
[2023-06-26T21:45:37Z INFO  dt_instance] received at 2023-06-26 21:45:37.243156982 UTC - from mc-7->source-7 "973" 21:45:37.242192394
[2023-06-26T21:45:39Z INFO  dt_instance] received at 2023-06-26 21:45:39.747916440 UTC - from mc-7->source-7 "978" 21:45:39.746780667
[2023-06-26T21:45:42Z INFO  dt_instance] received at 2023-06-26 21:45:42.483361839 UTC - from mc-7->source-6 "986" 21:45:42.482263698
[2023-06-26T21:45:45Z INFO  dt_instance] received at 2023-06-26 21:45:45.741218098 UTC - from mc-7->source-9 "985" 21:45:45.740189811
[2023-06-26T21:45:52Z INFO  dt_instance] received at 2023-06-26 21:45:52.757406715 UTC - from mc-7->source-9 "999" 21:45:52.755884349
