[2023-06-26T21:30:01Z INFO  dt_instance] Current Twin: mc-twin-0
[2023-06-26T21:30:01Z INFO  dt_instance] Replica Name twin-mc-stateful-0
[2023-06-26T21:30:01Z INFO  dt_instance] Sleeping for 0
[2023-06-26T21:30:01Z INFO  dt_instance] Connecting to broker at emqx.dtwins:1883
[2023-06-26T21:30:01Z INFO  dt_instance] Loggin info each 50 messages
[2023-06-26T21:30:01Z INFO  dt_instance] Set max packet size to 60000 KB.
[2023-06-26T21:30:01Z INFO  dt_instance] Refreshing topics for twin - Listen to mc-0/#
[2023-06-26T21:30:01Z INFO  dt_instance] SubAck { pkid: 1, return_codes: [Success(ExactlyOnce)] }
[2023-06-26T21:31:09Z INFO  dt_instance] received at 2023-06-26 21:31:09.700060331 UTC - from mc-0->source-2 "9" 21:31:09.697731906
[2023-06-26T21:31:12Z INFO  dt_instance] received at 2023-06-26 21:31:12.952986554 UTC - from mc-0->source-3 "13" 21:31:12.950582834
[2023-06-26T21:31:15Z INFO  dt_instance] received at 2023-06-26 21:31:15.463471243 UTC - from mc-0->source-1 "23" 21:31:15.461030275
[2023-06-26T21:31:17Z INFO  dt_instance] received at 2023-06-26 21:31:17.969230860 UTC - from mc-0->source-1 "28" 21:31:17.967101453
[2023-06-26T21:31:20Z INFO  dt_instance] received at 2023-06-26 21:31:20.475487684 UTC - from mc-0->source-1 "33" 21:31:20.473571399
[2023-06-26T21:31:22Z INFO  dt_instance] received at 2023-06-26 21:31:22.981390240 UTC - from mc-0->source-1 "38" 21:31:22.977976009
[2023-06-26T21:31:25Z INFO  dt_instance] received at 2023-06-26 21:31:25.486241080 UTC - from mc-0->source-1 "43" 21:31:25.484063841
[2023-06-26T21:31:27Z INFO  dt_instance] received at 2023-06-26 21:31:27.992384055 UTC - from mc-0->source-1 "48" 21:31:27.989623961
[2023-06-26T21:31:30Z INFO  dt_instance] received at 2023-06-26 21:31:30.497882007 UTC - from mc-0->source-1 "53" 21:31:30.496126386
[2023-06-26T21:31:33Z INFO  dt_instance] received at 2023-06-26 21:31:33.002784293 UTC - from mc-0->source-1 "58" 21:31:33.000985265
[2023-06-26T21:31:35Z INFO  dt_instance] received at 2023-06-26 21:31:35.507672276 UTC - from mc-0->source-1 "63" 21:31:35.506078754
[2023-06-26T21:31:38Z INFO  dt_instance] received at 2023-06-26 21:31:38.015989882 UTC - from mc-0->source-1 "68" 21:31:38.012252354
[2023-06-26T21:31:40Z INFO  dt_instance] received at 2023-06-26 21:31:40.517763714 UTC - from mc-0->source-1 "73" 21:31:40.516771942
[2023-06-26T21:31:43Z INFO  dt_instance] received at 2023-06-26 21:31:43.025745864 UTC - from mc-0->source-1 "78" 21:31:43.024190501
[2023-06-26T21:31:45Z INFO  dt_instance] received at 2023-06-26 21:31:45.533107310 UTC - from mc-0->source-1 "83" 21:31:45.530093742
[2023-06-26T21:31:48Z INFO  dt_instance] received at 2023-06-26 21:31:48.038389683 UTC - from mc-0->source-1 "88" 21:31:48.036156348
[2023-06-26T21:31:50Z INFO  dt_instance] received at 2023-06-26 21:31:50.543017951 UTC - from mc-0->source-1 "93" 21:31:50.540965347
[2023-06-26T21:31:53Z INFO  dt_instance] received at 2023-06-26 21:31:53.049240821 UTC - from mc-0->source-1 "98" 21:31:53.046558412
[2023-06-26T21:31:55Z INFO  dt_instance] received at 2023-06-26 21:31:55.552809282 UTC - from mc-0->source-1 "103" 21:31:55.550882430
[2023-06-26T21:31:58Z INFO  dt_instance] received at 2023-06-26 21:31:58.058191929 UTC - from mc-0->source-1 "108" 21:31:58.056272671
[2023-06-26T21:32:00Z INFO  dt_instance] received at 2023-06-26 21:32:00.563009203 UTC - from mc-0->source-5 "103" 21:32:00.560559525
[2023-06-26T21:32:03Z INFO  dt_instance] received at 2023-06-26 21:32:03.071455063 UTC - from mc-0->source-5 "108" 21:32:03.069200914
[2023-06-26T21:32:05Z INFO  dt_instance] received at 2023-06-26 21:32:05.576950929 UTC - from mc-0->source-5 "113" 21:32:05.575101555
[2023-06-26T21:32:08Z INFO  dt_instance] received at 2023-06-26 21:32:08.085071197 UTC - from mc-0->source-5 "118" 21:32:08.080857471
[2023-06-26T21:32:10Z INFO  dt_instance] received at 2023-06-26 21:32:10.589808233 UTC - from mc-0->source-5 "123" 21:32:10.587656542
[2023-06-26T21:32:13Z INFO  dt_instance] received at 2023-06-26 21:32:13.096295629 UTC - from mc-0->source-7 "123" 21:32:13.094096336
[2023-06-26T21:32:15Z INFO  dt_instance] received at 2023-06-26 21:32:15.602434362 UTC - from mc-0->source-3 "138" 21:32:15.600552063
[2023-06-26T21:32:18Z INFO  dt_instance] received at 2023-06-26 21:32:18.109030992 UTC - from mc-0->source-1 "148" 21:32:18.107010938
[2023-06-26T21:32:20Z INFO  dt_instance] received at 2023-06-26 21:32:20.615727557 UTC - from mc-0->source-5 "143" 21:32:20.614068851
[2023-06-26T21:32:23Z INFO  dt_instance] received at 2023-06-26 21:32:23.123270694 UTC - from mc-0->source-7 "143" 21:32:23.119305199
[2023-06-26T21:32:25Z INFO  dt_instance] received at 2023-06-26 21:32:25.629785617 UTC - from mc-0->source-7 "148" 21:32:25.624225578
[2023-06-26T21:32:28Z INFO  dt_instance] received at 2023-06-26 21:32:28.136880060 UTC - from mc-0->source-5 "158" 21:32:28.131000430
[2023-06-26T21:32:30Z INFO  dt_instance] received at 2023-06-26 21:32:30.638026880 UTC - from mc-0->source-5 "163" 21:32:30.636501185
[2023-06-26T21:32:33Z INFO  dt_instance] received at 2023-06-26 21:32:33.143414856 UTC - from mc-0->source-5 "168" 21:32:33.141944387
[2023-06-26T21:32:35Z INFO  dt_instance] received at 2023-06-26 21:32:35.652171460 UTC - from mc-0->source-3 "178" 21:32:35.650042454
[2023-06-26T21:32:38Z INFO  dt_instance] received at 2023-06-26 21:32:38.160458665 UTC - from mc-0->source-5 "178" 21:32:38.157072829
[2023-06-26T21:32:40Z INFO  dt_instance] received at 2023-06-26 21:32:40.663878798 UTC - from mc-0->source-3 "188" 21:32:40.662169953
[2023-06-26T21:32:43Z INFO  dt_instance] received at 2023-06-26 21:32:43.171916859 UTC - from mc-0->source-3 "193" 21:32:43.170577053
[2023-06-26T21:32:45Z INFO  dt_instance] received at 2023-06-26 21:32:45.676732598 UTC - from mc-0->source-3 "198" 21:32:45.675228874
[2023-06-26T21:32:48Z INFO  dt_instance] received at 2023-06-26 21:32:48.181402274 UTC - from mc-0->source-3 "203" 21:32:48.179979021
[2023-06-26T21:32:50Z INFO  dt_instance] received at 2023-06-26 21:32:50.687647693 UTC - from mc-0->source-3 "208" 21:32:50.686098240
[2023-06-26T21:32:53Z INFO  dt_instance] received at 2023-06-26 21:32:53.197971593 UTC - from mc-0->source-3 "213" 21:32:53.191689533
[2023-06-26T21:32:55Z INFO  dt_instance] received at 2023-06-26 21:32:55.700783494 UTC - from mc-0->source-3 "218" 21:32:55.698802141
[2023-06-26T21:32:58Z INFO  dt_instance] received at 2023-06-26 21:32:58.205674564 UTC - from mc-0->source-3 "223" 21:32:58.204649454
[2023-06-26T21:33:00Z INFO  dt_instance] received at 2023-06-26 21:33:00.711439426 UTC - from mc-0->source-3 "228" 21:33:00.709938060
[2023-06-26T21:33:03Z INFO  dt_instance] received at 2023-06-26 21:33:03.217458704 UTC - from mc-0->source-3 "233" 21:33:03.215858298
[2023-06-26T21:33:05Z INFO  dt_instance] received at 2023-06-26 21:33:05.722547256 UTC - from mc-0->source-3 "238" 21:33:05.720889838
[2023-06-26T21:33:08Z INFO  dt_instance] received at 2023-06-26 21:33:08.230942138 UTC - from mc-0->source-1 "248" 21:33:08.226926771
[2023-06-26T21:33:10Z INFO  dt_instance] received at 2023-06-26 21:33:10.735282633 UTC - from mc-0->source-7 "238" 21:33:10.733579382
[2023-06-26T21:33:13Z INFO  dt_instance] received at 2023-06-26 21:33:13.241147033 UTC - from mc-0->source-1 "258" 21:33:13.239694653
[2023-06-26T21:33:15Z INFO  dt_instance] received at 2023-06-26 21:33:15.748152427 UTC - from mc-0->source-1 "263" 21:33:15.746795379
[2023-06-26T21:33:18Z INFO  dt_instance] received at 2023-06-26 21:33:18.256056914 UTC - from mc-0->source-1 "268" 21:33:18.254642371
[2023-06-26T21:33:20Z INFO  dt_instance] received at 2023-06-26 21:33:20.762966308 UTC - from mc-0->source-1 "273" 21:33:20.761274689
[2023-06-26T21:33:23Z INFO  dt_instance] received at 2023-06-26 21:33:23.271847458 UTC - from mc-0->source-1 "278" 21:33:23.268747578
[2023-06-26T21:33:25Z INFO  dt_instance] received at 2023-06-26 21:33:25.776510215 UTC - from mc-0->source-1 "283" 21:33:25.774990995
[2023-06-26T21:33:28Z INFO  dt_instance] received at 2023-06-26 21:33:28.283958290 UTC - from mc-0->source-1 "288" 21:33:28.282589193
[2023-06-26T21:33:30Z INFO  dt_instance] received at 2023-06-26 21:33:30.790980994 UTC - from mc-0->source-3 "288" 21:33:30.789402540
[2023-06-26T21:33:33Z INFO  dt_instance] received at 2023-06-26 21:33:33.296092841 UTC - from mc-0->source-1 "298" 21:33:33.294669879
[2023-06-26T21:33:35Z INFO  dt_instance] received at 2023-06-26 21:33:35.802600596 UTC - from mc-0->source-3 "298" 21:33:35.800804687
[2023-06-26T21:33:38Z INFO  dt_instance] received at 2023-06-26 21:33:38.308384163 UTC - from mc-0->source-1 "308" 21:33:38.307162473
[2023-06-26T21:33:40Z INFO  dt_instance] received at 2023-06-26 21:33:40.817122373 UTC - from mc-0->source-3 "308" 21:33:40.815548326
[2023-06-26T21:33:43Z INFO  dt_instance] received at 2023-06-26 21:33:43.323606176 UTC - from mc-0->source-3 "313" 21:33:43.321262713
[2023-06-26T21:33:45Z INFO  dt_instance] received at 2023-06-26 21:33:45.827580207 UTC - from mc-0->source-1 "323" 21:33:45.825817004
[2023-06-26T21:33:48Z INFO  dt_instance] received at 2023-06-26 21:33:48.334761396 UTC - from mc-0->source-3 "323" 21:33:48.332993174
[2023-06-26T21:33:50Z INFO  dt_instance] received at 2023-06-26 21:33:50.840085619 UTC - from mc-0->source-3 "328" 21:33:50.838637809
[2023-06-26T21:33:53Z INFO  dt_instance] received at 2023-06-26 21:33:53.346090728 UTC - from mc-0->source-3 "333" 21:33:53.344719599
[2023-06-26T21:33:55Z INFO  dt_instance] received at 2023-06-26 21:33:55.853963574 UTC - from mc-0->source-3 "338" 21:33:55.852550995
[2023-06-26T21:33:58Z INFO  dt_instance] received at 2023-06-26 21:33:58.359317307 UTC - from mc-0->source-3 "343" 21:33:58.357711165
[2023-06-26T21:34:00Z INFO  dt_instance] received at 2023-06-26 21:34:00.865172704 UTC - from mc-0->source-3 "348" 21:34:00.864004124
[2023-06-26T21:34:03Z INFO  dt_instance] received at 2023-06-26 21:34:03.372738052 UTC - from mc-0->source-3 "353" 21:34:03.370642984
[2023-06-26T21:34:05Z INFO  dt_instance] received at 2023-06-26 21:34:05.890051232 UTC - from mc-0->source-1 "363" 21:34:05.888171871
[2023-06-26T21:34:08Z INFO  dt_instance] received at 2023-06-26 21:34:08.395729392 UTC - from mc-0->source-3 "363" 21:34:08.393244067
[2023-06-26T21:34:10Z INFO  dt_instance] received at 2023-06-26 21:34:10.901906826 UTC - from mc-0->source-1 "373" 21:34:10.898297328
[2023-06-26T21:34:13Z INFO  dt_instance] received at 2023-06-26 21:34:13.407261458 UTC - from mc-0->source-3 "373" 21:34:13.405415678
[2023-06-26T21:34:15Z INFO  dt_instance] received at 2023-06-26 21:34:15.913289080 UTC - from mc-0->source-1 "383" 21:34:15.911396361
[2023-06-26T21:34:18Z INFO  dt_instance] received at 2023-06-26 21:34:18.417387501 UTC - from mc-0->source-3 "383" 21:34:18.415994333
[2023-06-26T21:34:20Z INFO  dt_instance] received at 2023-06-26 21:34:20.925583866 UTC - from mc-0->source-3 "388" 21:34:20.922112516
[2023-06-26T21:34:23Z INFO  dt_instance] received at 2023-06-26 21:34:23.430406732 UTC - from mc-0->source-3 "393" 21:34:23.428248064
[2023-06-26T21:34:25Z INFO  dt_instance] received at 2023-06-26 21:34:25.936957727 UTC - from mc-0->source-1 "403" 21:34:25.933547335
[2023-06-26T21:34:28Z INFO  dt_instance] received at 2023-06-26 21:34:28.444156885 UTC - from mc-0->source-1 "408" 21:34:28.439368590
[2023-06-26T21:34:30Z INFO  dt_instance] received at 2023-06-26 21:34:30.952840449 UTC - from mc-0->source-1 "413" 21:34:30.945393212
[2023-06-26T21:34:33Z INFO  dt_instance] received at 2023-06-26 21:34:33.453091532 UTC - from mc-0->source-1 "418" 21:34:33.451743342
[2023-06-26T21:34:35Z INFO  dt_instance] received at 2023-06-26 21:34:35.960359361 UTC - from mc-0->source-1 "423" 21:34:35.957870231
[2023-06-26T21:34:38Z INFO  dt_instance] received at 2023-06-26 21:34:38.465345260 UTC - from mc-0->source-3 "423" 21:34:38.463627507
[2023-06-26T21:34:40Z INFO  dt_instance] received at 2023-06-26 21:34:40.973452060 UTC - from mc-0->source-3 "428" 21:34:40.970429076
[2023-06-26T21:34:43Z INFO  dt_instance] received at 2023-06-26 21:34:43.480475811 UTC - from mc-0->source-3 "433" 21:34:43.477943147
[2023-06-26T21:34:45Z INFO  dt_instance] received at 2023-06-26 21:34:45.986363054 UTC - from mc-0->source-3 "438" 21:34:45.983673637
[2023-06-26T21:34:48Z INFO  dt_instance] received at 2023-06-26 21:34:48.491637419 UTC - from mc-0->source-3 "443" 21:34:48.490332386
[2023-06-26T21:34:51Z INFO  dt_instance] received at 2023-06-26 21:34:51.001639630 UTC - from mc-0->source-3 "448" 21:34:50.996402703
[2023-06-26T21:34:53Z INFO  dt_instance] received at 2023-06-26 21:34:53.506785113 UTC - from mc-0->source-3 "453" 21:34:53.505398015
[2023-06-26T21:34:56Z INFO  dt_instance] received at 2023-06-26 21:34:56.014380239 UTC - from mc-0->source-3 "458" 21:34:56.010349943
[2023-06-26T21:34:58Z INFO  dt_instance] received at 2023-06-26 21:34:58.519075043 UTC - from mc-0->source-3 "463" 21:34:58.514875539
[2023-06-26T21:35:01Z INFO  dt_instance] received at 2023-06-26 21:35:01.024386925 UTC - from mc-0->source-3 "468" 21:35:01.021039639
[2023-06-26T21:35:03Z INFO  dt_instance] received at 2023-06-26 21:35:03.529762251 UTC - from mc-0->source-1 "478" 21:35:03.528128841
[2023-06-26T21:35:06Z INFO  dt_instance] received at 2023-06-26 21:35:06.037315257 UTC - from mc-0->source-3 "478" 21:35:06.035611026
[2023-06-26T21:35:08Z INFO  dt_instance] received at 2023-06-26 21:35:08.543073384 UTC - from mc-0->source-1 "488" 21:35:08.541617416
[2023-06-26T21:35:11Z INFO  dt_instance] received at 2023-06-26 21:35:11.048698180 UTC - from mc-0->source-1 "493" 21:35:11.047338244
[2023-06-26T21:35:13Z INFO  dt_instance] received at 2023-06-26 21:35:13.554732564 UTC - from mc-0->source-1 "498" 21:35:13.551802759
[2023-06-26T21:35:16Z INFO  dt_instance] received at 2023-06-26 21:35:16.063765071 UTC - from mc-0->source-1 "503" 21:35:16.059693256
[2023-06-26T21:35:18Z INFO  dt_instance] received at 2023-06-26 21:35:18.568009131 UTC - from mc-0->source-1 "508" 21:35:18.566549203
[2023-06-26T21:35:21Z INFO  dt_instance] received at 2023-06-26 21:35:21.073530410 UTC - from mc-0->source-3 "508" 21:35:21.072098628
[2023-06-26T21:35:23Z INFO  dt_instance] received at 2023-06-26 21:35:23.580352465 UTC - from mc-0->source-1 "518" 21:35:23.577249648
[2023-06-26T21:35:26Z INFO  dt_instance] received at 2023-06-26 21:35:26.083699059 UTC - from mc-0->source-3 "518" 21:35:26.082105340
[2023-06-26T21:35:28Z INFO  dt_instance] received at 2023-06-26 21:35:28.588503370 UTC - from mc-0->source-1 "528" 21:35:28.586815707
[2023-06-26T21:35:31Z INFO  dt_instance] received at 2023-06-26 21:35:31.094570982 UTC - from mc-0->source-3 "528" 21:35:31.093165067
[2023-06-26T21:35:33Z INFO  dt_instance] received at 2023-06-26 21:35:33.599672390 UTC - from mc-0->source-3 "533" 21:35:33.598098818
[2023-06-26T21:35:36Z INFO  dt_instance] received at 2023-06-26 21:35:36.105186485 UTC - from mc-0->source-1 "543" 21:35:36.103722071
[2023-06-26T21:35:38Z INFO  dt_instance] received at 2023-06-26 21:35:38.610562785 UTC - from mc-0->source-1 "548" 21:35:38.609195771
[2023-06-26T21:35:41Z INFO  dt_instance] received at 2023-06-26 21:35:41.118142063 UTC - from mc-0->source-3 "548" 21:35:41.116811553
[2023-06-26T21:35:43Z INFO  dt_instance] received at 2023-06-26 21:35:43.631550159 UTC - from mc-0->source-1 "558" 21:35:43.624533757
[2023-06-26T21:35:46Z INFO  dt_instance] received at 2023-06-26 21:35:46.131708345 UTC - from mc-0->source-3 "558" 21:35:46.130530010
[2023-06-26T21:35:48Z INFO  dt_instance] received at 2023-06-26 21:35:48.637199360 UTC - from mc-0->source-3 "563" 21:35:48.635825964
[2023-06-26T21:35:51Z INFO  dt_instance] received at 2023-06-26 21:35:51.142969639 UTC - from mc-0->source-1 "573" 21:35:51.141453305
[2023-06-26T21:35:53Z INFO  dt_instance] received at 2023-06-26 21:35:53.648120540 UTC - from mc-0->source-3 "573" 21:35:53.646934842
[2023-06-26T21:35:56Z INFO  dt_instance] received at 2023-06-26 21:35:56.154198406 UTC - from mc-0->source-1 "583" 21:35:56.152833086
[2023-06-26T21:35:58Z INFO  dt_instance] received at 2023-06-26 21:35:58.660503804 UTC - from mc-0->source-3 "583" 21:35:58.659109451
[2023-06-26T21:36:01Z INFO  dt_instance] received at 2023-06-26 21:36:01.165371284 UTC - from mc-0->source-1 "593" 21:36:01.163801288
[2023-06-26T21:36:03Z INFO  dt_instance] received at 2023-06-26 21:36:03.670756734 UTC - from mc-0->source-3 "593" 21:36:03.669393328
[2023-06-26T21:36:06Z INFO  dt_instance] received at 2023-06-26 21:36:06.176645476 UTC - from mc-0->source-1 "603" 21:36:06.175008667
[2023-06-26T21:36:08Z INFO  dt_instance] received at 2023-06-26 21:36:08.683018148 UTC - from mc-0->source-1 "608" 21:36:08.681446901
[2023-06-26T21:36:11Z INFO  dt_instance] received at 2023-06-26 21:36:11.188252651 UTC - from mc-0->source-1 "613" 21:36:11.186631522
[2023-06-26T21:36:13Z INFO  dt_instance] received at 2023-06-26 21:36:13.694366044 UTC - from mc-0->source-1 "618" 21:36:13.693038597
[2023-06-26T21:36:16Z INFO  dt_instance] received at 2023-06-26 21:36:16.200312218 UTC - from mc-0->source-3 "618" 21:36:16.198955375
[2023-06-26T21:36:18Z INFO  dt_instance] received at 2023-06-26 21:36:18.706615793 UTC - from mc-0->source-3 "623" 21:36:18.704991049
[2023-06-26T21:36:21Z INFO  dt_instance] received at 2023-06-26 21:36:21.213782581 UTC - from mc-0->source-3 "628" 21:36:21.211844461
[2023-06-26T21:36:23Z INFO  dt_instance] received at 2023-06-26 21:36:23.718752147 UTC - from mc-0->source-3 "633" 21:36:23.717326029
[2023-06-26T21:36:26Z INFO  dt_instance] received at 2023-06-26 21:36:26.228458944 UTC - from mc-0->source-1 "643" 21:36:26.226384899
[2023-06-26T21:36:28Z INFO  dt_instance] received at 2023-06-26 21:36:28.733232234 UTC - from mc-0->source-3 "643" 21:36:28.731076963
[2023-06-26T21:36:31Z INFO  dt_instance] received at 2023-06-26 21:36:31.238027703 UTC - from mc-0->source-1 "653" 21:36:31.236578633
[2023-06-26T21:36:33Z INFO  dt_instance] received at 2023-06-26 21:36:33.744518457 UTC - from mc-0->source-3 "653" 21:36:33.742775786
[2023-06-26T21:36:36Z INFO  dt_instance] received at 2023-06-26 21:36:36.252978465 UTC - from mc-0->source-7 "648" 21:36:36.249936671
[2023-06-26T21:36:38Z INFO  dt_instance] received at 2023-06-26 21:36:38.765674794 UTC - from mc-0->source-7 "653" 21:36:38.755701403
[2023-06-26T21:36:41Z INFO  dt_instance] received at 2023-06-26 21:36:41.277416291 UTC - from mc-0->source-7 "658" 21:36:41.275872915
[2023-06-26T21:36:43Z INFO  dt_instance] received at 2023-06-26 21:36:43.783334896 UTC - from mc-0->source-1 "678" 21:36:43.782079200
[2023-06-26T21:36:46Z INFO  dt_instance] received at 2023-06-26 21:36:46.288910235 UTC - from mc-0->source-1 "683" 21:36:46.287323651
[2023-06-26T21:36:48Z INFO  dt_instance] received at 2023-06-26 21:36:48.795109260 UTC - from mc-0->source-1 "688" 21:36:48.793677087
[2023-06-26T21:36:51Z INFO  dt_instance] received at 2023-06-26 21:36:51.303135680 UTC - from mc-0->source-1 "693" 21:36:51.301940800
[2023-06-26T21:36:53Z INFO  dt_instance] received at 2023-06-26 21:36:53.808687235 UTC - from mc-0->source-1 "698" 21:36:53.807464639
[2023-06-26T21:36:56Z INFO  dt_instance] received at 2023-06-26 21:36:56.314993793 UTC - from mc-0->source-1 "703" 21:36:56.313496377
[2023-06-26T21:36:58Z INFO  dt_instance] received at 2023-06-26 21:36:58.819281787 UTC - from mc-0->source-1 "708" 21:36:58.817989708
[2023-06-26T21:37:01Z INFO  dt_instance] received at 2023-06-26 21:37:01.326794405 UTC - from mc-0->source-1 "713" 21:37:01.325392653
[2023-06-26T21:37:03Z INFO  dt_instance] received at 2023-06-26 21:37:03.832400328 UTC - from mc-0->source-9 "698" 21:37:03.831058062
[2023-06-26T21:37:06Z INFO  dt_instance] received at 2023-06-26 21:37:06.337748375 UTC - from mc-0->source-1 "723" 21:37:06.335922042
[2023-06-26T21:37:08Z INFO  dt_instance] received at 2023-06-26 21:37:08.842689537 UTC - from mc-0->source-1 "728" 21:37:08.841184310
[2023-06-26T21:37:11Z INFO  dt_instance] received at 2023-06-26 21:37:11.349981413 UTC - from mc-0->source-1 "733" 21:37:11.348731745
[2023-06-26T21:37:13Z INFO  dt_instance] received at 2023-06-26 21:37:13.857242948 UTC - from mc-0->source-1 "738" 21:37:13.854725653
[2023-06-26T21:37:16Z INFO  dt_instance] received at 2023-06-26 21:37:16.364231736 UTC - from mc-0->source-1 "743" 21:37:16.362594106
[2023-06-26T21:37:18Z INFO  dt_instance] received at 2023-06-26 21:37:18.870889020 UTC - from mc-0->source-1 "748" 21:37:18.869424165
[2023-06-26T21:37:21Z INFO  dt_instance] received at 2023-06-26 21:37:21.377522312 UTC - from mc-0->source-9 "733" 21:37:21.374055847
[2023-06-26T21:37:23Z INFO  dt_instance] received at 2023-06-26 21:37:23.882794683 UTC - from mc-0->source-9 "738" 21:37:23.880311853
[2023-06-26T21:37:26Z INFO  dt_instance] received at 2023-06-26 21:37:26.388468105 UTC - from mc-0->source-1 "763" 21:37:26.387123435
[2023-06-26T21:37:28Z INFO  dt_instance] received at 2023-06-26 21:37:28.895266387 UTC - from mc-0->source-9 "748" 21:37:28.893973495
[2023-06-26T21:37:31Z INFO  dt_instance] received at 2023-06-26 21:37:31.403694916 UTC - from mc-0->source-9 "753" 21:37:31.399937898
[2023-06-26T21:37:33Z INFO  dt_instance] received at 2023-06-26 21:37:33.908228208 UTC - from mc-0->source-9 "758" 21:37:33.906526137
[2023-06-26T21:37:36Z INFO  dt_instance] received at 2023-06-26 21:37:36.413312691 UTC - from mc-0->source-1 "783" 21:37:36.411938356
[2023-06-26T21:37:38Z INFO  dt_instance] received at 2023-06-26 21:37:38.919059250 UTC - from mc-0->source-1 "788" 21:37:38.917102565
[2023-06-26T21:37:41Z INFO  dt_instance] received at 2023-06-26 21:37:41.424162038 UTC - from mc-0->source-1 "793" 21:37:41.422697558
[2023-06-26T21:37:43Z INFO  dt_instance] received at 2023-06-26 21:37:43.930854585 UTC - from mc-0->source-1 "798" 21:37:43.929664627
[2023-06-26T21:37:46Z INFO  dt_instance] received at 2023-06-26 21:37:46.439064871 UTC - from mc-0->source-1 "803" 21:37:46.436044078
[2023-06-26T21:37:48Z INFO  dt_instance] received at 2023-06-26 21:37:48.943069025 UTC - from mc-0->source-1 "808" 21:37:48.942110833
[2023-06-26T21:37:51Z INFO  dt_instance] received at 2023-06-26 21:37:51.448513428 UTC - from mc-0->source-1 "813" 21:37:51.447277313
[2023-06-26T21:37:53Z INFO  dt_instance] received at 2023-06-26 21:37:53.954480799 UTC - from mc-0->source-1 "818" 21:37:53.952592139
[2023-06-26T21:37:56Z INFO  dt_instance] received at 2023-06-26 21:37:56.459520286 UTC - from mc-0->source-9 "803" 21:37:56.457874374
[2023-06-26T21:37:58Z INFO  dt_instance] received at 2023-06-26 21:37:58.965823747 UTC - from mc-0->source-1 "828" 21:37:58.964570229
[2023-06-26T21:38:01Z INFO  dt_instance] received at 2023-06-26 21:38:01.472533876 UTC - from mc-0->source-9 "813" 21:38:01.469933515
[2023-06-26T21:38:03Z INFO  dt_instance] received at 2023-06-26 21:38:03.977142155 UTC - from mc-0->source-9 "818" 21:38:03.975642064
[2023-06-26T21:38:06Z INFO  dt_instance] received at 2023-06-26 21:38:06.484138326 UTC - from mc-0->source-1 "843" 21:38:06.482719984
[2023-06-26T21:38:08Z INFO  dt_instance] received at 2023-06-26 21:38:08.991712582 UTC - from mc-0->source-9 "828" 21:38:08.990123545
[2023-06-26T21:38:11Z INFO  dt_instance] received at 2023-06-26 21:38:11.498304587 UTC - from mc-0->source-9 "833" 21:38:11.496780473
[2023-06-26T21:38:14Z INFO  dt_instance] received at 2023-06-26 21:38:14.006035858 UTC - from mc-0->source-9 "838" 21:38:14.004631098
[2023-06-26T21:38:16Z INFO  dt_instance] received at 2023-06-26 21:38:16.514756129 UTC - from mc-0->source-9 "843" 21:38:16.511663647
[2023-06-26T21:38:19Z INFO  dt_instance] received at 2023-06-26 21:38:19.018286955 UTC - from mc-0->source-9 "848" 21:38:19.016809783
[2023-06-26T21:38:21Z INFO  dt_instance] received at 2023-06-26 21:38:21.523177597 UTC - from mc-0->source-9 "853" 21:38:21.521708040
[2023-06-26T21:38:24Z INFO  dt_instance] received at 2023-06-26 21:38:24.029221516 UTC - from mc-0->source-9 "858" 21:38:24.027202201
[2023-06-26T21:38:26Z INFO  dt_instance] received at 2023-06-26 21:38:26.533048325 UTC - from mc-0->source-9 "863" 21:38:26.531951467
[2023-06-26T21:38:29Z INFO  dt_instance] received at 2023-06-26 21:38:29.038423718 UTC - from mc-0->source-9 "868" 21:38:29.037228888
[2023-06-26T21:38:31Z INFO  dt_instance] received at 2023-06-26 21:38:31.543590537 UTC - from mc-0->source-9 "873" 21:38:31.542550785
[2023-06-26T21:38:34Z INFO  dt_instance] received at 2023-06-26 21:38:34.048993961 UTC - from mc-0->source-9 "878" 21:38:34.047870141
[2023-06-26T21:38:36Z INFO  dt_instance] received at 2023-06-26 21:38:36.554157506 UTC - from mc-0->source-9 "883" 21:38:36.553079649
[2023-06-26T21:38:39Z INFO  dt_instance] received at 2023-06-26 21:38:39.060936021 UTC - from mc-0->source-9 "888" 21:38:39.059837557
[2023-06-26T21:38:41Z INFO  dt_instance] received at 2023-06-26 21:38:41.568149166 UTC - from mc-0->source-9 "893" 21:38:41.566714513
[2023-06-26T21:38:44Z INFO  dt_instance] received at 2023-06-26 21:38:44.073525279 UTC - from mc-0->source-9 "898" 21:38:44.072295331
[2023-06-26T21:38:46Z INFO  dt_instance] received at 2023-06-26 21:38:46.580283670 UTC - from mc-0->source-9 "903" 21:38:46.578586710
[2023-06-26T21:38:49Z INFO  dt_instance] received at 2023-06-26 21:38:49.086946847 UTC - from mc-0->source-9 "908" 21:38:49.085630372
[2023-06-26T21:38:51Z INFO  dt_instance] received at 2023-06-26 21:38:51.593881675 UTC - from mc-0->source-9 "913" 21:38:51.592670674
[2023-06-26T21:38:54Z INFO  dt_instance] received at 2023-06-26 21:38:54.100595646 UTC - from mc-0->source-9 "918" 21:38:54.099150590
[2023-06-26T21:38:56Z INFO  dt_instance] received at 2023-06-26 21:38:56.606831653 UTC - from mc-0->source-9 "923" 21:38:56.603878053
[2023-06-26T21:38:59Z INFO  dt_instance] received at 2023-06-26 21:38:59.112594920 UTC - from mc-0->source-9 "928" 21:38:59.110900290
[2023-06-26T21:39:01Z INFO  dt_instance] received at 2023-06-26 21:39:01.617963012 UTC - from mc-0->source-9 "933" 21:39:01.616616997
[2023-06-26T21:39:04Z INFO  dt_instance] received at 2023-06-26 21:39:04.124882241 UTC - from mc-0->source-9 "938" 21:39:04.123508291
[2023-06-26T21:39:06Z INFO  dt_instance] received at 2023-06-26 21:39:06.630449953 UTC - from mc-0->source-9 "943" 21:39:06.628979247
[2023-06-26T21:39:09Z INFO  dt_instance] received at 2023-06-26 21:39:09.135118581 UTC - from mc-0->source-9 "948" 21:39:09.133941544
[2023-06-26T21:39:11Z INFO  dt_instance] received at 2023-06-26 21:39:11.640926693 UTC - from mc-0->source-9 "953" 21:39:11.639475560
[2023-06-26T21:39:14Z INFO  dt_instance] received at 2023-06-26 21:39:14.145562173 UTC - from mc-0->source-9 "958" 21:39:14.144138831
[2023-06-26T21:39:16Z INFO  dt_instance] received at 2023-06-26 21:39:16.651929483 UTC - from mc-0->source-9 "963" 21:39:16.650621921
[2023-06-26T21:39:19Z INFO  dt_instance] received at 2023-06-26 21:39:19.157480175 UTC - from mc-0->source-9 "968" 21:39:19.156312546
[2023-06-26T21:39:21Z INFO  dt_instance] received at 2023-06-26 21:39:21.662264851 UTC - from mc-0->source-9 "973" 21:39:21.660807876
[2023-06-26T21:39:24Z INFO  dt_instance] received at 2023-06-26 21:39:24.358991256 UTC - from mc-0->source-8 "981" 21:39:24.357684776
[2023-06-26T21:39:27Z INFO  dt_instance] received at 2023-06-26 21:39:27.657731702 UTC - from mc-0->source-5 "995" 21:39:27.656367040
[2023-06-26T21:39:34Z INFO  dt_instance] received at 2023-06-26 21:39:34.692701961 UTC - from mc-0->source-9 "999" 21:39:34.691488321
