[2023-06-26T21:30:10Z INFO  dt_instance] Current Twin: mc-twin-2
[2023-06-26T21:30:10Z INFO  dt_instance] Replica Name twin-mc-stateful-2
[2023-06-26T21:30:10Z INFO  dt_instance] Sleeping for 100
[2023-06-26T21:31:50Z INFO  dt_instance] Connecting to broker at emqx.dtwins:1883
[2023-06-26T21:31:50Z INFO  dt_instance] Loggin info each 50 messages
[2023-06-26T21:31:50Z INFO  dt_instance] Set max packet size to 60000 KB.
[2023-06-26T21:31:51Z INFO  dt_instance] Refreshing topics for twin - Listen to mc-2/#
[2023-06-26T21:31:51Z INFO  dt_instance] SubAck { pkid: 1, return_codes: [Success(ExactlyOnce)] }
[2023-06-26T21:32:58Z INFO  dt_instance] received at 2023-06-26 21:32:58.562196827 UTC - from mc-2->source-2 "9" 21:32:58.559049735
[2023-06-26T21:33:01Z INFO  dt_instance] received at 2023-06-26 21:33:01.815429565 UTC - from mc-2->source-3 "13" 21:33:01.813973508
[2023-06-26T21:33:04Z INFO  dt_instance] received at 2023-06-26 21:33:04.324862431 UTC - from mc-2->source-1 "23" 21:33:04.323874853
[2023-06-26T21:33:06Z INFO  dt_instance] received at 2023-06-26 21:33:06.831139807 UTC - from mc-2->source-1 "28" 21:33:06.830107695
[2023-06-26T21:33:09Z INFO  dt_instance] received at 2023-06-26 21:33:09.336312684 UTC - from mc-2->source-1 "33" 21:33:09.335398070
[2023-06-26T21:33:11Z INFO  dt_instance] received at 2023-06-26 21:33:11.846455331 UTC - from mc-2->source-3 "33" 21:33:11.840631144
[2023-06-26T21:33:14Z INFO  dt_instance] received at 2023-06-26 21:33:14.347451592 UTC - from mc-2->source-3 "38" 21:33:14.346015399
[2023-06-26T21:33:16Z INFO  dt_instance] received at 2023-06-26 21:33:16.854456208 UTC - from mc-2->source-3 "43" 21:33:16.851703211
[2023-06-26T21:33:19Z INFO  dt_instance] received at 2023-06-26 21:33:19.359090775 UTC - from mc-2->source-3 "48" 21:33:19.357640977
[2023-06-26T21:33:21Z INFO  dt_instance] received at 2023-06-26 21:33:21.865651410 UTC - from mc-2->source-3 "53" 21:33:21.864147031
[2023-06-26T21:33:24Z INFO  dt_instance] received at 2023-06-26 21:33:24.374315003 UTC - from mc-2->source-3 "58" 21:33:24.372567775
[2023-06-26T21:33:26Z INFO  dt_instance] received at 2023-06-26 21:33:26.880950852 UTC - from mc-2->source-3 "63" 21:33:26.879175921
[2023-06-26T21:33:29Z INFO  dt_instance] received at 2023-06-26 21:33:29.387101260 UTC - from mc-2->source-3 "68" 21:33:29.385380791
[2023-06-26T21:33:31Z INFO  dt_instance] received at 2023-06-26 21:33:31.892868167 UTC - from mc-2->source-3 "73" 21:33:31.891706382
[2023-06-26T21:33:34Z INFO  dt_instance] received at 2023-06-26 21:33:34.398687799 UTC - from mc-2->source-3 "78" 21:33:34.397275234
[2023-06-26T21:33:36Z INFO  dt_instance] received at 2023-06-26 21:33:36.905155305 UTC - from mc-2->source-3 "83" 21:33:36.903585522
[2023-06-26T21:33:39Z INFO  dt_instance] received at 2023-06-26 21:33:39.410943639 UTC - from mc-2->source-3 "88" 21:33:39.409491704
[2023-06-26T21:33:41Z INFO  dt_instance] received at 2023-06-26 21:33:41.915683749 UTC - from mc-2->source-3 "93" 21:33:41.914637126
[2023-06-26T21:33:44Z INFO  dt_instance] received at 2023-06-26 21:33:44.421210960 UTC - from mc-2->source-3 "98" 21:33:44.420033010
[2023-06-26T21:33:46Z INFO  dt_instance] received at 2023-06-26 21:33:46.926782791 UTC - from mc-2->source-3 "103" 21:33:46.925197385
[2023-06-26T21:33:49Z INFO  dt_instance] received at 2023-06-26 21:33:49.433631322 UTC - from mc-2->source-3 "108" 21:33:49.432008421
[2023-06-26T21:33:51Z INFO  dt_instance] received at 2023-06-26 21:33:51.939012214 UTC - from mc-2->source-3 "113" 21:33:51.937345154
[2023-06-26T21:33:54Z INFO  dt_instance] received at 2023-06-26 21:33:54.443936538 UTC - from mc-2->source-3 "118" 21:33:54.442585533
[2023-06-26T21:33:56Z INFO  dt_instance] received at 2023-06-26 21:33:56.950538129 UTC - from mc-2->source-3 "123" 21:33:56.948832629
[2023-06-26T21:33:59Z INFO  dt_instance] received at 2023-06-26 21:33:59.455445370 UTC - from mc-2->source-3 "128" 21:33:59.454080993
[2023-06-26T21:34:01Z INFO  dt_instance] received at 2023-06-26 21:34:01.960584929 UTC - from mc-2->source-3 "133" 21:34:01.959378835
[2023-06-26T21:34:04Z INFO  dt_instance] received at 2023-06-26 21:34:04.465617159 UTC - from mc-2->source-3 "138" 21:34:04.464373707
[2023-06-26T21:34:06Z INFO  dt_instance] received at 2023-06-26 21:34:06.972411465 UTC - from mc-2->source-3 "143" 21:34:06.971030771
[2023-06-26T21:34:09Z INFO  dt_instance] received at 2023-06-26 21:34:09.478786946 UTC - from mc-2->source-3 "148" 21:34:09.477688719
[2023-06-26T21:34:11Z INFO  dt_instance] received at 2023-06-26 21:34:11.984716772 UTC - from mc-2->source-3 "153" 21:34:11.983214605
[2023-06-26T21:34:14Z INFO  dt_instance] received at 2023-06-26 21:34:14.489783433 UTC - from mc-2->source-3 "158" 21:34:14.488226966
[2023-06-26T21:34:16Z INFO  dt_instance] received at 2023-06-26 21:34:16.995066013 UTC - from mc-2->source-3 "163" 21:34:16.993675845
[2023-06-26T21:34:19Z INFO  dt_instance] received at 2023-06-26 21:34:19.500806530 UTC - from mc-2->source-7 "158" 21:34:19.498952998
[2023-06-26T21:34:22Z INFO  dt_instance] received at 2023-06-26 21:34:22.013992240 UTC - from mc-2->source-1 "178" 21:34:22.006061421
[2023-06-26T21:34:24Z INFO  dt_instance] received at 2023-06-26 21:34:24.518511167 UTC - from mc-2->source-5 "173" 21:34:24.516157330
[2023-06-26T21:34:27Z INFO  dt_instance] received at 2023-06-26 21:34:27.024587483 UTC - from mc-2->source-5 "178" 21:34:27.023288575
[2023-06-26T21:34:29Z INFO  dt_instance] received at 2023-06-26 21:34:29.531346668 UTC - from mc-2->source-7 "178" 21:34:29.529210841
[2023-06-26T21:34:32Z INFO  dt_instance] received at 2023-06-26 21:34:32.040105827 UTC - from mc-2->source-5 "188" 21:34:32.038831468
[2023-06-26T21:34:34Z INFO  dt_instance] received at 2023-06-26 21:34:34.546785138 UTC - from mc-2->source-5 "193" 21:34:34.544810074
[2023-06-26T21:34:37Z INFO  dt_instance] received at 2023-06-26 21:34:37.052975149 UTC - from mc-2->source-3 "203" 21:34:37.051726090
[2023-06-26T21:34:39Z INFO  dt_instance] received at 2023-06-26 21:34:39.560921077 UTC - from mc-2->source-9 "193" 21:34:39.559297658
[2023-06-26T21:34:42Z INFO  dt_instance] received at 2023-06-26 21:34:42.067829422 UTC - from mc-2->source-9 "198" 21:34:42.066286736
[2023-06-26T21:34:44Z INFO  dt_instance] received at 2023-06-26 21:34:44.575447362 UTC - from mc-2->source-5 "213" 21:34:44.569795842
[2023-06-26T21:34:47Z INFO  dt_instance] received at 2023-06-26 21:34:47.081217091 UTC - from mc-2->source-5 "218" 21:34:47.079405518
[2023-06-26T21:34:49Z INFO  dt_instance] received at 2023-06-26 21:34:49.587603511 UTC - from mc-2->source-5 "223" 21:34:49.585460126
[2023-06-26T21:34:52Z INFO  dt_instance] received at 2023-06-26 21:34:52.093329687 UTC - from mc-2->source-3 "233" 21:34:52.092273281
[2023-06-26T21:34:54Z INFO  dt_instance] received at 2023-06-26 21:34:54.599864046 UTC - from mc-2->source-3 "238" 21:34:54.598598069
[2023-06-26T21:34:57Z INFO  dt_instance] received at 2023-06-26 21:34:57.105967055 UTC - from mc-2->source-3 "243" 21:34:57.104458739
[2023-06-26T21:34:59Z INFO  dt_instance] received at 2023-06-26 21:34:59.611538778 UTC - from mc-2->source-1 "253" 21:34:59.610715106
[2023-06-26T21:35:02Z INFO  dt_instance] received at 2023-06-26 21:35:02.117753785 UTC - from mc-2->source-1 "258" 21:35:02.116122579
[2023-06-26T21:35:04Z INFO  dt_instance] received at 2023-06-26 21:35:04.621907866 UTC - from mc-2->source-1 "263" 21:35:04.621138990
[2023-06-26T21:35:07Z INFO  dt_instance] received at 2023-06-26 21:35:07.129838603 UTC - from mc-2->source-3 "263" 21:35:07.127460953
[2023-06-26T21:35:09Z INFO  dt_instance] received at 2023-06-26 21:35:09.634414678 UTC - from mc-2->source-1 "273" 21:35:09.633383294
[2023-06-26T21:35:12Z INFO  dt_instance] received at 2023-06-26 21:35:12.145533699 UTC - from mc-2->source-3 "273" 21:35:12.141108262
[2023-06-26T21:35:14Z INFO  dt_instance] received at 2023-06-26 21:35:14.649286370 UTC - from mc-2->source-3 "278" 21:35:14.647149992
[2023-06-26T21:35:17Z INFO  dt_instance] received at 2023-06-26 21:35:17.155489799 UTC - from mc-2->source-3 "283" 21:35:17.153962124
[2023-06-26T21:35:19Z INFO  dt_instance] received at 2023-06-26 21:35:19.660874189 UTC - from mc-2->source-5 "283" 21:35:19.659358408
[2023-06-26T21:35:22Z INFO  dt_instance] received at 2023-06-26 21:35:22.168879012 UTC - from mc-2->source-5 "288" 21:35:22.166664839
[2023-06-26T21:35:24Z INFO  dt_instance] received at 2023-06-26 21:35:24.683404408 UTC - from mc-2->source-3 "298" 21:35:24.676720052
[2023-06-26T21:35:27Z INFO  dt_instance] received at 2023-06-26 21:35:27.188031895 UTC - from mc-2->source-1 "308" 21:35:27.187247230
[2023-06-26T21:35:29Z INFO  dt_instance] received at 2023-06-26 21:35:29.698432704 UTC - from mc-2->source-3 "308" 21:35:29.697447917
[2023-06-26T21:35:32Z INFO  dt_instance] received at 2023-06-26 21:35:32.206263303 UTC - from mc-2->source-3 "313" 21:35:32.203024048
[2023-06-26T21:35:34Z INFO  dt_instance] received at 2023-06-26 21:35:34.711199241 UTC - from mc-2->source-3 "318" 21:35:34.710085347
[2023-06-26T21:35:37Z INFO  dt_instance] received at 2023-06-26 21:35:37.218422025 UTC - from mc-2->source-3 "323" 21:35:37.216876794
[2023-06-26T21:35:39Z INFO  dt_instance] received at 2023-06-26 21:35:39.725071967 UTC - from mc-2->source-3 "328" 21:35:39.723691516
[2023-06-26T21:35:42Z INFO  dt_instance] received at 2023-06-26 21:35:42.230576663 UTC - from mc-2->source-3 "333" 21:35:42.229022427
[2023-06-26T21:35:44Z INFO  dt_instance] received at 2023-06-26 21:35:44.737936256 UTC - from mc-2->source-3 "338" 21:35:44.734682608
[2023-06-26T21:35:47Z INFO  dt_instance] received at 2023-06-26 21:35:47.243352439 UTC - from mc-2->source-3 "343" 21:35:47.241235977
[2023-06-26T21:35:49Z INFO  dt_instance] received at 2023-06-26 21:35:49.749037679 UTC - from mc-2->source-3 "348" 21:35:49.747715303
[2023-06-26T21:35:52Z INFO  dt_instance] received at 2023-06-26 21:35:52.254344824 UTC - from mc-2->source-3 "353" 21:35:52.252888386
[2023-06-26T21:35:54Z INFO  dt_instance] received at 2023-06-26 21:35:54.760828369 UTC - from mc-2->source-3 "358" 21:35:54.759628067
[2023-06-26T21:35:57Z INFO  dt_instance] received at 2023-06-26 21:35:57.267463597 UTC - from mc-2->source-3 "363" 21:35:57.265984823
[2023-06-26T21:35:59Z INFO  dt_instance] received at 2023-06-26 21:35:59.772051661 UTC - from mc-2->source-3 "368" 21:35:59.770382692
[2023-06-26T21:36:02Z INFO  dt_instance] received at 2023-06-26 21:36:02.278103994 UTC - from mc-2->source-3 "373" 21:36:02.277066762
[2023-06-26T21:36:04Z INFO  dt_instance] received at 2023-06-26 21:36:04.789038027 UTC - from mc-2->source-3 "378" 21:36:04.784610471
[2023-06-26T21:36:07Z INFO  dt_instance] received at 2023-06-26 21:36:07.292775627 UTC - from mc-2->source-3 "383" 21:36:07.291385029
[2023-06-26T21:36:09Z INFO  dt_instance] received at 2023-06-26 21:36:09.798963453 UTC - from mc-2->source-3 "388" 21:36:09.796690444
[2023-06-26T21:36:12Z INFO  dt_instance] received at 2023-06-26 21:36:12.313052742 UTC - from mc-2->source-3 "393" 21:36:12.310900214
[2023-06-26T21:36:14Z INFO  dt_instance] received at 2023-06-26 21:36:14.823162274 UTC - from mc-2->source-3 "398" 21:36:14.821582218
[2023-06-26T21:36:17Z INFO  dt_instance] received at 2023-06-26 21:36:17.328798967 UTC - from mc-2->source-3 "403" 21:36:17.327447023
[2023-06-26T21:36:19Z INFO  dt_instance] received at 2023-06-26 21:36:19.834804114 UTC - from mc-2->source-3 "408" 21:36:19.833622192
[2023-06-26T21:36:22Z INFO  dt_instance] received at 2023-06-26 21:36:22.340143388 UTC - from mc-2->source-3 "413" 21:36:22.339003964
[2023-06-26T21:36:24Z INFO  dt_instance] received at 2023-06-26 21:36:24.846477150 UTC - from mc-2->source-3 "418" 21:36:24.845232730
[2023-06-26T21:36:27Z INFO  dt_instance] received at 2023-06-26 21:36:27.352152843 UTC - from mc-2->source-3 "423" 21:36:27.350735832
[2023-06-26T21:36:29Z INFO  dt_instance] received at 2023-06-26 21:36:29.857776348 UTC - from mc-2->source-3 "428" 21:36:29.856288632
[2023-06-26T21:36:32Z INFO  dt_instance] received at 2023-06-26 21:36:32.365363528 UTC - from mc-2->source-3 "433" 21:36:32.363221399
[2023-06-26T21:36:34Z INFO  dt_instance] received at 2023-06-26 21:36:34.871516831 UTC - from mc-2->source-3 "438" 21:36:34.869757119
[2023-06-26T21:36:37Z INFO  dt_instance] received at 2023-06-26 21:36:37.376588110 UTC - from mc-2->source-3 "443" 21:36:37.375447539
[2023-06-26T21:36:39Z INFO  dt_instance] received at 2023-06-26 21:36:39.881946628 UTC - from mc-2->source-3 "448" 21:36:39.880461885
[2023-06-26T21:36:42Z INFO  dt_instance] received at 2023-06-26 21:36:42.386967966 UTC - from mc-2->source-3 "453" 21:36:42.385582435
[2023-06-26T21:36:44Z INFO  dt_instance] received at 2023-06-26 21:36:44.894239550 UTC - from mc-2->source-3 "458" 21:36:44.892526592
[2023-06-26T21:36:47Z INFO  dt_instance] received at 2023-06-26 21:36:47.398962342 UTC - from mc-2->source-3 "463" 21:36:47.397761696
[2023-06-26T21:36:49Z INFO  dt_instance] received at 2023-06-26 21:36:49.903518030 UTC - from mc-2->source-3 "468" 21:36:49.902269005
[2023-06-26T21:36:52Z INFO  dt_instance] received at 2023-06-26 21:36:52.410779776 UTC - from mc-2->source-3 "473" 21:36:52.409687995
[2023-06-26T21:36:54Z INFO  dt_instance] received at 2023-06-26 21:36:54.915807805 UTC - from mc-2->source-3 "478" 21:36:54.914469980
[2023-06-26T21:36:57Z INFO  dt_instance] received at 2023-06-26 21:36:57.421567389 UTC - from mc-2->source-3 "483" 21:36:57.420126329
[2023-06-26T21:36:59Z INFO  dt_instance] received at 2023-06-26 21:36:59.927070920 UTC - from mc-2->source-3 "488" 21:36:59.925927544
[2023-06-26T21:37:02Z INFO  dt_instance] received at 2023-06-26 21:37:02.432362029 UTC - from mc-2->source-3 "493" 21:37:02.431033078
[2023-06-26T21:37:04Z INFO  dt_instance] received at 2023-06-26 21:37:04.938069618 UTC - from mc-2->source-3 "498" 21:37:04.936338015
[2023-06-26T21:37:07Z INFO  dt_instance] received at 2023-06-26 21:37:07.442336763 UTC - from mc-2->source-3 "503" 21:37:07.441135242
[2023-06-26T21:37:09Z INFO  dt_instance] received at 2023-06-26 21:37:09.948220934 UTC - from mc-2->source-3 "508" 21:37:09.946615575
[2023-06-26T21:37:12Z INFO  dt_instance] received at 2023-06-26 21:37:12.452831768 UTC - from mc-2->source-3 "513" 21:37:12.451414930
[2023-06-26T21:37:14Z INFO  dt_instance] received at 2023-06-26 21:37:14.959828548 UTC - from mc-2->source-3 "518" 21:37:14.958061808
[2023-06-26T21:37:17Z INFO  dt_instance] received at 2023-06-26 21:37:17.466121106 UTC - from mc-2->source-3 "523" 21:37:17.463584783
[2023-06-26T21:37:19Z INFO  dt_instance] received at 2023-06-26 21:37:19.970107970 UTC - from mc-2->source-3 "528" 21:37:19.968506262
[2023-06-26T21:37:22Z INFO  dt_instance] received at 2023-06-26 21:37:22.475894464 UTC - from mc-2->source-3 "533" 21:37:22.474577600
[2023-06-26T21:37:24Z INFO  dt_instance] received at 2023-06-26 21:37:24.982081857 UTC - from mc-2->source-3 "538" 21:37:24.980713566
[2023-06-26T21:37:27Z INFO  dt_instance] received at 2023-06-26 21:37:27.486665173 UTC - from mc-2->source-3 "543" 21:37:27.485479647
[2023-06-26T21:37:29Z INFO  dt_instance] received at 2023-06-26 21:37:29.991588056 UTC - from mc-2->source-3 "548" 21:37:29.990471547
[2023-06-26T21:37:32Z INFO  dt_instance] received at 2023-06-26 21:37:32.498523392 UTC - from mc-2->source-3 "553" 21:37:32.497112980
[2023-06-26T21:37:35Z INFO  dt_instance] received at 2023-06-26 21:37:35.010813913 UTC - from mc-2->source-3 "558" 21:37:35.002325965
[2023-06-26T21:37:37Z INFO  dt_instance] received at 2023-06-26 21:37:37.509176264 UTC - from mc-2->source-3 "563" 21:37:37.507785534
[2023-06-26T21:37:40Z INFO  dt_instance] received at 2023-06-26 21:37:40.016717846 UTC - from mc-2->source-7 "558" 21:37:40.011416880
[2023-06-26T21:37:42Z INFO  dt_instance] received at 2023-06-26 21:37:42.521036918 UTC - from mc-2->source-7 "563" 21:37:42.519722344
[2023-06-26T21:37:45Z INFO  dt_instance] received at 2023-06-26 21:37:45.026935027 UTC - from mc-2->source-7 "568" 21:37:45.025350168
[2023-06-26T21:37:47Z INFO  dt_instance] received at 2023-06-26 21:37:47.531671864 UTC - from mc-2->source-3 "583" 21:37:47.530528532
[2023-06-26T21:37:50Z INFO  dt_instance] received at 2023-06-26 21:37:50.039392827 UTC - from mc-2->source-3 "588" 21:37:50.037959597
[2023-06-26T21:37:52Z INFO  dt_instance] received at 2023-06-26 21:37:52.545745715 UTC - from mc-2->source-3 "593" 21:37:52.543815013
[2023-06-26T21:37:55Z INFO  dt_instance] received at 2023-06-26 21:37:55.051375033 UTC - from mc-2->source-7 "588" 21:37:55.049707089
[2023-06-26T21:37:57Z INFO  dt_instance] received at 2023-06-26 21:37:57.559909773 UTC - from mc-2->source-1 "608" 21:37:57.559101067
[2023-06-26T21:38:00Z INFO  dt_instance] received at 2023-06-26 21:38:00.067761864 UTC - from mc-2->source-1 "613" 21:38:00.066591565
[2023-06-26T21:38:02Z INFO  dt_instance] received at 2023-06-26 21:38:02.572990049 UTC - from mc-2->source-1 "618" 21:38:02.572026078
[2023-06-26T21:38:05Z INFO  dt_instance] received at 2023-06-26 21:38:05.078248140 UTC - from mc-2->source-1 "623" 21:38:05.077350684
[2023-06-26T21:38:07Z INFO  dt_instance] received at 2023-06-26 21:38:07.584974220 UTC - from mc-2->source-1 "628" 21:38:07.584162886
[2023-06-26T21:38:10Z INFO  dt_instance] received at 2023-06-26 21:38:10.093391111 UTC - from mc-2->source-1 "633" 21:38:10.091534747
[2023-06-26T21:38:12Z INFO  dt_instance] received at 2023-06-26 21:38:12.597162667 UTC - from mc-2->source-1 "638" 21:38:12.596224705
[2023-06-26T21:38:15Z INFO  dt_instance] received at 2023-06-26 21:38:15.104981715 UTC - from mc-2->source-1 "643" 21:38:15.103985685
[2023-06-26T21:38:17Z INFO  dt_instance] received at 2023-06-26 21:38:17.609486694 UTC - from mc-2->source-1 "648" 21:38:17.608453969
[2023-06-26T21:38:20Z INFO  dt_instance] received at 2023-06-26 21:38:20.114640427 UTC - from mc-2->source-1 "653" 21:38:20.113553728
[2023-06-26T21:38:22Z INFO  dt_instance] received at 2023-06-26 21:38:22.620128437 UTC - from mc-2->source-1 "658" 21:38:22.619275851
[2023-06-26T21:38:25Z INFO  dt_instance] received at 2023-06-26 21:38:25.132286651 UTC - from mc-2->source-1 "663" 21:38:25.124438081
[2023-06-26T21:38:27Z INFO  dt_instance] received at 2023-06-26 21:38:27.630083942 UTC - from mc-2->source-1 "668" 21:38:27.629216291
[2023-06-26T21:38:30Z INFO  dt_instance] received at 2023-06-26 21:38:30.138470889 UTC - from mc-2->source-1 "673" 21:38:30.137507664
[2023-06-26T21:38:32Z INFO  dt_instance] received at 2023-06-26 21:38:32.652078640 UTC - from mc-2->source-7 "663" 21:38:32.647640581
[2023-06-26T21:38:35Z INFO  dt_instance] received at 2023-06-26 21:38:35.157665259 UTC - from mc-2->source-7 "668" 21:38:35.155602010
[2023-06-26T21:38:37Z INFO  dt_instance] received at 2023-06-26 21:38:37.664222141 UTC - from mc-2->source-3 "683" 21:38:37.662468139
[2023-06-26T21:38:40Z INFO  dt_instance] received at 2023-06-26 21:38:40.170591888 UTC - from mc-2->source-7 "678" 21:38:40.169571346
[2023-06-26T21:38:42Z INFO  dt_instance] received at 2023-06-26 21:38:42.676424472 UTC - from mc-2->source-7 "683" 21:38:42.674188540
[2023-06-26T21:38:45Z INFO  dt_instance] received at 2023-06-26 21:38:45.183212995 UTC - from mc-2->source-3 "698" 21:38:45.180910093
[2023-06-26T21:38:47Z INFO  dt_instance] received at 2023-06-26 21:38:47.687903162 UTC - from mc-2->source-1 "708" 21:38:47.687142759
[2023-06-26T21:38:50Z INFO  dt_instance] received at 2023-06-26 21:38:50.193763818 UTC - from mc-2->source-1 "713" 21:38:50.192247658
[2023-06-26T21:38:52Z INFO  dt_instance] received at 2023-06-26 21:38:52.698284582 UTC - from mc-2->source-5 "708" 21:38:52.697276982
[2023-06-26T21:38:55Z INFO  dt_instance] received at 2023-06-26 21:38:55.204448756 UTC - from mc-2->source-5 "713" 21:38:55.203362641
[2023-06-26T21:38:57Z INFO  dt_instance] received at 2023-06-26 21:38:57.711469113 UTC - from mc-2->source-5 "718" 21:38:57.710146930
[2023-06-26T21:39:00Z INFO  dt_instance] received at 2023-06-26 21:39:00.219193870 UTC - from mc-2->source-5 "723" 21:39:00.215347495
[2023-06-26T21:39:02Z INFO  dt_instance] received at 2023-06-26 21:39:02.721963784 UTC - from mc-2->source-5 "728" 21:39:02.720541480
[2023-06-26T21:39:05Z INFO  dt_instance] received at 2023-06-26 21:39:05.232209882 UTC - from mc-2->source-5 "733" 21:39:05.230763146
[2023-06-26T21:39:07Z INFO  dt_instance] received at 2023-06-26 21:39:07.738289728 UTC - from mc-2->source-5 "738" 21:39:07.736984611
[2023-06-26T21:39:10Z INFO  dt_instance] received at 2023-06-26 21:39:10.242932667 UTC - from mc-2->source-5 "743" 21:39:10.241776158
[2023-06-26T21:39:12Z INFO  dt_instance] received at 2023-06-26 21:39:12.748965087 UTC - from mc-2->source-5 "748" 21:39:12.747382189
[2023-06-26T21:39:15Z INFO  dt_instance] received at 2023-06-26 21:39:15.254755203 UTC - from mc-2->source-3 "758" 21:39:15.253897312
[2023-06-26T21:39:17Z INFO  dt_instance] received at 2023-06-26 21:39:17.761688706 UTC - from mc-2->source-3 "763" 21:39:17.760039549
[2023-06-26T21:39:20Z INFO  dt_instance] received at 2023-06-26 21:39:20.268299961 UTC - from mc-2->source-3 "768" 21:39:20.266903312
[2023-06-26T21:39:22Z INFO  dt_instance] received at 2023-06-26 21:39:22.775108432 UTC - from mc-2->source-3 "773" 21:39:22.773139652
[2023-06-26T21:39:25Z INFO  dt_instance] received at 2023-06-26 21:39:25.279864066 UTC - from mc-2->source-3 "778" 21:39:25.278791417
[2023-06-26T21:39:27Z INFO  dt_instance] received at 2023-06-26 21:39:27.785993110 UTC - from mc-2->source-3 "783" 21:39:27.784479266
[2023-06-26T21:39:30Z INFO  dt_instance] received at 2023-06-26 21:39:30.290863403 UTC - from mc-2->source-3 "788" 21:39:30.289248353
[2023-06-26T21:39:32Z INFO  dt_instance] received at 2023-06-26 21:39:32.795900161 UTC - from mc-2->source-3 "793" 21:39:32.794606043
[2023-06-26T21:39:35Z INFO  dt_instance] received at 2023-06-26 21:39:35.300996342 UTC - from mc-2->source-3 "798" 21:39:35.299636233
[2023-06-26T21:39:37Z INFO  dt_instance] received at 2023-06-26 21:39:37.806558515 UTC - from mc-2->source-3 "803" 21:39:37.805025935
[2023-06-26T21:39:40Z INFO  dt_instance] received at 2023-06-26 21:39:40.312336618 UTC - from mc-2->source-3 "808" 21:39:40.311101873
[2023-06-26T21:39:42Z INFO  dt_instance] received at 2023-06-26 21:39:42.818403584 UTC - from mc-2->source-3 "813" 21:39:42.817226453
[2023-06-26T21:39:45Z INFO  dt_instance] received at 2023-06-26 21:39:45.326009908 UTC - from mc-2->source-3 "818" 21:39:45.324363940
[2023-06-26T21:39:47Z INFO  dt_instance] received at 2023-06-26 21:39:47.832429030 UTC - from mc-2->source-3 "823" 21:39:47.830763861
[2023-06-26T21:39:50Z INFO  dt_instance] received at 2023-06-26 21:39:50.337018061 UTC - from mc-2->source-3 "828" 21:39:50.335909853
[2023-06-26T21:39:52Z INFO  dt_instance] received at 2023-06-26 21:39:52.843063405 UTC - from mc-2->source-3 "833" 21:39:52.840270192
[2023-06-26T21:39:55Z INFO  dt_instance] received at 2023-06-26 21:39:55.347508123 UTC - from mc-2->source-3 "838" 21:39:55.345466325
[2023-06-26T21:39:57Z INFO  dt_instance] received at 2023-06-26 21:39:57.851752124 UTC - from mc-2->source-5 "838" 21:39:57.850474388
[2023-06-26T21:40:00Z INFO  dt_instance] received at 2023-06-26 21:40:00.357667286 UTC - from mc-2->source-3 "848" 21:40:00.356412750
[2023-06-26T21:40:02Z INFO  dt_instance] received at 2023-06-26 21:40:02.864338593 UTC - from mc-2->source-5 "848" 21:40:02.863088997
[2023-06-26T21:40:05Z INFO  dt_instance] received at 2023-06-26 21:40:05.369206932 UTC - from mc-2->source-5 "853" 21:40:05.368156212
[2023-06-26T21:40:07Z INFO  dt_instance] received at 2023-06-26 21:40:07.877455491 UTC - from mc-2->source-5 "858" 21:40:07.875958155
[2023-06-26T21:40:10Z INFO  dt_instance] received at 2023-06-26 21:40:10.382996532 UTC - from mc-2->source-5 "863" 21:40:10.381759932
[2023-06-26T21:40:12Z INFO  dt_instance] received at 2023-06-26 21:40:12.888937934 UTC - from mc-2->source-5 "868" 21:40:12.887663475
[2023-06-26T21:40:15Z INFO  dt_instance] received at 2023-06-26 21:40:15.395505595 UTC - from mc-2->source-5 "873" 21:40:15.394388227
[2023-06-26T21:40:17Z INFO  dt_instance] received at 2023-06-26 21:40:17.902078312 UTC - from mc-2->source-5 "878" 21:40:17.900851295
[2023-06-26T21:40:20Z INFO  dt_instance] received at 2023-06-26 21:40:20.408396960 UTC - from mc-2->source-5 "883" 21:40:20.406887740
[2023-06-26T21:40:22Z INFO  dt_instance] received at 2023-06-26 21:40:22.913385783 UTC - from mc-2->source-5 "888" 21:40:22.912177324
[2023-06-26T21:40:25Z INFO  dt_instance] received at 2023-06-26 21:40:25.422630610 UTC - from mc-2->source-5 "893" 21:40:25.420132025
[2023-06-26T21:40:27Z INFO  dt_instance] received at 2023-06-26 21:40:27.926636881 UTC - from mc-2->source-5 "898" 21:40:27.925293885
[2023-06-26T21:40:30Z INFO  dt_instance] received at 2023-06-26 21:40:30.432329346 UTC - from mc-2->source-5 "903" 21:40:30.430333287
[2023-06-26T21:40:32Z INFO  dt_instance] received at 2023-06-26 21:40:32.936304494 UTC - from mc-2->source-5 "908" 21:40:32.935197904
[2023-06-26T21:40:35Z INFO  dt_instance] received at 2023-06-26 21:40:35.442191047 UTC - from mc-2->source-5 "913" 21:40:35.441070833
[2023-06-26T21:40:37Z INFO  dt_instance] received at 2023-06-26 21:40:37.950220422 UTC - from mc-2->source-5 "918" 21:40:37.947513963
[2023-06-26T21:40:40Z INFO  dt_instance] received at 2023-06-26 21:40:40.453629384 UTC - from mc-2->source-5 "923" 21:40:40.452457019
[2023-06-26T21:40:42Z INFO  dt_instance] received at 2023-06-26 21:40:42.961584478 UTC - from mc-2->source-5 "928" 21:40:42.958895443
[2023-06-26T21:40:45Z INFO  dt_instance] received at 2023-06-26 21:40:45.464919139 UTC - from mc-2->source-5 "933" 21:40:45.463429952
[2023-06-26T21:40:47Z INFO  dt_instance] received at 2023-06-26 21:40:47.969798507 UTC - from mc-2->source-5 "938" 21:40:47.968391916
[2023-06-26T21:40:50Z INFO  dt_instance] received at 2023-06-26 21:40:50.475720092 UTC - from mc-2->source-3 "948" 21:40:50.474221292
[2023-06-26T21:40:52Z INFO  dt_instance] received at 2023-06-26 21:40:52.985006349 UTC - from mc-2->source-5 "948" 21:40:52.980006622
[2023-06-26T21:40:55Z INFO  dt_instance] received at 2023-06-26 21:40:55.489220115 UTC - from mc-2->source-3 "958" 21:40:55.485433266
[2023-06-26T21:40:57Z INFO  dt_instance] received at 2023-06-26 21:40:57.992898301 UTC - from mc-2->source-3 "963" 21:40:57.991886357
[2023-06-26T21:41:00Z INFO  dt_instance] received at 2023-06-26 21:41:00.500588168 UTC - from mc-2->source-3 "968" 21:41:00.497306097
[2023-06-26T21:41:03Z INFO  dt_instance] received at 2023-06-26 21:41:03.006623448 UTC - from mc-2->source-5 "968" 21:41:03.005330422
[2023-06-26T21:41:05Z INFO  dt_instance] received at 2023-06-26 21:41:05.512892700 UTC - from mc-2->source-3 "978" 21:41:05.511796856
[2023-06-26T21:41:08Z INFO  dt_instance] received at 2023-06-26 21:41:08.024782495 UTC - from mc-2->source-5 "978" 21:41:08.021539588
[2023-06-26T21:41:10Z INFO  dt_instance] received at 2023-06-26 21:41:10.530649391 UTC - from mc-2->source-3 "988" 21:41:10.529155566
[2023-06-26T21:41:13Z INFO  dt_instance] received at 2023-06-26 21:41:13.266221871 UTC - from mc-2->source-8 "981" 21:41:13.264176052
[2023-06-26T21:41:16Z INFO  dt_instance] received at 2023-06-26 21:41:16.504927480 UTC - from mc-2->source-9 "985" 21:41:16.502485133
[2023-06-26T21:41:23Z INFO  dt_instance] received at 2023-06-26 21:41:23.521384390 UTC - from mc-2->source-9 "999" 21:41:23.520245612
