[2023-06-26T21:30:18Z INFO  dt_instance] Current Twin: mc-twin-4
[2023-06-26T21:30:18Z INFO  dt_instance] Replica Name twin-mc-stateful-4
[2023-06-26T21:30:18Z INFO  dt_instance] Sleeping for 200
[2023-06-26T21:33:38Z INFO  dt_instance] Connecting to broker at emqx.dtwins:1883
[2023-06-26T21:33:38Z INFO  dt_instance] Loggin info each 50 messages
[2023-06-26T21:33:38Z INFO  dt_instance] Set max packet size to 60000 KB.
[2023-06-26T21:33:38Z INFO  dt_instance] Refreshing topics for twin - Listen to mc-4/#
[2023-06-26T21:33:38Z INFO  dt_instance] SubAck { pkid: 1, return_codes: [Success(ExactlyOnce)] }
[2023-06-26T21:34:46Z INFO  dt_instance] received at 2023-06-26 21:34:46.465285990 UTC - from mc-4->source-2 "9" 21:34:46.462324985
[2023-06-26T21:34:49Z INFO  dt_instance] received at 2023-06-26 21:34:49.719814717 UTC - from mc-4->source-3 "13" 21:34:49.718180009
[2023-06-26T21:34:52Z INFO  dt_instance] received at 2023-06-26 21:34:52.230613179 UTC - from mc-4->source-1 "23" 21:34:52.229118987
[2023-06-26T21:34:54Z INFO  dt_instance] received at 2023-06-26 21:34:54.736240233 UTC - from mc-4->source-1 "28" 21:34:54.735082158
[2023-06-26T21:34:57Z INFO  dt_instance] received at 2023-06-26 21:34:57.244703897 UTC - from mc-4->source-1 "33" 21:34:57.243201666
[2023-06-26T21:34:59Z INFO  dt_instance] received at 2023-06-26 21:34:59.750312482 UTC - from mc-4->source-1 "38" 21:34:59.748438526
[2023-06-26T21:35:02Z INFO  dt_instance] received at 2023-06-26 21:35:02.256028601 UTC - from mc-4->source-1 "43" 21:35:02.253232673
[2023-06-26T21:35:04Z INFO  dt_instance] received at 2023-06-26 21:35:04.763206125 UTC - from mc-4->source-1 "48" 21:35:04.758470047
[2023-06-26T21:35:07Z INFO  dt_instance] received at 2023-06-26 21:35:07.265574573 UTC - from mc-4->source-1 "53" 21:35:07.264142752
[2023-06-26T21:35:09Z INFO  dt_instance] received at 2023-06-26 21:35:09.771475902 UTC - from mc-4->source-1 "58" 21:35:09.770142404
[2023-06-26T21:35:12Z INFO  dt_instance] received at 2023-06-26 21:35:12.278333223 UTC - from mc-4->source-1 "63" 21:35:12.276765480
[2023-06-26T21:35:14Z INFO  dt_instance] received at 2023-06-26 21:35:14.785505337 UTC - from mc-4->source-1 "68" 21:35:14.782719280
[2023-06-26T21:35:17Z INFO  dt_instance] received at 2023-06-26 21:35:17.290860949 UTC - from mc-4->source-1 "73" 21:35:17.289831030
[2023-06-26T21:35:19Z INFO  dt_instance] received at 2023-06-26 21:35:19.799864462 UTC - from mc-4->source-1 "78" 21:35:19.798269752
[2023-06-26T21:35:22Z INFO  dt_instance] received at 2023-06-26 21:35:22.305060174 UTC - from mc-4->source-1 "83" 21:35:22.303661520
[2023-06-26T21:35:24Z INFO  dt_instance] received at 2023-06-26 21:35:24.811583351 UTC - from mc-4->source-1 "88" 21:35:24.810231453
[2023-06-26T21:35:27Z INFO  dt_instance] received at 2023-06-26 21:35:27.317680584 UTC - from mc-4->source-1 "93" 21:35:27.316521018
[2023-06-26T21:35:29Z INFO  dt_instance] received at 2023-06-26 21:35:29.823715916 UTC - from mc-4->source-1 "98" 21:35:29.822553118
[2023-06-26T21:35:32Z INFO  dt_instance] received at 2023-06-26 21:35:32.329208325 UTC - from mc-4->source-1 "103" 21:35:32.327645987
[2023-06-26T21:35:34Z INFO  dt_instance] received at 2023-06-26 21:35:34.834345544 UTC - from mc-4->source-1 "108" 21:35:34.833150582
[2023-06-26T21:35:37Z INFO  dt_instance] received at 2023-06-26 21:35:37.341636715 UTC - from mc-4->source-1 "113" 21:35:37.340209870
[2023-06-26T21:35:39Z INFO  dt_instance] received at 2023-06-26 21:35:39.847562453 UTC - from mc-4->source-1 "118" 21:35:39.846521750
[2023-06-26T21:35:42Z INFO  dt_instance] received at 2023-06-26 21:35:42.352842569 UTC - from mc-4->source-1 "123" 21:35:42.351584993
[2023-06-26T21:35:44Z INFO  dt_instance] received at 2023-06-26 21:35:44.858492099 UTC - from mc-4->source-1 "128" 21:35:44.857243208
[2023-06-26T21:35:47Z INFO  dt_instance] received at 2023-06-26 21:35:47.365790744 UTC - from mc-4->source-1 "133" 21:35:47.364182477
[2023-06-26T21:35:49Z INFO  dt_instance] received at 2023-06-26 21:35:49.871240508 UTC - from mc-4->source-1 "138" 21:35:49.869771269
[2023-06-26T21:35:52Z INFO  dt_instance] received at 2023-06-26 21:35:52.376052563 UTC - from mc-4->source-1 "143" 21:35:52.374668451
[2023-06-26T21:35:54Z INFO  dt_instance] received at 2023-06-26 21:35:54.881645743 UTC - from mc-4->source-1 "148" 21:35:54.880115441
[2023-06-26T21:35:57Z INFO  dt_instance] received at 2023-06-26 21:35:57.387407744 UTC - from mc-4->source-1 "153" 21:35:57.386112555
[2023-06-26T21:35:59Z INFO  dt_instance] received at 2023-06-26 21:35:59.892819994 UTC - from mc-4->source-1 "158" 21:35:59.891314728
[2023-06-26T21:36:02Z INFO  dt_instance] received at 2023-06-26 21:36:02.398318843 UTC - from mc-4->source-1 "163" 21:36:02.397050688
[2023-06-26T21:36:04Z INFO  dt_instance] received at 2023-06-26 21:36:04.904051378 UTC - from mc-4->source-1 "168" 21:36:04.902568856
[2023-06-26T21:36:07Z INFO  dt_instance] received at 2023-06-26 21:36:07.411004977 UTC - from mc-4->source-1 "173" 21:36:07.408669852
[2023-06-26T21:36:09Z INFO  dt_instance] received at 2023-06-26 21:36:09.916896785 UTC - from mc-4->source-1 "178" 21:36:09.915186713
[2023-06-26T21:36:12Z INFO  dt_instance] received at 2023-06-26 21:36:12.423816431 UTC - from mc-4->source-1 "183" 21:36:12.422605012
[2023-06-26T21:36:14Z INFO  dt_instance] received at 2023-06-26 21:36:14.929543676 UTC - from mc-4->source-1 "188" 21:36:14.928218188
[2023-06-26T21:36:17Z INFO  dt_instance] received at 2023-06-26 21:36:17.438620956 UTC - from mc-4->source-1 "193" 21:36:17.437196136
[2023-06-26T21:36:19Z INFO  dt_instance] received at 2023-06-26 21:36:19.943529381 UTC - from mc-4->source-1 "198" 21:36:19.942244308
[2023-06-26T21:36:22Z INFO  dt_instance] received at 2023-06-26 21:36:22.448601882 UTC - from mc-4->source-1 "203" 21:36:22.447283827
[2023-06-26T21:36:24Z INFO  dt_instance] received at 2023-06-26 21:36:24.954188683 UTC - from mc-4->source-1 "208" 21:36:24.952835444
[2023-06-26T21:36:27Z INFO  dt_instance] received at 2023-06-26 21:36:27.459426254 UTC - from mc-4->source-1 "213" 21:36:27.458340005
[2023-06-26T21:36:29Z INFO  dt_instance] received at 2023-06-26 21:36:29.966109740 UTC - from mc-4->source-1 "218" 21:36:29.964502400
[2023-06-26T21:36:32Z INFO  dt_instance] received at 2023-06-26 21:36:32.470977808 UTC - from mc-4->source-1 "223" 21:36:32.469631242
[2023-06-26T21:36:34Z INFO  dt_instance] received at 2023-06-26 21:36:34.980633688 UTC - from mc-4->source-1 "228" 21:36:34.976925167
[2023-06-26T21:36:37Z INFO  dt_instance] received at 2023-06-26 21:36:37.483412253 UTC - from mc-4->source-1 "233" 21:36:37.481983922
[2023-06-26T21:36:39Z INFO  dt_instance] received at 2023-06-26 21:36:39.991611735 UTC - from mc-4->source-3 "233" 21:36:39.990155401
[2023-06-26T21:36:42Z INFO  dt_instance] received at 2023-06-26 21:36:42.500428894 UTC - from mc-4->source-1 "243" 21:36:42.498580936
[2023-06-26T21:36:45Z INFO  dt_instance] received at 2023-06-26 21:36:45.004811120 UTC - from mc-4->source-1 "248" 21:36:45.003622618
[2023-06-26T21:36:47Z INFO  dt_instance] received at 2023-06-26 21:36:47.511213295 UTC - from mc-4->source-1 "253" 21:36:47.509989153
[2023-06-26T21:36:50Z INFO  dt_instance] received at 2023-06-26 21:36:50.017558567 UTC - from mc-4->source-1 "258" 21:36:50.016286393
[2023-06-26T21:36:52Z INFO  dt_instance] received at 2023-06-26 21:36:52.523356046 UTC - from mc-4->source-1 "263" 21:36:52.522134155
[2023-06-26T21:36:55Z INFO  dt_instance] received at 2023-06-26 21:36:55.030614918 UTC - from mc-4->source-1 "268" 21:36:55.029217353
[2023-06-26T21:36:57Z INFO  dt_instance] received at 2023-06-26 21:36:57.535911335 UTC - from mc-4->source-3 "268" 21:36:57.534521019
[2023-06-26T21:37:00Z INFO  dt_instance] received at 2023-06-26 21:37:00.042017005 UTC - from mc-4->source-3 "273" 21:37:00.040242656
[2023-06-26T21:37:02Z INFO  dt_instance] received at 2023-06-26 21:37:02.554065589 UTC - from mc-4->source-1 "283" 21:37:02.550094626
[2023-06-26T21:37:05Z INFO  dt_instance] received at 2023-06-26 21:37:05.058436170 UTC - from mc-4->source-1 "288" 21:37:05.057192154
[2023-06-26T21:37:07Z INFO  dt_instance] received at 2023-06-26 21:37:07.565764342 UTC - from mc-4->source-1 "293" 21:37:07.564362587
[2023-06-26T21:37:10Z INFO  dt_instance] received at 2023-06-26 21:37:10.071133102 UTC - from mc-4->source-1 "298" 21:37:10.069912945
[2023-06-26T21:37:12Z INFO  dt_instance] received at 2023-06-26 21:37:12.580025234 UTC - from mc-4->source-3 "298" 21:37:12.578181588
[2023-06-26T21:37:15Z INFO  dt_instance] received at 2023-06-26 21:37:15.087685431 UTC - from mc-4->source-3 "303" 21:37:15.086273224
[2023-06-26T21:37:17Z INFO  dt_instance] received at 2023-06-26 21:37:17.595052386 UTC - from mc-4->source-5 "303" 21:37:17.593979869
[2023-06-26T21:37:20Z INFO  dt_instance] received at 2023-06-26 21:37:20.100677172 UTC - from mc-4->source-5 "308" 21:37:20.099283958
[2023-06-26T21:37:22Z INFO  dt_instance] received at 2023-06-26 21:37:22.608188701 UTC - from mc-4->source-3 "318" 21:37:22.606574071
[2023-06-26T21:37:25Z INFO  dt_instance] received at 2023-06-26 21:37:25.115177962 UTC - from mc-4->source-3 "323" 21:37:25.113112046
[2023-06-26T21:37:27Z INFO  dt_instance] received at 2023-06-26 21:37:27.620068516 UTC - from mc-4->source-3 "328" 21:37:27.618738039
[2023-06-26T21:37:30Z INFO  dt_instance] received at 2023-06-26 21:37:30.131691896 UTC - from mc-4->source-3 "333" 21:37:30.124584900
[2023-06-26T21:37:32Z INFO  dt_instance] received at 2023-06-26 21:37:32.631252585 UTC - from mc-4->source-3 "338" 21:37:32.629385348
[2023-06-26T21:37:35Z INFO  dt_instance] received at 2023-06-26 21:37:35.138556802 UTC - from mc-4->source-3 "343" 21:37:35.137408819
[2023-06-26T21:37:37Z INFO  dt_instance] received at 2023-06-26 21:37:37.644387161 UTC - from mc-4->source-3 "348" 21:37:37.642479030
[2023-06-26T21:37:40Z INFO  dt_instance] received at 2023-06-26 21:37:40.150585008 UTC - from mc-4->source-3 "353" 21:37:40.147866307
[2023-06-26T21:37:42Z INFO  dt_instance] received at 2023-06-26 21:37:42.655361485 UTC - from mc-4->source-1 "363" 21:37:42.653620747
[2023-06-26T21:37:45Z INFO  dt_instance] received at 2023-06-26 21:37:45.160345434 UTC - from mc-4->source-3 "363" 21:37:45.158406698
[2023-06-26T21:37:47Z INFO  dt_instance] received at 2023-06-26 21:37:47.667329777 UTC - from mc-4->source-1 "373" 21:37:47.664274483
[2023-06-26T21:37:50Z INFO  dt_instance] received at 2023-06-26 21:37:50.170575232 UTC - from mc-4->source-1 "378" 21:37:50.169147227
[2023-06-26T21:37:52Z INFO  dt_instance] received at 2023-06-26 21:37:52.678302697 UTC - from mc-4->source-3 "378" 21:37:52.676841909
[2023-06-26T21:37:55Z INFO  dt_instance] received at 2023-06-26 21:37:55.186937452 UTC - from mc-4->source-5 "378" 21:37:55.185340159
[2023-06-26T21:37:57Z INFO  dt_instance] received at 2023-06-26 21:37:57.693000405 UTC - from mc-4->source-1 "393" 21:37:57.691734921
[2023-06-26T21:38:00Z INFO  dt_instance] received at 2023-06-26 21:38:00.200152269 UTC - from mc-4->source-5 "388" 21:38:00.198920576
[2023-06-26T21:38:02Z INFO  dt_instance] received at 2023-06-26 21:38:02.706282511 UTC - from mc-4->source-5 "393" 21:38:02.704442806
[2023-06-26T21:38:05Z INFO  dt_instance] received at 2023-06-26 21:38:05.211721592 UTC - from mc-4->source-5 "398" 21:38:05.210129221
[2023-06-26T21:38:07Z INFO  dt_instance] received at 2023-06-26 21:38:07.719361259 UTC - from mc-4->source-1 "413" 21:38:07.717981485
[2023-06-26T21:38:10Z INFO  dt_instance] received at 2023-06-26 21:38:10.224612256 UTC - from mc-4->source-5 "408" 21:38:10.223152751
[2023-06-26T21:38:12Z INFO  dt_instance] received at 2023-06-26 21:38:12.731225181 UTC - from mc-4->source-5 "413" 21:38:12.729496254
[2023-06-26T21:38:15Z INFO  dt_instance] received at 2023-06-26 21:38:15.237036316 UTC - from mc-4->source-5 "418" 21:38:15.235711127
[2023-06-26T21:38:17Z INFO  dt_instance] received at 2023-06-26 21:38:17.742159409 UTC - from mc-4->source-5 "423" 21:38:17.740916324
[2023-06-26T21:38:20Z INFO  dt_instance] received at 2023-06-26 21:38:20.247853630 UTC - from mc-4->source-1 "438" 21:38:20.246582809
[2023-06-26T21:38:22Z INFO  dt_instance] received at 2023-06-26 21:38:22.754084707 UTC - from mc-4->source-1 "443" 21:38:22.752269934
[2023-06-26T21:38:25Z INFO  dt_instance] received at 2023-06-26 21:38:25.259732274 UTC - from mc-4->source-1 "448" 21:38:25.258382942
[2023-06-26T21:38:27Z INFO  dt_instance] received at 2023-06-26 21:38:27.767435547 UTC - from mc-4->source-5 "443" 21:38:27.766307427
[2023-06-26T21:38:30Z INFO  dt_instance] received at 2023-06-26 21:38:30.273620150 UTC - from mc-4->source-1 "458" 21:38:30.272120535
[2023-06-26T21:38:32Z INFO  dt_instance] received at 2023-06-26 21:38:32.779184336 UTC - from mc-4->source-5 "453" 21:38:32.777466426
[2023-06-26T21:38:35Z INFO  dt_instance] received at 2023-06-26 21:38:35.284213834 UTC - from mc-4->source-5 "458" 21:38:35.283139910
[2023-06-26T21:38:37Z INFO  dt_instance] received at 2023-06-26 21:38:37.789919941 UTC - from mc-4->source-1 "473" 21:38:37.788358234
[2023-06-26T21:38:40Z INFO  dt_instance] received at 2023-06-26 21:38:40.297215775 UTC - from mc-4->source-1 "478" 21:38:40.295697833
[2023-06-26T21:38:42Z INFO  dt_instance] received at 2023-06-26 21:38:42.801592285 UTC - from mc-4->source-5 "473" 21:38:42.800299829
[2023-06-26T21:38:45Z INFO  dt_instance] received at 2023-06-26 21:38:45.308264447 UTC - from mc-4->source-1 "488" 21:38:45.307130678
[2023-06-26T21:38:47Z INFO  dt_instance] received at 2023-06-26 21:38:47.813553030 UTC - from mc-4->source-1 "493" 21:38:47.812356193
[2023-06-26T21:38:50Z INFO  dt_instance] received at 2023-06-26 21:38:50.319647226 UTC - from mc-4->source-5 "488" 21:38:50.318139875
[2023-06-26T21:38:52Z INFO  dt_instance] received at 2023-06-26 21:38:52.826238169 UTC - from mc-4->source-5 "493" 21:38:52.824977858
[2023-06-26T21:38:55Z INFO  dt_instance] received at 2023-06-26 21:38:55.330920420 UTC - from mc-4->source-5 "498" 21:38:55.329911631
[2023-06-26T21:38:57Z INFO  dt_instance] received at 2023-06-26 21:38:57.835930231 UTC - from mc-4->source-5 "503" 21:38:57.834579768
[2023-06-26T21:39:00Z INFO  dt_instance] received at 2023-06-26 21:39:00.341844477 UTC - from mc-4->source-1 "518" 21:39:00.340474097
[2023-06-26T21:39:02Z INFO  dt_instance] received at 2023-06-26 21:39:02.847448014 UTC - from mc-4->source-1 "523" 21:39:02.846314579
[2023-06-26T21:39:05Z INFO  dt_instance] received at 2023-06-26 21:39:05.354666681 UTC - from mc-4->source-1 "528" 21:39:05.353262836
[2023-06-26T21:39:07Z INFO  dt_instance] received at 2023-06-26 21:39:07.861780963 UTC - from mc-4->source-1 "533" 21:39:07.860575083
[2023-06-26T21:39:10Z INFO  dt_instance] received at 2023-06-26 21:39:10.367243005 UTC - from mc-4->source-1 "538" 21:39:10.365329092
[2023-06-26T21:39:12Z INFO  dt_instance] received at 2023-06-26 21:39:12.873256796 UTC - from mc-4->source-5 "533" 21:39:12.871760655
[2023-06-26T21:39:15Z INFO  dt_instance] received at 2023-06-26 21:39:15.379035736 UTC - from mc-4->source-5 "538" 21:39:15.377278880
[2023-06-26T21:39:17Z INFO  dt_instance] received at 2023-06-26 21:39:17.892963639 UTC - from mc-4->source-1 "553" 21:39:17.891354180
[2023-06-26T21:39:20Z INFO  dt_instance] received at 2023-06-26 21:39:20.398068528 UTC - from mc-4->source-1 "558" 21:39:20.396641055
[2023-06-26T21:39:22Z INFO  dt_instance] received at 2023-06-26 21:39:22.903731618 UTC - from mc-4->source-1 "563" 21:39:22.902281445
[2023-06-26T21:39:25Z INFO  dt_instance] received at 2023-06-26 21:39:25.410762891 UTC - from mc-4->source-1 "568" 21:39:25.409499662
[2023-06-26T21:39:27Z INFO  dt_instance] received at 2023-06-26 21:39:27.916114545 UTC - from mc-4->source-1 "573" 21:39:27.914707660
[2023-06-26T21:39:30Z INFO  dt_instance] received at 2023-06-26 21:39:30.421681491 UTC - from mc-4->source-1 "578" 21:39:30.420573041
[2023-06-26T21:39:32Z INFO  dt_instance] received at 2023-06-26 21:39:32.929839927 UTC - from mc-4->source-1 "583" 21:39:32.928215527
[2023-06-26T21:39:35Z INFO  dt_instance] received at 2023-06-26 21:39:35.435364101 UTC - from mc-4->source-1 "588" 21:39:35.433943541
[2023-06-26T21:39:37Z INFO  dt_instance] received at 2023-06-26 21:39:37.941481925 UTC - from mc-4->source-1 "593" 21:39:37.939568212
[2023-06-26T21:39:40Z INFO  dt_instance] received at 2023-06-26 21:39:40.448287302 UTC - from mc-4->source-1 "598" 21:39:40.446135271
[2023-06-26T21:39:42Z INFO  dt_instance] received at 2023-06-26 21:39:42.953239557 UTC - from mc-4->source-1 "603" 21:39:42.951982877
[2023-06-26T21:39:45Z INFO  dt_instance] received at 2023-06-26 21:39:45.459412629 UTC - from mc-4->source-1 "608" 21:39:45.457837388
[2023-06-26T21:39:47Z INFO  dt_instance] received at 2023-06-26 21:39:47.964333002 UTC - from mc-4->source-5 "603" 21:39:47.962802168
[2023-06-26T21:39:50Z INFO  dt_instance] received at 2023-06-26 21:39:50.470746202 UTC - from mc-4->source-1 "618" 21:39:50.469605030
[2023-06-26T21:39:52Z INFO  dt_instance] received at 2023-06-26 21:39:52.978898304 UTC - from mc-4->source-5 "613" 21:39:52.975961294
[2023-06-26T21:39:55Z INFO  dt_instance] received at 2023-06-26 21:39:55.483200885 UTC - from mc-4->source-1 "628" 21:39:55.481034955
[2023-06-26T21:39:57Z INFO  dt_instance] received at 2023-06-26 21:39:57.988641208 UTC - from mc-4->source-5 "623" 21:39:57.987280383
[2023-06-26T21:40:00Z INFO  dt_instance] received at 2023-06-26 21:40:00.494604748 UTC - from mc-4->source-5 "628" 21:40:00.493177589
[2023-06-26T21:40:03Z INFO  dt_instance] received at 2023-06-26 21:40:03.001460243 UTC - from mc-4->source-1 "643" 21:40:02.998534847
[2023-06-26T21:40:05Z INFO  dt_instance] received at 2023-06-26 21:40:05.506635236 UTC - from mc-4->source-1 "648" 21:40:05.505320484
[2023-06-26T21:40:08Z INFO  dt_instance] received at 2023-06-26 21:40:08.015048450 UTC - from mc-4->source-5 "643" 21:40:08.012665726
[2023-06-26T21:40:10Z INFO  dt_instance] received at 2023-06-26 21:40:10.519174868 UTC - from mc-4->source-5 "648" 21:40:10.518131659
[2023-06-26T21:40:13Z INFO  dt_instance] received at 2023-06-26 21:40:13.024659076 UTC - from mc-4->source-1 "663" 21:40:13.022940636
[2023-06-26T21:40:15Z INFO  dt_instance] received at 2023-06-26 21:40:15.532850140 UTC - from mc-4->source-5 "658" 21:40:15.530916641
[2023-06-26T21:40:18Z INFO  dt_instance] received at 2023-06-26 21:40:18.036217948 UTC - from mc-4->source-5 "663" 21:40:18.035148931
[2023-06-26T21:40:20Z INFO  dt_instance] received at 2023-06-26 21:40:20.543536332 UTC - from mc-4->source-5 "668" 21:40:20.541815812
[2023-06-26T21:40:23Z INFO  dt_instance] received at 2023-06-26 21:40:23.050448143 UTC - from mc-4->source-5 "673" 21:40:23.046671654
[2023-06-26T21:40:25Z INFO  dt_instance] received at 2023-06-26 21:40:25.564754203 UTC - from mc-4->source-5 "678" 21:40:25.563524440
[2023-06-26T21:40:28Z INFO  dt_instance] received at 2023-06-26 21:40:28.072103493 UTC - from mc-4->source-5 "683" 21:40:28.070179690
[2023-06-26T21:40:30Z INFO  dt_instance] received at 2023-06-26 21:40:30.578689374 UTC - from mc-4->source-5 "688" 21:40:30.577434284
[2023-06-26T21:40:33Z INFO  dt_instance] received at 2023-06-26 21:40:33.084668480 UTC - from mc-4->source-5 "693" 21:40:33.083330939
[2023-06-26T21:40:35Z INFO  dt_instance] received at 2023-06-26 21:40:35.590813387 UTC - from mc-4->source-5 "698" 21:40:35.589291419
[2023-06-26T21:40:38Z INFO  dt_instance] received at 2023-06-26 21:40:38.097709271 UTC - from mc-4->source-5 "703" 21:40:38.094704476
[2023-06-26T21:40:40Z INFO  dt_instance] received at 2023-06-26 21:40:40.602491844 UTC - from mc-4->source-5 "708" 21:40:40.601185955
[2023-06-26T21:40:43Z INFO  dt_instance] received at 2023-06-26 21:40:43.107607855 UTC - from mc-4->source-5 "713" 21:40:43.106267591
[2023-06-26T21:40:45Z INFO  dt_instance] received at 2023-06-26 21:40:45.613820923 UTC - from mc-4->source-5 "718" 21:40:45.612242683
[2023-06-26T21:40:48Z INFO  dt_instance] received at 2023-06-26 21:40:48.120436879 UTC - from mc-4->source-5 "723" 21:40:48.119062321
[2023-06-26T21:40:50Z INFO  dt_instance] received at 2023-06-26 21:40:50.627305687 UTC - from mc-4->source-5 "728" 21:40:50.625642499
[2023-06-26T21:40:53Z INFO  dt_instance] received at 2023-06-26 21:40:53.133915111 UTC - from mc-4->source-5 "733" 21:40:53.131159114
[2023-06-26T21:40:55Z INFO  dt_instance] received at 2023-06-26 21:40:55.638998610 UTC - from mc-4->source-5 "738" 21:40:55.637455259
[2023-06-26T21:40:58Z INFO  dt_instance] received at 2023-06-26 21:40:58.152630138 UTC - from mc-4->source-1 "753" 21:40:58.141886340
[2023-06-26T21:41:00Z INFO  dt_instance] received at 2023-06-26 21:41:00.648965423 UTC - from mc-4->source-5 "748" 21:41:00.647410581
[2023-06-26T21:41:03Z INFO  dt_instance] received at 2023-06-26 21:41:03.155613645 UTC - from mc-4->source-5 "753" 21:41:03.153268108
[2023-06-26T21:41:05Z INFO  dt_instance] received at 2023-06-26 21:41:05.659525861 UTC - from mc-4->source-5 "758" 21:41:05.658310954
[2023-06-26T21:41:08Z INFO  dt_instance] received at 2023-06-26 21:41:08.168262730 UTC - from mc-4->source-5 "763" 21:41:08.164149333
[2023-06-26T21:41:10Z INFO  dt_instance] received at 2023-06-26 21:41:10.673422630 UTC - from mc-4->source-5 "768" 21:41:10.672182964
[2023-06-26T21:41:13Z INFO  dt_instance] received at 2023-06-26 21:41:13.180795783 UTC - from mc-4->source-1 "783" 21:41:13.179255980
[2023-06-26T21:41:15Z INFO  dt_instance] received at 2023-06-26 21:41:15.685841364 UTC - from mc-4->source-5 "778" 21:41:15.684440750
[2023-06-26T21:41:18Z INFO  dt_instance] received at 2023-06-26 21:41:18.190724270 UTC - from mc-4->source-1 "793" 21:41:18.189326341
[2023-06-26T21:41:20Z INFO  dt_instance] received at 2023-06-26 21:41:20.695827086 UTC - from mc-4->source-1 "798" 21:41:20.694700868
[2023-06-26T21:41:23Z INFO  dt_instance] received at 2023-06-26 21:41:23.202570443 UTC - from mc-4->source-5 "793" 21:41:23.199293932
[2023-06-26T21:41:25Z INFO  dt_instance] received at 2023-06-26 21:41:25.708974363 UTC - from mc-4->source-1 "808" 21:41:25.707087072
[2023-06-26T21:41:28Z INFO  dt_instance] received at 2023-06-26 21:41:28.213196736 UTC - from mc-4->source-1 "813" 21:41:28.212196213
[2023-06-26T21:41:30Z INFO  dt_instance] received at 2023-06-26 21:41:30.719382745 UTC - from mc-4->source-1 "818" 21:41:30.718319427
[2023-06-26T21:41:33Z INFO  dt_instance] received at 2023-06-26 21:41:33.225660026 UTC - from mc-4->source-1 "823" 21:41:33.224158554
[2023-06-26T21:41:35Z INFO  dt_instance] received at 2023-06-26 21:41:35.732286387 UTC - from mc-4->source-1 "828" 21:41:35.730594903
[2023-06-26T21:41:38Z INFO  dt_instance] received at 2023-06-26 21:41:38.238938582 UTC - from mc-4->source-1 "833" 21:41:38.236708346
[2023-06-26T21:41:40Z INFO  dt_instance] received at 2023-06-26 21:41:40.742727135 UTC - from mc-4->source-1 "838" 21:41:40.741282468
[2023-06-26T21:41:43Z INFO  dt_instance] received at 2023-06-26 21:41:43.249837710 UTC - from mc-4->source-1 "843" 21:41:43.248368142
[2023-06-26T21:41:45Z INFO  dt_instance] received at 2023-06-26 21:41:45.759473155 UTC - from mc-4->source-1 "848" 21:41:45.756006534
[2023-06-26T21:41:48Z INFO  dt_instance] received at 2023-06-26 21:41:48.263790679 UTC - from mc-4->source-1 "853" 21:41:48.261396722
[2023-06-26T21:41:50Z INFO  dt_instance] received at 2023-06-26 21:41:50.770406835 UTC - from mc-4->source-1 "858" 21:41:50.768308627
[2023-06-26T21:41:53Z INFO  dt_instance] received at 2023-06-26 21:41:53.274963863 UTC - from mc-4->source-1 "863" 21:41:53.273247966
[2023-06-26T21:41:55Z INFO  dt_instance] received at 2023-06-26 21:41:55.779994450 UTC - from mc-4->source-1 "868" 21:41:55.778877029
[2023-06-26T21:41:58Z INFO  dt_instance] received at 2023-06-26 21:41:58.285123625 UTC - from mc-4->source-1 "873" 21:41:58.284190101
[2023-06-26T21:42:00Z INFO  dt_instance] received at 2023-06-26 21:42:00.790491971 UTC - from mc-4->source-1 "878" 21:42:00.789204468
[2023-06-26T21:42:03Z INFO  dt_instance] received at 2023-06-26 21:42:03.295983143 UTC - from mc-4->source-1 "883" 21:42:03.294870746
[2023-06-26T21:42:05Z INFO  dt_instance] received at 2023-06-26 21:42:05.803730097 UTC - from mc-4->source-5 "878" 21:42:05.801841761
[2023-06-26T21:42:08Z INFO  dt_instance] received at 2023-06-26 21:42:08.308613496 UTC - from mc-4->source-1 "893" 21:42:08.307059898
[2023-06-26T21:42:10Z INFO  dt_instance] received at 2023-06-26 21:42:10.814138500 UTC - from mc-4->source-5 "888" 21:42:10.812780268
[2023-06-26T21:42:13Z INFO  dt_instance] received at 2023-06-26 21:42:13.319433897 UTC - from mc-4->source-1 "903" 21:42:13.318011916
[2023-06-26T21:42:15Z INFO  dt_instance] received at 2023-06-26 21:42:15.827513156 UTC - from mc-4->source-1 "908" 21:42:15.825993753
[2023-06-26T21:42:18Z INFO  dt_instance] received at 2023-06-26 21:42:18.333334164 UTC - from mc-4->source-1 "913" 21:42:18.332083426
[2023-06-26T21:42:20Z INFO  dt_instance] received at 2023-06-26 21:42:20.840320911 UTC - from mc-4->source-1 "918" 21:42:20.838710586
[2023-06-26T21:42:23Z INFO  dt_instance] received at 2023-06-26 21:42:23.346899916 UTC - from mc-4->source-1 "923" 21:42:23.344272779
[2023-06-26T21:42:25Z INFO  dt_instance] received at 2023-06-26 21:42:25.851047487 UTC - from mc-4->source-1 "928" 21:42:25.849552503
[2023-06-26T21:42:28Z INFO  dt_instance] received at 2023-06-26 21:42:28.357074616 UTC - from mc-4->source-1 "933" 21:42:28.355188443
[2023-06-26T21:42:30Z INFO  dt_instance] received at 2023-06-26 21:42:30.864409033 UTC - from mc-4->source-1 "938" 21:42:30.862590342
[2023-06-26T21:42:33Z INFO  dt_instance] received at 2023-06-26 21:42:33.370007485 UTC - from mc-4->source-1 "943" 21:42:33.368591544
[2023-06-26T21:42:35Z INFO  dt_instance] received at 2023-06-26 21:42:35.874995099 UTC - from mc-4->source-1 "948" 21:42:35.873637257
[2023-06-26T21:42:38Z INFO  dt_instance] received at 2023-06-26 21:42:38.383561312 UTC - from mc-4->source-1 "953" 21:42:38.382060588
[2023-06-26T21:42:40Z INFO  dt_instance] received at 2023-06-26 21:42:40.891119888 UTC - from mc-4->source-1 "958" 21:42:40.888407892
[2023-06-26T21:42:43Z INFO  dt_instance] received at 2023-06-26 21:42:43.396525977 UTC - from mc-4->source-1 "963" 21:42:43.395238221
[2023-06-26T21:42:45Z INFO  dt_instance] received at 2023-06-26 21:42:45.901609225 UTC - from mc-4->source-1 "968" 21:42:45.900155178
[2023-06-26T21:42:48Z INFO  dt_instance] received at 2023-06-26 21:42:48.407547065 UTC - from mc-4->source-1 "973" 21:42:48.406278245
[2023-06-26T21:42:50Z INFO  dt_instance] received at 2023-06-26 21:42:50.914406890 UTC - from mc-4->source-1 "978" 21:42:50.911351720
[2023-06-26T21:42:53Z INFO  dt_instance] received at 2023-06-26 21:42:53.419253247 UTC - from mc-4->source-1 "983" 21:42:53.417845441
[2023-06-26T21:42:55Z INFO  dt_instance] received at 2023-06-26 21:42:55.926331074 UTC - from mc-4->source-1 "988" 21:42:55.923299763
[2023-06-26T21:42:58Z INFO  dt_instance] received at 2023-06-26 21:42:58.432376141 UTC - from mc-4->source-1 "993" 21:42:58.428783281
[2023-06-26T21:43:01Z INFO  dt_instance] received at 2023-06-26 21:43:01.105512110 UTC - from mc-4->source-8 "981" 21:43:01.102202211
[2023-06-26T21:43:04Z INFO  dt_instance] received at 2023-06-26 21:43:04.337657469 UTC - from mc-4->source-9 "985" 21:43:04.336418730
[2023-06-26T21:43:11Z INFO  dt_instance] received at 2023-06-26 21:43:11.360644559 UTC - from mc-4->source-9 "999" 21:43:11.358812957
