[2023-07-18T17:35:51Z INFO  dt_instance] Current Twin: mc-twin-0
[2023-07-18T17:35:51Z INFO  dt_instance] Replica Name twin-mc-stateful-0
[2023-07-18T17:35:51Z INFO  dt_instance] Sleeping for 0
[2023-07-18T17:35:51Z INFO  dt_instance] Connecting to broker at emqx.dtwins:1883
[2023-07-18T17:35:51Z INFO  dt_instance] Loggin info each 50 messages
[2023-07-18T17:35:51Z INFO  dt_instance] Set max packet size to 60000 KB.
[2023-07-18T17:35:51Z INFO  dt_instance] Refreshing topics for twin - Listen to mc-0/#
[2023-07-18T17:35:51Z INFO  dt_instance] SubAck { pkid: 1, return_codes: [Success(ExactlyOnce)] }
[2023-07-18T17:36:59Z INFO  dt_instance] received at 2023-07-18 17:36:59.269518427 UTC - from mc-0->source-2 "9" 17:36:59.267736080
[2023-07-18T17:37:02Z INFO  dt_instance] received at 2023-07-18 17:37:02.521743689 UTC - from mc-0->source-5 "8" 17:37:02.520267902
[2023-07-18T17:37:05Z INFO  dt_instance] received at 2023-07-18 17:37:05.032881995 UTC - from mc-0->source-1 "23" 17:37:05.031918530
[2023-07-18T17:37:07Z INFO  dt_instance] received at 2023-07-18 17:37:07.553395225 UTC - from mc-0->source-1 "28" 17:37:07.552154728
[2023-07-18T17:37:10Z INFO  dt_instance] received at 2023-07-18 17:37:10.058766108 UTC - from mc-0->source-1 "33" 17:37:10.057893639
[2023-07-18T17:37:12Z INFO  dt_instance] received at 2023-07-18 17:37:12.564461565 UTC - from mc-0->source-1 "38" 17:37:12.563002169
[2023-07-18T17:37:15Z INFO  dt_instance] received at 2023-07-18 17:37:15.070032397 UTC - from mc-0->source-1 "43" 17:37:15.069158865
[2023-07-18T17:37:17Z INFO  dt_instance] received at 2023-07-18 17:37:17.576906509 UTC - from mc-0->source-1 "48" 17:37:17.575330530
[2023-07-18T17:37:20Z INFO  dt_instance] received at 2023-07-18 17:37:20.082305420 UTC - from mc-0->source-1 "53" 17:37:20.080981051
[2023-07-18T17:37:22Z INFO  dt_instance] received at 2023-07-18 17:37:22.592384610 UTC - from mc-0->source-1 "58" 17:37:22.589311960
[2023-07-18T17:37:25Z INFO  dt_instance] received at 2023-07-18 17:37:25.095268827 UTC - from mc-0->source-1 "63" 17:37:25.094020533
[2023-07-18T17:37:27Z INFO  dt_instance] received at 2023-07-18 17:37:27.599636106 UTC - from mc-0->source-1 "68" 17:37:27.598658527
[2023-07-18T17:37:30Z INFO  dt_instance] received at 2023-07-18 17:37:30.106437714 UTC - from mc-0->source-1 "73" 17:37:30.105297036
[2023-07-18T17:37:32Z INFO  dt_instance] received at 2023-07-18 17:37:32.611242444 UTC - from mc-0->source-1 "78" 17:37:32.609807493
[2023-07-18T17:37:35Z INFO  dt_instance] received at 2023-07-18 17:37:35.115982611 UTC - from mc-0->source-1 "83" 17:37:35.114837497
[2023-07-18T17:37:37Z INFO  dt_instance] received at 2023-07-18 17:37:37.621069245 UTC - from mc-0->source-1 "88" 17:37:37.619803799
[2023-07-18T17:37:40Z INFO  dt_instance] received at 2023-07-18 17:37:40.127124281 UTC - from mc-0->source-1 "93" 17:37:40.125919223
[2023-07-18T17:37:42Z INFO  dt_instance] received at 2023-07-18 17:37:42.633790103 UTC - from mc-0->source-1 "98" 17:37:42.631811375
[2023-07-18T17:37:45Z INFO  dt_instance] received at 2023-07-18 17:37:45.139882018 UTC - from mc-0->source-1 "103" 17:37:45.138824013
[2023-07-18T17:37:47Z INFO  dt_instance] received at 2023-07-18 17:37:47.646907832 UTC - from mc-0->source-1 "108" 17:37:47.644413804
[2023-07-18T17:37:50Z INFO  dt_instance] received at 2023-07-18 17:37:50.151048676 UTC - from mc-0->source-1 "113" 17:37:50.149646653
[2023-07-18T17:37:52Z INFO  dt_instance] received at 2023-07-18 17:37:52.656029996 UTC - from mc-0->source-1 "118" 17:37:52.655093033
[2023-07-18T17:37:55Z INFO  dt_instance] received at 2023-07-18 17:37:55.161575334 UTC - from mc-0->source-1 "123" 17:37:55.160162781
[2023-07-18T17:37:57Z INFO  dt_instance] received at 2023-07-18 17:37:57.667082890 UTC - from mc-0->source-1 "128" 17:37:57.665997320
[2023-07-18T17:38:00Z INFO  dt_instance] received at 2023-07-18 17:38:00.171999718 UTC - from mc-0->source-1 "133" 17:38:00.171000194
[2023-07-18T17:38:02Z INFO  dt_instance] received at 2023-07-18 17:38:02.679686146 UTC - from mc-0->source-1 "138" 17:38:02.678551665
[2023-07-18T17:38:05Z INFO  dt_instance] received at 2023-07-18 17:38:05.186715857 UTC - from mc-0->source-1 "143" 17:38:05.185492627
[2023-07-18T17:38:07Z INFO  dt_instance] received at 2023-07-18 17:38:07.694976174 UTC - from mc-0->source-3 "143" 17:38:07.691692845
[2023-07-18T17:38:10Z INFO  dt_instance] received at 2023-07-18 17:38:10.199275737 UTC - from mc-0->source-1 "153" 17:38:10.198103692
[2023-07-18T17:38:12Z INFO  dt_instance] received at 2023-07-18 17:38:12.705408309 UTC - from mc-0->source-3 "153" 17:38:12.704576869
[2023-07-18T17:38:15Z INFO  dt_instance] received at 2023-07-18 17:38:15.211402540 UTC - from mc-0->source-3 "158" 17:38:15.210522653
[2023-07-18T17:38:17Z INFO  dt_instance] received at 2023-07-18 17:38:17.719234555 UTC - from mc-0->source-3 "163" 17:38:17.718333048
[2023-07-18T17:38:20Z INFO  dt_instance] received at 2023-07-18 17:38:20.224524303 UTC - from mc-0->source-3 "168" 17:38:20.223530453
[2023-07-18T17:38:22Z INFO  dt_instance] received at 2023-07-18 17:38:22.731634861 UTC - from mc-0->source-3 "173" 17:38:22.730522459
[2023-07-18T17:38:25Z INFO  dt_instance] received at 2023-07-18 17:38:25.238214033 UTC - from mc-0->source-3 "178" 17:38:25.237166367
[2023-07-18T17:38:27Z INFO  dt_instance] received at 2023-07-18 17:38:27.744776192 UTC - from mc-0->source-3 "183" 17:38:27.743541240
[2023-07-18T17:38:30Z INFO  dt_instance] received at 2023-07-18 17:38:30.251455105 UTC - from mc-0->source-3 "188" 17:38:30.250190343
[2023-07-18T17:38:32Z INFO  dt_instance] received at 2023-07-18 17:38:32.755680206 UTC - from mc-0->source-3 "193" 17:38:32.754569643
[2023-07-18T17:38:35Z INFO  dt_instance] received at 2023-07-18 17:38:35.260340769 UTC - from mc-0->source-3 "198" 17:38:35.259478565
[2023-07-18T17:38:37Z INFO  dt_instance] received at 2023-07-18 17:38:37.767253178 UTC - from mc-0->source-3 "203" 17:38:37.764490929
[2023-07-18T17:38:40Z INFO  dt_instance] received at 2023-07-18 17:38:40.270852228 UTC - from mc-0->source-3 "208" 17:38:40.269524790
[2023-07-18T17:38:42Z INFO  dt_instance] received at 2023-07-18 17:38:42.777710801 UTC - from mc-0->source-3 "213" 17:38:42.776297227
[2023-07-18T17:38:45Z INFO  dt_instance] received at 2023-07-18 17:38:45.283835205 UTC - from mc-0->source-3 "218" 17:38:45.282627937
[2023-07-18T17:38:47Z INFO  dt_instance] received at 2023-07-18 17:38:47.793037607 UTC - from mc-0->source-1 "228" 17:38:47.791058689
[2023-07-18T17:38:50Z INFO  dt_instance] received at 2023-07-18 17:38:50.299306667 UTC - from mc-0->source-1 "233" 17:38:50.297964771
[2023-07-18T17:38:52Z INFO  dt_instance] received at 2023-07-18 17:38:52.806481460 UTC - from mc-0->source-5 "228" 17:38:52.804770074
[2023-07-18T17:38:55Z INFO  dt_instance] received at 2023-07-18 17:38:55.313231449 UTC - from mc-0->source-3 "238" 17:38:55.312200866
[2023-07-18T17:38:57Z INFO  dt_instance] received at 2023-07-18 17:38:57.820389759 UTC - from mc-0->source-3 "243" 17:38:57.819370681
[2023-07-18T17:39:00Z INFO  dt_instance] received at 2023-07-18 17:39:00.327108822 UTC - from mc-0->source-5 "243" 17:39:00.326040478
[2023-07-18T17:39:02Z INFO  dt_instance] received at 2023-07-18 17:39:02.834754406 UTC - from mc-0->source-1 "258" 17:39:02.833450365
[2023-07-18T17:39:05Z INFO  dt_instance] received at 2023-07-18 17:39:05.341891027 UTC - from mc-0->source-1 "263" 17:39:05.340535166
[2023-07-18T17:39:07Z INFO  dt_instance] received at 2023-07-18 17:39:07.847778908 UTC - from mc-0->source-5 "258" 17:39:07.846487674
[2023-07-18T17:39:10Z INFO  dt_instance] received at 2023-07-18 17:39:10.354978735 UTC - from mc-0->source-5 "263" 17:39:10.353633048
[2023-07-18T17:39:12Z INFO  dt_instance] received at 2023-07-18 17:39:12.864226558 UTC - from mc-0->source-1 "278" 17:39:12.860578701
[2023-07-18T17:39:15Z INFO  dt_instance] received at 2023-07-18 17:39:15.369903675 UTC - from mc-0->source-5 "273" 17:39:15.368949006
[2023-07-18T17:39:17Z INFO  dt_instance] received at 2023-07-18 17:39:17.875883351 UTC - from mc-0->source-1 "288" 17:39:17.874841451
[2023-07-18T17:39:20Z INFO  dt_instance] received at 2023-07-18 17:39:20.382105074 UTC - from mc-0->source-5 "283" 17:39:20.381107515
[2023-07-18T17:39:22Z INFO  dt_instance] received at 2023-07-18 17:39:22.891725143 UTC - from mc-0->source-1 "298" 17:39:22.889409819
[2023-07-18T17:39:25Z INFO  dt_instance] received at 2023-07-18 17:39:25.395524880 UTC - from mc-0->source-1 "303" 17:39:25.394036925
[2023-07-18T17:39:27Z INFO  dt_instance] received at 2023-07-18 17:39:27.899723988 UTC - from mc-0->source-1 "308" 17:39:27.898896042
[2023-07-18T17:39:30Z INFO  dt_instance] received at 2023-07-18 17:39:30.406201171 UTC - from mc-0->source-1 "313" 17:39:30.405229648
[2023-07-18T17:39:32Z INFO  dt_instance] received at 2023-07-18 17:39:32.912673558 UTC - from mc-0->source-1 "318" 17:39:32.911391971
[2023-07-18T17:39:35Z INFO  dt_instance] received at 2023-07-18 17:39:35.418322618 UTC - from mc-0->source-1 "323" 17:39:35.417354290
[2023-07-18T17:39:37Z INFO  dt_instance] received at 2023-07-18 17:39:37.926198352 UTC - from mc-0->source-1 "328" 17:39:37.925164990
[2023-07-18T17:39:40Z INFO  dt_instance] received at 2023-07-18 17:39:40.432101439 UTC - from mc-0->source-1 "333" 17:39:40.431068039
[2023-07-18T17:39:42Z INFO  dt_instance] received at 2023-07-18 17:39:42.936459350 UTC - from mc-0->source-1 "338" 17:39:42.935665125
[2023-07-18T17:39:45Z INFO  dt_instance] received at 2023-07-18 17:39:45.441525504 UTC - from mc-0->source-1 "343" 17:39:45.440766382
[2023-07-18T17:39:47Z INFO  dt_instance] received at 2023-07-18 17:39:47.950812925 UTC - from mc-0->source-1 "348" 17:39:47.949541086
[2023-07-18T17:39:50Z INFO  dt_instance] received at 2023-07-18 17:39:50.457320744 UTC - from mc-0->source-1 "353" 17:39:50.456348768
[2023-07-18T17:39:52Z INFO  dt_instance] received at 2023-07-18 17:39:52.965545072 UTC - from mc-0->source-1 "358" 17:39:52.964503362
[2023-07-18T17:39:55Z INFO  dt_instance] received at 2023-07-18 17:39:55.472975851 UTC - from mc-0->source-1 "363" 17:39:55.471597781
[2023-07-18T17:39:57Z INFO  dt_instance] received at 2023-07-18 17:39:57.979697283 UTC - from mc-0->source-5 "358" 17:39:57.978734957
[2023-07-18T17:40:00Z INFO  dt_instance] received at 2023-07-18 17:40:00.487996891 UTC - from mc-0->source-5 "363" 17:40:00.487274025
[2023-07-18T17:40:02Z INFO  dt_instance] received at 2023-07-18 17:40:02.992725103 UTC - from mc-0->source-5 "368" 17:40:02.991530046
[2023-07-18T17:40:05Z INFO  dt_instance] received at 2023-07-18 17:40:05.499227366 UTC - from mc-0->source-5 "373" 17:40:05.498237736
[2023-07-18T17:40:08Z INFO  dt_instance] received at 2023-07-18 17:40:08.006048490 UTC - from mc-0->source-5 "378" 17:40:08.005116042
[2023-07-18T17:40:10Z INFO  dt_instance] received at 2023-07-18 17:40:10.510820740 UTC - from mc-0->source-5 "383" 17:40:10.509518185
[2023-07-18T17:40:13Z INFO  dt_instance] received at 2023-07-18 17:40:13.017635354 UTC - from mc-0->source-5 "388" 17:40:13.016313229
[2023-07-18T17:40:15Z INFO  dt_instance] received at 2023-07-18 17:40:15.524002910 UTC - from mc-0->source-1 "403" 17:40:15.522949692
[2023-07-18T17:40:18Z INFO  dt_instance] received at 2023-07-18 17:40:18.029544402 UTC - from mc-0->source-7 "393" 17:40:18.028668804
[2023-07-18T17:40:20Z INFO  dt_instance] received at 2023-07-18 17:40:20.536295625 UTC - from mc-0->source-7 "398" 17:40:20.534899373
[2023-07-18T17:40:23Z INFO  dt_instance] received at 2023-07-18 17:40:23.043764951 UTC - from mc-0->source-7 "403" 17:40:23.041653318
[2023-07-18T17:40:25Z INFO  dt_instance] received at 2023-07-18 17:40:25.549591409 UTC - from mc-0->source-1 "423" 17:40:25.547993842
[2023-07-18T17:40:28Z INFO  dt_instance] received at 2023-07-18 17:40:28.055394701 UTC - from mc-0->source-5 "418" 17:40:28.053989854
[2023-07-18T17:40:30Z INFO  dt_instance] received at 2023-07-18 17:40:30.561371715 UTC - from mc-0->source-1 "433" 17:40:30.560502709
[2023-07-18T17:40:33Z INFO  dt_instance] received at 2023-07-18 17:40:33.067795566 UTC - from mc-0->source-1 "438" 17:40:33.066816830
[2023-07-18T17:40:35Z INFO  dt_instance] received at 2023-07-18 17:40:35.573843865 UTC - from mc-0->source-1 "443" 17:40:35.572599341
[2023-07-18T17:40:38Z INFO  dt_instance] received at 2023-07-18 17:40:38.080777212 UTC - from mc-0->source-5 "438" 17:40:38.078326935
[2023-07-18T17:40:40Z INFO  dt_instance] received at 2023-07-18 17:40:40.596932961 UTC - from mc-0->source-5 "443" 17:40:40.583616115
[2023-07-18T17:40:43Z INFO  dt_instance] received at 2023-07-18 17:40:43.093403158 UTC - from mc-0->source-5 "448" 17:40:43.091109854
[2023-07-18T17:40:45Z INFO  dt_instance] received at 2023-07-18 17:40:45.600360771 UTC - from mc-0->source-5 "453" 17:40:45.599258395
[2023-07-18T17:40:48Z INFO  dt_instance] received at 2023-07-18 17:40:48.107267120 UTC - from mc-0->source-1 "468" 17:40:48.106295003
[2023-07-18T17:40:50Z INFO  dt_instance] received at 2023-07-18 17:40:50.612549392 UTC - from mc-0->source-1 "473" 17:40:50.611728779
[2023-07-18T17:40:53Z INFO  dt_instance] received at 2023-07-18 17:40:53.133539455 UTC - from mc-0->source-1 "478" 17:40:53.119460677
[2023-07-18T17:40:55Z INFO  dt_instance] received at 2023-07-18 17:40:55.630378864 UTC - from mc-0->source-1 "483" 17:40:55.626897804
[2023-07-18T17:40:58Z INFO  dt_instance] received at 2023-07-18 17:40:58.134313999 UTC - from mc-0->source-5 "478" 17:40:58.133097447
[2023-07-18T17:41:00Z INFO  dt_instance] received at 2023-07-18 17:41:00.643324970 UTC - from mc-0->source-1 "493" 17:41:00.642117055
[2023-07-18T17:41:03Z INFO  dt_instance] received at 2023-07-18 17:41:03.147818001 UTC - from mc-0->source-1 "498" 17:41:03.146751851
[2023-07-18T17:41:05Z INFO  dt_instance] received at 2023-07-18 17:41:05.653608117 UTC - from mc-0->source-1 "503" 17:41:05.652550952
[2023-07-18T17:41:08Z INFO  dt_instance] received at 2023-07-18 17:41:08.159649415 UTC - from mc-0->source-1 "508" 17:41:08.158512728
[2023-07-18T17:41:10Z INFO  dt_instance] received at 2023-07-18 17:41:10.665675691 UTC - from mc-0->source-1 "513" 17:41:10.664810858
[2023-07-18T17:41:13Z INFO  dt_instance] received at 2023-07-18 17:41:13.171197373 UTC - from mc-0->source-5 "508" 17:41:13.170136743
[2023-07-18T17:41:15Z INFO  dt_instance] received at 2023-07-18 17:41:15.679400173 UTC - from mc-0->source-5 "513" 17:41:15.677895176
[2023-07-18T17:41:18Z INFO  dt_instance] received at 2023-07-18 17:41:18.185621023 UTC - from mc-0->source-5 "518" 17:41:18.184453727
[2023-07-18T17:41:20Z INFO  dt_instance] received at 2023-07-18 17:41:20.692034852 UTC - from mc-0->source-5 "523" 17:41:20.690809689
[2023-07-18T17:41:23Z INFO  dt_instance] received at 2023-07-18 17:41:23.221093262 UTC - from mc-0->source-1 "538" 17:41:23.219971527
[2023-07-18T17:41:25Z INFO  dt_instance] received at 2023-07-18 17:41:25.728152719 UTC - from mc-0->source-5 "533" 17:41:25.726879397
[2023-07-18T17:41:28Z INFO  dt_instance] received at 2023-07-18 17:41:28.234310530 UTC - from mc-0->source-5 "538" 17:41:28.233501113
[2023-07-18T17:41:30Z INFO  dt_instance] received at 2023-07-18 17:41:30.740788519 UTC - from mc-0->source-5 "543" 17:41:30.740071987
[2023-07-18T17:41:33Z INFO  dt_instance] received at 2023-07-18 17:41:33.247171980 UTC - from mc-0->source-5 "548" 17:41:33.246148574
[2023-07-18T17:41:35Z INFO  dt_instance] received at 2023-07-18 17:41:35.752887439 UTC - from mc-0->source-5 "553" 17:41:35.750489761
[2023-07-18T17:41:38Z INFO  dt_instance] received at 2023-07-18 17:41:38.258132035 UTC - from mc-0->source-5 "558" 17:41:38.257221624
[2023-07-18T17:41:40Z INFO  dt_instance] received at 2023-07-18 17:41:40.763641570 UTC - from mc-0->source-5 "563" 17:41:40.762720443
[2023-07-18T17:41:43Z INFO  dt_instance] received at 2023-07-18 17:41:43.272702001 UTC - from mc-0->source-5 "568" 17:41:43.271925107
[2023-07-18T17:41:45Z INFO  dt_instance] received at 2023-07-18 17:41:45.780599234 UTC - from mc-0->source-5 "573" 17:41:45.777175249
[2023-07-18T17:41:48Z INFO  dt_instance] received at 2023-07-18 17:41:48.284448490 UTC - from mc-0->source-5 "578" 17:41:48.283242846
[2023-07-18T17:41:50Z INFO  dt_instance] received at 2023-07-18 17:41:50.790626859 UTC - from mc-0->source-5 "583" 17:41:50.789630444
[2023-07-18T17:41:53Z INFO  dt_instance] received at 2023-07-18 17:41:53.296336693 UTC - from mc-0->source-5 "588" 17:41:53.295195327
[2023-07-18T17:41:55Z INFO  dt_instance] received at 2023-07-18 17:41:55.800338763 UTC - from mc-0->source-5 "593" 17:41:55.799705234
[2023-07-18T17:41:58Z INFO  dt_instance] received at 2023-07-18 17:41:58.308467083 UTC - from mc-0->source-5 "598" 17:41:58.305922412
[2023-07-18T17:42:00Z INFO  dt_instance] received at 2023-07-18 17:42:00.812855115 UTC - from mc-0->source-5 "603" 17:42:00.811615142
[2023-07-18T17:42:03Z INFO  dt_instance] received at 2023-07-18 17:42:03.318153435 UTC - from mc-0->source-5 "608" 17:42:03.317504742
[2023-07-18T17:42:05Z INFO  dt_instance] received at 2023-07-18 17:42:05.823730088 UTC - from mc-0->source-5 "613" 17:42:05.822610556
[2023-07-18T17:42:08Z INFO  dt_instance] received at 2023-07-18 17:42:08.329837593 UTC - from mc-0->source-5 "618" 17:42:08.328285448
[2023-07-18T17:42:10Z INFO  dt_instance] received at 2023-07-18 17:42:10.834298870 UTC - from mc-0->source-5 "623" 17:42:10.833578898
[2023-07-18T17:42:13Z INFO  dt_instance] received at 2023-07-18 17:42:13.351011958 UTC - from mc-0->source-5 "628" 17:42:13.350100682
[2023-07-18T17:42:15Z INFO  dt_instance] received at 2023-07-18 17:42:15.856174550 UTC - from mc-0->source-5 "633" 17:42:15.855303289
[2023-07-18T17:42:18Z INFO  dt_instance] received at 2023-07-18 17:42:18.361535821 UTC - from mc-0->source-5 "638" 17:42:18.360204677
[2023-07-18T17:42:20Z INFO  dt_instance] received at 2023-07-18 17:42:20.868618771 UTC - from mc-0->source-5 "643" 17:42:20.867391481
[2023-07-18T17:42:23Z INFO  dt_instance] received at 2023-07-18 17:42:23.373095284 UTC - from mc-0->source-5 "648" 17:42:23.372013129
[2023-07-18T17:42:25Z INFO  dt_instance] received at 2023-07-18 17:42:25.878076967 UTC - from mc-0->source-5 "653" 17:42:25.877281151
[2023-07-18T17:42:28Z INFO  dt_instance] received at 2023-07-18 17:42:28.382921412 UTC - from mc-0->source-5 "658" 17:42:28.382057124
[2023-07-18T17:42:30Z INFO  dt_instance] received at 2023-07-18 17:42:30.890004286 UTC - from mc-0->source-5 "663" 17:42:30.888686209
[2023-07-18T17:42:33Z INFO  dt_instance] received at 2023-07-18 17:42:33.396276377 UTC - from mc-0->source-5 "668" 17:42:33.394904714
[2023-07-18T17:42:35Z INFO  dt_instance] received at 2023-07-18 17:42:35.903118414 UTC - from mc-0->source-5 "673" 17:42:35.902331412
[2023-07-18T17:42:38Z INFO  dt_instance] received at 2023-07-18 17:42:38.408113459 UTC - from mc-0->source-5 "678" 17:42:38.407183457
[2023-07-18T17:42:40Z INFO  dt_instance] received at 2023-07-18 17:42:40.913021725 UTC - from mc-0->source-5 "683" 17:42:40.911878635
[2023-07-18T17:42:43Z INFO  dt_instance] received at 2023-07-18 17:42:43.420792391 UTC - from mc-0->source-5 "688" 17:42:43.419504410
[2023-07-18T17:42:45Z INFO  dt_instance] received at 2023-07-18 17:42:45.928192140 UTC - from mc-0->source-5 "693" 17:42:45.926902792
[2023-07-18T17:42:48Z INFO  dt_instance] received at 2023-07-18 17:42:48.433141332 UTC - from mc-0->source-5 "698" 17:42:48.432225571
[2023-07-18T17:42:50Z INFO  dt_instance] received at 2023-07-18 17:42:50.938133859 UTC - from mc-0->source-5 "703" 17:42:50.937065830
[2023-07-18T17:42:53Z INFO  dt_instance] received at 2023-07-18 17:42:53.444275033 UTC - from mc-0->source-5 "708" 17:42:53.443056525
[2023-07-18T17:42:55Z INFO  dt_instance] received at 2023-07-18 17:42:55.950896431 UTC - from mc-0->source-5 "713" 17:42:55.949498337
[2023-07-18T17:42:58Z INFO  dt_instance] received at 2023-07-18 17:42:58.456129090 UTC - from mc-0->source-5 "718" 17:42:58.455013128
[2023-07-18T17:43:00Z INFO  dt_instance] received at 2023-07-18 17:43:00.960656632 UTC - from mc-0->source-5 "723" 17:43:00.959601362
[2023-07-18T17:43:03Z INFO  dt_instance] received at 2023-07-18 17:43:03.465684415 UTC - from mc-0->source-5 "728" 17:43:03.464616711
[2023-07-18T17:43:05Z INFO  dt_instance] received at 2023-07-18 17:43:05.971982891 UTC - from mc-0->source-5 "733" 17:43:05.970928290
[2023-07-18T17:43:08Z INFO  dt_instance] received at 2023-07-18 17:43:08.476715577 UTC - from mc-0->source-5 "738" 17:43:08.475663033
[2023-07-18T17:43:10Z INFO  dt_instance] received at 2023-07-18 17:43:10.981856634 UTC - from mc-0->source-5 "743" 17:43:10.981029764
[2023-07-18T17:43:13Z INFO  dt_instance] received at 2023-07-18 17:43:13.488710678 UTC - from mc-0->source-5 "748" 17:43:13.487616536
[2023-07-18T17:43:15Z INFO  dt_instance] received at 2023-07-18 17:43:15.996403564 UTC - from mc-0->source-5 "753" 17:43:15.995344712
[2023-07-18T17:43:18Z INFO  dt_instance] received at 2023-07-18 17:43:18.507662081 UTC - from mc-0->source-5 "758" 17:43:18.501034763
[2023-07-18T17:43:21Z INFO  dt_instance] received at 2023-07-18 17:43:21.009303972 UTC - from mc-0->source-5 "763" 17:43:21.008278183
[2023-07-18T17:43:23Z INFO  dt_instance] received at 2023-07-18 17:43:23.514834895 UTC - from mc-0->source-5 "768" 17:43:23.513577
[2023-07-18T17:43:26Z INFO  dt_instance] received at 2023-07-18 17:43:26.020442093 UTC - from mc-0->source-5 "773" 17:43:26.019235657
[2023-07-18T17:43:28Z INFO  dt_instance] received at 2023-07-18 17:43:28.525965726 UTC - from mc-0->source-5 "778" 17:43:28.525131456
[2023-07-18T17:43:31Z INFO  dt_instance] received at 2023-07-18 17:43:31.031597272 UTC - from mc-0->source-5 "783" 17:43:31.030656658
[2023-07-18T17:43:33Z INFO  dt_instance] received at 2023-07-18 17:43:33.543313233 UTC - from mc-0->source-5 "788" 17:43:33.537886127
[2023-07-18T17:43:36Z INFO  dt_instance] received at 2023-07-18 17:43:36.048443600 UTC - from mc-0->source-5 "793" 17:43:36.045254776
[2023-07-18T17:43:38Z INFO  dt_instance] received at 2023-07-18 17:43:38.550756993 UTC - from mc-0->source-5 "798" 17:43:38.549624802
[2023-07-18T17:43:41Z INFO  dt_instance] received at 2023-07-18 17:43:41.058748631 UTC - from mc-0->source-5 "803" 17:43:41.056515355
[2023-07-18T17:43:43Z INFO  dt_instance] received at 2023-07-18 17:43:43.564166942 UTC - from mc-0->source-5 "808" 17:43:43.563217169
[2023-07-18T17:43:46Z INFO  dt_instance] received at 2023-07-18 17:43:46.072770116 UTC - from mc-0->source-5 "813" 17:43:46.067862617
[2023-07-18T17:43:48Z INFO  dt_instance] received at 2023-07-18 17:43:48.574046007 UTC - from mc-0->source-5 "818" 17:43:48.572892154
[2023-07-18T17:43:51Z INFO  dt_instance] received at 2023-07-18 17:43:51.080654976 UTC - from mc-0->source-5 "823" 17:43:51.078858548
[2023-07-18T17:43:53Z INFO  dt_instance] received at 2023-07-18 17:43:53.584587439 UTC - from mc-0->source-5 "828" 17:43:53.583658830
[2023-07-18T17:43:56Z INFO  dt_instance] received at 2023-07-18 17:43:56.095550214 UTC - from mc-0->source-5 "833" 17:43:56.088501564
[2023-07-18T17:43:58Z INFO  dt_instance] received at 2023-07-18 17:43:58.597713886 UTC - from mc-0->source-5 "838" 17:43:58.595046141
[2023-07-18T17:44:01Z INFO  dt_instance] received at 2023-07-18 17:44:01.102103350 UTC - from mc-0->source-5 "843" 17:44:01.101252499
[2023-07-18T17:44:03Z INFO  dt_instance] received at 2023-07-18 17:44:03.608542234 UTC - from mc-0->source-5 "848" 17:44:03.607986194
[2023-07-18T17:44:06Z INFO  dt_instance] received at 2023-07-18 17:44:06.114645688 UTC - from mc-0->source-5 "853" 17:44:06.113063529
[2023-07-18T17:44:08Z INFO  dt_instance] received at 2023-07-18 17:44:08.620059954 UTC - from mc-0->source-5 "858" 17:44:08.618875196
[2023-07-18T17:44:11Z INFO  dt_instance] received at 2023-07-18 17:44:11.129368384 UTC - from mc-0->source-5 "863" 17:44:11.127686935
[2023-07-18T17:44:13Z INFO  dt_instance] received at 2023-07-18 17:44:13.639720016 UTC - from mc-0->source-5 "868" 17:44:13.638760856
[2023-07-18T17:44:16Z INFO  dt_instance] received at 2023-07-18 17:44:16.145373557 UTC - from mc-0->source-5 "873" 17:44:16.144334415
[2023-07-18T17:44:18Z INFO  dt_instance] received at 2023-07-18 17:44:18.649697374 UTC - from mc-0->source-5 "878" 17:44:18.648758046
[2023-07-18T17:44:21Z INFO  dt_instance] received at 2023-07-18 17:44:21.155195130 UTC - from mc-0->source-5 "883" 17:44:21.154016479
[2023-07-18T17:44:23Z INFO  dt_instance] received at 2023-07-18 17:44:23.662722183 UTC - from mc-0->source-5 "888" 17:44:23.661556791
[2023-07-18T17:44:26Z INFO  dt_instance] received at 2023-07-18 17:44:26.170556683 UTC - from mc-0->source-5 "893" 17:44:26.169448951
[2023-07-18T17:44:28Z INFO  dt_instance] received at 2023-07-18 17:44:28.678103049 UTC - from mc-0->source-5 "898" 17:44:28.676774122
[2023-07-18T17:44:31Z INFO  dt_instance] received at 2023-07-18 17:44:31.183024061 UTC - from mc-0->source-5 "903" 17:44:31.182081774
[2023-07-18T17:44:33Z INFO  dt_instance] received at 2023-07-18 17:44:33.688583278 UTC - from mc-0->source-5 "908" 17:44:33.687357023
[2023-07-18T17:44:36Z INFO  dt_instance] received at 2023-07-18 17:44:36.193535905 UTC - from mc-0->source-5 "913" 17:44:36.192781814
[2023-07-18T17:44:38Z INFO  dt_instance] received at 2023-07-18 17:44:38.704376589 UTC - from mc-0->source-5 "918" 17:44:38.698879022
[2023-07-18T17:44:41Z INFO  dt_instance] received at 2023-07-18 17:44:41.204970309 UTC - from mc-0->source-5 "923" 17:44:41.203851684
[2023-07-18T17:44:43Z INFO  dt_instance] received at 2023-07-18 17:44:43.717002809 UTC - from mc-0->source-5 "928" 17:44:43.709046581
[2023-07-18T17:44:46Z INFO  dt_instance] received at 2023-07-18 17:44:46.214659306 UTC - from mc-0->source-5 "933" 17:44:46.213997653
[2023-07-18T17:44:48Z INFO  dt_instance] received at 2023-07-18 17:44:48.722268008 UTC - from mc-0->source-5 "938" 17:44:48.719511999
[2023-07-18T17:44:51Z INFO  dt_instance] received at 2023-07-18 17:44:51.226572503 UTC - from mc-0->source-5 "943" 17:44:51.225393147
[2023-07-18T17:44:53Z INFO  dt_instance] received at 2023-07-18 17:44:53.731814578 UTC - from mc-0->source-5 "948" 17:44:53.730708707
[2023-07-18T17:44:56Z INFO  dt_instance] received at 2023-07-18 17:44:56.245962887 UTC - from mc-0->source-5 "953" 17:44:56.235609885
[2023-07-18T17:44:58Z INFO  dt_instance] received at 2023-07-18 17:44:58.754913990 UTC - from mc-0->source-5 "958" 17:44:58.743337918
[2023-07-18T17:45:01Z INFO  dt_instance] received at 2023-07-18 17:45:01.249703632 UTC - from mc-0->source-5 "963" 17:45:01.248566244
[2023-07-18T17:45:03Z INFO  dt_instance] received at 2023-07-18 17:45:03.770574891 UTC - from mc-0->source-5 "968" 17:45:03.769814813
[2023-07-18T17:45:06Z INFO  dt_instance] received at 2023-07-18 17:45:06.276306628 UTC - from mc-0->source-5 "973" 17:45:06.275318713
[2023-07-18T17:45:08Z INFO  dt_instance] received at 2023-07-18 17:45:08.787168171 UTC - from mc-0->source-5 "978" 17:45:08.780154304
[2023-07-18T17:45:11Z INFO  dt_instance] received at 2023-07-18 17:45:11.286337856 UTC - from mc-0->source-5 "983" 17:45:11.285128329
[2023-07-18T17:45:13Z INFO  dt_instance] received at 2023-07-18 17:45:13.967305497 UTC - from mc-0->source-8 "981" 17:45:13.963252267
[2023-07-18T17:45:17Z INFO  dt_instance] received at 2023-07-18 17:45:17.258668348 UTC - from mc-0->source-7 "990" 17:45:17.256253834
[2023-07-18T17:45:24Z INFO  dt_instance] received at 2023-07-18 17:45:24.280793411 UTC - from mc-0->source-9 "999" 17:45:24.279959986
