[2023-07-18T17:36:05Z INFO  dt_instance] Current Twin: mc-twin-3
[2023-07-18T17:36:05Z INFO  dt_instance] Replica Name twin-mc-stateful-3
[2023-07-18T17:36:05Z INFO  dt_instance] Sleeping for 150
[2023-07-18T17:38:35Z INFO  dt_instance] Connecting to broker at emqx.dtwins:1883
[2023-07-18T17:38:35Z INFO  dt_instance] Loggin info each 50 messages
[2023-07-18T17:38:35Z INFO  dt_instance] Set max packet size to 60000 KB.
[2023-07-18T17:38:35Z INFO  dt_instance] Refreshing topics for twin - Listen to mc-3/#
[2023-07-18T17:38:35Z INFO  dt_instance] SubAck { pkid: 1, return_codes: [Success(ExactlyOnce)] }
[2023-07-18T17:39:42Z INFO  dt_instance] received at 2023-07-18 17:39:42.634501112 UTC - from mc-3->source-2 "9" 17:39:42.633654321
[2023-07-18T17:39:45Z INFO  dt_instance] received at 2023-07-18 17:39:45.889458225 UTC - from mc-3->source-3 "13" 17:39:45.888230880
[2023-07-18T17:39:48Z INFO  dt_instance] received at 2023-07-18 17:39:48.402483764 UTC - from mc-3->source-1 "23" 17:39:48.401619846
[2023-07-18T17:39:50Z INFO  dt_instance] received at 2023-07-18 17:39:50.908612107 UTC - from mc-3->source-1 "28" 17:39:50.907670558
[2023-07-18T17:39:53Z INFO  dt_instance] received at 2023-07-18 17:39:53.413589009 UTC - from mc-3->source-1 "33" 17:39:53.412658796
[2023-07-18T17:39:55Z INFO  dt_instance] received at 2023-07-18 17:39:55.921640309 UTC - from mc-3->source-1 "38" 17:39:55.920572208
[2023-07-18T17:39:58Z INFO  dt_instance] received at 2023-07-18 17:39:58.428084140 UTC - from mc-3->source-1 "43" 17:39:58.427041671
[2023-07-18T17:40:00Z INFO  dt_instance] received at 2023-07-18 17:40:00.933989246 UTC - from mc-3->source-1 "48" 17:40:00.932887146
[2023-07-18T17:40:03Z INFO  dt_instance] received at 2023-07-18 17:40:03.439424467 UTC - from mc-3->source-1 "53" 17:40:03.438341562
[2023-07-18T17:40:05Z INFO  dt_instance] received at 2023-07-18 17:40:05.956555968 UTC - from mc-3->source-1 "58" 17:40:05.951256120
[2023-07-18T17:40:08Z INFO  dt_instance] received at 2023-07-18 17:40:08.468488588 UTC - from mc-3->source-1 "63" 17:40:08.467407937
[2023-07-18T17:40:10Z INFO  dt_instance] received at 2023-07-18 17:40:10.973057368 UTC - from mc-3->source-1 "68" 17:40:10.972200210
[2023-07-18T17:40:13Z INFO  dt_instance] received at 2023-07-18 17:40:13.478963589 UTC - from mc-3->source-1 "73" 17:40:13.477818513
[2023-07-18T17:40:15Z INFO  dt_instance] received at 2023-07-18 17:40:15.985396290 UTC - from mc-3->source-1 "78" 17:40:15.984473406
[2023-07-18T17:40:18Z INFO  dt_instance] received at 2023-07-18 17:40:18.492055624 UTC - from mc-3->source-1 "83" 17:40:18.491261870
[2023-07-18T17:40:20Z INFO  dt_instance] received at 2023-07-18 17:40:20.998623053 UTC - from mc-3->source-1 "88" 17:40:20.996121042
[2023-07-18T17:40:23Z INFO  dt_instance] received at 2023-07-18 17:40:23.503327671 UTC - from mc-3->source-1 "93" 17:40:23.502110545
[2023-07-18T17:40:26Z INFO  dt_instance] received at 2023-07-18 17:40:26.010330506 UTC - from mc-3->source-1 "98" 17:40:26.008077675
[2023-07-18T17:40:28Z INFO  dt_instance] received at 2023-07-18 17:40:28.529177934 UTC - from mc-3->source-1 "103" 17:40:28.528211321
[2023-07-18T17:40:31Z INFO  dt_instance] received at 2023-07-18 17:40:31.035051735 UTC - from mc-3->source-1 "108" 17:40:31.033949044
[2023-07-18T17:40:33Z INFO  dt_instance] received at 2023-07-18 17:40:33.545142389 UTC - from mc-3->source-1 "113" 17:40:33.542660409
[2023-07-18T17:40:36Z INFO  dt_instance] received at 2023-07-18 17:40:36.050531191 UTC - from mc-3->source-1 "118" 17:40:36.048348993
[2023-07-18T17:40:38Z INFO  dt_instance] received at 2023-07-18 17:40:38.568795294 UTC - from mc-3->source-1 "123" 17:40:38.553721122
[2023-07-18T17:40:41Z INFO  dt_instance] received at 2023-07-18 17:40:41.061049553 UTC - from mc-3->source-1 "128" 17:40:41.059344491
[2023-07-18T17:40:43Z INFO  dt_instance] received at 2023-07-18 17:40:43.566445729 UTC - from mc-3->source-1 "133" 17:40:43.565353482
[2023-07-18T17:40:46Z INFO  dt_instance] received at 2023-07-18 17:40:46.072978855 UTC - from mc-3->source-1 "138" 17:40:46.070089542
[2023-07-18T17:40:48Z INFO  dt_instance] received at 2023-07-18 17:40:48.577398514 UTC - from mc-3->source-1 "143" 17:40:48.576621887
[2023-07-18T17:40:51Z INFO  dt_instance] received at 2023-07-18 17:40:51.085064012 UTC - from mc-3->source-1 "148" 17:40:51.082195571
[2023-07-18T17:40:53Z INFO  dt_instance] received at 2023-07-18 17:40:53.595201693 UTC - from mc-3->source-1 "153" 17:40:53.588065306
[2023-07-18T17:40:56Z INFO  dt_instance] received at 2023-07-18 17:40:56.095124307 UTC - from mc-3->source-1 "158" 17:40:56.094218234
[2023-07-18T17:40:58Z INFO  dt_instance] received at 2023-07-18 17:40:58.602709323 UTC - from mc-3->source-1 "163" 17:40:58.599375633
[2023-07-18T17:41:01Z INFO  dt_instance] received at 2023-07-18 17:41:01.106587258 UTC - from mc-3->source-1 "168" 17:41:01.105829695
[2023-07-18T17:41:03Z INFO  dt_instance] received at 2023-07-18 17:41:03.613209215 UTC - from mc-3->source-1 "173" 17:41:03.612240986
[2023-07-18T17:41:06Z INFO  dt_instance] received at 2023-07-18 17:41:06.118435544 UTC - from mc-3->source-1 "178" 17:41:06.117142746
[2023-07-18T17:41:08Z INFO  dt_instance] received at 2023-07-18 17:41:08.622905675 UTC - from mc-3->source-1 "183" 17:41:08.621947348
[2023-07-18T17:41:11Z INFO  dt_instance] received at 2023-07-18 17:41:11.128168292 UTC - from mc-3->source-1 "188" 17:41:11.127123544
[2023-07-18T17:41:13Z INFO  dt_instance] received at 2023-07-18 17:41:13.632628520 UTC - from mc-3->source-1 "193" 17:41:13.631592448
[2023-07-18T17:41:16Z INFO  dt_instance] received at 2023-07-18 17:41:16.140158619 UTC - from mc-3->source-1 "198" 17:41:16.139003887
[2023-07-18T17:41:18Z INFO  dt_instance] received at 2023-07-18 17:41:18.646248560 UTC - from mc-3->source-1 "203" 17:41:18.644996234
[2023-07-18T17:41:21Z INFO  dt_instance] received at 2023-07-18 17:41:21.151751330 UTC - from mc-3->source-1 "208" 17:41:21.150369974
[2023-07-18T17:41:23Z INFO  dt_instance] received at 2023-07-18 17:41:23.656570476 UTC - from mc-3->source-1 "213" 17:41:23.655582146
[2023-07-18T17:41:26Z INFO  dt_instance] received at 2023-07-18 17:41:26.163791315 UTC - from mc-3->source-1 "218" 17:41:26.162588014
[2023-07-18T17:41:28Z INFO  dt_instance] received at 2023-07-18 17:41:28.668864891 UTC - from mc-3->source-1 "223" 17:41:28.667911424
[2023-07-18T17:41:31Z INFO  dt_instance] received at 2023-07-18 17:41:31.176160142 UTC - from mc-3->source-1 "228" 17:41:31.175182566
[2023-07-18T17:41:33Z INFO  dt_instance] received at 2023-07-18 17:41:33.682231873 UTC - from mc-3->source-1 "233" 17:41:33.680910006
[2023-07-18T17:41:36Z INFO  dt_instance] received at 2023-07-18 17:41:36.187374515 UTC - from mc-3->source-1 "238" 17:41:36.186673629
[2023-07-18T17:41:38Z INFO  dt_instance] received at 2023-07-18 17:41:38.694474087 UTC - from mc-3->source-1 "243" 17:41:38.692011664
[2023-07-18T17:41:41Z INFO  dt_instance] received at 2023-07-18 17:41:41.197869117 UTC - from mc-3->source-1 "248" 17:41:41.197012157
[2023-07-18T17:41:43Z INFO  dt_instance] received at 2023-07-18 17:41:43.702840106 UTC - from mc-3->source-1 "253" 17:41:43.701765249
[2023-07-18T17:41:46Z INFO  dt_instance] received at 2023-07-18 17:41:46.207493687 UTC - from mc-3->source-1 "258" 17:41:46.206625849
[2023-07-18T17:41:48Z INFO  dt_instance] received at 2023-07-18 17:41:48.714872248 UTC - from mc-3->source-1 "263" 17:41:48.713502591
[2023-07-18T17:41:51Z INFO  dt_instance] received at 2023-07-18 17:41:51.221103522 UTC - from mc-3->source-1 "268" 17:41:51.220237943
[2023-07-18T17:41:53Z INFO  dt_instance] received at 2023-07-18 17:41:53.727744660 UTC - from mc-3->source-1 "273" 17:41:53.726268405
[2023-07-18T17:41:56Z INFO  dt_instance] received at 2023-07-18 17:41:56.233757021 UTC - from mc-3->source-1 "278" 17:41:56.232435569
[2023-07-18T17:41:58Z INFO  dt_instance] received at 2023-07-18 17:41:58.740080826 UTC - from mc-3->source-1 "283" 17:41:58.738943517
[2023-07-18T17:42:01Z INFO  dt_instance] received at 2023-07-18 17:42:01.245474694 UTC - from mc-3->source-1 "288" 17:42:01.244670232
[2023-07-18T17:42:03Z INFO  dt_instance] received at 2023-07-18 17:42:03.758425374 UTC - from mc-3->source-1 "293" 17:42:03.757271680
[2023-07-18T17:42:06Z INFO  dt_instance] received at 2023-07-18 17:42:06.263354950 UTC - from mc-3->source-1 "298" 17:42:06.261996569
[2023-07-18T17:42:08Z INFO  dt_instance] received at 2023-07-18 17:42:08.771257248 UTC - from mc-3->source-1 "303" 17:42:08.768302782
[2023-07-18T17:42:11Z INFO  dt_instance] received at 2023-07-18 17:42:11.273865464 UTC - from mc-3->source-1 "308" 17:42:11.272825257
[2023-07-18T17:42:13Z INFO  dt_instance] received at 2023-07-18 17:42:13.778925861 UTC - from mc-3->source-1 "313" 17:42:13.778021064
[2023-07-18T17:42:16Z INFO  dt_instance] received at 2023-07-18 17:42:16.285904791 UTC - from mc-3->source-1 "318" 17:42:16.283497393
[2023-07-18T17:42:18Z INFO  dt_instance] received at 2023-07-18 17:42:18.790937240 UTC - from mc-3->source-1 "323" 17:42:18.788703552
[2023-07-18T17:42:21Z INFO  dt_instance] received at 2023-07-18 17:42:21.295706981 UTC - from mc-3->source-1 "328" 17:42:21.294710328
[2023-07-18T17:42:23Z INFO  dt_instance] received at 2023-07-18 17:42:23.800974223 UTC - from mc-3->source-1 "333" 17:42:23.799947323
[2023-07-18T17:42:26Z INFO  dt_instance] received at 2023-07-18 17:42:26.308448218 UTC - from mc-3->source-1 "338" 17:42:26.307651104
[2023-07-18T17:42:28Z INFO  dt_instance] received at 2023-07-18 17:42:28.814264895 UTC - from mc-3->source-1 "343" 17:42:28.813195009
[2023-07-18T17:42:31Z INFO  dt_instance] received at 2023-07-18 17:42:31.320757550 UTC - from mc-3->source-1 "348" 17:42:31.319498015
[2023-07-18T17:42:33Z INFO  dt_instance] received at 2023-07-18 17:42:33.826251124 UTC - from mc-3->source-1 "353" 17:42:33.825036369
[2023-07-18T17:42:36Z INFO  dt_instance] received at 2023-07-18 17:42:36.337704396 UTC - from mc-3->source-1 "358" 17:42:36.336813441
[2023-07-18T17:42:38Z INFO  dt_instance] received at 2023-07-18 17:42:38.845556470 UTC - from mc-3->source-1 "363" 17:42:38.842916991
[2023-07-18T17:42:41Z INFO  dt_instance] received at 2023-07-18 17:42:41.349569646 UTC - from mc-3->source-1 "368" 17:42:41.348576722
[2023-07-18T17:42:43Z INFO  dt_instance] received at 2023-07-18 17:42:43.858417254 UTC - from mc-3->source-1 "373" 17:42:43.857384844
[2023-07-18T17:42:46Z INFO  dt_instance] received at 2023-07-18 17:42:46.364204044 UTC - from mc-3->source-1 "378" 17:42:46.362627536
[2023-07-18T17:42:48Z INFO  dt_instance] received at 2023-07-18 17:42:48.871545231 UTC - from mc-3->source-1 "383" 17:42:48.869606413
[2023-07-18T17:42:51Z INFO  dt_instance] received at 2023-07-18 17:42:51.379715106 UTC - from mc-3->source-1 "388" 17:42:51.375670449
[2023-07-18T17:42:53Z INFO  dt_instance] received at 2023-07-18 17:42:53.881837374 UTC - from mc-3->source-1 "393" 17:42:53.880576149
[2023-07-18T17:42:56Z INFO  dt_instance] received at 2023-07-18 17:42:56.388654550 UTC - from mc-3->source-1 "398" 17:42:56.387314826
[2023-07-18T17:42:58Z INFO  dt_instance] received at 2023-07-18 17:42:58.894079515 UTC - from mc-3->source-1 "403" 17:42:58.892584910
[2023-07-18T17:43:01Z INFO  dt_instance] received at 2023-07-18 17:43:01.399271081 UTC - from mc-3->source-1 "408" 17:43:01.398313964
[2023-07-18T17:43:03Z INFO  dt_instance] received at 2023-07-18 17:43:03.905602899 UTC - from mc-3->source-1 "413" 17:43:03.904369980
[2023-07-18T17:43:06Z INFO  dt_instance] received at 2023-07-18 17:43:06.412268227 UTC - from mc-3->source-1 "418" 17:43:06.410773848
[2023-07-18T17:43:08Z INFO  dt_instance] received at 2023-07-18 17:43:08.918103747 UTC - from mc-3->source-1 "423" 17:43:08.916760396
[2023-07-18T17:43:11Z INFO  dt_instance] received at 2023-07-18 17:43:11.425166892 UTC - from mc-3->source-1 "428" 17:43:11.422443359
[2023-07-18T17:43:13Z INFO  dt_instance] received at 2023-07-18 17:43:13.929661110 UTC - from mc-3->source-1 "433" 17:43:13.928606477
[2023-07-18T17:43:16Z INFO  dt_instance] received at 2023-07-18 17:43:16.435288132 UTC - from mc-3->source-1 "438" 17:43:16.433950131
[2023-07-18T17:43:18Z INFO  dt_instance] received at 2023-07-18 17:43:18.940261969 UTC - from mc-3->source-1 "443" 17:43:18.939337596
[2023-07-18T17:43:21Z INFO  dt_instance] received at 2023-07-18 17:43:21.447683941 UTC - from mc-3->source-1 "448" 17:43:21.445391358
[2023-07-18T17:43:23Z INFO  dt_instance] received at 2023-07-18 17:43:23.951344821 UTC - from mc-3->source-1 "453" 17:43:23.950050169
[2023-07-18T17:43:26Z INFO  dt_instance] received at 2023-07-18 17:43:26.456894398 UTC - from mc-3->source-1 "458" 17:43:26.455396273
[2023-07-18T17:43:28Z INFO  dt_instance] received at 2023-07-18 17:43:28.963071641 UTC - from mc-3->source-1 "463" 17:43:28.961166163
[2023-07-18T17:43:31Z INFO  dt_instance] received at 2023-07-18 17:43:31.468661080 UTC - from mc-3->source-1 "468" 17:43:31.467526444
[2023-07-18T17:43:33Z INFO  dt_instance] received at 2023-07-18 17:43:33.974122757 UTC - from mc-3->source-1 "473" 17:43:33.973265503
[2023-07-18T17:43:36Z INFO  dt_instance] received at 2023-07-18 17:43:36.479706295 UTC - from mc-3->source-1 "478" 17:43:36.477538676
[2023-07-18T17:43:38Z INFO  dt_instance] received at 2023-07-18 17:43:38.985506413 UTC - from mc-3->source-1 "483" 17:43:38.983215357
[2023-07-18T17:43:41Z INFO  dt_instance] received at 2023-07-18 17:43:41.492534968 UTC - from mc-3->source-1 "488" 17:43:41.490436056
[2023-07-18T17:43:43Z INFO  dt_instance] received at 2023-07-18 17:43:43.995134342 UTC - from mc-3->source-1 "493" 17:43:43.994503391
[2023-07-18T17:43:46Z INFO  dt_instance] received at 2023-07-18 17:43:46.502860451 UTC - from mc-3->source-3 "493" 17:43:46.501711473
[2023-07-18T17:43:49Z INFO  dt_instance] received at 2023-07-18 17:43:49.011368891 UTC - from mc-3->source-1 "503" 17:43:49.010158485
[2023-07-18T17:43:51Z INFO  dt_instance] received at 2023-07-18 17:43:51.518459224 UTC - from mc-3->source-3 "503" 17:43:51.515086594
[2023-07-18T17:43:54Z INFO  dt_instance] received at 2023-07-18 17:43:54.021983743 UTC - from mc-3->source-3 "508" 17:43:54.020472019
[2023-07-18T17:43:56Z INFO  dt_instance] received at 2023-07-18 17:43:56.528351333 UTC - from mc-3->source-1 "518" 17:43:56.527540362
[2023-07-18T17:43:59Z INFO  dt_instance] received at 2023-07-18 17:43:59.037035627 UTC - from mc-3->source-1 "523" 17:43:59.036307585
[2023-07-18T17:44:01Z INFO  dt_instance] received at 2023-07-18 17:44:01.558423453 UTC - from mc-3->source-3 "523" 17:44:01.549450448
[2023-07-18T17:44:04Z INFO  dt_instance] received at 2023-07-18 17:44:04.064192964 UTC - from mc-3->source-3 "528" 17:44:04.063099324
[2023-07-18T17:44:06Z INFO  dt_instance] received at 2023-07-18 17:44:06.569062242 UTC - from mc-3->source-3 "533" 17:44:06.567883544
[2023-07-18T17:44:09Z INFO  dt_instance] received at 2023-07-18 17:44:09.074503236 UTC - from mc-3->source-3 "538" 17:44:09.073107608
[2023-07-18T17:44:11Z INFO  dt_instance] received at 2023-07-18 17:44:11.582554596 UTC - from mc-3->source-3 "543" 17:44:11.581425073
[2023-07-18T17:44:14Z INFO  dt_instance] received at 2023-07-18 17:44:14.088951145 UTC - from mc-3->source-3 "548" 17:44:14.088094139
[2023-07-18T17:44:16Z INFO  dt_instance] received at 2023-07-18 17:44:16.594519398 UTC - from mc-3->source-3 "553" 17:44:16.592856212
[2023-07-18T17:44:19Z INFO  dt_instance] received at 2023-07-18 17:44:19.102184999 UTC - from mc-3->source-3 "558" 17:44:19.101283052
[2023-07-18T17:44:21Z INFO  dt_instance] received at 2023-07-18 17:44:21.606651950 UTC - from mc-3->source-3 "563" 17:44:21.605505230
[2023-07-18T17:44:24Z INFO  dt_instance] received at 2023-07-18 17:44:24.117842398 UTC - from mc-3->source-3 "568" 17:44:24.116268385
[2023-07-18T17:44:26Z INFO  dt_instance] received at 2023-07-18 17:44:26.622276407 UTC - from mc-3->source-3 "573" 17:44:26.621215013
[2023-07-18T17:44:29Z INFO  dt_instance] received at 2023-07-18 17:44:29.126560707 UTC - from mc-3->source-3 "578" 17:44:29.125839005
[2023-07-18T17:44:31Z INFO  dt_instance] received at 2023-07-18 17:44:31.633134291 UTC - from mc-3->source-3 "583" 17:44:31.631764726
[2023-07-18T17:44:34Z INFO  dt_instance] received at 2023-07-18 17:44:34.140160501 UTC - from mc-3->source-3 "588" 17:44:34.138700545
[2023-07-18T17:44:36Z INFO  dt_instance] received at 2023-07-18 17:44:36.646453479 UTC - from mc-3->source-3 "593" 17:44:36.645412388
[2023-07-18T17:44:39Z INFO  dt_instance] received at 2023-07-18 17:44:39.151801238 UTC - from mc-3->source-3 "598" 17:44:39.150842963
[2023-07-18T17:44:41Z INFO  dt_instance] received at 2023-07-18 17:44:41.657904509 UTC - from mc-3->source-3 "603" 17:44:41.655917558
[2023-07-18T17:44:44Z INFO  dt_instance] received at 2023-07-18 17:44:44.168736453 UTC - from mc-3->source-3 "608" 17:44:44.161395364
[2023-07-18T17:44:46Z INFO  dt_instance] received at 2023-07-18 17:44:46.667741860 UTC - from mc-3->source-3 "613" 17:44:46.666074509
[2023-07-18T17:44:49Z INFO  dt_instance] received at 2023-07-18 17:44:49.173027298 UTC - from mc-3->source-3 "618" 17:44:49.171997654
[2023-07-18T17:44:51Z INFO  dt_instance] received at 2023-07-18 17:44:51.680336118 UTC - from mc-3->source-1 "628" 17:44:51.679067400
[2023-07-18T17:44:54Z INFO  dt_instance] received at 2023-07-18 17:44:54.184835849 UTC - from mc-3->source-1 "633" 17:44:54.183899278
[2023-07-18T17:44:56Z INFO  dt_instance] received at 2023-07-18 17:44:56.707761165 UTC - from mc-3->source-3 "633" 17:44:56.692941240
[2023-07-18T17:44:59Z INFO  dt_instance] received at 2023-07-18 17:44:59.211514716 UTC - from mc-3->source-3 "638" 17:44:59.198671564
[2023-07-18T17:45:01Z INFO  dt_instance] received at 2023-07-18 17:45:01.705888475 UTC - from mc-3->source-3 "643" 17:45:01.704456725
[2023-07-18T17:45:04Z INFO  dt_instance] received at 2023-07-18 17:45:04.213621473 UTC - from mc-3->source-3 "648" 17:45:04.212676435
[2023-07-18T17:45:06Z INFO  dt_instance] received at 2023-07-18 17:45:06.720469594 UTC - from mc-3->source-3 "653" 17:45:06.719344640
[2023-07-18T17:45:09Z INFO  dt_instance] received at 2023-07-18 17:45:09.225044227 UTC - from mc-3->source-3 "658" 17:45:09.223838311
[2023-07-18T17:45:11Z INFO  dt_instance] received at 2023-07-18 17:45:11.730830476 UTC - from mc-3->source-3 "663" 17:45:11.729752832
[2023-07-18T17:45:14Z INFO  dt_instance] received at 2023-07-18 17:45:14.236364696 UTC - from mc-3->source-3 "668" 17:45:14.235517649
[2023-07-18T17:45:16Z INFO  dt_instance] received at 2023-07-18 17:45:16.745731762 UTC - from mc-3->source-3 "673" 17:45:16.742219825
[2023-07-18T17:45:19Z INFO  dt_instance] received at 2023-07-18 17:45:19.249402007 UTC - from mc-3->source-3 "678" 17:45:19.248176401
[2023-07-18T17:45:21Z INFO  dt_instance] received at 2023-07-18 17:45:21.755896358 UTC - from mc-3->source-3 "683" 17:45:21.753491213
[2023-07-18T17:45:24Z INFO  dt_instance] received at 2023-07-18 17:45:24.260698362 UTC - from mc-3->source-3 "688" 17:45:24.259837977
[2023-07-18T17:45:26Z INFO  dt_instance] received at 2023-07-18 17:45:26.767789294 UTC - from mc-3->source-3 "693" 17:45:26.765503204
[2023-07-18T17:45:29Z INFO  dt_instance] received at 2023-07-18 17:45:29.272910393 UTC - from mc-3->source-3 "698" 17:45:29.271568709
[2023-07-18T17:45:31Z INFO  dt_instance] received at 2023-07-18 17:45:31.780303701 UTC - from mc-3->source-3 "703" 17:45:31.776738573
[2023-07-18T17:45:34Z INFO  dt_instance] received at 2023-07-18 17:45:34.283739723 UTC - from mc-3->source-3 "708" 17:45:34.282705319
[2023-07-18T17:45:36Z INFO  dt_instance] received at 2023-07-18 17:45:36.789351347 UTC - from mc-3->source-3 "713" 17:45:36.787834815
[2023-07-18T17:45:39Z INFO  dt_instance] received at 2023-07-18 17:45:39.296685285 UTC - from mc-3->source-3 "718" 17:45:39.295313030
[2023-07-18T17:45:41Z INFO  dt_instance] received at 2023-07-18 17:45:41.803188689 UTC - from mc-3->source-3 "723" 17:45:41.802193720
[2023-07-18T17:45:44Z INFO  dt_instance] received at 2023-07-18 17:45:44.308991414 UTC - from mc-3->source-3 "728" 17:45:44.307484519
[2023-07-18T17:45:46Z INFO  dt_instance] received at 2023-07-18 17:45:46.818242391 UTC - from mc-3->source-3 "733" 17:45:46.815395415
[2023-07-18T17:45:49Z INFO  dt_instance] received at 2023-07-18 17:45:49.322753089 UTC - from mc-3->source-3 "738" 17:45:49.321010671
[2023-07-18T17:45:51Z INFO  dt_instance] received at 2023-07-18 17:45:51.827123754 UTC - from mc-3->source-3 "743" 17:45:51.826496032
[2023-07-18T17:45:54Z INFO  dt_instance] received at 2023-07-18 17:45:54.335594794 UTC - from mc-3->source-3 "748" 17:45:54.332596450
[2023-07-18T17:45:56Z INFO  dt_instance] received at 2023-07-18 17:45:56.840500610 UTC - from mc-3->source-3 "753" 17:45:56.839224632
[2023-07-18T17:45:59Z INFO  dt_instance] received at 2023-07-18 17:45:59.346735070 UTC - from mc-3->source-3 "758" 17:45:59.345632568
[2023-07-18T17:46:01Z INFO  dt_instance] received at 2023-07-18 17:46:01.852956833 UTC - from mc-3->source-3 "763" 17:46:01.851796128
[2023-07-18T17:46:04Z INFO  dt_instance] received at 2023-07-18 17:46:04.362951520 UTC - from mc-3->source-3 "768" 17:46:04.361312296
[2023-07-18T17:46:06Z INFO  dt_instance] received at 2023-07-18 17:46:06.868249843 UTC - from mc-3->source-3 "773" 17:46:06.867274787
[2023-07-18T17:46:09Z INFO  dt_instance] received at 2023-07-18 17:46:09.373893048 UTC - from mc-3->source-3 "778" 17:46:09.372592442
[2023-07-18T17:46:11Z INFO  dt_instance] received at 2023-07-18 17:46:11.882864547 UTC - from mc-3->source-3 "783" 17:46:11.879180278
[2023-07-18T17:46:14Z INFO  dt_instance] received at 2023-07-18 17:46:14.388000998 UTC - from mc-3->source-3 "788" 17:46:14.387187755
[2023-07-18T17:46:16Z INFO  dt_instance] received at 2023-07-18 17:46:16.894104900 UTC - from mc-3->source-3 "793" 17:46:16.893258919
[2023-07-18T17:46:19Z INFO  dt_instance] received at 2023-07-18 17:46:19.399895533 UTC - from mc-3->source-3 "798" 17:46:19.398566686
[2023-07-18T17:46:21Z INFO  dt_instance] received at 2023-07-18 17:46:21.905935028 UTC - from mc-3->source-3 "803" 17:46:21.904694877
[2023-07-18T17:46:24Z INFO  dt_instance] received at 2023-07-18 17:46:24.412161354 UTC - from mc-3->source-3 "808" 17:46:24.411284363
[2023-07-18T17:46:26Z INFO  dt_instance] received at 2023-07-18 17:46:26.918754454 UTC - from mc-3->source-3 "813" 17:46:26.917611630
[2023-07-18T17:46:29Z INFO  dt_instance] received at 2023-07-18 17:46:29.427676127 UTC - from mc-3->source-3 "818" 17:46:29.423553287
[2023-07-18T17:46:31Z INFO  dt_instance] received at 2023-07-18 17:46:31.930154641 UTC - from mc-3->source-3 "823" 17:46:31.929209073
[2023-07-18T17:46:34Z INFO  dt_instance] received at 2023-07-18 17:46:34.451289990 UTC - from mc-3->source-3 "828" 17:46:34.433640269
[2023-07-18T17:46:36Z INFO  dt_instance] received at 2023-07-18 17:46:36.953697243 UTC - from mc-3->source-3 "833" 17:46:36.952748341
[2023-07-18T17:46:39Z INFO  dt_instance] received at 2023-07-18 17:46:39.460475960 UTC - from mc-3->source-3 "838" 17:46:39.459633335
[2023-07-18T17:46:41Z INFO  dt_instance] received at 2023-07-18 17:46:41.965569083 UTC - from mc-3->source-3 "843" 17:46:41.964766802
[2023-07-18T17:46:44Z INFO  dt_instance] received at 2023-07-18 17:46:44.478197500 UTC - from mc-3->source-3 "848" 17:46:44.471178052
[2023-07-18T17:46:46Z INFO  dt_instance] received at 2023-07-18 17:46:46.977713450 UTC - from mc-3->source-3 "853" 17:46:46.976681934
[2023-07-18T17:46:49Z INFO  dt_instance] received at 2023-07-18 17:46:49.483053868 UTC - from mc-3->source-3 "858" 17:46:49.481787551
[2023-07-18T17:46:51Z INFO  dt_instance] received at 2023-07-18 17:46:51.991816422 UTC - from mc-3->source-3 "863" 17:46:51.990866861
[2023-07-18T17:46:54Z INFO  dt_instance] received at 2023-07-18 17:46:54.497388191 UTC - from mc-3->source-3 "868" 17:46:54.496348895
[2023-07-18T17:46:57Z INFO  dt_instance] received at 2023-07-18 17:46:57.002739151 UTC - from mc-3->source-3 "873" 17:46:57.001519179
[2023-07-18T17:46:59Z INFO  dt_instance] received at 2023-07-18 17:46:59.509702907 UTC - from mc-3->source-3 "878" 17:46:59.508567503
[2023-07-18T17:47:02Z INFO  dt_instance] received at 2023-07-18 17:47:02.016240760 UTC - from mc-3->source-3 "883" 17:47:02.015089885
[2023-07-18T17:47:04Z INFO  dt_instance] received at 2023-07-18 17:47:04.522826919 UTC - from mc-3->source-3 "888" 17:47:04.521466071
[2023-07-18T17:47:07Z INFO  dt_instance] received at 2023-07-18 17:47:07.030420959 UTC - from mc-3->source-3 "893" 17:47:07.029437401
[2023-07-18T17:47:09Z INFO  dt_instance] received at 2023-07-18 17:47:09.537782746 UTC - from mc-3->source-3 "898" 17:47:09.536451569
[2023-07-18T17:47:12Z INFO  dt_instance] received at 2023-07-18 17:47:12.047316101 UTC - from mc-3->source-3 "903" 17:47:12.042348615
[2023-07-18T17:47:14Z INFO  dt_instance] received at 2023-07-18 17:47:14.548028188 UTC - from mc-3->source-3 "908" 17:47:14.546941548
[2023-07-18T17:47:17Z INFO  dt_instance] received at 2023-07-18 17:47:17.052935648 UTC - from mc-3->source-3 "913" 17:47:17.051686085
[2023-07-18T17:47:19Z INFO  dt_instance] received at 2023-07-18 17:47:19.562222810 UTC - from mc-3->source-3 "918" 17:47:19.560408440
[2023-07-18T17:47:22Z INFO  dt_instance] received at 2023-07-18 17:47:22.067234872 UTC - from mc-3->source-3 "923" 17:47:22.065579867
[2023-07-18T17:47:24Z INFO  dt_instance] received at 2023-07-18 17:47:24.572178 UTC - from mc-3->source-3 "928" 17:47:24.571390535
[2023-07-18T17:47:27Z INFO  dt_instance] received at 2023-07-18 17:47:27.077430894 UTC - from mc-3->source-3 "933" 17:47:27.076488476
[2023-07-18T17:47:29Z INFO  dt_instance] received at 2023-07-18 17:47:29.585529520 UTC - from mc-3->source-3 "938" 17:47:29.582915108
[2023-07-18T17:47:32Z INFO  dt_instance] received at 2023-07-18 17:47:32.088754251 UTC - from mc-3->source-3 "943" 17:47:32.087957425
[2023-07-18T17:47:34Z INFO  dt_instance] received at 2023-07-18 17:47:34.597808447 UTC - from mc-3->source-3 "948" 17:47:34.596988020
[2023-07-18T17:47:37Z INFO  dt_instance] received at 2023-07-18 17:47:37.103873383 UTC - from mc-3->source-3 "953" 17:47:37.102765204
[2023-07-18T17:47:39Z INFO  dt_instance] received at 2023-07-18 17:47:39.612523133 UTC - from mc-3->source-3 "958" 17:47:39.611382767
[2023-07-18T17:47:42Z INFO  dt_instance] received at 2023-07-18 17:47:42.117813222 UTC - from mc-3->source-3 "963" 17:47:42.116479563
[2023-07-18T17:47:44Z INFO  dt_instance] received at 2023-07-18 17:47:44.624943513 UTC - from mc-3->source-3 "968" 17:47:44.622288519
[2023-07-18T17:47:47Z INFO  dt_instance] received at 2023-07-18 17:47:47.137645065 UTC - from mc-3->source-3 "973" 17:47:47.136511784
[2023-07-18T17:47:49Z INFO  dt_instance] received at 2023-07-18 17:47:49.644095377 UTC - from mc-3->source-3 "978" 17:47:49.643093642
[2023-07-18T17:47:52Z INFO  dt_instance] received at 2023-07-18 17:47:52.148956554 UTC - from mc-3->source-3 "983" 17:47:52.147874234
[2023-07-18T17:47:54Z INFO  dt_instance] received at 2023-07-18 17:47:54.655259857 UTC - from mc-3->source-3 "988" 17:47:54.654312758
[2023-07-18T17:47:57Z INFO  dt_instance] received at 2023-07-18 17:47:57.331978004 UTC - from mc-3->source-8 "981" 17:47:57.329760748
[2023-07-18T17:48:00Z INFO  dt_instance] received at 2023-07-18 17:48:00.574046743 UTC - from mc-3->source-7 "990" 17:48:00.572851094
[2023-07-18T17:48:07Z INFO  dt_instance] received at 2023-07-18 17:48:07.669159015 UTC - from mc-3->source-9 "999" 17:48:07.667879512
