[2023-06-27T23:34:57Z INFO  dt_instance] Current Twin: mc-twin-6
[2023-06-27T23:34:57Z INFO  dt_instance] Replica Name twin-mc-stateful-6
[2023-06-27T23:34:57Z INFO  dt_instance] Sleeping for 300
[2023-06-27T23:39:57Z INFO  dt_instance] Connecting to broker at emqx.dtwins:1883
[2023-06-27T23:39:57Z INFO  dt_instance] Loggin info each 50 messages
[2023-06-27T23:39:57Z INFO  dt_instance] Set max packet size to 60000 KB.
[2023-06-27T23:39:57Z INFO  dt_instance] Refreshing topics for twin - Listen to mc-6/#
[2023-06-27T23:39:57Z INFO  dt_instance] SubAck { pkid: 1, return_codes: [Success(ExactlyOnce)] }
[2023-06-27T23:41:03Z INFO  dt_instance] received at 2023-06-27 23:41:03.503395157 UTC - from mc-6->source-2 "9" 23:41:03.502259449
[2023-06-27T23:41:06Z INFO  dt_instance] received at 2023-06-27 23:41:06.759292872 UTC - from mc-6->source-3 "13" 23:41:06.758132925
[2023-06-27T23:41:09Z INFO  dt_instance] received at 2023-06-27 23:41:09.270391049 UTC - from mc-6->source-1 "23" 23:41:09.267466490
[2023-06-27T23:41:11Z INFO  dt_instance] received at 2023-06-27 23:41:11.774746033 UTC - from mc-6->source-1 "28" 23:41:11.773540938
[2023-06-27T23:41:14Z INFO  dt_instance] received at 2023-06-27 23:41:14.281705667 UTC - from mc-6->source-1 "33" 23:41:14.280692292
[2023-06-27T23:41:16Z INFO  dt_instance] received at 2023-06-27 23:41:16.787020108 UTC - from mc-6->source-1 "38" 23:41:16.786066855
[2023-06-27T23:41:19Z INFO  dt_instance] received at 2023-06-27 23:41:19.294236083 UTC - from mc-6->source-1 "43" 23:41:19.292562699
[2023-06-27T23:41:21Z INFO  dt_instance] received at 2023-06-27 23:41:21.800176819 UTC - from mc-6->source-1 "48" 23:41:21.798044939
[2023-06-27T23:41:24Z INFO  dt_instance] received at 2023-06-27 23:41:24.303903365 UTC - from mc-6->source-1 "53" 23:41:24.302930525
[2023-06-27T23:41:26Z INFO  dt_instance] received at 2023-06-27 23:41:26.809406914 UTC - from mc-6->source-1 "58" 23:41:26.807646089
[2023-06-27T23:41:29Z INFO  dt_instance] received at 2023-06-27 23:41:29.314259214 UTC - from mc-6->source-1 "63" 23:41:29.313196375
[2023-06-27T23:41:31Z INFO  dt_instance] received at 2023-06-27 23:41:31.819496379 UTC - from mc-6->source-1 "68" 23:41:31.817980338
[2023-06-27T23:41:34Z INFO  dt_instance] received at 2023-06-27 23:41:34.324772338 UTC - from mc-6->source-1 "73" 23:41:34.323773615
[2023-06-27T23:41:36Z INFO  dt_instance] received at 2023-06-27 23:41:36.830574554 UTC - from mc-6->source-1 "78" 23:41:36.829620963
[2023-06-27T23:41:39Z INFO  dt_instance] received at 2023-06-27 23:41:39.336334488 UTC - from mc-6->source-1 "83" 23:41:39.335545366
[2023-06-27T23:41:41Z INFO  dt_instance] received at 2023-06-27 23:41:41.842486559 UTC - from mc-6->source-1 "88" 23:41:41.841371074
[2023-06-27T23:41:44Z INFO  dt_instance] received at 2023-06-27 23:41:44.348216823 UTC - from mc-6->source-1 "93" 23:41:44.346448852
[2023-06-27T23:41:46Z INFO  dt_instance] received at 2023-06-27 23:41:46.854714846 UTC - from mc-6->source-1 "98" 23:41:46.852383978
[2023-06-27T23:41:49Z INFO  dt_instance] received at 2023-06-27 23:41:49.359459676 UTC - from mc-6->source-1 "103" 23:41:49.358003049
[2023-06-27T23:41:51Z INFO  dt_instance] received at 2023-06-27 23:41:51.863661387 UTC - from mc-6->source-1 "108" 23:41:51.862727185
[2023-06-27T23:41:54Z INFO  dt_instance] received at 2023-06-27 23:41:54.370436577 UTC - from mc-6->source-1 "113" 23:41:54.369644276
[2023-06-27T23:41:56Z INFO  dt_instance] received at 2023-06-27 23:41:56.877085904 UTC - from mc-6->source-1 "118" 23:41:56.875616288
[2023-06-27T23:41:59Z INFO  dt_instance] received at 2023-06-27 23:41:59.383240655 UTC - from mc-6->source-1 "123" 23:41:59.382167267
[2023-06-27T23:42:01Z INFO  dt_instance] received at 2023-06-27 23:42:01.888132375 UTC - from mc-6->source-1 "128" 23:42:01.887336647
[2023-06-27T23:42:04Z INFO  dt_instance] received at 2023-06-27 23:42:04.392606198 UTC - from mc-6->source-1 "133" 23:42:04.391643642
[2023-06-27T23:42:06Z INFO  dt_instance] received at 2023-06-27 23:42:06.899208280 UTC - from mc-6->source-1 "138" 23:42:06.897700114
[2023-06-27T23:42:09Z INFO  dt_instance] received at 2023-06-27 23:42:09.403850136 UTC - from mc-6->source-1 "143" 23:42:09.402905258
[2023-06-27T23:42:11Z INFO  dt_instance] received at 2023-06-27 23:42:11.913322442 UTC - from mc-6->source-1 "148" 23:42:11.910144763
[2023-06-27T23:42:14Z INFO  dt_instance] received at 2023-06-27 23:42:14.416922837 UTC - from mc-6->source-1 "153" 23:42:14.415670347
[2023-06-27T23:42:16Z INFO  dt_instance] received at 2023-06-27 23:42:16.923199431 UTC - from mc-6->source-1 "158" 23:42:16.922123027
[2023-06-27T23:42:19Z INFO  dt_instance] received at 2023-06-27 23:42:19.429946470 UTC - from mc-6->source-1 "163" 23:42:19.427536773
[2023-06-27T23:42:21Z INFO  dt_instance] received at 2023-06-27 23:42:21.934871338 UTC - from mc-6->source-1 "168" 23:42:21.933360776
[2023-06-27T23:42:24Z INFO  dt_instance] received at 2023-06-27 23:42:24.439845821 UTC - from mc-6->source-1 "173" 23:42:24.438128426
[2023-06-27T23:42:26Z INFO  dt_instance] received at 2023-06-27 23:42:26.945441057 UTC - from mc-6->source-1 "178" 23:42:26.943610790
[2023-06-27T23:42:29Z INFO  dt_instance] received at 2023-06-27 23:42:29.452295899 UTC - from mc-6->source-1 "183" 23:42:29.450224814
[2023-06-27T23:42:31Z INFO  dt_instance] received at 2023-06-27 23:42:31.958753401 UTC - from mc-6->source-1 "188" 23:42:31.957644767
[2023-06-27T23:42:34Z INFO  dt_instance] received at 2023-06-27 23:42:34.464442727 UTC - from mc-6->source-1 "193" 23:42:34.462840547
[2023-06-27T23:42:36Z INFO  dt_instance] received at 2023-06-27 23:42:36.972384602 UTC - from mc-6->source-1 "198" 23:42:36.971244098
[2023-06-27T23:42:39Z INFO  dt_instance] received at 2023-06-27 23:42:39.477581080 UTC - from mc-6->source-1 "203" 23:42:39.476128026
[2023-06-27T23:42:41Z INFO  dt_instance] received at 2023-06-27 23:42:41.988904088 UTC - from mc-6->source-5 "198" 23:42:41.986464005
[2023-06-27T23:42:44Z INFO  dt_instance] received at 2023-06-27 23:42:44.492265115 UTC - from mc-6->source-5 "203" 23:42:44.490619262
[2023-06-27T23:42:46Z INFO  dt_instance] received at 2023-06-27 23:42:46.998106940 UTC - from mc-6->source-5 "208" 23:42:46.996591254
[2023-06-27T23:42:49Z INFO  dt_instance] received at 2023-06-27 23:42:49.504887303 UTC - from mc-6->source-5 "213" 23:42:49.503158036
[2023-06-27T23:42:52Z INFO  dt_instance] received at 2023-06-27 23:42:52.010042573 UTC - from mc-6->source-5 "218" 23:42:52.007985882
[2023-06-27T23:42:54Z INFO  dt_instance] received at 2023-06-27 23:42:54.515356424 UTC - from mc-6->source-5 "223" 23:42:54.514582269
[2023-06-27T23:42:57Z INFO  dt_instance] received at 2023-06-27 23:42:57.022040631 UTC - from mc-6->source-5 "228" 23:42:57.021140716
[2023-06-27T23:42:59Z INFO  dt_instance] received at 2023-06-27 23:42:59.527302554 UTC - from mc-6->source-5 "233" 23:42:59.526110586
[2023-06-27T23:43:02Z INFO  dt_instance] received at 2023-06-27 23:43:02.033976140 UTC - from mc-6->source-5 "238" 23:43:02.032374539
[2023-06-27T23:43:04Z INFO  dt_instance] received at 2023-06-27 23:43:04.539125465 UTC - from mc-6->source-5 "243" 23:43:04.537992749
[2023-06-27T23:43:07Z INFO  dt_instance] received at 2023-06-27 23:43:07.044015643 UTC - from mc-6->source-5 "248" 23:43:07.042883682
[2023-06-27T23:43:09Z INFO  dt_instance] received at 2023-06-27 23:43:09.548809504 UTC - from mc-6->source-5 "253" 23:43:09.547886137
[2023-06-27T23:43:12Z INFO  dt_instance] received at 2023-06-27 23:43:12.057144331 UTC - from mc-6->source-5 "258" 23:43:12.054065528
[2023-06-27T23:43:14Z INFO  dt_instance] received at 2023-06-27 23:43:14.563236105 UTC - from mc-6->source-1 "273" 23:43:14.561982286
[2023-06-27T23:43:17Z INFO  dt_instance] received at 2023-06-27 23:43:17.074285569 UTC - from mc-6->source-3 "273" 23:43:17.072804564
[2023-06-27T23:43:19Z INFO  dt_instance] received at 2023-06-27 23:43:19.580690718 UTC - from mc-6->source-3 "278" 23:43:19.579329980
[2023-06-27T23:43:22Z INFO  dt_instance] received at 2023-06-27 23:43:22.087189417 UTC - from mc-6->source-3 "283" 23:43:22.085817866
[2023-06-27T23:43:24Z INFO  dt_instance] received at 2023-06-27 23:43:24.592928942 UTC - from mc-6->source-5 "283" 23:43:24.591671915
[2023-06-27T23:43:27Z INFO  dt_instance] received at 2023-06-27 23:43:27.099435390 UTC - from mc-6->source-5 "288" 23:43:27.098071842
[2023-06-27T23:43:29Z INFO  dt_instance] received at 2023-06-27 23:43:29.603770846 UTC - from mc-6->source-5 "293" 23:43:29.602645748
[2023-06-27T23:43:32Z INFO  dt_instance] received at 2023-06-27 23:43:32.110914854 UTC - from mc-6->source-5 "298" 23:43:32.108497605
[2023-06-27T23:43:34Z INFO  dt_instance] received at 2023-06-27 23:43:34.615884419 UTC - from mc-6->source-3 "308" 23:43:34.614543246
[2023-06-27T23:43:37Z INFO  dt_instance] received at 2023-06-27 23:43:37.121947430 UTC - from mc-6->source-3 "313" 23:43:37.120863203
[2023-06-27T23:43:39Z INFO  dt_instance] received at 2023-06-27 23:43:39.629659288 UTC - from mc-6->source-5 "313" 23:43:39.626861078
[2023-06-27T23:43:42Z INFO  dt_instance] received at 2023-06-27 23:43:42.136380821 UTC - from mc-6->source-5 "318" 23:43:42.132858037
[2023-06-27T23:43:44Z INFO  dt_instance] received at 2023-06-27 23:43:44.642778278 UTC - from mc-6->source-3 "328" 23:43:44.638654133
[2023-06-27T23:43:47Z INFO  dt_instance] received at 2023-06-27 23:43:47.146091876 UTC - from mc-6->source-3 "333" 23:43:47.144908919
[2023-06-27T23:43:49Z INFO  dt_instance] received at 2023-06-27 23:43:49.650948882 UTC - from mc-6->source-3 "338" 23:43:49.649728169
[2023-06-27T23:43:52Z INFO  dt_instance] received at 2023-06-27 23:43:52.156011647 UTC - from mc-6->source-3 "343" 23:43:52.155073719
[2023-06-27T23:43:54Z INFO  dt_instance] received at 2023-06-27 23:43:54.661723292 UTC - from mc-6->source-3 "348" 23:43:54.660680531
[2023-06-27T23:43:57Z INFO  dt_instance] received at 2023-06-27 23:43:57.168142682 UTC - from mc-6->source-3 "353" 23:43:57.165723158
[2023-06-27T23:43:59Z INFO  dt_instance] received at 2023-06-27 23:43:59.699290225 UTC - from mc-6->source-1 "363" 23:43:59.671714140
[2023-06-27T23:44:02Z INFO  dt_instance] received at 2023-06-27 23:44:02.179086255 UTC - from mc-6->source-3 "363" 23:44:02.177771082
[2023-06-27T23:44:04Z INFO  dt_instance] received at 2023-06-27 23:44:04.687433694 UTC - from mc-6->source-1 "373" 23:44:04.684603187
[2023-06-27T23:44:07Z INFO  dt_instance] received at 2023-06-27 23:44:07.191678622 UTC - from mc-6->source-1 "378" 23:44:07.190600613
[2023-06-27T23:44:09Z INFO  dt_instance] received at 2023-06-27 23:44:09.700817571 UTC - from mc-6->source-1 "383" 23:44:09.697334128
[2023-06-27T23:44:12Z INFO  dt_instance] received at 2023-06-27 23:44:12.203909539 UTC - from mc-6->source-1 "388" 23:44:12.202853838
[2023-06-27T23:44:14Z INFO  dt_instance] received at 2023-06-27 23:44:14.727790419 UTC - from mc-6->source-1 "393" 23:44:14.708530407
[2023-06-27T23:44:17Z INFO  dt_instance] received at 2023-06-27 23:44:17.215811517 UTC - from mc-6->source-1 "398" 23:44:17.214203072
[2023-06-27T23:44:19Z INFO  dt_instance] received at 2023-06-27 23:44:19.722779425 UTC - from mc-6->source-5 "393" 23:44:19.720517160
[2023-06-27T23:44:22Z INFO  dt_instance] received at 2023-06-27 23:44:22.230366697 UTC - from mc-6->source-1 "408" 23:44:22.226535886
[2023-06-27T23:44:24Z INFO  dt_instance] received at 2023-06-27 23:44:24.734855793 UTC - from mc-6->source-5 "403" 23:44:24.733833165
[2023-06-27T23:44:27Z INFO  dt_instance] received at 2023-06-27 23:44:27.240221534 UTC - from mc-6->source-1 "418" 23:44:27.239068092
[2023-06-27T23:44:29Z INFO  dt_instance] received at 2023-06-27 23:44:29.745472354 UTC - from mc-6->source-1 "423" 23:44:29.743876010
[2023-06-27T23:44:32Z INFO  dt_instance] received at 2023-06-27 23:44:32.258801339 UTC - from mc-6->source-5 "418" 23:44:32.251611948
[2023-06-27T23:44:34Z INFO  dt_instance] received at 2023-06-27 23:44:34.759010732 UTC - from mc-6->source-5 "423" 23:44:34.757887820
[2023-06-27T23:44:37Z INFO  dt_instance] received at 2023-06-27 23:44:37.265311536 UTC - from mc-6->source-5 "428" 23:44:37.264056319
[2023-06-27T23:44:39Z INFO  dt_instance] received at 2023-06-27 23:44:39.770205925 UTC - from mc-6->source-5 "433" 23:44:39.769021403
[2023-06-27T23:44:42Z INFO  dt_instance] received at 2023-06-27 23:44:42.277332423 UTC - from mc-6->source-3 "443" 23:44:42.276108708
[2023-06-27T23:44:44Z INFO  dt_instance] received at 2023-06-27 23:44:44.790196923 UTC - from mc-6->source-5 "443" 23:44:44.781462932
[2023-06-27T23:44:47Z INFO  dt_instance] received at 2023-06-27 23:44:47.288698393 UTC - from mc-6->source-3 "453" 23:44:47.286551904
[2023-06-27T23:44:49Z INFO  dt_instance] received at 2023-06-27 23:44:49.794825240 UTC - from mc-6->source-5 "453" 23:44:49.793502262
[2023-06-27T23:44:52Z INFO  dt_instance] received at 2023-06-27 23:44:52.301581199 UTC - from mc-6->source-3 "463" 23:44:52.299377592
[2023-06-27T23:44:54Z INFO  dt_instance] received at 2023-06-27 23:44:54.806134222 UTC - from mc-6->source-5 "463" 23:44:54.805128599
[2023-06-27T23:44:57Z INFO  dt_instance] received at 2023-06-27 23:44:57.311967052 UTC - from mc-6->source-3 "473" 23:44:57.310338090
[2023-06-27T23:44:59Z INFO  dt_instance] received at 2023-06-27 23:44:59.817118735 UTC - from mc-6->source-5 "473" 23:44:59.815751618
[2023-06-27T23:45:02Z INFO  dt_instance] received at 2023-06-27 23:45:02.330789885 UTC - from mc-6->source-3 "483" 23:45:02.320895603
[2023-06-27T23:45:04Z INFO  dt_instance] received at 2023-06-27 23:45:04.830470322 UTC - from mc-6->source-3 "488" 23:45:04.828808416
[2023-06-27T23:45:07Z INFO  dt_instance] received at 2023-06-27 23:45:07.336281221 UTC - from mc-6->source-5 "488" 23:45:07.335392190
[2023-06-27T23:45:09Z INFO  dt_instance] received at 2023-06-27 23:45:09.845375205 UTC - from mc-6->source-1 "503" 23:45:09.841396038
[2023-06-27T23:45:12Z INFO  dt_instance] received at 2023-06-27 23:45:12.349947147 UTC - from mc-6->source-3 "503" 23:45:12.346715584
[2023-06-27T23:45:14Z INFO  dt_instance] received at 2023-06-27 23:45:14.853351426 UTC - from mc-6->source-5 "503" 23:45:14.851962391
[2023-06-27T23:45:17Z INFO  dt_instance] received at 2023-06-27 23:45:17.359187446 UTC - from mc-6->source-1 "518" 23:45:17.357710026
[2023-06-27T23:45:19Z INFO  dt_instance] received at 2023-06-27 23:45:19.867754187 UTC - from mc-6->source-1 "523" 23:45:19.863369816
[2023-06-27T23:45:22Z INFO  dt_instance] received at 2023-06-27 23:45:22.372499306 UTC - from mc-6->source-3 "523" 23:45:22.368732506
[2023-06-27T23:45:24Z INFO  dt_instance] received at 2023-06-27 23:45:24.876966650 UTC - from mc-6->source-1 "533" 23:45:24.875915510
[2023-06-27T23:45:27Z INFO  dt_instance] received at 2023-06-27 23:45:27.382192670 UTC - from mc-6->source-1 "538" 23:45:27.381188870
[2023-06-27T23:45:29Z INFO  dt_instance] received at 2023-06-27 23:45:29.890757435 UTC - from mc-6->source-5 "533" 23:45:29.887040807
[2023-06-27T23:45:32Z INFO  dt_instance] received at 2023-06-27 23:45:32.394513844 UTC - from mc-6->source-5 "538" 23:45:32.393726730
[2023-06-27T23:45:34Z INFO  dt_instance] received at 2023-06-27 23:45:34.905752794 UTC - from mc-6->source-3 "548" 23:45:34.904678945
[2023-06-27T23:45:37Z INFO  dt_instance] received at 2023-06-27 23:45:37.414323211 UTC - from mc-6->source-3 "553" 23:45:37.411667578
[2023-06-27T23:45:39Z INFO  dt_instance] received at 2023-06-27 23:45:39.926180095 UTC - from mc-6->source-3 "558" 23:45:39.916880894
[2023-06-27T23:45:42Z INFO  dt_instance] received at 2023-06-27 23:45:42.425711790 UTC - from mc-6->source-3 "563" 23:45:42.423470822
[2023-06-27T23:45:44Z INFO  dt_instance] received at 2023-06-27 23:45:44.930707880 UTC - from mc-6->source-5 "563" 23:45:44.928640229
[2023-06-27T23:45:47Z INFO  dt_instance] received at 2023-06-27 23:45:47.435577950 UTC - from mc-6->source-3 "573" 23:45:47.434524999
[2023-06-27T23:45:49Z INFO  dt_instance] received at 2023-06-27 23:45:49.943993991 UTC - from mc-6->source-5 "573" 23:45:49.939386466
[2023-06-27T23:45:52Z INFO  dt_instance] received at 2023-06-27 23:45:52.446460991 UTC - from mc-6->source-5 "578" 23:45:52.445400349
[2023-06-27T23:45:54Z INFO  dt_instance] received at 2023-06-27 23:45:54.955933522 UTC - from mc-6->source-5 "583" 23:45:54.950014548
[2023-06-27T23:45:57Z INFO  dt_instance] received at 2023-06-27 23:45:57.458987474 UTC - from mc-6->source-5 "588" 23:45:57.457241836
[2023-06-27T23:45:59Z INFO  dt_instance] received at 2023-06-27 23:45:59.964661377 UTC - from mc-6->source-5 "593" 23:45:59.961700139
[2023-06-27T23:46:02Z INFO  dt_instance] received at 2023-06-27 23:46:02.471817001 UTC - from mc-6->source-5 "598" 23:46:02.469624248
[2023-06-27T23:46:04Z INFO  dt_instance] received at 2023-06-27 23:46:04.975883394 UTC - from mc-6->source-5 "603" 23:46:04.974592495
[2023-06-27T23:46:07Z INFO  dt_instance] received at 2023-06-27 23:46:07.484017498 UTC - from mc-6->source-3 "613" 23:46:07.479682790
[2023-06-27T23:46:09Z INFO  dt_instance] received at 2023-06-27 23:46:09.989468475 UTC - from mc-6->source-5 "613" 23:46:09.986181385
[2023-06-27T23:46:12Z INFO  dt_instance] received at 2023-06-27 23:46:12.495914578 UTC - from mc-6->source-1 "628" 23:46:12.492149834
[2023-06-27T23:46:15Z INFO  dt_instance] received at 2023-06-27 23:46:15.002171445 UTC - from mc-6->source-5 "623" 23:46:15.000176063
[2023-06-27T23:46:17Z INFO  dt_instance] received at 2023-06-27 23:46:17.510584621 UTC - from mc-6->source-1 "638" 23:46:17.507182580
[2023-06-27T23:46:20Z INFO  dt_instance] received at 2023-06-27 23:46:20.017572009 UTC - from mc-6->source-1 "643" 23:46:20.013605937
[2023-06-27T23:46:22Z INFO  dt_instance] received at 2023-06-27 23:46:22.524690817 UTC - from mc-6->source-1 "648" 23:46:22.519122171
[2023-06-27T23:46:25Z INFO  dt_instance] received at 2023-06-27 23:46:25.025750645 UTC - from mc-6->source-1 "653" 23:46:25.024045550
[2023-06-27T23:46:27Z INFO  dt_instance] received at 2023-06-27 23:46:27.531872614 UTC - from mc-6->source-3 "653" 23:46:27.529205343
[2023-06-27T23:46:30Z INFO  dt_instance] received at 2023-06-27 23:46:30.037083219 UTC - from mc-6->source-3 "658" 23:46:30.035972598
[2023-06-27T23:46:32Z INFO  dt_instance] received at 2023-06-27 23:46:32.542045756 UTC - from mc-6->source-3 "663" 23:46:32.541187504
[2023-06-27T23:46:35Z INFO  dt_instance] received at 2023-06-27 23:46:35.050911882 UTC - from mc-6->source-3 "668" 23:46:35.047117734
[2023-06-27T23:46:37Z INFO  dt_instance] received at 2023-06-27 23:46:37.556049850 UTC - from mc-6->source-3 "673" 23:46:37.553751398
[2023-06-27T23:46:40Z INFO  dt_instance] received at 2023-06-27 23:46:40.061590310 UTC - from mc-6->source-3 "678" 23:46:40.060356861
[2023-06-27T23:46:42Z INFO  dt_instance] received at 2023-06-27 23:46:42.567246900 UTC - from mc-6->source-3 "683" 23:46:42.566289416
[2023-06-27T23:46:45Z INFO  dt_instance] received at 2023-06-27 23:46:45.072227486 UTC - from mc-6->source-3 "688" 23:46:45.071146706
[2023-06-27T23:46:47Z INFO  dt_instance] received at 2023-06-27 23:46:47.594539468 UTC - from mc-6->source-3 "693" 23:46:47.592951989
[2023-06-27T23:46:50Z INFO  dt_instance] received at 2023-06-27 23:46:50.108516784 UTC - from mc-6->source-3 "698" 23:46:50.105306318
[2023-06-27T23:46:52Z INFO  dt_instance] received at 2023-06-27 23:46:52.613276305 UTC - from mc-6->source-3 "703" 23:46:52.611844070
[2023-06-27T23:46:55Z INFO  dt_instance] received at 2023-06-27 23:46:55.118383804 UTC - from mc-6->source-3 "708" 23:46:55.117463508
[2023-06-27T23:46:57Z INFO  dt_instance] received at 2023-06-27 23:46:57.624047921 UTC - from mc-6->source-3 "713" 23:46:57.622626480
[2023-06-27T23:47:00Z INFO  dt_instance] received at 2023-06-27 23:47:00.136315770 UTC - from mc-6->source-3 "718" 23:47:00.127847983
[2023-06-27T23:47:02Z INFO  dt_instance] received at 2023-06-27 23:47:02.634465528 UTC - from mc-6->source-3 "723" 23:47:02.633100908
[2023-06-27T23:47:05Z INFO  dt_instance] received at 2023-06-27 23:47:05.145082754 UTC - from mc-6->source-3 "728" 23:47:05.144023512
[2023-06-27T23:47:07Z INFO  dt_instance] received at 2023-06-27 23:47:07.650468435 UTC - from mc-6->source-3 "733" 23:47:07.648946833
[2023-06-27T23:47:10Z INFO  dt_instance] received at 2023-06-27 23:47:10.155502363 UTC - from mc-6->source-3 "738" 23:47:10.154027773
[2023-06-27T23:47:12Z INFO  dt_instance] received at 2023-06-27 23:47:12.663142378 UTC - from mc-6->source-3 "743" 23:47:12.660303582
[2023-06-27T23:47:15Z INFO  dt_instance] received at 2023-06-27 23:47:15.166734805 UTC - from mc-6->source-3 "748" 23:47:15.165106893
[2023-06-27T23:47:17Z INFO  dt_instance] received at 2023-06-27 23:47:17.679460865 UTC - from mc-6->source-3 "753" 23:47:17.670006412
[2023-06-27T23:47:20Z INFO  dt_instance] received at 2023-06-27 23:47:20.176302978 UTC - from mc-6->source-3 "758" 23:47:20.175117654
[2023-06-27T23:47:22Z INFO  dt_instance] received at 2023-06-27 23:47:22.681984131 UTC - from mc-6->source-3 "763" 23:47:22.680982445
[2023-06-27T23:47:25Z INFO  dt_instance] received at 2023-06-27 23:47:25.222846352 UTC - from mc-6->source-3 "768" 23:47:25.186692496
[2023-06-27T23:47:27Z INFO  dt_instance] received at 2023-06-27 23:47:27.698386999 UTC - from mc-6->source-3 "773" 23:47:27.691715211
[2023-06-27T23:47:30Z INFO  dt_instance] received at 2023-06-27 23:47:30.198932402 UTC - from mc-6->source-3 "778" 23:47:30.196908034
[2023-06-27T23:47:32Z INFO  dt_instance] received at 2023-06-27 23:47:32.704302134 UTC - from mc-6->source-3 "783" 23:47:32.702760561
[2023-06-27T23:47:35Z INFO  dt_instance] received at 2023-06-27 23:47:35.209666666 UTC - from mc-6->source-3 "788" 23:47:35.208501665
[2023-06-27T23:47:37Z INFO  dt_instance] received at 2023-06-27 23:47:37.717035223 UTC - from mc-6->source-3 "793" 23:47:37.714431067
[2023-06-27T23:47:40Z INFO  dt_instance] received at 2023-06-27 23:47:40.222446516 UTC - from mc-6->source-3 "798" 23:47:40.220965532
[2023-06-27T23:47:42Z INFO  dt_instance] received at 2023-06-27 23:47:42.731402064 UTC - from mc-6->source-3 "803" 23:47:42.730314282
[2023-06-27T23:47:45Z INFO  dt_instance] received at 2023-06-27 23:47:45.237799981 UTC - from mc-6->source-3 "808" 23:47:45.236277273
[2023-06-27T23:47:47Z INFO  dt_instance] received at 2023-06-27 23:47:47.742401391 UTC - from mc-6->source-3 "813" 23:47:47.741445883
[2023-06-27T23:47:50Z INFO  dt_instance] received at 2023-06-27 23:47:50.247665870 UTC - from mc-6->source-3 "818" 23:47:50.245953408
[2023-06-27T23:47:52Z INFO  dt_instance] received at 2023-06-27 23:47:52.752902951 UTC - from mc-6->source-3 "823" 23:47:52.751283754
[2023-06-27T23:47:55Z INFO  dt_instance] received at 2023-06-27 23:47:55.286660419 UTC - from mc-6->source-3 "828" 23:47:55.255702550
[2023-06-27T23:47:57Z INFO  dt_instance] received at 2023-06-27 23:47:57.763145361 UTC - from mc-6->source-3 "833" 23:47:57.761619825
[2023-06-27T23:48:00Z INFO  dt_instance] received at 2023-06-27 23:48:00.269134377 UTC - from mc-6->source-3 "838" 23:48:00.267558148
[2023-06-27T23:48:02Z INFO  dt_instance] received at 2023-06-27 23:48:02.774860723 UTC - from mc-6->source-3 "843" 23:48:02.773838649
[2023-06-27T23:48:05Z INFO  dt_instance] received at 2023-06-27 23:48:05.281182552 UTC - from mc-6->source-3 "848" 23:48:05.280124045
[2023-06-27T23:48:07Z INFO  dt_instance] received at 2023-06-27 23:48:07.787867896 UTC - from mc-6->source-3 "853" 23:48:07.786643214
[2023-06-27T23:48:10Z INFO  dt_instance] received at 2023-06-27 23:48:10.295280898 UTC - from mc-6->source-3 "858" 23:48:10.292597806
[2023-06-27T23:48:12Z INFO  dt_instance] received at 2023-06-27 23:48:12.799610268 UTC - from mc-6->source-3 "863" 23:48:12.797941331
[2023-06-27T23:48:15Z INFO  dt_instance] received at 2023-06-27 23:48:15.305199714 UTC - from mc-6->source-3 "868" 23:48:15.303776956
[2023-06-27T23:48:17Z INFO  dt_instance] received at 2023-06-27 23:48:17.810478552 UTC - from mc-6->source-3 "873" 23:48:17.809512637
[2023-06-27T23:48:20Z INFO  dt_instance] received at 2023-06-27 23:48:20.316936695 UTC - from mc-6->source-3 "878" 23:48:20.315572173
[2023-06-27T23:48:22Z INFO  dt_instance] received at 2023-06-27 23:48:22.822578156 UTC - from mc-6->source-3 "883" 23:48:22.821540755
[2023-06-27T23:48:25Z INFO  dt_instance] received at 2023-06-27 23:48:25.328390775 UTC - from mc-6->source-3 "888" 23:48:25.327602063
[2023-06-27T23:48:27Z INFO  dt_instance] received at 2023-06-27 23:48:27.836539430 UTC - from mc-6->source-3 "893" 23:48:27.835552211
[2023-06-27T23:48:30Z INFO  dt_instance] received at 2023-06-27 23:48:30.348271220 UTC - from mc-6->source-3 "898" 23:48:30.341348679
[2023-06-27T23:48:32Z INFO  dt_instance] received at 2023-06-27 23:48:32.848402587 UTC - from mc-6->source-3 "903" 23:48:32.847252130
[2023-06-27T23:48:35Z INFO  dt_instance] received at 2023-06-27 23:48:35.354273228 UTC - from mc-6->source-3 "908" 23:48:35.352408771
[2023-06-27T23:48:37Z INFO  dt_instance] received at 2023-06-27 23:48:37.858839301 UTC - from mc-6->source-3 "913" 23:48:37.857954238
[2023-06-27T23:48:40Z INFO  dt_instance] received at 2023-06-27 23:48:40.371136021 UTC - from mc-6->source-3 "918" 23:48:40.362972880
[2023-06-27T23:48:42Z INFO  dt_instance] received at 2023-06-27 23:48:42.869978357 UTC - from mc-6->source-3 "923" 23:48:42.868449977
[2023-06-27T23:48:45Z INFO  dt_instance] received at 2023-06-27 23:48:45.375565554 UTC - from mc-6->source-3 "928" 23:48:45.374229970
[2023-06-27T23:48:47Z INFO  dt_instance] received at 2023-06-27 23:48:47.880869143 UTC - from mc-6->source-3 "933" 23:48:47.879255857
[2023-06-27T23:48:50Z INFO  dt_instance] received at 2023-06-27 23:48:50.387891282 UTC - from mc-6->source-3 "938" 23:48:50.383841528
[2023-06-27T23:48:52Z INFO  dt_instance] received at 2023-06-27 23:48:52.892429855 UTC - from mc-6->source-3 "943" 23:48:52.891323036
[2023-06-27T23:48:55Z INFO  dt_instance] received at 2023-06-27 23:48:55.400033262 UTC - from mc-6->source-3 "948" 23:48:55.397085807
[2023-06-27T23:48:57Z INFO  dt_instance] received at 2023-06-27 23:48:57.915751415 UTC - from mc-6->source-3 "953" 23:48:57.902947801
[2023-06-27T23:49:00Z INFO  dt_instance] received at 2023-06-27 23:49:00.409283665 UTC - from mc-6->source-3 "958" 23:49:00.408070024
[2023-06-27T23:49:02Z INFO  dt_instance] received at 2023-06-27 23:49:02.914438892 UTC - from mc-6->source-3 "963" 23:49:02.913089255
[2023-06-27T23:49:05Z INFO  dt_instance] received at 2023-06-27 23:49:05.421843177 UTC - from mc-6->source-3 "968" 23:49:05.418949562
[2023-06-27T23:49:07Z INFO  dt_instance] received at 2023-06-27 23:49:07.926221151 UTC - from mc-6->source-3 "973" 23:49:07.924970068
[2023-06-27T23:49:10Z INFO  dt_instance] received at 2023-06-27 23:49:10.434982733 UTC - from mc-6->source-3 "978" 23:49:10.430806249
[2023-06-27T23:49:12Z INFO  dt_instance] received at 2023-06-27 23:49:12.937227505 UTC - from mc-6->source-3 "983" 23:49:12.935835268
[2023-06-27T23:49:15Z INFO  dt_instance] received at 2023-06-27 23:49:15.443340424 UTC - from mc-6->source-3 "988" 23:49:15.441598680
[2023-06-27T23:49:18Z INFO  dt_instance] received at 2023-06-27 23:49:18.179361774 UTC - from mc-6->source-8 "981" 23:49:18.161886979
[2023-06-27T23:49:21Z INFO  dt_instance] received at 2023-06-27 23:49:21.401220011 UTC - from mc-6->source-9 "985" 23:49:21.399910682
[2023-06-27T23:49:28Z INFO  dt_instance] received at 2023-06-27 23:49:28.432338557 UTC - from mc-6->source-9 "999" 23:49:28.418306571
