[2023-06-27T23:34:31Z INFO  dt_instance] Current Twin: mc-twin-0
[2023-06-27T23:34:31Z INFO  dt_instance] Replica Name twin-mc-stateful-0
[2023-06-27T23:34:31Z INFO  dt_instance] Sleeping for 0
[2023-06-27T23:34:31Z INFO  dt_instance] Connecting to broker at emqx.dtwins:1883
[2023-06-27T23:34:31Z INFO  dt_instance] Loggin info each 50 messages
[2023-06-27T23:34:31Z INFO  dt_instance] Set max packet size to 60000 KB.
[2023-06-27T23:34:31Z INFO  dt_instance] Refreshing topics for twin - Listen to mc-0/#
[2023-06-27T23:34:31Z INFO  dt_instance] SubAck { pkid: 1, return_codes: [Success(ExactlyOnce)] }
[2023-06-27T23:35:40Z INFO  dt_instance] received at 2023-06-27 23:35:40.664025202 UTC - from mc-0->source-2 "9" 23:35:40.662482951
[2023-06-27T23:35:43Z INFO  dt_instance] received at 2023-06-27 23:35:43.917470634 UTC - from mc-0->source-3 "13" 23:35:43.916107685
[2023-06-27T23:35:46Z INFO  dt_instance] received at 2023-06-27 23:35:46.434558040 UTC - from mc-0->source-1 "23" 23:35:46.433520622
[2023-06-27T23:35:48Z INFO  dt_instance] received at 2023-06-27 23:35:48.940671695 UTC - from mc-0->source-1 "28" 23:35:48.938420332
[2023-06-27T23:35:51Z INFO  dt_instance] received at 2023-06-27 23:35:51.448316656 UTC - from mc-0->source-1 "33" 23:35:51.447331552
[2023-06-27T23:35:53Z INFO  dt_instance] received at 2023-06-27 23:35:53.954664565 UTC - from mc-0->source-1 "38" 23:35:53.953460174
[2023-06-27T23:35:56Z INFO  dt_instance] received at 2023-06-27 23:35:56.459608223 UTC - from mc-0->source-1 "43" 23:35:56.458870677
[2023-06-27T23:35:58Z INFO  dt_instance] received at 2023-06-27 23:35:58.967533348 UTC - from mc-0->source-1 "48" 23:35:58.965561954
[2023-06-27T23:36:01Z INFO  dt_instance] received at 2023-06-27 23:36:01.471491377 UTC - from mc-0->source-1 "53" 23:36:01.470623570
[2023-06-27T23:36:03Z INFO  dt_instance] received at 2023-06-27 23:36:03.978789011 UTC - from mc-0->source-1 "58" 23:36:03.977636173
[2023-06-27T23:36:06Z INFO  dt_instance] received at 2023-06-27 23:36:06.485112060 UTC - from mc-0->source-1 "63" 23:36:06.483460425
[2023-06-27T23:36:08Z INFO  dt_instance] received at 2023-06-27 23:36:08.991455303 UTC - from mc-0->source-1 "68" 23:36:08.990292707
[2023-06-27T23:36:11Z INFO  dt_instance] received at 2023-06-27 23:36:11.497642370 UTC - from mc-0->source-1 "73" 23:36:11.496385280
[2023-06-27T23:36:14Z INFO  dt_instance] received at 2023-06-27 23:36:14.003470888 UTC - from mc-0->source-1 "78" 23:36:14.001964667
[2023-06-27T23:36:16Z INFO  dt_instance] received at 2023-06-27 23:36:16.512645662 UTC - from mc-0->source-1 "83" 23:36:16.510252915
[2023-06-27T23:36:19Z INFO  dt_instance] received at 2023-06-27 23:36:19.016787251 UTC - from mc-0->source-1 "88" 23:36:19.015524989
[2023-06-27T23:36:21Z INFO  dt_instance] received at 2023-06-27 23:36:21.521634444 UTC - from mc-0->source-1 "93" 23:36:21.520404919
[2023-06-27T23:36:24Z INFO  dt_instance] received at 2023-06-27 23:36:24.028351952 UTC - from mc-0->source-1 "98" 23:36:24.025779549
[2023-06-27T23:36:26Z INFO  dt_instance] received at 2023-06-27 23:36:26.532182792 UTC - from mc-0->source-1 "103" 23:36:26.531348408
[2023-06-27T23:36:29Z INFO  dt_instance] received at 2023-06-27 23:36:29.037935881 UTC - from mc-0->source-1 "108" 23:36:29.036707919
[2023-06-27T23:36:31Z INFO  dt_instance] received at 2023-06-27 23:36:31.544815504 UTC - from mc-0->source-1 "113" 23:36:31.542962974
[2023-06-27T23:36:34Z INFO  dt_instance] received at 2023-06-27 23:36:34.049913484 UTC - from mc-0->source-1 "118" 23:36:34.048887061
[2023-06-27T23:36:36Z INFO  dt_instance] received at 2023-06-27 23:36:36.555540269 UTC - from mc-0->source-1 "123" 23:36:36.554171933
[2023-06-27T23:36:39Z INFO  dt_instance] received at 2023-06-27 23:36:39.060909056 UTC - from mc-0->source-1 "128" 23:36:39.059851769
[2023-06-27T23:36:41Z INFO  dt_instance] received at 2023-06-27 23:36:41.567146664 UTC - from mc-0->source-1 "133" 23:36:41.565940980
[2023-06-27T23:36:44Z INFO  dt_instance] received at 2023-06-27 23:36:44.074403919 UTC - from mc-0->source-1 "138" 23:36:44.071121950
[2023-06-27T23:36:46Z INFO  dt_instance] received at 2023-06-27 23:36:46.578104601 UTC - from mc-0->source-1 "143" 23:36:46.576004913
[2023-06-27T23:36:49Z INFO  dt_instance] received at 2023-06-27 23:36:49.081914427 UTC - from mc-0->source-1 "148" 23:36:49.080974840
[2023-06-27T23:36:51Z INFO  dt_instance] received at 2023-06-27 23:36:51.588251400 UTC - from mc-0->source-1 "153" 23:36:51.587194580
[2023-06-27T23:36:54Z INFO  dt_instance] received at 2023-06-27 23:36:54.094479626 UTC - from mc-0->source-1 "158" 23:36:54.093529795
[2023-06-27T23:36:56Z INFO  dt_instance] received at 2023-06-27 23:36:56.600610487 UTC - from mc-0->source-1 "163" 23:36:56.599516980
[2023-06-27T23:36:59Z INFO  dt_instance] received at 2023-06-27 23:36:59.105287758 UTC - from mc-0->source-1 "168" 23:36:59.104398987
[2023-06-27T23:37:01Z INFO  dt_instance] received at 2023-06-27 23:37:01.612809403 UTC - from mc-0->source-5 "163" 23:37:01.609873493
[2023-06-27T23:37:04Z INFO  dt_instance] received at 2023-06-27 23:37:04.117653334 UTC - from mc-0->source-1 "178" 23:37:04.116730203
[2023-06-27T23:37:06Z INFO  dt_instance] received at 2023-06-27 23:37:06.623205396 UTC - from mc-0->source-1 "183" 23:37:06.622064801
[2023-06-27T23:37:09Z INFO  dt_instance] received at 2023-06-27 23:37:09.128865694 UTC - from mc-0->source-5 "178" 23:37:09.127994252
[2023-06-27T23:37:11Z INFO  dt_instance] received at 2023-06-27 23:37:11.635759312 UTC - from mc-0->source-5 "183" 23:37:11.634797784
[2023-06-27T23:37:14Z INFO  dt_instance] received at 2023-06-27 23:37:14.141675611 UTC - from mc-0->source-5 "188" 23:37:14.140731281
[2023-06-27T23:37:16Z INFO  dt_instance] received at 2023-06-27 23:37:16.646705180 UTC - from mc-0->source-5 "193" 23:37:16.645897883
[2023-06-27T23:37:19Z INFO  dt_instance] received at 2023-06-27 23:37:19.151963226 UTC - from mc-0->source-5 "198" 23:37:19.150913507
[2023-06-27T23:37:21Z INFO  dt_instance] received at 2023-06-27 23:37:21.657352741 UTC - from mc-0->source-3 "208" 23:37:21.656249084
[2023-06-27T23:37:24Z INFO  dt_instance] received at 2023-06-27 23:37:24.163417800 UTC - from mc-0->source-9 "198" 23:37:24.161949784
[2023-06-27T23:37:26Z INFO  dt_instance] received at 2023-06-27 23:37:26.679417993 UTC - from mc-0->source-3 "218" 23:37:26.673974696
[2023-06-27T23:37:29Z INFO  dt_instance] received at 2023-06-27 23:37:29.182372640 UTC - from mc-0->source-7 "213" 23:37:29.181193864
[2023-06-27T23:37:31Z INFO  dt_instance] received at 2023-06-27 23:37:31.689314530 UTC - from mc-0->source-7 "218" 23:37:31.687973605
[2023-06-27T23:37:34Z INFO  dt_instance] received at 2023-06-27 23:37:34.197576811 UTC - from mc-0->source-5 "228" 23:37:34.195912320
[2023-06-27T23:37:36Z INFO  dt_instance] received at 2023-06-27 23:37:36.704067358 UTC - from mc-0->source-5 "233" 23:37:36.703121415
[2023-06-27T23:37:39Z INFO  dt_instance] received at 2023-06-27 23:37:39.210060053 UTC - from mc-0->source-5 "238" 23:37:39.209141297
[2023-06-27T23:37:41Z INFO  dt_instance] received at 2023-06-27 23:37:41.715777228 UTC - from mc-0->source-7 "238" 23:37:41.714827109
[2023-06-27T23:37:44Z INFO  dt_instance] received at 2023-06-27 23:37:44.221241875 UTC - from mc-0->source-3 "253" 23:37:44.220132831
[2023-06-27T23:37:46Z INFO  dt_instance] received at 2023-06-27 23:37:46.727183516 UTC - from mc-0->source-3 "258" 23:37:46.726297311
[2023-06-27T23:37:49Z INFO  dt_instance] received at 2023-06-27 23:37:49.233438585 UTC - from mc-0->source-3 "263" 23:37:49.232439529
[2023-06-27T23:37:51Z INFO  dt_instance] received at 2023-06-27 23:37:51.740870661 UTC - from mc-0->source-7 "258" 23:37:51.738936369
[2023-06-27T23:37:54Z INFO  dt_instance] received at 2023-06-27 23:37:54.248001125 UTC - from mc-0->source-3 "273" 23:37:54.244942736
[2023-06-27T23:37:56Z INFO  dt_instance] received at 2023-06-27 23:37:56.752460573 UTC - from mc-0->source-5 "273" 23:37:56.750906614
[2023-06-27T23:37:59Z INFO  dt_instance] received at 2023-06-27 23:37:59.257325700 UTC - from mc-0->source-7 "273" 23:37:59.256223602
[2023-06-27T23:38:01Z INFO  dt_instance] received at 2023-06-27 23:38:01.772582261 UTC - from mc-0->source-7 "278" 23:38:01.771311205
[2023-06-27T23:38:04Z INFO  dt_instance] received at 2023-06-27 23:38:04.282220701 UTC - from mc-0->source-7 "283" 23:38:04.278047766
[2023-06-27T23:38:06Z INFO  dt_instance] received at 2023-06-27 23:38:06.784320276 UTC - from mc-0->source-7 "288" 23:38:06.783111010
[2023-06-27T23:38:09Z INFO  dt_instance] received at 2023-06-27 23:38:09.290735885 UTC - from mc-0->source-5 "298" 23:38:09.289628028
[2023-06-27T23:38:11Z INFO  dt_instance] received at 2023-06-27 23:38:11.797048097 UTC - from mc-0->source-7 "298" 23:38:11.795874097
[2023-06-27T23:38:14Z INFO  dt_instance] received at 2023-06-27 23:38:14.304686512 UTC - from mc-0->source-5 "308" 23:38:14.303719513
[2023-06-27T23:38:16Z INFO  dt_instance] received at 2023-06-27 23:38:16.812519846 UTC - from mc-0->source-5 "313" 23:38:16.811562413
[2023-06-27T23:38:19Z INFO  dt_instance] received at 2023-06-27 23:38:19.319845095 UTC - from mc-0->source-5 "318" 23:38:19.318607049
[2023-06-27T23:38:21Z INFO  dt_instance] received at 2023-06-27 23:38:21.824458287 UTC - from mc-0->source-5 "323" 23:38:21.823573334
[2023-06-27T23:38:24Z INFO  dt_instance] received at 2023-06-27 23:38:24.330041048 UTC - from mc-0->source-5 "328" 23:38:24.329241235
[2023-06-27T23:38:26Z INFO  dt_instance] received at 2023-06-27 23:38:26.837331137 UTC - from mc-0->source-5 "333" 23:38:26.836437665
[2023-06-27T23:38:29Z INFO  dt_instance] received at 2023-06-27 23:38:29.342473848 UTC - from mc-0->source-5 "338" 23:38:29.341580846
[2023-06-27T23:38:31Z INFO  dt_instance] received at 2023-06-27 23:38:31.849465461 UTC - from mc-0->source-5 "343" 23:38:31.846956646
[2023-06-27T23:38:34Z INFO  dt_instance] received at 2023-06-27 23:38:34.354834915 UTC - from mc-0->source-5 "348" 23:38:34.353844217
[2023-06-27T23:38:36Z INFO  dt_instance] received at 2023-06-27 23:38:36.860630115 UTC - from mc-0->source-5 "353" 23:38:36.859609980
[2023-06-27T23:38:39Z INFO  dt_instance] received at 2023-06-27 23:38:39.368193839 UTC - from mc-0->source-5 "358" 23:38:39.367079877
[2023-06-27T23:38:41Z INFO  dt_instance] received at 2023-06-27 23:38:41.875229245 UTC - from mc-0->source-5 "363" 23:38:41.873879160
[2023-06-27T23:38:44Z INFO  dt_instance] received at 2023-06-27 23:38:44.380914354 UTC - from mc-0->source-5 "368" 23:38:44.380027746
[2023-06-27T23:38:46Z INFO  dt_instance] received at 2023-06-27 23:38:46.887340996 UTC - from mc-0->source-5 "373" 23:38:46.886529125
[2023-06-27T23:38:49Z INFO  dt_instance] received at 2023-06-27 23:38:49.393703541 UTC - from mc-0->source-5 "378" 23:38:49.392814635
[2023-06-27T23:38:51Z INFO  dt_instance] received at 2023-06-27 23:38:51.898861844 UTC - from mc-0->source-5 "383" 23:38:51.898099872
[2023-06-27T23:38:54Z INFO  dt_instance] received at 2023-06-27 23:38:54.407111132 UTC - from mc-0->source-5 "388" 23:38:54.405975072
[2023-06-27T23:38:56Z INFO  dt_instance] received at 2023-06-27 23:38:56.912961190 UTC - from mc-0->source-5 "393" 23:38:56.911958479
[2023-06-27T23:38:59Z INFO  dt_instance] received at 2023-06-27 23:38:59.418492807 UTC - from mc-0->source-5 "398" 23:38:59.417766316
[2023-06-27T23:39:01Z INFO  dt_instance] received at 2023-06-27 23:39:01.925891271 UTC - from mc-0->source-5 "403" 23:39:01.924645661
[2023-06-27T23:39:04Z INFO  dt_instance] received at 2023-06-27 23:39:04.431261789 UTC - from mc-0->source-5 "408" 23:39:04.430488854
[2023-06-27T23:39:06Z INFO  dt_instance] received at 2023-06-27 23:39:06.936976564 UTC - from mc-0->source-5 "413" 23:39:06.936095076
[2023-06-27T23:39:09Z INFO  dt_instance] received at 2023-06-27 23:39:09.442819874 UTC - from mc-0->source-5 "418" 23:39:09.442053399
[2023-06-27T23:39:11Z INFO  dt_instance] received at 2023-06-27 23:39:11.949054174 UTC - from mc-0->source-5 "423" 23:39:11.948121
[2023-06-27T23:39:14Z INFO  dt_instance] received at 2023-06-27 23:39:14.454790283 UTC - from mc-0->source-5 "428" 23:39:14.453247630
[2023-06-27T23:39:16Z INFO  dt_instance] received at 2023-06-27 23:39:16.961664732 UTC - from mc-0->source-5 "433" 23:39:16.960726725
[2023-06-27T23:39:19Z INFO  dt_instance] received at 2023-06-27 23:39:19.467386473 UTC - from mc-0->source-5 "438" 23:39:19.466132012
[2023-06-27T23:39:21Z INFO  dt_instance] received at 2023-06-27 23:39:21.973178564 UTC - from mc-0->source-5 "443" 23:39:21.972252116
[2023-06-27T23:39:24Z INFO  dt_instance] received at 2023-06-27 23:39:24.478953932 UTC - from mc-0->source-5 "448" 23:39:24.477701407
[2023-06-27T23:39:26Z INFO  dt_instance] received at 2023-06-27 23:39:26.982590085 UTC - from mc-0->source-5 "453" 23:39:26.981901305
[2023-06-27T23:39:29Z INFO  dt_instance] received at 2023-06-27 23:39:29.489904776 UTC - from mc-0->source-5 "458" 23:39:29.488576730
[2023-06-27T23:39:31Z INFO  dt_instance] received at 2023-06-27 23:39:31.994573336 UTC - from mc-0->source-5 "463" 23:39:31.993170677
[2023-06-27T23:39:34Z INFO  dt_instance] received at 2023-06-27 23:39:34.499160923 UTC - from mc-0->source-5 "468" 23:39:34.498067262
[2023-06-27T23:39:37Z INFO  dt_instance] received at 2023-06-27 23:39:37.005359167 UTC - from mc-0->source-5 "473" 23:39:37.003994726
[2023-06-27T23:39:39Z INFO  dt_instance] received at 2023-06-27 23:39:39.512141736 UTC - from mc-0->source-5 "478" 23:39:39.510838936
[2023-06-27T23:39:42Z INFO  dt_instance] received at 2023-06-27 23:39:42.017339044 UTC - from mc-0->source-5 "483" 23:39:42.016202321
[2023-06-27T23:39:44Z INFO  dt_instance] received at 2023-06-27 23:39:44.524996440 UTC - from mc-0->source-5 "488" 23:39:44.523878801
[2023-06-27T23:39:47Z INFO  dt_instance] received at 2023-06-27 23:39:47.030422530 UTC - from mc-0->source-5 "493" 23:39:47.029000099
[2023-06-27T23:39:49Z INFO  dt_instance] received at 2023-06-27 23:39:49.536725253 UTC - from mc-0->source-5 "498" 23:39:49.535677417
[2023-06-27T23:39:52Z INFO  dt_instance] received at 2023-06-27 23:39:52.042610064 UTC - from mc-0->source-5 "503" 23:39:52.041309578
[2023-06-27T23:39:54Z INFO  dt_instance] received at 2023-06-27 23:39:54.549166461 UTC - from mc-0->source-5 "508" 23:39:54.548278640
[2023-06-27T23:39:57Z INFO  dt_instance] received at 2023-06-27 23:39:57.053697323 UTC - from mc-0->source-5 "513" 23:39:57.052839531
[2023-06-27T23:39:59Z INFO  dt_instance] received at 2023-06-27 23:39:59.559541024 UTC - from mc-0->source-5 "518" 23:39:59.558664169
[2023-06-27T23:40:02Z INFO  dt_instance] received at 2023-06-27 23:40:02.065649790 UTC - from mc-0->source-3 "528" 23:40:02.064699396
[2023-06-27T23:40:04Z INFO  dt_instance] received at 2023-06-27 23:40:04.573222540 UTC - from mc-0->source-3 "533" 23:40:04.571998227
[2023-06-27T23:40:07Z INFO  dt_instance] received at 2023-06-27 23:40:07.081476178 UTC - from mc-0->source-7 "528" 23:40:07.080497376
[2023-06-27T23:40:09Z INFO  dt_instance] received at 2023-06-27 23:40:09.586722579 UTC - from mc-0->source-3 "543" 23:40:09.585768112
[2023-06-27T23:40:12Z INFO  dt_instance] received at 2023-06-27 23:40:12.092014776 UTC - from mc-0->source-7 "538" 23:40:12.090609063
[2023-06-27T23:40:14Z INFO  dt_instance] received at 2023-06-27 23:40:14.597941701 UTC - from mc-0->source-3 "553" 23:40:14.596947088
[2023-06-27T23:40:17Z INFO  dt_instance] received at 2023-06-27 23:40:17.106450373 UTC - from mc-0->source-3 "558" 23:40:17.102312293
[2023-06-27T23:40:19Z INFO  dt_instance] received at 2023-06-27 23:40:19.608948729 UTC - from mc-0->source-7 "553" 23:40:19.608004909
[2023-06-27T23:40:22Z INFO  dt_instance] received at 2023-06-27 23:40:22.116346785 UTC - from mc-0->source-7 "558" 23:40:22.114865966
[2023-06-27T23:40:24Z INFO  dt_instance] received at 2023-06-27 23:40:24.622808757 UTC - from mc-0->source-7 "563" 23:40:24.621727860
[2023-06-27T23:40:27Z INFO  dt_instance] received at 2023-06-27 23:40:27.126756710 UTC - from mc-0->source-7 "568" 23:40:27.125934590
[2023-06-27T23:40:29Z INFO  dt_instance] received at 2023-06-27 23:40:29.633476429 UTC - from mc-0->source-3 "583" 23:40:29.632183460
[2023-06-27T23:40:32Z INFO  dt_instance] received at 2023-06-27 23:40:32.138978378 UTC - from mc-0->source-7 "578" 23:40:32.137955085
[2023-06-27T23:40:34Z INFO  dt_instance] received at 2023-06-27 23:40:34.645601436 UTC - from mc-0->source-7 "583" 23:40:34.644330886
[2023-06-27T23:40:37Z INFO  dt_instance] received at 2023-06-27 23:40:37.151570294 UTC - from mc-0->source-3 "598" 23:40:37.150487809
[2023-06-27T23:40:39Z INFO  dt_instance] received at 2023-06-27 23:40:39.659369738 UTC - from mc-0->source-7 "593" 23:40:39.658391842
[2023-06-27T23:40:42Z INFO  dt_instance] received at 2023-06-27 23:40:42.166222317 UTC - from mc-0->source-3 "608" 23:40:42.164843195
[2023-06-27T23:40:44Z INFO  dt_instance] received at 2023-06-27 23:40:44.671567894 UTC - from mc-0->source-3 "613" 23:40:44.670346454
[2023-06-27T23:40:47Z INFO  dt_instance] received at 2023-06-27 23:40:47.177128701 UTC - from mc-0->source-7 "608" 23:40:47.176157163
[2023-06-27T23:40:49Z INFO  dt_instance] received at 2023-06-27 23:40:49.682892762 UTC - from mc-0->source-3 "623" 23:40:49.681549342
[2023-06-27T23:40:52Z INFO  dt_instance] received at 2023-06-27 23:40:52.188498115 UTC - from mc-0->source-3 "628" 23:40:52.187405940
[2023-06-27T23:40:54Z INFO  dt_instance] received at 2023-06-27 23:40:54.694840335 UTC - from mc-0->source-7 "623" 23:40:54.692936973
[2023-06-27T23:40:57Z INFO  dt_instance] received at 2023-06-27 23:40:57.201740919 UTC - from mc-0->source-3 "638" 23:40:57.200467797
[2023-06-27T23:40:59Z INFO  dt_instance] received at 2023-06-27 23:40:59.706435347 UTC - from mc-0->source-3 "643" 23:40:59.705306713
[2023-06-27T23:41:02Z INFO  dt_instance] received at 2023-06-27 23:41:02.212734996 UTC - from mc-0->source-3 "648" 23:41:02.211834401
[2023-06-27T23:41:04Z INFO  dt_instance] received at 2023-06-27 23:41:04.719851798 UTC - from mc-0->source-3 "653" 23:41:04.718471574
[2023-06-27T23:41:07Z INFO  dt_instance] received at 2023-06-27 23:41:07.226211053 UTC - from mc-0->source-3 "658" 23:41:07.225229413
[2023-06-27T23:41:09Z INFO  dt_instance] received at 2023-06-27 23:41:09.730892681 UTC - from mc-0->source-3 "663" 23:41:09.730195785
[2023-06-27T23:41:12Z INFO  dt_instance] received at 2023-06-27 23:41:12.241946752 UTC - from mc-0->source-3 "668" 23:41:12.236621086
[2023-06-27T23:41:14Z INFO  dt_instance] received at 2023-06-27 23:41:14.745989588 UTC - from mc-0->source-3 "673" 23:41:14.741710983
[2023-06-27T23:41:17Z INFO  dt_instance] received at 2023-06-27 23:41:17.249334982 UTC - from mc-0->source-3 "678" 23:41:17.246564984
[2023-06-27T23:41:19Z INFO  dt_instance] received at 2023-06-27 23:41:19.753526079 UTC - from mc-0->source-3 "683" 23:41:19.752684416
[2023-06-27T23:41:22Z INFO  dt_instance] received at 2023-06-27 23:41:22.258918240 UTC - from mc-0->source-3 "688" 23:41:22.258113158
[2023-06-27T23:41:24Z INFO  dt_instance] received at 2023-06-27 23:41:24.764989851 UTC - from mc-0->source-3 "693" 23:41:24.762960057
[2023-06-27T23:41:27Z INFO  dt_instance] received at 2023-06-27 23:41:27.270388237 UTC - from mc-0->source-3 "698" 23:41:27.269272025
[2023-06-27T23:41:29Z INFO  dt_instance] received at 2023-06-27 23:41:29.777838852 UTC - from mc-0->source-3 "703" 23:41:29.776423613
[2023-06-27T23:41:32Z INFO  dt_instance] received at 2023-06-27 23:41:32.284653940 UTC - from mc-0->source-3 "708" 23:41:32.281766499
[2023-06-27T23:41:34Z INFO  dt_instance] received at 2023-06-27 23:41:34.787371756 UTC - from mc-0->source-3 "713" 23:41:34.786687138
[2023-06-27T23:41:37Z INFO  dt_instance] received at 2023-06-27 23:41:37.294109743 UTC - from mc-0->source-3 "718" 23:41:37.292990352
[2023-06-27T23:41:39Z INFO  dt_instance] received at 2023-06-27 23:41:39.801006152 UTC - from mc-0->source-3 "723" 23:41:39.799989688
[2023-06-27T23:41:42Z INFO  dt_instance] received at 2023-06-27 23:41:42.309681786 UTC - from mc-0->source-3 "728" 23:41:42.304953811
[2023-06-27T23:41:44Z INFO  dt_instance] received at 2023-06-27 23:41:44.812694630 UTC - from mc-0->source-3 "733" 23:41:44.811561405
[2023-06-27T23:41:47Z INFO  dt_instance] received at 2023-06-27 23:41:47.319204828 UTC - from mc-0->source-3 "738" 23:41:47.316660295
[2023-06-27T23:41:49Z INFO  dt_instance] received at 2023-06-27 23:41:49.823074041 UTC - from mc-0->source-3 "743" 23:41:49.821574087
[2023-06-27T23:41:52Z INFO  dt_instance] received at 2023-06-27 23:41:52.327991592 UTC - from mc-0->source-7 "738" 23:41:52.326238674
[2023-06-27T23:41:54Z INFO  dt_instance] received at 2023-06-27 23:41:54.832239160 UTC - from mc-0->source-3 "753" 23:41:54.831300707
[2023-06-27T23:41:57Z INFO  dt_instance] received at 2023-06-27 23:41:57.338320543 UTC - from mc-0->source-3 "758" 23:41:57.337293594
[2023-06-27T23:41:59Z INFO  dt_instance] received at 2023-06-27 23:41:59.844325055 UTC - from mc-0->source-7 "753" 23:41:59.842907482
[2023-06-27T23:42:02Z INFO  dt_instance] received at 2023-06-27 23:42:02.353041986 UTC - from mc-0->source-7 "758" 23:42:02.348945135
[2023-06-27T23:42:04Z INFO  dt_instance] received at 2023-06-27 23:42:04.868170303 UTC - from mc-0->source-7 "763" 23:42:04.861024668
[2023-06-27T23:42:07Z INFO  dt_instance] received at 2023-06-27 23:42:07.370106626 UTC - from mc-0->source-7 "768" 23:42:07.369089757
[2023-06-27T23:42:09Z INFO  dt_instance] received at 2023-06-27 23:42:09.875849356 UTC - from mc-0->source-7 "773" 23:42:09.874120795
[2023-06-27T23:42:12Z INFO  dt_instance] received at 2023-06-27 23:42:12.382595307 UTC - from mc-0->source-7 "778" 23:42:12.379511063
[2023-06-27T23:42:14Z INFO  dt_instance] received at 2023-06-27 23:42:14.885585193 UTC - from mc-0->source-7 "783" 23:42:14.884535170
[2023-06-27T23:42:17Z INFO  dt_instance] received at 2023-06-27 23:42:17.391295558 UTC - from mc-0->source-7 "788" 23:42:17.390430265
[2023-06-27T23:42:19Z INFO  dt_instance] received at 2023-06-27 23:42:19.898094338 UTC - from mc-0->source-7 "793" 23:42:19.896858883
[2023-06-27T23:42:22Z INFO  dt_instance] received at 2023-06-27 23:42:22.405679837 UTC - from mc-0->source-7 "798" 23:42:22.404281294
[2023-06-27T23:42:24Z INFO  dt_instance] received at 2023-06-27 23:42:24.915119266 UTC - from mc-0->source-1 "818" 23:42:24.913798469
[2023-06-27T23:42:27Z INFO  dt_instance] received at 2023-06-27 23:42:27.421431980 UTC - from mc-0->source-1 "823" 23:42:27.420086233
[2023-06-27T23:42:29Z INFO  dt_instance] received at 2023-06-27 23:42:29.926311434 UTC - from mc-0->source-1 "828" 23:42:29.924989501
[2023-06-27T23:42:32Z INFO  dt_instance] received at 2023-06-27 23:42:32.432755308 UTC - from mc-0->source-1 "833" 23:42:32.431432249
[2023-06-27T23:42:34Z INFO  dt_instance] received at 2023-06-27 23:42:34.942164124 UTC - from mc-0->source-1 "838" 23:42:34.938602865
[2023-06-27T23:42:37Z INFO  dt_instance] received at 2023-06-27 23:42:37.447296269 UTC - from mc-0->source-7 "828" 23:42:37.445127935
[2023-06-27T23:42:39Z INFO  dt_instance] received at 2023-06-27 23:42:39.954349535 UTC - from mc-0->source-1 "848" 23:42:39.953207430
[2023-06-27T23:42:42Z INFO  dt_instance] received at 2023-06-27 23:42:42.460588089 UTC - from mc-0->source-1 "853" 23:42:42.459000157
[2023-06-27T23:42:44Z INFO  dt_instance] received at 2023-06-27 23:42:44.966769387 UTC - from mc-0->source-1 "858" 23:42:44.965309742
[2023-06-27T23:42:47Z INFO  dt_instance] received at 2023-06-27 23:42:47.476295985 UTC - from mc-0->source-1 "863" 23:42:47.470787576
[2023-06-27T23:42:49Z INFO  dt_instance] received at 2023-06-27 23:42:49.977599230 UTC - from mc-0->source-1 "868" 23:42:49.975885804
[2023-06-27T23:42:52Z INFO  dt_instance] received at 2023-06-27 23:42:52.485280118 UTC - from mc-0->source-1 "873" 23:42:52.481848344
[2023-06-27T23:42:54Z INFO  dt_instance] received at 2023-06-27 23:42:54.989754533 UTC - from mc-0->source-1 "878" 23:42:54.988494816
[2023-06-27T23:42:57Z INFO  dt_instance] received at 2023-06-27 23:42:57.499754159 UTC - from mc-0->source-1 "883" 23:42:57.495597174
[2023-06-27T23:43:00Z INFO  dt_instance] received at 2023-06-27 23:43:00.005501009 UTC - from mc-0->source-1 "888" 23:43:00.002279211
[2023-06-27T23:43:02Z INFO  dt_instance] received at 2023-06-27 23:43:02.513619767 UTC - from mc-0->source-1 "893" 23:43:02.509270560
[2023-06-27T23:43:05Z INFO  dt_instance] received at 2023-06-27 23:43:05.016857042 UTC - from mc-0->source-1 "898" 23:43:05.014458393
[2023-06-27T23:43:07Z INFO  dt_instance] received at 2023-06-27 23:43:07.521346842 UTC - from mc-0->source-1 "903" 23:43:07.519385592
[2023-06-27T23:43:10Z INFO  dt_instance] received at 2023-06-27 23:43:10.041125524 UTC - from mc-0->source-7 "893" 23:43:10.038167796
[2023-06-27T23:43:12Z INFO  dt_instance] received at 2023-06-27 23:43:12.548151043 UTC - from mc-0->source-1 "913" 23:43:12.545418518
[2023-06-27T23:43:15Z INFO  dt_instance] received at 2023-06-27 23:43:15.064981093 UTC - from mc-0->source-7 "903" 23:43:15.062612122
[2023-06-27T23:43:17Z INFO  dt_instance] received at 2023-06-27 23:43:17.572972029 UTC - from mc-0->source-7 "908" 23:43:17.566961968
[2023-06-27T23:43:20Z INFO  dt_instance] received at 2023-06-27 23:43:20.075672481 UTC - from mc-0->source-7 "913" 23:43:20.074487892
[2023-06-27T23:43:22Z INFO  dt_instance] received at 2023-06-27 23:43:22.582436035 UTC - from mc-0->source-7 "918" 23:43:22.581533379
[2023-06-27T23:43:25Z INFO  dt_instance] received at 2023-06-27 23:43:25.088266244 UTC - from mc-0->source-7 "923" 23:43:25.086567643
[2023-06-27T23:43:27Z INFO  dt_instance] received at 2023-06-27 23:43:27.592776838 UTC - from mc-0->source-7 "928" 23:43:27.591458150
[2023-06-27T23:43:30Z INFO  dt_instance] received at 2023-06-27 23:43:30.098304245 UTC - from mc-0->source-1 "948" 23:43:30.097428097
[2023-06-27T23:43:32Z INFO  dt_instance] received at 2023-06-27 23:43:32.605211702 UTC - from mc-0->source-1 "953" 23:43:32.603645751
[2023-06-27T23:43:35Z INFO  dt_instance] received at 2023-06-27 23:43:35.109898103 UTC - from mc-0->source-1 "958" 23:43:35.107983671
[2023-06-27T23:43:37Z INFO  dt_instance] received at 2023-06-27 23:43:37.615220161 UTC - from mc-0->source-1 "963" 23:43:37.613138495
[2023-06-27T23:43:40Z INFO  dt_instance] received at 2023-06-27 23:43:40.120239572 UTC - from mc-0->source-1 "968" 23:43:40.119065962
[2023-06-27T23:43:42Z INFO  dt_instance] received at 2023-06-27 23:43:42.626813617 UTC - from mc-0->source-7 "958" 23:43:42.624840791
[2023-06-27T23:43:45Z INFO  dt_instance] received at 2023-06-27 23:43:45.133811181 UTC - from mc-0->source-7 "963" 23:43:45.131179209
[2023-06-27T23:43:47Z INFO  dt_instance] received at 2023-06-27 23:43:47.661739713 UTC - from mc-0->source-1 "983" 23:43:47.635323472
[2023-06-27T23:43:50Z INFO  dt_instance] received at 2023-06-27 23:43:50.144255829 UTC - from mc-0->source-7 "973" 23:43:50.141268470
[2023-06-27T23:43:52Z INFO  dt_instance] received at 2023-06-27 23:43:52.649653646 UTC - from mc-0->source-7 "978" 23:43:52.646452241
[2023-06-27T23:43:55Z INFO  dt_instance] received at 2023-06-27 23:43:55.364258798 UTC - from mc-0->source-2 "996" 23:43:55.360226745
[2023-06-27T23:43:58Z INFO  dt_instance] received at 2023-06-27 23:43:58.614769032 UTC - from mc-0->source-9 "985" 23:43:58.612218861
[2023-06-27T23:44:05Z INFO  dt_instance] received at 2023-06-27 23:44:05.629174036 UTC - from mc-0->source-9 "999" 23:44:05.628158558
