[2023-06-27T23:35:01Z INFO  dt_instance] Current Twin: mc-twin-7
[2023-06-27T23:35:01Z INFO  dt_instance] Replica Name twin-mc-stateful-7
[2023-06-27T23:35:01Z INFO  dt_instance] Sleeping for 350
[2023-06-27T23:40:51Z INFO  dt_instance] Connecting to broker at emqx.dtwins:1883
[2023-06-27T23:40:51Z INFO  dt_instance] Loggin info each 50 messages
[2023-06-27T23:40:51Z INFO  dt_instance] Set max packet size to 60000 KB.
[2023-06-27T23:40:51Z INFO  dt_instance] Refreshing topics for twin - Listen to mc-7/#
[2023-06-27T23:40:51Z INFO  dt_instance] SubAck { pkid: 1, return_codes: [Success(ExactlyOnce)] }
[2023-06-27T23:41:57Z INFO  dt_instance] received at 2023-06-27 23:41:57.535825866 UTC - from mc-7->source-2 "9" 23:41:57.534734177
[2023-06-27T23:42:00Z INFO  dt_instance] received at 2023-06-27 23:42:00.789575848 UTC - from mc-7->source-3 "13" 23:42:00.787943262
[2023-06-27T23:42:03Z INFO  dt_instance] received at 2023-06-27 23:42:03.301103946 UTC - from mc-7->source-1 "23" 23:42:03.299741622
[2023-06-27T23:42:05Z INFO  dt_instance] received at 2023-06-27 23:42:05.806743897 UTC - from mc-7->source-1 "28" 23:42:05.805547408
[2023-06-27T23:42:08Z INFO  dt_instance] received at 2023-06-27 23:42:08.320748361 UTC - from mc-7->source-1 "33" 23:42:08.311787587
[2023-06-27T23:42:10Z INFO  dt_instance] received at 2023-06-27 23:42:10.819239684 UTC - from mc-7->source-1 "38" 23:42:10.818424985
[2023-06-27T23:42:13Z INFO  dt_instance] received at 2023-06-27 23:42:13.324427451 UTC - from mc-7->source-1 "43" 23:42:13.322582722
[2023-06-27T23:42:15Z INFO  dt_instance] received at 2023-06-27 23:42:15.829261677 UTC - from mc-7->source-1 "48" 23:42:15.828194104
[2023-06-27T23:42:18Z INFO  dt_instance] received at 2023-06-27 23:42:18.336708755 UTC - from mc-7->source-3 "48" 23:42:18.335358179
[2023-06-27T23:42:20Z INFO  dt_instance] received at 2023-06-27 23:42:20.842665897 UTC - from mc-7->source-5 "48" 23:42:20.840864676
[2023-06-27T23:42:23Z INFO  dt_instance] received at 2023-06-27 23:42:23.351281238 UTC - from mc-7->source-1 "63" 23:42:23.348178717
[2023-06-27T23:42:25Z INFO  dt_instance] received at 2023-06-27 23:42:25.855287426 UTC - from mc-7->source-1 "68" 23:42:25.854117026
[2023-06-27T23:42:28Z INFO  dt_instance] received at 2023-06-27 23:42:28.366025544 UTC - from mc-7->source-3 "68" 23:42:28.359925352
[2023-06-27T23:42:30Z INFO  dt_instance] received at 2023-06-27 23:42:30.880788607 UTC - from mc-7->source-3 "73" 23:42:30.871573900
[2023-06-27T23:42:33Z INFO  dt_instance] received at 2023-06-27 23:42:33.379451920 UTC - from mc-7->source-1 "83" 23:42:33.378006759
[2023-06-27T23:42:35Z INFO  dt_instance] received at 2023-06-27 23:42:35.886839177 UTC - from mc-7->source-1 "88" 23:42:35.885549369
[2023-06-27T23:42:38Z INFO  dt_instance] received at 2023-06-27 23:42:38.393816947 UTC - from mc-7->source-3 "88" 23:42:38.391980595
[2023-06-27T23:42:40Z INFO  dt_instance] received at 2023-06-27 23:42:40.899334423 UTC - from mc-7->source-3 "93" 23:42:40.898312110
[2023-06-27T23:42:43Z INFO  dt_instance] received at 2023-06-27 23:42:43.406851444 UTC - from mc-7->source-3 "98" 23:42:43.404992702
[2023-06-27T23:42:45Z INFO  dt_instance] received at 2023-06-27 23:42:45.912153135 UTC - from mc-7->source-3 "103" 23:42:45.910740910
[2023-06-27T23:42:48Z INFO  dt_instance] received at 2023-06-27 23:42:48.417108402 UTC - from mc-7->source-3 "108" 23:42:48.415658244
[2023-06-27T23:42:50Z INFO  dt_instance] received at 2023-06-27 23:42:50.922698911 UTC - from mc-7->source-3 "113" 23:42:50.920615819
[2023-06-27T23:42:53Z INFO  dt_instance] received at 2023-06-27 23:42:53.428899097 UTC - from mc-7->source-5 "113" 23:42:53.427326048
[2023-06-27T23:42:55Z INFO  dt_instance] received at 2023-06-27 23:42:55.934536622 UTC - from mc-7->source-5 "118" 23:42:55.933733028
[2023-06-27T23:42:58Z INFO  dt_instance] received at 2023-06-27 23:42:58.441281110 UTC - from mc-7->source-5 "123" 23:42:58.439681438
[2023-06-27T23:43:00Z INFO  dt_instance] received at 2023-06-27 23:43:00.948172247 UTC - from mc-7->source-3 "133" 23:43:00.945873909
[2023-06-27T23:43:03Z INFO  dt_instance] received at 2023-06-27 23:43:03.455109448 UTC - from mc-7->source-3 "138" 23:43:03.453780799
[2023-06-27T23:43:05Z INFO  dt_instance] received at 2023-06-27 23:43:05.964125105 UTC - from mc-7->source-5 "138" 23:43:05.962377050
[2023-06-27T23:43:08Z INFO  dt_instance] received at 2023-06-27 23:43:08.469816490 UTC - from mc-7->source-5 "143" 23:43:08.467946441
[2023-06-27T23:43:10Z INFO  dt_instance] received at 2023-06-27 23:43:10.982600315 UTC - from mc-7->source-5 "148" 23:43:10.973404840
[2023-06-27T23:43:13Z INFO  dt_instance] received at 2023-06-27 23:43:13.480257178 UTC - from mc-7->source-3 "158" 23:43:13.478653778
[2023-06-27T23:43:15Z INFO  dt_instance] received at 2023-06-27 23:43:15.987478777 UTC - from mc-7->source-3 "163" 23:43:15.984713407
[2023-06-27T23:43:18Z INFO  dt_instance] received at 2023-06-27 23:43:18.493762674 UTC - from mc-7->source-5 "163" 23:43:18.492001368
[2023-06-27T23:43:21Z INFO  dt_instance] received at 2023-06-27 23:43:21.005465289 UTC - from mc-7->source-5 "168" 23:43:20.998265299
[2023-06-27T23:43:23Z INFO  dt_instance] received at 2023-06-27 23:43:23.505984413 UTC - from mc-7->source-3 "178" 23:43:23.503958820
[2023-06-27T23:43:26Z INFO  dt_instance] received at 2023-06-27 23:43:26.011584693 UTC - from mc-7->source-3 "183" 23:43:26.009623830
[2023-06-27T23:43:28Z INFO  dt_instance] received at 2023-06-27 23:43:28.517986706 UTC - from mc-7->source-3 "188" 23:43:28.515065256
[2023-06-27T23:43:31Z INFO  dt_instance] received at 2023-06-27 23:43:31.023016064 UTC - from mc-7->source-5 "188" 23:43:31.019771483
[2023-06-27T23:43:33Z INFO  dt_instance] received at 2023-06-27 23:43:33.533303494 UTC - from mc-7->source-5 "193" 23:43:33.525576907
[2023-06-27T23:43:36Z INFO  dt_instance] received at 2023-06-27 23:43:36.034156057 UTC - from mc-7->source-5 "198" 23:43:36.031788189
[2023-06-27T23:43:38Z INFO  dt_instance] received at 2023-06-27 23:43:38.542768814 UTC - from mc-7->source-3 "208" 23:43:38.540495170
[2023-06-27T23:43:41Z INFO  dt_instance] received at 2023-06-27 23:43:41.046975587 UTC - from mc-7->source-3 "213" 23:43:41.046106281
[2023-06-27T23:43:43Z INFO  dt_instance] received at 2023-06-27 23:43:43.552908961 UTC - from mc-7->source-3 "218" 23:43:43.551130644
[2023-06-27T23:43:46Z INFO  dt_instance] received at 2023-06-27 23:43:46.061196456 UTC - from mc-7->source-3 "223" 23:43:46.056491258
[2023-06-27T23:43:48Z INFO  dt_instance] received at 2023-06-27 23:43:48.563792367 UTC - from mc-7->source-5 "223" 23:43:48.561832570
[2023-06-27T23:43:51Z INFO  dt_instance] received at 2023-06-27 23:43:51.070208978 UTC - from mc-7->source-5 "228" 23:43:51.068637949
[2023-06-27T23:43:53Z INFO  dt_instance] received at 2023-06-27 23:43:53.575881281 UTC - from mc-7->source-5 "233" 23:43:53.574654893
[2023-06-27T23:43:56Z INFO  dt_instance] received at 2023-06-27 23:43:56.083362095 UTC - from mc-7->source-3 "243" 23:43:56.080696189
[2023-06-27T23:43:58Z INFO  dt_instance] received at 2023-06-27 23:43:58.589642477 UTC - from mc-7->source-5 "243" 23:43:58.586568919
[2023-06-27T23:44:01Z INFO  dt_instance] received at 2023-06-27 23:44:01.095626852 UTC - from mc-7->source-5 "248" 23:44:01.092840012
[2023-06-27T23:44:03Z INFO  dt_instance] received at 2023-06-27 23:44:03.600901522 UTC - from mc-7->source-3 "258" 23:44:03.599744052
[2023-06-27T23:44:06Z INFO  dt_instance] received at 2023-06-27 23:44:06.107444741 UTC - from mc-7->source-3 "263" 23:44:06.106158380
[2023-06-27T23:44:08Z INFO  dt_instance] received at 2023-06-27 23:44:08.613340399 UTC - from mc-7->source-3 "268" 23:44:08.611656258
[2023-06-27T23:44:11Z INFO  dt_instance] received at 2023-06-27 23:44:11.118097084 UTC - from mc-7->source-3 "273" 23:44:11.117213688
[2023-06-27T23:44:13Z INFO  dt_instance] received at 2023-06-27 23:44:13.631968909 UTC - from mc-7->source-5 "273" 23:44:13.622459027
[2023-06-27T23:44:16Z INFO  dt_instance] received at 2023-06-27 23:44:16.129568663 UTC - from mc-7->source-3 "283" 23:44:16.126985904
[2023-06-27T23:44:18Z INFO  dt_instance] received at 2023-06-27 23:44:18.635408635 UTC - from mc-7->source-5 "283" 23:44:18.633102899
[2023-06-27T23:44:21Z INFO  dt_instance] received at 2023-06-27 23:44:21.140004634 UTC - from mc-7->source-3 "293" 23:44:21.138207561
[2023-06-27T23:44:23Z INFO  dt_instance] received at 2023-06-27 23:44:23.646243693 UTC - from mc-7->source-5 "293" 23:44:23.645023526
[2023-06-27T23:44:26Z INFO  dt_instance] received at 2023-06-27 23:44:26.154218185 UTC - from mc-7->source-3 "303" 23:44:26.152556343
[2023-06-27T23:44:28Z INFO  dt_instance] received at 2023-06-27 23:44:28.661493047 UTC - from mc-7->source-3 "308" 23:44:28.658727452
[2023-06-27T23:44:31Z INFO  dt_instance] received at 2023-06-27 23:44:31.166617536 UTC - from mc-7->source-5 "308" 23:44:31.164770189
[2023-06-27T23:44:33Z INFO  dt_instance] received at 2023-06-27 23:44:33.675345472 UTC - from mc-7->source-3 "318" 23:44:33.671657256
[2023-06-27T23:44:36Z INFO  dt_instance] received at 2023-06-27 23:44:36.187150875 UTC - from mc-7->source-5 "318" 23:44:36.176717907
[2023-06-27T23:44:38Z INFO  dt_instance] received at 2023-06-27 23:44:38.684522750 UTC - from mc-7->source-5 "323" 23:44:38.682928498
[2023-06-27T23:44:41Z INFO  dt_instance] received at 2023-06-27 23:44:41.191459066 UTC - from mc-7->source-5 "328" 23:44:41.189887867
[2023-06-27T23:44:43Z INFO  dt_instance] received at 2023-06-27 23:44:43.697165742 UTC - from mc-7->source-5 "333" 23:44:43.696133504
[2023-06-27T23:44:46Z INFO  dt_instance] received at 2023-06-27 23:44:46.202008905 UTC - from mc-7->source-5 "338" 23:44:46.200729175
[2023-06-27T23:44:48Z INFO  dt_instance] received at 2023-06-27 23:44:48.711078728 UTC - from mc-7->source-5 "343" 23:44:48.706894884
[2023-06-27T23:44:51Z INFO  dt_instance] received at 2023-06-27 23:44:51.214354324 UTC - from mc-7->source-3 "353" 23:44:51.212037933
[2023-06-27T23:44:53Z INFO  dt_instance] received at 2023-06-27 23:44:53.720838658 UTC - from mc-7->source-5 "353" 23:44:53.719631411
[2023-06-27T23:44:56Z INFO  dt_instance] received at 2023-06-27 23:44:56.244265652 UTC - from mc-7->source-5 "358" 23:44:56.238158819
[2023-06-27T23:44:58Z INFO  dt_instance] received at 2023-06-27 23:44:58.745333315 UTC - from mc-7->source-5 "363" 23:44:58.744172701
[2023-06-27T23:45:01Z INFO  dt_instance] received at 2023-06-27 23:45:01.251339716 UTC - from mc-7->source-5 "368" 23:45:01.249696967
[2023-06-27T23:45:03Z INFO  dt_instance] received at 2023-06-27 23:45:03.765711091 UTC - from mc-7->source-5 "373" 23:45:03.755467244
[2023-06-27T23:45:06Z INFO  dt_instance] received at 2023-06-27 23:45:06.264808039 UTC - from mc-7->source-5 "378" 23:45:06.263480591
[2023-06-27T23:45:08Z INFO  dt_instance] received at 2023-06-27 23:45:08.772442629 UTC - from mc-7->source-5 "383" 23:45:08.771340993
[2023-06-27T23:45:11Z INFO  dt_instance] received at 2023-06-27 23:45:11.278467622 UTC - from mc-7->source-5 "388" 23:45:11.277186011
[2023-06-27T23:45:13Z INFO  dt_instance] received at 2023-06-27 23:45:13.788559579 UTC - from mc-7->source-5 "393" 23:45:13.783484825
[2023-06-27T23:45:16Z INFO  dt_instance] received at 2023-06-27 23:45:16.291220443 UTC - from mc-7->source-5 "398" 23:45:16.289814136
[2023-06-27T23:45:18Z INFO  dt_instance] received at 2023-06-27 23:45:18.796745088 UTC - from mc-7->source-5 "403" 23:45:18.795527789
[2023-06-27T23:45:21Z INFO  dt_instance] received at 2023-06-27 23:45:21.302573138 UTC - from mc-7->source-5 "408" 23:45:21.301437291
[2023-06-27T23:45:23Z INFO  dt_instance] received at 2023-06-27 23:45:23.809099644 UTC - from mc-7->source-5 "413" 23:45:23.807218777
[2023-06-27T23:45:26Z INFO  dt_instance] received at 2023-06-27 23:45:26.313622561 UTC - from mc-7->source-5 "418" 23:45:26.312113877
[2023-06-27T23:45:28Z INFO  dt_instance] received at 2023-06-27 23:45:28.818715628 UTC - from mc-7->source-5 "423" 23:45:28.816958600
[2023-06-27T23:45:31Z INFO  dt_instance] received at 2023-06-27 23:45:31.322777128 UTC - from mc-7->source-5 "428" 23:45:31.321925257
[2023-06-27T23:45:33Z INFO  dt_instance] received at 2023-06-27 23:45:33.828659624 UTC - from mc-7->source-5 "433" 23:45:33.827482633
[2023-06-27T23:45:36Z INFO  dt_instance] received at 2023-06-27 23:45:36.335220538 UTC - from mc-7->source-5 "438" 23:45:36.334309725
[2023-06-27T23:45:38Z INFO  dt_instance] received at 2023-06-27 23:45:38.865495769 UTC - from mc-7->source-5 "443" 23:45:38.839651578
[2023-06-27T23:45:41Z INFO  dt_instance] received at 2023-06-27 23:45:41.348083338 UTC - from mc-7->source-5 "448" 23:45:41.346488680
[2023-06-27T23:45:43Z INFO  dt_instance] received at 2023-06-27 23:45:43.855500214 UTC - from mc-7->source-5 "453" 23:45:43.853091979
[2023-06-27T23:45:46Z INFO  dt_instance] received at 2023-06-27 23:45:46.362013937 UTC - from mc-7->source-5 "458" 23:45:46.359925495
[2023-06-27T23:45:48Z INFO  dt_instance] received at 2023-06-27 23:45:48.866169840 UTC - from mc-7->source-5 "463" 23:45:48.865046335
[2023-06-27T23:45:51Z INFO  dt_instance] received at 2023-06-27 23:45:51.372454432 UTC - from mc-7->source-5 "468" 23:45:51.371133900
[2023-06-27T23:45:53Z INFO  dt_instance] received at 2023-06-27 23:45:53.877233692 UTC - from mc-7->source-5 "473" 23:45:53.876108905
[2023-06-27T23:45:56Z INFO  dt_instance] received at 2023-06-27 23:45:56.385105117 UTC - from mc-7->source-5 "478" 23:45:56.381974333
[2023-06-27T23:45:58Z INFO  dt_instance] received at 2023-06-27 23:45:58.890071552 UTC - from mc-7->source-5 "483" 23:45:58.888655467
[2023-06-27T23:46:01Z INFO  dt_instance] received at 2023-06-27 23:46:01.404144007 UTC - from mc-7->source-5 "488" 23:46:01.395115559
[2023-06-27T23:46:03Z INFO  dt_instance] received at 2023-06-27 23:46:03.905247057 UTC - from mc-7->source-5 "493" 23:46:03.901415449
[2023-06-27T23:46:06Z INFO  dt_instance] received at 2023-06-27 23:46:06.413954417 UTC - from mc-7->source-5 "498" 23:46:06.412879826
[2023-06-27T23:46:08Z INFO  dt_instance] received at 2023-06-27 23:46:08.920821857 UTC - from mc-7->source-5 "503" 23:46:08.919156098
[2023-06-27T23:46:11Z INFO  dt_instance] received at 2023-06-27 23:46:11.426056199 UTC - from mc-7->source-5 "508" 23:46:11.424765298
[2023-06-27T23:46:13Z INFO  dt_instance] received at 2023-06-27 23:46:13.931525375 UTC - from mc-7->source-5 "513" 23:46:13.929755412
[2023-06-27T23:46:16Z INFO  dt_instance] received at 2023-06-27 23:46:16.437473602 UTC - from mc-7->source-5 "518" 23:46:16.436050038
[2023-06-27T23:46:18Z INFO  dt_instance] received at 2023-06-27 23:46:18.944854621 UTC - from mc-7->source-5 "523" 23:46:18.941789989
[2023-06-27T23:46:21Z INFO  dt_instance] received at 2023-06-27 23:46:21.451163187 UTC - from mc-7->source-5 "528" 23:46:21.448137983
[2023-06-27T23:46:23Z INFO  dt_instance] received at 2023-06-27 23:46:23.955092597 UTC - from mc-7->source-5 "533" 23:46:23.952832721
[2023-06-27T23:46:26Z INFO  dt_instance] received at 2023-06-27 23:46:26.460781899 UTC - from mc-7->source-5 "538" 23:46:26.459111320
[2023-06-27T23:46:28Z INFO  dt_instance] received at 2023-06-27 23:46:28.972009160 UTC - from mc-7->source-5 "543" 23:46:28.965565365
[2023-06-27T23:46:31Z INFO  dt_instance] received at 2023-06-27 23:46:31.473150562 UTC - from mc-7->source-5 "548" 23:46:31.472311270
[2023-06-27T23:46:33Z INFO  dt_instance] received at 2023-06-27 23:46:33.988871988 UTC - from mc-7->source-5 "553" 23:46:33.976650009
[2023-06-27T23:46:36Z INFO  dt_instance] received at 2023-06-27 23:46:36.496482698 UTC - from mc-7->source-5 "558" 23:46:36.482112176
[2023-06-27T23:46:38Z INFO  dt_instance] received at 2023-06-27 23:46:38.998843080 UTC - from mc-7->source-5 "563" 23:46:38.988356602
[2023-06-27T23:46:41Z INFO  dt_instance] received at 2023-06-27 23:46:41.494041096 UTC - from mc-7->source-5 "568" 23:46:41.492908127
[2023-06-27T23:46:44Z INFO  dt_instance] received at 2023-06-27 23:46:44.000898426 UTC - from mc-7->source-5 "573" 23:46:43.998517457
[2023-06-27T23:46:46Z INFO  dt_instance] received at 2023-06-27 23:46:46.507727505 UTC - from mc-7->source-5 "578" 23:46:46.503680485
[2023-06-27T23:46:49Z INFO  dt_instance] received at 2023-06-27 23:46:49.012401698 UTC - from mc-7->source-5 "583" 23:46:49.010973204
[2023-06-27T23:46:51Z INFO  dt_instance] received at 2023-06-27 23:46:51.520614350 UTC - from mc-7->source-5 "588" 23:46:51.516805089
[2023-06-27T23:46:54Z INFO  dt_instance] received at 2023-06-27 23:46:54.032449392 UTC - from mc-7->source-5 "593" 23:46:54.024514943
[2023-06-27T23:46:56Z INFO  dt_instance] received at 2023-06-27 23:46:56.532411246 UTC - from mc-7->source-5 "598" 23:46:56.531131169
[2023-06-27T23:46:59Z INFO  dt_instance] received at 2023-06-27 23:46:59.037736153 UTC - from mc-7->source-5 "603" 23:46:59.036118134
[2023-06-27T23:47:01Z INFO  dt_instance] received at 2023-06-27 23:47:01.552408610 UTC - from mc-7->source-5 "608" 23:47:01.543519508
[2023-06-27T23:47:04Z INFO  dt_instance] received at 2023-06-27 23:47:04.056489138 UTC - from mc-7->source-5 "613" 23:47:04.049028520
[2023-06-27T23:47:06Z INFO  dt_instance] received at 2023-06-27 23:47:06.557568802 UTC - from mc-7->source-5 "618" 23:47:06.555302474
[2023-06-27T23:47:09Z INFO  dt_instance] received at 2023-06-27 23:47:09.060751052 UTC - from mc-7->source-5 "623" 23:47:09.059665656
[2023-06-27T23:47:11Z INFO  dt_instance] received at 2023-06-27 23:47:11.570967329 UTC - from mc-7->source-5 "628" 23:47:11.565479579
[2023-06-27T23:47:14Z INFO  dt_instance] received at 2023-06-27 23:47:14.076681905 UTC - from mc-7->source-5 "633" 23:47:14.070756493
[2023-06-27T23:47:16Z INFO  dt_instance] received at 2023-06-27 23:47:16.579345164 UTC - from mc-7->source-5 "638" 23:47:16.577124250
[2023-06-27T23:47:19Z INFO  dt_instance] received at 2023-06-27 23:47:19.084126257 UTC - from mc-7->source-5 "643" 23:47:19.083185491
[2023-06-27T23:47:21Z INFO  dt_instance] received at 2023-06-27 23:47:21.593836598 UTC - from mc-7->source-5 "648" 23:47:21.589764860
[2023-06-27T23:47:24Z INFO  dt_instance] received at 2023-06-27 23:47:24.097205358 UTC - from mc-7->source-5 "653" 23:47:24.095478861
[2023-06-27T23:47:26Z INFO  dt_instance] received at 2023-06-27 23:47:26.603029772 UTC - from mc-7->source-5 "658" 23:47:26.601985122
[2023-06-27T23:47:29Z INFO  dt_instance] received at 2023-06-27 23:47:29.108188577 UTC - from mc-7->source-5 "663" 23:47:29.107053816
[2023-06-27T23:47:31Z INFO  dt_instance] received at 2023-06-27 23:47:31.614087924 UTC - from mc-7->source-5 "668" 23:47:31.613202989
[2023-06-27T23:47:34Z INFO  dt_instance] received at 2023-06-27 23:47:34.119953465 UTC - from mc-7->source-5 "673" 23:47:34.118916180
[2023-06-27T23:47:36Z INFO  dt_instance] received at 2023-06-27 23:47:36.624672640 UTC - from mc-7->source-5 "678" 23:47:36.623775588
[2023-06-27T23:47:39Z INFO  dt_instance] received at 2023-06-27 23:47:39.130997798 UTC - from mc-7->source-5 "683" 23:47:39.130151293
[2023-06-27T23:47:41Z INFO  dt_instance] received at 2023-06-27 23:47:41.637445508 UTC - from mc-7->source-5 "688" 23:47:41.636185668
[2023-06-27T23:47:44Z INFO  dt_instance] received at 2023-06-27 23:47:44.152240123 UTC - from mc-7->source-5 "693" 23:47:44.142128143
[2023-06-27T23:47:46Z INFO  dt_instance] received at 2023-06-27 23:47:46.648390913 UTC - from mc-7->source-5 "698" 23:47:46.647256881
[2023-06-27T23:47:49Z INFO  dt_instance] received at 2023-06-27 23:47:49.153530983 UTC - from mc-7->source-5 "703" 23:47:49.152616242
[2023-06-27T23:47:51Z INFO  dt_instance] received at 2023-06-27 23:47:51.661813478 UTC - from mc-7->source-5 "708" 23:47:51.660669908
[2023-06-27T23:47:54Z INFO  dt_instance] received at 2023-06-27 23:47:54.176486174 UTC - from mc-7->source-5 "713" 23:47:54.166694398
[2023-06-27T23:47:56Z INFO  dt_instance] received at 2023-06-27 23:47:56.674634856 UTC - from mc-7->source-5 "718" 23:47:56.673164138
[2023-06-27T23:47:59Z INFO  dt_instance] received at 2023-06-27 23:47:59.180502604 UTC - from mc-7->source-5 "723" 23:47:59.179545219
[2023-06-27T23:48:01Z INFO  dt_instance] received at 2023-06-27 23:48:01.687303454 UTC - from mc-7->source-5 "728" 23:48:01.686230600
[2023-06-27T23:48:04Z INFO  dt_instance] received at 2023-06-27 23:48:04.193625597 UTC - from mc-7->source-5 "733" 23:48:04.191900598
[2023-06-27T23:48:06Z INFO  dt_instance] received at 2023-06-27 23:48:06.699199612 UTC - from mc-7->source-5 "738" 23:48:06.698048963
[2023-06-27T23:48:09Z INFO  dt_instance] received at 2023-06-27 23:48:09.206341782 UTC - from mc-7->source-5 "743" 23:48:09.205238579
[2023-06-27T23:48:11Z INFO  dt_instance] received at 2023-06-27 23:48:11.712874621 UTC - from mc-7->source-5 "748" 23:48:11.711352592
[2023-06-27T23:48:14Z INFO  dt_instance] received at 2023-06-27 23:48:14.219002912 UTC - from mc-7->source-5 "753" 23:48:14.216886217
[2023-06-27T23:48:16Z INFO  dt_instance] received at 2023-06-27 23:48:16.723552812 UTC - from mc-7->source-5 "758" 23:48:16.722415320
[2023-06-27T23:48:19Z INFO  dt_instance] received at 2023-06-27 23:48:19.241531107 UTC - from mc-7->source-5 "763" 23:48:19.227049935
[2023-06-27T23:48:21Z INFO  dt_instance] received at 2023-06-27 23:48:21.733092783 UTC - from mc-7->source-5 "768" 23:48:21.732045159
[2023-06-27T23:48:24Z INFO  dt_instance] received at 2023-06-27 23:48:24.239492659 UTC - from mc-7->source-5 "773" 23:48:24.238338061
[2023-06-27T23:48:26Z INFO  dt_instance] received at 2023-06-27 23:48:26.744219712 UTC - from mc-7->source-5 "778" 23:48:26.742940764
[2023-06-27T23:48:29Z INFO  dt_instance] received at 2023-06-27 23:48:29.254374485 UTC - from mc-7->source-5 "783" 23:48:29.249544673
[2023-06-27T23:48:31Z INFO  dt_instance] received at 2023-06-27 23:48:31.764757605 UTC - from mc-7->source-5 "788" 23:48:31.755170791
[2023-06-27T23:48:34Z INFO  dt_instance] received at 2023-06-27 23:48:34.263976056 UTC - from mc-7->source-5 "793" 23:48:34.262406992
[2023-06-27T23:48:36Z INFO  dt_instance] received at 2023-06-27 23:48:36.768914491 UTC - from mc-7->source-5 "798" 23:48:36.767107082
[2023-06-27T23:48:39Z INFO  dt_instance] received at 2023-06-27 23:48:39.273831248 UTC - from mc-7->source-5 "803" 23:48:39.272421436
[2023-06-27T23:48:41Z INFO  dt_instance] received at 2023-06-27 23:48:41.778419451 UTC - from mc-7->source-5 "808" 23:48:41.777216510
[2023-06-27T23:48:44Z INFO  dt_instance] received at 2023-06-27 23:48:44.284506897 UTC - from mc-7->source-5 "813" 23:48:44.283366233
[2023-06-27T23:48:46Z INFO  dt_instance] received at 2023-06-27 23:48:46.791089512 UTC - from mc-7->source-5 "818" 23:48:46.789787424
[2023-06-27T23:48:49Z INFO  dt_instance] received at 2023-06-27 23:48:49.296503366 UTC - from mc-7->source-5 "823" 23:48:49.295376249
[2023-06-27T23:48:51Z INFO  dt_instance] received at 2023-06-27 23:48:51.800778918 UTC - from mc-7->source-5 "828" 23:48:51.799825753
[2023-06-27T23:48:54Z INFO  dt_instance] received at 2023-06-27 23:48:54.315945356 UTC - from mc-7->source-5 "833" 23:48:54.304719050
[2023-06-27T23:48:56Z INFO  dt_instance] received at 2023-06-27 23:48:56.810871827 UTC - from mc-7->source-5 "838" 23:48:56.809951959
[2023-06-27T23:48:59Z INFO  dt_instance] received at 2023-06-27 23:48:59.318129381 UTC - from mc-7->source-5 "843" 23:48:59.317321911
[2023-06-27T23:49:01Z INFO  dt_instance] received at 2023-06-27 23:49:01.824404924 UTC - from mc-7->source-5 "848" 23:49:01.822474282
[2023-06-27T23:49:04Z INFO  dt_instance] received at 2023-06-27 23:49:04.328020323 UTC - from mc-7->source-5 "853" 23:49:04.326977502
[2023-06-27T23:49:06Z INFO  dt_instance] received at 2023-06-27 23:49:06.833734340 UTC - from mc-7->source-5 "858" 23:49:06.832354687
[2023-06-27T23:49:09Z INFO  dt_instance] received at 2023-06-27 23:49:09.338051237 UTC - from mc-7->source-5 "863" 23:49:09.336739601
[2023-06-27T23:49:11Z INFO  dt_instance] received at 2023-06-27 23:49:11.843553316 UTC - from mc-7->source-5 "868" 23:49:11.841990269
[2023-06-27T23:49:14Z INFO  dt_instance] received at 2023-06-27 23:49:14.348416788 UTC - from mc-7->source-5 "873" 23:49:14.347409491
[2023-06-27T23:49:16Z INFO  dt_instance] received at 2023-06-27 23:49:16.854254801 UTC - from mc-7->source-5 "878" 23:49:16.853248892
[2023-06-27T23:49:19Z INFO  dt_instance] received at 2023-06-27 23:49:19.358549724 UTC - from mc-7->source-5 "883" 23:49:19.357651520
[2023-06-27T23:49:21Z INFO  dt_instance] received at 2023-06-27 23:49:21.865075884 UTC - from mc-7->source-5 "888" 23:49:21.863275418
[2023-06-27T23:49:24Z INFO  dt_instance] received at 2023-06-27 23:49:24.370588937 UTC - from mc-7->source-5 "893" 23:49:24.368036908
[2023-06-27T23:49:26Z INFO  dt_instance] received at 2023-06-27 23:49:26.876430945 UTC - from mc-7->source-5 "898" 23:49:26.875573634
[2023-06-27T23:49:29Z INFO  dt_instance] received at 2023-06-27 23:49:29.384194785 UTC - from mc-7->source-5 "903" 23:49:29.382971299
[2023-06-27T23:49:31Z INFO  dt_instance] received at 2023-06-27 23:49:31.889597605 UTC - from mc-7->source-5 "908" 23:49:31.887700412
[2023-06-27T23:49:34Z INFO  dt_instance] received at 2023-06-27 23:49:34.397933802 UTC - from mc-7->source-5 "913" 23:49:34.393364426
[2023-06-27T23:49:36Z INFO  dt_instance] received at 2023-06-27 23:49:36.900142836 UTC - from mc-7->source-7 "913" 23:49:36.897704029
[2023-06-27T23:49:39Z INFO  dt_instance] received at 2023-06-27 23:49:39.408479700 UTC - from mc-7->source-7 "918" 23:49:39.406230234
[2023-06-27T23:49:41Z INFO  dt_instance] received at 2023-06-27 23:49:41.922619698 UTC - from mc-7->source-7 "923" 23:49:41.912892820
[2023-06-27T23:49:44Z INFO  dt_instance] received at 2023-06-27 23:49:44.421913113 UTC - from mc-7->source-9 "923" 23:49:44.418644162
[2023-06-27T23:49:46Z INFO  dt_instance] received at 2023-06-27 23:49:46.925620408 UTC - from mc-7->source-7 "933" 23:49:46.924585301
[2023-06-27T23:49:49Z INFO  dt_instance] received at 2023-06-27 23:49:49.434674616 UTC - from mc-7->source-7 "938" 23:49:49.430306179
[2023-06-27T23:49:51Z INFO  dt_instance] received at 2023-06-27 23:49:51.939425059 UTC - from mc-7->source-7 "943" 23:49:51.935904078
[2023-06-27T23:49:54Z INFO  dt_instance] received at 2023-06-27 23:49:54.445803751 UTC - from mc-7->source-9 "943" 23:49:54.441879411
[2023-06-27T23:49:56Z INFO  dt_instance] received at 2023-06-27 23:49:56.950284649 UTC - from mc-7->source-1 "968" 23:49:56.948863447
[2023-06-27T23:49:59Z INFO  dt_instance] received at 2023-06-27 23:49:59.456772013 UTC - from mc-7->source-1 "973" 23:49:59.454626622
[2023-06-27T23:50:01Z INFO  dt_instance] received at 2023-06-27 23:50:01.968104869 UTC - from mc-7->source-9 "958" 23:50:01.961497004
[2023-06-27T23:50:04Z INFO  dt_instance] received at 2023-06-27 23:50:04.476320488 UTC - from mc-7->source-9 "963" 23:50:04.469636706
[2023-06-27T23:50:06Z INFO  dt_instance] received at 2023-06-27 23:50:06.977223466 UTC - from mc-7->source-9 "968" 23:50:06.975994873
[2023-06-27T23:50:09Z INFO  dt_instance] received at 2023-06-27 23:50:09.485061866 UTC - from mc-7->source-9 "973" 23:50:09.482237553
[2023-06-27T23:50:12Z INFO  dt_instance] received at 2023-06-27 23:50:12.206633014 UTC - from mc-7->source-6 "986" 23:50:12.204904890
[2023-06-27T23:50:15Z INFO  dt_instance] received at 2023-06-27 23:50:15.486268300 UTC - from mc-7->source-5 "995" 23:50:15.485070899
[2023-06-27T23:50:22Z INFO  dt_instance] received at 2023-06-27 23:50:22.515835520 UTC - from mc-7->source-9 "999" 23:50:22.513020797
