[2023-06-23T19:53:42Z INFO  dt_instance] Current Twin: mc-twin-9
[2023-06-23T19:53:42Z INFO  dt_instance] Replica Name twin-mc-stateful-9
[2023-06-23T19:53:42Z INFO  dt_instance] Sleeping for 450
[2023-06-23T20:01:12Z INFO  dt_instance] Connecting to broker at emqx.dtwins:1883
[2023-06-23T20:01:12Z INFO  dt_instance] Loggin info each 50 messages
[2023-06-23T20:01:12Z INFO  dt_instance] Set max packet size to 60000 KB.
[2023-06-23T20:01:12Z INFO  dt_instance] Refreshing topics for twin - Listen to mc-9/#
[2023-06-23T20:01:12Z INFO  dt_instance] SubAck { pkid: 1, return_codes: [Success(ExactlyOnce)] }
[2023-06-23T20:02:17Z INFO  dt_instance] received at 2023-06-23 20:02:17.882694767 UTC - from mc-9->source-2 "9" 20:02:17.880613457
[2023-06-23T20:02:21Z INFO  dt_instance] received at 2023-06-23 20:02:21.135691238 UTC - from mc-9->source-3 "13" 20:02:21.134647397
[2023-06-23T20:02:23Z INFO  dt_instance] received at 2023-06-23 20:02:23.648672618 UTC - from mc-9->source-1 "23" 20:02:23.647273845
[2023-06-23T20:02:26Z INFO  dt_instance] received at 2023-06-23 20:02:26.156751155 UTC - from mc-9->source-1 "28" 20:02:26.152742914
[2023-06-23T20:02:28Z INFO  dt_instance] received at 2023-06-23 20:02:28.662490610 UTC - from mc-9->source-1 "33" 20:02:28.659863755
[2023-06-23T20:02:31Z INFO  dt_instance] received at 2023-06-23 20:02:31.170023686 UTC - from mc-9->source-1 "38" 20:02:31.166117669
[2023-06-23T20:02:33Z INFO  dt_instance] received at 2023-06-23 20:02:33.673644802 UTC - from mc-9->source-1 "43" 20:02:33.671683901
[2023-06-23T20:02:36Z INFO  dt_instance] received at 2023-06-23 20:02:36.177790740 UTC - from mc-9->source-1 "48" 20:02:36.176581123
[2023-06-23T20:02:38Z INFO  dt_instance] received at 2023-06-23 20:02:38.683702065 UTC - from mc-9->source-1 "53" 20:02:38.682353092
[2023-06-23T20:02:41Z INFO  dt_instance] received at 2023-06-23 20:02:41.189525630 UTC - from mc-9->source-1 "58" 20:02:41.188365818
[2023-06-23T20:02:43Z INFO  dt_instance] received at 2023-06-23 20:02:43.695766765 UTC - from mc-9->source-1 "63" 20:02:43.693315679
[2023-06-23T20:02:46Z INFO  dt_instance] received at 2023-06-23 20:02:46.200804316 UTC - from mc-9->source-1 "68" 20:02:46.198585821
[2023-06-23T20:02:48Z INFO  dt_instance] received at 2023-06-23 20:02:48.706955161 UTC - from mc-9->source-1 "73" 20:02:48.705280096
[2023-06-23T20:02:51Z INFO  dt_instance] received at 2023-06-23 20:02:51.212320674 UTC - from mc-9->source-1 "78" 20:02:51.210886909
[2023-06-23T20:02:53Z INFO  dt_instance] received at 2023-06-23 20:02:53.719198224 UTC - from mc-9->source-1 "83" 20:02:53.717326710
[2023-06-23T20:02:56Z INFO  dt_instance] received at 2023-06-23 20:02:56.224478080 UTC - from mc-9->source-1 "88" 20:02:56.222494488
[2023-06-23T20:02:58Z INFO  dt_instance] received at 2023-06-23 20:02:58.732417863 UTC - from mc-9->source-1 "93" 20:02:58.728140969
[2023-06-23T20:03:01Z INFO  dt_instance] received at 2023-06-23 20:03:01.235808126 UTC - from mc-9->source-1 "98" 20:03:01.233408826
[2023-06-23T20:03:03Z INFO  dt_instance] received at 2023-06-23 20:03:03.742067847 UTC - from mc-9->source-1 "103" 20:03:03.739525958
[2023-06-23T20:03:06Z INFO  dt_instance] received at 2023-06-23 20:03:06.248181744 UTC - from mc-9->source-1 "108" 20:03:06.246324805
[2023-06-23T20:03:08Z INFO  dt_instance] received at 2023-06-23 20:03:08.754114585 UTC - from mc-9->source-1 "113" 20:03:08.751380662
[2023-06-23T20:03:11Z INFO  dt_instance] received at 2023-06-23 20:03:11.260282351 UTC - from mc-9->source-1 "118" 20:03:11.258610741
[2023-06-23T20:03:13Z INFO  dt_instance] received at 2023-06-23 20:03:13.766594446 UTC - from mc-9->source-1 "123" 20:03:13.763906626
[2023-06-23T20:03:16Z INFO  dt_instance] received at 2023-06-23 20:03:16.271653172 UTC - from mc-9->source-1 "128" 20:03:16.268963701
[2023-06-23T20:03:18Z INFO  dt_instance] received at 2023-06-23 20:03:18.781758449 UTC - from mc-9->source-1 "133" 20:03:18.774044361
[2023-06-23T20:03:21Z INFO  dt_instance] received at 2023-06-23 20:03:21.282106152 UTC - from mc-9->source-1 "138" 20:03:21.280954044
[2023-06-23T20:03:23Z INFO  dt_instance] received at 2023-06-23 20:03:23.789411086 UTC - from mc-9->source-1 "143" 20:03:23.787862171
[2023-06-23T20:03:26Z INFO  dt_instance] received at 2023-06-23 20:03:26.296759444 UTC - from mc-9->source-1 "148" 20:03:26.293324102
[2023-06-23T20:03:28Z INFO  dt_instance] received at 2023-06-23 20:03:28.801021561 UTC - from mc-9->source-1 "153" 20:03:28.799391159
[2023-06-23T20:03:31Z INFO  dt_instance] received at 2023-06-23 20:03:31.305995514 UTC - from mc-9->source-1 "158" 20:03:31.304441964
[2023-06-23T20:03:33Z INFO  dt_instance] received at 2023-06-23 20:03:33.811067348 UTC - from mc-9->source-1 "163" 20:03:33.809497985
[2023-06-23T20:03:36Z INFO  dt_instance] received at 2023-06-23 20:03:36.318392595 UTC - from mc-9->source-1 "168" 20:03:36.315675827
[2023-06-23T20:03:38Z INFO  dt_instance] received at 2023-06-23 20:03:38.823999938 UTC - from mc-9->source-1 "173" 20:03:38.821857457
[2023-06-23T20:03:41Z INFO  dt_instance] received at 2023-06-23 20:03:41.331940207 UTC - from mc-9->source-1 "178" 20:03:41.328178692
[2023-06-23T20:03:43Z INFO  dt_instance] received at 2023-06-23 20:03:43.836748728 UTC - from mc-9->source-1 "183" 20:03:43.834994368
[2023-06-23T20:03:46Z INFO  dt_instance] received at 2023-06-23 20:03:46.342241717 UTC - from mc-9->source-1 "188" 20:03:46.340206522
[2023-06-23T20:03:48Z INFO  dt_instance] received at 2023-06-23 20:03:48.849206499 UTC - from mc-9->source-1 "193" 20:03:48.845916501
[2023-06-23T20:03:51Z INFO  dt_instance] received at 2023-06-23 20:03:51.354348334 UTC - from mc-9->source-1 "198" 20:03:51.352502697
[2023-06-23T20:03:53Z INFO  dt_instance] received at 2023-06-23 20:03:53.868631127 UTC - from mc-9->source-1 "203" 20:03:53.860538327
[2023-06-23T20:03:56Z INFO  dt_instance] received at 2023-06-23 20:03:56.367110448 UTC - from mc-9->source-1 "208" 20:03:56.365399050
[2023-06-23T20:03:58Z INFO  dt_instance] received at 2023-06-23 20:03:58.882526734 UTC - from mc-9->source-1 "213" 20:03:58.870437473
[2023-06-23T20:04:01Z INFO  dt_instance] received at 2023-06-23 20:04:01.386954528 UTC - from mc-9->source-1 "218" 20:04:01.384692725
[2023-06-23T20:04:03Z INFO  dt_instance] received at 2023-06-23 20:04:03.891571101 UTC - from mc-9->source-1 "223" 20:04:03.889537592
[2023-06-23T20:04:06Z INFO  dt_instance] received at 2023-06-23 20:04:06.398033912 UTC - from mc-9->source-1 "228" 20:04:06.395435381
[2023-06-23T20:04:08Z INFO  dt_instance] received at 2023-06-23 20:04:08.905802074 UTC - from mc-9->source-1 "233" 20:04:08.899998864
[2023-06-23T20:04:11Z INFO  dt_instance] received at 2023-06-23 20:04:11.408959871 UTC - from mc-9->source-1 "238" 20:04:11.406138460
[2023-06-23T20:04:13Z INFO  dt_instance] received at 2023-06-23 20:04:13.913847448 UTC - from mc-9->source-1 "243" 20:04:13.912531017
[2023-06-23T20:04:16Z INFO  dt_instance] received at 2023-06-23 20:04:16.419743481 UTC - from mc-9->source-1 "248" 20:04:16.417982936
[2023-06-23T20:04:18Z INFO  dt_instance] received at 2023-06-23 20:04:18.928290955 UTC - from mc-9->source-3 "248" 20:04:18.924255025
[2023-06-23T20:04:21Z INFO  dt_instance] received at 2023-06-23 20:04:21.446716151 UTC - from mc-9->source-1 "258" 20:04:21.430318834
[2023-06-23T20:04:23Z INFO  dt_instance] received at 2023-06-23 20:04:23.937054665 UTC - from mc-9->source-1 "263" 20:04:23.935114528
[2023-06-23T20:04:26Z INFO  dt_instance] received at 2023-06-23 20:04:26.444753709 UTC - from mc-9->source-1 "268" 20:04:26.440415346
[2023-06-23T20:04:28Z INFO  dt_instance] received at 2023-06-23 20:04:28.949496254 UTC - from mc-9->source-1 "273" 20:04:28.946996311
[2023-06-23T20:04:31Z INFO  dt_instance] received at 2023-06-23 20:04:31.455176902 UTC - from mc-9->source-1 "278" 20:04:31.452742816
[2023-06-23T20:04:33Z INFO  dt_instance] received at 2023-06-23 20:04:33.964617316 UTC - from mc-9->source-1 "283" 20:04:33.960209005
[2023-06-23T20:04:36Z INFO  dt_instance] received at 2023-06-23 20:04:36.469858934 UTC - from mc-9->source-1 "288" 20:04:36.466553934
[2023-06-23T20:04:38Z INFO  dt_instance] received at 2023-06-23 20:04:38.973008970 UTC - from mc-9->source-1 "293" 20:04:38.971258191
[2023-06-23T20:04:41Z INFO  dt_instance] received at 2023-06-23 20:04:41.481387347 UTC - from mc-9->source-1 "298" 20:04:41.476113858
[2023-06-23T20:04:43Z INFO  dt_instance] received at 2023-06-23 20:04:43.984328874 UTC - from mc-9->source-1 "303" 20:04:43.981497292
[2023-06-23T20:04:46Z INFO  dt_instance] received at 2023-06-23 20:04:46.504285029 UTC - from mc-9->source-1 "308" 20:04:46.500438013
[2023-06-23T20:04:49Z INFO  dt_instance] received at 2023-06-23 20:04:49.011648825 UTC - from mc-9->source-1 "313" 20:04:49.007008010
[2023-06-23T20:04:51Z INFO  dt_instance] received at 2023-06-23 20:04:51.529301685 UTC - from mc-9->source-1 "318" 20:04:51.513060662
[2023-06-23T20:04:54Z INFO  dt_instance] received at 2023-06-23 20:04:54.023047241 UTC - from mc-9->source-1 "323" 20:04:54.019901227
[2023-06-23T20:04:56Z INFO  dt_instance] received at 2023-06-23 20:04:56.538968524 UTC - from mc-9->source-1 "328" 20:04:56.535037632
[2023-06-23T20:04:59Z INFO  dt_instance] received at 2023-06-23 20:04:59.046601730 UTC - from mc-9->source-1 "333" 20:04:59.041559715
[2023-06-23T20:05:01Z INFO  dt_instance] received at 2023-06-23 20:05:01.552910973 UTC - from mc-9->source-1 "338" 20:05:01.546929437
[2023-06-23T20:05:04Z INFO  dt_instance] received at 2023-06-23 20:05:04.057948235 UTC - from mc-9->source-1 "343" 20:05:04.055596103
[2023-06-23T20:05:06Z INFO  dt_instance] received at 2023-06-23 20:05:06.564223633 UTC - from mc-9->source-1 "348" 20:05:06.560764538
[2023-06-23T20:05:09Z INFO  dt_instance] received at 2023-06-23 20:05:09.070392922 UTC - from mc-9->source-1 "353" 20:05:09.066661581
[2023-06-23T20:05:11Z INFO  dt_instance] received at 2023-06-23 20:05:11.578027635 UTC - from mc-9->source-1 "358" 20:05:11.572370293
[2023-06-23T20:05:14Z INFO  dt_instance] received at 2023-06-23 20:05:14.080234073 UTC - from mc-9->source-1 "363" 20:05:14.077698872
[2023-06-23T20:05:16Z INFO  dt_instance] received at 2023-06-23 20:05:16.586138018 UTC - from mc-9->source-1 "368" 20:05:16.584390368
[2023-06-23T20:05:19Z INFO  dt_instance] received at 2023-06-23 20:05:19.092896213 UTC - from mc-9->source-1 "373" 20:05:19.089419739
[2023-06-23T20:05:21Z INFO  dt_instance] received at 2023-06-23 20:05:21.595862636 UTC - from mc-9->source-1 "378" 20:05:21.593931845
[2023-06-23T20:05:24Z INFO  dt_instance] received at 2023-06-23 20:05:24.106059583 UTC - from mc-9->source-1 "383" 20:05:24.100832967
[2023-06-23T20:05:26Z INFO  dt_instance] received at 2023-06-23 20:05:26.611511293 UTC - from mc-9->source-1 "388" 20:05:26.607752058
[2023-06-23T20:05:29Z INFO  dt_instance] received at 2023-06-23 20:05:29.113265501 UTC - from mc-9->source-1 "393" 20:05:29.112117775
[2023-06-23T20:05:31Z INFO  dt_instance] received at 2023-06-23 20:05:31.624601632 UTC - from mc-9->source-1 "398" 20:05:31.617197993
[2023-06-23T20:05:34Z INFO  dt_instance] received at 2023-06-23 20:05:34.125187263 UTC - from mc-9->source-1 "403" 20:05:34.122672266
[2023-06-23T20:05:36Z INFO  dt_instance] received at 2023-06-23 20:05:36.632422641 UTC - from mc-9->source-1 "408" 20:05:36.629675728
[2023-06-23T20:05:39Z INFO  dt_instance] received at 2023-06-23 20:05:39.136179628 UTC - from mc-9->source-1 "413" 20:05:39.134207177
[2023-06-23T20:05:41Z INFO  dt_instance] received at 2023-06-23 20:05:41.643428816 UTC - from mc-9->source-1 "418" 20:05:41.639263448
[2023-06-23T20:05:44Z INFO  dt_instance] received at 2023-06-23 20:05:44.146597465 UTC - from mc-9->source-1 "423" 20:05:44.144056051
[2023-06-23T20:05:46Z INFO  dt_instance] received at 2023-06-23 20:05:46.652897155 UTC - from mc-9->source-1 "428" 20:05:46.650788675
[2023-06-23T20:05:49Z INFO  dt_instance] received at 2023-06-23 20:05:49.158100893 UTC - from mc-9->source-1 "433" 20:05:49.156477928
[2023-06-23T20:05:51Z INFO  dt_instance] received at 2023-06-23 20:05:51.664274794 UTC - from mc-9->source-1 "438" 20:05:51.662057300
[2023-06-23T20:05:54Z INFO  dt_instance] received at 2023-06-23 20:05:54.182796812 UTC - from mc-9->source-1 "443" 20:05:54.167817078
[2023-06-23T20:05:56Z INFO  dt_instance] received at 2023-06-23 20:05:56.697375623 UTC - from mc-9->source-1 "448" 20:05:56.675282389
[2023-06-23T20:05:59Z INFO  dt_instance] received at 2023-06-23 20:05:59.183322314 UTC - from mc-9->source-1 "453" 20:05:59.181426281
[2023-06-23T20:06:01Z INFO  dt_instance] received at 2023-06-23 20:06:01.690581156 UTC - from mc-9->source-1 "458" 20:06:01.687700336
[2023-06-23T20:06:04Z INFO  dt_instance] received at 2023-06-23 20:06:04.193895438 UTC - from mc-9->source-1 "463" 20:06:04.192328743
[2023-06-23T20:06:06Z INFO  dt_instance] received at 2023-06-23 20:06:06.699394997 UTC - from mc-9->source-1 "468" 20:06:06.697420514
[2023-06-23T20:06:09Z INFO  dt_instance] received at 2023-06-23 20:06:09.216510206 UTC - from mc-9->source-1 "473" 20:06:09.201993192
[2023-06-23T20:06:11Z INFO  dt_instance] received at 2023-06-23 20:06:11.716337641 UTC - from mc-9->source-1 "478" 20:06:11.709292766
[2023-06-23T20:06:14Z INFO  dt_instance] received at 2023-06-23 20:06:14.223607605 UTC - from mc-9->source-1 "483" 20:06:14.214186210
[2023-06-23T20:06:16Z INFO  dt_instance] received at 2023-06-23 20:06:16.721949634 UTC - from mc-9->source-1 "488" 20:06:16.720781689
[2023-06-23T20:06:19Z INFO  dt_instance] received at 2023-06-23 20:06:19.229135908 UTC - from mc-9->source-1 "493" 20:06:19.225275330
[2023-06-23T20:06:21Z INFO  dt_instance] received at 2023-06-23 20:06:21.732269984 UTC - from mc-9->source-1 "498" 20:06:21.730136810
[2023-06-23T20:06:24Z INFO  dt_instance] received at 2023-06-23 20:06:24.251251636 UTC - from mc-9->source-1 "503" 20:06:24.235012828
[2023-06-23T20:06:26Z INFO  dt_instance] received at 2023-06-23 20:06:26.741940655 UTC - from mc-9->source-1 "508" 20:06:26.740346974
[2023-06-23T20:06:29Z INFO  dt_instance] received at 2023-06-23 20:06:29.247625436 UTC - from mc-9->source-1 "513" 20:06:29.245619949
[2023-06-23T20:06:31Z INFO  dt_instance] received at 2023-06-23 20:06:31.764669504 UTC - from mc-9->source-1 "518" 20:06:31.750174463
[2023-06-23T20:06:34Z INFO  dt_instance] received at 2023-06-23 20:06:34.261677537 UTC - from mc-9->source-1 "523" 20:06:34.256463257
[2023-06-23T20:06:36Z INFO  dt_instance] received at 2023-06-23 20:06:36.763991994 UTC - from mc-9->source-1 "528" 20:06:36.762190916
[2023-06-23T20:06:39Z INFO  dt_instance] received at 2023-06-23 20:06:39.269288219 UTC - from mc-9->source-1 "533" 20:06:39.267207603
[2023-06-23T20:06:41Z INFO  dt_instance] received at 2023-06-23 20:06:41.778359927 UTC - from mc-9->source-1 "538" 20:06:41.773064349
[2023-06-23T20:06:44Z INFO  dt_instance] received at 2023-06-23 20:06:44.291977541 UTC - from mc-9->source-1 "543" 20:06:44.278282262
[2023-06-23T20:06:46Z INFO  dt_instance] received at 2023-06-23 20:06:46.785024566 UTC - from mc-9->source-1 "548" 20:06:46.783075248
[2023-06-23T20:06:49Z INFO  dt_instance] received at 2023-06-23 20:06:49.290496093 UTC - from mc-9->source-1 "553" 20:06:49.288104755
[2023-06-23T20:06:51Z INFO  dt_instance] received at 2023-06-23 20:06:51.794567002 UTC - from mc-9->source-1 "558" 20:06:51.793472905
[2023-06-23T20:06:54Z INFO  dt_instance] received at 2023-06-23 20:06:54.310266478 UTC - from mc-9->source-1 "563" 20:06:54.298986988
[2023-06-23T20:06:56Z INFO  dt_instance] received at 2023-06-23 20:06:56.806513613 UTC - from mc-9->source-1 "568" 20:06:56.804856856
[2023-06-23T20:06:59Z INFO  dt_instance] received at 2023-06-23 20:06:59.313142458 UTC - from mc-9->source-1 "573" 20:06:59.311243644
[2023-06-23T20:07:01Z INFO  dt_instance] received at 2023-06-23 20:07:01.822308042 UTC - from mc-9->source-1 "578" 20:07:01.819708171
[2023-06-23T20:07:04Z INFO  dt_instance] received at 2023-06-23 20:07:04.326938308 UTC - from mc-9->source-1 "583" 20:07:04.324738875
[2023-06-23T20:07:06Z INFO  dt_instance] received at 2023-06-23 20:07:06.870143577 UTC - from mc-9->source-7 "573" 20:07:06.816609944
[2023-06-23T20:07:09Z INFO  dt_instance] received at 2023-06-23 20:07:09.340297404 UTC - from mc-9->source-1 "593" 20:07:09.335964697
[2023-06-23T20:07:11Z INFO  dt_instance] received at 2023-06-23 20:07:11.853449816 UTC - from mc-9->source-1 "598" 20:07:11.841560770
[2023-06-23T20:07:14Z INFO  dt_instance] received at 2023-06-23 20:07:14.351608145 UTC - from mc-9->source-1 "603" 20:07:14.349456473
[2023-06-23T20:07:16Z INFO  dt_instance] received at 2023-06-23 20:07:16.858653470 UTC - from mc-9->source-1 "608" 20:07:16.855961715
[2023-06-23T20:07:19Z INFO  dt_instance] received at 2023-06-23 20:07:19.364276143 UTC - from mc-9->source-1 "613" 20:07:19.361987783
[2023-06-23T20:07:21Z INFO  dt_instance] received at 2023-06-23 20:07:21.868943880 UTC - from mc-9->source-1 "618" 20:07:21.867060898
[2023-06-23T20:07:24Z INFO  dt_instance] received at 2023-06-23 20:07:24.395727943 UTC - from mc-9->source-1 "623" 20:07:24.372139531
[2023-06-23T20:07:26Z INFO  dt_instance] received at 2023-06-23 20:07:26.887664443 UTC - from mc-9->source-3 "623" 20:07:26.875841669
[2023-06-23T20:07:29Z INFO  dt_instance] received at 2023-06-23 20:07:29.407028027 UTC - from mc-9->source-1 "633" 20:07:29.384528948
[2023-06-23T20:07:31Z INFO  dt_instance] received at 2023-06-23 20:07:31.892656416 UTC - from mc-9->source-1 "638" 20:07:31.890824581
[2023-06-23T20:07:34Z INFO  dt_instance] received at 2023-06-23 20:07:34.398033964 UTC - from mc-9->source-1 "643" 20:07:34.396358935
[2023-06-23T20:07:36Z INFO  dt_instance] received at 2023-06-23 20:07:36.907898698 UTC - from mc-9->source-1 "648" 20:07:36.903504926
[2023-06-23T20:07:39Z INFO  dt_instance] received at 2023-06-23 20:07:39.410574648 UTC - from mc-9->source-1 "653" 20:07:39.408995757
[2023-06-23T20:07:41Z INFO  dt_instance] received at 2023-06-23 20:07:41.917277730 UTC - from mc-9->source-1 "658" 20:07:41.915649536
[2023-06-23T20:07:44Z INFO  dt_instance] received at 2023-06-23 20:07:44.432511182 UTC - from mc-9->source-1 "663" 20:07:44.420040950
[2023-06-23T20:07:46Z INFO  dt_instance] received at 2023-06-23 20:07:46.941659133 UTC - from mc-9->source-1 "668" 20:07:46.926371651
[2023-06-23T20:07:49Z INFO  dt_instance] received at 2023-06-23 20:07:49.448325230 UTC - from mc-9->source-1 "673" 20:07:49.431976756
[2023-06-23T20:07:51Z INFO  dt_instance] received at 2023-06-23 20:07:51.939242368 UTC - from mc-9->source-1 "678" 20:07:51.937241456
[2023-06-23T20:07:54Z INFO  dt_instance] received at 2023-06-23 20:07:54.465085889 UTC - from mc-9->source-1 "683" 20:07:54.443033953
[2023-06-23T20:07:56Z INFO  dt_instance] received at 2023-06-23 20:07:56.964240330 UTC - from mc-9->source-1 "688" 20:07:56.949022689
[2023-06-23T20:07:59Z INFO  dt_instance] received at 2023-06-23 20:07:59.458061349 UTC - from mc-9->source-3 "688" 20:07:59.456556802
[2023-06-23T20:08:01Z INFO  dt_instance] received at 2023-06-23 20:08:01.963024506 UTC - from mc-9->source-3 "693" 20:08:01.962117343
[2023-06-23T20:08:04Z INFO  dt_instance] received at 2023-06-23 20:08:04.473437956 UTC - from mc-9->source-3 "698" 20:08:04.472548169
[2023-06-23T20:08:06Z INFO  dt_instance] received at 2023-06-23 20:08:06.998659205 UTC - from mc-9->source-1 "708" 20:08:06.972465867
[2023-06-23T20:08:09Z INFO  dt_instance] received at 2023-06-23 20:08:09.508959594 UTC - from mc-9->source-1 "713" 20:08:09.477917940
[2023-06-23T20:08:11Z INFO  dt_instance] received at 2023-06-23 20:08:11.990862443 UTC - from mc-9->source-3 "713" 20:08:11.988887347
[2023-06-23T20:08:14Z INFO  dt_instance] received at 2023-06-23 20:08:14.497970822 UTC - from mc-9->source-3 "718" 20:08:14.496381118
[2023-06-23T20:08:17Z INFO  dt_instance] received at 2023-06-23 20:08:17.009647218 UTC - from mc-9->source-1 "728" 20:08:16.996199763
[2023-06-23T20:08:19Z INFO  dt_instance] received at 2023-06-23 20:08:19.520950012 UTC - from mc-9->source-1 "733" 20:08:19.503563880
[2023-06-23T20:08:22Z INFO  dt_instance] received at 2023-06-23 20:08:22.016636244 UTC - from mc-9->source-3 "733" 20:08:22.015764424
[2023-06-23T20:08:24Z INFO  dt_instance] received at 2023-06-23 20:08:24.522658568 UTC - from mc-9->source-3 "738" 20:08:24.521733754
[2023-06-23T20:08:27Z INFO  dt_instance] received at 2023-06-23 20:08:27.029759384 UTC - from mc-9->source-3 "743" 20:08:27.026945393
[2023-06-23T20:08:29Z INFO  dt_instance] received at 2023-06-23 20:08:29.544762048 UTC - from mc-9->source-1 "753" 20:08:29.529009068
[2023-06-23T20:08:32Z INFO  dt_instance] received at 2023-06-23 20:08:32.039338169 UTC - from mc-9->source-3 "753" 20:08:32.038381753
[2023-06-23T20:08:34Z INFO  dt_instance] received at 2023-06-23 20:08:34.543889447 UTC - from mc-9->source-3 "758" 20:08:34.543021
[2023-06-23T20:08:37Z INFO  dt_instance] received at 2023-06-23 20:08:37.050162749 UTC - from mc-9->source-3 "763" 20:08:37.049131941
[2023-06-23T20:08:39Z INFO  dt_instance] received at 2023-06-23 20:08:39.560912730 UTC - from mc-9->source-9 "753" 20:08:39.553735934
[2023-06-23T20:08:42Z INFO  dt_instance] received at 2023-06-23 20:08:42.082490793 UTC - from mc-9->source-1 "778" 20:08:42.058310784
[2023-06-23T20:08:44Z INFO  dt_instance] received at 2023-06-23 20:08:44.567287581 UTC - from mc-9->source-9 "763" 20:08:44.566348216
[2023-06-23T20:08:47Z INFO  dt_instance] received at 2023-06-23 20:08:47.072848121 UTC - from mc-9->source-3 "783" 20:08:47.071255718
[2023-06-23T20:08:49Z INFO  dt_instance] received at 2023-06-23 20:08:49.577704966 UTC - from mc-9->source-3 "788" 20:08:49.576179866
[2023-06-23T20:08:52Z INFO  dt_instance] received at 2023-06-23 20:08:52.084412064 UTC - from mc-9->source-1 "798" 20:08:52.080793571
[2023-06-23T20:08:54Z INFO  dt_instance] received at 2023-06-23 20:08:54.589058246 UTC - from mc-9->source-9 "783" 20:08:54.588091643
[2023-06-23T20:08:57Z INFO  dt_instance] received at 2023-06-23 20:08:57.096829128 UTC - from mc-9->source-1 "808" 20:08:57.092321761
[2023-06-23T20:08:59Z INFO  dt_instance] received at 2023-06-23 20:08:59.601169730 UTC - from mc-9->source-9 "793" 20:08:59.600129096
[2023-06-23T20:09:02Z INFO  dt_instance] received at 2023-06-23 20:09:02.107226376 UTC - from mc-9->source-1 "818" 20:09:02.103478463
[2023-06-23T20:09:04Z INFO  dt_instance] received at 2023-06-23 20:09:04.612880967 UTC - from mc-9->source-9 "803" 20:09:04.611908910
[2023-06-23T20:09:07Z INFO  dt_instance] received at 2023-06-23 20:09:07.121203405 UTC - from mc-9->source-1 "828" 20:09:07.116411138
[2023-06-23T20:09:09Z INFO  dt_instance] received at 2023-06-23 20:09:09.647797249 UTC - from mc-9->source-1 "833" 20:09:09.625447893
[2023-06-23T20:09:12Z INFO  dt_instance] received at 2023-06-23 20:09:12.141662267 UTC - from mc-9->source-1 "838" 20:09:12.130480942
[2023-06-23T20:09:14Z INFO  dt_instance] received at 2023-06-23 20:09:14.639836348 UTC - from mc-9->source-1 "843" 20:09:14.635630079
[2023-06-23T20:09:17Z INFO  dt_instance] received at 2023-06-23 20:09:17.142016119 UTC - from mc-9->source-9 "828" 20:09:17.140997851
[2023-06-23T20:09:19Z INFO  dt_instance] received at 2023-06-23 20:09:19.651685689 UTC - from mc-9->source-9 "833" 20:09:19.646365026
[2023-06-23T20:09:22Z INFO  dt_instance] received at 2023-06-23 20:09:22.153671635 UTC - from mc-9->source-7 "843" 20:09:22.150412
[2023-06-23T20:09:24Z INFO  dt_instance] received at 2023-06-23 20:09:24.677030467 UTC - from mc-9->source-1 "863" 20:09:24.656744135
[2023-06-23T20:09:27Z INFO  dt_instance] received at 2023-06-23 20:09:27.168576120 UTC - from mc-9->source-1 "868" 20:09:27.162656882
[2023-06-23T20:09:29Z INFO  dt_instance] received at 2023-06-23 20:09:29.677200856 UTC - from mc-9->source-1 "873" 20:09:29.668397409
[2023-06-23T20:09:32Z INFO  dt_instance] received at 2023-06-23 20:09:32.189219316 UTC - from mc-9->source-1 "878" 20:09:32.173773841
[2023-06-23T20:09:34Z INFO  dt_instance] received at 2023-06-23 20:09:34.686948987 UTC - from mc-9->source-7 "868" 20:09:34.678337895
[2023-06-23T20:09:37Z INFO  dt_instance] received at 2023-06-23 20:09:37.210195392 UTC - from mc-9->source-3 "883" 20:09:37.185727160
[2023-06-23T20:09:39Z INFO  dt_instance] received at 2023-06-23 20:09:39.692082426 UTC - from mc-9->source-3 "888" 20:09:39.691333263
[2023-06-23T20:09:42Z INFO  dt_instance] received at 2023-06-23 20:09:42.207666143 UTC - from mc-9->source-1 "898" 20:09:42.196193359
[2023-06-23T20:09:44Z INFO  dt_instance] received at 2023-06-23 20:09:44.725682209 UTC - from mc-9->source-7 "888" 20:09:44.702445360
[2023-06-23T20:09:47Z INFO  dt_instance] received at 2023-06-23 20:09:47.220190801 UTC - from mc-9->source-1 "908" 20:09:47.207836268
[2023-06-23T20:09:49Z INFO  dt_instance] received at 2023-06-23 20:09:49.722310314 UTC - from mc-9->source-1 "913" 20:09:49.713246249
[2023-06-23T20:09:52Z INFO  dt_instance] received at 2023-06-23 20:09:52.221372533 UTC - from mc-9->source-1 "918" 20:09:52.218473419
[2023-06-23T20:09:54Z INFO  dt_instance] received at 2023-06-23 20:09:54.762873074 UTC - from mc-9->source-7 "908" 20:09:54.729796817
[2023-06-23T20:09:57Z INFO  dt_instance] received at 2023-06-23 20:09:57.254100033 UTC - from mc-9->source-1 "928" 20:09:57.236221416
[2023-06-23T20:09:59Z INFO  dt_instance] received at 2023-06-23 20:09:59.745930056 UTC - from mc-9->source-7 "918" 20:09:59.743739134
[2023-06-23T20:10:02Z INFO  dt_instance] received at 2023-06-23 20:10:02.265722657 UTC - from mc-9->source-7 "923" 20:10:02.249807296
[2023-06-23T20:10:04Z INFO  dt_instance] received at 2023-06-23 20:10:04.768439350 UTC - from mc-9->source-7 "928" 20:10:04.755664056
[2023-06-23T20:10:07Z INFO  dt_instance] received at 2023-06-23 20:10:07.268209976 UTC - from mc-9->source-9 "928" 20:10:07.263269833
[2023-06-23T20:10:09Z INFO  dt_instance] received at 2023-06-23 20:10:09.770267477 UTC - from mc-9->source-9 "933" 20:10:09.768912032
[2023-06-23T20:10:12Z INFO  dt_instance] received at 2023-06-23 20:10:12.295687687 UTC - from mc-9->source-7 "943" 20:10:12.271865591
[2023-06-23T20:10:14Z INFO  dt_instance] received at 2023-06-23 20:10:14.792169488 UTC - from mc-9->source-7 "948" 20:10:14.777829694
[2023-06-23T20:10:17Z INFO  dt_instance] received at 2023-06-23 20:10:17.298688089 UTC - from mc-9->source-7 "953" 20:10:17.283406119
[2023-06-23T20:10:19Z INFO  dt_instance] received at 2023-06-23 20:10:19.793319502 UTC - from mc-9->source-7 "958" 20:10:19.789859815
[2023-06-23T20:10:22Z INFO  dt_instance] received at 2023-06-23 20:10:22.296656662 UTC - from mc-9->source-7 "963" 20:10:22.294909968
[2023-06-23T20:10:24Z INFO  dt_instance] received at 2023-06-23 20:10:24.818642858 UTC - from mc-9->source-7 "968" 20:10:24.800711193
[2023-06-23T20:10:27Z INFO  dt_instance] received at 2023-06-23 20:10:27.308419718 UTC - from mc-9->source-7 "973" 20:10:27.304922732
[2023-06-23T20:10:29Z INFO  dt_instance] received at 2023-06-23 20:10:29.815449809 UTC - from mc-9->source-7 "978" 20:10:29.811396921
[2023-06-23T20:10:32Z INFO  dt_instance] received at 2023-06-23 20:10:32.561714002 UTC - from mc-9->source-6 "986" 20:10:32.556334768
[2023-06-23T20:10:35Z INFO  dt_instance] received at 2023-06-23 20:10:35.806022302 UTC - from mc-9->source-5 "995" 20:10:35.805164415
[2023-06-23T20:10:42Z INFO  dt_instance] received at 2023-06-23 20:10:42.843978703 UTC - from mc-9->source-9 "999" 20:10:42.842617972
