[2023-06-23T19:53:54Z INFO  dt_instance] Current Twin: mc-twin-12
[2023-06-23T19:53:54Z INFO  dt_instance] Replica Name twin-mc-stateful-12
[2023-06-23T19:53:54Z INFO  dt_instance] Sleeping for 600
[2023-06-23T20:03:54Z INFO  dt_instance] Connecting to broker at emqx.dtwins:1883
[2023-06-23T20:03:54Z INFO  dt_instance] Loggin info each 50 messages
[2023-06-23T20:03:54Z INFO  dt_instance] Set max packet size to 60000 KB.
[2023-06-23T20:03:54Z INFO  dt_instance] Refreshing topics for twin - Listen to mc-12/#
[2023-06-23T20:03:54Z INFO  dt_instance] SubAck { pkid: 1, return_codes: [Success(ExactlyOnce)] }
[2023-06-23T20:04:59Z INFO  dt_instance] received at 2023-06-23 20:04:59.967320719 UTC - from mc-12->source-2 "9" 20:04:59.966108961
[2023-06-23T20:05:03Z INFO  dt_instance] received at 2023-06-23 20:05:03.222995976 UTC - from mc-12->source-3 "13" 20:05:03.221223562
[2023-06-23T20:05:05Z INFO  dt_instance] received at 2023-06-23 20:05:05.733470362 UTC - from mc-12->source-1 "23" 20:05:05.732679599
[2023-06-23T20:05:08Z INFO  dt_instance] received at 2023-06-23 20:05:08.240556742 UTC - from mc-12->source-1 "28" 20:05:08.239052524
[2023-06-23T20:05:10Z INFO  dt_instance] received at 2023-06-23 20:05:10.745726520 UTC - from mc-12->source-1 "33" 20:05:10.744785451
[2023-06-23T20:05:13Z INFO  dt_instance] received at 2023-06-23 20:05:13.251368025 UTC - from mc-12->source-1 "38" 20:05:13.250451302
[2023-06-23T20:05:15Z INFO  dt_instance] received at 2023-06-23 20:05:15.758002453 UTC - from mc-12->source-1 "43" 20:05:15.755974495
[2023-06-23T20:05:18Z INFO  dt_instance] received at 2023-06-23 20:05:18.264182583 UTC - from mc-12->source-1 "48" 20:05:18.261786828
[2023-06-23T20:05:20Z INFO  dt_instance] received at 2023-06-23 20:05:20.770975479 UTC - from mc-12->source-1 "53" 20:05:20.769201960
[2023-06-23T20:05:23Z INFO  dt_instance] received at 2023-06-23 20:05:23.276790064 UTC - from mc-12->source-1 "58" 20:05:23.273725560
[2023-06-23T20:05:25Z INFO  dt_instance] received at 2023-06-23 20:05:25.780834360 UTC - from mc-12->source-1 "63" 20:05:25.779302520
[2023-06-23T20:05:28Z INFO  dt_instance] received at 2023-06-23 20:05:28.287182713 UTC - from mc-12->source-1 "68" 20:05:28.284685454
[2023-06-23T20:05:30Z INFO  dt_instance] received at 2023-06-23 20:05:30.791919589 UTC - from mc-12->source-1 "73" 20:05:30.790438984
[2023-06-23T20:05:33Z INFO  dt_instance] received at 2023-06-23 20:05:33.298113051 UTC - from mc-12->source-1 "78" 20:05:33.296049884
[2023-06-23T20:05:35Z INFO  dt_instance] received at 2023-06-23 20:05:35.802461792 UTC - from mc-12->source-1 "83" 20:05:35.801671569
[2023-06-23T20:05:38Z INFO  dt_instance] received at 2023-06-23 20:05:38.308734386 UTC - from mc-12->source-1 "88" 20:05:38.307793944
[2023-06-23T20:05:40Z INFO  dt_instance] received at 2023-06-23 20:05:40.813830297 UTC - from mc-12->source-1 "93" 20:05:40.812953816
[2023-06-23T20:05:43Z INFO  dt_instance] received at 2023-06-23 20:05:43.319936731 UTC - from mc-12->source-1 "98" 20:05:43.318982926
[2023-06-23T20:05:45Z INFO  dt_instance] received at 2023-06-23 20:05:45.826607698 UTC - from mc-12->source-1 "103" 20:05:45.825483807
[2023-06-23T20:05:48Z INFO  dt_instance] received at 2023-06-23 20:05:48.336888029 UTC - from mc-12->source-1 "108" 20:05:48.331483703
[2023-06-23T20:05:50Z INFO  dt_instance] received at 2023-06-23 20:05:50.837576750 UTC - from mc-12->source-1 "113" 20:05:50.836544658
[2023-06-23T20:05:53Z INFO  dt_instance] received at 2023-06-23 20:05:53.343041648 UTC - from mc-12->source-1 "118" 20:05:53.341795496
[2023-06-23T20:05:55Z INFO  dt_instance] received at 2023-06-23 20:05:55.849164211 UTC - from mc-12->source-1 "123" 20:05:55.847881337
[2023-06-23T20:05:58Z INFO  dt_instance] received at 2023-06-23 20:05:58.356777927 UTC - from mc-12->source-1 "128" 20:05:58.353155216
[2023-06-23T20:06:00Z INFO  dt_instance] received at 2023-06-23 20:06:00.869660680 UTC - from mc-12->source-7 "118" 20:06:00.841895096
[2023-06-23T20:06:03Z INFO  dt_instance] received at 2023-06-23 20:06:03.363941935 UTC - from mc-12->source-1 "138" 20:06:03.362929199
[2023-06-23T20:06:05Z INFO  dt_instance] received at 2023-06-23 20:06:05.869165438 UTC - from mc-12->source-1 "143" 20:06:05.867955262
[2023-06-23T20:06:08Z INFO  dt_instance] received at 2023-06-23 20:06:08.376157057 UTC - from mc-12->source-1 "148" 20:06:08.374714108
[2023-06-23T20:06:10Z INFO  dt_instance] received at 2023-06-23 20:06:10.883576397 UTC - from mc-12->source-1 "153" 20:06:10.881802774
[2023-06-23T20:06:13Z INFO  dt_instance] received at 2023-06-23 20:06:13.406027284 UTC - from mc-12->source-7 "143" 20:06:13.370234565
[2023-06-23T20:06:15Z INFO  dt_instance] received at 2023-06-23 20:06:15.902449842 UTC - from mc-12->source-3 "158" 20:06:15.898201894
[2023-06-23T20:06:18Z INFO  dt_instance] received at 2023-06-23 20:06:18.404991954 UTC - from mc-12->source-5 "158" 20:06:18.403525841
[2023-06-23T20:06:20Z INFO  dt_instance] received at 2023-06-23 20:06:20.911101406 UTC - from mc-12->source-5 "163" 20:06:20.909848475
[2023-06-23T20:06:23Z INFO  dt_instance] received at 2023-06-23 20:06:23.419930837 UTC - from mc-12->source-5 "168" 20:06:23.415678861
[2023-06-23T20:06:25Z INFO  dt_instance] received at 2023-06-23 20:06:25.922704360 UTC - from mc-12->source-5 "173" 20:06:25.921223638
[2023-06-23T20:06:28Z INFO  dt_instance] received at 2023-06-23 20:06:28.430628815 UTC - from mc-12->source-5 "178" 20:06:28.427392041
[2023-06-23T20:06:30Z INFO  dt_instance] received at 2023-06-23 20:06:30.936031897 UTC - from mc-12->source-5 "183" 20:06:30.933635730
[2023-06-23T20:06:33Z INFO  dt_instance] received at 2023-06-23 20:06:33.439480304 UTC - from mc-12->source-5 "188" 20:06:33.438348482
[2023-06-23T20:06:35Z INFO  dt_instance] received at 2023-06-23 20:06:35.947273251 UTC - from mc-12->source-5 "193" 20:06:35.946118088
[2023-06-23T20:06:38Z INFO  dt_instance] received at 2023-06-23 20:06:38.452317776 UTC - from mc-12->source-5 "198" 20:06:38.450886982
[2023-06-23T20:06:40Z INFO  dt_instance] received at 2023-06-23 20:06:40.959003117 UTC - from mc-12->source-5 "203" 20:06:40.957198776
[2023-06-23T20:06:43Z INFO  dt_instance] received at 2023-06-23 20:06:43.468335228 UTC - from mc-12->source-5 "208" 20:06:43.464616274
[2023-06-23T20:06:45Z INFO  dt_instance] received at 2023-06-23 20:06:45.977266090 UTC - from mc-12->source-5 "213" 20:06:45.969931721
[2023-06-23T20:06:48Z INFO  dt_instance] received at 2023-06-23 20:06:48.494678218 UTC - from mc-12->source-7 "213" 20:06:48.454090571
[2023-06-23T20:06:51Z INFO  dt_instance] received at 2023-06-23 20:06:51.005996566 UTC - from mc-12->source-5 "223" 20:06:50.981461769
[2023-06-23T20:06:53Z INFO  dt_instance] received at 2023-06-23 20:06:53.489189162 UTC - from mc-12->source-5 "228" 20:06:53.485926190
[2023-06-23T20:06:55Z INFO  dt_instance] received at 2023-06-23 20:06:55.993653616 UTC - from mc-12->source-5 "233" 20:06:55.991333305
[2023-06-23T20:06:58Z INFO  dt_instance] received at 2023-06-23 20:06:58.502290360 UTC - from mc-12->source-5 "238" 20:06:58.496355892
[2023-06-23T20:07:01Z INFO  dt_instance] received at 2023-06-23 20:07:01.006205492 UTC - from mc-12->source-3 "248" 20:07:01.002221178
[2023-06-23T20:07:03Z INFO  dt_instance] received at 2023-06-23 20:07:03.508832003 UTC - from mc-12->source-5 "248" 20:07:03.507840059
[2023-06-23T20:07:06Z INFO  dt_instance] received at 2023-06-23 20:07:06.015928971 UTC - from mc-12->source-3 "258" 20:07:06.013570128
[2023-06-23T20:07:08Z INFO  dt_instance] received at 2023-06-23 20:07:08.521983142 UTC - from mc-12->source-5 "258" 20:07:08.518779078
[2023-06-23T20:07:11Z INFO  dt_instance] received at 2023-06-23 20:07:11.029406421 UTC - from mc-12->source-3 "268" 20:07:11.027790880
[2023-06-23T20:07:13Z INFO  dt_instance] received at 2023-06-23 20:07:13.537228079 UTC - from mc-12->source-5 "268" 20:07:13.533965612
[2023-06-23T20:07:16Z INFO  dt_instance] received at 2023-06-23 20:07:16.043034043 UTC - from mc-12->source-5 "273" 20:07:16.038733601
[2023-06-23T20:07:18Z INFO  dt_instance] received at 2023-06-23 20:07:18.553565948 UTC - from mc-12->source-3 "283" 20:07:18.546714654
[2023-06-23T20:07:21Z INFO  dt_instance] received at 2023-06-23 20:07:21.055422166 UTC - from mc-12->source-3 "288" 20:07:21.053811371
[2023-06-23T20:07:23Z INFO  dt_instance] received at 2023-06-23 20:07:23.562752388 UTC - from mc-12->source-3 "293" 20:07:23.561760423
[2023-06-23T20:07:26Z INFO  dt_instance] received at 2023-06-23 20:07:26.067941733 UTC - from mc-12->source-3 "298" 20:07:26.066683219
[2023-06-23T20:07:28Z INFO  dt_instance] received at 2023-06-23 20:07:28.576881180 UTC - from mc-12->source-3 "303" 20:07:28.573646360
[2023-06-23T20:07:31Z INFO  dt_instance] received at 2023-06-23 20:07:31.082070254 UTC - from mc-12->source-7 "298" 20:07:31.064869013
[2023-06-23T20:07:33Z INFO  dt_instance] received at 2023-06-23 20:07:33.586242976 UTC - from mc-12->source-3 "313" 20:07:33.585519579
[2023-06-23T20:07:36Z INFO  dt_instance] received at 2023-06-23 20:07:36.092610139 UTC - from mc-12->source-3 "318" 20:07:36.090331197
[2023-06-23T20:07:38Z INFO  dt_instance] received at 2023-06-23 20:07:38.596470286 UTC - from mc-12->source-3 "323" 20:07:38.594981161
[2023-06-23T20:07:41Z INFO  dt_instance] received at 2023-06-23 20:07:41.100713466 UTC - from mc-12->source-3 "328" 20:07:41.099728554
[2023-06-23T20:07:43Z INFO  dt_instance] received at 2023-06-23 20:07:43.607328537 UTC - from mc-12->source-3 "333" 20:07:43.605954805
[2023-06-23T20:07:46Z INFO  dt_instance] received at 2023-06-23 20:07:46.113664345 UTC - from mc-12->source-3 "338" 20:07:46.112082497
[2023-06-23T20:07:48Z INFO  dt_instance] received at 2023-06-23 20:07:48.621456831 UTC - from mc-12->source-3 "343" 20:07:48.618915054
[2023-06-23T20:07:51Z INFO  dt_instance] received at 2023-06-23 20:07:51.125603722 UTC - from mc-12->source-3 "348" 20:07:51.124541221
[2023-06-23T20:07:53Z INFO  dt_instance] received at 2023-06-23 20:07:53.632615732 UTC - from mc-12->source-3 "353" 20:07:53.630695392
[2023-06-23T20:07:56Z INFO  dt_instance] received at 2023-06-23 20:07:56.143889703 UTC - from mc-12->source-3 "358" 20:07:56.136179807
[2023-06-23T20:07:58Z INFO  dt_instance] received at 2023-06-23 20:07:58.659864667 UTC - from mc-12->source-3 "363" 20:07:58.642159679
[2023-06-23T20:08:01Z INFO  dt_instance] received at 2023-06-23 20:08:01.154795852 UTC - from mc-12->source-3 "368" 20:08:01.148738568
[2023-06-23T20:08:03Z INFO  dt_instance] received at 2023-06-23 20:08:03.656185198 UTC - from mc-12->source-3 "373" 20:08:03.654908735
[2023-06-23T20:08:06Z INFO  dt_instance] received at 2023-06-23 20:08:06.161299978 UTC - from mc-12->source-3 "378" 20:08:06.160535789
[2023-06-23T20:08:08Z INFO  dt_instance] received at 2023-06-23 20:08:08.666879050 UTC - from mc-12->source-3 "383" 20:08:08.665345056
[2023-06-23T20:08:11Z INFO  dt_instance] received at 2023-06-23 20:08:11.173581827 UTC - from mc-12->source-3 "388" 20:08:11.170755820
[2023-06-23T20:08:13Z INFO  dt_instance] received at 2023-06-23 20:08:13.685504830 UTC - from mc-12->source-3 "393" 20:08:13.676711780
[2023-06-23T20:08:16Z INFO  dt_instance] received at 2023-06-23 20:08:16.187169102 UTC - from mc-12->source-5 "393" 20:08:16.186217516
[2023-06-23T20:08:18Z INFO  dt_instance] received at 2023-06-23 20:08:18.694343126 UTC - from mc-12->source-9 "388" 20:08:18.692631897
[2023-06-23T20:08:21Z INFO  dt_instance] received at 2023-06-23 20:08:21.200319096 UTC - from mc-12->source-9 "393" 20:08:21.198220847
[2023-06-23T20:08:23Z INFO  dt_instance] received at 2023-06-23 20:08:23.704219243 UTC - from mc-12->source-5 "408" 20:08:23.702787678
[2023-06-23T20:08:26Z INFO  dt_instance] received at 2023-06-23 20:08:26.213272449 UTC - from mc-12->source-5 "413" 20:08:26.211927663
[2023-06-23T20:08:28Z INFO  dt_instance] received at 2023-06-23 20:08:28.723467482 UTC - from mc-12->source-5 "418" 20:08:28.718120310
[2023-06-23T20:08:31Z INFO  dt_instance] received at 2023-06-23 20:08:31.224714370 UTC - from mc-12->source-1 "433" 20:08:31.223765042
[2023-06-23T20:08:33Z INFO  dt_instance] received at 2023-06-23 20:08:33.734463118 UTC - from mc-12->source-1 "438" 20:08:33.729637199
[2023-06-23T20:08:36Z INFO  dt_instance] received at 2023-06-23 20:08:36.236439016 UTC - from mc-12->source-5 "433" 20:08:36.234788017
[2023-06-23T20:08:38Z INFO  dt_instance] received at 2023-06-23 20:08:38.743678911 UTC - from mc-12->source-5 "438" 20:08:38.741969620
[2023-06-23T20:08:41Z INFO  dt_instance] received at 2023-06-23 20:08:41.248265483 UTC - from mc-12->source-1 "453" 20:08:41.247013953
[2023-06-23T20:08:43Z INFO  dt_instance] received at 2023-06-23 20:08:43.755649910 UTC - from mc-12->source-1 "458" 20:08:43.753080344
[2023-06-23T20:08:46Z INFO  dt_instance] received at 2023-06-23 20:08:46.264216018 UTC - from mc-12->source-5 "453" 20:08:46.261365093
[2023-06-23T20:08:48Z INFO  dt_instance] received at 2023-06-23 20:08:48.769717847 UTC - from mc-12->source-5 "458" 20:08:48.768534078
[2023-06-23T20:08:51Z INFO  dt_instance] received at 2023-06-23 20:08:51.274447922 UTC - from mc-12->source-5 "463" 20:08:51.272892635
[2023-06-23T20:08:53Z INFO  dt_instance] received at 2023-06-23 20:08:53.780797328 UTC - from mc-12->source-5 "468" 20:08:53.779212877
[2023-06-23T20:08:56Z INFO  dt_instance] received at 2023-06-23 20:08:56.294215060 UTC - from mc-12->source-5 "473" 20:08:56.285823264
[2023-06-23T20:08:58Z INFO  dt_instance] received at 2023-06-23 20:08:58.796014092 UTC - from mc-12->source-5 "478" 20:08:58.791273453
[2023-06-23T20:09:01Z INFO  dt_instance] received at 2023-06-23 20:09:01.298399091 UTC - from mc-12->source-1 "493" 20:09:01.297134974
[2023-06-23T20:09:03Z INFO  dt_instance] received at 2023-06-23 20:09:03.804641887 UTC - from mc-12->source-1 "498" 20:09:03.803697997
[2023-06-23T20:09:06Z INFO  dt_instance] received at 2023-06-23 20:09:06.313304863 UTC - from mc-12->source-1 "503" 20:09:06.310918540
[2023-06-23T20:09:08Z INFO  dt_instance] received at 2023-06-23 20:09:08.816857713 UTC - from mc-12->source-5 "498" 20:09:08.815993633
[2023-06-23T20:09:11Z INFO  dt_instance] received at 2023-06-23 20:09:11.326046756 UTC - from mc-12->source-5 "503" 20:09:11.323851995
[2023-06-23T20:09:13Z INFO  dt_instance] received at 2023-06-23 20:09:13.830796119 UTC - from mc-12->source-1 "518" 20:09:13.829486370
[2023-06-23T20:09:16Z INFO  dt_instance] received at 2023-06-23 20:09:16.336891108 UTC - from mc-12->source-1 "523" 20:09:16.335637913
[2023-06-23T20:09:18Z INFO  dt_instance] received at 2023-06-23 20:09:18.840981455 UTC - from mc-12->source-1 "528" 20:09:18.840015863
[2023-06-23T20:09:21Z INFO  dt_instance] received at 2023-06-23 20:09:21.347843344 UTC - from mc-12->source-5 "523" 20:09:21.346617626
[2023-06-23T20:09:23Z INFO  dt_instance] received at 2023-06-23 20:09:23.852948447 UTC - from mc-12->source-1 "538" 20:09:23.851732584
[2023-06-23T20:09:26Z INFO  dt_instance] received at 2023-06-23 20:09:26.362799340 UTC - from mc-12->source-1 "543" 20:09:26.357799740
[2023-06-23T20:09:28Z INFO  dt_instance] received at 2023-06-23 20:09:28.866868411 UTC - from mc-12->source-5 "538" 20:09:28.864299319
[2023-06-23T20:09:31Z INFO  dt_instance] received at 2023-06-23 20:09:31.374005494 UTC - from mc-12->source-5 "543" 20:09:31.371841472
[2023-06-23T20:09:33Z INFO  dt_instance] received at 2023-06-23 20:09:33.883793005 UTC - from mc-12->source-5 "548" 20:09:33.877639509
[2023-06-23T20:09:36Z INFO  dt_instance] received at 2023-06-23 20:09:36.387466535 UTC - from mc-12->source-5 "553" 20:09:36.383912505
[2023-06-23T20:09:38Z INFO  dt_instance] received at 2023-06-23 20:09:38.891268102 UTC - from mc-12->source-5 "558" 20:09:38.888971036
[2023-06-23T20:09:41Z INFO  dt_instance] received at 2023-06-23 20:09:41.396749554 UTC - from mc-12->source-5 "563" 20:09:41.394004160
[2023-06-23T20:09:43Z INFO  dt_instance] received at 2023-06-23 20:09:43.904185898 UTC - from mc-12->source-5 "568" 20:09:43.903141838
[2023-06-23T20:09:46Z INFO  dt_instance] received at 2023-06-23 20:09:46.412789071 UTC - from mc-12->source-5 "573" 20:09:46.410665157
[2023-06-23T20:09:48Z INFO  dt_instance] received at 2023-06-23 20:09:48.920372315 UTC - from mc-12->source-5 "578" 20:09:48.916957359
[2023-06-23T20:09:51Z INFO  dt_instance] received at 2023-06-23 20:09:51.424674979 UTC - from mc-12->source-5 "583" 20:09:51.422098942
[2023-06-23T20:09:53Z INFO  dt_instance] received at 2023-06-23 20:09:53.931922502 UTC - from mc-12->source-5 "588" 20:09:53.929495068
[2023-06-23T20:09:56Z INFO  dt_instance] received at 2023-06-23 20:09:56.437194830 UTC - from mc-12->source-5 "593" 20:09:56.434870336
[2023-06-23T20:09:58Z INFO  dt_instance] received at 2023-06-23 20:09:58.941630809 UTC - from mc-12->source-5 "598" 20:09:58.940725898
[2023-06-23T20:10:01Z INFO  dt_instance] received at 2023-06-23 20:10:01.450209385 UTC - from mc-12->source-5 "603" 20:10:01.449012858
[2023-06-23T20:10:03Z INFO  dt_instance] received at 2023-06-23 20:10:03.957393933 UTC - from mc-12->source-5 "608" 20:10:03.953719316
[2023-06-23T20:10:06Z INFO  dt_instance] received at 2023-06-23 20:10:06.462762848 UTC - from mc-12->source-5 "613" 20:10:06.458847346
[2023-06-23T20:10:08Z INFO  dt_instance] received at 2023-06-23 20:10:08.967306890 UTC - from mc-12->source-5 "618" 20:10:08.965882578
[2023-06-23T20:10:11Z INFO  dt_instance] received at 2023-06-23 20:10:11.475182883 UTC - from mc-12->source-5 "623" 20:10:11.472533539
[2023-06-23T20:10:13Z INFO  dt_instance] received at 2023-06-23 20:10:13.978775273 UTC - from mc-12->source-5 "628" 20:10:13.977648373
[2023-06-23T20:10:16Z INFO  dt_instance] received at 2023-06-23 20:10:16.490422101 UTC - from mc-12->source-5 "633" 20:10:16.484638149
[2023-06-23T20:10:18Z INFO  dt_instance] received at 2023-06-23 20:10:18.998022777 UTC - from mc-12->source-5 "638" 20:10:18.990539202
[2023-06-23T20:10:21Z INFO  dt_instance] received at 2023-06-23 20:10:21.496866318 UTC - from mc-12->source-5 "643" 20:10:21.496027656
[2023-06-23T20:10:24Z INFO  dt_instance] received at 2023-06-23 20:10:24.004892032 UTC - from mc-12->source-5 "648" 20:10:24.003416742
[2023-06-23T20:10:26Z INFO  dt_instance] received at 2023-06-23 20:10:26.514639796 UTC - from mc-12->source-5 "653" 20:10:26.509115014
[2023-06-23T20:10:29Z INFO  dt_instance] received at 2023-06-23 20:10:29.023660756 UTC - from mc-12->source-5 "658" 20:10:29.015170928
[2023-06-23T20:10:31Z INFO  dt_instance] received at 2023-06-23 20:10:31.522341339 UTC - from mc-12->source-5 "663" 20:10:31.519969145
[2023-06-23T20:10:34Z INFO  dt_instance] received at 2023-06-23 20:10:34.028235483 UTC - from mc-12->source-5 "668" 20:10:34.024845645
[2023-06-23T20:10:36Z INFO  dt_instance] received at 2023-06-23 20:10:36.532117649 UTC - from mc-12->source-5 "673" 20:10:36.529752202
[2023-06-23T20:10:39Z INFO  dt_instance] received at 2023-06-23 20:10:39.039496766 UTC - from mc-12->source-5 "678" 20:10:39.035218192
[2023-06-23T20:10:41Z INFO  dt_instance] received at 2023-06-23 20:10:41.545291578 UTC - from mc-12->source-5 "683" 20:10:41.540520358
[2023-06-23T20:10:44Z INFO  dt_instance] received at 2023-06-23 20:10:44.048499579 UTC - from mc-12->source-9 "678" 20:10:44.047244537
[2023-06-23T20:10:46Z INFO  dt_instance] received at 2023-06-23 20:10:46.558120116 UTC - from mc-12->source-1 "703" 20:10:46.552700960
[2023-06-23T20:10:49Z INFO  dt_instance] received at 2023-06-23 20:10:49.061385518 UTC - from mc-12->source-9 "688" 20:10:49.059692485
[2023-06-23T20:10:51Z INFO  dt_instance] received at 2023-06-23 20:10:51.567982815 UTC - from mc-12->source-9 "693" 20:10:51.566196498
[2023-06-23T20:10:54Z INFO  dt_instance] received at 2023-06-23 20:10:54.073933131 UTC - from mc-12->source-1 "718" 20:10:54.071704529
[2023-06-23T20:10:56Z INFO  dt_instance] received at 2023-06-23 20:10:56.582001071 UTC - from mc-12->source-5 "713" 20:10:56.580326172
[2023-06-23T20:10:59Z INFO  dt_instance] received at 2023-06-23 20:10:59.089166811 UTC - from mc-12->source-9 "708" 20:10:59.086875977
[2023-06-23T20:11:01Z INFO  dt_instance] received at 2023-06-23 20:11:01.604791191 UTC - from mc-12->source-3 "728" 20:11:01.594683504
[2023-06-23T20:11:04Z INFO  dt_instance] received at 2023-06-23 20:11:04.102359553 UTC - from mc-12->source-3 "733" 20:11:04.101011145
[2023-06-23T20:11:06Z INFO  dt_instance] received at 2023-06-23 20:11:06.609895018 UTC - from mc-12->source-3 "738" 20:11:06.608625481
[2023-06-23T20:11:09Z INFO  dt_instance] received at 2023-06-23 20:11:09.117366628 UTC - from mc-12->source-1 "748" 20:11:09.115489556
[2023-06-23T20:11:11Z INFO  dt_instance] received at 2023-06-23 20:11:11.626337251 UTC - from mc-12->source-3 "748" 20:11:11.622315798
[2023-06-23T20:11:14Z INFO  dt_instance] received at 2023-06-23 20:11:14.129801825 UTC - from mc-12->source-9 "738" 20:11:14.128302961
[2023-06-23T20:11:16Z INFO  dt_instance] received at 2023-06-23 20:11:16.641637948 UTC - from mc-12->source-9 "743" 20:11:16.636093332
[2023-06-23T20:11:19Z INFO  dt_instance] received at 2023-06-23 20:11:19.143903627 UTC - from mc-12->source-1 "768" 20:11:19.142009305
[2023-06-23T20:11:21Z INFO  dt_instance] received at 2023-06-23 20:11:21.652074490 UTC - from mc-12->source-9 "753" 20:11:21.650862211
[2023-06-23T20:11:24Z INFO  dt_instance] received at 2023-06-23 20:11:24.164655169 UTC - from mc-12->source-9 "758" 20:11:24.155926545
[2023-06-23T20:11:26Z INFO  dt_instance] received at 2023-06-23 20:11:26.672877096 UTC - from mc-12->source-9 "763" 20:11:26.671720465
[2023-06-23T20:11:29Z INFO  dt_instance] received at 2023-06-23 20:11:29.178624346 UTC - from mc-12->source-9 "768" 20:11:29.177833427
[2023-06-23T20:11:31Z INFO  dt_instance] received at 2023-06-23 20:11:31.684524995 UTC - from mc-12->source-9 "773" 20:11:31.683253429
[2023-06-23T20:11:34Z INFO  dt_instance] received at 2023-06-23 20:11:34.191151119 UTC - from mc-12->source-9 "778" 20:11:34.188460151
[2023-06-23T20:11:36Z INFO  dt_instance] received at 2023-06-23 20:11:36.695077514 UTC - from mc-12->source-9 "783" 20:11:36.694283114
[2023-06-23T20:11:39Z INFO  dt_instance] received at 2023-06-23 20:11:39.199744581 UTC - from mc-12->source-9 "788" 20:11:39.199004034
[2023-06-23T20:11:41Z INFO  dt_instance] received at 2023-06-23 20:11:41.707865555 UTC - from mc-12->source-9 "793" 20:11:41.706696592
[2023-06-23T20:11:44Z INFO  dt_instance] received at 2023-06-23 20:11:44.212857564 UTC - from mc-12->source-9 "798" 20:11:44.211866189
[2023-06-23T20:11:46Z INFO  dt_instance] received at 2023-06-23 20:11:46.720317521 UTC - from mc-12->source-9 "803" 20:11:46.718327452
[2023-06-23T20:11:49Z INFO  dt_instance] received at 2023-06-23 20:11:49.225575467 UTC - from mc-12->source-9 "808" 20:11:49.224706067
[2023-06-23T20:11:51Z INFO  dt_instance] received at 2023-06-23 20:11:51.732746756 UTC - from mc-12->source-9 "813" 20:11:51.730327086
[2023-06-23T20:11:54Z INFO  dt_instance] received at 2023-06-23 20:11:54.243542713 UTC - from mc-12->source-9 "818" 20:11:54.235491578
[2023-06-23T20:11:56Z INFO  dt_instance] received at 2023-06-23 20:11:56.742613385 UTC - from mc-12->source-9 "823" 20:11:56.741733344
[2023-06-23T20:11:59Z INFO  dt_instance] received at 2023-06-23 20:11:59.249337533 UTC - from mc-12->source-9 "828" 20:11:59.248137304
[2023-06-23T20:12:01Z INFO  dt_instance] received at 2023-06-23 20:12:01.754210057 UTC - from mc-12->source-9 "833" 20:12:01.753018962
[2023-06-23T20:12:04Z INFO  dt_instance] received at 2023-06-23 20:12:04.261291871 UTC - from mc-12->source-9 "838" 20:12:04.258874078
[2023-06-23T20:12:06Z INFO  dt_instance] received at 2023-06-23 20:12:06.764983562 UTC - from mc-12->source-9 "843" 20:12:06.763890286
[2023-06-23T20:12:09Z INFO  dt_instance] received at 2023-06-23 20:12:09.270625482 UTC - from mc-12->source-9 "848" 20:12:09.269459968
[2023-06-23T20:12:11Z INFO  dt_instance] received at 2023-06-23 20:12:11.777182337 UTC - from mc-12->source-9 "853" 20:12:11.775361810
[2023-06-23T20:12:14Z INFO  dt_instance] received at 2023-06-23 20:12:14.282122165 UTC - from mc-12->source-9 "858" 20:12:14.280872815
[2023-06-23T20:12:16Z INFO  dt_instance] received at 2023-06-23 20:12:16.787398595 UTC - from mc-12->source-9 "863" 20:12:16.786452837
[2023-06-23T20:12:19Z INFO  dt_instance] received at 2023-06-23 20:12:19.296892757 UTC - from mc-12->source-1 "888" 20:12:19.294529335
[2023-06-23T20:12:21Z INFO  dt_instance] received at 2023-06-23 20:12:21.804005077 UTC - from mc-12->source-1 "893" 20:12:21.801993796
[2023-06-23T20:12:24Z INFO  dt_instance] received at 2023-06-23 20:12:24.310750694 UTC - from mc-12->source-1 "898" 20:12:24.309186998
[2023-06-23T20:12:26Z INFO  dt_instance] received at 2023-06-23 20:12:26.816710956 UTC - from mc-12->source-9 "883" 20:12:26.815704518
[2023-06-23T20:12:29Z INFO  dt_instance] received at 2023-06-23 20:12:29.323974624 UTC - from mc-12->source-1 "908" 20:12:29.322771464
[2023-06-23T20:12:31Z INFO  dt_instance] received at 2023-06-23 20:12:31.830449048 UTC - from mc-12->source-1 "913" 20:12:31.829145617
[2023-06-23T20:12:34Z INFO  dt_instance] received at 2023-06-23 20:12:34.334692294 UTC - from mc-12->source-1 "918" 20:12:34.333695460
[2023-06-23T20:12:36Z INFO  dt_instance] received at 2023-06-23 20:12:36.843618280 UTC - from mc-12->source-1 "923" 20:12:36.840378529
[2023-06-23T20:12:39Z INFO  dt_instance] received at 2023-06-23 20:12:39.348766917 UTC - from mc-12->source-1 "928" 20:12:39.346231378
[2023-06-23T20:12:41Z INFO  dt_instance] received at 2023-06-23 20:12:41.852761779 UTC - from mc-12->source-1 "933" 20:12:41.851742550
[2023-06-23T20:12:44Z INFO  dt_instance] received at 2023-06-23 20:12:44.359912544 UTC - from mc-12->source-1 "938" 20:12:44.358844467
[2023-06-23T20:12:46Z INFO  dt_instance] received at 2023-06-23 20:12:46.864577041 UTC - from mc-12->source-1 "943" 20:12:46.863679085
[2023-06-23T20:12:49Z INFO  dt_instance] received at 2023-06-23 20:12:49.371514674 UTC - from mc-12->source-1 "948" 20:12:49.369837065
[2023-06-23T20:12:51Z INFO  dt_instance] received at 2023-06-23 20:12:51.877809103 UTC - from mc-12->source-9 "933" 20:12:51.874333043
[2023-06-23T20:12:54Z INFO  dt_instance] received at 2023-06-23 20:12:54.381602910 UTC - from mc-12->source-1 "958" 20:12:54.380713867
[2023-06-23T20:12:56Z INFO  dt_instance] received at 2023-06-23 20:12:56.889868284 UTC - from mc-12->source-1 "963" 20:12:56.888566461
[2023-06-23T20:12:59Z INFO  dt_instance] received at 2023-06-23 20:12:59.393958690 UTC - from mc-12->source-1 "968" 20:12:59.392813431
[2023-06-23T20:13:01Z INFO  dt_instance] received at 2023-06-23 20:13:01.900658276 UTC - from mc-12->source-1 "973" 20:13:01.899585974
[2023-06-23T20:13:04Z INFO  dt_instance] received at 2023-06-23 20:13:04.406603532 UTC - from mc-12->source-1 "978" 20:13:04.404906197
[2023-06-23T20:13:06Z INFO  dt_instance] received at 2023-06-23 20:13:06.911479867 UTC - from mc-12->source-1 "983" 20:13:06.910859113
[2023-06-23T20:13:09Z INFO  dt_instance] received at 2023-06-23 20:13:09.418418639 UTC - from mc-12->source-1 "988" 20:13:09.416998479
[2023-06-23T20:13:11Z INFO  dt_instance] received at 2023-06-23 20:13:11.923193462 UTC - from mc-12->source-1 "993" 20:13:11.922293516
[2023-06-23T20:13:14Z INFO  dt_instance] received at 2023-06-23 20:13:14.638889695 UTC - from mc-12->source-8 "981" 20:13:14.636499446
[2023-06-23T20:13:17Z INFO  dt_instance] received at 2023-06-23 20:13:17.886457492 UTC - from mc-12->source-7 "990" 20:13:17.882878067
[2023-06-23T20:13:24Z INFO  dt_instance] received at 2023-06-23 20:13:24.949116463 UTC - from mc-12->source-9 "999" 20:13:24.948301799
