[2023-06-23T19:53:13Z INFO  dt_instance] Current Twin: mc-twin-2
[2023-06-23T19:53:13Z INFO  dt_instance] Replica Name twin-mc-stateful-2
[2023-06-23T19:53:13Z INFO  dt_instance] Sleeping for 100
[2023-06-23T19:54:53Z INFO  dt_instance] Connecting to broker at emqx.dtwins:1883
[2023-06-23T19:54:53Z INFO  dt_instance] Loggin info each 50 messages
[2023-06-23T19:54:53Z INFO  dt_instance] Set max packet size to 60000 KB.
[2023-06-23T19:54:54Z INFO  dt_instance] Refreshing topics for twin - Listen to mc-2/#
[2023-06-23T19:54:54Z INFO  dt_instance] SubAck { pkid: 1, return_codes: [Success(ExactlyOnce)] }
[2023-06-23T19:56:04Z INFO  dt_instance] received at 2023-06-23 19:56:04.355178405 UTC - from mc-2->source-2 "9" 19:56:04.353381715
[2023-06-23T19:56:07Z INFO  dt_instance] received at 2023-06-23 19:56:07.604592762 UTC - from mc-2->source-3 "13" 19:56:07.603439622
[2023-06-23T19:56:10Z INFO  dt_instance] received at 2023-06-23 19:56:10.118420529 UTC - from mc-2->source-1 "23" 19:56:10.117475612
[2023-06-23T19:56:12Z INFO  dt_instance] received at 2023-06-23 19:56:12.624705676 UTC - from mc-2->source-1 "28" 19:56:12.622663462
[2023-06-23T19:56:15Z INFO  dt_instance] received at 2023-06-23 19:56:15.131207512 UTC - from mc-2->source-1 "33" 19:56:15.130157373
[2023-06-23T19:56:17Z INFO  dt_instance] received at 2023-06-23 19:56:17.638740644 UTC - from mc-2->source-1 "38" 19:56:17.637698794
[2023-06-23T19:56:20Z INFO  dt_instance] received at 2023-06-23 19:56:20.143561727 UTC - from mc-2->source-1 "43" 19:56:20.142266567
[2023-06-23T19:56:22Z INFO  dt_instance] received at 2023-06-23 19:56:22.649503872 UTC - from mc-2->source-1 "48" 19:56:22.648652769
[2023-06-23T19:56:25Z INFO  dt_instance] received at 2023-06-23 19:56:25.156065693 UTC - from mc-2->source-1 "53" 19:56:25.154933929
[2023-06-23T19:56:27Z INFO  dt_instance] received at 2023-06-23 19:56:27.661809319 UTC - from mc-2->source-1 "58" 19:56:27.660632170
[2023-06-23T19:56:30Z INFO  dt_instance] received at 2023-06-23 19:56:30.167001744 UTC - from mc-2->source-1 "63" 19:56:30.166154118
[2023-06-23T19:56:32Z INFO  dt_instance] received at 2023-06-23 19:56:32.674867689 UTC - from mc-2->source-1 "68" 19:56:32.673878737
[2023-06-23T19:56:35Z INFO  dt_instance] received at 2023-06-23 19:56:35.179566888 UTC - from mc-2->source-1 "73" 19:56:35.178586258
[2023-06-23T19:56:37Z INFO  dt_instance] received at 2023-06-23 19:56:37.685967081 UTC - from mc-2->source-1 "78" 19:56:37.684890114
[2023-06-23T19:56:40Z INFO  dt_instance] received at 2023-06-23 19:56:40.190316244 UTC - from mc-2->source-1 "83" 19:56:40.189444404
[2023-06-23T19:56:42Z INFO  dt_instance] received at 2023-06-23 19:56:42.696258792 UTC - from mc-2->source-1 "88" 19:56:42.695217598
[2023-06-23T19:56:45Z INFO  dt_instance] received at 2023-06-23 19:56:45.202597237 UTC - from mc-2->source-1 "93" 19:56:45.201567964
[2023-06-23T19:56:47Z INFO  dt_instance] received at 2023-06-23 19:56:47.707227030 UTC - from mc-2->source-1 "98" 19:56:47.706250393
[2023-06-23T19:56:50Z INFO  dt_instance] received at 2023-06-23 19:56:50.213503560 UTC - from mc-2->source-1 "103" 19:56:50.212242403
[2023-06-23T19:56:52Z INFO  dt_instance] received at 2023-06-23 19:56:52.719086768 UTC - from mc-2->source-1 "108" 19:56:52.718049548
[2023-06-23T19:56:55Z INFO  dt_instance] received at 2023-06-23 19:56:55.223962882 UTC - from mc-2->source-1 "113" 19:56:55.222609285
[2023-06-23T19:56:57Z INFO  dt_instance] received at 2023-06-23 19:56:57.729312050 UTC - from mc-2->source-1 "118" 19:56:57.728084749
[2023-06-23T19:57:00Z INFO  dt_instance] received at 2023-06-23 19:57:00.234910681 UTC - from mc-2->source-1 "123" 19:57:00.233874935
[2023-06-23T19:57:02Z INFO  dt_instance] received at 2023-06-23 19:57:02.739644973 UTC - from mc-2->source-1 "128" 19:57:02.738638018
[2023-06-23T19:57:05Z INFO  dt_instance] received at 2023-06-23 19:57:05.246117111 UTC - from mc-2->source-1 "133" 19:57:05.245073439
[2023-06-23T19:57:07Z INFO  dt_instance] received at 2023-06-23 19:57:07.751230890 UTC - from mc-2->source-1 "138" 19:57:07.749690619
[2023-06-23T19:57:10Z INFO  dt_instance] received at 2023-06-23 19:57:10.255249684 UTC - from mc-2->source-1 "143" 19:57:10.254558929
[2023-06-23T19:57:12Z INFO  dt_instance] received at 2023-06-23 19:57:12.761764196 UTC - from mc-2->source-1 "148" 19:57:12.760634346
[2023-06-23T19:57:15Z INFO  dt_instance] received at 2023-06-23 19:57:15.267731784 UTC - from mc-2->source-1 "153" 19:57:15.266664434
[2023-06-23T19:57:17Z INFO  dt_instance] received at 2023-06-23 19:57:17.772428187 UTC - from mc-2->source-1 "158" 19:57:17.771294732
[2023-06-23T19:57:20Z INFO  dt_instance] received at 2023-06-23 19:57:20.279434850 UTC - from mc-2->source-1 "163" 19:57:20.277747282
[2023-06-23T19:57:22Z INFO  dt_instance] received at 2023-06-23 19:57:22.784196970 UTC - from mc-2->source-1 "168" 19:57:22.782450113
[2023-06-23T19:57:25Z INFO  dt_instance] received at 2023-06-23 19:57:25.288522453 UTC - from mc-2->source-1 "173" 19:57:25.287356186
[2023-06-23T19:57:27Z INFO  dt_instance] received at 2023-06-23 19:57:27.793499040 UTC - from mc-2->source-1 "178" 19:57:27.792284253
[2023-06-23T19:57:30Z INFO  dt_instance] received at 2023-06-23 19:57:30.298444153 UTC - from mc-2->source-3 "178" 19:57:30.297610316
[2023-06-23T19:57:32Z INFO  dt_instance] received at 2023-06-23 19:57:32.805629187 UTC - from mc-2->source-5 "178" 19:57:32.804385123
[2023-06-23T19:57:35Z INFO  dt_instance] received at 2023-06-23 19:57:35.313276179 UTC - from mc-2->source-3 "188" 19:57:35.312301009
[2023-06-23T19:57:37Z INFO  dt_instance] received at 2023-06-23 19:57:37.822579660 UTC - from mc-2->source-1 "198" 19:57:37.821258181
[2023-06-23T19:57:40Z INFO  dt_instance] received at 2023-06-23 19:57:40.331371109 UTC - from mc-2->source-3 "198" 19:57:40.330609738
[2023-06-23T19:57:42Z INFO  dt_instance] received at 2023-06-23 19:57:42.837574932 UTC - from mc-2->source-5 "198" 19:57:42.836313280
[2023-06-23T19:57:45Z INFO  dt_instance] received at 2023-06-23 19:57:45.342635060 UTC - from mc-2->source-5 "203" 19:57:45.341306305
[2023-06-23T19:57:47Z INFO  dt_instance] received at 2023-06-23 19:57:47.849259076 UTC - from mc-2->source-3 "213" 19:57:47.848428398
[2023-06-23T19:57:50Z INFO  dt_instance] received at 2023-06-23 19:57:50.355486272 UTC - from mc-2->source-3 "218" 19:57:50.354229675
[2023-06-23T19:57:52Z INFO  dt_instance] received at 2023-06-23 19:57:52.862201938 UTC - from mc-2->source-3 "223" 19:57:52.861138512
[2023-06-23T19:57:55Z INFO  dt_instance] received at 2023-06-23 19:57:55.368939813 UTC - from mc-2->source-3 "228" 19:57:55.368014012
[2023-06-23T19:57:57Z INFO  dt_instance] received at 2023-06-23 19:57:57.873874415 UTC - from mc-2->source-3 "233" 19:57:57.873042203
[2023-06-23T19:58:00Z INFO  dt_instance] received at 2023-06-23 19:58:00.378630527 UTC - from mc-2->source-3 "238" 19:58:00.377621357
[2023-06-23T19:58:02Z INFO  dt_instance] received at 2023-06-23 19:58:02.886533247 UTC - from mc-2->source-5 "238" 19:58:02.884220342
[2023-06-23T19:58:05Z INFO  dt_instance] received at 2023-06-23 19:58:05.393432532 UTC - from mc-2->source-5 "243" 19:58:05.392370742
[2023-06-23T19:58:07Z INFO  dt_instance] received at 2023-06-23 19:58:07.900074223 UTC - from mc-2->source-5 "248" 19:58:07.899222900
[2023-06-23T19:58:10Z INFO  dt_instance] received at 2023-06-23 19:58:10.416984901 UTC - from mc-2->source-3 "258" 19:58:10.415676867
[2023-06-23T19:58:12Z INFO  dt_instance] received at 2023-06-23 19:58:12.923115926 UTC - from mc-2->source-5 "258" 19:58:12.922095330
[2023-06-23T19:58:15Z INFO  dt_instance] received at 2023-06-23 19:58:15.429196419 UTC - from mc-2->source-3 "268" 19:58:15.427701955
[2023-06-23T19:58:17Z INFO  dt_instance] received at 2023-06-23 19:58:17.933644397 UTC - from mc-2->source-3 "273" 19:58:17.932433093
[2023-06-23T19:58:20Z INFO  dt_instance] received at 2023-06-23 19:58:20.441032820 UTC - from mc-2->source-3 "278" 19:58:20.439271649
[2023-06-23T19:58:22Z INFO  dt_instance] received at 2023-06-23 19:58:22.945142703 UTC - from mc-2->source-3 "283" 19:58:22.944175978
[2023-06-23T19:58:25Z INFO  dt_instance] received at 2023-06-23 19:58:25.452416180 UTC - from mc-2->source-3 "288" 19:58:25.451413654
[2023-06-23T19:58:27Z INFO  dt_instance] received at 2023-06-23 19:58:27.959947188 UTC - from mc-2->source-3 "293" 19:58:27.956936150
[2023-06-23T19:58:30Z INFO  dt_instance] received at 2023-06-23 19:58:30.463616877 UTC - from mc-2->source-3 "298" 19:58:30.462184821
[2023-06-23T19:58:32Z INFO  dt_instance] received at 2023-06-23 19:58:32.968079052 UTC - from mc-2->source-3 "303" 19:58:32.967222150
[2023-06-23T19:58:35Z INFO  dt_instance] received at 2023-06-23 19:58:35.481855061 UTC - from mc-2->source-3 "308" 19:58:35.472348240
[2023-06-23T19:58:37Z INFO  dt_instance] received at 2023-06-23 19:58:37.979279990 UTC - from mc-2->source-5 "308" 19:58:37.978286697
[2023-06-23T19:58:40Z INFO  dt_instance] received at 2023-06-23 19:58:40.489194914 UTC - from mc-2->source-5 "313" 19:58:40.485136450
[2023-06-23T19:58:42Z INFO  dt_instance] received at 2023-06-23 19:58:42.992420346 UTC - from mc-2->source-5 "318" 19:58:42.991493644
[2023-06-23T19:58:45Z INFO  dt_instance] received at 2023-06-23 19:58:45.498453024 UTC - from mc-2->source-3 "328" 19:58:45.497506959
[2023-06-23T19:58:48Z INFO  dt_instance] received at 2023-06-23 19:58:48.005422573 UTC - from mc-2->source-3 "333" 19:58:48.002738097
[2023-06-23T19:58:50Z INFO  dt_instance] received at 2023-06-23 19:58:50.509710514 UTC - from mc-2->source-5 "333" 19:58:50.508620275
[2023-06-23T19:58:53Z INFO  dt_instance] received at 2023-06-23 19:58:53.016607091 UTC - from mc-2->source-3 "343" 19:58:53.015335521
[2023-06-23T19:58:55Z INFO  dt_instance] received at 2023-06-23 19:58:55.522471270 UTC - from mc-2->source-5 "343" 19:58:55.521640492
[2023-06-23T19:58:58Z INFO  dt_instance] received at 2023-06-23 19:58:58.029108096 UTC - from mc-2->source-3 "353" 19:58:58.026959914
[2023-06-23T19:59:00Z INFO  dt_instance] received at 2023-06-23 19:59:00.535368235 UTC - from mc-2->source-3 "358" 19:59:00.532187334
[2023-06-23T19:59:03Z INFO  dt_instance] received at 2023-06-23 19:59:03.040247650 UTC - from mc-2->source-3 "363" 19:59:03.039198524
[2023-06-23T19:59:05Z INFO  dt_instance] received at 2023-06-23 19:59:05.545970976 UTC - from mc-2->source-3 "368" 19:59:05.545178582
[2023-06-23T19:59:08Z INFO  dt_instance] received at 2023-06-23 19:59:08.052228969 UTC - from mc-2->source-3 "373" 19:59:08.051257490
[2023-06-23T19:59:10Z INFO  dt_instance] received at 2023-06-23 19:59:10.558004700 UTC - from mc-2->source-3 "378" 19:59:10.556964580
[2023-06-23T19:59:13Z INFO  dt_instance] received at 2023-06-23 19:59:13.062802108 UTC - from mc-2->source-3 "383" 19:59:13.061825990
[2023-06-23T19:59:15Z INFO  dt_instance] received at 2023-06-23 19:59:15.568483278 UTC - from mc-2->source-3 "388" 19:59:15.566959352
[2023-06-23T19:59:18Z INFO  dt_instance] received at 2023-06-23 19:59:18.073516636 UTC - from mc-2->source-3 "393" 19:59:18.072225334
[2023-06-23T19:59:20Z INFO  dt_instance] received at 2023-06-23 19:59:20.580333616 UTC - from mc-2->source-3 "398" 19:59:20.579164908
[2023-06-23T19:59:23Z INFO  dt_instance] received at 2023-06-23 19:59:23.088498845 UTC - from mc-2->source-3 "403" 19:59:23.087768947
[2023-06-23T19:59:25Z INFO  dt_instance] received at 2023-06-23 19:59:25.593609962 UTC - from mc-2->source-3 "408" 19:59:25.592675087
[2023-06-23T19:59:28Z INFO  dt_instance] received at 2023-06-23 19:59:28.098833677 UTC - from mc-2->source-3 "413" 19:59:28.097794844
[2023-06-23T19:59:30Z INFO  dt_instance] received at 2023-06-23 19:59:30.604441775 UTC - from mc-2->source-3 "418" 19:59:30.603795731
[2023-06-23T19:59:33Z INFO  dt_instance] received at 2023-06-23 19:59:33.109811494 UTC - from mc-2->source-3 "423" 19:59:33.108551623
[2023-06-23T19:59:35Z INFO  dt_instance] received at 2023-06-23 19:59:35.614541393 UTC - from mc-2->source-3 "428" 19:59:35.613701523
[2023-06-23T19:59:38Z INFO  dt_instance] received at 2023-06-23 19:59:38.119988592 UTC - from mc-2->source-3 "433" 19:59:38.119109795
[2023-06-23T19:59:40Z INFO  dt_instance] received at 2023-06-23 19:59:40.626710995 UTC - from mc-2->source-3 "438" 19:59:40.625614046
[2023-06-23T19:59:43Z INFO  dt_instance] received at 2023-06-23 19:59:43.133322660 UTC - from mc-2->source-3 "443" 19:59:43.132046789
[2023-06-23T19:59:45Z INFO  dt_instance] received at 2023-06-23 19:59:45.638090746 UTC - from mc-2->source-3 "448" 19:59:45.636852748
[2023-06-23T19:59:48Z INFO  dt_instance] received at 2023-06-23 19:59:48.144192575 UTC - from mc-2->source-3 "453" 19:59:48.142518772
[2023-06-23T19:59:50Z INFO  dt_instance] received at 2023-06-23 19:59:50.648426206 UTC - from mc-2->source-3 "458" 19:59:50.647416147
[2023-06-23T19:59:53Z INFO  dt_instance] received at 2023-06-23 19:59:53.153329925 UTC - from mc-2->source-3 "463" 19:59:53.152406570
[2023-06-23T19:59:55Z INFO  dt_instance] received at 2023-06-23 19:59:55.658844157 UTC - from mc-2->source-3 "468" 19:59:55.657342292
[2023-06-23T19:59:58Z INFO  dt_instance] received at 2023-06-23 19:59:58.164727255 UTC - from mc-2->source-3 "473" 19:59:58.164042259
[2023-06-23T20:00:00Z INFO  dt_instance] received at 2023-06-23 20:00:00.670501132 UTC - from mc-2->source-3 "478" 20:00:00.669386563
[2023-06-23T20:00:03Z INFO  dt_instance] received at 2023-06-23 20:00:03.179030675 UTC - from mc-2->source-3 "483" 20:00:03.175006873
[2023-06-23T20:00:05Z INFO  dt_instance] received at 2023-06-23 20:00:05.680193343 UTC - from mc-2->source-5 "483" 20:00:05.679435847
[2023-06-23T20:00:08Z INFO  dt_instance] received at 2023-06-23 20:00:08.185712210 UTC - from mc-2->source-3 "493" 20:00:08.184691139
[2023-06-23T20:00:10Z INFO  dt_instance] received at 2023-06-23 20:00:10.692057631 UTC - from mc-2->source-3 "498" 20:00:10.691086798
[2023-06-23T20:00:13Z INFO  dt_instance] received at 2023-06-23 20:00:13.197225271 UTC - from mc-2->source-3 "503" 20:00:13.196385382
[2023-06-23T20:00:15Z INFO  dt_instance] received at 2023-06-23 20:00:15.705518664 UTC - from mc-2->source-3 "508" 20:00:15.704237534
[2023-06-23T20:00:18Z INFO  dt_instance] received at 2023-06-23 20:00:18.212220364 UTC - from mc-2->source-5 "508" 20:00:18.211198689
[2023-06-23T20:00:20Z INFO  dt_instance] received at 2023-06-23 20:00:20.717739498 UTC - from mc-2->source-5 "513" 20:00:20.716628810
[2023-06-23T20:00:23Z INFO  dt_instance] received at 2023-06-23 20:00:23.222838874 UTC - from mc-2->source-5 "518" 20:00:23.221893701
[2023-06-23T20:00:25Z INFO  dt_instance] received at 2023-06-23 20:00:25.729070871 UTC - from mc-2->source-3 "528" 20:00:25.728423047
[2023-06-23T20:00:28Z INFO  dt_instance] received at 2023-06-23 20:00:28.236932222 UTC - from mc-2->source-1 "538" 20:00:28.235900569
[2023-06-23T20:00:30Z INFO  dt_instance] received at 2023-06-23 20:00:30.744158876 UTC - from mc-2->source-3 "538" 20:00:30.742934428
[2023-06-23T20:00:33Z INFO  dt_instance] received at 2023-06-23 20:00:33.250736 UTC - from mc-2->source-9 "528" 20:00:33.248727896
[2023-06-23T20:00:35Z INFO  dt_instance] received at 2023-06-23 20:00:35.756070612 UTC - from mc-2->source-1 "553" 20:00:35.755149039
[2023-06-23T20:00:38Z INFO  dt_instance] received at 2023-06-23 20:00:38.263480453 UTC - from mc-2->source-1 "558" 20:00:38.262130823
[2023-06-23T20:00:40Z INFO  dt_instance] received at 2023-06-23 20:00:40.769654567 UTC - from mc-2->source-1 "563" 20:00:40.767756817
[2023-06-23T20:00:43Z INFO  dt_instance] received at 2023-06-23 20:00:43.273999683 UTC - from mc-2->source-1 "568" 20:00:43.273228589
[2023-06-23T20:00:45Z INFO  dt_instance] received at 2023-06-23 20:00:45.780076988 UTC - from mc-2->source-1 "573" 20:00:45.779176502
[2023-06-23T20:00:48Z INFO  dt_instance] received at 2023-06-23 20:00:48.286673784 UTC - from mc-2->source-1 "578" 20:00:48.285905305
[2023-06-23T20:00:50Z INFO  dt_instance] received at 2023-06-23 20:00:50.791053112 UTC - from mc-2->source-1 "583" 20:00:50.790202764
[2023-06-23T20:00:53Z INFO  dt_instance] received at 2023-06-23 20:00:53.297824540 UTC - from mc-2->source-1 "588" 20:00:53.296596928
[2023-06-23T20:00:55Z INFO  dt_instance] received at 2023-06-23 20:00:55.803469884 UTC - from mc-2->source-1 "593" 20:00:55.802481481
[2023-06-23T20:00:58Z INFO  dt_instance] received at 2023-06-23 20:00:58.310039232 UTC - from mc-2->source-3 "593" 20:00:58.309215967
[2023-06-23T20:01:00Z INFO  dt_instance] received at 2023-06-23 20:01:00.815179627 UTC - from mc-2->source-3 "598" 20:01:00.814179765
[2023-06-23T20:01:03Z INFO  dt_instance] received at 2023-06-23 20:01:03.329614078 UTC - from mc-2->source-1 "608" 20:01:03.321044436
[2023-06-23T20:01:05Z INFO  dt_instance] received at 2023-06-23 20:01:05.830075727 UTC - from mc-2->source-9 "593" 20:01:05.828810978
[2023-06-23T20:01:08Z INFO  dt_instance] received at 2023-06-23 20:01:08.338500681 UTC - from mc-2->source-9 "598" 20:01:08.336895753
[2023-06-23T20:01:10Z INFO  dt_instance] received at 2023-06-23 20:01:10.844682963 UTC - from mc-2->source-9 "603" 20:01:10.843683003
[2023-06-23T20:01:13Z INFO  dt_instance] received at 2023-06-23 20:01:13.353990659 UTC - from mc-2->source-9 "608" 20:01:13.351136422
[2023-06-23T20:01:15Z INFO  dt_instance] received at 2023-06-23 20:01:15.858397975 UTC - from mc-2->source-9 "613" 20:01:15.856648527
[2023-06-23T20:01:18Z INFO  dt_instance] received at 2023-06-23 20:01:18.362792361 UTC - from mc-2->source-9 "618" 20:01:18.361360120
[2023-06-23T20:01:20Z INFO  dt_instance] received at 2023-06-23 20:01:20.867221282 UTC - from mc-2->source-9 "623" 20:01:20.866356980
[2023-06-23T20:01:23Z INFO  dt_instance] received at 2023-06-23 20:01:23.374423907 UTC - from mc-2->source-9 "628" 20:01:23.372394658
[2023-06-23T20:01:25Z INFO  dt_instance] received at 2023-06-23 20:01:25.880345027 UTC - from mc-2->source-3 "648" 20:01:25.878779255
[2023-06-23T20:01:28Z INFO  dt_instance] received at 2023-06-23 20:01:28.384523040 UTC - from mc-2->source-3 "653" 20:01:28.383711808
[2023-06-23T20:01:30Z INFO  dt_instance] received at 2023-06-23 20:01:30.891175487 UTC - from mc-2->source-9 "643" 20:01:30.890181752
[2023-06-23T20:01:33Z INFO  dt_instance] received at 2023-06-23 20:01:33.398985117 UTC - from mc-2->source-9 "648" 20:01:33.396537974
[2023-06-23T20:01:35Z INFO  dt_instance] received at 2023-06-23 20:01:35.905745873 UTC - from mc-2->source-9 "653" 20:01:35.902634683
[2023-06-23T20:01:38Z INFO  dt_instance] received at 2023-06-23 20:01:38.409414943 UTC - from mc-2->source-9 "658" 20:01:38.408066313
[2023-06-23T20:01:40Z INFO  dt_instance] received at 2023-06-23 20:01:40.914132993 UTC - from mc-2->source-9 "663" 20:01:40.912555597
[2023-06-23T20:01:43Z INFO  dt_instance] received at 2023-06-23 20:01:43.422657322 UTC - from mc-2->source-9 "668" 20:01:43.417578383
[2023-06-23T20:01:45Z INFO  dt_instance] received at 2023-06-23 20:01:45.930312110 UTC - from mc-2->source-5 "683" 20:01:45.924614975
[2023-06-23T20:01:48Z INFO  dt_instance] received at 2023-06-23 20:01:48.436698322 UTC - from mc-2->source-9 "678" 20:01:48.429944264
[2023-06-23T20:01:50Z INFO  dt_instance] received at 2023-06-23 20:01:50.939777135 UTC - from mc-2->source-9 "683" 20:01:50.936280306
[2023-06-23T20:01:53Z INFO  dt_instance] received at 2023-06-23 20:01:53.443973699 UTC - from mc-2->source-9 "688" 20:01:53.442276387
[2023-06-23T20:01:55Z INFO  dt_instance] received at 2023-06-23 20:01:55.951071739 UTC - from mc-2->source-9 "693" 20:01:55.948924093
[2023-06-23T20:01:58Z INFO  dt_instance] received at 2023-06-23 20:01:58.460367971 UTC - from mc-2->source-5 "708" 20:01:58.456764847
[2023-06-23T20:02:00Z INFO  dt_instance] received at 2023-06-23 20:02:00.964040588 UTC - from mc-2->source-5 "713" 20:02:00.961472292
[2023-06-23T20:02:03Z INFO  dt_instance] received at 2023-06-23 20:02:03.468216533 UTC - from mc-2->source-9 "708" 20:02:03.466750094
[2023-06-23T20:02:05Z INFO  dt_instance] received at 2023-06-23 20:02:05.974012326 UTC - from mc-2->source-5 "723" 20:02:05.972951217
[2023-06-23T20:02:08Z INFO  dt_instance] received at 2023-06-23 20:02:08.480354895 UTC - from mc-2->source-9 "718" 20:02:08.476687209
[2023-06-23T20:02:10Z INFO  dt_instance] received at 2023-06-23 20:02:10.986199521 UTC - from mc-2->source-5 "733" 20:02:10.985230376
[2023-06-23T20:02:13Z INFO  dt_instance] received at 2023-06-23 20:02:13.494033225 UTC - from mc-2->source-5 "738" 20:02:13.490303241
[2023-06-23T20:02:16Z INFO  dt_instance] received at 2023-06-23 20:02:16.009878046 UTC - from mc-2->source-9 "733" 20:02:16.006075013
[2023-06-23T20:02:18Z INFO  dt_instance] received at 2023-06-23 20:02:18.517017320 UTC - from mc-2->source-9 "738" 20:02:18.514437471
[2023-06-23T20:02:21Z INFO  dt_instance] received at 2023-06-23 20:02:21.022515178 UTC - from mc-2->source-9 "743" 20:02:21.021265575
[2023-06-23T20:02:23Z INFO  dt_instance] received at 2023-06-23 20:02:23.529396268 UTC - from mc-2->source-9 "748" 20:02:23.527843591
[2023-06-23T20:02:26Z INFO  dt_instance] received at 2023-06-23 20:02:26.036097154 UTC - from mc-2->source-9 "753" 20:02:26.033802366
[2023-06-23T20:02:28Z INFO  dt_instance] received at 2023-06-23 20:02:28.545008801 UTC - from mc-2->source-9 "758" 20:02:28.539823021
[2023-06-23T20:02:31Z INFO  dt_instance] received at 2023-06-23 20:02:31.049694844 UTC - from mc-2->source-9 "763" 20:02:31.045976287
[2023-06-23T20:02:33Z INFO  dt_instance] received at 2023-06-23 20:02:33.559858662 UTC - from mc-2->source-9 "768" 20:02:33.554676591
[2023-06-23T20:02:36Z INFO  dt_instance] received at 2023-06-23 20:02:36.066396229 UTC - from mc-2->source-9 "773" 20:02:36.062297110
[2023-06-23T20:02:38Z INFO  dt_instance] received at 2023-06-23 20:02:38.570931367 UTC - from mc-2->source-3 "793" 20:02:38.568699365
[2023-06-23T20:02:41Z INFO  dt_instance] received at 2023-06-23 20:02:41.076993955 UTC - from mc-2->source-9 "783" 20:02:41.074563266
[2023-06-23T20:02:43Z INFO  dt_instance] received at 2023-06-23 20:02:43.585611814 UTC - from mc-2->source-3 "803" 20:02:43.581385754
[2023-06-23T20:02:46Z INFO  dt_instance] received at 2023-06-23 20:02:46.092352505 UTC - from mc-2->source-9 "793" 20:02:46.089864340
[2023-06-23T20:02:48Z INFO  dt_instance] received at 2023-06-23 20:02:48.598755486 UTC - from mc-2->source-9 "798" 20:02:48.597214040
[2023-06-23T20:02:51Z INFO  dt_instance] received at 2023-06-23 20:02:51.104420976 UTC - from mc-2->source-9 "803" 20:02:51.102377047
[2023-06-23T20:02:53Z INFO  dt_instance] received at 2023-06-23 20:02:53.611158649 UTC - from mc-2->source-5 "818" 20:02:53.607615067
[2023-06-23T20:02:56Z INFO  dt_instance] received at 2023-06-23 20:02:56.116514934 UTC - from mc-2->source-9 "813" 20:02:56.113197955
[2023-06-23T20:02:58Z INFO  dt_instance] received at 2023-06-23 20:02:58.620748394 UTC - from mc-2->source-9 "818" 20:02:58.619158628
[2023-06-23T20:03:01Z INFO  dt_instance] received at 2023-06-23 20:03:01.132138388 UTC - from mc-2->source-5 "833" 20:03:01.124887678
[2023-06-23T20:03:03Z INFO  dt_instance] received at 2023-06-23 20:03:03.640785990 UTC - from mc-2->source-9 "828" 20:03:03.631076816
[2023-06-23T20:03:06Z INFO  dt_instance] received at 2023-06-23 20:03:06.141189308 UTC - from mc-2->source-9 "833" 20:03:06.139088983
[2023-06-23T20:03:08Z INFO  dt_instance] received at 2023-06-23 20:03:08.648080599 UTC - from mc-2->source-9 "838" 20:03:08.644167632
[2023-06-23T20:03:11Z INFO  dt_instance] received at 2023-06-23 20:03:11.153780951 UTC - from mc-2->source-9 "843" 20:03:11.151260341
[2023-06-23T20:03:13Z INFO  dt_instance] received at 2023-06-23 20:03:13.668333735 UTC - from mc-2->source-5 "858" 20:03:13.658578818
[2023-06-23T20:03:16Z INFO  dt_instance] received at 2023-06-23 20:03:16.164623626 UTC - from mc-2->source-5 "863" 20:03:16.163447452
[2023-06-23T20:03:18Z INFO  dt_instance] received at 2023-06-23 20:03:18.673987472 UTC - from mc-2->source-9 "858" 20:03:18.668501219
[2023-06-23T20:03:21Z INFO  dt_instance] received at 2023-06-23 20:03:21.175512841 UTC - from mc-2->source-9 "863" 20:03:21.173672938
[2023-06-23T20:03:23Z INFO  dt_instance] received at 2023-06-23 20:03:23.682832122 UTC - from mc-2->source-5 "878" 20:03:23.682097917
[2023-06-23T20:03:26Z INFO  dt_instance] received at 2023-06-23 20:03:26.198945405 UTC - from mc-2->source-9 "873" 20:03:26.184495398
[2023-06-23T20:03:28Z INFO  dt_instance] received at 2023-06-23 20:03:28.699927381 UTC - from mc-2->source-5 "888" 20:03:28.695453016
[2023-06-23T20:03:31Z INFO  dt_instance] received at 2023-06-23 20:03:31.203979676 UTC - from mc-2->source-5 "893" 20:03:31.202912577
[2023-06-23T20:03:33Z INFO  dt_instance] received at 2023-06-23 20:03:33.710686901 UTC - from mc-2->source-5 "898" 20:03:33.708772852
[2023-06-23T20:03:36Z INFO  dt_instance] received at 2023-06-23 20:03:36.214298976 UTC - from mc-2->source-5 "903" 20:03:36.213268614
[2023-06-23T20:03:38Z INFO  dt_instance] received at 2023-06-23 20:03:38.723155532 UTC - from mc-2->source-5 "908" 20:03:38.718448979
[2023-06-23T20:03:41Z INFO  dt_instance] received at 2023-06-23 20:03:41.225868759 UTC - from mc-2->source-5 "913" 20:03:41.224526327
[2023-06-23T20:03:43Z INFO  dt_instance] received at 2023-06-23 20:03:43.734226841 UTC - from mc-2->source-5 "918" 20:03:43.731178342
[2023-06-23T20:03:46Z INFO  dt_instance] received at 2023-06-23 20:03:46.237361813 UTC - from mc-2->source-5 "923" 20:03:46.236458691
[2023-06-23T20:03:48Z INFO  dt_instance] received at 2023-06-23 20:03:48.744047202 UTC - from mc-2->source-5 "928" 20:03:48.741598109
[2023-06-23T20:03:51Z INFO  dt_instance] received at 2023-06-23 20:03:51.247535857 UTC - from mc-2->source-5 "933" 20:03:51.246328068
[2023-06-23T20:03:53Z INFO  dt_instance] received at 2023-06-23 20:03:53.753068949 UTC - from mc-2->source-5 "938" 20:03:53.751842542
[2023-06-23T20:03:56Z INFO  dt_instance] received at 2023-06-23 20:03:56.258524590 UTC - from mc-2->source-9 "933" 20:03:56.249789346
[2023-06-23T20:03:58Z INFO  dt_instance] received at 2023-06-23 20:03:58.768603357 UTC - from mc-2->source-5 "948" 20:03:58.765528077
[2023-06-23T20:04:01Z INFO  dt_instance] received at 2023-06-23 20:04:01.285457999 UTC - from mc-2->source-5 "953" 20:04:01.271367337
[2023-06-23T20:04:03Z INFO  dt_instance] received at 2023-06-23 20:04:03.778058747 UTC - from mc-2->source-5 "958" 20:04:03.777399681
[2023-06-23T20:04:06Z INFO  dt_instance] received at 2023-06-23 20:04:06.286482704 UTC - from mc-2->source-5 "963" 20:04:06.284718499
[2023-06-23T20:04:08Z INFO  dt_instance] received at 2023-06-23 20:04:08.790330037 UTC - from mc-2->source-5 "968" 20:04:08.789371399
[2023-06-23T20:04:11Z INFO  dt_instance] received at 2023-06-23 20:04:11.295769720 UTC - from mc-2->source-5 "973" 20:04:11.294520536
[2023-06-23T20:04:13Z INFO  dt_instance] received at 2023-06-23 20:04:13.800776364 UTC - from mc-2->source-5 "978" 20:04:13.799475002
[2023-06-23T20:04:16Z INFO  dt_instance] received at 2023-06-23 20:04:16.306161209 UTC - from mc-2->source-5 "983" 20:04:16.304335243
[2023-06-23T20:04:19Z INFO  dt_instance] received at 2023-06-23 20:04:19.023837097 UTC - from mc-2->source-6 "986" 20:04:19.020182958
[2023-06-23T20:04:22Z INFO  dt_instance] received at 2023-06-23 20:04:22.263873736 UTC - from mc-2->source-7 "990" 20:04:22.262141081
[2023-06-23T20:04:29Z INFO  dt_instance] received at 2023-06-23 20:04:29.324371159 UTC - from mc-2->source-9 "999" 20:04:29.320852923
