[2023-06-22T20:30:59Z INFO  dt_instance] Current Twin: mc-twin-13
[2023-06-22T20:30:59Z INFO  dt_instance] Replica Name twin-mc-stateful-13
[2023-06-22T20:30:59Z INFO  dt_instance] Sleeping for 650
[2023-06-22T20:41:49Z INFO  dt_instance] Connecting to broker at emqx.dtwins:1883
[2023-06-22T20:41:49Z INFO  dt_instance] Loggin info each 50 messages
[2023-06-22T20:41:49Z INFO  dt_instance] Set max packet size to 60000 KB.
[2023-06-22T20:41:49Z INFO  dt_instance] Refreshing topics for twin - Listen to mc-13/#
[2023-06-22T20:41:49Z INFO  dt_instance] SubAck { pkid: 1, return_codes: [Success(ExactlyOnce)] }
[2023-06-22T20:42:56Z INFO  dt_instance] received at 2023-06-22 20:42:56.688734245 UTC - from mc-13->source-2 "9" 20:42:56.687609598
[2023-06-22T20:42:59Z INFO  dt_instance] received at 2023-06-22 20:42:59.945651054 UTC - from mc-13->source-3 "13" 20:42:59.944222870
[2023-06-22T20:43:02Z INFO  dt_instance] received at 2023-06-22 20:43:02.460739014 UTC - from mc-13->source-1 "23" 20:43:02.459115952
[2023-06-22T20:43:04Z INFO  dt_instance] received at 2023-06-22 20:43:04.967000005 UTC - from mc-13->source-1 "28" 20:43:04.965624380
[2023-06-22T20:43:07Z INFO  dt_instance] received at 2023-06-22 20:43:07.472553957 UTC - from mc-13->source-1 "33" 20:43:07.470551946
[2023-06-22T20:43:09Z INFO  dt_instance] received at 2023-06-22 20:43:09.978002694 UTC - from mc-13->source-1 "38" 20:43:09.976174779
[2023-06-22T20:43:12Z INFO  dt_instance] received at 2023-06-22 20:43:12.486567886 UTC - from mc-13->source-3 "38" 20:43:12.479432147
[2023-06-22T20:43:14Z INFO  dt_instance] received at 2023-06-22 20:43:14.988733086 UTC - from mc-13->source-1 "48" 20:43:14.987612651
[2023-06-22T20:43:17Z INFO  dt_instance] received at 2023-06-22 20:43:17.495288422 UTC - from mc-13->source-3 "48" 20:43:17.491697983
[2023-06-22T20:43:19Z INFO  dt_instance] received at 2023-06-22 20:43:19.998412397 UTC - from mc-13->source-1 "58" 20:43:19.997067778
[2023-06-22T20:43:22Z INFO  dt_instance] received at 2023-06-22 20:43:22.506545849 UTC - from mc-13->source-3 "58" 20:43:22.503467178
[2023-06-22T20:43:25Z INFO  dt_instance] received at 2023-06-22 20:43:25.011230511 UTC - from mc-13->source-1 "68" 20:43:25.009621579
[2023-06-22T20:43:27Z INFO  dt_instance] received at 2023-06-22 20:43:27.518048514 UTC - from mc-13->source-1 "73" 20:43:27.515988649
[2023-06-22T20:43:30Z INFO  dt_instance] received at 2023-06-22 20:43:30.029970189 UTC - from mc-13->source-1 "78" 20:43:30.020987849
[2023-06-22T20:43:32Z INFO  dt_instance] received at 2023-06-22 20:43:32.529434657 UTC - from mc-13->source-1 "83" 20:43:32.526134890
[2023-06-22T20:43:35Z INFO  dt_instance] received at 2023-06-22 20:43:35.034880933 UTC - from mc-13->source-5 "78" 20:43:35.033480605
[2023-06-22T20:43:37Z INFO  dt_instance] received at 2023-06-22 20:43:37.541335158 UTC - from mc-13->source-1 "93" 20:43:37.539519760
[2023-06-22T20:43:40Z INFO  dt_instance] received at 2023-06-22 20:43:40.047844114 UTC - from mc-13->source-3 "93" 20:43:40.044927349
[2023-06-22T20:43:42Z INFO  dt_instance] received at 2023-06-22 20:43:42.552672148 UTC - from mc-13->source-1 "103" 20:43:42.550816341
[2023-06-22T20:43:45Z INFO  dt_instance] received at 2023-06-22 20:43:45.059236940 UTC - from mc-13->source-1 "108" 20:43:45.056621136
[2023-06-22T20:43:47Z INFO  dt_instance] received at 2023-06-22 20:43:47.565115242 UTC - from mc-13->source-1 "113" 20:43:47.563757660
[2023-06-22T20:43:50Z INFO  dt_instance] received at 2023-06-22 20:43:50.072423851 UTC - from mc-13->source-1 "118" 20:43:50.070270634
[2023-06-22T20:43:52Z INFO  dt_instance] received at 2023-06-22 20:43:52.578055538 UTC - from mc-13->source-1 "123" 20:43:52.576731930
[2023-06-22T20:43:55Z INFO  dt_instance] received at 2023-06-22 20:43:55.088089504 UTC - from mc-13->source-3 "123" 20:43:55.076564352
[2023-06-22T20:43:57Z INFO  dt_instance] received at 2023-06-22 20:43:57.591037020 UTC - from mc-13->source-1 "133" 20:43:57.587912760
[2023-06-22T20:44:00Z INFO  dt_instance] received at 2023-06-22 20:44:00.094574506 UTC - from mc-13->source-1 "138" 20:44:00.092963322
[2023-06-22T20:44:02Z INFO  dt_instance] received at 2023-06-22 20:44:02.601205240 UTC - from mc-13->source-1 "143" 20:44:02.598671154
[2023-06-22T20:44:05Z INFO  dt_instance] received at 2023-06-22 20:44:05.104908672 UTC - from mc-13->source-1 "148" 20:44:05.103379174
[2023-06-22T20:44:07Z INFO  dt_instance] received at 2023-06-22 20:44:07.610315165 UTC - from mc-13->source-1 "153" 20:44:07.609178240
[2023-06-22T20:44:10Z INFO  dt_instance] received at 2023-06-22 20:44:10.117591811 UTC - from mc-13->source-1 "158" 20:44:10.115860538
[2023-06-22T20:44:12Z INFO  dt_instance] received at 2023-06-22 20:44:12.624107864 UTC - from mc-13->source-5 "153" 20:44:12.623096239
[2023-06-22T20:44:15Z INFO  dt_instance] received at 2023-06-22 20:44:15.129241779 UTC - from mc-13->source-5 "158" 20:44:15.128108951
[2023-06-22T20:44:17Z INFO  dt_instance] received at 2023-06-22 20:44:17.635726051 UTC - from mc-13->source-5 "163" 20:44:17.634925189
[2023-06-22T20:44:20Z INFO  dt_instance] received at 2023-06-22 20:44:20.140725717 UTC - from mc-13->source-5 "168" 20:44:20.139358788
[2023-06-22T20:44:22Z INFO  dt_instance] received at 2023-06-22 20:44:22.645402227 UTC - from mc-13->source-5 "173" 20:44:22.644627716
[2023-06-22T20:44:25Z INFO  dt_instance] received at 2023-06-22 20:44:25.158001571 UTC - from mc-13->source-3 "183" 20:44:25.147922513
[2023-06-22T20:44:27Z INFO  dt_instance] received at 2023-06-22 20:44:27.668986753 UTC - from mc-13->source-5 "183" 20:44:27.668093715
[2023-06-22T20:44:30Z INFO  dt_instance] received at 2023-06-22 20:44:30.177023245 UTC - from mc-13->source-5 "188" 20:44:30.175985333
[2023-06-22T20:44:32Z INFO  dt_instance] received at 2023-06-22 20:44:32.681759080 UTC - from mc-13->source-5 "193" 20:44:32.680297456
[2023-06-22T20:44:35Z INFO  dt_instance] received at 2023-06-22 20:44:35.187168023 UTC - from mc-13->source-5 "198" 20:44:35.186508933
[2023-06-22T20:44:37Z INFO  dt_instance] received at 2023-06-22 20:44:37.692117833 UTC - from mc-13->source-5 "203" 20:44:37.691123759
[2023-06-22T20:44:40Z INFO  dt_instance] received at 2023-06-22 20:44:40.199102661 UTC - from mc-13->source-5 "208" 20:44:40.198035810
[2023-06-22T20:44:42Z INFO  dt_instance] received at 2023-06-22 20:44:42.704961830 UTC - from mc-13->source-5 "213" 20:44:42.703163363
[2023-06-22T20:44:45Z INFO  dt_instance] received at 2023-06-22 20:44:45.209687010 UTC - from mc-13->source-5 "218" 20:44:45.208531128
[2023-06-22T20:44:47Z INFO  dt_instance] received at 2023-06-22 20:44:47.716541098 UTC - from mc-13->source-1 "233" 20:44:47.715090646
[2023-06-22T20:44:50Z INFO  dt_instance] received at 2023-06-22 20:44:50.228395986 UTC - from mc-13->source-3 "233" 20:44:50.222521013
[2023-06-22T20:44:52Z INFO  dt_instance] received at 2023-06-22 20:44:52.731059371 UTC - from mc-13->source-3 "238" 20:44:52.727850513
[2023-06-22T20:44:55Z INFO  dt_instance] received at 2023-06-22 20:44:55.241596281 UTC - from mc-13->source-3 "243" 20:44:55.234843962
[2023-06-22T20:44:57Z INFO  dt_instance] received at 2023-06-22 20:44:57.755853703 UTC - from mc-13->source-5 "243" 20:44:57.753143377
[2023-06-22T20:45:00Z INFO  dt_instance] received at 2023-06-22 20:45:00.261604590 UTC - from mc-13->source-5 "248" 20:45:00.260350956
[2023-06-22T20:45:02Z INFO  dt_instance] received at 2023-06-22 20:45:02.766124793 UTC - from mc-13->source-5 "253" 20:45:02.765341326
[2023-06-22T20:45:05Z INFO  dt_instance] received at 2023-06-22 20:45:05.271856495 UTC - from mc-13->source-5 "258" 20:45:05.271119055
[2023-06-22T20:45:07Z INFO  dt_instance] received at 2023-06-22 20:45:07.777457529 UTC - from mc-13->source-3 "268" 20:45:07.775968567
[2023-06-22T20:45:10Z INFO  dt_instance] received at 2023-06-22 20:45:10.286672938 UTC - from mc-13->source-3 "273" 20:45:10.283360076
[2023-06-22T20:45:12Z INFO  dt_instance] received at 2023-06-22 20:45:12.791641817 UTC - from mc-13->source-3 "278" 20:45:12.789963312
[2023-06-22T20:45:15Z INFO  dt_instance] received at 2023-06-22 20:45:15.302122950 UTC - from mc-13->source-3 "283" 20:45:15.296778625
[2023-06-22T20:45:17Z INFO  dt_instance] received at 2023-06-22 20:45:17.805074414 UTC - from mc-13->source-3 "288" 20:45:17.802620272
[2023-06-22T20:45:20Z INFO  dt_instance] received at 2023-06-22 20:45:20.309812344 UTC - from mc-13->source-1 "298" 20:45:20.308296477
[2023-06-22T20:45:22Z INFO  dt_instance] received at 2023-06-22 20:45:22.815550161 UTC - from mc-13->source-1 "303" 20:45:22.813229745
[2023-06-22T20:45:25Z INFO  dt_instance] received at 2023-06-22 20:45:25.323541892 UTC - from mc-13->source-3 "303" 20:45:25.319516273
[2023-06-22T20:45:27Z INFO  dt_instance] received at 2023-06-22 20:45:27.827575351 UTC - from mc-13->source-3 "308" 20:45:27.826120993
[2023-06-22T20:45:30Z INFO  dt_instance] received at 2023-06-22 20:45:30.339026475 UTC - from mc-13->source-3 "313" 20:45:30.332186461
[2023-06-22T20:45:32Z INFO  dt_instance] received at 2023-06-22 20:45:32.842098845 UTC - from mc-13->source-3 "318" 20:45:32.839862505
[2023-06-22T20:45:35Z INFO  dt_instance] received at 2023-06-22 20:45:35.348339005 UTC - from mc-13->source-1 "328" 20:45:35.343320591
[2023-06-22T20:45:37Z INFO  dt_instance] received at 2023-06-22 20:45:37.853541934 UTC - from mc-13->source-3 "328" 20:45:37.851355532
[2023-06-22T20:45:40Z INFO  dt_instance] received at 2023-06-22 20:45:40.359142956 UTC - from mc-13->source-3 "333" 20:45:40.357623228
[2023-06-22T20:45:42Z INFO  dt_instance] received at 2023-06-22 20:45:42.865118486 UTC - from mc-13->source-3 "338" 20:45:42.862507695
[2023-06-22T20:45:45Z INFO  dt_instance] received at 2023-06-22 20:45:45.373064406 UTC - from mc-13->source-7 "333" 20:45:45.371591949
[2023-06-22T20:45:47Z INFO  dt_instance] received at 2023-06-22 20:45:47.877267469 UTC - from mc-13->source-7 "338" 20:45:47.876431783
[2023-06-22T20:45:50Z INFO  dt_instance] received at 2023-06-22 20:45:50.383617851 UTC - from mc-13->source-7 "343" 20:45:50.382526607
[2023-06-22T20:45:52Z INFO  dt_instance] received at 2023-06-22 20:45:52.892646823 UTC - from mc-13->source-3 "358" 20:45:52.887227705
[2023-06-22T20:45:55Z INFO  dt_instance] received at 2023-06-22 20:45:55.395944524 UTC - from mc-13->source-3 "363" 20:45:55.394076036
[2023-06-22T20:45:57Z INFO  dt_instance] received at 2023-06-22 20:45:57.901577423 UTC - from mc-13->source-3 "368" 20:45:57.899915790
[2023-06-22T20:46:00Z INFO  dt_instance] received at 2023-06-22 20:46:00.406143807 UTC - from mc-13->source-3 "373" 20:46:00.405107624
[2023-06-22T20:46:02Z INFO  dt_instance] received at 2023-06-22 20:46:02.924193271 UTC - from mc-13->source-3 "378" 20:46:02.912795147
[2023-06-22T20:46:05Z INFO  dt_instance] received at 2023-06-22 20:46:05.418752407 UTC - from mc-13->source-3 "383" 20:46:05.417234226
[2023-06-22T20:46:07Z INFO  dt_instance] received at 2023-06-22 20:46:07.925690945 UTC - from mc-13->source-3 "388" 20:46:07.924169087
[2023-06-22T20:46:10Z INFO  dt_instance] received at 2023-06-22 20:46:10.436853150 UTC - from mc-13->source-1 "398" 20:46:10.427213744
[2023-06-22T20:46:12Z INFO  dt_instance] received at 2023-06-22 20:46:12.937432575 UTC - from mc-13->source-3 "398" 20:46:12.935619607
[2023-06-22T20:46:15Z INFO  dt_instance] received at 2023-06-22 20:46:15.443096527 UTC - from mc-13->source-1 "408" 20:46:15.439844190
[2023-06-22T20:46:17Z INFO  dt_instance] received at 2023-06-22 20:46:17.948699540 UTC - from mc-13->source-1 "413" 20:46:17.946276185
[2023-06-22T20:46:20Z INFO  dt_instance] received at 2023-06-22 20:46:20.453230323 UTC - from mc-13->source-3 "413" 20:46:20.451511998
[2023-06-22T20:46:22Z INFO  dt_instance] received at 2023-06-22 20:46:22.961198573 UTC - from mc-13->source-3 "418" 20:46:22.958149932
[2023-06-22T20:46:25Z INFO  dt_instance] received at 2023-06-22 20:46:25.466866150 UTC - from mc-13->source-1 "428" 20:46:25.463871218
[2023-06-22T20:46:27Z INFO  dt_instance] received at 2023-06-22 20:46:27.972514569 UTC - from mc-13->source-1 "433" 20:46:27.968823268
[2023-06-22T20:46:30Z INFO  dt_instance] received at 2023-06-22 20:46:30.478589280 UTC - from mc-13->source-1 "438" 20:46:30.475747109
[2023-06-22T20:46:32Z INFO  dt_instance] received at 2023-06-22 20:46:32.983675505 UTC - from mc-13->source-1 "443" 20:46:32.981928806
[2023-06-22T20:46:35Z INFO  dt_instance] received at 2023-06-22 20:46:35.490789820 UTC - from mc-13->source-3 "443" 20:46:35.488275422
[2023-06-22T20:46:38Z INFO  dt_instance] received at 2023-06-22 20:46:38.000373188 UTC - from mc-13->source-3 "448" 20:46:37.994224092
[2023-06-22T20:46:40Z INFO  dt_instance] received at 2023-06-22 20:46:40.503783018 UTC - from mc-13->source-7 "443" 20:46:40.501848131
[2023-06-22T20:46:43Z INFO  dt_instance] received at 2023-06-22 20:46:43.009877366 UTC - from mc-13->source-3 "458" 20:46:43.006137791
[2023-06-22T20:46:45Z INFO  dt_instance] received at 2023-06-22 20:46:45.514480992 UTC - from mc-13->source-5 "458" 20:46:45.513281713
[2023-06-22T20:46:48Z INFO  dt_instance] received at 2023-06-22 20:46:48.024478810 UTC - from mc-13->source-3 "468" 20:46:48.018460472
[2023-06-22T20:46:50Z INFO  dt_instance] received at 2023-06-22 20:46:50.528173973 UTC - from mc-13->source-3 "473" 20:46:50.526514878
[2023-06-22T20:46:53Z INFO  dt_instance] received at 2023-06-22 20:46:53.033171566 UTC - from mc-13->source-3 "478" 20:46:53.031458255
[2023-06-22T20:46:55Z INFO  dt_instance] received at 2023-06-22 20:46:55.540769507 UTC - from mc-13->source-3 "483" 20:46:55.538911745
[2023-06-22T20:46:58Z INFO  dt_instance] received at 2023-06-22 20:46:58.050557631 UTC - from mc-13->source-1 "493" 20:46:58.046395575
[2023-06-22T20:47:00Z INFO  dt_instance] received at 2023-06-22 20:47:00.557355333 UTC - from mc-13->source-3 "493" 20:47:00.551331268
[2023-06-22T20:47:03Z INFO  dt_instance] received at 2023-06-22 20:47:03.065331295 UTC - from mc-13->source-3 "498" 20:47:03.058077697
[2023-06-22T20:47:05Z INFO  dt_instance] received at 2023-06-22 20:47:05.566109287 UTC - from mc-13->source-3 "503" 20:47:05.564454728
[2023-06-22T20:47:08Z INFO  dt_instance] received at 2023-06-22 20:47:08.080885179 UTC - from mc-13->source-1 "513" 20:47:08.070396888
[2023-06-22T20:47:10Z INFO  dt_instance] received at 2023-06-22 20:47:10.579577847 UTC - from mc-13->source-1 "518" 20:47:10.578430054
[2023-06-22T20:47:13Z INFO  dt_instance] received at 2023-06-22 20:47:13.085618380 UTC - from mc-13->source-7 "508" 20:47:13.084251724
[2023-06-22T20:47:15Z INFO  dt_instance] received at 2023-06-22 20:47:15.591857413 UTC - from mc-13->source-1 "528" 20:47:15.590448914
[2023-06-22T20:47:18Z INFO  dt_instance] received at 2023-06-22 20:47:18.098629064 UTC - from mc-13->source-1 "533" 20:47:18.097128301
[2023-06-22T20:47:20Z INFO  dt_instance] received at 2023-06-22 20:47:20.604842424 UTC - from mc-13->source-1 "538" 20:47:20.603574492
[2023-06-22T20:47:23Z INFO  dt_instance] received at 2023-06-22 20:47:23.112358605 UTC - from mc-13->source-1 "543" 20:47:23.110892871
[2023-06-22T20:47:25Z INFO  dt_instance] received at 2023-06-22 20:47:25.619274780 UTC - from mc-13->source-1 "548" 20:47:25.617761227
[2023-06-22T20:47:28Z INFO  dt_instance] received at 2023-06-22 20:47:28.126154295 UTC - from mc-13->source-1 "553" 20:47:28.125034665
[2023-06-22T20:47:30Z INFO  dt_instance] received at 2023-06-22 20:47:30.632123300 UTC - from mc-13->source-1 "558" 20:47:30.630548448
[2023-06-22T20:47:33Z INFO  dt_instance] received at 2023-06-22 20:47:33.138047698 UTC - from mc-13->source-1 "563" 20:47:33.137010479
[2023-06-22T20:47:35Z INFO  dt_instance] received at 2023-06-22 20:47:35.644013420 UTC - from mc-13->source-1 "568" 20:47:35.641280028
[2023-06-22T20:47:38Z INFO  dt_instance] received at 2023-06-22 20:47:38.148067775 UTC - from mc-13->source-1 "573" 20:47:38.146262425
[2023-06-22T20:47:40Z INFO  dt_instance] received at 2023-06-22 20:47:40.654709513 UTC - from mc-13->source-1 "578" 20:47:40.652878225
[2023-06-22T20:47:43Z INFO  dt_instance] received at 2023-06-22 20:47:43.159435017 UTC - from mc-13->source-1 "583" 20:47:43.157915227
[2023-06-22T20:47:45Z INFO  dt_instance] received at 2023-06-22 20:47:45.663722042 UTC - from mc-13->source-1 "588" 20:47:45.662115321
[2023-06-22T20:47:48Z INFO  dt_instance] received at 2023-06-22 20:47:48.176232002 UTC - from mc-13->source-1 "593" 20:47:48.167513832
[2023-06-22T20:47:50Z INFO  dt_instance] received at 2023-06-22 20:47:50.674585741 UTC - from mc-13->source-1 "598" 20:47:50.672175601
[2023-06-22T20:47:53Z INFO  dt_instance] received at 2023-06-22 20:47:53.181344456 UTC - from mc-13->source-1 "603" 20:47:53.179912171
[2023-06-22T20:47:55Z INFO  dt_instance] received at 2023-06-22 20:47:55.685750304 UTC - from mc-13->source-1 "608" 20:47:55.684332790
[2023-06-22T20:47:58Z INFO  dt_instance] received at 2023-06-22 20:47:58.191191498 UTC - from mc-13->source-1 "613" 20:47:58.190002062
[2023-06-22T20:48:00Z INFO  dt_instance] received at 2023-06-22 20:48:00.700887413 UTC - from mc-13->source-3 "613" 20:48:00.692936542
[2023-06-22T20:48:03Z INFO  dt_instance] received at 2023-06-22 20:48:03.226189862 UTC - from mc-13->source-3 "618" 20:48:03.198346470
[2023-06-22T20:48:05Z INFO  dt_instance] received at 2023-06-22 20:48:05.711134598 UTC - from mc-13->source-1 "628" 20:48:05.707731163
[2023-06-22T20:48:08Z INFO  dt_instance] received at 2023-06-22 20:48:08.215180916 UTC - from mc-13->source-1 "633" 20:48:08.212953533
[2023-06-22T20:48:10Z INFO  dt_instance] received at 2023-06-22 20:48:10.718635703 UTC - from mc-13->source-1 "638" 20:48:10.717454708
[2023-06-22T20:48:13Z INFO  dt_instance] received at 2023-06-22 20:48:13.224505495 UTC - from mc-13->source-1 "643" 20:48:13.223217598
[2023-06-22T20:48:15Z INFO  dt_instance] received at 2023-06-22 20:48:15.734966373 UTC - from mc-13->source-1 "648" 20:48:15.729463129
[2023-06-22T20:48:18Z INFO  dt_instance] received at 2023-06-22 20:48:18.238822502 UTC - from mc-13->source-1 "653" 20:48:18.236761258
[2023-06-22T20:48:20Z INFO  dt_instance] received at 2023-06-22 20:48:20.744637649 UTC - from mc-13->source-1 "658" 20:48:20.743506989
[2023-06-22T20:48:23Z INFO  dt_instance] received at 2023-06-22 20:48:23.250085074 UTC - from mc-13->source-1 "663" 20:48:23.248802360
[2023-06-22T20:48:25Z INFO  dt_instance] received at 2023-06-22 20:48:25.756288875 UTC - from mc-13->source-1 "668" 20:48:25.754076396
[2023-06-22T20:48:28Z INFO  dt_instance] received at 2023-06-22 20:48:28.269020659 UTC - from mc-13->source-1 "673" 20:48:28.259194533
[2023-06-22T20:48:30Z INFO  dt_instance] received at 2023-06-22 20:48:30.765803476 UTC - from mc-13->source-1 "678" 20:48:30.764441155
[2023-06-22T20:48:33Z INFO  dt_instance] received at 2023-06-22 20:48:33.272973497 UTC - from mc-13->source-1 "683" 20:48:33.271394525
[2023-06-22T20:48:35Z INFO  dt_instance] received at 2023-06-22 20:48:35.778451758 UTC - from mc-13->source-1 "688" 20:48:35.776606196
[2023-06-22T20:48:38Z INFO  dt_instance] received at 2023-06-22 20:48:38.282665433 UTC - from mc-13->source-1 "693" 20:48:38.281091659
[2023-06-22T20:48:40Z INFO  dt_instance] received at 2023-06-22 20:48:40.787392171 UTC - from mc-13->source-1 "698" 20:48:40.786081518
[2023-06-22T20:48:43Z INFO  dt_instance] received at 2023-06-22 20:48:43.294248331 UTC - from mc-13->source-1 "703" 20:48:43.292992758
[2023-06-22T20:48:45Z INFO  dt_instance] received at 2023-06-22 20:48:45.799731489 UTC - from mc-13->source-1 "708" 20:48:45.798077046
[2023-06-22T20:48:48Z INFO  dt_instance] received at 2023-06-22 20:48:48.313137949 UTC - from mc-13->source-1 "713" 20:48:48.310792545
[2023-06-22T20:48:50Z INFO  dt_instance] received at 2023-06-22 20:48:50.819508241 UTC - from mc-13->source-1 "718" 20:48:50.817149439
[2023-06-22T20:48:53Z INFO  dt_instance] received at 2023-06-22 20:48:53.325388964 UTC - from mc-13->source-1 "723" 20:48:53.324087898
[2023-06-22T20:48:55Z INFO  dt_instance] received at 2023-06-22 20:48:55.834298949 UTC - from mc-13->source-1 "728" 20:48:55.833260995
[2023-06-22T20:48:58Z INFO  dt_instance] received at 2023-06-22 20:48:58.340306811 UTC - from mc-13->source-1 "733" 20:48:58.338408163
[2023-06-22T20:49:00Z INFO  dt_instance] received at 2023-06-22 20:49:00.846177211 UTC - from mc-13->source-1 "738" 20:49:00.844942251
[2023-06-22T20:49:03Z INFO  dt_instance] received at 2023-06-22 20:49:03.350638796 UTC - from mc-13->source-1 "743" 20:49:03.349387099
[2023-06-22T20:49:05Z INFO  dt_instance] received at 2023-06-22 20:49:05.857111262 UTC - from mc-13->source-1 "748" 20:49:05.855811563
[2023-06-22T20:49:08Z INFO  dt_instance] received at 2023-06-22 20:49:08.364192792 UTC - from mc-13->source-1 "753" 20:49:08.361674150
[2023-06-22T20:49:10Z INFO  dt_instance] received at 2023-06-22 20:49:10.867841089 UTC - from mc-13->source-1 "758" 20:49:10.866438787
[2023-06-22T20:49:13Z INFO  dt_instance] received at 2023-06-22 20:49:13.373085581 UTC - from mc-13->source-1 "763" 20:49:13.372092695
[2023-06-22T20:49:15Z INFO  dt_instance] received at 2023-06-22 20:49:15.880499528 UTC - from mc-13->source-1 "768" 20:49:15.878836865
[2023-06-22T20:49:18Z INFO  dt_instance] received at 2023-06-22 20:49:18.386475055 UTC - from mc-13->source-1 "773" 20:49:18.384520741
[2023-06-22T20:49:20Z INFO  dt_instance] received at 2023-06-22 20:49:20.891393054 UTC - from mc-13->source-1 "778" 20:49:20.889944619
[2023-06-22T20:49:23Z INFO  dt_instance] received at 2023-06-22 20:49:23.396368292 UTC - from mc-13->source-1 "783" 20:49:23.394621179
[2023-06-22T20:49:25Z INFO  dt_instance] received at 2023-06-22 20:49:25.901242728 UTC - from mc-13->source-1 "788" 20:49:25.900010978
[2023-06-22T20:49:28Z INFO  dt_instance] received at 2023-06-22 20:49:28.407949260 UTC - from mc-13->source-1 "793" 20:49:28.406153958
[2023-06-22T20:49:30Z INFO  dt_instance] received at 2023-06-22 20:49:30.912702675 UTC - from mc-13->source-1 "798" 20:49:30.911437452
[2023-06-22T20:49:33Z INFO  dt_instance] received at 2023-06-22 20:49:33.420667726 UTC - from mc-13->source-1 "803" 20:49:33.419140342
[2023-06-22T20:49:35Z INFO  dt_instance] received at 2023-06-22 20:49:35.928260463 UTC - from mc-13->source-7 "793" 20:49:35.927096796
[2023-06-22T20:49:38Z INFO  dt_instance] received at 2023-06-22 20:49:38.435075238 UTC - from mc-13->source-7 "798" 20:49:38.433449185
[2023-06-22T20:49:40Z INFO  dt_instance] received at 2023-06-22 20:49:40.940221718 UTC - from mc-13->source-7 "803" 20:49:40.939110595
[2023-06-22T20:49:43Z INFO  dt_instance] received at 2023-06-22 20:49:43.446395723 UTC - from mc-13->source-7 "808" 20:49:43.445126876
[2023-06-22T20:49:45Z INFO  dt_instance] received at 2023-06-22 20:49:45.954744679 UTC - from mc-13->source-7 "813" 20:49:45.951985244
[2023-06-22T20:49:48Z INFO  dt_instance] received at 2023-06-22 20:49:48.459643848 UTC - from mc-13->source-7 "818" 20:49:48.457930433
[2023-06-22T20:49:50Z INFO  dt_instance] received at 2023-06-22 20:49:50.963061868 UTC - from mc-13->source-7 "823" 20:49:50.962088254
[2023-06-22T20:49:53Z INFO  dt_instance] received at 2023-06-22 20:49:53.482674921 UTC - from mc-13->source-1 "843" 20:49:53.481145416
[2023-06-22T20:49:55Z INFO  dt_instance] received at 2023-06-22 20:49:55.989623893 UTC - from mc-13->source-1 "848" 20:49:55.988196874
[2023-06-22T20:49:58Z INFO  dt_instance] received at 2023-06-22 20:49:58.495794112 UTC - from mc-13->source-1 "853" 20:49:58.494452567
[2023-06-22T20:50:01Z INFO  dt_instance] received at 2023-06-22 20:50:01.003712622 UTC - from mc-13->source-1 "858" 20:50:01.000380667
[2023-06-22T20:50:03Z INFO  dt_instance] received at 2023-06-22 20:50:03.508551216 UTC - from mc-13->source-1 "863" 20:50:03.507068084
[2023-06-22T20:50:06Z INFO  dt_instance] received at 2023-06-22 20:50:06.016620985 UTC - from mc-13->source-1 "868" 20:50:06.015283478
[2023-06-22T20:50:08Z INFO  dt_instance] received at 2023-06-22 20:50:08.521896046 UTC - from mc-13->source-1 "873" 20:50:08.520263560
[2023-06-22T20:50:11Z INFO  dt_instance] received at 2023-06-22 20:50:11.029391418 UTC - from mc-13->source-1 "878" 20:50:11.027935996
[2023-06-22T20:50:13Z INFO  dt_instance] received at 2023-06-22 20:50:13.534729426 UTC - from mc-13->source-1 "883" 20:50:13.533300096
[2023-06-22T20:50:16Z INFO  dt_instance] received at 2023-06-22 20:50:16.043212816 UTC - from mc-13->source-1 "888" 20:50:16.040189368
[2023-06-22T20:50:18Z INFO  dt_instance] received at 2023-06-22 20:50:18.548371858 UTC - from mc-13->source-1 "893" 20:50:18.546405067
[2023-06-22T20:50:21Z INFO  dt_instance] received at 2023-06-22 20:50:21.053643989 UTC - from mc-13->source-1 "898" 20:50:21.052280576
[2023-06-22T20:50:23Z INFO  dt_instance] received at 2023-06-22 20:50:23.561710985 UTC - from mc-13->source-1 "903" 20:50:23.558094611
[2023-06-22T20:50:26Z INFO  dt_instance] received at 2023-06-22 20:50:26.069232639 UTC - from mc-13->source-1 "908" 20:50:26.066313740
[2023-06-22T20:50:28Z INFO  dt_instance] received at 2023-06-22 20:50:28.573636174 UTC - from mc-13->source-1 "913" 20:50:28.572089142
[2023-06-22T20:50:31Z INFO  dt_instance] received at 2023-06-22 20:50:31.080304921 UTC - from mc-13->source-1 "918" 20:50:31.077273793
[2023-06-22T20:50:33Z INFO  dt_instance] received at 2023-06-22 20:50:33.584348468 UTC - from mc-13->source-1 "923" 20:50:33.583085762
[2023-06-22T20:50:36Z INFO  dt_instance] received at 2023-06-22 20:50:36.090626579 UTC - from mc-13->source-1 "928" 20:50:36.089030627
[2023-06-22T20:50:38Z INFO  dt_instance] received at 2023-06-22 20:50:38.597832936 UTC - from mc-13->source-1 "933" 20:50:38.596645259
[2023-06-22T20:50:41Z INFO  dt_instance] received at 2023-06-22 20:50:41.103504334 UTC - from mc-13->source-1 "938" 20:50:41.102204239
[2023-06-22T20:50:43Z INFO  dt_instance] received at 2023-06-22 20:50:43.608831531 UTC - from mc-13->source-1 "943" 20:50:43.607153665
[2023-06-22T20:50:46Z INFO  dt_instance] received at 2023-06-22 20:50:46.114520276 UTC - from mc-13->source-3 "943" 20:50:46.113458834
[2023-06-22T20:50:48Z INFO  dt_instance] received at 2023-06-22 20:50:48.621937484 UTC - from mc-13->source-3 "948" 20:50:48.620146250
[2023-06-22T20:50:51Z INFO  dt_instance] received at 2023-06-22 20:50:51.130579677 UTC - from mc-13->source-3 "953" 20:50:51.127170988
[2023-06-22T20:50:53Z INFO  dt_instance] received at 2023-06-22 20:50:53.635459496 UTC - from mc-13->source-3 "958" 20:50:53.633735909
[2023-06-22T20:50:56Z INFO  dt_instance] received at 2023-06-22 20:50:56.141930554 UTC - from mc-13->source-3 "963" 20:50:56.139280988
[2023-06-22T20:50:58Z INFO  dt_instance] received at 2023-06-22 20:50:58.646728278 UTC - from mc-13->source-3 "968" 20:50:58.645654599
[2023-06-22T20:51:01Z INFO  dt_instance] received at 2023-06-22 20:51:01.152591190 UTC - from mc-13->source-3 "973" 20:51:01.151599408
[2023-06-22T20:51:03Z INFO  dt_instance] received at 2023-06-22 20:51:03.658953395 UTC - from mc-13->source-3 "978" 20:51:03.656822920
[2023-06-22T20:51:06Z INFO  dt_instance] received at 2023-06-22 20:51:06.163083765 UTC - from mc-13->source-3 "983" 20:51:06.161851215
[2023-06-22T20:51:08Z INFO  dt_instance] received at 2023-06-22 20:51:08.670322351 UTC - from mc-13->source-3 "988" 20:51:08.668868203
[2023-06-22T20:51:11Z INFO  dt_instance] received at 2023-06-22 20:51:11.331302985 UTC - from mc-13->source-4 "991" 20:51:11.329694539
[2023-06-22T20:51:14Z INFO  dt_instance] received at 2023-06-22 20:51:14.595215135 UTC - from mc-13->source-9 "985" 20:51:14.591853946
[2023-06-22T20:51:21Z INFO  dt_instance] received at 2023-06-22 20:51:21.609759853 UTC - from mc-13->source-9 "999" 20:51:21.608137789
