[2023-06-26T21:30:22Z INFO  dt_instance] Current Twin: mc-twin-5
[2023-06-26T21:30:22Z INFO  dt_instance] Replica Name twin-mc-stateful-5
[2023-06-26T21:30:22Z INFO  dt_instance] Sleeping for 250
[2023-06-26T21:34:32Z INFO  dt_instance] Connecting to broker at emqx.dtwins:1883
[2023-06-26T21:34:32Z INFO  dt_instance] Loggin info each 50 messages
[2023-06-26T21:34:32Z INFO  dt_instance] Set max packet size to 60000 KB.
[2023-06-26T21:34:32Z INFO  dt_instance] Refreshing topics for twin - Listen to mc-5/#
[2023-06-26T21:34:32Z INFO  dt_instance] SubAck { pkid: 1, return_codes: [Success(ExactlyOnce)] }
[2023-06-26T21:35:39Z INFO  dt_instance] received at 2023-06-26 21:35:39.869992765 UTC - from mc-5->source-2 "9" 21:35:39.869132336
[2023-06-26T21:35:43Z INFO  dt_instance] received at 2023-06-26 21:35:43.125560293 UTC - from mc-5->source-3 "13" 21:35:43.124038295
[2023-06-26T21:35:45Z INFO  dt_instance] received at 2023-06-26 21:35:45.634179492 UTC - from mc-5->source-1 "23" 21:35:45.633011017
[2023-06-26T21:35:48Z INFO  dt_instance] received at 2023-06-26 21:35:48.140223321 UTC - from mc-5->source-1 "28" 21:35:48.139073048
[2023-06-26T21:35:50Z INFO  dt_instance] received at 2023-06-26 21:35:50.646894963 UTC - from mc-5->source-1 "33" 21:35:50.645259147
[2023-06-26T21:35:53Z INFO  dt_instance] received at 2023-06-26 21:35:53.151445314 UTC - from mc-5->source-1 "38" 21:35:53.150419451
[2023-06-26T21:35:55Z INFO  dt_instance] received at 2023-06-26 21:35:55.660766119 UTC - from mc-5->source-1 "43" 21:35:55.657134167
[2023-06-26T21:35:58Z INFO  dt_instance] received at 2023-06-26 21:35:58.165137529 UTC - from mc-5->source-1 "48" 21:35:58.163846788
[2023-06-26T21:36:00Z INFO  dt_instance] received at 2023-06-26 21:36:00.670452947 UTC - from mc-5->source-1 "53" 21:36:00.668991661
[2023-06-26T21:36:03Z INFO  dt_instance] received at 2023-06-26 21:36:03.175060828 UTC - from mc-5->source-1 "58" 21:36:03.173603409
[2023-06-26T21:36:05Z INFO  dt_instance] received at 2023-06-26 21:36:05.681954091 UTC - from mc-5->source-1 "63" 21:36:05.678459151
[2023-06-26T21:36:08Z INFO  dt_instance] received at 2023-06-26 21:36:08.187603068 UTC - from mc-5->source-3 "63" 21:36:08.183893822
[2023-06-26T21:36:10Z INFO  dt_instance] received at 2023-06-26 21:36:10.694822490 UTC - from mc-5->source-3 "68" 21:36:10.690566430
[2023-06-26T21:36:13Z INFO  dt_instance] received at 2023-06-26 21:36:13.198466662 UTC - from mc-5->source-5 "68" 21:36:13.197060128
[2023-06-26T21:36:15Z INFO  dt_instance] received at 2023-06-26 21:36:15.704216928 UTC - from mc-5->source-5 "73" 21:36:15.702448914
[2023-06-26T21:36:18Z INFO  dt_instance] received at 2023-06-26 21:36:18.209027473 UTC - from mc-5->source-3 "83" 21:36:18.207547872
[2023-06-26T21:36:20Z INFO  dt_instance] received at 2023-06-26 21:36:20.715455968 UTC - from mc-5->source-5 "83" 21:36:20.712450487
[2023-06-26T21:36:23Z INFO  dt_instance] received at 2023-06-26 21:36:23.221925241 UTC - from mc-5->source-1 "98" 21:36:23.218803491
[2023-06-26T21:36:25Z INFO  dt_instance] received at 2023-06-26 21:36:25.728306992 UTC - from mc-5->source-3 "98" 21:36:25.725960480
[2023-06-26T21:36:28Z INFO  dt_instance] received at 2023-06-26 21:36:28.233886851 UTC - from mc-5->source-1 "108" 21:36:28.231802119
[2023-06-26T21:36:30Z INFO  dt_instance] received at 2023-06-26 21:36:30.740846132 UTC - from mc-5->source-3 "108" 21:36:30.736310934
[2023-06-26T21:36:33Z INFO  dt_instance] received at 2023-06-26 21:36:33.244508241 UTC - from mc-5->source-5 "108" 21:36:33.242848024
[2023-06-26T21:36:35Z INFO  dt_instance] received at 2023-06-26 21:36:35.751567628 UTC - from mc-5->source-5 "113" 21:36:35.749740946
[2023-06-26T21:36:38Z INFO  dt_instance] received at 2023-06-26 21:36:38.260004023 UTC - from mc-5->source-1 "128" 21:36:38.256724649
[2023-06-26T21:36:40Z INFO  dt_instance] received at 2023-06-26 21:36:40.775772372 UTC - from mc-5->source-3 "128" 21:36:40.766675853
[2023-06-26T21:36:43Z INFO  dt_instance] received at 2023-06-26 21:36:43.280030600 UTC - from mc-5->source-3 "133" 21:36:43.278726028
[2023-06-26T21:36:45Z INFO  dt_instance] received at 2023-06-26 21:36:45.785586266 UTC - from mc-5->source-3 "138" 21:36:45.784074177
[2023-06-26T21:36:48Z INFO  dt_instance] received at 2023-06-26 21:36:48.291639165 UTC - from mc-5->source-3 "143" 21:36:48.290122874
[2023-06-26T21:36:50Z INFO  dt_instance] received at 2023-06-26 21:36:50.797467631 UTC - from mc-5->source-3 "148" 21:36:50.796116593
[2023-06-26T21:36:53Z INFO  dt_instance] received at 2023-06-26 21:36:53.305490135 UTC - from mc-5->source-3 "153" 21:36:53.302926978
[2023-06-26T21:36:55Z INFO  dt_instance] received at 2023-06-26 21:36:55.809011552 UTC - from mc-5->source-3 "158" 21:36:55.807576635
[2023-06-26T21:36:58Z INFO  dt_instance] received at 2023-06-26 21:36:58.314579839 UTC - from mc-5->source-3 "163" 21:36:58.313312502
[2023-06-26T21:37:00Z INFO  dt_instance] received at 2023-06-26 21:37:00.819875078 UTC - from mc-5->source-3 "168" 21:37:00.818836635
[2023-06-26T21:37:03Z INFO  dt_instance] received at 2023-06-26 21:37:03.325966136 UTC - from mc-5->source-3 "173" 21:37:03.324552433
[2023-06-26T21:37:05Z INFO  dt_instance] received at 2023-06-26 21:37:05.832234331 UTC - from mc-5->source-3 "178" 21:37:05.829983937
[2023-06-26T21:37:08Z INFO  dt_instance] received at 2023-06-26 21:37:08.338308031 UTC - from mc-5->source-3 "183" 21:37:08.335723584
[2023-06-26T21:37:10Z INFO  dt_instance] received at 2023-06-26 21:37:10.842053104 UTC - from mc-5->source-3 "188" 21:37:10.840226329
[2023-06-26T21:37:13Z INFO  dt_instance] received at 2023-06-26 21:37:13.346834540 UTC - from mc-5->source-3 "193" 21:37:13.345721727
[2023-06-26T21:37:15Z INFO  dt_instance] received at 2023-06-26 21:37:15.854417495 UTC - from mc-5->source-3 "198" 21:37:15.851460897
[2023-06-26T21:37:18Z INFO  dt_instance] received at 2023-06-26 21:37:18.362043956 UTC - from mc-5->source-3 "203" 21:37:18.360881724
[2023-06-26T21:37:20Z INFO  dt_instance] received at 2023-06-26 21:37:20.868612119 UTC - from mc-5->source-3 "208" 21:37:20.867144108
[2023-06-26T21:37:23Z INFO  dt_instance] received at 2023-06-26 21:37:23.376146664 UTC - from mc-5->source-3 "213" 21:37:23.374424909
[2023-06-26T21:37:25Z INFO  dt_instance] received at 2023-06-26 21:37:25.881312682 UTC - from mc-5->source-3 "218" 21:37:25.879522032
[2023-06-26T21:37:28Z INFO  dt_instance] received at 2023-06-26 21:37:28.388150747 UTC - from mc-5->source-3 "223" 21:37:28.386684842
[2023-06-26T21:37:30Z INFO  dt_instance] received at 2023-06-26 21:37:30.895080360 UTC - from mc-5->source-3 "228" 21:37:30.892187054
[2023-06-26T21:37:33Z INFO  dt_instance] received at 2023-06-26 21:37:33.398540665 UTC - from mc-5->source-3 "233" 21:37:33.397065200
[2023-06-26T21:37:35Z INFO  dt_instance] received at 2023-06-26 21:37:35.904363898 UTC - from mc-5->source-3 "238" 21:37:35.903107048
[2023-06-26T21:37:38Z INFO  dt_instance] received at 2023-06-26 21:37:38.410904158 UTC - from mc-5->source-3 "243" 21:37:38.409822815
[2023-06-26T21:37:40Z INFO  dt_instance] received at 2023-06-26 21:37:40.917941853 UTC - from mc-5->source-3 "248" 21:37:40.914170036
[2023-06-26T21:37:43Z INFO  dt_instance] received at 2023-06-26 21:37:43.421621888 UTC - from mc-5->source-3 "253" 21:37:43.419387857
[2023-06-26T21:37:45Z INFO  dt_instance] received at 2023-06-26 21:37:45.928423219 UTC - from mc-5->source-3 "258" 21:37:45.926124314
[2023-06-26T21:37:48Z INFO  dt_instance] received at 2023-06-26 21:37:48.432536968 UTC - from mc-5->source-3 "263" 21:37:48.431069316
[2023-06-26T21:37:50Z INFO  dt_instance] received at 2023-06-26 21:37:50.940900460 UTC - from mc-5->source-3 "268" 21:37:50.937701445
[2023-06-26T21:37:53Z INFO  dt_instance] received at 2023-06-26 21:37:53.443531792 UTC - from mc-5->source-5 "268" 21:37:53.442127242
[2023-06-26T21:37:55Z INFO  dt_instance] received at 2023-06-26 21:37:55.951707020 UTC - from mc-5->source-5 "273" 21:37:55.948658528
[2023-06-26T21:37:58Z INFO  dt_instance] received at 2023-06-26 21:37:58.456486883 UTC - from mc-5->source-5 "278" 21:37:58.455146766
[2023-06-26T21:38:00Z INFO  dt_instance] received at 2023-06-26 21:38:00.963343105 UTC - from mc-5->source-5 "283" 21:38:00.960631878
[2023-06-26T21:38:03Z INFO  dt_instance] received at 2023-06-26 21:38:03.467174279 UTC - from mc-5->source-5 "288" 21:38:03.465600800
[2023-06-26T21:38:05Z INFO  dt_instance] received at 2023-06-26 21:38:05.973748793 UTC - from mc-5->source-5 "293" 21:38:05.971276994
[2023-06-26T21:38:08Z INFO  dt_instance] received at 2023-06-26 21:38:08.478223010 UTC - from mc-5->source-1 "308" 21:38:08.476652470
[2023-06-26T21:38:10Z INFO  dt_instance] received at 2023-06-26 21:38:10.986633187 UTC - from mc-5->source-1 "313" 21:38:10.983764367
[2023-06-26T21:38:13Z INFO  dt_instance] received at 2023-06-26 21:38:13.491281871 UTC - from mc-5->source-1 "318" 21:38:13.488061071
[2023-06-26T21:38:15Z INFO  dt_instance] received at 2023-06-26 21:38:15.996257426 UTC - from mc-5->source-1 "323" 21:38:15.993622260
[2023-06-26T21:38:18Z INFO  dt_instance] received at 2023-06-26 21:38:18.500887927 UTC - from mc-5->source-5 "318" 21:38:18.498718531
[2023-06-26T21:38:21Z INFO  dt_instance] received at 2023-06-26 21:38:21.007506377 UTC - from mc-5->source-1 "333" 21:38:21.004443176
[2023-06-26T21:38:23Z INFO  dt_instance] received at 2023-06-26 21:38:23.511703028 UTC - from mc-5->source-3 "333" 21:38:23.510253797
[2023-06-26T21:38:26Z INFO  dt_instance] received at 2023-06-26 21:38:26.023138460 UTC - from mc-5->source-1 "343" 21:38:26.019318643
[2023-06-26T21:38:28Z INFO  dt_instance] received at 2023-06-26 21:38:28.528682537 UTC - from mc-5->source-1 "348" 21:38:28.524656536
[2023-06-26T21:38:31Z INFO  dt_instance] received at 2023-06-26 21:38:31.031927623 UTC - from mc-5->source-5 "343" 21:38:31.029581755
[2023-06-26T21:38:33Z INFO  dt_instance] received at 2023-06-26 21:38:33.536820 UTC - from mc-5->source-3 "353" 21:38:33.534973209
[2023-06-26T21:38:36Z INFO  dt_instance] received at 2023-06-26 21:38:36.042837958 UTC - from mc-5->source-3 "358" 21:38:36.041733228
[2023-06-26T21:38:38Z INFO  dt_instance] received at 2023-06-26 21:38:38.550453294 UTC - from mc-5->source-3 "363" 21:38:38.548835606
[2023-06-26T21:38:41Z INFO  dt_instance] received at 2023-06-26 21:38:41.057752694 UTC - from mc-5->source-3 "368" 21:38:41.055821164
[2023-06-26T21:38:43Z INFO  dt_instance] received at 2023-06-26 21:38:43.565299870 UTC - from mc-5->source-3 "373" 21:38:43.562484006
[2023-06-26T21:38:46Z INFO  dt_instance] received at 2023-06-26 21:38:46.071313400 UTC - from mc-5->source-3 "378" 21:38:46.067492187
[2023-06-26T21:38:48Z INFO  dt_instance] received at 2023-06-26 21:38:48.575926122 UTC - from mc-5->source-5 "378" 21:38:48.574120684
[2023-06-26T21:38:51Z INFO  dt_instance] received at 2023-06-26 21:38:51.084082365 UTC - from mc-5->source-5 "383" 21:38:51.081587117
[2023-06-26T21:38:53Z INFO  dt_instance] received at 2023-06-26 21:38:53.589676054 UTC - from mc-5->source-5 "388" 21:38:53.588106324
[2023-06-26T21:38:56Z INFO  dt_instance] received at 2023-06-26 21:38:56.096436844 UTC - from mc-5->source-5 "393" 21:38:56.095164137
[2023-06-26T21:38:58Z INFO  dt_instance] received at 2023-06-26 21:38:58.602791800 UTC - from mc-5->source-5 "398" 21:38:58.601743230
[2023-06-26T21:39:01Z INFO  dt_instance] received at 2023-06-26 21:39:01.107837835 UTC - from mc-5->source-5 "403" 21:39:01.106814654
[2023-06-26T21:39:03Z INFO  dt_instance] received at 2023-06-26 21:39:03.614237963 UTC - from mc-5->source-5 "408" 21:39:03.612329628
[2023-06-26T21:39:06Z INFO  dt_instance] received at 2023-06-26 21:39:06.120269513 UTC - from mc-5->source-5 "413" 21:39:06.119134165
[2023-06-26T21:39:08Z INFO  dt_instance] received at 2023-06-26 21:39:08.626369382 UTC - from mc-5->source-5 "418" 21:39:08.624109212
[2023-06-26T21:39:11Z INFO  dt_instance] received at 2023-06-26 21:39:11.130425924 UTC - from mc-5->source-5 "423" 21:39:11.129128518
[2023-06-26T21:39:13Z INFO  dt_instance] received at 2023-06-26 21:39:13.637185012 UTC - from mc-5->source-5 "428" 21:39:13.635395763
[2023-06-26T21:39:16Z INFO  dt_instance] received at 2023-06-26 21:39:16.144162053 UTC - from mc-5->source-5 "433" 21:39:16.143045317
[2023-06-26T21:39:18Z INFO  dt_instance] received at 2023-06-26 21:39:18.649913509 UTC - from mc-5->source-5 "438" 21:39:18.648526482
[2023-06-26T21:39:21Z INFO  dt_instance] received at 2023-06-26 21:39:21.154665233 UTC - from mc-5->source-5 "443" 21:39:21.153388191
[2023-06-26T21:39:23Z INFO  dt_instance] received at 2023-06-26 21:39:23.660620522 UTC - from mc-5->source-5 "448" 21:39:23.659609527
[2023-06-26T21:39:26Z INFO  dt_instance] received at 2023-06-26 21:39:26.167800664 UTC - from mc-5->source-5 "453" 21:39:26.166648942
[2023-06-26T21:39:28Z INFO  dt_instance] received at 2023-06-26 21:39:28.685224677 UTC - from mc-5->source-3 "463" 21:39:28.676865383
[2023-06-26T21:39:31Z INFO  dt_instance] received at 2023-06-26 21:39:31.185148513 UTC - from mc-5->source-3 "468" 21:39:31.184103171
[2023-06-26T21:39:33Z INFO  dt_instance] received at 2023-06-26 21:39:33.691221687 UTC - from mc-5->source-3 "473" 21:39:33.689574058
[2023-06-26T21:39:36Z INFO  dt_instance] received at 2023-06-26 21:39:36.198205426 UTC - from mc-5->source-3 "478" 21:39:36.196977110
[2023-06-26T21:39:38Z INFO  dt_instance] received at 2023-06-26 21:39:38.705073032 UTC - from mc-5->source-3 "483" 21:39:38.703795322
[2023-06-26T21:39:41Z INFO  dt_instance] received at 2023-06-26 21:39:41.211355562 UTC - from mc-5->source-3 "488" 21:39:41.209734857
[2023-06-26T21:39:43Z INFO  dt_instance] received at 2023-06-26 21:39:43.715992296 UTC - from mc-5->source-3 "493" 21:39:43.715012899
[2023-06-26T21:39:46Z INFO  dt_instance] received at 2023-06-26 21:39:46.223182493 UTC - from mc-5->source-3 "498" 21:39:46.221695326
[2023-06-26T21:39:48Z INFO  dt_instance] received at 2023-06-26 21:39:48.728873464 UTC - from mc-5->source-3 "503" 21:39:48.727152850
[2023-06-26T21:39:51Z INFO  dt_instance] received at 2023-06-26 21:39:51.234151583 UTC - from mc-5->source-3 "508" 21:39:51.232631675
[2023-06-26T21:39:53Z INFO  dt_instance] received at 2023-06-26 21:39:53.738747253 UTC - from mc-5->source-3 "513" 21:39:53.737631016
[2023-06-26T21:39:56Z INFO  dt_instance] received at 2023-06-26 21:39:56.244143976 UTC - from mc-5->source-3 "518" 21:39:56.243115580
[2023-06-26T21:39:58Z INFO  dt_instance] received at 2023-06-26 21:39:58.751361035 UTC - from mc-5->source-3 "523" 21:39:58.749833619
[2023-06-26T21:40:01Z INFO  dt_instance] received at 2023-06-26 21:40:01.257033847 UTC - from mc-5->source-3 "528" 21:40:01.255906128
[2023-06-26T21:40:03Z INFO  dt_instance] received at 2023-06-26 21:40:03.762974805 UTC - from mc-5->source-3 "533" 21:40:03.761268388
[2023-06-26T21:40:06Z INFO  dt_instance] received at 2023-06-26 21:40:06.269704353 UTC - from mc-5->source-3 "538" 21:40:06.268491410
[2023-06-26T21:40:08Z INFO  dt_instance] received at 2023-06-26 21:40:08.775157298 UTC - from mc-5->source-3 "543" 21:40:08.774028057
[2023-06-26T21:40:11Z INFO  dt_instance] received at 2023-06-26 21:40:11.280887119 UTC - from mc-5->source-3 "548" 21:40:11.279844874
[2023-06-26T21:40:13Z INFO  dt_instance] received at 2023-06-26 21:40:13.787031842 UTC - from mc-5->source-3 "553" 21:40:13.785895170
[2023-06-26T21:40:16Z INFO  dt_instance] received at 2023-06-26 21:40:16.294913952 UTC - from mc-5->source-3 "558" 21:40:16.292235875
[2023-06-26T21:40:18Z INFO  dt_instance] received at 2023-06-26 21:40:18.810589008 UTC - from mc-5->source-3 "563" 21:40:18.809181273
[2023-06-26T21:40:21Z INFO  dt_instance] received at 2023-06-26 21:40:21.318069717 UTC - from mc-5->source-3 "568" 21:40:21.314765544
[2023-06-26T21:40:23Z INFO  dt_instance] received at 2023-06-26 21:40:23.822040800 UTC - from mc-5->source-3 "573" 21:40:23.820366012
[2023-06-26T21:40:26Z INFO  dt_instance] received at 2023-06-26 21:40:26.326968478 UTC - from mc-5->source-3 "578" 21:40:26.325731018
[2023-06-26T21:40:28Z INFO  dt_instance] received at 2023-06-26 21:40:28.831831657 UTC - from mc-5->source-3 "583" 21:40:28.830176272
[2023-06-26T21:40:31Z INFO  dt_instance] received at 2023-06-26 21:40:31.336491196 UTC - from mc-5->source-3 "588" 21:40:31.335288575
[2023-06-26T21:40:33Z INFO  dt_instance] received at 2023-06-26 21:40:33.844233727 UTC - from mc-5->source-3 "593" 21:40:33.842595419
[2023-06-26T21:40:36Z INFO  dt_instance] received at 2023-06-26 21:40:36.349560892 UTC - from mc-5->source-3 "598" 21:40:36.348334190
[2023-06-26T21:40:38Z INFO  dt_instance] received at 2023-06-26 21:40:38.856207703 UTC - from mc-5->source-3 "603" 21:40:38.854468075
[2023-06-26T21:40:41Z INFO  dt_instance] received at 2023-06-26 21:40:41.362103870 UTC - from mc-5->source-3 "608" 21:40:41.359512411
[2023-06-26T21:40:43Z INFO  dt_instance] received at 2023-06-26 21:40:43.867419255 UTC - from mc-5->source-3 "613" 21:40:43.865641363
[2023-06-26T21:40:46Z INFO  dt_instance] received at 2023-06-26 21:40:46.372460514 UTC - from mc-5->source-3 "618" 21:40:46.370947616
[2023-06-26T21:40:48Z INFO  dt_instance] received at 2023-06-26 21:40:48.877566489 UTC - from mc-5->source-3 "623" 21:40:48.875748976
[2023-06-26T21:40:51Z INFO  dt_instance] received at 2023-06-26 21:40:51.383040164 UTC - from mc-5->source-3 "628" 21:40:51.381281771
[2023-06-26T21:40:53Z INFO  dt_instance] received at 2023-06-26 21:40:53.888977135 UTC - from mc-5->source-3 "633" 21:40:53.887180947
[2023-06-26T21:40:56Z INFO  dt_instance] received at 2023-06-26 21:40:56.395447335 UTC - from mc-5->source-3 "638" 21:40:56.393728766
[2023-06-26T21:40:58Z INFO  dt_instance] received at 2023-06-26 21:40:58.899737859 UTC - from mc-5->source-3 "643" 21:40:58.898363847
[2023-06-26T21:41:01Z INFO  dt_instance] received at 2023-06-26 21:41:01.407551858 UTC - from mc-5->source-3 "648" 21:41:01.405067195
[2023-06-26T21:41:03Z INFO  dt_instance] received at 2023-06-26 21:41:03.912022606 UTC - from mc-5->source-3 "653" 21:41:03.910422702
[2023-06-26T21:41:06Z INFO  dt_instance] received at 2023-06-26 21:41:06.418943778 UTC - from mc-5->source-3 "658" 21:41:06.417019172
[2023-06-26T21:41:08Z INFO  dt_instance] received at 2023-06-26 21:41:08.923897350 UTC - from mc-5->source-3 "663" 21:41:08.922146781
[2023-06-26T21:41:11Z INFO  dt_instance] received at 2023-06-26 21:41:11.430437713 UTC - from mc-5->source-3 "668" 21:41:11.429044878
[2023-06-26T21:41:13Z INFO  dt_instance] received at 2023-06-26 21:41:13.942583069 UTC - from mc-5->source-3 "673" 21:41:13.934353862
[2023-06-26T21:41:16Z INFO  dt_instance] received at 2023-06-26 21:41:16.441929260 UTC - from mc-5->source-3 "678" 21:41:16.440698498
[2023-06-26T21:41:18Z INFO  dt_instance] received at 2023-06-26 21:41:18.949110596 UTC - from mc-5->source-3 "683" 21:41:18.946030406
[2023-06-26T21:41:21Z INFO  dt_instance] received at 2023-06-26 21:41:21.453517496 UTC - from mc-5->source-3 "688" 21:41:21.451913789
[2023-06-26T21:41:23Z INFO  dt_instance] received at 2023-06-26 21:41:23.958778945 UTC - from mc-5->source-3 "693" 21:41:23.957462851
[2023-06-26T21:41:26Z INFO  dt_instance] received at 2023-06-26 21:41:26.473016677 UTC - from mc-5->source-3 "698" 21:41:26.469507232
[2023-06-26T21:41:28Z INFO  dt_instance] received at 2023-06-26 21:41:28.975411140 UTC - from mc-5->source-3 "703" 21:41:28.974415057
[2023-06-26T21:41:31Z INFO  dt_instance] received at 2023-06-26 21:41:31.482290907 UTC - from mc-5->source-3 "708" 21:41:31.479157857
[2023-06-26T21:41:33Z INFO  dt_instance] received at 2023-06-26 21:41:33.987612034 UTC - from mc-5->source-3 "713" 21:41:33.986073666
[2023-06-26T21:41:36Z INFO  dt_instance] received at 2023-06-26 21:41:36.495898058 UTC - from mc-5->source-3 "718" 21:41:36.494427623
[2023-06-26T21:41:39Z INFO  dt_instance] received at 2023-06-26 21:41:39.003421076 UTC - from mc-5->source-3 "723" 21:41:39.002031616
[2023-06-26T21:41:41Z INFO  dt_instance] received at 2023-06-26 21:41:41.510485669 UTC - from mc-5->source-3 "728" 21:41:41.508403600
[2023-06-26T21:41:44Z INFO  dt_instance] received at 2023-06-26 21:41:44.016146543 UTC - from mc-5->source-3 "733" 21:41:44.014755036
[2023-06-26T21:41:46Z INFO  dt_instance] received at 2023-06-26 21:41:46.522890714 UTC - from mc-5->source-3 "738" 21:41:46.519615786
[2023-06-26T21:41:49Z INFO  dt_instance] received at 2023-06-26 21:41:49.027710174 UTC - from mc-5->source-3 "743" 21:41:49.026280195
[2023-06-26T21:41:51Z INFO  dt_instance] received at 2023-06-26 21:41:51.533222943 UTC - from mc-5->source-3 "748" 21:41:51.531662395
[2023-06-26T21:41:54Z INFO  dt_instance] received at 2023-06-26 21:41:54.037042570 UTC - from mc-5->source-3 "753" 21:41:54.036148380
[2023-06-26T21:41:56Z INFO  dt_instance] received at 2023-06-26 21:41:56.542997583 UTC - from mc-5->source-3 "758" 21:41:56.541581308
[2023-06-26T21:41:59Z INFO  dt_instance] received at 2023-06-26 21:41:59.048385505 UTC - from mc-5->source-3 "763" 21:41:59.047248805
[2023-06-26T21:42:01Z INFO  dt_instance] received at 2023-06-26 21:42:01.555626270 UTC - from mc-5->source-3 "768" 21:42:01.552841316
[2023-06-26T21:42:04Z INFO  dt_instance] received at 2023-06-26 21:42:04.060650050 UTC - from mc-5->source-3 "773" 21:42:04.058755822
[2023-06-26T21:42:06Z INFO  dt_instance] received at 2023-06-26 21:42:06.565416846 UTC - from mc-5->source-3 "778" 21:42:06.564005508
[2023-06-26T21:42:09Z INFO  dt_instance] received at 2023-06-26 21:42:09.070864027 UTC - from mc-5->source-3 "783" 21:42:09.069414941
[2023-06-26T21:42:11Z INFO  dt_instance] received at 2023-06-26 21:42:11.576619876 UTC - from mc-5->source-3 "788" 21:42:11.574599661
[2023-06-26T21:42:14Z INFO  dt_instance] received at 2023-06-26 21:42:14.081914195 UTC - from mc-5->source-3 "793" 21:42:14.080444899
[2023-06-26T21:42:16Z INFO  dt_instance] received at 2023-06-26 21:42:16.588987800 UTC - from mc-5->source-3 "798" 21:42:16.586334932
[2023-06-26T21:42:19Z INFO  dt_instance] received at 2023-06-26 21:42:19.093538883 UTC - from mc-5->source-3 "803" 21:42:19.092409928
[2023-06-26T21:42:21Z INFO  dt_instance] received at 2023-06-26 21:42:21.600091294 UTC - from mc-5->source-3 "808" 21:42:21.598223652
[2023-06-26T21:42:24Z INFO  dt_instance] received at 2023-06-26 21:42:24.105128367 UTC - from mc-5->source-3 "813" 21:42:24.103466256
[2023-06-26T21:42:26Z INFO  dt_instance] received at 2023-06-26 21:42:26.610288150 UTC - from mc-5->source-3 "818" 21:42:26.608975147
[2023-06-26T21:42:29Z INFO  dt_instance] received at 2023-06-26 21:42:29.116299795 UTC - from mc-5->source-3 "823" 21:42:29.114654394
[2023-06-26T21:42:31Z INFO  dt_instance] received at 2023-06-26 21:42:31.621418387 UTC - from mc-5->source-3 "828" 21:42:31.620100168
[2023-06-26T21:42:34Z INFO  dt_instance] received at 2023-06-26 21:42:34.128442966 UTC - from mc-5->source-3 "833" 21:42:34.127153995
[2023-06-26T21:42:36Z INFO  dt_instance] received at 2023-06-26 21:42:36.634638677 UTC - from mc-5->source-3 "838" 21:42:36.633031079
[2023-06-26T21:42:39Z INFO  dt_instance] received at 2023-06-26 21:42:39.139717855 UTC - from mc-5->source-3 "843" 21:42:39.138265579
[2023-06-26T21:42:41Z INFO  dt_instance] received at 2023-06-26 21:42:41.644702704 UTC - from mc-5->source-3 "848" 21:42:41.643538586
[2023-06-26T21:42:44Z INFO  dt_instance] received at 2023-06-26 21:42:44.150802642 UTC - from mc-5->source-3 "853" 21:42:44.149519502
[2023-06-26T21:42:46Z INFO  dt_instance] received at 2023-06-26 21:42:46.656257510 UTC - from mc-5->source-3 "858" 21:42:46.654561328
[2023-06-26T21:42:49Z INFO  dt_instance] received at 2023-06-26 21:42:49.163017514 UTC - from mc-5->source-3 "863" 21:42:49.161905883
[2023-06-26T21:42:51Z INFO  dt_instance] received at 2023-06-26 21:42:51.668191979 UTC - from mc-5->source-3 "868" 21:42:51.666406428
[2023-06-26T21:42:54Z INFO  dt_instance] received at 2023-06-26 21:42:54.173005239 UTC - from mc-5->source-3 "873" 21:42:54.171580510
[2023-06-26T21:42:56Z INFO  dt_instance] received at 2023-06-26 21:42:56.679078667 UTC - from mc-5->source-3 "878" 21:42:56.677402382
[2023-06-26T21:42:59Z INFO  dt_instance] received at 2023-06-26 21:42:59.185174081 UTC - from mc-5->source-3 "883" 21:42:59.183064101
[2023-06-26T21:43:01Z INFO  dt_instance] received at 2023-06-26 21:43:01.692126526 UTC - from mc-5->source-3 "888" 21:43:01.689847800
[2023-06-26T21:43:04Z INFO  dt_instance] received at 2023-06-26 21:43:04.197169821 UTC - from mc-5->source-3 "893" 21:43:04.194647642
[2023-06-26T21:43:06Z INFO  dt_instance] received at 2023-06-26 21:43:06.702357904 UTC - from mc-5->source-3 "898" 21:43:06.701223988
[2023-06-26T21:43:09Z INFO  dt_instance] received at 2023-06-26 21:43:09.209074476 UTC - from mc-5->source-3 "903" 21:43:09.207765650
[2023-06-26T21:43:11Z INFO  dt_instance] received at 2023-06-26 21:43:11.716071936 UTC - from mc-5->source-3 "908" 21:43:11.714517187
[2023-06-26T21:43:14Z INFO  dt_instance] received at 2023-06-26 21:43:14.222080780 UTC - from mc-5->source-3 "913" 21:43:14.220549865
[2023-06-26T21:43:16Z INFO  dt_instance] received at 2023-06-26 21:43:16.728082398 UTC - from mc-5->source-3 "918" 21:43:16.726434797
[2023-06-26T21:43:19Z INFO  dt_instance] received at 2023-06-26 21:43:19.233829845 UTC - from mc-5->source-3 "923" 21:43:19.231537636
[2023-06-26T21:43:21Z INFO  dt_instance] received at 2023-06-26 21:43:21.740939441 UTC - from mc-5->source-3 "928" 21:43:21.738301839
[2023-06-26T21:43:24Z INFO  dt_instance] received at 2023-06-26 21:43:24.248047603 UTC - from mc-5->source-3 "933" 21:43:24.244136557
[2023-06-26T21:43:26Z INFO  dt_instance] received at 2023-06-26 21:43:26.750215607 UTC - from mc-5->source-3 "938" 21:43:26.749119570
[2023-06-26T21:43:29Z INFO  dt_instance] received at 2023-06-26 21:43:29.256080432 UTC - from mc-5->source-3 "943" 21:43:29.254682265
[2023-06-26T21:43:31Z INFO  dt_instance] received at 2023-06-26 21:43:31.761923460 UTC - from mc-5->source-3 "948" 21:43:31.760511946
[2023-06-26T21:43:34Z INFO  dt_instance] received at 2023-06-26 21:43:34.268889734 UTC - from mc-5->source-3 "953" 21:43:34.265779128
[2023-06-26T21:43:36Z INFO  dt_instance] received at 2023-06-26 21:43:36.772331653 UTC - from mc-5->source-3 "958" 21:43:36.771319834
[2023-06-26T21:43:39Z INFO  dt_instance] received at 2023-06-26 21:43:39.278142620 UTC - from mc-5->source-3 "963" 21:43:39.277067065
[2023-06-26T21:43:41Z INFO  dt_instance] received at 2023-06-26 21:43:41.789122572 UTC - from mc-5->source-3 "968" 21:43:41.783389549
[2023-06-26T21:43:44Z INFO  dt_instance] received at 2023-06-26 21:43:44.290155918 UTC - from mc-5->source-3 "973" 21:43:44.288552511
[2023-06-26T21:43:46Z INFO  dt_instance] received at 2023-06-26 21:43:46.796079425 UTC - from mc-5->source-3 "978" 21:43:46.794670955
[2023-06-26T21:43:49Z INFO  dt_instance] received at 2023-06-26 21:43:49.303379696 UTC - from mc-5->source-3 "983" 21:43:49.300085601
[2023-06-26T21:43:51Z INFO  dt_instance] received at 2023-06-26 21:43:51.807483069 UTC - from mc-5->source-3 "988" 21:43:51.806069497
[2023-06-26T21:43:54Z INFO  dt_instance] received at 2023-06-26 21:43:54.523078927 UTC - from mc-5->source-8 "981" 21:43:54.520617405
[2023-06-26T21:43:57Z INFO  dt_instance] received at 2023-06-26 21:43:57.755000836 UTC - from mc-5->source-9 "985" 21:43:57.753578082
[2023-06-26T21:44:04Z INFO  dt_instance] received at 2023-06-26 21:44:04.770023547 UTC - from mc-5->source-9 "999" 21:44:04.768383002
