[2023-07-16T01:28:38Z INFO  dt_instance] Current Twin: mc-twin-26
[2023-07-16T01:28:38Z INFO  dt_instance] Replica Name twin-mc-stateful-26
[2023-07-16T01:28:38Z INFO  dt_instance] Sleeping for 1300
[2023-07-16T01:50:18Z INFO  dt_instance] Connecting to broker at emqx.dtwins:1883
[2023-07-16T01:50:18Z INFO  dt_instance] Loggin info each 50 messages
[2023-07-16T01:50:18Z INFO  dt_instance] Set max packet size to 60000 KB.
[2023-07-16T01:50:18Z INFO  dt_instance] Refreshing topics for twin - Listen to mc-26/#
[2023-07-16T01:50:18Z INFO  dt_instance] SubAck { pkid: 1, return_codes: [Success(ExactlyOnce)] }
[2023-07-16T01:51:25Z INFO  dt_instance] received at 2023-07-16 01:51:25.645939877 UTC - from mc-26->source-2 "9" 01:51:25.644878473
[2023-07-16T01:51:28Z INFO  dt_instance] received at 2023-07-16 01:51:28.899119993 UTC - from mc-26->source-3 "13" 01:51:28.897985399
[2023-07-16T01:51:31Z INFO  dt_instance] received at 2023-07-16 01:51:31.416039838 UTC - from mc-26->source-1 "23" 01:51:31.414847985
[2023-07-16T01:51:33Z INFO  dt_instance] received at 2023-07-16 01:51:33.922035694 UTC - from mc-26->source-1 "28" 01:51:33.920895697
[2023-07-16T01:51:36Z INFO  dt_instance] received at 2023-07-16 01:51:36.430680893 UTC - from mc-26->source-1 "33" 01:51:36.428810672
[2023-07-16T01:51:38Z INFO  dt_instance] received at 2023-07-16 01:51:38.939276035 UTC - from mc-26->source-1 "38" 01:51:38.937110268
[2023-07-16T01:51:41Z INFO  dt_instance] received at 2023-07-16 01:51:41.444294456 UTC - from mc-26->source-1 "43" 01:51:41.443058421
[2023-07-16T01:51:43Z INFO  dt_instance] received at 2023-07-16 01:51:43.950214803 UTC - from mc-26->source-1 "48" 01:51:43.948846681
[2023-07-16T01:51:46Z INFO  dt_instance] received at 2023-07-16 01:51:46.456845331 UTC - from mc-26->source-1 "53" 01:51:46.455483610
[2023-07-16T01:51:48Z INFO  dt_instance] received at 2023-07-16 01:51:48.969024553 UTC - from mc-26->source-1 "58" 01:51:48.959990579
[2023-07-16T01:51:51Z INFO  dt_instance] received at 2023-07-16 01:51:51.467780433 UTC - from mc-26->source-1 "63" 01:51:51.466186996
[2023-07-16T01:51:53Z INFO  dt_instance] received at 2023-07-16 01:51:53.974641393 UTC - from mc-26->source-1 "68" 01:51:53.972435866
[2023-07-16T01:51:56Z INFO  dt_instance] received at 2023-07-16 01:51:56.481806852 UTC - from mc-26->source-1 "73" 01:51:56.478734565
[2023-07-16T01:51:58Z INFO  dt_instance] received at 2023-07-16 01:51:58.987977412 UTC - from mc-26->source-1 "78" 01:51:58.986654222
[2023-07-16T01:52:01Z INFO  dt_instance] received at 2023-07-16 01:52:01.494051916 UTC - from mc-26->source-1 "83" 01:52:01.492727881
[2023-07-16T01:52:03Z INFO  dt_instance] received at 2023-07-16 01:52:03.998245392 UTC - from mc-26->source-1 "88" 01:52:03.997047486
[2023-07-16T01:52:06Z INFO  dt_instance] received at 2023-07-16 01:52:06.503862292 UTC - from mc-26->source-1 "93" 01:52:06.502134214
[2023-07-16T01:52:09Z INFO  dt_instance] received at 2023-07-16 01:52:09.018733997 UTC - from mc-26->source-1 "98" 01:52:09.016885501
[2023-07-16T01:52:11Z INFO  dt_instance] received at 2023-07-16 01:52:11.524108151 UTC - from mc-26->source-1 "103" 01:52:11.522820488
[2023-07-16T01:52:14Z INFO  dt_instance] received at 2023-07-16 01:52:14.030108117 UTC - from mc-26->source-1 "108" 01:52:14.028652061
[2023-07-16T01:52:16Z INFO  dt_instance] received at 2023-07-16 01:52:16.535295198 UTC - from mc-26->source-1 "113" 01:52:16.533410504
[2023-07-16T01:52:19Z INFO  dt_instance] received at 2023-07-16 01:52:19.041933660 UTC - from mc-26->source-1 "118" 01:52:19.040535472
[2023-07-16T01:52:21Z INFO  dt_instance] received at 2023-07-16 01:52:21.546647190 UTC - from mc-26->source-1 "123" 01:52:21.545053094
[2023-07-16T01:52:24Z INFO  dt_instance] received at 2023-07-16 01:52:24.052032131 UTC - from mc-26->source-1 "128" 01:52:24.050368350
[2023-07-16T01:52:26Z INFO  dt_instance] received at 2023-07-16 01:52:26.557861053 UTC - from mc-26->source-1 "133" 01:52:26.556585001
[2023-07-16T01:52:29Z INFO  dt_instance] received at 2023-07-16 01:52:29.063501375 UTC - from mc-26->source-1 "138" 01:52:29.061713703
[2023-07-16T01:52:31Z INFO  dt_instance] received at 2023-07-16 01:52:31.567760524 UTC - from mc-26->source-1 "143" 01:52:31.566356474
[2023-07-16T01:52:34Z INFO  dt_instance] received at 2023-07-16 01:52:34.080309246 UTC - from mc-26->source-1 "148" 01:52:34.078767053
[2023-07-16T01:52:36Z INFO  dt_instance] received at 2023-07-16 01:52:36.585870075 UTC - from mc-26->source-1 "153" 01:52:36.584477217
[2023-07-16T01:52:39Z INFO  dt_instance] received at 2023-07-16 01:52:39.090980904 UTC - from mc-26->source-1 "158" 01:52:39.089466761
[2023-07-16T01:52:41Z INFO  dt_instance] received at 2023-07-16 01:52:41.596058334 UTC - from mc-26->source-1 "163" 01:52:41.595010057
[2023-07-16T01:52:44Z INFO  dt_instance] received at 2023-07-16 01:52:44.103393639 UTC - from mc-26->source-1 "168" 01:52:44.101113481
[2023-07-16T01:52:46Z INFO  dt_instance] received at 2023-07-16 01:52:46.607434565 UTC - from mc-26->source-1 "173" 01:52:46.606389906
[2023-07-16T01:52:49Z INFO  dt_instance] received at 2023-07-16 01:52:49.113507976 UTC - from mc-26->source-1 "178" 01:52:49.112286375
[2023-07-16T01:52:51Z INFO  dt_instance] received at 2023-07-16 01:52:51.618627531 UTC - from mc-26->source-1 "183" 01:52:51.617344547
[2023-07-16T01:52:54Z INFO  dt_instance] received at 2023-07-16 01:52:54.126372195 UTC - from mc-26->source-1 "188" 01:52:54.123118421
[2023-07-16T01:52:56Z INFO  dt_instance] received at 2023-07-16 01:52:56.631289706 UTC - from mc-26->source-1 "193" 01:52:56.628251094
[2023-07-16T01:52:59Z INFO  dt_instance] received at 2023-07-16 01:52:59.134991859 UTC - from mc-26->source-1 "198" 01:52:59.133400077
[2023-07-16T01:53:01Z INFO  dt_instance] received at 2023-07-16 01:53:01.646221645 UTC - from mc-26->source-1 "203" 01:53:01.643668654
[2023-07-16T01:53:04Z INFO  dt_instance] received at 2023-07-16 01:53:04.151407300 UTC - from mc-26->source-1 "208" 01:53:04.150140255
[2023-07-16T01:53:06Z INFO  dt_instance] received at 2023-07-16 01:53:06.657640022 UTC - from mc-26->source-1 "213" 01:53:06.656213669
[2023-07-16T01:53:09Z INFO  dt_instance] received at 2023-07-16 01:53:09.162819873 UTC - from mc-26->source-1 "218" 01:53:09.160905993
[2023-07-16T01:53:11Z INFO  dt_instance] received at 2023-07-16 01:53:11.667325496 UTC - from mc-26->source-1 "223" 01:53:11.666211646
[2023-07-16T01:53:14Z INFO  dt_instance] received at 2023-07-16 01:53:14.173170435 UTC - from mc-26->source-1 "228" 01:53:14.171908779
[2023-07-16T01:53:16Z INFO  dt_instance] received at 2023-07-16 01:53:16.683219846 UTC - from mc-26->source-1 "233" 01:53:16.682224269
[2023-07-16T01:53:19Z INFO  dt_instance] received at 2023-07-16 01:53:19.190146919 UTC - from mc-26->source-1 "238" 01:53:19.188334588
[2023-07-16T01:53:21Z INFO  dt_instance] received at 2023-07-16 01:53:21.694339679 UTC - from mc-26->source-1 "243" 01:53:21.693173575
[2023-07-16T01:53:24Z INFO  dt_instance] received at 2023-07-16 01:53:24.207114397 UTC - from mc-26->source-1 "248" 01:53:24.206085486
[2023-07-16T01:53:26Z INFO  dt_instance] received at 2023-07-16 01:53:26.711984926 UTC - from mc-26->source-1 "253" 01:53:26.711094869
[2023-07-16T01:53:29Z INFO  dt_instance] received at 2023-07-16 01:53:29.221288366 UTC - from mc-26->source-1 "258" 01:53:29.217856142
[2023-07-16T01:53:31Z INFO  dt_instance] received at 2023-07-16 01:53:31.724784506 UTC - from mc-26->source-1 "263" 01:53:31.723348373
[2023-07-16T01:53:34Z INFO  dt_instance] received at 2023-07-16 01:53:34.229808024 UTC - from mc-26->source-1 "268" 01:53:34.228762554
[2023-07-16T01:53:36Z INFO  dt_instance] received at 2023-07-16 01:53:36.735248186 UTC - from mc-26->source-1 "273" 01:53:36.734063338
[2023-07-16T01:53:39Z INFO  dt_instance] received at 2023-07-16 01:53:39.243134988 UTC - from mc-26->source-1 "278" 01:53:39.241733546
[2023-07-16T01:53:41Z INFO  dt_instance] received at 2023-07-16 01:53:41.751268230 UTC - from mc-26->source-1 "283" 01:53:41.749481847
[2023-07-16T01:53:44Z INFO  dt_instance] received at 2023-07-16 01:53:44.256290047 UTC - from mc-26->source-1 "288" 01:53:44.254977641
[2023-07-16T01:53:46Z INFO  dt_instance] received at 2023-07-16 01:53:46.765642224 UTC - from mc-26->source-1 "293" 01:53:46.760000814
[2023-07-16T01:53:49Z INFO  dt_instance] received at 2023-07-16 01:53:49.266900964 UTC - from mc-26->source-1 "298" 01:53:49.265499576
[2023-07-16T01:53:51Z INFO  dt_instance] received at 2023-07-16 01:53:51.773090449 UTC - from mc-26->source-1 "303" 01:53:51.771516230
[2023-07-16T01:53:54Z INFO  dt_instance] received at 2023-07-16 01:53:54.278063898 UTC - from mc-26->source-1 "308" 01:53:54.276899536
[2023-07-16T01:53:56Z INFO  dt_instance] received at 2023-07-16 01:53:56.785205993 UTC - from mc-26->source-1 "313" 01:53:56.782673976
[2023-07-16T01:53:59Z INFO  dt_instance] received at 2023-07-16 01:53:59.290596718 UTC - from mc-26->source-1 "318" 01:53:59.288729599
[2023-07-16T01:54:01Z INFO  dt_instance] received at 2023-07-16 01:54:01.796786097 UTC - from mc-26->source-1 "323" 01:54:01.793546029
[2023-07-16T01:54:04Z INFO  dt_instance] received at 2023-07-16 01:54:04.299893499 UTC - from mc-26->source-1 "328" 01:54:04.298742066
[2023-07-16T01:54:06Z INFO  dt_instance] received at 2023-07-16 01:54:06.805534406 UTC - from mc-26->source-1 "333" 01:54:06.804347026
[2023-07-16T01:54:09Z INFO  dt_instance] received at 2023-07-16 01:54:09.312551715 UTC - from mc-26->source-1 "338" 01:54:09.310610761
[2023-07-16T01:54:11Z INFO  dt_instance] received at 2023-07-16 01:54:11.816399393 UTC - from mc-26->source-1 "343" 01:54:11.815293946
[2023-07-16T01:54:14Z INFO  dt_instance] received at 2023-07-16 01:54:14.343155787 UTC - from mc-26->source-1 "348" 01:54:14.321495488
[2023-07-16T01:54:16Z INFO  dt_instance] received at 2023-07-16 01:54:16.826885156 UTC - from mc-26->source-1 "353" 01:54:16.825917605
[2023-07-16T01:54:19Z INFO  dt_instance] received at 2023-07-16 01:54:19.333502452 UTC - from mc-26->source-1 "358" 01:54:19.331379416
[2023-07-16T01:54:21Z INFO  dt_instance] received at 2023-07-16 01:54:21.838722727 UTC - from mc-26->source-1 "363" 01:54:21.837584965
[2023-07-16T01:54:24Z INFO  dt_instance] received at 2023-07-16 01:54:24.343507084 UTC - from mc-26->source-1 "368" 01:54:24.342107898
[2023-07-16T01:54:26Z INFO  dt_instance] received at 2023-07-16 01:54:26.848730701 UTC - from mc-26->source-1 "373" 01:54:26.847408535
[2023-07-16T01:54:29Z INFO  dt_instance] received at 2023-07-16 01:54:29.353765870 UTC - from mc-26->source-1 "378" 01:54:29.352148257
[2023-07-16T01:54:31Z INFO  dt_instance] received at 2023-07-16 01:54:31.860033877 UTC - from mc-26->source-1 "383" 01:54:31.858554020
[2023-07-16T01:54:34Z INFO  dt_instance] received at 2023-07-16 01:54:34.364890479 UTC - from mc-26->source-1 "388" 01:54:34.363323624
[2023-07-16T01:54:36Z INFO  dt_instance] received at 2023-07-16 01:54:36.869228547 UTC - from mc-26->source-1 "393" 01:54:36.868137690
[2023-07-16T01:54:39Z INFO  dt_instance] received at 2023-07-16 01:54:39.376030129 UTC - from mc-26->source-1 "398" 01:54:39.374611989
[2023-07-16T01:54:41Z INFO  dt_instance] received at 2023-07-16 01:54:41.880223847 UTC - from mc-26->source-1 "403" 01:54:41.878854781
[2023-07-16T01:54:44Z INFO  dt_instance] received at 2023-07-16 01:54:44.400334869 UTC - from mc-26->source-1 "408" 01:54:44.384663821
[2023-07-16T01:54:46Z INFO  dt_instance] received at 2023-07-16 01:54:46.892960151 UTC - from mc-26->source-1 "413" 01:54:46.891552826
[2023-07-16T01:54:49Z INFO  dt_instance] received at 2023-07-16 01:54:49.398208493 UTC - from mc-26->source-1 "418" 01:54:49.396137142
[2023-07-16T01:54:51Z INFO  dt_instance] received at 2023-07-16 01:54:51.903051719 UTC - from mc-26->source-1 "423" 01:54:51.901661418
[2023-07-16T01:54:54Z INFO  dt_instance] received at 2023-07-16 01:54:54.409129104 UTC - from mc-26->source-5 "418" 01:54:54.407956609
[2023-07-16T01:54:56Z INFO  dt_instance] received at 2023-07-16 01:54:56.917206107 UTC - from mc-26->source-3 "428" 01:54:56.914854510
[2023-07-16T01:54:59Z INFO  dt_instance] received at 2023-07-16 01:54:59.422895252 UTC - from mc-26->source-3 "433" 01:54:59.420063144
[2023-07-16T01:55:01Z INFO  dt_instance] received at 2023-07-16 01:55:01.927354822 UTC - from mc-26->source-3 "438" 01:55:01.925778307
[2023-07-16T01:55:04Z INFO  dt_instance] received at 2023-07-16 01:55:04.435966780 UTC - from mc-26->source-1 "448" 01:55:04.432780277
[2023-07-16T01:55:06Z INFO  dt_instance] received at 2023-07-16 01:55:06.941927311 UTC - from mc-26->source-3 "448" 01:55:06.940518661
[2023-07-16T01:55:09Z INFO  dt_instance] received at 2023-07-16 01:55:09.446490682 UTC - from mc-26->source-3 "453" 01:55:09.445146063
[2023-07-16T01:55:11Z INFO  dt_instance] received at 2023-07-16 01:55:11.952961536 UTC - from mc-26->source-3 "458" 01:55:11.951791949
[2023-07-16T01:55:14Z INFO  dt_instance] received at 2023-07-16 01:55:14.464497280 UTC - from mc-26->source-3 "463" 01:55:14.463175001
[2023-07-16T01:55:16Z INFO  dt_instance] received at 2023-07-16 01:55:16.969773564 UTC - from mc-26->source-3 "468" 01:55:16.968466898
[2023-07-16T01:55:19Z INFO  dt_instance] received at 2023-07-16 01:55:19.477115280 UTC - from mc-26->source-3 "473" 01:55:19.474599517
[2023-07-16T01:55:21Z INFO  dt_instance] received at 2023-07-16 01:55:21.982181019 UTC - from mc-26->source-3 "478" 01:55:21.980906921
[2023-07-16T01:55:24Z INFO  dt_instance] received at 2023-07-16 01:55:24.487610252 UTC - from mc-26->source-3 "483" 01:55:24.486090662
[2023-07-16T01:55:26Z INFO  dt_instance] received at 2023-07-16 01:55:26.992595408 UTC - from mc-26->source-3 "488" 01:55:26.991670134
[2023-07-16T01:55:29Z INFO  dt_instance] received at 2023-07-16 01:55:29.496877240 UTC - from mc-26->source-3 "493" 01:55:29.495917196
[2023-07-16T01:55:32Z INFO  dt_instance] received at 2023-07-16 01:55:32.004077594 UTC - from mc-26->source-3 "498" 01:55:32.002024163
[2023-07-16T01:55:34Z INFO  dt_instance] received at 2023-07-16 01:55:34.509038789 UTC - from mc-26->source-3 "503" 01:55:34.507715842
[2023-07-16T01:55:37Z INFO  dt_instance] received at 2023-07-16 01:55:37.015041589 UTC - from mc-26->source-3 "508" 01:55:37.013630305
[2023-07-16T01:55:39Z INFO  dt_instance] received at 2023-07-16 01:55:39.519196686 UTC - from mc-26->source-3 "513" 01:55:39.517916306
[2023-07-16T01:55:42Z INFO  dt_instance] received at 2023-07-16 01:55:42.025486452 UTC - from mc-26->source-3 "518" 01:55:42.024006709
[2023-07-16T01:55:44Z INFO  dt_instance] received at 2023-07-16 01:55:44.531689383 UTC - from mc-26->source-5 "518" 01:55:44.530523236
[2023-07-16T01:55:47Z INFO  dt_instance] received at 2023-07-16 01:55:47.038761829 UTC - from mc-26->source-1 "533" 01:55:47.036880691
[2023-07-16T01:55:49Z INFO  dt_instance] received at 2023-07-16 01:55:49.545692534 UTC - from mc-26->source-3 "533" 01:55:49.543835419
[2023-07-16T01:55:52Z INFO  dt_instance] received at 2023-07-16 01:55:52.052571843 UTC - from mc-26->source-3 "538" 01:55:52.050832514
[2023-07-16T01:55:54Z INFO  dt_instance] received at 2023-07-16 01:55:54.559779035 UTC - from mc-26->source-1 "548" 01:55:54.558601495
[2023-07-16T01:55:57Z INFO  dt_instance] received at 2023-07-16 01:55:57.066099220 UTC - from mc-26->source-3 "548" 01:55:57.065082914
[2023-07-16T01:55:59Z INFO  dt_instance] received at 2023-07-16 01:55:59.573220781 UTC - from mc-26->source-3 "553" 01:55:59.572023601
[2023-07-16T01:56:02Z INFO  dt_instance] received at 2023-07-16 01:56:02.079911805 UTC - from mc-26->source-5 "553" 01:56:02.078920020
[2023-07-16T01:56:04Z INFO  dt_instance] received at 2023-07-16 01:56:04.585382065 UTC - from mc-26->source-5 "558" 01:56:04.584298094
[2023-07-16T01:56:07Z INFO  dt_instance] received at 2023-07-16 01:56:07.099866775 UTC - from mc-26->source-3 "568" 01:56:07.097935809
[2023-07-16T01:56:09Z INFO  dt_instance] received at 2023-07-16 01:56:09.608764930 UTC - from mc-26->source-1 "578" 01:56:09.604229114
[2023-07-16T01:56:12Z INFO  dt_instance] received at 2023-07-16 01:56:12.110994656 UTC - from mc-26->source-3 "578" 01:56:12.109984201
[2023-07-16T01:56:14Z INFO  dt_instance] received at 2023-07-16 01:56:14.617061874 UTC - from mc-26->source-7 "573" 01:56:14.615479306
[2023-07-16T01:56:17Z INFO  dt_instance] received at 2023-07-16 01:56:17.124681209 UTC - from mc-26->source-7 "578" 01:56:17.122993559
[2023-07-16T01:56:19Z INFO  dt_instance] received at 2023-07-16 01:56:19.630868610 UTC - from mc-26->source-7 "583" 01:56:19.629039403
[2023-07-16T01:56:22Z INFO  dt_instance] received at 2023-07-16 01:56:22.137101505 UTC - from mc-26->source-7 "588" 01:56:22.135788400
[2023-07-16T01:56:24Z INFO  dt_instance] received at 2023-07-16 01:56:24.646144616 UTC - from mc-26->source-5 "598" 01:56:24.644993536
[2023-07-16T01:56:27Z INFO  dt_instance] received at 2023-07-16 01:56:27.152256192 UTC - from mc-26->source-7 "598" 01:56:27.151085485
[2023-07-16T01:56:29Z INFO  dt_instance] received at 2023-07-16 01:56:29.659179046 UTC - from mc-26->source-5 "608" 01:56:29.657619230
[2023-07-16T01:56:32Z INFO  dt_instance] received at 2023-07-16 01:56:32.166840155 UTC - from mc-26->source-5 "613" 01:56:32.165704222
[2023-07-16T01:56:34Z INFO  dt_instance] received at 2023-07-16 01:56:34.672236916 UTC - from mc-26->source-7 "613" 01:56:34.670985622
[2023-07-16T01:56:37Z INFO  dt_instance] received at 2023-07-16 01:56:37.180133787 UTC - from mc-26->source-3 "628" 01:56:37.176855814
[2023-07-16T01:56:39Z INFO  dt_instance] received at 2023-07-16 01:56:39.684194592 UTC - from mc-26->source-7 "623" 01:56:39.682453098
[2023-07-16T01:56:42Z INFO  dt_instance] received at 2023-07-16 01:56:42.190371457 UTC - from mc-26->source-1 "643" 01:56:42.189121027
[2023-07-16T01:56:44Z INFO  dt_instance] received at 2023-07-16 01:56:44.702047944 UTC - from mc-26->source-3 "643" 01:56:44.700966662
[2023-07-16T01:56:47Z INFO  dt_instance] received at 2023-07-16 01:56:47.212518534 UTC - from mc-26->source-7 "638" 01:56:47.211209392
[2023-07-16T01:56:49Z INFO  dt_instance] received at 2023-07-16 01:56:49.720318894 UTC - from mc-26->source-1 "658" 01:56:49.718834077
[2023-07-16T01:56:52Z INFO  dt_instance] received at 2023-07-16 01:56:52.228475080 UTC - from mc-26->source-1 "663" 01:56:52.226948857
[2023-07-16T01:56:54Z INFO  dt_instance] received at 2023-07-16 01:56:54.733541119 UTC - from mc-26->source-5 "658" 01:56:54.732011352
[2023-07-16T01:56:57Z INFO  dt_instance] received at 2023-07-16 01:56:57.244980936 UTC - from mc-26->source-5 "663" 01:56:57.238036146
[2023-07-16T01:56:59Z INFO  dt_instance] received at 2023-07-16 01:56:59.745887098 UTC - from mc-26->source-5 "668" 01:56:59.744193571
[2023-07-16T01:57:02Z INFO  dt_instance] received at 2023-07-16 01:57:02.252597328 UTC - from mc-26->source-7 "668" 01:57:02.251287018
[2023-07-16T01:57:04Z INFO  dt_instance] received at 2023-07-16 01:57:04.760978673 UTC - from mc-26->source-7 "673" 01:57:04.759800689
[2023-07-16T01:57:07Z INFO  dt_instance] received at 2023-07-16 01:57:07.266684201 UTC - from mc-26->source-5 "683" 01:57:07.265478909
[2023-07-16T01:57:09Z INFO  dt_instance] received at 2023-07-16 01:57:09.772686884 UTC - from mc-26->source-7 "683" 01:57:09.771029197
[2023-07-16T01:57:12Z INFO  dt_instance] received at 2023-07-16 01:57:12.280343889 UTC - from mc-26->source-5 "693" 01:57:12.277284041
[2023-07-16T01:57:14Z INFO  dt_instance] received at 2023-07-16 01:57:14.785163622 UTC - from mc-26->source-7 "693" 01:57:14.783377249
[2023-07-16T01:57:17Z INFO  dt_instance] received at 2023-07-16 01:57:17.292294012 UTC - from mc-26->source-5 "703" 01:57:17.290770064
[2023-07-16T01:57:19Z INFO  dt_instance] received at 2023-07-16 01:57:19.807412823 UTC - from mc-26->source-7 "703" 01:57:19.805743057
[2023-07-16T01:57:22Z INFO  dt_instance] received at 2023-07-16 01:57:22.312456850 UTC - from mc-26->source-7 "708" 01:57:22.310924630
[2023-07-16T01:57:24Z INFO  dt_instance] received at 2023-07-16 01:57:24.817555802 UTC - from mc-26->source-7 "713" 01:57:24.816248433
[2023-07-16T01:57:27Z INFO  dt_instance] received at 2023-07-16 01:57:27.333108747 UTC - from mc-26->source-5 "723" 01:57:27.331502393
[2023-07-16T01:57:29Z INFO  dt_instance] received at 2023-07-16 01:57:29.840438678 UTC - from mc-26->source-7 "723" 01:57:29.837699336
[2023-07-16T01:57:32Z INFO  dt_instance] received at 2023-07-16 01:57:32.345660943 UTC - from mc-26->source-7 "728" 01:57:32.344084717
[2023-07-16T01:57:34Z INFO  dt_instance] received at 2023-07-16 01:57:34.851823030 UTC - from mc-26->source-7 "733" 01:57:34.850306033
[2023-07-16T01:57:37Z INFO  dt_instance] received at 2023-07-16 01:57:37.359239589 UTC - from mc-26->source-7 "738" 01:57:37.357416144
[2023-07-16T01:57:39Z INFO  dt_instance] received at 2023-07-16 01:57:39.865591478 UTC - from mc-26->source-7 "743" 01:57:39.864493299
[2023-07-16T01:57:42Z INFO  dt_instance] received at 2023-07-16 01:57:42.371444264 UTC - from mc-26->source-7 "748" 01:57:42.370426118
[2023-07-16T01:57:44Z INFO  dt_instance] received at 2023-07-16 01:57:44.882815015 UTC - from mc-26->source-7 "753" 01:57:44.877608922
[2023-07-16T01:57:47Z INFO  dt_instance] received at 2023-07-16 01:57:47.386225271 UTC - from mc-26->source-7 "758" 01:57:47.384788979
[2023-07-16T01:57:49Z INFO  dt_instance] received at 2023-07-16 01:57:49.892521509 UTC - from mc-26->source-7 "763" 01:57:49.891144598
[2023-07-16T01:57:52Z INFO  dt_instance] received at 2023-07-16 01:57:52.399101182 UTC - from mc-26->source-7 "768" 01:57:52.397703184
[2023-07-16T01:57:54Z INFO  dt_instance] received at 2023-07-16 01:57:54.905038772 UTC - from mc-26->source-7 "773" 01:57:54.903868908
[2023-07-16T01:57:57Z INFO  dt_instance] received at 2023-07-16 01:57:57.410386184 UTC - from mc-26->source-7 "778" 01:57:57.409104162
[2023-07-16T01:57:59Z INFO  dt_instance] received at 2023-07-16 01:57:59.917052326 UTC - from mc-26->source-7 "783" 01:57:59.915611207
[2023-07-16T01:58:02Z INFO  dt_instance] received at 2023-07-16 01:58:02.427486792 UTC - from mc-26->source-7 "788" 01:58:02.422654058
[2023-07-16T01:58:04Z INFO  dt_instance] received at 2023-07-16 01:58:04.928699022 UTC - from mc-26->source-7 "793" 01:58:04.927355872
[2023-07-16T01:58:07Z INFO  dt_instance] received at 2023-07-16 01:58:07.434064168 UTC - from mc-26->source-7 "798" 01:58:07.432858296
[2023-07-16T01:58:09Z INFO  dt_instance] received at 2023-07-16 01:58:09.941154614 UTC - from mc-26->source-7 "803" 01:58:09.939542829
[2023-07-16T01:58:12Z INFO  dt_instance] received at 2023-07-16 01:58:12.447381774 UTC - from mc-26->source-7 "808" 01:58:12.445753609
[2023-07-16T01:58:14Z INFO  dt_instance] received at 2023-07-16 01:58:14.952313943 UTC - from mc-26->source-7 "813" 01:58:14.950995704
[2023-07-16T01:58:17Z INFO  dt_instance] received at 2023-07-16 01:58:17.459786694 UTC - from mc-26->source-7 "818" 01:58:17.458055974
[2023-07-16T01:58:19Z INFO  dt_instance] received at 2023-07-16 01:58:19.967911089 UTC - from mc-26->source-7 "823" 01:58:19.964518937
[2023-07-16T01:58:22Z INFO  dt_instance] received at 2023-07-16 01:58:22.472197109 UTC - from mc-26->source-7 "828" 01:58:22.470487531
[2023-07-16T01:58:24Z INFO  dt_instance] received at 2023-07-16 01:58:24.977523726 UTC - from mc-26->source-7 "833" 01:58:24.975981358
[2023-07-16T01:58:27Z INFO  dt_instance] received at 2023-07-16 01:58:27.484428861 UTC - from mc-26->source-7 "838" 01:58:27.481732389
[2023-07-16T01:58:29Z INFO  dt_instance] received at 2023-07-16 01:58:29.987252947 UTC - from mc-26->source-7 "843" 01:58:29.986204349
[2023-07-16T01:58:32Z INFO  dt_instance] received at 2023-07-16 01:58:32.493173290 UTC - from mc-26->source-1 "863" 01:58:32.491825523
[2023-07-16T01:58:34Z INFO  dt_instance] received at 2023-07-16 01:58:34.998363717 UTC - from mc-26->source-1 "868" 01:58:34.996966897
[2023-07-16T01:58:37Z INFO  dt_instance] received at 2023-07-16 01:58:37.508353782 UTC - from mc-26->source-7 "858" 01:58:37.501354191
[2023-07-16T01:58:40Z INFO  dt_instance] received at 2023-07-16 01:58:40.012062153 UTC - from mc-26->source-1 "878" 01:58:40.010593512
[2023-07-16T01:58:42Z INFO  dt_instance] received at 2023-07-16 01:58:42.521225967 UTC - from mc-26->source-1 "883" 01:58:42.515941025
[2023-07-16T01:58:45Z INFO  dt_instance] received at 2023-07-16 01:58:45.023199376 UTC - from mc-26->source-1 "888" 01:58:45.021321145
[2023-07-16T01:58:47Z INFO  dt_instance] received at 2023-07-16 01:58:47.529000272 UTC - from mc-26->source-7 "878" 01:58:47.527774351
[2023-07-16T01:58:50Z INFO  dt_instance] received at 2023-07-16 01:58:50.039022233 UTC - from mc-26->source-1 "898" 01:58:50.037431611
[2023-07-16T01:58:52Z INFO  dt_instance] received at 2023-07-16 01:58:52.543553575 UTC - from mc-26->source-1 "903" 01:58:52.542157276
[2023-07-16T01:58:55Z INFO  dt_instance] received at 2023-07-16 01:58:55.050578847 UTC - from mc-26->source-7 "893" 01:58:55.049040366
[2023-07-16T01:58:57Z INFO  dt_instance] received at 2023-07-16 01:58:57.559680677 UTC - from mc-26->source-5 "903" 01:58:57.555315562
[2023-07-16T01:59:00Z INFO  dt_instance] received at 2023-07-16 01:59:00.064662156 UTC - from mc-26->source-1 "918" 01:59:00.061497760
[2023-07-16T01:59:02Z INFO  dt_instance] received at 2023-07-16 01:59:02.570070771 UTC - from mc-26->source-7 "908" 01:59:02.567021747
[2023-07-16T01:59:05Z INFO  dt_instance] received at 2023-07-16 01:59:05.080910441 UTC - from mc-26->source-7 "913" 01:59:05.078828009
[2023-07-16T01:59:07Z INFO  dt_instance] received at 2023-07-16 01:59:07.586536326 UTC - from mc-26->source-7 "918" 01:59:07.585006084
[2023-07-16T01:59:10Z INFO  dt_instance] received at 2023-07-16 01:59:10.092023281 UTC - from mc-26->source-7 "923" 01:59:10.090291220
[2023-07-16T01:59:12Z INFO  dt_instance] received at 2023-07-16 01:59:12.598302296 UTC - from mc-26->source-5 "933" 01:59:12.596708748
[2023-07-16T01:59:15Z INFO  dt_instance] received at 2023-07-16 01:59:15.104103155 UTC - from mc-26->source-7 "933" 01:59:15.103072257
[2023-07-16T01:59:17Z INFO  dt_instance] received at 2023-07-16 01:59:17.610584927 UTC - from mc-26->source-7 "938" 01:59:17.609043682
[2023-07-16T01:59:20Z INFO  dt_instance] received at 2023-07-16 01:59:20.117097050 UTC - from mc-26->source-7 "943" 01:59:20.115476583
[2023-07-16T01:59:22Z INFO  dt_instance] received at 2023-07-16 01:59:22.627326292 UTC - from mc-26->source-1 "963" 01:59:22.620724383
[2023-07-16T01:59:25Z INFO  dt_instance] received at 2023-07-16 01:59:25.127920930 UTC - from mc-26->source-1 "968" 01:59:25.126033579
[2023-07-16T01:59:27Z INFO  dt_instance] received at 2023-07-16 01:59:27.633824928 UTC - from mc-26->source-1 "973" 01:59:27.632247403
[2023-07-16T01:59:30Z INFO  dt_instance] received at 2023-07-16 01:59:30.140314975 UTC - from mc-26->source-1 "978" 01:59:30.137606511
[2023-07-16T01:59:32Z INFO  dt_instance] received at 2023-07-16 01:59:32.660049916 UTC - from mc-26->source-5 "973" 01:59:32.658443508
[2023-07-16T01:59:35Z INFO  dt_instance] received at 2023-07-16 01:59:35.165531178 UTC - from mc-26->source-5 "978" 01:59:35.163866482
[2023-07-16T01:59:37Z INFO  dt_instance] received at 2023-07-16 01:59:37.671445775 UTC - from mc-26->source-7 "978" 01:59:37.669934266
[2023-07-16T01:59:40Z INFO  dt_instance] received at 2023-07-16 01:59:40.356665403 UTC - from mc-26->source-8 "981" 01:59:40.355225732
[2023-07-16T01:59:43Z INFO  dt_instance] received at 2023-07-16 01:59:43.586365156 UTC - from mc-26->source-9 "985" 01:59:43.584694804
[2023-07-16T01:59:50Z INFO  dt_instance] received at 2023-07-16 01:59:50.606839227 UTC - from mc-26->source-9 "999" 01:59:50.605403148
