[2023-07-16T01:27:39Z INFO  dt_instance] Current Twin: mc-twin-14
[2023-07-16T01:27:39Z INFO  dt_instance] Replica Name twin-mc-stateful-14
[2023-07-16T01:27:39Z INFO  dt_instance] Sleeping for 700
[2023-07-16T01:39:19Z INFO  dt_instance] Connecting to broker at emqx.dtwins:1883
[2023-07-16T01:39:19Z INFO  dt_instance] Loggin info each 50 messages
[2023-07-16T01:39:19Z INFO  dt_instance] Set max packet size to 60000 KB.
[2023-07-16T01:39:19Z INFO  dt_instance] Refreshing topics for twin - Listen to mc-14/#
[2023-07-16T01:39:19Z INFO  dt_instance] SubAck { pkid: 1, return_codes: [Success(ExactlyOnce)] }
[2023-07-16T01:40:28Z INFO  dt_instance] received at 2023-07-16 01:40:28.549857598 UTC - from mc-14->source-2 "9" 01:40:28.545739207
[2023-07-16T01:40:31Z INFO  dt_instance] received at 2023-07-16 01:40:31.798638345 UTC - from mc-14->source-3 "13" 01:40:31.797060857
[2023-07-16T01:40:34Z INFO  dt_instance] received at 2023-07-16 01:40:34.311647945 UTC - from mc-14->source-1 "23" 01:40:34.310558245
[2023-07-16T01:40:36Z INFO  dt_instance] received at 2023-07-16 01:40:36.818312813 UTC - from mc-14->source-1 "28" 01:40:36.816006605
[2023-07-16T01:40:39Z INFO  dt_instance] received at 2023-07-16 01:40:39.323317108 UTC - from mc-14->source-1 "33" 01:40:39.322215750
[2023-07-16T01:40:41Z INFO  dt_instance] received at 2023-07-16 01:40:41.832547755 UTC - from mc-14->source-1 "38" 01:40:41.827685913
[2023-07-16T01:40:44Z INFO  dt_instance] received at 2023-07-16 01:40:44.342202634 UTC - from mc-14->source-1 "43" 01:40:44.334490629
[2023-07-16T01:40:46Z INFO  dt_instance] received at 2023-07-16 01:40:46.842173780 UTC - from mc-14->source-1 "48" 01:40:46.840233487
[2023-07-16T01:40:49Z INFO  dt_instance] received at 2023-07-16 01:40:49.347793186 UTC - from mc-14->source-1 "53" 01:40:49.344935086
[2023-07-16T01:40:51Z INFO  dt_instance] received at 2023-07-16 01:40:51.854136967 UTC - from mc-14->source-1 "58" 01:40:51.852211119
[2023-07-16T01:40:54Z INFO  dt_instance] received at 2023-07-16 01:40:54.359485725 UTC - from mc-14->source-1 "63" 01:40:54.357537592
[2023-07-16T01:40:56Z INFO  dt_instance] received at 2023-07-16 01:40:56.863589864 UTC - from mc-14->source-1 "68" 01:40:56.862109758
[2023-07-16T01:40:59Z INFO  dt_instance] received at 2023-07-16 01:40:59.370780623 UTC - from mc-14->source-1 "73" 01:40:59.368460905
[2023-07-16T01:41:01Z INFO  dt_instance] received at 2023-07-16 01:41:01.874880273 UTC - from mc-14->source-3 "73" 01:41:01.873514113
[2023-07-16T01:41:04Z INFO  dt_instance] received at 2023-07-16 01:41:04.379494567 UTC - from mc-14->source-1 "83" 01:41:04.378167127
[2023-07-16T01:41:06Z INFO  dt_instance] received at 2023-07-16 01:41:06.887753906 UTC - from mc-14->source-1 "88" 01:41:06.885120711
[2023-07-16T01:41:09Z INFO  dt_instance] received at 2023-07-16 01:41:09.393997890 UTC - from mc-14->source-3 "88" 01:41:09.392742731
[2023-07-16T01:41:11Z INFO  dt_instance] received at 2023-07-16 01:41:11.902767718 UTC - from mc-14->source-3 "93" 01:41:11.900550578
[2023-07-16T01:41:14Z INFO  dt_instance] received at 2023-07-16 01:41:14.406846865 UTC - from mc-14->source-3 "98" 01:41:14.405265972
[2023-07-16T01:41:16Z INFO  dt_instance] received at 2023-07-16 01:41:16.913373404 UTC - from mc-14->source-3 "103" 01:41:16.911146977
[2023-07-16T01:41:19Z INFO  dt_instance] received at 2023-07-16 01:41:19.420753414 UTC - from mc-14->source-3 "108" 01:41:19.416242555
[2023-07-16T01:41:21Z INFO  dt_instance] received at 2023-07-16 01:41:21.923823069 UTC - from mc-14->source-3 "113" 01:41:21.921681117
[2023-07-16T01:41:24Z INFO  dt_instance] received at 2023-07-16 01:41:24.431564334 UTC - from mc-14->source-3 "118" 01:41:24.429546502
[2023-07-16T01:41:26Z INFO  dt_instance] received at 2023-07-16 01:41:26.937344502 UTC - from mc-14->source-3 "123" 01:41:26.935405687
[2023-07-16T01:41:29Z INFO  dt_instance] received at 2023-07-16 01:41:29.442536252 UTC - from mc-14->source-3 "128" 01:41:29.441046911
[2023-07-16T01:41:31Z INFO  dt_instance] received at 2023-07-16 01:41:31.947393374 UTC - from mc-14->source-3 "133" 01:41:31.945799327
[2023-07-16T01:41:34Z INFO  dt_instance] received at 2023-07-16 01:41:34.453795015 UTC - from mc-14->source-3 "138" 01:41:34.451444588
[2023-07-16T01:41:36Z INFO  dt_instance] received at 2023-07-16 01:41:36.962583896 UTC - from mc-14->source-3 "143" 01:41:36.956883047
[2023-07-16T01:41:39Z INFO  dt_instance] received at 2023-07-16 01:41:39.469470685 UTC - from mc-14->source-3 "148" 01:41:39.461816214
[2023-07-16T01:41:41Z INFO  dt_instance] received at 2023-07-16 01:41:41.985483889 UTC - from mc-14->source-1 "158" 01:41:41.964045910
[2023-07-16T01:41:44Z INFO  dt_instance] received at 2023-07-16 01:41:44.479005351 UTC - from mc-14->source-3 "158" 01:41:44.473234104
[2023-07-16T01:41:46Z INFO  dt_instance] received at 2023-07-16 01:41:46.981979748 UTC - from mc-14->source-3 "163" 01:41:46.979779194
[2023-07-16T01:41:49Z INFO  dt_instance] received at 2023-07-16 01:41:49.493344143 UTC - from mc-14->source-3 "168" 01:41:49.486619825
[2023-07-16T01:41:51Z INFO  dt_instance] received at 2023-07-16 01:41:51.993414180 UTC - from mc-14->source-9 "158" 01:41:51.989665250
[2023-07-16T01:41:54Z INFO  dt_instance] received at 2023-07-16 01:41:54.500971606 UTC - from mc-14->source-3 "178" 01:41:54.497099668
[2023-07-16T01:41:57Z INFO  dt_instance] received at 2023-07-16 01:41:57.016817784 UTC - from mc-14->source-9 "168" 01:41:57.003980859
[2023-07-16T01:41:59Z INFO  dt_instance] received at 2023-07-16 01:41:59.514371297 UTC - from mc-14->source-3 "188" 01:41:59.508445653
[2023-07-16T01:42:02Z INFO  dt_instance] received at 2023-07-16 01:42:02.023457212 UTC - from mc-14->source-9 "178" 01:42:02.015104602
[2023-07-16T01:42:04Z INFO  dt_instance] received at 2023-07-16 01:42:04.533532502 UTC - from mc-14->source-3 "198" 01:42:04.526692685
[2023-07-16T01:42:07Z INFO  dt_instance] received at 2023-07-16 01:42:07.039622348 UTC - from mc-14->source-3 "203" 01:42:07.036469644
[2023-07-16T01:42:09Z INFO  dt_instance] received at 2023-07-16 01:42:09.545119115 UTC - from mc-14->source-9 "193" 01:42:09.541859402
[2023-07-16T01:42:12Z INFO  dt_instance] received at 2023-07-16 01:42:12.049108807 UTC - from mc-14->source-3 "213" 01:42:12.047036577
[2023-07-16T01:42:14Z INFO  dt_instance] received at 2023-07-16 01:42:14.559057392 UTC - from mc-14->source-3 "218" 01:42:14.552276569
[2023-07-16T01:42:17Z INFO  dt_instance] received at 2023-07-16 01:42:17.060890051 UTC - from mc-14->source-1 "228" 01:42:17.058190090
[2023-07-16T01:42:19Z INFO  dt_instance] received at 2023-07-16 01:42:19.568085800 UTC - from mc-14->source-3 "228" 01:42:19.566106492
[2023-07-16T01:42:22Z INFO  dt_instance] received at 2023-07-16 01:42:22.087309818 UTC - from mc-14->source-1 "238" 01:42:22.072766079
[2023-07-16T01:42:24Z INFO  dt_instance] received at 2023-07-16 01:42:24.584279012 UTC - from mc-14->source-1 "243" 01:42:24.578222346
[2023-07-16T01:42:27Z INFO  dt_instance] received at 2023-07-16 01:42:27.095998338 UTC - from mc-14->source-9 "228" 01:42:27.084324952
[2023-07-16T01:42:29Z INFO  dt_instance] received at 2023-07-16 01:42:29.604391228 UTC - from mc-14->source-1 "253" 01:42:29.601417203
[2023-07-16T01:42:32Z INFO  dt_instance] received at 2023-07-16 01:42:32.111571735 UTC - from mc-14->source-3 "253" 01:42:32.107142178
[2023-07-16T01:42:34Z INFO  dt_instance] received at 2023-07-16 01:42:34.623816178 UTC - from mc-14->source-1 "263" 01:42:34.613434663
[2023-07-16T01:42:37Z INFO  dt_instance] received at 2023-07-16 01:42:37.122023793 UTC - from mc-14->source-9 "248" 01:42:37.120773095
[2023-07-16T01:42:39Z INFO  dt_instance] received at 2023-07-16 01:42:39.628473159 UTC - from mc-14->source-9 "253" 01:42:39.626057259
[2023-07-16T01:42:42Z INFO  dt_instance] received at 2023-07-16 01:42:42.134432482 UTC - from mc-14->source-1 "278" 01:42:42.131920790
[2023-07-16T01:42:44Z INFO  dt_instance] received at 2023-07-16 01:42:44.639183406 UTC - from mc-14->source-1 "283" 01:42:44.637045602
[2023-07-16T01:42:47Z INFO  dt_instance] received at 2023-07-16 01:42:47.155696924 UTC - from mc-14->source-1 "288" 01:42:47.146873491
[2023-07-16T01:42:49Z INFO  dt_instance] received at 2023-07-16 01:42:49.658502668 UTC - from mc-14->source-9 "273" 01:42:49.655354780
[2023-07-16T01:42:52Z INFO  dt_instance] received at 2023-07-16 01:42:52.163953791 UTC - from mc-14->source-1 "298" 01:42:52.158558630
[2023-07-16T01:42:54Z INFO  dt_instance] received at 2023-07-16 01:42:54.672952712 UTC - from mc-14->source-1 "303" 01:42:54.663674467
[2023-07-16T01:42:57Z INFO  dt_instance] received at 2023-07-16 01:42:57.180018182 UTC - from mc-14->source-9 "288" 01:42:57.175296527
[2023-07-16T01:42:59Z INFO  dt_instance] received at 2023-07-16 01:42:59.697521203 UTC - from mc-14->source-3 "308" 01:42:59.673454932
[2023-07-16T01:43:02Z INFO  dt_instance] received at 2023-07-16 01:43:02.193829641 UTC - from mc-14->source-9 "298" 01:43:02.191503094
[2023-07-16T01:43:04Z INFO  dt_instance] received at 2023-07-16 01:43:04.699783251 UTC - from mc-14->source-9 "303" 01:43:04.696257398
[2023-07-16T01:43:07Z INFO  dt_instance] received at 2023-07-16 01:43:07.212798026 UTC - from mc-14->source-9 "308" 01:43:07.210979005
[2023-07-16T01:43:09Z INFO  dt_instance] received at 2023-07-16 01:43:09.721379226 UTC - from mc-14->source-9 "313" 01:43:09.717135912
[2023-07-16T01:43:12Z INFO  dt_instance] received at 2023-07-16 01:43:12.232980630 UTC - from mc-14->source-9 "318" 01:43:12.229707122
[2023-07-16T01:43:14Z INFO  dt_instance] received at 2023-07-16 01:43:14.741193811 UTC - from mc-14->source-9 "323" 01:43:14.737316728
[2023-07-16T01:43:17Z INFO  dt_instance] received at 2023-07-16 01:43:17.246473150 UTC - from mc-14->source-9 "328" 01:43:17.242426508
[2023-07-16T01:43:19Z INFO  dt_instance] received at 2023-07-16 01:43:19.754788024 UTC - from mc-14->source-9 "333" 01:43:19.749160161
[2023-07-16T01:43:22Z INFO  dt_instance] received at 2023-07-16 01:43:22.258266549 UTC - from mc-14->source-9 "338" 01:43:22.255812527
[2023-07-16T01:43:24Z INFO  dt_instance] received at 2023-07-16 01:43:24.767527090 UTC - from mc-14->source-9 "343" 01:43:24.765417028
[2023-07-16T01:43:27Z INFO  dt_instance] received at 2023-07-16 01:43:27.273422598 UTC - from mc-14->source-9 "348" 01:43:27.270984451
[2023-07-16T01:43:29Z INFO  dt_instance] received at 2023-07-16 01:43:29.780421974 UTC - from mc-14->source-9 "353" 01:43:29.778000940
[2023-07-16T01:43:32Z INFO  dt_instance] received at 2023-07-16 01:43:32.288419790 UTC - from mc-14->source-9 "358" 01:43:32.283624257
[2023-07-16T01:43:34Z INFO  dt_instance] received at 2023-07-16 01:43:34.792308633 UTC - from mc-14->source-9 "363" 01:43:34.789872303
[2023-07-16T01:43:37Z INFO  dt_instance] received at 2023-07-16 01:43:37.300529992 UTC - from mc-14->source-9 "368" 01:43:37.297445804
[2023-07-16T01:43:39Z INFO  dt_instance] received at 2023-07-16 01:43:39.804022307 UTC - from mc-14->source-7 "378" 01:43:39.802948782
[2023-07-16T01:43:42Z INFO  dt_instance] received at 2023-07-16 01:43:42.309788622 UTC - from mc-14->source-7 "383" 01:43:42.308125035
[2023-07-16T01:43:44Z INFO  dt_instance] received at 2023-07-16 01:43:44.814843532 UTC - from mc-14->source-9 "383" 01:43:44.812876252
[2023-07-16T01:43:47Z INFO  dt_instance] received at 2023-07-16 01:43:47.322921501 UTC - from mc-14->source-9 "388" 01:43:47.318893077
[2023-07-16T01:43:49Z INFO  dt_instance] received at 2023-07-16 01:43:49.829120346 UTC - from mc-14->source-9 "393" 01:43:49.825336689
[2023-07-16T01:43:52Z INFO  dt_instance] received at 2023-07-16 01:43:52.336099216 UTC - from mc-14->source-3 "413" 01:43:52.297797082
[2023-07-16T01:43:54Z INFO  dt_instance] received at 2023-07-16 01:43:54.847498664 UTC - from mc-14->source-9 "403" 01:43:54.839073925
[2023-07-16T01:43:57Z INFO  dt_instance] received at 2023-07-16 01:43:57.348097334 UTC - from mc-14->source-9 "408" 01:43:57.346632388
[2023-07-16T01:43:59Z INFO  dt_instance] received at 2023-07-16 01:43:59.853321836 UTC - from mc-14->source-9 "413" 01:43:59.851713108
[2023-07-16T01:44:02Z INFO  dt_instance] received at 2023-07-16 01:44:02.358765192 UTC - from mc-14->source-9 "418" 01:44:02.357029500
[2023-07-16T01:44:04Z INFO  dt_instance] received at 2023-07-16 01:44:04.867586212 UTC - from mc-14->source-9 "423" 01:44:04.861809966
[2023-07-16T01:44:07Z INFO  dt_instance] received at 2023-07-16 01:44:07.370610881 UTC - from mc-14->source-9 "428" 01:44:07.366903009
[2023-07-16T01:44:09Z INFO  dt_instance] received at 2023-07-16 01:44:09.876243964 UTC - from mc-14->source-9 "433" 01:44:09.871795935
[2023-07-16T01:44:12Z INFO  dt_instance] received at 2023-07-16 01:44:12.380719058 UTC - from mc-14->source-7 "443" 01:44:12.378091824
[2023-07-16T01:44:14Z INFO  dt_instance] received at 2023-07-16 01:44:14.883979538 UTC - from mc-14->source-7 "448" 01:44:14.883193082
[2023-07-16T01:44:17Z INFO  dt_instance] received at 2023-07-16 01:44:17.390163906 UTC - from mc-14->source-7 "453" 01:44:17.388792417
[2023-07-16T01:44:19Z INFO  dt_instance] received at 2023-07-16 01:44:19.894978472 UTC - from mc-14->source-7 "458" 01:44:19.894204312
[2023-07-16T01:44:22Z INFO  dt_instance] received at 2023-07-16 01:44:22.411383467 UTC - from mc-14->source-9 "458" 01:44:22.402680004
[2023-07-16T01:44:24Z INFO  dt_instance] received at 2023-07-16 01:44:24.911745949 UTC - from mc-14->source-9 "463" 01:44:24.910023671
[2023-07-16T01:44:27Z INFO  dt_instance] received at 2023-07-16 01:44:27.420058352 UTC - from mc-14->source-9 "468" 01:44:27.417690102
[2023-07-16T01:44:29Z INFO  dt_instance] received at 2023-07-16 01:44:29.927798180 UTC - from mc-14->source-9 "473" 01:44:29.924041805
[2023-07-16T01:44:32Z INFO  dt_instance] received at 2023-07-16 01:44:32.438114473 UTC - from mc-14->source-9 "478" 01:44:32.429993122
[2023-07-16T01:44:34Z INFO  dt_instance] received at 2023-07-16 01:44:34.939156928 UTC - from mc-14->source-9 "483" 01:44:34.935047415
[2023-07-16T01:44:37Z INFO  dt_instance] received at 2023-07-16 01:44:37.448026040 UTC - from mc-14->source-9 "488" 01:44:37.446634646
[2023-07-16T01:44:39Z INFO  dt_instance] received at 2023-07-16 01:44:39.954939745 UTC - from mc-14->source-9 "493" 01:44:39.953272802
[2023-07-16T01:44:42Z INFO  dt_instance] received at 2023-07-16 01:44:42.460381543 UTC - from mc-14->source-9 "498" 01:44:42.458709148
[2023-07-16T01:44:44Z INFO  dt_instance] received at 2023-07-16 01:44:44.967452277 UTC - from mc-14->source-9 "503" 01:44:44.964368194
[2023-07-16T01:44:47Z INFO  dt_instance] received at 2023-07-16 01:44:47.474647351 UTC - from mc-14->source-9 "508" 01:44:47.469801054
[2023-07-16T01:44:49Z INFO  dt_instance] received at 2023-07-16 01:44:49.979748338 UTC - from mc-14->source-9 "513" 01:44:49.975748967
[2023-07-16T01:44:52Z INFO  dt_instance] received at 2023-07-16 01:44:52.497781532 UTC - from mc-14->source-5 "528" 01:44:52.486138010
[2023-07-16T01:44:55Z INFO  dt_instance] received at 2023-07-16 01:44:55.000246471 UTC - from mc-14->source-5 "533" 01:44:54.999340869
[2023-07-16T01:44:57Z INFO  dt_instance] received at 2023-07-16 01:44:57.507487695 UTC - from mc-14->source-5 "538" 01:44:57.506217497
[2023-07-16T01:45:00Z INFO  dt_instance] received at 2023-07-16 01:45:00.021254781 UTC - from mc-14->source-1 "553" 01:44:59.986859153
[2023-07-16T01:45:02Z INFO  dt_instance] received at 2023-07-16 01:45:02.520523719 UTC - from mc-14->source-5 "548" 01:45:02.519626771
[2023-07-16T01:45:05Z INFO  dt_instance] received at 2023-07-16 01:45:05.040409989 UTC - from mc-14->source-5 "553" 01:45:05.026630925
[2023-07-16T01:45:07Z INFO  dt_instance] received at 2023-07-16 01:45:07.534565542 UTC - from mc-14->source-7 "553" 01:45:07.532725478
[2023-07-16T01:45:10Z INFO  dt_instance] received at 2023-07-16 01:45:10.057677981 UTC - from mc-14->source-7 "558" 01:45:10.038802346
[2023-07-16T01:45:12Z INFO  dt_instance] received at 2023-07-16 01:45:12.555501733 UTC - from mc-14->source-7 "563" 01:45:12.547492021
[2023-07-16T01:45:15Z INFO  dt_instance] received at 2023-07-16 01:45:15.053679239 UTC - from mc-14->source-7 "568" 01:45:15.052283920
[2023-07-16T01:45:17Z INFO  dt_instance] received at 2023-07-16 01:45:17.558420220 UTC - from mc-14->source-5 "578" 01:45:17.557388432
[2023-07-16T01:45:20Z INFO  dt_instance] received at 2023-07-16 01:45:20.064549112 UTC - from mc-14->source-7 "578" 01:45:20.062693552
[2023-07-16T01:45:22Z INFO  dt_instance] received at 2023-07-16 01:45:22.570693577 UTC - from mc-14->source-7 "583" 01:45:22.569610521
[2023-07-16T01:45:25Z INFO  dt_instance] received at 2023-07-16 01:45:25.076967863 UTC - from mc-14->source-7 "588" 01:45:25.075407765
[2023-07-16T01:45:27Z INFO  dt_instance] received at 2023-07-16 01:45:27.580981175 UTC - from mc-14->source-7 "593" 01:45:27.580127579
[2023-07-16T01:45:30Z INFO  dt_instance] received at 2023-07-16 01:45:30.086831881 UTC - from mc-14->source-7 "598" 01:45:30.085837201
[2023-07-16T01:45:32Z INFO  dt_instance] received at 2023-07-16 01:45:32.597504641 UTC - from mc-14->source-7 "603" 01:45:32.593776054
[2023-07-16T01:45:35Z INFO  dt_instance] received at 2023-07-16 01:45:35.100867251 UTC - from mc-14->source-7 "608" 01:45:35.099913034
[2023-07-16T01:45:37Z INFO  dt_instance] received at 2023-07-16 01:45:37.611306487 UTC - from mc-14->source-5 "618" 01:45:37.607513705
[2023-07-16T01:45:40Z INFO  dt_instance] received at 2023-07-16 01:45:40.113844095 UTC - from mc-14->source-5 "623" 01:45:40.112789466
[2023-07-16T01:45:42Z INFO  dt_instance] received at 2023-07-16 01:45:42.620469110 UTC - from mc-14->source-7 "623" 01:45:42.618973539
[2023-07-16T01:45:45Z INFO  dt_instance] received at 2023-07-16 01:45:45.126386746 UTC - from mc-14->source-7 "628" 01:45:45.125597058
[2023-07-16T01:45:47Z INFO  dt_instance] received at 2023-07-16 01:45:47.632174086 UTC - from mc-14->source-7 "633" 01:45:47.631053585
[2023-07-16T01:45:50Z INFO  dt_instance] received at 2023-07-16 01:45:50.137436597 UTC - from mc-14->source-5 "643" 01:45:50.136201425
[2023-07-16T01:45:52Z INFO  dt_instance] received at 2023-07-16 01:45:52.649686206 UTC - from mc-14->source-5 "648" 01:45:52.641877475
[2023-07-16T01:45:55Z INFO  dt_instance] received at 2023-07-16 01:45:55.149519013 UTC - from mc-14->source-5 "653" 01:45:55.147920172
[2023-07-16T01:45:57Z INFO  dt_instance] received at 2023-07-16 01:45:57.675726340 UTC - from mc-14->source-5 "658" 01:45:57.653181235
[2023-07-16T01:46:00Z INFO  dt_instance] received at 2023-07-16 01:46:00.181775767 UTC - from mc-14->source-5 "663" 01:46:00.169758047
[2023-07-16T01:46:02Z INFO  dt_instance] received at 2023-07-16 01:46:02.677501137 UTC - from mc-14->source-5 "668" 01:46:02.675991587
[2023-07-16T01:46:05Z INFO  dt_instance] received at 2023-07-16 01:46:05.197651668 UTC - from mc-14->source-5 "673" 01:46:05.184877471
[2023-07-16T01:46:07Z INFO  dt_instance] received at 2023-07-16 01:46:07.691969196 UTC - from mc-14->source-5 "678" 01:46:07.691128610
[2023-07-16T01:46:10Z INFO  dt_instance] received at 2023-07-16 01:46:10.216079003 UTC - from mc-14->source-7 "678" 01:46:10.191386896
[2023-07-16T01:46:12Z INFO  dt_instance] received at 2023-07-16 01:46:12.704288300 UTC - from mc-14->source-5 "688" 01:46:12.702201196
[2023-07-16T01:46:15Z INFO  dt_instance] received at 2023-07-16 01:46:15.244243535 UTC - from mc-14->source-1 "703" 01:46:15.177158583
[2023-07-16T01:46:17Z INFO  dt_instance] received at 2023-07-16 01:46:17.724524616 UTC - from mc-14->source-5 "698" 01:46:17.720515440
[2023-07-16T01:46:20Z INFO  dt_instance] received at 2023-07-16 01:46:20.227302285 UTC - from mc-14->source-5 "703" 01:46:20.226135394
[2023-07-16T01:46:22Z INFO  dt_instance] received at 2023-07-16 01:46:22.739253569 UTC - from mc-14->source-5 "708" 01:46:22.737050247
[2023-07-16T01:46:25Z INFO  dt_instance] received at 2023-07-16 01:46:25.245487505 UTC - from mc-14->source-7 "708" 01:46:25.242941151
[2023-07-16T01:46:27Z INFO  dt_instance] received at 2023-07-16 01:46:27.749747087 UTC - from mc-14->source-7 "713" 01:46:27.748464648
[2023-07-16T01:46:30Z INFO  dt_instance] received at 2023-07-16 01:46:30.256655857 UTC - from mc-14->source-7 "718" 01:46:30.254507607
[2023-07-16T01:46:32Z INFO  dt_instance] received at 2023-07-16 01:46:32.774956761 UTC - from mc-14->source-5 "728" 01:46:32.770934734
[2023-07-16T01:46:35Z INFO  dt_instance] received at 2023-07-16 01:46:35.280406189 UTC - from mc-14->source-5 "733" 01:46:35.278320067
[2023-07-16T01:46:37Z INFO  dt_instance] received at 2023-07-16 01:46:37.784944667 UTC - from mc-14->source-5 "738" 01:46:37.783841744
[2023-07-16T01:46:40Z INFO  dt_instance] received at 2023-07-16 01:46:40.291686676 UTC - from mc-14->source-5 "743" 01:46:40.290639943
[2023-07-16T01:46:42Z INFO  dt_instance] received at 2023-07-16 01:46:42.809347940 UTC - from mc-14->source-5 "748" 01:46:42.795825768
[2023-07-16T01:46:45Z INFO  dt_instance] received at 2023-07-16 01:46:45.302747246 UTC - from mc-14->source-5 "753" 01:46:45.301036629
[2023-07-16T01:46:47Z INFO  dt_instance] received at 2023-07-16 01:46:47.810494710 UTC - from mc-14->source-5 "758" 01:46:47.808152373
[2023-07-16T01:46:50Z INFO  dt_instance] received at 2023-07-16 01:46:50.319004141 UTC - from mc-14->source-5 "763" 01:46:50.315457931
[2023-07-16T01:46:52Z INFO  dt_instance] received at 2023-07-16 01:46:52.822936876 UTC - from mc-14->source-5 "768" 01:46:52.820637630
[2023-07-16T01:46:55Z INFO  dt_instance] received at 2023-07-16 01:46:55.326912797 UTC - from mc-14->source-5 "773" 01:46:55.325277845
[2023-07-16T01:46:57Z INFO  dt_instance] received at 2023-07-16 01:46:57.833755570 UTC - from mc-14->source-5 "778" 01:46:57.832101729
[2023-07-16T01:47:00Z INFO  dt_instance] received at 2023-07-16 01:47:00.338628679 UTC - from mc-14->source-5 "783" 01:47:00.337589989
[2023-07-16T01:47:02Z INFO  dt_instance] received at 2023-07-16 01:47:02.846893607 UTC - from mc-14->source-5 "788" 01:47:02.844294323
[2023-07-16T01:47:05Z INFO  dt_instance] received at 2023-07-16 01:47:05.358174895 UTC - from mc-14->source-5 "793" 01:47:05.356361903
[2023-07-16T01:47:07Z INFO  dt_instance] received at 2023-07-16 01:47:07.863917146 UTC - from mc-14->source-5 "798" 01:47:07.860954758
[2023-07-16T01:47:10Z INFO  dt_instance] received at 2023-07-16 01:47:10.371046257 UTC - from mc-14->source-5 "803" 01:47:10.369138215
[2023-07-16T01:47:12Z INFO  dt_instance] received at 2023-07-16 01:47:12.876671351 UTC - from mc-14->source-5 "808" 01:47:12.874805479
[2023-07-16T01:47:15Z INFO  dt_instance] received at 2023-07-16 01:47:15.381986685 UTC - from mc-14->source-5 "813" 01:47:15.380601255
[2023-07-16T01:47:17Z INFO  dt_instance] received at 2023-07-16 01:47:17.887509862 UTC - from mc-14->source-5 "818" 01:47:17.885688254
[2023-07-16T01:47:20Z INFO  dt_instance] received at 2023-07-16 01:47:20.396896431 UTC - from mc-14->source-5 "823" 01:47:20.392426512
[2023-07-16T01:47:22Z INFO  dt_instance] received at 2023-07-16 01:47:22.898916121 UTC - from mc-14->source-5 "828" 01:47:22.897192995
[2023-07-16T01:47:25Z INFO  dt_instance] received at 2023-07-16 01:47:25.405937882 UTC - from mc-14->source-5 "833" 01:47:25.403891130
[2023-07-16T01:47:27Z INFO  dt_instance] received at 2023-07-16 01:47:27.911282051 UTC - from mc-14->source-5 "838" 01:47:27.909891759
[2023-07-16T01:47:30Z INFO  dt_instance] received at 2023-07-16 01:47:30.417482990 UTC - from mc-14->source-5 "843" 01:47:30.415936682
[2023-07-16T01:47:32Z INFO  dt_instance] received at 2023-07-16 01:47:32.923152084 UTC - from mc-14->source-5 "848" 01:47:32.921164921
[2023-07-16T01:47:35Z INFO  dt_instance] received at 2023-07-16 01:47:35.428214765 UTC - from mc-14->source-5 "853" 01:47:35.426559610
[2023-07-16T01:47:37Z INFO  dt_instance] received at 2023-07-16 01:47:37.932411320 UTC - from mc-14->source-5 "858" 01:47:37.931619749
[2023-07-16T01:47:40Z INFO  dt_instance] received at 2023-07-16 01:47:40.438537382 UTC - from mc-14->source-5 "863" 01:47:40.437011766
[2023-07-16T01:47:42Z INFO  dt_instance] received at 2023-07-16 01:47:42.944029220 UTC - from mc-14->source-5 "868" 01:47:42.942032206
[2023-07-16T01:47:45Z INFO  dt_instance] received at 2023-07-16 01:47:45.450915495 UTC - from mc-14->source-5 "873" 01:47:45.448014248
[2023-07-16T01:47:47Z INFO  dt_instance] received at 2023-07-16 01:47:47.954730616 UTC - from mc-14->source-5 "878" 01:47:47.953846401
[2023-07-16T01:47:50Z INFO  dt_instance] received at 2023-07-16 01:47:50.461693140 UTC - from mc-14->source-5 "883" 01:47:50.460481597
[2023-07-16T01:47:52Z INFO  dt_instance] received at 2023-07-16 01:47:52.968365833 UTC - from mc-14->source-5 "888" 01:47:52.965544525
[2023-07-16T01:47:55Z INFO  dt_instance] received at 2023-07-16 01:47:55.470907263 UTC - from mc-14->source-5 "893" 01:47:55.470075535
[2023-07-16T01:47:57Z INFO  dt_instance] received at 2023-07-16 01:47:57.977878009 UTC - from mc-14->source-5 "898" 01:47:57.976222980
[2023-07-16T01:48:00Z INFO  dt_instance] received at 2023-07-16 01:48:00.483224280 UTC - from mc-14->source-5 "903" 01:48:00.481700886
[2023-07-16T01:48:02Z INFO  dt_instance] received at 2023-07-16 01:48:02.996651349 UTC - from mc-14->source-5 "908" 01:48:02.991740509
[2023-07-16T01:48:05Z INFO  dt_instance] received at 2023-07-16 01:48:05.498752427 UTC - from mc-14->source-5 "913" 01:48:05.497113278
[2023-07-16T01:48:08Z INFO  dt_instance] received at 2023-07-16 01:48:08.005559134 UTC - from mc-14->source-5 "918" 01:48:08.004129183
[2023-07-16T01:48:10Z INFO  dt_instance] received at 2023-07-16 01:48:10.510321545 UTC - from mc-14->source-5 "923" 01:48:10.509360600
[2023-07-16T01:48:13Z INFO  dt_instance] received at 2023-07-16 01:48:13.015085008 UTC - from mc-14->source-5 "928" 01:48:13.014046945
[2023-07-16T01:48:15Z INFO  dt_instance] received at 2023-07-16 01:48:15.521158862 UTC - from mc-14->source-5 "933" 01:48:15.519838031
[2023-07-16T01:48:18Z INFO  dt_instance] received at 2023-07-16 01:48:18.029206483 UTC - from mc-14->source-5 "938" 01:48:18.027364710
[2023-07-16T01:48:20Z INFO  dt_instance] received at 2023-07-16 01:48:20.536280755 UTC - from mc-14->source-5 "943" 01:48:20.533554386
[2023-07-16T01:48:23Z INFO  dt_instance] received at 2023-07-16 01:48:23.043628699 UTC - from mc-14->source-7 "943" 01:48:23.042794123
[2023-07-16T01:48:25Z INFO  dt_instance] received at 2023-07-16 01:48:25.555700829 UTC - from mc-14->source-5 "953" 01:48:25.553710180
[2023-07-16T01:48:28Z INFO  dt_instance] received at 2023-07-16 01:48:28.060156432 UTC - from mc-14->source-5 "958" 01:48:28.058770400
[2023-07-16T01:48:30Z INFO  dt_instance] received at 2023-07-16 01:48:30.565711008 UTC - from mc-14->source-5 "963" 01:48:30.564075723
[2023-07-16T01:48:33Z INFO  dt_instance] received at 2023-07-16 01:48:33.070339292 UTC - from mc-14->source-5 "968" 01:48:33.069204735
[2023-07-16T01:48:35Z INFO  dt_instance] received at 2023-07-16 01:48:35.575890455 UTC - from mc-14->source-5 "973" 01:48:35.573994563
[2023-07-16T01:48:38Z INFO  dt_instance] received at 2023-07-16 01:48:38.081425343 UTC - from mc-14->source-5 "978" 01:48:38.080734824
[2023-07-16T01:48:40Z INFO  dt_instance] received at 2023-07-16 01:48:40.588062756 UTC - from mc-14->source-5 "983" 01:48:40.586962926
[2023-07-16T01:48:43Z INFO  dt_instance] received at 2023-07-16 01:48:43.312857952 UTC - from mc-14->source-4 "991" 01:48:43.311457878
[2023-07-16T01:48:46Z INFO  dt_instance] received at 2023-07-16 01:48:46.537302025 UTC - from mc-14->source-9 "985" 01:48:46.535493241
[2023-07-16T01:48:53Z INFO  dt_instance] received at 2023-07-16 01:48:53.554834761 UTC - from mc-14->source-9 "999" 01:48:53.550612477
