[2023-07-16T01:27:33Z INFO  dt_instance] Current Twin: mc-twin-13
[2023-07-16T01:27:33Z INFO  dt_instance] Replica Name twin-mc-stateful-13
[2023-07-16T01:27:33Z INFO  dt_instance] Sleeping for 650
[2023-07-16T01:38:23Z INFO  dt_instance] Connecting to broker at emqx.dtwins:1883
[2023-07-16T01:38:23Z INFO  dt_instance] Loggin info each 50 messages
[2023-07-16T01:38:23Z INFO  dt_instance] Set max packet size to 60000 KB.
[2023-07-16T01:38:23Z INFO  dt_instance] Refreshing topics for twin - Listen to mc-13/#
[2023-07-16T01:38:23Z INFO  dt_instance] SubAck { pkid: 1, return_codes: [Success(ExactlyOnce)] }
[2023-07-16T01:39:33Z INFO  dt_instance] received at 2023-07-16 01:39:33.600573669 UTC - from mc-13->source-2 "9" 01:39:33.599713981
[2023-07-16T01:39:36Z INFO  dt_instance] received at 2023-07-16 01:39:36.866236188 UTC - from mc-13->source-1 "18" 01:39:36.862614963
[2023-07-16T01:39:39Z INFO  dt_instance] received at 2023-07-16 01:39:39.373957406 UTC - from mc-13->source-3 "18" 01:39:39.369499172
[2023-07-16T01:39:41Z INFO  dt_instance] received at 2023-07-16 01:39:41.876292586 UTC - from mc-13->source-3 "23" 01:39:41.874570637
[2023-07-16T01:39:44Z INFO  dt_instance] received at 2023-07-16 01:39:44.381788687 UTC - from mc-13->source-3 "28" 01:39:44.380229926
[2023-07-16T01:39:46Z INFO  dt_instance] received at 2023-07-16 01:39:46.888536387 UTC - from mc-13->source-3 "33" 01:39:46.887337676
[2023-07-16T01:39:49Z INFO  dt_instance] received at 2023-07-16 01:39:49.403563502 UTC - from mc-13->source-3 "38" 01:39:49.392403353
[2023-07-16T01:39:51Z INFO  dt_instance] received at 2023-07-16 01:39:51.904400433 UTC - from mc-13->source-5 "38" 01:39:51.901996864
[2023-07-16T01:39:54Z INFO  dt_instance] received at 2023-07-16 01:39:54.410110592 UTC - from mc-13->source-9 "33" 01:39:54.408389624
[2023-07-16T01:39:56Z INFO  dt_instance] received at 2023-07-16 01:39:56.917123989 UTC - from mc-13->source-9 "38" 01:39:56.914087755
[2023-07-16T01:39:59Z INFO  dt_instance] received at 2023-07-16 01:39:59.432835223 UTC - from mc-13->source-9 "43" 01:39:59.431250800
[2023-07-16T01:40:01Z INFO  dt_instance] received at 2023-07-16 01:40:01.944562631 UTC - from mc-13->source-9 "48" 01:40:01.942259828
[2023-07-16T01:40:04Z INFO  dt_instance] received at 2023-07-16 01:40:04.451590929 UTC - from mc-13->source-9 "53" 01:40:04.449928884
[2023-07-16T01:40:06Z INFO  dt_instance] received at 2023-07-16 01:40:06.958749843 UTC - from mc-13->source-9 "58" 01:40:06.956686689
[2023-07-16T01:40:09Z INFO  dt_instance] received at 2023-07-16 01:40:09.472296384 UTC - from mc-13->source-5 "73" 01:40:09.468760250
[2023-07-16T01:40:11Z INFO  dt_instance] received at 2023-07-16 01:40:11.976146006 UTC - from mc-13->source-5 "78" 01:40:11.974008085
[2023-07-16T01:40:14Z INFO  dt_instance] received at 2023-07-16 01:40:14.495094803 UTC - from mc-13->source-9 "73" 01:40:14.493454020
[2023-07-16T01:40:17Z INFO  dt_instance] received at 2023-07-16 01:40:17.001832085 UTC - from mc-13->source-9 "78" 01:40:16.999907974
[2023-07-16T01:40:19Z INFO  dt_instance] received at 2023-07-16 01:40:19.516435747 UTC - from mc-13->source-9 "83" 01:40:19.514296311
[2023-07-16T01:40:22Z INFO  dt_instance] received at 2023-07-16 01:40:22.023107549 UTC - from mc-13->source-9 "88" 01:40:22.020646095
[2023-07-16T01:40:24Z INFO  dt_instance] received at 2023-07-16 01:40:24.528715229 UTC - from mc-13->source-5 "103" 01:40:24.527322244
[2023-07-16T01:40:27Z INFO  dt_instance] received at 2023-07-16 01:40:27.035653339 UTC - from mc-13->source-5 "108" 01:40:27.034431692
[2023-07-16T01:40:29Z INFO  dt_instance] received at 2023-07-16 01:40:29.541970995 UTC - from mc-13->source-5 "113" 01:40:29.540632352
[2023-07-16T01:40:32Z INFO  dt_instance] received at 2023-07-16 01:40:32.047747855 UTC - from mc-13->source-5 "118" 01:40:32.046421114
[2023-07-16T01:40:34Z INFO  dt_instance] received at 2023-07-16 01:40:34.556547339 UTC - from mc-13->source-5 "123" 01:40:34.552324622
[2023-07-16T01:40:37Z INFO  dt_instance] received at 2023-07-16 01:40:37.061231947 UTC - from mc-13->source-5 "128" 01:40:37.060174977
[2023-07-16T01:40:39Z INFO  dt_instance] received at 2023-07-16 01:40:39.567927717 UTC - from mc-13->source-5 "133" 01:40:39.566958305
[2023-07-16T01:40:42Z INFO  dt_instance] received at 2023-07-16 01:40:42.073628892 UTC - from mc-13->source-5 "138" 01:40:42.072858706
[2023-07-16T01:40:44Z INFO  dt_instance] received at 2023-07-16 01:40:44.579473753 UTC - from mc-13->source-5 "143" 01:40:44.578460460
[2023-07-16T01:40:47Z INFO  dt_instance] received at 2023-07-16 01:40:47.089728803 UTC - from mc-13->source-5 "148" 01:40:47.088215491
[2023-07-16T01:40:49Z INFO  dt_instance] received at 2023-07-16 01:40:49.596294460 UTC - from mc-13->source-5 "153" 01:40:49.594554653
[2023-07-16T01:40:52Z INFO  dt_instance] received at 2023-07-16 01:40:52.100744284 UTC - from mc-13->source-5 "158" 01:40:52.100007992
[2023-07-16T01:40:54Z INFO  dt_instance] received at 2023-07-16 01:40:54.606116459 UTC - from mc-13->source-5 "163" 01:40:54.605043321
[2023-07-16T01:40:57Z INFO  dt_instance] received at 2023-07-16 01:40:57.112169905 UTC - from mc-13->source-5 "168" 01:40:57.109766626
[2023-07-16T01:40:59Z INFO  dt_instance] received at 2023-07-16 01:40:59.616241450 UTC - from mc-13->source-5 "173" 01:40:59.614950044
[2023-07-16T01:41:02Z INFO  dt_instance] received at 2023-07-16 01:41:02.123363002 UTC - from mc-13->source-5 "178" 01:41:02.121625275
[2023-07-16T01:41:04Z INFO  dt_instance] received at 2023-07-16 01:41:04.628450022 UTC - from mc-13->source-5 "183" 01:41:04.626859768
[2023-07-16T01:41:07Z INFO  dt_instance] received at 2023-07-16 01:41:07.133398122 UTC - from mc-13->source-5 "188" 01:41:07.132471904
[2023-07-16T01:41:09Z INFO  dt_instance] received at 2023-07-16 01:41:09.639002914 UTC - from mc-13->source-5 "193" 01:41:09.637519755
[2023-07-16T01:41:12Z INFO  dt_instance] received at 2023-07-16 01:41:12.152527277 UTC - from mc-13->source-5 "198" 01:41:12.147524056
[2023-07-16T01:41:14Z INFO  dt_instance] received at 2023-07-16 01:41:14.664285488 UTC - from mc-13->source-5 "203" 01:41:14.660729985
[2023-07-16T01:41:17Z INFO  dt_instance] received at 2023-07-16 01:41:17.168929131 UTC - from mc-13->source-5 "208" 01:41:17.167167151
[2023-07-16T01:41:19Z INFO  dt_instance] received at 2023-07-16 01:41:19.675888419 UTC - from mc-13->source-5 "213" 01:41:19.672803974
[2023-07-16T01:41:22Z INFO  dt_instance] received at 2023-07-16 01:41:22.181978540 UTC - from mc-13->source-5 "218" 01:41:22.179469971
[2023-07-16T01:41:24Z INFO  dt_instance] received at 2023-07-16 01:41:24.685856030 UTC - from mc-13->source-5 "223" 01:41:24.684333866
[2023-07-16T01:41:27Z INFO  dt_instance] received at 2023-07-16 01:41:27.196165595 UTC - from mc-13->source-5 "228" 01:41:27.192944915
[2023-07-16T01:41:29Z INFO  dt_instance] received at 2023-07-16 01:41:29.700062069 UTC - from mc-13->source-5 "233" 01:41:29.698720106
[2023-07-16T01:41:32Z INFO  dt_instance] received at 2023-07-16 01:41:32.209372111 UTC - from mc-13->source-5 "238" 01:41:32.205672887
[2023-07-16T01:41:34Z INFO  dt_instance] received at 2023-07-16 01:41:34.712130442 UTC - from mc-13->source-5 "243" 01:41:34.710592742
[2023-07-16T01:41:37Z INFO  dt_instance] received at 2023-07-16 01:41:37.216941839 UTC - from mc-13->source-5 "248" 01:41:37.215937567
[2023-07-16T01:41:39Z INFO  dt_instance] received at 2023-07-16 01:41:39.738564173 UTC - from mc-13->source-5 "253" 01:41:39.737206185
[2023-07-16T01:41:42Z INFO  dt_instance] received at 2023-07-16 01:41:42.244868367 UTC - from mc-13->source-5 "258" 01:41:42.242370455
[2023-07-16T01:41:44Z INFO  dt_instance] received at 2023-07-16 01:41:44.750029782 UTC - from mc-13->source-5 "263" 01:41:44.747865951
[2023-07-16T01:41:47Z INFO  dt_instance] received at 2023-07-16 01:41:47.256946892 UTC - from mc-13->source-5 "268" 01:41:47.253157803
[2023-07-16T01:41:49Z INFO  dt_instance] received at 2023-07-16 01:41:49.761395559 UTC - from mc-13->source-5 "273" 01:41:49.759275098
[2023-07-16T01:41:52Z INFO  dt_instance] received at 2023-07-16 01:41:52.266365955 UTC - from mc-13->source-5 "278" 01:41:52.264724991
[2023-07-16T01:41:54Z INFO  dt_instance] received at 2023-07-16 01:41:54.776411737 UTC - from mc-13->source-5 "283" 01:41:54.771560333
[2023-07-16T01:41:57Z INFO  dt_instance] received at 2023-07-16 01:41:57.283241205 UTC - from mc-13->source-5 "288" 01:41:57.278014909
[2023-07-16T01:41:59Z INFO  dt_instance] received at 2023-07-16 01:41:59.784925615 UTC - from mc-13->source-5 "293" 01:41:59.783665962
[2023-07-16T01:42:02Z INFO  dt_instance] received at 2023-07-16 01:42:02.292153977 UTC - from mc-13->source-5 "298" 01:42:02.290450842
[2023-07-16T01:42:04Z INFO  dt_instance] received at 2023-07-16 01:42:04.799577567 UTC - from mc-13->source-5 "303" 01:42:04.798403383
[2023-07-16T01:42:07Z INFO  dt_instance] received at 2023-07-16 01:42:07.305868322 UTC - from mc-13->source-5 "308" 01:42:07.304598907
[2023-07-16T01:42:09Z INFO  dt_instance] received at 2023-07-16 01:42:09.811315588 UTC - from mc-13->source-5 "313" 01:42:09.809492168
[2023-07-16T01:42:12Z INFO  dt_instance] received at 2023-07-16 01:42:12.317243581 UTC - from mc-13->source-5 "318" 01:42:12.316332930
[2023-07-16T01:42:14Z INFO  dt_instance] received at 2023-07-16 01:42:14.823131589 UTC - from mc-13->source-5 "323" 01:42:14.821878629
[2023-07-16T01:42:17Z INFO  dt_instance] received at 2023-07-16 01:42:17.334702121 UTC - from mc-13->source-5 "328" 01:42:17.328796666
[2023-07-16T01:42:19Z INFO  dt_instance] received at 2023-07-16 01:42:19.836796670 UTC - from mc-13->source-5 "333" 01:42:19.833651923
[2023-07-16T01:42:22Z INFO  dt_instance] received at 2023-07-16 01:42:22.341031658 UTC - from mc-13->source-5 "338" 01:42:22.339302561
[2023-07-16T01:42:24Z INFO  dt_instance] received at 2023-07-16 01:42:24.848088573 UTC - from mc-13->source-5 "343" 01:42:24.846078745
[2023-07-16T01:42:27Z INFO  dt_instance] received at 2023-07-16 01:42:27.358753501 UTC - from mc-13->source-5 "348" 01:42:27.352179461
[2023-07-16T01:42:29Z INFO  dt_instance] received at 2023-07-16 01:42:29.861915396 UTC - from mc-13->source-5 "353" 01:42:29.858515842
[2023-07-16T01:42:32Z INFO  dt_instance] received at 2023-07-16 01:42:32.367563955 UTC - from mc-13->source-5 "358" 01:42:32.363539928
[2023-07-16T01:42:34Z INFO  dt_instance] received at 2023-07-16 01:42:34.871638382 UTC - from mc-13->source-5 "363" 01:42:34.869748456
[2023-07-16T01:42:37Z INFO  dt_instance] received at 2023-07-16 01:42:37.375478963 UTC - from mc-13->source-5 "368" 01:42:37.374556168
[2023-07-16T01:42:39Z INFO  dt_instance] received at 2023-07-16 01:42:39.881794249 UTC - from mc-13->source-5 "373" 01:42:39.880648123
[2023-07-16T01:42:42Z INFO  dt_instance] received at 2023-07-16 01:42:42.387980288 UTC - from mc-13->source-5 "378" 01:42:42.386747149
[2023-07-16T01:42:44Z INFO  dt_instance] received at 2023-07-16 01:42:44.908657048 UTC - from mc-13->source-5 "383" 01:42:44.894237734
[2023-07-16T01:42:47Z INFO  dt_instance] received at 2023-07-16 01:42:47.405418998 UTC - from mc-13->source-5 "388" 01:42:47.399790707
[2023-07-16T01:42:49Z INFO  dt_instance] received at 2023-07-16 01:42:49.906931499 UTC - from mc-13->source-5 "393" 01:42:49.904414578
[2023-07-16T01:42:52Z INFO  dt_instance] received at 2023-07-16 01:42:52.417736631 UTC - from mc-13->source-5 "398" 01:42:52.409687505
[2023-07-16T01:42:54Z INFO  dt_instance] received at 2023-07-16 01:42:54.921890217 UTC - from mc-13->source-5 "403" 01:42:54.915332184
[2023-07-16T01:42:57Z INFO  dt_instance] received at 2023-07-16 01:42:57.425965742 UTC - from mc-13->source-5 "408" 01:42:57.421190264
[2023-07-16T01:42:59Z INFO  dt_instance] received at 2023-07-16 01:42:59.934704792 UTC - from mc-13->source-5 "413" 01:42:59.926814829
[2023-07-16T01:43:02Z INFO  dt_instance] received at 2023-07-16 01:43:02.435358916 UTC - from mc-13->source-5 "418" 01:43:02.432200964
[2023-07-16T01:43:04Z INFO  dt_instance] received at 2023-07-16 01:43:04.947178451 UTC - from mc-13->source-5 "423" 01:43:04.937501942
[2023-07-16T01:43:07Z INFO  dt_instance] received at 2023-07-16 01:43:07.444751751 UTC - from mc-13->source-5 "428" 01:43:07.442679366
[2023-07-16T01:43:09Z INFO  dt_instance] received at 2023-07-16 01:43:09.951912098 UTC - from mc-13->source-5 "433" 01:43:09.949074033
[2023-07-16T01:43:12Z INFO  dt_instance] received at 2023-07-16 01:43:12.469691703 UTC - from mc-13->source-5 "438" 01:43:12.459061890
[2023-07-16T01:43:14Z INFO  dt_instance] received at 2023-07-16 01:43:14.973871012 UTC - from mc-13->source-5 "443" 01:43:14.970594500
[2023-07-16T01:43:17Z INFO  dt_instance] received at 2023-07-16 01:43:17.477903740 UTC - from mc-13->source-5 "448" 01:43:17.476536276
[2023-07-16T01:43:19Z INFO  dt_instance] received at 2023-07-16 01:43:19.982911700 UTC - from mc-13->source-5 "453" 01:43:19.981777001
[2023-07-16T01:43:22Z INFO  dt_instance] received at 2023-07-16 01:43:22.493100926 UTC - from mc-13->source-5 "458" 01:43:22.486543949
[2023-07-16T01:43:24Z INFO  dt_instance] received at 2023-07-16 01:43:24.995698161 UTC - from mc-13->source-5 "463" 01:43:24.991960191
[2023-07-16T01:43:27Z INFO  dt_instance] received at 2023-07-16 01:43:27.498170248 UTC - from mc-13->source-5 "468" 01:43:27.496859716
[2023-07-16T01:43:30Z INFO  dt_instance] received at 2023-07-16 01:43:30.014099149 UTC - from mc-13->source-5 "473" 01:43:30.002716933
[2023-07-16T01:43:32Z INFO  dt_instance] received at 2023-07-16 01:43:32.512742454 UTC - from mc-13->source-5 "478" 01:43:32.510091560
[2023-07-16T01:43:35Z INFO  dt_instance] received at 2023-07-16 01:43:35.017480451 UTC - from mc-13->source-5 "483" 01:43:35.016321492
[2023-07-16T01:43:37Z INFO  dt_instance] received at 2023-07-16 01:43:37.527207703 UTC - from mc-13->source-5 "488" 01:43:37.525129903
[2023-07-16T01:43:40Z INFO  dt_instance] received at 2023-07-16 01:43:40.033805373 UTC - from mc-13->source-5 "493" 01:43:40.030568463
[2023-07-16T01:43:42Z INFO  dt_instance] received at 2023-07-16 01:43:42.538332906 UTC - from mc-13->source-5 "498" 01:43:42.536493724
[2023-07-16T01:43:45Z INFO  dt_instance] received at 2023-07-16 01:43:45.043690578 UTC - from mc-13->source-5 "503" 01:43:45.041616378
[2023-07-16T01:43:47Z INFO  dt_instance] received at 2023-07-16 01:43:47.550043017 UTC - from mc-13->source-5 "508" 01:43:47.548226771
[2023-07-16T01:43:50Z INFO  dt_instance] received at 2023-07-16 01:43:50.055030526 UTC - from mc-13->source-5 "513" 01:43:50.053563455
[2023-07-16T01:43:52Z INFO  dt_instance] received at 2023-07-16 01:43:52.560771082 UTC - from mc-13->source-5 "518" 01:43:52.559441499
[2023-07-16T01:43:55Z INFO  dt_instance] received at 2023-07-16 01:43:55.070214889 UTC - from mc-13->source-5 "523" 01:43:55.067522533
[2023-07-16T01:43:57Z INFO  dt_instance] received at 2023-07-16 01:43:57.577021052 UTC - from mc-13->source-5 "528" 01:43:57.575913637
[2023-07-16T01:44:00Z INFO  dt_instance] received at 2023-07-16 01:44:00.112016245 UTC - from mc-13->source-5 "533" 01:44:00.081022842
[2023-07-16T01:44:02Z INFO  dt_instance] received at 2023-07-16 01:44:02.587117386 UTC - from mc-13->source-5 "538" 01:44:02.586189457
[2023-07-16T01:44:05Z INFO  dt_instance] received at 2023-07-16 01:44:05.094212601 UTC - from mc-13->source-5 "543" 01:44:05.092994992
[2023-07-16T01:44:07Z INFO  dt_instance] received at 2023-07-16 01:44:07.602329238 UTC - from mc-13->source-5 "548" 01:44:07.600224619
[2023-07-16T01:44:10Z INFO  dt_instance] received at 2023-07-16 01:44:10.109632197 UTC - from mc-13->source-5 "553" 01:44:10.106634213
[2023-07-16T01:44:12Z INFO  dt_instance] received at 2023-07-16 01:44:12.620515582 UTC - from mc-13->source-5 "558" 01:44:12.618138116
[2023-07-16T01:44:15Z INFO  dt_instance] received at 2023-07-16 01:44:15.137661395 UTC - from mc-13->source-5 "563" 01:44:15.125642757
[2023-07-16T01:44:17Z INFO  dt_instance] received at 2023-07-16 01:44:17.633158698 UTC - from mc-13->source-5 "568" 01:44:17.631424161
[2023-07-16T01:44:20Z INFO  dt_instance] received at 2023-07-16 01:44:20.141386675 UTC - from mc-13->source-5 "573" 01:44:20.137498413
[2023-07-16T01:44:22Z INFO  dt_instance] received at 2023-07-16 01:44:22.654728798 UTC - from mc-13->source-5 "578" 01:44:22.649641659
[2023-07-16T01:44:25Z INFO  dt_instance] received at 2023-07-16 01:44:25.165483984 UTC - from mc-13->source-5 "583" 01:44:25.157267816
[2023-07-16T01:44:27Z INFO  dt_instance] received at 2023-07-16 01:44:27.665149749 UTC - from mc-13->source-5 "588" 01:44:27.663057100
[2023-07-16T01:44:30Z INFO  dt_instance] received at 2023-07-16 01:44:30.180592926 UTC - from mc-13->source-9 "583" 01:44:30.123823692
[2023-07-16T01:44:32Z INFO  dt_instance] received at 2023-07-16 01:44:32.685224716 UTC - from mc-13->source-5 "598" 01:44:32.683278851
[2023-07-16T01:44:35Z INFO  dt_instance] received at 2023-07-16 01:44:35.199252586 UTC - from mc-13->source-5 "603" 01:44:35.189865452
[2023-07-16T01:44:37Z INFO  dt_instance] received at 2023-07-16 01:44:37.696482718 UTC - from mc-13->source-5 "608" 01:44:37.694589661
[2023-07-16T01:44:40Z INFO  dt_instance] received at 2023-07-16 01:44:40.208855928 UTC - from mc-13->source-5 "613" 01:44:40.202036215
[2023-07-16T01:44:42Z INFO  dt_instance] received at 2023-07-16 01:44:42.768799667 UTC - from mc-13->source-7 "613" 01:44:42.626523380
[2023-07-16T01:44:45Z INFO  dt_instance] received at 2023-07-16 01:44:45.254549596 UTC - from mc-13->source-5 "623" 01:44:45.211921493
[2023-07-16T01:44:47Z INFO  dt_instance] received at 2023-07-16 01:44:47.738892459 UTC - from mc-13->source-5 "628" 01:44:47.734578330
[2023-07-16T01:44:50Z INFO  dt_instance] received at 2023-07-16 01:44:50.243071682 UTC - from mc-13->source-5 "633" 01:44:50.241147579
[2023-07-16T01:44:52Z INFO  dt_instance] received at 2023-07-16 01:44:52.752511572 UTC - from mc-13->source-5 "638" 01:44:52.749511168
[2023-07-16T01:44:55Z INFO  dt_instance] received at 2023-07-16 01:44:55.264627596 UTC - from mc-13->source-5 "643" 01:44:55.254687393
[2023-07-16T01:44:57Z INFO  dt_instance] received at 2023-07-16 01:44:57.760548004 UTC - from mc-13->source-5 "648" 01:44:57.759503501
[2023-07-16T01:45:00Z INFO  dt_instance] received at 2023-07-16 01:45:00.268483810 UTC - from mc-13->source-5 "653" 01:45:00.264362501
[2023-07-16T01:45:02Z INFO  dt_instance] received at 2023-07-16 01:45:02.770713582 UTC - from mc-13->source-5 "658" 01:45:02.769670628
[2023-07-16T01:45:05Z INFO  dt_instance] received at 2023-07-16 01:45:05.276106205 UTC - from mc-13->source-5 "663" 01:45:05.274902120
[2023-07-16T01:45:07Z INFO  dt_instance] received at 2023-07-16 01:45:07.782838047 UTC - from mc-13->source-5 "668" 01:45:07.781456548
[2023-07-16T01:45:10Z INFO  dt_instance] received at 2023-07-16 01:45:10.309839168 UTC - from mc-13->source-5 "673" 01:45:10.286989433
[2023-07-16T01:45:12Z INFO  dt_instance] received at 2023-07-16 01:45:12.798942049 UTC - from mc-13->source-5 "678" 01:45:12.791737403
[2023-07-16T01:45:15Z INFO  dt_instance] received at 2023-07-16 01:45:15.297979227 UTC - from mc-13->source-5 "683" 01:45:15.296609124
[2023-07-16T01:45:17Z INFO  dt_instance] received at 2023-07-16 01:45:17.802675628 UTC - from mc-13->source-5 "688" 01:45:17.801456013
[2023-07-16T01:45:20Z INFO  dt_instance] received at 2023-07-16 01:45:20.309194757 UTC - from mc-13->source-5 "693" 01:45:20.306695608
[2023-07-16T01:45:22Z INFO  dt_instance] received at 2023-07-16 01:45:22.814131935 UTC - from mc-13->source-5 "698" 01:45:22.812973344
[2023-07-16T01:45:25Z INFO  dt_instance] received at 2023-07-16 01:45:25.325955306 UTC - from mc-13->source-5 "703" 01:45:25.318785288
[2023-07-16T01:45:27Z INFO  dt_instance] received at 2023-07-16 01:45:27.825772397 UTC - from mc-13->source-5 "708" 01:45:27.824412809
[2023-07-16T01:45:30Z INFO  dt_instance] received at 2023-07-16 01:45:30.331865074 UTC - from mc-13->source-5 "713" 01:45:30.330607165
[2023-07-16T01:45:32Z INFO  dt_instance] received at 2023-07-16 01:45:32.837288320 UTC - from mc-13->source-5 "718" 01:45:32.835669283
[2023-07-16T01:45:35Z INFO  dt_instance] received at 2023-07-16 01:45:35.343770731 UTC - from mc-13->source-5 "723" 01:45:35.341662602
[2023-07-16T01:45:37Z INFO  dt_instance] received at 2023-07-16 01:45:37.849484655 UTC - from mc-13->source-5 "728" 01:45:37.848149121
[2023-07-16T01:45:40Z INFO  dt_instance] received at 2023-07-16 01:45:40.360575166 UTC - from mc-13->source-5 "733" 01:45:40.355248826
[2023-07-16T01:45:42Z INFO  dt_instance] received at 2023-07-16 01:45:42.884031925 UTC - from mc-13->source-5 "738" 01:45:42.869672401
[2023-07-16T01:45:45Z INFO  dt_instance] received at 2023-07-16 01:45:45.375927079 UTC - from mc-13->source-5 "743" 01:45:45.374560561
[2023-07-16T01:45:47Z INFO  dt_instance] received at 2023-07-16 01:45:47.881218904 UTC - from mc-13->source-5 "748" 01:45:47.879895056
[2023-07-16T01:45:50Z INFO  dt_instance] received at 2023-07-16 01:45:50.386930563 UTC - from mc-13->source-5 "753" 01:45:50.385627706
[2023-07-16T01:45:52Z INFO  dt_instance] received at 2023-07-16 01:45:52.893172579 UTC - from mc-13->source-5 "758" 01:45:52.891336572
[2023-07-16T01:45:55Z INFO  dt_instance] received at 2023-07-16 01:45:55.399132970 UTC - from mc-13->source-5 "763" 01:45:55.396894784
[2023-07-16T01:45:57Z INFO  dt_instance] received at 2023-07-16 01:45:57.904034134 UTC - from mc-13->source-5 "768" 01:45:57.901691575
[2023-07-16T01:46:00Z INFO  dt_instance] received at 2023-07-16 01:46:00.407794726 UTC - from mc-13->source-5 "773" 01:46:00.407137626
[2023-07-16T01:46:02Z INFO  dt_instance] received at 2023-07-16 01:46:02.922266580 UTC - from mc-13->source-5 "778" 01:46:02.912416111
[2023-07-16T01:46:05Z INFO  dt_instance] received at 2023-07-16 01:46:05.419603492 UTC - from mc-13->source-5 "783" 01:46:05.417811089
[2023-07-16T01:46:07Z INFO  dt_instance] received at 2023-07-16 01:46:07.926400961 UTC - from mc-13->source-5 "788" 01:46:07.922522069
[2023-07-16T01:46:10Z INFO  dt_instance] received at 2023-07-16 01:46:10.428784563 UTC - from mc-13->source-5 "793" 01:46:10.427671902
[2023-07-16T01:46:12Z INFO  dt_instance] received at 2023-07-16 01:46:12.933654913 UTC - from mc-13->source-5 "798" 01:46:12.932368189
[2023-07-16T01:46:15Z INFO  dt_instance] received at 2023-07-16 01:46:15.441591992 UTC - from mc-13->source-5 "803" 01:46:15.437944600
[2023-07-16T01:46:17Z INFO  dt_instance] received at 2023-07-16 01:46:17.945055204 UTC - from mc-13->source-5 "808" 01:46:17.943497454
[2023-07-16T01:46:20Z INFO  dt_instance] received at 2023-07-16 01:46:20.453038288 UTC - from mc-13->source-5 "813" 01:46:20.449483637
[2023-07-16T01:46:22Z INFO  dt_instance] received at 2023-07-16 01:46:22.960789586 UTC - from mc-13->source-5 "818" 01:46:22.958154380
[2023-07-16T01:46:25Z INFO  dt_instance] received at 2023-07-16 01:46:25.466125938 UTC - from mc-13->source-5 "823" 01:46:25.465021218
[2023-07-16T01:46:27Z INFO  dt_instance] received at 2023-07-16 01:46:27.972217425 UTC - from mc-13->source-5 "828" 01:46:27.969776890
[2023-07-16T01:46:30Z INFO  dt_instance] received at 2023-07-16 01:46:30.483311879 UTC - from mc-13->source-5 "833" 01:46:30.475722099
[2023-07-16T01:46:32Z INFO  dt_instance] received at 2023-07-16 01:46:32.983435913 UTC - from mc-13->source-5 "838" 01:46:32.982067685
[2023-07-16T01:46:35Z INFO  dt_instance] received at 2023-07-16 01:46:35.489364549 UTC - from mc-13->source-5 "843" 01:46:35.488007169
[2023-07-16T01:46:37Z INFO  dt_instance] received at 2023-07-16 01:46:37.994150181 UTC - from mc-13->source-5 "848" 01:46:37.993055795
[2023-07-16T01:46:40Z INFO  dt_instance] received at 2023-07-16 01:46:40.501094244 UTC - from mc-13->source-5 "853" 01:46:40.497462762
[2023-07-16T01:46:43Z INFO  dt_instance] received at 2023-07-16 01:46:43.022718786 UTC - from mc-13->source-5 "858" 01:46:43.003600018
[2023-07-16T01:46:45Z INFO  dt_instance] received at 2023-07-16 01:46:45.511074883 UTC - from mc-13->source-5 "863" 01:46:45.510201967
[2023-07-16T01:46:48Z INFO  dt_instance] received at 2023-07-16 01:46:48.018254283 UTC - from mc-13->source-5 "868" 01:46:48.017062396
[2023-07-16T01:46:50Z INFO  dt_instance] received at 2023-07-16 01:46:50.525191562 UTC - from mc-13->source-5 "873" 01:46:50.522784653
[2023-07-16T01:46:53Z INFO  dt_instance] received at 2023-07-16 01:46:53.030644695 UTC - from mc-13->source-5 "878" 01:46:53.029746470
[2023-07-16T01:46:55Z INFO  dt_instance] received at 2023-07-16 01:46:55.541432814 UTC - from mc-13->source-5 "883" 01:46:55.536910997
[2023-07-16T01:46:58Z INFO  dt_instance] received at 2023-07-16 01:46:58.045464143 UTC - from mc-13->source-5 "888" 01:46:58.044054306
[2023-07-16T01:47:00Z INFO  dt_instance] received at 2023-07-16 01:47:00.550124696 UTC - from mc-13->source-5 "893" 01:47:00.548905381
[2023-07-16T01:47:03Z INFO  dt_instance] received at 2023-07-16 01:47:03.056817408 UTC - from mc-13->source-5 "898" 01:47:03.055125658
[2023-07-16T01:47:05Z INFO  dt_instance] received at 2023-07-16 01:47:05.562991952 UTC - from mc-13->source-5 "903" 01:47:05.561492035
[2023-07-16T01:47:08Z INFO  dt_instance] received at 2023-07-16 01:47:08.069059227 UTC - from mc-13->source-5 "908" 01:47:08.066509504
[2023-07-16T01:47:10Z INFO  dt_instance] received at 2023-07-16 01:47:10.574870734 UTC - from mc-13->source-5 "913" 01:47:10.572811962
[2023-07-16T01:47:13Z INFO  dt_instance] received at 2023-07-16 01:47:13.081660846 UTC - from mc-13->source-5 "918" 01:47:13.078701275
[2023-07-16T01:47:15Z INFO  dt_instance] received at 2023-07-16 01:47:15.586323132 UTC - from mc-13->source-5 "923" 01:47:15.584444854
[2023-07-16T01:47:18Z INFO  dt_instance] received at 2023-07-16 01:47:18.091172491 UTC - from mc-13->source-5 "928" 01:47:18.089674304
[2023-07-16T01:47:20Z INFO  dt_instance] received at 2023-07-16 01:47:20.596722914 UTC - from mc-13->source-5 "933" 01:47:20.594692010
[2023-07-16T01:47:23Z INFO  dt_instance] received at 2023-07-16 01:47:23.101872931 UTC - from mc-13->source-5 "938" 01:47:23.100812562
[2023-07-16T01:47:25Z INFO  dt_instance] received at 2023-07-16 01:47:25.607447638 UTC - from mc-13->source-5 "943" 01:47:25.605725297
[2023-07-16T01:47:28Z INFO  dt_instance] received at 2023-07-16 01:47:28.122463039 UTC - from mc-13->source-5 "948" 01:47:28.120689394
[2023-07-16T01:47:30Z INFO  dt_instance] received at 2023-07-16 01:47:30.626520049 UTC - from mc-13->source-5 "953" 01:47:30.625365324
[2023-07-16T01:47:33Z INFO  dt_instance] received at 2023-07-16 01:47:33.134283670 UTC - from mc-13->source-5 "958" 01:47:33.130235472
[2023-07-16T01:47:35Z INFO  dt_instance] received at 2023-07-16 01:47:35.640626191 UTC - from mc-13->source-5 "963" 01:47:35.638993460
[2023-07-16T01:47:38Z INFO  dt_instance] received at 2023-07-16 01:47:38.145103505 UTC - from mc-13->source-5 "968" 01:47:38.144077158
[2023-07-16T01:47:40Z INFO  dt_instance] received at 2023-07-16 01:47:40.653863576 UTC - from mc-13->source-5 "973" 01:47:40.651916732
[2023-07-16T01:47:43Z INFO  dt_instance] received at 2023-07-16 01:47:43.158928865 UTC - from mc-13->source-5 "978" 01:47:43.157358695
[2023-07-16T01:47:45Z INFO  dt_instance] received at 2023-07-16 01:47:45.665482203 UTC - from mc-13->source-5 "983" 01:47:45.664524294
[2023-07-16T01:47:48Z INFO  dt_instance] received at 2023-07-16 01:47:48.360612232 UTC - from mc-13->source-4 "991" 01:47:48.359797513
[2023-07-16T01:47:51Z INFO  dt_instance] received at 2023-07-16 01:47:51.656388250 UTC - from mc-13->source-7 "990" 01:47:51.654177268
[2023-07-16T01:47:58Z INFO  dt_instance] received at 2023-07-16 01:47:58.675598685 UTC - from mc-13->source-9 "999" 01:47:58.672691876
