[2023-07-16T01:27:12Z INFO  dt_instance] Current Twin: mc-twin-9
[2023-07-16T01:27:12Z INFO  dt_instance] Replica Name twin-mc-stateful-9
[2023-07-16T01:27:12Z INFO  dt_instance] Sleeping for 450
[2023-07-16T01:34:42Z INFO  dt_instance] Connecting to broker at emqx.dtwins:1883
[2023-07-16T01:34:42Z INFO  dt_instance] Loggin info each 50 messages
[2023-07-16T01:34:42Z INFO  dt_instance] Set max packet size to 60000 KB.
[2023-07-16T01:34:42Z INFO  dt_instance] Refreshing topics for twin - Listen to mc-9/#
[2023-07-16T01:34:42Z INFO  dt_instance] SubAck { pkid: 1, return_codes: [Success(ExactlyOnce)] }
[2023-07-16T01:35:53Z INFO  dt_instance] received at 2023-07-16 01:35:53.210607950 UTC - from mc-9->source-2 "9" 01:35:53.209713460
[2023-07-16T01:35:56Z INFO  dt_instance] received at 2023-07-16 01:35:56.465511276 UTC - from mc-9->source-3 "13" 01:35:56.464392291
[2023-07-16T01:35:58Z INFO  dt_instance] received at 2023-07-16 01:35:58.998268659 UTC - from mc-9->source-1 "23" 01:35:58.987908816
[2023-07-16T01:36:01Z INFO  dt_instance] received at 2023-07-16 01:36:01.494371874 UTC - from mc-9->source-1 "28" 01:36:01.493379008
[2023-07-16T01:36:03Z INFO  dt_instance] received at 2023-07-16 01:36:03.999474758 UTC - from mc-9->source-1 "33" 01:36:03.998094298
[2023-07-16T01:36:06Z INFO  dt_instance] received at 2023-07-16 01:36:06.504737420 UTC - from mc-9->source-1 "38" 01:36:06.503741218
[2023-07-16T01:36:09Z INFO  dt_instance] received at 2023-07-16 01:36:09.022011667 UTC - from mc-9->source-1 "43" 01:36:09.020497942
[2023-07-16T01:36:11Z INFO  dt_instance] received at 2023-07-16 01:36:11.529105847 UTC - from mc-9->source-1 "48" 01:36:11.527585377
[2023-07-16T01:36:14Z INFO  dt_instance] received at 2023-07-16 01:36:14.033514914 UTC - from mc-9->source-1 "53" 01:36:14.032598225
[2023-07-16T01:36:16Z INFO  dt_instance] received at 2023-07-16 01:36:16.538860750 UTC - from mc-9->source-1 "58" 01:36:16.537674368
[2023-07-16T01:36:19Z INFO  dt_instance] received at 2023-07-16 01:36:19.043827177 UTC - from mc-9->source-1 "63" 01:36:19.042938408
[2023-07-16T01:36:21Z INFO  dt_instance] received at 2023-07-16 01:36:21.549709333 UTC - from mc-9->source-1 "68" 01:36:21.548628154
[2023-07-16T01:36:24Z INFO  dt_instance] received at 2023-07-16 01:36:24.058577272 UTC - from mc-9->source-1 "73" 01:36:24.054792122
[2023-07-16T01:36:26Z INFO  dt_instance] received at 2023-07-16 01:36:26.560699712 UTC - from mc-9->source-1 "78" 01:36:26.559675052
[2023-07-16T01:36:29Z INFO  dt_instance] received at 2023-07-16 01:36:29.065450061 UTC - from mc-9->source-1 "83" 01:36:29.064837457
[2023-07-16T01:36:31Z INFO  dt_instance] received at 2023-07-16 01:36:31.571116544 UTC - from mc-9->source-1 "88" 01:36:31.570096562
[2023-07-16T01:36:34Z INFO  dt_instance] received at 2023-07-16 01:36:34.077457103 UTC - from mc-9->source-1 "93" 01:36:34.076510718
[2023-07-16T01:36:36Z INFO  dt_instance] received at 2023-07-16 01:36:36.583177356 UTC - from mc-9->source-1 "98" 01:36:36.581829338
[2023-07-16T01:36:39Z INFO  dt_instance] received at 2023-07-16 01:36:39.090593927 UTC - from mc-9->source-1 "103" 01:36:39.089720422
[2023-07-16T01:36:41Z INFO  dt_instance] received at 2023-07-16 01:36:41.596462310 UTC - from mc-9->source-1 "108" 01:36:41.595690373
[2023-07-16T01:36:44Z INFO  dt_instance] received at 2023-07-16 01:36:44.105453267 UTC - from mc-9->source-1 "113" 01:36:44.103025670
[2023-07-16T01:36:46Z INFO  dt_instance] received at 2023-07-16 01:36:46.612750658 UTC - from mc-9->source-1 "118" 01:36:46.607919676
[2023-07-16T01:36:49Z INFO  dt_instance] received at 2023-07-16 01:36:49.114428172 UTC - from mc-9->source-1 "123" 01:36:49.113439587
[2023-07-16T01:36:51Z INFO  dt_instance] received at 2023-07-16 01:36:51.619944258 UTC - from mc-9->source-1 "128" 01:36:51.619022445
[2023-07-16T01:36:54Z INFO  dt_instance] received at 2023-07-16 01:36:54.125812973 UTC - from mc-9->source-1 "133" 01:36:54.124472729
[2023-07-16T01:36:56Z INFO  dt_instance] received at 2023-07-16 01:36:56.633042814 UTC - from mc-9->source-1 "138" 01:36:56.632092529
[2023-07-16T01:36:59Z INFO  dt_instance] received at 2023-07-16 01:36:59.137318419 UTC - from mc-9->source-1 "143" 01:36:59.136584470
[2023-07-16T01:37:01Z INFO  dt_instance] received at 2023-07-16 01:37:01.643635641 UTC - from mc-9->source-1 "148" 01:37:01.642459553
[2023-07-16T01:37:04Z INFO  dt_instance] received at 2023-07-16 01:37:04.171207031 UTC - from mc-9->source-1 "153" 01:37:04.170132424
[2023-07-16T01:37:06Z INFO  dt_instance] received at 2023-07-16 01:37:06.683903504 UTC - from mc-9->source-1 "158" 01:37:06.674623989
[2023-07-16T01:37:09Z INFO  dt_instance] received at 2023-07-16 01:37:09.181957004 UTC - from mc-9->source-1 "163" 01:37:09.181040811
[2023-07-16T01:37:11Z INFO  dt_instance] received at 2023-07-16 01:37:11.688316429 UTC - from mc-9->source-1 "168" 01:37:11.687231818
[2023-07-16T01:37:14Z INFO  dt_instance] received at 2023-07-16 01:37:14.193056331 UTC - from mc-9->source-1 "173" 01:37:14.191904841
[2023-07-16T01:37:16Z INFO  dt_instance] received at 2023-07-16 01:37:16.697373664 UTC - from mc-9->source-1 "178" 01:37:16.696771165
[2023-07-16T01:37:19Z INFO  dt_instance] received at 2023-07-16 01:37:19.204519708 UTC - from mc-9->source-1 "183" 01:37:19.203372397
[2023-07-16T01:37:21Z INFO  dt_instance] received at 2023-07-16 01:37:21.710398677 UTC - from mc-9->source-1 "188" 01:37:21.709033798
[2023-07-16T01:37:24Z INFO  dt_instance] received at 2023-07-16 01:37:24.215423510 UTC - from mc-9->source-1 "193" 01:37:24.214533909
[2023-07-16T01:37:26Z INFO  dt_instance] received at 2023-07-16 01:37:26.720665956 UTC - from mc-9->source-1 "198" 01:37:26.719990682
[2023-07-16T01:37:29Z INFO  dt_instance] received at 2023-07-16 01:37:29.226126857 UTC - from mc-9->source-1 "203" 01:37:29.224912450
[2023-07-16T01:37:31Z INFO  dt_instance] received at 2023-07-16 01:37:31.733184793 UTC - from mc-9->source-1 "208" 01:37:31.731859457
[2023-07-16T01:37:34Z INFO  dt_instance] received at 2023-07-16 01:37:34.238362842 UTC - from mc-9->source-1 "213" 01:37:34.237503976
[2023-07-16T01:37:36Z INFO  dt_instance] received at 2023-07-16 01:37:36.745139135 UTC - from mc-9->source-1 "218" 01:37:36.744495582
[2023-07-16T01:37:39Z INFO  dt_instance] received at 2023-07-16 01:37:39.251253831 UTC - from mc-9->source-1 "223" 01:37:39.250388517
[2023-07-16T01:37:41Z INFO  dt_instance] received at 2023-07-16 01:37:41.757398857 UTC - from mc-9->source-1 "228" 01:37:41.756547816
[2023-07-16T01:37:44Z INFO  dt_instance] received at 2023-07-16 01:37:44.262563356 UTC - from mc-9->source-1 "233" 01:37:44.261640264
[2023-07-16T01:37:46Z INFO  dt_instance] received at 2023-07-16 01:37:46.769045745 UTC - from mc-9->source-1 "238" 01:37:46.767674132
[2023-07-16T01:37:49Z INFO  dt_instance] received at 2023-07-16 01:37:49.274564599 UTC - from mc-9->source-1 "243" 01:37:49.273242092
[2023-07-16T01:37:51Z INFO  dt_instance] received at 2023-07-16 01:37:51.780396990 UTC - from mc-9->source-1 "248" 01:37:51.778541939
[2023-07-16T01:37:54Z INFO  dt_instance] received at 2023-07-16 01:37:54.284978689 UTC - from mc-9->source-1 "253" 01:37:54.284107295
[2023-07-16T01:37:56Z INFO  dt_instance] received at 2023-07-16 01:37:56.789808844 UTC - from mc-9->source-1 "258" 01:37:56.788876290
[2023-07-16T01:37:59Z INFO  dt_instance] received at 2023-07-16 01:37:59.295946105 UTC - from mc-9->source-1 "263" 01:37:59.294576737
[2023-07-16T01:38:01Z INFO  dt_instance] received at 2023-07-16 01:38:01.802078461 UTC - from mc-9->source-1 "268" 01:38:01.801256457
[2023-07-16T01:38:04Z INFO  dt_instance] received at 2023-07-16 01:38:04.308231980 UTC - from mc-9->source-1 "273" 01:38:04.307126995
[2023-07-16T01:38:06Z INFO  dt_instance] received at 2023-07-16 01:38:06.812844084 UTC - from mc-9->source-1 "278" 01:38:06.811898388
[2023-07-16T01:38:09Z INFO  dt_instance] received at 2023-07-16 01:38:09.317865759 UTC - from mc-9->source-1 "283" 01:38:09.316704417
[2023-07-16T01:38:11Z INFO  dt_instance] received at 2023-07-16 01:38:11.825280496 UTC - from mc-9->source-7 "273" 01:38:11.823472715
[2023-07-16T01:38:14Z INFO  dt_instance] received at 2023-07-16 01:38:14.333858256 UTC - from mc-9->source-7 "278" 01:38:14.331065739
[2023-07-16T01:38:16Z INFO  dt_instance] received at 2023-07-16 01:38:16.838043053 UTC - from mc-9->source-7 "283" 01:38:16.836804963
[2023-07-16T01:38:19Z INFO  dt_instance] received at 2023-07-16 01:38:19.345701301 UTC - from mc-9->source-7 "288" 01:38:19.343783348
[2023-07-16T01:38:21Z INFO  dt_instance] received at 2023-07-16 01:38:21.854562563 UTC - from mc-9->source-5 "298" 01:38:21.853554919
[2023-07-16T01:38:24Z INFO  dt_instance] received at 2023-07-16 01:38:24.361544714 UTC - from mc-9->source-5 "303" 01:38:24.360389762
[2023-07-16T01:38:26Z INFO  dt_instance] received at 2023-07-16 01:38:26.867755651 UTC - from mc-9->source-5 "308" 01:38:26.866019679
[2023-07-16T01:38:29Z INFO  dt_instance] received at 2023-07-16 01:38:29.377929589 UTC - from mc-9->source-7 "308" 01:38:29.369914362
[2023-07-16T01:38:31Z INFO  dt_instance] received at 2023-07-16 01:38:31.878119739 UTC - from mc-9->source-5 "318" 01:38:31.876483906
[2023-07-16T01:38:34Z INFO  dt_instance] received at 2023-07-16 01:38:34.382874941 UTC - from mc-9->source-5 "323" 01:38:34.381617542
[2023-07-16T01:38:36Z INFO  dt_instance] received at 2023-07-16 01:38:36.888253915 UTC - from mc-9->source-5 "328" 01:38:36.887382580
[2023-07-16T01:38:39Z INFO  dt_instance] received at 2023-07-16 01:38:39.399150994 UTC - from mc-9->source-5 "333" 01:38:39.397710522
[2023-07-16T01:38:41Z INFO  dt_instance] received at 2023-07-16 01:38:41.904477136 UTC - from mc-9->source-9 "328" 01:38:41.903579585
[2023-07-16T01:38:44Z INFO  dt_instance] received at 2023-07-16 01:38:44.412632724 UTC - from mc-9->source-7 "338" 01:38:44.410798315
[2023-07-16T01:38:46Z INFO  dt_instance] received at 2023-07-16 01:38:46.920496511 UTC - from mc-9->source-9 "338" 01:38:46.919697408
[2023-07-16T01:38:49Z INFO  dt_instance] received at 2023-07-16 01:38:49.426414787 UTC - from mc-9->source-7 "348" 01:38:49.425320853
[2023-07-16T01:38:51Z INFO  dt_instance] received at 2023-07-16 01:38:51.932379300 UTC - from mc-9->source-1 "368" 01:38:51.931080677
[2023-07-16T01:38:54Z INFO  dt_instance] received at 2023-07-16 01:38:54.440370516 UTC - from mc-9->source-5 "363" 01:38:54.439280039
[2023-07-16T01:38:56Z INFO  dt_instance] received at 2023-07-16 01:38:56.949427657 UTC - from mc-9->source-9 "358" 01:38:56.948055321
[2023-07-16T01:38:59Z INFO  dt_instance] received at 2023-07-16 01:38:59.455105910 UTC - from mc-9->source-9 "363" 01:38:59.453958437
[2023-07-16T01:39:01Z INFO  dt_instance] received at 2023-07-16 01:39:01.961128086 UTC - from mc-9->source-7 "373" 01:39:01.959682649
[2023-07-16T01:39:04Z INFO  dt_instance] received at 2023-07-16 01:39:04.467615232 UTC - from mc-9->source-9 "373" 01:39:04.466802100
[2023-07-16T01:39:06Z INFO  dt_instance] received at 2023-07-16 01:39:06.980745873 UTC - from mc-9->source-9 "378" 01:39:06.972928741
[2023-07-16T01:39:09Z INFO  dt_instance] received at 2023-07-16 01:39:09.480418548 UTC - from mc-9->source-9 "383" 01:39:09.479640657
[2023-07-16T01:39:11Z INFO  dt_instance] received at 2023-07-16 01:39:11.986089071 UTC - from mc-9->source-9 "388" 01:39:11.985071868
[2023-07-16T01:39:14Z INFO  dt_instance] received at 2023-07-16 01:39:14.493383748 UTC - from mc-9->source-9 "393" 01:39:14.490841858
[2023-07-16T01:39:16Z INFO  dt_instance] received at 2023-07-16 01:39:16.997813798 UTC - from mc-9->source-1 "418" 01:39:16.996551715
[2023-07-16T01:39:19Z INFO  dt_instance] received at 2023-07-16 01:39:19.510043920 UTC - from mc-9->source-9 "403" 01:39:19.508987339
[2023-07-16T01:39:22Z INFO  dt_instance] received at 2023-07-16 01:39:22.033105355 UTC - from mc-9->source-5 "418" 01:39:22.013965401
[2023-07-16T01:39:24Z INFO  dt_instance] received at 2023-07-16 01:39:24.520638594 UTC - from mc-9->source-5 "423" 01:39:24.519592393
[2023-07-16T01:39:27Z INFO  dt_instance] received at 2023-07-16 01:39:27.026934134 UTC - from mc-9->source-5 "428" 01:39:27.026138621
[2023-07-16T01:39:29Z INFO  dt_instance] received at 2023-07-16 01:39:29.536524522 UTC - from mc-9->source-1 "443" 01:39:29.532811787
[2023-07-16T01:39:32Z INFO  dt_instance] received at 2023-07-16 01:39:32.039355961 UTC - from mc-9->source-1 "448" 01:39:32.037877464
[2023-07-16T01:39:34Z INFO  dt_instance] received at 2023-07-16 01:39:34.545360930 UTC - from mc-9->source-1 "453" 01:39:34.543651275
[2023-07-16T01:39:37Z INFO  dt_instance] received at 2023-07-16 01:39:37.050925598 UTC - from mc-9->source-9 "438" 01:39:37.049445059
[2023-07-16T01:39:39Z INFO  dt_instance] received at 2023-07-16 01:39:39.556124144 UTC - from mc-9->source-9 "443" 01:39:39.555120459
[2023-07-16T01:39:42Z INFO  dt_instance] received at 2023-07-16 01:39:42.061845245 UTC - from mc-9->source-5 "458" 01:39:42.060049210
[2023-07-16T01:39:44Z INFO  dt_instance] received at 2023-07-16 01:39:44.567733168 UTC - from mc-9->source-5 "463" 01:39:44.566539109
[2023-07-16T01:39:47Z INFO  dt_instance] received at 2023-07-16 01:39:47.075936826 UTC - from mc-9->source-9 "458" 01:39:47.073949829
[2023-07-16T01:39:49Z INFO  dt_instance] received at 2023-07-16 01:39:49.582254995 UTC - from mc-9->source-1 "483" 01:39:49.580062038
[2023-07-16T01:39:52Z INFO  dt_instance] received at 2023-07-16 01:39:52.088670472 UTC - from mc-9->source-5 "478" 01:39:52.087481724
[2023-07-16T01:39:54Z INFO  dt_instance] received at 2023-07-16 01:39:54.596047212 UTC - from mc-9->source-5 "483" 01:39:54.594573070
[2023-07-16T01:39:57Z INFO  dt_instance] received at 2023-07-16 01:39:57.103558706 UTC - from mc-9->source-5 "488" 01:39:57.101354808
[2023-07-16T01:39:59Z INFO  dt_instance] received at 2023-07-16 01:39:59.607478807 UTC - from mc-9->source-5 "493" 01:39:59.606588070
[2023-07-16T01:40:02Z INFO  dt_instance] received at 2023-07-16 01:40:02.112893054 UTC - from mc-9->source-5 "498" 01:40:02.111990590
[2023-07-16T01:40:04Z INFO  dt_instance] received at 2023-07-16 01:40:04.618922037 UTC - from mc-9->source-5 "503" 01:40:04.617935786
[2023-07-16T01:40:07Z INFO  dt_instance] received at 2023-07-16 01:40:07.124783038 UTC - from mc-9->source-5 "508" 01:40:07.123919087
[2023-07-16T01:40:09Z INFO  dt_instance] received at 2023-07-16 01:40:09.632465380 UTC - from mc-9->source-5 "513" 01:40:09.630388061
[2023-07-16T01:40:12Z INFO  dt_instance] received at 2023-07-16 01:40:12.141838852 UTC - from mc-9->source-5 "518" 01:40:12.135468773
[2023-07-16T01:40:14Z INFO  dt_instance] received at 2023-07-16 01:40:14.644095658 UTC - from mc-9->source-1 "533" 01:40:14.640919009
[2023-07-16T01:40:17Z INFO  dt_instance] received at 2023-07-16 01:40:17.148518639 UTC - from mc-9->source-1 "538" 01:40:17.147510888
[2023-07-16T01:40:19Z INFO  dt_instance] received at 2023-07-16 01:40:19.657507574 UTC - from mc-9->source-1 "543" 01:40:19.654612772
[2023-07-16T01:40:22Z INFO  dt_instance] received at 2023-07-16 01:40:22.171267962 UTC - from mc-9->source-1 "548" 01:40:22.163001868
[2023-07-16T01:40:24Z INFO  dt_instance] received at 2023-07-16 01:40:24.672371536 UTC - from mc-9->source-1 "553" 01:40:24.670815582
[2023-07-16T01:40:27Z INFO  dt_instance] received at 2023-07-16 01:40:27.176747352 UTC - from mc-9->source-1 "558" 01:40:27.176081672
[2023-07-16T01:40:29Z INFO  dt_instance] received at 2023-07-16 01:40:29.681940097 UTC - from mc-9->source-1 "563" 01:40:29.680999564
[2023-07-16T01:40:32Z INFO  dt_instance] received at 2023-07-16 01:40:32.189343601 UTC - from mc-9->source-1 "568" 01:40:32.187861329
[2023-07-16T01:40:34Z INFO  dt_instance] received at 2023-07-16 01:40:34.695672107 UTC - from mc-9->source-1 "573" 01:40:34.694419368
[2023-07-16T01:40:37Z INFO  dt_instance] received at 2023-07-16 01:40:37.202420072 UTC - from mc-9->source-1 "578" 01:40:37.200087848
[2023-07-16T01:40:39Z INFO  dt_instance] received at 2023-07-16 01:40:39.705760116 UTC - from mc-9->source-1 "583" 01:40:39.704738590
[2023-07-16T01:40:42Z INFO  dt_instance] received at 2023-07-16 01:40:42.212490249 UTC - from mc-9->source-1 "588" 01:40:42.211477267
[2023-07-16T01:40:44Z INFO  dt_instance] received at 2023-07-16 01:40:44.720072680 UTC - from mc-9->source-1 "593" 01:40:44.717643573
[2023-07-16T01:40:47Z INFO  dt_instance] received at 2023-07-16 01:40:47.229221371 UTC - from mc-9->source-1 "598" 01:40:47.224607817
[2023-07-16T01:40:49Z INFO  dt_instance] received at 2023-07-16 01:40:49.733236152 UTC - from mc-9->source-1 "603" 01:40:49.731315843
[2023-07-16T01:40:52Z INFO  dt_instance] received at 2023-07-16 01:40:52.252288260 UTC - from mc-9->source-1 "608" 01:40:52.237497501
[2023-07-16T01:40:54Z INFO  dt_instance] received at 2023-07-16 01:40:54.750708179 UTC - from mc-9->source-1 "613" 01:40:54.748592080
[2023-07-16T01:40:57Z INFO  dt_instance] received at 2023-07-16 01:40:57.255802118 UTC - from mc-9->source-1 "618" 01:40:57.254697825
[2023-07-16T01:40:59Z INFO  dt_instance] received at 2023-07-16 01:40:59.764183388 UTC - from mc-9->source-1 "623" 01:40:59.762887675
[2023-07-16T01:41:02Z INFO  dt_instance] received at 2023-07-16 01:41:02.272853819 UTC - from mc-9->source-1 "628" 01:41:02.268527285
[2023-07-16T01:41:04Z INFO  dt_instance] received at 2023-07-16 01:41:04.777507038 UTC - from mc-9->source-1 "633" 01:41:04.774965506
[2023-07-16T01:41:07Z INFO  dt_instance] received at 2023-07-16 01:41:07.292110356 UTC - from mc-9->source-1 "638" 01:41:07.286550213
[2023-07-16T01:41:09Z INFO  dt_instance] received at 2023-07-16 01:41:09.793754930 UTC - from mc-9->source-1 "643" 01:41:09.792771943
[2023-07-16T01:41:12Z INFO  dt_instance] received at 2023-07-16 01:41:12.301024356 UTC - from mc-9->source-1 "648" 01:41:12.300106083
[2023-07-16T01:41:14Z INFO  dt_instance] received at 2023-07-16 01:41:14.808685790 UTC - from mc-9->source-1 "653" 01:41:14.806470352
[2023-07-16T01:41:17Z INFO  dt_instance] received at 2023-07-16 01:41:17.315503614 UTC - from mc-9->source-1 "658" 01:41:17.313225818
[2023-07-16T01:41:19Z INFO  dt_instance] received at 2023-07-16 01:41:19.820391372 UTC - from mc-9->source-1 "663" 01:41:19.819428204
[2023-07-16T01:41:22Z INFO  dt_instance] received at 2023-07-16 01:41:22.329604382 UTC - from mc-9->source-1 "668" 01:41:22.326049953
[2023-07-16T01:41:24Z INFO  dt_instance] received at 2023-07-16 01:41:24.832842831 UTC - from mc-9->source-1 "673" 01:41:24.831694263
[2023-07-16T01:41:27Z INFO  dt_instance] received at 2023-07-16 01:41:27.339676434 UTC - from mc-9->source-1 "678" 01:41:27.338555264
[2023-07-16T01:41:29Z INFO  dt_instance] received at 2023-07-16 01:41:29.845956623 UTC - from mc-9->source-1 "683" 01:41:29.844886966
[2023-07-16T01:41:32Z INFO  dt_instance] received at 2023-07-16 01:41:32.356292865 UTC - from mc-9->source-1 "688" 01:41:32.353668532
[2023-07-16T01:41:34Z INFO  dt_instance] received at 2023-07-16 01:41:34.860365832 UTC - from mc-9->source-1 "693" 01:41:34.859574974
[2023-07-16T01:41:37Z INFO  dt_instance] received at 2023-07-16 01:41:37.367403198 UTC - from mc-9->source-1 "698" 01:41:37.366253350
[2023-07-16T01:41:39Z INFO  dt_instance] received at 2023-07-16 01:41:39.872916001 UTC - from mc-9->source-1 "703" 01:41:39.871791798
[2023-07-16T01:41:42Z INFO  dt_instance] received at 2023-07-16 01:41:42.380710825 UTC - from mc-9->source-1 "708" 01:41:42.376622819
[2023-07-16T01:41:44Z INFO  dt_instance] received at 2023-07-16 01:41:44.883987600 UTC - from mc-9->source-1 "713" 01:41:44.883086493
[2023-07-16T01:41:47Z INFO  dt_instance] received at 2023-07-16 01:41:47.389542296 UTC - from mc-9->source-1 "718" 01:41:47.388608441
[2023-07-16T01:41:49Z INFO  dt_instance] received at 2023-07-16 01:41:49.896141484 UTC - from mc-9->source-1 "723" 01:41:49.894312878
[2023-07-16T01:41:52Z INFO  dt_instance] received at 2023-07-16 01:41:52.400039565 UTC - from mc-9->source-1 "728" 01:41:52.398472123
[2023-07-16T01:41:54Z INFO  dt_instance] received at 2023-07-16 01:41:54.907691111 UTC - from mc-9->source-1 "733" 01:41:54.906085097
[2023-07-16T01:41:57Z INFO  dt_instance] received at 2023-07-16 01:41:57.411555226 UTC - from mc-9->source-1 "738" 01:41:57.410690982
[2023-07-16T01:41:59Z INFO  dt_instance] received at 2023-07-16 01:41:59.918217371 UTC - from mc-9->source-1 "743" 01:41:59.915920997
[2023-07-16T01:42:02Z INFO  dt_instance] received at 2023-07-16 01:42:02.422019983 UTC - from mc-9->source-1 "748" 01:42:02.421039647
[2023-07-16T01:42:04Z INFO  dt_instance] received at 2023-07-16 01:42:04.927400770 UTC - from mc-9->source-1 "753" 01:42:04.926530165
[2023-07-16T01:42:07Z INFO  dt_instance] received at 2023-07-16 01:42:07.433547866 UTC - from mc-9->source-1 "758" 01:42:07.432549341
[2023-07-16T01:42:09Z INFO  dt_instance] received at 2023-07-16 01:42:09.945971619 UTC - from mc-9->source-5 "753" 01:42:09.936357890
[2023-07-16T01:42:12Z INFO  dt_instance] received at 2023-07-16 01:42:12.445764210 UTC - from mc-9->source-1 "768" 01:42:12.444966566
[2023-07-16T01:42:14Z INFO  dt_instance] received at 2023-07-16 01:42:14.956958758 UTC - from mc-9->source-1 "773" 01:42:14.952574116
[2023-07-16T01:42:17Z INFO  dt_instance] received at 2023-07-16 01:42:17.461028621 UTC - from mc-9->source-1 "778" 01:42:17.459807234
[2023-07-16T01:42:19Z INFO  dt_instance] received at 2023-07-16 01:42:19.968692993 UTC - from mc-9->source-1 "783" 01:42:19.966861540
[2023-07-16T01:42:22Z INFO  dt_instance] received at 2023-07-16 01:42:22.477689619 UTC - from mc-9->source-1 "788" 01:42:22.474512856
[2023-07-16T01:42:24Z INFO  dt_instance] received at 2023-07-16 01:42:24.980820161 UTC - from mc-9->source-1 "793" 01:42:24.979748884
[2023-07-16T01:42:27Z INFO  dt_instance] received at 2023-07-16 01:42:27.488533183 UTC - from mc-9->source-1 "798" 01:42:27.487394057
[2023-07-16T01:42:29Z INFO  dt_instance] received at 2023-07-16 01:42:29.996615021 UTC - from mc-9->source-1 "803" 01:42:29.993223175
[2023-07-16T01:42:32Z INFO  dt_instance] received at 2023-07-16 01:42:32.498918022 UTC - from mc-9->source-1 "808" 01:42:32.497937359
[2023-07-16T01:42:35Z INFO  dt_instance] received at 2023-07-16 01:42:35.004205793 UTC - from mc-9->source-1 "813" 01:42:35.002997802
[2023-07-16T01:42:37Z INFO  dt_instance] received at 2023-07-16 01:42:37.510015128 UTC - from mc-9->source-1 "818" 01:42:37.508674618
[2023-07-16T01:42:40Z INFO  dt_instance] received at 2023-07-16 01:42:40.018450592 UTC - from mc-9->source-1 "823" 01:42:40.013790156
[2023-07-16T01:42:42Z INFO  dt_instance] received at 2023-07-16 01:42:42.521693009 UTC - from mc-9->source-1 "828" 01:42:42.519394680
[2023-07-16T01:42:45Z INFO  dt_instance] received at 2023-07-16 01:42:45.027373651 UTC - from mc-9->source-1 "833" 01:42:45.024549679
[2023-07-16T01:42:47Z INFO  dt_instance] received at 2023-07-16 01:42:47.531886803 UTC - from mc-9->source-1 "838" 01:42:47.530408849
[2023-07-16T01:42:50Z INFO  dt_instance] received at 2023-07-16 01:42:50.036322456 UTC - from mc-9->source-1 "843" 01:42:50.034827326
[2023-07-16T01:42:52Z INFO  dt_instance] received at 2023-07-16 01:42:52.542182238 UTC - from mc-9->source-1 "848" 01:42:52.540446774
[2023-07-16T01:42:55Z INFO  dt_instance] received at 2023-07-16 01:42:55.047556469 UTC - from mc-9->source-1 "853" 01:42:55.046328775
[2023-07-16T01:42:57Z INFO  dt_instance] received at 2023-07-16 01:42:57.558473099 UTC - from mc-9->source-1 "858" 01:42:57.552099360
[2023-07-16T01:43:00Z INFO  dt_instance] received at 2023-07-16 01:43:00.060763453 UTC - from mc-9->source-1 "863" 01:43:00.057478452
[2023-07-16T01:43:02Z INFO  dt_instance] received at 2023-07-16 01:43:02.565387424 UTC - from mc-9->source-1 "868" 01:43:02.563090694
[2023-07-16T01:43:05Z INFO  dt_instance] received at 2023-07-16 01:43:05.071693604 UTC - from mc-9->source-1 "873" 01:43:05.069532765
[2023-07-16T01:43:07Z INFO  dt_instance] received at 2023-07-16 01:43:07.576939827 UTC - from mc-9->source-1 "878" 01:43:07.575064197
[2023-07-16T01:43:10Z INFO  dt_instance] received at 2023-07-16 01:43:10.081963616 UTC - from mc-9->source-1 "883" 01:43:10.080340029
[2023-07-16T01:43:12Z INFO  dt_instance] received at 2023-07-16 01:43:12.588083247 UTC - from mc-9->source-1 "888" 01:43:12.586877150
[2023-07-16T01:43:15Z INFO  dt_instance] received at 2023-07-16 01:43:15.093857306 UTC - from mc-9->source-1 "893" 01:43:15.092206732
[2023-07-16T01:43:17Z INFO  dt_instance] received at 2023-07-16 01:43:17.602556237 UTC - from mc-9->source-1 "898" 01:43:17.597945488
[2023-07-16T01:43:20Z INFO  dt_instance] received at 2023-07-16 01:43:20.109173827 UTC - from mc-9->source-1 "903" 01:43:20.103403342
[2023-07-16T01:43:22Z INFO  dt_instance] received at 2023-07-16 01:43:22.609769434 UTC - from mc-9->source-7 "893" 01:43:22.607855902
[2023-07-16T01:43:25Z INFO  dt_instance] received at 2023-07-16 01:43:25.114614784 UTC - from mc-9->source-7 "898" 01:43:25.113317845
[2023-07-16T01:43:27Z INFO  dt_instance] received at 2023-07-16 01:43:27.619476898 UTC - from mc-9->source-7 "903" 01:43:27.617743004
[2023-07-16T01:43:30Z INFO  dt_instance] received at 2023-07-16 01:43:30.123861397 UTC - from mc-9->source-7 "908" 01:43:30.122486654
[2023-07-16T01:43:32Z INFO  dt_instance] received at 2023-07-16 01:43:32.630196495 UTC - from mc-9->source-7 "913" 01:43:32.628086634
[2023-07-16T01:43:35Z INFO  dt_instance] received at 2023-07-16 01:43:35.138912486 UTC - from mc-9->source-5 "923" 01:43:35.136448021
[2023-07-16T01:43:37Z INFO  dt_instance] received at 2023-07-16 01:43:37.643535867 UTC - from mc-9->source-5 "928" 01:43:37.642602165
[2023-07-16T01:43:40Z INFO  dt_instance] received at 2023-07-16 01:43:40.149926750 UTC - from mc-9->source-5 "933" 01:43:40.147654639
[2023-07-16T01:43:42Z INFO  dt_instance] received at 2023-07-16 01:43:42.657877891 UTC - from mc-9->source-5 "938" 01:43:42.655550405
[2023-07-16T01:43:45Z INFO  dt_instance] received at 2023-07-16 01:43:45.167298195 UTC - from mc-9->source-5 "943" 01:43:45.166135733
[2023-07-16T01:43:47Z INFO  dt_instance] received at 2023-07-16 01:43:47.675413027 UTC - from mc-9->source-5 "948" 01:43:47.670656032
[2023-07-16T01:43:50Z INFO  dt_instance] received at 2023-07-16 01:43:50.179300038 UTC - from mc-9->source-5 "953" 01:43:50.177356938
[2023-07-16T01:43:52Z INFO  dt_instance] received at 2023-07-16 01:43:52.690544462 UTC - from mc-9->source-5 "958" 01:43:52.684426106
[2023-07-16T01:43:55Z INFO  dt_instance] received at 2023-07-16 01:43:55.192018687 UTC - from mc-9->source-5 "963" 01:43:55.190752815
[2023-07-16T01:43:57Z INFO  dt_instance] received at 2023-07-16 01:43:57.706105032 UTC - from mc-9->source-5 "968" 01:43:57.695827959
[2023-07-16T01:44:00Z INFO  dt_instance] received at 2023-07-16 01:44:00.206035697 UTC - from mc-9->source-5 "973" 01:44:00.203339495
[2023-07-16T01:44:02Z INFO  dt_instance] received at 2023-07-16 01:44:02.713354104 UTC - from mc-9->source-7 "973" 01:44:02.699237601
[2023-07-16T01:44:05Z INFO  dt_instance] received at 2023-07-16 01:44:05.215297187 UTC - from mc-9->source-5 "983" 01:44:05.214409364
[2023-07-16T01:44:07Z INFO  dt_instance] received at 2023-07-16 01:44:07.937638096 UTC - from mc-9->source-8 "981" 01:44:07.934046173
[2023-07-16T01:44:11Z INFO  dt_instance] received at 2023-07-16 01:44:11.191300024 UTC - from mc-9->source-9 "985" 01:44:11.189733850
[2023-07-16T01:44:18Z INFO  dt_instance] received at 2023-07-16 01:44:18.205407146 UTC - from mc-9->source-9 "999" 01:44:18.204044554
