[2023-07-16T01:27:17Z INFO  dt_instance] Current Twin: mc-twin-10
[2023-07-16T01:27:17Z INFO  dt_instance] Replica Name twin-mc-stateful-10
[2023-07-16T01:27:17Z INFO  dt_instance] Sleeping for 500
[2023-07-16T01:35:37Z INFO  dt_instance] Connecting to broker at emqx.dtwins:1883
[2023-07-16T01:35:37Z INFO  dt_instance] Loggin info each 50 messages
[2023-07-16T01:35:37Z INFO  dt_instance] Set max packet size to 60000 KB.
[2023-07-16T01:35:37Z INFO  dt_instance] Refreshing topics for twin - Listen to mc-10/#
[2023-07-16T01:35:37Z INFO  dt_instance] SubAck { pkid: 1, return_codes: [Success(ExactlyOnce)] }
[2023-07-16T01:36:49Z INFO  dt_instance] received at 2023-07-16 01:36:49.593144455 UTC - from mc-10->source-2 "9" 01:36:49.592003893
[2023-07-16T01:36:52Z INFO  dt_instance] received at 2023-07-16 01:36:52.845871324 UTC - from mc-10->source-3 "13" 01:36:52.843950425
[2023-07-16T01:36:55Z INFO  dt_instance] received at 2023-07-16 01:36:55.363940198 UTC - from mc-10->source-1 "23" 01:36:55.362665783
[2023-07-16T01:36:57Z INFO  dt_instance] received at 2023-07-16 01:36:57.869698985 UTC - from mc-10->source-1 "28" 01:36:57.867027890
[2023-07-16T01:37:00Z INFO  dt_instance] received at 2023-07-16 01:37:00.374251135 UTC - from mc-10->source-3 "28" 01:37:00.372130968
[2023-07-16T01:37:02Z INFO  dt_instance] received at 2023-07-16 01:37:02.893377612 UTC - from mc-10->source-3 "33" 01:37:02.880898622
[2023-07-16T01:37:05Z INFO  dt_instance] received at 2023-07-16 01:37:05.389455774 UTC - from mc-10->source-1 "43" 01:37:05.387567653
[2023-07-16T01:37:07Z INFO  dt_instance] received at 2023-07-16 01:37:07.894851120 UTC - from mc-10->source-3 "43" 01:37:07.893824717
[2023-07-16T01:37:10Z INFO  dt_instance] received at 2023-07-16 01:37:10.414687063 UTC - from mc-10->source-3 "48" 01:37:10.412970090
[2023-07-16T01:37:12Z INFO  dt_instance] received at 2023-07-16 01:37:12.923647566 UTC - from mc-10->source-1 "58" 01:37:12.921074618
[2023-07-16T01:37:15Z INFO  dt_instance] received at 2023-07-16 01:37:15.428917935 UTC - from mc-10->source-3 "58" 01:37:15.427292227
[2023-07-16T01:37:17Z INFO  dt_instance] received at 2023-07-16 01:37:17.933913599 UTC - from mc-10->source-1 "68" 01:37:17.932494724
[2023-07-16T01:37:20Z INFO  dt_instance] received at 2023-07-16 01:37:20.440180085 UTC - from mc-10->source-3 "68" 01:37:20.438052654
[2023-07-16T01:37:22Z INFO  dt_instance] received at 2023-07-16 01:37:22.945932839 UTC - from mc-10->source-3 "73" 01:37:22.944733016
[2023-07-16T01:37:25Z INFO  dt_instance] received at 2023-07-16 01:37:25.454478859 UTC - from mc-10->source-3 "78" 01:37:25.450277720
[2023-07-16T01:37:27Z INFO  dt_instance] received at 2023-07-16 01:37:27.958663221 UTC - from mc-10->source-1 "88" 01:37:27.957086565
[2023-07-16T01:37:30Z INFO  dt_instance] received at 2023-07-16 01:37:30.463840761 UTC - from mc-10->source-1 "93" 01:37:30.462850827
[2023-07-16T01:37:32Z INFO  dt_instance] received at 2023-07-16 01:37:32.969198590 UTC - from mc-10->source-1 "98" 01:37:32.968139455
[2023-07-16T01:37:35Z INFO  dt_instance] received at 2023-07-16 01:37:35.477032488 UTC - from mc-10->source-1 "103" 01:37:35.473780125
[2023-07-16T01:37:37Z INFO  dt_instance] received at 2023-07-16 01:37:37.980217016 UTC - from mc-10->source-1 "108" 01:37:37.978716078
[2023-07-16T01:37:40Z INFO  dt_instance] received at 2023-07-16 01:37:40.486890094 UTC - from mc-10->source-3 "108" 01:37:40.484976019
[2023-07-16T01:37:42Z INFO  dt_instance] received at 2023-07-16 01:37:42.992324784 UTC - from mc-10->source-3 "113" 01:37:42.991233056
[2023-07-16T01:37:45Z INFO  dt_instance] received at 2023-07-16 01:37:45.498300395 UTC - from mc-10->source-3 "118" 01:37:45.496960027
[2023-07-16T01:37:48Z INFO  dt_instance] received at 2023-07-16 01:37:48.003610958 UTC - from mc-10->source-3 "123" 01:37:48.002229076
[2023-07-16T01:37:50Z INFO  dt_instance] received at 2023-07-16 01:37:50.509029672 UTC - from mc-10->source-3 "128" 01:37:50.507618943
[2023-07-16T01:37:53Z INFO  dt_instance] received at 2023-07-16 01:37:53.014567688 UTC - from mc-10->source-1 "138" 01:37:53.012139661
[2023-07-16T01:37:55Z INFO  dt_instance] received at 2023-07-16 01:37:55.520508121 UTC - from mc-10->source-1 "143" 01:37:55.519356131
[2023-07-16T01:37:58Z INFO  dt_instance] received at 2023-07-16 01:37:58.026521711 UTC - from mc-10->source-1 "148" 01:37:58.024888393
[2023-07-16T01:38:00Z INFO  dt_instance] received at 2023-07-16 01:38:00.532253110 UTC - from mc-10->source-3 "148" 01:38:00.530483390
[2023-07-16T01:38:03Z INFO  dt_instance] received at 2023-07-16 01:38:03.040072175 UTC - from mc-10->source-3 "153" 01:38:03.038804269
[2023-07-16T01:38:05Z INFO  dt_instance] received at 2023-07-16 01:38:05.545812155 UTC - from mc-10->source-3 "158" 01:38:05.544514699
[2023-07-16T01:38:08Z INFO  dt_instance] received at 2023-07-16 01:38:08.050262365 UTC - from mc-10->source-3 "163" 01:38:08.049332101
[2023-07-16T01:38:10Z INFO  dt_instance] received at 2023-07-16 01:38:10.555424686 UTC - from mc-10->source-3 "168" 01:38:10.554129262
[2023-07-16T01:38:13Z INFO  dt_instance] received at 2023-07-16 01:38:13.061880907 UTC - from mc-10->source-1 "178" 01:38:13.060236362
[2023-07-16T01:38:15Z INFO  dt_instance] received at 2023-07-16 01:38:15.566475009 UTC - from mc-10->source-1 "183" 01:38:15.565484094
[2023-07-16T01:38:18Z INFO  dt_instance] received at 2023-07-16 01:38:18.073450382 UTC - from mc-10->source-1 "188" 01:38:18.072362732
[2023-07-16T01:38:20Z INFO  dt_instance] received at 2023-07-16 01:38:20.580326666 UTC - from mc-10->source-1 "193" 01:38:20.578891267
[2023-07-16T01:38:23Z INFO  dt_instance] received at 2023-07-16 01:38:23.086389423 UTC - from mc-10->source-1 "198" 01:38:23.084064704
[2023-07-16T01:38:25Z INFO  dt_instance] received at 2023-07-16 01:38:25.592920979 UTC - from mc-10->source-3 "198" 01:38:25.591167345
[2023-07-16T01:38:28Z INFO  dt_instance] received at 2023-07-16 01:38:28.100936598 UTC - from mc-10->source-3 "203" 01:38:28.099630879
[2023-07-16T01:38:30Z INFO  dt_instance] received at 2023-07-16 01:38:30.605334065 UTC - from mc-10->source-3 "208" 01:38:30.603982875
[2023-07-16T01:38:33Z INFO  dt_instance] received at 2023-07-16 01:38:33.115756910 UTC - from mc-10->source-3 "213" 01:38:33.112268336
[2023-07-16T01:38:35Z INFO  dt_instance] received at 2023-07-16 01:38:35.618109412 UTC - from mc-10->source-3 "218" 01:38:35.616895524
[2023-07-16T01:38:38Z INFO  dt_instance] received at 2023-07-16 01:38:38.124148809 UTC - from mc-10->source-3 "223" 01:38:38.122258529
[2023-07-16T01:38:40Z INFO  dt_instance] received at 2023-07-16 01:38:40.628719607 UTC - from mc-10->source-3 "228" 01:38:40.627606893
[2023-07-16T01:38:43Z INFO  dt_instance] received at 2023-07-16 01:38:43.133847006 UTC - from mc-10->source-3 "233" 01:38:43.132683979
[2023-07-16T01:38:45Z INFO  dt_instance] received at 2023-07-16 01:38:45.639036186 UTC - from mc-10->source-3 "238" 01:38:45.637164078
[2023-07-16T01:38:48Z INFO  dt_instance] received at 2023-07-16 01:38:48.143007876 UTC - from mc-10->source-3 "243" 01:38:48.141946115
[2023-07-16T01:38:50Z INFO  dt_instance] received at 2023-07-16 01:38:50.651055460 UTC - from mc-10->source-3 "248" 01:38:50.647384434
[2023-07-16T01:38:53Z INFO  dt_instance] received at 2023-07-16 01:38:53.155960936 UTC - from mc-10->source-1 "258" 01:38:53.153008961
[2023-07-16T01:38:55Z INFO  dt_instance] received at 2023-07-16 01:38:55.659935992 UTC - from mc-10->source-3 "258" 01:38:55.658281392
[2023-07-16T01:38:58Z INFO  dt_instance] received at 2023-07-16 01:38:58.165759302 UTC - from mc-10->source-1 "268" 01:38:58.164012834
[2023-07-16T01:39:00Z INFO  dt_instance] received at 2023-07-16 01:39:00.671769792 UTC - from mc-10->source-3 "268" 01:39:00.670091694
[2023-07-16T01:39:03Z INFO  dt_instance] received at 2023-07-16 01:39:03.178663441 UTC - from mc-10->source-3 "273" 01:39:03.177041635
[2023-07-16T01:39:05Z INFO  dt_instance] received at 2023-07-16 01:39:05.685012290 UTC - from mc-10->source-3 "278" 01:39:05.682784579
[2023-07-16T01:39:08Z INFO  dt_instance] received at 2023-07-16 01:39:08.189319721 UTC - from mc-10->source-1 "288" 01:39:08.188038202
[2023-07-16T01:39:10Z INFO  dt_instance] received at 2023-07-16 01:39:10.696787593 UTC - from mc-10->source-1 "293" 01:39:10.694972875
[2023-07-16T01:39:13Z INFO  dt_instance] received at 2023-07-16 01:39:13.201402712 UTC - from mc-10->source-1 "298" 01:39:13.200235356
[2023-07-16T01:39:15Z INFO  dt_instance] received at 2023-07-16 01:39:15.710547553 UTC - from mc-10->source-3 "298" 01:39:15.705698162
[2023-07-16T01:39:18Z INFO  dt_instance] received at 2023-07-16 01:39:18.215804392 UTC - from mc-10->source-1 "308" 01:39:18.213964406
[2023-07-16T01:39:20Z INFO  dt_instance] received at 2023-07-16 01:39:20.722433186 UTC - from mc-10->source-1 "313" 01:39:20.720919083
[2023-07-16T01:39:23Z INFO  dt_instance] received at 2023-07-16 01:39:23.231548147 UTC - from mc-10->source-1 "318" 01:39:23.229738760
[2023-07-16T01:39:25Z INFO  dt_instance] received at 2023-07-16 01:39:25.736666077 UTC - from mc-10->source-3 "318" 01:39:25.734998454
[2023-07-16T01:39:28Z INFO  dt_instance] received at 2023-07-16 01:39:28.244572004 UTC - from mc-10->source-1 "328" 01:39:28.241414083
[2023-07-16T01:39:30Z INFO  dt_instance] received at 2023-07-16 01:39:30.749401279 UTC - from mc-10->source-1 "333" 01:39:30.747548318
[2023-07-16T01:39:33Z INFO  dt_instance] received at 2023-07-16 01:39:33.254008513 UTC - from mc-10->source-3 "333" 01:39:33.252411456
[2023-07-16T01:39:35Z INFO  dt_instance] received at 2023-07-16 01:39:35.771836234 UTC - from mc-10->source-3 "338" 01:39:35.758269970
[2023-07-16T01:39:38Z INFO  dt_instance] received at 2023-07-16 01:39:38.267054565 UTC - from mc-10->source-3 "343" 01:39:38.265411685
[2023-07-16T01:39:40Z INFO  dt_instance] received at 2023-07-16 01:39:40.775013632 UTC - from mc-10->source-1 "353" 01:39:40.772801183
[2023-07-16T01:39:43Z INFO  dt_instance] received at 2023-07-16 01:39:43.289418421 UTC - from mc-10->source-1 "358" 01:39:43.280123298
[2023-07-16T01:39:45Z INFO  dt_instance] received at 2023-07-16 01:39:45.786761232 UTC - from mc-10->source-1 "363" 01:39:45.785751232
[2023-07-16T01:39:48Z INFO  dt_instance] received at 2023-07-16 01:39:48.292628067 UTC - from mc-10->source-1 "368" 01:39:48.290943561
[2023-07-16T01:39:50Z INFO  dt_instance] received at 2023-07-16 01:39:50.799556367 UTC - from mc-10->source-1 "373" 01:39:50.797419267
[2023-07-16T01:39:53Z INFO  dt_instance] received at 2023-07-16 01:39:53.306109177 UTC - from mc-10->source-1 "378" 01:39:53.304191793
[2023-07-16T01:39:55Z INFO  dt_instance] received at 2023-07-16 01:39:55.810922490 UTC - from mc-10->source-1 "383" 01:39:55.809328551
[2023-07-16T01:39:58Z INFO  dt_instance] received at 2023-07-16 01:39:58.318076692 UTC - from mc-10->source-1 "388" 01:39:58.315503481
[2023-07-16T01:40:00Z INFO  dt_instance] received at 2023-07-16 01:40:00.825843053 UTC - from mc-10->source-1 "393" 01:40:00.821944193
[2023-07-16T01:40:03Z INFO  dt_instance] received at 2023-07-16 01:40:03.332531560 UTC - from mc-10->source-1 "398" 01:40:03.330913760
[2023-07-16T01:40:05Z INFO  dt_instance] received at 2023-07-16 01:40:05.840427852 UTC - from mc-10->source-1 "403" 01:40:05.837367173
[2023-07-16T01:40:08Z INFO  dt_instance] received at 2023-07-16 01:40:08.345999148 UTC - from mc-10->source-1 "408" 01:40:08.344510332
[2023-07-16T01:40:10Z INFO  dt_instance] received at 2023-07-16 01:40:10.854114253 UTC - from mc-10->source-1 "413" 01:40:10.850512613
[2023-07-16T01:40:13Z INFO  dt_instance] received at 2023-07-16 01:40:13.358492968 UTC - from mc-10->source-1 "418" 01:40:13.356711024
[2023-07-16T01:40:15Z INFO  dt_instance] received at 2023-07-16 01:40:15.863881437 UTC - from mc-10->source-1 "423" 01:40:15.862132866
[2023-07-16T01:40:18Z INFO  dt_instance] received at 2023-07-16 01:40:18.369089470 UTC - from mc-10->source-1 "428" 01:40:18.367378524
[2023-07-16T01:40:20Z INFO  dt_instance] received at 2023-07-16 01:40:20.878284183 UTC - from mc-10->source-1 "433" 01:40:20.876322079
[2023-07-16T01:40:23Z INFO  dt_instance] received at 2023-07-16 01:40:23.382873114 UTC - from mc-10->source-1 "438" 01:40:23.381506130
[2023-07-16T01:40:25Z INFO  dt_instance] received at 2023-07-16 01:40:25.891195960 UTC - from mc-10->source-3 "438" 01:40:25.886456668
[2023-07-16T01:40:28Z INFO  dt_instance] received at 2023-07-16 01:40:28.394236877 UTC - from mc-10->source-1 "448" 01:40:28.392697725
[2023-07-16T01:40:30Z INFO  dt_instance] received at 2023-07-16 01:40:30.901710590 UTC - from mc-10->source-1 "453" 01:40:30.899967442
[2023-07-16T01:40:33Z INFO  dt_instance] received at 2023-07-16 01:40:33.411264244 UTC - from mc-10->source-3 "453" 01:40:33.404539808
[2023-07-16T01:40:35Z INFO  dt_instance] received at 2023-07-16 01:40:35.913833603 UTC - from mc-10->source-1 "463" 01:40:35.912801805
[2023-07-16T01:40:38Z INFO  dt_instance] received at 2023-07-16 01:40:38.419314523 UTC - from mc-10->source-1 "468" 01:40:38.417555404
[2023-07-16T01:40:40Z INFO  dt_instance] received at 2023-07-16 01:40:40.924055731 UTC - from mc-10->source-1 "473" 01:40:40.922077060
[2023-07-16T01:40:43Z INFO  dt_instance] received at 2023-07-16 01:40:43.431798547 UTC - from mc-10->source-3 "473" 01:40:43.429909684
[2023-07-16T01:40:45Z INFO  dt_instance] received at 2023-07-16 01:40:45.939771241 UTC - from mc-10->source-3 "478" 01:40:45.935423034
[2023-07-16T01:40:48Z INFO  dt_instance] received at 2023-07-16 01:40:48.443075530 UTC - from mc-10->source-1 "488" 01:40:48.440115334
[2023-07-16T01:40:50Z INFO  dt_instance] received at 2023-07-16 01:40:50.951319623 UTC - from mc-10->source-3 "488" 01:40:50.948573358
[2023-07-16T01:40:53Z INFO  dt_instance] received at 2023-07-16 01:40:53.458174560 UTC - from mc-10->source-1 "498" 01:40:53.455482189
[2023-07-16T01:40:55Z INFO  dt_instance] received at 2023-07-16 01:40:55.963756937 UTC - from mc-10->source-1 "503" 01:40:55.962149551
[2023-07-16T01:40:58Z INFO  dt_instance] received at 2023-07-16 01:40:58.487209742 UTC - from mc-10->source-1 "508" 01:40:58.467169214
[2023-07-16T01:41:00Z INFO  dt_instance] received at 2023-07-16 01:41:00.976691609 UTC - from mc-10->source-1 "513" 01:41:00.974721736
[2023-07-16T01:41:03Z INFO  dt_instance] received at 2023-07-16 01:41:03.482277098 UTC - from mc-10->source-3 "513" 01:41:03.480297146
[2023-07-16T01:41:05Z INFO  dt_instance] received at 2023-07-16 01:41:05.987323217 UTC - from mc-10->source-3 "518" 01:41:05.986008201
[2023-07-16T01:41:08Z INFO  dt_instance] received at 2023-07-16 01:41:08.495831400 UTC - from mc-10->source-3 "523" 01:41:08.493898288
[2023-07-16T01:41:11Z INFO  dt_instance] received at 2023-07-16 01:41:11.001355606 UTC - from mc-10->source-3 "528" 01:41:10.999032540
[2023-07-16T01:41:13Z INFO  dt_instance] received at 2023-07-16 01:41:13.508567446 UTC - from mc-10->source-3 "533" 01:41:13.506096256
[2023-07-16T01:41:16Z INFO  dt_instance] received at 2023-07-16 01:41:16.015734784 UTC - from mc-10->source-3 "538" 01:41:16.012940097
[2023-07-16T01:41:18Z INFO  dt_instance] received at 2023-07-16 01:41:18.521341371 UTC - from mc-10->source-3 "543" 01:41:18.519425958
[2023-07-16T01:41:21Z INFO  dt_instance] received at 2023-07-16 01:41:21.026719653 UTC - from mc-10->source-3 "548" 01:41:21.025521692
[2023-07-16T01:41:23Z INFO  dt_instance] received at 2023-07-16 01:41:23.533928568 UTC - from mc-10->source-3 "553" 01:41:23.532344192
[2023-07-16T01:41:26Z INFO  dt_instance] received at 2023-07-16 01:41:26.039691420 UTC - from mc-10->source-3 "558" 01:41:26.037410406
[2023-07-16T01:41:28Z INFO  dt_instance] received at 2023-07-16 01:41:28.545138060 UTC - from mc-10->source-3 "563" 01:41:28.542955423
[2023-07-16T01:41:31Z INFO  dt_instance] received at 2023-07-16 01:41:31.050110064 UTC - from mc-10->source-3 "568" 01:41:31.048809148
[2023-07-16T01:41:33Z INFO  dt_instance] received at 2023-07-16 01:41:33.556604296 UTC - from mc-10->source-3 "573" 01:41:33.553003774
[2023-07-16T01:41:36Z INFO  dt_instance] received at 2023-07-16 01:41:36.071031268 UTC - from mc-10->source-1 "583" 01:41:36.063624230
[2023-07-16T01:41:38Z INFO  dt_instance] received at 2023-07-16 01:41:38.578717412 UTC - from mc-10->source-3 "583" 01:41:38.569892558
[2023-07-16T01:41:41Z INFO  dt_instance] received at 2023-07-16 01:41:41.079130647 UTC - from mc-10->source-3 "588" 01:41:41.075544634
[2023-07-16T01:41:43Z INFO  dt_instance] received at 2023-07-16 01:41:43.594790842 UTC - from mc-10->source-3 "593" 01:41:43.591189183
[2023-07-16T01:41:46Z INFO  dt_instance] received at 2023-07-16 01:41:46.099579607 UTC - from mc-10->source-3 "598" 01:41:46.096600806
[2023-07-16T01:41:48Z INFO  dt_instance] received at 2023-07-16 01:41:48.606047367 UTC - from mc-10->source-3 "603" 01:41:48.603358729
[2023-07-16T01:41:51Z INFO  dt_instance] received at 2023-07-16 01:41:51.123978346 UTC - from mc-10->source-3 "608" 01:41:51.109418609
[2023-07-16T01:41:53Z INFO  dt_instance] received at 2023-07-16 01:41:53.615872104 UTC - from mc-10->source-3 "613" 01:41:53.614418996
[2023-07-16T01:41:56Z INFO  dt_instance] received at 2023-07-16 01:41:56.123507736 UTC - from mc-10->source-3 "618" 01:41:56.120671727
[2023-07-16T01:41:58Z INFO  dt_instance] received at 2023-07-16 01:41:58.629164565 UTC - from mc-10->source-3 "623" 01:41:58.624919567
[2023-07-16T01:42:01Z INFO  dt_instance] received at 2023-07-16 01:42:01.135286588 UTC - from mc-10->source-3 "628" 01:42:01.131584424
[2023-07-16T01:42:03Z INFO  dt_instance] received at 2023-07-16 01:42:03.639929912 UTC - from mc-10->source-3 "633" 01:42:03.637791286
[2023-07-16T01:42:06Z INFO  dt_instance] received at 2023-07-16 01:42:06.144654927 UTC - from mc-10->source-3 "638" 01:42:06.143189162
[2023-07-16T01:42:08Z INFO  dt_instance] received at 2023-07-16 01:42:08.655055827 UTC - from mc-10->source-3 "643" 01:42:08.649604491
[2023-07-16T01:42:11Z INFO  dt_instance] received at 2023-07-16 01:42:11.162740159 UTC - from mc-10->source-3 "648" 01:42:11.155596944
[2023-07-16T01:42:13Z INFO  dt_instance] received at 2023-07-16 01:42:13.669465696 UTC - from mc-10->source-3 "653" 01:42:13.667524650
[2023-07-16T01:42:16Z INFO  dt_instance] received at 2023-07-16 01:42:16.177523083 UTC - from mc-10->source-3 "658" 01:42:16.174474551
[2023-07-16T01:42:18Z INFO  dt_instance] received at 2023-07-16 01:42:18.682669258 UTC - from mc-10->source-3 "663" 01:42:18.681114550
[2023-07-16T01:42:21Z INFO  dt_instance] received at 2023-07-16 01:42:21.188914820 UTC - from mc-10->source-3 "668" 01:42:21.187034007
[2023-07-16T01:42:23Z INFO  dt_instance] received at 2023-07-16 01:42:23.703173887 UTC - from mc-10->source-3 "673" 01:42:23.699239352
[2023-07-16T01:42:26Z INFO  dt_instance] received at 2023-07-16 01:42:26.211624389 UTC - from mc-10->source-3 "678" 01:42:26.204122727
[2023-07-16T01:42:28Z INFO  dt_instance] received at 2023-07-16 01:42:28.711528806 UTC - from mc-10->source-3 "683" 01:42:28.709653838
[2023-07-16T01:42:31Z INFO  dt_instance] received at 2023-07-16 01:42:31.217407907 UTC - from mc-10->source-3 "688" 01:42:31.214695325
[2023-07-16T01:42:33Z INFO  dt_instance] received at 2023-07-16 01:42:33.722112532 UTC - from mc-10->source-3 "693" 01:42:33.720379232
[2023-07-16T01:42:36Z INFO  dt_instance] received at 2023-07-16 01:42:36.229441283 UTC - from mc-10->source-3 "698" 01:42:36.227990552
[2023-07-16T01:42:38Z INFO  dt_instance] received at 2023-07-16 01:42:38.749497096 UTC - from mc-10->source-3 "703" 01:42:38.733699892
[2023-07-16T01:42:41Z INFO  dt_instance] received at 2023-07-16 01:42:41.273662871 UTC - from mc-10->source-3 "708" 01:42:41.239623546
[2023-07-16T01:42:43Z INFO  dt_instance] received at 2023-07-16 01:42:43.746196437 UTC - from mc-10->source-3 "713" 01:42:43.744272089
[2023-07-16T01:42:46Z INFO  dt_instance] received at 2023-07-16 01:42:46.253158309 UTC - from mc-10->source-3 "718" 01:42:46.249678102
[2023-07-16T01:42:48Z INFO  dt_instance] received at 2023-07-16 01:42:48.756934049 UTC - from mc-10->source-3 "723" 01:42:48.755234960
[2023-07-16T01:42:51Z INFO  dt_instance] received at 2023-07-16 01:42:51.262179084 UTC - from mc-10->source-3 "728" 01:42:51.260689151
[2023-07-16T01:42:53Z INFO  dt_instance] received at 2023-07-16 01:42:53.766840827 UTC - from mc-10->source-3 "733" 01:42:53.765405876
[2023-07-16T01:42:56Z INFO  dt_instance] received at 2023-07-16 01:42:56.273484590 UTC - from mc-10->source-3 "738" 01:42:56.270530372
[2023-07-16T01:42:58Z INFO  dt_instance] received at 2023-07-16 01:42:58.779979505 UTC - from mc-10->source-3 "743" 01:42:58.776560514
[2023-07-16T01:43:01Z INFO  dt_instance] received at 2023-07-16 01:43:01.284768409 UTC - from mc-10->source-3 "748" 01:43:01.282294723
[2023-07-16T01:43:03Z INFO  dt_instance] received at 2023-07-16 01:43:03.791493447 UTC - from mc-10->source-3 "753" 01:43:03.788083462
[2023-07-16T01:43:06Z INFO  dt_instance] received at 2023-07-16 01:43:06.301751866 UTC - from mc-10->source-3 "758" 01:43:06.294732778
[2023-07-16T01:43:08Z INFO  dt_instance] received at 2023-07-16 01:43:08.802817504 UTC - from mc-10->source-3 "763" 01:43:08.801277921
[2023-07-16T01:43:11Z INFO  dt_instance] received at 2023-07-16 01:43:11.309191152 UTC - from mc-10->source-3 "768" 01:43:11.306529231
[2023-07-16T01:43:13Z INFO  dt_instance] received at 2023-07-16 01:43:13.818275545 UTC - from mc-10->source-3 "773" 01:43:13.812629063
[2023-07-16T01:43:16Z INFO  dt_instance] received at 2023-07-16 01:43:16.320879839 UTC - from mc-10->source-3 "778" 01:43:16.317821798
[2023-07-16T01:43:18Z INFO  dt_instance] received at 2023-07-16 01:43:18.839031773 UTC - from mc-10->source-3 "783" 01:43:18.823797423
[2023-07-16T01:43:21Z INFO  dt_instance] received at 2023-07-16 01:43:21.330537756 UTC - from mc-10->source-3 "788" 01:43:21.328268683
[2023-07-16T01:43:23Z INFO  dt_instance] received at 2023-07-16 01:43:23.835233945 UTC - from mc-10->source-3 "793" 01:43:23.833274126
[2023-07-16T01:43:26Z INFO  dt_instance] received at 2023-07-16 01:43:26.343021437 UTC - from mc-10->source-3 "798" 01:43:26.338375413
[2023-07-16T01:43:28Z INFO  dt_instance] received at 2023-07-16 01:43:28.848367935 UTC - from mc-10->source-3 "803" 01:43:28.845975078
[2023-07-16T01:43:31Z INFO  dt_instance] received at 2023-07-16 01:43:31.353419026 UTC - from mc-10->source-3 "808" 01:43:31.351821755
[2023-07-16T01:43:33Z INFO  dt_instance] received at 2023-07-16 01:43:33.860580435 UTC - from mc-10->source-3 "813" 01:43:33.856461406
[2023-07-16T01:43:36Z INFO  dt_instance] received at 2023-07-16 01:43:36.364462008 UTC - from mc-10->source-3 "818" 01:43:36.362986232
[2023-07-16T01:43:38Z INFO  dt_instance] received at 2023-07-16 01:43:38.872062022 UTC - from mc-10->source-3 "823" 01:43:38.869938804
[2023-07-16T01:43:41Z INFO  dt_instance] received at 2023-07-16 01:43:41.382688996 UTC - from mc-10->source-3 "828" 01:43:41.377792807
[2023-07-16T01:43:43Z INFO  dt_instance] received at 2023-07-16 01:43:43.885683182 UTC - from mc-10->source-3 "833" 01:43:43.883704777
[2023-07-16T01:43:46Z INFO  dt_instance] received at 2023-07-16 01:43:46.392651447 UTC - from mc-10->source-3 "838" 01:43:46.389808455
[2023-07-16T01:43:48Z INFO  dt_instance] received at 2023-07-16 01:43:48.898711763 UTC - from mc-10->source-3 "843" 01:43:48.895384738
[2023-07-16T01:43:51Z INFO  dt_instance] received at 2023-07-16 01:43:51.404746801 UTC - from mc-10->source-3 "848" 01:43:51.400867902
[2023-07-16T01:43:53Z INFO  dt_instance] received at 2023-07-16 01:43:53.907153168 UTC - from mc-10->source-3 "853" 01:43:53.905892104
[2023-07-16T01:43:56Z INFO  dt_instance] received at 2023-07-16 01:43:56.419072106 UTC - from mc-10->source-1 "863" 01:43:56.405440586
[2023-07-16T01:43:58Z INFO  dt_instance] received at 2023-07-16 01:43:58.919537252 UTC - from mc-10->source-3 "863" 01:43:58.917952302
[2023-07-16T01:44:01Z INFO  dt_instance] received at 2023-07-16 01:44:01.425645534 UTC - from mc-10->source-3 "868" 01:44:01.423498556
[2023-07-16T01:44:03Z INFO  dt_instance] received at 2023-07-16 01:44:03.934188486 UTC - from mc-10->source-1 "878" 01:44:03.922663195
[2023-07-16T01:44:06Z INFO  dt_instance] received at 2023-07-16 01:44:06.439831019 UTC - from mc-10->source-3 "878" 01:44:06.434428553
[2023-07-16T01:44:08Z INFO  dt_instance] received at 2023-07-16 01:44:08.942509993 UTC - from mc-10->source-3 "883" 01:44:08.940144293
[2023-07-16T01:44:11Z INFO  dt_instance] received at 2023-07-16 01:44:11.449011506 UTC - from mc-10->source-3 "888" 01:44:11.446285097
[2023-07-16T01:44:13Z INFO  dt_instance] received at 2023-07-16 01:44:13.955319156 UTC - from mc-10->source-3 "893" 01:44:13.951441125
[2023-07-16T01:44:16Z INFO  dt_instance] received at 2023-07-16 01:44:16.458160737 UTC - from mc-10->source-3 "898" 01:44:16.456612026
[2023-07-16T01:44:18Z INFO  dt_instance] received at 2023-07-16 01:44:18.967381266 UTC - from mc-10->source-3 "903" 01:44:18.963854826
[2023-07-16T01:44:21Z INFO  dt_instance] received at 2023-07-16 01:44:21.476317801 UTC - from mc-10->source-1 "913" 01:44:21.467894437
[2023-07-16T01:44:23Z INFO  dt_instance] received at 2023-07-16 01:44:23.982789009 UTC - from mc-10->source-1 "918" 01:44:23.977153061
[2023-07-16T01:44:26Z INFO  dt_instance] received at 2023-07-16 01:44:26.486272290 UTC - from mc-10->source-1 "923" 01:44:26.483240499
[2023-07-16T01:44:29Z INFO  dt_instance] received at 2023-07-16 01:44:29.005380605 UTC - from mc-10->source-1 "928" 01:44:28.988478282
[2023-07-16T01:44:31Z INFO  dt_instance] received at 2023-07-16 01:44:31.508275733 UTC - from mc-10->source-1 "933" 01:44:31.494079012
[2023-07-16T01:44:34Z INFO  dt_instance] received at 2023-07-16 01:44:34.043214750 UTC - from mc-10->source-3 "933" 01:44:34.007315131
[2023-07-16T01:44:36Z INFO  dt_instance] received at 2023-07-16 01:44:36.557846514 UTC - from mc-10->source-1 "943" 01:44:36.508565353
[2023-07-16T01:44:39Z INFO  dt_instance] received at 2023-07-16 01:44:39.023832738 UTC - from mc-10->source-3 "943" 01:44:39.022237801
[2023-07-16T01:44:41Z INFO  dt_instance] received at 2023-07-16 01:44:41.529649428 UTC - from mc-10->source-3 "948" 01:44:41.527797393
[2023-07-16T01:44:44Z INFO  dt_instance] received at 2023-07-16 01:44:44.034264457 UTC - from mc-10->source-3 "953" 01:44:44.031963642
[2023-07-16T01:44:46Z INFO  dt_instance] received at 2023-07-16 01:44:46.593257931 UTC - from mc-10->source-1 "963" 01:44:46.533191234
[2023-07-16T01:44:49Z INFO  dt_instance] received at 2023-07-16 01:44:49.044198349 UTC - from mc-10->source-3 "963" 01:44:49.042435135
[2023-07-16T01:44:51Z INFO  dt_instance] received at 2023-07-16 01:44:51.552347016 UTC - from mc-10->source-3 "968" 01:44:51.550473561
[2023-07-16T01:44:54Z INFO  dt_instance] received at 2023-07-16 01:44:54.057779313 UTC - from mc-10->source-3 "973" 01:44:54.055994462
[2023-07-16T01:44:56Z INFO  dt_instance] received at 2023-07-16 01:44:56.569463476 UTC - from mc-10->source-3 "978" 01:44:56.560984694
[2023-07-16T01:44:59Z INFO  dt_instance] received at 2023-07-16 01:44:59.067567670 UTC - from mc-10->source-3 "983" 01:44:59.066044227
[2023-07-16T01:45:01Z INFO  dt_instance] received at 2023-07-16 01:45:01.575263410 UTC - from mc-10->source-3 "988" 01:45:01.572850339
[2023-07-16T01:45:04Z INFO  dt_instance] received at 2023-07-16 01:45:04.259659067 UTC - from mc-10->source-6 "986" 01:45:04.250146702
[2023-07-16T01:45:07Z INFO  dt_instance] received at 2023-07-16 01:45:07.511824285 UTC - from mc-10->source-7 "990" 01:45:07.508252963
[2023-07-16T01:45:14Z INFO  dt_instance] received at 2023-07-16 01:45:14.538457709 UTC - from mc-10->source-9 "999" 01:45:14.524308770
