[2023-07-16T01:26:33Z INFO  dt_instance] Current Twin: mc-twin-1
[2023-07-16T01:26:33Z INFO  dt_instance] Replica Name twin-mc-stateful-1
[2023-07-16T01:26:33Z INFO  dt_instance] Sleeping for 50
[2023-07-16T01:27:23Z INFO  dt_instance] Connecting to broker at emqx.dtwins:1883
[2023-07-16T01:27:23Z INFO  dt_instance] Loggin info each 50 messages
[2023-07-16T01:27:23Z INFO  dt_instance] Set max packet size to 60000 KB.
[2023-07-16T01:27:23Z INFO  dt_instance] Refreshing topics for twin - Listen to mc-1/#
[2023-07-16T01:27:23Z INFO  dt_instance] SubAck { pkid: 1, return_codes: [Success(ExactlyOnce)] }
[2023-07-16T01:28:32Z INFO  dt_instance] received at 2023-07-16 01:28:32.480935767 UTC - from mc-1->source-2 "9" 01:28:32.478569454
[2023-07-16T01:28:35Z INFO  dt_instance] received at 2023-07-16 01:28:35.741464526 UTC - from mc-1->source-3 "13" 01:28:35.739790250
[2023-07-16T01:28:38Z INFO  dt_instance] received at 2023-07-16 01:28:38.249495466 UTC - from mc-1->source-1 "23" 01:28:38.247879185
[2023-07-16T01:28:40Z INFO  dt_instance] received at 2023-07-16 01:28:40.758754868 UTC - from mc-1->source-3 "23" 01:28:40.755775187
[2023-07-16T01:28:43Z INFO  dt_instance] received at 2023-07-16 01:28:43.278923761 UTC - from mc-1->source-3 "28" 01:28:43.276593231
[2023-07-16T01:28:45Z INFO  dt_instance] received at 2023-07-16 01:28:45.792735164 UTC - from mc-1->source-1 "38" 01:28:45.790923954
[2023-07-16T01:28:48Z INFO  dt_instance] received at 2023-07-16 01:28:48.297116390 UTC - from mc-1->source-1 "43" 01:28:48.295224036
[2023-07-16T01:28:50Z INFO  dt_instance] received at 2023-07-16 01:28:50.821659513 UTC - from mc-1->source-1 "48" 01:28:50.818390168
[2023-07-16T01:28:53Z INFO  dt_instance] received at 2023-07-16 01:28:53.326469853 UTC - from mc-1->source-1 "53" 01:28:53.324550568
[2023-07-16T01:28:55Z INFO  dt_instance] received at 2023-07-16 01:28:55.833455730 UTC - from mc-1->source-1 "58" 01:28:55.830922099
[2023-07-16T01:28:58Z INFO  dt_instance] received at 2023-07-16 01:28:58.338053866 UTC - from mc-1->source-1 "63" 01:28:58.335280605
[2023-07-16T01:29:00Z INFO  dt_instance] received at 2023-07-16 01:29:00.841772680 UTC - from mc-1->source-1 "68" 01:29:00.840146426
[2023-07-16T01:29:03Z INFO  dt_instance] received at 2023-07-16 01:29:03.348991420 UTC - from mc-1->source-1 "73" 01:29:03.347309384
[2023-07-16T01:29:05Z INFO  dt_instance] received at 2023-07-16 01:29:05.856754269 UTC - from mc-1->source-1 "78" 01:29:05.852661963
[2023-07-16T01:29:08Z INFO  dt_instance] received at 2023-07-16 01:29:08.359252867 UTC - from mc-1->source-1 "83" 01:29:08.357717813
[2023-07-16T01:29:10Z INFO  dt_instance] received at 2023-07-16 01:29:10.864333174 UTC - from mc-1->source-1 "88" 01:29:10.862877253
[2023-07-16T01:29:13Z INFO  dt_instance] received at 2023-07-16 01:29:13.370458919 UTC - from mc-1->source-1 "93" 01:29:13.368979059
[2023-07-16T01:29:15Z INFO  dt_instance] received at 2023-07-16 01:29:15.876615456 UTC - from mc-1->source-1 "98" 01:29:15.874838415
[2023-07-16T01:29:18Z INFO  dt_instance] received at 2023-07-16 01:29:18.392787761 UTC - from mc-1->source-3 "98" 01:29:18.380937318
[2023-07-16T01:29:20Z INFO  dt_instance] received at 2023-07-16 01:29:20.888416591 UTC - from mc-1->source-3 "103" 01:29:20.886820251
[2023-07-16T01:29:23Z INFO  dt_instance] received at 2023-07-16 01:29:23.402401216 UTC - from mc-1->source-1 "113" 01:29:23.400147956
[2023-07-16T01:29:25Z INFO  dt_instance] received at 2023-07-16 01:29:25.910723592 UTC - from mc-1->source-1 "118" 01:29:25.906200078
[2023-07-16T01:29:28Z INFO  dt_instance] received at 2023-07-16 01:29:28.414979229 UTC - from mc-1->source-3 "118" 01:29:28.413378512
[2023-07-16T01:29:30Z INFO  dt_instance] received at 2023-07-16 01:29:30.919702999 UTC - from mc-1->source-1 "128" 01:29:30.918167265
[2023-07-16T01:29:33Z INFO  dt_instance] received at 2023-07-16 01:29:33.425869538 UTC - from mc-1->source-3 "128" 01:29:33.424121340
[2023-07-16T01:29:35Z INFO  dt_instance] received at 2023-07-16 01:29:35.937316693 UTC - from mc-1->source-3 "133" 01:29:35.935973051
[2023-07-16T01:29:38Z INFO  dt_instance] received at 2023-07-16 01:29:38.455546925 UTC - from mc-1->source-1 "143" 01:29:38.445792376
[2023-07-16T01:29:40Z INFO  dt_instance] received at 2023-07-16 01:29:40.952705238 UTC - from mc-1->source-1 "148" 01:29:40.951370936
[2023-07-16T01:29:43Z INFO  dt_instance] received at 2023-07-16 01:29:43.458007988 UTC - from mc-1->source-1 "153" 01:29:43.456682634
[2023-07-16T01:29:45Z INFO  dt_instance] received at 2023-07-16 01:29:45.964461398 UTC - from mc-1->source-1 "158" 01:29:45.963183374
[2023-07-16T01:29:48Z INFO  dt_instance] received at 2023-07-16 01:29:48.471553920 UTC - from mc-1->source-1 "163" 01:29:48.470161437
[2023-07-16T01:29:50Z INFO  dt_instance] received at 2023-07-16 01:29:50.977262651 UTC - from mc-1->source-1 "168" 01:29:50.975830241
[2023-07-16T01:29:53Z INFO  dt_instance] received at 2023-07-16 01:29:53.483956349 UTC - from mc-1->source-1 "173" 01:29:53.482380627
[2023-07-16T01:29:55Z INFO  dt_instance] received at 2023-07-16 01:29:55.989270455 UTC - from mc-1->source-1 "178" 01:29:55.987958182
[2023-07-16T01:29:58Z INFO  dt_instance] received at 2023-07-16 01:29:58.495085377 UTC - from mc-1->source-1 "183" 01:29:58.493919183
[2023-07-16T01:30:00Z INFO  dt_instance] received at 2023-07-16 01:30:00.999677939 UTC - from mc-1->source-1 "188" 01:30:00.998529679
[2023-07-16T01:30:03Z INFO  dt_instance] received at 2023-07-16 01:30:03.506859347 UTC - from mc-1->source-1 "193" 01:30:03.505194731
[2023-07-16T01:30:06Z INFO  dt_instance] received at 2023-07-16 01:30:06.013363720 UTC - from mc-1->source-1 "198" 01:30:06.011927970
[2023-07-16T01:30:08Z INFO  dt_instance] received at 2023-07-16 01:30:08.523444985 UTC - from mc-1->source-1 "203" 01:30:08.520679798
[2023-07-16T01:30:11Z INFO  dt_instance] received at 2023-07-16 01:30:11.028331655 UTC - from mc-1->source-1 "208" 01:30:11.026978732
[2023-07-16T01:30:13Z INFO  dt_instance] received at 2023-07-16 01:30:13.534945460 UTC - from mc-1->source-1 "213" 01:30:13.533172077
[2023-07-16T01:30:16Z INFO  dt_instance] received at 2023-07-16 01:30:16.041210070 UTC - from mc-1->source-1 "218" 01:30:16.040088027
[2023-07-16T01:30:18Z INFO  dt_instance] received at 2023-07-16 01:30:18.547588665 UTC - from mc-1->source-1 "223" 01:30:18.545992597
[2023-07-16T01:30:21Z INFO  dt_instance] received at 2023-07-16 01:30:21.052513038 UTC - from mc-1->source-1 "228" 01:30:21.051069167
[2023-07-16T01:30:23Z INFO  dt_instance] received at 2023-07-16 01:30:23.557531703 UTC - from mc-1->source-1 "233" 01:30:23.556127445
[2023-07-16T01:30:26Z INFO  dt_instance] received at 2023-07-16 01:30:26.064020942 UTC - from mc-1->source-1 "238" 01:30:26.062525823
[2023-07-16T01:30:28Z INFO  dt_instance] received at 2023-07-16 01:30:28.570051304 UTC - from mc-1->source-1 "243" 01:30:28.568006008
[2023-07-16T01:30:31Z INFO  dt_instance] received at 2023-07-16 01:30:31.076984399 UTC - from mc-1->source-1 "248" 01:30:31.075485436
[2023-07-16T01:30:33Z INFO  dt_instance] received at 2023-07-16 01:30:33.582315912 UTC - from mc-1->source-1 "253" 01:30:33.581120070
[2023-07-16T01:30:36Z INFO  dt_instance] received at 2023-07-16 01:30:36.088804931 UTC - from mc-1->source-1 "258" 01:30:36.087309122
[2023-07-16T01:30:38Z INFO  dt_instance] received at 2023-07-16 01:30:38.595654872 UTC - from mc-1->source-1 "263" 01:30:38.594648756
[2023-07-16T01:30:41Z INFO  dt_instance] received at 2023-07-16 01:30:41.100672567 UTC - from mc-1->source-1 "268" 01:30:41.099514134
[2023-07-16T01:30:43Z INFO  dt_instance] received at 2023-07-16 01:30:43.609661218 UTC - from mc-1->source-1 "273" 01:30:43.605631792
[2023-07-16T01:30:46Z INFO  dt_instance] received at 2023-07-16 01:30:46.113046882 UTC - from mc-1->source-1 "278" 01:30:46.111523756
[2023-07-16T01:30:48Z INFO  dt_instance] received at 2023-07-16 01:30:48.619113730 UTC - from mc-1->source-1 "283" 01:30:48.617081407
[2023-07-16T01:30:51Z INFO  dt_instance] received at 2023-07-16 01:30:51.124308971 UTC - from mc-1->source-1 "288" 01:30:51.123194611
[2023-07-16T01:30:53Z INFO  dt_instance] received at 2023-07-16 01:30:53.632607188 UTC - from mc-1->source-1 "293" 01:30:53.631369557
[2023-07-16T01:30:56Z INFO  dt_instance] received at 2023-07-16 01:30:56.139356509 UTC - from mc-1->source-1 "298" 01:30:56.137585453
[2023-07-16T01:30:58Z INFO  dt_instance] received at 2023-07-16 01:30:58.644898931 UTC - from mc-1->source-1 "303" 01:30:58.642666427
[2023-07-16T01:31:01Z INFO  dt_instance] received at 2023-07-16 01:31:01.153501169 UTC - from mc-1->source-1 "308" 01:31:01.151630110
[2023-07-16T01:31:03Z INFO  dt_instance] received at 2023-07-16 01:31:03.659850361 UTC - from mc-1->source-1 "313" 01:31:03.658050660
[2023-07-16T01:31:06Z INFO  dt_instance] received at 2023-07-16 01:31:06.170166570 UTC - from mc-1->source-1 "318" 01:31:06.168936425
[2023-07-16T01:31:08Z INFO  dt_instance] received at 2023-07-16 01:31:08.676213671 UTC - from mc-1->source-1 "323" 01:31:08.675044779
[2023-07-16T01:31:11Z INFO  dt_instance] received at 2023-07-16 01:31:11.182777084 UTC - from mc-1->source-1 "328" 01:31:11.181403871
[2023-07-16T01:31:13Z INFO  dt_instance] received at 2023-07-16 01:31:13.689175217 UTC - from mc-1->source-1 "333" 01:31:13.687804928
[2023-07-16T01:31:16Z INFO  dt_instance] received at 2023-07-16 01:31:16.194098896 UTC - from mc-1->source-1 "338" 01:31:16.192646366
[2023-07-16T01:31:18Z INFO  dt_instance] received at 2023-07-16 01:31:18.699655562 UTC - from mc-1->source-1 "343" 01:31:18.698105261
[2023-07-16T01:31:21Z INFO  dt_instance] received at 2023-07-16 01:31:21.206088390 UTC - from mc-1->source-1 "348" 01:31:21.204632028
[2023-07-16T01:31:23Z INFO  dt_instance] received at 2023-07-16 01:31:23.714781866 UTC - from mc-1->source-3 "348" 01:31:23.713335163
[2023-07-16T01:31:26Z INFO  dt_instance] received at 2023-07-16 01:31:26.219481225 UTC - from mc-1->source-1 "358" 01:31:26.218207658
[2023-07-16T01:31:28Z INFO  dt_instance] received at 2023-07-16 01:31:28.725891015 UTC - from mc-1->source-1 "363" 01:31:28.723337682
[2023-07-16T01:31:31Z INFO  dt_instance] received at 2023-07-16 01:31:31.230507983 UTC - from mc-1->source-1 "368" 01:31:31.229211650
[2023-07-16T01:31:33Z INFO  dt_instance] received at 2023-07-16 01:31:33.736780388 UTC - from mc-1->source-1 "373" 01:31:33.735225626
[2023-07-16T01:31:36Z INFO  dt_instance] received at 2023-07-16 01:31:36.244287061 UTC - from mc-1->source-1 "378" 01:31:36.243209878
[2023-07-16T01:31:38Z INFO  dt_instance] received at 2023-07-16 01:31:38.749865884 UTC - from mc-1->source-1 "383" 01:31:38.748824487
[2023-07-16T01:31:41Z INFO  dt_instance] received at 2023-07-16 01:31:41.256407481 UTC - from mc-1->source-1 "388" 01:31:41.254903829
[2023-07-16T01:31:43Z INFO  dt_instance] received at 2023-07-16 01:31:43.765864184 UTC - from mc-1->source-1 "393" 01:31:43.761106774
[2023-07-16T01:31:46Z INFO  dt_instance] received at 2023-07-16 01:31:46.268231689 UTC - from mc-1->source-1 "398" 01:31:46.267065885
[2023-07-16T01:31:48Z INFO  dt_instance] received at 2023-07-16 01:31:48.775204947 UTC - from mc-1->source-1 "403" 01:31:48.773846770
[2023-07-16T01:31:51Z INFO  dt_instance] received at 2023-07-16 01:31:51.281340197 UTC - from mc-1->source-1 "408" 01:31:51.279985736
[2023-07-16T01:31:53Z INFO  dt_instance] received at 2023-07-16 01:31:53.785783796 UTC - from mc-1->source-1 "413" 01:31:53.784250761
[2023-07-16T01:31:56Z INFO  dt_instance] received at 2023-07-16 01:31:56.292461283 UTC - from mc-1->source-1 "418" 01:31:56.290869041
[2023-07-16T01:31:58Z INFO  dt_instance] received at 2023-07-16 01:31:58.796787343 UTC - from mc-1->source-1 "423" 01:31:58.795431317
[2023-07-16T01:32:01Z INFO  dt_instance] received at 2023-07-16 01:32:01.302425813 UTC - from mc-1->source-1 "428" 01:32:01.301020318
[2023-07-16T01:32:03Z INFO  dt_instance] received at 2023-07-16 01:32:03.808009060 UTC - from mc-1->source-1 "433" 01:32:03.806816270
[2023-07-16T01:32:06Z INFO  dt_instance] received at 2023-07-16 01:32:06.313957647 UTC - from mc-1->source-1 "438" 01:32:06.312448977
[2023-07-16T01:32:08Z INFO  dt_instance] received at 2023-07-16 01:32:08.819021348 UTC - from mc-1->source-1 "443" 01:32:08.817563410
[2023-07-16T01:32:11Z INFO  dt_instance] received at 2023-07-16 01:32:11.326040702 UTC - from mc-1->source-1 "448" 01:32:11.322726263
[2023-07-16T01:32:13Z INFO  dt_instance] received at 2023-07-16 01:32:13.831190319 UTC - from mc-1->source-1 "453" 01:32:13.829856203
[2023-07-16T01:32:16Z INFO  dt_instance] received at 2023-07-16 01:32:16.338288136 UTC - from mc-1->source-1 "458" 01:32:16.337095644
[2023-07-16T01:32:18Z INFO  dt_instance] received at 2023-07-16 01:32:18.845220445 UTC - from mc-1->source-1 "463" 01:32:18.843494587
[2023-07-16T01:32:21Z INFO  dt_instance] received at 2023-07-16 01:32:21.350986375 UTC - from mc-1->source-1 "468" 01:32:21.348222896
[2023-07-16T01:32:23Z INFO  dt_instance] received at 2023-07-16 01:32:23.854772317 UTC - from mc-1->source-1 "473" 01:32:23.853519670
[2023-07-16T01:32:26Z INFO  dt_instance] received at 2023-07-16 01:32:26.360344232 UTC - from mc-1->source-1 "478" 01:32:26.359096234
[2023-07-16T01:32:28Z INFO  dt_instance] received at 2023-07-16 01:32:28.866576418 UTC - from mc-1->source-1 "483" 01:32:28.865148060
[2023-07-16T01:32:31Z INFO  dt_instance] received at 2023-07-16 01:32:31.374179411 UTC - from mc-1->source-1 "488" 01:32:31.372896670
[2023-07-16T01:32:33Z INFO  dt_instance] received at 2023-07-16 01:32:33.879979481 UTC - from mc-1->source-1 "493" 01:32:33.878478477
[2023-07-16T01:32:36Z INFO  dt_instance] received at 2023-07-16 01:32:36.384873329 UTC - from mc-1->source-1 "498" 01:32:36.383574339
[2023-07-16T01:32:38Z INFO  dt_instance] received at 2023-07-16 01:32:38.891606156 UTC - from mc-1->source-1 "503" 01:32:38.890110358
[2023-07-16T01:32:41Z INFO  dt_instance] received at 2023-07-16 01:32:41.412881866 UTC - from mc-1->source-1 "508" 01:32:41.402339938
[2023-07-16T01:32:43Z INFO  dt_instance] received at 2023-07-16 01:32:43.910969132 UTC - from mc-1->source-3 "508" 01:32:43.908618284
[2023-07-16T01:32:46Z INFO  dt_instance] received at 2023-07-16 01:32:46.416302357 UTC - from mc-1->source-3 "513" 01:32:46.414638708
[2023-07-16T01:32:48Z INFO  dt_instance] received at 2023-07-16 01:32:48.921857537 UTC - from mc-1->source-1 "523" 01:32:48.920280952
[2023-07-16T01:32:51Z INFO  dt_instance] received at 2023-07-16 01:32:51.428937287 UTC - from mc-1->source-3 "523" 01:32:51.427531026
[2023-07-16T01:32:53Z INFO  dt_instance] received at 2023-07-16 01:32:53.935628084 UTC - from mc-1->source-1 "533" 01:32:53.933745662
[2023-07-16T01:32:56Z INFO  dt_instance] received at 2023-07-16 01:32:56.444788196 UTC - from mc-1->source-3 "533" 01:32:56.443616052
[2023-07-16T01:32:58Z INFO  dt_instance] received at 2023-07-16 01:32:58.955260746 UTC - from mc-1->source-1 "543" 01:32:58.953053556
[2023-07-16T01:33:01Z INFO  dt_instance] received at 2023-07-16 01:33:01.459924073 UTC - from mc-1->source-1 "548" 01:33:01.458205786
[2023-07-16T01:33:03Z INFO  dt_instance] received at 2023-07-16 01:33:03.965695658 UTC - from mc-1->source-1 "553" 01:33:03.964233509
[2023-07-16T01:33:06Z INFO  dt_instance] received at 2023-07-16 01:33:06.470426209 UTC - from mc-1->source-1 "558" 01:33:06.469082726
[2023-07-16T01:33:08Z INFO  dt_instance] received at 2023-07-16 01:33:08.977604104 UTC - from mc-1->source-1 "563" 01:33:08.975434676
[2023-07-16T01:33:11Z INFO  dt_instance] received at 2023-07-16 01:33:11.481712741 UTC - from mc-1->source-3 "563" 01:33:11.480379509
[2023-07-16T01:33:13Z INFO  dt_instance] received at 2023-07-16 01:33:13.988774636 UTC - from mc-1->source-3 "568" 01:33:13.986923256
[2023-07-16T01:33:16Z INFO  dt_instance] received at 2023-07-16 01:33:16.496344729 UTC - from mc-1->source-1 "578" 01:33:16.491661924
[2023-07-16T01:33:19Z INFO  dt_instance] received at 2023-07-16 01:33:19.001860596 UTC - from mc-1->source-3 "578" 01:33:18.999517718
[2023-07-16T01:33:21Z INFO  dt_instance] received at 2023-07-16 01:33:21.507542735 UTC - from mc-1->source-3 "583" 01:33:21.506106139
[2023-07-16T01:33:24Z INFO  dt_instance] received at 2023-07-16 01:33:24.013856878 UTC - from mc-1->source-3 "588" 01:33:24.012614914
[2023-07-16T01:33:26Z INFO  dt_instance] received at 2023-07-16 01:33:26.525548098 UTC - from mc-1->source-3 "593" 01:33:26.523335770
[2023-07-16T01:33:29Z INFO  dt_instance] received at 2023-07-16 01:33:29.029451511 UTC - from mc-1->source-3 "598" 01:33:29.028379181
[2023-07-16T01:33:31Z INFO  dt_instance] received at 2023-07-16 01:33:31.537917820 UTC - from mc-1->source-3 "603" 01:33:31.534461780
[2023-07-16T01:33:34Z INFO  dt_instance] received at 2023-07-16 01:33:34.041748777 UTC - from mc-1->source-3 "608" 01:33:34.040458960
[2023-07-16T01:33:36Z INFO  dt_instance] received at 2023-07-16 01:33:36.562605434 UTC - from mc-1->source-3 "613" 01:33:36.561302110
[2023-07-16T01:33:39Z INFO  dt_instance] received at 2023-07-16 01:33:39.068376761 UTC - from mc-1->source-3 "618" 01:33:39.067085538
[2023-07-16T01:33:41Z INFO  dt_instance] received at 2023-07-16 01:33:41.574133654 UTC - from mc-1->source-3 "623" 01:33:41.572701883
[2023-07-16T01:33:44Z INFO  dt_instance] received at 2023-07-16 01:33:44.091463371 UTC - from mc-1->source-3 "628" 01:33:44.080568206
[2023-07-16T01:33:46Z INFO  dt_instance] received at 2023-07-16 01:33:46.588388023 UTC - from mc-1->source-3 "633" 01:33:46.586846434
[2023-07-16T01:33:49Z INFO  dt_instance] received at 2023-07-16 01:33:49.095052983 UTC - from mc-1->source-3 "638" 01:33:49.093471294
[2023-07-16T01:33:51Z INFO  dt_instance] received at 2023-07-16 01:33:51.599533346 UTC - from mc-1->source-3 "643" 01:33:51.598407939
[2023-07-16T01:33:54Z INFO  dt_instance] received at 2023-07-16 01:33:54.105054878 UTC - from mc-1->source-3 "648" 01:33:54.103869930
[2023-07-16T01:33:56Z INFO  dt_instance] received at 2023-07-16 01:33:56.610810207 UTC - from mc-1->source-3 "653" 01:33:56.609402684
[2023-07-16T01:33:59Z INFO  dt_instance] received at 2023-07-16 01:33:59.116127745 UTC - from mc-1->source-3 "658" 01:33:59.114325940
[2023-07-16T01:34:01Z INFO  dt_instance] received at 2023-07-16 01:34:01.623597755 UTC - from mc-1->source-3 "663" 01:34:01.620988054
[2023-07-16T01:34:04Z INFO  dt_instance] received at 2023-07-16 01:34:04.126936812 UTC - from mc-1->source-3 "668" 01:34:04.125753608
[2023-07-16T01:34:06Z INFO  dt_instance] received at 2023-07-16 01:34:06.633102079 UTC - from mc-1->source-3 "673" 01:34:06.631512097
[2023-07-16T01:34:09Z INFO  dt_instance] received at 2023-07-16 01:34:09.139533214 UTC - from mc-1->source-3 "678" 01:34:09.137134269
[2023-07-16T01:34:11Z INFO  dt_instance] received at 2023-07-16 01:34:11.645923213 UTC - from mc-1->source-3 "683" 01:34:11.643273585
[2023-07-16T01:34:14Z INFO  dt_instance] received at 2023-07-16 01:34:14.149982076 UTC - from mc-1->source-3 "688" 01:34:14.148497622
[2023-07-16T01:34:16Z INFO  dt_instance] received at 2023-07-16 01:34:16.655846126 UTC - from mc-1->source-3 "693" 01:34:16.653867690
[2023-07-16T01:34:19Z INFO  dt_instance] received at 2023-07-16 01:34:19.162076069 UTC - from mc-1->source-3 "698" 01:34:19.160290707
[2023-07-16T01:34:21Z INFO  dt_instance] received at 2023-07-16 01:34:21.666702882 UTC - from mc-1->source-3 "703" 01:34:21.665697137
[2023-07-16T01:34:24Z INFO  dt_instance] received at 2023-07-16 01:34:24.171735233 UTC - from mc-1->source-3 "708" 01:34:24.170387589
[2023-07-16T01:34:26Z INFO  dt_instance] received at 2023-07-16 01:34:26.676867369 UTC - from mc-1->source-3 "713" 01:34:26.675641836
[2023-07-16T01:34:29Z INFO  dt_instance] received at 2023-07-16 01:34:29.183150904 UTC - from mc-1->source-3 "718" 01:34:29.181933761
[2023-07-16T01:34:31Z INFO  dt_instance] received at 2023-07-16 01:34:31.688240393 UTC - from mc-1->source-3 "723" 01:34:31.686664672
[2023-07-16T01:34:34Z INFO  dt_instance] received at 2023-07-16 01:34:34.193737945 UTC - from mc-1->source-3 "728" 01:34:34.192502715
[2023-07-16T01:34:36Z INFO  dt_instance] received at 2023-07-16 01:34:36.702256169 UTC - from mc-1->source-3 "733" 01:34:36.700938098
[2023-07-16T01:34:39Z INFO  dt_instance] received at 2023-07-16 01:34:39.208271211 UTC - from mc-1->source-3 "738" 01:34:39.206961878
[2023-07-16T01:34:41Z INFO  dt_instance] received at 2023-07-16 01:34:41.714568788 UTC - from mc-1->source-3 "743" 01:34:41.713118648
[2023-07-16T01:34:44Z INFO  dt_instance] received at 2023-07-16 01:34:44.224476596 UTC - from mc-1->source-3 "748" 01:34:44.220344864
[2023-07-16T01:34:46Z INFO  dt_instance] received at 2023-07-16 01:34:46.726347503 UTC - from mc-1->source-3 "753" 01:34:46.725400470
[2023-07-16T01:34:49Z INFO  dt_instance] received at 2023-07-16 01:34:49.232510724 UTC - from mc-1->source-3 "758" 01:34:49.231046543
[2023-07-16T01:34:51Z INFO  dt_instance] received at 2023-07-16 01:34:51.738009506 UTC - from mc-1->source-3 "763" 01:34:51.736331056
[2023-07-16T01:34:54Z INFO  dt_instance] received at 2023-07-16 01:34:54.242873844 UTC - from mc-1->source-3 "768" 01:34:54.241387457
[2023-07-16T01:34:56Z INFO  dt_instance] received at 2023-07-16 01:34:56.748895829 UTC - from mc-1->source-3 "773" 01:34:56.747898147
[2023-07-16T01:34:59Z INFO  dt_instance] received at 2023-07-16 01:34:59.254121487 UTC - from mc-1->source-3 "778" 01:34:59.252897596
[2023-07-16T01:35:01Z INFO  dt_instance] received at 2023-07-16 01:35:01.760754173 UTC - from mc-1->source-3 "783" 01:35:01.759127609
[2023-07-16T01:35:04Z INFO  dt_instance] received at 2023-07-16 01:35:04.266392670 UTC - from mc-1->source-3 "788" 01:35:04.265139053
[2023-07-16T01:35:06Z INFO  dt_instance] received at 2023-07-16 01:35:06.771706019 UTC - from mc-1->source-3 "793" 01:35:06.770295886
[2023-07-16T01:35:09Z INFO  dt_instance] received at 2023-07-16 01:35:09.278362578 UTC - from mc-1->source-3 "798" 01:35:09.276411022
[2023-07-16T01:35:11Z INFO  dt_instance] received at 2023-07-16 01:35:11.783449535 UTC - from mc-1->source-3 "803" 01:35:11.782275757
[2023-07-16T01:35:14Z INFO  dt_instance] received at 2023-07-16 01:35:14.288996271 UTC - from mc-1->source-3 "808" 01:35:14.287961119
[2023-07-16T01:35:16Z INFO  dt_instance] received at 2023-07-16 01:35:16.793979387 UTC - from mc-1->source-3 "813" 01:35:16.792570531
[2023-07-16T01:35:19Z INFO  dt_instance] received at 2023-07-16 01:35:19.299879244 UTC - from mc-1->source-3 "818" 01:35:19.298566650
[2023-07-16T01:35:21Z INFO  dt_instance] received at 2023-07-16 01:35:21.805563225 UTC - from mc-1->source-3 "823" 01:35:21.803880145
[2023-07-16T01:35:24Z INFO  dt_instance] received at 2023-07-16 01:35:24.309611193 UTC - from mc-1->source-3 "828" 01:35:24.308327406
[2023-07-16T01:35:26Z INFO  dt_instance] received at 2023-07-16 01:35:26.815856613 UTC - from mc-1->source-3 "833" 01:35:26.813934950
[2023-07-16T01:35:29Z INFO  dt_instance] received at 2023-07-16 01:35:29.321152942 UTC - from mc-1->source-3 "838" 01:35:29.320138748
[2023-07-16T01:35:31Z INFO  dt_instance] received at 2023-07-16 01:35:31.826993299 UTC - from mc-1->source-3 "843" 01:35:31.825407076
[2023-07-16T01:35:34Z INFO  dt_instance] received at 2023-07-16 01:35:34.332154852 UTC - from mc-1->source-3 "848" 01:35:34.330992937
[2023-07-16T01:35:36Z INFO  dt_instance] received at 2023-07-16 01:35:36.839700941 UTC - from mc-1->source-3 "853" 01:35:36.835922516
[2023-07-16T01:35:39Z INFO  dt_instance] received at 2023-07-16 01:35:39.342829633 UTC - from mc-1->source-3 "858" 01:35:39.341353156
[2023-07-16T01:35:41Z INFO  dt_instance] received at 2023-07-16 01:35:41.848719381 UTC - from mc-1->source-3 "863" 01:35:41.847536780
[2023-07-16T01:35:44Z INFO  dt_instance] received at 2023-07-16 01:35:44.354574741 UTC - from mc-1->source-3 "868" 01:35:44.352681943
[2023-07-16T01:35:46Z INFO  dt_instance] received at 2023-07-16 01:35:46.863110450 UTC - from mc-1->source-3 "873" 01:35:46.860431056
[2023-07-16T01:35:49Z INFO  dt_instance] received at 2023-07-16 01:35:49.368943080 UTC - from mc-1->source-3 "878" 01:35:49.365613062
[2023-07-16T01:35:51Z INFO  dt_instance] received at 2023-07-16 01:35:51.872183661 UTC - from mc-1->source-3 "883" 01:35:51.870825189
[2023-07-16T01:35:54Z INFO  dt_instance] received at 2023-07-16 01:35:54.378550134 UTC - from mc-1->source-3 "888" 01:35:54.375752863
[2023-07-16T01:35:56Z INFO  dt_instance] received at 2023-07-16 01:35:56.882126481 UTC - from mc-1->source-3 "893" 01:35:56.880109569
[2023-07-16T01:35:59Z INFO  dt_instance] received at 2023-07-16 01:35:59.388545096 UTC - from mc-1->source-3 "898" 01:35:59.386294036
[2023-07-16T01:36:01Z INFO  dt_instance] received at 2023-07-16 01:36:01.894328491 UTC - from mc-1->source-1 "908" 01:36:01.893154342
[2023-07-16T01:36:04Z INFO  dt_instance] received at 2023-07-16 01:36:04.401098281 UTC - from mc-1->source-1 "913" 01:36:04.398071004
[2023-07-16T01:36:06Z INFO  dt_instance] received at 2023-07-16 01:36:06.906218027 UTC - from mc-1->source-1 "918" 01:36:06.904761117
[2023-07-16T01:36:09Z INFO  dt_instance] received at 2023-07-16 01:36:09.410604411 UTC - from mc-1->source-1 "923" 01:36:09.409329572
[2023-07-16T01:36:11Z INFO  dt_instance] received at 2023-07-16 01:36:11.918354810 UTC - from mc-1->source-3 "923" 01:36:11.917008123
[2023-07-16T01:36:14Z INFO  dt_instance] received at 2023-07-16 01:36:14.424437482 UTC - from mc-1->source-3 "928" 01:36:14.422998991
[2023-07-16T01:36:16Z INFO  dt_instance] received at 2023-07-16 01:36:16.929578281 UTC - from mc-1->source-3 "933" 01:36:16.928378537
[2023-07-16T01:36:19Z INFO  dt_instance] received at 2023-07-16 01:36:19.434910481 UTC - from mc-1->source-3 "938" 01:36:19.433619813
[2023-07-16T01:36:21Z INFO  dt_instance] received at 2023-07-16 01:36:21.943373603 UTC - from mc-1->source-1 "948" 01:36:21.937662473
[2023-07-16T01:36:24Z INFO  dt_instance] received at 2023-07-16 01:36:24.446402374 UTC - from mc-1->source-3 "948" 01:36:24.445109786
[2023-07-16T01:36:26Z INFO  dt_instance] received at 2023-07-16 01:36:26.952980049 UTC - from mc-1->source-3 "953" 01:36:26.951850983
[2023-07-16T01:36:29Z INFO  dt_instance] received at 2023-07-16 01:36:29.458233596 UTC - from mc-1->source-3 "958" 01:36:29.456971663
[2023-07-16T01:36:31Z INFO  dt_instance] received at 2023-07-16 01:36:31.963502947 UTC - from mc-1->source-3 "963" 01:36:31.962058686
[2023-07-16T01:36:34Z INFO  dt_instance] received at 2023-07-16 01:36:34.469390384 UTC - from mc-1->source-3 "968" 01:36:34.467821619
[2023-07-16T01:36:36Z INFO  dt_instance] received at 2023-07-16 01:36:36.976341017 UTC - from mc-1->source-3 "973" 01:36:36.974931380
[2023-07-16T01:36:39Z INFO  dt_instance] received at 2023-07-16 01:36:39.480919861 UTC - from mc-1->source-3 "978" 01:36:39.479505435
[2023-07-16T01:36:41Z INFO  dt_instance] received at 2023-07-16 01:36:41.988385737 UTC - from mc-1->source-3 "983" 01:36:41.986235165
[2023-07-16T01:36:44Z INFO  dt_instance] received at 2023-07-16 01:36:44.496021666 UTC - from mc-1->source-3 "988" 01:36:44.493785812
[2023-07-16T01:36:47Z INFO  dt_instance] received at 2023-07-16 01:36:47.164246346 UTC - from mc-1->source-8 "981" 01:36:47.163056403
[2023-07-16T01:36:50Z INFO  dt_instance] received at 2023-07-16 01:36:50.424278927 UTC - from mc-1->source-9 "985" 01:36:50.422916084
[2023-07-16T01:36:57Z INFO  dt_instance] received at 2023-07-16 01:36:57.440379003 UTC - from mc-1->source-9 "999" 01:36:57.438744360
