[2023-06-22T20:30:40Z INFO  dt_instance] Current Twin: mc-twin-9
[2023-06-22T20:30:40Z INFO  dt_instance] Replica Name twin-mc-stateful-9
[2023-06-22T20:30:40Z INFO  dt_instance] Sleeping for 450
[2023-06-22T20:38:10Z INFO  dt_instance] Connecting to broker at emqx.dtwins:1883
[2023-06-22T20:38:10Z INFO  dt_instance] Loggin info each 50 messages
[2023-06-22T20:38:10Z INFO  dt_instance] Set max packet size to 60000 KB.
[2023-06-22T20:38:10Z INFO  dt_instance] Refreshing topics for twin - Listen to mc-9/#
[2023-06-22T20:38:10Z INFO  dt_instance] SubAck { pkid: 1, return_codes: [Success(ExactlyOnce)] }
[2023-06-22T20:39:19Z INFO  dt_instance] received at 2023-06-22 20:39:19.775561406 UTC - from mc-9->source-2 "9" 20:39:19.773028998
[2023-06-22T20:39:23Z INFO  dt_instance] received at 2023-06-22 20:39:23.025899784 UTC - from mc-9->source-3 "13" 20:39:23.024648792
[2023-06-22T20:39:25Z INFO  dt_instance] received at 2023-06-22 20:39:25.547832793 UTC - from mc-9->source-1 "23" 20:39:25.544943144
[2023-06-22T20:39:28Z INFO  dt_instance] received at 2023-06-22 20:39:28.070016802 UTC - from mc-9->source-1 "28" 20:39:28.050890072
[2023-06-22T20:39:30Z INFO  dt_instance] received at 2023-06-22 20:39:30.558689207 UTC - from mc-9->source-1 "33" 20:39:30.557047584
[2023-06-22T20:39:33Z INFO  dt_instance] received at 2023-06-22 20:39:33.066087948 UTC - from mc-9->source-1 "38" 20:39:33.063628213
[2023-06-22T20:39:35Z INFO  dt_instance] received at 2023-06-22 20:39:35.573746608 UTC - from mc-9->source-1 "43" 20:39:35.570912163
[2023-06-22T20:39:38Z INFO  dt_instance] received at 2023-06-22 20:39:38.082470202 UTC - from mc-9->source-1 "48" 20:39:38.078619912
[2023-06-22T20:39:40Z INFO  dt_instance] received at 2023-06-22 20:39:40.589080062 UTC - from mc-9->source-1 "53" 20:39:40.585531272
[2023-06-22T20:39:43Z INFO  dt_instance] received at 2023-06-22 20:39:43.093305038 UTC - from mc-9->source-1 "58" 20:39:43.091143463
[2023-06-22T20:39:45Z INFO  dt_instance] received at 2023-06-22 20:39:45.598833002 UTC - from mc-9->source-1 "63" 20:39:45.596972460
[2023-06-22T20:39:48Z INFO  dt_instance] received at 2023-06-22 20:39:48.105306020 UTC - from mc-9->source-1 "68" 20:39:48.103531831
[2023-06-22T20:39:50Z INFO  dt_instance] received at 2023-06-22 20:39:50.611487462 UTC - from mc-9->source-1 "73" 20:39:50.610108879
[2023-06-22T20:39:53Z INFO  dt_instance] received at 2023-06-22 20:39:53.116509471 UTC - from mc-9->source-1 "78" 20:39:53.114857025
[2023-06-22T20:39:55Z INFO  dt_instance] received at 2023-06-22 20:39:55.621744914 UTC - from mc-9->source-1 "83" 20:39:55.619691631
[2023-06-22T20:39:58Z INFO  dt_instance] received at 2023-06-22 20:39:58.127152117 UTC - from mc-9->source-1 "88" 20:39:58.125512041
[2023-06-22T20:40:00Z INFO  dt_instance] received at 2023-06-22 20:40:00.643639118 UTC - from mc-9->source-1 "93" 20:40:00.641983247
[2023-06-22T20:40:03Z INFO  dt_instance] received at 2023-06-22 20:40:03.149643739 UTC - from mc-9->source-1 "98" 20:40:03.147190587
[2023-06-22T20:40:05Z INFO  dt_instance] received at 2023-06-22 20:40:05.661852831 UTC - from mc-9->source-1 "103" 20:40:05.652596819
[2023-06-22T20:40:08Z INFO  dt_instance] received at 2023-06-22 20:40:08.164599414 UTC - from mc-9->source-1 "108" 20:40:08.158684421
[2023-06-22T20:40:10Z INFO  dt_instance] received at 2023-06-22 20:40:10.665678005 UTC - from mc-9->source-1 "113" 20:40:10.664135365
[2023-06-22T20:40:13Z INFO  dt_instance] received at 2023-06-22 20:40:13.172058728 UTC - from mc-9->source-1 "118" 20:40:13.170202160
[2023-06-22T20:40:15Z INFO  dt_instance] received at 2023-06-22 20:40:15.677110346 UTC - from mc-9->source-1 "123" 20:40:15.675799774
[2023-06-22T20:40:18Z INFO  dt_instance] received at 2023-06-22 20:40:18.183367997 UTC - from mc-9->source-1 "128" 20:40:18.181525577
[2023-06-22T20:40:20Z INFO  dt_instance] received at 2023-06-22 20:40:20.695089603 UTC - from mc-9->source-1 "133" 20:40:20.688635965
[2023-06-22T20:40:23Z INFO  dt_instance] received at 2023-06-22 20:40:23.196646219 UTC - from mc-9->source-1 "138" 20:40:23.195125496
[2023-06-22T20:40:25Z INFO  dt_instance] received at 2023-06-22 20:40:25.701017146 UTC - from mc-9->source-1 "143" 20:40:25.699830462
[2023-06-22T20:40:28Z INFO  dt_instance] received at 2023-06-22 20:40:28.209498197 UTC - from mc-9->source-1 "148" 20:40:28.205739434
[2023-06-22T20:40:30Z INFO  dt_instance] received at 2023-06-22 20:40:30.717587191 UTC - from mc-9->source-1 "153" 20:40:30.712649823
[2023-06-22T20:40:33Z INFO  dt_instance] received at 2023-06-22 20:40:33.219508019 UTC - from mc-9->source-1 "158" 20:40:33.218245838
[2023-06-22T20:40:35Z INFO  dt_instance] received at 2023-06-22 20:40:35.740821432 UTC - from mc-9->source-1 "163" 20:40:35.739200827
[2023-06-22T20:40:38Z INFO  dt_instance] received at 2023-06-22 20:40:38.247029572 UTC - from mc-9->source-1 "168" 20:40:38.244422429
[2023-06-22T20:40:40Z INFO  dt_instance] received at 2023-06-22 20:40:40.750628559 UTC - from mc-9->source-1 "173" 20:40:40.748995191
[2023-06-22T20:40:43Z INFO  dt_instance] received at 2023-06-22 20:40:43.256561652 UTC - from mc-9->source-1 "178" 20:40:43.254110830
[2023-06-22T20:40:45Z INFO  dt_instance] received at 2023-06-22 20:40:45.760870309 UTC - from mc-9->source-1 "183" 20:40:45.759770704
[2023-06-22T20:40:48Z INFO  dt_instance] received at 2023-06-22 20:40:48.267489603 UTC - from mc-9->source-1 "188" 20:40:48.265799112
[2023-06-22T20:40:50Z INFO  dt_instance] received at 2023-06-22 20:40:50.775803591 UTC - from mc-9->source-1 "193" 20:40:50.773323518
[2023-06-22T20:40:53Z INFO  dt_instance] received at 2023-06-22 20:40:53.280188096 UTC - from mc-9->source-1 "198" 20:40:53.279078100
[2023-06-22T20:40:55Z INFO  dt_instance] received at 2023-06-22 20:40:55.785586550 UTC - from mc-9->source-1 "203" 20:40:55.784394574
[2023-06-22T20:40:58Z INFO  dt_instance] received at 2023-06-22 20:40:58.290925830 UTC - from mc-9->source-1 "208" 20:40:58.289086221
[2023-06-22T20:41:00Z INFO  dt_instance] received at 2023-06-22 20:41:00.795786574 UTC - from mc-9->source-1 "213" 20:41:00.793802116
[2023-06-22T20:41:03Z INFO  dt_instance] received at 2023-06-22 20:41:03.300753889 UTC - from mc-9->source-1 "218" 20:41:03.298977307
[2023-06-22T20:41:05Z INFO  dt_instance] received at 2023-06-22 20:41:05.806176217 UTC - from mc-9->source-1 "223" 20:41:05.805098276
[2023-06-22T20:41:08Z INFO  dt_instance] received at 2023-06-22 20:41:08.312896004 UTC - from mc-9->source-1 "228" 20:41:08.311066790
[2023-06-22T20:41:10Z INFO  dt_instance] received at 2023-06-22 20:41:10.818841323 UTC - from mc-9->source-1 "233" 20:41:10.817172408
[2023-06-22T20:41:13Z INFO  dt_instance] received at 2023-06-22 20:41:13.323719097 UTC - from mc-9->source-1 "238" 20:41:13.321986678
[2023-06-22T20:41:15Z INFO  dt_instance] received at 2023-06-22 20:41:15.828510139 UTC - from mc-9->source-1 "243" 20:41:15.826819030
[2023-06-22T20:41:18Z INFO  dt_instance] received at 2023-06-22 20:41:18.333896160 UTC - from mc-9->source-1 "248" 20:41:18.332105327
[2023-06-22T20:41:20Z INFO  dt_instance] received at 2023-06-22 20:41:20.844304129 UTC - from mc-9->source-1 "253" 20:41:20.838352844
[2023-06-22T20:41:23Z INFO  dt_instance] received at 2023-06-22 20:41:23.346339978 UTC - from mc-9->source-1 "258" 20:41:23.344542892
[2023-06-22T20:41:25Z INFO  dt_instance] received at 2023-06-22 20:41:25.850690305 UTC - from mc-9->source-1 "263" 20:41:25.849671123
[2023-06-22T20:41:28Z INFO  dt_instance] received at 2023-06-22 20:41:28.359110557 UTC - from mc-9->source-1 "268" 20:41:28.356759585
[2023-06-22T20:41:30Z INFO  dt_instance] received at 2023-06-22 20:41:30.864832009 UTC - from mc-9->source-1 "273" 20:41:30.862796731
[2023-06-22T20:41:33Z INFO  dt_instance] received at 2023-06-22 20:41:33.372644431 UTC - from mc-9->source-1 "278" 20:41:33.368219057
[2023-06-22T20:41:35Z INFO  dt_instance] received at 2023-06-22 20:41:35.875845765 UTC - from mc-9->source-1 "283" 20:41:35.873649231
[2023-06-22T20:41:38Z INFO  dt_instance] received at 2023-06-22 20:41:38.381225823 UTC - from mc-9->source-1 "288" 20:41:38.379890387
[2023-06-22T20:41:40Z INFO  dt_instance] received at 2023-06-22 20:41:40.886405052 UTC - from mc-9->source-1 "293" 20:41:40.884952105
[2023-06-22T20:41:43Z INFO  dt_instance] received at 2023-06-22 20:41:43.392870717 UTC - from mc-9->source-1 "298" 20:41:43.391525022
[2023-06-22T20:41:45Z INFO  dt_instance] received at 2023-06-22 20:41:45.899773380 UTC - from mc-9->source-1 "303" 20:41:45.896591173
[2023-06-22T20:41:48Z INFO  dt_instance] received at 2023-06-22 20:41:48.404189615 UTC - from mc-9->source-1 "308" 20:41:48.402699290
[2023-06-22T20:41:50Z INFO  dt_instance] received at 2023-06-22 20:41:50.909249471 UTC - from mc-9->source-1 "313" 20:41:50.907751249
[2023-06-22T20:41:53Z INFO  dt_instance] received at 2023-06-22 20:41:53.416896352 UTC - from mc-9->source-1 "318" 20:41:53.414653840
[2023-06-22T20:41:55Z INFO  dt_instance] received at 2023-06-22 20:41:55.921345366 UTC - from mc-9->source-1 "323" 20:41:55.919986849
[2023-06-22T20:41:58Z INFO  dt_instance] received at 2023-06-22 20:41:58.427864986 UTC - from mc-9->source-1 "328" 20:41:58.426379030
[2023-06-22T20:42:00Z INFO  dt_instance] received at 2023-06-22 20:42:00.935829869 UTC - from mc-9->source-1 "333" 20:42:00.932213129
[2023-06-22T20:42:03Z INFO  dt_instance] received at 2023-06-22 20:42:03.439186328 UTC - from mc-9->source-1 "338" 20:42:03.436768756
[2023-06-22T20:42:05Z INFO  dt_instance] received at 2023-06-22 20:42:05.944926799 UTC - from mc-9->source-1 "343" 20:42:05.942163917
[2023-06-22T20:42:08Z INFO  dt_instance] received at 2023-06-22 20:42:08.450850510 UTC - from mc-9->source-1 "348" 20:42:08.447422490
[2023-06-22T20:42:10Z INFO  dt_instance] received at 2023-06-22 20:42:10.953816504 UTC - from mc-9->source-1 "353" 20:42:10.952132071
[2023-06-22T20:42:13Z INFO  dt_instance] received at 2023-06-22 20:42:13.458517405 UTC - from mc-9->source-1 "358" 20:42:13.457092012
[2023-06-22T20:42:15Z INFO  dt_instance] received at 2023-06-22 20:42:15.967154723 UTC - from mc-9->source-1 "363" 20:42:15.962949958
[2023-06-22T20:42:18Z INFO  dt_instance] received at 2023-06-22 20:42:18.473396200 UTC - from mc-9->source-5 "358" 20:42:18.472061311
[2023-06-22T20:42:20Z INFO  dt_instance] received at 2023-06-22 20:42:20.979410244 UTC - from mc-9->source-1 "373" 20:42:20.978262373
[2023-06-22T20:42:23Z INFO  dt_instance] received at 2023-06-22 20:42:23.484908774 UTC - from mc-9->source-5 "368" 20:42:23.483820925
[2023-06-22T20:42:25Z INFO  dt_instance] received at 2023-06-22 20:42:25.992270891 UTC - from mc-9->source-5 "373" 20:42:25.989922089
[2023-06-22T20:42:28Z INFO  dt_instance] received at 2023-06-22 20:42:28.500986699 UTC - from mc-9->source-5 "378" 20:42:28.495788613
[2023-06-22T20:42:31Z INFO  dt_instance] received at 2023-06-22 20:42:31.003994147 UTC - from mc-9->source-5 "383" 20:42:31.001745609
[2023-06-22T20:42:33Z INFO  dt_instance] received at 2023-06-22 20:42:33.508618135 UTC - from mc-9->source-5 "388" 20:42:33.507440221
[2023-06-22T20:42:36Z INFO  dt_instance] received at 2023-06-22 20:42:36.014788699 UTC - from mc-9->source-5 "393" 20:42:36.012699983
[2023-06-22T20:42:38Z INFO  dt_instance] received at 2023-06-22 20:42:38.523452639 UTC - from mc-9->source-5 "398" 20:42:38.519980030
[2023-06-22T20:42:41Z INFO  dt_instance] received at 2023-06-22 20:42:41.029722284 UTC - from mc-9->source-5 "403" 20:42:41.028366176
[2023-06-22T20:42:43Z INFO  dt_instance] received at 2023-06-22 20:42:43.534451736 UTC - from mc-9->source-5 "408" 20:42:43.532738464
[2023-06-22T20:42:46Z INFO  dt_instance] received at 2023-06-22 20:42:46.042085173 UTC - from mc-9->source-5 "413" 20:42:46.039520680
[2023-06-22T20:42:48Z INFO  dt_instance] received at 2023-06-22 20:42:48.545705875 UTC - from mc-9->source-5 "418" 20:42:48.544398070
[2023-06-22T20:42:51Z INFO  dt_instance] received at 2023-06-22 20:42:51.050837572 UTC - from mc-9->source-5 "423" 20:42:51.049018791
[2023-06-22T20:42:53Z INFO  dt_instance] received at 2023-06-22 20:42:53.558537245 UTC - from mc-9->source-5 "428" 20:42:53.554611020
[2023-06-22T20:42:56Z INFO  dt_instance] received at 2023-06-22 20:42:56.061795887 UTC - from mc-9->source-5 "433" 20:42:56.060637942
[2023-06-22T20:42:58Z INFO  dt_instance] received at 2023-06-22 20:42:58.567943243 UTC - from mc-9->source-5 "438" 20:42:58.566805682
[2023-06-22T20:43:01Z INFO  dt_instance] received at 2023-06-22 20:43:01.078664023 UTC - from mc-9->source-5 "443" 20:43:01.072157907
[2023-06-22T20:43:03Z INFO  dt_instance] received at 2023-06-22 20:43:03.579762426 UTC - from mc-9->source-5 "448" 20:43:03.578313097
[2023-06-22T20:43:06Z INFO  dt_instance] received at 2023-06-22 20:43:06.084228944 UTC - from mc-9->source-5 "453" 20:43:06.083124150
[2023-06-22T20:43:08Z INFO  dt_instance] received at 2023-06-22 20:43:08.595477636 UTC - from mc-9->source-1 "468" 20:43:08.581999788
[2023-06-22T20:43:11Z INFO  dt_instance] received at 2023-06-22 20:43:11.097713750 UTC - from mc-9->source-5 "463" 20:43:11.094802403
[2023-06-22T20:43:13Z INFO  dt_instance] received at 2023-06-22 20:43:13.603138252 UTC - from mc-9->source-5 "468" 20:43:13.601122108
[2023-06-22T20:43:16Z INFO  dt_instance] received at 2023-06-22 20:43:16.106895301 UTC - from mc-9->source-5 "473" 20:43:16.106112300
[2023-06-22T20:43:18Z INFO  dt_instance] received at 2023-06-22 20:43:18.625697945 UTC - from mc-9->source-5 "478" 20:43:18.612556213
[2023-06-22T20:43:21Z INFO  dt_instance] received at 2023-06-22 20:43:21.118927161 UTC - from mc-9->source-5 "483" 20:43:21.117737447
[2023-06-22T20:43:23Z INFO  dt_instance] received at 2023-06-22 20:43:23.624767010 UTC - from mc-9->source-5 "488" 20:43:23.623915258
[2023-06-22T20:43:26Z INFO  dt_instance] received at 2023-06-22 20:43:26.131713334 UTC - from mc-9->source-5 "493" 20:43:26.130132020
[2023-06-22T20:43:28Z INFO  dt_instance] received at 2023-06-22 20:43:28.643006400 UTC - from mc-9->source-5 "498" 20:43:28.635848405
[2023-06-22T20:43:31Z INFO  dt_instance] received at 2023-06-22 20:43:31.145589278 UTC - from mc-9->source-5 "503" 20:43:31.143577204
[2023-06-22T20:43:33Z INFO  dt_instance] received at 2023-06-22 20:43:33.653300597 UTC - from mc-9->source-5 "508" 20:43:33.649090843
[2023-06-22T20:43:36Z INFO  dt_instance] received at 2023-06-22 20:43:36.154923038 UTC - from mc-9->source-5 "513" 20:43:36.153742754
[2023-06-22T20:43:38Z INFO  dt_instance] received at 2023-06-22 20:43:38.660889636 UTC - from mc-9->source-5 "518" 20:43:38.659132749
[2023-06-22T20:43:41Z INFO  dt_instance] received at 2023-06-22 20:43:41.165503523 UTC - from mc-9->source-5 "523" 20:43:41.164466489
[2023-06-22T20:43:43Z INFO  dt_instance] received at 2023-06-22 20:43:43.671407071 UTC - from mc-9->source-1 "538" 20:43:43.668703527
[2023-06-22T20:43:46Z INFO  dt_instance] received at 2023-06-22 20:43:46.178463143 UTC - from mc-9->source-5 "533" 20:43:46.176686986
[2023-06-22T20:43:48Z INFO  dt_instance] received at 2023-06-22 20:43:48.686356538 UTC - from mc-9->source-1 "548" 20:43:48.683943017
[2023-06-22T20:43:51Z INFO  dt_instance] received at 2023-06-22 20:43:51.194663315 UTC - from mc-9->source-1 "553" 20:43:51.188813396
[2023-06-22T20:43:53Z INFO  dt_instance] received at 2023-06-22 20:43:53.697730353 UTC - from mc-9->source-1 "558" 20:43:53.694735914
[2023-06-22T20:43:56Z INFO  dt_instance] received at 2023-06-22 20:43:56.202912398 UTC - from mc-9->source-5 "553" 20:43:56.201941969
[2023-06-22T20:43:58Z INFO  dt_instance] received at 2023-06-22 20:43:58.708895937 UTC - from mc-9->source-1 "568" 20:43:58.707836222
[2023-06-22T20:44:01Z INFO  dt_instance] received at 2023-06-22 20:44:01.217658642 UTC - from mc-9->source-5 "563" 20:44:01.215599928
[2023-06-22T20:44:03Z INFO  dt_instance] received at 2023-06-22 20:44:03.724223082 UTC - from mc-9->source-5 "568" 20:44:03.722358873
[2023-06-22T20:44:06Z INFO  dt_instance] received at 2023-06-22 20:44:06.236002491 UTC - from mc-9->source-5 "573" 20:44:06.229632751
[2023-06-22T20:44:08Z INFO  dt_instance] received at 2023-06-22 20:44:08.736216354 UTC - from mc-9->source-5 "578" 20:44:08.735426593
[2023-06-22T20:44:11Z INFO  dt_instance] received at 2023-06-22 20:44:11.243443252 UTC - from mc-9->source-3 "588" 20:44:11.242263820
[2023-06-22T20:44:13Z INFO  dt_instance] received at 2023-06-22 20:44:13.747937633 UTC - from mc-9->source-5 "588" 20:44:13.746967996
[2023-06-22T20:44:16Z INFO  dt_instance] received at 2023-06-22 20:44:16.253581617 UTC - from mc-9->source-3 "598" 20:44:16.252209249
[2023-06-22T20:44:18Z INFO  dt_instance] received at 2023-06-22 20:44:18.760220420 UTC - from mc-9->source-5 "598" 20:44:18.758999715
[2023-06-22T20:44:21Z INFO  dt_instance] received at 2023-06-22 20:44:21.267013821 UTC - from mc-9->source-5 "603" 20:44:21.266196345
[2023-06-22T20:44:23Z INFO  dt_instance] received at 2023-06-22 20:44:23.771915263 UTC - from mc-9->source-5 "608" 20:44:23.770979653
[2023-06-22T20:44:26Z INFO  dt_instance] received at 2023-06-22 20:44:26.279161226 UTC - from mc-9->source-3 "618" 20:44:26.277779356
[2023-06-22T20:44:28Z INFO  dt_instance] received at 2023-06-22 20:44:28.784090419 UTC - from mc-9->source-3 "623" 20:44:28.782859139
[2023-06-22T20:44:31Z INFO  dt_instance] received at 2023-06-22 20:44:31.289977723 UTC - from mc-9->source-5 "623" 20:44:31.288986421
[2023-06-22T20:44:33Z INFO  dt_instance] received at 2023-06-22 20:44:33.796145032 UTC - from mc-9->source-3 "633" 20:44:33.794992515
[2023-06-22T20:44:36Z INFO  dt_instance] received at 2023-06-22 20:44:36.302951272 UTC - from mc-9->source-5 "633" 20:44:36.301791027
[2023-06-22T20:44:38Z INFO  dt_instance] received at 2023-06-22 20:44:38.808937625 UTC - from mc-9->source-3 "643" 20:44:38.807508962
[2023-06-22T20:44:41Z INFO  dt_instance] received at 2023-06-22 20:44:41.313127100 UTC - from mc-9->source-5 "643" 20:44:41.312005533
[2023-06-22T20:44:43Z INFO  dt_instance] received at 2023-06-22 20:44:43.818977181 UTC - from mc-9->source-5 "648" 20:44:43.817645197
[2023-06-22T20:44:46Z INFO  dt_instance] received at 2023-06-22 20:44:46.324172146 UTC - from mc-9->source-5 "653" 20:44:46.323031153
[2023-06-22T20:44:48Z INFO  dt_instance] received at 2023-06-22 20:44:48.830857431 UTC - from mc-9->source-5 "658" 20:44:48.829658269
[2023-06-22T20:44:51Z INFO  dt_instance] received at 2023-06-22 20:44:51.337338811 UTC - from mc-9->source-5 "663" 20:44:51.336401953
[2023-06-22T20:44:53Z INFO  dt_instance] received at 2023-06-22 20:44:53.845988829 UTC - from mc-9->source-5 "668" 20:44:53.844367743
[2023-06-22T20:44:56Z INFO  dt_instance] received at 2023-06-22 20:44:56.351885712 UTC - from mc-9->source-5 "673" 20:44:56.350800130
[2023-06-22T20:44:58Z INFO  dt_instance] received at 2023-06-22 20:44:58.857858981 UTC - from mc-9->source-5 "678" 20:44:58.856341594
[2023-06-22T20:45:01Z INFO  dt_instance] received at 2023-06-22 20:45:01.362687881 UTC - from mc-9->source-5 "683" 20:45:01.361665185
[2023-06-22T20:45:03Z INFO  dt_instance] received at 2023-06-22 20:45:03.874835961 UTC - from mc-9->source-5 "688" 20:45:03.868510156
[2023-06-22T20:45:06Z INFO  dt_instance] received at 2023-06-22 20:45:06.374685778 UTC - from mc-9->source-5 "693" 20:45:06.373748983
[2023-06-22T20:45:08Z INFO  dt_instance] received at 2023-06-22 20:45:08.882076363 UTC - from mc-9->source-3 "703" 20:45:08.879057113
[2023-06-22T20:45:11Z INFO  dt_instance] received at 2023-06-22 20:45:11.386389387 UTC - from mc-9->source-3 "708" 20:45:11.385192977
[2023-06-22T20:45:13Z INFO  dt_instance] received at 2023-06-22 20:45:13.892248250 UTC - from mc-9->source-3 "713" 20:45:13.890039192
[2023-06-22T20:45:16Z INFO  dt_instance] received at 2023-06-22 20:45:16.399420374 UTC - from mc-9->source-3 "718" 20:45:16.398415412
[2023-06-22T20:45:18Z INFO  dt_instance] received at 2023-06-22 20:45:18.905060732 UTC - from mc-9->source-5 "718" 20:45:18.903686736
[2023-06-22T20:45:21Z INFO  dt_instance] received at 2023-06-22 20:45:21.410471027 UTC - from mc-9->source-3 "728" 20:45:21.409102621
[2023-06-22T20:45:23Z INFO  dt_instance] received at 2023-06-22 20:45:23.916903464 UTC - from mc-9->source-3 "733" 20:45:23.915733157
[2023-06-22T20:45:26Z INFO  dt_instance] received at 2023-06-22 20:45:26.423702425 UTC - from mc-9->source-3 "738" 20:45:26.421114513
[2023-06-22T20:45:28Z INFO  dt_instance] received at 2023-06-22 20:45:28.927997623 UTC - from mc-9->source-5 "738" 20:45:28.926844977
[2023-06-22T20:45:31Z INFO  dt_instance] received at 2023-06-22 20:45:31.435392402 UTC - from mc-9->source-5 "743" 20:45:31.432806104
[2023-06-22T20:45:33Z INFO  dt_instance] received at 2023-06-22 20:45:33.940323942 UTC - from mc-9->source-3 "753" 20:45:33.939381867
[2023-06-22T20:45:36Z INFO  dt_instance] received at 2023-06-22 20:45:36.449556757 UTC - from mc-9->source-3 "758" 20:45:36.444443689
[2023-06-22T20:45:38Z INFO  dt_instance] received at 2023-06-22 20:45:38.952179380 UTC - from mc-9->source-5 "758" 20:45:38.949872333
[2023-06-22T20:45:41Z INFO  dt_instance] received at 2023-06-22 20:45:41.460435582 UTC - from mc-9->source-5 "763" 20:45:41.455400944
[2023-06-22T20:45:43Z INFO  dt_instance] received at 2023-06-22 20:45:43.962649117 UTC - from mc-9->source-5 "768" 20:45:43.961666119
[2023-06-22T20:45:46Z INFO  dt_instance] received at 2023-06-22 20:45:46.473062360 UTC - from mc-9->source-5 "773" 20:45:46.467884798
[2023-06-22T20:45:48Z INFO  dt_instance] received at 2023-06-22 20:45:48.974524469 UTC - from mc-9->source-5 "778" 20:45:48.973341549
[2023-06-22T20:45:51Z INFO  dt_instance] received at 2023-06-22 20:45:51.483395076 UTC - from mc-9->source-7 "778" 20:45:51.472201929
[2023-06-22T20:45:53Z INFO  dt_instance] received at 2023-06-22 20:45:53.985843981 UTC - from mc-9->source-3 "793" 20:45:53.984162422
[2023-06-22T20:45:56Z INFO  dt_instance] received at 2023-06-22 20:45:56.493187921 UTC - from mc-9->source-5 "793" 20:45:56.490131364
[2023-06-22T20:45:58Z INFO  dt_instance] received at 2023-06-22 20:45:58.996523512 UTC - from mc-9->source-5 "798" 20:45:58.995692733
[2023-06-22T20:46:01Z INFO  dt_instance] received at 2023-06-22 20:46:01.505153027 UTC - from mc-9->source-5 "803" 20:46:01.501908943
[2023-06-22T20:46:04Z INFO  dt_instance] received at 2023-06-22 20:46:04.008178988 UTC - from mc-9->source-5 "808" 20:46:04.006901996
[2023-06-22T20:46:06Z INFO  dt_instance] received at 2023-06-22 20:46:06.514513890 UTC - from mc-9->source-5 "813" 20:46:06.512392022
[2023-06-22T20:46:09Z INFO  dt_instance] received at 2023-06-22 20:46:09.018836722 UTC - from mc-9->source-5 "818" 20:46:09.017686834
[2023-06-22T20:46:11Z INFO  dt_instance] received at 2023-06-22 20:46:11.526228976 UTC - from mc-9->source-5 "823" 20:46:11.522752214
[2023-06-22T20:46:14Z INFO  dt_instance] received at 2023-06-22 20:46:14.030607076 UTC - from mc-9->source-5 "828" 20:46:14.029671757
[2023-06-22T20:46:16Z INFO  dt_instance] received at 2023-06-22 20:46:16.538228841 UTC - from mc-9->source-5 "833" 20:46:16.535788968
[2023-06-22T20:46:19Z INFO  dt_instance] received at 2023-06-22 20:46:19.042668621 UTC - from mc-9->source-5 "838" 20:46:19.041475882
[2023-06-22T20:46:21Z INFO  dt_instance] received at 2023-06-22 20:46:21.549298488 UTC - from mc-9->source-5 "843" 20:46:21.547302160
[2023-06-22T20:46:24Z INFO  dt_instance] received at 2023-06-22 20:46:24.054270005 UTC - from mc-9->source-5 "848" 20:46:24.052300897
[2023-06-22T20:46:26Z INFO  dt_instance] received at 2023-06-22 20:46:26.561845409 UTC - from mc-9->source-5 "853" 20:46:26.558633373
[2023-06-22T20:46:29Z INFO  dt_instance] received at 2023-06-22 20:46:29.065600823 UTC - from mc-9->source-5 "858" 20:46:29.064653534
[2023-06-22T20:46:31Z INFO  dt_instance] received at 2023-06-22 20:46:31.574004522 UTC - from mc-9->source-5 "863" 20:46:31.571666130
[2023-06-22T20:46:34Z INFO  dt_instance] received at 2023-06-22 20:46:34.078025072 UTC - from mc-9->source-5 "868" 20:46:34.077186326
[2023-06-22T20:46:36Z INFO  dt_instance] received at 2023-06-22 20:46:36.585015591 UTC - from mc-9->source-5 "873" 20:46:36.583658157
[2023-06-22T20:46:39Z INFO  dt_instance] received at 2023-06-22 20:46:39.090592924 UTC - from mc-9->source-5 "878" 20:46:39.089831476
[2023-06-22T20:46:41Z INFO  dt_instance] received at 2023-06-22 20:46:41.597749149 UTC - from mc-9->source-5 "883" 20:46:41.595433448
[2023-06-22T20:46:44Z INFO  dt_instance] received at 2023-06-22 20:46:44.101029540 UTC - from mc-9->source-5 "888" 20:46:44.099719949
[2023-06-22T20:46:46Z INFO  dt_instance] received at 2023-06-22 20:46:46.607333890 UTC - from mc-9->source-5 "893" 20:46:46.606125668
[2023-06-22T20:46:49Z INFO  dt_instance] received at 2023-06-22 20:46:49.111654362 UTC - from mc-9->source-5 "898" 20:46:49.110630121
[2023-06-22T20:46:51Z INFO  dt_instance] received at 2023-06-22 20:46:51.620102592 UTC - from mc-9->source-5 "903" 20:46:51.618492443
[2023-06-22T20:46:54Z INFO  dt_instance] received at 2023-06-22 20:46:54.125120211 UTC - from mc-9->source-5 "908" 20:46:54.122680569
[2023-06-22T20:46:56Z INFO  dt_instance] received at 2023-06-22 20:46:56.630366628 UTC - from mc-9->source-5 "913" 20:46:56.629520497
[2023-06-22T20:46:59Z INFO  dt_instance] received at 2023-06-22 20:46:59.136525665 UTC - from mc-9->source-5 "918" 20:46:59.135075951
[2023-06-22T20:47:01Z INFO  dt_instance] received at 2023-06-22 20:47:01.641609515 UTC - from mc-9->source-5 "923" 20:47:01.639832751
[2023-06-22T20:47:04Z INFO  dt_instance] received at 2023-06-22 20:47:04.147491869 UTC - from mc-9->source-5 "928" 20:47:04.145045764
[2023-06-22T20:47:06Z INFO  dt_instance] received at 2023-06-22 20:47:06.652506501 UTC - from mc-9->source-5 "933" 20:47:06.650953422
[2023-06-22T20:47:09Z INFO  dt_instance] received at 2023-06-22 20:47:09.159244857 UTC - from mc-9->source-5 "938" 20:47:09.157627536
[2023-06-22T20:47:11Z INFO  dt_instance] received at 2023-06-22 20:47:11.663752072 UTC - from mc-9->source-5 "943" 20:47:11.662867078
[2023-06-22T20:47:14Z INFO  dt_instance] received at 2023-06-22 20:47:14.170050215 UTC - from mc-9->source-5 "948" 20:47:14.168017252
[2023-06-22T20:47:16Z INFO  dt_instance] received at 2023-06-22 20:47:16.684351604 UTC - from mc-9->source-5 "953" 20:47:16.682742241
[2023-06-22T20:47:19Z INFO  dt_instance] received at 2023-06-22 20:47:19.206096307 UTC - from mc-9->source-1 "968" 20:47:19.200781141
[2023-06-22T20:47:21Z INFO  dt_instance] received at 2023-06-22 20:47:21.708585071 UTC - from mc-9->source-1 "973" 20:47:21.706710522
[2023-06-22T20:47:24Z INFO  dt_instance] received at 2023-06-22 20:47:24.214389032 UTC - from mc-9->source-1 "978" 20:47:24.212443924
[2023-06-22T20:47:26Z INFO  dt_instance] received at 2023-06-22 20:47:26.719299482 UTC - from mc-9->source-1 "983" 20:47:26.717623402
[2023-06-22T20:47:29Z INFO  dt_instance] received at 2023-06-22 20:47:29.231414628 UTC - from mc-9->source-1 "988" 20:47:29.225647256
[2023-06-22T20:47:31Z INFO  dt_instance] received at 2023-06-22 20:47:31.733793433 UTC - from mc-9->source-1 "993" 20:47:31.732696922
[2023-06-22T20:47:34Z INFO  dt_instance] received at 2023-06-22 20:47:34.473598329 UTC - from mc-9->source-6 "986" 20:47:34.467797254
[2023-06-22T20:47:37Z INFO  dt_instance] received at 2023-06-22 20:47:37.710475287 UTC - from mc-9->source-7 "990" 20:47:37.709151692
[2023-06-22T20:47:44Z INFO  dt_instance] received at 2023-06-22 20:47:44.753358485 UTC - from mc-9->source-9 "999" 20:47:44.751814384
