[2023-06-22T20:30:45Z INFO  dt_instance] Current Twin: mc-twin-10
[2023-06-22T20:30:45Z INFO  dt_instance] Replica Name twin-mc-stateful-10
[2023-06-22T20:30:45Z INFO  dt_instance] Sleeping for 500
[2023-06-22T20:39:05Z INFO  dt_instance] Connecting to broker at emqx.dtwins:1883
[2023-06-22T20:39:05Z INFO  dt_instance] Loggin info each 50 messages
[2023-06-22T20:39:05Z INFO  dt_instance] Set max packet size to 60000 KB.
[2023-06-22T20:39:05Z INFO  dt_instance] Refreshing topics for twin - Listen to mc-10/#
[2023-06-22T20:39:05Z INFO  dt_instance] SubAck { pkid: 1, return_codes: [Success(ExactlyOnce)] }
[2023-06-22T20:40:13Z INFO  dt_instance] received at 2023-06-22 20:40:13.227765325 UTC - from mc-10->source-2 "9" 20:40:13.225768641
[2023-06-22T20:40:16Z INFO  dt_instance] received at 2023-06-22 20:40:16.486833715 UTC - from mc-10->source-3 "13" 20:40:16.483990765
[2023-06-22T20:40:18Z INFO  dt_instance] received at 2023-06-22 20:40:18.996657137 UTC - from mc-10->source-1 "23" 20:40:18.995117878
[2023-06-22T20:40:21Z INFO  dt_instance] received at 2023-06-22 20:40:21.502532768 UTC - from mc-10->source-1 "28" 20:40:21.500074629
[2023-06-22T20:40:24Z INFO  dt_instance] received at 2023-06-22 20:40:24.006596437 UTC - from mc-10->source-1 "33" 20:40:24.004732696
[2023-06-22T20:40:26Z INFO  dt_instance] received at 2023-06-22 20:40:26.514538917 UTC - from mc-10->source-1 "38" 20:40:26.511886212
[2023-06-22T20:40:29Z INFO  dt_instance] received at 2023-06-22 20:40:29.019491610 UTC - from mc-10->source-1 "43" 20:40:29.017563731
[2023-06-22T20:40:31Z INFO  dt_instance] received at 2023-06-22 20:40:31.525673091 UTC - from mc-10->source-1 "48" 20:40:31.523177977
[2023-06-22T20:40:34Z INFO  dt_instance] received at 2023-06-22 20:40:34.028777917 UTC - from mc-10->source-1 "53" 20:40:34.027547968
[2023-06-22T20:40:36Z INFO  dt_instance] received at 2023-06-22 20:40:36.541565167 UTC - from mc-10->source-7 "43" 20:40:36.535221418
[2023-06-22T20:40:39Z INFO  dt_instance] received at 2023-06-22 20:40:39.043036992 UTC - from mc-10->source-7 "48" 20:40:39.041012738
[2023-06-22T20:40:41Z INFO  dt_instance] received at 2023-06-22 20:40:41.549270381 UTC - from mc-10->source-7 "53" 20:40:41.546623078
[2023-06-22T20:40:44Z INFO  dt_instance] received at 2023-06-22 20:40:44.055058027 UTC - from mc-10->source-1 "73" 20:40:44.053846922
[2023-06-22T20:40:46Z INFO  dt_instance] received at 2023-06-22 20:40:46.565084109 UTC - from mc-10->source-1 "78" 20:40:46.561176513
[2023-06-22T20:40:49Z INFO  dt_instance] received at 2023-06-22 20:40:49.069152412 UTC - from mc-10->source-1 "83" 20:40:49.067440648
[2023-06-22T20:40:51Z INFO  dt_instance] received at 2023-06-22 20:40:51.574065562 UTC - from mc-10->source-1 "88" 20:40:51.573042091
[2023-06-22T20:40:54Z INFO  dt_instance] received at 2023-06-22 20:40:54.079775262 UTC - from mc-10->source-5 "83" 20:40:54.078469610
[2023-06-22T20:40:56Z INFO  dt_instance] received at 2023-06-22 20:40:56.588934775 UTC - from mc-10->source-7 "83" 20:40:56.580193011
[2023-06-22T20:40:59Z INFO  dt_instance] received at 2023-06-22 20:40:59.090966402 UTC - from mc-10->source-1 "103" 20:40:59.089928146
[2023-06-22T20:41:01Z INFO  dt_instance] received at 2023-06-22 20:41:01.597729972 UTC - from mc-10->source-1 "108" 20:41:01.595989635
[2023-06-22T20:41:04Z INFO  dt_instance] received at 2023-06-22 20:41:04.104701346 UTC - from mc-10->source-1 "113" 20:41:04.103086187
[2023-06-22T20:41:06Z INFO  dt_instance] received at 2023-06-22 20:41:06.613648204 UTC - from mc-10->source-1 "118" 20:41:06.610529785
[2023-06-22T20:41:09Z INFO  dt_instance] received at 2023-06-22 20:41:09.118507477 UTC - from mc-10->source-1 "123" 20:41:09.116676394
[2023-06-22T20:41:11Z INFO  dt_instance] received at 2023-06-22 20:41:11.624165005 UTC - from mc-10->source-1 "128" 20:41:11.621680922
[2023-06-22T20:41:14Z INFO  dt_instance] received at 2023-06-22 20:41:14.128716816 UTC - from mc-10->source-1 "133" 20:41:14.127520446
[2023-06-22T20:41:16Z INFO  dt_instance] received at 2023-06-22 20:41:16.634338489 UTC - from mc-10->source-1 "138" 20:41:16.633003635
[2023-06-22T20:41:19Z INFO  dt_instance] received at 2023-06-22 20:41:19.139360107 UTC - from mc-10->source-1 "143" 20:41:19.137709121
[2023-06-22T20:41:21Z INFO  dt_instance] received at 2023-06-22 20:41:21.645001663 UTC - from mc-10->source-1 "148" 20:41:21.643728074
[2023-06-22T20:41:24Z INFO  dt_instance] received at 2023-06-22 20:41:24.153325517 UTC - from mc-10->source-1 "153" 20:41:24.149230151
[2023-06-22T20:41:26Z INFO  dt_instance] received at 2023-06-22 20:41:26.657345717 UTC - from mc-10->source-1 "158" 20:41:26.655726530
[2023-06-22T20:41:29Z INFO  dt_instance] received at 2023-06-22 20:41:29.163253298 UTC - from mc-10->source-1 "163" 20:41:29.161192742
[2023-06-22T20:41:31Z INFO  dt_instance] received at 2023-06-22 20:41:31.669120477 UTC - from mc-10->source-1 "168" 20:41:31.666471347
[2023-06-22T20:41:34Z INFO  dt_instance] received at 2023-06-22 20:41:34.173921808 UTC - from mc-10->source-5 "163" 20:41:34.173178897
[2023-06-22T20:41:36Z INFO  dt_instance] received at 2023-06-22 20:41:36.679740390 UTC - from mc-10->source-5 "168" 20:41:36.678589519
[2023-06-22T20:41:39Z INFO  dt_instance] received at 2023-06-22 20:41:39.188743572 UTC - from mc-10->source-7 "168" 20:41:39.183942932
[2023-06-22T20:41:41Z INFO  dt_instance] received at 2023-06-22 20:41:41.691356177 UTC - from mc-10->source-3 "183" 20:41:41.689525015
[2023-06-22T20:41:44Z INFO  dt_instance] received at 2023-06-22 20:41:44.197970665 UTC - from mc-10->source-3 "188" 20:41:44.196153308
[2023-06-22T20:41:46Z INFO  dt_instance] received at 2023-06-22 20:41:46.705047490 UTC - from mc-10->source-1 "198" 20:41:46.703940453
[2023-06-22T20:41:49Z INFO  dt_instance] received at 2023-06-22 20:41:49.210306136 UTC - from mc-10->source-1 "203" 20:41:49.209282084
[2023-06-22T20:41:51Z INFO  dt_instance] received at 2023-06-22 20:41:51.716787035 UTC - from mc-10->source-1 "208" 20:41:51.715183542
[2023-06-22T20:41:54Z INFO  dt_instance] received at 2023-06-22 20:41:54.224420452 UTC - from mc-10->source-7 "198" 20:41:54.221091142
[2023-06-22T20:41:56Z INFO  dt_instance] received at 2023-06-22 20:41:56.728944940 UTC - from mc-10->source-7 "203" 20:41:56.727671098
[2023-06-22T20:41:59Z INFO  dt_instance] received at 2023-06-22 20:41:59.235368546 UTC - from mc-10->source-7 "208" 20:41:59.233830413
[2023-06-22T20:42:01Z INFO  dt_instance] received at 2023-06-22 20:42:01.741964350 UTC - from mc-10->source-7 "213" 20:42:01.740154867
[2023-06-22T20:42:04Z INFO  dt_instance] received at 2023-06-22 20:42:04.247244420 UTC - from mc-10->source-7 "218" 20:42:04.244807276
[2023-06-22T20:42:06Z INFO  dt_instance] received at 2023-06-22 20:42:06.772242977 UTC - from mc-10->source-1 "238" 20:42:06.751252882
[2023-06-22T20:42:09Z INFO  dt_instance] received at 2023-06-22 20:42:09.258832328 UTC - from mc-10->source-7 "228" 20:42:09.256354692
[2023-06-22T20:42:11Z INFO  dt_instance] received at 2023-06-22 20:42:11.765247011 UTC - from mc-10->source-1 "248" 20:42:11.763250568
[2023-06-22T20:42:14Z INFO  dt_instance] received at 2023-06-22 20:42:14.273242986 UTC - from mc-10->source-7 "238" 20:42:14.269462006
[2023-06-22T20:42:16Z INFO  dt_instance] received at 2023-06-22 20:42:16.778048892 UTC - from mc-10->source-7 "243" 20:42:16.776200596
[2023-06-22T20:42:19Z INFO  dt_instance] received at 2023-06-22 20:42:19.285036507 UTC - from mc-10->source-7 "248" 20:42:19.283554977
[2023-06-22T20:42:21Z INFO  dt_instance] received at 2023-06-22 20:42:21.791951590 UTC - from mc-10->source-1 "268" 20:42:21.787498299
[2023-06-22T20:42:24Z INFO  dt_instance] received at 2023-06-22 20:42:24.295941125 UTC - from mc-10->source-7 "258" 20:42:24.293955742
[2023-06-22T20:42:26Z INFO  dt_instance] received at 2023-06-22 20:42:26.801941071 UTC - from mc-10->source-1 "278" 20:42:26.800021063
[2023-06-22T20:42:29Z INFO  dt_instance] received at 2023-06-22 20:42:29.310813246 UTC - from mc-10->source-7 "268" 20:42:29.308116334
[2023-06-22T20:42:31Z INFO  dt_instance] received at 2023-06-22 20:42:31.828717748 UTC - from mc-10->source-7 "273" 20:42:31.825600732
[2023-06-22T20:42:34Z INFO  dt_instance] received at 2023-06-22 20:42:34.332789385 UTC - from mc-10->source-1 "293" 20:42:34.330733733
[2023-06-22T20:42:36Z INFO  dt_instance] received at 2023-06-22 20:42:36.841529388 UTC - from mc-10->source-3 "293" 20:42:36.838198582
[2023-06-22T20:42:39Z INFO  dt_instance] received at 2023-06-22 20:42:39.346494881 UTC - from mc-10->source-3 "298" 20:42:39.344318577
[2023-06-22T20:42:41Z INFO  dt_instance] received at 2023-06-22 20:42:41.854276919 UTC - from mc-10->source-3 "303" 20:42:41.852630240
[2023-06-22T20:42:44Z INFO  dt_instance] received at 2023-06-22 20:42:44.369359863 UTC - from mc-10->source-3 "308" 20:42:44.358278069
[2023-06-22T20:42:46Z INFO  dt_instance] received at 2023-06-22 20:42:46.865747335 UTC - from mc-10->source-7 "303" 20:42:46.862802596
[2023-06-22T20:42:49Z INFO  dt_instance] received at 2023-06-22 20:42:49.370724158 UTC - from mc-10->source-3 "318" 20:42:49.369691060
[2023-06-22T20:42:51Z INFO  dt_instance] received at 2023-06-22 20:42:51.877709018 UTC - from mc-10->source-1 "328" 20:42:51.876545860
[2023-06-22T20:42:54Z INFO  dt_instance] received at 2023-06-22 20:42:54.383822878 UTC - from mc-10->source-1 "333" 20:42:54.381821335
[2023-06-22T20:42:56Z INFO  dt_instance] received at 2023-06-22 20:42:56.889963255 UTC - from mc-10->source-7 "323" 20:42:56.887866981
[2023-06-22T20:42:59Z INFO  dt_instance] received at 2023-06-22 20:42:59.396517841 UTC - from mc-10->source-7 "328" 20:42:59.393986414
[2023-06-22T20:43:01Z INFO  dt_instance] received at 2023-06-22 20:43:01.903809312 UTC - from mc-10->source-1 "348" 20:43:01.898985052
[2023-06-22T20:43:04Z INFO  dt_instance] received at 2023-06-22 20:43:04.408365746 UTC - from mc-10->source-1 "353" 20:43:04.406455481
[2023-06-22T20:43:06Z INFO  dt_instance] received at 2023-06-22 20:43:06.914950857 UTC - from mc-10->source-1 "358" 20:43:06.913563912
[2023-06-22T20:43:09Z INFO  dt_instance] received at 2023-06-22 20:43:09.424644702 UTC - from mc-10->source-7 "348" 20:43:09.420501990
[2023-06-22T20:43:11Z INFO  dt_instance] received at 2023-06-22 20:43:11.929841582 UTC - from mc-10->source-7 "353" 20:43:11.928367450
[2023-06-22T20:43:14Z INFO  dt_instance] received at 2023-06-22 20:43:14.438957263 UTC - from mc-10->source-7 "358" 20:43:14.436349960
[2023-06-22T20:43:16Z INFO  dt_instance] received at 2023-06-22 20:43:16.943219961 UTC - from mc-10->source-7 "363" 20:43:16.941704350
[2023-06-22T20:43:19Z INFO  dt_instance] received at 2023-06-22 20:43:19.456314571 UTC - from mc-10->source-7 "368" 20:43:19.449044525
[2023-06-22T20:43:21Z INFO  dt_instance] received at 2023-06-22 20:43:21.955271511 UTC - from mc-10->source-7 "373" 20:43:21.953841029
[2023-06-22T20:43:24Z INFO  dt_instance] received at 2023-06-22 20:43:24.461346651 UTC - from mc-10->source-7 "378" 20:43:24.459598407
[2023-06-22T20:43:26Z INFO  dt_instance] received at 2023-06-22 20:43:26.973037586 UTC - from mc-10->source-7 "383" 20:43:26.966659908
[2023-06-22T20:43:29Z INFO  dt_instance] received at 2023-06-22 20:43:29.482175447 UTC - from mc-10->source-7 "388" 20:43:29.473805713
[2023-06-22T20:43:31Z INFO  dt_instance] received at 2023-06-22 20:43:31.990609283 UTC - from mc-10->source-7 "393" 20:43:31.979643386
[2023-06-22T20:43:34Z INFO  dt_instance] received at 2023-06-22 20:43:34.486868381 UTC - from mc-10->source-7 "398" 20:43:34.485274060
[2023-06-22T20:43:36Z INFO  dt_instance] received at 2023-06-22 20:43:36.993793186 UTC - from mc-10->source-7 "403" 20:43:36.991232994
[2023-06-22T20:43:39Z INFO  dt_instance] received at 2023-06-22 20:43:39.496896384 UTC - from mc-10->source-7 "408" 20:43:39.495625966
[2023-06-22T20:43:42Z INFO  dt_instance] received at 2023-06-22 20:43:42.005926307 UTC - from mc-10->source-7 "413" 20:43:42.004739746
[2023-06-22T20:43:44Z INFO  dt_instance] received at 2023-06-22 20:43:44.515018229 UTC - from mc-10->source-7 "418" 20:43:44.512477732
[2023-06-22T20:43:47Z INFO  dt_instance] received at 2023-06-22 20:43:47.019962478 UTC - from mc-10->source-7 "423" 20:43:47.017943816
[2023-06-22T20:43:49Z INFO  dt_instance] received at 2023-06-22 20:43:49.524570969 UTC - from mc-10->source-7 "428" 20:43:49.522997119
[2023-06-22T20:43:52Z INFO  dt_instance] received at 2023-06-22 20:43:52.029855094 UTC - from mc-10->source-7 "433" 20:43:52.028815338
[2023-06-22T20:43:54Z INFO  dt_instance] received at 2023-06-22 20:43:54.535118371 UTC - from mc-10->source-7 "438" 20:43:54.533650987
[2023-06-22T20:43:57Z INFO  dt_instance] received at 2023-06-22 20:43:57.053145423 UTC - from mc-10->source-7 "443" 20:43:57.039122361
[2023-06-22T20:43:59Z INFO  dt_instance] received at 2023-06-22 20:43:59.548089316 UTC - from mc-10->source-7 "448" 20:43:59.543834133
[2023-06-22T20:44:02Z INFO  dt_instance] received at 2023-06-22 20:44:02.051484395 UTC - from mc-10->source-7 "453" 20:44:02.049927423
[2023-06-22T20:44:04Z INFO  dt_instance] received at 2023-06-22 20:44:04.559332228 UTC - from mc-10->source-7 "458" 20:44:04.557121339
[2023-06-22T20:44:07Z INFO  dt_instance] received at 2023-06-22 20:44:07.063120909 UTC - from mc-10->source-7 "463" 20:44:07.061639616
[2023-06-22T20:44:09Z INFO  dt_instance] received at 2023-06-22 20:44:09.577638399 UTC - from mc-10->source-7 "468" 20:44:09.566691307
[2023-06-22T20:44:12Z INFO  dt_instance] received at 2023-06-22 20:44:12.077983499 UTC - from mc-10->source-7 "473" 20:44:12.073070147
[2023-06-22T20:44:14Z INFO  dt_instance] received at 2023-06-22 20:44:14.580408992 UTC - from mc-10->source-7 "478" 20:44:14.578280078
[2023-06-22T20:44:17Z INFO  dt_instance] received at 2023-06-22 20:44:17.084065591 UTC - from mc-10->source-7 "483" 20:44:17.082577288
[2023-06-22T20:44:19Z INFO  dt_instance] received at 2023-06-22 20:44:19.591056951 UTC - from mc-10->source-7 "488" 20:44:19.589757819
[2023-06-22T20:44:22Z INFO  dt_instance] received at 2023-06-22 20:44:22.101673899 UTC - from mc-10->source-7 "493" 20:44:22.096563376
[2023-06-22T20:44:24Z INFO  dt_instance] received at 2023-06-22 20:44:24.603965269 UTC - from mc-10->source-7 "498" 20:44:24.602864997
[2023-06-22T20:44:27Z INFO  dt_instance] received at 2023-06-22 20:44:27.109415411 UTC - from mc-10->source-7 "503" 20:44:27.107803169
[2023-06-22T20:44:29Z INFO  dt_instance] received at 2023-06-22 20:44:29.616176046 UTC - from mc-10->source-7 "508" 20:44:29.614663705
[2023-06-22T20:44:32Z INFO  dt_instance] received at 2023-06-22 20:44:32.123414663 UTC - from mc-10->source-7 "513" 20:44:32.119557743
[2023-06-22T20:44:34Z INFO  dt_instance] received at 2023-06-22 20:44:34.631268584 UTC - from mc-10->source-7 "518" 20:44:34.625975347
[2023-06-22T20:44:37Z INFO  dt_instance] received at 2023-06-22 20:44:37.132554074 UTC - from mc-10->source-7 "523" 20:44:37.130862085
[2023-06-22T20:44:39Z INFO  dt_instance] received at 2023-06-22 20:44:39.640865986 UTC - from mc-10->source-7 "528" 20:44:39.638342514
[2023-06-22T20:44:42Z INFO  dt_instance] received at 2023-06-22 20:44:42.146800332 UTC - from mc-10->source-7 "533" 20:44:42.145071443
[2023-06-22T20:44:44Z INFO  dt_instance] received at 2023-06-22 20:44:44.652415934 UTC - from mc-10->source-7 "538" 20:44:44.649890708
[2023-06-22T20:44:47Z INFO  dt_instance] received at 2023-06-22 20:44:47.157457232 UTC - from mc-10->source-7 "543" 20:44:47.155880504
[2023-06-22T20:44:49Z INFO  dt_instance] received at 2023-06-22 20:44:49.672036298 UTC - from mc-10->source-7 "548" 20:44:49.663055707
[2023-06-22T20:44:52Z INFO  dt_instance] received at 2023-06-22 20:44:52.169684059 UTC - from mc-10->source-7 "553" 20:44:52.167655168
[2023-06-22T20:44:54Z INFO  dt_instance] received at 2023-06-22 20:44:54.675304086 UTC - from mc-10->source-7 "558" 20:44:54.673141305
[2023-06-22T20:44:57Z INFO  dt_instance] received at 2023-06-22 20:44:57.179773192 UTC - from mc-10->source-7 "563" 20:44:57.178281807
[2023-06-22T20:44:59Z INFO  dt_instance] received at 2023-06-22 20:44:59.685584633 UTC - from mc-10->source-7 "568" 20:44:59.684314207
[2023-06-22T20:45:02Z INFO  dt_instance] received at 2023-06-22 20:45:02.190380157 UTC - from mc-10->source-7 "573" 20:45:02.189022528
[2023-06-22T20:45:04Z INFO  dt_instance] received at 2023-06-22 20:45:04.699418654 UTC - from mc-10->source-7 "578" 20:45:04.695484717
[2023-06-22T20:45:07Z INFO  dt_instance] received at 2023-06-22 20:45:07.204747616 UTC - from mc-10->source-7 "583" 20:45:07.201330990
[2023-06-22T20:45:09Z INFO  dt_instance] received at 2023-06-22 20:45:09.708062424 UTC - from mc-10->source-7 "588" 20:45:09.706571572
[2023-06-22T20:45:12Z INFO  dt_instance] received at 2023-06-22 20:45:12.213683849 UTC - from mc-10->source-7 "593" 20:45:12.212147593
[2023-06-22T20:45:14Z INFO  dt_instance] received at 2023-06-22 20:45:14.718231800 UTC - from mc-10->source-7 "598" 20:45:14.716734008
[2023-06-22T20:45:17Z INFO  dt_instance] received at 2023-06-22 20:45:17.227602117 UTC - from mc-10->source-7 "603" 20:45:17.222847890
[2023-06-22T20:45:19Z INFO  dt_instance] received at 2023-06-22 20:45:19.730130385 UTC - from mc-10->source-7 "608" 20:45:19.727796487
[2023-06-22T20:45:22Z INFO  dt_instance] received at 2023-06-22 20:45:22.238546434 UTC - from mc-10->source-7 "613" 20:45:22.234352355
[2023-06-22T20:45:24Z INFO  dt_instance] received at 2023-06-22 20:45:24.741127403 UTC - from mc-10->source-7 "618" 20:45:24.739564436
[2023-06-22T20:45:27Z INFO  dt_instance] received at 2023-06-22 20:45:27.249235717 UTC - from mc-10->source-7 "623" 20:45:27.247617452
[2023-06-22T20:45:29Z INFO  dt_instance] received at 2023-06-22 20:45:29.755276672 UTC - from mc-10->source-7 "628" 20:45:29.753898407
[2023-06-22T20:45:32Z INFO  dt_instance] received at 2023-06-22 20:45:32.261940756 UTC - from mc-10->source-7 "633" 20:45:32.258535510
[2023-06-22T20:45:34Z INFO  dt_instance] received at 2023-06-22 20:45:34.766972672 UTC - from mc-10->source-7 "638" 20:45:34.763503157
[2023-06-22T20:45:37Z INFO  dt_instance] received at 2023-06-22 20:45:37.271297937 UTC - from mc-10->source-7 "643" 20:45:37.268518596
[2023-06-22T20:45:39Z INFO  dt_instance] received at 2023-06-22 20:45:39.774764045 UTC - from mc-10->source-7 "648" 20:45:39.773652143
[2023-06-22T20:45:42Z INFO  dt_instance] received at 2023-06-22 20:45:42.280245585 UTC - from mc-10->source-7 "653" 20:45:42.278656348
[2023-06-22T20:45:44Z INFO  dt_instance] received at 2023-06-22 20:45:44.787604668 UTC - from mc-10->source-7 "658" 20:45:44.784966951
[2023-06-22T20:45:47Z INFO  dt_instance] received at 2023-06-22 20:45:47.294034381 UTC - from mc-10->source-7 "663" 20:45:47.291083465
[2023-06-22T20:45:49Z INFO  dt_instance] received at 2023-06-22 20:45:49.801010300 UTC - from mc-10->source-7 "668" 20:45:49.797189260
[2023-06-22T20:45:52Z INFO  dt_instance] received at 2023-06-22 20:45:52.306972082 UTC - from mc-10->source-7 "673" 20:45:52.303785346
[2023-06-22T20:45:54Z INFO  dt_instance] received at 2023-06-22 20:45:54.816788817 UTC - from mc-10->source-7 "678" 20:45:54.809129340
[2023-06-22T20:45:57Z INFO  dt_instance] received at 2023-06-22 20:45:57.315203557 UTC - from mc-10->source-7 "683" 20:45:57.314267393
[2023-06-22T20:45:59Z INFO  dt_instance] received at 2023-06-22 20:45:59.827404594 UTC - from mc-10->source-7 "688" 20:45:59.819134819
[2023-06-22T20:46:02Z INFO  dt_instance] received at 2023-06-22 20:46:02.326818910 UTC - from mc-10->source-7 "693" 20:46:02.324520236
[2023-06-22T20:46:04Z INFO  dt_instance] received at 2023-06-22 20:46:04.840932039 UTC - from mc-10->source-1 "713" 20:46:04.832178835
[2023-06-22T20:46:07Z INFO  dt_instance] received at 2023-06-22 20:46:07.344971503 UTC - from mc-10->source-5 "708" 20:46:07.312271347
[2023-06-22T20:46:09Z INFO  dt_instance] received at 2023-06-22 20:46:09.846900879 UTC - from mc-10->source-7 "708" 20:46:09.844154822
[2023-06-22T20:46:12Z INFO  dt_instance] received at 2023-06-22 20:46:12.354096940 UTC - from mc-10->source-1 "728" 20:46:12.350680163
[2023-06-22T20:46:14Z INFO  dt_instance] received at 2023-06-22 20:46:14.858467717 UTC - from mc-10->source-7 "718" 20:46:14.856479536
[2023-06-22T20:46:17Z INFO  dt_instance] received at 2023-06-22 20:46:17.370699830 UTC - from mc-10->source-7 "723" 20:46:17.366678837
[2023-06-22T20:46:19Z INFO  dt_instance] received at 2023-06-22 20:46:19.876220940 UTC - from mc-10->source-7 "728" 20:46:19.871556003
[2023-06-22T20:46:22Z INFO  dt_instance] received at 2023-06-22 20:46:22.382949117 UTC - from mc-10->source-7 "733" 20:46:22.379538602
[2023-06-22T20:46:24Z INFO  dt_instance] received at 2023-06-22 20:46:24.886095165 UTC - from mc-10->source-7 "738" 20:46:24.884770020
[2023-06-22T20:46:27Z INFO  dt_instance] received at 2023-06-22 20:46:27.392368891 UTC - from mc-10->source-7 "743" 20:46:27.390963461
[2023-06-22T20:46:29Z INFO  dt_instance] received at 2023-06-22 20:46:29.898491348 UTC - from mc-10->source-7 "748" 20:46:29.896706712
[2023-06-22T20:46:32Z INFO  dt_instance] received at 2023-06-22 20:46:32.409994133 UTC - from mc-10->source-7 "753" 20:46:32.403311120
[2023-06-22T20:46:34Z INFO  dt_instance] received at 2023-06-22 20:46:34.912743494 UTC - from mc-10->source-7 "758" 20:46:34.909425136
[2023-06-22T20:46:37Z INFO  dt_instance] received at 2023-06-22 20:46:37.416860238 UTC - from mc-10->source-7 "763" 20:46:37.414756606
[2023-06-22T20:46:39Z INFO  dt_instance] received at 2023-06-22 20:46:39.926251129 UTC - from mc-10->source-7 "768" 20:46:39.923859008
[2023-06-22T20:46:42Z INFO  dt_instance] received at 2023-06-22 20:46:42.433240527 UTC - from mc-10->source-7 "773" 20:46:42.429619403
[2023-06-22T20:46:44Z INFO  dt_instance] received at 2023-06-22 20:46:44.936927616 UTC - from mc-10->source-7 "778" 20:46:44.934836364
[2023-06-22T20:46:47Z INFO  dt_instance] received at 2023-06-22 20:46:47.442461680 UTC - from mc-10->source-3 "793" 20:46:47.440808952
[2023-06-22T20:46:49Z INFO  dt_instance] received at 2023-06-22 20:46:49.951543322 UTC - from mc-10->source-1 "803" 20:46:49.947641785
[2023-06-22T20:46:52Z INFO  dt_instance] received at 2023-06-22 20:46:52.455115974 UTC - from mc-10->source-3 "803" 20:46:52.453772436
[2023-06-22T20:46:54Z INFO  dt_instance] received at 2023-06-22 20:46:54.960509982 UTC - from mc-10->source-3 "808" 20:46:54.958584067
[2023-06-22T20:46:57Z INFO  dt_instance] received at 2023-06-22 20:46:57.468921435 UTC - from mc-10->source-3 "813" 20:46:57.466358891
[2023-06-22T20:46:59Z INFO  dt_instance] received at 2023-06-22 20:46:59.975467120 UTC - from mc-10->source-3 "818" 20:46:59.971655692
[2023-06-22T20:47:02Z INFO  dt_instance] received at 2023-06-22 20:47:02.479349910 UTC - from mc-10->source-1 "828" 20:47:02.477553475
[2023-06-22T20:47:04Z INFO  dt_instance] received at 2023-06-22 20:47:04.983761556 UTC - from mc-10->source-3 "828" 20:47:04.982569685
[2023-06-22T20:47:07Z INFO  dt_instance] received at 2023-06-22 20:47:07.489363436 UTC - from mc-10->source-1 "838" 20:47:07.488062899
[2023-06-22T20:47:09Z INFO  dt_instance] received at 2023-06-22 20:47:09.994914258 UTC - from mc-10->source-1 "843" 20:47:09.992763093
[2023-06-22T20:47:12Z INFO  dt_instance] received at 2023-06-22 20:47:12.502735022 UTC - from mc-10->source-3 "843" 20:47:12.500088452
[2023-06-22T20:47:15Z INFO  dt_instance] received at 2023-06-22 20:47:15.006373611 UTC - from mc-10->source-3 "848" 20:47:15.005347790
[2023-06-22T20:47:17Z INFO  dt_instance] received at 2023-06-22 20:47:17.512932722 UTC - from mc-10->source-7 "843" 20:47:17.511251844
[2023-06-22T20:47:20Z INFO  dt_instance] received at 2023-06-22 20:47:20.019324518 UTC - from mc-10->source-7 "848" 20:47:20.017612025
[2023-06-22T20:47:22Z INFO  dt_instance] received at 2023-06-22 20:47:22.526254829 UTC - from mc-10->source-7 "853" 20:47:22.523915801
[2023-06-22T20:47:25Z INFO  dt_instance] received at 2023-06-22 20:47:25.031286667 UTC - from mc-10->source-7 "858" 20:47:25.029788560
[2023-06-22T20:47:27Z INFO  dt_instance] received at 2023-06-22 20:47:27.537322369 UTC - from mc-10->source-7 "863" 20:47:27.535926710
[2023-06-22T20:47:30Z INFO  dt_instance] received at 2023-06-22 20:47:30.045439635 UTC - from mc-10->source-7 "868" 20:47:30.042933696
[2023-06-22T20:47:32Z INFO  dt_instance] received at 2023-06-22 20:47:32.551556917 UTC - from mc-10->source-7 "873" 20:47:32.548529974
[2023-06-22T20:47:35Z INFO  dt_instance] received at 2023-06-22 20:47:35.063011598 UTC - from mc-10->source-1 "893" 20:47:35.053809338
[2023-06-22T20:47:37Z INFO  dt_instance] received at 2023-06-22 20:47:37.562802561 UTC - from mc-10->source-7 "883" 20:47:37.561029703
[2023-06-22T20:47:40Z INFO  dt_instance] received at 2023-06-22 20:47:40.073964221 UTC - from mc-10->source-1 "903" 20:47:40.063790908
[2023-06-22T20:47:42Z INFO  dt_instance] received at 2023-06-22 20:47:42.581167054 UTC - from mc-10->source-1 "908" 20:47:42.573461740
[2023-06-22T20:47:45Z INFO  dt_instance] received at 2023-06-22 20:47:45.082215987 UTC - from mc-10->source-7 "898" 20:47:45.078961299
[2023-06-22T20:47:47Z INFO  dt_instance] received at 2023-06-22 20:47:47.586687813 UTC - from mc-10->source-3 "913" 20:47:47.584937384
[2023-06-22T20:47:50Z INFO  dt_instance] received at 2023-06-22 20:47:50.091021027 UTC - from mc-10->source-7 "908" 20:47:50.089536541
[2023-06-22T20:47:52Z INFO  dt_instance] received at 2023-06-22 20:47:52.598090441 UTC - from mc-10->source-7 "913" 20:47:52.594642107
[2023-06-22T20:47:55Z INFO  dt_instance] received at 2023-06-22 20:47:55.106989454 UTC - from mc-10->source-7 "918" 20:47:55.099510379
[2023-06-22T20:47:57Z INFO  dt_instance] received at 2023-06-22 20:47:57.606844278 UTC - from mc-10->source-1 "938" 20:47:57.604678453
[2023-06-22T20:48:00Z INFO  dt_instance] received at 2023-06-22 20:48:00.112121517 UTC - from mc-10->source-7 "928" 20:48:00.110473991
[2023-06-22T20:48:02Z INFO  dt_instance] received at 2023-06-22 20:48:02.618027348 UTC - from mc-10->source-7 "933" 20:48:02.616197806
[2023-06-22T20:48:05Z INFO  dt_instance] received at 2023-06-22 20:48:05.130391090 UTC - from mc-10->source-7 "938" 20:48:05.122993147
[2023-06-22T20:48:07Z INFO  dt_instance] received at 2023-06-22 20:48:07.633371656 UTC - from mc-10->source-1 "958" 20:48:07.630374962
[2023-06-22T20:48:10Z INFO  dt_instance] received at 2023-06-22 20:48:10.137774511 UTC - from mc-10->source-1 "963" 20:48:10.136045056
[2023-06-22T20:48:12Z INFO  dt_instance] received at 2023-06-22 20:48:12.643591090 UTC - from mc-10->source-1 "968" 20:48:12.641484690
[2023-06-22T20:48:15Z INFO  dt_instance] received at 2023-06-22 20:48:15.152219480 UTC - from mc-10->source-7 "958" 20:48:15.147679939
[2023-06-22T20:48:17Z INFO  dt_instance] received at 2023-06-22 20:48:17.654612118 UTC - from mc-10->source-7 "963" 20:48:17.653033411
[2023-06-22T20:48:20Z INFO  dt_instance] received at 2023-06-22 20:48:20.160067281 UTC - from mc-10->source-1 "983" 20:48:20.158795939
[2023-06-22T20:48:22Z INFO  dt_instance] received at 2023-06-22 20:48:22.667010523 UTC - from mc-10->source-1 "988" 20:48:22.664863261
[2023-06-22T20:48:25Z INFO  dt_instance] received at 2023-06-22 20:48:25.178301123 UTC - from mc-10->source-7 "978" 20:48:25.169877888
[2023-06-22T20:48:27Z INFO  dt_instance] received at 2023-06-22 20:48:27.870338668 UTC - from mc-10->source-2 "996" 20:48:27.867154560
[2023-06-22T20:48:31Z INFO  dt_instance] received at 2023-06-22 20:48:31.154764546 UTC - from mc-10->source-5 "995" 20:48:31.153683589
[2023-06-22T20:48:38Z INFO  dt_instance] received at 2023-06-22 20:48:38.181259569 UTC - from mc-10->source-9 "999" 20:48:38.180258385
