[2023-07-18T19:47:23Z INFO  dt_instance] Current Twin: mc-twin-0
[2023-07-18T19:47:23Z INFO  dt_instance] Replica Name twin-mc-stateful-0
[2023-07-18T19:47:23Z INFO  dt_instance] Sleeping for 0
[2023-07-18T19:47:23Z INFO  dt_instance] Connecting to broker at emqx.dtwins:1883
[2023-07-18T19:47:23Z INFO  dt_instance] Loggin info each 50 messages
[2023-07-18T19:47:23Z INFO  dt_instance] Set max packet size to 60000 KB.
[2023-07-18T19:47:23Z INFO  dt_instance] Refreshing topics for twin - Listen to mc-0/#
[2023-07-18T19:47:23Z INFO  dt_instance] SubAck { pkid: 1, return_codes: [Success(ExactlyOnce)] }
[2023-07-18T19:48:32Z INFO  dt_instance] received at 2023-07-18 19:48:32.097903518 UTC - from mc-0->source-2 "9" 19:48:32.096766298
[2023-07-18T19:48:35Z INFO  dt_instance] received at 2023-07-18 19:48:35.360576814 UTC - from mc-0->source-3 "13" 19:48:35.351767910
[2023-07-18T19:48:37Z INFO  dt_instance] received at 2023-07-18 19:48:37.866159133 UTC - from mc-0->source-1 "23" 19:48:37.864802661
[2023-07-18T19:48:40Z INFO  dt_instance] received at 2023-07-18 19:48:40.396263245 UTC - from mc-0->source-1 "28" 19:48:40.370392130
[2023-07-18T19:48:42Z INFO  dt_instance] received at 2023-07-18 19:48:42.878527720 UTC - from mc-0->source-1 "33" 19:48:42.877428288
[2023-07-18T19:48:45Z INFO  dt_instance] received at 2023-07-18 19:48:45.384612512 UTC - from mc-0->source-1 "38" 19:48:45.383773540
[2023-07-18T19:48:47Z INFO  dt_instance] received at 2023-07-18 19:48:47.890459009 UTC - from mc-0->source-1 "43" 19:48:47.889171552
[2023-07-18T19:48:50Z INFO  dt_instance] received at 2023-07-18 19:48:50.395891147 UTC - from mc-0->source-1 "48" 19:48:50.395013214
[2023-07-18T19:48:52Z INFO  dt_instance] received at 2023-07-18 19:48:52.903656802 UTC - from mc-0->source-1 "53" 19:48:52.900810171
[2023-07-18T19:48:55Z INFO  dt_instance] received at 2023-07-18 19:48:55.407376085 UTC - from mc-0->source-1 "58" 19:48:55.406310641
[2023-07-18T19:48:57Z INFO  dt_instance] received at 2023-07-18 19:48:57.912323540 UTC - from mc-0->source-1 "63" 19:48:57.911272954
[2023-07-18T19:49:00Z INFO  dt_instance] received at 2023-07-18 19:49:00.420869230 UTC - from mc-0->source-1 "68" 19:49:00.419727317
[2023-07-18T19:49:02Z INFO  dt_instance] received at 2023-07-18 19:49:02.933862841 UTC - from mc-0->source-1 "73" 19:49:02.932600946
[2023-07-18T19:49:05Z INFO  dt_instance] received at 2023-07-18 19:49:05.440168516 UTC - from mc-0->source-5 "68" 19:49:05.439293930
[2023-07-18T19:49:07Z INFO  dt_instance] received at 2023-07-18 19:49:07.948420522 UTC - from mc-0->source-5 "73" 19:49:07.947206770
[2023-07-18T19:49:10Z INFO  dt_instance] received at 2023-07-18 19:49:10.459391998 UTC - from mc-0->source-1 "88" 19:49:10.457799132
[2023-07-18T19:49:12Z INFO  dt_instance] received at 2023-07-18 19:49:12.965704117 UTC - from mc-0->source-3 "88" 19:49:12.963944057
[2023-07-18T19:49:15Z INFO  dt_instance] received at 2023-07-18 19:49:15.470501691 UTC - from mc-0->source-3 "93" 19:49:15.469428242
[2023-07-18T19:49:17Z INFO  dt_instance] received at 2023-07-18 19:49:17.978579734 UTC - from mc-0->source-5 "93" 19:49:17.975345940
[2023-07-18T19:49:20Z INFO  dt_instance] received at 2023-07-18 19:49:20.483799102 UTC - from mc-0->source-3 "103" 19:49:20.482778328
[2023-07-18T19:49:22Z INFO  dt_instance] received at 2023-07-18 19:49:22.990352155 UTC - from mc-0->source-3 "108" 19:49:22.989050733
[2023-07-18T19:49:25Z INFO  dt_instance] received at 2023-07-18 19:49:25.500813194 UTC - from mc-0->source-1 "118" 19:49:25.499959372
[2023-07-18T19:49:28Z INFO  dt_instance] received at 2023-07-18 19:49:28.007379799 UTC - from mc-0->source-1 "123" 19:49:28.006250646
[2023-07-18T19:49:30Z INFO  dt_instance] received at 2023-07-18 19:49:30.512104005 UTC - from mc-0->source-1 "128" 19:49:30.511038448
[2023-07-18T19:49:33Z INFO  dt_instance] received at 2023-07-18 19:49:33.018836374 UTC - from mc-0->source-5 "123" 19:49:33.017923631
[2023-07-18T19:49:35Z INFO  dt_instance] received at 2023-07-18 19:49:35.527495767 UTC - from mc-0->source-5 "128" 19:49:35.525990287
[2023-07-18T19:49:38Z INFO  dt_instance] received at 2023-07-18 19:49:38.032308843 UTC - from mc-0->source-1 "143" 19:49:38.031319670
[2023-07-18T19:49:40Z INFO  dt_instance] received at 2023-07-18 19:49:40.537998739 UTC - from mc-0->source-5 "138" 19:49:40.537047105
[2023-07-18T19:49:43Z INFO  dt_instance] received at 2023-07-18 19:49:43.043064368 UTC - from mc-0->source-1 "153" 19:49:43.041852141
[2023-07-18T19:49:45Z INFO  dt_instance] received at 2023-07-18 19:49:45.553958250 UTC - from mc-0->source-5 "148" 19:49:45.550372501
[2023-07-18T19:49:48Z INFO  dt_instance] received at 2023-07-18 19:49:48.057360828 UTC - from mc-0->source-5 "153" 19:49:48.055418391
[2023-07-18T19:49:50Z INFO  dt_instance] received at 2023-07-18 19:49:50.561742453 UTC - from mc-0->source-1 "168" 19:49:50.560676711
[2023-07-18T19:49:53Z INFO  dt_instance] received at 2023-07-18 19:49:53.069319104 UTC - from mc-0->source-5 "163" 19:49:53.068193609
[2023-07-18T19:49:55Z INFO  dt_instance] received at 2023-07-18 19:49:55.576143347 UTC - from mc-0->source-5 "168" 19:49:55.575320934
[2023-07-18T19:49:58Z INFO  dt_instance] received at 2023-07-18 19:49:58.082501224 UTC - from mc-0->source-5 "173" 19:49:58.081308652
[2023-07-18T19:50:00Z INFO  dt_instance] received at 2023-07-18 19:50:00.586858865 UTC - from mc-0->source-1 "188" 19:50:00.585914709
[2023-07-18T19:50:03Z INFO  dt_instance] received at 2023-07-18 19:50:03.092840557 UTC - from mc-0->source-5 "183" 19:50:03.092099614
[2023-07-18T19:50:05Z INFO  dt_instance] received at 2023-07-18 19:50:05.598662489 UTC - from mc-0->source-5 "188" 19:50:05.597518183
[2023-07-18T19:50:08Z INFO  dt_instance] received at 2023-07-18 19:50:08.103659695 UTC - from mc-0->source-1 "203" 19:50:08.102780528
[2023-07-18T19:50:10Z INFO  dt_instance] received at 2023-07-18 19:50:10.609275307 UTC - from mc-0->source-1 "208" 19:50:10.608233583
[2023-07-18T19:50:13Z INFO  dt_instance] received at 2023-07-18 19:50:13.115300266 UTC - from mc-0->source-1 "213" 19:50:13.113060906
[2023-07-18T19:50:15Z INFO  dt_instance] received at 2023-07-18 19:50:15.622125851 UTC - from mc-0->source-1 "218" 19:50:15.619308792
[2023-07-18T19:50:18Z INFO  dt_instance] received at 2023-07-18 19:50:18.127004576 UTC - from mc-0->source-5 "213" 19:50:18.125822349
[2023-07-18T19:50:20Z INFO  dt_instance] received at 2023-07-18 19:50:20.633459308 UTC - from mc-0->source-5 "218" 19:50:20.632168074
[2023-07-18T19:50:23Z INFO  dt_instance] received at 2023-07-18 19:50:23.138374408 UTC - from mc-0->source-5 "223" 19:50:23.137123522
[2023-07-18T19:50:25Z INFO  dt_instance] received at 2023-07-18 19:50:25.650647313 UTC - from mc-0->source-1 "238" 19:50:25.648138816
[2023-07-18T19:50:28Z INFO  dt_instance] received at 2023-07-18 19:50:28.157195676 UTC - from mc-0->source-5 "233" 19:50:28.153225453
[2023-07-18T19:50:30Z INFO  dt_instance] received at 2023-07-18 19:50:30.659504849 UTC - from mc-0->source-1 "248" 19:50:30.658350443
[2023-07-18T19:50:33Z INFO  dt_instance] received at 2023-07-18 19:50:33.165427099 UTC - from mc-0->source-1 "253" 19:50:33.164157508
[2023-07-18T19:50:35Z INFO  dt_instance] received at 2023-07-18 19:50:35.670554751 UTC - from mc-0->source-1 "258" 19:50:35.668914270
[2023-07-18T19:50:38Z INFO  dt_instance] received at 2023-07-18 19:50:38.175209034 UTC - from mc-0->source-5 "253" 19:50:38.174278495
[2023-07-18T19:50:40Z INFO  dt_instance] received at 2023-07-18 19:50:40.681625672 UTC - from mc-0->source-5 "258" 19:50:40.680465966
[2023-07-18T19:50:43Z INFO  dt_instance] received at 2023-07-18 19:50:43.186874068 UTC - from mc-0->source-1 "273" 19:50:43.185866820
[2023-07-18T19:50:45Z INFO  dt_instance] received at 2023-07-18 19:50:45.692727861 UTC - from mc-0->source-5 "268" 19:50:45.691841640
[2023-07-18T19:50:48Z INFO  dt_instance] received at 2023-07-18 19:50:48.199700666 UTC - from mc-0->source-5 "273" 19:50:48.198335959
[2023-07-18T19:50:50Z INFO  dt_instance] received at 2023-07-18 19:50:50.704196472 UTC - from mc-0->source-5 "278" 19:50:50.702962237
[2023-07-18T19:50:53Z INFO  dt_instance] received at 2023-07-18 19:50:53.210907807 UTC - from mc-0->source-1 "293" 19:50:53.209943676
[2023-07-18T19:50:55Z INFO  dt_instance] received at 2023-07-18 19:50:55.716815933 UTC - from mc-0->source-1 "298" 19:50:55.715813711
[2023-07-18T19:50:58Z INFO  dt_instance] received at 2023-07-18 19:50:58.221838579 UTC - from mc-0->source-1 "303" 19:50:58.220893683
[2023-07-18T19:51:00Z INFO  dt_instance] received at 2023-07-18 19:51:00.729465386 UTC - from mc-0->source-5 "298" 19:51:00.728490302
[2023-07-18T19:51:03Z INFO  dt_instance] received at 2023-07-18 19:51:03.237350004 UTC - from mc-0->source-1 "313" 19:51:03.236254582
[2023-07-18T19:51:05Z INFO  dt_instance] received at 2023-07-18 19:51:05.742677157 UTC - from mc-0->source-5 "308" 19:51:05.741175854
[2023-07-18T19:51:08Z INFO  dt_instance] received at 2023-07-18 19:51:08.247236576 UTC - from mc-0->source-5 "313" 19:51:08.246008450
[2023-07-18T19:51:10Z INFO  dt_instance] received at 2023-07-18 19:51:10.755437383 UTC - from mc-0->source-5 "318" 19:51:10.753758835
[2023-07-18T19:51:13Z INFO  dt_instance] received at 2023-07-18 19:51:13.261759203 UTC - from mc-0->source-5 "323" 19:51:13.260584575
[2023-07-18T19:51:15Z INFO  dt_instance] received at 2023-07-18 19:51:15.767568826 UTC - from mc-0->source-5 "328" 19:51:15.766089878
[2023-07-18T19:51:18Z INFO  dt_instance] received at 2023-07-18 19:51:18.275376966 UTC - from mc-0->source-5 "333" 19:51:18.272540630
[2023-07-18T19:51:20Z INFO  dt_instance] received at 2023-07-18 19:51:20.778751232 UTC - from mc-0->source-5 "338" 19:51:20.777829285
[2023-07-18T19:51:23Z INFO  dt_instance] received at 2023-07-18 19:51:23.283605754 UTC - from mc-0->source-5 "343" 19:51:23.282774682
[2023-07-18T19:51:25Z INFO  dt_instance] received at 2023-07-18 19:51:25.790665788 UTC - from mc-0->source-1 "358" 19:51:25.789824866
[2023-07-18T19:51:28Z INFO  dt_instance] received at 2023-07-18 19:51:28.297174092 UTC - from mc-0->source-1 "363" 19:51:28.295000442
[2023-07-18T19:51:30Z INFO  dt_instance] received at 2023-07-18 19:51:30.802397510 UTC - from mc-0->source-1 "368" 19:51:30.800935909
[2023-07-18T19:51:33Z INFO  dt_instance] received at 2023-07-18 19:51:33.312692671 UTC - from mc-0->source-5 "363" 19:51:33.308204472
[2023-07-18T19:51:35Z INFO  dt_instance] received at 2023-07-18 19:51:35.816817467 UTC - from mc-0->source-1 "378" 19:51:35.815320856
[2023-07-18T19:51:38Z INFO  dt_instance] received at 2023-07-18 19:51:38.322474650 UTC - from mc-0->source-5 "373" 19:51:38.321521101
[2023-07-18T19:51:40Z INFO  dt_instance] received at 2023-07-18 19:51:40.827522917 UTC - from mc-0->source-1 "388" 19:51:40.826561373
[2023-07-18T19:51:43Z INFO  dt_instance] received at 2023-07-18 19:51:43.335651382 UTC - from mc-0->source-5 "383" 19:51:43.331962555
[2023-07-18T19:51:45Z INFO  dt_instance] received at 2023-07-18 19:51:45.840991651 UTC - from mc-0->source-5 "388" 19:51:45.838864765
[2023-07-18T19:51:48Z INFO  dt_instance] received at 2023-07-18 19:51:48.347614061 UTC - from mc-0->source-1 "403" 19:51:48.346247613
[2023-07-18T19:51:50Z INFO  dt_instance] received at 2023-07-18 19:51:50.852370123 UTC - from mc-0->source-1 "408" 19:51:50.851472182
[2023-07-18T19:51:53Z INFO  dt_instance] received at 2023-07-18 19:51:53.358292450 UTC - from mc-0->source-5 "403" 19:51:53.357312719
[2023-07-18T19:51:55Z INFO  dt_instance] received at 2023-07-18 19:51:55.867882862 UTC - from mc-0->source-1 "418" 19:51:55.864230555
[2023-07-18T19:51:58Z INFO  dt_instance] received at 2023-07-18 19:51:58.371575199 UTC - from mc-0->source-1 "423" 19:51:58.370754914
[2023-07-18T19:52:00Z INFO  dt_instance] received at 2023-07-18 19:52:00.877559436 UTC - from mc-0->source-5 "418" 19:52:00.876584321
[2023-07-18T19:52:03Z INFO  dt_instance] received at 2023-07-18 19:52:03.382663775 UTC - from mc-0->source-1 "433" 19:52:03.381239153
[2023-07-18T19:52:05Z INFO  dt_instance] received at 2023-07-18 19:52:05.888427038 UTC - from mc-0->source-5 "428" 19:52:05.887424540
[2023-07-18T19:52:08Z INFO  dt_instance] received at 2023-07-18 19:52:08.394313541 UTC - from mc-0->source-1 "443" 19:52:08.392857128
[2023-07-18T19:52:10Z INFO  dt_instance] received at 2023-07-18 19:52:10.899515705 UTC - from mc-0->source-1 "448" 19:52:10.897973882
[2023-07-18T19:52:13Z INFO  dt_instance] received at 2023-07-18 19:52:13.407280247 UTC - from mc-0->source-5 "443" 19:52:13.405946954
[2023-07-18T19:52:15Z INFO  dt_instance] received at 2023-07-18 19:52:15.911673263 UTC - from mc-0->source-1 "458" 19:52:15.910869773
[2023-07-18T19:52:18Z INFO  dt_instance] received at 2023-07-18 19:52:18.419623527 UTC - from mc-0->source-1 "463" 19:52:18.417826396
[2023-07-18T19:52:20Z INFO  dt_instance] received at 2023-07-18 19:52:20.933864994 UTC - from mc-0->source-1 "468" 19:52:20.923937977
[2023-07-18T19:52:23Z INFO  dt_instance] received at 2023-07-18 19:52:23.673229632 UTC - from mc-0->source-8 "456" 19:52:23.669475567
[2023-07-18T19:52:25Z INFO  dt_instance] received at 2023-07-18 19:52:25.938992500 UTC - from mc-0->source-1 "478" 19:52:25.937414797
[2023-07-18T19:52:28Z INFO  dt_instance] received at 2023-07-18 19:52:28.445329032 UTC - from mc-0->source-7 "468" 19:52:28.444344186
[2023-07-18T19:52:30Z INFO  dt_instance] received at 2023-07-18 19:52:30.951356692 UTC - from mc-0->source-1 "488" 19:52:30.950128709
[2023-07-18T19:52:33Z INFO  dt_instance] received at 2023-07-18 19:52:33.458587802 UTC - from mc-0->source-5 "483" 19:52:33.457878979
[2023-07-18T19:52:35Z INFO  dt_instance] received at 2023-07-18 19:52:35.982871014 UTC - from mc-0->source-1 "498" 19:52:35.965515587
[2023-07-18T19:52:38Z INFO  dt_instance] received at 2023-07-18 19:52:38.471467555 UTC - from mc-0->source-5 "493" 19:52:38.470634950
[2023-07-18T19:52:40Z INFO  dt_instance] received at 2023-07-18 19:52:40.982015080 UTC - from mc-0->source-5 "498" 19:52:40.977245797
[2023-07-18T19:52:43Z INFO  dt_instance] received at 2023-07-18 19:52:43.485084942 UTC - from mc-0->source-5 "503" 19:52:43.483846385
[2023-07-18T19:52:45Z INFO  dt_instance] received at 2023-07-18 19:52:45.991633797 UTC - from mc-0->source-5 "508" 19:52:45.990555830
[2023-07-18T19:52:48Z INFO  dt_instance] received at 2023-07-18 19:52:48.497346808 UTC - from mc-0->source-1 "523" 19:52:48.495844420
[2023-07-18T19:52:51Z INFO  dt_instance] received at 2023-07-18 19:52:51.002266604 UTC - from mc-0->source-1 "528" 19:52:51.000750261
[2023-07-18T19:52:53Z INFO  dt_instance] received at 2023-07-18 19:52:53.520143953 UTC - from mc-0->source-1 "533" 19:52:53.505807449
[2023-07-18T19:52:56Z INFO  dt_instance] received at 2023-07-18 19:52:56.016282792 UTC - from mc-0->source-5 "528" 19:52:56.015306888
[2023-07-18T19:52:58Z INFO  dt_instance] received at 2023-07-18 19:52:58.521254929 UTC - from mc-0->source-5 "533" 19:52:58.519878514
[2023-07-18T19:53:01Z INFO  dt_instance] received at 2023-07-18 19:53:01.026881987 UTC - from mc-0->source-5 "538" 19:53:01.025747439
[2023-07-18T19:53:03Z INFO  dt_instance] received at 2023-07-18 19:53:03.532298353 UTC - from mc-0->source-5 "543" 19:53:03.530771262
[2023-07-18T19:53:06Z INFO  dt_instance] received at 2023-07-18 19:53:06.045391683 UTC - from mc-0->source-9 "538" 19:53:06.034438705
[2023-07-18T19:53:08Z INFO  dt_instance] received at 2023-07-18 19:53:08.547225932 UTC - from mc-0->source-5 "553" 19:53:08.545734047
[2023-07-18T19:53:11Z INFO  dt_instance] received at 2023-07-18 19:53:11.058127721 UTC - from mc-0->source-7 "553" 19:53:11.054653319
[2023-07-18T19:53:13Z INFO  dt_instance] received at 2023-07-18 19:53:13.562552044 UTC - from mc-0->source-7 "558" 19:53:13.561662566
[2023-07-18T19:53:16Z INFO  dt_instance] received at 2023-07-18 19:53:16.088879407 UTC - from mc-0->source-7 "563" 19:53:16.067933842
[2023-07-18T19:53:18Z INFO  dt_instance] received at 2023-07-18 19:53:18.574636906 UTC - from mc-0->source-7 "568" 19:53:18.573202269
[2023-07-18T19:53:21Z INFO  dt_instance] received at 2023-07-18 19:53:21.097109279 UTC - from mc-0->source-9 "568" 19:53:21.074526330
[2023-07-18T19:53:23Z INFO  dt_instance] received at 2023-07-18 19:53:23.588090735 UTC - from mc-0->source-7 "578" 19:53:23.586859788
[2023-07-18T19:53:26Z INFO  dt_instance] received at 2023-07-18 19:53:26.093174164 UTC - from mc-0->source-7 "583" 19:53:26.091911295
[2023-07-18T19:53:28Z INFO  dt_instance] received at 2023-07-18 19:53:28.599816714 UTC - from mc-0->source-7 "588" 19:53:28.596855309
[2023-07-18T19:53:31Z INFO  dt_instance] received at 2023-07-18 19:53:31.105310314 UTC - from mc-0->source-7 "593" 19:53:31.103811017
[2023-07-18T19:53:33Z INFO  dt_instance] received at 2023-07-18 19:53:33.611523013 UTC - from mc-0->source-5 "603" 19:53:33.609830209
[2023-07-18T19:53:36Z INFO  dt_instance] received at 2023-07-18 19:53:36.116229250 UTC - from mc-0->source-5 "608" 19:53:36.114956150
[2023-07-18T19:53:38Z INFO  dt_instance] received at 2023-07-18 19:53:38.620776600 UTC - from mc-0->source-5 "613" 19:53:38.619939373
[2023-07-18T19:53:41Z INFO  dt_instance] received at 2023-07-18 19:53:41.126398071 UTC - from mc-0->source-5 "618" 19:53:41.125067692
[2023-07-18T19:53:43Z INFO  dt_instance] received at 2023-07-18 19:53:43.636660789 UTC - from mc-0->source-9 "613" 19:53:43.634748913
[2023-07-18T19:53:46Z INFO  dt_instance] received at 2023-07-18 19:53:46.143101743 UTC - from mc-0->source-9 "618" 19:53:46.141924256
[2023-07-18T19:53:48Z INFO  dt_instance] received at 2023-07-18 19:53:48.649803903 UTC - from mc-0->source-7 "628" 19:53:48.648639732
[2023-07-18T19:53:51Z INFO  dt_instance] received at 2023-07-18 19:53:51.155940297 UTC - from mc-0->source-5 "638" 19:53:51.154375048
[2023-07-18T19:53:53Z INFO  dt_instance] received at 2023-07-18 19:53:53.663692792 UTC - from mc-0->source-7 "638" 19:53:53.661717079
[2023-07-18T19:53:56Z INFO  dt_instance] received at 2023-07-18 19:53:56.173004342 UTC - from mc-0->source-7 "643" 19:53:56.167941700
[2023-07-18T19:53:58Z INFO  dt_instance] received at 2023-07-18 19:53:58.677403811 UTC - from mc-0->source-9 "643" 19:53:58.675861169
[2023-07-18T19:54:01Z INFO  dt_instance] received at 2023-07-18 19:54:01.183957017 UTC - from mc-0->source-9 "648" 19:54:01.181672191
[2023-07-18T19:54:03Z INFO  dt_instance] received at 2023-07-18 19:54:03.688408635 UTC - from mc-0->source-7 "658" 19:54:03.687205285
[2023-07-18T19:54:06Z INFO  dt_instance] received at 2023-07-18 19:54:06.193475525 UTC - from mc-0->source-7 "663" 19:54:06.192245424
[2023-07-18T19:54:08Z INFO  dt_instance] received at 2023-07-18 19:54:08.698276579 UTC - from mc-0->source-5 "673" 19:54:08.697210296
[2023-07-18T19:54:11Z INFO  dt_instance] received at 2023-07-18 19:54:11.205196174 UTC - from mc-0->source-7 "673" 19:54:11.203920295
[2023-07-18T19:54:13Z INFO  dt_instance] received at 2023-07-18 19:54:13.714575359 UTC - from mc-0->source-5 "683" 19:54:13.712400852
[2023-07-18T19:54:16Z INFO  dt_instance] received at 2023-07-18 19:54:16.227939188 UTC - from mc-0->source-9 "678" 19:54:16.219862027
[2023-07-18T19:54:18Z INFO  dt_instance] received at 2023-07-18 19:54:18.726758506 UTC - from mc-0->source-5 "693" 19:54:18.725793229
[2023-07-18T19:54:21Z INFO  dt_instance] received at 2023-07-18 19:54:21.233220033 UTC - from mc-0->source-1 "708" 19:54:21.232092376
[2023-07-18T19:54:23Z INFO  dt_instance] received at 2023-07-18 19:54:23.774763166 UTC - from mc-0->source-1 "713" 19:54:23.739274834
[2023-07-18T19:54:26Z INFO  dt_instance] received at 2023-07-18 19:54:26.263254553 UTC - from mc-0->source-9 "698" 19:54:26.256038909
[2023-07-18T19:54:28Z INFO  dt_instance] received at 2023-07-18 19:54:28.762185934 UTC - from mc-0->source-9 "703" 19:54:28.761338393
[2023-07-18T19:54:31Z INFO  dt_instance] received at 2023-07-18 19:54:31.267780673 UTC - from mc-0->source-9 "708" 19:54:31.266434834
[2023-07-18T19:54:33Z INFO  dt_instance] received at 2023-07-18 19:54:33.772690910 UTC - from mc-0->source-9 "713" 19:54:33.771529407
[2023-07-18T19:54:36Z INFO  dt_instance] received at 2023-07-18 19:54:36.303959313 UTC - from mc-0->source-9 "718" 19:54:36.278375509
[2023-07-18T19:54:38Z INFO  dt_instance] received at 2023-07-18 19:54:38.795927232 UTC - from mc-0->source-9 "723" 19:54:38.788674666
[2023-07-18T19:54:41Z INFO  dt_instance] received at 2023-07-18 19:54:41.295709349 UTC - from mc-0->source-5 "738" 19:54:41.294745827
[2023-07-18T19:54:43Z INFO  dt_instance] received at 2023-07-18 19:54:43.804413792 UTC - from mc-0->source-9 "733" 19:54:43.802295831
[2023-07-18T19:54:46Z INFO  dt_instance] received at 2023-07-18 19:54:46.309961713 UTC - from mc-0->source-7 "743" 19:54:46.308730904
[2023-07-18T19:54:48Z INFO  dt_instance] received at 2023-07-18 19:54:48.816178806 UTC - from mc-0->source-7 "748" 19:54:48.814490092
[2023-07-18T19:54:51Z INFO  dt_instance] received at 2023-07-18 19:54:51.322378150 UTC - from mc-0->source-7 "753" 19:54:51.320867245
[2023-07-18T19:54:53Z INFO  dt_instance] received at 2023-07-18 19:54:53.828155420 UTC - from mc-0->source-7 "758" 19:54:53.826788140
[2023-07-18T19:54:56Z INFO  dt_instance] received at 2023-07-18 19:54:56.335469782 UTC - from mc-0->source-1 "778" 19:54:56.334382743
[2023-07-18T19:54:58Z INFO  dt_instance] received at 2023-07-18 19:54:58.843396200 UTC - from mc-0->source-7 "768" 19:54:58.840753282
[2023-07-18T19:55:01Z INFO  dt_instance] received at 2023-07-18 19:55:01.351905813 UTC - from mc-0->source-7 "773" 19:55:01.351069627
[2023-07-18T19:55:03Z INFO  dt_instance] received at 2023-07-18 19:55:03.858225702 UTC - from mc-0->source-7 "778" 19:55:03.857285404
[2023-07-18T19:55:06Z INFO  dt_instance] received at 2023-07-18 19:55:06.363715677 UTC - from mc-0->source-5 "788" 19:55:06.362809706
[2023-07-18T19:55:08Z INFO  dt_instance] received at 2023-07-18 19:55:08.871178607 UTC - from mc-0->source-1 "803" 19:55:08.868943745
[2023-07-18T19:55:11Z INFO  dt_instance] received at 2023-07-18 19:55:11.380172329 UTC - from mc-0->source-5 "798" 19:55:11.376875151
[2023-07-18T19:55:13Z INFO  dt_instance] received at 2023-07-18 19:55:13.884347232 UTC - from mc-0->source-7 "798" 19:55:13.883220581
[2023-07-18T19:55:16Z INFO  dt_instance] received at 2023-07-18 19:55:16.391367367 UTC - from mc-0->source-1 "818" 19:55:16.390202819
[2023-07-18T19:55:18Z INFO  dt_instance] received at 2023-07-18 19:55:18.897609696 UTC - from mc-0->source-5 "813" 19:55:18.895916757
[2023-07-18T19:55:21Z INFO  dt_instance] received at 2023-07-18 19:55:21.405309748 UTC - from mc-0->source-5 "818" 19:55:21.404132551
[2023-07-18T19:55:23Z INFO  dt_instance] received at 2023-07-18 19:55:23.910510226 UTC - from mc-0->source-5 "823" 19:55:23.909050908
[2023-07-18T19:55:26Z INFO  dt_instance] received at 2023-07-18 19:55:26.416022538 UTC - from mc-0->source-5 "828" 19:55:26.414829357
[2023-07-18T19:55:28Z INFO  dt_instance] received at 2023-07-18 19:55:28.920937452 UTC - from mc-0->source-5 "833" 19:55:28.920206460
[2023-07-18T19:55:31Z INFO  dt_instance] received at 2023-07-18 19:55:31.427923413 UTC - from mc-0->source-5 "838" 19:55:31.426281079
[2023-07-18T19:55:33Z INFO  dt_instance] received at 2023-07-18 19:55:33.933919440 UTC - from mc-0->source-5 "843" 19:55:33.932850834
[2023-07-18T19:55:36Z INFO  dt_instance] received at 2023-07-18 19:55:36.454062020 UTC - from mc-0->source-5 "848" 19:55:36.445609777
[2023-07-18T19:55:38Z INFO  dt_instance] received at 2023-07-18 19:55:38.963402713 UTC - from mc-0->source-5 "853" 19:55:38.952638021
[2023-07-18T19:55:41Z INFO  dt_instance] received at 2023-07-18 19:55:41.457618017 UTC - from mc-0->source-5 "858" 19:55:41.456817620
[2023-07-18T19:55:43Z INFO  dt_instance] received at 2023-07-18 19:55:43.962368915 UTC - from mc-0->source-5 "863" 19:55:43.961795875
[2023-07-18T19:55:46Z INFO  dt_instance] received at 2023-07-18 19:55:46.468031163 UTC - from mc-0->source-5 "868" 19:55:46.466946471
[2023-07-18T19:55:48Z INFO  dt_instance] received at 2023-07-18 19:55:48.974064018 UTC - from mc-0->source-7 "868" 19:55:48.972347572
[2023-07-18T19:55:51Z INFO  dt_instance] received at 2023-07-18 19:55:51.480265673 UTC - from mc-0->source-5 "878" 19:55:51.479379645
[2023-07-18T19:55:53Z INFO  dt_instance] received at 2023-07-18 19:55:53.986427092 UTC - from mc-0->source-5 "883" 19:55:53.984987524
[2023-07-18T19:55:56Z INFO  dt_instance] received at 2023-07-18 19:55:56.492434512 UTC - from mc-0->source-5 "888" 19:55:56.490912178
[2023-07-18T19:55:58Z INFO  dt_instance] received at 2023-07-18 19:55:58.999763197 UTC - from mc-0->source-7 "888" 19:55:58.997125653
[2023-07-18T19:56:01Z INFO  dt_instance] received at 2023-07-18 19:56:01.503411599 UTC - from mc-0->source-5 "898" 19:56:01.502492875
[2023-07-18T19:56:04Z INFO  dt_instance] received at 2023-07-18 19:56:04.010970567 UTC - from mc-0->source-7 "898" 19:56:04.009830808
[2023-07-18T19:56:06Z INFO  dt_instance] received at 2023-07-18 19:56:06.520944716 UTC - from mc-0->source-7 "903" 19:56:06.517279278
[2023-07-18T19:56:09Z INFO  dt_instance] received at 2023-07-18 19:56:09.023542940 UTC - from mc-0->source-7 "908" 19:56:09.022229921
[2023-07-18T19:56:11Z INFO  dt_instance] received at 2023-07-18 19:56:11.528397171 UTC - from mc-0->source-7 "913" 19:56:11.527543709
[2023-07-18T19:56:14Z INFO  dt_instance] received at 2023-07-18 19:56:14.033068860 UTC - from mc-0->source-5 "923" 19:56:14.032016562
[2023-07-18T19:56:16Z INFO  dt_instance] received at 2023-07-18 19:56:16.550663725 UTC - from mc-0->source-5 "928" 19:56:16.547546344
[2023-07-18T19:56:19Z INFO  dt_instance] received at 2023-07-18 19:56:19.056463400 UTC - from mc-0->source-5 "933" 19:56:19.054624474
[2023-07-18T19:56:21Z INFO  dt_instance] received at 2023-07-18 19:56:21.565889280 UTC - from mc-0->source-5 "938" 19:56:21.564425886
[2023-07-18T19:56:24Z INFO  dt_instance] received at 2023-07-18 19:56:24.071827838 UTC - from mc-0->source-5 "943" 19:56:24.070594232
[2023-07-18T19:56:26Z INFO  dt_instance] received at 2023-07-18 19:56:26.576220556 UTC - from mc-0->source-5 "948" 19:56:26.574897455
[2023-07-18T19:56:29Z INFO  dt_instance] received at 2023-07-18 19:56:29.081297118 UTC - from mc-0->source-1 "963" 19:56:29.079947576
[2023-07-18T19:56:31Z INFO  dt_instance] received at 2023-07-18 19:56:31.588501140 UTC - from mc-0->source-5 "958" 19:56:31.587722213
[2023-07-18T19:56:34Z INFO  dt_instance] received at 2023-07-18 19:56:34.096797684 UTC - from mc-0->source-5 "963" 19:56:34.095518620
[2023-07-18T19:56:36Z INFO  dt_instance] received at 2023-07-18 19:56:36.603015160 UTC - from mc-0->source-5 "968" 19:56:36.601748143
[2023-07-18T19:56:39Z INFO  dt_instance] received at 2023-07-18 19:56:39.109500178 UTC - from mc-0->source-5 "973" 19:56:39.108122789
[2023-07-18T19:56:41Z INFO  dt_instance] received at 2023-07-18 19:56:41.615326007 UTC - from mc-0->source-5 "978" 19:56:41.613943222
[2023-07-18T19:56:44Z INFO  dt_instance] received at 2023-07-18 19:56:44.122006729 UTC - from mc-0->source-5 "983" 19:56:44.121173155
[2023-07-18T19:56:46Z INFO  dt_instance] received at 2023-07-18 19:56:46.819967202 UTC - from mc-0->source-6 "986" 19:56:46.818238338
[2023-07-18T19:56:50Z INFO  dt_instance] received at 2023-07-18 19:56:50.111951880 UTC - from mc-0->source-9 "985" 19:56:50.110514230
[2023-07-18T19:56:57Z INFO  dt_instance] received at 2023-07-18 19:56:57.131653775 UTC - from mc-0->source-9 "999" 19:56:57.128488003
