[2023-07-18T19:48:26Z INFO  dt_instance] Current Twin: mc-twin-14
[2023-07-18T19:48:26Z INFO  dt_instance] Replica Name twin-mc-stateful-14
[2023-07-18T19:48:26Z INFO  dt_instance] Sleeping for 700
[2023-07-18T20:00:06Z INFO  dt_instance] Connecting to broker at emqx.dtwins:1883
[2023-07-18T20:00:06Z INFO  dt_instance] Loggin info each 50 messages
[2023-07-18T20:00:06Z INFO  dt_instance] Set max packet size to 60000 KB.
[2023-07-18T20:00:06Z INFO  dt_instance] Refreshing topics for twin - Listen to mc-14/#
[2023-07-18T20:00:06Z INFO  dt_instance] SubAck { pkid: 1, return_codes: [Success(ExactlyOnce)] }
[2023-07-18T20:01:11Z INFO  dt_instance] received at 2023-07-18 20:01:11.552710361 UTC - from mc-14->source-2 "9" 20:01:11.550355426
[2023-07-18T20:01:14Z INFO  dt_instance] received at 2023-07-18 20:01:14.802277945 UTC - from mc-14->source-3 "13" 20:01:14.800483255
[2023-07-18T20:01:17Z INFO  dt_instance] received at 2023-07-18 20:01:17.313906090 UTC - from mc-14->source-1 "23" 20:01:17.312703253
[2023-07-18T20:01:19Z INFO  dt_instance] received at 2023-07-18 20:01:19.819431459 UTC - from mc-14->source-1 "28" 20:01:19.818189787
[2023-07-18T20:01:22Z INFO  dt_instance] received at 2023-07-18 20:01:22.327424906 UTC - from mc-14->source-1 "33" 20:01:22.325452042
[2023-07-18T20:01:24Z INFO  dt_instance] received at 2023-07-18 20:01:24.832737250 UTC - from mc-14->source-1 "38" 20:01:24.830508580
[2023-07-18T20:01:27Z INFO  dt_instance] received at 2023-07-18 20:01:27.336470115 UTC - from mc-14->source-1 "43" 20:01:27.334981052
[2023-07-18T20:01:29Z INFO  dt_instance] received at 2023-07-18 20:01:29.843017637 UTC - from mc-14->source-1 "48" 20:01:29.841581814
[2023-07-18T20:01:32Z INFO  dt_instance] received at 2023-07-18 20:01:32.348603428 UTC - from mc-14->source-1 "53" 20:01:32.346908018
[2023-07-18T20:01:34Z INFO  dt_instance] received at 2023-07-18 20:01:34.855799061 UTC - from mc-14->source-1 "58" 20:01:34.852764976
[2023-07-18T20:01:37Z INFO  dt_instance] received at 2023-07-18 20:01:37.359228845 UTC - from mc-14->source-1 "63" 20:01:37.357621532
[2023-07-18T20:01:39Z INFO  dt_instance] received at 2023-07-18 20:01:39.863357977 UTC - from mc-14->source-1 "68" 20:01:39.861859573
[2023-07-18T20:01:42Z INFO  dt_instance] received at 2023-07-18 20:01:42.369797932 UTC - from mc-14->source-1 "73" 20:01:42.368214058
[2023-07-18T20:01:44Z INFO  dt_instance] received at 2023-07-18 20:01:44.878928702 UTC - from mc-14->source-5 "68" 20:01:44.874944414
[2023-07-18T20:01:47Z INFO  dt_instance] received at 2023-07-18 20:01:47.382858267 UTC - from mc-14->source-5 "73" 20:01:47.381230520
[2023-07-18T20:01:49Z INFO  dt_instance] received at 2023-07-18 20:01:49.896662385 UTC - from mc-14->source-5 "78" 20:01:49.885924337
[2023-07-18T20:01:52Z INFO  dt_instance] received at 2023-07-18 20:01:52.392965320 UTC - from mc-14->source-1 "93" 20:01:52.391305146
[2023-07-18T20:01:54Z INFO  dt_instance] received at 2023-07-18 20:01:54.900580672 UTC - from mc-14->source-1 "98" 20:01:54.899248241
[2023-07-18T20:01:57Z INFO  dt_instance] received at 2023-07-18 20:01:57.406934801 UTC - from mc-14->source-5 "93" 20:01:57.405237097
[2023-07-18T20:01:59Z INFO  dt_instance] received at 2023-07-18 20:01:59.912485807 UTC - from mc-14->source-5 "98" 20:01:59.910884233
[2023-07-18T20:02:02Z INFO  dt_instance] received at 2023-07-18 20:02:02.418076429 UTC - from mc-14->source-1 "113" 20:02:02.416248963
[2023-07-18T20:02:04Z INFO  dt_instance] received at 2023-07-18 20:02:04.924158445 UTC - from mc-14->source-5 "108" 20:02:04.922446177
[2023-07-18T20:02:07Z INFO  dt_instance] received at 2023-07-18 20:02:07.429321720 UTC - from mc-14->source-1 "123" 20:02:07.427914703
[2023-07-18T20:02:09Z INFO  dt_instance] received at 2023-07-18 20:02:09.937171341 UTC - from mc-14->source-5 "118" 20:02:09.935049421
[2023-07-18T20:02:12Z INFO  dt_instance] received at 2023-07-18 20:02:12.445935140 UTC - from mc-14->source-5 "123" 20:02:12.441100975
[2023-07-18T20:02:14Z INFO  dt_instance] received at 2023-07-18 20:02:14.949841197 UTC - from mc-14->source-5 "128" 20:02:14.946455767
[2023-07-18T20:02:17Z INFO  dt_instance] received at 2023-07-18 20:02:17.455562062 UTC - from mc-14->source-3 "138" 20:02:17.453166196
[2023-07-18T20:02:19Z INFO  dt_instance] received at 2023-07-18 20:02:19.960609944 UTC - from mc-14->source-7 "133" 20:02:19.958594871
[2023-07-18T20:02:22Z INFO  dt_instance] received at 2023-07-18 20:02:22.466457469 UTC - from mc-14->source-5 "143" 20:02:22.465182034
[2023-07-18T20:02:24Z INFO  dt_instance] received at 2023-07-18 20:02:24.975339357 UTC - from mc-14->source-3 "153" 20:02:24.973792528
[2023-07-18T20:02:27Z INFO  dt_instance] received at 2023-07-18 20:02:27.484011048 UTC - from mc-14->source-3 "158" 20:02:27.481454601
[2023-07-18T20:02:29Z INFO  dt_instance] received at 2023-07-18 20:02:29.996490880 UTC - from mc-14->source-7 "153" 20:02:29.993310373
[2023-07-18T20:02:32Z INFO  dt_instance] received at 2023-07-18 20:02:32.502701386 UTC - from mc-14->source-5 "163" 20:02:32.501354769
[2023-07-18T20:02:35Z INFO  dt_instance] received at 2023-07-18 20:02:35.011873119 UTC - from mc-14->source-7 "163" 20:02:35.006831021
[2023-07-18T20:02:37Z INFO  dt_instance] received at 2023-07-18 20:02:37.519719310 UTC - from mc-14->source-7 "168" 20:02:37.517394856
[2023-07-18T20:02:40Z INFO  dt_instance] received at 2023-07-18 20:02:40.027391551 UTC - from mc-14->source-7 "173" 20:02:40.025555616
[2023-07-18T20:02:42Z INFO  dt_instance] received at 2023-07-18 20:02:42.534038326 UTC - from mc-14->source-7 "178" 20:02:42.531737056
[2023-07-18T20:02:45Z INFO  dt_instance] received at 2023-07-18 20:02:45.039647216 UTC - from mc-14->source-3 "193" 20:02:45.036073714
[2023-07-18T20:02:47Z INFO  dt_instance] received at 2023-07-18 20:02:47.543976933 UTC - from mc-14->source-7 "188" 20:02:47.542332901
[2023-07-18T20:02:50Z INFO  dt_instance] received at 2023-07-18 20:02:50.052731663 UTC - from mc-14->source-7 "193" 20:02:50.050441361
[2023-07-18T20:02:52Z INFO  dt_instance] received at 2023-07-18 20:02:52.558497003 UTC - from mc-14->source-3 "208" 20:02:52.556477094
[2023-07-18T20:02:55Z INFO  dt_instance] received at 2023-07-18 20:02:55.064650962 UTC - from mc-14->source-3 "213" 20:02:55.062962641
[2023-07-18T20:02:57Z INFO  dt_instance] received at 2023-07-18 20:02:57.571586976 UTC - from mc-14->source-7 "208" 20:02:57.569576025
[2023-07-18T20:03:00Z INFO  dt_instance] received at 2023-07-18 20:03:00.093608701 UTC - from mc-14->source-7 "213" 20:03:00.080681106
[2023-07-18T20:03:02Z INFO  dt_instance] received at 2023-07-18 20:03:02.588806230 UTC - from mc-14->source-5 "223" 20:03:02.587230274
[2023-07-18T20:03:05Z INFO  dt_instance] received at 2023-07-18 20:03:05.100859673 UTC - from mc-14->source-1 "238" 20:03:05.098967131
[2023-07-18T20:03:07Z INFO  dt_instance] received at 2023-07-18 20:03:07.614728980 UTC - from mc-14->source-5 "233" 20:03:07.604773062
[2023-07-18T20:03:10Z INFO  dt_instance] received at 2023-07-18 20:03:10.114426780 UTC - from mc-14->source-1 "248" 20:03:10.112725755
[2023-07-18T20:03:12Z INFO  dt_instance] received at 2023-07-18 20:03:12.621463698 UTC - from mc-14->source-3 "248" 20:03:12.620011452
[2023-07-18T20:03:15Z INFO  dt_instance] received at 2023-07-18 20:03:15.127443521 UTC - from mc-14->source-3 "253" 20:03:15.125715474
[2023-07-18T20:03:17Z INFO  dt_instance] received at 2023-07-18 20:03:17.635741587 UTC - from mc-14->source-3 "258" 20:03:17.630414770
[2023-07-18T20:03:20Z INFO  dt_instance] received at 2023-07-18 20:03:20.138329646 UTC - from mc-14->source-1 "268" 20:03:20.135028271
[2023-07-18T20:03:22Z INFO  dt_instance] received at 2023-07-18 20:03:22.642405136 UTC - from mc-14->source-3 "268" 20:03:22.640494184
[2023-07-18T20:03:25Z INFO  dt_instance] received at 2023-07-18 20:03:25.148980809 UTC - from mc-14->source-5 "268" 20:03:25.147653819
[2023-07-18T20:03:27Z INFO  dt_instance] received at 2023-07-18 20:03:27.660733615 UTC - from mc-14->source-1 "283" 20:03:27.657871041
[2023-07-18T20:03:30Z INFO  dt_instance] received at 2023-07-18 20:03:30.172715511 UTC - from mc-14->source-5 "278" 20:03:30.165286851
[2023-07-18T20:03:32Z INFO  dt_instance] received at 2023-07-18 20:03:32.675282297 UTC - from mc-14->source-5 "283" 20:03:32.673014346
[2023-07-18T20:03:35Z INFO  dt_instance] received at 2023-07-18 20:03:35.180636808 UTC - from mc-14->source-3 "293" 20:03:35.178746715
[2023-07-18T20:03:37Z INFO  dt_instance] received at 2023-07-18 20:03:37.690472768 UTC - from mc-14->source-1 "303" 20:03:37.685063541
[2023-07-18T20:03:40Z INFO  dt_instance] received at 2023-07-18 20:03:40.193613680 UTC - from mc-14->source-5 "298" 20:03:40.190943635
[2023-07-18T20:03:42Z INFO  dt_instance] received at 2023-07-18 20:03:42.704536141 UTC - from mc-14->source-3 "308" 20:03:42.699221548
[2023-07-18T20:03:45Z INFO  dt_instance] received at 2023-07-18 20:03:45.211597281 UTC - from mc-14->source-3 "313" 20:03:45.209262203
[2023-07-18T20:03:47Z INFO  dt_instance] received at 2023-07-18 20:03:47.721594480 UTC - from mc-14->source-3 "318" 20:03:47.716255447
[2023-07-18T20:03:50Z INFO  dt_instance] received at 2023-07-18 20:03:50.225566814 UTC - from mc-14->source-1 "328" 20:03:50.223998431
[2023-07-18T20:03:52Z INFO  dt_instance] received at 2023-07-18 20:03:52.734390465 UTC - from mc-14->source-3 "328" 20:03:52.728745020
[2023-07-18T20:03:55Z INFO  dt_instance] received at 2023-07-18 20:03:55.238989532 UTC - from mc-14->source-1 "338" 20:03:55.237663133
[2023-07-18T20:03:57Z INFO  dt_instance] received at 2023-07-18 20:03:57.747324269 UTC - from mc-14->source-1 "343" 20:03:57.742855307
[2023-07-18T20:04:00Z INFO  dt_instance] received at 2023-07-18 20:04:00.252391378 UTC - from mc-14->source-3 "343" 20:04:00.250799431
[2023-07-18T20:04:02Z INFO  dt_instance] received at 2023-07-18 20:04:02.766881560 UTC - from mc-14->source-3 "348" 20:04:02.764783057
[2023-07-18T20:04:05Z INFO  dt_instance] received at 2023-07-18 20:04:05.273345543 UTC - from mc-14->source-1 "358" 20:04:05.272154204
[2023-07-18T20:04:07Z INFO  dt_instance] received at 2023-07-18 20:04:07.781766282 UTC - from mc-14->source-3 "358" 20:04:07.778434576
[2023-07-18T20:04:10Z INFO  dt_instance] received at 2023-07-18 20:04:10.285284755 UTC - from mc-14->source-3 "363" 20:04:10.284116564
[2023-07-18T20:04:12Z INFO  dt_instance] received at 2023-07-18 20:04:12.795573153 UTC - from mc-14->source-3 "368" 20:04:12.790472099
[2023-07-18T20:04:15Z INFO  dt_instance] received at 2023-07-18 20:04:15.301350406 UTC - from mc-14->source-1 "378" 20:04:15.299333809
[2023-07-18T20:04:17Z INFO  dt_instance] received at 2023-07-18 20:04:17.807110161 UTC - from mc-14->source-1 "383" 20:04:17.805533440
[2023-07-18T20:04:20Z INFO  dt_instance] received at 2023-07-18 20:04:20.316650334 UTC - from mc-14->source-1 "388" 20:04:20.315460403
[2023-07-18T20:04:22Z INFO  dt_instance] received at 2023-07-18 20:04:22.824432122 UTC - from mc-14->source-1 "393" 20:04:22.820076974
[2023-07-18T20:04:25Z INFO  dt_instance] received at 2023-07-18 20:04:25.327918526 UTC - from mc-14->source-1 "398" 20:04:25.326553632
[2023-07-18T20:04:27Z INFO  dt_instance] received at 2023-07-18 20:04:27.837760052 UTC - from mc-14->source-1 "403" 20:04:27.832172188
[2023-07-18T20:04:30Z INFO  dt_instance] received at 2023-07-18 20:04:30.340687024 UTC - from mc-14->source-1 "408" 20:04:30.337990660
[2023-07-18T20:04:32Z INFO  dt_instance] received at 2023-07-18 20:04:32.845830386 UTC - from mc-14->source-1 "413" 20:04:32.843465137
[2023-07-18T20:04:35Z INFO  dt_instance] received at 2023-07-18 20:04:35.351754917 UTC - from mc-14->source-3 "413" 20:04:35.349890499
[2023-07-18T20:04:37Z INFO  dt_instance] received at 2023-07-18 20:04:37.859244022 UTC - from mc-14->source-3 "418" 20:04:37.857788932
[2023-07-18T20:04:40Z INFO  dt_instance] received at 2023-07-18 20:04:40.368121028 UTC - from mc-14->source-3 "423" 20:04:40.363003988
[2023-07-18T20:04:42Z INFO  dt_instance] received at 2023-07-18 20:04:42.870987666 UTC - from mc-14->source-3 "428" 20:04:42.869409148
[2023-07-18T20:04:45Z INFO  dt_instance] received at 2023-07-18 20:04:45.376198743 UTC - from mc-14->source-3 "433" 20:04:45.374594036
[2023-07-18T20:04:47Z INFO  dt_instance] received at 2023-07-18 20:04:47.882040313 UTC - from mc-14->source-3 "438" 20:04:47.880459158
[2023-07-18T20:04:50Z INFO  dt_instance] received at 2023-07-18 20:04:50.387055486 UTC - from mc-14->source-3 "443" 20:04:50.385096759
[2023-07-18T20:04:52Z INFO  dt_instance] received at 2023-07-18 20:04:52.898490293 UTC - from mc-14->source-3 "448" 20:04:52.893931085
[2023-07-18T20:04:55Z INFO  dt_instance] received at 2023-07-18 20:04:55.404908062 UTC - from mc-14->source-3 "453" 20:04:55.401904304
[2023-07-18T20:04:57Z INFO  dt_instance] received at 2023-07-18 20:04:57.911239412 UTC - from mc-14->source-3 "458" 20:04:57.908819849
[2023-07-18T20:05:00Z INFO  dt_instance] received at 2023-07-18 20:05:00.416063089 UTC - from mc-14->source-3 "463" 20:05:00.414301836
[2023-07-18T20:05:02Z INFO  dt_instance] received at 2023-07-18 20:05:02.921300152 UTC - from mc-14->source-3 "468" 20:05:02.919858811
[2023-07-18T20:05:05Z INFO  dt_instance] received at 2023-07-18 20:05:05.429442317 UTC - from mc-14->source-3 "473" 20:05:05.427241180
[2023-07-18T20:05:07Z INFO  dt_instance] received at 2023-07-18 20:05:07.935783615 UTC - from mc-14->source-3 "478" 20:05:07.934109712
[2023-07-18T20:05:10Z INFO  dt_instance] received at 2023-07-18 20:05:10.440749499 UTC - from mc-14->source-3 "483" 20:05:10.439515092
[2023-07-18T20:05:12Z INFO  dt_instance] received at 2023-07-18 20:05:12.948003591 UTC - from mc-14->source-3 "488" 20:05:12.946253342
[2023-07-18T20:05:15Z INFO  dt_instance] received at 2023-07-18 20:05:15.453296294 UTC - from mc-14->source-3 "493" 20:05:15.451689778
[2023-07-18T20:05:17Z INFO  dt_instance] received at 2023-07-18 20:05:17.959455236 UTC - from mc-14->source-3 "498" 20:05:17.957166859
[2023-07-18T20:05:20Z INFO  dt_instance] received at 2023-07-18 20:05:20.462923783 UTC - from mc-14->source-3 "503" 20:05:20.461884920
[2023-07-18T20:05:22Z INFO  dt_instance] received at 2023-07-18 20:05:22.971887240 UTC - from mc-14->source-3 "508" 20:05:22.970358165
[2023-07-18T20:05:25Z INFO  dt_instance] received at 2023-07-18 20:05:25.478118460 UTC - from mc-14->source-3 "513" 20:05:25.476307231
[2023-07-18T20:05:27Z INFO  dt_instance] received at 2023-07-18 20:05:27.984307225 UTC - from mc-14->source-3 "518" 20:05:27.982732970
[2023-07-18T20:05:30Z INFO  dt_instance] received at 2023-07-18 20:05:30.491875983 UTC - from mc-14->source-3 "523" 20:05:30.486898060
[2023-07-18T20:05:33Z INFO  dt_instance] received at 2023-07-18 20:05:33.003117547 UTC - from mc-14->source-3 "528" 20:05:32.992302472
[2023-07-18T20:05:35Z INFO  dt_instance] received at 2023-07-18 20:05:35.501013669 UTC - from mc-14->source-3 "533" 20:05:35.498038239
[2023-07-18T20:05:38Z INFO  dt_instance] received at 2023-07-18 20:05:38.006154374 UTC - from mc-14->source-1 "543" 20:05:38.004212353
[2023-07-18T20:05:40Z INFO  dt_instance] received at 2023-07-18 20:05:40.512875711 UTC - from mc-14->source-3 "543" 20:05:40.509950470
[2023-07-18T20:05:43Z INFO  dt_instance] received at 2023-07-18 20:05:43.019430050 UTC - from mc-14->source-3 "548" 20:05:43.017160676
[2023-07-18T20:05:45Z INFO  dt_instance] received at 2023-07-18 20:05:45.523207143 UTC - from mc-14->source-3 "553" 20:05:45.521847879
[2023-07-18T20:05:48Z INFO  dt_instance] received at 2023-07-18 20:05:48.029629542 UTC - from mc-14->source-3 "558" 20:05:48.028343536
[2023-07-18T20:05:50Z INFO  dt_instance] received at 2023-07-18 20:05:50.537544558 UTC - from mc-14->source-3 "563" 20:05:50.533709931
[2023-07-18T20:05:53Z INFO  dt_instance] received at 2023-07-18 20:05:53.056348040 UTC - from mc-14->source-1 "573" 20:05:53.041243620
[2023-07-18T20:05:55Z INFO  dt_instance] received at 2023-07-18 20:05:55.548202194 UTC - from mc-14->source-3 "573" 20:05:55.546487868
[2023-07-18T20:05:58Z INFO  dt_instance] received at 2023-07-18 20:05:58.053108907 UTC - from mc-14->source-3 "578" 20:05:58.051446682
[2023-07-18T20:06:00Z INFO  dt_instance] received at 2023-07-18 20:06:00.584125745 UTC - from mc-14->source-1 "588" 20:06:00.559258513
[2023-07-18T20:06:03Z INFO  dt_instance] received at 2023-07-18 20:06:03.068107610 UTC - from mc-14->source-1 "593" 20:06:03.066466687
[2023-07-18T20:06:05Z INFO  dt_instance] received at 2023-07-18 20:06:05.574469052 UTC - from mc-14->source-3 "593" 20:06:05.572837982
[2023-07-18T20:06:08Z INFO  dt_instance] received at 2023-07-18 20:06:08.084444253 UTC - from mc-14->source-1 "603" 20:06:08.079601728
[2023-07-18T20:06:10Z INFO  dt_instance] received at 2023-07-18 20:06:10.589124168 UTC - from mc-14->source-1 "608" 20:06:10.587056357
[2023-07-18T20:06:13Z INFO  dt_instance] received at 2023-07-18 20:06:13.097133961 UTC - from mc-14->source-1 "613" 20:06:13.095383621
[2023-07-18T20:06:15Z INFO  dt_instance] received at 2023-07-18 20:06:15.603898448 UTC - from mc-14->source-1 "618" 20:06:15.601325993
[2023-07-18T20:06:18Z INFO  dt_instance] received at 2023-07-18 20:06:18.108218113 UTC - from mc-14->source-1 "623" 20:06:18.107201788
[2023-07-18T20:06:20Z INFO  dt_instance] received at 2023-07-18 20:06:20.613317205 UTC - from mc-14->source-1 "628" 20:06:20.612096031
[2023-07-18T20:06:23Z INFO  dt_instance] received at 2023-07-18 20:06:23.119259638 UTC - from mc-14->source-1 "633" 20:06:23.117377565
[2023-07-18T20:06:25Z INFO  dt_instance] received at 2023-07-18 20:06:25.626817746 UTC - from mc-14->source-1 "638" 20:06:25.624455686
[2023-07-18T20:06:28Z INFO  dt_instance] received at 2023-07-18 20:06:28.134841166 UTC - from mc-14->source-1 "643" 20:06:28.129840214
[2023-07-18T20:06:30Z INFO  dt_instance] received at 2023-07-18 20:06:30.637105525 UTC - from mc-14->source-1 "648" 20:06:30.636049465
[2023-07-18T20:06:33Z INFO  dt_instance] received at 2023-07-18 20:06:33.148549142 UTC - from mc-14->source-5 "643" 20:06:33.146449082
[2023-07-18T20:06:35Z INFO  dt_instance] received at 2023-07-18 20:06:35.653901205 UTC - from mc-14->source-1 "658" 20:06:35.651415800
[2023-07-18T20:06:38Z INFO  dt_instance] received at 2023-07-18 20:06:38.166773849 UTC - from mc-14->source-5 "653" 20:06:38.158849196
[2023-07-18T20:06:40Z INFO  dt_instance] received at 2023-07-18 20:06:40.668132505 UTC - from mc-14->source-5 "658" 20:06:40.666148726
[2023-07-18T20:06:43Z INFO  dt_instance] received at 2023-07-18 20:06:43.172049592 UTC - from mc-14->source-5 "663" 20:06:43.170912676
[2023-07-18T20:06:45Z INFO  dt_instance] received at 2023-07-18 20:06:45.678771724 UTC - from mc-14->source-3 "673" 20:06:45.676921732
[2023-07-18T20:06:48Z INFO  dt_instance] received at 2023-07-18 20:06:48.185312767 UTC - from mc-14->source-5 "673" 20:06:48.183745968
[2023-07-18T20:06:50Z INFO  dt_instance] received at 2023-07-18 20:06:50.690947335 UTC - from mc-14->source-3 "683" 20:06:50.688880554
[2023-07-18T20:06:53Z INFO  dt_instance] received at 2023-07-18 20:06:53.199196065 UTC - from mc-14->source-3 "688" 20:06:53.195320082
[2023-07-18T20:06:55Z INFO  dt_instance] received at 2023-07-18 20:06:55.708884783 UTC - from mc-14->source-1 "698" 20:06:55.701283601
[2023-07-18T20:06:58Z INFO  dt_instance] received at 2023-07-18 20:06:58.209573132 UTC - from mc-14->source-1 "703" 20:06:58.206965477
[2023-07-18T20:07:00Z INFO  dt_instance] received at 2023-07-18 20:07:00.713674890 UTC - from mc-14->source-1 "708" 20:07:00.712316352
[2023-07-18T20:07:03Z INFO  dt_instance] received at 2023-07-18 20:07:03.219452654 UTC - from mc-14->source-1 "713" 20:07:03.218119465
[2023-07-18T20:07:05Z INFO  dt_instance] received at 2023-07-18 20:07:05.726185903 UTC - from mc-14->source-3 "713" 20:07:05.725056381
[2023-07-18T20:07:08Z INFO  dt_instance] received at 2023-07-18 20:07:08.231943167 UTC - from mc-14->source-3 "718" 20:07:08.230274044
[2023-07-18T20:07:10Z INFO  dt_instance] received at 2023-07-18 20:07:10.738235250 UTC - from mc-14->source-3 "723" 20:07:10.736585761
[2023-07-18T20:07:13Z INFO  dt_instance] received at 2023-07-18 20:07:13.244290939 UTC - from mc-14->source-3 "728" 20:07:13.242894130
[2023-07-18T20:07:15Z INFO  dt_instance] received at 2023-07-18 20:07:15.753679714 UTC - from mc-14->source-1 "738" 20:07:15.751390808
[2023-07-18T20:07:18Z INFO  dt_instance] received at 2023-07-18 20:07:18.258809144 UTC - from mc-14->source-3 "738" 20:07:18.256994675
[2023-07-18T20:07:20Z INFO  dt_instance] received at 2023-07-18 20:07:20.765345453 UTC - from mc-14->source-5 "738" 20:07:20.764188412
[2023-07-18T20:07:23Z INFO  dt_instance] received at 2023-07-18 20:07:23.288645071 UTC - from mc-14->source-5 "743" 20:07:23.284469429
[2023-07-18T20:07:25Z INFO  dt_instance] received at 2023-07-18 20:07:25.800198484 UTC - from mc-14->source-5 "748" 20:07:25.795261147
[2023-07-18T20:07:28Z INFO  dt_instance] received at 2023-07-18 20:07:28.304665595 UTC - from mc-14->source-5 "753" 20:07:28.300395532
[2023-07-18T20:07:30Z INFO  dt_instance] received at 2023-07-18 20:07:30.806904327 UTC - from mc-14->source-5 "758" 20:07:30.804936867
[2023-07-18T20:07:33Z INFO  dt_instance] received at 2023-07-18 20:07:33.317865240 UTC - from mc-14->source-5 "763" 20:07:33.316346199
[2023-07-18T20:07:35Z INFO  dt_instance] received at 2023-07-18 20:07:35.822985121 UTC - from mc-14->source-5 "768" 20:07:35.821288506
[2023-07-18T20:07:38Z INFO  dt_instance] received at 2023-07-18 20:07:38.327974624 UTC - from mc-14->source-5 "773" 20:07:38.326725627
[2023-07-18T20:07:40Z INFO  dt_instance] received at 2023-07-18 20:07:40.835328816 UTC - from mc-14->source-5 "778" 20:07:40.830962560
[2023-07-18T20:07:43Z INFO  dt_instance] received at 2023-07-18 20:07:43.337476271 UTC - from mc-14->source-5 "783" 20:07:43.335953903
[2023-07-18T20:07:45Z INFO  dt_instance] received at 2023-07-18 20:07:45.844336746 UTC - from mc-14->source-3 "793" 20:07:45.842721187
[2023-07-18T20:07:48Z INFO  dt_instance] received at 2023-07-18 20:07:48.349197091 UTC - from mc-14->source-3 "798" 20:07:48.347867194
[2023-07-18T20:07:50Z INFO  dt_instance] received at 2023-07-18 20:07:50.855064249 UTC - from mc-14->source-5 "798" 20:07:50.853405750
[2023-07-18T20:07:53Z INFO  dt_instance] received at 2023-07-18 20:07:53.360590928 UTC - from mc-14->source-5 "803" 20:07:53.359198140
[2023-07-18T20:07:55Z INFO  dt_instance] received at 2023-07-18 20:07:55.867007309 UTC - from mc-14->source-3 "813" 20:07:55.864504135
[2023-07-18T20:07:58Z INFO  dt_instance] received at 2023-07-18 20:07:58.371613609 UTC - from mc-14->source-1 "823" 20:07:58.369896418
[2023-07-18T20:08:00Z INFO  dt_instance] received at 2023-07-18 20:08:00.879225011 UTC - from mc-14->source-5 "818" 20:08:00.876810116
[2023-07-18T20:08:03Z INFO  dt_instance] received at 2023-07-18 20:08:03.385629030 UTC - from mc-14->source-5 "823" 20:08:03.383075640
[2023-07-18T20:08:05Z INFO  dt_instance] received at 2023-07-18 20:08:05.890197150 UTC - from mc-14->source-5 "828" 20:08:05.888849765
[2023-07-18T20:08:08Z INFO  dt_instance] received at 2023-07-18 20:08:08.397429992 UTC - from mc-14->source-5 "833" 20:08:08.395966351
[2023-07-18T20:08:10Z INFO  dt_instance] received at 2023-07-18 20:08:10.903293348 UTC - from mc-14->source-5 "838" 20:08:10.902026419
[2023-07-18T20:08:13Z INFO  dt_instance] received at 2023-07-18 20:08:13.409302681 UTC - from mc-14->source-5 "843" 20:08:13.407901275
[2023-07-18T20:08:15Z INFO  dt_instance] received at 2023-07-18 20:08:15.916365068 UTC - from mc-14->source-5 "848" 20:08:15.914892462
[2023-07-18T20:08:18Z INFO  dt_instance] received at 2023-07-18 20:08:18.420957243 UTC - from mc-14->source-5 "853" 20:08:18.419910971
[2023-07-18T20:08:20Z INFO  dt_instance] received at 2023-07-18 20:08:20.929131671 UTC - from mc-14->source-5 "858" 20:08:20.926440580
[2023-07-18T20:08:23Z INFO  dt_instance] received at 2023-07-18 20:08:23.433981810 UTC - from mc-14->source-5 "863" 20:08:23.432944972
[2023-07-18T20:08:25Z INFO  dt_instance] received at 2023-07-18 20:08:25.942247680 UTC - from mc-14->source-5 "868" 20:08:25.940955252
[2023-07-18T20:08:28Z INFO  dt_instance] received at 2023-07-18 20:08:28.448566212 UTC - from mc-14->source-5 "873" 20:08:28.447271791
[2023-07-18T20:08:30Z INFO  dt_instance] received at 2023-07-18 20:08:30.954165616 UTC - from mc-14->source-5 "878" 20:08:30.952716560
[2023-07-18T20:08:33Z INFO  dt_instance] received at 2023-07-18 20:08:33.460514375 UTC - from mc-14->source-5 "883" 20:08:33.458323182
[2023-07-18T20:08:35Z INFO  dt_instance] received at 2023-07-18 20:08:35.965654627 UTC - from mc-14->source-5 "888" 20:08:35.964275770
[2023-07-18T20:08:38Z INFO  dt_instance] received at 2023-07-18 20:08:38.474291498 UTC - from mc-14->source-5 "893" 20:08:38.472775710
[2023-07-18T20:08:40Z INFO  dt_instance] received at 2023-07-18 20:08:40.981349853 UTC - from mc-14->source-5 "898" 20:08:40.978891174
[2023-07-18T20:08:43Z INFO  dt_instance] received at 2023-07-18 20:08:43.487963660 UTC - from mc-14->source-5 "903" 20:08:43.484855297
[2023-07-18T20:08:45Z INFO  dt_instance] received at 2023-07-18 20:08:45.992582866 UTC - from mc-14->source-5 "908" 20:08:45.990966495
[2023-07-18T20:08:48Z INFO  dt_instance] received at 2023-07-18 20:08:48.498603629 UTC - from mc-14->source-5 "913" 20:08:48.497086149
[2023-07-18T20:08:51Z INFO  dt_instance] received at 2023-07-18 20:08:51.006308334 UTC - from mc-14->source-5 "918" 20:08:51.003741917
[2023-07-18T20:08:53Z INFO  dt_instance] received at 2023-07-18 20:08:53.510724088 UTC - from mc-14->source-5 "923" 20:08:53.508074200
[2023-07-18T20:08:56Z INFO  dt_instance] received at 2023-07-18 20:08:56.016271428 UTC - from mc-14->source-5 "928" 20:08:56.014971873
[2023-07-18T20:08:58Z INFO  dt_instance] received at 2023-07-18 20:08:58.524656374 UTC - from mc-14->source-7 "928" 20:08:58.516945833
[2023-07-18T20:09:01Z INFO  dt_instance] received at 2023-07-18 20:09:01.027487757 UTC - from mc-14->source-7 "933" 20:09:01.024768446
[2023-07-18T20:09:03Z INFO  dt_instance] received at 2023-07-18 20:09:03.533449962 UTC - from mc-14->source-3 "948" 20:09:03.530961659
[2023-07-18T20:09:06Z INFO  dt_instance] received at 2023-07-18 20:09:06.041856699 UTC - from mc-14->source-5 "948" 20:09:06.039410881
[2023-07-18T20:09:08Z INFO  dt_instance] received at 2023-07-18 20:09:08.549297549 UTC - from mc-14->source-3 "958" 20:09:08.547270889
[2023-07-18T20:09:11Z INFO  dt_instance] received at 2023-07-18 20:09:11.055343108 UTC - from mc-14->source-9 "948" 20:09:11.054193414
[2023-07-18T20:09:13Z INFO  dt_instance] received at 2023-07-18 20:09:13.568925444 UTC - from mc-14->source-7 "958" 20:09:13.564148820
[2023-07-18T20:09:16Z INFO  dt_instance] received at 2023-07-18 20:09:16.074772119 UTC - from mc-14->source-7 "963" 20:09:16.070053358
[2023-07-18T20:09:18Z INFO  dt_instance] received at 2023-07-18 20:09:18.577080148 UTC - from mc-14->source-7 "968" 20:09:18.574871491
[2023-07-18T20:09:21Z INFO  dt_instance] received at 2023-07-18 20:09:21.086529324 UTC - from mc-14->source-7 "973" 20:09:21.081793444
[2023-07-18T20:09:23Z INFO  dt_instance] received at 2023-07-18 20:09:23.592080871 UTC - from mc-14->source-7 "978" 20:09:23.590194708
[2023-07-18T20:09:26Z INFO  dt_instance] received at 2023-07-18 20:09:26.254292437 UTC - from mc-14->source-2 "996" 20:09:26.252181744
[2023-07-18T20:09:29Z INFO  dt_instance] received at 2023-07-18 20:09:29.593982210 UTC - from mc-14->source-5 "995" 20:09:29.591660989
[2023-07-18T20:09:36Z INFO  dt_instance] received at 2023-07-18 20:09:36.620011660 UTC - from mc-14->source-9 "999" 20:09:36.618361537
