[2023-07-18T19:48:23Z INFO  dt_instance] Current Twin: mc-twin-13
[2023-07-18T19:48:23Z INFO  dt_instance] Replica Name twin-mc-stateful-13
[2023-07-18T19:48:23Z INFO  dt_instance] Sleeping for 650
[2023-07-18T19:59:13Z INFO  dt_instance] Connecting to broker at emqx.dtwins:1883
[2023-07-18T19:59:13Z INFO  dt_instance] Loggin info each 50 messages
[2023-07-18T19:59:13Z INFO  dt_instance] Set max packet size to 60000 KB.
[2023-07-18T19:59:13Z INFO  dt_instance] Refreshing topics for twin - Listen to mc-13/#
[2023-07-18T19:59:13Z INFO  dt_instance] SubAck { pkid: 1, return_codes: [Success(ExactlyOnce)] }
[2023-07-18T20:00:17Z INFO  dt_instance] received at 2023-07-18 20:00:17.194353794 UTC - from mc-13->source-2 "9" 20:00:17.193053335
[2023-07-18T20:00:20Z INFO  dt_instance] received at 2023-07-18 20:00:20.446867427 UTC - from mc-13->source-3 "13" 20:00:20.445557318
[2023-07-18T20:00:23Z INFO  dt_instance] received at 2023-07-18 20:00:23.206604347 UTC - from mc-13->source-2 "21" 20:00:23.205712358
[2023-07-18T20:00:25Z INFO  dt_instance] received at 2023-07-18 20:00:25.969740577 UTC - from mc-13->source-1 "29" 20:00:25.968412847
[2023-07-18T20:00:27Z INFO  dt_instance] received at 2023-07-18 20:00:27.974491868 UTC - from mc-13->source-1 "33" 20:00:27.972946827
[2023-07-18T20:00:30Z INFO  dt_instance] received at 2023-07-18 20:00:30.489161938 UTC - from mc-13->source-1 "38" 20:00:30.487279962
[2023-07-18T20:00:32Z INFO  dt_instance] received at 2023-07-18 20:00:32.994051423 UTC - from mc-13->source-1 "43" 20:00:32.991859766
[2023-07-18T20:00:35Z INFO  dt_instance] received at 2023-07-18 20:00:35.499300095 UTC - from mc-13->source-1 "48" 20:00:35.496850584
[2023-07-18T20:00:38Z INFO  dt_instance] received at 2023-07-18 20:00:38.005040619 UTC - from mc-13->source-1 "53" 20:00:38.003484358
[2023-07-18T20:00:40Z INFO  dt_instance] received at 2023-07-18 20:00:40.510026853 UTC - from mc-13->source-1 "58" 20:00:40.508677617
[2023-07-18T20:00:43Z INFO  dt_instance] received at 2023-07-18 20:00:43.017537122 UTC - from mc-13->source-1 "63" 20:00:43.015119707
[2023-07-18T20:00:45Z INFO  dt_instance] received at 2023-07-18 20:00:45.523601476 UTC - from mc-13->source-1 "68" 20:00:45.520978757
[2023-07-18T20:00:48Z INFO  dt_instance] received at 2023-07-18 20:00:48.030265595 UTC - from mc-13->source-5 "63" 20:00:48.028377387
[2023-07-18T20:00:50Z INFO  dt_instance] received at 2023-07-18 20:00:50.537060800 UTC - from mc-13->source-5 "68" 20:00:50.534821623
[2023-07-18T20:00:53Z INFO  dt_instance] received at 2023-07-18 20:00:53.043105040 UTC - from mc-13->source-5 "73" 20:00:53.041002799
[2023-07-18T20:00:55Z INFO  dt_instance] received at 2023-07-18 20:00:55.548399507 UTC - from mc-13->source-1 "88" 20:00:55.546913969
[2023-07-18T20:00:58Z INFO  dt_instance] received at 2023-07-18 20:00:58.056844859 UTC - from mc-13->source-1 "93" 20:00:58.054960546
[2023-07-18T20:01:00Z INFO  dt_instance] received at 2023-07-18 20:01:00.562965260 UTC - from mc-13->source-5 "88" 20:01:00.561223562
[2023-07-18T20:01:03Z INFO  dt_instance] received at 2023-07-18 20:01:03.068738788 UTC - from mc-13->source-5 "93" 20:01:03.066663109
[2023-07-18T20:01:05Z INFO  dt_instance] received at 2023-07-18 20:01:05.578621704 UTC - from mc-13->source-5 "98" 20:01:05.576291102
[2023-07-18T20:01:08Z INFO  dt_instance] received at 2023-07-18 20:01:08.091193205 UTC - from mc-13->source-5 "103" 20:01:08.081602780
[2023-07-18T20:01:10Z INFO  dt_instance] received at 2023-07-18 20:01:10.589975053 UTC - from mc-13->source-5 "108" 20:01:10.587727743
[2023-07-18T20:01:13Z INFO  dt_instance] received at 2023-07-18 20:01:13.098259411 UTC - from mc-13->source-5 "113" 20:01:13.094387346
[2023-07-18T20:01:15Z INFO  dt_instance] received at 2023-07-18 20:01:15.605918999 UTC - from mc-13->source-1 "128" 20:01:15.603292584
[2023-07-18T20:01:18Z INFO  dt_instance] received at 2023-07-18 20:01:18.111856792 UTC - from mc-13->source-5 "123" 20:01:18.109601246
[2023-07-18T20:01:20Z INFO  dt_instance] received at 2023-07-18 20:01:20.617752792 UTC - from mc-13->source-5 "128" 20:01:20.615838681
[2023-07-18T20:01:23Z INFO  dt_instance] received at 2023-07-18 20:01:23.123709361 UTC - from mc-13->source-5 "133" 20:01:23.121499557
[2023-07-18T20:01:25Z INFO  dt_instance] received at 2023-07-18 20:01:25.628372634 UTC - from mc-13->source-5 "138" 20:01:25.626904802
[2023-07-18T20:01:28Z INFO  dt_instance] received at 2023-07-18 20:01:28.133752193 UTC - from mc-13->source-5 "143" 20:01:28.131814277
[2023-07-18T20:01:30Z INFO  dt_instance] received at 2023-07-18 20:01:30.640227259 UTC - from mc-13->source-1 "158" 20:01:30.638286214
[2023-07-18T20:01:33Z INFO  dt_instance] received at 2023-07-18 20:01:33.146428326 UTC - from mc-13->source-1 "163" 20:01:33.144654312
[2023-07-18T20:01:35Z INFO  dt_instance] received at 2023-07-18 20:01:35.651985229 UTC - from mc-13->source-1 "168" 20:01:35.650822122
[2023-07-18T20:01:38Z INFO  dt_instance] received at 2023-07-18 20:01:38.157443055 UTC - from mc-13->source-1 "173" 20:01:38.155767846
[2023-07-18T20:01:40Z INFO  dt_instance] received at 2023-07-18 20:01:40.674597737 UTC - from mc-13->source-5 "168" 20:01:40.672485466
[2023-07-18T20:01:43Z INFO  dt_instance] received at 2023-07-18 20:01:43.180224460 UTC - from mc-13->source-5 "173" 20:01:43.178447199
[2023-07-18T20:01:45Z INFO  dt_instance] received at 2023-07-18 20:01:45.692011432 UTC - from mc-13->source-5 "178" 20:01:45.687908274
[2023-07-18T20:01:48Z INFO  dt_instance] received at 2023-07-18 20:01:48.194674346 UTC - from mc-13->source-5 "183" 20:01:48.192948322
[2023-07-18T20:01:50Z INFO  dt_instance] received at 2023-07-18 20:01:50.700220426 UTC - from mc-13->source-5 "188" 20:01:50.698054221
[2023-07-18T20:01:53Z INFO  dt_instance] received at 2023-07-18 20:01:53.207658454 UTC - from mc-13->source-1 "203" 20:01:53.206178500
[2023-07-18T20:01:55Z INFO  dt_instance] received at 2023-07-18 20:01:55.715802735 UTC - from mc-13->source-1 "208" 20:01:55.710962796
[2023-07-18T20:01:58Z INFO  dt_instance] received at 2023-07-18 20:01:58.219026095 UTC - from mc-13->source-1 "213" 20:01:58.217633500
[2023-07-18T20:02:00Z INFO  dt_instance] received at 2023-07-18 20:02:00.724887492 UTC - from mc-13->source-1 "218" 20:02:00.723077308
[2023-07-18T20:02:03Z INFO  dt_instance] received at 2023-07-18 20:02:03.230652680 UTC - from mc-13->source-1 "223" 20:02:03.227917673
[2023-07-18T20:02:05Z INFO  dt_instance] received at 2023-07-18 20:02:05.737402300 UTC - from mc-13->source-3 "223" 20:02:05.733133959
[2023-07-18T20:02:08Z INFO  dt_instance] received at 2023-07-18 20:02:08.239962049 UTC - from mc-13->source-3 "228" 20:02:08.238843814
[2023-07-18T20:02:10Z INFO  dt_instance] received at 2023-07-18 20:02:10.747260999 UTC - from mc-13->source-3 "233" 20:02:10.745635058
[2023-07-18T20:02:13Z INFO  dt_instance] received at 2023-07-18 20:02:13.261120483 UTC - from mc-13->source-5 "233" 20:02:13.258384152
[2023-07-18T20:02:15Z INFO  dt_instance] received at 2023-07-18 20:02:15.767121345 UTC - from mc-13->source-5 "238" 20:02:15.765248778
[2023-07-18T20:02:18Z INFO  dt_instance] received at 2023-07-18 20:02:18.272605808 UTC - from mc-13->source-5 "243" 20:02:18.269952115
[2023-07-18T20:02:20Z INFO  dt_instance] received at 2023-07-18 20:02:20.781191715 UTC - from mc-13->source-1 "258" 20:02:20.779030033
[2023-07-18T20:02:23Z INFO  dt_instance] received at 2023-07-18 20:02:23.292064057 UTC - from mc-13->source-1 "263" 20:02:23.290620649
[2023-07-18T20:02:25Z INFO  dt_instance] received at 2023-07-18 20:02:25.797894575 UTC - from mc-13->source-1 "268" 20:02:25.796474154
[2023-07-18T20:02:28Z INFO  dt_instance] received at 2023-07-18 20:02:28.307690510 UTC - from mc-13->source-1 "273" 20:02:28.302523394
[2023-07-18T20:02:30Z INFO  dt_instance] received at 2023-07-18 20:02:30.810809725 UTC - from mc-13->source-1 "278" 20:02:30.808745801
[2023-07-18T20:02:33Z INFO  dt_instance] received at 2023-07-18 20:02:33.315595643 UTC - from mc-13->source-1 "283" 20:02:33.313434394
[2023-07-18T20:02:35Z INFO  dt_instance] received at 2023-07-18 20:02:35.822034881 UTC - from mc-13->source-5 "278" 20:02:35.820594633
[2023-07-18T20:02:38Z INFO  dt_instance] received at 2023-07-18 20:02:38.331292340 UTC - from mc-13->source-3 "288" 20:02:38.326551663
[2023-07-18T20:02:40Z INFO  dt_instance] received at 2023-07-18 20:02:40.836225439 UTC - from mc-13->source-5 "288" 20:02:40.834342122
[2023-07-18T20:02:43Z INFO  dt_instance] received at 2023-07-18 20:02:43.342039665 UTC - from mc-13->source-5 "293" 20:02:43.340395997
[2023-07-18T20:02:45Z INFO  dt_instance] received at 2023-07-18 20:02:45.848907949 UTC - from mc-13->source-5 "298" 20:02:45.846887280
[2023-07-18T20:02:48Z INFO  dt_instance] received at 2023-07-18 20:02:48.355223534 UTC - from mc-13->source-5 "303" 20:02:48.353301782
[2023-07-18T20:02:50Z INFO  dt_instance] received at 2023-07-18 20:02:50.860546595 UTC - from mc-13->source-3 "313" 20:02:50.858695483
[2023-07-18T20:02:53Z INFO  dt_instance] received at 2023-07-18 20:02:53.366929744 UTC - from mc-13->source-3 "318" 20:02:53.365356862
[2023-07-18T20:02:55Z INFO  dt_instance] received at 2023-07-18 20:02:55.872707288 UTC - from mc-13->source-3 "323" 20:02:55.870461188
[2023-07-18T20:02:58Z INFO  dt_instance] received at 2023-07-18 20:02:58.379208828 UTC - from mc-13->source-5 "323" 20:02:58.377107906
[2023-07-18T20:03:00Z INFO  dt_instance] received at 2023-07-18 20:03:00.884700129 UTC - from mc-13->source-5 "328" 20:03:00.882486437
[2023-07-18T20:03:03Z INFO  dt_instance] received at 2023-07-18 20:03:03.390370582 UTC - from mc-13->source-5 "333" 20:03:03.388983581
[2023-07-18T20:03:05Z INFO  dt_instance] received at 2023-07-18 20:03:05.897220491 UTC - from mc-13->source-5 "338" 20:03:05.895176484
[2023-07-18T20:03:08Z INFO  dt_instance] received at 2023-07-18 20:03:08.401458890 UTC - from mc-13->source-3 "348" 20:03:08.399696602
[2023-07-18T20:03:10Z INFO  dt_instance] received at 2023-07-18 20:03:10.907862633 UTC - from mc-13->source-5 "348" 20:03:10.905474911
[2023-07-18T20:03:13Z INFO  dt_instance] received at 2023-07-18 20:03:13.412191013 UTC - from mc-13->source-5 "353" 20:03:13.410623333
[2023-07-18T20:03:15Z INFO  dt_instance] received at 2023-07-18 20:03:15.920167786 UTC - from mc-13->source-5 "358" 20:03:15.918287148
[2023-07-18T20:03:18Z INFO  dt_instance] received at 2023-07-18 20:03:18.427280659 UTC - from mc-13->source-5 "363" 20:03:18.425233302
[2023-07-18T20:03:20Z INFO  dt_instance] received at 2023-07-18 20:03:20.931348439 UTC - from mc-13->source-5 "368" 20:03:20.929745434
[2023-07-18T20:03:23Z INFO  dt_instance] received at 2023-07-18 20:03:23.436722095 UTC - from mc-13->source-5 "373" 20:03:23.434793742
[2023-07-18T20:03:25Z INFO  dt_instance] received at 2023-07-18 20:03:25.950669182 UTC - from mc-13->source-5 "378" 20:03:25.947434274
[2023-07-18T20:03:28Z INFO  dt_instance] received at 2023-07-18 20:03:28.455851571 UTC - from mc-13->source-5 "383" 20:03:28.453522434
[2023-07-18T20:03:30Z INFO  dt_instance] received at 2023-07-18 20:03:30.961390654 UTC - from mc-13->source-1 "398" 20:03:30.959484636
[2023-07-18T20:03:33Z INFO  dt_instance] received at 2023-07-18 20:03:33.468206787 UTC - from mc-13->source-5 "393" 20:03:33.466303863
[2023-07-18T20:03:35Z INFO  dt_instance] received at 2023-07-18 20:03:35.973471137 UTC - from mc-13->source-1 "408" 20:03:35.972428734
[2023-07-18T20:03:38Z INFO  dt_instance] received at 2023-07-18 20:03:38.479350794 UTC - from mc-13->source-1 "413" 20:03:38.477538340
[2023-07-18T20:03:40Z INFO  dt_instance] received at 2023-07-18 20:03:40.989130453 UTC - from mc-13->source-5 "408" 20:03:40.986216905
[2023-07-18T20:03:43Z INFO  dt_instance] received at 2023-07-18 20:03:43.493744364 UTC - from mc-13->source-1 "423" 20:03:43.492174769
[2023-07-18T20:03:45Z INFO  dt_instance] received at 2023-07-18 20:03:45.999276659 UTC - from mc-13->source-1 "428" 20:03:45.997692062
[2023-07-18T20:03:48Z INFO  dt_instance] received at 2023-07-18 20:03:48.506027478 UTC - from mc-13->source-1 "433" 20:03:48.504482174
[2023-07-18T20:03:51Z INFO  dt_instance] received at 2023-07-18 20:03:51.012697695 UTC - from mc-13->source-5 "428" 20:03:51.009866975
[2023-07-18T20:03:53Z INFO  dt_instance] received at 2023-07-18 20:03:53.518129460 UTC - from mc-13->source-3 "438" 20:03:53.515863468
[2023-07-18T20:03:56Z INFO  dt_instance] received at 2023-07-18 20:03:56.026016384 UTC - from mc-13->source-5 "438" 20:03:56.023424998
[2023-07-18T20:03:58Z INFO  dt_instance] received at 2023-07-18 20:03:58.543326549 UTC - from mc-13->source-1 "453" 20:03:58.530618099
[2023-07-18T20:04:01Z INFO  dt_instance] received at 2023-07-18 20:04:01.043991703 UTC - from mc-13->source-1 "458" 20:04:01.042446768
[2023-07-18T20:04:03Z INFO  dt_instance] received at 2023-07-18 20:04:03.552709721 UTC - from mc-13->source-3 "458" 20:04:03.550793457
[2023-07-18T20:04:06Z INFO  dt_instance] received at 2023-07-18 20:04:06.061465960 UTC - from mc-13->source-3 "463" 20:04:06.057078402
[2023-07-18T20:04:08Z INFO  dt_instance] received at 2023-07-18 20:04:08.573254778 UTC - from mc-13->source-1 "473" 20:04:08.571334167
[2023-07-18T20:04:11Z INFO  dt_instance] received at 2023-07-18 20:04:11.080277502 UTC - from mc-13->source-1 "478" 20:04:11.077853600
[2023-07-18T20:04:13Z INFO  dt_instance] received at 2023-07-18 20:04:13.593899847 UTC - from mc-13->source-3 "478" 20:04:13.590730913
[2023-07-18T20:04:16Z INFO  dt_instance] received at 2023-07-18 20:04:16.098538897 UTC - from mc-13->source-3 "483" 20:04:16.096828375
[2023-07-18T20:04:18Z INFO  dt_instance] received at 2023-07-18 20:04:18.603050170 UTC - from mc-13->source-3 "488" 20:04:18.601629230
[2023-07-18T20:04:21Z INFO  dt_instance] received at 2023-07-18 20:04:21.107980564 UTC - from mc-13->source-3 "493" 20:04:21.106574878
[2023-07-18T20:04:23Z INFO  dt_instance] received at 2023-07-18 20:04:23.613947777 UTC - from mc-13->source-3 "498" 20:04:23.612919653
[2023-07-18T20:04:26Z INFO  dt_instance] received at 2023-07-18 20:04:26.121453089 UTC - from mc-13->source-3 "503" 20:04:26.120020122
[2023-07-18T20:04:28Z INFO  dt_instance] received at 2023-07-18 20:04:28.629494663 UTC - from mc-13->source-3 "508" 20:04:28.624677562
[2023-07-18T20:04:31Z INFO  dt_instance] received at 2023-07-18 20:04:31.132372600 UTC - from mc-13->source-3 "513" 20:04:31.130840615
[2023-07-18T20:04:33Z INFO  dt_instance] received at 2023-07-18 20:04:33.637811765 UTC - from mc-13->source-3 "518" 20:04:33.636420135
[2023-07-18T20:04:36Z INFO  dt_instance] received at 2023-07-18 20:04:36.146702200 UTC - from mc-13->source-3 "523" 20:04:36.142860099
[2023-07-18T20:04:38Z INFO  dt_instance] received at 2023-07-18 20:04:38.651197462 UTC - from mc-13->source-3 "528" 20:04:38.649364205
[2023-07-18T20:04:41Z INFO  dt_instance] received at 2023-07-18 20:04:41.156269483 UTC - from mc-13->source-3 "533" 20:04:41.154946659
[2023-07-18T20:04:43Z INFO  dt_instance] received at 2023-07-18 20:04:43.661125328 UTC - from mc-13->source-3 "538" 20:04:43.659526900
[2023-07-18T20:04:46Z INFO  dt_instance] received at 2023-07-18 20:04:46.166012128 UTC - from mc-13->source-3 "543" 20:04:46.164676690
[2023-07-18T20:04:48Z INFO  dt_instance] received at 2023-07-18 20:04:48.671746907 UTC - from mc-13->source-3 "548" 20:04:48.670227441
[2023-07-18T20:04:51Z INFO  dt_instance] received at 2023-07-18 20:04:51.177688490 UTC - from mc-13->source-3 "553" 20:04:51.176426397
[2023-07-18T20:04:53Z INFO  dt_instance] received at 2023-07-18 20:04:53.682744414 UTC - from mc-13->source-3 "558" 20:04:53.681573793
[2023-07-18T20:04:56Z INFO  dt_instance] received at 2023-07-18 20:04:56.189524875 UTC - from mc-13->source-3 "563" 20:04:56.188378115
[2023-07-18T20:04:58Z INFO  dt_instance] received at 2023-07-18 20:04:58.695238294 UTC - from mc-13->source-3 "568" 20:04:58.693643450
[2023-07-18T20:05:01Z INFO  dt_instance] received at 2023-07-18 20:05:01.202152518 UTC - from mc-13->source-3 "573" 20:05:01.200376721
[2023-07-18T20:05:03Z INFO  dt_instance] received at 2023-07-18 20:05:03.707248382 UTC - from mc-13->source-3 "578" 20:05:03.705804276
[2023-07-18T20:05:06Z INFO  dt_instance] received at 2023-07-18 20:05:06.213117187 UTC - from mc-13->source-3 "583" 20:05:06.211753862
[2023-07-18T20:05:08Z INFO  dt_instance] received at 2023-07-18 20:05:08.718980120 UTC - from mc-13->source-3 "588" 20:05:08.717439803
[2023-07-18T20:05:11Z INFO  dt_instance] received at 2023-07-18 20:05:11.228597792 UTC - from mc-13->source-3 "593" 20:05:11.224377528
[2023-07-18T20:05:13Z INFO  dt_instance] received at 2023-07-18 20:05:13.732645616 UTC - from mc-13->source-3 "598" 20:05:13.731312776
[2023-07-18T20:05:16Z INFO  dt_instance] received at 2023-07-18 20:05:16.238397768 UTC - from mc-13->source-3 "603" 20:05:16.236637082
[2023-07-18T20:05:18Z INFO  dt_instance] received at 2023-07-18 20:05:18.746604322 UTC - from mc-13->source-3 "608" 20:05:18.744917152
[2023-07-18T20:05:21Z INFO  dt_instance] received at 2023-07-18 20:05:21.254129971 UTC - from mc-13->source-3 "613" 20:05:21.251770449
[2023-07-18T20:05:23Z INFO  dt_instance] received at 2023-07-18 20:05:23.759533165 UTC - from mc-13->source-3 "618" 20:05:23.757780249
[2023-07-18T20:05:26Z INFO  dt_instance] received at 2023-07-18 20:05:26.264712523 UTC - from mc-13->source-3 "623" 20:05:26.263109528
[2023-07-18T20:05:28Z INFO  dt_instance] received at 2023-07-18 20:05:28.769579808 UTC - from mc-13->source-3 "628" 20:05:28.768250964
[2023-07-18T20:05:31Z INFO  dt_instance] received at 2023-07-18 20:05:31.274882454 UTC - from mc-13->source-3 "633" 20:05:31.273105069
[2023-07-18T20:05:33Z INFO  dt_instance] received at 2023-07-18 20:05:33.780101761 UTC - from mc-13->source-3 "638" 20:05:33.778659577
[2023-07-18T20:05:36Z INFO  dt_instance] received at 2023-07-18 20:05:36.284899924 UTC - from mc-13->source-3 "643" 20:05:36.283791678
[2023-07-18T20:05:38Z INFO  dt_instance] received at 2023-07-18 20:05:38.790992430 UTC - from mc-13->source-3 "648" 20:05:38.789571782
[2023-07-18T20:05:41Z INFO  dt_instance] received at 2023-07-18 20:05:41.297845641 UTC - from mc-13->source-3 "653" 20:05:41.296292570
[2023-07-18T20:05:43Z INFO  dt_instance] received at 2023-07-18 20:05:43.802007669 UTC - from mc-13->source-3 "658" 20:05:43.800677839
[2023-07-18T20:05:46Z INFO  dt_instance] received at 2023-07-18 20:05:46.308737235 UTC - from mc-13->source-3 "663" 20:05:46.306689859
[2023-07-18T20:05:48Z INFO  dt_instance] received at 2023-07-18 20:05:48.815248753 UTC - from mc-13->source-3 "668" 20:05:48.814177947
[2023-07-18T20:05:51Z INFO  dt_instance] received at 2023-07-18 20:05:51.320402619 UTC - from mc-13->source-3 "673" 20:05:51.319196569
[2023-07-18T20:05:53Z INFO  dt_instance] received at 2023-07-18 20:05:53.826667295 UTC - from mc-13->source-1 "683" 20:05:53.825092988
[2023-07-18T20:05:56Z INFO  dt_instance] received at 2023-07-18 20:05:56.332459718 UTC - from mc-13->source-1 "688" 20:05:56.330383960
[2023-07-18T20:05:58Z INFO  dt_instance] received at 2023-07-18 20:05:58.837972112 UTC - from mc-13->source-1 "693" 20:05:58.836020741
[2023-07-18T20:06:01Z INFO  dt_instance] received at 2023-07-18 20:06:01.343965139 UTC - from mc-13->source-1 "698" 20:06:01.341945934
[2023-07-18T20:06:03Z INFO  dt_instance] received at 2023-07-18 20:06:03.851209065 UTC - from mc-13->source-1 "703" 20:06:03.849484561
[2023-07-18T20:06:06Z INFO  dt_instance] received at 2023-07-18 20:06:06.356368937 UTC - from mc-13->source-3 "703" 20:06:06.354924213
[2023-07-18T20:06:08Z INFO  dt_instance] received at 2023-07-18 20:06:08.863130272 UTC - from mc-13->source-1 "713" 20:06:08.861128290
[2023-07-18T20:06:11Z INFO  dt_instance] received at 2023-07-18 20:06:11.368364395 UTC - from mc-13->source-1 "718" 20:06:11.366621253
[2023-07-18T20:06:13Z INFO  dt_instance] received at 2023-07-18 20:06:13.874821852 UTC - from mc-13->source-3 "718" 20:06:13.873375495
[2023-07-18T20:06:16Z INFO  dt_instance] received at 2023-07-18 20:06:16.380902768 UTC - from mc-13->source-3 "723" 20:06:16.379760853
[2023-07-18T20:06:18Z INFO  dt_instance] received at 2023-07-18 20:06:18.888231753 UTC - from mc-13->source-3 "728" 20:06:18.886200961
[2023-07-18T20:06:21Z INFO  dt_instance] received at 2023-07-18 20:06:21.392865037 UTC - from mc-13->source-3 "733" 20:06:21.391583968
[2023-07-18T20:06:23Z INFO  dt_instance] received at 2023-07-18 20:06:23.898675085 UTC - from mc-13->source-1 "743" 20:06:23.897227869
[2023-07-18T20:06:26Z INFO  dt_instance] received at 2023-07-18 20:06:26.404283310 UTC - from mc-13->source-1 "748" 20:06:26.402562752
[2023-07-18T20:06:28Z INFO  dt_instance] received at 2023-07-18 20:06:28.909849974 UTC - from mc-13->source-1 "753" 20:06:28.907932151
[2023-07-18T20:06:31Z INFO  dt_instance] received at 2023-07-18 20:06:31.414526541 UTC - from mc-13->source-1 "758" 20:06:31.413176954
[2023-07-18T20:06:33Z INFO  dt_instance] received at 2023-07-18 20:06:33.925789448 UTC - from mc-13->source-1 "763" 20:06:33.924285554
[2023-07-18T20:06:36Z INFO  dt_instance] received at 2023-07-18 20:06:36.432629496 UTC - from mc-13->source-1 "768" 20:06:36.431118280
[2023-07-18T20:06:38Z INFO  dt_instance] received at 2023-07-18 20:06:38.940892036 UTC - from mc-13->source-1 "773" 20:06:38.939122217
[2023-07-18T20:06:41Z INFO  dt_instance] received at 2023-07-18 20:06:41.446250089 UTC - from mc-13->source-1 "778" 20:06:41.444779418
[2023-07-18T20:06:43Z INFO  dt_instance] received at 2023-07-18 20:06:43.951618363 UTC - from mc-13->source-1 "783" 20:06:43.949610936
[2023-07-18T20:06:46Z INFO  dt_instance] received at 2023-07-18 20:06:46.456872575 UTC - from mc-13->source-1 "788" 20:06:46.455470244
[2023-07-18T20:06:48Z INFO  dt_instance] received at 2023-07-18 20:06:48.963488814 UTC - from mc-13->source-1 "793" 20:06:48.961556700
[2023-07-18T20:06:51Z INFO  dt_instance] received at 2023-07-18 20:06:51.469483137 UTC - from mc-13->source-1 "798" 20:06:51.467954804
[2023-07-18T20:06:53Z INFO  dt_instance] received at 2023-07-18 20:06:53.977139603 UTC - from mc-13->source-1 "803" 20:06:53.975179897
[2023-07-18T20:06:56Z INFO  dt_instance] received at 2023-07-18 20:06:56.483400565 UTC - from mc-13->source-1 "808" 20:06:56.481323919
[2023-07-18T20:06:58Z INFO  dt_instance] received at 2023-07-18 20:06:58.989897483 UTC - from mc-13->source-1 "813" 20:06:58.988261214
[2023-07-18T20:07:01Z INFO  dt_instance] received at 2023-07-18 20:07:01.498021684 UTC - from mc-13->source-1 "818" 20:07:01.494712259
[2023-07-18T20:07:04Z INFO  dt_instance] received at 2023-07-18 20:07:04.002827364 UTC - from mc-13->source-1 "823" 20:07:04.000961883
[2023-07-18T20:07:06Z INFO  dt_instance] received at 2023-07-18 20:07:06.508230445 UTC - from mc-13->source-1 "828" 20:07:06.506816202
[2023-07-18T20:07:09Z INFO  dt_instance] received at 2023-07-18 20:07:09.013312175 UTC - from mc-13->source-1 "833" 20:07:09.011980120
[2023-07-18T20:07:11Z INFO  dt_instance] received at 2023-07-18 20:07:11.518502434 UTC - from mc-13->source-1 "838" 20:07:11.517266060
[2023-07-18T20:07:14Z INFO  dt_instance] received at 2023-07-18 20:07:14.031268945 UTC - from mc-13->source-1 "843" 20:07:14.024829020
[2023-07-18T20:07:16Z INFO  dt_instance] received at 2023-07-18 20:07:16.532341055 UTC - from mc-13->source-1 "848" 20:07:16.530760588
[2023-07-18T20:07:19Z INFO  dt_instance] received at 2023-07-18 20:07:19.053659684 UTC - from mc-13->source-1 "853" 20:07:19.051921241
[2023-07-18T20:07:21Z INFO  dt_instance] received at 2023-07-18 20:07:21.558614287 UTC - from mc-13->source-1 "858" 20:07:21.556904154
[2023-07-18T20:07:24Z INFO  dt_instance] received at 2023-07-18 20:07:24.064725518 UTC - from mc-13->source-1 "863" 20:07:24.063178131
[2023-07-18T20:07:26Z INFO  dt_instance] received at 2023-07-18 20:07:26.568676895 UTC - from mc-13->source-1 "868" 20:07:26.567475362
[2023-07-18T20:07:29Z INFO  dt_instance] received at 2023-07-18 20:07:29.078203551 UTC - from mc-13->source-1 "873" 20:07:29.073788200
[2023-07-18T20:07:31Z INFO  dt_instance] received at 2023-07-18 20:07:31.580718603 UTC - from mc-13->source-1 "878" 20:07:31.579314041
[2023-07-18T20:07:34Z INFO  dt_instance] received at 2023-07-18 20:07:34.086498609 UTC - from mc-13->source-1 "883" 20:07:34.085095006
[2023-07-18T20:07:36Z INFO  dt_instance] received at 2023-07-18 20:07:36.592872061 UTC - from mc-13->source-1 "888" 20:07:36.590990980
[2023-07-18T20:07:39Z INFO  dt_instance] received at 2023-07-18 20:07:39.098399408 UTC - from mc-13->source-1 "893" 20:07:39.096732886
[2023-07-18T20:07:41Z INFO  dt_instance] received at 2023-07-18 20:07:41.604707978 UTC - from mc-13->source-1 "898" 20:07:41.602960067
[2023-07-18T20:07:44Z INFO  dt_instance] received at 2023-07-18 20:07:44.109984805 UTC - from mc-13->source-1 "903" 20:07:44.108636519
[2023-07-18T20:07:46Z INFO  dt_instance] received at 2023-07-18 20:07:46.616613332 UTC - from mc-13->source-1 "908" 20:07:46.614830804
[2023-07-18T20:07:49Z INFO  dt_instance] received at 2023-07-18 20:07:49.121329089 UTC - from mc-13->source-1 "913" 20:07:49.119806292
[2023-07-18T20:07:51Z INFO  dt_instance] received at 2023-07-18 20:07:51.626664088 UTC - from mc-13->source-1 "918" 20:07:51.624943748
[2023-07-18T20:07:54Z INFO  dt_instance] received at 2023-07-18 20:07:54.131705556 UTC - from mc-13->source-1 "923" 20:07:54.129804121
[2023-07-18T20:07:56Z INFO  dt_instance] received at 2023-07-18 20:07:56.636280587 UTC - from mc-13->source-1 "928" 20:07:56.634649643
[2023-07-18T20:07:59Z INFO  dt_instance] received at 2023-07-18 20:07:59.141423171 UTC - from mc-13->source-1 "933" 20:07:59.139636875
[2023-07-18T20:08:01Z INFO  dt_instance] received at 2023-07-18 20:08:01.646740897 UTC - from mc-13->source-1 "938" 20:08:01.645169283
[2023-07-18T20:08:04Z INFO  dt_instance] received at 2023-07-18 20:08:04.153538962 UTC - from mc-13->source-1 "943" 20:08:04.152127022
[2023-07-18T20:08:06Z INFO  dt_instance] received at 2023-07-18 20:08:06.663859780 UTC - from mc-13->source-1 "948" 20:08:06.660272988
[2023-07-18T20:08:09Z INFO  dt_instance] received at 2023-07-18 20:08:09.166466883 UTC - from mc-13->source-1 "953" 20:08:09.165050399
[2023-07-18T20:08:11Z INFO  dt_instance] received at 2023-07-18 20:08:11.673293334 UTC - from mc-13->source-1 "958" 20:08:11.671404231
[2023-07-18T20:08:14Z INFO  dt_instance] received at 2023-07-18 20:08:14.178726957 UTC - from mc-13->source-1 "963" 20:08:14.177242419
[2023-07-18T20:08:16Z INFO  dt_instance] received at 2023-07-18 20:08:16.683837996 UTC - from mc-13->source-1 "968" 20:08:16.681806684
[2023-07-18T20:08:19Z INFO  dt_instance] received at 2023-07-18 20:08:19.188214411 UTC - from mc-13->source-1 "973" 20:08:19.186710657
[2023-07-18T20:08:21Z INFO  dt_instance] received at 2023-07-18 20:08:21.694068595 UTC - from mc-13->source-1 "978" 20:08:21.692634328
[2023-07-18T20:08:24Z INFO  dt_instance] received at 2023-07-18 20:08:24.201877897 UTC - from mc-13->source-1 "983" 20:08:24.200477076
[2023-07-18T20:08:26Z INFO  dt_instance] received at 2023-07-18 20:08:26.709843669 UTC - from mc-13->source-1 "988" 20:08:26.708401300
[2023-07-18T20:08:29Z INFO  dt_instance] received at 2023-07-18 20:08:29.217943878 UTC - from mc-13->source-1 "993" 20:08:29.213673059
[2023-07-18T20:08:31Z INFO  dt_instance] received at 2023-07-18 20:08:31.984622086 UTC - from mc-13->source-8 "981" 20:08:31.983089597
[2023-07-18T20:08:35Z INFO  dt_instance] received at 2023-07-18 20:08:35.157339493 UTC - from mc-13->source-9 "985" 20:08:35.156006681
[2023-07-18T20:08:42Z INFO  dt_instance] received at 2023-07-18 20:08:42.179088566 UTC - from mc-13->source-9 "999" 20:08:42.176049706
