[2023-07-18T19:47:37Z INFO  dt_instance] Current Twin: mc-twin-3
[2023-07-18T19:47:37Z INFO  dt_instance] Replica Name twin-mc-stateful-3
[2023-07-18T19:47:37Z INFO  dt_instance] Sleeping for 150
[2023-07-18T19:50:07Z INFO  dt_instance] Connecting to broker at emqx.dtwins:1883
[2023-07-18T19:50:07Z INFO  dt_instance] Loggin info each 50 messages
[2023-07-18T19:50:07Z INFO  dt_instance] Set max packet size to 60000 KB.
[2023-07-18T19:50:07Z INFO  dt_instance] Refreshing topics for twin - Listen to mc-3/#
[2023-07-18T19:50:07Z INFO  dt_instance] SubAck { pkid: 1, return_codes: [Success(ExactlyOnce)] }
[2023-07-18T19:51:14Z INFO  dt_instance] received at 2023-07-18 19:51:14.692497914 UTC - from mc-3->source-2 "9" 19:51:14.691281860
[2023-07-18T19:51:17Z INFO  dt_instance] received at 2023-07-18 19:51:17.946948912 UTC - from mc-3->source-3 "13" 19:51:17.945862451
[2023-07-18T19:51:20Z INFO  dt_instance] received at 2023-07-18 19:51:20.468878288 UTC - from mc-3->source-1 "23" 19:51:20.459380353
[2023-07-18T19:51:22Z INFO  dt_instance] received at 2023-07-18 19:51:22.968555341 UTC - from mc-3->source-1 "28" 19:51:22.967431765
[2023-07-18T19:51:25Z INFO  dt_instance] received at 2023-07-18 19:51:25.474196418 UTC - from mc-3->source-1 "33" 19:51:25.473248254
[2023-07-18T19:51:27Z INFO  dt_instance] received at 2023-07-18 19:51:27.981556142 UTC - from mc-3->source-1 "38" 19:51:27.980528340
[2023-07-18T19:51:30Z INFO  dt_instance] received at 2023-07-18 19:51:30.489037984 UTC - from mc-3->source-1 "43" 19:51:30.486129079
[2023-07-18T19:51:32Z INFO  dt_instance] received at 2023-07-18 19:51:32.999410416 UTC - from mc-3->source-1 "48" 19:51:32.992014751
[2023-07-18T19:51:35Z INFO  dt_instance] received at 2023-07-18 19:51:35.498186803 UTC - from mc-3->source-1 "53" 19:51:35.497257031
[2023-07-18T19:51:38Z INFO  dt_instance] received at 2023-07-18 19:51:38.005131982 UTC - from mc-3->source-1 "58" 19:51:38.004208514
[2023-07-18T19:51:40Z INFO  dt_instance] received at 2023-07-18 19:51:40.511496975 UTC - from mc-3->source-1 "63" 19:51:40.510396381
[2023-07-18T19:51:43Z INFO  dt_instance] received at 2023-07-18 19:51:43.017578612 UTC - from mc-3->source-1 "68" 19:51:43.016382110
[2023-07-18T19:51:45Z INFO  dt_instance] received at 2023-07-18 19:51:45.522589989 UTC - from mc-3->source-1 "73" 19:51:45.521228142
[2023-07-18T19:51:48Z INFO  dt_instance] received at 2023-07-18 19:51:48.028003584 UTC - from mc-3->source-1 "78" 19:51:48.027173082
[2023-07-18T19:51:50Z INFO  dt_instance] received at 2023-07-18 19:51:50.534133027 UTC - from mc-3->source-1 "83" 19:51:50.532727997
[2023-07-18T19:51:53Z INFO  dt_instance] received at 2023-07-18 19:51:53.044594598 UTC - from mc-3->source-1 "88" 19:51:53.040107700
[2023-07-18T19:51:55Z INFO  dt_instance] received at 2023-07-18 19:51:55.546223889 UTC - from mc-3->source-1 "93" 19:51:55.545352718
[2023-07-18T19:51:58Z INFO  dt_instance] received at 2023-07-18 19:51:58.050963013 UTC - from mc-3->source-1 "98" 19:51:58.049890844
[2023-07-18T19:52:00Z INFO  dt_instance] received at 2023-07-18 19:52:00.558169280 UTC - from mc-3->source-1 "103" 19:52:00.555388832
[2023-07-18T19:52:03Z INFO  dt_instance] received at 2023-07-18 19:52:03.061453718 UTC - from mc-3->source-1 "108" 19:52:03.060461687
[2023-07-18T19:52:05Z INFO  dt_instance] received at 2023-07-18 19:52:05.566380386 UTC - from mc-3->source-1 "113" 19:52:05.565361524
[2023-07-18T19:52:08Z INFO  dt_instance] received at 2023-07-18 19:52:08.088621657 UTC - from mc-3->source-1 "118" 19:52:08.087578594
[2023-07-18T19:52:10Z INFO  dt_instance] received at 2023-07-18 19:52:10.599591320 UTC - from mc-3->source-1 "123" 19:52:10.598696580
[2023-07-18T19:52:13Z INFO  dt_instance] received at 2023-07-18 19:52:13.106889831 UTC - from mc-3->source-1 "128" 19:52:13.105768343
[2023-07-18T19:52:15Z INFO  dt_instance] received at 2023-07-18 19:52:15.614970487 UTC - from mc-3->source-1 "133" 19:52:15.612354047
[2023-07-18T19:52:18Z INFO  dt_instance] received at 2023-07-18 19:52:18.119543449 UTC - from mc-3->source-1 "138" 19:52:18.118520351
[2023-07-18T19:52:20Z INFO  dt_instance] received at 2023-07-18 19:52:20.624832152 UTC - from mc-3->source-1 "143" 19:52:20.623640973
[2023-07-18T19:52:23Z INFO  dt_instance] received at 2023-07-18 19:52:23.143270937 UTC - from mc-3->source-1 "148" 19:52:23.129383457
[2023-07-18T19:52:25Z INFO  dt_instance] received at 2023-07-18 19:52:25.636138684 UTC - from mc-3->source-1 "153" 19:52:25.634990936
[2023-07-18T19:52:28Z INFO  dt_instance] received at 2023-07-18 19:52:28.144127901 UTC - from mc-3->source-1 "158" 19:52:28.141350612
[2023-07-18T19:52:30Z INFO  dt_instance] received at 2023-07-18 19:52:30.649999796 UTC - from mc-3->source-1 "163" 19:52:30.647781367
[2023-07-18T19:52:33Z INFO  dt_instance] received at 2023-07-18 19:52:33.156567686 UTC - from mc-3->source-1 "168" 19:52:33.155279240
[2023-07-18T19:52:35Z INFO  dt_instance] received at 2023-07-18 19:52:35.885166241 UTC - from mc-3->source-1 "173" 19:52:35.660443214
[2023-07-18T19:52:38Z INFO  dt_instance] received at 2023-07-18 19:52:38.174650401 UTC - from mc-3->source-1 "178" 19:52:38.165086905
[2023-07-18T19:52:40Z INFO  dt_instance] received at 2023-07-18 19:52:40.672548028 UTC - from mc-3->source-1 "183" 19:52:40.671415903
[2023-07-18T19:52:43Z INFO  dt_instance] received at 2023-07-18 19:52:43.180036358 UTC - from mc-3->source-1 "188" 19:52:43.178851357
[2023-07-18T19:52:45Z INFO  dt_instance] received at 2023-07-18 19:52:45.694083175 UTC - from mc-3->source-1 "193" 19:52:45.684293825
[2023-07-18T19:52:48Z INFO  dt_instance] received at 2023-07-18 19:52:48.190337981 UTC - from mc-3->source-1 "198" 19:52:48.189149721
[2023-07-18T19:52:50Z INFO  dt_instance] received at 2023-07-18 19:52:50.696041650 UTC - from mc-3->source-1 "203" 19:52:50.694990166
[2023-07-18T19:52:53Z INFO  dt_instance] received at 2023-07-18 19:52:53.200812776 UTC - from mc-3->source-1 "208" 19:52:53.200007805
[2023-07-18T19:52:55Z INFO  dt_instance] received at 2023-07-18 19:52:55.712711771 UTC - from mc-3->source-1 "213" 19:52:55.706264090
[2023-07-18T19:52:58Z INFO  dt_instance] received at 2023-07-18 19:52:58.212090571 UTC - from mc-3->source-1 "218" 19:52:58.211096606
[2023-07-18T19:53:00Z INFO  dt_instance] received at 2023-07-18 19:53:00.718018457 UTC - from mc-3->source-1 "223" 19:53:00.717007480
[2023-07-18T19:53:03Z INFO  dt_instance] received at 2023-07-18 19:53:03.223777231 UTC - from mc-3->source-1 "228" 19:53:03.222754766
[2023-07-18T19:53:05Z INFO  dt_instance] received at 2023-07-18 19:53:05.731385429 UTC - from mc-3->source-1 "233" 19:53:05.729756306
[2023-07-18T19:53:08Z INFO  dt_instance] received at 2023-07-18 19:53:08.237350198 UTC - from mc-3->source-1 "238" 19:53:08.236290965
[2023-07-18T19:53:10Z INFO  dt_instance] received at 2023-07-18 19:53:10.742397400 UTC - from mc-3->source-1 "243" 19:53:10.741270810
[2023-07-18T19:53:13Z INFO  dt_instance] received at 2023-07-18 19:53:13.257828296 UTC - from mc-3->source-1 "248" 19:53:13.256879876
[2023-07-18T19:53:15Z INFO  dt_instance] received at 2023-07-18 19:53:15.765818002 UTC - from mc-3->source-1 "253" 19:53:15.763632275
[2023-07-18T19:53:18Z INFO  dt_instance] received at 2023-07-18 19:53:18.273206498 UTC - from mc-3->source-1 "258" 19:53:18.269743337
[2023-07-18T19:53:20Z INFO  dt_instance] received at 2023-07-18 19:53:20.776167139 UTC - from mc-3->source-9 "243" 19:53:20.774937695
[2023-07-18T19:53:23Z INFO  dt_instance] received at 2023-07-18 19:53:23.290625390 UTC - from mc-3->source-9 "248" 19:53:23.289671661
[2023-07-18T19:53:25Z INFO  dt_instance] received at 2023-07-18 19:53:25.797320714 UTC - from mc-3->source-1 "273" 19:53:25.795635608
[2023-07-18T19:53:28Z INFO  dt_instance] received at 2023-07-18 19:53:28.303725718 UTC - from mc-3->source-9 "258" 19:53:28.301345729
[2023-07-18T19:53:30Z INFO  dt_instance] received at 2023-07-18 19:53:30.808092390 UTC - from mc-3->source-1 "283" 19:53:30.806885756
[2023-07-18T19:53:33Z INFO  dt_instance] received at 2023-07-18 19:53:33.318240829 UTC - from mc-3->source-9 "268" 19:53:33.313633976
[2023-07-18T19:53:35Z INFO  dt_instance] received at 2023-07-18 19:53:35.821805727 UTC - from mc-3->source-9 "273" 19:53:35.820255273
[2023-07-18T19:53:38Z INFO  dt_instance] received at 2023-07-18 19:53:38.326591198 UTC - from mc-3->source-9 "278" 19:53:38.325159721
[2023-07-18T19:53:40Z INFO  dt_instance] received at 2023-07-18 19:53:40.833881302 UTC - from mc-3->source-9 "283" 19:53:40.832803495
[2023-07-18T19:53:43Z INFO  dt_instance] received at 2023-07-18 19:53:43.340708015 UTC - from mc-3->source-9 "288" 19:53:43.339213610
[2023-07-18T19:53:45Z INFO  dt_instance] received at 2023-07-18 19:53:45.845604797 UTC - from mc-3->source-9 "293" 19:53:45.844456874
[2023-07-18T19:53:48Z INFO  dt_instance] received at 2023-07-18 19:53:48.352251028 UTC - from mc-3->source-9 "298" 19:53:48.351047522
[2023-07-18T19:53:50Z INFO  dt_instance] received at 2023-07-18 19:53:50.857098897 UTC - from mc-3->source-9 "303" 19:53:50.855931841
[2023-07-18T19:53:53Z INFO  dt_instance] received at 2023-07-18 19:53:53.368958515 UTC - from mc-3->source-1 "328" 19:53:53.361102910
[2023-07-18T19:53:55Z INFO  dt_instance] received at 2023-07-18 19:53:55.869096960 UTC - from mc-3->source-9 "313" 19:53:55.868155290
[2023-07-18T19:53:58Z INFO  dt_instance] received at 2023-07-18 19:53:58.376984318 UTC - from mc-3->source-9 "318" 19:53:58.375536087
[2023-07-18T19:54:00Z INFO  dt_instance] received at 2023-07-18 19:54:00.882727212 UTC - from mc-3->source-1 "343" 19:54:00.881329189
[2023-07-18T19:54:03Z INFO  dt_instance] received at 2023-07-18 19:54:03.388513613 UTC - from mc-3->source-9 "328" 19:54:03.387377140
[2023-07-18T19:54:05Z INFO  dt_instance] received at 2023-07-18 19:54:05.894300502 UTC - from mc-3->source-9 "333" 19:54:05.893110875
[2023-07-18T19:54:08Z INFO  dt_instance] received at 2023-07-18 19:54:08.399525490 UTC - from mc-3->source-9 "338" 19:54:08.398321060
[2023-07-18T19:54:10Z INFO  dt_instance] received at 2023-07-18 19:54:10.907926650 UTC - from mc-3->source-9 "343" 19:54:10.905737101
[2023-07-18T19:54:13Z INFO  dt_instance] received at 2023-07-18 19:54:13.412758289 UTC - from mc-3->source-9 "348" 19:54:13.411807851
[2023-07-18T19:54:15Z INFO  dt_instance] received at 2023-07-18 19:54:15.918260505 UTC - from mc-3->source-9 "353" 19:54:15.917178545
[2023-07-18T19:54:18Z INFO  dt_instance] received at 2023-07-18 19:54:18.427355485 UTC - from mc-3->source-9 "358" 19:54:18.423584232
[2023-07-18T19:54:20Z INFO  dt_instance] received at 2023-07-18 19:54:20.930514551 UTC - from mc-3->source-9 "363" 19:54:20.929431603
[2023-07-18T19:54:23Z INFO  dt_instance] received at 2023-07-18 19:54:23.446319425 UTC - from mc-3->source-9 "368" 19:54:23.435272921
[2023-07-18T19:54:25Z INFO  dt_instance] received at 2023-07-18 19:54:25.958827492 UTC - from mc-3->source-9 "373" 19:54:25.945411669
[2023-07-18T19:54:28Z INFO  dt_instance] received at 2023-07-18 19:54:28.459571945 UTC - from mc-3->source-1 "398" 19:54:28.458664085
[2023-07-18T19:54:30Z INFO  dt_instance] received at 2023-07-18 19:54:30.966472185 UTC - from mc-3->source-9 "383" 19:54:30.964966238
[2023-07-18T19:54:33Z INFO  dt_instance] received at 2023-07-18 19:54:33.471928653 UTC - from mc-3->source-1 "408" 19:54:33.470797544
[2023-07-18T19:54:35Z INFO  dt_instance] received at 2023-07-18 19:54:35.977917020 UTC - from mc-3->source-1 "413" 19:54:35.976257867
[2023-07-18T19:54:38Z INFO  dt_instance] received at 2023-07-18 19:54:38.508968564 UTC - from mc-3->source-1 "418" 19:54:38.489030753
[2023-07-18T19:54:41Z INFO  dt_instance] received at 2023-07-18 19:54:41.003005649 UTC - from mc-3->source-9 "403" 19:54:40.997346365
[2023-07-18T19:54:43Z INFO  dt_instance] received at 2023-07-18 19:54:43.504435246 UTC - from mc-3->source-9 "408" 19:54:43.502100758
[2023-07-18T19:54:46Z INFO  dt_instance] received at 2023-07-18 19:54:46.009209246 UTC - from mc-3->source-9 "413" 19:54:46.008148480
[2023-07-18T19:54:48Z INFO  dt_instance] received at 2023-07-18 19:54:48.515272895 UTC - from mc-3->source-9 "418" 19:54:48.514235470
[2023-07-18T19:54:51Z INFO  dt_instance] received at 2023-07-18 19:54:51.021909278 UTC - from mc-3->source-1 "443" 19:54:51.018406277
[2023-07-18T19:54:53Z INFO  dt_instance] received at 2023-07-18 19:54:53.527023140 UTC - from mc-3->source-9 "428" 19:54:53.525115552
[2023-07-18T19:54:56Z INFO  dt_instance] received at 2023-07-18 19:54:56.033847214 UTC - from mc-3->source-9 "433" 19:54:56.032043517
[2023-07-18T19:54:58Z INFO  dt_instance] received at 2023-07-18 19:54:58.547287143 UTC - from mc-3->source-1 "458" 19:54:58.537901517
[2023-07-18T19:55:01Z INFO  dt_instance] received at 2023-07-18 19:55:01.045241808 UTC - from mc-3->source-9 "443" 19:55:01.043646774
[2023-07-18T19:55:03Z INFO  dt_instance] received at 2023-07-18 19:55:03.551308167 UTC - from mc-3->source-1 "468" 19:55:03.550293505
[2023-07-18T19:55:06Z INFO  dt_instance] received at 2023-07-18 19:55:06.061200628 UTC - from mc-3->source-9 "453" 19:55:06.056885429
[2023-07-18T19:55:08Z INFO  dt_instance] received at 2023-07-18 19:55:08.565030468 UTC - from mc-3->source-9 "458" 19:55:08.563363192
[2023-07-18T19:55:11Z INFO  dt_instance] received at 2023-07-18 19:55:11.072221320 UTC - from mc-3->source-1 "483" 19:55:11.069601177
[2023-07-18T19:55:13Z INFO  dt_instance] received at 2023-07-18 19:55:13.589616136 UTC - from mc-3->source-9 "468" 19:55:13.577111417
[2023-07-18T19:55:16Z INFO  dt_instance] received at 2023-07-18 19:55:16.088772765 UTC - from mc-3->source-9 "473" 19:55:16.083085706
[2023-07-18T19:55:18Z INFO  dt_instance] received at 2023-07-18 19:55:18.591098633 UTC - from mc-3->source-9 "478" 19:55:18.589361299
[2023-07-18T19:55:21Z INFO  dt_instance] received at 2023-07-18 19:55:21.105822664 UTC - from mc-3->source-9 "483" 19:55:21.094488511
[2023-07-18T19:55:23Z INFO  dt_instance] received at 2023-07-18 19:55:23.602707844 UTC - from mc-3->source-9 "488" 19:55:23.599198957
[2023-07-18T19:55:26Z INFO  dt_instance] received at 2023-07-18 19:55:26.106333872 UTC - from mc-3->source-1 "513" 19:55:26.104931580
[2023-07-18T19:55:28Z INFO  dt_instance] received at 2023-07-18 19:55:28.617300144 UTC - from mc-3->source-9 "498" 19:55:28.611881124
[2023-07-18T19:55:31Z INFO  dt_instance] received at 2023-07-18 19:55:31.119522149 UTC - from mc-3->source-9 "503" 19:55:31.118488318
[2023-07-18T19:55:33Z INFO  dt_instance] received at 2023-07-18 19:55:33.624382698 UTC - from mc-3->source-9 "508" 19:55:33.623219154
[2023-07-18T19:55:36Z INFO  dt_instance] received at 2023-07-18 19:55:36.130755544 UTC - from mc-3->source-1 "533" 19:55:36.128824636
[2023-07-18T19:55:38Z INFO  dt_instance] received at 2023-07-18 19:55:38.635787260 UTC - from mc-3->source-9 "518" 19:55:38.634680146
[2023-07-18T19:55:41Z INFO  dt_instance] received at 2023-07-18 19:55:41.142209758 UTC - from mc-3->source-1 "543" 19:55:41.140895830
[2023-07-18T19:55:43Z INFO  dt_instance] received at 2023-07-18 19:55:43.657014453 UTC - from mc-3->source-1 "548" 19:55:43.656266035
[2023-07-18T19:55:46Z INFO  dt_instance] received at 2023-07-18 19:55:46.165173180 UTC - from mc-3->source-1 "553" 19:55:46.163734272
[2023-07-18T19:55:48Z INFO  dt_instance] received at 2023-07-18 19:55:48.671603519 UTC - from mc-3->source-1 "558" 19:55:48.670381869
[2023-07-18T19:55:51Z INFO  dt_instance] received at 2023-07-18 19:55:51.177633792 UTC - from mc-3->source-1 "563" 19:55:51.176619831
[2023-07-18T19:55:53Z INFO  dt_instance] received at 2023-07-18 19:55:53.684753911 UTC - from mc-3->source-1 "568" 19:55:53.682230840
[2023-07-18T19:55:56Z INFO  dt_instance] received at 2023-07-18 19:55:56.190909848 UTC - from mc-3->source-1 "573" 19:55:56.188575348
[2023-07-18T19:55:58Z INFO  dt_instance] received at 2023-07-18 19:55:58.694561324 UTC - from mc-3->source-1 "578" 19:55:58.693471081
[2023-07-18T19:56:01Z INFO  dt_instance] received at 2023-07-18 19:56:01.217155479 UTC - from mc-3->source-1 "583" 19:56:01.207313041
[2023-07-18T19:56:03Z INFO  dt_instance] received at 2023-07-18 19:56:03.715088062 UTC - from mc-3->source-1 "588" 19:56:03.713898479
[2023-07-18T19:56:06Z INFO  dt_instance] received at 2023-07-18 19:56:06.221445708 UTC - from mc-3->source-1 "593" 19:56:06.220365461
[2023-07-18T19:56:08Z INFO  dt_instance] received at 2023-07-18 19:56:08.726227779 UTC - from mc-3->source-1 "598" 19:56:08.724863020
[2023-07-18T19:56:11Z INFO  dt_instance] received at 2023-07-18 19:56:11.232773982 UTC - from mc-3->source-1 "603" 19:56:11.231525054
[2023-07-18T19:56:13Z INFO  dt_instance] received at 2023-07-18 19:56:13.738334154 UTC - from mc-3->source-1 "608" 19:56:13.737368504
[2023-07-18T19:56:16Z INFO  dt_instance] received at 2023-07-18 19:56:16.246757488 UTC - from mc-3->source-1 "613" 19:56:16.243731727
[2023-07-18T19:56:18Z INFO  dt_instance] received at 2023-07-18 19:56:18.751849106 UTC - from mc-3->source-1 "618" 19:56:18.750870287
[2023-07-18T19:56:21Z INFO  dt_instance] received at 2023-07-18 19:56:21.257919598 UTC - from mc-3->source-1 "623" 19:56:21.255822232
[2023-07-18T19:56:23Z INFO  dt_instance] received at 2023-07-18 19:56:23.763752483 UTC - from mc-3->source-1 "628" 19:56:23.760954746
[2023-07-18T19:56:26Z INFO  dt_instance] received at 2023-07-18 19:56:26.268346525 UTC - from mc-3->source-1 "633" 19:56:26.266187635
[2023-07-18T19:56:28Z INFO  dt_instance] received at 2023-07-18 19:56:28.774367933 UTC - from mc-3->source-1 "638" 19:56:28.772394831
[2023-07-18T19:56:31Z INFO  dt_instance] received at 2023-07-18 19:56:31.279050239 UTC - from mc-3->source-1 "643" 19:56:31.278100524
[2023-07-18T19:56:33Z INFO  dt_instance] received at 2023-07-18 19:56:33.786978014 UTC - from mc-3->source-1 "648" 19:56:33.785741837
[2023-07-18T19:56:36Z INFO  dt_instance] received at 2023-07-18 19:56:36.292674214 UTC - from mc-3->source-1 "653" 19:56:36.291330228
[2023-07-18T19:56:38Z INFO  dt_instance] received at 2023-07-18 19:56:38.797029325 UTC - from mc-3->source-1 "658" 19:56:38.796134699
[2023-07-18T19:56:41Z INFO  dt_instance] received at 2023-07-18 19:56:41.303555404 UTC - from mc-3->source-1 "663" 19:56:41.301697912
[2023-07-18T19:56:43Z INFO  dt_instance] received at 2023-07-18 19:56:43.810928158 UTC - from mc-3->source-1 "668" 19:56:43.809536798
[2023-07-18T19:56:46Z INFO  dt_instance] received at 2023-07-18 19:56:46.315716092 UTC - from mc-3->source-1 "673" 19:56:46.315145782
[2023-07-18T19:56:48Z INFO  dt_instance] received at 2023-07-18 19:56:48.822561158 UTC - from mc-3->source-1 "678" 19:56:48.821653694
[2023-07-18T19:56:51Z INFO  dt_instance] received at 2023-07-18 19:56:51.327992504 UTC - from mc-3->source-1 "683" 19:56:51.326763062
[2023-07-18T19:56:53Z INFO  dt_instance] received at 2023-07-18 19:56:53.834594532 UTC - from mc-3->source-1 "688" 19:56:53.833278948
[2023-07-18T19:56:56Z INFO  dt_instance] received at 2023-07-18 19:56:56.339650944 UTC - from mc-3->source-1 "693" 19:56:56.338691820
[2023-07-18T19:56:58Z INFO  dt_instance] received at 2023-07-18 19:56:58.854143020 UTC - from mc-3->source-1 "698" 19:56:58.843021414
[2023-07-18T19:57:01Z INFO  dt_instance] received at 2023-07-18 19:57:01.397585967 UTC - from mc-3->source-1 "703" 19:57:01.349438497
[2023-07-18T19:57:03Z INFO  dt_instance] received at 2023-07-18 19:57:03.856123320 UTC - from mc-3->source-1 "708" 19:57:03.855248661
[2023-07-18T19:57:06Z INFO  dt_instance] received at 2023-07-18 19:57:06.362885743 UTC - from mc-3->source-1 "713" 19:57:06.361929876
[2023-07-18T19:57:08Z INFO  dt_instance] received at 2023-07-18 19:57:08.881467266 UTC - from mc-3->source-5 "708" 19:57:08.876665748
[2023-07-18T19:57:11Z INFO  dt_instance] received at 2023-07-18 19:57:11.397162636 UTC - from mc-3->source-1 "723" 19:57:11.381476639
[2023-07-18T19:57:13Z INFO  dt_instance] received at 2023-07-18 19:57:13.891109106 UTC - from mc-3->source-1 "728" 19:57:13.886232018
[2023-07-18T19:57:16Z INFO  dt_instance] received at 2023-07-18 19:57:16.392627171 UTC - from mc-3->source-5 "723" 19:57:16.391554645
[2023-07-18T19:57:18Z INFO  dt_instance] received at 2023-07-18 19:57:18.899608335 UTC - from mc-3->source-1 "738" 19:57:18.898356076
[2023-07-18T19:57:21Z INFO  dt_instance] received at 2023-07-18 19:57:21.405573468 UTC - from mc-3->source-1 "743" 19:57:21.404555367
[2023-07-18T19:57:23Z INFO  dt_instance] received at 2023-07-18 19:57:23.911777663 UTC - from mc-3->source-1 "748" 19:57:23.909419073
[2023-07-18T19:57:26Z INFO  dt_instance] received at 2023-07-18 19:57:26.415118887 UTC - from mc-3->source-1 "753" 19:57:26.414089721
[2023-07-18T19:57:28Z INFO  dt_instance] received at 2023-07-18 19:57:28.920514807 UTC - from mc-3->source-1 "758" 19:57:28.919306253
[2023-07-18T19:57:31Z INFO  dt_instance] received at 2023-07-18 19:57:31.430218430 UTC - from mc-3->source-1 "763" 19:57:31.425845490
[2023-07-18T19:57:33Z INFO  dt_instance] received at 2023-07-18 19:57:33.933205222 UTC - from mc-3->source-5 "758" 19:57:33.931785347
[2023-07-18T19:57:36Z INFO  dt_instance] received at 2023-07-18 19:57:36.440997871 UTC - from mc-3->source-5 "763" 19:57:36.438111367
[2023-07-18T19:57:38Z INFO  dt_instance] received at 2023-07-18 19:57:38.947820947 UTC - from mc-3->source-5 "768" 19:57:38.943981146
[2023-07-18T19:57:41Z INFO  dt_instance] received at 2023-07-18 19:57:41.452318194 UTC - from mc-3->source-5 "773" 19:57:41.450873906
[2023-07-18T19:57:43Z INFO  dt_instance] received at 2023-07-18 19:57:43.960618344 UTC - from mc-3->source-1 "788" 19:57:43.958757735
[2023-07-18T19:57:46Z INFO  dt_instance] received at 2023-07-18 19:57:46.465511298 UTC - from mc-3->source-1 "793" 19:57:46.464410653
[2023-07-18T19:57:48Z INFO  dt_instance] received at 2023-07-18 19:57:48.979702633 UTC - from mc-3->source-1 "798" 19:57:48.970496519
[2023-07-18T19:57:51Z INFO  dt_instance] received at 2023-07-18 19:57:51.475616049 UTC - from mc-3->source-1 "803" 19:57:51.474806275
[2023-07-18T19:57:53Z INFO  dt_instance] received at 2023-07-18 19:57:53.982943226 UTC - from mc-3->source-1 "808" 19:57:53.980680158
[2023-07-18T19:57:56Z INFO  dt_instance] received at 2023-07-18 19:57:56.489240492 UTC - from mc-3->source-1 "813" 19:57:56.487869909
[2023-07-18T19:57:58Z INFO  dt_instance] received at 2023-07-18 19:57:58.994712480 UTC - from mc-3->source-1 "818" 19:57:58.993404047
[2023-07-18T19:58:01Z INFO  dt_instance] received at 2023-07-18 19:58:01.499050028 UTC - from mc-3->source-1 "823" 19:58:01.498130913
[2023-07-18T19:58:04Z INFO  dt_instance] received at 2023-07-18 19:58:04.005379342 UTC - from mc-3->source-1 "828" 19:58:04.003851511
[2023-07-18T19:58:06Z INFO  dt_instance] received at 2023-07-18 19:58:06.515301673 UTC - from mc-3->source-7 "818" 19:58:06.513672050
[2023-07-18T19:58:09Z INFO  dt_instance] received at 2023-07-18 19:58:09.022909835 UTC - from mc-3->source-7 "823" 19:58:09.021743567
[2023-07-18T19:58:11Z INFO  dt_instance] received at 2023-07-18 19:58:11.527735548 UTC - from mc-3->source-5 "833" 19:58:11.526922630
[2023-07-18T19:58:14Z INFO  dt_instance] received at 2023-07-18 19:58:14.034801841 UTC - from mc-3->source-7 "833" 19:58:14.033207441
[2023-07-18T19:58:16Z INFO  dt_instance] received at 2023-07-18 19:58:16.541563125 UTC - from mc-3->source-7 "838" 19:58:16.540145447
[2023-07-18T19:58:19Z INFO  dt_instance] received at 2023-07-18 19:58:19.046976964 UTC - from mc-3->source-7 "843" 19:58:19.045301054
[2023-07-18T19:58:21Z INFO  dt_instance] received at 2023-07-18 19:58:21.583503875 UTC - from mc-3->source-5 "853" 19:58:21.552451950
[2023-07-18T19:58:24Z INFO  dt_instance] received at 2023-07-18 19:58:24.060696490 UTC - from mc-3->source-5 "858" 19:58:24.058925013
[2023-07-18T19:58:26Z INFO  dt_instance] received at 2023-07-18 19:58:26.564883686 UTC - from mc-3->source-5 "863" 19:58:26.564101347
[2023-07-18T19:58:29Z INFO  dt_instance] received at 2023-07-18 19:58:29.073707196 UTC - from mc-3->source-1 "878" 19:58:29.070388169
[2023-07-18T19:58:31Z INFO  dt_instance] received at 2023-07-18 19:58:31.576605079 UTC - from mc-3->source-1 "883" 19:58:31.575656774
[2023-07-18T19:58:34Z INFO  dt_instance] received at 2023-07-18 19:58:34.091792267 UTC - from mc-3->source-1 "888" 19:58:34.090270196
[2023-07-18T19:58:36Z INFO  dt_instance] received at 2023-07-18 19:58:36.597090230 UTC - from mc-3->source-1 "893" 19:58:36.595500855
[2023-07-18T19:58:39Z INFO  dt_instance] received at 2023-07-18 19:58:39.101726291 UTC - from mc-3->source-1 "898" 19:58:39.099790678
[2023-07-18T19:58:41Z INFO  dt_instance] received at 2023-07-18 19:58:41.607305301 UTC - from mc-3->source-1 "903" 19:58:41.605968110
[2023-07-18T19:58:44Z INFO  dt_instance] received at 2023-07-18 19:58:44.111923065 UTC - from mc-3->source-1 "908" 19:58:44.110802886
[2023-07-18T19:58:46Z INFO  dt_instance] received at 2023-07-18 19:58:46.620996282 UTC - from mc-3->source-1 "913" 19:58:46.618230428
[2023-07-18T19:58:49Z INFO  dt_instance] received at 2023-07-18 19:58:49.126079234 UTC - from mc-3->source-7 "903" 19:58:49.124330070
[2023-07-18T19:58:51Z INFO  dt_instance] received at 2023-07-18 19:58:51.633326328 UTC - from mc-3->source-7 "908" 19:58:51.632055896
[2023-07-18T19:58:54Z INFO  dt_instance] received at 2023-07-18 19:58:54.139353246 UTC - from mc-3->source-7 "913" 19:58:54.138279418
[2023-07-18T19:58:56Z INFO  dt_instance] received at 2023-07-18 19:58:56.645656382 UTC - from mc-3->source-7 "918" 19:58:56.644259809
[2023-07-18T19:58:59Z INFO  dt_instance] received at 2023-07-18 19:58:59.151387917 UTC - from mc-3->source-5 "928" 19:58:59.149954074
[2023-07-18T19:59:01Z INFO  dt_instance] received at 2023-07-18 19:59:01.657243609 UTC - from mc-3->source-1 "943" 19:59:01.656442594
[2023-07-18T19:59:04Z INFO  dt_instance] received at 2023-07-18 19:59:04.162810898 UTC - from mc-3->source-1 "948" 19:59:04.161778510
[2023-07-18T19:59:06Z INFO  dt_instance] received at 2023-07-18 19:59:06.670877734 UTC - from mc-3->source-7 "938" 19:59:06.668897321
[2023-07-18T19:59:09Z INFO  dt_instance] received at 2023-07-18 19:59:09.177867362 UTC - from mc-3->source-1 "958" 19:59:09.176595066
[2023-07-18T19:59:11Z INFO  dt_instance] received at 2023-07-18 19:59:11.683730973 UTC - from mc-3->source-7 "948" 19:59:11.682771130
[2023-07-18T19:59:14Z INFO  dt_instance] received at 2023-07-18 19:59:14.189163762 UTC - from mc-3->source-7 "953" 19:59:14.188127004
[2023-07-18T19:59:16Z INFO  dt_instance] received at 2023-07-18 19:59:16.698454737 UTC - from mc-3->source-7 "958" 19:59:16.693763596
[2023-07-18T19:59:19Z INFO  dt_instance] received at 2023-07-18 19:59:19.201571472 UTC - from mc-3->source-7 "963" 19:59:19.199900428
[2023-07-18T19:59:21Z INFO  dt_instance] received at 2023-07-18 19:59:21.712384110 UTC - from mc-3->source-1 "983" 19:59:21.706356087
[2023-07-18T19:59:24Z INFO  dt_instance] received at 2023-07-18 19:59:24.215905876 UTC - from mc-3->source-7 "973" 19:59:24.214151913
[2023-07-18T19:59:26Z INFO  dt_instance] received at 2023-07-18 19:59:26.723364516 UTC - from mc-3->source-7 "978" 19:59:26.719320511
[2023-07-18T19:59:29Z INFO  dt_instance] received at 2023-07-18 19:59:29.504755178 UTC - from mc-3->source-2 "996" 19:59:29.500728138
[2023-07-18T19:59:32Z INFO  dt_instance] received at 2023-07-18 19:59:32.696996542 UTC - from mc-3->source-9 "985" 19:59:32.696023644
[2023-07-18T19:59:39Z INFO  dt_instance] received at 2023-07-18 19:59:39.713547257 UTC - from mc-3->source-9 "999" 19:59:39.712191327
