[2023-07-18T19:47:28Z INFO  dt_instance] Current Twin: mc-twin-1
[2023-07-18T19:47:28Z INFO  dt_instance] Replica Name twin-mc-stateful-1
[2023-07-18T19:47:28Z INFO  dt_instance] Sleeping for 50
[2023-07-18T19:48:18Z INFO  dt_instance] Connecting to broker at emqx.dtwins:1883
[2023-07-18T19:48:18Z INFO  dt_instance] Loggin info each 50 messages
[2023-07-18T19:48:18Z INFO  dt_instance] Set max packet size to 60000 KB.
[2023-07-18T19:48:18Z INFO  dt_instance] Refreshing topics for twin - Listen to mc-1/#
[2023-07-18T19:48:18Z INFO  dt_instance] SubAck { pkid: 1, return_codes: [Success(ExactlyOnce)] }
[2023-07-18T19:49:26Z INFO  dt_instance] received at 2023-07-18 19:49:26.269772916 UTC - from mc-1->source-2 "9" 19:49:26.268415163
[2023-07-18T19:49:29Z INFO  dt_instance] received at 2023-07-18 19:49:29.506117968 UTC - from mc-1->source-1 "18" 19:49:29.503500713
[2023-07-18T19:49:32Z INFO  dt_instance] received at 2023-07-18 19:49:32.012526219 UTC - from mc-1->source-1 "23" 19:49:32.011398379
[2023-07-18T19:49:34Z INFO  dt_instance] received at 2023-07-18 19:49:34.517427799 UTC - from mc-1->source-1 "28" 19:49:34.516437974
[2023-07-18T19:49:37Z INFO  dt_instance] received at 2023-07-18 19:49:37.028724477 UTC - from mc-1->source-1 "33" 19:49:37.027591967
[2023-07-18T19:49:39Z INFO  dt_instance] received at 2023-07-18 19:49:39.536994322 UTC - from mc-1->source-1 "38" 19:49:39.533423451
[2023-07-18T19:49:42Z INFO  dt_instance] received at 2023-07-18 19:49:42.042534012 UTC - from mc-1->source-1 "43" 19:49:42.040856206
[2023-07-18T19:49:44Z INFO  dt_instance] received at 2023-07-18 19:49:44.550861522 UTC - from mc-1->source-1 "48" 19:49:44.548349532
[2023-07-18T19:49:47Z INFO  dt_instance] received at 2023-07-18 19:49:47.054363776 UTC - from mc-1->source-1 "53" 19:49:47.053341864
[2023-07-18T19:49:49Z INFO  dt_instance] received at 2023-07-18 19:49:49.560349757 UTC - from mc-1->source-1 "58" 19:49:49.559313524
[2023-07-18T19:49:52Z INFO  dt_instance] received at 2023-07-18 19:49:52.066823511 UTC - from mc-1->source-3 "58" 19:49:52.065520005
[2023-07-18T19:49:54Z INFO  dt_instance] received at 2023-07-18 19:49:54.573687237 UTC - from mc-1->source-1 "68" 19:49:54.572392626
[2023-07-18T19:49:57Z INFO  dt_instance] received at 2023-07-18 19:49:57.080232189 UTC - from mc-1->source-3 "68" 19:49:57.078968300
[2023-07-18T19:49:59Z INFO  dt_instance] received at 2023-07-18 19:49:59.590204184 UTC - from mc-1->source-3 "73" 19:49:59.586088917
[2023-07-18T19:50:02Z INFO  dt_instance] received at 2023-07-18 19:50:02.094129405 UTC - from mc-1->source-1 "83" 19:50:02.093040751
[2023-07-18T19:50:04Z INFO  dt_instance] received at 2023-07-18 19:50:04.602930068 UTC - from mc-1->source-3 "83" 19:50:04.601774957
[2023-07-18T19:50:07Z INFO  dt_instance] received at 2023-07-18 19:50:07.110023566 UTC - from mc-1->source-3 "88" 19:50:07.108716923
[2023-07-18T19:50:09Z INFO  dt_instance] received at 2023-07-18 19:50:09.616129204 UTC - from mc-1->source-1 "98" 19:50:09.614687022
[2023-07-18T19:50:12Z INFO  dt_instance] received at 2023-07-18 19:50:12.122841185 UTC - from mc-1->source-3 "98" 19:50:12.121711436
[2023-07-18T19:50:14Z INFO  dt_instance] received at 2023-07-18 19:50:14.628827597 UTC - from mc-1->source-1 "108" 19:50:14.627708682
[2023-07-18T19:50:17Z INFO  dt_instance] received at 2023-07-18 19:50:17.136805563 UTC - from mc-1->source-1 "113" 19:50:17.135674942
[2023-07-18T19:50:19Z INFO  dt_instance] received at 2023-07-18 19:50:19.643185441 UTC - from mc-1->source-3 "113" 19:50:19.641673111
[2023-07-18T19:50:22Z INFO  dt_instance] received at 2023-07-18 19:50:22.150519525 UTC - from mc-1->source-3 "118" 19:50:22.149383060
[2023-07-18T19:50:24Z INFO  dt_instance] received at 2023-07-18 19:50:24.655856628 UTC - from mc-1->source-3 "123" 19:50:24.655096153
[2023-07-18T19:50:27Z INFO  dt_instance] received at 2023-07-18 19:50:27.163573264 UTC - from mc-1->source-3 "128" 19:50:27.161230779
[2023-07-18T19:50:29Z INFO  dt_instance] received at 2023-07-18 19:50:29.667246164 UTC - from mc-1->source-3 "133" 19:50:29.666277581
[2023-07-18T19:50:32Z INFO  dt_instance] received at 2023-07-18 19:50:32.174336494 UTC - from mc-1->source-1 "143" 19:50:32.173267533
[2023-07-18T19:50:34Z INFO  dt_instance] received at 2023-07-18 19:50:34.680704440 UTC - from mc-1->source-3 "143" 19:50:34.679821075
[2023-07-18T19:50:37Z INFO  dt_instance] received at 2023-07-18 19:50:37.192613179 UTC - from mc-1->source-3 "148" 19:50:37.191562386
[2023-07-18T19:50:39Z INFO  dt_instance] received at 2023-07-18 19:50:39.697666443 UTC - from mc-1->source-3 "153" 19:50:39.696820248
[2023-07-18T19:50:42Z INFO  dt_instance] received at 2023-07-18 19:50:42.205018439 UTC - from mc-1->source-3 "158" 19:50:42.202290177
[2023-07-18T19:50:44Z INFO  dt_instance] received at 2023-07-18 19:50:44.719798976 UTC - from mc-1->source-3 "163" 19:50:44.715208844
[2023-07-18T19:50:47Z INFO  dt_instance] received at 2023-07-18 19:50:47.221689607 UTC - from mc-1->source-3 "168" 19:50:47.220594766
[2023-07-18T19:50:49Z INFO  dt_instance] received at 2023-07-18 19:50:49.728805184 UTC - from mc-1->source-3 "173" 19:50:49.725819737
[2023-07-18T19:50:52Z INFO  dt_instance] received at 2023-07-18 19:50:52.233206986 UTC - from mc-1->source-3 "178" 19:50:52.231879127
[2023-07-18T19:50:54Z INFO  dt_instance] received at 2023-07-18 19:50:54.739131601 UTC - from mc-1->source-3 "183" 19:50:54.737998532
[2023-07-18T19:50:57Z INFO  dt_instance] received at 2023-07-18 19:50:57.245384798 UTC - from mc-1->source-3 "188" 19:50:57.244489858
[2023-07-18T19:50:59Z INFO  dt_instance] received at 2023-07-18 19:50:59.754300159 UTC - from mc-1->source-3 "193" 19:50:59.750972144
[2023-07-18T19:51:02Z INFO  dt_instance] received at 2023-07-18 19:51:02.259458235 UTC - from mc-1->source-3 "198" 19:51:02.258100864
[2023-07-18T19:51:04Z INFO  dt_instance] received at 2023-07-18 19:51:04.764464033 UTC - from mc-1->source-3 "203" 19:51:04.763548448
[2023-07-18T19:51:07Z INFO  dt_instance] received at 2023-07-18 19:51:07.272238915 UTC - from mc-1->source-3 "208" 19:51:07.269709922
[2023-07-18T19:51:09Z INFO  dt_instance] received at 2023-07-18 19:51:09.776608503 UTC - from mc-1->source-3 "213" 19:51:09.775533247
[2023-07-18T19:51:12Z INFO  dt_instance] received at 2023-07-18 19:51:12.283937260 UTC - from mc-1->source-3 "218" 19:51:12.283133736
[2023-07-18T19:51:14Z INFO  dt_instance] received at 2023-07-18 19:51:14.791644900 UTC - from mc-1->source-3 "223" 19:51:14.790655802
[2023-07-18T19:51:17Z INFO  dt_instance] received at 2023-07-18 19:51:17.296922441 UTC - from mc-1->source-3 "228" 19:51:17.295798826
[2023-07-18T19:51:19Z INFO  dt_instance] received at 2023-07-18 19:51:19.803449208 UTC - from mc-1->source-3 "233" 19:51:19.802107028
[2023-07-18T19:51:22Z INFO  dt_instance] received at 2023-07-18 19:51:22.308369836 UTC - from mc-1->source-3 "238" 19:51:22.307356991
[2023-07-18T19:51:24Z INFO  dt_instance] received at 2023-07-18 19:51:24.814206445 UTC - from mc-1->source-3 "243" 19:51:24.813246549
[2023-07-18T19:51:27Z INFO  dt_instance] received at 2023-07-18 19:51:27.321956811 UTC - from mc-1->source-3 "248" 19:51:27.319679983
[2023-07-18T19:51:29Z INFO  dt_instance] received at 2023-07-18 19:51:29.826113051 UTC - from mc-1->source-3 "253" 19:51:29.825313150
[2023-07-18T19:51:32Z INFO  dt_instance] received at 2023-07-18 19:51:32.332542473 UTC - from mc-1->source-3 "258" 19:51:32.331218360
[2023-07-18T19:51:34Z INFO  dt_instance] received at 2023-07-18 19:51:34.837757064 UTC - from mc-1->source-3 "263" 19:51:34.836555767
[2023-07-18T19:51:37Z INFO  dt_instance] received at 2023-07-18 19:51:37.342589776 UTC - from mc-1->source-3 "268" 19:51:37.341874190
[2023-07-18T19:51:39Z INFO  dt_instance] received at 2023-07-18 19:51:39.847988240 UTC - from mc-1->source-3 "273" 19:51:39.846819526
[2023-07-18T19:51:42Z INFO  dt_instance] received at 2023-07-18 19:51:42.352420790 UTC - from mc-1->source-3 "278" 19:51:42.351471555
[2023-07-18T19:51:44Z INFO  dt_instance] received at 2023-07-18 19:51:44.857900798 UTC - from mc-1->source-3 "283" 19:51:44.857022807
[2023-07-18T19:51:47Z INFO  dt_instance] received at 2023-07-18 19:51:47.365224689 UTC - from mc-1->source-3 "288" 19:51:47.363956808
[2023-07-18T19:51:49Z INFO  dt_instance] received at 2023-07-18 19:51:49.870010248 UTC - from mc-1->source-3 "293" 19:51:49.868976593
[2023-07-18T19:51:52Z INFO  dt_instance] received at 2023-07-18 19:51:52.374493201 UTC - from mc-1->source-3 "298" 19:51:52.373549983
[2023-07-18T19:51:54Z INFO  dt_instance] received at 2023-07-18 19:51:54.880409673 UTC - from mc-1->source-3 "303" 19:51:54.879512136
[2023-07-18T19:51:57Z INFO  dt_instance] received at 2023-07-18 19:51:57.386516724 UTC - from mc-1->source-3 "308" 19:51:57.385720374
[2023-07-18T19:51:59Z INFO  dt_instance] received at 2023-07-18 19:51:59.891123836 UTC - from mc-1->source-3 "313" 19:51:59.890301855
[2023-07-18T19:52:02Z INFO  dt_instance] received at 2023-07-18 19:52:02.397805658 UTC - from mc-1->source-3 "318" 19:52:02.396628841
[2023-07-18T19:52:04Z INFO  dt_instance] received at 2023-07-18 19:52:04.903711802 UTC - from mc-1->source-3 "323" 19:52:04.902626855
[2023-07-18T19:52:07Z INFO  dt_instance] received at 2023-07-18 19:52:07.409722784 UTC - from mc-1->source-3 "328" 19:52:07.408561262
[2023-07-18T19:52:09Z INFO  dt_instance] received at 2023-07-18 19:52:09.916053999 UTC - from mc-1->source-3 "333" 19:52:09.914998686
[2023-07-18T19:52:12Z INFO  dt_instance] received at 2023-07-18 19:52:12.420172966 UTC - from mc-1->source-3 "338" 19:52:12.419463483
[2023-07-18T19:52:14Z INFO  dt_instance] received at 2023-07-18 19:52:14.926167066 UTC - from mc-1->source-3 "343" 19:52:14.925301995
[2023-07-18T19:52:17Z INFO  dt_instance] received at 2023-07-18 19:52:17.434458921 UTC - from mc-1->source-3 "348" 19:52:17.433225604
[2023-07-18T19:52:19Z INFO  dt_instance] received at 2023-07-18 19:52:19.939460095 UTC - from mc-1->source-3 "353" 19:52:19.938266034
[2023-07-18T19:52:22Z INFO  dt_instance] received at 2023-07-18 19:52:22.455462267 UTC - from mc-1->source-3 "358" 19:52:22.444641395
[2023-07-18T19:52:24Z INFO  dt_instance] received at 2023-07-18 19:52:24.955492514 UTC - from mc-1->source-3 "363" 19:52:24.954629997
[2023-07-18T19:52:27Z INFO  dt_instance] received at 2023-07-18 19:52:27.460002907 UTC - from mc-1->source-3 "368" 19:52:27.459215243
[2023-07-18T19:52:29Z INFO  dt_instance] received at 2023-07-18 19:52:29.965375680 UTC - from mc-1->source-3 "373" 19:52:29.964522800
[2023-07-18T19:52:32Z INFO  dt_instance] received at 2023-07-18 19:52:32.474713015 UTC - from mc-1->source-3 "378" 19:52:32.473172891
[2023-07-18T19:52:34Z INFO  dt_instance] received at 2023-07-18 19:52:34.983075643 UTC - from mc-1->source-3 "383" 19:52:34.979164520
[2023-07-18T19:52:37Z INFO  dt_instance] received at 2023-07-18 19:52:37.490616344 UTC - from mc-1->source-3 "388" 19:52:37.484363030
[2023-07-18T19:52:39Z INFO  dt_instance] received at 2023-07-18 19:52:39.991083033 UTC - from mc-1->source-3 "393" 19:52:39.990402089
[2023-07-18T19:52:42Z INFO  dt_instance] received at 2023-07-18 19:52:42.497421429 UTC - from mc-1->source-3 "398" 19:52:42.496563787
[2023-07-18T19:52:45Z INFO  dt_instance] received at 2023-07-18 19:52:45.009065925 UTC - from mc-1->source-3 "403" 19:52:45.007568468
[2023-07-18T19:52:47Z INFO  dt_instance] received at 2023-07-18 19:52:47.515614258 UTC - from mc-1->source-3 "408" 19:52:47.514451459
[2023-07-18T19:52:50Z INFO  dt_instance] received at 2023-07-18 19:52:50.020863771 UTC - from mc-1->source-3 "413" 19:52:50.019646888
[2023-07-18T19:52:52Z INFO  dt_instance] received at 2023-07-18 19:52:52.527469678 UTC - from mc-1->source-3 "418" 19:52:52.525169241
[2023-07-18T19:52:55Z INFO  dt_instance] received at 2023-07-18 19:52:55.031479915 UTC - from mc-1->source-3 "423" 19:52:55.030416300
[2023-07-18T19:52:57Z INFO  dt_instance] received at 2023-07-18 19:52:57.538920935 UTC - from mc-1->source-1 "433" 19:52:57.536614805
[2023-07-18T19:53:00Z INFO  dt_instance] received at 2023-07-18 19:53:00.042358207 UTC - from mc-1->source-1 "438" 19:53:00.041404851
[2023-07-18T19:53:02Z INFO  dt_instance] received at 2023-07-18 19:53:02.548807623 UTC - from mc-1->source-3 "438" 19:53:02.547207685
[2023-07-18T19:53:05Z INFO  dt_instance] received at 2023-07-18 19:53:05.054296119 UTC - from mc-1->source-3 "443" 19:53:05.053298985
[2023-07-18T19:53:07Z INFO  dt_instance] received at 2023-07-18 19:53:07.561018826 UTC - from mc-1->source-1 "453" 19:53:07.559733966
[2023-07-18T19:53:10Z INFO  dt_instance] received at 2023-07-18 19:53:10.066229334 UTC - from mc-1->source-1 "458" 19:53:10.065079088
[2023-07-18T19:53:12Z INFO  dt_instance] received at 2023-07-18 19:53:12.572358464 UTC - from mc-1->source-1 "463" 19:53:12.571428676
[2023-07-18T19:53:15Z INFO  dt_instance] received at 2023-07-18 19:53:15.077979126 UTC - from mc-1->source-1 "468" 19:53:15.076900150
[2023-07-18T19:53:17Z INFO  dt_instance] received at 2023-07-18 19:53:17.586605033 UTC - from mc-1->source-1 "473" 19:53:17.585523245
[2023-07-18T19:53:20Z INFO  dt_instance] received at 2023-07-18 19:53:20.094479716 UTC - from mc-1->source-3 "473" 19:53:20.093330632
[2023-07-18T19:53:22Z INFO  dt_instance] received at 2023-07-18 19:53:22.603448993 UTC - from mc-1->source-1 "483" 19:53:22.600872251
[2023-07-18T19:53:25Z INFO  dt_instance] received at 2023-07-18 19:53:25.117983492 UTC - from mc-1->source-3 "483" 19:53:25.116668949
[2023-07-18T19:53:27Z INFO  dt_instance] received at 2023-07-18 19:53:27.622925512 UTC - from mc-1->source-3 "488" 19:53:27.621596002
[2023-07-18T19:53:30Z INFO  dt_instance] received at 2023-07-18 19:53:30.127381795 UTC - from mc-1->source-3 "493" 19:53:30.126314158
[2023-07-18T19:53:32Z INFO  dt_instance] received at 2023-07-18 19:53:32.637817384 UTC - from mc-1->source-3 "498" 19:53:32.634012617
[2023-07-18T19:53:35Z INFO  dt_instance] received at 2023-07-18 19:53:35.140270109 UTC - from mc-1->source-3 "503" 19:53:35.138724069
[2023-07-18T19:53:37Z INFO  dt_instance] received at 2023-07-18 19:53:37.647357310 UTC - from mc-1->source-3 "508" 19:53:37.645058681
[2023-07-18T19:53:40Z INFO  dt_instance] received at 2023-07-18 19:53:40.151776086 UTC - from mc-1->source-3 "513" 19:53:40.150426889
[2023-07-18T19:53:42Z INFO  dt_instance] received at 2023-07-18 19:53:42.659384922 UTC - from mc-1->source-3 "518" 19:53:42.656337243
[2023-07-18T19:53:45Z INFO  dt_instance] received at 2023-07-18 19:53:45.165051729 UTC - from mc-1->source-3 "523" 19:53:45.163754565
[2023-07-18T19:53:47Z INFO  dt_instance] received at 2023-07-18 19:53:47.671985372 UTC - from mc-1->source-3 "528" 19:53:47.669142759
[2023-07-18T19:53:50Z INFO  dt_instance] received at 2023-07-18 19:53:50.176613273 UTC - from mc-1->source-3 "533" 19:53:50.175383798
[2023-07-18T19:53:52Z INFO  dt_instance] received at 2023-07-18 19:53:52.683566084 UTC - from mc-1->source-3 "538" 19:53:52.682248979
[2023-07-18T19:53:55Z INFO  dt_instance] received at 2023-07-18 19:53:55.189622600 UTC - from mc-1->source-3 "543" 19:53:55.188044240
[2023-07-18T19:53:57Z INFO  dt_instance] received at 2023-07-18 19:53:57.701399908 UTC - from mc-1->source-1 "553" 19:53:57.700549258
[2023-07-18T19:54:00Z INFO  dt_instance] received at 2023-07-18 19:54:00.206545809 UTC - from mc-1->source-1 "558" 19:54:00.205784525
[2023-07-18T19:54:02Z INFO  dt_instance] received at 2023-07-18 19:54:02.714614073 UTC - from mc-1->source-1 "563" 19:54:02.712442572
[2023-07-18T19:54:05Z INFO  dt_instance] received at 2023-07-18 19:54:05.220380098 UTC - from mc-1->source-3 "563" 19:54:05.219324989
[2023-07-18T19:54:07Z INFO  dt_instance] received at 2023-07-18 19:54:07.725264129 UTC - from mc-1->source-3 "568" 19:54:07.724226828
[2023-07-18T19:54:10Z INFO  dt_instance] received at 2023-07-18 19:54:10.234806463 UTC - from mc-1->source-1 "578" 19:54:10.233387369
[2023-07-18T19:54:12Z INFO  dt_instance] received at 2023-07-18 19:54:12.752358134 UTC - from mc-1->source-1 "583" 19:54:12.751188578
[2023-07-18T19:54:15Z INFO  dt_instance] received at 2023-07-18 19:54:15.260720880 UTC - from mc-1->source-1 "588" 19:54:15.258286730
[2023-07-18T19:54:17Z INFO  dt_instance] received at 2023-07-18 19:54:17.764259068 UTC - from mc-1->source-1 "593" 19:54:17.763300588
[2023-07-18T19:54:20Z INFO  dt_instance] received at 2023-07-18 19:54:20.272016769 UTC - from mc-1->source-1 "598" 19:54:20.270859679
[2023-07-18T19:54:22Z INFO  dt_instance] received at 2023-07-18 19:54:22.783331142 UTC - from mc-1->source-1 "603" 19:54:22.775923439
[2023-07-18T19:54:25Z INFO  dt_instance] received at 2023-07-18 19:54:25.288486624 UTC - from mc-1->source-1 "608" 19:54:25.281951735
[2023-07-18T19:54:27Z INFO  dt_instance] received at 2023-07-18 19:54:27.804166345 UTC - from mc-1->source-1 "613" 19:54:27.802795925
[2023-07-18T19:54:30Z INFO  dt_instance] received at 2023-07-18 19:54:30.309757887 UTC - from mc-1->source-1 "618" 19:54:30.308789028
[2023-07-18T19:54:32Z INFO  dt_instance] received at 2023-07-18 19:54:32.814365154 UTC - from mc-1->source-1 "623" 19:54:32.813285037
[2023-07-18T19:54:35Z INFO  dt_instance] received at 2023-07-18 19:54:35.321061990 UTC - from mc-1->source-1 "628" 19:54:35.319941530
[2023-07-18T19:54:37Z INFO  dt_instance] received at 2023-07-18 19:54:37.834061149 UTC - from mc-1->source-1 "633" 19:54:37.824526998
[2023-07-18T19:54:40Z INFO  dt_instance] received at 2023-07-18 19:54:40.330846149 UTC - from mc-1->source-1 "638" 19:54:40.329693907
[2023-07-18T19:54:42Z INFO  dt_instance] received at 2023-07-18 19:54:42.836374138 UTC - from mc-1->source-1 "643" 19:54:42.834381784
[2023-07-18T19:54:45Z INFO  dt_instance] received at 2023-07-18 19:54:45.345225420 UTC - from mc-1->source-1 "648" 19:54:45.340692878
[2023-07-18T19:54:47Z INFO  dt_instance] received at 2023-07-18 19:54:47.847268424 UTC - from mc-1->source-1 "653" 19:54:47.845380799
[2023-07-18T19:54:50Z INFO  dt_instance] received at 2023-07-18 19:54:50.352434418 UTC - from mc-1->source-1 "658" 19:54:50.351406568
[2023-07-18T19:54:52Z INFO  dt_instance] received at 2023-07-18 19:54:52.860530937 UTC - from mc-1->source-1 "663" 19:54:52.858668800
[2023-07-18T19:54:55Z INFO  dt_instance] received at 2023-07-18 19:54:55.366623407 UTC - from mc-1->source-1 "668" 19:54:55.363443595
[2023-07-18T19:54:57Z INFO  dt_instance] received at 2023-07-18 19:54:57.869831905 UTC - from mc-1->source-1 "673" 19:54:57.868776570
[2023-07-18T19:55:00Z INFO  dt_instance] received at 2023-07-18 19:55:00.374797067 UTC - from mc-1->source-1 "678" 19:55:00.373838075
[2023-07-18T19:55:02Z INFO  dt_instance] received at 2023-07-18 19:55:02.879512548 UTC - from mc-1->source-1 "683" 19:55:02.878578054
[2023-07-18T19:55:05Z INFO  dt_instance] received at 2023-07-18 19:55:05.386923730 UTC - from mc-1->source-1 "688" 19:55:05.384742127
[2023-07-18T19:55:07Z INFO  dt_instance] received at 2023-07-18 19:55:07.894045970 UTC - from mc-1->source-1 "693" 19:55:07.890277152
[2023-07-18T19:55:10Z INFO  dt_instance] received at 2023-07-18 19:55:10.396467709 UTC - from mc-1->source-1 "698" 19:55:10.395613474
[2023-07-18T19:55:12Z INFO  dt_instance] received at 2023-07-18 19:55:12.902058512 UTC - from mc-1->source-1 "703" 19:55:12.900574134
[2023-07-18T19:55:15Z INFO  dt_instance] received at 2023-07-18 19:55:15.408022585 UTC - from mc-1->source-1 "708" 19:55:15.406338362
[2023-07-18T19:55:17Z INFO  dt_instance] received at 2023-07-18 19:55:17.912693100 UTC - from mc-1->source-1 "713" 19:55:17.911449846
[2023-07-18T19:55:20Z INFO  dt_instance] received at 2023-07-18 19:55:20.417860679 UTC - from mc-1->source-1 "718" 19:55:20.416363809
[2023-07-18T19:55:22Z INFO  dt_instance] received at 2023-07-18 19:55:22.922555467 UTC - from mc-1->source-1 "723" 19:55:22.921399766
[2023-07-18T19:55:25Z INFO  dt_instance] received at 2023-07-18 19:55:25.427506924 UTC - from mc-1->source-1 "728" 19:55:25.426456999
[2023-07-18T19:55:27Z INFO  dt_instance] received at 2023-07-18 19:55:27.933658139 UTC - from mc-1->source-1 "733" 19:55:27.932657048
[2023-07-18T19:55:30Z INFO  dt_instance] received at 2023-07-18 19:55:30.440181136 UTC - from mc-1->source-1 "738" 19:55:30.439079334
[2023-07-18T19:55:32Z INFO  dt_instance] received at 2023-07-18 19:55:32.945260044 UTC - from mc-1->source-1 "743" 19:55:32.944332
[2023-07-18T19:55:35Z INFO  dt_instance] received at 2023-07-18 19:55:35.459777368 UTC - from mc-1->source-1 "748" 19:55:35.458050750
[2023-07-18T19:55:37Z INFO  dt_instance] received at 2023-07-18 19:55:37.964583462 UTC - from mc-1->source-1 "753" 19:55:37.963225934
[2023-07-18T19:55:40Z INFO  dt_instance] received at 2023-07-18 19:55:40.470804799 UTC - from mc-1->source-1 "758" 19:55:40.469360771
[2023-07-18T19:55:42Z INFO  dt_instance] received at 2023-07-18 19:55:42.977024364 UTC - from mc-1->source-1 "763" 19:55:42.975393776
[2023-07-18T19:55:45Z INFO  dt_instance] received at 2023-07-18 19:55:45.482294233 UTC - from mc-1->source-1 "768" 19:55:45.480316868
[2023-07-18T19:55:47Z INFO  dt_instance] received at 2023-07-18 19:55:47.988269271 UTC - from mc-1->source-1 "773" 19:55:47.986605350
[2023-07-18T19:55:50Z INFO  dt_instance] received at 2023-07-18 19:55:50.493233037 UTC - from mc-1->source-1 "778" 19:55:50.492313361
[2023-07-18T19:55:53Z INFO  dt_instance] received at 2023-07-18 19:55:53.001089534 UTC - from mc-1->source-1 "783" 19:55:53.000096812
[2023-07-18T19:55:55Z INFO  dt_instance] received at 2023-07-18 19:55:55.506064676 UTC - from mc-1->source-1 "788" 19:55:55.504295115
[2023-07-18T19:55:58Z INFO  dt_instance] received at 2023-07-18 19:55:58.010526631 UTC - from mc-1->source-1 "793" 19:55:58.009422874
[2023-07-18T19:56:00Z INFO  dt_instance] received at 2023-07-18 19:56:00.517501247 UTC - from mc-1->source-1 "798" 19:56:00.516081514
[2023-07-18T19:56:03Z INFO  dt_instance] received at 2023-07-18 19:56:03.027594208 UTC - from mc-1->source-1 "803" 19:56:03.021731683
[2023-07-18T19:56:05Z INFO  dt_instance] received at 2023-07-18 19:56:05.529165979 UTC - from mc-1->source-1 "808" 19:56:05.528095484
[2023-07-18T19:56:08Z INFO  dt_instance] received at 2023-07-18 19:56:08.036431141 UTC - from mc-1->source-1 "813" 19:56:08.034613870
[2023-07-18T19:56:10Z INFO  dt_instance] received at 2023-07-18 19:56:10.542670545 UTC - from mc-1->source-1 "818" 19:56:10.540987180
[2023-07-18T19:56:13Z INFO  dt_instance] received at 2023-07-18 19:56:13.047344765 UTC - from mc-1->source-1 "823" 19:56:13.046514779
[2023-07-18T19:56:15Z INFO  dt_instance] received at 2023-07-18 19:56:15.554418644 UTC - from mc-1->source-1 "828" 19:56:15.551993598
[2023-07-18T19:56:18Z INFO  dt_instance] received at 2023-07-18 19:56:18.059852208 UTC - from mc-1->source-1 "833" 19:56:18.057883715
[2023-07-18T19:56:20Z INFO  dt_instance] received at 2023-07-18 19:56:20.568559053 UTC - from mc-1->source-1 "838" 19:56:20.567125559
[2023-07-18T19:56:23Z INFO  dt_instance] received at 2023-07-18 19:56:23.078031046 UTC - from mc-1->source-1 "843" 19:56:23.073757464
[2023-07-18T19:56:25Z INFO  dt_instance] received at 2023-07-18 19:56:25.583097041 UTC - from mc-1->source-1 "848" 19:56:25.581638460
[2023-07-18T19:56:28Z INFO  dt_instance] received at 2023-07-18 19:56:28.087346279 UTC - from mc-1->source-1 "853" 19:56:28.086231030
[2023-07-18T19:56:30Z INFO  dt_instance] received at 2023-07-18 19:56:30.597782625 UTC - from mc-1->source-1 "858" 19:56:30.592744783
[2023-07-18T19:56:33Z INFO  dt_instance] received at 2023-07-18 19:56:33.100476439 UTC - from mc-1->source-1 "863" 19:56:33.099114920
[2023-07-18T19:56:35Z INFO  dt_instance] received at 2023-07-18 19:56:35.604551660 UTC - from mc-1->source-1 "868" 19:56:35.603291042
[2023-07-18T19:56:38Z INFO  dt_instance] received at 2023-07-18 19:56:38.110337572 UTC - from mc-1->source-1 "873" 19:56:38.109074270
[2023-07-18T19:56:40Z INFO  dt_instance] received at 2023-07-18 19:56:40.617502192 UTC - from mc-1->source-1 "878" 19:56:40.615168708
[2023-07-18T19:56:43Z INFO  dt_instance] received at 2023-07-18 19:56:43.121208960 UTC - from mc-1->source-1 "883" 19:56:43.119863293
[2023-07-18T19:56:45Z INFO  dt_instance] received at 2023-07-18 19:56:45.627590092 UTC - from mc-1->source-1 "888" 19:56:45.626001202
[2023-07-18T19:56:48Z INFO  dt_instance] received at 2023-07-18 19:56:48.133177516 UTC - from mc-1->source-1 "893" 19:56:48.131478010
[2023-07-18T19:56:50Z INFO  dt_instance] received at 2023-07-18 19:56:50.640608254 UTC - from mc-1->source-1 "898" 19:56:50.637792923
[2023-07-18T19:56:53Z INFO  dt_instance] received at 2023-07-18 19:56:53.145538121 UTC - from mc-1->source-1 "903" 19:56:53.143277992
[2023-07-18T19:56:55Z INFO  dt_instance] received at 2023-07-18 19:56:55.649636666 UTC - from mc-1->source-1 "908" 19:56:55.648360866
[2023-07-18T19:56:58Z INFO  dt_instance] received at 2023-07-18 19:56:58.198661306 UTC - from mc-1->source-1 "913" 19:56:58.153575613
[2023-07-18T19:57:00Z INFO  dt_instance] received at 2023-07-18 19:57:00.880818733 UTC - from mc-1->source-1 "918" 19:57:00.658613557
[2023-07-18T19:57:03Z INFO  dt_instance] received at 2023-07-18 19:57:03.167768695 UTC - from mc-1->source-1 "923" 19:57:03.165532404
[2023-07-18T19:57:05Z INFO  dt_instance] received at 2023-07-18 19:57:05.673960662 UTC - from mc-1->source-1 "928" 19:57:05.671239497
[2023-07-18T19:57:08Z INFO  dt_instance] received at 2023-07-18 19:57:08.179569447 UTC - from mc-1->source-3 "928" 19:57:08.176751557
[2023-07-18T19:57:10Z INFO  dt_instance] received at 2023-07-18 19:57:10.685532887 UTC - from mc-1->source-1 "938" 19:57:10.684207937
[2023-07-18T19:57:13Z INFO  dt_instance] received at 2023-07-18 19:57:13.406043133 UTC - from mc-1->source-1 "943" 19:57:13.190800696
[2023-07-18T19:57:15Z INFO  dt_instance] received at 2023-07-18 19:57:15.699813828 UTC - from mc-1->source-3 "943" 19:57:15.695855311
[2023-07-18T19:57:18Z INFO  dt_instance] received at 2023-07-18 19:57:18.203424103 UTC - from mc-1->source-1 "953" 19:57:18.201252152
[2023-07-18T19:57:20Z INFO  dt_instance] received at 2023-07-18 19:57:20.709201096 UTC - from mc-1->source-3 "953" 19:57:20.706317177
[2023-07-18T19:57:23Z INFO  dt_instance] received at 2023-07-18 19:57:23.213779667 UTC - from mc-1->source-1 "963" 19:57:23.211414262
[2023-07-18T19:57:25Z INFO  dt_instance] received at 2023-07-18 19:57:25.727697950 UTC - from mc-1->source-7 "953" 19:57:25.718419426
[2023-07-18T19:57:28Z INFO  dt_instance] received at 2023-07-18 19:57:28.225750423 UTC - from mc-1->source-7 "958" 19:57:28.224425175
[2023-07-18T19:57:30Z INFO  dt_instance] received at 2023-07-18 19:57:30.735161293 UTC - from mc-1->source-7 "963" 19:57:30.734229648
[2023-07-18T19:57:33Z INFO  dt_instance] received at 2023-07-18 19:57:33.241413119 UTC - from mc-1->source-7 "968" 19:57:33.240268411
[2023-07-18T19:57:35Z INFO  dt_instance] received at 2023-07-18 19:57:35.765363043 UTC - from mc-1->source-3 "983" 19:57:35.740379518
[2023-07-18T19:57:38Z INFO  dt_instance] received at 2023-07-18 19:57:38.255076584 UTC - from mc-1->source-7 "978" 19:57:38.254063262
[2023-07-18T19:57:40Z INFO  dt_instance] received at 2023-07-18 19:57:40.927249681 UTC - from mc-1->source-8 "981" 19:57:40.925942143
[2023-07-18T19:57:44Z INFO  dt_instance] received at 2023-07-18 19:57:44.255088444 UTC - from mc-1->source-9 "985" 19:57:44.254138492
[2023-07-18T19:57:51Z INFO  dt_instance] received at 2023-07-18 19:57:51.271373316 UTC - from mc-1->source-9 "999" 19:57:51.270307302
