[2023-06-23T23:19:23Z INFO  dt_instance] Current Twin: mc-twin-11
[2023-06-23T23:19:23Z INFO  dt_instance] Replica Name twin-mc-stateful-11
[2023-06-23T23:19:23Z INFO  dt_instance] Sleeping for 550
[2023-06-23T23:28:33Z INFO  dt_instance] Connecting to broker at emqx.dtwins:1883
[2023-06-23T23:28:33Z INFO  dt_instance] Loggin info each 50 messages
[2023-06-23T23:28:33Z INFO  dt_instance] Set max packet size to 60000 KB.
[2023-06-23T23:28:33Z INFO  dt_instance] Refreshing topics for twin - Listen to mc-11/#
[2023-06-23T23:28:33Z INFO  dt_instance] SubAck { pkid: 1, return_codes: [Success(ExactlyOnce)] }
[2023-06-23T23:29:50Z INFO  dt_instance] received at 2023-06-23 23:29:50.169258457 UTC - from mc-11->source-2 "9" 23:29:50.165256538
[2023-06-23T23:29:53Z INFO  dt_instance] received at 2023-06-23 23:29:53.440680476 UTC - from mc-11->source-1 "18" 23:29:53.428650803
[2023-06-23T23:29:55Z INFO  dt_instance] received at 2023-06-23 23:29:55.938340057 UTC - from mc-11->source-1 "23" 23:29:55.934172988
[2023-06-23T23:29:58Z INFO  dt_instance] received at 2023-06-23 23:29:58.443927921 UTC - from mc-11->source-1 "28" 23:29:58.439660951
[2023-06-23T23:30:01Z INFO  dt_instance] received at 2023-06-23 23:30:01.156584396 UTC - from mc-11->source-7 "18" 23:30:00.925665151
[2023-06-23T23:30:03Z INFO  dt_instance] received at 2023-06-23 23:30:03.707002377 UTC - from mc-11->source-4 "31" 23:30:03.691712275
[2023-06-23T23:30:05Z INFO  dt_instance] received at 2023-06-23 23:30:05.977367831 UTC - from mc-11->source-1 "43" 23:30:05.958552788
[2023-06-23T23:30:08Z INFO  dt_instance] received at 2023-06-23 23:30:08.466376371 UTC - from mc-11->source-1 "48" 23:30:08.463613742
[2023-06-23T23:30:10Z INFO  dt_instance] received at 2023-06-23 23:30:10.981868189 UTC - from mc-11->source-1 "53" 23:30:10.968324779
[2023-06-23T23:30:13Z INFO  dt_instance] received at 2023-06-23 23:30:13.681108643 UTC - from mc-11->source-9 "38" 23:30:13.447321376
[2023-06-23T23:30:16Z INFO  dt_instance] received at 2023-06-23 23:30:16.162869844 UTC - from mc-11->source-0 "65" 23:30:15.731077436
[2023-06-23T23:30:18Z INFO  dt_instance] received at 2023-06-23 23:30:18.495805610 UTC - from mc-11->source-1 "68" 23:30:18.486529511
[2023-06-23T23:30:21Z INFO  dt_instance] received at 2023-06-23 23:30:21.008991689 UTC - from mc-11->source-3 "68" 23:30:20.982148700
[2023-06-23T23:30:23Z INFO  dt_instance] received at 2023-06-23 23:30:23.513769847 UTC - from mc-11->source-1 "78" 23:30:23.497048923
[2023-06-23T23:30:26Z INFO  dt_instance] received at 2023-06-23 23:30:26.048348546 UTC - from mc-11->source-1 "83" 23:30:26.002509183
[2023-06-23T23:30:28Z INFO  dt_instance] received at 2023-06-23 23:30:28.517239 UTC - from mc-11->source-1 "88" 23:30:28.507744613
[2023-06-23T23:30:31Z INFO  dt_instance] received at 2023-06-23 23:30:31.015882050 UTC - from mc-11->source-1 "93" 23:30:31.013389809
[2023-06-23T23:30:33Z INFO  dt_instance] received at 2023-06-23 23:30:33.759406545 UTC - from mc-11->source-1 "98" 23:30:33.519083028
[2023-06-23T23:30:36Z INFO  dt_instance] received at 2023-06-23 23:30:36.108558991 UTC - from mc-11->source-5 "93" 23:30:36.015221034
[2023-06-23T23:30:38Z INFO  dt_instance] received at 2023-06-23 23:30:38.691822284 UTC - from mc-11->source-3 "103" 23:30:38.521548171
[2023-06-23T23:30:41Z INFO  dt_instance] received at 2023-06-23 23:30:41.051666308 UTC - from mc-11->source-1 "113" 23:30:41.035669921
[2023-06-23T23:30:43Z INFO  dt_instance] received at 2023-06-23 23:30:43.796573548 UTC - from mc-11->source-5 "108" 23:30:43.537323310
[2023-06-23T23:30:46Z INFO  dt_instance] received at 2023-06-23 23:30:46.262074701 UTC - from mc-11->source-1 "123" 23:30:46.045418949
[2023-06-23T23:30:48Z INFO  dt_instance] received at 2023-06-23 23:30:48.702532348 UTC - from mc-11->source-3 "123" 23:30:48.552387758
[2023-06-23T23:30:51Z INFO  dt_instance] received at 2023-06-23 23:30:51.112878705 UTC - from mc-11->source-9 "113" 23:30:51.040798386
[2023-06-23T23:30:53Z INFO  dt_instance] received at 2023-06-23 23:30:53.840177250 UTC - from mc-11->source-3 "133" 23:30:53.566028825
[2023-06-23T23:30:56Z INFO  dt_instance] received at 2023-06-23 23:30:56.170441191 UTC - from mc-11->source-7 "128" 23:30:56.070022868
[2023-06-23T23:30:58Z INFO  dt_instance] received at 2023-06-23 23:30:58.779709975 UTC - from mc-11->source-7 "133" 23:30:58.574929501
[2023-06-23T23:31:01Z INFO  dt_instance] received at 2023-06-23 23:31:01.247474257 UTC - from mc-11->source-3 "148" 23:31:01.083158915
[2023-06-23T23:31:03Z INFO  dt_instance] received at 2023-06-23 23:31:03.727549047 UTC - from mc-11->source-5 "148" 23:31:03.586630284
[2023-06-23T23:31:06Z INFO  dt_instance] received at 2023-06-23 23:31:06.265638928 UTC - from mc-11->source-3 "158" 23:31:06.097176103
[2023-06-23T23:31:08Z INFO  dt_instance] received at 2023-06-23 23:31:08.710820766 UTC - from mc-11->source-5 "158" 23:31:08.597304142
[2023-06-23T23:31:11Z INFO  dt_instance] received at 2023-06-23 23:31:11.361518177 UTC - from mc-11->source-5 "163" 23:31:11.104255346
[2023-06-23T23:31:13Z INFO  dt_instance] received at 2023-06-23 23:31:13.743906642 UTC - from mc-11->source-7 "163" 23:31:13.605508211
[2023-06-23T23:31:16Z INFO  dt_instance] received at 2023-06-23 23:31:16.280705040 UTC - from mc-11->source-3 "178" 23:31:16.120364120
[2023-06-23T23:31:19Z INFO  dt_instance] received at 2023-06-23 23:31:19.004033561 UTC - from mc-11->source-4 "181" 23:31:18.886959099
[2023-06-23T23:31:21Z INFO  dt_instance] received at 2023-06-23 23:31:21.372320014 UTC - from mc-11->source-1 "193" 23:31:21.129597227
[2023-06-23T23:31:23Z INFO  dt_instance] received at 2023-06-23 23:31:23.946026026 UTC - from mc-11->source-5 "188" 23:31:23.630524074
[2023-06-23T23:31:26Z INFO  dt_instance] received at 2023-06-23 23:31:26.342053697 UTC - from mc-11->source-7 "188" 23:31:26.131645744
[2023-06-23T23:31:28Z INFO  dt_instance] received at 2023-06-23 23:31:28.953332170 UTC - from mc-11->source-7 "193" 23:31:28.639140003
[2023-06-23T23:31:31Z INFO  dt_instance] received at 2023-06-23 23:31:31.433854742 UTC - from mc-11->source-3 "208" 23:31:31.159625795
[2023-06-23T23:31:33Z INFO  dt_instance] received at 2023-06-23 23:31:33.818811462 UTC - from mc-11->source-3 "213" 23:31:33.666139030
[2023-06-23T23:31:36Z INFO  dt_instance] received at 2023-06-23 23:31:36.375842272 UTC - from mc-11->source-3 "218" 23:31:36.172244810
[2023-06-23T23:31:38Z INFO  dt_instance] received at 2023-06-23 23:31:38.752614035 UTC - from mc-11->source-1 "228" 23:31:38.674371059
[2023-06-23T23:31:41Z INFO  dt_instance] received at 2023-06-23 23:31:41.358673676 UTC - from mc-11->source-3 "228" 23:31:41.182668363
[2023-06-23T23:31:43Z INFO  dt_instance] received at 2023-06-23 23:31:43.834388786 UTC - from mc-11->source-3 "233" 23:31:43.688576846
[2023-06-23T23:31:46Z INFO  dt_instance] received at 2023-06-23 23:31:46.426199996 UTC - from mc-11->source-1 "243" 23:31:46.192844095
[2023-06-23T23:31:49Z INFO  dt_instance] received at 2023-06-23 23:31:49.000311389 UTC - from mc-11->source-8 "231" 23:31:48.937098983
[2023-06-23T23:31:51Z INFO  dt_instance] received at 2023-06-23 23:31:51.431046985 UTC - from mc-11->source-5 "243" 23:31:51.195793249
[2023-06-23T23:31:53Z INFO  dt_instance] received at 2023-06-23 23:31:53.825978703 UTC - from mc-11->source-5 "248" 23:31:53.700541495
[2023-06-23T23:31:56Z INFO  dt_instance] received at 2023-06-23 23:31:56.379504538 UTC - from mc-11->source-3 "258" 23:31:56.220748579
[2023-06-23T23:31:59Z INFO  dt_instance] received at 2023-06-23 23:31:59.028076431 UTC - from mc-11->source-6 "256" 23:31:58.964143458
[2023-06-23T23:32:01Z INFO  dt_instance] received at 2023-06-23 23:32:01.441879372 UTC - from mc-11->source-3 "268" 23:32:01.233703382
[2023-06-23T23:32:03Z INFO  dt_instance] received at 2023-06-23 23:32:03.867502828 UTC - from mc-11->source-9 "258" 23:32:03.729184790
[2023-06-23T23:32:06Z INFO  dt_instance] received at 2023-06-23 23:32:06.691507240 UTC - from mc-11->source-8 "266" 23:32:06.476683689
[2023-06-23T23:32:08Z INFO  dt_instance] received at 2023-06-23 23:32:08.952322143 UTC - from mc-11->source-7 "273" 23:32:08.737109246
[2023-06-23T23:32:11Z INFO  dt_instance] received at 2023-06-23 23:32:11.300843079 UTC - from mc-11->source-3 "288" 23:32:11.257088604
[2023-06-23T23:32:13Z INFO  dt_instance] received at 2023-06-23 23:32:13.777190401 UTC - from mc-11->source-3 "293" 23:32:13.762936271
[2023-06-23T23:32:16Z INFO  dt_instance] received at 2023-06-23 23:32:16.518445746 UTC - from mc-11->source-3 "298" 23:32:16.267719691
[2023-06-23T23:32:19Z INFO  dt_instance] received at 2023-06-23 23:32:19.011220787 UTC - from mc-11->source-3 "303" 23:32:18.772296284
[2023-06-23T23:32:21Z INFO  dt_instance] received at 2023-06-23 23:32:21.612723414 UTC - from mc-11->source-9 "293" 23:32:21.267193810
[2023-06-23T23:32:23Z INFO  dt_instance] received at 2023-06-23 23:32:23.926935745 UTC - from mc-11->source-9 "298" 23:32:23.773174430
[2023-06-23T23:32:26Z INFO  dt_instance] received at 2023-06-23 23:32:26.391349207 UTC - from mc-11->source-5 "313" 23:32:26.276195889
[2023-06-23T23:32:29Z INFO  dt_instance] received at 2023-06-23 23:32:29.103065576 UTC - from mc-11->source-6 "316" 23:32:29.039266042
[2023-06-23T23:32:31Z INFO  dt_instance] received at 2023-06-23 23:32:31.584930104 UTC - from mc-11->source-3 "328" 23:32:31.300997845
[2023-06-23T23:32:33Z INFO  dt_instance] received at 2023-06-23 23:32:33.878129237 UTC - from mc-11->source-1 "338" 23:32:33.809042937
[2023-06-23T23:32:36Z INFO  dt_instance] received at 2023-06-23 23:32:36.424278976 UTC - from mc-11->source-1 "343" 23:32:36.315039935
[2023-06-23T23:32:39Z INFO  dt_instance] received at 2023-06-23 23:32:39.242399614 UTC - from mc-11->source-7 "333" 23:32:38.816288513
[2023-06-23T23:32:41Z INFO  dt_instance] received at 2023-06-23 23:32:41.590580391 UTC - from mc-11->source-0 "356" 23:32:41.576490146
[2023-06-23T23:32:44Z INFO  dt_instance] received at 2023-06-23 23:32:44.094500794 UTC - from mc-11->source-0 "361" 23:32:44.081555022
[2023-06-23T23:32:46Z INFO  dt_instance] received at 2023-06-23 23:32:46.566826856 UTC - from mc-11->source-1 "363" 23:32:46.336177243
[2023-06-23T23:32:49Z INFO  dt_instance] received at 2023-06-23 23:32:49.129785071 UTC - from mc-11->source-6 "356" 23:32:49.086141769
[2023-06-23T23:32:51Z INFO  dt_instance] received at 2023-06-23 23:32:51.717961605 UTC - from mc-11->source-8 "356" 23:32:51.585269904
[2023-06-23T23:32:53Z INFO  dt_instance] received at 2023-06-23 23:32:53.891255650 UTC - from mc-11->source-1 "378" 23:32:53.852143261
[2023-06-23T23:32:56Z INFO  dt_instance] received at 2023-06-23 23:32:56.441970007 UTC - from mc-11->source-3 "378" 23:32:56.358155525
[2023-06-23T23:32:59Z INFO  dt_instance] received at 2023-06-23 23:32:59.020893852 UTC - from mc-11->source-5 "378" 23:32:58.856406213
[2023-06-23T23:33:01Z INFO  dt_instance] received at 2023-06-23 23:33:01.707416731 UTC - from mc-11->source-6 "381" 23:33:01.614296112
[2023-06-23T23:33:04Z INFO  dt_instance] received at 2023-06-23 23:33:04.165205421 UTC - from mc-11->source-8 "381" 23:33:04.112653370
[2023-06-23T23:33:06Z INFO  dt_instance] received at 2023-06-23 23:33:06.467423452 UTC - from mc-11->source-1 "403" 23:33:06.384074322
[2023-06-23T23:33:09Z INFO  dt_instance] received at 2023-06-23 23:33:09.103938468 UTC - from mc-11->source-3 "403" 23:33:08.886931663
[2023-06-23T23:33:11Z INFO  dt_instance] received at 2023-06-23 23:33:11.442056573 UTC - from mc-11->source-1 "413" 23:33:11.396497450
[2023-06-23T23:33:14Z INFO  dt_instance] received at 2023-06-23 23:33:14.034092967 UTC - from mc-11->source-3 "413" 23:33:13.899365825
[2023-06-23T23:33:16Z INFO  dt_instance] received at 2023-06-23 23:33:16.489584928 UTC - from mc-11->source-3 "418" 23:33:16.406578302
[2023-06-23T23:33:19Z INFO  dt_instance] received at 2023-06-23 23:33:19.148712650 UTC - from mc-11->source-1 "428" 23:33:18.915875444
[2023-06-23T23:33:21Z INFO  dt_instance] received at 2023-06-23 23:33:21.678409697 UTC - from mc-11->source-3 "428" 23:33:21.417252734
[2023-06-23T23:33:24Z INFO  dt_instance] received at 2023-06-23 23:33:24.328118436 UTC - from mc-11->source-0 "441" 23:33:24.172973256
[2023-06-23T23:33:26Z INFO  dt_instance] received at 2023-06-23 23:33:26.688474387 UTC - from mc-11->source-1 "443" 23:33:26.435046623
[2023-06-23T23:33:29Z INFO  dt_instance] received at 2023-06-23 23:33:29.091363713 UTC - from mc-11->source-3 "443" 23:33:28.935641318
[2023-06-23T23:33:31Z INFO  dt_instance] received at 2023-06-23 23:33:31.535856569 UTC - from mc-11->source-1 "453" 23:33:31.446611543
[2023-06-23T23:33:34Z INFO  dt_instance] received at 2023-06-23 23:33:34.216785482 UTC - from mc-11->source-5 "448" 23:33:33.936026324
[2023-06-23T23:33:36Z INFO  dt_instance] received at 2023-06-23 23:33:36.733720460 UTC - from mc-11->source-8 "445" 23:33:36.198274068
[2023-06-23T23:33:39Z INFO  dt_instance] received at 2023-06-23 23:33:39.234700801 UTC - from mc-11->source-1 "468" 23:33:38.965592609
[2023-06-23T23:33:41Z INFO  dt_instance] received at 2023-06-23 23:33:41.694560636 UTC - from mc-11->source-1 "473" 23:33:41.470315726
[2023-06-23T23:33:44Z INFO  dt_instance] received at 2023-06-23 23:33:44.384193248 UTC - from mc-11->source-8 "461" 23:33:44.220095515
[2023-06-23T23:33:46Z INFO  dt_instance] received at 2023-06-23 23:33:46.534564519 UTC - from mc-11->source-5 "473" 23:33:46.468797622
[2023-06-23T23:33:49Z INFO  dt_instance] received at 2023-06-23 23:33:49.179168258 UTC - from mc-11->source-1 "488" 23:33:48.986950076
[2023-06-23T23:33:51Z INFO  dt_instance] received at 2023-06-23 23:33:51.838526405 UTC - from mc-11->source-4 "486" 23:33:51.748274568
[2023-06-23T23:33:54Z INFO  dt_instance] received at 2023-06-23 23:33:54.298928680 UTC - from mc-11->source-6 "486" 23:33:54.237313400
[2023-06-23T23:33:56Z INFO  dt_instance] received at 2023-06-23 23:33:56.626544641 UTC - from mc-11->source-3 "498" 23:33:56.498971742
[2023-06-23T23:33:59Z INFO  dt_instance] received at 2023-06-23 23:33:59.224789293 UTC - from mc-11->source-7 "493" 23:33:59.015184096
[2023-06-23T23:34:01Z INFO  dt_instance] received at 2023-06-23 23:34:01.826736094 UTC - from mc-11->source-4 "506" 23:34:01.769940837
[2023-06-23T23:34:04Z INFO  dt_instance] received at 2023-06-23 23:34:04.240651986 UTC - from mc-11->source-7 "503" 23:34:04.028080152
[2023-06-23T23:34:06Z INFO  dt_instance] received at 2023-06-23 23:34:06.820751909 UTC - from mc-11->source-5 "513" 23:34:06.519453504
[2023-06-23T23:34:09Z INFO  dt_instance] received at 2023-06-23 23:34:09.210087332 UTC - from mc-11->source-1 "528" 23:34:09.039762913
[2023-06-23T23:34:11Z INFO  dt_instance] received at 2023-06-23 23:34:11.568970169 UTC - from mc-11->source-1 "533" 23:34:11.545962333
[2023-06-23T23:34:14Z INFO  dt_instance] received at 2023-06-23 23:34:14.368930943 UTC - from mc-11->source-7 "523" 23:34:14.052721564
[2023-06-23T23:34:16Z INFO  dt_instance] received at 2023-06-23 23:34:16.611552891 UTC - from mc-11->source-1 "543" 23:34:16.557365973
[2023-06-23T23:34:19Z INFO  dt_instance] received at 2023-06-23 23:34:19.199025165 UTC - from mc-11->source-1 "548" 23:34:19.064578715
[2023-06-23T23:34:21Z INFO  dt_instance] received at 2023-06-23 23:34:21.664427105 UTC - from mc-11->source-3 "548" 23:34:21.568749594
[2023-06-23T23:34:24Z INFO  dt_instance] received at 2023-06-23 23:34:24.294839239 UTC - from mc-11->source-7 "543" 23:34:24.077693519
[2023-06-23T23:34:26Z INFO  dt_instance] received at 2023-06-23 23:34:26.843159442 UTC - from mc-11->source-1 "563" 23:34:26.585116778
[2023-06-23T23:34:29Z INFO  dt_instance] received at 2023-06-23 23:34:29.111542497 UTC - from mc-11->source-9 "548" 23:34:29.086423145
[2023-06-23T23:34:31Z INFO  dt_instance] received at 2023-06-23 23:34:31.752341430 UTC - from mc-11->source-5 "563" 23:34:31.592932996
[2023-06-23T23:34:34Z INFO  dt_instance] received at 2023-06-23 23:34:34.224213285 UTC - from mc-11->source-5 "568" 23:34:34.098809063
[2023-06-23T23:34:36Z INFO  dt_instance] received at 2023-06-23 23:34:36.695181216 UTC - from mc-11->source-3 "578" 23:34:36.605713849
[2023-06-23T23:34:39Z INFO  dt_instance] received at 2023-06-23 23:34:39.192148099 UTC - from mc-11->source-9 "568" 23:34:39.112203348
[2023-06-23T23:34:41Z INFO  dt_instance] received at 2023-06-23 23:34:41.721163363 UTC - from mc-11->source-5 "583" 23:34:41.616393195
[2023-06-23T23:34:44Z INFO  dt_instance] received at 2023-06-23 23:34:44.308356516 UTC - from mc-11->source-3 "593" 23:34:44.128856862
[2023-06-23T23:34:46Z INFO  dt_instance] received at 2023-06-23 23:34:46.745850779 UTC - from mc-11->source-5 "593" 23:34:46.628556968
[2023-06-23T23:34:49Z INFO  dt_instance] received at 2023-06-23 23:34:49.282192993 UTC - from mc-11->source-9 "588" 23:34:49.144184449
[2023-06-23T23:34:51Z INFO  dt_instance] received at 2023-06-23 23:34:51.926071578 UTC - from mc-11->source-2 "611" 23:34:51.895699200
[2023-06-23T23:34:54Z INFO  dt_instance] received at 2023-06-23 23:34:54.300315138 UTC - from mc-11->source-9 "598" 23:34:54.156985074
[2023-06-23T23:34:56Z INFO  dt_instance] received at 2023-06-23 23:34:56.776607747 UTC - from mc-11->source-5 "613" 23:34:56.650516465
[2023-06-23T23:34:59Z INFO  dt_instance] received at 2023-06-23 23:34:59.319711692 UTC - from mc-11->source-1 "628" 23:34:59.167935475
[2023-06-23T23:35:01Z INFO  dt_instance] received at 2023-06-23 23:35:01.820996640 UTC - from mc-11->source-5 "623" 23:35:01.661990336
[2023-06-23T23:35:04Z INFO  dt_instance] received at 2023-06-23 23:35:04.437585741 UTC - from mc-11->source-5 "628" 23:35:04.167438291
[2023-06-23T23:35:06Z INFO  dt_instance] received at 2023-06-23 23:35:06.987526661 UTC - from mc-11->source-0 "646" 23:35:06.919574520
[2023-06-23T23:35:09Z INFO  dt_instance] received at 2023-06-23 23:35:09.388337699 UTC - from mc-11->source-3 "643" 23:35:09.194277746
[2023-06-23T23:35:12Z INFO  dt_instance] received at 2023-06-23 23:35:12.118311735 UTC - from mc-11->source-0 "656" 23:35:11.934815510
[2023-06-23T23:35:14Z INFO  dt_instance] received at 2023-06-23 23:35:14.362577774 UTC - from mc-11->source-3 "653" 23:35:14.207880152
[2023-06-23T23:35:16Z INFO  dt_instance] received at 2023-06-23 23:35:16.802158393 UTC - from mc-11->source-7 "648" 23:35:16.715245122
[2023-06-23T23:35:19Z INFO  dt_instance] received at 2023-06-23 23:35:19.541579589 UTC - from mc-11->source-7 "653" 23:35:19.221496468
[2023-06-23T23:35:21Z INFO  dt_instance] received at 2023-06-23 23:35:21.870774186 UTC - from mc-11->source-8 "655" 23:35:21.458492435
[2023-06-23T23:35:24Z INFO  dt_instance] received at 2023-06-23 23:35:24.332766955 UTC - from mc-11->source-1 "678" 23:35:24.235654519
[2023-06-23T23:35:26Z INFO  dt_instance] received at 2023-06-23 23:35:26.836495562 UTC - from mc-11->source-1 "683" 23:35:26.743126163
[2023-06-23T23:35:29Z INFO  dt_instance] received at 2023-06-23 23:35:29.509449521 UTC - from mc-11->source-5 "678" 23:35:29.221599384
[2023-06-23T23:35:31Z INFO  dt_instance] received at 2023-06-23 23:35:31.907588025 UTC - from mc-11->source-1 "693" 23:35:31.754608976
[2023-06-23T23:35:34Z INFO  dt_instance] received at 2023-06-23 23:35:34.358609112 UTC - from mc-11->source-5 "688" 23:35:34.232576329
[2023-06-23T23:35:36Z INFO  dt_instance] received at 2023-06-23 23:35:36.987378113 UTC - from mc-11->source-1 "703" 23:35:36.765657745
[2023-06-23T23:35:39Z INFO  dt_instance] received at 2023-06-23 23:35:39.359787922 UTC - from mc-11->source-3 "703" 23:35:39.263271673
[2023-06-23T23:35:42Z INFO  dt_instance] received at 2023-06-23 23:35:42.019710221 UTC - from mc-11->source-7 "698" 23:35:41.778458558
[2023-06-23T23:35:44Z INFO  dt_instance] received at 2023-06-23 23:35:44.412839404 UTC - from mc-11->source-1 "718" 23:35:44.283493175
[2023-06-23T23:35:47Z INFO  dt_instance] received at 2023-06-23 23:35:47.139251520 UTC - from mc-11->source-7 "708" 23:35:46.789650797
[2023-06-23T23:35:49Z INFO  dt_instance] received at 2023-06-23 23:35:49.506378163 UTC - from mc-11->source-1 "728" 23:35:49.295005553
[2023-06-23T23:35:51Z INFO  dt_instance] received at 2023-06-23 23:35:51.903355968 UTC - from mc-11->source-1 "733" 23:35:51.800310010
[2023-06-23T23:35:54Z INFO  dt_instance] received at 2023-06-23 23:35:54.609947467 UTC - from mc-11->source-5 "728" 23:35:54.276430242
[2023-06-23T23:35:56Z INFO  dt_instance] received at 2023-06-23 23:35:56.917281914 UTC - from mc-11->source-3 "738" 23:35:56.808896712
[2023-06-23T23:35:59Z INFO  dt_instance] received at 2023-06-23 23:35:59.604985008 UTC - from mc-11->source-3 "743" 23:35:59.314923372
[2023-06-23T23:36:02Z INFO  dt_instance] received at 2023-06-23 23:36:02.114743331 UTC - from mc-11->source-9 "733" 23:36:01.817759976
[2023-06-23T23:36:04Z INFO  dt_instance] received at 2023-06-23 23:36:04.454993532 UTC - from mc-11->source-7 "743" 23:36:04.329015
[2023-06-23T23:36:07Z INFO  dt_instance] received at 2023-06-23 23:36:07.102035460 UTC - from mc-11->source-7 "748" 23:36:06.836613160
[2023-06-23T23:36:09Z INFO  dt_instance] received at 2023-06-23 23:36:09.474720561 UTC - from mc-11->source-9 "748" 23:36:09.342476571
[2023-06-23T23:36:11Z INFO  dt_instance] received at 2023-06-23 23:36:11.984401877 UTC - from mc-11->source-9 "753" 23:36:11.848055727
[2023-06-23T23:36:14Z INFO  dt_instance] received at 2023-06-23 23:36:14.568524816 UTC - from mc-11->source-5 "768" 23:36:14.324652752
[2023-06-23T23:36:17Z INFO  dt_instance] received at 2023-06-23 23:36:17.015707423 UTC - from mc-11->source-3 "778" 23:36:16.861014677
[2023-06-23T23:36:19Z INFO  dt_instance] received at 2023-06-23 23:36:19.581158628 UTC - from mc-11->source-9 "768" 23:36:19.371172860
[2023-06-23T23:36:22Z INFO  dt_instance] received at 2023-06-23 23:36:22.003030050 UTC - from mc-11->source-9 "773" 23:36:21.877713493
[2023-06-23T23:36:24Z INFO  dt_instance] received at 2023-06-23 23:36:24.731821060 UTC - from mc-11->source-5 "788" 23:36:24.356238446
[2023-06-23T23:36:26Z INFO  dt_instance] received at 2023-06-23 23:36:26.921715238 UTC - from mc-11->source-9 "783" 23:36:26.889354605
[2023-06-23T23:36:29Z INFO  dt_instance] received at 2023-06-23 23:36:29.410588096 UTC - from mc-11->source-3 "803" 23:36:29.394809242
[2023-06-23T23:36:32Z INFO  dt_instance] received at 2023-06-23 23:36:32.233262243 UTC - from mc-11->source-0 "816" 23:36:32.138192040
[2023-06-23T23:36:34Z INFO  dt_instance] received at 2023-06-23 23:36:34.461548977 UTC - from mc-11->source-3 "813" 23:36:34.406709737
[2023-06-23T23:36:37Z INFO  dt_instance] received at 2023-06-23 23:36:37.207045542 UTC - from mc-11->source-5 "813" 23:36:36.885942084
[2023-06-23T23:36:39Z INFO  dt_instance] received at 2023-06-23 23:36:39.605574818 UTC - from mc-11->source-3 "823" 23:36:39.418918578
[2023-06-23T23:36:42Z INFO  dt_instance] received at 2023-06-23 23:36:42.156329821 UTC - from mc-11->source-3 "828" 23:36:41.924230455
[2023-06-23T23:36:44Z INFO  dt_instance] received at 2023-06-23 23:36:44.537866051 UTC - from mc-11->source-3 "833" 23:36:44.431616118
[2023-06-23T23:36:47Z INFO  dt_instance] received at 2023-06-23 23:36:47.220298550 UTC - from mc-11->source-7 "828" 23:36:46.934214743
[2023-06-23T23:36:49Z INFO  dt_instance] received at 2023-06-23 23:36:49.543799569 UTC - from mc-11->source-9 "828" 23:36:49.443047222
[2023-06-23T23:36:52Z INFO  dt_instance] received at 2023-06-23 23:36:52.037991809 UTC - from mc-11->source-1 "853" 23:36:51.961092582
[2023-06-23T23:36:54Z INFO  dt_instance] received at 2023-06-23 23:36:54.604917372 UTC - from mc-11->source-3 "853" 23:36:54.475997339
[2023-06-23T23:36:57Z INFO  dt_instance] received at 2023-06-23 23:36:57.516054729 UTC - from mc-11->source-2 "861" 23:36:57.211288030
[2023-06-23T23:36:59Z INFO  dt_instance] received at 2023-06-23 23:36:59.585173387 UTC - from mc-11->source-3 "863" 23:36:59.486220678
[2023-06-23T23:37:02Z INFO  dt_instance] received at 2023-06-23 23:37:02.122343765 UTC - from mc-11->source-7 "858" 23:37:01.979969492
[2023-06-23T23:37:04Z INFO  dt_instance] received at 2023-06-23 23:37:04.672687658 UTC - from mc-11->source-3 "873" 23:37:04.497684377
[2023-06-23T23:37:07Z INFO  dt_instance] received at 2023-06-23 23:37:07.136636230 UTC - from mc-11->source-3 "878" 23:37:07.003174283
[2023-06-23T23:37:09Z INFO  dt_instance] received at 2023-06-23 23:37:09.779979960 UTC - from mc-11->source-3 "883" 23:37:09.511162401
[2023-06-23T23:37:12Z INFO  dt_instance] received at 2023-06-23 23:37:12.146631212 UTC - from mc-11->source-3 "888" 23:37:12.017236411
[2023-06-23T23:37:14Z INFO  dt_instance] received at 2023-06-23 23:37:14.777500012 UTC - from mc-11->source-9 "878" 23:37:14.512303837
[2023-06-23T23:37:17Z INFO  dt_instance] received at 2023-06-23 23:37:17.124597189 UTC - from mc-11->source-1 "903" 23:37:17.026413516
[2023-06-23T23:37:19Z INFO  dt_instance] received at 2023-06-23 23:37:19.675564681 UTC - from mc-11->source-2 "905" 23:37:19.259804842
[2023-06-23T23:37:22Z INFO  dt_instance] received at 2023-06-23 23:37:22.176088712 UTC - from mc-11->source-3 "908" 23:37:22.041427884
[2023-06-23T23:37:24Z INFO  dt_instance] received at 2023-06-23 23:37:24.653239889 UTC - from mc-11->source-3 "913" 23:37:24.549910258
[2023-06-23T23:37:27Z INFO  dt_instance] received at 2023-06-23 23:37:27.121171034 UTC - from mc-11->source-8 "905" 23:37:26.779630251
[2023-06-23T23:37:29Z INFO  dt_instance] received at 2023-06-23 23:37:29.774140534 UTC - from mc-11->source-9 "908" 23:37:29.546002693
[2023-06-23T23:37:32Z INFO  dt_instance] received at 2023-06-23 23:37:32.094700315 UTC - from mc-11->source-3 "928" 23:37:32.069108502
[2023-06-23T23:37:34Z INFO  dt_instance] received at 2023-06-23 23:37:34.592621531 UTC - from mc-11->source-3 "933" 23:37:34.575880539
[2023-06-23T23:37:37Z INFO  dt_instance] received at 2023-06-23 23:37:37.156383255 UTC - from mc-11->source-5 "933" 23:37:37.031105506
[2023-06-23T23:37:39Z INFO  dt_instance] received at 2023-06-23 23:37:39.624789183 UTC - from mc-11->source-9 "928" 23:37:39.568909722
[2023-06-23T23:37:42Z INFO  dt_instance] received at 2023-06-23 23:37:42.178479094 UTC - from mc-11->source-3 "948" 23:37:42.093168361
[2023-06-23T23:37:44Z INFO  dt_instance] received at 2023-06-23 23:37:44.723095317 UTC - from mc-11->source-3 "953" 23:37:44.600091577
[2023-06-23T23:37:47Z INFO  dt_instance] received at 2023-06-23 23:37:47.122123638 UTC - from mc-11->source-3 "958" 23:37:47.104861951
[2023-06-23T23:37:49Z INFO  dt_instance] received at 2023-06-23 23:37:49.640510852 UTC - from mc-11->source-3 "963" 23:37:49.610217442
[2023-06-23T23:37:52Z INFO  dt_instance] received at 2023-06-23 23:37:52.125114159 UTC - from mc-11->source-3 "968" 23:37:52.116617642
[2023-06-23T23:37:54Z INFO  dt_instance] received at 2023-06-23 23:37:54.650177973 UTC - from mc-11->source-3 "973" 23:37:54.623796486
[2023-06-23T23:37:57Z INFO  dt_instance] received at 2023-06-23 23:37:57.156998513 UTC - from mc-11->source-3 "978" 23:37:57.130250910
[2023-06-23T23:37:59Z INFO  dt_instance] received at 2023-06-23 23:37:59.778414377 UTC - from mc-11->source-5 "978" 23:37:59.585898266
[2023-06-23T23:38:02Z INFO  dt_instance] received at 2023-06-23 23:38:02.191557867 UTC - from mc-11->source-3 "988" 23:38:02.142291196
[2023-06-23T23:38:04Z INFO  dt_instance] received at 2023-06-23 23:38:04.962600674 UTC - from mc-11->source-2 "996" 23:38:04.870610605
[2023-06-23T23:38:08Z INFO  dt_instance] received at 2023-06-23 23:38:08.131556443 UTC - from mc-11->source-5 "995" 23:38:08.104549659
[2023-06-23T23:38:15Z INFO  dt_instance] received at 2023-06-23 23:38:15.222675494 UTC - from mc-11->source-9 "999" 23:38:15.149745377
