[2023-06-27T18:02:07Z INFO  dt_instance] Current Twin: mc-twin-10
[2023-06-27T18:02:07Z INFO  dt_instance] Replica Name twin-mc-stateful-10
[2023-06-27T18:02:07Z INFO  dt_instance] Sleeping for 500
[2023-06-27T18:10:27Z INFO  dt_instance] Connecting to broker at emqx.dtwins:1883
[2023-06-27T18:10:27Z INFO  dt_instance] Loggin info each 50 messages
[2023-06-27T18:10:27Z INFO  dt_instance] Set max packet size to 60000 KB.
[2023-06-27T18:10:27Z INFO  dt_instance] Refreshing topics for twin - Listen to mc-10/#
[2023-06-27T18:10:27Z INFO  dt_instance] SubAck { pkid: 1, return_codes: [Success(ExactlyOnce)] }
[2023-06-27T18:11:29Z INFO  dt_instance] received at 2023-06-27 18:11:29.678217089 UTC - from mc-10->source-2 "9" 18:11:29.676907489
[2023-06-27T18:11:32Z INFO  dt_instance] received at 2023-06-27 18:11:32.933973449 UTC - from mc-10->source-3 "13" 18:11:32.932743932
[2023-06-27T18:11:35Z INFO  dt_instance] received at 2023-06-27 18:11:35.451466541 UTC - from mc-10->source-1 "23" 18:11:35.447982513
[2023-06-27T18:11:37Z INFO  dt_instance] received at 2023-06-27 18:11:37.957934945 UTC - from mc-10->source-1 "28" 18:11:37.953144126
[2023-06-27T18:11:40Z INFO  dt_instance] received at 2023-06-27 18:11:40.460681606 UTC - from mc-10->source-1 "33" 18:11:40.458162191
[2023-06-27T18:11:42Z INFO  dt_instance] received at 2023-06-27 18:11:42.966203191 UTC - from mc-10->source-1 "38" 18:11:42.965007644
[2023-06-27T18:11:45Z INFO  dt_instance] received at 2023-06-27 18:11:45.473226827 UTC - from mc-10->source-1 "43" 18:11:45.470708687
[2023-06-27T18:11:47Z INFO  dt_instance] received at 2023-06-27 18:11:47.977257959 UTC - from mc-10->source-1 "48" 18:11:47.975831289
[2023-06-27T18:11:50Z INFO  dt_instance] received at 2023-06-27 18:11:50.496141583 UTC - from mc-10->source-1 "53" 18:11:50.482336171
[2023-06-27T18:11:52Z INFO  dt_instance] received at 2023-06-27 18:11:52.989969182 UTC - from mc-10->source-1 "58" 18:11:52.986716875
[2023-06-27T18:11:55Z INFO  dt_instance] received at 2023-06-27 18:11:55.496379722 UTC - from mc-10->source-1 "63" 18:11:55.492450038
[2023-06-27T18:11:57Z INFO  dt_instance] received at 2023-06-27 18:11:57.998597249 UTC - from mc-10->source-1 "68" 18:11:57.996752486
[2023-06-27T18:12:00Z INFO  dt_instance] received at 2023-06-27 18:12:00.504627469 UTC - from mc-10->source-1 "73" 18:12:00.502797217
[2023-06-27T18:12:03Z INFO  dt_instance] received at 2023-06-27 18:12:03.010244908 UTC - from mc-10->source-1 "78" 18:12:03.008688292
[2023-06-27T18:12:05Z INFO  dt_instance] received at 2023-06-27 18:12:05.515438995 UTC - from mc-10->source-1 "83" 18:12:05.514082377
[2023-06-27T18:12:08Z INFO  dt_instance] received at 2023-06-27 18:12:08.023290610 UTC - from mc-10->source-1 "88" 18:12:08.019766419
[2023-06-27T18:12:10Z INFO  dt_instance] received at 2023-06-27 18:12:10.531051834 UTC - from mc-10->source-1 "93" 18:12:10.529300229
[2023-06-27T18:12:13Z INFO  dt_instance] received at 2023-06-27 18:12:13.037754802 UTC - from mc-10->source-1 "98" 18:12:13.035689705
[2023-06-27T18:12:15Z INFO  dt_instance] received at 2023-06-27 18:12:15.545304654 UTC - from mc-10->source-3 "98" 18:12:15.543989151
[2023-06-27T18:12:18Z INFO  dt_instance] received at 2023-06-27 18:12:18.050198141 UTC - from mc-10->source-3 "103" 18:12:18.049281510
[2023-06-27T18:12:20Z INFO  dt_instance] received at 2023-06-27 18:12:20.556713675 UTC - from mc-10->source-3 "108" 18:12:20.555307464
[2023-06-27T18:12:23Z INFO  dt_instance] received at 2023-06-27 18:12:23.062231935 UTC - from mc-10->source-3 "113" 18:12:23.061443004
[2023-06-27T18:12:25Z INFO  dt_instance] received at 2023-06-27 18:12:25.566475116 UTC - from mc-10->source-3 "118" 18:12:25.565733334
[2023-06-27T18:12:28Z INFO  dt_instance] received at 2023-06-27 18:12:28.074759597 UTC - from mc-10->source-1 "128" 18:12:28.072320203
[2023-06-27T18:12:30Z INFO  dt_instance] received at 2023-06-27 18:12:30.579908061 UTC - from mc-10->source-1 "133" 18:12:30.578657639
[2023-06-27T18:12:33Z INFO  dt_instance] received at 2023-06-27 18:12:33.085411203 UTC - from mc-10->source-1 "138" 18:12:33.084259176
[2023-06-27T18:12:35Z INFO  dt_instance] received at 2023-06-27 18:12:35.592544087 UTC - from mc-10->source-1 "143" 18:12:35.590158772
[2023-06-27T18:12:38Z INFO  dt_instance] received at 2023-06-27 18:12:38.096616215 UTC - from mc-10->source-1 "148" 18:12:38.095504999
[2023-06-27T18:12:40Z INFO  dt_instance] received at 2023-06-27 18:12:40.602861459 UTC - from mc-10->source-1 "153" 18:12:40.601754481
[2023-06-27T18:12:43Z INFO  dt_instance] received at 2023-06-27 18:12:43.108114628 UTC - from mc-10->source-1 "158" 18:12:43.106838298
[2023-06-27T18:12:45Z INFO  dt_instance] received at 2023-06-27 18:12:45.612605954 UTC - from mc-10->source-1 "163" 18:12:45.611774163
[2023-06-27T18:12:48Z INFO  dt_instance] received at 2023-06-27 18:12:48.118831029 UTC - from mc-10->source-1 "168" 18:12:48.117843399
[2023-06-27T18:12:50Z INFO  dt_instance] received at 2023-06-27 18:12:50.628094792 UTC - from mc-10->source-3 "168" 18:12:50.624262882
[2023-06-27T18:12:53Z INFO  dt_instance] received at 2023-06-27 18:12:53.131152637 UTC - from mc-10->source-3 "173" 18:12:53.129896832
[2023-06-27T18:12:55Z INFO  dt_instance] received at 2023-06-27 18:12:55.639066417 UTC - from mc-10->source-1 "183" 18:12:55.638045281
[2023-06-27T18:12:58Z INFO  dt_instance] received at 2023-06-27 18:12:58.145020962 UTC - from mc-10->source-1 "188" 18:12:58.143597974
[2023-06-27T18:13:00Z INFO  dt_instance] received at 2023-06-27 18:13:00.652316504 UTC - from mc-10->source-1 "193" 18:13:00.650776782
[2023-06-27T18:13:03Z INFO  dt_instance] received at 2023-06-27 18:13:03.159347304 UTC - from mc-10->source-1 "198" 18:13:03.158025323
[2023-06-27T18:13:05Z INFO  dt_instance] received at 2023-06-27 18:13:05.665259312 UTC - from mc-10->source-1 "203" 18:13:05.663486615
[2023-06-27T18:13:08Z INFO  dt_instance] received at 2023-06-27 18:13:08.170112933 UTC - from mc-10->source-1 "208" 18:13:08.168651947
[2023-06-27T18:13:10Z INFO  dt_instance] received at 2023-06-27 18:13:10.675377125 UTC - from mc-10->source-1 "213" 18:13:10.674017425
[2023-06-27T18:13:13Z INFO  dt_instance] received at 2023-06-27 18:13:13.183635921 UTC - from mc-10->source-1 "218" 18:13:13.180633070
[2023-06-27T18:13:15Z INFO  dt_instance] received at 2023-06-27 18:13:15.686843876 UTC - from mc-10->source-1 "223" 18:13:15.685781603
[2023-06-27T18:13:18Z INFO  dt_instance] received at 2023-06-27 18:13:18.192931840 UTC - from mc-10->source-1 "228" 18:13:18.191701596
[2023-06-27T18:13:20Z INFO  dt_instance] received at 2023-06-27 18:13:20.699774416 UTC - from mc-10->source-1 "233" 18:13:20.697673061
[2023-06-27T18:13:23Z INFO  dt_instance] received at 2023-06-27 18:13:23.206865258 UTC - from mc-10->source-1 "238" 18:13:23.205644540
[2023-06-27T18:13:25Z INFO  dt_instance] received at 2023-06-27 18:13:25.712073119 UTC - from mc-10->source-1 "243" 18:13:25.710832406
[2023-06-27T18:13:28Z INFO  dt_instance] received at 2023-06-27 18:13:28.222927512 UTC - from mc-10->source-1 "248" 18:13:28.219324841
[2023-06-27T18:13:30Z INFO  dt_instance] received at 2023-06-27 18:13:30.725502360 UTC - from mc-10->source-1 "253" 18:13:30.724126479
[2023-06-27T18:13:33Z INFO  dt_instance] received at 2023-06-27 18:13:33.231150706 UTC - from mc-10->source-1 "258" 18:13:33.229688210
[2023-06-27T18:13:35Z INFO  dt_instance] received at 2023-06-27 18:13:35.740749844 UTC - from mc-10->source-1 "263" 18:13:35.738725910
[2023-06-27T18:13:38Z INFO  dt_instance] received at 2023-06-27 18:13:38.246813014 UTC - from mc-10->source-1 "268" 18:13:38.245195963
[2023-06-27T18:13:40Z INFO  dt_instance] received at 2023-06-27 18:13:40.752687742 UTC - from mc-10->source-1 "273" 18:13:40.750310529
[2023-06-27T18:13:43Z INFO  dt_instance] received at 2023-06-27 18:13:43.259414727 UTC - from mc-10->source-1 "278" 18:13:43.256325065
[2023-06-27T18:13:45Z INFO  dt_instance] received at 2023-06-27 18:13:45.765213041 UTC - from mc-10->source-1 "283" 18:13:45.761030381
[2023-06-27T18:13:48Z INFO  dt_instance] received at 2023-06-27 18:13:48.268977264 UTC - from mc-10->source-1 "288" 18:13:48.267613200
[2023-06-27T18:13:50Z INFO  dt_instance] received at 2023-06-27 18:13:50.776300514 UTC - from mc-10->source-1 "293" 18:13:50.774414457
[2023-06-27T18:13:53Z INFO  dt_instance] received at 2023-06-27 18:13:53.281279795 UTC - from mc-10->source-1 "298" 18:13:53.279551445
[2023-06-27T18:13:55Z INFO  dt_instance] received at 2023-06-27 18:13:55.786304753 UTC - from mc-10->source-1 "303" 18:13:55.784030835
[2023-06-27T18:13:58Z INFO  dt_instance] received at 2023-06-27 18:13:58.295845601 UTC - from mc-10->source-1 "308" 18:13:58.291152756
[2023-06-27T18:14:00Z INFO  dt_instance] received at 2023-06-27 18:14:00.797472872 UTC - from mc-10->source-1 "313" 18:14:00.795799405
[2023-06-27T18:14:03Z INFO  dt_instance] received at 2023-06-27 18:14:03.304859806 UTC - from mc-10->source-1 "318" 18:14:03.301107720
[2023-06-27T18:14:05Z INFO  dt_instance] received at 2023-06-27 18:14:05.810037458 UTC - from mc-10->source-1 "323" 18:14:05.808513743
[2023-06-27T18:14:08Z INFO  dt_instance] received at 2023-06-27 18:14:08.315357493 UTC - from mc-10->source-1 "328" 18:14:08.313186897
[2023-06-27T18:14:10Z INFO  dt_instance] received at 2023-06-27 18:14:10.820826759 UTC - from mc-10->source-1 "333" 18:14:10.819568336
[2023-06-27T18:14:13Z INFO  dt_instance] received at 2023-06-27 18:14:13.325607277 UTC - from mc-10->source-1 "338" 18:14:13.324138691
[2023-06-27T18:14:15Z INFO  dt_instance] received at 2023-06-27 18:14:15.830890577 UTC - from mc-10->source-1 "343" 18:14:15.829469369
[2023-06-27T18:14:18Z INFO  dt_instance] received at 2023-06-27 18:14:18.335267228 UTC - from mc-10->source-1 "348" 18:14:18.333982264
[2023-06-27T18:14:20Z INFO  dt_instance] received at 2023-06-27 18:14:20.841486670 UTC - from mc-10->source-1 "353" 18:14:20.838658912
[2023-06-27T18:14:23Z INFO  dt_instance] received at 2023-06-27 18:14:23.346392506 UTC - from mc-10->source-1 "358" 18:14:23.344357524
[2023-06-27T18:14:25Z INFO  dt_instance] received at 2023-06-27 18:14:25.851627348 UTC - from mc-10->source-1 "363" 18:14:25.849776028
[2023-06-27T18:14:28Z INFO  dt_instance] received at 2023-06-27 18:14:28.365959592 UTC - from mc-10->source-1 "368" 18:14:28.356853914
[2023-06-27T18:14:30Z INFO  dt_instance] received at 2023-06-27 18:14:30.863943958 UTC - from mc-10->source-1 "373" 18:14:30.862109098
[2023-06-27T18:14:33Z INFO  dt_instance] received at 2023-06-27 18:14:33.367824761 UTC - from mc-10->source-1 "378" 18:14:33.366666230
[2023-06-27T18:14:35Z INFO  dt_instance] received at 2023-06-27 18:14:35.877532755 UTC - from mc-10->source-1 "383" 18:14:35.876319170
[2023-06-27T18:14:38Z INFO  dt_instance] received at 2023-06-27 18:14:38.384458596 UTC - from mc-10->source-1 "388" 18:14:38.382185891
[2023-06-27T18:14:40Z INFO  dt_instance] received at 2023-06-27 18:14:40.889815027 UTC - from mc-10->source-1 "393" 18:14:40.887645935
[2023-06-27T18:14:43Z INFO  dt_instance] received at 2023-06-27 18:14:43.395347092 UTC - from mc-10->source-1 "398" 18:14:43.393376143
[2023-06-27T18:14:45Z INFO  dt_instance] received at 2023-06-27 18:14:45.903188331 UTC - from mc-10->source-1 "403" 18:14:45.899001464
[2023-06-27T18:14:48Z INFO  dt_instance] received at 2023-06-27 18:14:48.405998769 UTC - from mc-10->source-1 "408" 18:14:48.404345007
[2023-06-27T18:14:50Z INFO  dt_instance] received at 2023-06-27 18:14:50.911169520 UTC - from mc-10->source-1 "413" 18:14:50.909690152
[2023-06-27T18:14:53Z INFO  dt_instance] received at 2023-06-27 18:14:53.419590903 UTC - from mc-10->source-1 "418" 18:14:53.416556552
[2023-06-27T18:14:55Z INFO  dt_instance] received at 2023-06-27 18:14:55.923167058 UTC - from mc-10->source-1 "423" 18:14:55.921896883
[2023-06-27T18:14:58Z INFO  dt_instance] received at 2023-06-27 18:14:58.429039516 UTC - from mc-10->source-1 "428" 18:14:58.427541111
[2023-06-27T18:15:00Z INFO  dt_instance] received at 2023-06-27 18:15:00.934511050 UTC - from mc-10->source-1 "433" 18:15:00.932833423
[2023-06-27T18:15:03Z INFO  dt_instance] received at 2023-06-27 18:15:03.439453503 UTC - from mc-10->source-1 "438" 18:15:03.437735767
[2023-06-27T18:15:05Z INFO  dt_instance] received at 2023-06-27 18:15:05.946639636 UTC - from mc-10->source-1 "443" 18:15:05.944207765
[2023-06-27T18:15:08Z INFO  dt_instance] received at 2023-06-27 18:15:08.457867104 UTC - from mc-10->source-1 "448" 18:15:08.453965819
[2023-06-27T18:15:10Z INFO  dt_instance] received at 2023-06-27 18:15:10.960569528 UTC - from mc-10->source-1 "453" 18:15:10.959314470
[2023-06-27T18:15:13Z INFO  dt_instance] received at 2023-06-27 18:15:13.466371724 UTC - from mc-10->source-1 "458" 18:15:13.464951490
[2023-06-27T18:15:15Z INFO  dt_instance] received at 2023-06-27 18:15:15.973481950 UTC - from mc-10->source-1 "463" 18:15:15.970628282
[2023-06-27T18:15:18Z INFO  dt_instance] received at 2023-06-27 18:15:18.477204935 UTC - from mc-10->source-1 "468" 18:15:18.476203348
[2023-06-27T18:15:20Z INFO  dt_instance] received at 2023-06-27 18:15:20.982498464 UTC - from mc-10->source-1 "473" 18:15:20.980772600
[2023-06-27T18:15:23Z INFO  dt_instance] received at 2023-06-27 18:15:23.487840625 UTC - from mc-10->source-1 "478" 18:15:23.486141566
[2023-06-27T18:15:25Z INFO  dt_instance] received at 2023-06-27 18:15:25.992535302 UTC - from mc-10->source-1 "483" 18:15:25.990864819
[2023-06-27T18:15:28Z INFO  dt_instance] received at 2023-06-27 18:15:28.498790899 UTC - from mc-10->source-1 "488" 18:15:28.497123025
[2023-06-27T18:15:31Z INFO  dt_instance] received at 2023-06-27 18:15:31.005125660 UTC - from mc-10->source-1 "493" 18:15:31.002944547
[2023-06-27T18:15:33Z INFO  dt_instance] received at 2023-06-27 18:15:33.516755627 UTC - from mc-10->source-1 "498" 18:15:33.515385492
[2023-06-27T18:15:36Z INFO  dt_instance] received at 2023-06-27 18:15:36.041418809 UTC - from mc-10->source-3 "498" 18:15:36.039841414
[2023-06-27T18:15:38Z INFO  dt_instance] received at 2023-06-27 18:15:38.545643916 UTC - from mc-10->source-3 "503" 18:15:38.544727971
[2023-06-27T18:15:41Z INFO  dt_instance] received at 2023-06-27 18:15:41.051685491 UTC - from mc-10->source-3 "508" 18:15:41.050331322
[2023-06-27T18:15:43Z INFO  dt_instance] received at 2023-06-27 18:15:43.555825020 UTC - from mc-10->source-3 "513" 18:15:43.554961617
[2023-06-27T18:15:46Z INFO  dt_instance] received at 2023-06-27 18:15:46.063979950 UTC - from mc-10->source-3 "518" 18:15:46.061118077
[2023-06-27T18:15:48Z INFO  dt_instance] received at 2023-06-27 18:15:48.569053379 UTC - from mc-10->source-3 "523" 18:15:48.567935919
[2023-06-27T18:15:51Z INFO  dt_instance] received at 2023-06-27 18:15:51.076170660 UTC - from mc-10->source-3 "528" 18:15:51.074619135
[2023-06-27T18:15:53Z INFO  dt_instance] received at 2023-06-27 18:15:53.581972280 UTC - from mc-10->source-3 "533" 18:15:53.580787695
[2023-06-27T18:15:56Z INFO  dt_instance] received at 2023-06-27 18:15:56.087573025 UTC - from mc-10->source-3 "538" 18:15:56.086604197
[2023-06-27T18:15:58Z INFO  dt_instance] received at 2023-06-27 18:15:58.593797306 UTC - from mc-10->source-3 "543" 18:15:58.592721803
[2023-06-27T18:16:01Z INFO  dt_instance] received at 2023-06-27 18:16:01.102144059 UTC - from mc-10->source-3 "548" 18:16:01.099443201
[2023-06-27T18:16:03Z INFO  dt_instance] received at 2023-06-27 18:16:03.607706598 UTC - from mc-10->source-3 "553" 18:16:03.605624539
[2023-06-27T18:16:06Z INFO  dt_instance] received at 2023-06-27 18:16:06.111755154 UTC - from mc-10->source-3 "558" 18:16:06.110912006
[2023-06-27T18:16:08Z INFO  dt_instance] received at 2023-06-27 18:16:08.616556544 UTC - from mc-10->source-3 "563" 18:16:08.615827267
[2023-06-27T18:16:11Z INFO  dt_instance] received at 2023-06-27 18:16:11.132653234 UTC - from mc-10->source-3 "568" 18:16:11.131929463
[2023-06-27T18:16:13Z INFO  dt_instance] received at 2023-06-27 18:16:13.640882449 UTC - from mc-10->source-3 "573" 18:16:13.639465745
[2023-06-27T18:16:16Z INFO  dt_instance] received at 2023-06-27 18:16:16.146896106 UTC - from mc-10->source-3 "578" 18:16:16.145778016
[2023-06-27T18:16:18Z INFO  dt_instance] received at 2023-06-27 18:16:18.654183567 UTC - from mc-10->source-3 "583" 18:16:18.651289319
[2023-06-27T18:16:21Z INFO  dt_instance] received at 2023-06-27 18:16:21.156790927 UTC - from mc-10->source-3 "588" 18:16:21.155823162
[2023-06-27T18:16:23Z INFO  dt_instance] received at 2023-06-27 18:16:23.662294426 UTC - from mc-10->source-3 "593" 18:16:23.661151633
[2023-06-27T18:16:26Z INFO  dt_instance] received at 2023-06-27 18:16:26.167764850 UTC - from mc-10->source-3 "598" 18:16:26.166671167
[2023-06-27T18:16:28Z INFO  dt_instance] received at 2023-06-27 18:16:28.673485166 UTC - from mc-10->source-3 "603" 18:16:28.672554840
[2023-06-27T18:16:31Z INFO  dt_instance] received at 2023-06-27 18:16:31.178527291 UTC - from mc-10->source-3 "608" 18:16:31.177721108
[2023-06-27T18:16:33Z INFO  dt_instance] received at 2023-06-27 18:16:33.687807109 UTC - from mc-10->source-3 "613" 18:16:33.684955830
[2023-06-27T18:16:36Z INFO  dt_instance] received at 2023-06-27 18:16:36.192157183 UTC - from mc-10->source-3 "618" 18:16:36.191212056
[2023-06-27T18:16:38Z INFO  dt_instance] received at 2023-06-27 18:16:38.697549930 UTC - from mc-10->source-3 "623" 18:16:38.695891931
[2023-06-27T18:16:41Z INFO  dt_instance] received at 2023-06-27 18:16:41.203020722 UTC - from mc-10->source-3 "628" 18:16:41.202035750
[2023-06-27T18:16:43Z INFO  dt_instance] received at 2023-06-27 18:16:43.709375670 UTC - from mc-10->source-3 "633" 18:16:43.708258601
[2023-06-27T18:16:46Z INFO  dt_instance] received at 2023-06-27 18:16:46.216686516 UTC - from mc-10->source-3 "638" 18:16:46.215077194
[2023-06-27T18:16:48Z INFO  dt_instance] received at 2023-06-27 18:16:48.722153150 UTC - from mc-10->source-3 "643" 18:16:48.721302712
[2023-06-27T18:16:51Z INFO  dt_instance] received at 2023-06-27 18:16:51.227692058 UTC - from mc-10->source-3 "648" 18:16:51.226907532
[2023-06-27T18:16:53Z INFO  dt_instance] received at 2023-06-27 18:16:53.734540883 UTC - from mc-10->source-3 "653" 18:16:53.733395820
[2023-06-27T18:16:56Z INFO  dt_instance] received at 2023-06-27 18:16:56.239295015 UTC - from mc-10->source-3 "658" 18:16:56.237917970
[2023-06-27T18:16:58Z INFO  dt_instance] received at 2023-06-27 18:16:58.743689679 UTC - from mc-10->source-3 "663" 18:16:58.742792269
[2023-06-27T18:17:01Z INFO  dt_instance] received at 2023-06-27 18:17:01.249923430 UTC - from mc-10->source-3 "668" 18:17:01.249098420
[2023-06-27T18:17:03Z INFO  dt_instance] received at 2023-06-27 18:17:03.755927709 UTC - from mc-10->source-3 "673" 18:17:03.755082503
[2023-06-27T18:17:06Z INFO  dt_instance] received at 2023-06-27 18:17:06.260967979 UTC - from mc-10->source-3 "678" 18:17:06.260077644
[2023-06-27T18:17:08Z INFO  dt_instance] received at 2023-06-27 18:17:08.766912643 UTC - from mc-10->source-3 "683" 18:17:08.765698419
[2023-06-27T18:17:11Z INFO  dt_instance] received at 2023-06-27 18:17:11.273397015 UTC - from mc-10->source-3 "688" 18:17:11.271139095
[2023-06-27T18:17:13Z INFO  dt_instance] received at 2023-06-27 18:17:13.777585746 UTC - from mc-10->source-3 "693" 18:17:13.776685390
[2023-06-27T18:17:16Z INFO  dt_instance] received at 2023-06-27 18:17:16.283897138 UTC - from mc-10->source-3 "698" 18:17:16.283083388
[2023-06-27T18:17:18Z INFO  dt_instance] received at 2023-06-27 18:17:18.789191965 UTC - from mc-10->source-3 "703" 18:17:18.788534515
[2023-06-27T18:17:21Z INFO  dt_instance] received at 2023-06-27 18:17:21.294062155 UTC - from mc-10->source-3 "708" 18:17:21.293116849
[2023-06-27T18:17:23Z INFO  dt_instance] received at 2023-06-27 18:17:23.798858773 UTC - from mc-10->source-3 "713" 18:17:23.797811138
[2023-06-27T18:17:26Z INFO  dt_instance] received at 2023-06-27 18:17:26.305218305 UTC - from mc-10->source-3 "718" 18:17:26.304081082
[2023-06-27T18:17:28Z INFO  dt_instance] received at 2023-06-27 18:17:28.809689750 UTC - from mc-10->source-3 "723" 18:17:28.808871053
[2023-06-27T18:17:31Z INFO  dt_instance] received at 2023-06-27 18:17:31.315982769 UTC - from mc-10->source-3 "728" 18:17:31.315050343
[2023-06-27T18:17:33Z INFO  dt_instance] received at 2023-06-27 18:17:33.821435880 UTC - from mc-10->source-3 "733" 18:17:33.820518227
[2023-06-27T18:17:36Z INFO  dt_instance] received at 2023-06-27 18:17:36.325722818 UTC - from mc-10->source-3 "738" 18:17:36.324733639
[2023-06-27T18:17:38Z INFO  dt_instance] received at 2023-06-27 18:17:38.835439354 UTC - from mc-10->source-3 "743" 18:17:38.834659890
[2023-06-27T18:17:41Z INFO  dt_instance] received at 2023-06-27 18:17:41.341679641 UTC - from mc-10->source-3 "748" 18:17:41.340093235
[2023-06-27T18:17:43Z INFO  dt_instance] received at 2023-06-27 18:17:43.845707609 UTC - from mc-10->source-3 "753" 18:17:43.844890443
[2023-06-27T18:17:46Z INFO  dt_instance] received at 2023-06-27 18:17:46.351005203 UTC - from mc-10->source-3 "758" 18:17:46.349848555
[2023-06-27T18:17:48Z INFO  dt_instance] received at 2023-06-27 18:17:48.857826114 UTC - from mc-10->source-3 "763" 18:17:48.856887334
[2023-06-27T18:17:51Z INFO  dt_instance] received at 2023-06-27 18:17:51.362812896 UTC - from mc-10->source-3 "768" 18:17:51.361831648
[2023-06-27T18:17:53Z INFO  dt_instance] received at 2023-06-27 18:17:53.869478464 UTC - from mc-10->source-3 "773" 18:17:53.868475848
[2023-06-27T18:17:56Z INFO  dt_instance] received at 2023-06-27 18:17:56.378363051 UTC - from mc-10->source-3 "778" 18:17:56.374030686
[2023-06-27T18:17:58Z INFO  dt_instance] received at 2023-06-27 18:17:58.879759463 UTC - from mc-10->source-3 "783" 18:17:58.878814868
[2023-06-27T18:18:01Z INFO  dt_instance] received at 2023-06-27 18:18:01.385242996 UTC - from mc-10->source-3 "788" 18:18:01.384217404
[2023-06-27T18:18:03Z INFO  dt_instance] received at 2023-06-27 18:18:03.890058381 UTC - from mc-10->source-3 "793" 18:18:03.889111029
[2023-06-27T18:18:06Z INFO  dt_instance] received at 2023-06-27 18:18:06.395629764 UTC - from mc-10->source-3 "798" 18:18:06.394525446
[2023-06-27T18:18:08Z INFO  dt_instance] received at 2023-06-27 18:18:08.899955323 UTC - from mc-10->source-3 "803" 18:18:08.899125208
[2023-06-27T18:18:11Z INFO  dt_instance] received at 2023-06-27 18:18:11.404873354 UTC - from mc-10->source-3 "808" 18:18:11.404100808
[2023-06-27T18:18:13Z INFO  dt_instance] received at 2023-06-27 18:18:13.910999808 UTC - from mc-10->source-3 "813" 18:18:13.909933329
[2023-06-27T18:18:16Z INFO  dt_instance] received at 2023-06-27 18:18:16.415794499 UTC - from mc-10->source-3 "818" 18:18:16.415004023
[2023-06-27T18:18:18Z INFO  dt_instance] received at 2023-06-27 18:18:18.922480996 UTC - from mc-10->source-3 "823" 18:18:18.921272098
[2023-06-27T18:18:21Z INFO  dt_instance] received at 2023-06-27 18:18:21.427070191 UTC - from mc-10->source-3 "828" 18:18:21.426046207
[2023-06-27T18:18:23Z INFO  dt_instance] received at 2023-06-27 18:18:23.932954415 UTC - from mc-10->source-3 "833" 18:18:23.930893992
[2023-06-27T18:18:26Z INFO  dt_instance] received at 2023-06-27 18:18:26.437150532 UTC - from mc-10->source-3 "838" 18:18:26.435742579
[2023-06-27T18:18:28Z INFO  dt_instance] received at 2023-06-27 18:18:28.942835388 UTC - from mc-10->source-3 "843" 18:18:28.940942096
[2023-06-27T18:18:31Z INFO  dt_instance] received at 2023-06-27 18:18:31.447620499 UTC - from mc-10->source-3 "848" 18:18:31.446015668
[2023-06-27T18:18:33Z INFO  dt_instance] received at 2023-06-27 18:18:33.954561029 UTC - from mc-10->source-3 "853" 18:18:33.953547699
[2023-06-27T18:18:36Z INFO  dt_instance] received at 2023-06-27 18:18:36.461957607 UTC - from mc-10->source-1 "863" 18:18:36.458776066
[2023-06-27T18:18:38Z INFO  dt_instance] received at 2023-06-27 18:18:38.967024092 UTC - from mc-10->source-1 "868" 18:18:38.965461380
[2023-06-27T18:18:41Z INFO  dt_instance] received at 2023-06-27 18:18:41.472800632 UTC - from mc-10->source-1 "873" 18:18:41.470701517
[2023-06-27T18:18:43Z INFO  dt_instance] received at 2023-06-27 18:18:43.977446564 UTC - from mc-10->source-1 "878" 18:18:43.975892390
[2023-06-27T18:18:46Z INFO  dt_instance] received at 2023-06-27 18:18:46.485687271 UTC - from mc-10->source-1 "883" 18:18:46.481573713
[2023-06-27T18:18:48Z INFO  dt_instance] received at 2023-06-27 18:18:48.988019398 UTC - from mc-10->source-1 "888" 18:18:48.986939200
[2023-06-27T18:18:51Z INFO  dt_instance] received at 2023-06-27 18:18:51.497020429 UTC - from mc-10->source-3 "888" 18:18:51.492896993
[2023-06-27T18:18:54Z INFO  dt_instance] received at 2023-06-27 18:18:54.000851395 UTC - from mc-10->source-1 "898" 18:18:53.998553097
[2023-06-27T18:18:56Z INFO  dt_instance] received at 2023-06-27 18:18:56.506144082 UTC - from mc-10->source-1 "903" 18:18:56.504615878
[2023-06-27T18:18:59Z INFO  dt_instance] received at 2023-06-27 18:18:59.013598183 UTC - from mc-10->source-1 "908" 18:18:59.010955852
[2023-06-27T18:19:01Z INFO  dt_instance] received at 2023-06-27 18:19:01.521790378 UTC - from mc-10->source-1 "913" 18:19:01.517849258
[2023-06-27T18:19:04Z INFO  dt_instance] received at 2023-06-27 18:19:04.029046770 UTC - from mc-10->source-1 "918" 18:19:04.023893679
[2023-06-27T18:19:06Z INFO  dt_instance] received at 2023-06-27 18:19:06.531850134 UTC - from mc-10->source-1 "923" 18:19:06.529498265
[2023-06-27T18:19:09Z INFO  dt_instance] received at 2023-06-27 18:19:09.035103105 UTC - from mc-10->source-1 "928" 18:19:09.033922740
[2023-06-27T18:19:11Z INFO  dt_instance] received at 2023-06-27 18:19:11.542846876 UTC - from mc-10->source-1 "933" 18:19:11.540669461
[2023-06-27T18:19:14Z INFO  dt_instance] received at 2023-06-27 18:19:14.046846845 UTC - from mc-10->source-1 "938" 18:19:14.045685158
[2023-06-27T18:19:16Z INFO  dt_instance] received at 2023-06-27 18:19:16.555032182 UTC - from mc-10->source-1 "943" 18:19:16.552562285
[2023-06-27T18:19:19Z INFO  dt_instance] received at 2023-06-27 18:19:19.058971779 UTC - from mc-10->source-1 "948" 18:19:19.057670626
[2023-06-27T18:19:21Z INFO  dt_instance] received at 2023-06-27 18:19:21.570080071 UTC - from mc-10->source-1 "953" 18:19:21.567657623
[2023-06-27T18:19:24Z INFO  dt_instance] received at 2023-06-27 18:19:24.076412970 UTC - from mc-10->source-1 "958" 18:19:24.075153885
[2023-06-27T18:19:26Z INFO  dt_instance] received at 2023-06-27 18:19:26.583326830 UTC - from mc-10->source-1 "963" 18:19:26.581718445
[2023-06-27T18:19:29Z INFO  dt_instance] received at 2023-06-27 18:19:29.089130137 UTC - from mc-10->source-1 "968" 18:19:29.087781037
[2023-06-27T18:19:31Z INFO  dt_instance] received at 2023-06-27 18:19:31.594029601 UTC - from mc-10->source-1 "973" 18:19:31.592740164
[2023-06-27T18:19:34Z INFO  dt_instance] received at 2023-06-27 18:19:34.099149579 UTC - from mc-10->source-1 "978" 18:19:34.097715527
[2023-06-27T18:19:36Z INFO  dt_instance] received at 2023-06-27 18:19:36.604962965 UTC - from mc-10->source-1 "983" 18:19:36.603195719
[2023-06-27T18:19:39Z INFO  dt_instance] received at 2023-06-27 18:19:39.110014348 UTC - from mc-10->source-1 "988" 18:19:39.108477012
[2023-06-27T18:19:41Z INFO  dt_instance] received at 2023-06-27 18:19:41.616715252 UTC - from mc-10->source-1 "993" 18:19:41.613339068
[2023-06-27T18:19:44Z INFO  dt_instance] received at 2023-06-27 18:19:44.357358921 UTC - from mc-10->source-6 "986" 18:19:44.355717529
[2023-06-27T18:19:47Z INFO  dt_instance] received at 2023-06-27 18:19:47.576041350 UTC - from mc-10->source-9 "985" 18:19:47.573955982
[2023-06-27T18:19:54Z INFO  dt_instance] received at 2023-06-27 18:19:54.591292324 UTC - from mc-10->source-9 "999" 18:19:54.590160753
