[2023-06-27T18:02:14Z INFO  dt_instance] Current Twin: mc-twin-12
[2023-06-27T18:02:14Z INFO  dt_instance] Replica Name twin-mc-stateful-12
[2023-06-27T18:02:14Z INFO  dt_instance] Sleeping for 600
[2023-06-27T18:12:14Z INFO  dt_instance] Connecting to broker at emqx.dtwins:1883
[2023-06-27T18:12:14Z INFO  dt_instance] Loggin info each 50 messages
[2023-06-27T18:12:14Z INFO  dt_instance] Set max packet size to 60000 KB.
[2023-06-27T18:12:14Z INFO  dt_instance] Refreshing topics for twin - Listen to mc-12/#
[2023-06-27T18:12:14Z INFO  dt_instance] SubAck { pkid: 1, return_codes: [Success(ExactlyOnce)] }
[2023-06-27T18:13:15Z INFO  dt_instance] received at 2023-06-27 18:13:15.961925270 UTC - from mc-12->source-2 "9" 18:13:15.958708355
[2023-06-27T18:13:19Z INFO  dt_instance] received at 2023-06-27 18:13:19.213443896 UTC - from mc-12->source-3 "13" 18:13:19.211961142
[2023-06-27T18:13:21Z INFO  dt_instance] received at 2023-06-27 18:13:21.720870809 UTC - from mc-12->source-1 "23" 18:13:21.719737380
[2023-06-27T18:13:24Z INFO  dt_instance] received at 2023-06-27 18:13:24.227779093 UTC - from mc-12->source-1 "28" 18:13:24.226632105
[2023-06-27T18:13:26Z INFO  dt_instance] received at 2023-06-27 18:13:26.733028877 UTC - from mc-12->source-1 "33" 18:13:26.732403330
[2023-06-27T18:13:29Z INFO  dt_instance] received at 2023-06-27 18:13:29.239233288 UTC - from mc-12->source-1 "38" 18:13:29.238371822
[2023-06-27T18:13:31Z INFO  dt_instance] received at 2023-06-27 18:13:31.743918771 UTC - from mc-12->source-1 "43" 18:13:31.743182152
[2023-06-27T18:13:34Z INFO  dt_instance] received at 2023-06-27 18:13:34.251123144 UTC - from mc-12->source-1 "48" 18:13:34.250046
[2023-06-27T18:13:36Z INFO  dt_instance] received at 2023-06-27 18:13:36.757641144 UTC - from mc-12->source-1 "53" 18:13:36.756762218
[2023-06-27T18:13:39Z INFO  dt_instance] received at 2023-06-27 18:13:39.262829623 UTC - from mc-12->source-1 "58" 18:13:39.261935268
[2023-06-27T18:13:41Z INFO  dt_instance] received at 2023-06-27 18:13:41.773838117 UTC - from mc-12->source-1 "63" 18:13:41.773099519
[2023-06-27T18:13:44Z INFO  dt_instance] received at 2023-06-27 18:13:44.278740750 UTC - from mc-12->source-1 "68" 18:13:44.277952890
[2023-06-27T18:13:46Z INFO  dt_instance] received at 2023-06-27 18:13:46.785137424 UTC - from mc-12->source-1 "73" 18:13:46.784371950
[2023-06-27T18:13:49Z INFO  dt_instance] received at 2023-06-27 18:13:49.289839760 UTC - from mc-12->source-1 "78" 18:13:49.289131254
[2023-06-27T18:13:51Z INFO  dt_instance] received at 2023-06-27 18:13:51.797325918 UTC - from mc-12->source-1 "83" 18:13:51.795257932
[2023-06-27T18:13:54Z INFO  dt_instance] received at 2023-06-27 18:13:54.302167192 UTC - from mc-12->source-1 "88" 18:13:54.301154830
[2023-06-27T18:13:56Z INFO  dt_instance] received at 2023-06-27 18:13:56.807162064 UTC - from mc-12->source-1 "93" 18:13:56.806044292
[2023-06-27T18:13:59Z INFO  dt_instance] received at 2023-06-27 18:13:59.313196176 UTC - from mc-12->source-1 "98" 18:13:59.312016132
[2023-06-27T18:14:01Z INFO  dt_instance] received at 2023-06-27 18:14:01.818404294 UTC - from mc-12->source-1 "103" 18:14:01.817381225
[2023-06-27T18:14:04Z INFO  dt_instance] received at 2023-06-27 18:14:04.325504481 UTC - from mc-12->source-1 "108" 18:14:04.324463775
[2023-06-27T18:14:06Z INFO  dt_instance] received at 2023-06-27 18:14:06.830482742 UTC - from mc-12->source-1 "113" 18:14:06.828778802
[2023-06-27T18:14:09Z INFO  dt_instance] received at 2023-06-27 18:14:09.335849584 UTC - from mc-12->source-1 "118" 18:14:09.334796555
[2023-06-27T18:14:11Z INFO  dt_instance] received at 2023-06-27 18:14:11.842101761 UTC - from mc-12->source-1 "123" 18:14:11.841068975
[2023-06-27T18:14:14Z INFO  dt_instance] received at 2023-06-27 18:14:14.348681307 UTC - from mc-12->source-1 "128" 18:14:14.347800768
[2023-06-27T18:14:16Z INFO  dt_instance] received at 2023-06-27 18:14:16.854950557 UTC - from mc-12->source-1 "133" 18:14:16.853474535
[2023-06-27T18:14:19Z INFO  dt_instance] received at 2023-06-27 18:14:19.359130261 UTC - from mc-12->source-1 "138" 18:14:19.358060011
[2023-06-27T18:14:21Z INFO  dt_instance] received at 2023-06-27 18:14:21.866256482 UTC - from mc-12->source-1 "143" 18:14:21.865415121
[2023-06-27T18:14:24Z INFO  dt_instance] received at 2023-06-27 18:14:24.371616902 UTC - from mc-12->source-1 "148" 18:14:24.370413090
[2023-06-27T18:14:26Z INFO  dt_instance] received at 2023-06-27 18:14:26.876072834 UTC - from mc-12->source-1 "153" 18:14:26.875082799
[2023-06-27T18:14:29Z INFO  dt_instance] received at 2023-06-27 18:14:29.383781719 UTC - from mc-12->source-1 "158" 18:14:29.382853212
[2023-06-27T18:14:31Z INFO  dt_instance] received at 2023-06-27 18:14:31.890346771 UTC - from mc-12->source-1 "163" 18:14:31.889465606
[2023-06-27T18:14:34Z INFO  dt_instance] received at 2023-06-27 18:14:34.396313221 UTC - from mc-12->source-1 "168" 18:14:34.395557707
[2023-06-27T18:14:36Z INFO  dt_instance] received at 2023-06-27 18:14:36.902222134 UTC - from mc-12->source-1 "173" 18:14:36.901068375
[2023-06-27T18:14:39Z INFO  dt_instance] received at 2023-06-27 18:14:39.407900875 UTC - from mc-12->source-1 "178" 18:14:39.406930097
[2023-06-27T18:14:41Z INFO  dt_instance] received at 2023-06-27 18:14:41.913533904 UTC - from mc-12->source-1 "183" 18:14:41.912431956
[2023-06-27T18:14:44Z INFO  dt_instance] received at 2023-06-27 18:14:44.423726064 UTC - from mc-12->source-1 "188" 18:14:44.422514646
[2023-06-27T18:14:46Z INFO  dt_instance] received at 2023-06-27 18:14:46.928760649 UTC - from mc-12->source-1 "193" 18:14:46.927948757
[2023-06-27T18:14:49Z INFO  dt_instance] received at 2023-06-27 18:14:49.435052705 UTC - from mc-12->source-1 "198" 18:14:49.434172109
[2023-06-27T18:14:51Z INFO  dt_instance] received at 2023-06-27 18:14:51.940309345 UTC - from mc-12->source-1 "203" 18:14:51.938969290
[2023-06-27T18:14:54Z INFO  dt_instance] received at 2023-06-27 18:14:54.445264316 UTC - from mc-12->source-1 "208" 18:14:54.444278587
[2023-06-27T18:14:56Z INFO  dt_instance] received at 2023-06-27 18:14:56.950044677 UTC - from mc-12->source-1 "213" 18:14:56.949065382
[2023-06-27T18:14:59Z INFO  dt_instance] received at 2023-06-27 18:14:59.455768888 UTC - from mc-12->source-1 "218" 18:14:59.454361239
[2023-06-27T18:15:01Z INFO  dt_instance] received at 2023-06-27 18:15:01.964129627 UTC - from mc-12->source-1 "223" 18:15:01.959588204
[2023-06-27T18:15:04Z INFO  dt_instance] received at 2023-06-27 18:15:04.466429667 UTC - from mc-12->source-1 "228" 18:15:04.465274232
[2023-06-27T18:15:06Z INFO  dt_instance] received at 2023-06-27 18:15:06.971410620 UTC - from mc-12->source-1 "233" 18:15:06.970443444
[2023-06-27T18:15:09Z INFO  dt_instance] received at 2023-06-27 18:15:09.478312287 UTC - from mc-12->source-1 "238" 18:15:09.477429506
[2023-06-27T18:15:11Z INFO  dt_instance] received at 2023-06-27 18:15:11.985632490 UTC - from mc-12->source-1 "243" 18:15:11.983719299
[2023-06-27T18:15:14Z INFO  dt_instance] received at 2023-06-27 18:15:14.490136160 UTC - from mc-12->source-1 "248" 18:15:14.488923814
[2023-06-27T18:15:16Z INFO  dt_instance] received at 2023-06-27 18:15:16.995678234 UTC - from mc-12->source-1 "253" 18:15:16.994928185
[2023-06-27T18:15:19Z INFO  dt_instance] received at 2023-06-27 18:15:19.501174777 UTC - from mc-12->source-1 "258" 18:15:19.500267698
[2023-06-27T18:15:22Z INFO  dt_instance] received at 2023-06-27 18:15:22.006356472 UTC - from mc-12->source-1 "263" 18:15:22.004935402
[2023-06-27T18:15:24Z INFO  dt_instance] received at 2023-06-27 18:15:24.511154678 UTC - from mc-12->source-1 "268" 18:15:24.510307051
[2023-06-27T18:15:27Z INFO  dt_instance] received at 2023-06-27 18:15:27.017056335 UTC - from mc-12->source-1 "273" 18:15:27.015586647
[2023-06-27T18:15:29Z INFO  dt_instance] received at 2023-06-27 18:15:29.522866017 UTC - from mc-12->source-1 "278" 18:15:29.521905689
[2023-06-27T18:15:32Z INFO  dt_instance] received at 2023-06-27 18:15:32.028531845 UTC - from mc-12->source-1 "283" 18:15:32.027838151
[2023-06-27T18:15:34Z INFO  dt_instance] received at 2023-06-27 18:15:34.533620570 UTC - from mc-12->source-1 "288" 18:15:34.532827256
[2023-06-27T18:15:37Z INFO  dt_instance] received at 2023-06-27 18:15:37.039545104 UTC - from mc-12->source-1 "293" 18:15:37.038571067
[2023-06-27T18:15:39Z INFO  dt_instance] received at 2023-06-27 18:15:39.558658224 UTC - from mc-12->source-5 "288" 18:15:39.541507158
[2023-06-27T18:15:42Z INFO  dt_instance] received at 2023-06-27 18:15:42.048990464 UTC - from mc-12->source-1 "303" 18:15:42.047987220
[2023-06-27T18:15:44Z INFO  dt_instance] received at 2023-06-27 18:15:44.556211793 UTC - from mc-12->source-1 "308" 18:15:44.554513343
[2023-06-27T18:15:47Z INFO  dt_instance] received at 2023-06-27 18:15:47.061462905 UTC - from mc-12->source-5 "303" 18:15:47.058112554
[2023-06-27T18:15:49Z INFO  dt_instance] received at 2023-06-27 18:15:49.566644360 UTC - from mc-12->source-3 "313" 18:15:49.565337005
[2023-06-27T18:15:52Z INFO  dt_instance] received at 2023-06-27 18:15:52.072465645 UTC - from mc-12->source-5 "313" 18:15:52.070671796
[2023-06-27T18:15:54Z INFO  dt_instance] received at 2023-06-27 18:15:54.579669773 UTC - from mc-12->source-7 "313" 18:15:54.578371647
[2023-06-27T18:15:57Z INFO  dt_instance] received at 2023-06-27 18:15:57.085432386 UTC - from mc-12->source-7 "318" 18:15:57.083929792
[2023-06-27T18:15:59Z INFO  dt_instance] received at 2023-06-27 18:15:59.592902456 UTC - from mc-12->source-1 "338" 18:15:59.592030376
[2023-06-27T18:16:02Z INFO  dt_instance] received at 2023-06-27 18:16:02.101236930 UTC - from mc-12->source-7 "328" 18:16:02.097800990
[2023-06-27T18:16:04Z INFO  dt_instance] received at 2023-06-27 18:16:04.607198747 UTC - from mc-12->source-5 "338" 18:16:04.605511261
[2023-06-27T18:16:07Z INFO  dt_instance] received at 2023-06-27 18:16:07.112608834 UTC - from mc-12->source-5 "343" 18:16:07.110991949
[2023-06-27T18:16:09Z INFO  dt_instance] received at 2023-06-27 18:16:09.617994728 UTC - from mc-12->source-5 "348" 18:16:09.615841238
[2023-06-27T18:16:12Z INFO  dt_instance] received at 2023-06-27 18:16:12.125611882 UTC - from mc-12->source-1 "363" 18:16:12.123328164
[2023-06-27T18:16:14Z INFO  dt_instance] received at 2023-06-27 18:16:14.634133804 UTC - from mc-12->source-7 "353" 18:16:14.627895766
[2023-06-27T18:16:17Z INFO  dt_instance] received at 2023-06-27 18:16:17.135180629 UTC - from mc-12->source-7 "358" 18:16:17.134220387
[2023-06-27T18:16:19Z INFO  dt_instance] received at 2023-06-27 18:16:19.641968599 UTC - from mc-12->source-5 "368" 18:16:19.640408730
[2023-06-27T18:16:22Z INFO  dt_instance] received at 2023-06-27 18:16:22.148282241 UTC - from mc-12->source-7 "368" 18:16:22.146863267
[2023-06-27T18:16:24Z INFO  dt_instance] received at 2023-06-27 18:16:24.654740315 UTC - from mc-12->source-5 "378" 18:16:24.653289846
[2023-06-27T18:16:27Z INFO  dt_instance] received at 2023-06-27 18:16:27.161545799 UTC - from mc-12->source-7 "378" 18:16:27.160224698
[2023-06-27T18:16:29Z INFO  dt_instance] received at 2023-06-27 18:16:29.667059727 UTC - from mc-12->source-5 "388" 18:16:29.666021585
[2023-06-27T18:16:32Z INFO  dt_instance] received at 2023-06-27 18:16:32.174712987 UTC - from mc-12->source-7 "388" 18:16:32.172569554
[2023-06-27T18:16:34Z INFO  dt_instance] received at 2023-06-27 18:16:34.679313933 UTC - from mc-12->source-5 "398" 18:16:34.677780874
[2023-06-27T18:16:37Z INFO  dt_instance] received at 2023-06-27 18:16:37.186118045 UTC - from mc-12->source-5 "403" 18:16:37.184452460
[2023-06-27T18:16:39Z INFO  dt_instance] received at 2023-06-27 18:16:39.693242107 UTC - from mc-12->source-7 "403" 18:16:39.689353562
[2023-06-27T18:16:42Z INFO  dt_instance] received at 2023-06-27 18:16:42.196370372 UTC - from mc-12->source-7 "408" 18:16:42.194837498
[2023-06-27T18:16:44Z INFO  dt_instance] received at 2023-06-27 18:16:44.702094243 UTC - from mc-12->source-5 "418" 18:16:44.700487956
[2023-06-27T18:16:47Z INFO  dt_instance] received at 2023-06-27 18:16:47.207537449 UTC - from mc-12->source-5 "423" 18:16:47.205555267
[2023-06-27T18:16:49Z INFO  dt_instance] received at 2023-06-27 18:16:49.712950545 UTC - from mc-12->source-7 "423" 18:16:49.711301461
[2023-06-27T18:16:52Z INFO  dt_instance] received at 2023-06-27 18:16:52.219832945 UTC - from mc-12->source-7 "428" 18:16:52.218416974
[2023-06-27T18:16:54Z INFO  dt_instance] received at 2023-06-27 18:16:54.724253821 UTC - from mc-12->source-7 "433" 18:16:54.723000604
[2023-06-27T18:16:57Z INFO  dt_instance] received at 2023-06-27 18:16:57.231634058 UTC - from mc-12->source-7 "438" 18:16:57.230021570
[2023-06-27T18:16:59Z INFO  dt_instance] received at 2023-06-27 18:16:59.736747552 UTC - from mc-12->source-7 "443" 18:16:59.735319368
[2023-06-27T18:17:02Z INFO  dt_instance] received at 2023-06-27 18:17:02.246051312 UTC - from mc-12->source-7 "448" 18:17:02.242090546
[2023-06-27T18:17:04Z INFO  dt_instance] received at 2023-06-27 18:17:04.749152885 UTC - from mc-12->source-7 "453" 18:17:04.748336998
[2023-06-27T18:17:07Z INFO  dt_instance] received at 2023-06-27 18:17:07.255041916 UTC - from mc-12->source-7 "458" 18:17:07.253177037
[2023-06-27T18:17:09Z INFO  dt_instance] received at 2023-06-27 18:17:09.761659984 UTC - from mc-12->source-7 "463" 18:17:09.759824020
[2023-06-27T18:17:12Z INFO  dt_instance] received at 2023-06-27 18:17:12.267154567 UTC - from mc-12->source-7 "468" 18:17:12.265813954
[2023-06-27T18:17:14Z INFO  dt_instance] received at 2023-06-27 18:17:14.773519938 UTC - from mc-12->source-7 "473" 18:17:14.771796386
[2023-06-27T18:17:17Z INFO  dt_instance] received at 2023-06-27 18:17:17.280456131 UTC - from mc-12->source-7 "478" 18:17:17.276796684
[2023-06-27T18:17:19Z INFO  dt_instance] received at 2023-06-27 18:17:19.785212563 UTC - from mc-12->source-7 "483" 18:17:19.784137054
[2023-06-27T18:17:22Z INFO  dt_instance] received at 2023-06-27 18:17:22.290250374 UTC - from mc-12->source-7 "488" 18:17:22.288997806
[2023-06-27T18:17:24Z INFO  dt_instance] received at 2023-06-27 18:17:24.796090890 UTC - from mc-12->source-7 "493" 18:17:24.795157693
[2023-06-27T18:17:27Z INFO  dt_instance] received at 2023-06-27 18:17:27.303060134 UTC - from mc-12->source-7 "498" 18:17:27.301186235
[2023-06-27T18:17:29Z INFO  dt_instance] received at 2023-06-27 18:17:29.807198772 UTC - from mc-12->source-7 "503" 18:17:29.805963243
[2023-06-27T18:17:32Z INFO  dt_instance] received at 2023-06-27 18:17:32.314101550 UTC - from mc-12->source-7 "508" 18:17:32.311465390
[2023-06-27T18:17:34Z INFO  dt_instance] received at 2023-06-27 18:17:34.818166140 UTC - from mc-12->source-7 "513" 18:17:34.817015348
[2023-06-27T18:17:37Z INFO  dt_instance] received at 2023-06-27 18:17:37.325105534 UTC - from mc-12->source-7 "518" 18:17:37.322701923
[2023-06-27T18:17:39Z INFO  dt_instance] received at 2023-06-27 18:17:39.829736896 UTC - from mc-12->source-7 "523" 18:17:39.828708985
[2023-06-27T18:17:42Z INFO  dt_instance] received at 2023-06-27 18:17:42.336747571 UTC - from mc-12->source-7 "528" 18:17:42.335526470
[2023-06-27T18:17:44Z INFO  dt_instance] received at 2023-06-27 18:17:44.842138905 UTC - from mc-12->source-7 "533" 18:17:44.840788686
[2023-06-27T18:17:47Z INFO  dt_instance] received at 2023-06-27 18:17:47.349539586 UTC - from mc-12->source-7 "538" 18:17:47.346765856
[2023-06-27T18:17:49Z INFO  dt_instance] received at 2023-06-27 18:17:49.854252393 UTC - from mc-12->source-7 "543" 18:17:49.852742887
[2023-06-27T18:17:52Z INFO  dt_instance] received at 2023-06-27 18:17:52.362013602 UTC - from mc-12->source-7 "548" 18:17:52.360629655
[2023-06-27T18:17:54Z INFO  dt_instance] received at 2023-06-27 18:17:54.866560556 UTC - from mc-12->source-7 "553" 18:17:54.864875282
[2023-06-27T18:17:57Z INFO  dt_instance] received at 2023-06-27 18:17:57.374272205 UTC - from mc-12->source-7 "558" 18:17:57.372376605
[2023-06-27T18:17:59Z INFO  dt_instance] received at 2023-06-27 18:17:59.879557122 UTC - from mc-12->source-7 "563" 18:17:59.877461507
[2023-06-27T18:18:02Z INFO  dt_instance] received at 2023-06-27 18:18:02.385760935 UTC - from mc-12->source-7 "568" 18:18:02.384789808
[2023-06-27T18:18:04Z INFO  dt_instance] received at 2023-06-27 18:18:04.891341838 UTC - from mc-12->source-7 "573" 18:18:04.889975432
[2023-06-27T18:18:07Z INFO  dt_instance] received at 2023-06-27 18:18:07.398526953 UTC - from mc-12->source-7 "578" 18:18:07.396625351
[2023-06-27T18:18:09Z INFO  dt_instance] received at 2023-06-27 18:18:09.903937283 UTC - from mc-12->source-7 "583" 18:18:09.902130219
[2023-06-27T18:18:12Z INFO  dt_instance] received at 2023-06-27 18:18:12.425306808 UTC - from mc-12->source-7 "588" 18:18:12.408368050
[2023-06-27T18:18:14Z INFO  dt_instance] received at 2023-06-27 18:18:14.914187086 UTC - from mc-12->source-7 "593" 18:18:14.912796410
[2023-06-27T18:18:17Z INFO  dt_instance] received at 2023-06-27 18:18:17.419050764 UTC - from mc-12->source-7 "598" 18:18:17.418008582
[2023-06-27T18:18:19Z INFO  dt_instance] received at 2023-06-27 18:18:19.925411510 UTC - from mc-12->source-7 "603" 18:18:19.924221396
[2023-06-27T18:18:22Z INFO  dt_instance] received at 2023-06-27 18:18:22.430695149 UTC - from mc-12->source-7 "608" 18:18:22.429143875
[2023-06-27T18:18:24Z INFO  dt_instance] received at 2023-06-27 18:18:24.936328037 UTC - from mc-12->source-7 "613" 18:18:24.934718375
[2023-06-27T18:18:27Z INFO  dt_instance] received at 2023-06-27 18:18:27.441558879 UTC - from mc-12->source-7 "618" 18:18:27.440367476
[2023-06-27T18:18:29Z INFO  dt_instance] received at 2023-06-27 18:18:29.946556999 UTC - from mc-12->source-7 "623" 18:18:29.945212587
[2023-06-27T18:18:32Z INFO  dt_instance] received at 2023-06-27 18:18:32.452083368 UTC - from mc-12->source-7 "628" 18:18:32.450905345
[2023-06-27T18:18:34Z INFO  dt_instance] received at 2023-06-27 18:18:34.957586767 UTC - from mc-12->source-7 "633" 18:18:34.955864229
[2023-06-27T18:18:37Z INFO  dt_instance] received at 2023-06-27 18:18:37.469609035 UTC - from mc-12->source-7 "638" 18:18:37.467934741
[2023-06-27T18:18:39Z INFO  dt_instance] received at 2023-06-27 18:18:39.973755129 UTC - from mc-12->source-7 "643" 18:18:39.972771659
[2023-06-27T18:18:42Z INFO  dt_instance] received at 2023-06-27 18:18:42.480699853 UTC - from mc-12->source-7 "648" 18:18:42.479641503
[2023-06-27T18:18:44Z INFO  dt_instance] received at 2023-06-27 18:18:44.986543262 UTC - from mc-12->source-7 "653" 18:18:44.985391456
[2023-06-27T18:18:47Z INFO  dt_instance] received at 2023-06-27 18:18:47.491635169 UTC - from mc-12->source-7 "658" 18:18:47.489828855
[2023-06-27T18:18:49Z INFO  dt_instance] received at 2023-06-27 18:18:49.996069716 UTC - from mc-12->source-7 "663" 18:18:49.994737505
[2023-06-27T18:18:52Z INFO  dt_instance] received at 2023-06-27 18:18:52.501992725 UTC - from mc-12->source-7 "668" 18:18:52.500419817
[2023-06-27T18:18:55Z INFO  dt_instance] received at 2023-06-27 18:18:55.007021847 UTC - from mc-12->source-7 "673" 18:18:55.005767646
[2023-06-27T18:18:57Z INFO  dt_instance] received at 2023-06-27 18:18:57.513809447 UTC - from mc-12->source-7 "678" 18:18:57.512790151
[2023-06-27T18:19:00Z INFO  dt_instance] received at 2023-06-27 18:19:00.019688793 UTC - from mc-12->source-7 "683" 18:19:00.018446502
[2023-06-27T18:19:02Z INFO  dt_instance] received at 2023-06-27 18:19:02.526420992 UTC - from mc-12->source-7 "688" 18:19:02.524447931
[2023-06-27T18:19:05Z INFO  dt_instance] received at 2023-06-27 18:19:05.033000594 UTC - from mc-12->source-7 "693" 18:19:05.031806268
[2023-06-27T18:19:07Z INFO  dt_instance] received at 2023-06-27 18:19:07.542314288 UTC - from mc-12->source-5 "703" 18:19:07.537972333
[2023-06-27T18:19:10Z INFO  dt_instance] received at 2023-06-27 18:19:10.047625215 UTC - from mc-12->source-7 "703" 18:19:10.045887288
[2023-06-27T18:19:12Z INFO  dt_instance] received at 2023-06-27 18:19:12.553030548 UTC - from mc-12->source-7 "708" 18:19:12.551461245
[2023-06-27T18:19:15Z INFO  dt_instance] received at 2023-06-27 18:19:15.058957038 UTC - from mc-12->source-7 "713" 18:19:15.057748809
[2023-06-27T18:19:17Z INFO  dt_instance] received at 2023-06-27 18:19:17.567890782 UTC - from mc-12->source-7 "718" 18:19:17.565089502
[2023-06-27T18:19:20Z INFO  dt_instance] received at 2023-06-27 18:19:20.073403638 UTC - from mc-12->source-1 "738" 18:19:20.072595479
[2023-06-27T18:19:22Z INFO  dt_instance] received at 2023-06-27 18:19:22.582465575 UTC - from mc-12->source-7 "728" 18:19:22.578620591
[2023-06-27T18:19:25Z INFO  dt_instance] received at 2023-06-27 18:19:25.086436199 UTC - from mc-12->source-7 "733" 18:19:25.084021936
[2023-06-27T18:19:27Z INFO  dt_instance] received at 2023-06-27 18:19:27.591243961 UTC - from mc-12->source-7 "738" 18:19:27.589790836
[2023-06-27T18:19:30Z INFO  dt_instance] received at 2023-06-27 18:19:30.097956238 UTC - from mc-12->source-7 "743" 18:19:30.096892892
[2023-06-27T18:19:32Z INFO  dt_instance] received at 2023-06-27 18:19:32.603053309 UTC - from mc-12->source-7 "748" 18:19:32.602054478
[2023-06-27T18:19:35Z INFO  dt_instance] received at 2023-06-27 18:19:35.113048962 UTC - from mc-12->source-7 "753" 18:19:35.107974336
[2023-06-27T18:19:37Z INFO  dt_instance] received at 2023-06-27 18:19:37.617602342 UTC - from mc-12->source-7 "758" 18:19:37.613237068
[2023-06-27T18:19:40Z INFO  dt_instance] received at 2023-06-27 18:19:40.118848120 UTC - from mc-12->source-7 "763" 18:19:40.117752427
[2023-06-27T18:19:42Z INFO  dt_instance] received at 2023-06-27 18:19:42.627729152 UTC - from mc-12->source-7 "768" 18:19:42.623471309
[2023-06-27T18:19:45Z INFO  dt_instance] received at 2023-06-27 18:19:45.132343786 UTC - from mc-12->source-7 "773" 18:19:45.130797361
[2023-06-27T18:19:47Z INFO  dt_instance] received at 2023-06-27 18:19:47.637788281 UTC - from mc-12->source-7 "778" 18:19:47.636807148
[2023-06-27T18:19:50Z INFO  dt_instance] received at 2023-06-27 18:19:50.143657183 UTC - from mc-12->source-7 "783" 18:19:50.142369338
[2023-06-27T18:19:52Z INFO  dt_instance] received at 2023-06-27 18:19:52.650668072 UTC - from mc-12->source-7 "788" 18:19:52.647761304
[2023-06-27T18:19:55Z INFO  dt_instance] received at 2023-06-27 18:19:55.155917545 UTC - from mc-12->source-7 "793" 18:19:55.154802020
[2023-06-27T18:19:57Z INFO  dt_instance] received at 2023-06-27 18:19:57.661282609 UTC - from mc-12->source-7 "798" 18:19:57.659772752
[2023-06-27T18:20:00Z INFO  dt_instance] received at 2023-06-27 18:20:00.166864123 UTC - from mc-12->source-7 "803" 18:20:00.165791198
[2023-06-27T18:20:02Z INFO  dt_instance] received at 2023-06-27 18:20:02.674246014 UTC - from mc-12->source-7 "808" 18:20:02.672682405
[2023-06-27T18:20:05Z INFO  dt_instance] received at 2023-06-27 18:20:05.179408869 UTC - from mc-12->source-7 "813" 18:20:05.177798263
[2023-06-27T18:20:07Z INFO  dt_instance] received at 2023-06-27 18:20:07.686434042 UTC - from mc-12->source-7 "818" 18:20:07.684613612
[2023-06-27T18:20:10Z INFO  dt_instance] received at 2023-06-27 18:20:10.191438050 UTC - from mc-12->source-7 "823" 18:20:10.189839990
[2023-06-27T18:20:12Z INFO  dt_instance] received at 2023-06-27 18:20:12.695799084 UTC - from mc-12->source-7 "828" 18:20:12.694778555
[2023-06-27T18:20:15Z INFO  dt_instance] received at 2023-06-27 18:20:15.202120413 UTC - from mc-12->source-7 "833" 18:20:15.200550030
[2023-06-27T18:20:17Z INFO  dt_instance] received at 2023-06-27 18:20:17.707482181 UTC - from mc-12->source-7 "838" 18:20:17.705952252
[2023-06-27T18:20:20Z INFO  dt_instance] received at 2023-06-27 18:20:20.213929736 UTC - from mc-12->source-7 "843" 18:20:20.211777022
[2023-06-27T18:20:22Z INFO  dt_instance] received at 2023-06-27 18:20:22.722020340 UTC - from mc-12->source-7 "848" 18:20:22.717514553
[2023-06-27T18:20:25Z INFO  dt_instance] received at 2023-06-27 18:20:25.224306640 UTC - from mc-12->source-7 "853" 18:20:25.222902824
[2023-06-27T18:20:27Z INFO  dt_instance] received at 2023-06-27 18:20:27.728950535 UTC - from mc-12->source-7 "858" 18:20:27.727953204
[2023-06-27T18:20:30Z INFO  dt_instance] received at 2023-06-27 18:20:30.236141485 UTC - from mc-12->source-7 "863" 18:20:30.234952708
[2023-06-27T18:20:32Z INFO  dt_instance] received at 2023-06-27 18:20:32.740919725 UTC - from mc-12->source-7 "868" 18:20:32.739863803
[2023-06-27T18:20:35Z INFO  dt_instance] received at 2023-06-27 18:20:35.248553618 UTC - from mc-12->source-7 "873" 18:20:35.247341845
[2023-06-27T18:20:37Z INFO  dt_instance] received at 2023-06-27 18:20:37.757990085 UTC - from mc-12->source-7 "878" 18:20:37.754470749
[2023-06-27T18:20:40Z INFO  dt_instance] received at 2023-06-27 18:20:40.260667154 UTC - from mc-12->source-7 "883" 18:20:40.259154467
[2023-06-27T18:20:42Z INFO  dt_instance] received at 2023-06-27 18:20:42.765634862 UTC - from mc-12->source-7 "888" 18:20:42.764224061
[2023-06-27T18:20:45Z INFO  dt_instance] received at 2023-06-27 18:20:45.270090769 UTC - from mc-12->source-7 "893" 18:20:45.268785050
[2023-06-27T18:20:47Z INFO  dt_instance] received at 2023-06-27 18:20:47.776094289 UTC - from mc-12->source-7 "898" 18:20:47.774956008
[2023-06-27T18:20:50Z INFO  dt_instance] received at 2023-06-27 18:20:50.282414567 UTC - from mc-12->source-7 "903" 18:20:50.280580682
[2023-06-27T18:20:52Z INFO  dt_instance] received at 2023-06-27 18:20:52.789182114 UTC - from mc-12->source-7 "908" 18:20:52.786404029
[2023-06-27T18:20:55Z INFO  dt_instance] received at 2023-06-27 18:20:55.292264104 UTC - from mc-12->source-7 "913" 18:20:55.291046529
[2023-06-27T18:20:57Z INFO  dt_instance] received at 2023-06-27 18:20:57.798296694 UTC - from mc-12->source-5 "923" 18:20:57.796804668
[2023-06-27T18:21:00Z INFO  dt_instance] received at 2023-06-27 18:21:00.304582551 UTC - from mc-12->source-5 "928" 18:21:00.302977151
[2023-06-27T18:21:02Z INFO  dt_instance] received at 2023-06-27 18:21:02.809991048 UTC - from mc-12->source-7 "928" 18:21:02.808689317
[2023-06-27T18:21:05Z INFO  dt_instance] received at 2023-06-27 18:21:05.317368184 UTC - from mc-12->source-7 "933" 18:21:05.315885491
[2023-06-27T18:21:07Z INFO  dt_instance] received at 2023-06-27 18:21:07.826827490 UTC - from mc-12->source-7 "938" 18:21:07.821711051
[2023-06-27T18:21:10Z INFO  dt_instance] received at 2023-06-27 18:21:10.332858123 UTC - from mc-12->source-7 "943" 18:21:10.329485583
[2023-06-27T18:21:12Z INFO  dt_instance] received at 2023-06-27 18:21:12.836644598 UTC - from mc-12->source-7 "948" 18:21:12.834622717
[2023-06-27T18:21:15Z INFO  dt_instance] received at 2023-06-27 18:21:15.341131222 UTC - from mc-12->source-7 "953" 18:21:15.339789714
[2023-06-27T18:21:17Z INFO  dt_instance] received at 2023-06-27 18:21:17.849240389 UTC - from mc-12->source-7 "958" 18:21:17.847986578
[2023-06-27T18:21:20Z INFO  dt_instance] received at 2023-06-27 18:21:20.357626560 UTC - from mc-12->source-7 "963" 18:21:20.354576709
[2023-06-27T18:21:22Z INFO  dt_instance] received at 2023-06-27 18:21:22.860172270 UTC - from mc-12->source-7 "968" 18:21:22.858796889
[2023-06-27T18:21:25Z INFO  dt_instance] received at 2023-06-27 18:21:25.366516343 UTC - from mc-12->source-7 "973" 18:21:25.363928167
[2023-06-27T18:21:27Z INFO  dt_instance] received at 2023-06-27 18:21:27.871285434 UTC - from mc-12->source-7 "978" 18:21:27.869205262
[2023-06-27T18:21:30Z INFO  dt_instance] received at 2023-06-27 18:21:30.631759617 UTC - from mc-12->source-6 "986" 18:21:30.630461035
[2023-06-27T18:21:33Z INFO  dt_instance] received at 2023-06-27 18:21:33.844341738 UTC - from mc-12->source-9 "985" 18:21:33.842909569
[2023-06-27T18:21:40Z INFO  dt_instance] received at 2023-06-27 18:21:40.866085323 UTC - from mc-12->source-9 "999" 18:21:40.864453227
