[2023-06-26T14:42:35Z INFO  dt_instance] Current Twin: mc-twin-8
[2023-06-26T14:42:35Z INFO  dt_instance] Replica Name twin-mc-stateful-8
[2023-06-26T14:42:35Z INFO  dt_instance] Sleeping for 400
[2023-06-26T14:49:15Z INFO  dt_instance] Connecting to broker at emqx.dtwins:1883
[2023-06-26T14:49:15Z INFO  dt_instance] Loggin info each 50 messages
[2023-06-26T14:49:15Z INFO  dt_instance] Set max packet size to 60000 KB.
[2023-06-26T14:49:15Z INFO  dt_instance] Refreshing topics for twin - Listen to mc-8/#
[2023-06-26T14:49:15Z INFO  dt_instance] SubAck { pkid: 1, return_codes: [Success(ExactlyOnce)] }
[2023-06-26T14:50:23Z INFO  dt_instance] received at 2023-06-26 14:50:23.282366438 UTC - from mc-8->source-2 "9" 14:50:23.279672845
[2023-06-26T14:50:26Z INFO  dt_instance] received at 2023-06-26 14:50:26.543293857 UTC - from mc-8->source-1 "18" 14:50:26.542062947
[2023-06-26T14:50:29Z INFO  dt_instance] received at 2023-06-26 14:50:29.059527337 UTC - from mc-8->source-1 "23" 14:50:29.050094990
[2023-06-26T14:50:31Z INFO  dt_instance] received at 2023-06-26 14:50:31.558285191 UTC - from mc-8->source-1 "28" 14:50:31.555804613
[2023-06-26T14:50:34Z INFO  dt_instance] received at 2023-06-26 14:50:34.064266505 UTC - from mc-8->source-3 "28" 14:50:34.062562744
[2023-06-26T14:50:36Z INFO  dt_instance] received at 2023-06-26 14:50:36.569450353 UTC - from mc-8->source-1 "38" 14:50:36.568401123
[2023-06-26T14:50:39Z INFO  dt_instance] received at 2023-06-26 14:50:39.075788765 UTC - from mc-8->source-3 "38" 14:50:39.074495259
[2023-06-26T14:50:41Z INFO  dt_instance] received at 2023-06-26 14:50:41.580931258 UTC - from mc-8->source-3 "43" 14:50:41.579780558
[2023-06-26T14:50:44Z INFO  dt_instance] received at 2023-06-26 14:50:44.090537073 UTC - from mc-8->source-3 "48" 14:50:44.084701771
[2023-06-26T14:50:46Z INFO  dt_instance] received at 2023-06-26 14:50:46.593888158 UTC - from mc-8->source-1 "58" 14:50:46.591014360
[2023-06-26T14:50:49Z INFO  dt_instance] received at 2023-06-26 14:50:49.099715853 UTC - from mc-8->source-3 "58" 14:50:49.098429961
[2023-06-26T14:50:51Z INFO  dt_instance] received at 2023-06-26 14:50:51.604962102 UTC - from mc-8->source-3 "63" 14:50:51.604042220
[2023-06-26T14:50:54Z INFO  dt_instance] received at 2023-06-26 14:50:54.110361096 UTC - from mc-8->source-1 "73" 14:50:54.109241108
[2023-06-26T14:50:56Z INFO  dt_instance] received at 2023-06-26 14:50:56.615905820 UTC - from mc-8->source-3 "73" 14:50:56.614965198
[2023-06-26T14:50:59Z INFO  dt_instance] received at 2023-06-26 14:50:59.122206721 UTC - from mc-8->source-3 "78" 14:50:59.121066275
[2023-06-26T14:51:01Z INFO  dt_instance] received at 2023-06-26 14:51:01.627227166 UTC - from mc-8->source-3 "83" 14:51:01.626276542
[2023-06-26T14:51:04Z INFO  dt_instance] received at 2023-06-26 14:51:04.132345704 UTC - from mc-8->source-1 "93" 14:51:04.131320692
[2023-06-26T14:51:06Z INFO  dt_instance] received at 2023-06-26 14:51:06.639807807 UTC - from mc-8->source-3 "93" 14:51:06.638374665
[2023-06-26T14:51:09Z INFO  dt_instance] received at 2023-06-26 14:51:09.146710941 UTC - from mc-8->source-3 "98" 14:51:09.143727152
[2023-06-26T14:51:11Z INFO  dt_instance] received at 2023-06-26 14:51:11.651073340 UTC - from mc-8->source-3 "103" 14:51:11.650159115
[2023-06-26T14:51:14Z INFO  dt_instance] received at 2023-06-26 14:51:14.158834736 UTC - from mc-8->source-1 "113" 14:51:14.157197558
[2023-06-26T14:51:16Z INFO  dt_instance] received at 2023-06-26 14:51:16.663725290 UTC - from mc-8->source-1 "118" 14:51:16.662574953
[2023-06-26T14:51:19Z INFO  dt_instance] received at 2023-06-26 14:51:19.169364105 UTC - from mc-8->source-1 "123" 14:51:19.167957434
[2023-06-26T14:51:21Z INFO  dt_instance] received at 2023-06-26 14:51:21.673986704 UTC - from mc-8->source-3 "123" 14:51:21.672918931
[2023-06-26T14:51:24Z INFO  dt_instance] received at 2023-06-26 14:51:24.179954172 UTC - from mc-8->source-1 "133" 14:51:24.177381662
[2023-06-26T14:51:26Z INFO  dt_instance] received at 2023-06-26 14:51:26.684089302 UTC - from mc-8->source-3 "133" 14:51:26.682606863
[2023-06-26T14:51:29Z INFO  dt_instance] received at 2023-06-26 14:51:29.189727030 UTC - from mc-8->source-1 "143" 14:51:29.188961666
[2023-06-26T14:51:31Z INFO  dt_instance] received at 2023-06-26 14:51:31.696674011 UTC - from mc-8->source-3 "143" 14:51:31.695527634
[2023-06-26T14:51:34Z INFO  dt_instance] received at 2023-06-26 14:51:34.203863271 UTC - from mc-8->source-3 "148" 14:51:34.202389735
[2023-06-26T14:51:36Z INFO  dt_instance] received at 2023-06-26 14:51:36.709798556 UTC - from mc-8->source-1 "158" 14:51:36.709032618
[2023-06-26T14:51:39Z INFO  dt_instance] received at 2023-06-26 14:51:39.216527025 UTC - from mc-8->source-3 "158" 14:51:39.215255672
[2023-06-26T14:51:41Z INFO  dt_instance] received at 2023-06-26 14:51:41.726685174 UTC - from mc-8->source-1 "168" 14:51:41.724203036
[2023-06-26T14:51:44Z INFO  dt_instance] received at 2023-06-26 14:51:44.231027022 UTC - from mc-8->source-1 "173" 14:51:44.230136312
[2023-06-26T14:51:46Z INFO  dt_instance] received at 2023-06-26 14:51:46.737464414 UTC - from mc-8->source-1 "178" 14:51:46.736338404
[2023-06-26T14:51:49Z INFO  dt_instance] received at 2023-06-26 14:51:49.242119464 UTC - from mc-8->source-1 "183" 14:51:49.241031470
[2023-06-26T14:51:51Z INFO  dt_instance] received at 2023-06-26 14:51:51.749047493 UTC - from mc-8->source-3 "183" 14:51:51.747814736
[2023-06-26T14:51:54Z INFO  dt_instance] received at 2023-06-26 14:51:54.257966936 UTC - from mc-8->source-3 "188" 14:51:54.253777731
[2023-06-26T14:51:56Z INFO  dt_instance] received at 2023-06-26 14:51:56.761753645 UTC - from mc-8->source-1 "198" 14:51:56.760528541
[2023-06-26T14:51:59Z INFO  dt_instance] received at 2023-06-26 14:51:59.268385756 UTC - from mc-8->source-3 "198" 14:51:59.267367844
[2023-06-26T14:52:01Z INFO  dt_instance] received at 2023-06-26 14:52:01.773405261 UTC - from mc-8->source-3 "203" 14:52:01.772231057
[2023-06-26T14:52:04Z INFO  dt_instance] received at 2023-06-26 14:52:04.280031443 UTC - from mc-8->source-3 "208" 14:52:04.278923600
[2023-06-26T14:52:06Z INFO  dt_instance] received at 2023-06-26 14:52:06.786389496 UTC - from mc-8->source-3 "213" 14:52:06.785072673
[2023-06-26T14:52:09Z INFO  dt_instance] received at 2023-06-26 14:52:09.292241767 UTC - from mc-8->source-3 "218" 14:52:09.291362342
[2023-06-26T14:52:11Z INFO  dt_instance] received at 2023-06-26 14:52:11.798802462 UTC - from mc-8->source-1 "228" 14:52:11.797474927
[2023-06-26T14:52:14Z INFO  dt_instance] received at 2023-06-26 14:52:14.305543643 UTC - from mc-8->source-1 "233" 14:52:14.304340286
[2023-06-26T14:52:16Z INFO  dt_instance] received at 2023-06-26 14:52:16.812699628 UTC - from mc-8->source-1 "238" 14:52:16.811439150
[2023-06-26T14:52:19Z INFO  dt_instance] received at 2023-06-26 14:52:19.318154548 UTC - from mc-8->source-1 "243" 14:52:19.317213367
[2023-06-26T14:52:21Z INFO  dt_instance] received at 2023-06-26 14:52:21.823932021 UTC - from mc-8->source-1 "248" 14:52:21.822989327
[2023-06-26T14:52:24Z INFO  dt_instance] received at 2023-06-26 14:52:24.333580686 UTC - from mc-8->source-3 "248" 14:52:24.329154360
[2023-06-26T14:52:26Z INFO  dt_instance] received at 2023-06-26 14:52:26.838595286 UTC - from mc-8->source-1 "258" 14:52:26.837321482
[2023-06-26T14:52:29Z INFO  dt_instance] received at 2023-06-26 14:52:29.344976652 UTC - from mc-8->source-1 "263" 14:52:29.343616368
[2023-06-26T14:52:31Z INFO  dt_instance] received at 2023-06-26 14:52:31.850954059 UTC - from mc-8->source-3 "263" 14:52:31.849831530
[2023-06-26T14:52:34Z INFO  dt_instance] received at 2023-06-26 14:52:34.357137293 UTC - from mc-8->source-3 "268" 14:52:34.356133173
[2023-06-26T14:52:36Z INFO  dt_instance] received at 2023-06-26 14:52:36.862365471 UTC - from mc-8->source-3 "273" 14:52:36.861306048
[2023-06-26T14:52:39Z INFO  dt_instance] received at 2023-06-26 14:52:39.369353333 UTC - from mc-8->source-3 "278" 14:52:39.368290364
[2023-06-26T14:52:41Z INFO  dt_instance] received at 2023-06-26 14:52:41.875368303 UTC - from mc-8->source-3 "283" 14:52:41.874422073
[2023-06-26T14:52:44Z INFO  dt_instance] received at 2023-06-26 14:52:44.380974078 UTC - from mc-8->source-1 "293" 14:52:44.379270110
[2023-06-26T14:52:46Z INFO  dt_instance] received at 2023-06-26 14:52:46.887433596 UTC - from mc-8->source-3 "293" 14:52:46.886294867
[2023-06-26T14:52:49Z INFO  dt_instance] received at 2023-06-26 14:52:49.393626112 UTC - from mc-8->source-1 "303" 14:52:49.392118554
[2023-06-26T14:52:51Z INFO  dt_instance] received at 2023-06-26 14:52:51.899358897 UTC - from mc-8->source-3 "303" 14:52:51.897238050
[2023-06-26T14:52:54Z INFO  dt_instance] received at 2023-06-26 14:52:54.405481563 UTC - from mc-8->source-1 "313" 14:52:54.403128854
[2023-06-26T14:52:56Z INFO  dt_instance] received at 2023-06-26 14:52:56.909995515 UTC - from mc-8->source-1 "318" 14:52:56.908683623
[2023-06-26T14:52:59Z INFO  dt_instance] received at 2023-06-26 14:52:59.414801019 UTC - from mc-8->source-1 "323" 14:52:59.413567747
[2023-06-26T14:53:01Z INFO  dt_instance] received at 2023-06-26 14:53:01.919263370 UTC - from mc-8->source-3 "323" 14:53:01.918163693
[2023-06-26T14:53:04Z INFO  dt_instance] received at 2023-06-26 14:53:04.425635372 UTC - from mc-8->source-1 "333" 14:53:04.423689288
[2023-06-26T14:53:06Z INFO  dt_instance] received at 2023-06-26 14:53:06.929486022 UTC - from mc-8->source-3 "333" 14:53:06.928522610
[2023-06-26T14:53:09Z INFO  dt_instance] received at 2023-06-26 14:53:09.434226321 UTC - from mc-8->source-1 "343" 14:53:09.433154106
[2023-06-26T14:53:11Z INFO  dt_instance] received at 2023-06-26 14:53:11.942029853 UTC - from mc-8->source-3 "343" 14:53:11.939673310
[2023-06-26T14:53:14Z INFO  dt_instance] received at 2023-06-26 14:53:14.447808907 UTC - from mc-8->source-3 "348" 14:53:14.445894632
[2023-06-26T14:53:16Z INFO  dt_instance] received at 2023-06-26 14:53:16.952086557 UTC - from mc-8->source-1 "358" 14:53:16.951154523
[2023-06-26T14:53:19Z INFO  dt_instance] received at 2023-06-26 14:53:19.457726173 UTC - from mc-8->source-1 "363" 14:53:19.456828345
[2023-06-26T14:53:21Z INFO  dt_instance] received at 2023-06-26 14:53:21.964100424 UTC - from mc-8->source-1 "368" 14:53:21.962922640
[2023-06-26T14:53:24Z INFO  dt_instance] received at 2023-06-26 14:53:24.471561468 UTC - from mc-8->source-1 "373" 14:53:24.470591347
[2023-06-26T14:53:26Z INFO  dt_instance] received at 2023-06-26 14:53:26.976423225 UTC - from mc-8->source-3 "373" 14:53:26.975432583
[2023-06-26T14:53:29Z INFO  dt_instance] received at 2023-06-26 14:53:29.481784659 UTC - from mc-8->source-1 "383" 14:53:29.480682593
[2023-06-26T14:53:31Z INFO  dt_instance] received at 2023-06-26 14:53:31.989193396 UTC - from mc-8->source-3 "383" 14:53:31.988019804
[2023-06-26T14:53:34Z INFO  dt_instance] received at 2023-06-26 14:53:34.495218732 UTC - from mc-8->source-3 "388" 14:53:34.494142969
[2023-06-26T14:53:37Z INFO  dt_instance] received at 2023-06-26 14:53:37.003882368 UTC - from mc-8->source-3 "393" 14:53:37.002712039
[2023-06-26T14:53:39Z INFO  dt_instance] received at 2023-06-26 14:53:39.509083829 UTC - from mc-8->source-3 "398" 14:53:39.508084170
[2023-06-26T14:53:42Z INFO  dt_instance] received at 2023-06-26 14:53:42.014675694 UTC - from mc-8->source-3 "403" 14:53:42.013909049
[2023-06-26T14:53:44Z INFO  dt_instance] received at 2023-06-26 14:53:44.520028859 UTC - from mc-8->source-3 "408" 14:53:44.519108156
[2023-06-26T14:53:47Z INFO  dt_instance] received at 2023-06-26 14:53:47.030570761 UTC - from mc-8->source-3 "413" 14:53:47.027808850
[2023-06-26T14:53:49Z INFO  dt_instance] received at 2023-06-26 14:53:49.535906719 UTC - from mc-8->source-1 "423" 14:53:49.534610602
[2023-06-26T14:53:52Z INFO  dt_instance] received at 2023-06-26 14:53:52.041698992 UTC - from mc-8->source-3 "423" 14:53:52.040025660
[2023-06-26T14:53:54Z INFO  dt_instance] received at 2023-06-26 14:53:54.548594399 UTC - from mc-8->source-1 "433" 14:53:54.547146873
[2023-06-26T14:53:57Z INFO  dt_instance] received at 2023-06-26 14:53:57.054083792 UTC - from mc-8->source-1 "438" 14:53:57.053093204
[2023-06-26T14:53:59Z INFO  dt_instance] received at 2023-06-26 14:53:59.561967121 UTC - from mc-8->source-1 "443" 14:53:59.561087089
[2023-06-26T14:54:02Z INFO  dt_instance] received at 2023-06-26 14:54:02.071067448 UTC - from mc-8->source-3 "443" 14:54:02.069981619
[2023-06-26T14:54:04Z INFO  dt_instance] received at 2023-06-26 14:54:04.576506804 UTC - from mc-8->source-3 "448" 14:54:04.575406133
[2023-06-26T14:54:07Z INFO  dt_instance] received at 2023-06-26 14:54:07.082614855 UTC - from mc-8->source-3 "453" 14:54:07.081583317
[2023-06-26T14:54:09Z INFO  dt_instance] received at 2023-06-26 14:54:09.589210700 UTC - from mc-8->source-3 "458" 14:54:09.587911632
[2023-06-26T14:54:12Z INFO  dt_instance] received at 2023-06-26 14:54:12.095582484 UTC - from mc-8->source-3 "463" 14:54:12.094457324
[2023-06-26T14:54:14Z INFO  dt_instance] received at 2023-06-26 14:54:14.601084356 UTC - from mc-8->source-3 "468" 14:54:14.599738483
[2023-06-26T14:54:17Z INFO  dt_instance] received at 2023-06-26 14:54:17.108069179 UTC - from mc-8->source-3 "473" 14:54:17.106783328
[2023-06-26T14:54:19Z INFO  dt_instance] received at 2023-06-26 14:54:19.617178284 UTC - from mc-8->source-3 "478" 14:54:19.615704121
[2023-06-26T14:54:22Z INFO  dt_instance] received at 2023-06-26 14:54:22.122817930 UTC - from mc-8->source-3 "483" 14:54:22.121470230
[2023-06-26T14:54:24Z INFO  dt_instance] received at 2023-06-26 14:54:24.629636725 UTC - from mc-8->source-3 "488" 14:54:24.627740289
[2023-06-26T14:54:27Z INFO  dt_instance] received at 2023-06-26 14:54:27.142261785 UTC - from mc-8->source-3 "493" 14:54:27.132161680
[2023-06-26T14:54:29Z INFO  dt_instance] received at 2023-06-26 14:54:29.639997963 UTC - from mc-8->source-3 "498" 14:54:29.638641381
[2023-06-26T14:54:32Z INFO  dt_instance] received at 2023-06-26 14:54:32.146155916 UTC - from mc-8->source-3 "503" 14:54:32.144895967
[2023-06-26T14:54:34Z INFO  dt_instance] received at 2023-06-26 14:54:34.651940766 UTC - from mc-8->source-3 "508" 14:54:34.649702487
[2023-06-26T14:54:37Z INFO  dt_instance] received at 2023-06-26 14:54:37.156772079 UTC - from mc-8->source-3 "513" 14:54:37.155705779
[2023-06-26T14:54:39Z INFO  dt_instance] received at 2023-06-26 14:54:39.663128944 UTC - from mc-8->source-3 "518" 14:54:39.662281668
[2023-06-26T14:54:42Z INFO  dt_instance] received at 2023-06-26 14:54:42.168875355 UTC - from mc-8->source-3 "523" 14:54:42.167798360
[2023-06-26T14:54:44Z INFO  dt_instance] received at 2023-06-26 14:54:44.672972529 UTC - from mc-8->source-3 "528" 14:54:44.672146866
[2023-06-26T14:54:47Z INFO  dt_instance] received at 2023-06-26 14:54:47.179923888 UTC - from mc-8->source-3 "533" 14:54:47.178558650
[2023-06-26T14:54:49Z INFO  dt_instance] received at 2023-06-26 14:54:49.689372809 UTC - from mc-8->source-3 "538" 14:54:49.683222279
[2023-06-26T14:54:52Z INFO  dt_instance] received at 2023-06-26 14:54:52.190456268 UTC - from mc-8->source-3 "543" 14:54:52.189407379
[2023-06-26T14:54:54Z INFO  dt_instance] received at 2023-06-26 14:54:54.695739552 UTC - from mc-8->source-3 "548" 14:54:54.694684947
[2023-06-26T14:54:57Z INFO  dt_instance] received at 2023-06-26 14:54:57.200662585 UTC - from mc-8->source-3 "553" 14:54:57.199648846
[2023-06-26T14:54:59Z INFO  dt_instance] received at 2023-06-26 14:54:59.706475232 UTC - from mc-8->source-3 "558" 14:54:59.705297583
[2023-06-26T14:55:02Z INFO  dt_instance] received at 2023-06-26 14:55:02.211349779 UTC - from mc-8->source-3 "563" 14:55:02.210170892
[2023-06-26T14:55:04Z INFO  dt_instance] received at 2023-06-26 14:55:04.719763530 UTC - from mc-8->source-3 "568" 14:55:04.716184908
[2023-06-26T14:55:07Z INFO  dt_instance] received at 2023-06-26 14:55:07.226457726 UTC - from mc-8->source-3 "573" 14:55:07.224899772
[2023-06-26T14:55:09Z INFO  dt_instance] received at 2023-06-26 14:55:09.735938928 UTC - from mc-8->source-3 "578" 14:55:09.734671088
[2023-06-26T14:55:12Z INFO  dt_instance] received at 2023-06-26 14:55:12.240456533 UTC - from mc-8->source-3 "583" 14:55:12.239434187
[2023-06-26T14:55:14Z INFO  dt_instance] received at 2023-06-26 14:55:14.745476613 UTC - from mc-8->source-3 "588" 14:55:14.744643219
[2023-06-26T14:55:17Z INFO  dt_instance] received at 2023-06-26 14:55:17.252359124 UTC - from mc-8->source-3 "593" 14:55:17.250041357
[2023-06-26T14:55:19Z INFO  dt_instance] received at 2023-06-26 14:55:19.760005974 UTC - from mc-8->source-3 "598" 14:55:19.757647424
[2023-06-26T14:55:22Z INFO  dt_instance] received at 2023-06-26 14:55:22.264083816 UTC - from mc-8->source-3 "603" 14:55:22.262998798
[2023-06-26T14:55:24Z INFO  dt_instance] received at 2023-06-26 14:55:24.769725951 UTC - from mc-8->source-3 "608" 14:55:24.769042373
[2023-06-26T14:55:27Z INFO  dt_instance] received at 2023-06-26 14:55:27.276410034 UTC - from mc-8->source-3 "613" 14:55:27.274258648
[2023-06-26T14:55:29Z INFO  dt_instance] received at 2023-06-26 14:55:29.781236509 UTC - from mc-8->source-3 "618" 14:55:29.779801506
[2023-06-26T14:55:32Z INFO  dt_instance] received at 2023-06-26 14:55:32.286365428 UTC - from mc-8->source-3 "623" 14:55:32.284496151
[2023-06-26T14:55:34Z INFO  dt_instance] received at 2023-06-26 14:55:34.790252103 UTC - from mc-8->source-3 "628" 14:55:34.789430814
[2023-06-26T14:55:37Z INFO  dt_instance] received at 2023-06-26 14:55:37.295655570 UTC - from mc-8->source-3 "633" 14:55:37.294609314
[2023-06-26T14:55:39Z INFO  dt_instance] received at 2023-06-26 14:55:39.800741213 UTC - from mc-8->source-3 "638" 14:55:39.799662569
[2023-06-26T14:55:42Z INFO  dt_instance] received at 2023-06-26 14:55:42.305334784 UTC - from mc-8->source-3 "643" 14:55:42.304395323
[2023-06-26T14:55:44Z INFO  dt_instance] received at 2023-06-26 14:55:44.810726061 UTC - from mc-8->source-3 "648" 14:55:44.809734600
[2023-06-26T14:55:47Z INFO  dt_instance] received at 2023-06-26 14:55:47.336116567 UTC - from mc-8->source-1 "658" 14:55:47.316033489
[2023-06-26T14:55:49Z INFO  dt_instance] received at 2023-06-26 14:55:49.832957421 UTC - from mc-8->source-1 "663" 14:55:49.821828293
[2023-06-26T14:55:52Z INFO  dt_instance] received at 2023-06-26 14:55:52.335521275 UTC - from mc-8->source-5 "658" 14:55:52.330620996
[2023-06-26T14:55:54Z INFO  dt_instance] received at 2023-06-26 14:55:54.836565197 UTC - from mc-8->source-5 "663" 14:55:54.835567714
[2023-06-26T14:55:57Z INFO  dt_instance] received at 2023-06-26 14:55:57.342102251 UTC - from mc-8->source-5 "668" 14:55:57.341167226
[2023-06-26T14:55:59Z INFO  dt_instance] received at 2023-06-26 14:55:59.849976350 UTC - from mc-8->source-5 "673" 14:55:59.848708789
[2023-06-26T14:56:02Z INFO  dt_instance] received at 2023-06-26 14:56:02.356982317 UTC - from mc-8->source-5 "678" 14:56:02.356039194
[2023-06-26T14:56:04Z INFO  dt_instance] received at 2023-06-26 14:56:04.863804762 UTC - from mc-8->source-5 "683" 14:56:04.862390402
[2023-06-26T14:56:07Z INFO  dt_instance] received at 2023-06-26 14:56:07.369066777 UTC - from mc-8->source-5 "688" 14:56:07.368024021
[2023-06-26T14:56:09Z INFO  dt_instance] received at 2023-06-26 14:56:09.883395764 UTC - from mc-8->source-3 "698" 14:56:09.882517403
[2023-06-26T14:56:12Z INFO  dt_instance] received at 2023-06-26 14:56:12.390250195 UTC - from mc-8->source-3 "703" 14:56:12.389074617
[2023-06-26T14:56:14Z INFO  dt_instance] received at 2023-06-26 14:56:14.897816474 UTC - from mc-8->source-3 "708" 14:56:14.897041753
[2023-06-26T14:56:17Z INFO  dt_instance] received at 2023-06-26 14:56:17.402953287 UTC - from mc-8->source-3 "713" 14:56:17.402014983
[2023-06-26T14:56:19Z INFO  dt_instance] received at 2023-06-26 14:56:19.908324123 UTC - from mc-8->source-3 "718" 14:56:19.907503226
[2023-06-26T14:56:22Z INFO  dt_instance] received at 2023-06-26 14:56:22.413539150 UTC - from mc-8->source-3 "723" 14:56:22.412187619
[2023-06-26T14:56:24Z INFO  dt_instance] received at 2023-06-26 14:56:24.918714158 UTC - from mc-8->source-3 "728" 14:56:24.917378798
[2023-06-26T14:56:27Z INFO  dt_instance] received at 2023-06-26 14:56:27.423997665 UTC - from mc-8->source-3 "733" 14:56:27.423022143
[2023-06-26T14:56:29Z INFO  dt_instance] received at 2023-06-26 14:56:29.929467176 UTC - from mc-8->source-3 "738" 14:56:29.928385575
[2023-06-26T14:56:32Z INFO  dt_instance] received at 2023-06-26 14:56:32.434824894 UTC - from mc-8->source-3 "743" 14:56:32.433389940
[2023-06-26T14:56:34Z INFO  dt_instance] received at 2023-06-26 14:56:34.940223497 UTC - from mc-8->source-3 "748" 14:56:34.939171014
[2023-06-26T14:56:37Z INFO  dt_instance] received at 2023-06-26 14:56:37.445715536 UTC - from mc-8->source-3 "753" 14:56:37.444523967
[2023-06-26T14:56:39Z INFO  dt_instance] received at 2023-06-26 14:56:39.952244883 UTC - from mc-8->source-5 "753" 14:56:39.951131241
[2023-06-26T14:56:42Z INFO  dt_instance] received at 2023-06-26 14:56:42.458375034 UTC - from mc-8->source-5 "758" 14:56:42.457377930
[2023-06-26T14:56:44Z INFO  dt_instance] received at 2023-06-26 14:56:44.966853900 UTC - from mc-8->source-3 "768" 14:56:44.965821791
[2023-06-26T14:56:47Z INFO  dt_instance] received at 2023-06-26 14:56:47.474073122 UTC - from mc-8->source-5 "768" 14:56:47.472857039
[2023-06-26T14:56:49Z INFO  dt_instance] received at 2023-06-26 14:56:49.980408754 UTC - from mc-8->source-5 "773" 14:56:49.979116070
[2023-06-26T14:56:52Z INFO  dt_instance] received at 2023-06-26 14:56:52.500041828 UTC - from mc-8->source-5 "778" 14:56:52.484681812
[2023-06-26T14:56:54Z INFO  dt_instance] received at 2023-06-26 14:56:54.991814069 UTC - from mc-8->source-5 "783" 14:56:54.990794239
[2023-06-26T14:56:57Z INFO  dt_instance] received at 2023-06-26 14:56:57.496098028 UTC - from mc-8->source-5 "788" 14:56:57.495125537
[2023-06-26T14:57:00Z INFO  dt_instance] received at 2023-06-26 14:57:00.001597637 UTC - from mc-8->source-5 "793" 14:57:00.000460981
[2023-06-26T14:57:02Z INFO  dt_instance] received at 2023-06-26 14:57:02.506705692 UTC - from mc-8->source-5 "798" 14:57:02.505137959
[2023-06-26T14:57:05Z INFO  dt_instance] received at 2023-06-26 14:57:05.011999582 UTC - from mc-8->source-5 "803" 14:57:05.011070197
[2023-06-26T14:57:07Z INFO  dt_instance] received at 2023-06-26 14:57:07.517240130 UTC - from mc-8->source-3 "813" 14:57:07.516378628
[2023-06-26T14:57:10Z INFO  dt_instance] received at 2023-06-26 14:57:10.031359491 UTC - from mc-8->source-3 "818" 14:57:10.029920760
[2023-06-26T14:57:12Z INFO  dt_instance] received at 2023-06-26 14:57:12.537415764 UTC - from mc-8->source-3 "823" 14:57:12.536326956
[2023-06-26T14:57:15Z INFO  dt_instance] received at 2023-06-26 14:57:15.044035555 UTC - from mc-8->source-3 "828" 14:57:15.043117759
[2023-06-26T14:57:17Z INFO  dt_instance] received at 2023-06-26 14:57:17.550626682 UTC - from mc-8->source-3 "833" 14:57:17.549440737
[2023-06-26T14:57:20Z INFO  dt_instance] received at 2023-06-26 14:57:20.055443860 UTC - from mc-8->source-3 "838" 14:57:20.054340317
[2023-06-26T14:57:22Z INFO  dt_instance] received at 2023-06-26 14:57:22.561306792 UTC - from mc-8->source-3 "843" 14:57:22.559468161
[2023-06-26T14:57:25Z INFO  dt_instance] received at 2023-06-26 14:57:25.067273870 UTC - from mc-8->source-3 "848" 14:57:25.065685697
[2023-06-26T14:57:27Z INFO  dt_instance] received at 2023-06-26 14:57:27.573629759 UTC - from mc-8->source-3 "853" 14:57:27.572323154
[2023-06-26T14:57:30Z INFO  dt_instance] received at 2023-06-26 14:57:30.080082348 UTC - from mc-8->source-3 "858" 14:57:30.078986982
[2023-06-26T14:57:32Z INFO  dt_instance] received at 2023-06-26 14:57:32.586710357 UTC - from mc-8->source-3 "863" 14:57:32.585669434
[2023-06-26T14:57:35Z INFO  dt_instance] received at 2023-06-26 14:57:35.094545191 UTC - from mc-8->source-3 "868" 14:57:35.091147973
[2023-06-26T14:57:37Z INFO  dt_instance] received at 2023-06-26 14:57:37.598986625 UTC - from mc-8->source-3 "873" 14:57:37.598119614
[2023-06-26T14:57:40Z INFO  dt_instance] received at 2023-06-26 14:57:40.106100085 UTC - from mc-8->source-3 "878" 14:57:40.104973786
[2023-06-26T14:57:42Z INFO  dt_instance] received at 2023-06-26 14:57:42.612208105 UTC - from mc-8->source-3 "883" 14:57:42.610580809
[2023-06-26T14:57:45Z INFO  dt_instance] received at 2023-06-26 14:57:45.116386372 UTC - from mc-8->source-3 "888" 14:57:45.115262339
[2023-06-26T14:57:47Z INFO  dt_instance] received at 2023-06-26 14:57:47.622202981 UTC - from mc-8->source-3 "893" 14:57:47.621205111
[2023-06-26T14:57:50Z INFO  dt_instance] received at 2023-06-26 14:57:50.127344514 UTC - from mc-8->source-3 "898" 14:57:50.126428438
[2023-06-26T14:57:52Z INFO  dt_instance] received at 2023-06-26 14:57:52.633993177 UTC - from mc-8->source-3 "903" 14:57:52.632613594
[2023-06-26T14:57:55Z INFO  dt_instance] received at 2023-06-26 14:57:55.138044521 UTC - from mc-8->source-3 "908" 14:57:55.137216220
[2023-06-26T14:57:57Z INFO  dt_instance] received at 2023-06-26 14:57:57.644448729 UTC - from mc-8->source-3 "913" 14:57:57.643263664
[2023-06-26T14:58:00Z INFO  dt_instance] received at 2023-06-26 14:58:00.149321581 UTC - from mc-8->source-3 "918" 14:58:00.148331033
[2023-06-26T14:58:02Z INFO  dt_instance] received at 2023-06-26 14:58:02.655005276 UTC - from mc-8->source-3 "923" 14:58:02.654159734
[2023-06-26T14:58:05Z INFO  dt_instance] received at 2023-06-26 14:58:05.160560624 UTC - from mc-8->source-3 "928" 14:58:05.159444767
[2023-06-26T14:58:07Z INFO  dt_instance] received at 2023-06-26 14:58:07.665465869 UTC - from mc-8->source-3 "933" 14:58:07.664081522
[2023-06-26T14:58:10Z INFO  dt_instance] received at 2023-06-26 14:58:10.170240018 UTC - from mc-8->source-3 "938" 14:58:10.169285386
[2023-06-26T14:58:12Z INFO  dt_instance] received at 2023-06-26 14:58:12.676176509 UTC - from mc-8->source-3 "943" 14:58:12.675033821
[2023-06-26T14:58:15Z INFO  dt_instance] received at 2023-06-26 14:58:15.186901031 UTC - from mc-8->source-3 "948" 14:58:15.185729229
[2023-06-26T14:58:17Z INFO  dt_instance] received at 2023-06-26 14:58:17.692472009 UTC - from mc-8->source-3 "953" 14:58:17.691345178
[2023-06-26T14:58:20Z INFO  dt_instance] received at 2023-06-26 14:58:20.197550277 UTC - from mc-8->source-3 "958" 14:58:20.196264097
[2023-06-26T14:58:22Z INFO  dt_instance] received at 2023-06-26 14:58:22.704021432 UTC - from mc-8->source-3 "963" 14:58:22.702798521
[2023-06-26T14:58:25Z INFO  dt_instance] received at 2023-06-26 14:58:25.210644510 UTC - from mc-8->source-3 "968" 14:58:25.209567490
[2023-06-26T14:58:27Z INFO  dt_instance] received at 2023-06-26 14:58:27.716084983 UTC - from mc-8->source-3 "973" 14:58:27.714899219
[2023-06-26T14:58:30Z INFO  dt_instance] received at 2023-06-26 14:58:30.221406007 UTC - from mc-8->source-3 "978" 14:58:30.220114546
[2023-06-26T14:58:32Z INFO  dt_instance] received at 2023-06-26 14:58:32.726761420 UTC - from mc-8->source-3 "983" 14:58:32.725620247
[2023-06-26T14:58:35Z INFO  dt_instance] received at 2023-06-26 14:58:35.231506747 UTC - from mc-8->source-3 "988" 14:58:35.230416009
[2023-06-26T14:58:37Z INFO  dt_instance] received at 2023-06-26 14:58:37.983651505 UTC - from mc-8->source-6 "986" 14:58:37.982638681
[2023-06-26T14:58:41Z INFO  dt_instance] received at 2023-06-26 14:58:41.242131198 UTC - from mc-8->source-5 "995" 14:58:41.241076779
[2023-06-26T14:58:48Z INFO  dt_instance] received at 2023-06-26 14:58:48.266422065 UTC - from mc-8->source-9 "999" 14:58:48.261913737
