[2023-07-18T18:47:58Z INFO  dt_instance] Current Twin: mc-twin-7
[2023-07-18T18:47:58Z INFO  dt_instance] Replica Name twin-mc-stateful-7
[2023-07-18T18:47:58Z INFO  dt_instance] Sleeping for 350
[2023-07-18T18:53:48Z INFO  dt_instance] Connecting to broker at emqx.dtwins:1883
[2023-07-18T18:53:48Z INFO  dt_instance] Loggin info each 50 messages
[2023-07-18T18:53:48Z INFO  dt_instance] Set max packet size to 60000 KB.
[2023-07-18T18:53:48Z INFO  dt_instance] Refreshing topics for twin - Listen to mc-7/#
[2023-07-18T18:53:48Z INFO  dt_instance] SubAck { pkid: 1, return_codes: [Success(ExactlyOnce)] }
[2023-07-18T18:54:58Z INFO  dt_instance] received at 2023-07-18 18:54:58.869984808 UTC - from mc-7->source-2 "9" 18:54:58.868152285
[2023-07-18T18:55:02Z INFO  dt_instance] received at 2023-07-18 18:55:02.124320115 UTC - from mc-7->source-3 "13" 18:55:02.122666522
[2023-07-18T18:55:04Z INFO  dt_instance] received at 2023-07-18 18:55:04.634557799 UTC - from mc-7->source-1 "23" 18:55:04.633602522
[2023-07-18T18:55:07Z INFO  dt_instance] received at 2023-07-18 18:55:07.141551577 UTC - from mc-7->source-1 "28" 18:55:07.140218557
[2023-07-18T18:55:09Z INFO  dt_instance] received at 2023-07-18 18:55:09.648361648 UTC - from mc-7->source-1 "33" 18:55:09.645854806
[2023-07-18T18:55:12Z INFO  dt_instance] received at 2023-07-18 18:55:12.154028057 UTC - from mc-7->source-1 "38" 18:55:12.151843646
[2023-07-18T18:55:14Z INFO  dt_instance] received at 2023-07-18 18:55:14.700757564 UTC - from mc-7->source-1 "43" 18:55:14.699704065
[2023-07-18T18:55:17Z INFO  dt_instance] received at 2023-07-18 18:55:17.205777861 UTC - from mc-7->source-1 "48" 18:55:17.204592225
[2023-07-18T18:55:19Z INFO  dt_instance] received at 2023-07-18 18:55:19.719333183 UTC - from mc-7->source-1 "53" 18:55:19.711254197
[2023-07-18T18:55:22Z INFO  dt_instance] received at 2023-07-18 18:55:22.221055340 UTC - from mc-7->source-1 "58" 18:55:22.216871442
[2023-07-18T18:55:24Z INFO  dt_instance] received at 2023-07-18 18:55:24.729880044 UTC - from mc-7->source-1 "63" 18:55:24.722195065
[2023-07-18T18:55:27Z INFO  dt_instance] received at 2023-07-18 18:55:27.229912808 UTC - from mc-7->source-1 "68" 18:55:27.229091925
[2023-07-18T18:55:29Z INFO  dt_instance] received at 2023-07-18 18:55:29.741343920 UTC - from mc-7->source-5 "63" 18:55:29.734480161
[2023-07-18T18:55:32Z INFO  dt_instance] received at 2023-07-18 18:55:32.243968700 UTC - from mc-7->source-1 "78" 18:55:32.242546922
[2023-07-18T18:55:34Z INFO  dt_instance] received at 2023-07-18 18:55:34.757765364 UTC - from mc-7->source-1 "83" 18:55:34.749993197
[2023-07-18T18:55:37Z INFO  dt_instance] received at 2023-07-18 18:55:37.257238701 UTC - from mc-7->source-1 "88" 18:55:37.256450568
[2023-07-18T18:55:39Z INFO  dt_instance] received at 2023-07-18 18:55:39.766005369 UTC - from mc-7->source-1 "93" 18:55:39.762837075
[2023-07-18T18:55:42Z INFO  dt_instance] received at 2023-07-18 18:55:42.268926358 UTC - from mc-7->source-1 "98" 18:55:42.268006034
[2023-07-18T18:55:44Z INFO  dt_instance] received at 2023-07-18 18:55:44.774528965 UTC - from mc-7->source-1 "103" 18:55:44.773170449
[2023-07-18T18:55:47Z INFO  dt_instance] received at 2023-07-18 18:55:47.280228683 UTC - from mc-7->source-1 "108" 18:55:47.277320098
[2023-07-18T18:55:49Z INFO  dt_instance] received at 2023-07-18 18:55:49.786303835 UTC - from mc-7->source-1 "113" 18:55:49.784559640
[2023-07-18T18:55:52Z INFO  dt_instance] received at 2023-07-18 18:55:52.290540773 UTC - from mc-7->source-1 "118" 18:55:52.289793874
[2023-07-18T18:55:54Z INFO  dt_instance] received at 2023-07-18 18:55:54.811572325 UTC - from mc-7->source-5 "113" 18:55:54.795634350
[2023-07-18T18:55:57Z INFO  dt_instance] received at 2023-07-18 18:55:57.303159488 UTC - from mc-7->source-5 "118" 18:55:57.302006138
[2023-07-18T18:55:59Z INFO  dt_instance] received at 2023-07-18 18:55:59.833243173 UTC - from mc-7->source-5 "123" 18:55:59.809319178
[2023-07-18T18:56:02Z INFO  dt_instance] received at 2023-07-18 18:56:02.318962737 UTC - from mc-7->source-5 "128" 18:56:02.317200102
[2023-07-18T18:56:04Z INFO  dt_instance] received at 2023-07-18 18:56:04.828432227 UTC - from mc-7->source-1 "143" 18:56:04.826999946
[2023-07-18T18:56:07Z INFO  dt_instance] received at 2023-07-18 18:56:07.333101796 UTC - from mc-7->source-1 "148" 18:56:07.331688198
[2023-07-18T18:56:09Z INFO  dt_instance] received at 2023-07-18 18:56:09.839464089 UTC - from mc-7->source-3 "148" 18:56:09.837893451
[2023-07-18T18:56:12Z INFO  dt_instance] received at 2023-07-18 18:56:12.346811261 UTC - from mc-7->source-3 "153" 18:56:12.345333579
[2023-07-18T18:56:14Z INFO  dt_instance] received at 2023-07-18 18:56:14.854074901 UTC - from mc-7->source-1 "163" 18:56:14.852409425
[2023-07-18T18:56:17Z INFO  dt_instance] received at 2023-07-18 18:56:17.359628899 UTC - from mc-7->source-3 "163" 18:56:17.358287225
[2023-07-18T18:56:19Z INFO  dt_instance] received at 2023-07-18 18:56:19.867175225 UTC - from mc-7->source-3 "168" 18:56:19.863731741
[2023-07-18T18:56:22Z INFO  dt_instance] received at 2023-07-18 18:56:22.371526297 UTC - from mc-7->source-1 "178" 18:56:22.370156150
[2023-07-18T18:56:24Z INFO  dt_instance] received at 2023-07-18 18:56:24.876478811 UTC - from mc-7->source-3 "178" 18:56:24.874577441
[2023-07-18T18:56:27Z INFO  dt_instance] received at 2023-07-18 18:56:27.382930061 UTC - from mc-7->source-3 "183" 18:56:27.381542412
[2023-07-18T18:56:29Z INFO  dt_instance] received at 2023-07-18 18:56:29.889716159 UTC - from mc-7->source-3 "188" 18:56:29.887040403
[2023-07-18T18:56:32Z INFO  dt_instance] received at 2023-07-18 18:56:32.394191979 UTC - from mc-7->source-3 "193" 18:56:32.392909217
[2023-07-18T18:56:34Z INFO  dt_instance] received at 2023-07-18 18:56:34.900299878 UTC - from mc-7->source-3 "198" 18:56:34.899313595
[2023-07-18T18:56:37Z INFO  dt_instance] received at 2023-07-18 18:56:37.406378341 UTC - from mc-7->source-1 "208" 18:56:37.405440061
[2023-07-18T18:56:39Z INFO  dt_instance] received at 2023-07-18 18:56:39.913916973 UTC - from mc-7->source-3 "208" 18:56:39.911382687
[2023-07-18T18:56:42Z INFO  dt_instance] received at 2023-07-18 18:56:42.421219502 UTC - from mc-7->source-3 "213" 18:56:42.416431621
[2023-07-18T18:56:44Z INFO  dt_instance] received at 2023-07-18 18:56:44.933600188 UTC - from mc-7->source-3 "218" 18:56:44.932346654
[2023-07-18T18:56:47Z INFO  dt_instance] received at 2023-07-18 18:56:47.439593414 UTC - from mc-7->source-1 "228" 18:56:47.438431827
[2023-07-18T18:56:49Z INFO  dt_instance] received at 2023-07-18 18:56:49.945729801 UTC - from mc-7->source-3 "228" 18:56:49.943508718
[2023-07-18T18:56:52Z INFO  dt_instance] received at 2023-07-18 18:56:52.451159586 UTC - from mc-7->source-3 "233" 18:56:52.449428926
[2023-07-18T18:56:54Z INFO  dt_instance] received at 2023-07-18 18:56:54.962719688 UTC - from mc-7->source-1 "243" 18:56:54.955769020
[2023-07-18T18:56:57Z INFO  dt_instance] received at 2023-07-18 18:56:57.467193949 UTC - from mc-7->source-1 "248" 18:56:57.462660991
[2023-07-18T18:56:59Z INFO  dt_instance] received at 2023-07-18 18:56:59.968037363 UTC - from mc-7->source-1 "253" 18:56:59.967307235
[2023-07-18T18:57:02Z INFO  dt_instance] received at 2023-07-18 18:57:02.474555804 UTC - from mc-7->source-1 "258" 18:57:02.472586935
[2023-07-18T18:57:04Z INFO  dt_instance] received at 2023-07-18 18:57:04.981144660 UTC - from mc-7->source-1 "263" 18:57:04.979749630
[2023-07-18T18:57:07Z INFO  dt_instance] received at 2023-07-18 18:57:07.488258119 UTC - from mc-7->source-1 "268" 18:57:07.487088402
[2023-07-18T18:57:09Z INFO  dt_instance] received at 2023-07-18 18:57:09.995502477 UTC - from mc-7->source-1 "273" 18:57:09.994290986
[2023-07-18T18:57:12Z INFO  dt_instance] received at 2023-07-18 18:57:12.502377281 UTC - from mc-7->source-1 "278" 18:57:12.500705279
[2023-07-18T18:57:15Z INFO  dt_instance] received at 2023-07-18 18:57:15.014541156 UTC - from mc-7->source-1 "283" 18:57:15.008296761
[2023-07-18T18:57:17Z INFO  dt_instance] received at 2023-07-18 18:57:17.515600437 UTC - from mc-7->source-1 "288" 18:57:17.514398408
[2023-07-18T18:57:20Z INFO  dt_instance] received at 2023-07-18 18:57:20.022629005 UTC - from mc-7->source-1 "293" 18:57:20.021721566
[2023-07-18T18:57:22Z INFO  dt_instance] received at 2023-07-18 18:57:22.528204729 UTC - from mc-7->source-1 "298" 18:57:22.527129554
[2023-07-18T18:57:25Z INFO  dt_instance] received at 2023-07-18 18:57:25.034462662 UTC - from mc-7->source-1 "303" 18:57:25.033591640
[2023-07-18T18:57:27Z INFO  dt_instance] received at 2023-07-18 18:57:27.539210714 UTC - from mc-7->source-1 "308" 18:57:27.538415510
[2023-07-18T18:57:30Z INFO  dt_instance] received at 2023-07-18 18:57:30.047428329 UTC - from mc-7->source-1 "313" 18:57:30.044616876
[2023-07-18T18:57:32Z INFO  dt_instance] received at 2023-07-18 18:57:32.554803427 UTC - from mc-7->source-1 "318" 18:57:32.554092021
[2023-07-18T18:57:35Z INFO  dt_instance] received at 2023-07-18 18:57:35.060810017 UTC - from mc-7->source-1 "323" 18:57:35.059411492
[2023-07-18T18:57:37Z INFO  dt_instance] received at 2023-07-18 18:57:37.566090839 UTC - from mc-7->source-1 "328" 18:57:37.564687935
[2023-07-18T18:57:40Z INFO  dt_instance] received at 2023-07-18 18:57:40.071195590 UTC - from mc-7->source-1 "333" 18:57:40.069898392
[2023-07-18T18:57:42Z INFO  dt_instance] received at 2023-07-18 18:57:42.581188229 UTC - from mc-7->source-1 "338" 18:57:42.578089891
[2023-07-18T18:57:45Z INFO  dt_instance] received at 2023-07-18 18:57:45.086904471 UTC - from mc-7->source-1 "343" 18:57:45.083409097
[2023-07-18T18:57:47Z INFO  dt_instance] received at 2023-07-18 18:57:47.590287442 UTC - from mc-7->source-1 "348" 18:57:47.588802109
[2023-07-18T18:57:50Z INFO  dt_instance] received at 2023-07-18 18:57:50.107410814 UTC - from mc-7->source-1 "353" 18:57:50.105955165
[2023-07-18T18:57:52Z INFO  dt_instance] received at 2023-07-18 18:57:52.613057562 UTC - from mc-7->source-1 "358" 18:57:52.611829423
[2023-07-18T18:57:55Z INFO  dt_instance] received at 2023-07-18 18:57:55.117870681 UTC - from mc-7->source-1 "363" 18:57:55.116630299
[2023-07-18T18:57:57Z INFO  dt_instance] received at 2023-07-18 18:57:57.628992032 UTC - from mc-7->source-1 "368" 18:57:57.622946174
[2023-07-18T18:58:00Z INFO  dt_instance] received at 2023-07-18 18:58:00.130846642 UTC - from mc-7->source-1 "373" 18:58:00.128813934
[2023-07-18T18:58:02Z INFO  dt_instance] received at 2023-07-18 18:58:02.639205398 UTC - from mc-7->source-1 "378" 18:58:02.634405007
[2023-07-18T18:58:05Z INFO  dt_instance] received at 2023-07-18 18:58:05.141250516 UTC - from mc-7->source-1 "383" 18:58:05.139537166
[2023-07-18T18:58:07Z INFO  dt_instance] received at 2023-07-18 18:58:07.645855296 UTC - from mc-7->source-1 "388" 18:58:07.644831180
[2023-07-18T18:58:10Z INFO  dt_instance] received at 2023-07-18 18:58:10.152188389 UTC - from mc-7->source-1 "393" 18:58:10.150546289
[2023-07-18T18:58:12Z INFO  dt_instance] received at 2023-07-18 18:58:12.667589114 UTC - from mc-7->source-1 "398" 18:58:12.657921817
[2023-07-18T18:58:15Z INFO  dt_instance] received at 2023-07-18 18:58:15.164907517 UTC - from mc-7->source-1 "403" 18:58:15.163192916
[2023-07-18T18:58:17Z INFO  dt_instance] received at 2023-07-18 18:58:17.671506489 UTC - from mc-7->source-1 "408" 18:58:17.670253098
[2023-07-18T18:58:20Z INFO  dt_instance] received at 2023-07-18 18:58:20.176810845 UTC - from mc-7->source-1 "413" 18:58:20.175820067
[2023-07-18T18:58:22Z INFO  dt_instance] received at 2023-07-18 18:58:22.698420410 UTC - from mc-7->source-1 "418" 18:58:22.682435493
[2023-07-18T18:58:25Z INFO  dt_instance] received at 2023-07-18 18:58:25.191243088 UTC - from mc-7->source-1 "423" 18:58:25.190107482
[2023-07-18T18:58:27Z INFO  dt_instance] received at 2023-07-18 18:58:27.699456949 UTC - from mc-7->source-1 "428" 18:58:27.695888010
[2023-07-18T18:58:30Z INFO  dt_instance] received at 2023-07-18 18:58:30.201982120 UTC - from mc-7->source-1 "433" 18:58:30.200667600
[2023-07-18T18:58:32Z INFO  dt_instance] received at 2023-07-18 18:58:32.707947049 UTC - from mc-7->source-1 "438" 18:58:32.706446978
[2023-07-18T18:58:35Z INFO  dt_instance] received at 2023-07-18 18:58:35.214864702 UTC - from mc-7->source-1 "443" 18:58:35.212494841
[2023-07-18T18:58:37Z INFO  dt_instance] received at 2023-07-18 18:58:37.719316026 UTC - from mc-7->source-1 "448" 18:58:37.718238483
[2023-07-18T18:58:40Z INFO  dt_instance] received at 2023-07-18 18:58:40.225792199 UTC - from mc-7->source-1 "453" 18:58:40.224798543
[2023-07-18T18:58:42Z INFO  dt_instance] received at 2023-07-18 18:58:42.741147744 UTC - from mc-7->source-1 "458" 18:58:42.730881729
[2023-07-18T18:58:45Z INFO  dt_instance] received at 2023-07-18 18:58:45.237594660 UTC - from mc-7->source-1 "463" 18:58:45.236880220
[2023-07-18T18:58:47Z INFO  dt_instance] received at 2023-07-18 18:58:47.755743481 UTC - from mc-7->source-1 "468" 18:58:47.742051371
[2023-07-18T18:58:50Z INFO  dt_instance] received at 2023-07-18 18:58:50.252587032 UTC - from mc-7->source-1 "473" 18:58:50.251227900
[2023-07-18T18:58:52Z INFO  dt_instance] received at 2023-07-18 18:58:52.760380853 UTC - from mc-7->source-1 "478" 18:58:52.757778526
[2023-07-18T18:58:55Z INFO  dt_instance] received at 2023-07-18 18:58:55.265366906 UTC - from mc-7->source-1 "483" 18:58:55.264230848
[2023-07-18T18:58:57Z INFO  dt_instance] received at 2023-07-18 18:58:57.771984382 UTC - from mc-7->source-1 "488" 18:58:57.770033553
[2023-07-18T18:59:00Z INFO  dt_instance] received at 2023-07-18 18:59:00.276532966 UTC - from mc-7->source-1 "493" 18:59:00.275170534
[2023-07-18T18:59:02Z INFO  dt_instance] received at 2023-07-18 18:59:02.781571185 UTC - from mc-7->source-1 "498" 18:59:02.779818153
[2023-07-18T18:59:05Z INFO  dt_instance] received at 2023-07-18 18:59:05.289935752 UTC - from mc-7->source-1 "503" 18:59:05.288107964
[2023-07-18T18:59:07Z INFO  dt_instance] received at 2023-07-18 18:59:07.796598394 UTC - from mc-7->source-1 "508" 18:59:07.795094379
[2023-07-18T18:59:10Z INFO  dt_instance] received at 2023-07-18 18:59:10.314559944 UTC - from mc-7->source-1 "513" 18:59:10.306027653
[2023-07-18T18:59:12Z INFO  dt_instance] received at 2023-07-18 18:59:12.872298582 UTC - from mc-7->source-1 "518" 18:59:12.815922462
[2023-07-18T18:59:15Z INFO  dt_instance] received at 2023-07-18 18:59:15.322997385 UTC - from mc-7->source-1 "523" 18:59:15.320859067
[2023-07-18T18:59:17Z INFO  dt_instance] received at 2023-07-18 18:59:17.827340529 UTC - from mc-7->source-1 "528" 18:59:17.826278028
[2023-07-18T18:59:20Z INFO  dt_instance] received at 2023-07-18 18:59:20.332838211 UTC - from mc-7->source-1 "533" 18:59:20.331587228
[2023-07-18T18:59:22Z INFO  dt_instance] received at 2023-07-18 18:59:22.847691970 UTC - from mc-7->source-1 "538" 18:59:22.836483494
[2023-07-18T18:59:25Z INFO  dt_instance] received at 2023-07-18 18:59:25.343205034 UTC - from mc-7->source-1 "543" 18:59:25.342037860
[2023-07-18T18:59:27Z INFO  dt_instance] received at 2023-07-18 18:59:27.847584399 UTC - from mc-7->source-1 "548" 18:59:27.846636700
[2023-07-18T18:59:30Z INFO  dt_instance] received at 2023-07-18 18:59:30.354098556 UTC - from mc-7->source-1 "553" 18:59:30.351758274
[2023-07-18T18:59:32Z INFO  dt_instance] received at 2023-07-18 18:59:32.859926784 UTC - from mc-7->source-1 "558" 18:59:32.858245140
[2023-07-18T18:59:35Z INFO  dt_instance] received at 2023-07-18 18:59:35.365412360 UTC - from mc-7->source-1 "563" 18:59:35.364298733
[2023-07-18T18:59:37Z INFO  dt_instance] received at 2023-07-18 18:59:37.870515122 UTC - from mc-7->source-1 "568" 18:59:37.869395467
[2023-07-18T18:59:40Z INFO  dt_instance] received at 2023-07-18 18:59:40.384353589 UTC - from mc-7->source-1 "573" 18:59:40.376059284
[2023-07-18T18:59:42Z INFO  dt_instance] received at 2023-07-18 18:59:42.896516497 UTC - from mc-7->source-1 "578" 18:59:42.881987979
[2023-07-18T18:59:45Z INFO  dt_instance] received at 2023-07-18 18:59:45.388310040 UTC - from mc-7->source-1 "583" 18:59:45.387072542
[2023-07-18T18:59:47Z INFO  dt_instance] received at 2023-07-18 18:59:47.895978612 UTC - from mc-7->source-1 "588" 18:59:47.893056876
[2023-07-18T18:59:50Z INFO  dt_instance] received at 2023-07-18 18:59:50.401308879 UTC - from mc-7->source-1 "593" 18:59:50.399213991
[2023-07-18T18:59:52Z INFO  dt_instance] received at 2023-07-18 18:59:52.907969208 UTC - from mc-7->source-1 "598" 18:59:52.905580237
[2023-07-18T18:59:55Z INFO  dt_instance] received at 2023-07-18 18:59:55.412118708 UTC - from mc-7->source-1 "603" 18:59:55.410412314
[2023-07-18T18:59:57Z INFO  dt_instance] received at 2023-07-18 18:59:57.918821709 UTC - from mc-7->source-1 "608" 18:59:57.915717044
[2023-07-18T19:00:00Z INFO  dt_instance] received at 2023-07-18 19:00:00.422721724 UTC - from mc-7->source-1 "613" 19:00:00.421189572
[2023-07-18T19:00:02Z INFO  dt_instance] received at 2023-07-18 19:00:02.938089588 UTC - from mc-7->source-1 "618" 19:00:02.927306209
[2023-07-18T19:00:05Z INFO  dt_instance] received at 2023-07-18 19:00:05.435677210 UTC - from mc-7->source-1 "623" 19:00:05.432848451
[2023-07-18T19:00:07Z INFO  dt_instance] received at 2023-07-18 19:00:07.940974126 UTC - from mc-7->source-1 "628" 19:00:07.938363456
[2023-07-18T19:00:10Z INFO  dt_instance] received at 2023-07-18 19:00:10.450442939 UTC - from mc-7->source-1 "633" 19:00:10.448336173
[2023-07-18T19:00:12Z INFO  dt_instance] received at 2023-07-18 19:00:12.956790660 UTC - from mc-7->source-1 "638" 19:00:12.954626605
[2023-07-18T19:00:15Z INFO  dt_instance] received at 2023-07-18 19:00:15.462538630 UTC - from mc-7->source-1 "643" 19:00:15.461188983
[2023-07-18T19:00:17Z INFO  dt_instance] received at 2023-07-18 19:00:17.967542022 UTC - from mc-7->source-1 "648" 19:00:17.965942055
[2023-07-18T19:00:20Z INFO  dt_instance] received at 2023-07-18 19:00:20.482981901 UTC - from mc-7->source-1 "653" 19:00:20.481258891
[2023-07-18T19:00:22Z INFO  dt_instance] received at 2023-07-18 19:00:22.992717343 UTC - from mc-7->source-1 "658" 19:00:22.986590573
[2023-07-18T19:00:25Z INFO  dt_instance] received at 2023-07-18 19:00:25.494979792 UTC - from mc-7->source-1 "663" 19:00:25.493350144
[2023-07-18T19:00:28Z INFO  dt_instance] received at 2023-07-18 19:00:28.001852308 UTC - from mc-7->source-1 "668" 19:00:28.000603980
[2023-07-18T19:00:30Z INFO  dt_instance] received at 2023-07-18 19:00:30.507716986 UTC - from mc-7->source-1 "673" 19:00:30.506436583
[2023-07-18T19:00:33Z INFO  dt_instance] received at 2023-07-18 19:00:33.019738623 UTC - from mc-7->source-1 "678" 19:00:33.012821816
[2023-07-18T19:00:35Z INFO  dt_instance] received at 2023-07-18 19:00:35.523869020 UTC - from mc-7->source-1 "683" 19:00:35.522493068
[2023-07-18T19:00:38Z INFO  dt_instance] received at 2023-07-18 19:00:38.032449284 UTC - from mc-7->source-1 "688" 19:00:38.030567186
[2023-07-18T19:00:40Z INFO  dt_instance] received at 2023-07-18 19:00:40.536575100 UTC - from mc-7->source-1 "693" 19:00:40.535470154
[2023-07-18T19:00:43Z INFO  dt_instance] received at 2023-07-18 19:00:43.041865744 UTC - from mc-7->source-1 "698" 19:00:43.040769368
[2023-07-18T19:00:45Z INFO  dt_instance] received at 2023-07-18 19:00:45.548859985 UTC - from mc-7->source-1 "703" 19:00:45.546623269
[2023-07-18T19:00:48Z INFO  dt_instance] received at 2023-07-18 19:00:48.059402210 UTC - from mc-7->source-1 "708" 19:00:48.052004794
[2023-07-18T19:00:50Z INFO  dt_instance] received at 2023-07-18 19:00:50.560829777 UTC - from mc-7->source-1 "713" 19:00:50.559529495
[2023-07-18T19:00:53Z INFO  dt_instance] received at 2023-07-18 19:00:53.066106383 UTC - from mc-7->source-1 "718" 19:00:53.064732876
[2023-07-18T19:00:55Z INFO  dt_instance] received at 2023-07-18 19:00:55.582804224 UTC - from mc-7->source-1 "723" 19:00:55.571845806
[2023-07-18T19:00:58Z INFO  dt_instance] received at 2023-07-18 19:00:58.087899540 UTC - from mc-7->source-1 "728" 19:00:58.076422066
[2023-07-18T19:01:00Z INFO  dt_instance] received at 2023-07-18 19:01:00.585077997 UTC - from mc-7->source-1 "733" 19:01:00.582800102
[2023-07-18T19:01:03Z INFO  dt_instance] received at 2023-07-18 19:01:03.090105276 UTC - from mc-7->source-1 "738" 19:01:03.088786637
[2023-07-18T19:01:05Z INFO  dt_instance] received at 2023-07-18 19:01:05.595814013 UTC - from mc-7->source-1 "743" 19:01:05.594108617
[2023-07-18T19:01:08Z INFO  dt_instance] received at 2023-07-18 19:01:08.102983115 UTC - from mc-7->source-1 "748" 19:01:08.099570327
[2023-07-18T19:01:10Z INFO  dt_instance] received at 2023-07-18 19:01:10.612130128 UTC - from mc-7->source-1 "753" 19:01:10.605455015
[2023-07-18T19:01:13Z INFO  dt_instance] received at 2023-07-18 19:01:13.115402218 UTC - from mc-7->source-1 "758" 19:01:13.111963041
[2023-07-18T19:01:15Z INFO  dt_instance] received at 2023-07-18 19:01:15.618804274 UTC - from mc-7->source-1 "763" 19:01:15.617708429
[2023-07-18T19:01:18Z INFO  dt_instance] received at 2023-07-18 19:01:18.126266717 UTC - from mc-7->source-1 "768" 19:01:18.124254468
[2023-07-18T19:01:20Z INFO  dt_instance] received at 2023-07-18 19:01:20.631586967 UTC - from mc-7->source-1 "773" 19:01:20.629695754
[2023-07-18T19:01:23Z INFO  dt_instance] received at 2023-07-18 19:01:23.136452872 UTC - from mc-7->source-1 "778" 19:01:23.134539929
[2023-07-18T19:01:25Z INFO  dt_instance] received at 2023-07-18 19:01:25.642274477 UTC - from mc-7->source-1 "783" 19:01:25.639312147
[2023-07-18T19:01:28Z INFO  dt_instance] received at 2023-07-18 19:01:28.148027934 UTC - from mc-7->source-1 "788" 19:01:28.145671952
[2023-07-18T19:01:30Z INFO  dt_instance] received at 2023-07-18 19:01:30.655276767 UTC - from mc-7->source-1 "793" 19:01:30.652335928
[2023-07-18T19:01:33Z INFO  dt_instance] received at 2023-07-18 19:01:33.159556332 UTC - from mc-7->source-1 "798" 19:01:33.158699017
[2023-07-18T19:01:35Z INFO  dt_instance] received at 2023-07-18 19:01:35.668446264 UTC - from mc-7->source-1 "803" 19:01:35.663834780
[2023-07-18T19:01:38Z INFO  dt_instance] received at 2023-07-18 19:01:38.170443009 UTC - from mc-7->source-1 "808" 19:01:38.169000618
[2023-07-18T19:01:40Z INFO  dt_instance] received at 2023-07-18 19:01:40.676300284 UTC - from mc-7->source-1 "813" 19:01:40.674749905
[2023-07-18T19:01:43Z INFO  dt_instance] received at 2023-07-18 19:01:43.180590230 UTC - from mc-7->source-1 "818" 19:01:43.179632482
[2023-07-18T19:01:45Z INFO  dt_instance] received at 2023-07-18 19:01:45.688860398 UTC - from mc-7->source-1 "823" 19:01:45.685698185
[2023-07-18T19:01:48Z INFO  dt_instance] received at 2023-07-18 19:01:48.197011119 UTC - from mc-7->source-1 "828" 19:01:48.192280415
[2023-07-18T19:01:50Z INFO  dt_instance] received at 2023-07-18 19:01:50.699829719 UTC - from mc-7->source-1 "833" 19:01:50.698727186
[2023-07-18T19:01:53Z INFO  dt_instance] received at 2023-07-18 19:01:53.205671059 UTC - from mc-7->source-1 "838" 19:01:53.204580058
[2023-07-18T19:01:55Z INFO  dt_instance] received at 2023-07-18 19:01:55.714350550 UTC - from mc-7->source-1 "843" 19:01:55.711266067
[2023-07-18T19:01:58Z INFO  dt_instance] received at 2023-07-18 19:01:58.227576080 UTC - from mc-7->source-1 "848" 19:01:58.219508215
[2023-07-18T19:02:00Z INFO  dt_instance] received at 2023-07-18 19:02:00.729510516 UTC - from mc-7->source-1 "853" 19:02:00.726159157
[2023-07-18T19:02:03Z INFO  dt_instance] received at 2023-07-18 19:02:03.232540169 UTC - from mc-7->source-1 "858" 19:02:03.231054259
[2023-07-18T19:02:05Z INFO  dt_instance] received at 2023-07-18 19:02:05.740144977 UTC - from mc-7->source-1 "863" 19:02:05.737446876
[2023-07-18T19:02:08Z INFO  dt_instance] received at 2023-07-18 19:02:08.244933506 UTC - from mc-7->source-1 "868" 19:02:08.243916003
[2023-07-18T19:02:10Z INFO  dt_instance] received at 2023-07-18 19:02:10.763422926 UTC - from mc-7->source-1 "873" 19:02:10.749577771
[2023-07-18T19:02:13Z INFO  dt_instance] received at 2023-07-18 19:02:13.256920534 UTC - from mc-7->source-1 "878" 19:02:13.255556048
[2023-07-18T19:02:15Z INFO  dt_instance] received at 2023-07-18 19:02:15.762198657 UTC - from mc-7->source-1 "883" 19:02:15.760916647
[2023-07-18T19:02:18Z INFO  dt_instance] received at 2023-07-18 19:02:18.273256157 UTC - from mc-7->source-1 "888" 19:02:18.265684383
[2023-07-18T19:02:20Z INFO  dt_instance] received at 2023-07-18 19:02:20.771640436 UTC - from mc-7->source-1 "893" 19:02:20.770361141
[2023-07-18T19:02:23Z INFO  dt_instance] received at 2023-07-18 19:02:23.278093274 UTC - from mc-7->source-1 "898" 19:02:23.277035659
[2023-07-18T19:02:25Z INFO  dt_instance] received at 2023-07-18 19:02:25.790663191 UTC - from mc-7->source-1 "903" 19:02:25.782939855
[2023-07-18T19:02:28Z INFO  dt_instance] received at 2023-07-18 19:02:28.291417959 UTC - from mc-7->source-1 "908" 19:02:28.287654522
[2023-07-18T19:02:30Z INFO  dt_instance] received at 2023-07-18 19:02:30.793545963 UTC - from mc-7->source-1 "913" 19:02:30.792352250
[2023-07-18T19:02:33Z INFO  dt_instance] received at 2023-07-18 19:02:33.301168860 UTC - from mc-7->source-1 "918" 19:02:33.300115312
[2023-07-18T19:02:35Z INFO  dt_instance] received at 2023-07-18 19:02:35.808319685 UTC - from mc-7->source-1 "923" 19:02:35.804699587
[2023-07-18T19:02:38Z INFO  dt_instance] received at 2023-07-18 19:02:38.315130259 UTC - from mc-7->source-1 "928" 19:02:38.309601285
[2023-07-18T19:02:40Z INFO  dt_instance] received at 2023-07-18 19:02:40.817296178 UTC - from mc-7->source-1 "933" 19:02:40.814807511
[2023-07-18T19:02:43Z INFO  dt_instance] received at 2023-07-18 19:02:43.321092531 UTC - from mc-7->source-1 "938" 19:02:43.319943873
[2023-07-18T19:02:45Z INFO  dt_instance] received at 2023-07-18 19:02:45.826955220 UTC - from mc-7->source-1 "943" 19:02:45.824696164
[2023-07-18T19:02:48Z INFO  dt_instance] received at 2023-07-18 19:02:48.332400851 UTC - from mc-7->source-1 "948" 19:02:48.330761365
[2023-07-18T19:02:50Z INFO  dt_instance] received at 2023-07-18 19:02:50.837831024 UTC - from mc-7->source-1 "953" 19:02:50.836811388
[2023-07-18T19:02:53Z INFO  dt_instance] received at 2023-07-18 19:02:53.343115106 UTC - from mc-7->source-1 "958" 19:02:53.342196252
[2023-07-18T19:02:55Z INFO  dt_instance] received at 2023-07-18 19:02:55.849982543 UTC - from mc-7->source-1 "963" 19:02:55.849204810
[2023-07-18T19:02:58Z INFO  dt_instance] received at 2023-07-18 19:02:58.354356693 UTC - from mc-7->source-1 "968" 19:02:58.353453739
[2023-07-18T19:03:00Z INFO  dt_instance] received at 2023-07-18 19:03:00.903879695 UTC - from mc-7->source-5 "963" 19:03:00.848590457
[2023-07-18T19:03:03Z INFO  dt_instance] received at 2023-07-18 19:03:03.366885137 UTC - from mc-7->source-1 "978" 19:03:03.365632435
[2023-07-18T19:03:05Z INFO  dt_instance] received at 2023-07-18 19:03:05.871636629 UTC - from mc-7->source-1 "983" 19:03:05.870819554
[2023-07-18T19:03:08Z INFO  dt_instance] received at 2023-07-18 19:03:08.377925274 UTC - from mc-7->source-1 "988" 19:03:08.376879354
[2023-07-18T19:03:10Z INFO  dt_instance] received at 2023-07-18 19:03:10.894749300 UTC - from mc-7->source-1 "993" 19:03:10.882269681
[2023-07-18T19:03:13Z INFO  dt_instance] received at 2023-07-18 19:03:13.581823268 UTC - from mc-7->source-6 "986" 19:03:13.577883456
[2023-07-18T19:03:16Z INFO  dt_instance] received at 2023-07-18 19:03:16.832008367 UTC - from mc-7->source-7 "990" 19:03:16.829201403
[2023-07-18T19:03:23Z INFO  dt_instance] received at 2023-07-18 19:03:23.868362193 UTC - from mc-7->source-9 "999" 19:03:23.867266150
