[2023-07-18T18:48:22Z INFO  dt_instance] Current Twin: mc-twin-13
[2023-07-18T18:48:22Z INFO  dt_instance] Replica Name twin-mc-stateful-13
[2023-07-18T18:48:22Z INFO  dt_instance] Sleeping for 650
[2023-07-18T18:59:12Z INFO  dt_instance] Connecting to broker at emqx.dtwins:1883
[2023-07-18T18:59:12Z INFO  dt_instance] Loggin info each 50 messages
[2023-07-18T18:59:12Z INFO  dt_instance] Set max packet size to 60000 KB.
[2023-07-18T18:59:12Z INFO  dt_instance] Refreshing topics for twin - Listen to mc-13/#
[2023-07-18T18:59:12Z INFO  dt_instance] SubAck { pkid: 1, return_codes: [Success(ExactlyOnce)] }
[2023-07-18T19:00:25Z INFO  dt_instance] received at 2023-07-18 19:00:25.060105300 UTC - from mc-13->source-2 "9" 19:00:25.058473145
[2023-07-18T19:00:28Z INFO  dt_instance] received at 2023-07-18 19:00:28.315437887 UTC - from mc-13->source-1 "18" 19:00:28.314001397
[2023-07-18T19:00:30Z INFO  dt_instance] received at 2023-07-18 19:00:30.821831423 UTC - from mc-13->source-3 "18" 19:00:30.820360380
[2023-07-18T19:00:33Z INFO  dt_instance] received at 2023-07-18 19:00:33.326501170 UTC - from mc-13->source-1 "28" 19:00:33.325188365
[2023-07-18T19:00:35Z INFO  dt_instance] received at 2023-07-18 19:00:35.832334387 UTC - from mc-13->source-3 "28" 19:00:35.831001495
[2023-07-18T19:00:38Z INFO  dt_instance] received at 2023-07-18 19:00:38.338247320 UTC - from mc-13->source-3 "33" 19:00:38.336794292
[2023-07-18T19:00:40Z INFO  dt_instance] received at 2023-07-18 19:00:40.843877450 UTC - from mc-13->source-1 "43" 19:00:40.842146375
[2023-07-18T19:00:43Z INFO  dt_instance] received at 2023-07-18 19:00:43.349149787 UTC - from mc-13->source-5 "38" 19:00:43.341605904
[2023-07-18T19:00:45Z INFO  dt_instance] received at 2023-07-18 19:00:45.870621773 UTC - from mc-13->source-5 "43" 19:00:45.848295444
[2023-07-18T19:00:48Z INFO  dt_instance] received at 2023-07-18 19:00:48.358722664 UTC - from mc-13->source-1 "58" 19:00:48.356874601
[2023-07-18T19:00:50Z INFO  dt_instance] received at 2023-07-18 19:00:50.863456164 UTC - from mc-13->source-1 "63" 19:00:50.862012282
[2023-07-18T19:00:53Z INFO  dt_instance] received at 2023-07-18 19:00:53.372188881 UTC - from mc-13->source-5 "58" 19:00:53.364724811
[2023-07-18T19:00:55Z INFO  dt_instance] received at 2023-07-18 19:00:55.876604307 UTC - from mc-13->source-1 "73" 19:00:55.875331939
[2023-07-18T19:00:58Z INFO  dt_instance] received at 2023-07-18 19:00:58.382051773 UTC - from mc-13->source-3 "73" 19:00:58.379915290
[2023-07-18T19:01:00Z INFO  dt_instance] received at 2023-07-18 19:01:00.889435577 UTC - from mc-13->source-3 "78" 19:01:00.887607333
[2023-07-18T19:01:03Z INFO  dt_instance] received at 2023-07-18 19:01:03.396100461 UTC - from mc-13->source-3 "83" 19:01:03.394652451
[2023-07-18T19:01:05Z INFO  dt_instance] received at 2023-07-18 19:01:05.901179025 UTC - from mc-13->source-3 "88" 19:01:05.900085244
[2023-07-18T19:01:08Z INFO  dt_instance] received at 2023-07-18 19:01:08.407046824 UTC - from mc-13->source-3 "93" 19:01:08.405875031
[2023-07-18T19:01:10Z INFO  dt_instance] received at 2023-07-18 19:01:10.913015 UTC - from mc-13->source-3 "98" 19:01:10.911748166
[2023-07-18T19:01:13Z INFO  dt_instance] received at 2023-07-18 19:01:13.418460282 UTC - from mc-13->source-3 "103" 19:01:13.417403499
[2023-07-18T19:01:15Z INFO  dt_instance] received at 2023-07-18 19:01:15.927070285 UTC - from mc-13->source-5 "103" 19:01:15.925523449
[2023-07-18T19:01:18Z INFO  dt_instance] received at 2023-07-18 19:01:18.434225333 UTC - from mc-13->source-5 "108" 19:01:18.432664258
[2023-07-18T19:01:20Z INFO  dt_instance] received at 2023-07-18 19:01:20.941277022 UTC - from mc-13->source-1 "123" 19:01:20.939889567
[2023-07-18T19:01:23Z INFO  dt_instance] received at 2023-07-18 19:01:23.447662177 UTC - from mc-13->source-5 "118" 19:01:23.443131252
[2023-07-18T19:01:25Z INFO  dt_instance] received at 2023-07-18 19:01:25.951218420 UTC - from mc-13->source-1 "133" 19:01:25.949687483
[2023-07-18T19:01:28Z INFO  dt_instance] received at 2023-07-18 19:01:28.457784503 UTC - from mc-13->source-5 "128" 19:01:28.456006121
[2023-07-18T19:01:30Z INFO  dt_instance] received at 2023-07-18 19:01:30.966125176 UTC - from mc-13->source-5 "133" 19:01:30.964634846
[2023-07-18T19:01:33Z INFO  dt_instance] received at 2023-07-18 19:01:33.472691352 UTC - from mc-13->source-5 "138" 19:01:33.469842055
[2023-07-18T19:01:35Z INFO  dt_instance] received at 2023-07-18 19:01:35.982712006 UTC - from mc-13->source-5 "143" 19:01:35.976604674
[2023-07-18T19:01:38Z INFO  dt_instance] received at 2023-07-18 19:01:38.488762426 UTC - from mc-13->source-5 "148" 19:01:38.486468786
[2023-07-18T19:01:40Z INFO  dt_instance] received at 2023-07-18 19:01:40.994635458 UTC - from mc-13->source-5 "153" 19:01:40.992650295
[2023-07-18T19:01:43Z INFO  dt_instance] received at 2023-07-18 19:01:43.500272099 UTC - from mc-13->source-5 "158" 19:01:43.497807276
[2023-07-18T19:01:46Z INFO  dt_instance] received at 2023-07-18 19:01:46.022027416 UTC - from mc-13->source-5 "163" 19:01:46.004187873
[2023-07-18T19:01:48Z INFO  dt_instance] received at 2023-07-18 19:01:48.511194066 UTC - from mc-13->source-5 "168" 19:01:48.509200029
[2023-07-18T19:01:51Z INFO  dt_instance] received at 2023-07-18 19:01:51.018125301 UTC - from mc-13->source-1 "183" 19:01:51.014521108
[2023-07-18T19:01:53Z INFO  dt_instance] received at 2023-07-18 19:01:53.521348603 UTC - from mc-13->source-1 "188" 19:01:53.520068413
[2023-07-18T19:01:56Z INFO  dt_instance] received at 2023-07-18 19:01:56.035400544 UTC - from mc-13->source-5 "183" 19:01:56.033148100
[2023-07-18T19:01:58Z INFO  dt_instance] received at 2023-07-18 19:01:58.540150467 UTC - from mc-13->source-5 "188" 19:01:58.537847312
[2023-07-18T19:02:01Z INFO  dt_instance] received at 2023-07-18 19:02:01.046356835 UTC - from mc-13->source-5 "193" 19:02:01.043942233
[2023-07-18T19:02:03Z INFO  dt_instance] received at 2023-07-18 19:02:03.559153811 UTC - from mc-13->source-5 "198" 19:02:03.551467865
[2023-07-18T19:02:06Z INFO  dt_instance] received at 2023-07-18 19:02:06.109439304 UTC - from mc-13->source-5 "203" 19:02:06.056140846
[2023-07-18T19:02:08Z INFO  dt_instance] received at 2023-07-18 19:02:08.562730450 UTC - from mc-13->source-5 "208" 19:02:08.560903383
[2023-07-18T19:02:11Z INFO  dt_instance] received at 2023-07-18 19:02:11.070866951 UTC - from mc-13->source-5 "213" 19:02:11.067999805
[2023-07-18T19:02:13Z INFO  dt_instance] received at 2023-07-18 19:02:13.579250664 UTC - from mc-13->source-5 "218" 19:02:13.574334697
[2023-07-18T19:02:16Z INFO  dt_instance] received at 2023-07-18 19:02:16.086596003 UTC - from mc-13->source-5 "223" 19:02:16.079701179
[2023-07-18T19:02:18Z INFO  dt_instance] received at 2023-07-18 19:02:18.592311583 UTC - from mc-13->source-5 "228" 19:02:18.585238306
[2023-07-18T19:02:21Z INFO  dt_instance] received at 2023-07-18 19:02:21.099068872 UTC - from mc-13->source-1 "243" 19:02:21.090763450
[2023-07-18T19:02:23Z INFO  dt_instance] received at 2023-07-18 19:02:23.598153723 UTC - from mc-13->source-5 "238" 19:02:23.595987176
[2023-07-18T19:02:26Z INFO  dt_instance] received at 2023-07-18 19:02:26.106970684 UTC - from mc-13->source-5 "243" 19:02:26.103575258
[2023-07-18T19:02:28Z INFO  dt_instance] received at 2023-07-18 19:02:28.613852342 UTC - from mc-13->source-5 "248" 19:02:28.609282800
[2023-07-18T19:02:31Z INFO  dt_instance] received at 2023-07-18 19:02:31.117321135 UTC - from mc-13->source-1 "263" 19:02:31.115792784
[2023-07-18T19:02:33Z INFO  dt_instance] received at 2023-07-18 19:02:33.623457293 UTC - from mc-13->source-1 "268" 19:02:33.622343628
[2023-07-18T19:02:36Z INFO  dt_instance] received at 2023-07-18 19:02:36.143286156 UTC - from mc-13->source-5 "263" 19:02:36.137764295
[2023-07-18T19:02:38Z INFO  dt_instance] received at 2023-07-18 19:02:38.653403741 UTC - from mc-13->source-3 "273" 19:02:38.652033091
[2023-07-18T19:02:41Z INFO  dt_instance] received at 2023-07-18 19:02:41.159196101 UTC - from mc-13->source-5 "273" 19:02:41.152410083
[2023-07-18T19:02:43Z INFO  dt_instance] received at 2023-07-18 19:02:43.662964087 UTC - from mc-13->source-3 "283" 19:02:43.661951466
[2023-07-18T19:02:46Z INFO  dt_instance] received at 2023-07-18 19:02:46.175575347 UTC - from mc-13->source-5 "283" 19:02:46.165639271
[2023-07-18T19:02:48Z INFO  dt_instance] received at 2023-07-18 19:02:48.684532960 UTC - from mc-13->source-5 "288" 19:02:48.671606336
[2023-07-18T19:02:51Z INFO  dt_instance] received at 2023-07-18 19:02:51.183293324 UTC - from mc-13->source-5 "293" 19:02:51.176944003
[2023-07-18T19:02:53Z INFO  dt_instance] received at 2023-07-18 19:02:53.690203230 UTC - from mc-13->source-3 "303" 19:02:53.687816803
[2023-07-18T19:02:56Z INFO  dt_instance] received at 2023-07-18 19:02:56.195215476 UTC - from mc-13->source-3 "308" 19:02:56.193818124
[2023-07-18T19:02:58Z INFO  dt_instance] received at 2023-07-18 19:02:58.712167878 UTC - from mc-13->source-5 "308" 19:02:58.696615405
[2023-07-18T19:03:01Z INFO  dt_instance] received at 2023-07-18 19:03:01.207728793 UTC - from mc-13->source-5 "313" 19:03:01.203691052
[2023-07-18T19:03:03Z INFO  dt_instance] received at 2023-07-18 19:03:03.711382991 UTC - from mc-13->source-5 "318" 19:03:03.709577207
[2023-07-18T19:03:06Z INFO  dt_instance] received at 2023-07-18 19:03:06.219046231 UTC - from mc-13->source-5 "323" 19:03:06.215904949
[2023-07-18T19:03:08Z INFO  dt_instance] received at 2023-07-18 19:03:08.744042662 UTC - from mc-13->source-5 "328" 19:03:08.721597773
[2023-07-18T19:03:11Z INFO  dt_instance] received at 2023-07-18 19:03:11.254995448 UTC - from mc-13->source-5 "333" 19:03:11.227295339
[2023-07-18T19:03:13Z INFO  dt_instance] received at 2023-07-18 19:03:13.735920476 UTC - from mc-13->source-5 "338" 19:03:13.733536780
[2023-07-18T19:03:16Z INFO  dt_instance] received at 2023-07-18 19:03:16.244235651 UTC - from mc-13->source-5 "343" 19:03:16.242232914
[2023-07-18T19:03:18Z INFO  dt_instance] received at 2023-07-18 19:03:18.752052815 UTC - from mc-13->source-5 "348" 19:03:18.749183160
[2023-07-18T19:03:21Z INFO  dt_instance] received at 2023-07-18 19:03:21.262593174 UTC - from mc-13->source-5 "353" 19:03:21.253822641
[2023-07-18T19:03:23Z INFO  dt_instance] received at 2023-07-18 19:03:23.770465717 UTC - from mc-13->source-5 "358" 19:03:23.769161387
[2023-07-18T19:03:26Z INFO  dt_instance] received at 2023-07-18 19:03:26.274957347 UTC - from mc-13->source-5 "363" 19:03:26.273659839
[2023-07-18T19:03:28Z INFO  dt_instance] received at 2023-07-18 19:03:28.783963770 UTC - from mc-13->source-5 "368" 19:03:28.778654190
[2023-07-18T19:03:31Z INFO  dt_instance] received at 2023-07-18 19:03:31.286523375 UTC - from mc-13->source-5 "373" 19:03:31.284850939
[2023-07-18T19:03:33Z INFO  dt_instance] received at 2023-07-18 19:03:33.792995259 UTC - from mc-13->source-5 "378" 19:03:33.790704476
[2023-07-18T19:03:36Z INFO  dt_instance] received at 2023-07-18 19:03:36.298770450 UTC - from mc-13->source-5 "383" 19:03:36.297613046
[2023-07-18T19:03:38Z INFO  dt_instance] received at 2023-07-18 19:03:38.867033231 UTC - from mc-13->source-5 "388" 19:03:38.804276787
[2023-07-18T19:03:41Z INFO  dt_instance] received at 2023-07-18 19:03:41.313346665 UTC - from mc-13->source-5 "393" 19:03:41.311210314
[2023-07-18T19:03:43Z INFO  dt_instance] received at 2023-07-18 19:03:43.818399657 UTC - from mc-13->source-5 "398" 19:03:43.816807148
[2023-07-18T19:03:46Z INFO  dt_instance] received at 2023-07-18 19:03:46.330654554 UTC - from mc-13->source-5 "403" 19:03:46.324600511
[2023-07-18T19:03:48Z INFO  dt_instance] received at 2023-07-18 19:03:48.837115500 UTC - from mc-13->source-5 "408" 19:03:48.831094443
[2023-07-18T19:03:51Z INFO  dt_instance] received at 2023-07-18 19:03:51.339349125 UTC - from mc-13->source-5 "413" 19:03:51.336203027
[2023-07-18T19:03:53Z INFO  dt_instance] received at 2023-07-18 19:03:53.845930924 UTC - from mc-13->source-3 "423" 19:03:53.842704190
[2023-07-18T19:03:56Z INFO  dt_instance] received at 2023-07-18 19:03:56.349870851 UTC - from mc-13->source-5 "423" 19:03:56.348373945
[2023-07-18T19:03:58Z INFO  dt_instance] received at 2023-07-18 19:03:58.856929981 UTC - from mc-13->source-5 "428" 19:03:58.853256951
[2023-07-18T19:04:01Z INFO  dt_instance] received at 2023-07-18 19:04:01.362326976 UTC - from mc-13->source-3 "438" 19:04:01.360987397
[2023-07-18T19:04:03Z INFO  dt_instance] received at 2023-07-18 19:04:03.869557200 UTC - from mc-13->source-3 "443" 19:04:03.867653381
[2023-07-18T19:04:06Z INFO  dt_instance] received at 2023-07-18 19:04:06.375319273 UTC - from mc-13->source-5 "443" 19:04:06.370867152
[2023-07-18T19:04:08Z INFO  dt_instance] received at 2023-07-18 19:04:08.879651652 UTC - from mc-13->source-3 "453" 19:04:08.877976109
[2023-07-18T19:04:11Z INFO  dt_instance] received at 2023-07-18 19:04:11.388145570 UTC - from mc-13->source-5 "453" 19:04:11.382056463
[2023-07-18T19:04:13Z INFO  dt_instance] received at 2023-07-18 19:04:13.890972312 UTC - from mc-13->source-5 "458" 19:04:13.888188083
[2023-07-18T19:04:16Z INFO  dt_instance] received at 2023-07-18 19:04:16.407711797 UTC - from mc-13->source-5 "463" 19:04:16.394511214
[2023-07-18T19:04:18Z INFO  dt_instance] received at 2023-07-18 19:04:18.904534302 UTC - from mc-13->source-5 "468" 19:04:18.902195136
[2023-07-18T19:04:21Z INFO  dt_instance] received at 2023-07-18 19:04:21.413628824 UTC - from mc-13->source-5 "473" 19:04:21.408809500
[2023-07-18T19:04:23Z INFO  dt_instance] received at 2023-07-18 19:04:23.916505643 UTC - from mc-13->source-5 "478" 19:04:23.914762184
[2023-07-18T19:04:26Z INFO  dt_instance] received at 2023-07-18 19:04:26.422442481 UTC - from mc-13->source-3 "488" 19:04:26.421261931
[2023-07-18T19:04:28Z INFO  dt_instance] received at 2023-07-18 19:04:28.928719076 UTC - from mc-13->source-3 "493" 19:04:28.927220937
[2023-07-18T19:04:31Z INFO  dt_instance] received at 2023-07-18 19:04:31.434522782 UTC - from mc-13->source-3 "498" 19:04:31.432805505
[2023-07-18T19:04:33Z INFO  dt_instance] received at 2023-07-18 19:04:33.939373360 UTC - from mc-13->source-3 "503" 19:04:33.938228827
[2023-07-18T19:04:36Z INFO  dt_instance] received at 2023-07-18 19:04:36.455283983 UTC - from mc-13->source-3 "508" 19:04:36.446218060
[2023-07-18T19:04:38Z INFO  dt_instance] received at 2023-07-18 19:04:38.954072201 UTC - from mc-13->source-3 "513" 19:04:38.952375073
[2023-07-18T19:04:41Z INFO  dt_instance] received at 2023-07-18 19:04:41.463845607 UTC - from mc-13->source-5 "513" 19:04:41.454642279
[2023-07-18T19:04:43Z INFO  dt_instance] received at 2023-07-18 19:04:43.970634671 UTC - from mc-13->source-5 "518" 19:04:43.960321414
[2023-07-18T19:04:46Z INFO  dt_instance] received at 2023-07-18 19:04:46.469250935 UTC - from mc-13->source-3 "528" 19:04:46.467866215
[2023-07-18T19:04:48Z INFO  dt_instance] received at 2023-07-18 19:04:48.986108773 UTC - from mc-13->source-5 "528" 19:04:48.976161484
[2023-07-18T19:04:51Z INFO  dt_instance] received at 2023-07-18 19:04:51.485011492 UTC - from mc-13->source-5 "533" 19:04:51.483268147
[2023-07-18T19:04:54Z INFO  dt_instance] received at 2023-07-18 19:04:54.006018247 UTC - from mc-13->source-3 "543" 19:04:54.004324386
[2023-07-18T19:04:56Z INFO  dt_instance] received at 2023-07-18 19:04:56.510890083 UTC - from mc-13->source-3 "548" 19:04:56.509297434
[2023-07-18T19:04:59Z INFO  dt_instance] received at 2023-07-18 19:04:59.015882056 UTC - from mc-13->source-3 "553" 19:04:59.013966102
[2023-07-18T19:05:01Z INFO  dt_instance] received at 2023-07-18 19:05:01.520841545 UTC - from mc-13->source-3 "558" 19:05:01.519195385
[2023-07-18T19:05:04Z INFO  dt_instance] received at 2023-07-18 19:05:04.042479093 UTC - from mc-13->source-5 "558" 19:05:04.027268291
[2023-07-18T19:05:06Z INFO  dt_instance] received at 2023-07-18 19:05:06.536423112 UTC - from mc-13->source-5 "563" 19:05:06.534852658
[2023-07-18T19:05:09Z INFO  dt_instance] received at 2023-07-18 19:05:09.044915931 UTC - from mc-13->source-5 "568" 19:05:09.041117138
[2023-07-18T19:05:11Z INFO  dt_instance] received at 2023-07-18 19:05:11.548168423 UTC - from mc-13->source-5 "573" 19:05:11.545856994
[2023-07-18T19:05:14Z INFO  dt_instance] received at 2023-07-18 19:05:14.056968044 UTC - from mc-13->source-5 "578" 19:05:14.052807711
[2023-07-18T19:05:16Z INFO  dt_instance] received at 2023-07-18 19:05:16.560593902 UTC - from mc-13->source-5 "583" 19:05:16.558962090
[2023-07-18T19:05:19Z INFO  dt_instance] received at 2023-07-18 19:05:19.065201187 UTC - from mc-13->source-5 "588" 19:05:19.063631752
[2023-07-18T19:05:21Z INFO  dt_instance] received at 2023-07-18 19:05:21.577933217 UTC - from mc-13->source-5 "593" 19:05:21.572334789
[2023-07-18T19:05:24Z INFO  dt_instance] received at 2023-07-18 19:05:24.078095759 UTC - from mc-13->source-5 "598" 19:05:24.076593751
[2023-07-18T19:05:26Z INFO  dt_instance] received at 2023-07-18 19:05:26.596538075 UTC - from mc-13->source-5 "603" 19:05:26.583775003
[2023-07-18T19:05:29Z INFO  dt_instance] received at 2023-07-18 19:05:29.090230766 UTC - from mc-13->source-5 "608" 19:05:29.088914520
[2023-07-18T19:05:31Z INFO  dt_instance] received at 2023-07-18 19:05:31.597583836 UTC - from mc-13->source-5 "613" 19:05:31.595270323
[2023-07-18T19:05:34Z INFO  dt_instance] received at 2023-07-18 19:05:34.103383985 UTC - from mc-13->source-5 "618" 19:05:34.102113679
[2023-07-18T19:05:36Z INFO  dt_instance] received at 2023-07-18 19:05:36.608713602 UTC - from mc-13->source-5 "623" 19:05:36.607001640
[2023-07-18T19:05:39Z INFO  dt_instance] received at 2023-07-18 19:05:39.114719177 UTC - from mc-13->source-5 "628" 19:05:39.112818079
[2023-07-18T19:05:41Z INFO  dt_instance] received at 2023-07-18 19:05:41.620062806 UTC - from mc-13->source-5 "633" 19:05:41.617824235
[2023-07-18T19:05:44Z INFO  dt_instance] received at 2023-07-18 19:05:44.132897325 UTC - from mc-13->source-5 "638" 19:05:44.123584072
[2023-07-18T19:05:46Z INFO  dt_instance] received at 2023-07-18 19:05:46.636807756 UTC - from mc-13->source-5 "643" 19:05:46.630156643
[2023-07-18T19:05:49Z INFO  dt_instance] received at 2023-07-18 19:05:49.153209747 UTC - from mc-13->source-5 "648" 19:05:49.134726121
[2023-07-18T19:05:51Z INFO  dt_instance] received at 2023-07-18 19:05:51.646238480 UTC - from mc-13->source-5 "653" 19:05:51.642659857
[2023-07-18T19:05:54Z INFO  dt_instance] received at 2023-07-18 19:05:54.150453882 UTC - from mc-13->source-3 "663" 19:05:54.149143448
[2023-07-18T19:05:56Z INFO  dt_instance] received at 2023-07-18 19:05:56.672704035 UTC - from mc-13->source-5 "663" 19:05:56.652945627
[2023-07-18T19:05:59Z INFO  dt_instance] received at 2023-07-18 19:05:59.161932709 UTC - from mc-13->source-5 "668" 19:05:59.158440475
[2023-07-18T19:06:01Z INFO  dt_instance] received at 2023-07-18 19:06:01.668269325 UTC - from mc-13->source-3 "678" 19:06:01.666710075
[2023-07-18T19:06:04Z INFO  dt_instance] received at 2023-07-18 19:06:04.173600537 UTC - from mc-13->source-3 "683" 19:06:04.171954380
[2023-07-18T19:06:06Z INFO  dt_instance] received at 2023-07-18 19:06:06.678777674 UTC - from mc-13->source-3 "688" 19:06:06.677563757
[2023-07-18T19:06:09Z INFO  dt_instance] received at 2023-07-18 19:06:09.184962066 UTC - from mc-13->source-3 "693" 19:06:09.183818825
[2023-07-18T19:06:11Z INFO  dt_instance] received at 2023-07-18 19:06:11.696579739 UTC - from mc-13->source-3 "698" 19:06:11.689942154
[2023-07-18T19:06:14Z INFO  dt_instance] received at 2023-07-18 19:06:14.198329174 UTC - from mc-13->source-3 "703" 19:06:14.196773730
[2023-07-18T19:06:16Z INFO  dt_instance] received at 2023-07-18 19:06:16.704364869 UTC - from mc-13->source-3 "708" 19:06:16.702863433
[2023-07-18T19:06:19Z INFO  dt_instance] received at 2023-07-18 19:06:19.209717131 UTC - from mc-13->source-3 "713" 19:06:19.208380098
[2023-07-18T19:06:21Z INFO  dt_instance] received at 2023-07-18 19:06:21.714566635 UTC - from mc-13->source-3 "718" 19:06:21.712699077
[2023-07-18T19:06:24Z INFO  dt_instance] received at 2023-07-18 19:06:24.221696150 UTC - from mc-13->source-5 "718" 19:06:24.219608132
[2023-07-18T19:06:26Z INFO  dt_instance] received at 2023-07-18 19:06:26.728142637 UTC - from mc-13->source-5 "723" 19:06:26.726623194
[2023-07-18T19:06:29Z INFO  dt_instance] received at 2023-07-18 19:06:29.238655521 UTC - from mc-13->source-3 "733" 19:06:29.233086317
[2023-07-18T19:06:31Z INFO  dt_instance] received at 2023-07-18 19:06:31.745407945 UTC - from mc-13->source-3 "738" 19:06:31.743854706
[2023-07-18T19:06:34Z INFO  dt_instance] received at 2023-07-18 19:06:34.250934480 UTC - from mc-13->source-5 "738" 19:06:34.249514276
[2023-07-18T19:06:36Z INFO  dt_instance] received at 2023-07-18 19:06:36.761140228 UTC - from mc-13->source-5 "743" 19:06:36.757549420
[2023-07-18T19:06:39Z INFO  dt_instance] received at 2023-07-18 19:06:39.264401667 UTC - from mc-13->source-5 "748" 19:06:39.263012930
[2023-07-18T19:06:41Z INFO  dt_instance] received at 2023-07-18 19:06:41.770166577 UTC - from mc-13->source-5 "753" 19:06:41.768620501
[2023-07-18T19:06:44Z INFO  dt_instance] received at 2023-07-18 19:06:44.275479857 UTC - from mc-13->source-5 "758" 19:06:44.273803631
[2023-07-18T19:06:46Z INFO  dt_instance] received at 2023-07-18 19:06:46.785861324 UTC - from mc-13->source-5 "763" 19:06:46.780972788
[2023-07-18T19:06:49Z INFO  dt_instance] received at 2023-07-18 19:06:49.290301829 UTC - from mc-13->source-5 "768" 19:06:49.286632037
[2023-07-18T19:06:51Z INFO  dt_instance] received at 2023-07-18 19:06:51.793080224 UTC - from mc-13->source-5 "773" 19:06:51.791924083
[2023-07-18T19:06:54Z INFO  dt_instance] received at 2023-07-18 19:06:54.300755406 UTC - from mc-13->source-5 "778" 19:06:54.298381096
[2023-07-18T19:06:56Z INFO  dt_instance] received at 2023-07-18 19:06:56.815559483 UTC - from mc-13->source-5 "783" 19:06:56.814126900
[2023-07-18T19:06:59Z INFO  dt_instance] received at 2023-07-18 19:06:59.320301053 UTC - from mc-13->source-5 "788" 19:06:59.319218013
[2023-07-18T19:07:01Z INFO  dt_instance] received at 2023-07-18 19:07:01.827720914 UTC - from mc-13->source-5 "793" 19:07:01.825599840
[2023-07-18T19:07:04Z INFO  dt_instance] received at 2023-07-18 19:07:04.332136451 UTC - from mc-13->source-5 "798" 19:07:04.330980752
[2023-07-18T19:07:06Z INFO  dt_instance] received at 2023-07-18 19:07:06.836974311 UTC - from mc-13->source-5 "803" 19:07:06.835679386
[2023-07-18T19:07:09Z INFO  dt_instance] received at 2023-07-18 19:07:09.342661919 UTC - from mc-13->source-5 "808" 19:07:09.340727185
[2023-07-18T19:07:11Z INFO  dt_instance] received at 2023-07-18 19:07:11.848406858 UTC - from mc-13->source-5 "813" 19:07:11.845628927
[2023-07-18T19:07:14Z INFO  dt_instance] received at 2023-07-18 19:07:14.352730450 UTC - from mc-13->source-5 "818" 19:07:14.351307383
[2023-07-18T19:07:16Z INFO  dt_instance] received at 2023-07-18 19:07:16.857132412 UTC - from mc-13->source-5 "823" 19:07:16.855803872
[2023-07-18T19:07:19Z INFO  dt_instance] received at 2023-07-18 19:07:19.364717530 UTC - from mc-13->source-5 "828" 19:07:19.362504258
[2023-07-18T19:07:21Z INFO  dt_instance] received at 2023-07-18 19:07:21.870879758 UTC - from mc-13->source-5 "833" 19:07:21.869153923
[2023-07-18T19:07:24Z INFO  dt_instance] received at 2023-07-18 19:07:24.376929968 UTC - from mc-13->source-5 "838" 19:07:24.375328081
[2023-07-18T19:07:26Z INFO  dt_instance] received at 2023-07-18 19:07:26.885006488 UTC - from mc-13->source-5 "843" 19:07:26.880450841
[2023-07-18T19:07:29Z INFO  dt_instance] received at 2023-07-18 19:07:29.389624615 UTC - from mc-13->source-5 "848" 19:07:29.386620100
[2023-07-18T19:07:31Z INFO  dt_instance] received at 2023-07-18 19:07:31.894355939 UTC - from mc-13->source-5 "853" 19:07:31.893069363
[2023-07-18T19:07:34Z INFO  dt_instance] received at 2023-07-18 19:07:34.399462091 UTC - from mc-13->source-5 "858" 19:07:34.397852495
[2023-07-18T19:07:36Z INFO  dt_instance] received at 2023-07-18 19:07:36.904962529 UTC - from mc-13->source-5 "863" 19:07:36.903768351
[2023-07-18T19:07:39Z INFO  dt_instance] received at 2023-07-18 19:07:39.417300789 UTC - from mc-13->source-5 "868" 19:07:39.409205318
[2023-07-18T19:07:41Z INFO  dt_instance] received at 2023-07-18 19:07:41.915833399 UTC - from mc-13->source-5 "873" 19:07:41.914629407
[2023-07-18T19:07:44Z INFO  dt_instance] received at 2023-07-18 19:07:44.434027328 UTC - from mc-13->source-5 "878" 19:07:44.427269120
[2023-07-18T19:07:46Z INFO  dt_instance] received at 2023-07-18 19:07:46.936262947 UTC - from mc-13->source-3 "888" 19:07:46.932820562
[2023-07-18T19:07:49Z INFO  dt_instance] received at 2023-07-18 19:07:49.441999325 UTC - from mc-13->source-3 "893" 19:07:49.440460059
[2023-07-18T19:07:51Z INFO  dt_instance] received at 2023-07-18 19:07:51.948916561 UTC - from mc-13->source-3 "898" 19:07:51.947608547
[2023-07-18T19:07:54Z INFO  dt_instance] received at 2023-07-18 19:07:54.465254813 UTC - from mc-13->source-5 "898" 19:07:54.453855104
[2023-07-18T19:07:56Z INFO  dt_instance] received at 2023-07-18 19:07:56.961400205 UTC - from mc-13->source-3 "908" 19:07:56.959645525
[2023-07-18T19:07:59Z INFO  dt_instance] received at 2023-07-18 19:07:59.468939453 UTC - from mc-13->source-5 "908" 19:07:59.467281280
[2023-07-18T19:08:01Z INFO  dt_instance] received at 2023-07-18 19:08:01.974203731 UTC - from mc-13->source-5 "913" 19:08:01.972222266
[2023-07-18T19:08:04Z INFO  dt_instance] received at 2023-07-18 19:08:04.480584494 UTC - from mc-13->source-5 "918" 19:08:04.479505353
[2023-07-18T19:08:06Z INFO  dt_instance] received at 2023-07-18 19:08:06.991558599 UTC - from mc-13->source-5 "923" 19:08:06.989948495
[2023-07-18T19:08:09Z INFO  dt_instance] received at 2023-07-18 19:08:09.499003973 UTC - from mc-13->source-5 "928" 19:08:09.497378445
[2023-07-18T19:08:12Z INFO  dt_instance] received at 2023-07-18 19:08:12.003730276 UTC - from mc-13->source-5 "933" 19:08:12.001828622
[2023-07-18T19:08:14Z INFO  dt_instance] received at 2023-07-18 19:08:14.509352216 UTC - from mc-13->source-5 "938" 19:08:14.508183884
[2023-07-18T19:08:17Z INFO  dt_instance] received at 2023-07-18 19:08:17.017103599 UTC - from mc-13->source-5 "943" 19:08:17.015810002
[2023-07-18T19:08:19Z INFO  dt_instance] received at 2023-07-18 19:08:19.526463906 UTC - from mc-13->source-5 "948" 19:08:19.521196965
[2023-07-18T19:08:22Z INFO  dt_instance] received at 2023-07-18 19:08:22.027753397 UTC - from mc-13->source-5 "953" 19:08:22.026031056
[2023-07-18T19:08:24Z INFO  dt_instance] received at 2023-07-18 19:08:24.533505495 UTC - from mc-13->source-5 "958" 19:08:24.531911418
[2023-07-18T19:08:27Z INFO  dt_instance] received at 2023-07-18 19:08:27.039667843 UTC - from mc-13->source-5 "963" 19:08:27.038420373
[2023-07-18T19:08:29Z INFO  dt_instance] received at 2023-07-18 19:08:29.546590309 UTC - from mc-13->source-3 "973" 19:08:29.544911837
[2023-07-18T19:08:32Z INFO  dt_instance] received at 2023-07-18 19:08:32.053297857 UTC - from mc-13->source-3 "978" 19:08:32.051103062
[2023-07-18T19:08:34Z INFO  dt_instance] received at 2023-07-18 19:08:34.559936096 UTC - from mc-13->source-5 "978" 19:08:34.558438625
[2023-07-18T19:08:37Z INFO  dt_instance] received at 2023-07-18 19:08:37.066669723 UTC - from mc-13->source-3 "988" 19:08:37.065467088
[2023-07-18T19:08:39Z INFO  dt_instance] received at 2023-07-18 19:08:39.720169599 UTC - from mc-13->source-8 "981" 19:08:39.718398217
[2023-07-18T19:08:42Z INFO  dt_instance] received at 2023-07-18 19:08:42.994651052 UTC - from mc-13->source-9 "985" 19:08:42.992724933
[2023-07-18T19:08:50Z INFO  dt_instance] received at 2023-07-18 19:08:50.012028372 UTC - from mc-13->source-9 "999" 19:08:50.010497298
