[2023-07-18T18:47:54Z INFO  dt_instance] Current Twin: mc-twin-6
[2023-07-18T18:47:54Z INFO  dt_instance] Replica Name twin-mc-stateful-6
[2023-07-18T18:47:54Z INFO  dt_instance] Sleeping for 300
[2023-07-18T18:52:54Z INFO  dt_instance] Connecting to broker at emqx.dtwins:1883
[2023-07-18T18:52:54Z INFO  dt_instance] Loggin info each 50 messages
[2023-07-18T18:52:54Z INFO  dt_instance] Set max packet size to 60000 KB.
[2023-07-18T18:52:54Z INFO  dt_instance] Refreshing topics for twin - Listen to mc-6/#
[2023-07-18T18:52:54Z INFO  dt_instance] SubAck { pkid: 1, return_codes: [Success(ExactlyOnce)] }
[2023-07-18T18:54:05Z INFO  dt_instance] received at 2023-07-18 18:54:05.299877605 UTC - from mc-6->source-2 "9" 18:54:05.298657741
[2023-07-18T18:54:08Z INFO  dt_instance] received at 2023-07-18 18:54:08.556257305 UTC - from mc-6->source-5 "8" 18:54:08.552011488
[2023-07-18T18:54:11Z INFO  dt_instance] received at 2023-07-18 18:54:11.068913993 UTC - from mc-6->source-1 "23" 18:54:11.064805662
[2023-07-18T18:54:13Z INFO  dt_instance] received at 2023-07-18 18:54:13.577180250 UTC - from mc-6->source-1 "28" 18:54:13.574708018
[2023-07-18T18:54:16Z INFO  dt_instance] received at 2023-07-18 18:54:16.084627077 UTC - from mc-6->source-1 "33" 18:54:16.080644738
[2023-07-18T18:54:18Z INFO  dt_instance] received at 2023-07-18 18:54:18.588541372 UTC - from mc-6->source-1 "38" 18:54:18.586808345
[2023-07-18T18:54:21Z INFO  dt_instance] received at 2023-07-18 18:54:21.095218466 UTC - from mc-6->source-1 "43" 18:54:21.092324395
[2023-07-18T18:54:23Z INFO  dt_instance] received at 2023-07-18 18:54:23.598911765 UTC - from mc-6->source-1 "48" 18:54:23.597627731
[2023-07-18T18:54:26Z INFO  dt_instance] received at 2023-07-18 18:54:26.104213483 UTC - from mc-6->source-1 "53" 18:54:26.102858695
[2023-07-18T18:54:28Z INFO  dt_instance] received at 2023-07-18 18:54:28.612344663 UTC - from mc-6->source-1 "58" 18:54:28.609595410
[2023-07-18T18:54:31Z INFO  dt_instance] received at 2023-07-18 18:54:31.116496806 UTC - from mc-6->source-1 "63" 18:54:31.115212883
[2023-07-18T18:54:33Z INFO  dt_instance] received at 2023-07-18 18:54:33.622005675 UTC - from mc-6->source-1 "68" 18:54:33.620217849
[2023-07-18T18:54:36Z INFO  dt_instance] received at 2023-07-18 18:54:36.128400229 UTC - from mc-6->source-1 "73" 18:54:36.125843570
[2023-07-18T18:54:38Z INFO  dt_instance] received at 2023-07-18 18:54:38.636134662 UTC - from mc-6->source-1 "78" 18:54:38.634658612
[2023-07-18T18:54:41Z INFO  dt_instance] received at 2023-07-18 18:54:41.141206292 UTC - from mc-6->source-1 "83" 18:54:41.139822843
[2023-07-18T18:54:43Z INFO  dt_instance] received at 2023-07-18 18:54:43.648295525 UTC - from mc-6->source-1 "88" 18:54:43.646760076
[2023-07-18T18:54:46Z INFO  dt_instance] received at 2023-07-18 18:54:46.154943849 UTC - from mc-6->source-1 "93" 18:54:46.153416202
[2023-07-18T18:54:48Z INFO  dt_instance] received at 2023-07-18 18:54:48.659581805 UTC - from mc-6->source-1 "98" 18:54:48.658249979
[2023-07-18T18:54:51Z INFO  dt_instance] received at 2023-07-18 18:54:51.164633930 UTC - from mc-6->source-1 "103" 18:54:51.163024470
[2023-07-18T18:54:53Z INFO  dt_instance] received at 2023-07-18 18:54:53.670703238 UTC - from mc-6->source-1 "108" 18:54:53.669115449
[2023-07-18T18:54:56Z INFO  dt_instance] received at 2023-07-18 18:54:56.176799381 UTC - from mc-6->source-1 "113" 18:54:56.175729805
[2023-07-18T18:54:58Z INFO  dt_instance] received at 2023-07-18 18:54:58.684598439 UTC - from mc-6->source-1 "118" 18:54:58.682456951
[2023-07-18T18:55:01Z INFO  dt_instance] received at 2023-07-18 18:55:01.188697389 UTC - from mc-6->source-1 "123" 18:55:01.187161805
[2023-07-18T18:55:03Z INFO  dt_instance] received at 2023-07-18 18:55:03.695244071 UTC - from mc-6->source-1 "128" 18:55:03.693488899
[2023-07-18T18:55:06Z INFO  dt_instance] received at 2023-07-18 18:55:06.200867910 UTC - from mc-6->source-1 "133" 18:55:06.198692158
[2023-07-18T18:55:08Z INFO  dt_instance] received at 2023-07-18 18:55:08.717351592 UTC - from mc-6->source-1 "138" 18:55:08.705123591
[2023-07-18T18:55:11Z INFO  dt_instance] received at 2023-07-18 18:55:11.212952033 UTC - from mc-6->source-1 "143" 18:55:11.211239190
[2023-07-18T18:55:13Z INFO  dt_instance] received at 2023-07-18 18:55:13.718884863 UTC - from mc-6->source-1 "148" 18:55:13.716767999
[2023-07-18T18:55:16Z INFO  dt_instance] received at 2023-07-18 18:55:16.226946387 UTC - from mc-6->source-1 "153" 18:55:16.225053746
[2023-07-18T18:55:18Z INFO  dt_instance] received at 2023-07-18 18:55:18.733687058 UTC - from mc-6->source-1 "158" 18:55:18.731527106
[2023-07-18T18:55:21Z INFO  dt_instance] received at 2023-07-18 18:55:21.247829304 UTC - from mc-6->source-1 "163" 18:55:21.243942149
[2023-07-18T18:55:23Z INFO  dt_instance] received at 2023-07-18 18:55:23.796183919 UTC - from mc-6->source-1 "168" 18:55:23.751184768
[2023-07-18T18:55:26Z INFO  dt_instance] received at 2023-07-18 18:55:26.259827900 UTC - from mc-6->source-1 "173" 18:55:26.257529902
[2023-07-18T18:55:28Z INFO  dt_instance] received at 2023-07-18 18:55:28.764289968 UTC - from mc-6->source-1 "178" 18:55:28.761873381
[2023-07-18T18:55:31Z INFO  dt_instance] received at 2023-07-18 18:55:31.268821350 UTC - from mc-6->source-1 "183" 18:55:31.266865438
[2023-07-18T18:55:33Z INFO  dt_instance] received at 2023-07-18 18:55:33.774132505 UTC - from mc-6->source-1 "188" 18:55:33.772242958
[2023-07-18T18:55:36Z INFO  dt_instance] received at 2023-07-18 18:55:36.279646857 UTC - from mc-6->source-1 "193" 18:55:36.277190536
[2023-07-18T18:55:38Z INFO  dt_instance] received at 2023-07-18 18:55:38.787086483 UTC - from mc-6->source-1 "198" 18:55:38.782204424
[2023-07-18T18:55:41Z INFO  dt_instance] received at 2023-07-18 18:55:41.303466885 UTC - from mc-6->source-1 "203" 18:55:41.300597937
[2023-07-18T18:55:43Z INFO  dt_instance] received at 2023-07-18 18:55:43.807843415 UTC - from mc-6->source-1 "208" 18:55:43.805114556
[2023-07-18T18:55:46Z INFO  dt_instance] received at 2023-07-18 18:55:46.316453101 UTC - from mc-6->source-1 "213" 18:55:46.312085027
[2023-07-18T18:55:48Z INFO  dt_instance] received at 2023-07-18 18:55:48.820012152 UTC - from mc-6->source-1 "218" 18:55:48.817401027
[2023-07-18T18:55:51Z INFO  dt_instance] received at 2023-07-18 18:55:51.323750347 UTC - from mc-6->source-1 "223" 18:55:51.322333233
[2023-07-18T18:55:53Z INFO  dt_instance] received at 2023-07-18 18:55:53.829425570 UTC - from mc-6->source-1 "228" 18:55:53.827971085
[2023-07-18T18:55:56Z INFO  dt_instance] received at 2023-07-18 18:55:56.336580229 UTC - from mc-6->source-1 "233" 18:55:56.334500855
[2023-07-18T18:55:58Z INFO  dt_instance] received at 2023-07-18 18:55:58.843309096 UTC - from mc-6->source-1 "238" 18:55:58.839163337
[2023-07-18T18:56:01Z INFO  dt_instance] received at 2023-07-18 18:56:01.346556882 UTC - from mc-6->source-1 "243" 18:56:01.344700717
[2023-07-18T18:56:03Z INFO  dt_instance] received at 2023-07-18 18:56:03.852160520 UTC - from mc-6->source-1 "248" 18:56:03.850775189
[2023-07-18T18:56:06Z INFO  dt_instance] received at 2023-07-18 18:56:06.358890389 UTC - from mc-6->source-1 "253" 18:56:06.356795234
[2023-07-18T18:56:08Z INFO  dt_instance] received at 2023-07-18 18:56:08.864084246 UTC - from mc-6->source-1 "258" 18:56:08.862682915
[2023-07-18T18:56:11Z INFO  dt_instance] received at 2023-07-18 18:56:11.372680361 UTC - from mc-6->source-1 "263" 18:56:11.369659873
[2023-07-18T18:56:13Z INFO  dt_instance] received at 2023-07-18 18:56:13.877606590 UTC - from mc-6->source-1 "268" 18:56:13.875071576
[2023-07-18T18:56:16Z INFO  dt_instance] received at 2023-07-18 18:56:16.384233430 UTC - from mc-6->source-1 "273" 18:56:16.381748145
[2023-07-18T18:56:18Z INFO  dt_instance] received at 2023-07-18 18:56:18.892638867 UTC - from mc-6->source-1 "278" 18:56:18.889682038
[2023-07-18T18:56:21Z INFO  dt_instance] received at 2023-07-18 18:56:21.399055168 UTC - from mc-6->source-1 "283" 18:56:21.395618683
[2023-07-18T18:56:23Z INFO  dt_instance] received at 2023-07-18 18:56:23.902066503 UTC - from mc-6->source-1 "288" 18:56:23.900259737
[2023-07-18T18:56:26Z INFO  dt_instance] received at 2023-07-18 18:56:26.408305677 UTC - from mc-6->source-1 "293" 18:56:26.406713653
[2023-07-18T18:56:28Z INFO  dt_instance] received at 2023-07-18 18:56:28.914760826 UTC - from mc-6->source-1 "298" 18:56:28.913500470
[2023-07-18T18:56:31Z INFO  dt_instance] received at 2023-07-18 18:56:31.420017803 UTC - from mc-6->source-1 "303" 18:56:31.418487611
[2023-07-18T18:56:33Z INFO  dt_instance] received at 2023-07-18 18:56:33.925868471 UTC - from mc-6->source-1 "308" 18:56:33.924286806
[2023-07-18T18:56:36Z INFO  dt_instance] received at 2023-07-18 18:56:36.432964663 UTC - from mc-6->source-1 "313" 18:56:36.430523571
[2023-07-18T18:56:38Z INFO  dt_instance] received at 2023-07-18 18:56:38.935984795 UTC - from mc-6->source-1 "318" 18:56:38.934933114
[2023-07-18T18:56:41Z INFO  dt_instance] received at 2023-07-18 18:56:41.478583561 UTC - from mc-6->source-1 "323" 18:56:41.440745283
[2023-07-18T18:56:43Z INFO  dt_instance] received at 2023-07-18 18:56:43.979225942 UTC - from mc-6->source-1 "328" 18:56:43.947234355
[2023-07-18T18:56:46Z INFO  dt_instance] received at 2023-07-18 18:56:46.458830870 UTC - from mc-6->source-1 "333" 18:56:46.456094242
[2023-07-18T18:56:48Z INFO  dt_instance] received at 2023-07-18 18:56:48.964428611 UTC - from mc-6->source-1 "338" 18:56:48.962435661
[2023-07-18T18:56:51Z INFO  dt_instance] received at 2023-07-18 18:56:51.469188637 UTC - from mc-6->source-1 "343" 18:56:51.468073384
[2023-07-18T18:56:53Z INFO  dt_instance] received at 2023-07-18 18:56:53.976059921 UTC - from mc-6->source-1 "348" 18:56:53.973708780
[2023-07-18T18:56:56Z INFO  dt_instance] received at 2023-07-18 18:56:56.501584509 UTC - from mc-6->source-1 "353" 18:56:56.495385083
[2023-07-18T18:56:59Z INFO  dt_instance] received at 2023-07-18 18:56:59.003860371 UTC - from mc-6->source-1 "358" 18:56:59.001773514
[2023-07-18T18:57:01Z INFO  dt_instance] received at 2023-07-18 18:57:01.509393490 UTC - from mc-6->source-1 "363" 18:57:01.507502134
[2023-07-18T18:57:04Z INFO  dt_instance] received at 2023-07-18 18:57:04.015066183 UTC - from mc-6->source-1 "368" 18:57:04.013685032
[2023-07-18T18:57:06Z INFO  dt_instance] received at 2023-07-18 18:57:06.525567025 UTC - from mc-6->source-1 "373" 18:57:06.522802792
[2023-07-18T18:57:09Z INFO  dt_instance] received at 2023-07-18 18:57:09.029423865 UTC - from mc-6->source-1 "378" 18:57:09.028331774
[2023-07-18T18:57:11Z INFO  dt_instance] received at 2023-07-18 18:57:11.536759088 UTC - from mc-6->source-1 "383" 18:57:11.534223777
[2023-07-18T18:57:14Z INFO  dt_instance] received at 2023-07-18 18:57:14.041645133 UTC - from mc-6->source-1 "388" 18:57:14.040088170
[2023-07-18T18:57:16Z INFO  dt_instance] received at 2023-07-18 18:57:16.549940857 UTC - from mc-6->source-1 "393" 18:57:16.548614985
[2023-07-18T18:57:19Z INFO  dt_instance] received at 2023-07-18 18:57:19.054700683 UTC - from mc-6->source-1 "398" 18:57:19.053054557
[2023-07-18T18:57:21Z INFO  dt_instance] received at 2023-07-18 18:57:21.561554073 UTC - from mc-6->source-1 "403" 18:57:21.559297369
[2023-07-18T18:57:24Z INFO  dt_instance] received at 2023-07-18 18:57:24.065609213 UTC - from mc-6->source-1 "408" 18:57:24.063839755
[2023-07-18T18:57:26Z INFO  dt_instance] received at 2023-07-18 18:57:26.571622812 UTC - from mc-6->source-1 "413" 18:57:26.569753847
[2023-07-18T18:57:29Z INFO  dt_instance] received at 2023-07-18 18:57:29.079561273 UTC - from mc-6->source-1 "418" 18:57:29.076998347
[2023-07-18T18:57:31Z INFO  dt_instance] received at 2023-07-18 18:57:31.585143695 UTC - from mc-6->source-1 "423" 18:57:31.583731383
[2023-07-18T18:57:34Z INFO  dt_instance] received at 2023-07-18 18:57:34.092123219 UTC - from mc-6->source-1 "428" 18:57:34.090028861
[2023-07-18T18:57:36Z INFO  dt_instance] received at 2023-07-18 18:57:36.596539463 UTC - from mc-6->source-1 "433" 18:57:36.595161392
[2023-07-18T18:57:39Z INFO  dt_instance] received at 2023-07-18 18:57:39.102638765 UTC - from mc-6->source-1 "438" 18:57:39.100972293
[2023-07-18T18:57:41Z INFO  dt_instance] received at 2023-07-18 18:57:41.610186870 UTC - from mc-6->source-1 "443" 18:57:41.608590737
[2023-07-18T18:57:44Z INFO  dt_instance] received at 2023-07-18 18:57:44.118280077 UTC - from mc-6->source-1 "448" 18:57:44.115084848
[2023-07-18T18:57:46Z INFO  dt_instance] received at 2023-07-18 18:57:46.624291430 UTC - from mc-6->source-1 "453" 18:57:46.619964825
[2023-07-18T18:57:49Z INFO  dt_instance] received at 2023-07-18 18:57:49.141595292 UTC - from mc-6->source-1 "458" 18:57:49.125945891
[2023-07-18T18:57:51Z INFO  dt_instance] received at 2023-07-18 18:57:51.634116990 UTC - from mc-6->source-1 "463" 18:57:51.631709432
[2023-07-18T18:57:54Z INFO  dt_instance] received at 2023-07-18 18:57:54.138665025 UTC - from mc-6->source-1 "468" 18:57:54.137045030
[2023-07-18T18:57:56Z INFO  dt_instance] received at 2023-07-18 18:57:56.645869310 UTC - from mc-6->source-1 "473" 18:57:56.643074876
[2023-07-18T18:57:59Z INFO  dt_instance] received at 2023-07-18 18:57:59.152983099 UTC - from mc-6->source-1 "478" 18:57:59.150334300
[2023-07-18T18:58:01Z INFO  dt_instance] received at 2023-07-18 18:58:01.656904228 UTC - from mc-6->source-1 "483" 18:58:01.655571992
[2023-07-18T18:58:04Z INFO  dt_instance] received at 2023-07-18 18:58:04.162162753 UTC - from mc-6->source-1 "488" 18:58:04.160776159
[2023-07-18T18:58:06Z INFO  dt_instance] received at 2023-07-18 18:58:06.670236646 UTC - from mc-6->source-1 "493" 18:58:06.666520538
[2023-07-18T18:58:09Z INFO  dt_instance] received at 2023-07-18 18:58:09.172781864 UTC - from mc-6->source-1 "498" 18:58:09.171311520
[2023-07-18T18:58:11Z INFO  dt_instance] received at 2023-07-18 18:58:11.677195604 UTC - from mc-6->source-1 "503" 18:58:11.675935546
[2023-07-18T18:58:14Z INFO  dt_instance] received at 2023-07-18 18:58:14.184177955 UTC - from mc-6->source-1 "508" 18:58:14.180964973
[2023-07-18T18:58:16Z INFO  dt_instance] received at 2023-07-18 18:58:16.688317792 UTC - from mc-6->source-1 "513" 18:58:16.685761596
[2023-07-18T18:58:19Z INFO  dt_instance] received at 2023-07-18 18:58:19.193370668 UTC - from mc-6->source-1 "518" 18:58:19.191266022
[2023-07-18T18:58:21Z INFO  dt_instance] received at 2023-07-18 18:58:21.698832669 UTC - from mc-6->source-1 "523" 18:58:21.696333249
[2023-07-18T18:58:24Z INFO  dt_instance] received at 2023-07-18 18:58:24.205685046 UTC - from mc-6->source-1 "528" 18:58:24.203737199
[2023-07-18T18:58:26Z INFO  dt_instance] received at 2023-07-18 18:58:26.711194704 UTC - from mc-6->source-1 "533" 18:58:26.709365860
[2023-07-18T18:58:29Z INFO  dt_instance] received at 2023-07-18 18:58:29.219997796 UTC - from mc-6->source-1 "538" 18:58:29.214567185
[2023-07-18T18:58:31Z INFO  dt_instance] received at 2023-07-18 18:58:31.723813637 UTC - from mc-6->source-1 "543" 18:58:31.722103110
[2023-07-18T18:58:34Z INFO  dt_instance] received at 2023-07-18 18:58:34.229134549 UTC - from mc-6->source-1 "548" 18:58:34.227020667
[2023-07-18T18:58:36Z INFO  dt_instance] received at 2023-07-18 18:58:36.734218951 UTC - from mc-6->source-1 "553" 18:58:36.731981920
[2023-07-18T18:58:39Z INFO  dt_instance] received at 2023-07-18 18:58:39.238905981 UTC - from mc-6->source-1 "558" 18:58:39.237293901
[2023-07-18T18:58:41Z INFO  dt_instance] received at 2023-07-18 18:58:41.753263653 UTC - from mc-6->source-5 "553" 18:58:41.750095817
[2023-07-18T18:58:44Z INFO  dt_instance] received at 2023-07-18 18:58:44.267633992 UTC - from mc-6->source-5 "558" 18:58:44.264571453
[2023-07-18T18:58:46Z INFO  dt_instance] received at 2023-07-18 18:58:46.775804008 UTC - from mc-6->source-9 "553" 18:58:46.772350296
[2023-07-18T18:58:49Z INFO  dt_instance] received at 2023-07-18 18:58:49.279829519 UTC - from mc-6->source-1 "578" 18:58:49.277349364
[2023-07-18T18:58:51Z INFO  dt_instance] received at 2023-07-18 18:58:51.786581052 UTC - from mc-6->source-7 "568" 18:58:51.784734067
[2023-07-18T18:58:54Z INFO  dt_instance] received at 2023-07-18 18:58:54.295183365 UTC - from mc-6->source-1 "588" 18:58:54.291962313
[2023-07-18T18:58:56Z INFO  dt_instance] received at 2023-07-18 18:58:56.800946962 UTC - from mc-6->source-9 "573" 18:58:56.799249137
[2023-07-18T18:58:59Z INFO  dt_instance] received at 2023-07-18 18:58:59.307764740 UTC - from mc-6->source-9 "578" 18:58:59.306697444
[2023-07-18T18:59:01Z INFO  dt_instance] received at 2023-07-18 18:59:01.837699339 UTC - from mc-6->source-9 "583" 18:59:01.812005385
[2023-07-18T18:59:04Z INFO  dt_instance] received at 2023-07-18 18:59:04.319084916 UTC - from mc-6->source-9 "588" 18:59:04.317774291
[2023-07-18T18:59:06Z INFO  dt_instance] received at 2023-07-18 18:59:06.825301465 UTC - from mc-6->source-9 "593" 18:59:06.823811943
[2023-07-18T18:59:09Z INFO  dt_instance] received at 2023-07-18 18:59:09.331310142 UTC - from mc-6->source-5 "608" 18:59:09.329652751
[2023-07-18T18:59:11Z INFO  dt_instance] received at 2023-07-18 18:59:11.837371862 UTC - from mc-6->source-5 "613" 18:59:11.835076393
[2023-07-18T18:59:14Z INFO  dt_instance] received at 2023-07-18 18:59:14.344338636 UTC - from mc-6->source-5 "618" 18:59:14.342744804
[2023-07-18T18:59:16Z INFO  dt_instance] received at 2023-07-18 18:59:16.852216203 UTC - from mc-6->source-9 "613" 18:59:16.848999936
[2023-07-18T18:59:19Z INFO  dt_instance] received at 2023-07-18 18:59:19.356556822 UTC - from mc-6->source-5 "628" 18:59:19.354828156
[2023-07-18T18:59:21Z INFO  dt_instance] received at 2023-07-18 18:59:21.862261246 UTC - from mc-6->source-9 "623" 18:59:21.860310116
[2023-07-18T18:59:24Z INFO  dt_instance] received at 2023-07-18 18:59:24.368443133 UTC - from mc-6->source-5 "638" 18:59:24.365200122
[2023-07-18T18:59:26Z INFO  dt_instance] received at 2023-07-18 18:59:26.872876143 UTC - from mc-6->source-5 "643" 18:59:26.870497095
[2023-07-18T18:59:29Z INFO  dt_instance] received at 2023-07-18 18:59:29.378729766 UTC - from mc-6->source-5 "648" 18:59:29.376343944
[2023-07-18T18:59:31Z INFO  dt_instance] received at 2023-07-18 18:59:31.886541455 UTC - from mc-6->source-5 "653" 18:59:31.881782309
[2023-07-18T18:59:34Z INFO  dt_instance] received at 2023-07-18 18:59:34.390538180 UTC - from mc-6->source-5 "658" 18:59:34.387396880
[2023-07-18T18:59:36Z INFO  dt_instance] received at 2023-07-18 18:59:36.896500349 UTC - from mc-6->source-5 "663" 18:59:36.894806646
[2023-07-18T18:59:39Z INFO  dt_instance] received at 2023-07-18 18:59:39.402867832 UTC - from mc-6->source-9 "658" 18:59:39.401548496
[2023-07-18T18:59:41Z INFO  dt_instance] received at 2023-07-18 18:59:41.906999585 UTC - from mc-6->source-9 "663" 18:59:41.905967437
[2023-07-18T18:59:44Z INFO  dt_instance] received at 2023-07-18 18:59:44.424701934 UTC - from mc-6->source-5 "678" 18:59:44.411051980
[2023-07-18T18:59:46Z INFO  dt_instance] received at 2023-07-18 18:59:46.918562169 UTC - from mc-6->source-5 "683" 18:59:46.916554918
[2023-07-18T18:59:49Z INFO  dt_instance] received at 2023-07-18 18:59:49.424238229 UTC - from mc-6->source-5 "688" 18:59:49.422771568
[2023-07-18T18:59:51Z INFO  dt_instance] received at 2023-07-18 18:59:51.934931474 UTC - from mc-6->source-5 "693" 18:59:51.928778332
[2023-07-18T18:59:54Z INFO  dt_instance] received at 2023-07-18 18:59:54.439185821 UTC - from mc-6->source-5 "698" 18:59:54.434943690
[2023-07-18T18:59:56Z INFO  dt_instance] received at 2023-07-18 18:59:56.942333857 UTC - from mc-6->source-5 "703" 18:59:56.941093450
[2023-07-18T18:59:59Z INFO  dt_instance] received at 2023-07-18 18:59:59.452340510 UTC - from mc-6->source-5 "708" 18:59:59.447924155
[2023-07-18T19:00:01Z INFO  dt_instance] received at 2023-07-18 19:00:01.956996753 UTC - from mc-6->source-9 "703" 19:00:01.953792986
[2023-07-18T19:00:04Z INFO  dt_instance] received at 2023-07-18 19:00:04.462789698 UTC - from mc-6->source-5 "718" 19:00:04.461542673
[2023-07-18T19:00:06Z INFO  dt_instance] received at 2023-07-18 19:00:06.974014497 UTC - from mc-6->source-9 "713" 19:00:06.968668144
[2023-07-18T19:00:09Z INFO  dt_instance] received at 2023-07-18 19:00:09.480845658 UTC - from mc-6->source-7 "723" 19:00:09.479197373
[2023-07-18T19:00:11Z INFO  dt_instance] received at 2023-07-18 19:00:11.986754784 UTC - from mc-6->source-7 "728" 19:00:11.985124616
[2023-07-18T19:00:14Z INFO  dt_instance] received at 2023-07-18 19:00:14.492149676 UTC - from mc-6->source-7 "733" 19:00:14.490852354
[2023-07-18T19:00:17Z INFO  dt_instance] received at 2023-07-18 19:00:17.007964959 UTC - from mc-6->source-5 "743" 19:00:16.997573434
[2023-07-18T19:00:19Z INFO  dt_instance] received at 2023-07-18 19:00:19.509173657 UTC - from mc-6->source-5 "748" 19:00:19.505637681
[2023-07-18T19:00:22Z INFO  dt_instance] received at 2023-07-18 19:00:22.014317608 UTC - from mc-6->source-7 "748" 19:00:22.012330637
[2023-07-18T19:00:24Z INFO  dt_instance] received at 2023-07-18 19:00:24.536051962 UTC - from mc-6->source-5 "758" 19:00:24.534012394
[2023-07-18T19:00:27Z INFO  dt_instance] received at 2023-07-18 19:00:27.046747190 UTC - from mc-6->source-5 "763" 19:00:27.041521179
[2023-07-18T19:00:29Z INFO  dt_instance] received at 2023-07-18 19:00:29.548597837 UTC - from mc-6->source-5 "768" 19:00:29.547208309
[2023-07-18T19:00:32Z INFO  dt_instance] received at 2023-07-18 19:00:32.060649590 UTC - from mc-6->source-5 "773" 19:00:32.052410694
[2023-07-18T19:00:34Z INFO  dt_instance] received at 2023-07-18 19:00:34.560222018 UTC - from mc-6->source-5 "778" 19:00:34.557424901
[2023-07-18T19:00:37Z INFO  dt_instance] received at 2023-07-18 19:00:37.068124853 UTC - from mc-6->source-9 "773" 19:00:37.063801118
[2023-07-18T19:00:39Z INFO  dt_instance] received at 2023-07-18 19:00:39.572684085 UTC - from mc-6->source-9 "778" 19:00:39.568866687
[2023-07-18T19:00:42Z INFO  dt_instance] received at 2023-07-18 19:00:42.076904211 UTC - from mc-6->source-7 "788" 19:00:42.074653716
[2023-07-18T19:00:44Z INFO  dt_instance] received at 2023-07-18 19:00:44.591372310 UTC - from mc-6->source-7 "793" 19:00:44.582110746
[2023-07-18T19:00:47Z INFO  dt_instance] received at 2023-07-18 19:00:47.090268202 UTC - from mc-6->source-5 "803" 19:00:47.088508608
[2023-07-18T19:00:49Z INFO  dt_instance] received at 2023-07-18 19:00:49.608675620 UTC - from mc-6->source-5 "808" 19:00:49.596328203
[2023-07-18T19:00:52Z INFO  dt_instance] received at 2023-07-18 19:00:52.104322360 UTC - from mc-6->source-9 "803" 19:00:52.100801926
[2023-07-18T19:00:54Z INFO  dt_instance] received at 2023-07-18 19:00:54.609322083 UTC - from mc-6->source-5 "818" 19:00:54.607402859
[2023-07-18T19:00:57Z INFO  dt_instance] received at 2023-07-18 19:00:57.114519711 UTC - from mc-6->source-9 "813" 19:00:57.113217640
[2023-07-18T19:00:59Z INFO  dt_instance] received at 2023-07-18 19:00:59.622834977 UTC - from mc-6->source-9 "818" 19:00:59.620804441
[2023-07-18T19:01:02Z INFO  dt_instance] received at 2023-07-18 19:01:02.128979352 UTC - from mc-6->source-9 "823" 19:01:02.127268171
[2023-07-18T19:01:04Z INFO  dt_instance] received at 2023-07-18 19:01:04.636014210 UTC - from mc-6->source-5 "838" 19:01:04.634625522
[2023-07-18T19:01:07Z INFO  dt_instance] received at 2023-07-18 19:01:07.143718732 UTC - from mc-6->source-9 "833" 19:01:07.141116294
[2023-07-18T19:01:09Z INFO  dt_instance] received at 2023-07-18 19:01:09.649070689 UTC - from mc-6->source-5 "848" 19:01:09.647734018
[2023-07-18T19:01:12Z INFO  dt_instance] received at 2023-07-18 19:01:12.156643270 UTC - from mc-6->source-5 "853" 19:01:12.153154019
[2023-07-18T19:01:14Z INFO  dt_instance] received at 2023-07-18 19:01:14.660421193 UTC - from mc-6->source-5 "858" 19:01:14.659231840
[2023-07-18T19:01:17Z INFO  dt_instance] received at 2023-07-18 19:01:17.167093131 UTC - from mc-6->source-5 "863" 19:01:17.165558432
[2023-07-18T19:01:19Z INFO  dt_instance] received at 2023-07-18 19:01:19.672239374 UTC - from mc-6->source-5 "868" 19:01:19.669987387
[2023-07-18T19:01:22Z INFO  dt_instance] received at 2023-07-18 19:01:22.181622023 UTC - from mc-6->source-5 "873" 19:01:22.176502602
[2023-07-18T19:01:24Z INFO  dt_instance] received at 2023-07-18 19:01:24.683566428 UTC - from mc-6->source-5 "878" 19:01:24.681750512
[2023-07-18T19:01:27Z INFO  dt_instance] received at 2023-07-18 19:01:27.192255785 UTC - from mc-6->source-5 "883" 19:01:27.186955171
[2023-07-18T19:01:29Z INFO  dt_instance] received at 2023-07-18 19:01:29.698152425 UTC - from mc-6->source-5 "888" 19:01:29.692277608
[2023-07-18T19:01:32Z INFO  dt_instance] received at 2023-07-18 19:01:32.199317158 UTC - from mc-6->source-5 "893" 19:01:32.196993237
[2023-07-18T19:01:34Z INFO  dt_instance] received at 2023-07-18 19:01:34.711820231 UTC - from mc-6->source-5 "898" 19:01:34.702751247
[2023-07-18T19:01:37Z INFO  dt_instance] received at 2023-07-18 19:01:37.210892296 UTC - from mc-6->source-5 "903" 19:01:37.208928685
[2023-07-18T19:01:39Z INFO  dt_instance] received at 2023-07-18 19:01:39.716811466 UTC - from mc-6->source-5 "908" 19:01:39.713964586
[2023-07-18T19:01:42Z INFO  dt_instance] received at 2023-07-18 19:01:42.233959988 UTC - from mc-6->source-7 "908" 19:01:42.219930978
[2023-07-18T19:01:44Z INFO  dt_instance] received at 2023-07-18 19:01:44.727996640 UTC - from mc-6->source-7 "913" 19:01:44.726822157
[2023-07-18T19:01:47Z INFO  dt_instance] received at 2023-07-18 19:01:47.236098511 UTC - from mc-6->source-7 "918" 19:01:47.232493484
[2023-07-18T19:01:49Z INFO  dt_instance] received at 2023-07-18 19:01:49.746952522 UTC - from mc-6->source-7 "923" 19:01:49.737351417
[2023-07-18T19:01:52Z INFO  dt_instance] received at 2023-07-18 19:01:52.255536028 UTC - from mc-6->source-7 "928" 19:01:52.251445877
[2023-07-18T19:01:54Z INFO  dt_instance] received at 2023-07-18 19:01:54.767887997 UTC - from mc-6->source-7 "933" 19:01:54.757459132
[2023-07-18T19:01:57Z INFO  dt_instance] received at 2023-07-18 19:01:57.265903845 UTC - from mc-6->source-9 "933" 19:01:57.264756157
[2023-07-18T19:01:59Z INFO  dt_instance] received at 2023-07-18 19:01:59.775224809 UTC - from mc-6->source-9 "938" 19:01:59.773384452
[2023-07-18T19:02:02Z INFO  dt_instance] received at 2023-07-18 19:02:02.280913748 UTC - from mc-6->source-9 "943" 19:02:02.277980692
[2023-07-18T19:02:04Z INFO  dt_instance] received at 2023-07-18 19:02:04.787622494 UTC - from mc-6->source-9 "948" 19:02:04.785714665
[2023-07-18T19:02:07Z INFO  dt_instance] received at 2023-07-18 19:02:07.293293167 UTC - from mc-6->source-9 "953" 19:02:07.291454094
[2023-07-18T19:02:09Z INFO  dt_instance] received at 2023-07-18 19:02:09.802507441 UTC - from mc-6->source-7 "963" 19:02:09.793674620
[2023-07-18T19:02:12Z INFO  dt_instance] received at 2023-07-18 19:02:12.303398018 UTC - from mc-6->source-9 "963" 19:02:12.301157161
[2023-07-18T19:02:14Z INFO  dt_instance] received at 2023-07-18 19:02:14.807733614 UTC - from mc-6->source-9 "968" 19:02:14.806720448
[2023-07-18T19:02:17Z INFO  dt_instance] received at 2023-07-18 19:02:17.314448546 UTC - from mc-6->source-9 "973" 19:02:17.313056533
[2023-07-18T19:02:19Z INFO  dt_instance] received at 2023-07-18 19:02:19.994505959 UTC - from mc-6->source-8 "981" 19:02:19.993191297
[2023-07-18T19:02:23Z INFO  dt_instance] received at 2023-07-18 19:02:23.321422287 UTC - from mc-6->source-5 "995" 19:02:23.319570333
[2023-07-18T19:02:30Z INFO  dt_instance] received at 2023-07-18 19:02:30.347602850 UTC - from mc-6->source-9 "999" 19:02:30.340825390
