[2023-07-18T18:47:46Z INFO  dt_instance] Current Twin: mc-twin-4
[2023-07-18T18:47:46Z INFO  dt_instance] Replica Name twin-mc-stateful-4
[2023-07-18T18:47:46Z INFO  dt_instance] Sleeping for 200
[2023-07-18T18:51:06Z INFO  dt_instance] Connecting to broker at emqx.dtwins:1883
[2023-07-18T18:51:06Z INFO  dt_instance] Loggin info each 50 messages
[2023-07-18T18:51:06Z INFO  dt_instance] Set max packet size to 60000 KB.
[2023-07-18T18:51:06Z INFO  dt_instance] Refreshing topics for twin - Listen to mc-4/#
[2023-07-18T18:51:06Z INFO  dt_instance] SubAck { pkid: 1, return_codes: [Success(ExactlyOnce)] }
[2023-07-18T18:52:15Z INFO  dt_instance] received at 2023-07-18 18:52:15.470551431 UTC - from mc-4->source-2 "9" 18:52:15.469505676
[2023-07-18T18:52:18Z INFO  dt_instance] received at 2023-07-18 18:52:18.727683023 UTC - from mc-4->source-3 "13" 18:52:18.726650152
[2023-07-18T18:52:21Z INFO  dt_instance] received at 2023-07-18 18:52:21.237615933 UTC - from mc-4->source-1 "23" 18:52:21.236638468
[2023-07-18T18:52:23Z INFO  dt_instance] received at 2023-07-18 18:52:23.743055198 UTC - from mc-4->source-1 "28" 18:52:23.742279631
[2023-07-18T18:52:26Z INFO  dt_instance] received at 2023-07-18 18:52:26.248746912 UTC - from mc-4->source-1 "33" 18:52:26.247699417
[2023-07-18T18:52:28Z INFO  dt_instance] received at 2023-07-18 18:52:28.753730828 UTC - from mc-4->source-1 "38" 18:52:28.752777087
[2023-07-18T18:52:31Z INFO  dt_instance] received at 2023-07-18 18:52:31.261195648 UTC - from mc-4->source-1 "43" 18:52:31.260121278
[2023-07-18T18:52:33Z INFO  dt_instance] received at 2023-07-18 18:52:33.771783179 UTC - from mc-4->source-3 "43" 18:52:33.770733679
[2023-07-18T18:52:36Z INFO  dt_instance] received at 2023-07-18 18:52:36.280060572 UTC - from mc-4->source-5 "43" 18:52:36.278588184
[2023-07-18T18:52:38Z INFO  dt_instance] received at 2023-07-18 18:52:38.787971761 UTC - from mc-4->source-1 "58" 18:52:38.786078077
[2023-07-18T18:52:41Z INFO  dt_instance] received at 2023-07-18 18:52:41.292996695 UTC - from mc-4->source-1 "63" 18:52:41.291284059
[2023-07-18T18:52:43Z INFO  dt_instance] received at 2023-07-18 18:52:43.802243034 UTC - from mc-4->source-5 "58" 18:52:43.800773768
[2023-07-18T18:52:46Z INFO  dt_instance] received at 2023-07-18 18:52:46.312859475 UTC - from mc-4->source-5 "63" 18:52:46.310963236
[2023-07-18T18:52:48Z INFO  dt_instance] received at 2023-07-18 18:52:48.818153663 UTC - from mc-4->source-5 "68" 18:52:48.817209608
[2023-07-18T18:52:51Z INFO  dt_instance] received at 2023-07-18 18:52:51.323367864 UTC - from mc-4->source-5 "73" 18:52:51.322422429
[2023-07-18T18:52:53Z INFO  dt_instance] received at 2023-07-18 18:52:53.828893708 UTC - from mc-4->source-5 "78" 18:52:53.827706448
[2023-07-18T18:52:56Z INFO  dt_instance] received at 2023-07-18 18:52:56.344600794 UTC - from mc-4->source-5 "83" 18:52:56.334546917
[2023-07-18T18:52:58Z INFO  dt_instance] received at 2023-07-18 18:52:58.846700964 UTC - from mc-4->source-5 "88" 18:52:58.840676377
[2023-07-18T18:53:01Z INFO  dt_instance] received at 2023-07-18 18:53:01.349120995 UTC - from mc-4->source-5 "93" 18:53:01.348024964
[2023-07-18T18:53:03Z INFO  dt_instance] received at 2023-07-18 18:53:03.855293260 UTC - from mc-4->source-5 "98" 18:53:03.854346274
[2023-07-18T18:53:06Z INFO  dt_instance] received at 2023-07-18 18:53:06.363729660 UTC - from mc-4->source-5 "103" 18:53:06.361310929
[2023-07-18T18:53:08Z INFO  dt_instance] received at 2023-07-18 18:53:08.876191191 UTC - from mc-4->source-5 "108" 18:53:08.865782668
[2023-07-18T18:53:11Z INFO  dt_instance] received at 2023-07-18 18:53:11.424277313 UTC - from mc-4->source-5 "113" 18:53:11.372787618
[2023-07-18T18:53:13Z INFO  dt_instance] received at 2023-07-18 18:53:13.879848173 UTC - from mc-4->source-5 "118" 18:53:13.878583687
[2023-07-18T18:53:16Z INFO  dt_instance] received at 2023-07-18 18:53:16.385294861 UTC - from mc-4->source-5 "123" 18:53:16.384072245
[2023-07-18T18:53:18Z INFO  dt_instance] received at 2023-07-18 18:53:18.890027649 UTC - from mc-4->source-5 "128" 18:53:18.888740391
[2023-07-18T18:53:21Z INFO  dt_instance] received at 2023-07-18 18:53:21.397221139 UTC - from mc-4->source-5 "133" 18:53:21.395883752
[2023-07-18T18:53:23Z INFO  dt_instance] received at 2023-07-18 18:53:23.903663234 UTC - from mc-4->source-5 "138" 18:53:23.902577455
[2023-07-18T18:53:26Z INFO  dt_instance] received at 2023-07-18 18:53:26.409154715 UTC - from mc-4->source-5 "143" 18:53:26.408128680
[2023-07-18T18:53:28Z INFO  dt_instance] received at 2023-07-18 18:53:28.914684594 UTC - from mc-4->source-5 "148" 18:53:28.913717001
[2023-07-18T18:53:31Z INFO  dt_instance] received at 2023-07-18 18:53:31.420979795 UTC - from mc-4->source-5 "153" 18:53:31.419807234
[2023-07-18T18:53:33Z INFO  dt_instance] received at 2023-07-18 18:53:33.928577909 UTC - from mc-4->source-5 "158" 18:53:33.927609568
[2023-07-18T18:53:36Z INFO  dt_instance] received at 2023-07-18 18:53:36.440972112 UTC - from mc-4->source-5 "163" 18:53:36.439298487
[2023-07-18T18:53:38Z INFO  dt_instance] received at 2023-07-18 18:53:38.946276738 UTC - from mc-4->source-5 "168" 18:53:38.944961031
[2023-07-18T18:53:41Z INFO  dt_instance] received at 2023-07-18 18:53:41.451530724 UTC - from mc-4->source-1 "183" 18:53:41.449829214
[2023-07-18T18:53:43Z INFO  dt_instance] received at 2023-07-18 18:53:43.960785092 UTC - from mc-4->source-1 "188" 18:53:43.955637893
[2023-07-18T18:53:46Z INFO  dt_instance] received at 2023-07-18 18:53:46.463937301 UTC - from mc-4->source-1 "193" 18:53:46.463130619
[2023-07-18T18:53:48Z INFO  dt_instance] received at 2023-07-18 18:53:48.969926751 UTC - from mc-4->source-1 "198" 18:53:48.968901033
[2023-07-18T18:53:51Z INFO  dt_instance] received at 2023-07-18 18:53:51.478810621 UTC - from mc-4->source-1 "203" 18:53:51.477559381
[2023-07-18T18:53:53Z INFO  dt_instance] received at 2023-07-18 18:53:53.986598815 UTC - from mc-4->source-1 "208" 18:53:53.985456733
[2023-07-18T18:53:56Z INFO  dt_instance] received at 2023-07-18 18:53:56.490597738 UTC - from mc-4->source-1 "213" 18:53:56.489803225
[2023-07-18T18:53:58Z INFO  dt_instance] received at 2023-07-18 18:53:58.996761689 UTC - from mc-4->source-1 "218" 18:53:58.995934805
[2023-07-18T18:54:01Z INFO  dt_instance] received at 2023-07-18 18:54:01.502565395 UTC - from mc-4->source-1 "223" 18:54:01.500908557
[2023-07-18T18:54:04Z INFO  dt_instance] received at 2023-07-18 18:54:04.007464086 UTC - from mc-4->source-1 "228" 18:54:04.006512208
[2023-07-18T18:54:06Z INFO  dt_instance] received at 2023-07-18 18:54:06.514218610 UTC - from mc-4->source-1 "233" 18:54:06.511337447
[2023-07-18T18:54:09Z INFO  dt_instance] received at 2023-07-18 18:54:09.017085452 UTC - from mc-4->source-1 "238" 18:54:09.016012381
[2023-07-18T18:54:11Z INFO  dt_instance] received at 2023-07-18 18:54:11.525029971 UTC - from mc-4->source-1 "243" 18:54:11.523752653
[2023-07-18T18:54:14Z INFO  dt_instance] received at 2023-07-18 18:54:14.031463428 UTC - from mc-4->source-1 "248" 18:54:14.030321899
[2023-07-18T18:54:16Z INFO  dt_instance] received at 2023-07-18 18:54:16.536367896 UTC - from mc-4->source-1 "253" 18:54:16.535463945
[2023-07-18T18:54:19Z INFO  dt_instance] received at 2023-07-18 18:54:19.041192186 UTC - from mc-4->source-1 "258" 18:54:19.040144670
[2023-07-18T18:54:21Z INFO  dt_instance] received at 2023-07-18 18:54:21.547547346 UTC - from mc-4->source-1 "263" 18:54:21.546478569
[2023-07-18T18:54:24Z INFO  dt_instance] received at 2023-07-18 18:54:24.052340769 UTC - from mc-4->source-1 "268" 18:54:24.051392955
[2023-07-18T18:54:26Z INFO  dt_instance] received at 2023-07-18 18:54:26.557777396 UTC - from mc-4->source-1 "273" 18:54:26.556756896
[2023-07-18T18:54:29Z INFO  dt_instance] received at 2023-07-18 18:54:29.064854041 UTC - from mc-4->source-5 "268" 18:54:29.062356945
[2023-07-18T18:54:31Z INFO  dt_instance] received at 2023-07-18 18:54:31.569533787 UTC - from mc-4->source-5 "273" 18:54:31.568066879
[2023-07-18T18:54:34Z INFO  dt_instance] received at 2023-07-18 18:54:34.074586971 UTC - from mc-4->source-5 "278" 18:54:34.073005152
[2023-07-18T18:54:36Z INFO  dt_instance] received at 2023-07-18 18:54:36.580167539 UTC - from mc-4->source-5 "283" 18:54:36.579085339
[2023-07-18T18:54:39Z INFO  dt_instance] received at 2023-07-18 18:54:39.086901778 UTC - from mc-4->source-5 "288" 18:54:39.085512296
[2023-07-18T18:54:41Z INFO  dt_instance] received at 2023-07-18 18:54:41.593803171 UTC - from mc-4->source-1 "303" 18:54:41.592630248
[2023-07-18T18:54:44Z INFO  dt_instance] received at 2023-07-18 18:54:44.101364546 UTC - from mc-4->source-1 "308" 18:54:44.098086251
[2023-07-18T18:54:46Z INFO  dt_instance] received at 2023-07-18 18:54:46.605772876 UTC - from mc-4->source-5 "303" 18:54:46.603801055
[2023-07-18T18:54:49Z INFO  dt_instance] received at 2023-07-18 18:54:49.112092561 UTC - from mc-4->source-3 "313" 18:54:49.110905056
[2023-07-18T18:54:51Z INFO  dt_instance] received at 2023-07-18 18:54:51.617580069 UTC - from mc-4->source-1 "323" 18:54:51.615789270
[2023-07-18T18:54:54Z INFO  dt_instance] received at 2023-07-18 18:54:54.123489628 UTC - from mc-4->source-3 "323" 18:54:54.122597883
[2023-07-18T18:54:56Z INFO  dt_instance] received at 2023-07-18 18:54:56.633279468 UTC - from mc-4->source-5 "323" 18:54:56.628209579
[2023-07-18T18:54:59Z INFO  dt_instance] received at 2023-07-18 18:54:59.134576656 UTC - from mc-4->source-5 "328" 18:54:59.133774526
[2023-07-18T18:55:01Z INFO  dt_instance] received at 2023-07-18 18:55:01.641188281 UTC - from mc-4->source-3 "338" 18:55:01.639841865
[2023-07-18T18:55:04Z INFO  dt_instance] received at 2023-07-18 18:55:04.147382516 UTC - from mc-4->source-3 "343" 18:55:04.145721399
[2023-07-18T18:55:06Z INFO  dt_instance] received at 2023-07-18 18:55:06.663055691 UTC - from mc-4->source-1 "353" 18:55:06.662117675
[2023-07-18T18:55:09Z INFO  dt_instance] received at 2023-07-18 18:55:09.174079535 UTC - from mc-4->source-1 "358" 18:55:09.169079627
[2023-07-18T18:55:11Z INFO  dt_instance] received at 2023-07-18 18:55:11.685720797 UTC - from mc-4->source-5 "353" 18:55:11.681271005
[2023-07-18T18:55:14Z INFO  dt_instance] received at 2023-07-18 18:55:14.190993549 UTC - from mc-4->source-5 "358" 18:55:14.189825588
[2023-07-18T18:55:16Z INFO  dt_instance] received at 2023-07-18 18:55:16.697139241 UTC - from mc-4->source-5 "363" 18:55:16.696060004
[2023-07-18T18:55:19Z INFO  dt_instance] received at 2023-07-18 18:55:19.203744661 UTC - from mc-4->source-5 "368" 18:55:19.202759679
[2023-07-18T18:55:21Z INFO  dt_instance] received at 2023-07-18 18:55:21.729809760 UTC - from mc-4->source-1 "383" 18:55:21.709574846
[2023-07-18T18:55:24Z INFO  dt_instance] received at 2023-07-18 18:55:24.219472608 UTC - from mc-4->source-1 "388" 18:55:24.216134054
[2023-07-18T18:55:26Z INFO  dt_instance] received at 2023-07-18 18:55:26.722666030 UTC - from mc-4->source-1 "393" 18:55:26.721434811
[2023-07-18T18:55:29Z INFO  dt_instance] received at 2023-07-18 18:55:29.228814406 UTC - from mc-4->source-1 "398" 18:55:29.227684223
[2023-07-18T18:55:31Z INFO  dt_instance] received at 2023-07-18 18:55:31.736510331 UTC - from mc-4->source-1 "403" 18:55:31.734636627
[2023-07-18T18:55:34Z INFO  dt_instance] received at 2023-07-18 18:55:34.241142163 UTC - from mc-4->source-1 "408" 18:55:34.239879086
[2023-07-18T18:55:36Z INFO  dt_instance] received at 2023-07-18 18:55:36.750825251 UTC - from mc-4->source-1 "413" 18:55:36.747082292
[2023-07-18T18:55:39Z INFO  dt_instance] received at 2023-07-18 18:55:39.252847989 UTC - from mc-4->source-1 "418" 18:55:39.251761043
[2023-07-18T18:55:41Z INFO  dt_instance] received at 2023-07-18 18:55:41.759239122 UTC - from mc-4->source-5 "413" 18:55:41.756917682
[2023-07-18T18:55:44Z INFO  dt_instance] received at 2023-07-18 18:55:44.264539736 UTC - from mc-4->source-5 "418" 18:55:44.263280776
[2023-07-18T18:55:46Z INFO  dt_instance] received at 2023-07-18 18:55:46.772841425 UTC - from mc-4->source-1 "433" 18:55:46.769737310
[2023-07-18T18:55:49Z INFO  dt_instance] received at 2023-07-18 18:55:49.278148329 UTC - from mc-4->source-5 "428" 18:55:49.277239865
[2023-07-18T18:55:51Z INFO  dt_instance] received at 2023-07-18 18:55:51.785454619 UTC - from mc-4->source-5 "433" 18:55:51.783513461
[2023-07-18T18:55:54Z INFO  dt_instance] received at 2023-07-18 18:55:54.290461594 UTC - from mc-4->source-5 "438" 18:55:54.289420260
[2023-07-18T18:55:56Z INFO  dt_instance] received at 2023-07-18 18:55:56.797682823 UTC - from mc-4->source-5 "443" 18:55:56.796668888
[2023-07-18T18:55:59Z INFO  dt_instance] received at 2023-07-18 18:55:59.317978806 UTC - from mc-4->source-5 "448" 18:55:59.307514650
[2023-07-18T18:56:01Z INFO  dt_instance] received at 2023-07-18 18:56:01.831291477 UTC - from mc-4->source-5 "453" 18:56:01.813918231
[2023-07-18T18:56:04Z INFO  dt_instance] received at 2023-07-18 18:56:04.323179435 UTC - from mc-4->source-1 "468" 18:56:04.322193209
[2023-07-18T18:56:06Z INFO  dt_instance] received at 2023-07-18 18:56:06.830329138 UTC - from mc-4->source-1 "473" 18:56:06.829297926
[2023-07-18T18:56:09Z INFO  dt_instance] received at 2023-07-18 18:56:09.335506142 UTC - from mc-4->source-1 "478" 18:56:09.334497626
[2023-07-18T18:56:11Z INFO  dt_instance] received at 2023-07-18 18:56:11.842463493 UTC - from mc-4->source-1 "483" 18:56:11.840949294
[2023-07-18T18:56:14Z INFO  dt_instance] received at 2023-07-18 18:56:14.347606641 UTC - from mc-4->source-1 "488" 18:56:14.346701170
[2023-07-18T18:56:16Z INFO  dt_instance] received at 2023-07-18 18:56:16.853271719 UTC - from mc-4->source-1 "493" 18:56:16.852432906
[2023-07-18T18:56:19Z INFO  dt_instance] received at 2023-07-18 18:56:19.357978922 UTC - from mc-4->source-1 "498" 18:56:19.356917716
[2023-07-18T18:56:21Z INFO  dt_instance] received at 2023-07-18 18:56:21.864362480 UTC - from mc-4->source-1 "503" 18:56:21.862738481
[2023-07-18T18:56:24Z INFO  dt_instance] received at 2023-07-18 18:56:24.369673096 UTC - from mc-4->source-1 "508" 18:56:24.367967833
[2023-07-18T18:56:26Z INFO  dt_instance] received at 2023-07-18 18:56:26.878078493 UTC - from mc-4->source-1 "513" 18:56:26.872771476
[2023-07-18T18:56:29Z INFO  dt_instance] received at 2023-07-18 18:56:29.381253517 UTC - from mc-4->source-1 "518" 18:56:29.377936951
[2023-07-18T18:56:31Z INFO  dt_instance] received at 2023-07-18 18:56:31.885711109 UTC - from mc-4->source-5 "513" 18:56:31.883707309
[2023-07-18T18:56:34Z INFO  dt_instance] received at 2023-07-18 18:56:34.392564987 UTC - from mc-4->source-5 "518" 18:56:34.391021642
[2023-07-18T18:56:36Z INFO  dt_instance] received at 2023-07-18 18:56:36.898774334 UTC - from mc-4->source-1 "533" 18:56:36.895956824
[2023-07-18T18:56:39Z INFO  dt_instance] received at 2023-07-18 18:56:39.403572842 UTC - from mc-4->source-5 "528" 18:56:39.402296283
[2023-07-18T18:56:41Z INFO  dt_instance] received at 2023-07-18 18:56:41.924001051 UTC - from mc-4->source-5 "533" 18:56:41.906752285
[2023-07-18T18:56:44Z INFO  dt_instance] received at 2023-07-18 18:56:44.424549589 UTC - from mc-4->source-5 "538" 18:56:44.414706936
[2023-07-18T18:56:46Z INFO  dt_instance] received at 2023-07-18 18:56:46.922540912 UTC - from mc-4->source-5 "543" 18:56:46.921710881
[2023-07-18T18:56:49Z INFO  dt_instance] received at 2023-07-18 18:56:49.428336233 UTC - from mc-4->source-5 "548" 18:56:49.427004004
[2023-07-18T18:56:51Z INFO  dt_instance] received at 2023-07-18 18:56:51.937629738 UTC - from mc-4->source-5 "553" 18:56:51.933680257
[2023-07-18T18:56:54Z INFO  dt_instance] received at 2023-07-18 18:56:54.444119128 UTC - from mc-4->source-5 "558" 18:56:54.441169647
[2023-07-18T18:56:56Z INFO  dt_instance] received at 2023-07-18 18:56:56.959312309 UTC - from mc-4->source-1 "573" 18:56:56.950658039
[2023-07-18T18:56:59Z INFO  dt_instance] received at 2023-07-18 18:56:59.459562926 UTC - from mc-4->source-1 "578" 18:56:59.458166305
[2023-07-18T18:57:01Z INFO  dt_instance] received at 2023-07-18 18:57:01.966490642 UTC - from mc-4->source-1 "583" 18:57:01.965154587
[2023-07-18T18:57:04Z INFO  dt_instance] received at 2023-07-18 18:57:04.472799946 UTC - from mc-4->source-1 "588" 18:57:04.470686647
[2023-07-18T18:57:06Z INFO  dt_instance] received at 2023-07-18 18:57:06.977714693 UTC - from mc-4->source-1 "593" 18:57:06.976676299
[2023-07-18T18:57:09Z INFO  dt_instance] received at 2023-07-18 18:57:09.483891022 UTC - from mc-4->source-1 "598" 18:57:09.482860763
[2023-07-18T18:57:11Z INFO  dt_instance] received at 2023-07-18 18:57:11.988913825 UTC - from mc-4->source-1 "603" 18:57:11.987710045
[2023-07-18T18:57:14Z INFO  dt_instance] received at 2023-07-18 18:57:14.497237776 UTC - from mc-4->source-1 "608" 18:57:14.493622174
[2023-07-18T18:57:17Z INFO  dt_instance] received at 2023-07-18 18:57:17.000905210 UTC - from mc-4->source-1 "613" 18:57:16.999525819
[2023-07-18T18:57:19Z INFO  dt_instance] received at 2023-07-18 18:57:19.507097152 UTC - from mc-4->source-1 "618" 18:57:19.505055822
[2023-07-18T18:57:22Z INFO  dt_instance] received at 2023-07-18 18:57:22.011709265 UTC - from mc-4->source-1 "623" 18:57:22.010693501
[2023-07-18T18:57:24Z INFO  dt_instance] received at 2023-07-18 18:57:24.520151756 UTC - from mc-4->source-1 "628" 18:57:24.516979550
[2023-07-18T18:57:27Z INFO  dt_instance] received at 2023-07-18 18:57:27.025333294 UTC - from mc-4->source-1 "633" 18:57:27.024240582
[2023-07-18T18:57:29Z INFO  dt_instance] received at 2023-07-18 18:57:29.530198918 UTC - from mc-4->source-1 "638" 18:57:29.528982604
[2023-07-18T18:57:32Z INFO  dt_instance] received at 2023-07-18 18:57:32.037693186 UTC - from mc-4->source-1 "643" 18:57:32.036758429
[2023-07-18T18:57:34Z INFO  dt_instance] received at 2023-07-18 18:57:34.544257283 UTC - from mc-4->source-1 "648" 18:57:34.543323156
[2023-07-18T18:57:37Z INFO  dt_instance] received at 2023-07-18 18:57:37.049636666 UTC - from mc-4->source-1 "653" 18:57:37.048347531
[2023-07-18T18:57:39Z INFO  dt_instance] received at 2023-07-18 18:57:39.555848490 UTC - from mc-4->source-1 "658" 18:57:39.552821741
[2023-07-18T18:57:42Z INFO  dt_instance] received at 2023-07-18 18:57:42.060857685 UTC - from mc-4->source-1 "663" 18:57:42.059535147
[2023-07-18T18:57:44Z INFO  dt_instance] received at 2023-07-18 18:57:44.569013430 UTC - from mc-4->source-1 "668" 18:57:44.565257994
[2023-07-18T18:57:47Z INFO  dt_instance] received at 2023-07-18 18:57:47.075181862 UTC - from mc-4->source-1 "673" 18:57:47.072596391
[2023-07-18T18:57:49Z INFO  dt_instance] received at 2023-07-18 18:57:49.592437598 UTC - from mc-4->source-1 "678" 18:57:49.577829861
[2023-07-18T18:57:52Z INFO  dt_instance] received at 2023-07-18 18:57:52.084963368 UTC - from mc-4->source-1 "683" 18:57:52.083061623
[2023-07-18T18:57:54Z INFO  dt_instance] received at 2023-07-18 18:57:54.591741296 UTC - from mc-4->source-1 "688" 18:57:54.590231958
[2023-07-18T18:57:57Z INFO  dt_instance] received at 2023-07-18 18:57:57.097157127 UTC - from mc-4->source-1 "693" 18:57:57.095777330
[2023-07-18T18:57:59Z INFO  dt_instance] received at 2023-07-18 18:57:59.604581721 UTC - from mc-4->source-1 "698" 18:57:59.601711177
[2023-07-18T18:58:02Z INFO  dt_instance] received at 2023-07-18 18:58:02.109036334 UTC - from mc-4->source-1 "703" 18:58:02.107560905
[2023-07-18T18:58:04Z INFO  dt_instance] received at 2023-07-18 18:58:04.613315543 UTC - from mc-4->source-1 "708" 18:58:04.612514381
[2023-07-18T18:58:07Z INFO  dt_instance] received at 2023-07-18 18:58:07.118451989 UTC - from mc-4->source-1 "713" 18:58:07.117467553
[2023-07-18T18:58:09Z INFO  dt_instance] received at 2023-07-18 18:58:09.622875755 UTC - from mc-4->source-1 "718" 18:58:09.621914860
[2023-07-18T18:58:12Z INFO  dt_instance] received at 2023-07-18 18:58:12.128858260 UTC - from mc-4->source-1 "723" 18:58:12.127436900
[2023-07-18T18:58:14Z INFO  dt_instance] received at 2023-07-18 18:58:14.633152059 UTC - from mc-4->source-1 "728" 18:58:14.632146561
[2023-07-18T18:58:17Z INFO  dt_instance] received at 2023-07-18 18:58:17.138282067 UTC - from mc-4->source-1 "733" 18:58:17.137183946
[2023-07-18T18:58:19Z INFO  dt_instance] received at 2023-07-18 18:58:19.644715540 UTC - from mc-4->source-1 "738" 18:58:19.643364544
[2023-07-18T18:58:22Z INFO  dt_instance] received at 2023-07-18 18:58:22.151514218 UTC - from mc-4->source-1 "743" 18:58:22.148117304
[2023-07-18T18:58:24Z INFO  dt_instance] received at 2023-07-18 18:58:24.654483815 UTC - from mc-4->source-1 "748" 18:58:24.652831673
[2023-07-18T18:58:27Z INFO  dt_instance] received at 2023-07-18 18:58:27.163864256 UTC - from mc-4->source-1 "753" 18:58:27.159392685
[2023-07-18T18:58:29Z INFO  dt_instance] received at 2023-07-18 18:58:29.666353225 UTC - from mc-4->source-1 "758" 18:58:29.664570650
[2023-07-18T18:58:32Z INFO  dt_instance] received at 2023-07-18 18:58:32.175221234 UTC - from mc-4->source-1 "763" 18:58:32.174187251
[2023-07-18T18:58:34Z INFO  dt_instance] received at 2023-07-18 18:58:34.688435767 UTC - from mc-4->source-1 "768" 18:58:34.680084954
[2023-07-18T18:58:37Z INFO  dt_instance] received at 2023-07-18 18:58:37.188186996 UTC - from mc-4->source-1 "773" 18:58:37.185802620
[2023-07-18T18:58:39Z INFO  dt_instance] received at 2023-07-18 18:58:39.694714643 UTC - from mc-4->source-1 "778" 18:58:39.691107914
[2023-07-18T18:58:42Z INFO  dt_instance] received at 2023-07-18 18:58:42.203280921 UTC - from mc-4->source-1 "783" 18:58:42.196384612
[2023-07-18T18:58:44Z INFO  dt_instance] received at 2023-07-18 18:58:44.702024131 UTC - from mc-4->source-1 "788" 18:58:44.700700581
[2023-07-18T18:58:47Z INFO  dt_instance] received at 2023-07-18 18:58:47.208656337 UTC - from mc-4->source-1 "793" 18:58:47.207541580
[2023-07-18T18:58:49Z INFO  dt_instance] received at 2023-07-18 18:58:49.716617719 UTC - from mc-4->source-1 "798" 18:58:49.712131416
[2023-07-18T18:58:52Z INFO  dt_instance] received at 2023-07-18 18:58:52.234603433 UTC - from mc-4->source-1 "803" 18:58:52.219554144
[2023-07-18T18:58:54Z INFO  dt_instance] received at 2023-07-18 18:58:54.727946702 UTC - from mc-4->source-1 "808" 18:58:54.726692797
[2023-07-18T18:58:57Z INFO  dt_instance] received at 2023-07-18 18:58:57.234670699 UTC - from mc-4->source-5 "803" 18:58:57.231935045
[2023-07-18T18:58:59Z INFO  dt_instance] received at 2023-07-18 18:58:59.740984429 UTC - from mc-4->source-5 "808" 18:58:59.738209999
[2023-07-18T18:59:02Z INFO  dt_instance] received at 2023-07-18 18:59:02.245520257 UTC - from mc-4->source-5 "813" 18:59:02.243406471
[2023-07-18T18:59:04Z INFO  dt_instance] received at 2023-07-18 18:59:04.753875844 UTC - from mc-4->source-1 "828" 18:59:04.751745649
[2023-07-18T18:59:07Z INFO  dt_instance] received at 2023-07-18 18:59:07.259292394 UTC - from mc-4->source-1 "833" 18:59:07.257897921
[2023-07-18T18:59:09Z INFO  dt_instance] received at 2023-07-18 18:59:09.768454442 UTC - from mc-4->source-5 "828" 18:59:09.765872049
[2023-07-18T18:59:12Z INFO  dt_instance] received at 2023-07-18 18:59:12.272797905 UTC - from mc-4->source-5 "833" 18:59:12.270661384
[2023-07-18T18:59:14Z INFO  dt_instance] received at 2023-07-18 18:59:14.778903736 UTC - from mc-4->source-5 "838" 18:59:14.777579051
[2023-07-18T18:59:17Z INFO  dt_instance] received at 2023-07-18 18:59:17.287505153 UTC - from mc-4->source-5 "843" 18:59:17.283592971
[2023-07-18T18:59:19Z INFO  dt_instance] received at 2023-07-18 18:59:19.806021585 UTC - from mc-4->source-1 "858" 18:59:19.785756729
[2023-07-18T18:59:22Z INFO  dt_instance] received at 2023-07-18 18:59:22.297383258 UTC - from mc-4->source-5 "853" 18:59:22.296192334
[2023-07-18T18:59:24Z INFO  dt_instance] received at 2023-07-18 18:59:24.803568623 UTC - from mc-4->source-5 "858" 18:59:24.801166006
[2023-07-18T18:59:27Z INFO  dt_instance] received at 2023-07-18 18:59:27.311792730 UTC - from mc-4->source-5 "863" 18:59:27.308522750
[2023-07-18T18:59:29Z INFO  dt_instance] received at 2023-07-18 18:59:29.826126108 UTC - from mc-4->source-5 "868" 18:59:29.813542492
[2023-07-18T18:59:32Z INFO  dt_instance] received at 2023-07-18 18:59:32.318921879 UTC - from mc-4->source-5 "873" 18:59:32.317750240
[2023-07-18T18:59:34Z INFO  dt_instance] received at 2023-07-18 18:59:34.825489845 UTC - from mc-4->source-5 "878" 18:59:34.822823587
[2023-07-18T18:59:37Z INFO  dt_instance] received at 2023-07-18 18:59:37.331319571 UTC - from mc-4->source-5 "883" 18:59:37.329814784
[2023-07-18T18:59:39Z INFO  dt_instance] received at 2023-07-18 18:59:39.837371750 UTC - from mc-4->source-5 "888" 18:59:39.835997529
[2023-07-18T18:59:42Z INFO  dt_instance] received at 2023-07-18 18:59:42.343076898 UTC - from mc-4->source-5 "893" 18:59:42.341754192
[2023-07-18T18:59:44Z INFO  dt_instance] received at 2023-07-18 18:59:44.849978792 UTC - from mc-4->source-5 "898" 18:59:44.849179502
[2023-07-18T18:59:47Z INFO  dt_instance] received at 2023-07-18 18:59:47.356501714 UTC - from mc-4->source-5 "903" 18:59:47.355337028
[2023-07-18T18:59:49Z INFO  dt_instance] received at 2023-07-18 18:59:49.862079395 UTC - from mc-4->source-5 "908" 18:59:49.860053495
[2023-07-18T18:59:52Z INFO  dt_instance] received at 2023-07-18 18:59:52.367574396 UTC - from mc-4->source-5 "913" 18:59:52.366323344
[2023-07-18T18:59:54Z INFO  dt_instance] received at 2023-07-18 18:59:54.873959915 UTC - from mc-4->source-5 "918" 18:59:54.870948317
[2023-07-18T18:59:57Z INFO  dt_instance] received at 2023-07-18 18:59:57.376941205 UTC - from mc-4->source-5 "923" 18:59:57.376004144
[2023-07-18T18:59:59Z INFO  dt_instance] received at 2023-07-18 18:59:59.884039822 UTC - from mc-4->source-5 "928" 18:59:59.883015047
[2023-07-18T19:00:02Z INFO  dt_instance] received at 2023-07-18 19:00:02.391844981 UTC - from mc-4->source-5 "933" 19:00:02.389621184
[2023-07-18T19:00:04Z INFO  dt_instance] received at 2023-07-18 19:00:04.902906911 UTC - from mc-4->source-5 "938" 19:00:04.897751355
[2023-07-18T19:00:07Z INFO  dt_instance] received at 2023-07-18 19:00:07.404909687 UTC - from mc-4->source-5 "943" 19:00:07.403679769
[2023-07-18T19:00:09Z INFO  dt_instance] received at 2023-07-18 19:00:09.910935829 UTC - from mc-4->source-5 "948" 19:00:09.909471077
[2023-07-18T19:00:12Z INFO  dt_instance] received at 2023-07-18 19:00:12.419490155 UTC - from mc-4->source-5 "953" 19:00:12.416650404
[2023-07-18T19:00:14Z INFO  dt_instance] received at 2023-07-18 19:00:14.925875404 UTC - from mc-4->source-5 "958" 19:00:14.921733436
[2023-07-18T19:00:17Z INFO  dt_instance] received at 2023-07-18 19:00:17.429743256 UTC - from mc-4->source-5 "963" 19:00:17.427823962
[2023-07-18T19:00:19Z INFO  dt_instance] received at 2023-07-18 19:00:19.935341871 UTC - from mc-4->source-5 "968" 19:00:19.932656312
[2023-07-18T19:00:22Z INFO  dt_instance] received at 2023-07-18 19:00:22.441453903 UTC - from mc-4->source-5 "973" 19:00:22.439338290
[2023-07-18T19:00:24Z INFO  dt_instance] received at 2023-07-18 19:00:24.947585678 UTC - from mc-4->source-5 "978" 19:00:24.943847755
[2023-07-18T19:00:27Z INFO  dt_instance] received at 2023-07-18 19:00:27.450791294 UTC - from mc-4->source-5 "983" 19:00:27.449258749
[2023-07-18T19:00:30Z INFO  dt_instance] received at 2023-07-18 19:00:30.250234593 UTC - from mc-4->source-2 "996" 19:00:30.248550856
[2023-07-18T19:00:33Z INFO  dt_instance] received at 2023-07-18 19:00:33.420770250 UTC - from mc-4->source-7 "990" 19:00:33.419268892
[2023-07-18T19:00:40Z INFO  dt_instance] received at 2023-07-18 19:00:40.444210826 UTC - from mc-4->source-9 "999" 19:00:40.442321566
