[2023-07-18T18:48:14Z INFO  dt_instance] Current Twin: mc-twin-11
[2023-07-18T18:48:14Z INFO  dt_instance] Replica Name twin-mc-stateful-11
[2023-07-18T18:48:14Z INFO  dt_instance] Sleeping for 550
[2023-07-18T18:57:24Z INFO  dt_instance] Connecting to broker at emqx.dtwins:1883
[2023-07-18T18:57:24Z INFO  dt_instance] Loggin info each 50 messages
[2023-07-18T18:57:24Z INFO  dt_instance] Set max packet size to 60000 KB.
[2023-07-18T18:57:24Z INFO  dt_instance] Refreshing topics for twin - Listen to mc-11/#
[2023-07-18T18:57:24Z INFO  dt_instance] SubAck { pkid: 1, return_codes: [Success(ExactlyOnce)] }
[2023-07-18T18:58:35Z INFO  dt_instance] received at 2023-07-18 18:58:35.434828049 UTC - from mc-11->source-2 "9" 18:58:35.432872209
[2023-07-18T18:58:38Z INFO  dt_instance] received at 2023-07-18 18:58:38.687117083 UTC - from mc-11->source-3 "13" 18:58:38.686193572
[2023-07-18T18:58:41Z INFO  dt_instance] received at 2023-07-18 18:58:41.199107622 UTC - from mc-11->source-1 "23" 18:58:41.198097362
[2023-07-18T18:58:43Z INFO  dt_instance] received at 2023-07-18 18:58:43.703849878 UTC - from mc-11->source-1 "28" 18:58:43.702654942
[2023-07-18T18:58:46Z INFO  dt_instance] received at 2023-07-18 18:58:46.210023211 UTC - from mc-11->source-1 "33" 18:58:46.209027525
[2023-07-18T18:58:48Z INFO  dt_instance] received at 2023-07-18 18:58:48.716854734 UTC - from mc-11->source-1 "38" 18:58:48.714610544
[2023-07-18T18:58:51Z INFO  dt_instance] received at 2023-07-18 18:58:51.222281158 UTC - from mc-11->source-1 "43" 18:58:51.221247667
[2023-07-18T18:58:53Z INFO  dt_instance] received at 2023-07-18 18:58:53.729774096 UTC - from mc-11->source-1 "48" 18:58:53.728661813
[2023-07-18T18:58:56Z INFO  dt_instance] received at 2023-07-18 18:58:56.235971775 UTC - from mc-11->source-1 "53" 18:58:56.234997706
[2023-07-18T18:58:58Z INFO  dt_instance] received at 2023-07-18 18:58:58.743278596 UTC - from mc-11->source-1 "58" 18:58:58.741532634
[2023-07-18T18:59:01Z INFO  dt_instance] received at 2023-07-18 18:59:01.249475932 UTC - from mc-11->source-1 "63" 18:59:01.248433513
[2023-07-18T18:59:03Z INFO  dt_instance] received at 2023-07-18 18:59:03.755675650 UTC - from mc-11->source-1 "68" 18:59:03.754366897
[2023-07-18T18:59:06Z INFO  dt_instance] received at 2023-07-18 18:59:06.260945120 UTC - from mc-11->source-1 "73" 18:59:06.259796176
[2023-07-18T18:59:08Z INFO  dt_instance] received at 2023-07-18 18:59:08.847381493 UTC - from mc-11->source-5 "68" 18:59:08.752263258
[2023-07-18T18:59:11Z INFO  dt_instance] received at 2023-07-18 18:59:11.270613216 UTC - from mc-11->source-1 "83" 18:59:11.269657051
[2023-07-18T18:59:13Z INFO  dt_instance] received at 2023-07-18 18:59:13.777707394 UTC - from mc-11->source-1 "88" 18:59:13.775888046
[2023-07-18T18:59:16Z INFO  dt_instance] received at 2023-07-18 18:59:16.282511174 UTC - from mc-11->source-1 "93" 18:59:16.281488638
[2023-07-18T18:59:18Z INFO  dt_instance] received at 2023-07-18 18:59:18.791399049 UTC - from mc-11->source-1 "98" 18:59:18.790288556
[2023-07-18T18:59:21Z INFO  dt_instance] received at 2023-07-18 18:59:21.296539296 UTC - from mc-11->source-1 "103" 18:59:21.295619108
[2023-07-18T18:59:23Z INFO  dt_instance] received at 2023-07-18 18:59:23.802242175 UTC - from mc-11->source-1 "108" 18:59:23.801206724
[2023-07-18T18:59:26Z INFO  dt_instance] received at 2023-07-18 18:59:26.306615832 UTC - from mc-11->source-1 "113" 18:59:26.306044373
[2023-07-18T18:59:28Z INFO  dt_instance] received at 2023-07-18 18:59:28.813260139 UTC - from mc-11->source-1 "118" 18:59:28.812273643
[2023-07-18T18:59:31Z INFO  dt_instance] received at 2023-07-18 18:59:31.321109413 UTC - from mc-11->source-1 "123" 18:59:31.320039968
[2023-07-18T18:59:33Z INFO  dt_instance] received at 2023-07-18 18:59:33.825609829 UTC - from mc-11->source-1 "128" 18:59:33.824471911
[2023-07-18T18:59:36Z INFO  dt_instance] received at 2023-07-18 18:59:36.332120764 UTC - from mc-11->source-1 "133" 18:59:36.331281564
[2023-07-18T18:59:38Z INFO  dt_instance] received at 2023-07-18 18:59:38.855199702 UTC - from mc-11->source-5 "128" 18:59:38.823643777
[2023-07-18T18:59:41Z INFO  dt_instance] received at 2023-07-18 18:59:41.343149657 UTC - from mc-11->source-1 "143" 18:59:41.341506673
[2023-07-18T18:59:43Z INFO  dt_instance] received at 2023-07-18 18:59:43.847626179 UTC - from mc-11->source-1 "148" 18:59:43.846662566
[2023-07-18T18:59:46Z INFO  dt_instance] received at 2023-07-18 18:59:46.355506192 UTC - from mc-11->source-1 "153" 18:59:46.354572615
[2023-07-18T18:59:48Z INFO  dt_instance] received at 2023-07-18 18:59:48.863630887 UTC - from mc-11->source-5 "148" 18:59:48.846728005
[2023-07-18T18:59:51Z INFO  dt_instance] received at 2023-07-18 18:59:51.366639463 UTC - from mc-11->source-1 "163" 18:59:51.365705099
[2023-07-18T18:59:53Z INFO  dt_instance] received at 2023-07-18 18:59:53.873291458 UTC - from mc-11->source-1 "168" 18:59:53.871725705
[2023-07-18T18:59:56Z INFO  dt_instance] received at 2023-07-18 18:59:56.380389819 UTC - from mc-11->source-1 "173" 18:59:56.378405437
[2023-07-18T18:59:58Z INFO  dt_instance] received at 2023-07-18 18:59:58.885219731 UTC - from mc-11->source-1 "178" 18:59:58.884248674
[2023-07-18T19:00:01Z INFO  dt_instance] received at 2023-07-18 19:00:01.396207798 UTC - from mc-11->source-1 "183" 19:00:01.392197862
[2023-07-18T19:00:03Z INFO  dt_instance] received at 2023-07-18 19:00:03.898360834 UTC - from mc-11->source-1 "188" 19:00:03.897608727
[2023-07-18T19:00:06Z INFO  dt_instance] received at 2023-07-18 19:00:06.404371593 UTC - from mc-11->source-1 "193" 19:00:06.403178452
[2023-07-18T19:00:08Z INFO  dt_instance] received at 2023-07-18 19:00:08.909073107 UTC - from mc-11->source-1 "198" 19:00:08.907980471
[2023-07-18T19:00:11Z INFO  dt_instance] received at 2023-07-18 19:00:11.415285028 UTC - from mc-11->source-1 "203" 19:00:11.413754689
[2023-07-18T19:00:13Z INFO  dt_instance] received at 2023-07-18 19:00:13.921019568 UTC - from mc-11->source-1 "208" 19:00:13.920001694
[2023-07-18T19:00:16Z INFO  dt_instance] received at 2023-07-18 19:00:16.426819155 UTC - from mc-11->source-1 "213" 19:00:16.425719998
[2023-07-18T19:00:18Z INFO  dt_instance] received at 2023-07-18 19:00:18.931538078 UTC - from mc-11->source-1 "218" 19:00:18.930724097
[2023-07-18T19:00:21Z INFO  dt_instance] received at 2023-07-18 19:00:21.436888953 UTC - from mc-11->source-1 "223" 19:00:21.435787945
[2023-07-18T19:00:23Z INFO  dt_instance] received at 2023-07-18 19:00:23.943330439 UTC - from mc-11->source-1 "228" 19:00:23.942053825
[2023-07-18T19:00:26Z INFO  dt_instance] received at 2023-07-18 19:00:26.447784074 UTC - from mc-11->source-1 "233" 19:00:26.446670169
[2023-07-18T19:00:28Z INFO  dt_instance] received at 2023-07-18 19:00:28.952988425 UTC - from mc-11->source-9 "218" 19:00:28.950761637
[2023-07-18T19:00:31Z INFO  dt_instance] received at 2023-07-18 19:00:31.457792031 UTC - from mc-11->source-1 "243" 19:00:31.456731728
[2023-07-18T19:00:33Z INFO  dt_instance] received at 2023-07-18 19:00:33.964188688 UTC - from mc-11->source-1 "248" 19:00:33.963260512
[2023-07-18T19:00:36Z INFO  dt_instance] received at 2023-07-18 19:00:36.475794980 UTC - from mc-11->source-5 "243" 19:00:36.470969041
[2023-07-18T19:00:38Z INFO  dt_instance] received at 2023-07-18 19:00:38.993227983 UTC - from mc-11->source-5 "248" 19:00:38.988019370
[2023-07-18T19:00:41Z INFO  dt_instance] received at 2023-07-18 19:00:41.518168252 UTC - from mc-11->source-5 "253" 19:00:41.495223
[2023-07-18T19:00:44Z INFO  dt_instance] received at 2023-07-18 19:00:44.099785951 UTC - from mc-11->source-5 "258" 19:00:44.019711910
[2023-07-18T19:00:46Z INFO  dt_instance] received at 2023-07-18 19:00:46.528778632 UTC - from mc-11->source-5 "263" 19:00:46.526555135
[2023-07-18T19:00:49Z INFO  dt_instance] received at 2023-07-18 19:00:49.036957059 UTC - from mc-11->source-5 "268" 19:00:49.032939700
[2023-07-18T19:00:51Z INFO  dt_instance] received at 2023-07-18 19:00:51.542536860 UTC - from mc-11->source-5 "273" 19:00:51.540105158
[2023-07-18T19:00:54Z INFO  dt_instance] received at 2023-07-18 19:00:54.048053743 UTC - from mc-11->source-9 "268" 19:00:54.046684012
[2023-07-18T19:00:56Z INFO  dt_instance] received at 2023-07-18 19:00:56.554807439 UTC - from mc-11->source-9 "273" 19:00:56.553431186
[2023-07-18T19:00:59Z INFO  dt_instance] received at 2023-07-18 19:00:59.062989033 UTC - from mc-11->source-1 "298" 19:00:59.059605611
[2023-07-18T19:01:01Z INFO  dt_instance] received at 2023-07-18 19:01:01.568966620 UTC - from mc-11->source-1 "303" 19:01:01.568080660
[2023-07-18T19:01:04Z INFO  dt_instance] received at 2023-07-18 19:01:04.073627658 UTC - from mc-11->source-1 "308" 19:01:04.072505700
[2023-07-18T19:01:06Z INFO  dt_instance] received at 2023-07-18 19:01:06.578946085 UTC - from mc-11->source-1 "313" 19:01:06.578163143
[2023-07-18T19:01:09Z INFO  dt_instance] received at 2023-07-18 19:01:09.096984613 UTC - from mc-11->source-5 "308" 19:01:09.086697024
[2023-07-18T19:01:11Z INFO  dt_instance] received at 2023-07-18 19:01:11.595042484 UTC - from mc-11->source-9 "303" 19:01:11.593675372
[2023-07-18T19:01:14Z INFO  dt_instance] received at 2023-07-18 19:01:14.112295466 UTC - from mc-11->source-5 "318" 19:01:14.099319824
[2023-07-18T19:01:16Z INFO  dt_instance] received at 2023-07-18 19:01:16.609249197 UTC - from mc-11->source-5 "323" 19:01:16.604457792
[2023-07-18T19:01:19Z INFO  dt_instance] received at 2023-07-18 19:01:19.113371409 UTC - from mc-11->source-9 "318" 19:01:19.112250143
[2023-07-18T19:01:21Z INFO  dt_instance] received at 2023-07-18 19:01:21.619589530 UTC - from mc-11->source-5 "333" 19:01:21.614950625
[2023-07-18T19:01:24Z INFO  dt_instance] received at 2023-07-18 19:01:24.124419939 UTC - from mc-11->source-1 "348" 19:01:24.123724031
[2023-07-18T19:01:26Z INFO  dt_instance] received at 2023-07-18 19:01:26.629733495 UTC - from mc-11->source-9 "333" 19:01:26.628724912
[2023-07-18T19:01:29Z INFO  dt_instance] received at 2023-07-18 19:01:29.135905859 UTC - from mc-11->source-9 "338" 19:01:29.134671238
[2023-07-18T19:01:31Z INFO  dt_instance] received at 2023-07-18 19:01:31.642768994 UTC - from mc-11->source-5 "353" 19:01:31.637690906
[2023-07-18T19:01:34Z INFO  dt_instance] received at 2023-07-18 19:01:34.155829372 UTC - from mc-11->source-1 "368" 19:01:34.147649001
[2023-07-18T19:01:36Z INFO  dt_instance] received at 2023-07-18 19:01:36.655093600 UTC - from mc-11->source-1 "373" 19:01:36.654009468
[2023-07-18T19:01:39Z INFO  dt_instance] received at 2023-07-18 19:01:39.161627208 UTC - from mc-11->source-1 "378" 19:01:39.160690763
[2023-07-18T19:01:41Z INFO  dt_instance] received at 2023-07-18 19:01:41.670068998 UTC - from mc-11->source-1 "383" 19:01:41.669011884
[2023-07-18T19:01:44Z INFO  dt_instance] received at 2023-07-18 19:01:44.224332018 UTC - from mc-11->source-5 "378" 19:01:44.165407671
[2023-07-18T19:01:46Z INFO  dt_instance] received at 2023-07-18 19:01:46.682336542 UTC - from mc-11->source-1 "393" 19:01:46.680809970
[2023-07-18T19:01:49Z INFO  dt_instance] received at 2023-07-18 19:01:49.188097920 UTC - from mc-11->source-1 "398" 19:01:49.187219812
[2023-07-18T19:01:51Z INFO  dt_instance] received at 2023-07-18 19:01:51.694810894 UTC - from mc-11->source-1 "403" 19:01:51.693780918
[2023-07-18T19:01:54Z INFO  dt_instance] received at 2023-07-18 19:01:54.199657728 UTC - from mc-11->source-1 "408" 19:01:54.198814743
[2023-07-18T19:01:56Z INFO  dt_instance] received at 2023-07-18 19:01:56.705736431 UTC - from mc-11->source-1 "413" 19:01:56.704662209
[2023-07-18T19:01:59Z INFO  dt_instance] received at 2023-07-18 19:01:59.213257983 UTC - from mc-11->source-9 "398" 19:01:59.207294346
[2023-07-18T19:02:01Z INFO  dt_instance] received at 2023-07-18 19:02:01.717623058 UTC - from mc-11->source-1 "423" 19:02:01.716440016
[2023-07-18T19:02:04Z INFO  dt_instance] received at 2023-07-18 19:02:04.224094149 UTC - from mc-11->source-1 "428" 19:02:04.222164421
[2023-07-18T19:02:06Z INFO  dt_instance] received at 2023-07-18 19:02:06.728882705 UTC - from mc-11->source-1 "433" 19:02:06.727424870
[2023-07-18T19:02:09Z INFO  dt_instance] received at 2023-07-18 19:02:09.235342076 UTC - from mc-11->source-9 "418" 19:02:09.233905707
[2023-07-18T19:02:11Z INFO  dt_instance] received at 2023-07-18 19:02:11.747286781 UTC - from mc-11->source-9 "423" 19:02:11.739698302
[2023-07-18T19:02:14Z INFO  dt_instance] received at 2023-07-18 19:02:14.256623983 UTC - from mc-11->source-5 "438" 19:02:14.240073123
[2023-07-18T19:02:16Z INFO  dt_instance] received at 2023-07-18 19:02:16.753376343 UTC - from mc-11->source-1 "453" 19:02:16.752641899
[2023-07-18T19:02:19Z INFO  dt_instance] received at 2023-07-18 19:02:19.263588275 UTC - from mc-11->source-5 "448" 19:02:19.259198376
[2023-07-18T19:02:21Z INFO  dt_instance] received at 2023-07-18 19:02:21.770385485 UTC - from mc-11->source-9 "443" 19:02:21.766003501
[2023-07-18T19:02:24Z INFO  dt_instance] received at 2023-07-18 19:02:24.274771586 UTC - from mc-11->source-1 "468" 19:02:24.273385073
[2023-07-18T19:02:26Z INFO  dt_instance] received at 2023-07-18 19:02:26.780869471 UTC - from mc-11->source-9 "453" 19:02:26.779014907
[2023-07-18T19:02:29Z INFO  dt_instance] received at 2023-07-18 19:02:29.290413422 UTC - from mc-11->source-9 "458" 19:02:29.286937805
[2023-07-18T19:02:31Z INFO  dt_instance] received at 2023-07-18 19:02:31.800639262 UTC - from mc-11->source-9 "463" 19:02:31.796000016
[2023-07-18T19:02:34Z INFO  dt_instance] received at 2023-07-18 19:02:34.302554461 UTC - from mc-11->source-9 "468" 19:02:34.301296389
[2023-07-18T19:02:36Z INFO  dt_instance] received at 2023-07-18 19:02:36.814968210 UTC - from mc-11->source-9 "473" 19:02:36.807393838
[2023-07-18T19:02:39Z INFO  dt_instance] received at 2023-07-18 19:02:39.316653474 UTC - from mc-11->source-3 "493" 19:02:39.315595064
[2023-07-18T19:02:41Z INFO  dt_instance] received at 2023-07-18 19:02:41.823382069 UTC - from mc-11->source-9 "483" 19:02:41.821915085
[2023-07-18T19:02:44Z INFO  dt_instance] received at 2023-07-18 19:02:44.329590077 UTC - from mc-11->source-9 "488" 19:02:44.328237256
[2023-07-18T19:02:46Z INFO  dt_instance] received at 2023-07-18 19:02:46.835005293 UTC - from mc-11->source-9 "493" 19:02:46.833601152
[2023-07-18T19:02:49Z INFO  dt_instance] received at 2023-07-18 19:02:49.341827646 UTC - from mc-11->source-9 "498" 19:02:49.340595276
[2023-07-18T19:02:51Z INFO  dt_instance] received at 2023-07-18 19:02:51.855246837 UTC - from mc-11->source-9 "503" 19:02:51.845615348
[2023-07-18T19:02:54Z INFO  dt_instance] received at 2023-07-18 19:02:54.353495508 UTC - from mc-11->source-9 "508" 19:02:54.352267736
[2023-07-18T19:02:56Z INFO  dt_instance] received at 2023-07-18 19:02:56.863345317 UTC - from mc-11->source-9 "513" 19:02:56.858431800
[2023-07-18T19:02:59Z INFO  dt_instance] received at 2023-07-18 19:02:59.366032793 UTC - from mc-11->source-9 "518" 19:02:59.364230974
[2023-07-18T19:03:01Z INFO  dt_instance] received at 2023-07-18 19:03:01.873573933 UTC - from mc-11->source-9 "523" 19:03:01.871551703
[2023-07-18T19:03:04Z INFO  dt_instance] received at 2023-07-18 19:03:04.380697603 UTC - from mc-11->source-9 "528" 19:03:04.377938091
[2023-07-18T19:03:06Z INFO  dt_instance] received at 2023-07-18 19:03:06.885217937 UTC - from mc-11->source-9 "533" 19:03:06.884011310
[2023-07-18T19:03:09Z INFO  dt_instance] received at 2023-07-18 19:03:09.389673110 UTC - from mc-11->source-9 "538" 19:03:09.388515493
[2023-07-18T19:03:11Z INFO  dt_instance] received at 2023-07-18 19:03:11.896449450 UTC - from mc-11->source-9 "543" 19:03:11.895101819
[2023-07-18T19:03:14Z INFO  dt_instance] received at 2023-07-18 19:03:14.406389132 UTC - from mc-11->source-9 "548" 19:03:14.399931353
[2023-07-18T19:03:16Z INFO  dt_instance] received at 2023-07-18 19:03:16.907205773 UTC - from mc-11->source-9 "553" 19:03:16.905905431
[2023-07-18T19:03:19Z INFO  dt_instance] received at 2023-07-18 19:03:19.414097593 UTC - from mc-11->source-3 "573" 19:03:19.412659308
[2023-07-18T19:03:21Z INFO  dt_instance] received at 2023-07-18 19:03:21.920541638 UTC - from mc-11->source-9 "563" 19:03:21.917520168
[2023-07-18T19:03:24Z INFO  dt_instance] received at 2023-07-18 19:03:24.435449948 UTC - from mc-11->source-9 "568" 19:03:24.434314773
[2023-07-18T19:03:26Z INFO  dt_instance] received at 2023-07-18 19:03:26.944126522 UTC - from mc-11->source-9 "573" 19:03:26.942328853
[2023-07-18T19:03:29Z INFO  dt_instance] received at 2023-07-18 19:03:29.451645233 UTC - from mc-11->source-9 "578" 19:03:29.449109988
[2023-07-18T19:03:31Z INFO  dt_instance] received at 2023-07-18 19:03:31.956129 UTC - from mc-11->source-3 "598" 19:03:31.955338022
[2023-07-18T19:03:34Z INFO  dt_instance] received at 2023-07-18 19:03:34.468430484 UTC - from mc-11->source-3 "603" 19:03:34.467181778
[2023-07-18T19:03:36Z INFO  dt_instance] received at 2023-07-18 19:03:36.975295960 UTC - from mc-11->source-9 "593" 19:03:36.973883547
[2023-07-18T19:03:39Z INFO  dt_instance] received at 2023-07-18 19:03:39.484263987 UTC - from mc-11->source-9 "598" 19:03:39.480757021
[2023-07-18T19:03:41Z INFO  dt_instance] received at 2023-07-18 19:03:41.987693482 UTC - from mc-11->source-9 "603" 19:03:41.986322888
[2023-07-18T19:03:44Z INFO  dt_instance] received at 2023-07-18 19:03:44.494556944 UTC - from mc-11->source-9 "608" 19:03:44.492348640
[2023-07-18T19:03:46Z INFO  dt_instance] received at 2023-07-18 19:03:46.998929034 UTC - from mc-11->source-9 "613" 19:03:46.997658821
[2023-07-18T19:03:49Z INFO  dt_instance] received at 2023-07-18 19:03:49.506171829 UTC - from mc-11->source-9 "618" 19:03:49.504663227
[2023-07-18T19:03:52Z INFO  dt_instance] received at 2023-07-18 19:03:52.012179567 UTC - from mc-11->source-9 "623" 19:03:52.011044060
[2023-07-18T19:03:54Z INFO  dt_instance] received at 2023-07-18 19:03:54.525916081 UTC - from mc-11->source-9 "628" 19:03:54.515482530
[2023-07-18T19:03:57Z INFO  dt_instance] received at 2023-07-18 19:03:57.022674605 UTC - from mc-11->source-3 "648" 19:03:57.021342276
[2023-07-18T19:03:59Z INFO  dt_instance] received at 2023-07-18 19:03:59.528828779 UTC - from mc-11->source-9 "638" 19:03:59.527353796
[2023-07-18T19:04:02Z INFO  dt_instance] received at 2023-07-18 19:04:02.036611884 UTC - from mc-11->source-9 "643" 19:04:02.032405924
[2023-07-18T19:04:04Z INFO  dt_instance] received at 2023-07-18 19:04:04.540857665 UTC - from mc-11->source-9 "648" 19:04:04.539613536
[2023-07-18T19:04:07Z INFO  dt_instance] received at 2023-07-18 19:04:07.048053455 UTC - from mc-11->source-9 "653" 19:04:07.046717457
[2023-07-18T19:04:09Z INFO  dt_instance] received at 2023-07-18 19:04:09.556884079 UTC - from mc-11->source-9 "658" 19:04:09.555326784
[2023-07-18T19:04:12Z INFO  dt_instance] received at 2023-07-18 19:04:12.063600634 UTC - from mc-11->source-9 "663" 19:04:12.062201418
[2023-07-18T19:04:14Z INFO  dt_instance] received at 2023-07-18 19:04:14.574580308 UTC - from mc-11->source-9 "668" 19:04:14.568929855
[2023-07-18T19:04:17Z INFO  dt_instance] received at 2023-07-18 19:04:17.075800406 UTC - from mc-11->source-9 "673" 19:04:17.074434701
[2023-07-18T19:04:19Z INFO  dt_instance] received at 2023-07-18 19:04:19.589260626 UTC - from mc-11->source-5 "688" 19:04:19.555270135
[2023-07-18T19:04:22Z INFO  dt_instance] received at 2023-07-18 19:04:22.087331395 UTC - from mc-11->source-9 "683" 19:04:22.085781467
[2023-07-18T19:04:24Z INFO  dt_instance] received at 2023-07-18 19:04:24.593041227 UTC - from mc-11->source-9 "688" 19:04:24.590527131
[2023-07-18T19:04:27Z INFO  dt_instance] received at 2023-07-18 19:04:27.097821788 UTC - from mc-11->source-9 "693" 19:04:27.096592588
[2023-07-18T19:04:29Z INFO  dt_instance] received at 2023-07-18 19:04:29.605991059 UTC - from mc-11->source-9 "698" 19:04:29.602908692
[2023-07-18T19:04:32Z INFO  dt_instance] received at 2023-07-18 19:04:32.111850999 UTC - from mc-11->source-9 "703" 19:04:32.109181249
[2023-07-18T19:04:34Z INFO  dt_instance] received at 2023-07-18 19:04:34.616123456 UTC - from mc-11->source-9 "708" 19:04:34.614754705
[2023-07-18T19:04:37Z INFO  dt_instance] received at 2023-07-18 19:04:37.121559310 UTC - from mc-11->source-9 "713" 19:04:37.120142249
[2023-07-18T19:04:39Z INFO  dt_instance] received at 2023-07-18 19:04:39.626583926 UTC - from mc-11->source-9 "718" 19:04:39.625098953
[2023-07-18T19:04:42Z INFO  dt_instance] received at 2023-07-18 19:04:42.135333836 UTC - from mc-11->source-9 "723" 19:04:42.131090327
[2023-07-18T19:04:44Z INFO  dt_instance] received at 2023-07-18 19:04:44.638927711 UTC - from mc-11->source-9 "728" 19:04:44.637494560
[2023-07-18T19:04:47Z INFO  dt_instance] received at 2023-07-18 19:04:47.145713208 UTC - from mc-11->source-9 "733" 19:04:47.144042433
[2023-07-18T19:04:49Z INFO  dt_instance] received at 2023-07-18 19:04:49.651045598 UTC - from mc-11->source-9 "738" 19:04:49.649611114
[2023-07-18T19:04:52Z INFO  dt_instance] received at 2023-07-18 19:04:52.157463734 UTC - from mc-11->source-9 "743" 19:04:52.154970798
[2023-07-18T19:04:54Z INFO  dt_instance] received at 2023-07-18 19:04:54.660911513 UTC - from mc-11->source-9 "748" 19:04:54.659671204
[2023-07-18T19:04:57Z INFO  dt_instance] received at 2023-07-18 19:04:57.167569887 UTC - from mc-11->source-9 "753" 19:04:57.164915350
[2023-07-18T19:04:59Z INFO  dt_instance] received at 2023-07-18 19:04:59.673930177 UTC - from mc-11->source-9 "758" 19:04:59.672254412
[2023-07-18T19:05:02Z INFO  dt_instance] received at 2023-07-18 19:05:02.182335616 UTC - from mc-11->source-9 "763" 19:05:02.180373155
[2023-07-18T19:05:04Z INFO  dt_instance] received at 2023-07-18 19:05:04.688839865 UTC - from mc-11->source-9 "768" 19:05:04.687484641
[2023-07-18T19:05:07Z INFO  dt_instance] received at 2023-07-18 19:05:07.194532551 UTC - from mc-11->source-9 "773" 19:05:07.193111676
[2023-07-18T19:05:09Z INFO  dt_instance] received at 2023-07-18 19:05:09.699486786 UTC - from mc-11->source-9 "778" 19:05:09.698412223
[2023-07-18T19:05:12Z INFO  dt_instance] received at 2023-07-18 19:05:12.207367535 UTC - from mc-11->source-9 "783" 19:05:12.203750887
[2023-07-18T19:05:14Z INFO  dt_instance] received at 2023-07-18 19:05:14.710350668 UTC - from mc-11->source-9 "788" 19:05:14.708970391
[2023-07-18T19:05:17Z INFO  dt_instance] received at 2023-07-18 19:05:17.216513752 UTC - from mc-11->source-9 "793" 19:05:17.214974421
[2023-07-18T19:05:19Z INFO  dt_instance] received at 2023-07-18 19:05:19.723748309 UTC - from mc-11->source-9 "798" 19:05:19.722448146
[2023-07-18T19:05:22Z INFO  dt_instance] received at 2023-07-18 19:05:22.231283746 UTC - from mc-11->source-9 "803" 19:05:22.229894624
[2023-07-18T19:05:24Z INFO  dt_instance] received at 2023-07-18 19:05:24.737434347 UTC - from mc-11->source-9 "808" 19:05:24.736288188
[2023-07-18T19:05:27Z INFO  dt_instance] received at 2023-07-18 19:05:27.244735895 UTC - from mc-11->source-9 "813" 19:05:27.243510731
[2023-07-18T19:05:29Z INFO  dt_instance] received at 2023-07-18 19:05:29.751271151 UTC - from mc-11->source-9 "818" 19:05:29.749130847
[2023-07-18T19:05:32Z INFO  dt_instance] received at 2023-07-18 19:05:32.266460829 UTC - from mc-11->source-9 "823" 19:05:32.264982720
[2023-07-18T19:05:34Z INFO  dt_instance] received at 2023-07-18 19:05:34.771913022 UTC - from mc-11->source-9 "828" 19:05:34.770768583
[2023-07-18T19:05:37Z INFO  dt_instance] received at 2023-07-18 19:05:37.277529931 UTC - from mc-11->source-9 "833" 19:05:37.275874844
[2023-07-18T19:05:39Z INFO  dt_instance] received at 2023-07-18 19:05:39.788691519 UTC - from mc-11->source-9 "838" 19:05:39.787188418
[2023-07-18T19:05:42Z INFO  dt_instance] received at 2023-07-18 19:05:42.295391359 UTC - from mc-11->source-9 "843" 19:05:42.294539151
[2023-07-18T19:05:44Z INFO  dt_instance] received at 2023-07-18 19:05:44.802208711 UTC - from mc-11->source-9 "848" 19:05:44.800532429
[2023-07-18T19:05:47Z INFO  dt_instance] received at 2023-07-18 19:05:47.308187885 UTC - from mc-11->source-9 "853" 19:05:47.306733953
[2023-07-18T19:05:49Z INFO  dt_instance] received at 2023-07-18 19:05:49.814614646 UTC - from mc-11->source-9 "858" 19:05:49.813036708
[2023-07-18T19:05:52Z INFO  dt_instance] received at 2023-07-18 19:05:52.319064758 UTC - from mc-11->source-9 "863" 19:05:52.317961336
[2023-07-18T19:05:54Z INFO  dt_instance] received at 2023-07-18 19:05:54.824786336 UTC - from mc-11->source-9 "868" 19:05:54.823583446
[2023-07-18T19:05:57Z INFO  dt_instance] received at 2023-07-18 19:05:57.332800187 UTC - from mc-11->source-9 "873" 19:05:57.328815603
[2023-07-18T19:05:59Z INFO  dt_instance] received at 2023-07-18 19:05:59.834861844 UTC - from mc-11->source-9 "878" 19:05:59.833331029
[2023-07-18T19:06:02Z INFO  dt_instance] received at 2023-07-18 19:06:02.343878051 UTC - from mc-11->source-9 "883" 19:06:02.341985798
[2023-07-18T19:06:04Z INFO  dt_instance] received at 2023-07-18 19:06:04.849002827 UTC - from mc-11->source-9 "888" 19:06:04.847247291
[2023-07-18T19:06:07Z INFO  dt_instance] received at 2023-07-18 19:06:07.355802455 UTC - from mc-11->source-9 "893" 19:06:07.354320674
[2023-07-18T19:06:09Z INFO  dt_instance] received at 2023-07-18 19:06:09.860963951 UTC - from mc-11->source-9 "898" 19:06:09.859588979
[2023-07-18T19:06:12Z INFO  dt_instance] received at 2023-07-18 19:06:12.367530430 UTC - from mc-11->source-9 "903" 19:06:12.364579955
[2023-07-18T19:06:14Z INFO  dt_instance] received at 2023-07-18 19:06:14.872160983 UTC - from mc-11->source-9 "908" 19:06:14.870437629
[2023-07-18T19:06:17Z INFO  dt_instance] received at 2023-07-18 19:06:17.377048052 UTC - from mc-11->source-9 "913" 19:06:17.375323340
[2023-07-18T19:06:19Z INFO  dt_instance] received at 2023-07-18 19:06:19.884830772 UTC - from mc-11->source-9 "918" 19:06:19.882175593
[2023-07-18T19:06:22Z INFO  dt_instance] received at 2023-07-18 19:06:22.388025152 UTC - from mc-11->source-9 "923" 19:06:22.386865859
[2023-07-18T19:06:24Z INFO  dt_instance] received at 2023-07-18 19:06:24.894495161 UTC - from mc-11->source-9 "928" 19:06:24.892534207
[2023-07-18T19:06:27Z INFO  dt_instance] received at 2023-07-18 19:06:27.401002093 UTC - from mc-11->source-9 "933" 19:06:27.399628804
[2023-07-18T19:06:29Z INFO  dt_instance] received at 2023-07-18 19:06:29.906852338 UTC - from mc-11->source-9 "938" 19:06:29.905497741
[2023-07-18T19:06:32Z INFO  dt_instance] received at 2023-07-18 19:06:32.412119981 UTC - from mc-11->source-9 "943" 19:06:32.410874843
[2023-07-18T19:06:34Z INFO  dt_instance] received at 2023-07-18 19:06:34.918850848 UTC - from mc-11->source-9 "948" 19:06:34.917447318
[2023-07-18T19:06:37Z INFO  dt_instance] received at 2023-07-18 19:06:37.424959507 UTC - from mc-11->source-9 "953" 19:06:37.423436215
[2023-07-18T19:06:39Z INFO  dt_instance] received at 2023-07-18 19:06:39.930948519 UTC - from mc-11->source-9 "958" 19:06:39.929631365
[2023-07-18T19:06:42Z INFO  dt_instance] received at 2023-07-18 19:06:42.437755509 UTC - from mc-11->source-9 "963" 19:06:42.435289156
[2023-07-18T19:06:44Z INFO  dt_instance] received at 2023-07-18 19:06:44.942144293 UTC - from mc-11->source-9 "968" 19:06:44.940690890
[2023-07-18T19:06:47Z INFO  dt_instance] received at 2023-07-18 19:06:47.448980523 UTC - from mc-11->source-9 "973" 19:06:47.447465743
[2023-07-18T19:06:50Z INFO  dt_instance] received at 2023-07-18 19:06:50.163985757 UTC - from mc-11->source-8 "981" 19:06:50.162859811
[2023-07-18T19:06:53Z INFO  dt_instance] received at 2023-07-18 19:06:53.426545133 UTC - from mc-11->source-5 "995" 19:06:53.424997395
[2023-07-18T19:07:00Z INFO  dt_instance] received at 2023-07-18 19:07:00.486940315 UTC - from mc-11->source-9 "999" 19:07:00.485469849
