[2023-06-27T18:01:50Z INFO  dt_instance] Current Twin: mc-twin-6
[2023-06-27T18:01:50Z INFO  dt_instance] Replica Name twin-mc-stateful-6
[2023-06-27T18:01:50Z INFO  dt_instance] Sleeping for 300
[2023-06-27T18:06:50Z INFO  dt_instance] Connecting to broker at emqx.dtwins:1883
[2023-06-27T18:06:50Z INFO  dt_instance] Loggin info each 50 messages
[2023-06-27T18:06:50Z INFO  dt_instance] Set max packet size to 60000 KB.
[2023-06-27T18:06:50Z INFO  dt_instance] Refreshing topics for twin - Listen to mc-6/#
[2023-06-27T18:06:50Z INFO  dt_instance] SubAck { pkid: 1, return_codes: [Success(ExactlyOnce)] }
[2023-06-27T18:07:56Z INFO  dt_instance] received at 2023-06-27 18:07:56.115365651 UTC - from mc-6->source-2 "9" 18:07:56.114209709
[2023-06-27T18:07:59Z INFO  dt_instance] received at 2023-06-27 18:07:59.370040773 UTC - from mc-6->source-3 "13" 18:07:59.369007838
[2023-06-27T18:08:01Z INFO  dt_instance] received at 2023-06-27 18:08:01.880664899 UTC - from mc-6->source-1 "23" 18:08:01.878950220
[2023-06-27T18:08:04Z INFO  dt_instance] received at 2023-06-27 18:08:04.385692806 UTC - from mc-6->source-1 "28" 18:08:04.384696171
[2023-06-27T18:08:06Z INFO  dt_instance] received at 2023-06-27 18:08:06.890920961 UTC - from mc-6->source-1 "33" 18:08:06.889922050
[2023-06-27T18:08:09Z INFO  dt_instance] received at 2023-06-27 18:08:09.395441959 UTC - from mc-6->source-1 "38" 18:08:09.394613666
[2023-06-27T18:08:11Z INFO  dt_instance] received at 2023-06-27 18:08:11.902255041 UTC - from mc-6->source-1 "43" 18:08:11.901199999
[2023-06-27T18:08:14Z INFO  dt_instance] received at 2023-06-27 18:08:14.407442183 UTC - from mc-6->source-1 "48" 18:08:14.406378512
[2023-06-27T18:08:16Z INFO  dt_instance] received at 2023-06-27 18:08:16.911734225 UTC - from mc-6->source-1 "53" 18:08:16.910840422
[2023-06-27T18:08:19Z INFO  dt_instance] received at 2023-06-27 18:08:19.419183354 UTC - from mc-6->source-1 "58" 18:08:19.417421669
[2023-06-27T18:08:21Z INFO  dt_instance] received at 2023-06-27 18:08:21.927074771 UTC - from mc-6->source-1 "63" 18:08:21.923284870
[2023-06-27T18:08:24Z INFO  dt_instance] received at 2023-06-27 18:08:24.431699259 UTC - from mc-6->source-3 "63" 18:08:24.430657533
[2023-06-27T18:08:26Z INFO  dt_instance] received at 2023-06-27 18:08:26.944430002 UTC - from mc-6->source-1 "73" 18:08:26.943649410
[2023-06-27T18:08:29Z INFO  dt_instance] received at 2023-06-27 18:08:29.449948244 UTC - from mc-6->source-1 "78" 18:08:29.449206051
[2023-06-27T18:08:31Z INFO  dt_instance] received at 2023-06-27 18:08:31.956814390 UTC - from mc-6->source-1 "83" 18:08:31.955582358
[2023-06-27T18:08:34Z INFO  dt_instance] received at 2023-06-27 18:08:34.461741924 UTC - from mc-6->source-1 "88" 18:08:34.460589131
[2023-06-27T18:08:36Z INFO  dt_instance] received at 2023-06-27 18:08:36.968154456 UTC - from mc-6->source-1 "93" 18:08:36.967202595
[2023-06-27T18:08:39Z INFO  dt_instance] received at 2023-06-27 18:08:39.473457280 UTC - from mc-6->source-1 "98" 18:08:39.472210387
[2023-06-27T18:08:41Z INFO  dt_instance] received at 2023-06-27 18:08:41.978339938 UTC - from mc-6->source-1 "103" 18:08:41.977340263
[2023-06-27T18:08:44Z INFO  dt_instance] received at 2023-06-27 18:08:44.485722993 UTC - from mc-6->source-1 "108" 18:08:44.484694675
[2023-06-27T18:08:46Z INFO  dt_instance] received at 2023-06-27 18:08:46.991666265 UTC - from mc-6->source-1 "113" 18:08:46.990638008
[2023-06-27T18:08:49Z INFO  dt_instance] received at 2023-06-27 18:08:49.498048030 UTC - from mc-6->source-1 "118" 18:08:49.497042969
[2023-06-27T18:08:52Z INFO  dt_instance] received at 2023-06-27 18:08:52.007039653 UTC - from mc-6->source-3 "118" 18:08:52.006007066
[2023-06-27T18:08:54Z INFO  dt_instance] received at 2023-06-27 18:08:54.514167521 UTC - from mc-6->source-3 "123" 18:08:54.513262872
[2023-06-27T18:08:57Z INFO  dt_instance] received at 2023-06-27 18:08:57.018810468 UTC - from mc-6->source-1 "133" 18:08:57.017822204
[2023-06-27T18:08:59Z INFO  dt_instance] received at 2023-06-27 18:08:59.525631990 UTC - from mc-6->source-3 "133" 18:08:59.524383580
[2023-06-27T18:09:02Z INFO  dt_instance] received at 2023-06-27 18:09:02.030856491 UTC - from mc-6->source-3 "138" 18:09:02.029591186
[2023-06-27T18:09:04Z INFO  dt_instance] received at 2023-06-27 18:09:04.543933220 UTC - from mc-6->source-3 "143" 18:09:04.542463090
[2023-06-27T18:09:07Z INFO  dt_instance] received at 2023-06-27 18:09:07.047845397 UTC - from mc-6->source-3 "148" 18:09:07.046899560
[2023-06-27T18:09:09Z INFO  dt_instance] received at 2023-06-27 18:09:09.554228293 UTC - from mc-6->source-3 "153" 18:09:09.553101261
[2023-06-27T18:09:12Z INFO  dt_instance] received at 2023-06-27 18:09:12.062320940 UTC - from mc-6->source-3 "158" 18:09:12.061447395
[2023-06-27T18:09:14Z INFO  dt_instance] received at 2023-06-27 18:09:14.567356354 UTC - from mc-6->source-3 "163" 18:09:14.566085171
[2023-06-27T18:09:17Z INFO  dt_instance] received at 2023-06-27 18:09:17.072272545 UTC - from mc-6->source-3 "168" 18:09:17.071226
[2023-06-27T18:09:19Z INFO  dt_instance] received at 2023-06-27 18:09:19.577712989 UTC - from mc-6->source-3 "173" 18:09:19.576701047
[2023-06-27T18:09:22Z INFO  dt_instance] received at 2023-06-27 18:09:22.083597697 UTC - from mc-6->source-3 "178" 18:09:22.082584620
[2023-06-27T18:09:24Z INFO  dt_instance] received at 2023-06-27 18:09:24.588935737 UTC - from mc-6->source-3 "183" 18:09:24.587816759
[2023-06-27T18:09:27Z INFO  dt_instance] received at 2023-06-27 18:09:27.094126328 UTC - from mc-6->source-3 "188" 18:09:27.092810033
[2023-06-27T18:09:29Z INFO  dt_instance] received at 2023-06-27 18:09:29.599549477 UTC - from mc-6->source-3 "193" 18:09:29.598753827
[2023-06-27T18:09:32Z INFO  dt_instance] received at 2023-06-27 18:09:32.108715216 UTC - from mc-6->source-3 "198" 18:09:32.105241226
[2023-06-27T18:09:34Z INFO  dt_instance] received at 2023-06-27 18:09:34.610738651 UTC - from mc-6->source-3 "203" 18:09:34.609677964
[2023-06-27T18:09:37Z INFO  dt_instance] received at 2023-06-27 18:09:37.116063275 UTC - from mc-6->source-3 "208" 18:09:37.114776922
[2023-06-27T18:09:39Z INFO  dt_instance] received at 2023-06-27 18:09:39.622129135 UTC - from mc-6->source-3 "213" 18:09:39.620952837
[2023-06-27T18:09:42Z INFO  dt_instance] received at 2023-06-27 18:09:42.127273355 UTC - from mc-6->source-3 "218" 18:09:42.126420275
[2023-06-27T18:09:44Z INFO  dt_instance] received at 2023-06-27 18:09:44.644105111 UTC - from mc-6->source-3 "223" 18:09:44.631367462
[2023-06-27T18:09:47Z INFO  dt_instance] received at 2023-06-27 18:09:47.137109153 UTC - from mc-6->source-3 "228" 18:09:47.136142033
[2023-06-27T18:09:49Z INFO  dt_instance] received at 2023-06-27 18:09:49.643609061 UTC - from mc-6->source-3 "233" 18:09:49.642610647
[2023-06-27T18:09:52Z INFO  dt_instance] received at 2023-06-27 18:09:52.150964857 UTC - from mc-6->source-3 "238" 18:09:52.150027151
[2023-06-27T18:09:54Z INFO  dt_instance] received at 2023-06-27 18:09:54.658325667 UTC - from mc-6->source-3 "243" 18:09:54.655122103
[2023-06-27T18:09:57Z INFO  dt_instance] received at 2023-06-27 18:09:57.162058975 UTC - from mc-6->source-3 "248" 18:09:57.160812886
[2023-06-27T18:09:59Z INFO  dt_instance] received at 2023-06-27 18:09:59.667073158 UTC - from mc-6->source-3 "253" 18:09:59.666184829
[2023-06-27T18:10:02Z INFO  dt_instance] received at 2023-06-27 18:10:02.174273483 UTC - from mc-6->source-3 "258" 18:10:02.170746320
[2023-06-27T18:10:04Z INFO  dt_instance] received at 2023-06-27 18:10:04.677200164 UTC - from mc-6->source-3 "263" 18:10:04.676263477
[2023-06-27T18:10:07Z INFO  dt_instance] received at 2023-06-27 18:10:07.181549127 UTC - from mc-6->source-3 "268" 18:10:07.180832054
[2023-06-27T18:10:09Z INFO  dt_instance] received at 2023-06-27 18:10:09.688286611 UTC - from mc-6->source-3 "273" 18:10:09.687354357
[2023-06-27T18:10:12Z INFO  dt_instance] received at 2023-06-27 18:10:12.192987157 UTC - from mc-6->source-3 "278" 18:10:12.191785827
[2023-06-27T18:10:14Z INFO  dt_instance] received at 2023-06-27 18:10:14.703007116 UTC - from mc-6->source-3 "283" 18:10:14.699201475
[2023-06-27T18:10:17Z INFO  dt_instance] received at 2023-06-27 18:10:17.205431673 UTC - from mc-6->source-3 "288" 18:10:17.204337299
[2023-06-27T18:10:19Z INFO  dt_instance] received at 2023-06-27 18:10:19.710272939 UTC - from mc-6->source-3 "293" 18:10:19.709255096
[2023-06-27T18:10:22Z INFO  dt_instance] received at 2023-06-27 18:10:22.214662359 UTC - from mc-6->source-3 "298" 18:10:22.213624935
[2023-06-27T18:10:24Z INFO  dt_instance] received at 2023-06-27 18:10:24.721414373 UTC - from mc-6->source-3 "303" 18:10:24.720456007
[2023-06-27T18:10:27Z INFO  dt_instance] received at 2023-06-27 18:10:27.225747697 UTC - from mc-6->source-3 "308" 18:10:27.224740853
[2023-06-27T18:10:29Z INFO  dt_instance] received at 2023-06-27 18:10:29.732339533 UTC - from mc-6->source-7 "303" 18:10:29.730628592
[2023-06-27T18:10:32Z INFO  dt_instance] received at 2023-06-27 18:10:32.242868558 UTC - from mc-6->source-3 "318" 18:10:32.239424500
[2023-06-27T18:10:34Z INFO  dt_instance] received at 2023-06-27 18:10:34.745350929 UTC - from mc-6->source-3 "323" 18:10:34.744871749
[2023-06-27T18:10:37Z INFO  dt_instance] received at 2023-06-27 18:10:37.251111189 UTC - from mc-6->source-3 "328" 18:10:37.250240297
[2023-06-27T18:10:39Z INFO  dt_instance] received at 2023-06-27 18:10:39.767327423 UTC - from mc-6->source-3 "333" 18:10:39.762228651
[2023-06-27T18:10:42Z INFO  dt_instance] received at 2023-06-27 18:10:42.272351729 UTC - from mc-6->source-7 "328" 18:10:42.269506463
[2023-06-27T18:10:44Z INFO  dt_instance] received at 2023-06-27 18:10:44.778959798 UTC - from mc-6->source-7 "333" 18:10:44.776648310
[2023-06-27T18:10:47Z INFO  dt_instance] received at 2023-06-27 18:10:47.288907460 UTC - from mc-6->source-7 "338" 18:10:47.283632692
[2023-06-27T18:10:49Z INFO  dt_instance] received at 2023-06-27 18:10:49.790510668 UTC - from mc-6->source-7 "343" 18:10:49.789278978
[2023-06-27T18:10:52Z INFO  dt_instance] received at 2023-06-27 18:10:52.297225019 UTC - from mc-6->source-3 "358" 18:10:52.295989375
[2023-06-27T18:10:54Z INFO  dt_instance] received at 2023-06-27 18:10:54.804482642 UTC - from mc-6->source-7 "353" 18:10:54.803637558
[2023-06-27T18:10:57Z INFO  dt_instance] received at 2023-06-27 18:10:57.311001448 UTC - from mc-6->source-7 "358" 18:10:57.309801413
[2023-06-27T18:10:59Z INFO  dt_instance] received at 2023-06-27 18:10:59.818527622 UTC - from mc-6->source-7 "363" 18:10:59.816612814
[2023-06-27T18:11:02Z INFO  dt_instance] received at 2023-06-27 18:11:02.326490697 UTC - from mc-6->source-7 "368" 18:11:02.323336087
[2023-06-27T18:11:04Z INFO  dt_instance] received at 2023-06-27 18:11:04.831703734 UTC - from mc-6->source-7 "373" 18:11:04.829667365
[2023-06-27T18:11:07Z INFO  dt_instance] received at 2023-06-27 18:11:07.338875757 UTC - from mc-6->source-7 "378" 18:11:07.336679797
[2023-06-27T18:11:09Z INFO  dt_instance] received at 2023-06-27 18:11:09.844946503 UTC - from mc-6->source-7 "383" 18:11:09.843543373
[2023-06-27T18:11:12Z INFO  dt_instance] received at 2023-06-27 18:11:12.350336313 UTC - from mc-6->source-7 "388" 18:11:12.348937037
[2023-06-27T18:11:14Z INFO  dt_instance] received at 2023-06-27 18:11:14.856037047 UTC - from mc-6->source-7 "393" 18:11:14.854140481
[2023-06-27T18:11:17Z INFO  dt_instance] received at 2023-06-27 18:11:17.360310855 UTC - from mc-6->source-7 "398" 18:11:17.358991737
[2023-06-27T18:11:19Z INFO  dt_instance] received at 2023-06-27 18:11:19.865409632 UTC - from mc-6->source-7 "403" 18:11:19.864206308
[2023-06-27T18:11:22Z INFO  dt_instance] received at 2023-06-27 18:11:22.373045347 UTC - from mc-6->source-5 "413" 18:11:22.371783185
[2023-06-27T18:11:24Z INFO  dt_instance] received at 2023-06-27 18:11:24.878797574 UTC - from mc-6->source-1 "428" 18:11:24.877545216
[2023-06-27T18:11:27Z INFO  dt_instance] received at 2023-06-27 18:11:27.383821591 UTC - from mc-6->source-1 "433" 18:11:27.382714759
[2023-06-27T18:11:29Z INFO  dt_instance] received at 2023-06-27 18:11:29.891743155 UTC - from mc-6->source-1 "438" 18:11:29.890561669
[2023-06-27T18:11:32Z INFO  dt_instance] received at 2023-06-27 18:11:32.397984093 UTC - from mc-6->source-1 "443" 18:11:32.397123715
[2023-06-27T18:11:34Z INFO  dt_instance] received at 2023-06-27 18:11:34.906498163 UTC - from mc-6->source-1 "448" 18:11:34.902612387
[2023-06-27T18:11:37Z INFO  dt_instance] received at 2023-06-27 18:11:37.409481675 UTC - from mc-6->source-1 "453" 18:11:37.407826514
[2023-06-27T18:11:39Z INFO  dt_instance] received at 2023-06-27 18:11:39.915958685 UTC - from mc-6->source-7 "443" 18:11:39.914050767
[2023-06-27T18:11:42Z INFO  dt_instance] received at 2023-06-27 18:11:42.424402463 UTC - from mc-6->source-7 "448" 18:11:42.422858896
[2023-06-27T18:11:44Z INFO  dt_instance] received at 2023-06-27 18:11:44.928827400 UTC - from mc-6->source-7 "453" 18:11:44.927846953
[2023-06-27T18:11:47Z INFO  dt_instance] received at 2023-06-27 18:11:47.434761967 UTC - from mc-6->source-7 "458" 18:11:47.433568393
[2023-06-27T18:11:49Z INFO  dt_instance] received at 2023-06-27 18:11:49.940916337 UTC - from mc-6->source-5 "468" 18:11:49.939917805
[2023-06-27T18:11:52Z INFO  dt_instance] received at 2023-06-27 18:11:52.446815320 UTC - from mc-6->source-7 "468" 18:11:52.445031791
[2023-06-27T18:11:54Z INFO  dt_instance] received at 2023-06-27 18:11:54.952783643 UTC - from mc-6->source-1 "488" 18:11:54.950621115
[2023-06-27T18:11:57Z INFO  dt_instance] received at 2023-06-27 18:11:57.460248473 UTC - from mc-6->source-7 "478" 18:11:57.458652368
[2023-06-27T18:11:59Z INFO  dt_instance] received at 2023-06-27 18:11:59.966127119 UTC - from mc-6->source-7 "483" 18:11:59.963875338
[2023-06-27T18:12:02Z INFO  dt_instance] received at 2023-06-27 18:12:02.474484519 UTC - from mc-6->source-1 "503" 18:12:02.473030997
[2023-06-27T18:12:04Z INFO  dt_instance] received at 2023-06-27 18:12:04.981810376 UTC - from mc-6->source-7 "493" 18:12:04.979839970
[2023-06-27T18:12:07Z INFO  dt_instance] received at 2023-06-27 18:12:07.489967301 UTC - from mc-6->source-7 "498" 18:12:07.485773121
[2023-06-27T18:12:09Z INFO  dt_instance] received at 2023-06-27 18:12:09.996225581 UTC - from mc-6->source-7 "503" 18:12:09.992968904
[2023-06-27T18:12:12Z INFO  dt_instance] received at 2023-06-27 18:12:12.504155369 UTC - from mc-6->source-1 "523" 18:12:12.503153166
[2023-06-27T18:12:15Z INFO  dt_instance] received at 2023-06-27 18:12:15.010053076 UTC - from mc-6->source-1 "528" 18:12:15.008722613
[2023-06-27T18:12:17Z INFO  dt_instance] received at 2023-06-27 18:12:17.518234662 UTC - from mc-6->source-7 "518" 18:12:17.514896964
[2023-06-27T18:12:20Z INFO  dt_instance] received at 2023-06-27 18:12:20.023575907 UTC - from mc-6->source-7 "523" 18:12:20.021925465
[2023-06-27T18:12:22Z INFO  dt_instance] received at 2023-06-27 18:12:22.530023526 UTC - from mc-6->source-1 "543" 18:12:22.528897878
[2023-06-27T18:12:25Z INFO  dt_instance] received at 2023-06-27 18:12:25.036033147 UTC - from mc-6->source-1 "548" 18:12:25.035073836
[2023-06-27T18:12:27Z INFO  dt_instance] received at 2023-06-27 18:12:27.543784505 UTC - from mc-6->source-7 "538" 18:12:27.540163808
[2023-06-27T18:12:30Z INFO  dt_instance] received at 2023-06-27 18:12:30.048802355 UTC - from mc-6->source-1 "558" 18:12:30.046742944
[2023-06-27T18:12:32Z INFO  dt_instance] received at 2023-06-27 18:12:32.555548307 UTC - from mc-6->source-7 "548" 18:12:32.554274871
[2023-06-27T18:12:35Z INFO  dt_instance] received at 2023-06-27 18:12:35.066043030 UTC - from mc-6->source-7 "553" 18:12:35.059263177
[2023-06-27T18:12:37Z INFO  dt_instance] received at 2023-06-27 18:12:37.568088269 UTC - from mc-6->source-1 "573" 18:12:37.566907991
[2023-06-27T18:12:40Z INFO  dt_instance] received at 2023-06-27 18:12:40.073739834 UTC - from mc-6->source-5 "568" 18:12:40.072765175
[2023-06-27T18:12:42Z INFO  dt_instance] received at 2023-06-27 18:12:42.583126335 UTC - from mc-6->source-7 "568" 18:12:42.579412348
[2023-06-27T18:12:45Z INFO  dt_instance] received at 2023-06-27 18:12:45.086461357 UTC - from mc-6->source-1 "588" 18:12:45.085637746
[2023-06-27T18:12:47Z INFO  dt_instance] received at 2023-06-27 18:12:47.594349446 UTC - from mc-6->source-1 "593" 18:12:47.593197089
[2023-06-27T18:12:50Z INFO  dt_instance] received at 2023-06-27 18:12:50.100393426 UTC - from mc-6->source-1 "598" 18:12:50.099299966
[2023-06-27T18:12:52Z INFO  dt_instance] received at 2023-06-27 18:12:52.605165443 UTC - from mc-6->source-1 "603" 18:12:52.604125441
[2023-06-27T18:12:55Z INFO  dt_instance] received at 2023-06-27 18:12:55.109781455 UTC - from mc-6->source-1 "608" 18:12:55.108672429
[2023-06-27T18:12:57Z INFO  dt_instance] received at 2023-06-27 18:12:57.616704599 UTC - from mc-6->source-7 "598" 18:12:57.614738508
[2023-06-27T18:13:00Z INFO  dt_instance] received at 2023-06-27 18:13:00.123960070 UTC - from mc-6->source-7 "603" 18:13:00.119911878
[2023-06-27T18:13:02Z INFO  dt_instance] received at 2023-06-27 18:13:02.628509999 UTC - from mc-6->source-1 "623" 18:13:02.626885893
[2023-06-27T18:13:05Z INFO  dt_instance] received at 2023-06-27 18:13:05.134979361 UTC - from mc-6->source-7 "613" 18:13:05.132795722
[2023-06-27T18:13:07Z INFO  dt_instance] received at 2023-06-27 18:13:07.641412550 UTC - from mc-6->source-7 "618" 18:13:07.639772714
[2023-06-27T18:13:10Z INFO  dt_instance] received at 2023-06-27 18:13:10.150053213 UTC - from mc-6->source-7 "623" 18:13:10.146511295
[2023-06-27T18:13:12Z INFO  dt_instance] received at 2023-06-27 18:13:12.654274157 UTC - from mc-6->source-7 "628" 18:13:12.653085335
[2023-06-27T18:13:15Z INFO  dt_instance] received at 2023-06-27 18:13:15.159662984 UTC - from mc-6->source-7 "633" 18:13:15.158093753
[2023-06-27T18:13:17Z INFO  dt_instance] received at 2023-06-27 18:13:17.667960544 UTC - from mc-6->source-7 "638" 18:13:17.664593243
[2023-06-27T18:13:20Z INFO  dt_instance] received at 2023-06-27 18:13:20.174113282 UTC - from mc-6->source-7 "643" 18:13:20.171128830
[2023-06-27T18:13:22Z INFO  dt_instance] received at 2023-06-27 18:13:22.681068739 UTC - from mc-6->source-7 "648" 18:13:22.677392327
[2023-06-27T18:13:25Z INFO  dt_instance] received at 2023-06-27 18:13:25.184295245 UTC - from mc-6->source-7 "653" 18:13:25.182883109
[2023-06-27T18:13:27Z INFO  dt_instance] received at 2023-06-27 18:13:27.689793996 UTC - from mc-6->source-5 "663" 18:13:27.688744995
[2023-06-27T18:13:30Z INFO  dt_instance] received at 2023-06-27 18:13:30.197718857 UTC - from mc-6->source-7 "663" 18:13:30.196578126
[2023-06-27T18:13:32Z INFO  dt_instance] received at 2023-06-27 18:13:32.703965381 UTC - from mc-6->source-7 "668" 18:13:32.702578108
[2023-06-27T18:13:35Z INFO  dt_instance] received at 2023-06-27 18:13:35.210937695 UTC - from mc-6->source-5 "678" 18:13:35.209458191
[2023-06-27T18:13:37Z INFO  dt_instance] received at 2023-06-27 18:13:37.719197806 UTC - from mc-6->source-5 "683" 18:13:37.715356832
[2023-06-27T18:13:40Z INFO  dt_instance] received at 2023-06-27 18:13:40.230334442 UTC - from mc-6->source-5 "688" 18:13:40.229578966
[2023-06-27T18:13:42Z INFO  dt_instance] received at 2023-06-27 18:13:42.736290679 UTC - from mc-6->source-5 "693" 18:13:42.735165358
[2023-06-27T18:13:45Z INFO  dt_instance] received at 2023-06-27 18:13:45.243099081 UTC - from mc-6->source-5 "698" 18:13:45.239984802
[2023-06-27T18:13:47Z INFO  dt_instance] received at 2023-06-27 18:13:47.748793703 UTC - from mc-6->source-5 "703" 18:13:47.746262049
[2023-06-27T18:13:50Z INFO  dt_instance] received at 2023-06-27 18:13:50.253912809 UTC - from mc-6->source-1 "718" 18:13:50.252652920
[2023-06-27T18:13:52Z INFO  dt_instance] received at 2023-06-27 18:13:52.761949288 UTC - from mc-6->source-5 "713" 18:13:52.758224447
[2023-06-27T18:13:55Z INFO  dt_instance] received at 2023-06-27 18:13:55.265272586 UTC - from mc-6->source-1 "728" 18:13:55.264241746
[2023-06-27T18:13:57Z INFO  dt_instance] received at 2023-06-27 18:13:57.771560700 UTC - from mc-6->source-1 "733" 18:13:57.770516343
[2023-06-27T18:14:00Z INFO  dt_instance] received at 2023-06-27 18:14:00.277417896 UTC - from mc-6->source-1 "738" 18:14:00.276376680
[2023-06-27T18:14:02Z INFO  dt_instance] received at 2023-06-27 18:14:02.783289464 UTC - from mc-6->source-1 "743" 18:14:02.781568993
[2023-06-27T18:14:05Z INFO  dt_instance] received at 2023-06-27 18:14:05.289485673 UTC - from mc-6->source-1 "748" 18:14:05.288469630
[2023-06-27T18:14:07Z INFO  dt_instance] received at 2023-06-27 18:14:07.810378326 UTC - from mc-6->source-5 "743" 18:14:07.806984876
[2023-06-27T18:14:10Z INFO  dt_instance] received at 2023-06-27 18:14:10.316198456 UTC - from mc-6->source-5 "748" 18:14:10.313015633
[2023-06-27T18:14:12Z INFO  dt_instance] received at 2023-06-27 18:14:12.819898980 UTC - from mc-6->source-5 "753" 18:14:12.818768622
[2023-06-27T18:14:15Z INFO  dt_instance] received at 2023-06-27 18:14:15.326187340 UTC - from mc-6->source-5 "758" 18:14:15.324581205
[2023-06-27T18:14:17Z INFO  dt_instance] received at 2023-06-27 18:14:17.831522864 UTC - from mc-6->source-5 "763" 18:14:17.830603294
[2023-06-27T18:14:20Z INFO  dt_instance] received at 2023-06-27 18:14:20.337777597 UTC - from mc-6->source-5 "768" 18:14:20.335895061
[2023-06-27T18:14:22Z INFO  dt_instance] received at 2023-06-27 18:14:22.843430954 UTC - from mc-6->source-5 "773" 18:14:22.842313207
[2023-06-27T18:14:25Z INFO  dt_instance] received at 2023-06-27 18:14:25.350097934 UTC - from mc-6->source-5 "778" 18:14:25.347375412
[2023-06-27T18:14:27Z INFO  dt_instance] received at 2023-06-27 18:14:27.853579217 UTC - from mc-6->source-5 "783" 18:14:27.852806545
[2023-06-27T18:14:30Z INFO  dt_instance] received at 2023-06-27 18:14:30.359324698 UTC - from mc-6->source-5 "788" 18:14:30.357940
[2023-06-27T18:14:32Z INFO  dt_instance] received at 2023-06-27 18:14:32.866911403 UTC - from mc-6->source-5 "793" 18:14:32.865425574
[2023-06-27T18:14:35Z INFO  dt_instance] received at 2023-06-27 18:14:35.374195732 UTC - from mc-6->source-1 "808" 18:14:35.370800076
[2023-06-27T18:14:37Z INFO  dt_instance] received at 2023-06-27 18:14:37.882423702 UTC - from mc-6->source-1 "813" 18:14:37.878693344
[2023-06-27T18:14:40Z INFO  dt_instance] received at 2023-06-27 18:14:40.387440423 UTC - from mc-6->source-1 "818" 18:14:40.384291874
[2023-06-27T18:14:42Z INFO  dt_instance] received at 2023-06-27 18:14:42.890482287 UTC - from mc-6->source-1 "823" 18:14:42.889052709
[2023-06-27T18:14:45Z INFO  dt_instance] received at 2023-06-27 18:14:45.395623536 UTC - from mc-6->source-1 "828" 18:14:45.394827283
[2023-06-27T18:14:47Z INFO  dt_instance] received at 2023-06-27 18:14:47.901574549 UTC - from mc-6->source-1 "833" 18:14:47.900687596
[2023-06-27T18:14:50Z INFO  dt_instance] received at 2023-06-27 18:14:50.408081403 UTC - from mc-6->source-1 "838" 18:14:50.405673309
[2023-06-27T18:14:52Z INFO  dt_instance] received at 2023-06-27 18:14:52.913278914 UTC - from mc-6->source-1 "843" 18:14:52.911156233
[2023-06-27T18:14:55Z INFO  dt_instance] received at 2023-06-27 18:14:55.421329554 UTC - from mc-6->source-1 "848" 18:14:55.417659124
[2023-06-27T18:14:57Z INFO  dt_instance] received at 2023-06-27 18:14:57.925183216 UTC - from mc-6->source-1 "853" 18:14:57.924302105
[2023-06-27T18:15:00Z INFO  dt_instance] received at 2023-06-27 18:15:00.429985877 UTC - from mc-6->source-5 "848" 18:15:00.429057718
[2023-06-27T18:15:02Z INFO  dt_instance] received at 2023-06-27 18:15:02.938013070 UTC - from mc-6->source-5 "853" 18:15:02.936493798
[2023-06-27T18:15:05Z INFO  dt_instance] received at 2023-06-27 18:15:05.443075968 UTC - from mc-6->source-1 "868" 18:15:05.440649397
[2023-06-27T18:15:07Z INFO  dt_instance] received at 2023-06-27 18:15:07.949396302 UTC - from mc-6->source-5 "863" 18:15:07.946175513
[2023-06-27T18:15:10Z INFO  dt_instance] received at 2023-06-27 18:15:10.455360466 UTC - from mc-6->source-5 "868" 18:15:10.451973370
[2023-06-27T18:15:12Z INFO  dt_instance] received at 2023-06-27 18:15:12.959085537 UTC - from mc-6->source-1 "883" 18:15:12.957663244
[2023-06-27T18:15:15Z INFO  dt_instance] received at 2023-06-27 18:15:15.464316243 UTC - from mc-6->source-5 "878" 18:15:15.463327351
[2023-06-27T18:15:17Z INFO  dt_instance] received at 2023-06-27 18:15:17.968945912 UTC - from mc-6->source-5 "883" 18:15:17.967717937
[2023-06-27T18:15:20Z INFO  dt_instance] received at 2023-06-27 18:15:20.474933511 UTC - from mc-6->source-5 "888" 18:15:20.473931304
[2023-06-27T18:15:22Z INFO  dt_instance] received at 2023-06-27 18:15:22.981191443 UTC - from mc-6->source-5 "893" 18:15:22.980042322
[2023-06-27T18:15:25Z INFO  dt_instance] received at 2023-06-27 18:15:25.488483736 UTC - from mc-6->source-5 "898" 18:15:25.485125111
[2023-06-27T18:15:27Z INFO  dt_instance] received at 2023-06-27 18:15:27.991834040 UTC - from mc-6->source-5 "903" 18:15:27.990631228
[2023-06-27T18:15:30Z INFO  dt_instance] received at 2023-06-27 18:15:30.498313395 UTC - from mc-6->source-5 "908" 18:15:30.497184577
[2023-06-27T18:15:33Z INFO  dt_instance] received at 2023-06-27 18:15:33.003299563 UTC - from mc-6->source-5 "913" 18:15:33.001731543
[2023-06-27T18:15:35Z INFO  dt_instance] received at 2023-06-27 18:15:35.508693542 UTC - from mc-6->source-1 "928" 18:15:35.507405075
[2023-06-27T18:15:38Z INFO  dt_instance] received at 2023-06-27 18:15:38.014017270 UTC - from mc-6->source-5 "923" 18:15:38.012831681
[2023-06-27T18:15:40Z INFO  dt_instance] received at 2023-06-27 18:15:40.520240024 UTC - from mc-6->source-5 "928" 18:15:40.518144888
[2023-06-27T18:15:43Z INFO  dt_instance] received at 2023-06-27 18:15:43.024455828 UTC - from mc-6->source-5 "933" 18:15:43.023621177
[2023-06-27T18:15:45Z INFO  dt_instance] received at 2023-06-27 18:15:45.531549501 UTC - from mc-6->source-5 "938" 18:15:45.528817953
[2023-06-27T18:15:48Z INFO  dt_instance] received at 2023-06-27 18:15:48.036434804 UTC - from mc-6->source-5 "943" 18:15:48.035509336
[2023-06-27T18:15:50Z INFO  dt_instance] received at 2023-06-27 18:15:50.543212024 UTC - from mc-6->source-5 "948" 18:15:50.542101891
[2023-06-27T18:15:53Z INFO  dt_instance] received at 2023-06-27 18:15:53.049675053 UTC - from mc-6->source-5 "953" 18:15:53.048088165
[2023-06-27T18:15:55Z INFO  dt_instance] received at 2023-06-27 18:15:55.554169190 UTC - from mc-6->source-5 "958" 18:15:55.553424323
[2023-06-27T18:15:58Z INFO  dt_instance] received at 2023-06-27 18:15:58.060061932 UTC - from mc-6->source-5 "963" 18:15:58.058697067
[2023-06-27T18:16:00Z INFO  dt_instance] received at 2023-06-27 18:16:00.564710124 UTC - from mc-6->source-5 "968" 18:16:00.563761526
[2023-06-27T18:16:03Z INFO  dt_instance] received at 2023-06-27 18:16:03.071550021 UTC - from mc-6->source-5 "973" 18:16:03.070425426
[2023-06-27T18:16:05Z INFO  dt_instance] received at 2023-06-27 18:16:05.579041167 UTC - from mc-6->source-5 "978" 18:16:05.578202176
[2023-06-27T18:16:08Z INFO  dt_instance] received at 2023-06-27 18:16:08.084592407 UTC - from mc-6->source-5 "983" 18:16:08.083557055
[2023-06-27T18:16:10Z INFO  dt_instance] received at 2023-06-27 18:16:10.784886428 UTC - from mc-6->source-2 "996" 18:16:10.783660285
[2023-06-27T18:16:14Z INFO  dt_instance] received at 2023-06-27 18:16:14.032757314 UTC - from mc-6->source-9 "985" 18:16:14.029629488
[2023-06-27T18:16:21Z INFO  dt_instance] received at 2023-06-27 18:16:21.047948410 UTC - from mc-6->source-9 "999" 18:16:21.046545729
