[2023-06-27T18:02:10Z INFO  dt_instance] Current Twin: mc-twin-11
[2023-06-27T18:02:10Z INFO  dt_instance] Replica Name twin-mc-stateful-11
[2023-06-27T18:02:10Z INFO  dt_instance] Sleeping for 550
[2023-06-27T18:11:20Z INFO  dt_instance] Connecting to broker at emqx.dtwins:1883
[2023-06-27T18:11:20Z INFO  dt_instance] Loggin info each 50 messages
[2023-06-27T18:11:20Z INFO  dt_instance] Set max packet size to 60000 KB.
[2023-06-27T18:11:20Z INFO  dt_instance] Refreshing topics for twin - Listen to mc-11/#
[2023-06-27T18:11:20Z INFO  dt_instance] SubAck { pkid: 1, return_codes: [Success(ExactlyOnce)] }
[2023-06-27T18:12:22Z INFO  dt_instance] received at 2023-06-27 18:12:22.735496404 UTC - from mc-11->source-2 "9" 18:12:22.732070898
[2023-06-27T18:12:25Z INFO  dt_instance] received at 2023-06-27 18:12:25.986936900 UTC - from mc-11->source-3 "13" 18:12:25.985912728
[2023-06-27T18:12:28Z INFO  dt_instance] received at 2023-06-27 18:12:28.503412766 UTC - from mc-11->source-1 "23" 18:12:28.502529566
[2023-06-27T18:12:31Z INFO  dt_instance] received at 2023-06-27 18:12:31.009476223 UTC - from mc-11->source-1 "28" 18:12:31.007560756
[2023-06-27T18:12:33Z INFO  dt_instance] received at 2023-06-27 18:12:33.514374399 UTC - from mc-11->source-1 "33" 18:12:33.513170853
[2023-06-27T18:12:36Z INFO  dt_instance] received at 2023-06-27 18:12:36.019527340 UTC - from mc-11->source-1 "38" 18:12:36.018275057
[2023-06-27T18:12:38Z INFO  dt_instance] received at 2023-06-27 18:12:38.526454957 UTC - from mc-11->source-1 "43" 18:12:38.523310948
[2023-06-27T18:12:41Z INFO  dt_instance] received at 2023-06-27 18:12:41.035731652 UTC - from mc-11->source-1 "48" 18:12:41.034492266
[2023-06-27T18:12:43Z INFO  dt_instance] received at 2023-06-27 18:12:43.540791217 UTC - from mc-11->source-1 "53" 18:12:43.539590665
[2023-06-27T18:12:46Z INFO  dt_instance] received at 2023-06-27 18:12:46.047112967 UTC - from mc-11->source-1 "58" 18:12:46.044575661
[2023-06-27T18:12:48Z INFO  dt_instance] received at 2023-06-27 18:12:48.551071999 UTC - from mc-11->source-1 "63" 18:12:48.549532242
[2023-06-27T18:12:51Z INFO  dt_instance] received at 2023-06-27 18:12:51.056695734 UTC - from mc-11->source-1 "68" 18:12:51.055547714
[2023-06-27T18:12:53Z INFO  dt_instance] received at 2023-06-27 18:12:53.561725189 UTC - from mc-11->source-1 "73" 18:12:53.560361663
[2023-06-27T18:12:56Z INFO  dt_instance] received at 2023-06-27 18:12:56.068594877 UTC - from mc-11->source-1 "78" 18:12:56.066533833
[2023-06-27T18:12:58Z INFO  dt_instance] received at 2023-06-27 18:12:58.572534558 UTC - from mc-11->source-1 "83" 18:12:58.571272149
[2023-06-27T18:13:01Z INFO  dt_instance] received at 2023-06-27 18:13:01.079759165 UTC - from mc-11->source-1 "88" 18:13:01.077194955
[2023-06-27T18:13:03Z INFO  dt_instance] received at 2023-06-27 18:13:03.583276140 UTC - from mc-11->source-1 "93" 18:13:03.582343880
[2023-06-27T18:13:06Z INFO  dt_instance] received at 2023-06-27 18:13:06.090336344 UTC - from mc-11->source-1 "98" 18:13:06.088634240
[2023-06-27T18:13:08Z INFO  dt_instance] received at 2023-06-27 18:13:08.596535475 UTC - from mc-11->source-1 "103" 18:13:08.595133057
[2023-06-27T18:13:11Z INFO  dt_instance] received at 2023-06-27 18:13:11.102219627 UTC - from mc-11->source-1 "108" 18:13:11.100761037
[2023-06-27T18:13:13Z INFO  dt_instance] received at 2023-06-27 18:13:13.607636660 UTC - from mc-11->source-1 "113" 18:13:13.606587004
[2023-06-27T18:13:16Z INFO  dt_instance] received at 2023-06-27 18:13:16.114114495 UTC - from mc-11->source-1 "118" 18:13:16.111938063
[2023-06-27T18:13:18Z INFO  dt_instance] received at 2023-06-27 18:13:18.619802540 UTC - from mc-11->source-1 "123" 18:13:18.616350552
[2023-06-27T18:13:21Z INFO  dt_instance] received at 2023-06-27 18:13:21.122401430 UTC - from mc-11->source-1 "128" 18:13:21.121329393
[2023-06-27T18:13:23Z INFO  dt_instance] received at 2023-06-27 18:13:23.632024731 UTC - from mc-11->source-1 "133" 18:13:23.630609943
[2023-06-27T18:13:26Z INFO  dt_instance] received at 2023-06-27 18:13:26.137587807 UTC - from mc-11->source-1 "138" 18:13:26.136735136
[2023-06-27T18:13:28Z INFO  dt_instance] received at 2023-06-27 18:13:28.643291335 UTC - from mc-11->source-1 "143" 18:13:28.642234112
[2023-06-27T18:13:31Z INFO  dt_instance] received at 2023-06-27 18:13:31.148908232 UTC - from mc-11->source-1 "148" 18:13:31.147893212
[2023-06-27T18:13:33Z INFO  dt_instance] received at 2023-06-27 18:13:33.655121648 UTC - from mc-11->source-1 "153" 18:13:33.652364555
[2023-06-27T18:13:36Z INFO  dt_instance] received at 2023-06-27 18:13:36.160550615 UTC - from mc-11->source-1 "158" 18:13:36.159431922
[2023-06-27T18:13:38Z INFO  dt_instance] received at 2023-06-27 18:13:38.669358481 UTC - from mc-11->source-1 "163" 18:13:38.668318042
[2023-06-27T18:13:41Z INFO  dt_instance] received at 2023-06-27 18:13:41.177493719 UTC - from mc-11->source-1 "168" 18:13:41.176309792
[2023-06-27T18:13:43Z INFO  dt_instance] received at 2023-06-27 18:13:43.688532709 UTC - from mc-11->source-1 "173" 18:13:43.683601151
[2023-06-27T18:13:46Z INFO  dt_instance] received at 2023-06-27 18:13:46.190773818 UTC - from mc-11->source-1 "178" 18:13:46.189749209
[2023-06-27T18:13:48Z INFO  dt_instance] received at 2023-06-27 18:13:48.697953183 UTC - from mc-11->source-1 "183" 18:13:48.695507941
[2023-06-27T18:13:51Z INFO  dt_instance] received at 2023-06-27 18:13:51.202040178 UTC - from mc-11->source-1 "188" 18:13:51.200782379
[2023-06-27T18:13:53Z INFO  dt_instance] received at 2023-06-27 18:13:53.706708269 UTC - from mc-11->source-1 "193" 18:13:53.705757392
[2023-06-27T18:13:56Z INFO  dt_instance] received at 2023-06-27 18:13:56.211638090 UTC - from mc-11->source-1 "198" 18:13:56.210680126
[2023-06-27T18:13:58Z INFO  dt_instance] received at 2023-06-27 18:13:58.717721999 UTC - from mc-11->source-1 "203" 18:13:58.716529288
[2023-06-27T18:14:01Z INFO  dt_instance] received at 2023-06-27 18:14:01.222728169 UTC - from mc-11->source-1 "208" 18:14:01.221546175
[2023-06-27T18:14:03Z INFO  dt_instance] received at 2023-06-27 18:14:03.728311530 UTC - from mc-11->source-1 "213" 18:14:03.726432974
[2023-06-27T18:14:06Z INFO  dt_instance] received at 2023-06-27 18:14:06.232323025 UTC - from mc-11->source-1 "218" 18:14:06.231386925
[2023-06-27T18:14:08Z INFO  dt_instance] received at 2023-06-27 18:14:08.737681601 UTC - from mc-11->source-1 "223" 18:14:08.736368738
[2023-06-27T18:14:11Z INFO  dt_instance] received at 2023-06-27 18:14:11.242648772 UTC - from mc-11->source-1 "228" 18:14:11.241529642
[2023-06-27T18:14:13Z INFO  dt_instance] received at 2023-06-27 18:14:13.748512706 UTC - from mc-11->source-1 "233" 18:14:13.747334038
[2023-06-27T18:14:16Z INFO  dt_instance] received at 2023-06-27 18:14:16.258010600 UTC - from mc-11->source-1 "238" 18:14:16.257133990
[2023-06-27T18:14:18Z INFO  dt_instance] received at 2023-06-27 18:14:18.764052677 UTC - from mc-11->source-1 "243" 18:14:18.763109942
[2023-06-27T18:14:21Z INFO  dt_instance] received at 2023-06-27 18:14:21.269998227 UTC - from mc-11->source-1 "248" 18:14:21.268836891
[2023-06-27T18:14:23Z INFO  dt_instance] received at 2023-06-27 18:14:23.775418436 UTC - from mc-11->source-1 "253" 18:14:23.774428392
[2023-06-27T18:14:26Z INFO  dt_instance] received at 2023-06-27 18:14:26.280922615 UTC - from mc-11->source-1 "258" 18:14:26.279753078
[2023-06-27T18:14:28Z INFO  dt_instance] received at 2023-06-27 18:14:28.786468230 UTC - from mc-11->source-1 "263" 18:14:28.785659827
[2023-06-27T18:14:31Z INFO  dt_instance] received at 2023-06-27 18:14:31.291633578 UTC - from mc-11->source-1 "268" 18:14:31.290630283
[2023-06-27T18:14:33Z INFO  dt_instance] received at 2023-06-27 18:14:33.798033113 UTC - from mc-11->source-1 "273" 18:14:33.795972881
[2023-06-27T18:14:36Z INFO  dt_instance] received at 2023-06-27 18:14:36.302597906 UTC - from mc-11->source-1 "278" 18:14:36.301563015
[2023-06-27T18:14:38Z INFO  dt_instance] received at 2023-06-27 18:14:38.808970372 UTC - from mc-11->source-1 "283" 18:14:38.807675338
[2023-06-27T18:14:41Z INFO  dt_instance] received at 2023-06-27 18:14:41.314036360 UTC - from mc-11->source-1 "288" 18:14:41.312755203
[2023-06-27T18:14:43Z INFO  dt_instance] received at 2023-06-27 18:14:43.821270532 UTC - from mc-11->source-1 "293" 18:14:43.820145142
[2023-06-27T18:14:46Z INFO  dt_instance] received at 2023-06-27 18:14:46.328423459 UTC - from mc-11->source-1 "298" 18:14:46.327519879
[2023-06-27T18:14:48Z INFO  dt_instance] received at 2023-06-27 18:14:48.833496864 UTC - from mc-11->source-1 "303" 18:14:48.832469271
[2023-06-27T18:14:51Z INFO  dt_instance] received at 2023-06-27 18:14:51.338890502 UTC - from mc-11->source-1 "308" 18:14:51.337798033
[2023-06-27T18:14:53Z INFO  dt_instance] received at 2023-06-27 18:14:53.844513940 UTC - from mc-11->source-1 "313" 18:14:53.843513730
[2023-06-27T18:14:56Z INFO  dt_instance] received at 2023-06-27 18:14:56.351890781 UTC - from mc-11->source-1 "318" 18:14:56.350327565
[2023-06-27T18:14:58Z INFO  dt_instance] received at 2023-06-27 18:14:58.856746141 UTC - from mc-11->source-1 "323" 18:14:58.855588754
[2023-06-27T18:15:01Z INFO  dt_instance] received at 2023-06-27 18:15:01.362444305 UTC - from mc-11->source-1 "328" 18:15:01.361271281
[2023-06-27T18:15:03Z INFO  dt_instance] received at 2023-06-27 18:15:03.867941914 UTC - from mc-11->source-1 "333" 18:15:03.866774632
[2023-06-27T18:15:06Z INFO  dt_instance] received at 2023-06-27 18:15:06.374741646 UTC - from mc-11->source-1 "338" 18:15:06.373255712
[2023-06-27T18:15:08Z INFO  dt_instance] received at 2023-06-27 18:15:08.880770618 UTC - from mc-11->source-1 "343" 18:15:08.880014837
[2023-06-27T18:15:11Z INFO  dt_instance] received at 2023-06-27 18:15:11.387634339 UTC - from mc-11->source-1 "348" 18:15:11.386509081
[2023-06-27T18:15:13Z INFO  dt_instance] received at 2023-06-27 18:15:13.893137454 UTC - from mc-11->source-1 "353" 18:15:13.892035518
[2023-06-27T18:15:16Z INFO  dt_instance] received at 2023-06-27 18:15:16.399192911 UTC - from mc-11->source-5 "348" 18:15:16.391329827
[2023-06-27T18:15:18Z INFO  dt_instance] received at 2023-06-27 18:15:18.904107764 UTC - from mc-11->source-1 "363" 18:15:18.902863726
[2023-06-27T18:15:21Z INFO  dt_instance] received at 2023-06-27 18:15:21.411257295 UTC - from mc-11->source-1 "368" 18:15:21.409105267
[2023-06-27T18:15:23Z INFO  dt_instance] received at 2023-06-27 18:15:23.917708807 UTC - from mc-11->source-1 "373" 18:15:23.916506216
[2023-06-27T18:15:26Z INFO  dt_instance] received at 2023-06-27 18:15:26.422629634 UTC - from mc-11->source-1 "378" 18:15:26.421689290
[2023-06-27T18:15:28Z INFO  dt_instance] received at 2023-06-27 18:15:28.927384959 UTC - from mc-11->source-1 "383" 18:15:28.926268659
[2023-06-27T18:15:31Z INFO  dt_instance] received at 2023-06-27 18:15:31.432731434 UTC - from mc-11->source-1 "388" 18:15:31.431583984
[2023-06-27T18:15:33Z INFO  dt_instance] received at 2023-06-27 18:15:33.945824376 UTC - from mc-11->source-1 "393" 18:15:33.944620663
[2023-06-27T18:15:36Z INFO  dt_instance] received at 2023-06-27 18:15:36.451553329 UTC - from mc-11->source-1 "398" 18:15:36.450798180
[2023-06-27T18:15:38Z INFO  dt_instance] received at 2023-06-27 18:15:38.957749525 UTC - from mc-11->source-1 "403" 18:15:38.956668897
[2023-06-27T18:15:41Z INFO  dt_instance] received at 2023-06-27 18:15:41.464015964 UTC - from mc-11->source-5 "398" 18:15:41.461510737
[2023-06-27T18:15:43Z INFO  dt_instance] received at 2023-06-27 18:15:43.972567222 UTC - from mc-11->source-3 "408" 18:15:43.971108884
[2023-06-27T18:15:46Z INFO  dt_instance] received at 2023-06-27 18:15:46.478748531 UTC - from mc-11->source-3 "413" 18:15:46.477292851
[2023-06-27T18:15:48Z INFO  dt_instance] received at 2023-06-27 18:15:48.984024821 UTC - from mc-11->source-3 "418" 18:15:48.982084418
[2023-06-27T18:15:51Z INFO  dt_instance] received at 2023-06-27 18:15:51.493408683 UTC - from mc-11->source-3 "423" 18:15:51.488756053
[2023-06-27T18:15:53Z INFO  dt_instance] received at 2023-06-27 18:15:53.995819934 UTC - from mc-11->source-3 "428" 18:15:53.994607307
[2023-06-27T18:15:56Z INFO  dt_instance] received at 2023-06-27 18:15:56.501560598 UTC - from mc-11->source-3 "433" 18:15:56.500613094
[2023-06-27T18:15:59Z INFO  dt_instance] received at 2023-06-27 18:15:59.007202511 UTC - from mc-11->source-3 "438" 18:15:59.006400162
[2023-06-27T18:16:01Z INFO  dt_instance] received at 2023-06-27 18:16:01.516622483 UTC - from mc-11->source-3 "443" 18:16:01.512924766
[2023-06-27T18:16:04Z INFO  dt_instance] received at 2023-06-27 18:16:04.018461043 UTC - from mc-11->source-3 "448" 18:16:04.017680934
[2023-06-27T18:16:06Z INFO  dt_instance] received at 2023-06-27 18:16:06.523363387 UTC - from mc-11->source-3 "453" 18:16:06.522340406
[2023-06-27T18:16:09Z INFO  dt_instance] received at 2023-06-27 18:16:09.028709303 UTC - from mc-11->source-3 "458" 18:16:09.027761458
[2023-06-27T18:16:11Z INFO  dt_instance] received at 2023-06-27 18:16:11.534551971 UTC - from mc-11->source-3 "463" 18:16:11.532993169
[2023-06-27T18:16:14Z INFO  dt_instance] received at 2023-06-27 18:16:14.039927826 UTC - from mc-11->source-3 "468" 18:16:14.038474969
[2023-06-27T18:16:16Z INFO  dt_instance] received at 2023-06-27 18:16:16.546630310 UTC - from mc-11->source-3 "473" 18:16:16.544054250
[2023-06-27T18:16:19Z INFO  dt_instance] received at 2023-06-27 18:16:19.051899010 UTC - from mc-11->source-3 "478" 18:16:19.050947422
[2023-06-27T18:16:21Z INFO  dt_instance] received at 2023-06-27 18:16:21.558024363 UTC - from mc-11->source-3 "483" 18:16:21.557057309
[2023-06-27T18:16:24Z INFO  dt_instance] received at 2023-06-27 18:16:24.066056007 UTC - from mc-11->source-3 "488" 18:16:24.062096559
[2023-06-27T18:16:26Z INFO  dt_instance] received at 2023-06-27 18:16:26.570421063 UTC - from mc-11->source-3 "493" 18:16:26.568764341
[2023-06-27T18:16:29Z INFO  dt_instance] received at 2023-06-27 18:16:29.075951178 UTC - from mc-11->source-3 "498" 18:16:29.074604369
[2023-06-27T18:16:31Z INFO  dt_instance] received at 2023-06-27 18:16:31.583974333 UTC - from mc-11->source-1 "508" 18:16:31.581078808
[2023-06-27T18:16:34Z INFO  dt_instance] received at 2023-06-27 18:16:34.088329333 UTC - from mc-11->source-3 "508" 18:16:34.087141670
[2023-06-27T18:16:36Z INFO  dt_instance] received at 2023-06-27 18:16:36.595933443 UTC - from mc-11->source-3 "513" 18:16:36.594053673
[2023-06-27T18:16:39Z INFO  dt_instance] received at 2023-06-27 18:16:39.101809108 UTC - from mc-11->source-3 "518" 18:16:39.100240008
[2023-06-27T18:16:41Z INFO  dt_instance] received at 2023-06-27 18:16:41.607555528 UTC - from mc-11->source-1 "528" 18:16:41.606541231
[2023-06-27T18:16:44Z INFO  dt_instance] received at 2023-06-27 18:16:44.114000715 UTC - from mc-11->source-3 "528" 18:16:44.112711094
[2023-06-27T18:16:46Z INFO  dt_instance] received at 2023-06-27 18:16:46.620203413 UTC - from mc-11->source-3 "533" 18:16:46.618273688
[2023-06-27T18:16:49Z INFO  dt_instance] received at 2023-06-27 18:16:49.127771919 UTC - from mc-11->source-3 "538" 18:16:49.125467860
[2023-06-27T18:16:51Z INFO  dt_instance] received at 2023-06-27 18:16:51.631891184 UTC - from mc-11->source-3 "543" 18:16:51.630829364
[2023-06-27T18:16:54Z INFO  dt_instance] received at 2023-06-27 18:16:54.138924691 UTC - from mc-11->source-3 "548" 18:16:54.137121363
[2023-06-27T18:16:56Z INFO  dt_instance] received at 2023-06-27 18:16:56.643594741 UTC - from mc-11->source-3 "553" 18:16:56.642665877
[2023-06-27T18:16:59Z INFO  dt_instance] received at 2023-06-27 18:16:59.148803557 UTC - from mc-11->source-3 "558" 18:16:59.147673174
[2023-06-27T18:17:01Z INFO  dt_instance] received at 2023-06-27 18:17:01.653815280 UTC - from mc-11->source-3 "563" 18:17:01.652853383
[2023-06-27T18:17:04Z INFO  dt_instance] received at 2023-06-27 18:17:04.159000305 UTC - from mc-11->source-1 "573" 18:17:04.158124596
[2023-06-27T18:17:06Z INFO  dt_instance] received at 2023-06-27 18:17:06.668773158 UTC - from mc-11->source-1 "578" 18:17:06.667685478
[2023-06-27T18:17:09Z INFO  dt_instance] received at 2023-06-27 18:17:09.173671755 UTC - from mc-11->source-1 "583" 18:17:09.172182757
[2023-06-27T18:17:11Z INFO  dt_instance] received at 2023-06-27 18:17:11.679137622 UTC - from mc-11->source-1 "588" 18:17:11.677848401
[2023-06-27T18:17:14Z INFO  dt_instance] received at 2023-06-27 18:17:14.185439750 UTC - from mc-11->source-1 "593" 18:17:14.184464205
[2023-06-27T18:17:16Z INFO  dt_instance] received at 2023-06-27 18:17:16.690864556 UTC - from mc-11->source-1 "598" 18:17:16.689972779
[2023-06-27T18:17:19Z INFO  dt_instance] received at 2023-06-27 18:17:19.196388205 UTC - from mc-11->source-1 "603" 18:17:19.194987243
[2023-06-27T18:17:21Z INFO  dt_instance] received at 2023-06-27 18:17:21.700430585 UTC - from mc-11->source-3 "603" 18:17:21.699479713
[2023-06-27T18:17:24Z INFO  dt_instance] received at 2023-06-27 18:17:24.207295076 UTC - from mc-11->source-1 "613" 18:17:24.206100200
[2023-06-27T18:17:26Z INFO  dt_instance] received at 2023-06-27 18:17:26.713951395 UTC - from mc-11->source-1 "618" 18:17:26.712690330
[2023-06-27T18:17:29Z INFO  dt_instance] received at 2023-06-27 18:17:29.220109568 UTC - from mc-11->source-3 "618" 18:17:29.219087064
[2023-06-27T18:17:31Z INFO  dt_instance] received at 2023-06-27 18:17:31.727168786 UTC - from mc-11->source-3 "623" 18:17:31.726044244
[2023-06-27T18:17:34Z INFO  dt_instance] received at 2023-06-27 18:17:34.232989284 UTC - from mc-11->source-3 "628" 18:17:34.231654634
[2023-06-27T18:17:36Z INFO  dt_instance] received at 2023-06-27 18:17:36.739783115 UTC - from mc-11->source-3 "633" 18:17:36.738978556
[2023-06-27T18:17:39Z INFO  dt_instance] received at 2023-06-27 18:17:39.249475558 UTC - from mc-11->source-3 "638" 18:17:39.246652893
[2023-06-27T18:17:41Z INFO  dt_instance] received at 2023-06-27 18:17:41.751968152 UTC - from mc-11->source-3 "643" 18:17:41.751143601
[2023-06-27T18:17:44Z INFO  dt_instance] received at 2023-06-27 18:17:44.259751366 UTC - from mc-11->source-3 "648" 18:17:44.258266319
[2023-06-27T18:17:46Z INFO  dt_instance] received at 2023-06-27 18:17:46.764838576 UTC - from mc-11->source-3 "653" 18:17:46.763973117
[2023-06-27T18:17:49Z INFO  dt_instance] received at 2023-06-27 18:17:49.269669332 UTC - from mc-11->source-3 "658" 18:17:49.268281397
[2023-06-27T18:17:51Z INFO  dt_instance] received at 2023-06-27 18:17:51.774168051 UTC - from mc-11->source-3 "663" 18:17:51.773193722
[2023-06-27T18:17:54Z INFO  dt_instance] received at 2023-06-27 18:17:54.279396141 UTC - from mc-11->source-3 "668" 18:17:54.278380305
[2023-06-27T18:17:56Z INFO  dt_instance] received at 2023-06-27 18:17:56.785098603 UTC - from mc-11->source-3 "673" 18:17:56.784087751
[2023-06-27T18:17:59Z INFO  dt_instance] received at 2023-06-27 18:17:59.291182295 UTC - from mc-11->source-3 "678" 18:17:59.290062215
[2023-06-27T18:18:01Z INFO  dt_instance] received at 2023-06-27 18:18:01.796905567 UTC - from mc-11->source-3 "683" 18:18:01.796065775
[2023-06-27T18:18:04Z INFO  dt_instance] received at 2023-06-27 18:18:04.303347981 UTC - from mc-11->source-3 "688" 18:18:04.301803795
[2023-06-27T18:18:06Z INFO  dt_instance] received at 2023-06-27 18:18:06.808238358 UTC - from mc-11->source-3 "693" 18:18:06.806932187
[2023-06-27T18:18:09Z INFO  dt_instance] received at 2023-06-27 18:18:09.313395842 UTC - from mc-11->source-3 "698" 18:18:09.312099114
[2023-06-27T18:18:11Z INFO  dt_instance] received at 2023-06-27 18:18:11.820408885 UTC - from mc-11->source-1 "708" 18:18:11.819204247
[2023-06-27T18:18:14Z INFO  dt_instance] received at 2023-06-27 18:18:14.328195242 UTC - from mc-11->source-3 "708" 18:18:14.327110731
[2023-06-27T18:18:16Z INFO  dt_instance] received at 2023-06-27 18:18:16.835978639 UTC - from mc-11->source-3 "713" 18:18:16.835096434
[2023-06-27T18:18:19Z INFO  dt_instance] received at 2023-06-27 18:18:19.343553251 UTC - from mc-11->source-1 "723" 18:18:19.341886105
[2023-06-27T18:18:21Z INFO  dt_instance] received at 2023-06-27 18:18:21.849002890 UTC - from mc-11->source-3 "723" 18:18:21.848020119
[2023-06-27T18:18:24Z INFO  dt_instance] received at 2023-06-27 18:18:24.355546992 UTC - from mc-11->source-3 "728" 18:18:24.354492238
[2023-06-27T18:18:26Z INFO  dt_instance] received at 2023-06-27 18:18:26.860910100 UTC - from mc-11->source-3 "733" 18:18:26.860007944
[2023-06-27T18:18:29Z INFO  dt_instance] received at 2023-06-27 18:18:29.368040361 UTC - from mc-11->source-3 "738" 18:18:29.367146583
[2023-06-27T18:18:31Z INFO  dt_instance] received at 2023-06-27 18:18:31.874559816 UTC - from mc-11->source-3 "743" 18:18:31.873516302
[2023-06-27T18:18:34Z INFO  dt_instance] received at 2023-06-27 18:18:34.381955150 UTC - from mc-11->source-3 "748" 18:18:34.380997047
[2023-06-27T18:18:36Z INFO  dt_instance] received at 2023-06-27 18:18:36.886736724 UTC - from mc-11->source-3 "753" 18:18:36.885594475
[2023-06-27T18:18:39Z INFO  dt_instance] received at 2023-06-27 18:18:39.391475409 UTC - from mc-11->source-3 "758" 18:18:39.390593829
[2023-06-27T18:18:41Z INFO  dt_instance] received at 2023-06-27 18:18:41.898917791 UTC - from mc-11->source-3 "763" 18:18:41.897939915
[2023-06-27T18:18:44Z INFO  dt_instance] received at 2023-06-27 18:18:44.404501620 UTC - from mc-11->source-3 "768" 18:18:44.403200441
[2023-06-27T18:18:46Z INFO  dt_instance] received at 2023-06-27 18:18:46.909458007 UTC - from mc-11->source-3 "773" 18:18:46.908103590
[2023-06-27T18:18:49Z INFO  dt_instance] received at 2023-06-27 18:18:49.416757058 UTC - from mc-11->source-3 "778" 18:18:49.415601707
[2023-06-27T18:18:51Z INFO  dt_instance] received at 2023-06-27 18:18:51.922342882 UTC - from mc-11->source-3 "783" 18:18:51.921436853
[2023-06-27T18:18:54Z INFO  dt_instance] received at 2023-06-27 18:18:54.428487085 UTC - from mc-11->source-3 "788" 18:18:54.427617500
[2023-06-27T18:18:56Z INFO  dt_instance] received at 2023-06-27 18:18:56.933983968 UTC - from mc-11->source-3 "793" 18:18:56.932085513
[2023-06-27T18:18:59Z INFO  dt_instance] received at 2023-06-27 18:18:59.441319801 UTC - from mc-11->source-3 "798" 18:18:59.440140556
[2023-06-27T18:19:01Z INFO  dt_instance] received at 2023-06-27 18:19:01.948101968 UTC - from mc-11->source-7 "793" 18:19:01.943767732
[2023-06-27T18:19:04Z INFO  dt_instance] received at 2023-06-27 18:19:04.453477267 UTC - from mc-11->source-7 "798" 18:19:04.452460529
[2023-06-27T18:19:06Z INFO  dt_instance] received at 2023-06-27 18:19:06.958306115 UTC - from mc-11->source-7 "803" 18:19:06.957159767
[2023-06-27T18:19:09Z INFO  dt_instance] received at 2023-06-27 18:19:09.466183864 UTC - from mc-11->source-7 "808" 18:19:09.463582521
[2023-06-27T18:19:11Z INFO  dt_instance] received at 2023-06-27 18:19:11.972298060 UTC - from mc-11->source-5 "818" 18:19:11.970586439
[2023-06-27T18:19:14Z INFO  dt_instance] received at 2023-06-27 18:19:14.479047961 UTC - from mc-11->source-5 "823" 18:19:14.476977106
[2023-06-27T18:19:16Z INFO  dt_instance] received at 2023-06-27 18:19:16.984457280 UTC - from mc-11->source-3 "833" 18:19:16.983353924
[2023-06-27T18:19:19Z INFO  dt_instance] received at 2023-06-27 18:19:19.492727054 UTC - from mc-11->source-7 "828" 18:19:19.490756732
[2023-06-27T18:19:22Z INFO  dt_instance] received at 2023-06-27 18:19:22.000100159 UTC - from mc-11->source-7 "833" 18:19:21.998134358
[2023-06-27T18:19:24Z INFO  dt_instance] received at 2023-06-27 18:19:24.507424437 UTC - from mc-11->source-7 "838" 18:19:24.505806844
[2023-06-27T18:19:27Z INFO  dt_instance] received at 2023-06-27 18:19:27.013996642 UTC - from mc-11->source-7 "843" 18:19:27.012500048
[2023-06-27T18:19:29Z INFO  dt_instance] received at 2023-06-27 18:19:29.525603291 UTC - from mc-11->source-7 "848" 18:19:29.523421524
[2023-06-27T18:19:32Z INFO  dt_instance] received at 2023-06-27 18:19:32.029518465 UTC - from mc-11->source-7 "853" 18:19:32.028485232
[2023-06-27T18:19:34Z INFO  dt_instance] received at 2023-06-27 18:19:34.534492075 UTC - from mc-11->source-7 "858" 18:19:34.533137654
[2023-06-27T18:19:37Z INFO  dt_instance] received at 2023-06-27 18:19:37.040518958 UTC - from mc-11->source-7 "863" 18:19:37.038976869
[2023-06-27T18:19:39Z INFO  dt_instance] received at 2023-06-27 18:19:39.556072604 UTC - from mc-11->source-5 "873" 18:19:39.539969975
[2023-06-27T18:19:42Z INFO  dt_instance] received at 2023-06-27 18:19:42.052234296 UTC - from mc-11->source-7 "873" 18:19:42.051332138
[2023-06-27T18:19:44Z INFO  dt_instance] received at 2023-06-27 18:19:44.558385479 UTC - from mc-11->source-7 "878" 18:19:44.556459340
[2023-06-27T18:19:47Z INFO  dt_instance] received at 2023-06-27 18:19:47.066327973 UTC - from mc-11->source-7 "883" 18:19:47.065001884
[2023-06-27T18:19:49Z INFO  dt_instance] received at 2023-06-27 18:19:49.572555161 UTC - from mc-11->source-7 "888" 18:19:49.571231506
[2023-06-27T18:19:52Z INFO  dt_instance] received at 2023-06-27 18:19:52.078821892 UTC - from mc-11->source-1 "908" 18:19:52.077610033
[2023-06-27T18:19:54Z INFO  dt_instance] received at 2023-06-27 18:19:54.584722202 UTC - from mc-11->source-7 "898" 18:19:54.583341740
[2023-06-27T18:19:57Z INFO  dt_instance] received at 2023-06-27 18:19:57.097656382 UTC - from mc-11->source-7 "903" 18:19:57.089970640
[2023-06-27T18:19:59Z INFO  dt_instance] received at 2023-06-27 18:19:59.596831245 UTC - from mc-11->source-7 "908" 18:19:59.595091137
[2023-06-27T18:20:02Z INFO  dt_instance] received at 2023-06-27 18:20:02.104867788 UTC - from mc-11->source-7 "913" 18:20:02.100184983
[2023-06-27T18:20:04Z INFO  dt_instance] received at 2023-06-27 18:20:04.607668220 UTC - from mc-11->source-7 "918" 18:20:04.606308025
[2023-06-27T18:20:07Z INFO  dt_instance] received at 2023-06-27 18:20:07.112329557 UTC - from mc-11->source-7 "923" 18:20:07.111276128
[2023-06-27T18:20:09Z INFO  dt_instance] received at 2023-06-27 18:20:09.620371003 UTC - from mc-11->source-7 "928" 18:20:09.616934640
[2023-06-27T18:20:12Z INFO  dt_instance] received at 2023-06-27 18:20:12.124650418 UTC - from mc-11->source-3 "943" 18:20:12.123576746
[2023-06-27T18:20:14Z INFO  dt_instance] received at 2023-06-27 18:20:14.640045686 UTC - from mc-11->source-7 "938" 18:20:14.629048747
[2023-06-27T18:20:17Z INFO  dt_instance] received at 2023-06-27 18:20:17.137344253 UTC - from mc-11->source-7 "943" 18:20:17.135111524
[2023-06-27T18:20:19Z INFO  dt_instance] received at 2023-06-27 18:20:19.643674889 UTC - from mc-11->source-7 "948" 18:20:19.641131275
[2023-06-27T18:20:22Z INFO  dt_instance] received at 2023-06-27 18:20:22.148809673 UTC - from mc-11->source-7 "953" 18:20:22.147383938
[2023-06-27T18:20:24Z INFO  dt_instance] received at 2023-06-27 18:20:24.653902825 UTC - from mc-11->source-7 "958" 18:20:24.652306852
[2023-06-27T18:20:27Z INFO  dt_instance] received at 2023-06-27 18:20:27.158724973 UTC - from mc-11->source-7 "963" 18:20:27.157370547
[2023-06-27T18:20:29Z INFO  dt_instance] received at 2023-06-27 18:20:29.663040212 UTC - from mc-11->source-7 "968" 18:20:29.662080694
[2023-06-27T18:20:32Z INFO  dt_instance] received at 2023-06-27 18:20:32.174279088 UTC - from mc-11->source-7 "973" 18:20:32.168774532
[2023-06-27T18:20:34Z INFO  dt_instance] received at 2023-06-27 18:20:34.677953706 UTC - from mc-11->source-1 "993" 18:20:34.676890925
[2023-06-27T18:20:37Z INFO  dt_instance] received at 2023-06-27 18:20:37.433811829 UTC - from mc-11->source-2 "996" 18:20:37.432339332
[2023-06-27T18:20:40Z INFO  dt_instance] received at 2023-06-27 18:20:40.671522679 UTC - from mc-11->source-9 "985" 18:20:40.670352399
[2023-06-27T18:20:47Z INFO  dt_instance] received at 2023-06-27 18:20:47.688956973 UTC - from mc-11->source-9 "999" 18:20:47.688027089
