[2023-07-15T22:42:15Z INFO  dt_instance] Current Twin: mc-twin-11
[2023-07-15T22:42:15Z INFO  dt_instance] Replica Name twin-mc-stateful-11
[2023-07-15T22:42:15Z INFO  dt_instance] Sleeping for 550
[2023-07-15T22:51:25Z INFO  dt_instance] Connecting to broker at emqx.dtwins:1883
[2023-07-15T22:51:25Z INFO  dt_instance] Loggin info each 50 messages
[2023-07-15T22:51:25Z INFO  dt_instance] Set max packet size to 60000 KB.
[2023-07-15T22:51:25Z INFO  dt_instance] Refreshing topics for twin - Listen to mc-11/#
[2023-07-15T22:51:25Z INFO  dt_instance] SubAck { pkid: 1, return_codes: [Success(ExactlyOnce)] }
[2023-07-15T22:52:37Z INFO  dt_instance] received at 2023-07-15 22:52:37.622834007 UTC - from mc-11->source-2 "9" 22:52:37.619392711
[2023-07-15T22:52:40Z INFO  dt_instance] received at 2023-07-15 22:52:40.904703149 UTC - from mc-11->source-1 "18" 22:52:40.888250765
[2023-07-15T22:52:43Z INFO  dt_instance] received at 2023-07-15 22:52:43.416402081 UTC - from mc-11->source-1 "23" 22:52:43.393168738
[2023-07-15T22:52:46Z INFO  dt_instance] received at 2023-07-15 22:52:46.118234925 UTC - from mc-11->source-3 "23" 22:52:45.886317774
[2023-07-15T22:52:48Z INFO  dt_instance] received at 2023-07-15 22:52:48.417462298 UTC - from mc-11->source-1 "33" 22:52:48.403146796
[2023-07-15T22:52:51Z INFO  dt_instance] received at 2023-07-15 22:52:51.153679185 UTC - from mc-11->source-1 "38" 22:52:50.909765978
[2023-07-15T22:52:53Z INFO  dt_instance] received at 2023-07-15 22:52:53.475816808 UTC - from mc-11->source-1 "43" 22:52:53.416942434
[2023-07-15T22:52:55Z INFO  dt_instance] received at 2023-07-15 22:52:55.930673829 UTC - from mc-11->source-3 "43" 22:52:55.924997040
[2023-07-15T22:52:58Z INFO  dt_instance] received at 2023-07-15 22:52:58.446931213 UTC - from mc-11->source-1 "53" 22:52:58.431175979
[2023-07-15T22:53:01Z INFO  dt_instance] received at 2023-07-15 22:53:01.152226968 UTC - from mc-11->source-7 "43" 22:53:00.914635550
[2023-07-15T22:53:03Z INFO  dt_instance] received at 2023-07-15 22:53:03.474036196 UTC - from mc-11->source-3 "58" 22:53:03.442552281
[2023-07-15T22:53:05Z INFO  dt_instance] received at 2023-07-15 22:53:05.975962905 UTC - from mc-11->source-1 "68" 22:53:05.948690314
[2023-07-15T22:53:08Z INFO  dt_instance] received at 2023-07-15 22:53:08.653526352 UTC - from mc-11->source-9 "53" 22:53:08.424040552
[2023-07-15T22:53:11Z INFO  dt_instance] received at 2023-07-15 22:53:11.272795808 UTC - from mc-11->source-2 "76" 22:53:11.213479602
[2023-07-15T22:53:13Z INFO  dt_instance] received at 2023-07-15 22:53:13.639790732 UTC - from mc-11->source-3 "78" 22:53:13.477605275
[2023-07-15T22:53:16Z INFO  dt_instance] received at 2023-07-15 22:53:16.101805099 UTC - from mc-11->source-3 "83" 22:53:15.983159490
[2023-07-15T22:53:18Z INFO  dt_instance] received at 2023-07-15 22:53:18.611376209 UTC - from mc-11->source-3 "88" 22:53:18.487826134
[2023-07-15T22:53:21Z INFO  dt_instance] received at 2023-07-15 22:53:21.334553018 UTC - from mc-11->source-3 "93" 22:53:20.992751585
[2023-07-15T22:53:23Z INFO  dt_instance] received at 2023-07-15 22:53:23.535197135 UTC - from mc-11->source-1 "103" 22:53:23.498356507
[2023-07-15T22:53:26Z INFO  dt_instance] received at 2023-07-15 22:53:26.114924464 UTC - from mc-11->source-3 "103" 22:53:26.004319599
[2023-07-15T22:53:28Z INFO  dt_instance] received at 2023-07-15 22:53:28.716821279 UTC - from mc-11->source-7 "98" 22:53:28.475719500
[2023-07-15T22:53:31Z INFO  dt_instance] received at 2023-07-15 22:53:31.345264329 UTC - from mc-11->source-6 "106" 22:53:31.238187075
[2023-07-15T22:53:33Z INFO  dt_instance] received at 2023-07-15 22:53:33.695754873 UTC - from mc-11->source-7 "108" 22:53:33.488076437
[2023-07-15T22:53:36Z INFO  dt_instance] received at 2023-07-15 22:53:36.485872401 UTC - from mc-11->source-4 "121" 22:53:36.263533595
[2023-07-15T22:53:38Z INFO  dt_instance] received at 2023-07-15 22:53:38.794590934 UTC - from mc-11->source-7 "118" 22:53:38.499209158
[2023-07-15T22:53:41Z INFO  dt_instance] received at 2023-07-15 22:53:41.373779156 UTC - from mc-11->source-3 "133" 22:53:41.046644974
[2023-07-15T22:53:43Z INFO  dt_instance] received at 2023-07-15 22:53:43.826408712 UTC - from mc-11->source-8 "126" 22:53:43.773717707
[2023-07-15T22:53:46Z INFO  dt_instance] received at 2023-07-15 22:53:46.103755387 UTC - from mc-11->source-1 "148" 22:53:46.059003690
[2023-07-15T22:53:48Z INFO  dt_instance] received at 2023-07-15 22:53:48.651744482 UTC - from mc-11->source-1 "153" 22:53:48.565101662
[2023-07-15T22:53:51Z INFO  dt_instance] received at 2023-07-15 22:53:51.357680955 UTC - from mc-11->source-4 "151" 22:53:51.300716308
[2023-07-15T22:53:53Z INFO  dt_instance] received at 2023-07-15 22:53:53.669792423 UTC - from mc-11->source-9 "143" 22:53:53.535772514
[2023-07-15T22:53:56Z INFO  dt_instance] received at 2023-07-15 22:53:56.354185692 UTC - from mc-11->source-1 "168" 22:53:56.082946667
[2023-07-15T22:53:58Z INFO  dt_instance] received at 2023-07-15 22:53:58.888088220 UTC - from mc-11->source-1 "173" 22:53:58.590076634
[2023-07-15T22:54:01Z INFO  dt_instance] received at 2023-07-15 22:54:01.392837132 UTC - from mc-11->source-8 "161" 22:54:01.313628923
[2023-07-15T22:54:03Z INFO  dt_instance] received at 2023-07-15 22:54:03.855493745 UTC - from mc-11->source-8 "166" 22:54:03.819048899
[2023-07-15T22:54:06Z INFO  dt_instance] received at 2023-07-15 22:54:06.447155336 UTC - from mc-11->source-8 "171" 22:54:06.325156966
[2023-07-15T22:54:08Z INFO  dt_instance] received at 2023-07-15 22:54:08.660951648 UTC - from mc-11->source-1 "193" 22:54:08.620487915
[2023-07-15T22:54:11Z INFO  dt_instance] received at 2023-07-15 22:54:11.594616617 UTC - from mc-11->source-1 "198" 22:54:11.124700961
[2023-07-15T22:54:13Z INFO  dt_instance] received at 2023-07-15 22:54:13.964884743 UTC - from mc-11->source-1 "203" 22:54:13.631171914
[2023-07-15T22:54:16Z INFO  dt_instance] received at 2023-07-15 22:54:16.534279242 UTC - from mc-11->source-4 "199" 22:54:15.353869038
[2023-07-15T22:54:19Z INFO  dt_instance] received at 2023-07-15 22:54:19.690420647 UTC - from mc-11->source-0 "217" 22:54:19.383263068
[2023-07-15T22:54:21Z INFO  dt_instance] received at 2023-07-15 22:54:21.390015434 UTC - from mc-11->source-8 "201" 22:54:21.358497496
[2023-07-15T22:54:24Z INFO  dt_instance] received at 2023-07-15 22:54:24.126368385 UTC - from mc-11->source-5 "213" 22:54:23.635498502
[2023-07-15T22:54:26Z INFO  dt_instance] received at 2023-07-15 22:54:26.295437509 UTC - from mc-11->source-3 "223" 22:54:26.183274154
[2023-07-15T22:54:29Z INFO  dt_instance] received at 2023-07-15 22:54:29.210326326 UTC - from mc-11->source-0 "235" 22:54:28.406093358
[2023-07-15T22:54:31Z INFO  dt_instance] received at 2023-07-15 22:54:31.830534862 UTC - from mc-11->source-5 "229" 22:54:31.655445268
[2023-07-15T22:54:34Z INFO  dt_instance] received at 2023-07-15 22:54:34.436213371 UTC - from mc-11->source-5 "234" 22:54:34.160120764
[2023-07-15T22:54:36Z INFO  dt_instance] received at 2023-07-15 22:54:36.608258803 UTC - from mc-11->source-2 "246" 22:54:36.421511328
[2023-07-15T22:54:38Z INFO  dt_instance] received at 2023-07-15 22:54:38.985546951 UTC - from mc-11->source-8 "236" 22:54:38.898060178
[2023-07-15T22:54:41Z INFO  dt_instance] received at 2023-07-15 22:54:41.695902822 UTC - from mc-11->source-2 "256" 22:54:41.433342702
[2023-07-15T22:54:44Z INFO  dt_instance] received at 2023-07-15 22:54:44.074179661 UTC - from mc-11->source-6 "251" 22:54:43.897436788
[2023-07-15T22:54:46Z INFO  dt_instance] received at 2023-07-15 22:54:46.484643723 UTC - from mc-11->source-0 "271" 22:54:46.465996213
[2023-07-15T22:54:48Z INFO  dt_instance] received at 2023-07-15 22:54:48.969518676 UTC - from mc-11->source-2 "271" 22:54:48.950626909
[2023-07-15T22:54:51Z INFO  dt_instance] received at 2023-07-15 22:54:51.321925610 UTC - from mc-11->source-3 "273" 22:54:51.246420031
[2023-07-15T22:54:54Z INFO  dt_instance] received at 2023-07-15 22:54:54.039505843 UTC - from mc-11->source-6 "271" 22:54:53.920543196
[2023-07-15T22:54:56Z INFO  dt_instance] received at 2023-07-15 22:54:56.783088070 UTC - from mc-11->source-8 "271" 22:54:56.435368050
[2023-07-15T22:54:58Z INFO  dt_instance] received at 2023-07-15 22:54:58.979767980 UTC - from mc-11->source-9 "273" 22:54:58.694096118
[2023-07-15T22:55:01Z INFO  dt_instance] received at 2023-07-15 22:55:01.495248591 UTC - from mc-11->source-6 "286" 22:55:01.455581273
[2023-07-15T22:55:03Z INFO  dt_instance] received at 2023-07-15 22:55:03.966244275 UTC - from mc-11->source-1 "303" 22:55:03.776637051
[2023-07-15T22:55:06Z INFO  dt_instance] received at 2023-07-15 22:55:06.634503389 UTC - from mc-11->source-8 "291" 22:55:06.466814207
[2023-07-15T22:55:09Z INFO  dt_instance] received at 2023-07-15 22:55:09.111218130 UTC - from mc-11->source-6 "299" 22:55:07.971173947
[2023-07-15T22:55:11Z INFO  dt_instance] received at 2023-07-15 22:55:11.685949988 UTC - from mc-11->source-8 "301" 22:55:11.480575123
[2023-07-15T22:55:14Z INFO  dt_instance] received at 2023-07-15 22:55:14.584758076 UTC - from mc-11->source-1 "323" 22:55:13.801260659
[2023-07-15T22:55:16Z INFO  dt_instance] received at 2023-07-15 22:55:16.758933181 UTC - from mc-11->source-8 "309" 22:55:15.490888628
[2023-07-15T22:55:19Z INFO  dt_instance] received at 2023-07-15 22:55:19.156571521 UTC - from mc-11->source-8 "316" 22:55:19.005707697
[2023-07-15T22:55:21Z INFO  dt_instance] received at 2023-07-15 22:55:21.666712359 UTC - from mc-11->source-3 "333" 22:55:21.318874211
[2023-07-15T22:55:24Z INFO  dt_instance] received at 2023-07-15 22:55:24.097766448 UTC - from mc-11->source-8 "326" 22:55:24.019187908
[2023-07-15T22:55:26Z INFO  dt_instance] received at 2023-07-15 22:55:26.813631344 UTC - from mc-11->source-5 "339" 22:55:26.796449606
[2023-07-15T22:55:29Z INFO  dt_instance] received at 2023-07-15 22:55:29.080052621 UTC - from mc-11->source-6 "341" 22:55:29.031280237
[2023-07-15T22:55:31Z INFO  dt_instance] received at 2023-07-15 22:55:31.864978561 UTC - from mc-11->source-1 "359" 22:55:31.844490376
[2023-07-15T22:55:34Z INFO  dt_instance] received at 2023-07-15 22:55:34.723007526 UTC - from mc-11->source-9 "341" 22:55:32.792706149
[2023-07-15T22:55:37Z INFO  dt_instance] received at 2023-07-15 22:55:37.950162271 UTC - from mc-11->source-3 "366" 22:55:37.864931943
[2023-07-15T22:55:40Z INFO  dt_instance] received at 2023-07-15 22:55:40.171149394 UTC - from mc-11->source-9 "355" 22:55:39.807059766
[2023-07-15T22:55:43Z INFO  dt_instance] received at 2023-07-15 22:55:43.044320203 UTC - from mc-11->source-1 "381" 22:55:42.876564971
[2023-07-15T22:55:45Z INFO  dt_instance] received at 2023-07-15 22:55:45.539867625 UTC - from mc-11->source-5 "370" 22:55:42.334632505
[2023-07-15T22:55:46Z INFO  dt_instance] received at 2023-07-15 22:55:46.655016025 UTC - from mc-11->source-2 "386" 22:55:46.602782342
[2023-07-15T22:55:49Z INFO  dt_instance] received at 2023-07-15 22:55:49.594961731 UTC - from mc-11->source-7 "379" 22:55:49.332111871
[2023-07-15T22:55:52Z INFO  dt_instance] received at 2023-07-15 22:55:52.116375561 UTC - from mc-11->source-6 "385" 22:55:51.092081424
[2023-07-15T22:55:54Z INFO  dt_instance] received at 2023-07-15 22:55:54.140663642 UTC - from mc-11->source-8 "386" 22:55:54.090784593
[2023-07-15T22:55:56Z INFO  dt_instance] received at 2023-07-15 22:55:56.476644650 UTC - from mc-11->source-5 "398" 22:55:56.367341531
[2023-07-15T22:55:59Z INFO  dt_instance] received at 2023-07-15 22:55:59.162465740 UTC - from mc-11->source-8 "396" 22:55:59.102295347
[2023-07-15T22:56:02Z INFO  dt_instance] received at 2023-07-15 22:56:02.007135160 UTC - from mc-11->source-5 "409" 22:56:01.880612905
[2023-07-15T22:56:04Z INFO  dt_instance] received at 2023-07-15 22:56:04.291880205 UTC - from mc-11->source-3 "418" 22:56:03.927223360
[2023-07-15T22:56:07Z INFO  dt_instance] received at 2023-07-15 22:56:07.236502668 UTC - from mc-11->source-0 "432" 22:56:07.152079297
[2023-07-15T22:56:09Z INFO  dt_instance] received at 2023-07-15 22:56:09.503642398 UTC - from mc-11->source-8 "416" 22:56:09.127636101
[2023-07-15T22:56:11Z INFO  dt_instance] received at 2023-07-15 22:56:11.740288933 UTC - from mc-11->source-0 "441" 22:56:11.664504927
[2023-07-15T22:56:14Z INFO  dt_instance] received at 2023-07-15 22:56:14.246342076 UTC - from mc-11->source-6 "431" 22:56:14.147013352
[2023-07-15T22:56:16Z INFO  dt_instance] received at 2023-07-15 22:56:16.905251694 UTC - from mc-11->source-2 "446" 22:56:16.689809590
[2023-07-15T22:56:19Z INFO  dt_instance] received at 2023-07-15 22:56:19.546416961 UTC - from mc-11->source-9 "432" 22:56:18.402406687
[2023-07-15T22:56:21Z INFO  dt_instance] received at 2023-07-15 22:56:21.692268244 UTC - from mc-11->source-4 "450" 22:56:21.167253441
[2023-07-15T22:56:24Z INFO  dt_instance] received at 2023-07-15 22:56:24.378138770 UTC - from mc-11->source-0 "466" 22:56:24.200582725
[2023-07-15T22:56:27Z INFO  dt_instance] received at 2023-07-15 22:56:27.117933036 UTC - from mc-11->source-9 "449" 22:56:26.921365901
[2023-07-15T22:56:29Z INFO  dt_instance] received at 2023-07-15 22:56:29.809979530 UTC - from mc-11->source-6 "462" 22:56:29.684422916
[2023-07-15T22:56:32Z INFO  dt_instance] received at 2023-07-15 22:56:32.379010606 UTC - from mc-11->source-6 "467" 22:56:32.188720001
[2023-07-15T22:56:35Z INFO  dt_instance] received at 2023-07-15 22:56:35.060324840 UTC - from mc-11->source-6 "472" 22:56:34.694199761
[2023-07-15T22:56:39Z INFO  dt_instance] received at 2023-07-15 22:56:39.435494500 UTC - from mc-11->source-5 "480" 22:56:37.470606560
[2023-07-15T22:56:40Z INFO  dt_instance] received at 2023-07-15 22:56:40.558193829 UTC - from mc-11->source-9 "476" 22:56:40.451267751
[2023-07-15T22:56:42Z INFO  dt_instance] received at 2023-07-15 22:56:42.776483181 UTC - from mc-11->source-3 "476" 22:56:33.009141240
[2023-07-15T22:56:45Z INFO  dt_instance] received at 2023-07-15 22:56:45.037643760 UTC - from mc-11->source-3 "499" 22:56:44.533197029
[2023-07-15T22:56:47Z INFO  dt_instance] received at 2023-07-15 22:56:47.751104216 UTC - from mc-11->source-3 "505" 22:56:47.543757033
[2023-07-15T22:56:50Z INFO  dt_instance] received at 2023-07-15 22:56:50.180986175 UTC - from mc-11->source-2 "512" 22:56:49.767814948
[2023-07-15T22:56:52Z INFO  dt_instance] received at 2023-07-15 22:56:52.036209648 UTC - from mc-11->source-3 "512" 22:56:51.053889694
[2023-07-15T22:56:54Z INFO  dt_instance] received at 2023-07-15 22:56:54.527346007 UTC - from mc-11->source-2 "521" 22:56:54.281113504
[2023-07-15T22:56:56Z INFO  dt_instance] received at 2023-07-15 22:56:56.800296499 UTC - from mc-11->source-1 "528" 22:56:56.572889986
[2023-07-15T22:56:59Z INFO  dt_instance] received at 2023-07-15 22:56:59.479023851 UTC - from mc-11->source-5 "523" 22:56:59.018079030
[2023-07-15T22:57:02Z INFO  dt_instance] received at 2023-07-15 22:57:02.052743699 UTC - from mc-11->source-8 "521" 22:57:01.759428686
[2023-07-15T22:57:04Z INFO  dt_instance] received at 2023-07-15 22:57:04.367852967 UTC - from mc-11->source-8 "526" 22:57:04.264586870
[2023-07-15T22:57:06Z INFO  dt_instance] received at 2023-07-15 22:57:06.997670098 UTC - from mc-11->source-0 "551" 22:57:06.796584202
[2023-07-15T22:57:09Z INFO  dt_instance] received at 2023-07-15 22:57:09.310490103 UTC - from mc-11->source-4 "546" 22:57:09.278233992
[2023-07-15T22:57:12Z INFO  dt_instance] received at 2023-07-15 22:57:12.059099307 UTC - from mc-11->source-3 "552" 22:57:11.107339798
[2023-07-15T22:57:14Z INFO  dt_instance] received at 2023-07-15 22:57:14.536486038 UTC - from mc-11->source-8 "546" 22:57:14.287754971
[2023-07-15T22:57:17Z INFO  dt_instance] received at 2023-07-15 22:57:17.002530324 UTC - from mc-11->source-8 "551" 22:57:16.793525173
[2023-07-15T22:57:19Z INFO  dt_instance] received at 2023-07-15 22:57:19.835140129 UTC - from mc-11->source-9 "554" 22:57:19.541595180
[2023-07-15T22:57:28Z INFO  dt_instance] received at 2023-07-15 22:57:28.385116661 UTC - from mc-11->source-5 "568" 22:57:21.571223229
[2023-07-15T22:57:29Z INFO  dt_instance] received at 2023-07-15 22:57:29.616069040 UTC - from mc-11->source-0 "586" 22:57:24.341034722
[2023-07-15T22:57:30Z INFO  dt_instance] received at 2023-07-15 22:57:30.429624426 UTC - from mc-11->source-2 "586" 22:57:26.857510593
[2023-07-15T22:57:31Z INFO  dt_instance] received at 2023-07-15 22:57:31.090951907 UTC - from mc-11->source-6 "582" 22:57:29.824624709
[2023-07-15T22:57:32Z INFO  dt_instance] received at 2023-07-15 22:57:32.517972285 UTC - from mc-11->source-1 "599" 22:57:32.161431409
[2023-07-15T22:57:35Z INFO  dt_instance] received at 2023-07-15 22:57:35.410994227 UTC - from mc-11->source-4 "596" 22:57:34.337719588
[2023-07-15T22:57:37Z INFO  dt_instance] received at 2023-07-15 22:57:37.013462582 UTC - from mc-11->source-9 "588" 22:57:36.587916105
[2023-07-15T22:57:39Z INFO  dt_instance] received at 2023-07-15 22:57:39.623683318 UTC - from mc-11->source-8 "596" 22:57:39.349052578
[2023-07-15T22:57:42Z INFO  dt_instance] received at 2023-07-15 22:57:42.192202089 UTC - from mc-11->source-0 "621" 22:57:41.882785357
[2023-07-15T22:57:44Z INFO  dt_instance] received at 2023-07-15 22:57:44.852804738 UTC - from mc-11->source-1 "624" 22:57:44.692364806
[2023-07-15T22:57:47Z INFO  dt_instance] received at 2023-07-15 22:57:47.251242112 UTC - from mc-11->source-9 "609" 22:57:47.112966784
[2023-07-15T22:57:49Z INFO  dt_instance] received at 2023-07-15 22:57:49.500021275 UTC - from mc-11->source-0 "636" 22:57:49.413251013
[2023-07-15T22:57:52Z INFO  dt_instance] received at 2023-07-15 22:57:52.014417120 UTC - from mc-11->source-9 "618" 22:57:51.623413983
[2023-07-15T22:57:54Z INFO  dt_instance] received at 2023-07-15 22:57:54.759978363 UTC - from mc-11->source-8 "625" 22:57:53.884971229
[2023-07-15T22:57:57Z INFO  dt_instance] received at 2023-07-15 22:57:57.046834791 UTC - from mc-11->source-6 "636" 22:57:56.893473609
[2023-07-15T22:57:59Z INFO  dt_instance] received at 2023-07-15 22:57:59.548275583 UTC - from mc-11->source-8 "636" 22:57:59.397254115
[2023-07-15T22:58:01Z INFO  dt_instance] received at 2023-07-15 22:58:01.938225474 UTC - from mc-11->source-8 "641" 22:58:01.904176259
[2023-07-15T22:58:04Z INFO  dt_instance] received at 2023-07-15 22:58:04.541621883 UTC - from mc-11->source-2 "661" 22:58:04.448424987
[2023-07-15T22:58:07Z INFO  dt_instance] received at 2023-07-15 22:58:07.794403442 UTC - from mc-11->source-3 "664" 22:58:07.246933650
[2023-07-15T22:58:10Z INFO  dt_instance] received at 2023-07-15 22:58:10.018252788 UTC - from mc-11->source-1 "674" 22:58:09.749670987
[2023-07-15T22:58:12Z INFO  dt_instance] received at 2023-07-15 22:58:12.123116695 UTC - from mc-11->source-6 "665" 22:58:11.429753782
[2023-07-15T22:58:14Z INFO  dt_instance] received at 2023-07-15 22:58:14.886465845 UTC - from mc-11->source-1 "683" 22:58:14.263294363
[2023-07-15T22:58:17Z INFO  dt_instance] received at 2023-07-15 22:58:17.086921463 UTC - from mc-11->source-8 "669" 22:58:15.951047083
[2023-07-15T22:58:19Z INFO  dt_instance] received at 2023-07-15 22:58:19.724925726 UTC - from mc-11->source-0 "696" 22:58:19.481358396
[2023-07-15T22:58:22Z INFO  dt_instance] received at 2023-07-15 22:58:22.074155065 UTC - from mc-11->source-1 "698" 22:58:21.782538487
[2023-07-15T22:58:24Z INFO  dt_instance] received at 2023-07-15 22:58:24.713419927 UTC - from mc-11->source-1 "703" 22:58:24.288357898
[2023-07-15T22:58:27Z INFO  dt_instance] received at 2023-07-15 22:58:27.122679159 UTC - from mc-11->source-8 "691" 22:58:26.982042954
[2023-07-15T22:58:29Z INFO  dt_instance] received at 2023-07-15 22:58:29.810101283 UTC - from mc-11->source-8 "696" 22:58:29.489439974
[2023-07-15T22:58:32Z INFO  dt_instance] received at 2023-07-15 22:58:32.340729284 UTC - from mc-11->source-3 "714" 22:58:32.307190772
[2023-07-15T22:58:35Z INFO  dt_instance] received at 2023-07-15 22:58:35.405961066 UTC - from mc-11->source-5 "715" 22:58:35.257119993
[2023-07-15T22:58:37Z INFO  dt_instance] received at 2023-07-15 22:58:37.329847948 UTC - from mc-11->source-4 "721" 22:58:37.003885597
[2023-07-15T22:58:39Z INFO  dt_instance] received at 2023-07-15 22:58:39.737281897 UTC - from mc-11->source-6 "721" 22:58:39.509117145
[2023-07-15T22:58:42Z INFO  dt_instance] received at 2023-07-15 22:58:42.760882819 UTC - from mc-11->source-4 "731" 22:58:42.014398638
[2023-07-15T22:58:44Z INFO  dt_instance] received at 2023-07-15 22:58:44.840772082 UTC - from mc-11->source-5 "734" 22:58:44.775639463
[2023-07-15T22:58:49Z INFO  dt_instance] received at 2023-07-15 22:58:49.318596418 UTC - from mc-11->source-2 "747" 22:58:47.549465222
[2023-07-15T22:58:51Z INFO  dt_instance] received at 2023-07-15 22:58:51.007559201 UTC - from mc-11->source-2 "753" 22:58:50.555004541
[2023-07-15T22:58:53Z INFO  dt_instance] received at 2023-07-15 22:58:53.342136036 UTC - from mc-11->source-8 "743" 22:58:53.047924815
[2023-07-15T22:58:56Z INFO  dt_instance] received at 2023-07-15 22:58:56.741005265 UTC - from mc-11->source-5 "756" 22:58:55.801201181
[2023-07-15T22:58:58Z INFO  dt_instance] received at 2023-07-15 22:58:58.743462241 UTC - from mc-11->source-2 "769" 22:58:58.576842009
[2023-07-15T22:59:01Z INFO  dt_instance] received at 2023-07-15 22:59:01.833504332 UTC - from mc-11->source-1 "775" 22:59:00.372807695
[2023-07-15T22:59:04Z INFO  dt_instance] received at 2023-07-15 22:59:04.275782268 UTC - from mc-11->source-3 "777" 22:59:03.885365538
[2023-07-15T22:59:07Z INFO  dt_instance] received at 2023-07-15 22:59:07.116764731 UTC - from mc-11->source-5 "778" 22:59:06.827147102
[2023-07-15T22:59:10Z INFO  dt_instance] received at 2023-07-15 22:59:10.146779519 UTC - from mc-11->source-8 "774" 22:59:08.583959097
[2023-07-15T22:59:12Z INFO  dt_instance] received at 2023-07-15 22:59:12.411633662 UTC - from mc-11->source-2 "796" 22:59:12.110993233
[2023-07-15T22:59:14Z INFO  dt_instance] received at 2023-07-15 22:59:14.552961067 UTC - from mc-11->source-3 "794" 22:59:12.404423097
[2023-07-15T22:59:17Z INFO  dt_instance] received at 2023-07-15 22:59:17.113431763 UTC - from mc-11->source-3 "799" 22:59:14.909350390
[2023-07-15T22:59:20Z INFO  dt_instance] received at 2023-07-15 22:59:20.128977828 UTC - from mc-11->source-6 "797" 22:59:17.604763246
[2023-07-15T22:59:21Z INFO  dt_instance] received at 2023-07-15 22:59:21.377545613 UTC - from mc-11->source-7 "800" 22:59:20.376152427
[2023-07-15T22:59:23Z INFO  dt_instance] received at 2023-07-15 22:59:23.344594793 UTC - from mc-11->source-0 "823" 22:59:23.131651880
[2023-07-15T22:59:26Z INFO  dt_instance] received at 2023-07-15 22:59:26.486289781 UTC - from mc-11->source-0 "829" 22:59:26.139676701
[2023-07-15T22:59:30Z INFO  dt_instance] received at 2023-07-15 22:59:30.861196135 UTC - from mc-11->source-8 "818" 22:59:30.659660089
[2023-07-15T22:59:34Z INFO  dt_instance] received at 2023-07-15 22:59:34.451714410 UTC - from mc-11->source-1 "820" 22:59:22.930256382
[2023-07-15T22:59:50Z INFO  dt_instance] received at 2023-07-15 22:59:50.291432363 UTC - from mc-11->source-4 "829" 22:59:31.162207347
[2023-07-15T22:59:50Z INFO  dt_instance] received at 2023-07-15 22:59:50.996359337 UTC - from mc-11->source-6 "836" 22:59:37.178620041
[2023-07-15T22:59:51Z INFO  dt_instance] received at 2023-07-15 22:59:51.643272841 UTC - from mc-11->source-8 "837" 22:59:40.186280735
[2023-07-15T22:59:52Z INFO  dt_instance] received at 2023-07-15 22:59:52.042748878 UTC - from mc-11->source-3 "857" 22:59:43.976792559
[2023-07-15T22:59:53Z INFO  dt_instance] received at 2023-07-15 22:59:53.439039518 UTC - from mc-11->source-0 "870" 22:59:46.701649145
[2023-07-15T22:59:54Z INFO  dt_instance] received at 2023-07-15 22:59:54.508558044 UTC - from mc-11->source-8 "856" 22:59:49.711104552
[2023-07-15T23:00:00Z INFO  dt_instance] received at 2023-07-15 23:00:00.407853114 UTC - from mc-11->source-7 "838" 22:59:39.429652285
[2023-07-15T23:00:01Z INFO  dt_instance] received at 2023-07-15 23:00:01.607271177 UTC - from mc-11->source-8 "861" 22:59:52.215995470
[2023-07-15T23:00:02Z INFO  dt_instance] received at 2023-07-15 23:00:02.224342577 UTC - from mc-11->source-4 "877" 22:59:55.222159636
[2023-07-15T23:00:02Z INFO  dt_instance] received at 2023-07-15 23:00:02.746491383 UTC - from mc-11->source-5 "877" 22:59:56.455322349
[2023-07-15T23:00:03Z INFO  dt_instance] received at 2023-07-15 23:00:03.149526588 UTC - from mc-11->source-4 "889" 23:00:01.236248394
[2023-07-15T23:00:04Z INFO  dt_instance] received at 2023-07-15 23:00:04.461956725 UTC - from mc-11->source-2 "844" 22:59:36.175369069
[2023-07-15T23:00:05Z INFO  dt_instance] received at 2023-07-15 23:00:05.466529624 UTC - from mc-11->source-2 "893" 23:00:00.738696303
[2023-07-15T23:00:07Z INFO  dt_instance] received at 2023-07-15 23:00:07.752679954 UTC - from mc-11->source-9 "886" 23:00:05.996094936
[2023-07-15T23:00:08Z INFO  dt_instance] received at 2023-07-15 23:00:08.692164347 UTC - from mc-11->source-3 "906" 23:00:08.573405044
[2023-07-15T23:00:10Z INFO  dt_instance] received at 2023-07-15 23:00:10.169282766 UTC - from mc-11->source-3 "909" 23:00:10.076259472
[2023-07-15T23:00:14Z INFO  dt_instance] received at 2023-07-15 23:00:14.721895629 UTC - from mc-11->source-0 "922" 23:00:12.765812867
[2023-07-15T23:00:15Z INFO  dt_instance] received at 2023-07-15 23:00:15.396721324 UTC - from mc-11->source-2 "921" 23:00:14.773355050
[2023-07-15T23:00:17Z INFO  dt_instance] received at 2023-07-15 23:00:17.347288690 UTC - from mc-11->source-6 "916" 23:00:17.278592945
[2023-07-15T23:00:20Z INFO  dt_instance] received at 2023-07-15 23:00:20.282446055 UTC - from mc-11->source-0 "936" 23:00:19.783903778
[2023-07-15T23:00:22Z INFO  dt_instance] received at 2023-07-15 23:00:22.675141854 UTC - from mc-11->source-0 "940" 23:00:21.789641115
[2023-07-15T23:00:25Z INFO  dt_instance] received at 2023-07-15 23:00:25.553543965 UTC - from mc-11->source-4 "937" 23:00:25.295602179
[2023-07-15T23:00:28Z INFO  dt_instance] received at 2023-07-15 23:00:28.003418499 UTC - from mc-11->source-4 "942" 23:00:27.802545571
[2023-07-15T23:00:30Z INFO  dt_instance] received at 2023-07-15 23:00:30.729261552 UTC - from mc-11->source-5 "944" 23:00:30.029440703
[2023-07-15T23:00:33Z INFO  dt_instance] received at 2023-07-15 23:00:33.946825751 UTC - from mc-11->source-5 "951" 23:00:33.537184497
[2023-07-15T23:00:36Z INFO  dt_instance] received at 2023-07-15 23:00:36.589791407 UTC - from mc-11->source-9 "946" 23:00:36.073551541
[2023-07-15T23:00:38Z INFO  dt_instance] received at 2023-07-15 23:00:38.513870547 UTC - from mc-11->source-8 "950" 23:00:36.844077939
[2023-07-15T23:00:39Z INFO  dt_instance] received at 2023-07-15 23:00:39.996721780 UTC - from mc-11->source-4 "966" 23:00:39.830483345
[2023-07-15T23:00:42Z INFO  dt_instance] received at 2023-07-15 23:00:42.682272656 UTC - from mc-11->source-6 "966" 23:00:42.365093854
[2023-07-15T23:00:47Z INFO  dt_instance] received at 2023-07-15 23:00:47.939112468 UTC - from mc-11->source-3 "978" 23:00:44.657365963
[2023-07-15T23:00:50Z INFO  dt_instance] received at 2023-07-15 23:00:50.403769011 UTC - from mc-11->source-8 "971" 23:00:47.378175761
[2023-07-15T23:00:50Z INFO  dt_instance] received at 2023-07-15 23:00:50.803697235 UTC - from mc-11->source-2 "990" 23:00:49.381542878
[2023-07-15T23:00:55Z INFO  dt_instance] received at 2023-07-15 23:00:55.023461918 UTC - from mc-11->source-3 "998" 23:00:54.686883965
[2023-07-15T23:01:00Z INFO  dt_instance] received at 2023-07-15 23:01:00.737843449 UTC - from mc-11->source-8 "997" 23:01:00.407654869
[2023-07-15T23:01:36Z INFO  dt_instance] received at 2023-07-15 23:01:36.010649489 UTC - from mc-11->source-4 "999" 23:00:56.370360792
