[2023-07-15T22:41:37Z INFO  dt_instance] Current Twin: mc-twin-3
[2023-07-15T22:41:37Z INFO  dt_instance] Replica Name twin-mc-stateful-3
[2023-07-15T22:41:37Z INFO  dt_instance] Sleeping for 150
[2023-07-15T22:44:07Z INFO  dt_instance] Connecting to broker at emqx.dtwins:1883
[2023-07-15T22:44:07Z INFO  dt_instance] Loggin info each 50 messages
[2023-07-15T22:44:07Z INFO  dt_instance] Set max packet size to 60000 KB.
[2023-07-15T22:44:07Z INFO  dt_instance] Refreshing topics for twin - Listen to mc-3/#
[2023-07-15T22:44:07Z INFO  dt_instance] SubAck { pkid: 1, return_codes: [Success(ExactlyOnce)] }
[2023-07-15T22:45:19Z INFO  dt_instance] received at 2023-07-15 22:45:19.770209274 UTC - from mc-3->source-2 "9" 22:45:19.769292196
[2023-07-15T22:45:23Z INFO  dt_instance] received at 2023-07-15 22:45:23.027297685 UTC - from mc-3->source-3 "13" 22:45:23.026122646
[2023-07-15T22:45:25Z INFO  dt_instance] received at 2023-07-15 22:45:25.536095854 UTC - from mc-3->source-1 "23" 22:45:25.535119363
[2023-07-15T22:45:28Z INFO  dt_instance] received at 2023-07-15 22:45:28.042265860 UTC - from mc-3->source-1 "28" 22:45:28.041367522
[2023-07-15T22:45:30Z INFO  dt_instance] received at 2023-07-15 22:45:30.547171507 UTC - from mc-3->source-1 "33" 22:45:30.546153583
[2023-07-15T22:45:33Z INFO  dt_instance] received at 2023-07-15 22:45:33.052550181 UTC - from mc-3->source-1 "38" 22:45:33.051564941
[2023-07-15T22:45:35Z INFO  dt_instance] received at 2023-07-15 22:45:35.557058142 UTC - from mc-3->source-1 "43" 22:45:35.556414663
[2023-07-15T22:45:38Z INFO  dt_instance] received at 2023-07-15 22:45:38.062550478 UTC - from mc-3->source-1 "48" 22:45:38.061820902
[2023-07-15T22:45:40Z INFO  dt_instance] received at 2023-07-15 22:45:40.568829660 UTC - from mc-3->source-1 "53" 22:45:40.567898872
[2023-07-15T22:45:43Z INFO  dt_instance] received at 2023-07-15 22:45:43.074647391 UTC - from mc-3->source-1 "58" 22:45:43.073371826
[2023-07-15T22:45:45Z INFO  dt_instance] received at 2023-07-15 22:45:45.580351163 UTC - from mc-3->source-1 "63" 22:45:45.579145933
[2023-07-15T22:45:48Z INFO  dt_instance] received at 2023-07-15 22:45:48.085849076 UTC - from mc-3->source-1 "68" 22:45:48.084818926
[2023-07-15T22:45:50Z INFO  dt_instance] received at 2023-07-15 22:45:50.593747688 UTC - from mc-3->source-1 "73" 22:45:50.592616677
[2023-07-15T22:45:53Z INFO  dt_instance] received at 2023-07-15 22:45:53.100787944 UTC - from mc-3->source-1 "78" 22:45:53.099651827
[2023-07-15T22:45:55Z INFO  dt_instance] received at 2023-07-15 22:45:55.606073549 UTC - from mc-3->source-1 "83" 22:45:55.605173919
[2023-07-15T22:45:58Z INFO  dt_instance] received at 2023-07-15 22:45:58.112074467 UTC - from mc-3->source-3 "83" 22:45:58.110930169
[2023-07-15T22:46:00Z INFO  dt_instance] received at 2023-07-15 22:46:00.616488157 UTC - from mc-3->source-1 "93" 22:46:00.615237253
[2023-07-15T22:46:03Z INFO  dt_instance] received at 2023-07-15 22:46:03.121232036 UTC - from mc-3->source-3 "93" 22:46:03.120241455
[2023-07-15T22:46:05Z INFO  dt_instance] received at 2023-07-15 22:46:05.630137933 UTC - from mc-3->source-3 "98" 22:46:05.627122045
[2023-07-15T22:46:08Z INFO  dt_instance] received at 2023-07-15 22:46:08.134250009 UTC - from mc-3->source-1 "108" 22:46:08.132656604
[2023-07-15T22:46:10Z INFO  dt_instance] received at 2023-07-15 22:46:10.639130050 UTC - from mc-3->source-1 "113" 22:46:10.638011748
[2023-07-15T22:46:13Z INFO  dt_instance] received at 2023-07-15 22:46:13.148216269 UTC - from mc-3->source-3 "113" 22:46:13.144166459
[2023-07-15T22:46:15Z INFO  dt_instance] received at 2023-07-15 22:46:15.653345466 UTC - from mc-3->source-3 "118" 22:46:15.651692904
[2023-07-15T22:46:18Z INFO  dt_instance] received at 2023-07-15 22:46:18.158039880 UTC - from mc-3->source-3 "123" 22:46:18.157200088
[2023-07-15T22:46:20Z INFO  dt_instance] received at 2023-07-15 22:46:20.667276342 UTC - from mc-3->source-3 "128" 22:46:20.666413113
[2023-07-15T22:46:23Z INFO  dt_instance] received at 2023-07-15 22:46:23.175213142 UTC - from mc-3->source-3 "133" 22:46:23.173891160
[2023-07-15T22:46:25Z INFO  dt_instance] received at 2023-07-15 22:46:25.684226521 UTC - from mc-3->source-9 "123" 22:46:25.677543338
[2023-07-15T22:46:28Z INFO  dt_instance] received at 2023-07-15 22:46:28.187751509 UTC - from mc-3->source-1 "148" 22:46:28.186402397
[2023-07-15T22:46:30Z INFO  dt_instance] received at 2023-07-15 22:46:30.695875103 UTC - from mc-3->source-5 "143" 22:46:30.694730656
[2023-07-15T22:46:33Z INFO  dt_instance] received at 2023-07-15 22:46:33.203372092 UTC - from mc-3->source-3 "153" 22:46:33.202260263
[2023-07-15T22:46:35Z INFO  dt_instance] received at 2023-07-15 22:46:35.711843446 UTC - from mc-3->source-7 "148" 22:46:35.710269491
[2023-07-15T22:46:38Z INFO  dt_instance] received at 2023-07-15 22:46:38.217842978 UTC - from mc-3->source-7 "153" 22:46:38.217155445
[2023-07-15T22:46:40Z INFO  dt_instance] received at 2023-07-15 22:46:40.731368075 UTC - from mc-3->source-5 "163" 22:46:40.726118134
[2023-07-15T22:46:43Z INFO  dt_instance] received at 2023-07-15 22:46:43.235317133 UTC - from mc-3->source-9 "158" 22:46:43.234124618
[2023-07-15T22:46:45Z INFO  dt_instance] received at 2023-07-15 22:46:45.741996913 UTC - from mc-3->source-9 "163" 22:46:45.740226451
[2023-07-15T22:46:48Z INFO  dt_instance] received at 2023-07-15 22:46:48.247102985 UTC - from mc-3->source-9 "168" 22:46:48.246116394
[2023-07-15T22:46:50Z INFO  dt_instance] received at 2023-07-15 22:46:50.755085735 UTC - from mc-3->source-9 "173" 22:46:50.754049575
[2023-07-15T22:46:53Z INFO  dt_instance] received at 2023-07-15 22:46:53.262364382 UTC - from mc-3->source-9 "178" 22:46:53.261102269
[2023-07-15T22:46:55Z INFO  dt_instance] received at 2023-07-15 22:46:55.767245831 UTC - from mc-3->source-9 "183" 22:46:55.766179725
[2023-07-15T22:46:58Z INFO  dt_instance] received at 2023-07-15 22:46:58.273537524 UTC - from mc-3->source-9 "188" 22:46:58.272504041
[2023-07-15T22:47:00Z INFO  dt_instance] received at 2023-07-15 22:47:00.779498898 UTC - from mc-3->source-9 "193" 22:47:00.777561830
[2023-07-15T22:47:03Z INFO  dt_instance] received at 2023-07-15 22:47:03.284232278 UTC - from mc-3->source-9 "198" 22:47:03.283685582
[2023-07-15T22:47:05Z INFO  dt_instance] received at 2023-07-15 22:47:05.788960743 UTC - from mc-3->source-9 "203" 22:47:05.788173670
[2023-07-15T22:47:08Z INFO  dt_instance] received at 2023-07-15 22:47:08.297521897 UTC - from mc-3->source-9 "208" 22:47:08.296854140
[2023-07-15T22:47:10Z INFO  dt_instance] received at 2023-07-15 22:47:10.803030074 UTC - from mc-3->source-9 "213" 22:47:10.801879885
[2023-07-15T22:47:13Z INFO  dt_instance] received at 2023-07-15 22:47:13.310857228 UTC - from mc-3->source-9 "218" 22:47:13.309770179
[2023-07-15T22:47:15Z INFO  dt_instance] received at 2023-07-15 22:47:15.820226140 UTC - from mc-3->source-9 "223" 22:47:15.815284248
[2023-07-15T22:47:18Z INFO  dt_instance] received at 2023-07-15 22:47:18.321937467 UTC - from mc-3->source-9 "228" 22:47:18.321153826
[2023-07-15T22:47:20Z INFO  dt_instance] received at 2023-07-15 22:47:20.829293172 UTC - from mc-3->source-9 "233" 22:47:20.827729006
[2023-07-15T22:47:23Z INFO  dt_instance] received at 2023-07-15 22:47:23.334602796 UTC - from mc-3->source-9 "238" 22:47:23.333617076
[2023-07-15T22:47:25Z INFO  dt_instance] received at 2023-07-15 22:47:25.843173689 UTC - from mc-3->source-3 "258" 22:47:25.841955136
[2023-07-15T22:47:28Z INFO  dt_instance] received at 2023-07-15 22:47:28.348784499 UTC - from mc-3->source-7 "253" 22:47:28.347570394
[2023-07-15T22:47:30Z INFO  dt_instance] received at 2023-07-15 22:47:30.855819166 UTC - from mc-3->source-9 "253" 22:47:30.854802312
[2023-07-15T22:47:33Z INFO  dt_instance] received at 2023-07-15 22:47:33.363880299 UTC - from mc-3->source-7 "263" 22:47:33.360253336
[2023-07-15T22:47:35Z INFO  dt_instance] received at 2023-07-15 22:47:35.868140900 UTC - from mc-3->source-3 "278" 22:47:35.867383464
[2023-07-15T22:47:38Z INFO  dt_instance] received at 2023-07-15 22:47:38.374788604 UTC - from mc-3->source-9 "268" 22:47:38.373663550
[2023-07-15T22:47:40Z INFO  dt_instance] received at 2023-07-15 22:47:40.881298380 UTC - from mc-3->source-7 "278" 22:47:40.879482766
[2023-07-15T22:47:43Z INFO  dt_instance] received at 2023-07-15 22:47:43.385095065 UTC - from mc-3->source-7 "283" 22:47:43.384341300
[2023-07-15T22:47:45Z INFO  dt_instance] received at 2023-07-15 22:47:45.890659643 UTC - from mc-3->source-3 "298" 22:47:45.889696383
[2023-07-15T22:47:48Z INFO  dt_instance] received at 2023-07-15 22:47:48.408128801 UTC - from mc-3->source-3 "303" 22:47:48.395642429
[2023-07-15T22:47:50Z INFO  dt_instance] received at 2023-07-15 22:47:50.907316091 UTC - from mc-3->source-9 "293" 22:47:50.906167526
[2023-07-15T22:47:53Z INFO  dt_instance] received at 2023-07-15 22:47:53.414840497 UTC - from mc-3->source-7 "303" 22:47:53.413678195
[2023-07-15T22:47:55Z INFO  dt_instance] received at 2023-07-15 22:47:55.920067172 UTC - from mc-3->source-7 "308" 22:47:55.918940503
[2023-07-15T22:47:58Z INFO  dt_instance] received at 2023-07-15 22:47:58.426331059 UTC - from mc-3->source-3 "323" 22:47:58.424083566
[2023-07-15T22:48:00Z INFO  dt_instance] received at 2023-07-15 22:48:00.931850568 UTC - from mc-3->source-7 "318" 22:48:00.930629933
[2023-07-15T22:48:03Z INFO  dt_instance] received at 2023-07-15 22:48:03.439083139 UTC - from mc-3->source-3 "333" 22:48:03.437500163
[2023-07-15T22:48:05Z INFO  dt_instance] received at 2023-07-15 22:48:05.949180249 UTC - from mc-3->source-9 "323" 22:48:05.947483518
[2023-07-15T22:48:08Z INFO  dt_instance] received at 2023-07-15 22:48:08.457544473 UTC - from mc-3->source-7 "333" 22:48:08.455916459
[2023-07-15T22:48:10Z INFO  dt_instance] received at 2023-07-15 22:48:10.962865907 UTC - from mc-3->source-5 "343" 22:48:10.961060782
[2023-07-15T22:48:13Z INFO  dt_instance] received at 2023-07-15 22:48:13.473075153 UTC - from mc-3->source-7 "343" 22:48:13.472106880
[2023-07-15T22:48:15Z INFO  dt_instance] received at 2023-07-15 22:48:15.979382396 UTC - from mc-3->source-7 "348" 22:48:15.978322006
[2023-07-15T22:48:18Z INFO  dt_instance] received at 2023-07-15 22:48:18.489206792 UTC - from mc-3->source-5 "358" 22:48:18.486483471
[2023-07-15T22:48:20Z INFO  dt_instance] received at 2023-07-15 22:48:20.994864994 UTC - from mc-3->source-9 "353" 22:48:20.993232638
[2023-07-15T22:48:23Z INFO  dt_instance] received at 2023-07-15 22:48:23.500345209 UTC - from mc-3->source-5 "368" 22:48:23.499350007
[2023-07-15T22:48:26Z INFO  dt_instance] received at 2023-07-15 22:48:26.007673064 UTC - from mc-3->source-5 "373" 22:48:26.004230343
[2023-07-15T22:48:28Z INFO  dt_instance] received at 2023-07-15 22:48:28.512697067 UTC - from mc-3->source-5 "378" 22:48:28.510060852
[2023-07-15T22:48:31Z INFO  dt_instance] received at 2023-07-15 22:48:31.018228052 UTC - from mc-3->source-5 "383" 22:48:31.016175958
[2023-07-15T22:48:33Z INFO  dt_instance] received at 2023-07-15 22:48:33.523014880 UTC - from mc-3->source-3 "393" 22:48:33.521532367
[2023-07-15T22:48:36Z INFO  dt_instance] received at 2023-07-15 22:48:36.030512544 UTC - from mc-3->source-5 "393" 22:48:36.028881908
[2023-07-15T22:48:38Z INFO  dt_instance] received at 2023-07-15 22:48:38.535972766 UTC - from mc-3->source-5 "398" 22:48:38.534473358
[2023-07-15T22:48:41Z INFO  dt_instance] received at 2023-07-15 22:48:41.050798522 UTC - from mc-3->source-9 "393" 22:48:41.040772549
[2023-07-15T22:48:43Z INFO  dt_instance] received at 2023-07-15 22:48:43.575141737 UTC - from mc-3->source-3 "413" 22:48:43.559064294
[2023-07-15T22:48:46Z INFO  dt_instance] received at 2023-07-15 22:48:46.066792526 UTC - from mc-3->source-3 "418" 22:48:46.065555759
[2023-07-15T22:48:48Z INFO  dt_instance] received at 2023-07-15 22:48:48.571314647 UTC - from mc-3->source-5 "418" 22:48:48.570468881
[2023-07-15T22:48:51Z INFO  dt_instance] received at 2023-07-15 22:48:51.083149809 UTC - from mc-3->source-5 "423" 22:48:51.081831693
[2023-07-15T22:48:53Z INFO  dt_instance] received at 2023-07-15 22:48:53.589042510 UTC - from mc-3->source-3 "433" 22:48:53.587690249
[2023-07-15T22:48:56Z INFO  dt_instance] received at 2023-07-15 22:48:56.094203688 UTC - from mc-3->source-5 "433" 22:48:56.093088564
[2023-07-15T22:48:58Z INFO  dt_instance] received at 2023-07-15 22:48:58.602073615 UTC - from mc-3->source-5 "438" 22:48:58.598593178
[2023-07-15T22:49:01Z INFO  dt_instance] received at 2023-07-15 22:49:01.107300318 UTC - from mc-3->source-5 "443" 22:49:01.104882972
[2023-07-15T22:49:03Z INFO  dt_instance] received at 2023-07-15 22:49:03.616002555 UTC - from mc-3->source-3 "453" 22:49:03.613051138
[2023-07-15T22:49:06Z INFO  dt_instance] received at 2023-07-15 22:49:06.119952514 UTC - from mc-3->source-5 "453" 22:49:06.118682796
[2023-07-15T22:49:08Z INFO  dt_instance] received at 2023-07-15 22:49:08.633564382 UTC - from mc-3->source-3 "463" 22:49:08.623571476
[2023-07-15T22:49:11Z INFO  dt_instance] received at 2023-07-15 22:49:11.132527045 UTC - from mc-3->source-3 "468" 22:49:11.130010490
[2023-07-15T22:49:13Z INFO  dt_instance] received at 2023-07-15 22:49:13.637712846 UTC - from mc-3->source-5 "468" 22:49:13.635764401
[2023-07-15T22:49:16Z INFO  dt_instance] received at 2023-07-15 22:49:16.142838411 UTC - from mc-3->source-3 "478" 22:49:16.141668373
[2023-07-15T22:49:18Z INFO  dt_instance] received at 2023-07-15 22:49:18.648471462 UTC - from mc-3->source-3 "483" 22:49:18.647684653
[2023-07-15T22:49:21Z INFO  dt_instance] received at 2023-07-15 22:49:21.155350672 UTC - from mc-3->source-3 "488" 22:49:21.152954360
[2023-07-15T22:49:23Z INFO  dt_instance] received at 2023-07-15 22:49:23.672525561 UTC - from mc-3->source-3 "493" 22:49:23.663521528
[2023-07-15T22:49:26Z INFO  dt_instance] received at 2023-07-15 22:49:26.170383044 UTC - from mc-3->source-5 "493" 22:49:26.169134625
[2023-07-15T22:49:28Z INFO  dt_instance] received at 2023-07-15 22:49:28.676752945 UTC - from mc-3->source-3 "503" 22:49:28.675451424
[2023-07-15T22:49:31Z INFO  dt_instance] received at 2023-07-15 22:49:31.186564540 UTC - from mc-3->source-3 "508" 22:49:31.184853820
[2023-07-15T22:49:33Z INFO  dt_instance] received at 2023-07-15 22:49:33.690456009 UTC - from mc-3->source-3 "513" 22:49:33.689405286
[2023-07-15T22:49:36Z INFO  dt_instance] received at 2023-07-15 22:49:36.195994836 UTC - from mc-3->source-3 "518" 22:49:36.194166613
[2023-07-15T22:49:38Z INFO  dt_instance] received at 2023-07-15 22:49:38.700705513 UTC - from mc-3->source-3 "523" 22:49:38.699884515
[2023-07-15T22:49:41Z INFO  dt_instance] received at 2023-07-15 22:49:41.205314740 UTC - from mc-3->source-3 "528" 22:49:41.204352591
[2023-07-15T22:49:43Z INFO  dt_instance] received at 2023-07-15 22:49:43.714401026 UTC - from mc-3->source-5 "528" 22:49:43.712941703
[2023-07-15T22:49:46Z INFO  dt_instance] received at 2023-07-15 22:49:46.221960117 UTC - from mc-3->source-5 "533" 22:49:46.218086058
[2023-07-15T22:49:48Z INFO  dt_instance] received at 2023-07-15 22:49:48.725959159 UTC - from mc-3->source-5 "538" 22:49:48.725064720
[2023-07-15T22:49:51Z INFO  dt_instance] received at 2023-07-15 22:49:51.232039601 UTC - from mc-3->source-5 "543" 22:49:51.230944015
[2023-07-15T22:49:53Z INFO  dt_instance] received at 2023-07-15 22:49:53.738051350 UTC - from mc-3->source-3 "553" 22:49:53.736315320
[2023-07-15T22:49:56Z INFO  dt_instance] received at 2023-07-15 22:49:56.248993294 UTC - from mc-3->source-3 "558" 22:49:56.241877332
[2023-07-15T22:49:58Z INFO  dt_instance] received at 2023-07-15 22:49:58.763615630 UTC - from mc-3->source-5 "558" 22:49:58.748907997
[2023-07-15T22:50:01Z INFO  dt_instance] received at 2023-07-15 22:50:01.256492683 UTC - from mc-3->source-3 "568" 22:50:01.254373400
[2023-07-15T22:50:03Z INFO  dt_instance] received at 2023-07-15 22:50:03.761848431 UTC - from mc-3->source-5 "568" 22:50:03.760514253
[2023-07-15T22:50:06Z INFO  dt_instance] received at 2023-07-15 22:50:06.270276834 UTC - from mc-3->source-3 "578" 22:50:06.266450869
[2023-07-15T22:50:08Z INFO  dt_instance] received at 2023-07-15 22:50:08.774152103 UTC - from mc-3->source-5 "578" 22:50:08.772336788
[2023-07-15T22:50:11Z INFO  dt_instance] received at 2023-07-15 22:50:11.283049229 UTC - from mc-3->source-3 "588" 22:50:11.279701436
[2023-07-15T22:50:13Z INFO  dt_instance] received at 2023-07-15 22:50:13.786128950 UTC - from mc-3->source-5 "588" 22:50:13.784768587
[2023-07-15T22:50:16Z INFO  dt_instance] received at 2023-07-15 22:50:16.302210738 UTC - from mc-3->source-5 "593" 22:50:16.291261021
[2023-07-15T22:50:18Z INFO  dt_instance] received at 2023-07-15 22:50:18.799534675 UTC - from mc-3->source-5 "598" 22:50:18.797700848
[2023-07-15T22:50:21Z INFO  dt_instance] received at 2023-07-15 22:50:21.304287879 UTC - from mc-3->source-5 "603" 22:50:21.303137866
[2023-07-15T22:50:23Z INFO  dt_instance] received at 2023-07-15 22:50:23.811799376 UTC - from mc-3->source-5 "608" 22:50:23.810171437
[2023-07-15T22:50:26Z INFO  dt_instance] received at 2023-07-15 22:50:26.319184801 UTC - from mc-3->source-5 "613" 22:50:26.317279962
[2023-07-15T22:50:28Z INFO  dt_instance] received at 2023-07-15 22:50:28.825374522 UTC - from mc-3->source-5 "618" 22:50:28.823513363
[2023-07-15T22:50:31Z INFO  dt_instance] received at 2023-07-15 22:50:31.329353541 UTC - from mc-3->source-5 "623" 22:50:31.328641124
[2023-07-15T22:50:33Z INFO  dt_instance] received at 2023-07-15 22:50:33.834139905 UTC - from mc-3->source-5 "628" 22:50:33.833072724
[2023-07-15T22:50:36Z INFO  dt_instance] received at 2023-07-15 22:50:36.343520633 UTC - from mc-3->source-5 "633" 22:50:36.339692703
[2023-07-15T22:50:38Z INFO  dt_instance] received at 2023-07-15 22:50:38.846224491 UTC - from mc-3->source-5 "638" 22:50:38.845080216
[2023-07-15T22:50:41Z INFO  dt_instance] received at 2023-07-15 22:50:41.357223169 UTC - from mc-3->source-5 "643" 22:50:41.351046523
[2023-07-15T22:50:43Z INFO  dt_instance] received at 2023-07-15 22:50:43.862083524 UTC - from mc-3->source-5 "648" 22:50:43.857149261
[2023-07-15T22:50:46Z INFO  dt_instance] received at 2023-07-15 22:50:46.370228746 UTC - from mc-3->source-5 "653" 22:50:46.362796610
[2023-07-15T22:50:48Z INFO  dt_instance] received at 2023-07-15 22:50:48.877485604 UTC - from mc-3->source-5 "658" 22:50:48.868733651
[2023-07-15T22:50:51Z INFO  dt_instance] received at 2023-07-15 22:50:51.385468266 UTC - from mc-3->source-5 "663" 22:50:51.374051877
[2023-07-15T22:50:53Z INFO  dt_instance] received at 2023-07-15 22:50:53.881231578 UTC - from mc-3->source-5 "668" 22:50:53.880098075
[2023-07-15T22:50:56Z INFO  dt_instance] received at 2023-07-15 22:50:56.392098826 UTC - from mc-3->source-5 "673" 22:50:56.386140031
[2023-07-15T22:50:58Z INFO  dt_instance] received at 2023-07-15 22:50:58.896222638 UTC - from mc-3->source-5 "678" 22:50:58.892016284
[2023-07-15T22:51:01Z INFO  dt_instance] received at 2023-07-15 22:51:01.586915209 UTC - from mc-3->source-7 "678" 22:51:01.375731858
[2023-07-15T22:51:03Z INFO  dt_instance] received at 2023-07-15 22:51:03.908754712 UTC - from mc-3->source-5 "688" 22:51:03.906675484
[2023-07-15T22:51:06Z INFO  dt_instance] received at 2023-07-15 22:51:06.417430419 UTC - from mc-3->source-5 "693" 22:51:06.415508847
[2023-07-15T22:51:08Z INFO  dt_instance] received at 2023-07-15 22:51:08.925838567 UTC - from mc-3->source-5 "698" 22:51:08.920819573
[2023-07-15T22:51:11Z INFO  dt_instance] received at 2023-07-15 22:51:11.449233988 UTC - from mc-3->source-5 "703" 22:51:11.425215950
[2023-07-15T22:51:13Z INFO  dt_instance] received at 2023-07-15 22:51:13.933971400 UTC - from mc-3->source-5 "708" 22:51:13.930799839
[2023-07-15T22:51:16Z INFO  dt_instance] received at 2023-07-15 22:51:16.451658899 UTC - from mc-3->source-5 "713" 22:51:16.436335678
[2023-07-15T22:51:18Z INFO  dt_instance] received at 2023-07-15 22:51:18.953723244 UTC - from mc-3->source-5 "718" 22:51:18.941681100
[2023-07-15T22:51:21Z INFO  dt_instance] received at 2023-07-15 22:51:21.453372344 UTC - from mc-3->source-5 "723" 22:51:21.447242300
[2023-07-15T22:51:23Z INFO  dt_instance] received at 2023-07-15 22:51:23.954660155 UTC - from mc-3->source-5 "728" 22:51:23.952326516
[2023-07-15T22:51:26Z INFO  dt_instance] received at 2023-07-15 22:51:26.469766217 UTC - from mc-3->source-5 "733" 22:51:26.459733771
[2023-07-15T22:51:28Z INFO  dt_instance] received at 2023-07-15 22:51:28.967027929 UTC - from mc-3->source-5 "738" 22:51:28.965275415
[2023-07-15T22:51:31Z INFO  dt_instance] received at 2023-07-15 22:51:31.477332493 UTC - from mc-3->source-5 "743" 22:51:31.470932503
[2023-07-15T22:51:33Z INFO  dt_instance] received at 2023-07-15 22:51:33.976223833 UTC - from mc-3->source-5 "748" 22:51:33.975450584
[2023-07-15T22:51:36Z INFO  dt_instance] received at 2023-07-15 22:51:36.493378193 UTC - from mc-3->source-5 "753" 22:51:36.480201921
[2023-07-15T22:51:38Z INFO  dt_instance] received at 2023-07-15 22:51:38.987166665 UTC - from mc-3->source-5 "758" 22:51:38.986009765
[2023-07-15T22:51:41Z INFO  dt_instance] received at 2023-07-15 22:51:41.509910730 UTC - from mc-3->source-5 "763" 22:51:41.491046117
[2023-07-15T22:51:43Z INFO  dt_instance] received at 2023-07-15 22:51:43.999680078 UTC - from mc-3->source-5 "768" 22:51:43.997001221
[2023-07-15T22:51:46Z INFO  dt_instance] received at 2023-07-15 22:51:46.512368093 UTC - from mc-3->source-5 "773" 22:51:46.503322801
[2023-07-15T22:51:49Z INFO  dt_instance] received at 2023-07-15 22:51:49.011735939 UTC - from mc-3->source-5 "778" 22:51:49.010227107
[2023-07-15T22:51:51Z INFO  dt_instance] received at 2023-07-15 22:51:51.517426081 UTC - from mc-3->source-5 "783" 22:51:51.516159311
[2023-07-15T22:51:54Z INFO  dt_instance] received at 2023-07-15 22:51:54.024733774 UTC - from mc-3->source-5 "788" 22:51:54.023102591
[2023-07-15T22:51:56Z INFO  dt_instance] received at 2023-07-15 22:51:56.537156508 UTC - from mc-3->source-5 "793" 22:51:56.528322356
[2023-07-15T22:51:59Z INFO  dt_instance] received at 2023-07-15 22:51:59.034481674 UTC - from mc-3->source-5 "798" 22:51:59.033516958
[2023-07-15T22:52:01Z INFO  dt_instance] received at 2023-07-15 22:52:01.559487683 UTC - from mc-3->source-5 "803" 22:52:01.553355621
[2023-07-15T22:52:04Z INFO  dt_instance] received at 2023-07-15 22:52:04.064592366 UTC - from mc-3->source-5 "808" 22:52:04.061372898
[2023-07-15T22:52:06Z INFO  dt_instance] received at 2023-07-15 22:52:06.587708822 UTC - from mc-3->source-5 "813" 22:52:06.566365359
[2023-07-15T22:52:09Z INFO  dt_instance] received at 2023-07-15 22:52:09.077136124 UTC - from mc-3->source-5 "818" 22:52:09.072374693
[2023-07-15T22:52:11Z INFO  dt_instance] received at 2023-07-15 22:52:11.583355830 UTC - from mc-3->source-5 "823" 22:52:11.578123343
[2023-07-15T22:52:14Z INFO  dt_instance] received at 2023-07-15 22:52:14.095499312 UTC - from mc-3->source-5 "828" 22:52:14.083376130
[2023-07-15T22:52:16Z INFO  dt_instance] received at 2023-07-15 22:52:16.597396769 UTC - from mc-3->source-5 "833" 22:52:16.589490308
[2023-07-15T22:52:19Z INFO  dt_instance] received at 2023-07-15 22:52:19.108336433 UTC - from mc-3->source-5 "838" 22:52:19.094094970
[2023-07-15T22:52:21Z INFO  dt_instance] received at 2023-07-15 22:52:21.604331706 UTC - from mc-3->source-5 "843" 22:52:21.603259823
[2023-07-15T22:52:24Z INFO  dt_instance] received at 2023-07-15 22:52:24.119775823 UTC - from mc-3->source-5 "848" 22:52:24.111718946
[2023-07-15T22:52:26Z INFO  dt_instance] received at 2023-07-15 22:52:26.884460567 UTC - from mc-3->source-9 "843" 22:52:26.593738077
[2023-07-15T22:52:29Z INFO  dt_instance] received at 2023-07-15 22:52:29.140033329 UTC - from mc-3->source-5 "858" 22:52:29.123002960
[2023-07-15T22:52:31Z INFO  dt_instance] received at 2023-07-15 22:52:31.630861053 UTC - from mc-3->source-5 "863" 22:52:31.629756962
[2023-07-15T22:52:34Z INFO  dt_instance] received at 2023-07-15 22:52:34.149983495 UTC - from mc-3->source-5 "868" 22:52:34.135017056
[2023-07-15T22:52:36Z INFO  dt_instance] received at 2023-07-15 22:52:36.675363159 UTC - from mc-3->source-5 "873" 22:52:36.642714643
[2023-07-15T22:52:39Z INFO  dt_instance] received at 2023-07-15 22:52:39.350409713 UTC - from mc-3->source-7 "873" 22:52:39.130908469
[2023-07-15T22:52:41Z INFO  dt_instance] received at 2023-07-15 22:52:41.663143845 UTC - from mc-3->source-5 "883" 22:52:41.656226554
[2023-07-15T22:52:44Z INFO  dt_instance] received at 2023-07-15 22:52:44.199218123 UTC - from mc-3->source-5 "888" 22:52:44.170279731
[2023-07-15T22:52:46Z INFO  dt_instance] received at 2023-07-15 22:52:46.693677796 UTC - from mc-3->source-5 "893" 22:52:46.677764473
[2023-07-15T22:52:49Z INFO  dt_instance] received at 2023-07-15 22:52:49.357287707 UTC - from mc-3->source-6 "896" 22:52:49.352900121
[2023-07-15T22:52:51Z INFO  dt_instance] received at 2023-07-15 22:52:51.693660493 UTC - from mc-3->source-5 "903" 22:52:51.689700262
[2023-07-15T22:52:54Z INFO  dt_instance] received at 2023-07-15 22:52:54.206572965 UTC - from mc-3->source-5 "908" 22:52:54.194669340
[2023-07-15T22:52:56Z INFO  dt_instance] received at 2023-07-15 22:52:56.743473597 UTC - from mc-3->source-3 "918" 22:52:56.677310663
[2023-07-15T22:52:59Z INFO  dt_instance] received at 2023-07-15 22:52:59.439108773 UTC - from mc-3->source-2 "926" 22:52:59.410743827
[2023-07-15T22:53:01Z INFO  dt_instance] received at 2023-07-15 22:53:01.716809532 UTC - from mc-3->source-5 "923" 22:53:01.711820899
[2023-07-15T22:53:04Z INFO  dt_instance] received at 2023-07-15 22:53:04.233364269 UTC - from mc-3->source-5 "928" 22:53:04.218003077
[2023-07-15T22:53:06Z INFO  dt_instance] received at 2023-07-15 22:53:06.746872317 UTC - from mc-3->source-5 "933" 22:53:06.726798085
[2023-07-15T22:53:09Z INFO  dt_instance] received at 2023-07-15 22:53:09.452427987 UTC - from mc-3->source-8 "931" 22:53:09.420859976
[2023-07-15T22:53:11Z INFO  dt_instance] received at 2023-07-15 22:53:11.808549657 UTC - from mc-3->source-7 "938" 22:53:11.726636205
[2023-07-15T22:53:14Z INFO  dt_instance] received at 2023-07-15 22:53:14.374327437 UTC - from mc-3->source-1 "958" 22:53:14.186051962
[2023-07-15T22:53:17Z INFO  dt_instance] received at 2023-07-15 22:53:17.088462669 UTC - from mc-3->source-4 "956" 22:53:16.970226460
[2023-07-15T22:53:19Z INFO  dt_instance] received at 2023-07-15 22:53:19.488795781 UTC - from mc-3->source-7 "953" 22:53:19.244671189
[2023-07-15T22:53:21Z INFO  dt_instance] received at 2023-07-15 22:53:21.929272814 UTC - from mc-3->source-7 "958" 22:53:21.750134969
[2023-07-15T22:53:24Z INFO  dt_instance] received at 2023-07-15 22:53:24.541002799 UTC - from mc-3->source-3 "973" 22:53:24.253748322
[2023-07-15T22:53:27Z INFO  dt_instance] received at 2023-07-15 22:53:27.066109758 UTC - from mc-3->source-2 "981" 22:53:26.983637170
[2023-07-15T22:53:29Z INFO  dt_instance] received at 2023-07-15 22:53:29.566057641 UTC - from mc-3->source-3 "983" 22:53:29.264937411
[2023-07-15T22:53:31Z INFO  dt_instance] received at 2023-07-15 22:53:31.899985132 UTC - from mc-3->source-7 "978" 22:53:31.774135507
[2023-07-15T22:53:34Z INFO  dt_instance] received at 2023-07-15 22:53:34.508736275 UTC - from mc-3->source-6 "986" 22:53:34.459497182
[2023-07-15T22:53:37Z INFO  dt_instance] received at 2023-07-15 22:53:37.826854270 UTC - from mc-3->source-9 "985" 22:53:37.763901712
[2023-07-15T22:53:45Z INFO  dt_instance] received at 2023-07-15 22:53:45.037306285 UTC - from mc-3->source-9 "999" 22:53:44.777698556
