[2023-07-15T22:41:24Z INFO  dt_instance] Current Twin: mc-twin-0
[2023-07-15T22:41:24Z INFO  dt_instance] Replica Name twin-mc-stateful-0
[2023-07-15T22:41:24Z INFO  dt_instance] Sleeping for 0
[2023-07-15T22:41:24Z INFO  dt_instance] Connecting to broker at emqx.dtwins:1883
[2023-07-15T22:41:24Z INFO  dt_instance] Loggin info each 50 messages
[2023-07-15T22:41:24Z INFO  dt_instance] Set max packet size to 60000 KB.
[2023-07-15T22:41:24Z INFO  dt_instance] Refreshing topics for twin - Listen to mc-0/#
[2023-07-15T22:41:24Z INFO  dt_instance] SubAck { pkid: 1, return_codes: [Success(ExactlyOnce)] }
[2023-07-15T22:42:36Z INFO  dt_instance] received at 2023-07-15 22:42:36.039916560 UTC - from mc-0->source-2 "9" 22:42:36.038947650
[2023-07-15T22:42:39Z INFO  dt_instance] received at 2023-07-15 22:42:39.315974710 UTC - from mc-0->source-3 "13" 22:42:39.312521173
[2023-07-15T22:42:41Z INFO  dt_instance] received at 2023-07-15 22:42:41.826931202 UTC - from mc-0->source-1 "23" 22:42:41.826156791
[2023-07-15T22:42:44Z INFO  dt_instance] received at 2023-07-15 22:42:44.331489759 UTC - from mc-0->source-3 "23" 22:42:44.330544037
[2023-07-15T22:42:46Z INFO  dt_instance] received at 2023-07-15 22:42:46.838700776 UTC - from mc-0->source-1 "33" 22:42:46.837080408
[2023-07-15T22:42:49Z INFO  dt_instance] received at 2023-07-15 22:42:49.344965241 UTC - from mc-0->source-3 "33" 22:42:49.343931587
[2023-07-15T22:42:51Z INFO  dt_instance] received at 2023-07-15 22:42:51.853262350 UTC - from mc-0->source-1 "43" 22:42:51.849756130
[2023-07-15T22:42:54Z INFO  dt_instance] received at 2023-07-15 22:42:54.356285399 UTC - from mc-0->source-1 "48" 22:42:54.355467815
[2023-07-15T22:42:56Z INFO  dt_instance] received at 2023-07-15 22:42:56.862355889 UTC - from mc-0->source-1 "53" 22:42:56.861097244
[2023-07-15T22:42:59Z INFO  dt_instance] received at 2023-07-15 22:42:59.375635666 UTC - from mc-0->source-1 "58" 22:42:59.373601175
[2023-07-15T22:43:01Z INFO  dt_instance] received at 2023-07-15 22:43:01.881110003 UTC - from mc-0->source-3 "58" 22:43:01.879588024
[2023-07-15T22:43:04Z INFO  dt_instance] received at 2023-07-15 22:43:04.387034009 UTC - from mc-0->source-1 "68" 22:43:04.385785396
[2023-07-15T22:43:06Z INFO  dt_instance] received at 2023-07-15 22:43:06.895870066 UTC - from mc-0->source-1 "73" 22:43:06.893409306
[2023-07-15T22:43:09Z INFO  dt_instance] received at 2023-07-15 22:43:09.401255077 UTC - from mc-0->source-1 "78" 22:43:09.400017365
[2023-07-15T22:43:11Z INFO  dt_instance] received at 2023-07-15 22:43:11.917807705 UTC - from mc-0->source-3 "78" 22:43:11.916624885
[2023-07-15T22:43:14Z INFO  dt_instance] received at 2023-07-15 22:43:14.426689743 UTC - from mc-0->source-3 "83" 22:43:14.423839783
[2023-07-15T22:43:16Z INFO  dt_instance] received at 2023-07-15 22:43:16.931074135 UTC - from mc-0->source-3 "88" 22:43:16.930184759
[2023-07-15T22:43:19Z INFO  dt_instance] received at 2023-07-15 22:43:19.436140790 UTC - from mc-0->source-3 "93" 22:43:19.435174817
[2023-07-15T22:43:21Z INFO  dt_instance] received at 2023-07-15 22:43:21.942864893 UTC - from mc-0->source-3 "98" 22:43:21.941862244
[2023-07-15T22:43:24Z INFO  dt_instance] received at 2023-07-15 22:43:24.452212199 UTC - from mc-0->source-3 "103" 22:43:24.451112756
[2023-07-15T22:43:26Z INFO  dt_instance] received at 2023-07-15 22:43:26.959956230 UTC - from mc-0->source-3 "108" 22:43:26.956445431
[2023-07-15T22:43:29Z INFO  dt_instance] received at 2023-07-15 22:43:29.462889196 UTC - from mc-0->source-3 "113" 22:43:29.462212647
[2023-07-15T22:43:31Z INFO  dt_instance] received at 2023-07-15 22:43:31.971955054 UTC - from mc-0->source-3 "118" 22:43:31.970951636
[2023-07-15T22:43:34Z INFO  dt_instance] received at 2023-07-15 22:43:34.477165156 UTC - from mc-0->source-3 "123" 22:43:34.476041822
[2023-07-15T22:43:36Z INFO  dt_instance] received at 2023-07-15 22:43:36.984370639 UTC - from mc-0->source-3 "128" 22:43:36.981321495
[2023-07-15T22:43:39Z INFO  dt_instance] received at 2023-07-15 22:43:39.487809851 UTC - from mc-0->source-3 "133" 22:43:39.486572388
[2023-07-15T22:43:41Z INFO  dt_instance] received at 2023-07-15 22:43:41.994118836 UTC - from mc-0->source-3 "138" 22:43:41.992088972
[2023-07-15T22:43:44Z INFO  dt_instance] received at 2023-07-15 22:43:44.498289976 UTC - from mc-0->source-3 "143" 22:43:44.497255400
[2023-07-15T22:43:47Z INFO  dt_instance] received at 2023-07-15 22:43:47.019449850 UTC - from mc-0->source-3 "148" 22:43:47.018191078
[2023-07-15T22:43:49Z INFO  dt_instance] received at 2023-07-15 22:43:49.523906435 UTC - from mc-0->source-3 "153" 22:43:49.522817726
[2023-07-15T22:43:52Z INFO  dt_instance] received at 2023-07-15 22:43:52.029213480 UTC - from mc-0->source-3 "158" 22:43:52.028013157
[2023-07-15T22:43:54Z INFO  dt_instance] received at 2023-07-15 22:43:54.534171905 UTC - from mc-0->source-3 "163" 22:43:54.532797350
[2023-07-15T22:43:57Z INFO  dt_instance] received at 2023-07-15 22:43:57.039633004 UTC - from mc-0->source-3 "168" 22:43:57.038342433
[2023-07-15T22:43:59Z INFO  dt_instance] received at 2023-07-15 22:43:59.544684126 UTC - from mc-0->source-3 "173" 22:43:59.543170726
[2023-07-15T22:44:02Z INFO  dt_instance] received at 2023-07-15 22:44:02.051037498 UTC - from mc-0->source-3 "178" 22:44:02.049592777
[2023-07-15T22:44:04Z INFO  dt_instance] received at 2023-07-15 22:44:04.560257418 UTC - from mc-0->source-3 "183" 22:44:04.554819264
[2023-07-15T22:44:07Z INFO  dt_instance] received at 2023-07-15 22:44:07.061450440 UTC - from mc-0->source-3 "188" 22:44:07.060589660
[2023-07-15T22:44:09Z INFO  dt_instance] received at 2023-07-15 22:44:09.567958145 UTC - from mc-0->source-3 "193" 22:44:09.566524078
[2023-07-15T22:44:12Z INFO  dt_instance] received at 2023-07-15 22:44:12.073978882 UTC - from mc-0->source-3 "198" 22:44:12.072416141
[2023-07-15T22:44:14Z INFO  dt_instance] received at 2023-07-15 22:44:14.582794681 UTC - from mc-0->source-3 "203" 22:44:14.579169110
[2023-07-15T22:44:17Z INFO  dt_instance] received at 2023-07-15 22:44:17.088138251 UTC - from mc-0->source-3 "208" 22:44:17.085115738
[2023-07-15T22:44:19Z INFO  dt_instance] received at 2023-07-15 22:44:19.594989148 UTC - from mc-0->source-3 "213" 22:44:19.592945693
[2023-07-15T22:44:22Z INFO  dt_instance] received at 2023-07-15 22:44:22.098911366 UTC - from mc-0->source-3 "218" 22:44:22.098122381
[2023-07-15T22:44:24Z INFO  dt_instance] received at 2023-07-15 22:44:24.605754747 UTC - from mc-0->source-3 "223" 22:44:24.603990852
[2023-07-15T22:44:27Z INFO  dt_instance] received at 2023-07-15 22:44:27.110419535 UTC - from mc-0->source-3 "228" 22:44:27.109656594
[2023-07-15T22:44:29Z INFO  dt_instance] received at 2023-07-15 22:44:29.615754549 UTC - from mc-0->source-3 "233" 22:44:29.614925700
[2023-07-15T22:44:32Z INFO  dt_instance] received at 2023-07-15 22:44:32.123154693 UTC - from mc-0->source-3 "238" 22:44:32.122133287
[2023-07-15T22:44:34Z INFO  dt_instance] received at 2023-07-15 22:44:34.628238330 UTC - from mc-0->source-3 "243" 22:44:34.627085979
[2023-07-15T22:44:37Z INFO  dt_instance] received at 2023-07-15 22:44:37.132707375 UTC - from mc-0->source-3 "248" 22:44:37.131674957
[2023-07-15T22:44:39Z INFO  dt_instance] received at 2023-07-15 22:44:39.638669429 UTC - from mc-0->source-3 "253" 22:44:39.637541785
[2023-07-15T22:44:42Z INFO  dt_instance] received at 2023-07-15 22:44:42.143793383 UTC - from mc-0->source-3 "258" 22:44:42.142870567
[2023-07-15T22:44:44Z INFO  dt_instance] received at 2023-07-15 22:44:44.648387819 UTC - from mc-0->source-3 "263" 22:44:44.647587184
[2023-07-15T22:44:47Z INFO  dt_instance] received at 2023-07-15 22:44:47.154155093 UTC - from mc-0->source-3 "268" 22:44:47.152763840
[2023-07-15T22:44:49Z INFO  dt_instance] received at 2023-07-15 22:44:49.658527254 UTC - from mc-0->source-3 "273" 22:44:49.657735469
[2023-07-15T22:44:52Z INFO  dt_instance] received at 2023-07-15 22:44:52.170396557 UTC - from mc-0->source-3 "278" 22:44:52.164536958
[2023-07-15T22:44:54Z INFO  dt_instance] received at 2023-07-15 22:44:54.671974144 UTC - from mc-0->source-3 "283" 22:44:54.671063665
[2023-07-15T22:44:57Z INFO  dt_instance] received at 2023-07-15 22:44:57.177073573 UTC - from mc-0->source-3 "288" 22:44:57.176087716
[2023-07-15T22:44:59Z INFO  dt_instance] received at 2023-07-15 22:44:59.682561914 UTC - from mc-0->source-3 "293" 22:44:59.681783931
[2023-07-15T22:45:02Z INFO  dt_instance] received at 2023-07-15 22:45:02.190316608 UTC - from mc-0->source-3 "298" 22:45:02.186809296
[2023-07-15T22:45:04Z INFO  dt_instance] received at 2023-07-15 22:45:04.694691495 UTC - from mc-0->source-3 "303" 22:45:04.693425358
[2023-07-15T22:45:07Z INFO  dt_instance] received at 2023-07-15 22:45:07.200547006 UTC - from mc-0->source-3 "308" 22:45:07.199473804
[2023-07-15T22:45:09Z INFO  dt_instance] received at 2023-07-15 22:45:09.707766453 UTC - from mc-0->source-3 "313" 22:45:09.704922529
[2023-07-15T22:45:12Z INFO  dt_instance] received at 2023-07-15 22:45:12.211073880 UTC - from mc-0->source-3 "318" 22:45:12.210189338
[2023-07-15T22:45:14Z INFO  dt_instance] received at 2023-07-15 22:45:14.717355553 UTC - from mc-0->source-9 "308" 22:45:14.716131586
[2023-07-15T22:45:17Z INFO  dt_instance] received at 2023-07-15 22:45:17.222583933 UTC - from mc-0->source-3 "328" 22:45:17.221631461
[2023-07-15T22:45:19Z INFO  dt_instance] received at 2023-07-15 22:45:19.728733330 UTC - from mc-0->source-3 "333" 22:45:19.727553102
[2023-07-15T22:45:22Z INFO  dt_instance] received at 2023-07-15 22:45:22.235739487 UTC - from mc-0->source-3 "338" 22:45:22.234908056
[2023-07-15T22:45:24Z INFO  dt_instance] received at 2023-07-15 22:45:24.742201003 UTC - from mc-0->source-3 "343" 22:45:24.741284994
[2023-07-15T22:45:27Z INFO  dt_instance] received at 2023-07-15 22:45:27.249120651 UTC - from mc-0->source-3 "348" 22:45:27.245492552
[2023-07-15T22:45:29Z INFO  dt_instance] received at 2023-07-15 22:45:29.753881115 UTC - from mc-0->source-3 "353" 22:45:29.752822103
[2023-07-15T22:45:32Z INFO  dt_instance] received at 2023-07-15 22:45:32.259049021 UTC - from mc-0->source-3 "358" 22:45:32.257818458
[2023-07-15T22:45:34Z INFO  dt_instance] received at 2023-07-15 22:45:34.769755438 UTC - from mc-0->source-3 "363" 22:45:34.762640418
[2023-07-15T22:45:37Z INFO  dt_instance] received at 2023-07-15 22:45:37.271103648 UTC - from mc-0->source-3 "368" 22:45:37.269974242
[2023-07-15T22:45:39Z INFO  dt_instance] received at 2023-07-15 22:45:39.776806466 UTC - from mc-0->source-3 "373" 22:45:39.775852897
[2023-07-15T22:45:42Z INFO  dt_instance] received at 2023-07-15 22:45:42.286766272 UTC - from mc-0->source-3 "378" 22:45:42.282494087
[2023-07-15T22:45:44Z INFO  dt_instance] received at 2023-07-15 22:45:44.790669604 UTC - from mc-0->source-3 "383" 22:45:44.789164101
[2023-07-15T22:45:47Z INFO  dt_instance] received at 2023-07-15 22:45:47.295356395 UTC - from mc-0->source-3 "388" 22:45:47.294490623
[2023-07-15T22:45:49Z INFO  dt_instance] received at 2023-07-15 22:45:49.802960140 UTC - from mc-0->source-3 "393" 22:45:49.801905404
[2023-07-15T22:45:52Z INFO  dt_instance] received at 2023-07-15 22:45:52.311443842 UTC - from mc-0->source-3 "398" 22:45:52.308965605
[2023-07-15T22:45:54Z INFO  dt_instance] received at 2023-07-15 22:45:54.814839531 UTC - from mc-0->source-3 "403" 22:45:54.813504873
[2023-07-15T22:45:57Z INFO  dt_instance] received at 2023-07-15 22:45:57.319878773 UTC - from mc-0->source-3 "408" 22:45:57.318517798
[2023-07-15T22:45:59Z INFO  dt_instance] received at 2023-07-15 22:45:59.830912269 UTC - from mc-0->source-9 "398" 22:45:59.825774737
[2023-07-15T22:46:02Z INFO  dt_instance] received at 2023-07-15 22:46:02.332535202 UTC - from mc-0->source-9 "403" 22:46:02.331583556
[2023-07-15T22:46:04Z INFO  dt_instance] received at 2023-07-15 22:46:04.839200805 UTC - from mc-0->source-9 "408" 22:46:04.836651410
[2023-07-15T22:46:07Z INFO  dt_instance] received at 2023-07-15 22:46:07.345077566 UTC - from mc-0->source-5 "423" 22:46:07.343730628
[2023-07-15T22:46:09Z INFO  dt_instance] received at 2023-07-15 22:46:09.852874723 UTC - from mc-0->source-7 "423" 22:46:09.851674946
[2023-07-15T22:46:12Z INFO  dt_instance] received at 2023-07-15 22:46:12.365948266 UTC - from mc-0->source-7 "428" 22:46:12.364867983
[2023-07-15T22:46:14Z INFO  dt_instance] received at 2023-07-15 22:46:14.874465759 UTC - from mc-0->source-7 "433" 22:46:14.869599172
[2023-07-15T22:46:17Z INFO  dt_instance] received at 2023-07-15 22:46:17.376704025 UTC - from mc-0->source-7 "438" 22:46:17.375632604
[2023-07-15T22:46:19Z INFO  dt_instance] received at 2023-07-15 22:46:19.882504137 UTC - from mc-0->source-7 "443" 22:46:19.881720887
[2023-07-15T22:46:22Z INFO  dt_instance] received at 2023-07-15 22:46:22.391172589 UTC - from mc-0->source-7 "448" 22:46:22.387405121
[2023-07-15T22:46:24Z INFO  dt_instance] received at 2023-07-15 22:46:24.894208236 UTC - from mc-0->source-7 "453" 22:46:24.893362076
[2023-07-15T22:46:27Z INFO  dt_instance] received at 2023-07-15 22:46:27.402597002 UTC - from mc-0->source-7 "458" 22:46:27.400558678
[2023-07-15T22:46:29Z INFO  dt_instance] received at 2023-07-15 22:46:29.908993705 UTC - from mc-0->source-7 "463" 22:46:29.908117924
[2023-07-15T22:46:32Z INFO  dt_instance] received at 2023-07-15 22:46:32.416177491 UTC - from mc-0->source-7 "468" 22:46:32.415113832
[2023-07-15T22:46:34Z INFO  dt_instance] received at 2023-07-15 22:46:34.920993261 UTC - from mc-0->source-7 "473" 22:46:34.920445246
[2023-07-15T22:46:37Z INFO  dt_instance] received at 2023-07-15 22:46:37.433437615 UTC - from mc-0->source-7 "478" 22:46:37.432079183
[2023-07-15T22:46:39Z INFO  dt_instance] received at 2023-07-15 22:46:39.937666253 UTC - from mc-0->source-7 "483" 22:46:39.936752594
[2023-07-15T22:46:42Z INFO  dt_instance] received at 2023-07-15 22:46:42.445885441 UTC - from mc-0->source-7 "488" 22:46:42.442698514
[2023-07-15T22:46:44Z INFO  dt_instance] received at 2023-07-15 22:46:44.951755038 UTC - from mc-0->source-7 "493" 22:46:44.950749256
[2023-07-15T22:46:47Z INFO  dt_instance] received at 2023-07-15 22:46:47.458111659 UTC - from mc-0->source-7 "498" 22:46:47.457127273
[2023-07-15T22:46:49Z INFO  dt_instance] received at 2023-07-15 22:46:49.964477112 UTC - from mc-0->source-7 "503" 22:46:49.963459081
[2023-07-15T22:46:52Z INFO  dt_instance] received at 2023-07-15 22:46:52.471636941 UTC - from mc-0->source-7 "508" 22:46:52.470263021
[2023-07-15T22:46:54Z INFO  dt_instance] received at 2023-07-15 22:46:54.977089084 UTC - from mc-0->source-7 "513" 22:46:54.976025566
[2023-07-15T22:46:57Z INFO  dt_instance] received at 2023-07-15 22:46:57.481832462 UTC - from mc-0->source-7 "518" 22:46:57.480970580
[2023-07-15T22:46:59Z INFO  dt_instance] received at 2023-07-15 22:46:59.987319776 UTC - from mc-0->source-7 "523" 22:46:59.986513459
[2023-07-15T22:47:02Z INFO  dt_instance] received at 2023-07-15 22:47:02.493113676 UTC - from mc-0->source-7 "528" 22:47:02.492539288
[2023-07-15T22:47:04Z INFO  dt_instance] received at 2023-07-15 22:47:04.999676656 UTC - from mc-0->source-7 "533" 22:47:04.998275809
[2023-07-15T22:47:07Z INFO  dt_instance] received at 2023-07-15 22:47:07.504558386 UTC - from mc-0->source-7 "538" 22:47:07.503667601
[2023-07-15T22:47:10Z INFO  dt_instance] received at 2023-07-15 22:47:10.015458091 UTC - from mc-0->source-7 "543" 22:47:10.010045456
[2023-07-15T22:47:12Z INFO  dt_instance] received at 2023-07-15 22:47:12.517064587 UTC - from mc-0->source-7 "548" 22:47:12.516040571
[2023-07-15T22:47:15Z INFO  dt_instance] received at 2023-07-15 22:47:15.022584659 UTC - from mc-0->source-5 "558" 22:47:15.021020009
[2023-07-15T22:47:17Z INFO  dt_instance] received at 2023-07-15 22:47:17.528193854 UTC - from mc-0->source-3 "568" 22:47:17.526910225
[2023-07-15T22:47:20Z INFO  dt_instance] received at 2023-07-15 22:47:20.033879725 UTC - from mc-0->source-5 "568" 22:47:20.032622135
[2023-07-15T22:47:22Z INFO  dt_instance] received at 2023-07-15 22:47:22.541327931 UTC - from mc-0->source-3 "578" 22:47:22.539536469
[2023-07-15T22:47:25Z INFO  dt_instance] received at 2023-07-15 22:47:25.047366765 UTC - from mc-0->source-5 "578" 22:47:25.045766138
[2023-07-15T22:47:27Z INFO  dt_instance] received at 2023-07-15 22:47:27.553857201 UTC - from mc-0->source-3 "588" 22:47:27.552258564
[2023-07-15T22:47:30Z INFO  dt_instance] received at 2023-07-15 22:47:30.059167619 UTC - from mc-0->source-7 "583" 22:47:30.058033154
[2023-07-15T22:47:32Z INFO  dt_instance] received at 2023-07-15 22:47:32.570100541 UTC - from mc-0->source-7 "588" 22:47:32.568637337
[2023-07-15T22:47:35Z INFO  dt_instance] received at 2023-07-15 22:47:35.076656435 UTC - from mc-0->source-7 "593" 22:47:35.074799783
[2023-07-15T22:47:37Z INFO  dt_instance] received at 2023-07-15 22:47:37.586279778 UTC - from mc-0->source-7 "598" 22:47:37.581256916
[2023-07-15T22:47:40Z INFO  dt_instance] received at 2023-07-15 22:47:40.087637560 UTC - from mc-0->source-7 "603" 22:47:40.086660758
[2023-07-15T22:47:42Z INFO  dt_instance] received at 2023-07-15 22:47:42.599750703 UTC - from mc-0->source-7 "608" 22:47:42.593815315
[2023-07-15T22:47:45Z INFO  dt_instance] received at 2023-07-15 22:47:45.102914776 UTC - from mc-0->source-9 "608" 22:47:45.102112484
[2023-07-15T22:47:47Z INFO  dt_instance] received at 2023-07-15 22:47:47.609958049 UTC - from mc-0->source-7 "618" 22:47:47.608903953
[2023-07-15T22:47:50Z INFO  dt_instance] received at 2023-07-15 22:47:50.116776442 UTC - from mc-0->source-7 "623" 22:47:50.115254762
[2023-07-15T22:47:52Z INFO  dt_instance] received at 2023-07-15 22:47:52.623205193 UTC - from mc-0->source-5 "633" 22:47:52.622270884
[2023-07-15T22:47:55Z INFO  dt_instance] received at 2023-07-15 22:47:55.138487711 UTC - from mc-0->source-7 "633" 22:47:55.137221542
[2023-07-15T22:47:57Z INFO  dt_instance] received at 2023-07-15 22:47:57.644879188 UTC - from mc-0->source-5 "643" 22:47:57.643631625
[2023-07-15T22:48:00Z INFO  dt_instance] received at 2023-07-15 22:48:00.151306276 UTC - from mc-0->source-5 "648" 22:48:00.149862945
[2023-07-15T22:48:02Z INFO  dt_instance] received at 2023-07-15 22:48:02.662026463 UTC - from mc-0->source-5 "653" 22:48:02.658248893
[2023-07-15T22:48:05Z INFO  dt_instance] received at 2023-07-15 22:48:05.174209026 UTC - from mc-0->source-5 "658" 22:48:05.165205533
[2023-07-15T22:48:07Z INFO  dt_instance] received at 2023-07-15 22:48:07.672108144 UTC - from mc-0->source-7 "658" 22:48:07.669523511
[2023-07-15T22:48:10Z INFO  dt_instance] received at 2023-07-15 22:48:10.183479266 UTC - from mc-0->source-5 "668" 22:48:10.175192202
[2023-07-15T22:48:12Z INFO  dt_instance] received at 2023-07-15 22:48:12.699107335 UTC - from mc-0->source-5 "673" 22:48:12.680595257
[2023-07-15T22:48:15Z INFO  dt_instance] received at 2023-07-15 22:48:15.186792429 UTC - from mc-0->source-5 "678" 22:48:15.185820178
[2023-07-15T22:48:17Z INFO  dt_instance] received at 2023-07-15 22:48:17.691594370 UTC - from mc-0->source-7 "678" 22:48:17.690544332
[2023-07-15T22:48:20Z INFO  dt_instance] received at 2023-07-15 22:48:20.198644974 UTC - from mc-0->source-5 "688" 22:48:20.197129142
[2023-07-15T22:48:22Z INFO  dt_instance] received at 2023-07-15 22:48:22.704762977 UTC - from mc-0->source-5 "693" 22:48:22.703400775
[2023-07-15T22:48:25Z INFO  dt_instance] received at 2023-07-15 22:48:25.209977384 UTC - from mc-0->source-5 "698" 22:48:25.208842129
[2023-07-15T22:48:27Z INFO  dt_instance] received at 2023-07-15 22:48:27.719245115 UTC - from mc-0->source-5 "703" 22:48:27.713439062
[2023-07-15T22:48:30Z INFO  dt_instance] received at 2023-07-15 22:48:30.222084355 UTC - from mc-0->source-5 "708" 22:48:30.221421389
[2023-07-15T22:48:32Z INFO  dt_instance] received at 2023-07-15 22:48:32.732895505 UTC - from mc-0->source-5 "713" 22:48:32.727910790
[2023-07-15T22:48:35Z INFO  dt_instance] received at 2023-07-15 22:48:35.235857064 UTC - from mc-0->source-5 "718" 22:48:35.234045690
[2023-07-15T22:48:37Z INFO  dt_instance] received at 2023-07-15 22:48:37.740784404 UTC - from mc-0->source-5 "723" 22:48:37.739211095
[2023-07-15T22:48:40Z INFO  dt_instance] received at 2023-07-15 22:48:40.247710650 UTC - from mc-0->source-5 "728" 22:48:40.244051482
[2023-07-15T22:48:42Z INFO  dt_instance] received at 2023-07-15 22:48:42.767079494 UTC - from mc-0->source-5 "733" 22:48:42.748622393
[2023-07-15T22:48:45Z INFO  dt_instance] received at 2023-07-15 22:48:45.255634698 UTC - from mc-0->source-5 "738" 22:48:45.254596373
[2023-07-15T22:48:47Z INFO  dt_instance] received at 2023-07-15 22:48:47.765742670 UTC - from mc-0->source-5 "743" 22:48:47.762957894
[2023-07-15T22:48:50Z INFO  dt_instance] received at 2023-07-15 22:48:50.272381892 UTC - from mc-0->source-5 "748" 22:48:50.270085609
[2023-07-15T22:48:52Z INFO  dt_instance] received at 2023-07-15 22:48:52.777802980 UTC - from mc-0->source-7 "748" 22:48:52.776090917
[2023-07-15T22:48:55Z INFO  dt_instance] received at 2023-07-15 22:48:55.282649774 UTC - from mc-0->source-7 "753" 22:48:55.281556594
[2023-07-15T22:48:57Z INFO  dt_instance] received at 2023-07-15 22:48:57.788250051 UTC - from mc-0->source-7 "758" 22:48:57.786547614
[2023-07-15T22:49:00Z INFO  dt_instance] received at 2023-07-15 22:49:00.292390744 UTC - from mc-0->source-7 "763" 22:49:00.291477282
[2023-07-15T22:49:02Z INFO  dt_instance] received at 2023-07-15 22:49:02.801151323 UTC - from mc-0->source-7 "768" 22:49:02.797589098
[2023-07-15T22:49:05Z INFO  dt_instance] received at 2023-07-15 22:49:05.305553747 UTC - from mc-0->source-7 "773" 22:49:05.304227797
[2023-07-15T22:49:07Z INFO  dt_instance] received at 2023-07-15 22:49:07.823746973 UTC - from mc-0->source-7 "778" 22:49:07.819585887
[2023-07-15T22:49:10Z INFO  dt_instance] received at 2023-07-15 22:49:10.327818397 UTC - from mc-0->source-7 "783" 22:49:10.326929864
[2023-07-15T22:49:12Z INFO  dt_instance] received at 2023-07-15 22:49:12.846328883 UTC - from mc-0->source-7 "788" 22:49:12.835542673
[2023-07-15T22:49:15Z INFO  dt_instance] received at 2023-07-15 22:49:15.344265166 UTC - from mc-0->source-7 "793" 22:49:15.343258698
[2023-07-15T22:49:17Z INFO  dt_instance] received at 2023-07-15 22:49:17.849782707 UTC - from mc-0->source-7 "798" 22:49:17.848931425
[2023-07-15T22:49:20Z INFO  dt_instance] received at 2023-07-15 22:49:20.356761458 UTC - from mc-0->source-7 "803" 22:49:20.355501056
[2023-07-15T22:49:22Z INFO  dt_instance] received at 2023-07-15 22:49:22.863235030 UTC - from mc-0->source-7 "808" 22:49:22.860793231
[2023-07-15T22:49:25Z INFO  dt_instance] received at 2023-07-15 22:49:25.368178964 UTC - from mc-0->source-7 "813" 22:49:25.367133482
[2023-07-15T22:49:27Z INFO  dt_instance] received at 2023-07-15 22:49:27.875451051 UTC - from mc-0->source-7 "818" 22:49:27.873107136
[2023-07-15T22:49:30Z INFO  dt_instance] received at 2023-07-15 22:49:30.380247418 UTC - from mc-0->source-7 "823" 22:49:30.378865049
[2023-07-15T22:49:32Z INFO  dt_instance] received at 2023-07-15 22:49:32.886593584 UTC - from mc-0->source-7 "828" 22:49:32.885549640
[2023-07-15T22:49:35Z INFO  dt_instance] received at 2023-07-15 22:49:35.392387840 UTC - from mc-0->source-7 "833" 22:49:35.391594810
[2023-07-15T22:49:37Z INFO  dt_instance] received at 2023-07-15 22:49:37.899568083 UTC - from mc-0->source-7 "838" 22:49:37.898772899
[2023-07-15T22:49:40Z INFO  dt_instance] received at 2023-07-15 22:49:40.406000023 UTC - from mc-0->source-7 "843" 22:49:40.405305556
[2023-07-15T22:49:42Z INFO  dt_instance] received at 2023-07-15 22:49:42.913899042 UTC - from mc-0->source-7 "848" 22:49:42.911782752
[2023-07-15T22:49:45Z INFO  dt_instance] received at 2023-07-15 22:49:45.419828932 UTC - from mc-0->source-7 "853" 22:49:45.417551318
[2023-07-15T22:49:47Z INFO  dt_instance] received at 2023-07-15 22:49:47.923649425 UTC - from mc-0->source-7 "858" 22:49:47.922808887
[2023-07-15T22:49:50Z INFO  dt_instance] received at 2023-07-15 22:49:50.429654706 UTC - from mc-0->source-7 "863" 22:49:50.428690861
[2023-07-15T22:49:52Z INFO  dt_instance] received at 2023-07-15 22:49:52.935994623 UTC - from mc-0->source-7 "868" 22:49:52.934490760
[2023-07-15T22:49:55Z INFO  dt_instance] received at 2023-07-15 22:49:55.447768946 UTC - from mc-0->source-7 "873" 22:49:55.446419326
[2023-07-15T22:49:57Z INFO  dt_instance] received at 2023-07-15 22:49:57.956334623 UTC - from mc-0->source-7 "878" 22:49:57.953414768
[2023-07-15T22:50:00Z INFO  dt_instance] received at 2023-07-15 22:50:00.460580050 UTC - from mc-0->source-7 "883" 22:50:00.459369183
[2023-07-15T22:50:02Z INFO  dt_instance] received at 2023-07-15 22:50:02.965017831 UTC - from mc-0->source-7 "888" 22:50:02.963567321
[2023-07-15T22:50:05Z INFO  dt_instance] received at 2023-07-15 22:50:05.471002043 UTC - from mc-0->source-7 "893" 22:50:05.470070927
[2023-07-15T22:50:07Z INFO  dt_instance] received at 2023-07-15 22:50:07.977239264 UTC - from mc-0->source-7 "898" 22:50:07.976054331
[2023-07-15T22:50:10Z INFO  dt_instance] received at 2023-07-15 22:50:10.483415640 UTC - from mc-0->source-7 "903" 22:50:10.482392661
[2023-07-15T22:50:12Z INFO  dt_instance] received at 2023-07-15 22:50:12.989064348 UTC - from mc-0->source-7 "908" 22:50:12.987721270
[2023-07-15T22:50:15Z INFO  dt_instance] received at 2023-07-15 22:50:15.494955622 UTC - from mc-0->source-7 "913" 22:50:15.493357725
[2023-07-15T22:50:17Z INFO  dt_instance] received at 2023-07-15 22:50:17.999351949 UTC - from mc-0->source-7 "918" 22:50:17.998466471
[2023-07-15T22:50:20Z INFO  dt_instance] received at 2023-07-15 22:50:20.507454928 UTC - from mc-0->source-7 "923" 22:50:20.506383614
[2023-07-15T22:50:23Z INFO  dt_instance] received at 2023-07-15 22:50:23.015735411 UTC - from mc-0->source-7 "928" 22:50:23.014756403
[2023-07-15T22:50:25Z INFO  dt_instance] received at 2023-07-15 22:50:25.525891918 UTC - from mc-0->source-7 "933" 22:50:25.523969129
[2023-07-15T22:50:28Z INFO  dt_instance] received at 2023-07-15 22:50:28.032103853 UTC - from mc-0->source-7 "938" 22:50:28.030979977
[2023-07-15T22:50:30Z INFO  dt_instance] received at 2023-07-15 22:50:30.538996234 UTC - from mc-0->source-7 "943" 22:50:30.537020880
[2023-07-15T22:50:33Z INFO  dt_instance] received at 2023-07-15 22:50:33.045632780 UTC - from mc-0->source-7 "948" 22:50:33.041883104
[2023-07-15T22:50:35Z INFO  dt_instance] received at 2023-07-15 22:50:35.558761826 UTC - from mc-0->source-7 "953" 22:50:35.549242058
[2023-07-15T22:50:38Z INFO  dt_instance] received at 2023-07-15 22:50:38.057892990 UTC - from mc-0->source-7 "958" 22:50:38.056122229
[2023-07-15T22:50:40Z INFO  dt_instance] received at 2023-07-15 22:50:40.563093648 UTC - from mc-0->source-7 "963" 22:50:40.561089796
[2023-07-15T22:50:43Z INFO  dt_instance] received at 2023-07-15 22:50:43.066930372 UTC - from mc-0->source-7 "968" 22:50:43.066016308
[2023-07-15T22:50:45Z INFO  dt_instance] received at 2023-07-15 22:50:45.574270252 UTC - from mc-0->source-7 "973" 22:50:45.572261110
[2023-07-15T22:50:48Z INFO  dt_instance] received at 2023-07-15 22:50:48.078709766 UTC - from mc-0->source-7 "978" 22:50:48.077758056
[2023-07-15T22:50:50Z INFO  dt_instance] received at 2023-07-15 22:50:50.784581587 UTC - from mc-0->source-2 "996" 22:50:50.783484843
[2023-07-15T22:50:54Z INFO  dt_instance] received at 2023-07-15 22:50:54.064974189 UTC - from mc-0->source-9 "985" 22:50:54.064244790
[2023-07-15T22:51:01Z INFO  dt_instance] received at 2023-07-15 22:51:01.081289305 UTC - from mc-0->source-9 "999" 22:51:01.079465311
