[2023-07-15T22:41:49Z INFO  dt_instance] Current Twin: mc-twin-5
[2023-07-15T22:41:49Z INFO  dt_instance] Replica Name twin-mc-stateful-5
[2023-07-15T22:41:49Z INFO  dt_instance] Sleeping for 250
[2023-07-15T22:45:59Z INFO  dt_instance] Connecting to broker at emqx.dtwins:1883
[2023-07-15T22:45:59Z INFO  dt_instance] Loggin info each 50 messages
[2023-07-15T22:45:59Z INFO  dt_instance] Set max packet size to 60000 KB.
[2023-07-15T22:45:59Z INFO  dt_instance] Refreshing topics for twin - Listen to mc-5/#
[2023-07-15T22:45:59Z INFO  dt_instance] SubAck { pkid: 1, return_codes: [Success(ExactlyOnce)] }
[2023-07-15T22:47:10Z INFO  dt_instance] received at 2023-07-15 22:47:10.152881175 UTC - from mc-5->source-2 "9" 22:47:10.146524432
[2023-07-15T22:47:13Z INFO  dt_instance] received at 2023-07-15 22:47:13.413952214 UTC - from mc-5->source-3 "13" 22:47:13.412641790
[2023-07-15T22:47:15Z INFO  dt_instance] received at 2023-07-15 22:47:15.935913654 UTC - from mc-5->source-3 "18" 22:47:15.933800231
[2023-07-15T22:47:18Z INFO  dt_instance] received at 2023-07-15 22:47:18.442942241 UTC - from mc-5->source-3 "23" 22:47:18.440999785
[2023-07-15T22:47:20Z INFO  dt_instance] received at 2023-07-15 22:47:20.948673753 UTC - from mc-5->source-1 "33" 22:47:20.947672556
[2023-07-15T22:47:23Z INFO  dt_instance] received at 2023-07-15 22:47:23.455258704 UTC - from mc-5->source-3 "33" 22:47:23.454243163
[2023-07-15T22:47:25Z INFO  dt_instance] received at 2023-07-15 22:47:25.973809274 UTC - from mc-5->source-3 "38" 22:47:25.966189654
[2023-07-15T22:47:28Z INFO  dt_instance] received at 2023-07-15 22:47:28.479601424 UTC - from mc-5->source-3 "43" 22:47:28.473630245
[2023-07-15T22:47:30Z INFO  dt_instance] received at 2023-07-15 22:47:30.982152572 UTC - from mc-5->source-3 "48" 22:47:30.980694310
[2023-07-15T22:47:33Z INFO  dt_instance] received at 2023-07-15 22:47:33.495189453 UTC - from mc-5->source-1 "58" 22:47:33.494110683
[2023-07-15T22:47:36Z INFO  dt_instance] received at 2023-07-15 22:47:36.002881518 UTC - from mc-5->source-1 "63" 22:47:36.000698495
[2023-07-15T22:47:38Z INFO  dt_instance] received at 2023-07-15 22:47:38.508480088 UTC - from mc-5->source-3 "63" 22:47:38.507093898
[2023-07-15T22:47:41Z INFO  dt_instance] received at 2023-07-15 22:47:41.018379089 UTC - from mc-5->source-1 "73" 22:47:41.015451700
[2023-07-15T22:47:43Z INFO  dt_instance] received at 2023-07-15 22:47:43.525199767 UTC - from mc-5->source-1 "78" 22:47:43.522566695
[2023-07-15T22:47:46Z INFO  dt_instance] received at 2023-07-15 22:47:46.031101875 UTC - from mc-5->source-3 "78" 22:47:46.029946481
[2023-07-15T22:47:48Z INFO  dt_instance] received at 2023-07-15 22:47:48.537392394 UTC - from mc-5->source-3 "83" 22:47:48.536313698
[2023-07-15T22:47:51Z INFO  dt_instance] received at 2023-07-15 22:47:51.042367869 UTC - from mc-5->source-3 "88" 22:47:51.041503097
[2023-07-15T22:47:53Z INFO  dt_instance] received at 2023-07-15 22:47:53.547847617 UTC - from mc-5->source-3 "93" 22:47:53.546658892
[2023-07-15T22:47:56Z INFO  dt_instance] received at 2023-07-15 22:47:56.055242217 UTC - from mc-5->source-3 "98" 22:47:56.054424806
[2023-07-15T22:47:58Z INFO  dt_instance] received at 2023-07-15 22:47:58.561932533 UTC - from mc-5->source-3 "103" 22:47:58.559562033
[2023-07-15T22:48:01Z INFO  dt_instance] received at 2023-07-15 22:48:01.068513190 UTC - from mc-5->source-3 "108" 22:48:01.067616924
[2023-07-15T22:48:03Z INFO  dt_instance] received at 2023-07-15 22:48:03.575617738 UTC - from mc-5->source-3 "113" 22:48:03.574561318
[2023-07-15T22:48:06Z INFO  dt_instance] received at 2023-07-15 22:48:06.080346115 UTC - from mc-5->source-3 "118" 22:48:06.079432249
[2023-07-15T22:48:08Z INFO  dt_instance] received at 2023-07-15 22:48:08.587847593 UTC - from mc-5->source-3 "123" 22:48:08.585351320
[2023-07-15T22:48:11Z INFO  dt_instance] received at 2023-07-15 22:48:11.092115193 UTC - from mc-5->source-3 "128" 22:48:11.091017154
[2023-07-15T22:48:13Z INFO  dt_instance] received at 2023-07-15 22:48:13.599110601 UTC - from mc-5->source-3 "133" 22:48:13.598260042
[2023-07-15T22:48:16Z INFO  dt_instance] received at 2023-07-15 22:48:16.106830677 UTC - from mc-5->source-3 "138" 22:48:16.105037486
[2023-07-15T22:48:18Z INFO  dt_instance] received at 2023-07-15 22:48:18.612032604 UTC - from mc-5->source-3 "143" 22:48:18.610752192
[2023-07-15T22:48:21Z INFO  dt_instance] received at 2023-07-15 22:48:21.117114959 UTC - from mc-5->source-3 "148" 22:48:21.115921797
[2023-07-15T22:48:23Z INFO  dt_instance] received at 2023-07-15 22:48:23.622781197 UTC - from mc-5->source-3 "153" 22:48:23.621813654
[2023-07-15T22:48:26Z INFO  dt_instance] received at 2023-07-15 22:48:26.128331605 UTC - from mc-5->source-3 "158" 22:48:26.126900652
[2023-07-15T22:48:28Z INFO  dt_instance] received at 2023-07-15 22:48:28.633294336 UTC - from mc-5->source-3 "163" 22:48:28.632235558
[2023-07-15T22:48:31Z INFO  dt_instance] received at 2023-07-15 22:48:31.138986246 UTC - from mc-5->source-3 "168" 22:48:31.137989292
[2023-07-15T22:48:33Z INFO  dt_instance] received at 2023-07-15 22:48:33.644567456 UTC - from mc-5->source-3 "173" 22:48:33.643674378
[2023-07-15T22:48:36Z INFO  dt_instance] received at 2023-07-15 22:48:36.150708700 UTC - from mc-5->source-3 "178" 22:48:36.149656250
[2023-07-15T22:48:38Z INFO  dt_instance] received at 2023-07-15 22:48:38.670537493 UTC - from mc-5->source-3 "183" 22:48:38.655618315
[2023-07-15T22:48:41Z INFO  dt_instance] received at 2023-07-15 22:48:41.162301180 UTC - from mc-5->source-3 "188" 22:48:41.161363403
[2023-07-15T22:48:43Z INFO  dt_instance] received at 2023-07-15 22:48:43.670601955 UTC - from mc-5->source-3 "193" 22:48:43.669553958
[2023-07-15T22:48:46Z INFO  dt_instance] received at 2023-07-15 22:48:46.175181975 UTC - from mc-5->source-3 "198" 22:48:46.174009487
[2023-07-15T22:48:48Z INFO  dt_instance] received at 2023-07-15 22:48:48.680992352 UTC - from mc-5->source-3 "203" 22:48:48.679633735
[2023-07-15T22:48:51Z INFO  dt_instance] received at 2023-07-15 22:48:51.187006572 UTC - from mc-5->source-3 "208" 22:48:51.186025206
[2023-07-15T22:48:53Z INFO  dt_instance] received at 2023-07-15 22:48:53.693075936 UTC - from mc-5->source-3 "213" 22:48:53.691160255
[2023-07-15T22:48:56Z INFO  dt_instance] received at 2023-07-15 22:48:56.199541394 UTC - from mc-5->source-3 "218" 22:48:56.198554984
[2023-07-15T22:48:58Z INFO  dt_instance] received at 2023-07-15 22:48:58.714916409 UTC - from mc-5->source-3 "223" 22:48:58.703300333
[2023-07-15T22:49:01Z INFO  dt_instance] received at 2023-07-15 22:49:01.216183533 UTC - from mc-5->source-3 "228" 22:49:01.214684212
[2023-07-15T22:49:03Z INFO  dt_instance] received at 2023-07-15 22:49:03.722581716 UTC - from mc-5->source-3 "233" 22:49:03.721429101
[2023-07-15T22:49:06Z INFO  dt_instance] received at 2023-07-15 22:49:06.228350991 UTC - from mc-5->source-3 "238" 22:49:06.227398629
[2023-07-15T22:49:08Z INFO  dt_instance] received at 2023-07-15 22:49:08.733551319 UTC - from mc-5->source-3 "243" 22:49:08.732143918
[2023-07-15T22:49:11Z INFO  dt_instance] received at 2023-07-15 22:49:11.238439082 UTC - from mc-5->source-1 "253" 22:49:11.237439621
[2023-07-15T22:49:13Z INFO  dt_instance] received at 2023-07-15 22:49:13.744450866 UTC - from mc-5->source-1 "258" 22:49:13.742208418
[2023-07-15T22:49:16Z INFO  dt_instance] received at 2023-07-15 22:49:16.249184517 UTC - from mc-5->source-1 "263" 22:49:16.248124048
[2023-07-15T22:49:18Z INFO  dt_instance] received at 2023-07-15 22:49:18.772426134 UTC - from mc-5->source-3 "263" 22:49:18.760959460
[2023-07-15T22:49:21Z INFO  dt_instance] received at 2023-07-15 22:49:21.268149197 UTC - from mc-5->source-3 "268" 22:49:21.267280732
[2023-07-15T22:49:23Z INFO  dt_instance] received at 2023-07-15 22:49:23.773863421 UTC - from mc-5->source-3 "273" 22:49:23.772740795
[2023-07-15T22:49:26Z INFO  dt_instance] received at 2023-07-15 22:49:26.282829367 UTC - from mc-5->source-3 "278" 22:49:26.281142680
[2023-07-15T22:49:28Z INFO  dt_instance] received at 2023-07-15 22:49:28.788850674 UTC - from mc-5->source-3 "283" 22:49:28.787713648
[2023-07-15T22:49:31Z INFO  dt_instance] received at 2023-07-15 22:49:31.296133843 UTC - from mc-5->source-3 "288" 22:49:31.293332766
[2023-07-15T22:49:33Z INFO  dt_instance] received at 2023-07-15 22:49:33.800418084 UTC - from mc-5->source-3 "293" 22:49:33.799042358
[2023-07-15T22:49:36Z INFO  dt_instance] received at 2023-07-15 22:49:36.304931571 UTC - from mc-5->source-3 "298" 22:49:36.303947812
[2023-07-15T22:49:38Z INFO  dt_instance] received at 2023-07-15 22:49:38.809891361 UTC - from mc-5->source-3 "303" 22:49:38.808811822
[2023-07-15T22:49:41Z INFO  dt_instance] received at 2023-07-15 22:49:41.321828047 UTC - from mc-5->source-3 "308" 22:49:41.316497980
[2023-07-15T22:49:43Z INFO  dt_instance] received at 2023-07-15 22:49:43.823228320 UTC - from mc-5->source-3 "313" 22:49:43.822474299
[2023-07-15T22:49:46Z INFO  dt_instance] received at 2023-07-15 22:49:46.328382068 UTC - from mc-5->source-3 "318" 22:49:46.327325373
[2023-07-15T22:49:48Z INFO  dt_instance] received at 2023-07-15 22:49:48.836332942 UTC - from mc-5->source-3 "323" 22:49:48.831738267
[2023-07-15T22:49:51Z INFO  dt_instance] received at 2023-07-15 22:49:51.360614534 UTC - from mc-5->source-1 "333" 22:49:51.335084668
[2023-07-15T22:49:53Z INFO  dt_instance] received at 2023-07-15 22:49:53.847437129 UTC - from mc-5->source-3 "333" 22:49:53.846098988
[2023-07-15T22:49:56Z INFO  dt_instance] received at 2023-07-15 22:49:56.356794625 UTC - from mc-5->source-3 "338" 22:49:56.352554108
[2023-07-15T22:49:58Z INFO  dt_instance] received at 2023-07-15 22:49:58.860494880 UTC - from mc-5->source-1 "348" 22:49:58.859521478
[2023-07-15T22:50:01Z INFO  dt_instance] received at 2023-07-15 22:50:01.369779404 UTC - from mc-5->source-1 "353" 22:50:01.367732781
[2023-07-15T22:50:03Z INFO  dt_instance] received at 2023-07-15 22:50:03.875931011 UTC - from mc-5->source-1 "358" 22:50:03.874644245
[2023-07-15T22:50:06Z INFO  dt_instance] received at 2023-07-15 22:50:06.382285442 UTC - from mc-5->source-1 "363" 22:50:06.381406083
[2023-07-15T22:50:08Z INFO  dt_instance] received at 2023-07-15 22:50:08.887241288 UTC - from mc-5->source-1 "368" 22:50:08.886206589
[2023-07-15T22:50:11Z INFO  dt_instance] received at 2023-07-15 22:50:11.396936031 UTC - from mc-5->source-1 "373" 22:50:11.391959637
[2023-07-15T22:50:13Z INFO  dt_instance] received at 2023-07-15 22:50:13.898641810 UTC - from mc-5->source-1 "378" 22:50:13.897681248
[2023-07-15T22:50:16Z INFO  dt_instance] received at 2023-07-15 22:50:16.407466996 UTC - from mc-5->source-1 "383" 22:50:16.405612832
[2023-07-15T22:50:18Z INFO  dt_instance] received at 2023-07-15 22:50:18.920377097 UTC - from mc-5->source-1 "388" 22:50:18.911051647
[2023-07-15T22:50:21Z INFO  dt_instance] received at 2023-07-15 22:50:21.418527468 UTC - from mc-5->source-3 "388" 22:50:21.417286427
[2023-07-15T22:50:23Z INFO  dt_instance] received at 2023-07-15 22:50:23.923955050 UTC - from mc-5->source-1 "398" 22:50:23.922707727
[2023-07-15T22:50:26Z INFO  dt_instance] received at 2023-07-15 22:50:26.428982505 UTC - from mc-5->source-1 "403" 22:50:26.428127668
[2023-07-15T22:50:28Z INFO  dt_instance] received at 2023-07-15 22:50:28.945703813 UTC - from mc-5->source-3 "403" 22:50:28.933049010
[2023-07-15T22:50:31Z INFO  dt_instance] received at 2023-07-15 22:50:31.440800003 UTC - from mc-5->source-1 "413" 22:50:31.439488400
[2023-07-15T22:50:33Z INFO  dt_instance] received at 2023-07-15 22:50:33.948363584 UTC - from mc-5->source-1 "418" 22:50:33.945620757
[2023-07-15T22:50:36Z INFO  dt_instance] received at 2023-07-15 22:50:36.453101868 UTC - from mc-5->source-1 "423" 22:50:36.452184870
[2023-07-15T22:50:38Z INFO  dt_instance] received at 2023-07-15 22:50:38.960076768 UTC - from mc-5->source-1 "428" 22:50:38.959278292
[2023-07-15T22:50:41Z INFO  dt_instance] received at 2023-07-15 22:50:41.468102709 UTC - from mc-5->source-1 "433" 22:50:41.467097742
[2023-07-15T22:50:43Z INFO  dt_instance] received at 2023-07-15 22:50:43.974675862 UTC - from mc-5->source-1 "438" 22:50:43.972118080
[2023-07-15T22:50:46Z INFO  dt_instance] received at 2023-07-15 22:50:46.478951706 UTC - from mc-5->source-1 "443" 22:50:46.477411659
[2023-07-15T22:50:48Z INFO  dt_instance] received at 2023-07-15 22:50:48.983997453 UTC - from mc-5->source-1 "448" 22:50:48.982207305
[2023-07-15T22:50:51Z INFO  dt_instance] received at 2023-07-15 22:50:51.490543096 UTC - from mc-5->source-1 "453" 22:50:51.488206025
[2023-07-15T22:50:54Z INFO  dt_instance] received at 2023-07-15 22:50:54.000023670 UTC - from mc-5->source-1 "458" 22:50:53.996838120
[2023-07-15T22:50:56Z INFO  dt_instance] received at 2023-07-15 22:50:56.506593294 UTC - from mc-5->source-1 "463" 22:50:56.503937496
[2023-07-15T22:50:59Z INFO  dt_instance] received at 2023-07-15 22:50:59.011209063 UTC - from mc-5->source-1 "468" 22:50:59.010139753
[2023-07-15T22:51:01Z INFO  dt_instance] received at 2023-07-15 22:51:01.518454132 UTC - from mc-5->source-1 "473" 22:51:01.515803008
[2023-07-15T22:51:04Z INFO  dt_instance] received at 2023-07-15 22:51:04.025699337 UTC - from mc-5->source-1 "478" 22:51:04.020909553
[2023-07-15T22:51:06Z INFO  dt_instance] received at 2023-07-15 22:51:06.560508438 UTC - from mc-5->source-1 "483" 22:51:06.526932746
[2023-07-15T22:51:09Z INFO  dt_instance] received at 2023-07-15 22:51:09.035280355 UTC - from mc-5->source-1 "488" 22:51:09.034197204
[2023-07-15T22:51:11Z INFO  dt_instance] received at 2023-07-15 22:51:11.543913632 UTC - from mc-5->source-1 "493" 22:51:11.539091716
[2023-07-15T22:51:14Z INFO  dt_instance] received at 2023-07-15 22:51:14.050676236 UTC - from mc-5->source-1 "498" 22:51:14.044255399
[2023-07-15T22:51:16Z INFO  dt_instance] received at 2023-07-15 22:51:16.553104319 UTC - from mc-5->source-1 "503" 22:51:16.550927200
[2023-07-15T22:51:19Z INFO  dt_instance] received at 2023-07-15 22:51:19.057630137 UTC - from mc-5->source-1 "508" 22:51:19.057069092
[2023-07-15T22:51:21Z INFO  dt_instance] received at 2023-07-15 22:51:21.567338664 UTC - from mc-5->source-1 "513" 22:51:21.562805010
[2023-07-15T22:51:24Z INFO  dt_instance] received at 2023-07-15 22:51:24.071572594 UTC - from mc-5->source-1 "518" 22:51:24.068138841
[2023-07-15T22:51:26Z INFO  dt_instance] received at 2023-07-15 22:51:26.573730854 UTC - from mc-5->source-1 "523" 22:51:26.572865292
[2023-07-15T22:51:29Z INFO  dt_instance] received at 2023-07-15 22:51:29.080522736 UTC - from mc-5->source-1 "528" 22:51:29.079741297
[2023-07-15T22:51:31Z INFO  dt_instance] received at 2023-07-15 22:51:31.591240059 UTC - from mc-5->source-1 "533" 22:51:31.584815390
[2023-07-15T22:51:34Z INFO  dt_instance] received at 2023-07-15 22:51:34.094750562 UTC - from mc-5->source-1 "538" 22:51:34.090222797
[2023-07-15T22:51:36Z INFO  dt_instance] received at 2023-07-15 22:51:36.614261107 UTC - from mc-5->source-1 "543" 22:51:36.595918716
[2023-07-15T22:51:39Z INFO  dt_instance] received at 2023-07-15 22:51:39.104542446 UTC - from mc-5->source-1 "548" 22:51:39.103650718
[2023-07-15T22:51:41Z INFO  dt_instance] received at 2023-07-15 22:51:41.617389083 UTC - from mc-5->source-1 "553" 22:51:41.610213992
[2023-07-15T22:51:44Z INFO  dt_instance] received at 2023-07-15 22:51:44.126047941 UTC - from mc-5->source-1 "558" 22:51:44.117009622
[2023-07-15T22:51:46Z INFO  dt_instance] received at 2023-07-15 22:51:46.626764675 UTC - from mc-5->source-1 "563" 22:51:46.624660262
[2023-07-15T22:51:49Z INFO  dt_instance] received at 2023-07-15 22:51:49.133134205 UTC - from mc-5->source-1 "568" 22:51:49.131494256
[2023-07-15T22:51:51Z INFO  dt_instance] received at 2023-07-15 22:51:51.642610310 UTC - from mc-5->source-1 "573" 22:51:51.638611601
[2023-07-15T22:51:54Z INFO  dt_instance] received at 2023-07-15 22:51:54.149719600 UTC - from mc-5->source-1 "578" 22:51:54.144672757
[2023-07-15T22:51:56Z INFO  dt_instance] received at 2023-07-15 22:51:56.715204237 UTC - from mc-5->source-1 "583" 22:51:56.649914146
[2023-07-15T22:51:59Z INFO  dt_instance] received at 2023-07-15 22:51:59.156738208 UTC - from mc-5->source-1 "588" 22:51:59.154878848
[2023-07-15T22:52:01Z INFO  dt_instance] received at 2023-07-15 22:52:01.663878823 UTC - from mc-5->source-1 "593" 22:52:01.659894171
[2023-07-15T22:52:04Z INFO  dt_instance] received at 2023-07-15 22:52:04.177126 UTC - from mc-5->source-1 "598" 22:52:04.165427946
[2023-07-15T22:52:06Z INFO  dt_instance] received at 2023-07-15 22:52:06.685057520 UTC - from mc-5->source-1 "603" 22:52:06.670925100
[2023-07-15T22:52:09Z INFO  dt_instance] received at 2023-07-15 22:52:09.177265532 UTC - from mc-5->source-1 "608" 22:52:09.176092915
[2023-07-15T22:52:11Z INFO  dt_instance] received at 2023-07-15 22:52:11.683922501 UTC - from mc-5->source-1 "613" 22:52:11.681203667
[2023-07-15T22:52:14Z INFO  dt_instance] received at 2023-07-15 22:52:14.189846448 UTC - from mc-5->source-1 "618" 22:52:14.186229371
[2023-07-15T22:52:16Z INFO  dt_instance] received at 2023-07-15 22:52:16.701651288 UTC - from mc-5->source-1 "623" 22:52:16.690906908
[2023-07-15T22:52:19Z INFO  dt_instance] received at 2023-07-15 22:52:19.198417919 UTC - from mc-5->source-1 "628" 22:52:19.196061528
[2023-07-15T22:52:21Z INFO  dt_instance] received at 2023-07-15 22:52:21.703365806 UTC - from mc-5->source-1 "633" 22:52:21.700897707
[2023-07-15T22:52:24Z INFO  dt_instance] received at 2023-07-15 22:52:24.215430147 UTC - from mc-5->source-1 "638" 22:52:24.209529131
[2023-07-15T22:52:26Z INFO  dt_instance] received at 2023-07-15 22:52:26.804291395 UTC - from mc-5->source-1 "643" 22:52:26.713892675
[2023-07-15T22:52:29Z INFO  dt_instance] received at 2023-07-15 22:52:29.221833402 UTC - from mc-5->source-1 "648" 22:52:29.218745366
[2023-07-15T22:52:31Z INFO  dt_instance] received at 2023-07-15 22:52:31.730721560 UTC - from mc-5->source-1 "653" 22:52:31.725089134
[2023-07-15T22:52:34Z INFO  dt_instance] received at 2023-07-15 22:52:34.239697085 UTC - from mc-5->source-1 "658" 22:52:34.232352841
[2023-07-15T22:52:36Z INFO  dt_instance] received at 2023-07-15 22:52:36.765445257 UTC - from mc-5->source-6 "650" 22:52:36.532175481
[2023-07-15T22:52:39Z INFO  dt_instance] received at 2023-07-15 22:52:39.246691947 UTC - from mc-5->source-1 "668" 22:52:39.241688344
[2023-07-15T22:52:41Z INFO  dt_instance] received at 2023-07-15 22:52:41.751749027 UTC - from mc-5->source-1 "673" 22:52:41.748675889
[2023-07-15T22:52:44Z INFO  dt_instance] received at 2023-07-15 22:52:44.297073186 UTC - from mc-5->source-1 "678" 22:52:44.254168752
[2023-07-15T22:52:47Z INFO  dt_instance] received at 2023-07-15 22:52:47.067375080 UTC - from mc-5->source-6 "671" 22:52:47.056828694
[2023-07-15T22:52:49Z INFO  dt_instance] received at 2023-07-15 22:52:49.297621658 UTC - from mc-5->source-1 "688" 22:52:49.264545666
[2023-07-15T22:52:51Z INFO  dt_instance] received at 2023-07-15 22:52:51.771252801 UTC - from mc-5->source-1 "693" 22:52:51.768819776
[2023-07-15T22:52:54Z INFO  dt_instance] received at 2023-07-15 22:52:54.491600727 UTC - from mc-5->source-8 "681" 22:52:54.475374290
[2023-07-15T22:52:56Z INFO  dt_instance] received at 2023-07-15 22:52:56.995486143 UTC - from mc-5->source-8 "686" 22:52:56.979771880
[2023-07-15T22:52:59Z INFO  dt_instance] received at 2023-07-15 22:52:59.433264836 UTC - from mc-5->source-4 "700" 22:52:59.038595070
[2023-07-15T22:53:01Z INFO  dt_instance] received at 2023-07-15 22:53:01.793379322 UTC - from mc-5->source-1 "713" 22:53:01.789754492
[2023-07-15T22:53:04Z INFO  dt_instance] received at 2023-07-15 22:53:04.505003678 UTC - from mc-5->source-5 "708" 22:53:04.271941883
[2023-07-15T22:53:07Z INFO  dt_instance] received at 2023-07-15 22:53:07.074537471 UTC - from mc-5->source-4 "716" 22:53:07.055743416
[2023-07-15T22:53:09Z INFO  dt_instance] received at 2023-07-15 22:53:09.511375950 UTC - from mc-5->source-4 "720" 22:53:09.060937647
[2023-07-15T22:53:11Z INFO  dt_instance] received at 2023-07-15 22:53:11.917840422 UTC - from mc-5->source-1 "733" 22:53:11.815227055
[2023-07-15T22:53:14Z INFO  dt_instance] received at 2023-07-15 22:53:14.413155817 UTC - from mc-5->source-3 "733" 22:53:14.314805049
[2023-07-15T22:53:17Z INFO  dt_instance] received at 2023-07-15 22:53:17.218693210 UTC - from mc-5->source-4 "736" 22:53:17.079609546
[2023-07-15T22:53:19Z INFO  dt_instance] received at 2023-07-15 22:53:19.613230361 UTC - from mc-5->source-8 "731" 22:53:19.531927323
[2023-07-15T22:53:21Z INFO  dt_instance] received at 2023-07-15 22:53:21.947827336 UTC - from mc-5->source-7 "738" 22:53:21.765281174
[2023-07-15T22:53:24Z INFO  dt_instance] received at 2023-07-15 22:53:24.543719962 UTC - from mc-5->source-3 "753" 22:53:24.338344178
[2023-07-15T22:53:27Z INFO  dt_instance] received at 2023-07-15 22:53:27.215388464 UTC - from mc-5->source-8 "746" 22:53:27.048808560
[2023-07-15T22:53:29Z INFO  dt_instance] received at 2023-07-15 22:53:29.607836967 UTC - from mc-5->source-4 "760" 22:53:29.106612794
[2023-07-15T22:53:32Z INFO  dt_instance] received at 2023-07-15 22:53:32.005994299 UTC - from mc-5->source-1 "773" 22:53:31.859741458
[2023-07-15T22:53:34Z INFO  dt_instance] received at 2023-07-15 22:53:34.468549452 UTC - from mc-5->source-1 "778" 22:53:34.365437065
[2023-07-15T22:53:37Z INFO  dt_instance] received at 2023-07-15 22:53:37.274370710 UTC - from mc-5->source-9 "763" 22:53:36.838344029
[2023-07-15T22:53:39Z INFO  dt_instance] received at 2023-07-15 22:53:39.608607923 UTC - from mc-5->source-8 "771" 22:53:39.577237472
[2023-07-15T22:53:41Z INFO  dt_instance] received at 2023-07-15 22:53:41.965547704 UTC - from mc-5->source-6 "780" 22:53:41.701798466
[2023-07-15T22:53:44Z INFO  dt_instance] received at 2023-07-15 22:53:44.750347908 UTC - from mc-5->source-8 "781" 22:53:44.587996018
[2023-07-15T22:53:47Z INFO  dt_instance] received at 2023-07-15 22:53:47.177850716 UTC - from mc-5->source-5 "793" 22:53:46.880517978
[2023-07-15T22:53:49Z INFO  dt_instance] received at 2023-07-15 22:53:49.784512147 UTC - from mc-5->source-6 "796" 22:53:49.717905062
[2023-07-15T22:53:52Z INFO  dt_instance] received at 2023-07-15 22:53:52.015122118 UTC - from mc-5->source-3 "808" 22:53:51.904251740
[2023-07-15T22:53:54Z INFO  dt_instance] received at 2023-07-15 22:53:54.472246676 UTC - from mc-5->source-1 "818" 22:53:54.409247602
[2023-07-15T22:53:57Z INFO  dt_instance] received at 2023-07-15 22:53:57.268080094 UTC - from mc-5->source-4 "816" 22:53:57.173258857
[2023-07-15T22:53:59Z INFO  dt_instance] received at 2023-07-15 22:53:59.746681959 UTC - from mc-5->source-4 "821" 22:53:59.679600272
[2023-07-15T22:54:02Z INFO  dt_instance] received at 2023-07-15 22:54:02.002291217 UTC - from mc-5->source-1 "833" 22:54:01.928430685
[2023-07-15T22:54:04Z INFO  dt_instance] received at 2023-07-15 22:54:04.672340688 UTC - from mc-5->source-3 "833" 22:54:04.434030697
[2023-07-15T22:54:07Z INFO  dt_instance] received at 2023-07-15 22:54:07.385832726 UTC - from mc-5->source-8 "825" 22:54:06.654369021
[2023-07-15T22:54:09Z INFO  dt_instance] received at 2023-07-15 22:54:09.813214332 UTC - from mc-5->source-1 "848" 22:54:09.445001355
[2023-07-15T22:54:12Z INFO  dt_instance] received at 2023-07-15 22:54:12.319182787 UTC - from mc-5->source-0 "855" 22:54:11.800778848
[2023-07-15T22:54:14Z INFO  dt_instance] received at 2023-07-15 22:54:14.937872652 UTC - from mc-5->source-1 "858" 22:54:14.458427744
[2023-07-15T22:54:17Z INFO  dt_instance] received at 2023-07-15 22:54:17.330239652 UTC - from mc-5->source-6 "851" 22:54:17.283802648
[2023-07-15T22:54:20Z INFO  dt_instance] received at 2023-07-15 22:54:20.068780521 UTC - from mc-5->source-7 "854" 22:54:19.904390263
[2023-07-15T22:54:22Z INFO  dt_instance] received at 2023-07-15 22:54:22.339623324 UTC - from mc-5->source-4 "866" 22:54:22.233469479
[2023-07-15T22:54:24Z INFO  dt_instance] received at 2023-07-15 22:54:24.713129354 UTC - from mc-5->source-5 "868" 22:54:24.487542290
[2023-07-15T22:54:28Z INFO  dt_instance] received at 2023-07-15 22:54:28.209426079 UTC - from mc-5->source-3 "878" 22:54:26.991731928
[2023-07-15T22:54:30Z INFO  dt_instance] received at 2023-07-15 22:54:30.077560779 UTC - from mc-5->source-9 "869" 22:54:29.999675212
[2023-07-15T22:54:32Z INFO  dt_instance] received at 2023-07-15 22:54:32.449949762 UTC - from mc-5->source-2 "891" 22:54:32.353802050
[2023-07-15T22:54:35Z INFO  dt_instance] received at 2023-07-15 22:54:35.009867778 UTC - from mc-5->source-8 "881" 22:54:34.730377222
[2023-07-15T22:54:37Z INFO  dt_instance] received at 2023-07-15 22:54:37.219924065 UTC - from mc-5->source-9 "883" 22:54:37.016680561
[2023-07-15T22:54:39Z INFO  dt_instance] received at 2023-07-15 22:54:39.968854152 UTC - from mc-5->source-2 "906" 22:54:39.871679310
[2023-07-15T22:54:42Z INFO  dt_instance] received at 2023-07-15 22:54:42.522081375 UTC - from mc-5->source-7 "898" 22:54:41.949738268
[2023-07-15T22:54:44Z INFO  dt_instance] received at 2023-07-15 22:54:44.873691744 UTC - from mc-5->source-8 "901" 22:54:44.753480131
[2023-07-15T22:54:47Z INFO  dt_instance] received at 2023-07-15 22:54:47.442750926 UTC - from mc-5->source-2 "921" 22:54:47.388940745
[2023-07-15T22:54:49Z INFO  dt_instance] received at 2023-07-15 22:54:49.922413635 UTC - from mc-5->source-0 "931" 22:54:49.895854706
[2023-07-15T22:54:52Z INFO  dt_instance] received at 2023-07-15 22:54:52.480140005 UTC - from mc-5->source-0 "936" 22:54:52.403568704
[2023-07-15T22:54:54Z INFO  dt_instance] received at 2023-07-15 22:54:54.841489184 UTC - from mc-5->source-1 "938" 22:54:54.558889425
[2023-07-15T22:54:57Z INFO  dt_instance] received at 2023-07-15 22:54:57.540482170 UTC - from mc-5->source-2 "941" 22:54:57.413400267
[2023-07-15T22:54:59Z INFO  dt_instance] received at 2023-07-15 22:54:59.839103741 UTC - from mc-5->source-8 "931" 22:54:59.785774606
[2023-07-15T22:55:02Z INFO  dt_instance] received at 2023-07-15 22:55:02.538264723 UTC - from mc-5->source-0 "953" 22:55:00.922760365
[2023-07-15T22:55:04Z INFO  dt_instance] received at 2023-07-15 22:55:04.834237682 UTC - from mc-5->source-7 "943" 22:55:04.504333261
[2023-07-15T22:55:07Z INFO  dt_instance] received at 2023-07-15 22:55:07.409447313 UTC - from mc-5->source-9 "943" 22:55:07.089419116
[2023-07-15T22:55:09Z INFO  dt_instance] received at 2023-07-15 22:55:09.703063632 UTC - from mc-5->source-0 "970" 22:55:09.444379187
[2023-07-15T22:55:12Z INFO  dt_instance] received at 2023-07-15 22:55:12.801166624 UTC - from mc-5->source-7 "959" 22:55:12.526056507
[2023-07-15T22:55:15Z INFO  dt_instance] received at 2023-07-15 22:55:15.474987573 UTC - from mc-5->source-5 "968" 22:55:14.614010930
[2023-07-15T22:55:17Z INFO  dt_instance] received at 2023-07-15 22:55:17.432438933 UTC - from mc-5->source-1 "983" 22:55:17.112995776
[2023-07-15T22:55:20Z INFO  dt_instance] received at 2023-07-15 22:55:20.197367912 UTC - from mc-5->source-5 "979" 22:55:20.131069780
[2023-07-15T22:55:22Z INFO  dt_instance] received at 2023-07-15 22:55:22.589113142 UTC - from mc-5->source-0 "996" 22:55:22.475971811
[2023-07-15T22:55:25Z INFO  dt_instance] received at 2023-07-15 22:55:25.117662959 UTC - from mc-5->source-2 "996" 22:55:24.971738413
[2023-07-15T22:55:28Z INFO  dt_instance] received at 2023-07-15 22:55:28.216374362 UTC - from mc-5->source-7 "990" 22:55:28.069284781
[2023-07-15T22:55:35Z INFO  dt_instance] received at 2023-07-15 22:55:35.694876294 UTC - from mc-5->source-9 "999" 22:55:35.163596245
