[2023-07-15T22:43:04Z INFO  dt_instance] Current Twin: mc-twin-21
[2023-07-15T22:43:04Z INFO  dt_instance] Replica Name twin-mc-stateful-21
[2023-07-15T22:43:04Z INFO  dt_instance] Sleeping for 1050
[2023-07-15T23:00:34Z INFO  dt_instance] Connecting to broker at emqx.dtwins:1883
[2023-07-15T23:00:34Z INFO  dt_instance] Loggin info each 50 messages
[2023-07-15T23:00:34Z INFO  dt_instance] Set max packet size to 60000 KB.
[2023-07-15T23:00:34Z INFO  dt_instance] Refreshing topics for twin - Listen to mc-21/#
[2023-07-15T23:00:37Z INFO  dt_instance] SubAck { pkid: 1, return_codes: [Success(ExactlyOnce)] }
[2023-07-15T23:01:43Z INFO  dt_instance] received at 2023-07-15 23:01:43.859102334 UTC - from mc-21->source-2 "9" 23:01:43.776949984
[2023-07-15T23:01:47Z INFO  dt_instance] received at 2023-07-15 23:01:47.079964390 UTC - from mc-21->source-7 "3" 23:01:47.019998698
[2023-07-15T23:01:49Z INFO  dt_instance] received at 2023-07-15 23:01:49.881205373 UTC - from mc-21->source-5 "13" 23:01:49.533530834
[2023-07-15T23:01:52Z INFO  dt_instance] received at 2023-07-15 23:01:52.446888231 UTC - from mc-21->source-6 "16" 23:01:52.285561970
[2023-07-15T23:01:54Z INFO  dt_instance] received at 2023-07-15 23:01:54.857201172 UTC - from mc-21->source-4 "25" 23:01:54.304502372
[2023-07-15T23:01:57Z INFO  dt_instance] received at 2023-07-15 23:01:57.320837991 UTC - from mc-21->source-1 "38" 23:01:57.062834637
[2023-07-15T23:01:59Z INFO  dt_instance] received at 2023-07-15 23:01:59.918414479 UTC - from mc-21->source-3 "38" 23:01:59.564142932
[2023-07-15T23:02:02Z INFO  dt_instance] received at 2023-07-15 23:02:02.151591022 UTC - from mc-21->source-3 "43" 23:02:02.069265492
[2023-07-15T23:02:04Z INFO  dt_instance] received at 2023-07-15 23:02:04.703811402 UTC - from mc-21->source-3 "48" 23:02:04.573945378
[2023-07-15T23:02:07Z INFO  dt_instance] received at 2023-07-15 23:02:07.305255285 UTC - from mc-21->source-1 "58" 23:02:07.086641916
[2023-07-15T23:02:09Z INFO  dt_instance] received at 2023-07-15 23:02:09.897875383 UTC - from mc-21->source-5 "53" 23:02:09.592132686
[2023-07-15T23:02:12Z INFO  dt_instance] received at 2023-07-15 23:02:12.299564800 UTC - from mc-21->source-3 "63" 23:02:12.099986860
[2023-07-15T23:02:14Z INFO  dt_instance] received at 2023-07-15 23:02:14.916964133 UTC - from mc-21->source-9 "53" 23:02:14.580296080
[2023-07-15T23:02:17Z INFO  dt_instance] received at 2023-07-15 23:02:17.337623888 UTC - from mc-21->source-7 "63" 23:02:17.116135881
[2023-07-15T23:02:19Z INFO  dt_instance] received at 2023-07-15 23:02:19.881212935 UTC - from mc-21->source-3 "78" 23:02:19.626704203
[2023-07-15T23:02:22Z INFO  dt_instance] received at 2023-07-15 23:02:22.505847205 UTC - from mc-21->source-6 "76" 23:02:22.355456736
[2023-07-15T23:02:25Z INFO  dt_instance] received at 2023-07-15 23:02:25.022481334 UTC - from mc-21->source-5 "83" 23:02:24.640782308
[2023-07-15T23:02:27Z INFO  dt_instance] received at 2023-07-15 23:02:27.372212377 UTC - from mc-21->source-1 "98" 23:02:27.145219682
[2023-07-15T23:02:30Z INFO  dt_instance] received at 2023-07-15 23:02:30.051898439 UTC - from mc-21->source-1 "103" 23:02:29.651264708
[2023-07-15T23:02:32Z INFO  dt_instance] received at 2023-07-15 23:02:32.432644838 UTC - from mc-21->source-2 "106" 23:02:32.396428746
[2023-07-15T23:02:34Z INFO  dt_instance] received at 2023-07-15 23:02:34.808981156 UTC - from mc-21->source-1 "113" 23:02:34.667333045
[2023-07-15T23:02:37Z INFO  dt_instance] received at 2023-07-15 23:02:37.336597608 UTC - from mc-21->source-1 "118" 23:02:37.172494038
[2023-07-15T23:02:39Z INFO  dt_instance] received at 2023-07-15 23:02:39.899019936 UTC - from mc-21->source-1 "123" 23:02:39.681843160
[2023-07-15T23:02:42Z INFO  dt_instance] received at 2023-07-15 23:02:42.432098525 UTC - from mc-21->source-8 "111" 23:02:42.395845722
[2023-07-15T23:02:44Z INFO  dt_instance] received at 2023-07-15 23:02:44.946298990 UTC - from mc-21->source-1 "133" 23:02:44.694873756
[2023-07-15T23:02:47Z INFO  dt_instance] received at 2023-07-15 23:02:47.517670884 UTC - from mc-21->source-9 "118" 23:02:47.167315943
[2023-07-15T23:02:49Z INFO  dt_instance] received at 2023-07-15 23:02:49.816752331 UTC - from mc-21->source-1 "143" 23:02:49.707031291
[2023-07-15T23:02:52Z INFO  dt_instance] received at 2023-07-15 23:02:52.487215655 UTC - from mc-21->source-5 "138" 23:02:52.205695094
[2023-07-15T23:02:54Z INFO  dt_instance] received at 2023-07-15 23:02:54.994025039 UTC - from mc-21->source-3 "148" 23:02:54.716150355
[2023-07-15T23:02:57Z INFO  dt_instance] received at 2023-07-15 23:02:57.384675864 UTC - from mc-21->source-3 "153" 23:02:57.222146126
[2023-07-15T23:02:59Z INFO  dt_instance] received at 2023-07-15 23:02:59.860657816 UTC - from mc-21->source-3 "158" 23:02:59.727738895
[2023-07-15T23:03:02Z INFO  dt_instance] received at 2023-07-15 23:03:02.345640909 UTC - from mc-21->source-9 "148" 23:03:02.201622295
[2023-07-15T23:03:04Z INFO  dt_instance] received at 2023-07-15 23:03:04.883121969 UTC - from mc-21->source-1 "173" 23:03:04.742344325
[2023-07-15T23:03:07Z INFO  dt_instance] received at 2023-07-15 23:03:07.367855385 UTC - from mc-21->source-3 "173" 23:03:07.246969335
[2023-07-15T23:03:09Z INFO  dt_instance] received at 2023-07-15 23:03:09.767420271 UTC - from mc-21->source-5 "173" 23:03:09.746491204
[2023-07-15T23:03:12Z INFO  dt_instance] received at 2023-07-15 23:03:12.387632635 UTC - from mc-21->source-3 "183" 23:03:12.259509862
[2023-07-15T23:03:15Z INFO  dt_instance] received at 2023-07-15 23:03:15.028800975 UTC - from mc-21->source-5 "183" 23:03:14.758566107
[2023-07-15T23:03:17Z INFO  dt_instance] received at 2023-07-15 23:03:17.585532853 UTC - from mc-21->source-3 "193" 23:03:17.270598154
[2023-07-15T23:03:19Z INFO  dt_instance] received at 2023-07-15 23:03:19.960763742 UTC - from mc-21->source-1 "203" 23:03:19.784459058
[2023-07-15T23:03:22Z INFO  dt_instance] received at 2023-07-15 23:03:22.541795130 UTC - from mc-21->source-3 "203" 23:03:22.281172965
[2023-07-15T23:03:25Z INFO  dt_instance] received at 2023-07-15 23:03:25.005026643 UTC - from mc-21->source-3 "208" 23:03:24.788206297
[2023-07-15T23:03:27Z INFO  dt_instance] received at 2023-07-15 23:03:27.327304404 UTC - from mc-21->source-1 "218" 23:03:27.304065086
[2023-07-15T23:03:30Z INFO  dt_instance] received at 2023-07-15 23:03:30.176427681 UTC - from mc-21->source-3 "218" 23:03:29.797643941
[2023-07-15T23:03:32Z INFO  dt_instance] received at 2023-07-15 23:03:32.406320979 UTC - from mc-21->source-7 "213" 23:03:32.300251060
[2023-07-15T23:03:34Z INFO  dt_instance] received at 2023-07-15 23:03:34.888847431 UTC - from mc-21->source-1 "233" 23:03:34.819709122
[2023-07-15T23:03:37Z INFO  dt_instance] received at 2023-07-15 23:03:37.381781624 UTC - from mc-21->source-1 "238" 23:03:37.327366964
[2023-07-15T23:03:40Z INFO  dt_instance] received at 2023-07-15 23:03:40.016216914 UTC - from mc-21->source-1 "243" 23:03:39.833217373
[2023-07-15T23:03:42Z INFO  dt_instance] received at 2023-07-15 23:03:42.423835724 UTC - from mc-21->source-3 "243" 23:03:42.327572352
[2023-07-15T23:03:45Z INFO  dt_instance] received at 2023-07-15 23:03:45.116464464 UTC - from mc-21->source-3 "248" 23:03:44.834455751
[2023-07-15T23:03:47Z INFO  dt_instance] received at 2023-07-15 23:03:47.482851830 UTC - from mc-21->source-3 "253" 23:03:47.340670612
[2023-07-15T23:03:49Z INFO  dt_instance] received at 2023-07-15 23:03:49.977889175 UTC - from mc-21->source-9 "243" 23:03:49.813886503
[2023-07-15T23:03:52Z INFO  dt_instance] received at 2023-07-15 23:03:52.554188869 UTC - from mc-21->source-1 "268" 23:03:52.360325369
[2023-07-15T23:03:54Z INFO  dt_instance] received at 2023-07-15 23:03:54.913536164 UTC - from mc-21->source-1 "273" 23:03:54.866617572
[2023-07-15T23:03:57Z INFO  dt_instance] received at 2023-07-15 23:03:57.411941363 UTC - from mc-21->source-5 "268" 23:03:57.370580816
[2023-07-15T23:03:59Z INFO  dt_instance] received at 2023-07-15 23:03:59.964429374 UTC - from mc-21->source-1 "283" 23:03:59.889876448
[2023-07-15T23:04:02Z INFO  dt_instance] received at 2023-07-15 23:04:02.443201011 UTC - from mc-21->source-1 "288" 23:04:02.395814974
[2023-07-15T23:04:05Z INFO  dt_instance] received at 2023-07-15 23:04:05.062215624 UTC - from mc-21->source-7 "278" 23:04:04.889623828
[2023-07-15T23:04:07Z INFO  dt_instance] received at 2023-07-15 23:04:07.464212754 UTC - from mc-21->source-7 "283" 23:04:07.396307508
[2023-07-15T23:04:09Z INFO  dt_instance] received at 2023-07-15 23:04:09.996311470 UTC - from mc-21->source-1 "303" 23:04:09.934909251
[2023-07-15T23:04:12Z INFO  dt_instance] received at 2023-07-15 23:04:12.597728233 UTC - from mc-21->source-7 "293" 23:04:12.410641163
[2023-07-15T23:04:15Z INFO  dt_instance] received at 2023-07-15 23:04:15.146520871 UTC - from mc-21->source-1 "313" 23:04:14.948259785
[2023-07-15T23:04:17Z INFO  dt_instance] received at 2023-07-15 23:04:17.491752481 UTC - from mc-21->source-1 "318" 23:04:17.453740467
[2023-07-15T23:04:19Z INFO  dt_instance] received at 2023-07-15 23:04:19.988941711 UTC - from mc-21->source-1 "323" 23:04:19.959174239
[2023-07-15T23:04:22Z INFO  dt_instance] received at 2023-07-15 23:04:22.557285803 UTC - from mc-21->source-7 "313" 23:04:22.432600803
[2023-07-15T23:04:24Z INFO  dt_instance] received at 2023-07-15 23:04:24.998761311 UTC - from mc-21->source-1 "333" 23:04:24.969829090
[2023-07-15T23:04:27Z INFO  dt_instance] received at 2023-07-15 23:04:27.545245231 UTC - from mc-21->source-1 "338" 23:04:27.475887312
[2023-07-15T23:04:30Z INFO  dt_instance] received at 2023-07-15 23:04:30.047446388 UTC - from mc-21->source-1 "343" 23:04:29.981044011
[2023-07-15T23:04:32Z INFO  dt_instance] received at 2023-07-15 23:04:32.637262538 UTC - from mc-21->source-7 "333" 23:04:32.470267844
[2023-07-15T23:04:35Z INFO  dt_instance] received at 2023-07-15 23:04:35.090693441 UTC - from mc-21->source-3 "348" 23:04:34.976287059
[2023-07-15T23:04:37Z INFO  dt_instance] received at 2023-07-15 23:04:37.511328480 UTC - from mc-21->source-1 "358" 23:04:37.507243692
[2023-07-15T23:04:40Z INFO  dt_instance] received at 2023-07-15 23:04:40.018882068 UTC - from mc-21->source-1 "363" 23:04:40.012769051
[2023-07-15T23:04:42Z INFO  dt_instance] received at 2023-07-15 23:04:42.574075006 UTC - from mc-21->source-1 "368" 23:04:42.518167297
[2023-07-15T23:04:45Z INFO  dt_instance] received at 2023-07-15 23:04:45.125474288 UTC - from mc-21->source-1 "373" 23:04:45.022615182
[2023-07-15T23:04:47Z INFO  dt_instance] received at 2023-07-15 23:04:47.563252988 UTC - from mc-21->source-1 "378" 23:04:47.528318704
[2023-07-15T23:04:50Z INFO  dt_instance] received at 2023-07-15 23:04:50.046518951 UTC - from mc-21->source-1 "383" 23:04:50.034213415
[2023-07-15T23:04:52Z INFO  dt_instance] received at 2023-07-15 23:04:52.572227683 UTC - from mc-21->source-1 "388" 23:04:52.547690815
[2023-07-15T23:04:55Z INFO  dt_instance] received at 2023-07-15 23:04:55.059506634 UTC - from mc-21->source-1 "393" 23:04:55.054436428
[2023-07-15T23:04:57Z INFO  dt_instance] received at 2023-07-15 23:04:57.567710185 UTC - from mc-21->source-1 "398" 23:04:57.559643286
[2023-07-15T23:05:00Z INFO  dt_instance] received at 2023-07-15 23:05:00.068317386 UTC - from mc-21->source-1 "403" 23:05:00.067255672
[2023-07-15T23:05:02Z INFO  dt_instance] received at 2023-07-15 23:05:02.573515482 UTC - from mc-21->source-1 "408" 23:05:02.572117619
[2023-07-15T23:05:05Z INFO  dt_instance] received at 2023-07-15 23:05:05.078747800 UTC - from mc-21->source-1 "413" 23:05:05.078048209
[2023-07-15T23:05:07Z INFO  dt_instance] received at 2023-07-15 23:05:07.588152576 UTC - from mc-21->source-1 "418" 23:05:07.583022437
[2023-07-15T23:05:10Z INFO  dt_instance] received at 2023-07-15 23:05:10.100428914 UTC - from mc-21->source-1 "423" 23:05:10.088382040
[2023-07-15T23:05:12Z INFO  dt_instance] received at 2023-07-15 23:05:12.597684172 UTC - from mc-21->source-1 "428" 23:05:12.594108126
[2023-07-15T23:05:15Z INFO  dt_instance] received at 2023-07-15 23:05:15.101098169 UTC - from mc-21->source-1 "433" 23:05:15.099993623
[2023-07-15T23:05:17Z INFO  dt_instance] received at 2023-07-15 23:05:17.607854634 UTC - from mc-21->source-1 "438" 23:05:17.606803803
[2023-07-15T23:05:20Z INFO  dt_instance] received at 2023-07-15 23:05:20.114892396 UTC - from mc-21->source-1 "443" 23:05:20.112131123
[2023-07-15T23:05:22Z INFO  dt_instance] received at 2023-07-15 23:05:22.618784856 UTC - from mc-21->source-1 "448" 23:05:22.617072657
[2023-07-15T23:05:25Z INFO  dt_instance] received at 2023-07-15 23:05:25.124321687 UTC - from mc-21->source-1 "453" 23:05:25.123117063
[2023-07-15T23:05:27Z INFO  dt_instance] received at 2023-07-15 23:05:27.629332931 UTC - from mc-21->source-1 "458" 23:05:27.628396555
[2023-07-15T23:05:30Z INFO  dt_instance] received at 2023-07-15 23:05:30.136763861 UTC - from mc-21->source-1 "463" 23:05:30.134906440
[2023-07-15T23:05:32Z INFO  dt_instance] received at 2023-07-15 23:05:32.642418644 UTC - from mc-21->source-1 "468" 23:05:32.641022043
[2023-07-15T23:05:35Z INFO  dt_instance] received at 2023-07-15 23:05:35.163483097 UTC - from mc-21->source-1 "473" 23:05:35.146896604
[2023-07-15T23:05:37Z INFO  dt_instance] received at 2023-07-15 23:05:37.653469567 UTC - from mc-21->source-1 "478" 23:05:37.651728478
[2023-07-15T23:05:40Z INFO  dt_instance] received at 2023-07-15 23:05:40.158604682 UTC - from mc-21->source-1 "483" 23:05:40.157097817
[2023-07-15T23:05:42Z INFO  dt_instance] received at 2023-07-15 23:05:42.664070959 UTC - from mc-21->source-1 "488" 23:05:42.663096535
[2023-07-15T23:05:45Z INFO  dt_instance] received at 2023-07-15 23:05:45.170575764 UTC - from mc-21->source-1 "493" 23:05:45.169597914
[2023-07-15T23:05:47Z INFO  dt_instance] received at 2023-07-15 23:05:47.677168061 UTC - from mc-21->source-1 "498" 23:05:47.674669468
[2023-07-15T23:05:50Z INFO  dt_instance] received at 2023-07-15 23:05:50.180645040 UTC - from mc-21->source-1 "503" 23:05:50.179580237
[2023-07-15T23:05:52Z INFO  dt_instance] received at 2023-07-15 23:05:52.690220123 UTC - from mc-21->source-1 "508" 23:05:52.686079207
[2023-07-15T23:05:55Z INFO  dt_instance] received at 2023-07-15 23:05:55.192897060 UTC - from mc-21->source-1 "513" 23:05:55.191769318
[2023-07-15T23:05:57Z INFO  dt_instance] received at 2023-07-15 23:05:57.697643871 UTC - from mc-21->source-1 "518" 23:05:57.696587858
[2023-07-15T23:06:00Z INFO  dt_instance] received at 2023-07-15 23:06:00.203232765 UTC - from mc-21->source-1 "523" 23:06:00.202265972
[2023-07-15T23:06:02Z INFO  dt_instance] received at 2023-07-15 23:06:02.709135328 UTC - from mc-21->source-1 "528" 23:06:02.707704541
[2023-07-15T23:06:05Z INFO  dt_instance] received at 2023-07-15 23:06:05.219400206 UTC - from mc-21->source-1 "533" 23:06:05.212773167
[2023-07-15T23:06:07Z INFO  dt_instance] received at 2023-07-15 23:06:07.736816866 UTC - from mc-21->source-1 "538" 23:06:07.733708206
[2023-07-15T23:06:10Z INFO  dt_instance] received at 2023-07-15 23:06:10.244221377 UTC - from mc-21->source-1 "543" 23:06:10.239129936
[2023-07-15T23:06:12Z INFO  dt_instance] received at 2023-07-15 23:06:12.752171730 UTC - from mc-21->source-1 "548" 23:06:12.745174273
[2023-07-15T23:06:15Z INFO  dt_instance] received at 2023-07-15 23:06:15.252588504 UTC - from mc-21->source-1 "553" 23:06:15.250868715
[2023-07-15T23:06:17Z INFO  dt_instance] received at 2023-07-15 23:06:17.759914688 UTC - from mc-21->source-1 "558" 23:06:17.758132197
[2023-07-15T23:06:20Z INFO  dt_instance] received at 2023-07-15 23:06:20.266939731 UTC - from mc-21->source-1 "563" 23:06:20.263303223
[2023-07-15T23:06:22Z INFO  dt_instance] received at 2023-07-15 23:06:22.770885196 UTC - from mc-21->source-1 "568" 23:06:22.769514727
[2023-07-15T23:06:25Z INFO  dt_instance] received at 2023-07-15 23:06:25.281511190 UTC - from mc-21->source-1 "573" 23:06:25.276203544
[2023-07-15T23:06:27Z INFO  dt_instance] received at 2023-07-15 23:06:27.787509753 UTC - from mc-21->source-1 "578" 23:06:27.781809748
[2023-07-15T23:06:30Z INFO  dt_instance] received at 2023-07-15 23:06:30.296045104 UTC - from mc-21->source-1 "583" 23:06:30.295322319
[2023-07-15T23:06:32Z INFO  dt_instance] received at 2023-07-15 23:06:32.804782260 UTC - from mc-21->source-1 "588" 23:06:32.800136651
[2023-07-15T23:06:35Z INFO  dt_instance] received at 2023-07-15 23:06:35.308975033 UTC - from mc-21->source-1 "593" 23:06:35.307244403
[2023-07-15T23:06:37Z INFO  dt_instance] received at 2023-07-15 23:06:37.814375761 UTC - from mc-21->source-1 "598" 23:06:37.813041497
[2023-07-15T23:06:40Z INFO  dt_instance] received at 2023-07-15 23:06:40.320653441 UTC - from mc-21->source-1 "603" 23:06:40.319258412
[2023-07-15T23:06:42Z INFO  dt_instance] received at 2023-07-15 23:06:42.850199021 UTC - from mc-21->source-1 "608" 23:06:42.825047193
[2023-07-15T23:06:45Z INFO  dt_instance] received at 2023-07-15 23:06:45.330960228 UTC - from mc-21->source-1 "613" 23:06:45.330099848
[2023-07-15T23:06:47Z INFO  dt_instance] received at 2023-07-15 23:06:47.836959566 UTC - from mc-21->source-1 "618" 23:06:47.834883584
[2023-07-15T23:06:50Z INFO  dt_instance] received at 2023-07-15 23:06:50.341872375 UTC - from mc-21->source-1 "623" 23:06:50.340363247
[2023-07-15T23:06:52Z INFO  dt_instance] received at 2023-07-15 23:06:52.846328246 UTC - from mc-21->source-1 "628" 23:06:52.845172925
[2023-07-15T23:06:55Z INFO  dt_instance] received at 2023-07-15 23:06:55.351921007 UTC - from mc-21->source-1 "633" 23:06:55.350124146
[2023-07-15T23:06:57Z INFO  dt_instance] received at 2023-07-15 23:06:57.858532993 UTC - from mc-21->source-1 "638" 23:06:57.856595510
[2023-07-15T23:07:00Z INFO  dt_instance] received at 2023-07-15 23:07:00.363802196 UTC - from mc-21->source-1 "643" 23:07:00.362787043
[2023-07-15T23:07:02Z INFO  dt_instance] received at 2023-07-15 23:07:02.872902880 UTC - from mc-21->source-1 "648" 23:07:02.869346916
[2023-07-15T23:07:05Z INFO  dt_instance] received at 2023-07-15 23:07:05.376230198 UTC - from mc-21->source-1 "653" 23:07:05.375023893
[2023-07-15T23:07:07Z INFO  dt_instance] received at 2023-07-15 23:07:07.882815374 UTC - from mc-21->source-1 "658" 23:07:07.880557949
[2023-07-15T23:07:10Z INFO  dt_instance] received at 2023-07-15 23:07:10.387590138 UTC - from mc-21->source-1 "663" 23:07:10.386156198
[2023-07-15T23:07:12Z INFO  dt_instance] received at 2023-07-15 23:07:12.900038223 UTC - from mc-21->source-1 "668" 23:07:12.890855564
[2023-07-15T23:07:15Z INFO  dt_instance] received at 2023-07-15 23:07:15.398330328 UTC - from mc-21->source-1 "673" 23:07:15.396972809
[2023-07-15T23:07:17Z INFO  dt_instance] received at 2023-07-15 23:07:17.903776270 UTC - from mc-21->source-1 "678" 23:07:17.902786319
[2023-07-15T23:07:20Z INFO  dt_instance] received at 2023-07-15 23:07:20.410970247 UTC - from mc-21->source-1 "683" 23:07:20.409546611
[2023-07-15T23:07:22Z INFO  dt_instance] received at 2023-07-15 23:07:22.918267980 UTC - from mc-21->source-1 "688" 23:07:22.917001341
[2023-07-15T23:07:25Z INFO  dt_instance] received at 2023-07-15 23:07:25.422854336 UTC - from mc-21->source-1 "693" 23:07:25.421753288
[2023-07-15T23:07:27Z INFO  dt_instance] received at 2023-07-15 23:07:27.928335670 UTC - from mc-21->source-1 "698" 23:07:27.926847434
[2023-07-15T23:07:30Z INFO  dt_instance] received at 2023-07-15 23:07:30.436672579 UTC - from mc-21->source-1 "703" 23:07:30.433554347
[2023-07-15T23:07:32Z INFO  dt_instance] received at 2023-07-15 23:07:32.948990368 UTC - from mc-21->source-1 "708" 23:07:32.939927197
[2023-07-15T23:07:35Z INFO  dt_instance] received at 2023-07-15 23:07:35.445638935 UTC - from mc-21->source-1 "713" 23:07:35.444691879
[2023-07-15T23:07:37Z INFO  dt_instance] received at 2023-07-15 23:07:37.950645524 UTC - from mc-21->source-1 "718" 23:07:37.949644821
[2023-07-15T23:07:40Z INFO  dt_instance] received at 2023-07-15 23:07:40.456304070 UTC - from mc-21->source-1 "723" 23:07:40.455214216
[2023-07-15T23:07:42Z INFO  dt_instance] received at 2023-07-15 23:07:42.962493617 UTC - from mc-21->source-1 "728" 23:07:42.960093195
[2023-07-15T23:07:45Z INFO  dt_instance] received at 2023-07-15 23:07:45.467988958 UTC - from mc-21->source-1 "733" 23:07:45.466963678
[2023-07-15T23:07:47Z INFO  dt_instance] received at 2023-07-15 23:07:47.974113453 UTC - from mc-21->source-1 "738" 23:07:47.973190797
[2023-07-15T23:07:50Z INFO  dt_instance] received at 2023-07-15 23:07:50.478455424 UTC - from mc-21->source-1 "743" 23:07:50.477632545
[2023-07-15T23:07:52Z INFO  dt_instance] received at 2023-07-15 23:07:52.985421567 UTC - from mc-21->source-1 "748" 23:07:52.984491279
[2023-07-15T23:07:55Z INFO  dt_instance] received at 2023-07-15 23:07:55.490903951 UTC - from mc-21->source-1 "753" 23:07:55.490215928
[2023-07-15T23:07:57Z INFO  dt_instance] received at 2023-07-15 23:07:57.996769994 UTC - from mc-21->source-1 "758" 23:07:57.995722857
[2023-07-15T23:08:00Z INFO  dt_instance] received at 2023-07-15 23:08:00.502940107 UTC - from mc-21->source-1 "763" 23:08:00.501924601
[2023-07-15T23:08:03Z INFO  dt_instance] received at 2023-07-15 23:08:03.014507151 UTC - from mc-21->source-1 "768" 23:08:03.007730866
[2023-07-15T23:08:05Z INFO  dt_instance] received at 2023-07-15 23:08:05.517039955 UTC - from mc-21->source-1 "773" 23:08:05.516032016
[2023-07-15T23:08:08Z INFO  dt_instance] received at 2023-07-15 23:08:08.022815337 UTC - from mc-21->source-1 "778" 23:08:08.021872573
[2023-07-15T23:08:10Z INFO  dt_instance] received at 2023-07-15 23:08:10.530348170 UTC - from mc-21->source-1 "783" 23:08:10.528569737
[2023-07-15T23:08:13Z INFO  dt_instance] received at 2023-07-15 23:08:13.034576331 UTC - from mc-21->source-1 "788" 23:08:13.033781015
[2023-07-15T23:08:15Z INFO  dt_instance] received at 2023-07-15 23:08:15.539737583 UTC - from mc-21->source-1 "793" 23:08:15.538764200
[2023-07-15T23:08:18Z INFO  dt_instance] received at 2023-07-15 23:08:18.044381770 UTC - from mc-21->source-1 "798" 23:08:18.043651
[2023-07-15T23:08:20Z INFO  dt_instance] received at 2023-07-15 23:08:20.551637526 UTC - from mc-21->source-1 "803" 23:08:20.550713197
[2023-07-15T23:08:23Z INFO  dt_instance] received at 2023-07-15 23:08:23.057324246 UTC - from mc-21->source-1 "808" 23:08:23.056517320
[2023-07-15T23:08:25Z INFO  dt_instance] received at 2023-07-15 23:08:25.563464393 UTC - from mc-21->source-1 "813" 23:08:25.562656595
[2023-07-15T23:08:28Z INFO  dt_instance] received at 2023-07-15 23:08:28.093745777 UTC - from mc-21->source-1 "818" 23:08:28.070178175
[2023-07-15T23:08:30Z INFO  dt_instance] received at 2023-07-15 23:08:30.576209769 UTC - from mc-21->source-1 "823" 23:08:30.574775632
[2023-07-15T23:08:33Z INFO  dt_instance] received at 2023-07-15 23:08:33.081482110 UTC - from mc-21->source-1 "828" 23:08:33.080521230
[2023-07-15T23:08:35Z INFO  dt_instance] received at 2023-07-15 23:08:35.588095510 UTC - from mc-21->source-1 "833" 23:08:35.587208913
[2023-07-15T23:08:38Z INFO  dt_instance] received at 2023-07-15 23:08:38.094231971 UTC - from mc-21->source-1 "838" 23:08:38.093253650
[2023-07-15T23:08:40Z INFO  dt_instance] received at 2023-07-15 23:08:40.600521326 UTC - from mc-21->source-1 "843" 23:08:40.598414917
[2023-07-15T23:08:43Z INFO  dt_instance] received at 2023-07-15 23:08:43.110953316 UTC - from mc-21->source-1 "848" 23:08:43.104150544
[2023-07-15T23:08:45Z INFO  dt_instance] received at 2023-07-15 23:08:45.610977817 UTC - from mc-21->source-1 "853" 23:08:45.609796238
[2023-07-15T23:08:48Z INFO  dt_instance] received at 2023-07-15 23:08:48.119380194 UTC - from mc-21->source-1 "858" 23:08:48.117698479
[2023-07-15T23:08:50Z INFO  dt_instance] received at 2023-07-15 23:08:50.624252658 UTC - from mc-21->source-1 "863" 23:08:50.623351037
[2023-07-15T23:08:53Z INFO  dt_instance] received at 2023-07-15 23:08:53.128375569 UTC - from mc-21->source-1 "868" 23:08:53.127548580
[2023-07-15T23:08:55Z INFO  dt_instance] received at 2023-07-15 23:08:55.635839143 UTC - from mc-21->source-1 "873" 23:08:55.634602530
[2023-07-15T23:08:58Z INFO  dt_instance] received at 2023-07-15 23:08:58.141834818 UTC - from mc-21->source-1 "878" 23:08:58.140831152
[2023-07-15T23:09:00Z INFO  dt_instance] received at 2023-07-15 23:09:00.647181212 UTC - from mc-21->source-1 "883" 23:09:00.646423567
[2023-07-15T23:09:03Z INFO  dt_instance] received at 2023-07-15 23:09:03.159312401 UTC - from mc-21->source-1 "888" 23:09:03.158194238
[2023-07-15T23:09:05Z INFO  dt_instance] received at 2023-07-15 23:09:05.665081095 UTC - from mc-21->source-1 "893" 23:09:05.664175128
[2023-07-15T23:09:08Z INFO  dt_instance] received at 2023-07-15 23:09:08.170754285 UTC - from mc-21->source-1 "898" 23:09:08.169487488
[2023-07-15T23:09:10Z INFO  dt_instance] received at 2023-07-15 23:09:10.677039560 UTC - from mc-21->source-1 "903" 23:09:10.676161744
[2023-07-15T23:09:13Z INFO  dt_instance] received at 2023-07-15 23:09:13.181396631 UTC - from mc-21->source-1 "908" 23:09:13.180744631
[2023-07-15T23:09:15Z INFO  dt_instance] received at 2023-07-15 23:09:15.688582177 UTC - from mc-21->source-1 "913" 23:09:15.687526791
[2023-07-15T23:09:18Z INFO  dt_instance] received at 2023-07-15 23:09:18.195579150 UTC - from mc-21->source-1 "918" 23:09:18.193687053
[2023-07-15T23:09:20Z INFO  dt_instance] received at 2023-07-15 23:09:20.701035266 UTC - from mc-21->source-1 "923" 23:09:20.700070720
[2023-07-15T23:09:23Z INFO  dt_instance] received at 2023-07-15 23:09:23.207040340 UTC - from mc-21->source-1 "928" 23:09:23.205865775
[2023-07-15T23:09:25Z INFO  dt_instance] received at 2023-07-15 23:09:25.715822212 UTC - from mc-21->source-1 "933" 23:09:25.713483452
[2023-07-15T23:09:28Z INFO  dt_instance] received at 2023-07-15 23:09:28.219894946 UTC - from mc-21->source-1 "938" 23:09:28.219160570
[2023-07-15T23:09:30Z INFO  dt_instance] received at 2023-07-15 23:09:30.724839215 UTC - from mc-21->source-1 "943" 23:09:30.723955045
[2023-07-15T23:09:33Z INFO  dt_instance] received at 2023-07-15 23:09:33.231707853 UTC - from mc-21->source-1 "948" 23:09:33.230529439
[2023-07-15T23:09:35Z INFO  dt_instance] received at 2023-07-15 23:09:35.737415020 UTC - from mc-21->source-1 "953" 23:09:35.736361789
[2023-07-15T23:09:38Z INFO  dt_instance] received at 2023-07-15 23:09:38.242925725 UTC - from mc-21->source-1 "958" 23:09:38.241850752
[2023-07-15T23:09:40Z INFO  dt_instance] received at 2023-07-15 23:09:40.748053329 UTC - from mc-21->source-1 "963" 23:09:40.746833915
[2023-07-15T23:09:43Z INFO  dt_instance] received at 2023-07-15 23:09:43.252863756 UTC - from mc-21->source-1 "968" 23:09:43.251910773
[2023-07-15T23:09:45Z INFO  dt_instance] received at 2023-07-15 23:09:45.757729844 UTC - from mc-21->source-1 "973" 23:09:45.756898631
[2023-07-15T23:09:48Z INFO  dt_instance] received at 2023-07-15 23:09:48.265870841 UTC - from mc-21->source-1 "978" 23:09:48.264810413
[2023-07-15T23:09:50Z INFO  dt_instance] received at 2023-07-15 23:09:50.773640998 UTC - from mc-21->source-1 "983" 23:09:50.772380575
[2023-07-15T23:09:53Z INFO  dt_instance] received at 2023-07-15 23:09:53.277670393 UTC - from mc-21->source-1 "988" 23:09:53.276787782
[2023-07-15T23:09:55Z INFO  dt_instance] received at 2023-07-15 23:09:55.784446659 UTC - from mc-21->source-1 "993" 23:09:55.783212258
[2023-07-15T23:09:58Z INFO  dt_instance] received at 2023-07-15 23:09:58.424935547 UTC - from mc-21->source-8 "981" 23:09:58.423890398
[2023-07-15T23:10:01Z INFO  dt_instance] received at 2023-07-15 23:10:01.740194924 UTC - from mc-21->source-9 "985" 23:10:01.739077727
[2023-07-15T23:10:08Z INFO  dt_instance] received at 2023-07-15 23:10:08.756213660 UTC - from mc-21->source-9 "999" 23:10:08.755292272
