[2023-07-15T22:43:13Z INFO  dt_instance] Current Twin: mc-twin-23
[2023-07-15T22:43:13Z INFO  dt_instance] Replica Name twin-mc-stateful-23
[2023-07-15T22:43:13Z INFO  dt_instance] Sleeping for 1150
[2023-07-15T23:02:23Z INFO  dt_instance] Connecting to broker at emqx.dtwins:1883
[2023-07-15T23:02:23Z INFO  dt_instance] Loggin info each 50 messages
[2023-07-15T23:02:23Z INFO  dt_instance] Set max packet size to 60000 KB.
[2023-07-15T23:02:24Z INFO  dt_instance] Refreshing topics for twin - Listen to mc-23/#
[2023-07-15T23:02:24Z INFO  dt_instance] SubAck { pkid: 1, return_codes: [Success(ExactlyOnce)] }
[2023-07-15T23:03:33Z INFO  dt_instance] received at 2023-07-15 23:03:33.440249201 UTC - from mc-23->source-2 "9" 23:03:33.299668561
[2023-07-15T23:03:36Z INFO  dt_instance] received at 2023-07-15 23:03:36.717225693 UTC - from mc-23->source-8 "0" 23:03:36.288407144
[2023-07-15T23:03:39Z INFO  dt_instance] received at 2023-07-15 23:03:39.174535357 UTC - from mc-23->source-5 "13" 23:03:39.065798594
[2023-07-15T23:03:41Z INFO  dt_instance] received at 2023-07-15 23:03:41.794435734 UTC - from mc-23->source-9 "8" 23:03:41.546161726
[2023-07-15T23:03:44Z INFO  dt_instance] received at 2023-07-15 23:03:44.223333344 UTC - from mc-23->source-5 "23" 23:03:44.083364725
[2023-07-15T23:03:46Z INFO  dt_instance] received at 2023-07-15 23:03:46.867913330 UTC - from mc-23->source-1 "38" 23:03:46.587985475
[2023-07-15T23:03:49Z INFO  dt_instance] received at 2023-07-15 23:03:49.171135612 UTC - from mc-23->source-5 "33" 23:03:49.092976579
[2023-07-15T23:03:51Z INFO  dt_instance] received at 2023-07-15 23:03:51.827700946 UTC - from mc-23->source-5 "38" 23:03:51.598610749
[2023-07-15T23:03:54Z INFO  dt_instance] received at 2023-07-15 23:03:54.246977263 UTC - from mc-23->source-5 "43" 23:03:54.105973141
[2023-07-15T23:03:56Z INFO  dt_instance] received at 2023-07-15 23:03:56.777951299 UTC - from mc-23->source-1 "58" 23:03:56.615897391
[2023-07-15T23:03:59Z INFO  dt_instance] received at 2023-07-15 23:03:59.252136594 UTC - from mc-23->source-1 "63" 23:03:59.121292760
[2023-07-15T23:04:01Z INFO  dt_instance] received at 2023-07-15 23:04:01.692006252 UTC - from mc-23->source-5 "58" 23:04:01.624035876
[2023-07-15T23:04:04Z INFO  dt_instance] received at 2023-07-15 23:04:04.321905519 UTC - from mc-23->source-1 "73" 23:04:04.130473146
[2023-07-15T23:04:06Z INFO  dt_instance] received at 2023-07-15 23:04:06.795748289 UTC - from mc-23->source-9 "58" 23:04:06.606004096
[2023-07-15T23:04:09Z INFO  dt_instance] received at 2023-07-15 23:04:09.213473268 UTC - from mc-23->source-5 "73" 23:04:09.140874898
[2023-07-15T23:04:11Z INFO  dt_instance] received at 2023-07-15 23:04:11.707257760 UTC - from mc-23->source-5 "78" 23:04:11.646258228
[2023-07-15T23:04:14Z INFO  dt_instance] received at 2023-07-15 23:04:14.340906254 UTC - from mc-23->source-5 "83" 23:04:14.151503946
[2023-07-15T23:04:16Z INFO  dt_instance] received at 2023-07-15 23:04:16.853095669 UTC - from mc-23->source-1 "98" 23:04:16.673827503
[2023-07-15T23:04:19Z INFO  dt_instance] received at 2023-07-15 23:04:19.276138584 UTC - from mc-23->source-5 "93" 23:04:19.161820266
[2023-07-15T23:04:21Z INFO  dt_instance] received at 2023-07-15 23:04:21.728571266 UTC - from mc-23->source-1 "108" 23:04:21.689275364
[2023-07-15T23:04:24Z INFO  dt_instance] received at 2023-07-15 23:04:24.227921404 UTC - from mc-23->source-1 "113" 23:04:24.195586353
[2023-07-15T23:04:26Z INFO  dt_instance] received at 2023-07-15 23:04:26.742050628 UTC - from mc-23->source-1 "118" 23:04:26.700561851
[2023-07-15T23:04:29Z INFO  dt_instance] received at 2023-07-15 23:04:29.235387839 UTC - from mc-23->source-1 "123" 23:04:29.207244333
[2023-07-15T23:04:31Z INFO  dt_instance] received at 2023-07-15 23:04:31.755728743 UTC - from mc-23->source-1 "128" 23:04:31.714414545
[2023-07-15T23:04:34Z INFO  dt_instance] received at 2023-07-15 23:04:34.254284785 UTC - from mc-23->source-1 "133" 23:04:34.220397380
[2023-07-15T23:04:36Z INFO  dt_instance] received at 2023-07-15 23:04:36.761713645 UTC - from mc-23->source-1 "138" 23:04:36.726843755
[2023-07-15T23:04:39Z INFO  dt_instance] received at 2023-07-15 23:04:39.291809430 UTC - from mc-23->source-7 "128" 23:04:39.199738550
[2023-07-15T23:04:41Z INFO  dt_instance] received at 2023-07-15 23:04:41.890209274 UTC - from mc-23->source-1 "148" 23:04:41.739125539
[2023-07-15T23:04:44Z INFO  dt_instance] received at 2023-07-15 23:04:44.334118693 UTC - from mc-23->source-7 "138" 23:04:44.211112971
[2023-07-15T23:04:46Z INFO  dt_instance] received at 2023-07-15 23:04:46.871943240 UTC - from mc-23->source-1 "158" 23:04:46.756376184
[2023-07-15T23:04:49Z INFO  dt_instance] received at 2023-07-15 23:04:49.311915032 UTC - from mc-23->source-1 "163" 23:04:49.262914525
[2023-07-15T23:04:51Z INFO  dt_instance] received at 2023-07-15 23:04:51.801008430 UTC - from mc-23->source-1 "168" 23:04:51.769080531
[2023-07-15T23:04:54Z INFO  dt_instance] received at 2023-07-15 23:04:54.283664106 UTC - from mc-23->source-1 "173" 23:04:54.274716790
[2023-07-15T23:04:56Z INFO  dt_instance] received at 2023-07-15 23:04:56.833518390 UTC - from mc-23->source-1 "178" 23:04:56.780447773
[2023-07-15T23:04:59Z INFO  dt_instance] received at 2023-07-15 23:04:59.334956681 UTC - from mc-23->source-1 "183" 23:04:59.287088119
[2023-07-15T23:05:01Z INFO  dt_instance] received at 2023-07-15 23:05:01.794071825 UTC - from mc-23->source-1 "188" 23:05:01.793055202
[2023-07-15T23:05:04Z INFO  dt_instance] received at 2023-07-15 23:05:04.301362379 UTC - from mc-23->source-1 "193" 23:05:04.300265428
[2023-07-15T23:05:06Z INFO  dt_instance] received at 2023-07-15 23:05:06.807097226 UTC - from mc-23->source-1 "198" 23:05:06.805650148
[2023-07-15T23:05:09Z INFO  dt_instance] received at 2023-07-15 23:05:09.312402160 UTC - from mc-23->source-1 "203" 23:05:09.311007306
[2023-07-15T23:05:11Z INFO  dt_instance] received at 2023-07-15 23:05:11.823083616 UTC - from mc-23->source-1 "208" 23:05:11.815734001
[2023-07-15T23:05:14Z INFO  dt_instance] received at 2023-07-15 23:05:14.321740482 UTC - from mc-23->source-1 "213" 23:05:14.320634862
[2023-07-15T23:05:16Z INFO  dt_instance] received at 2023-07-15 23:05:16.839313989 UTC - from mc-23->source-1 "218" 23:05:16.825654853
[2023-07-15T23:05:19Z INFO  dt_instance] received at 2023-07-15 23:05:19.335676572 UTC - from mc-23->source-1 "223" 23:05:19.333324156
[2023-07-15T23:05:21Z INFO  dt_instance] received at 2023-07-15 23:05:21.844121203 UTC - from mc-23->source-1 "228" 23:05:21.842858389
[2023-07-15T23:05:24Z INFO  dt_instance] received at 2023-07-15 23:05:24.350528366 UTC - from mc-23->source-1 "233" 23:05:24.348876722
[2023-07-15T23:05:26Z INFO  dt_instance] received at 2023-07-15 23:05:26.869196104 UTC - from mc-23->source-1 "238" 23:05:26.866810249
[2023-07-15T23:05:29Z INFO  dt_instance] received at 2023-07-15 23:05:29.375485800 UTC - from mc-23->source-1 "243" 23:05:29.372181926
[2023-07-15T23:05:31Z INFO  dt_instance] received at 2023-07-15 23:05:31.878565012 UTC - from mc-23->source-1 "248" 23:05:31.877444497
[2023-07-15T23:05:34Z INFO  dt_instance] received at 2023-07-15 23:05:34.405774702 UTC - from mc-23->source-1 "253" 23:05:34.383717454
[2023-07-15T23:05:36Z INFO  dt_instance] received at 2023-07-15 23:05:36.893960343 UTC - from mc-23->source-1 "258" 23:05:36.889057887
[2023-07-15T23:05:39Z INFO  dt_instance] received at 2023-07-15 23:05:39.401124004 UTC - from mc-23->source-1 "263" 23:05:39.396250566
[2023-07-15T23:05:41Z INFO  dt_instance] received at 2023-07-15 23:05:41.904276588 UTC - from mc-23->source-1 "268" 23:05:41.901662428
[2023-07-15T23:05:44Z INFO  dt_instance] received at 2023-07-15 23:05:44.421901838 UTC - from mc-23->source-1 "273" 23:05:44.406907244
[2023-07-15T23:05:46Z INFO  dt_instance] received at 2023-07-15 23:05:46.913289775 UTC - from mc-23->source-1 "278" 23:05:46.911898289
[2023-07-15T23:05:49Z INFO  dt_instance] received at 2023-07-15 23:05:49.419483650 UTC - from mc-23->source-1 "283" 23:05:49.417411580
[2023-07-15T23:05:51Z INFO  dt_instance] received at 2023-07-15 23:05:51.924667167 UTC - from mc-23->source-1 "288" 23:05:51.923334984
[2023-07-15T23:05:54Z INFO  dt_instance] received at 2023-07-15 23:05:54.435034732 UTC - from mc-23->source-1 "293" 23:05:54.427721245
[2023-07-15T23:05:56Z INFO  dt_instance] received at 2023-07-15 23:05:56.933681865 UTC - from mc-23->source-1 "298" 23:05:56.932697936
[2023-07-15T23:05:59Z INFO  dt_instance] received at 2023-07-15 23:05:59.439324363 UTC - from mc-23->source-1 "303" 23:05:59.438266530
[2023-07-15T23:06:01Z INFO  dt_instance] received at 2023-07-15 23:06:01.945727976 UTC - from mc-23->source-1 "308" 23:06:01.943433440
[2023-07-15T23:06:04Z INFO  dt_instance] received at 2023-07-15 23:06:04.453188600 UTC - from mc-23->source-1 "313" 23:06:04.451105347
[2023-07-15T23:06:06Z INFO  dt_instance] received at 2023-07-15 23:06:06.963092930 UTC - from mc-23->source-1 "318" 23:06:06.958633112
[2023-07-15T23:06:09Z INFO  dt_instance] received at 2023-07-15 23:06:09.471806623 UTC - from mc-23->source-1 "323" 23:06:09.464656592
[2023-07-15T23:06:11Z INFO  dt_instance] received at 2023-07-15 23:06:11.999239916 UTC - from mc-23->source-1 "328" 23:06:11.970340873
[2023-07-15T23:06:14Z INFO  dt_instance] received at 2023-07-15 23:06:14.490557698 UTC - from mc-23->source-1 "333" 23:06:14.474988176
[2023-07-15T23:06:16Z INFO  dt_instance] received at 2023-07-15 23:06:16.981925872 UTC - from mc-23->source-1 "338" 23:06:16.980630959
[2023-07-15T23:06:19Z INFO  dt_instance] received at 2023-07-15 23:06:19.489532306 UTC - from mc-23->source-1 "343" 23:06:19.487029550
[2023-07-15T23:06:21Z INFO  dt_instance] received at 2023-07-15 23:06:21.993912831 UTC - from mc-23->source-1 "348" 23:06:21.991643315
[2023-07-15T23:06:24Z INFO  dt_instance] received at 2023-07-15 23:06:24.509419516 UTC - from mc-23->source-1 "353" 23:06:24.498022723
[2023-07-15T23:06:27Z INFO  dt_instance] received at 2023-07-15 23:06:27.003877712 UTC - from mc-23->source-1 "358" 23:06:27.002808097
[2023-07-15T23:06:29Z INFO  dt_instance] received at 2023-07-15 23:06:29.510312084 UTC - from mc-23->source-1 "363" 23:06:29.508474596
[2023-07-15T23:06:32Z INFO  dt_instance] received at 2023-07-15 23:06:32.015967876 UTC - from mc-23->source-1 "368" 23:06:32.014836339
[2023-07-15T23:06:34Z INFO  dt_instance] received at 2023-07-15 23:06:34.521174295 UTC - from mc-23->source-1 "373" 23:06:34.519741514
[2023-07-15T23:06:37Z INFO  dt_instance] received at 2023-07-15 23:06:37.027436348 UTC - from mc-23->source-1 "378" 23:06:37.024455797
[2023-07-15T23:06:39Z INFO  dt_instance] received at 2023-07-15 23:06:39.532440743 UTC - from mc-23->source-1 "383" 23:06:39.531042579
[2023-07-15T23:06:42Z INFO  dt_instance] received at 2023-07-15 23:06:42.039127327 UTC - from mc-23->source-1 "388" 23:06:42.038272802
[2023-07-15T23:06:44Z INFO  dt_instance] received at 2023-07-15 23:06:44.547100591 UTC - from mc-23->source-3 "388" 23:06:44.545976487
[2023-07-15T23:06:47Z INFO  dt_instance] received at 2023-07-15 23:06:47.052628701 UTC - from mc-23->source-3 "393" 23:06:47.051570707
[2023-07-15T23:06:49Z INFO  dt_instance] received at 2023-07-15 23:06:49.564065499 UTC - from mc-23->source-5 "393" 23:06:49.555168262
[2023-07-15T23:06:52Z INFO  dt_instance] received at 2023-07-15 23:06:52.064428804 UTC - from mc-23->source-3 "403" 23:06:52.062752107
[2023-07-15T23:06:54Z INFO  dt_instance] received at 2023-07-15 23:06:54.572712953 UTC - from mc-23->source-3 "408" 23:06:54.571133157
[2023-07-15T23:06:57Z INFO  dt_instance] received at 2023-07-15 23:06:57.077003810 UTC - from mc-23->source-3 "413" 23:06:57.075551990
[2023-07-15T23:06:59Z INFO  dt_instance] received at 2023-07-15 23:06:59.585490597 UTC - from mc-23->source-3 "418" 23:06:59.582442513
[2023-07-15T23:07:02Z INFO  dt_instance] received at 2023-07-15 23:07:02.089787889 UTC - from mc-23->source-3 "423" 23:07:02.088782636
[2023-07-15T23:07:04Z INFO  dt_instance] received at 2023-07-15 23:07:04.595689188 UTC - from mc-23->source-3 "428" 23:07:04.594652564
[2023-07-15T23:07:07Z INFO  dt_instance] received at 2023-07-15 23:07:07.102728440 UTC - from mc-23->source-3 "433" 23:07:07.100072281
[2023-07-15T23:07:09Z INFO  dt_instance] received at 2023-07-15 23:07:09.608734140 UTC - from mc-23->source-1 "443" 23:07:09.607921584
[2023-07-15T23:07:12Z INFO  dt_instance] received at 2023-07-15 23:07:12.122855059 UTC - from mc-23->source-3 "443" 23:07:12.116362196
[2023-07-15T23:07:14Z INFO  dt_instance] received at 2023-07-15 23:07:14.628808293 UTC - from mc-23->source-3 "448" 23:07:14.627636036
[2023-07-15T23:07:17Z INFO  dt_instance] received at 2023-07-15 23:07:17.135736538 UTC - from mc-23->source-3 "453" 23:07:17.134394253
[2023-07-15T23:07:19Z INFO  dt_instance] received at 2023-07-15 23:07:19.642069246 UTC - from mc-23->source-3 "458" 23:07:19.641283475
[2023-07-15T23:07:22Z INFO  dt_instance] received at 2023-07-15 23:07:22.146985264 UTC - from mc-23->source-3 "463" 23:07:22.146083783
[2023-07-15T23:07:24Z INFO  dt_instance] received at 2023-07-15 23:07:24.652633289 UTC - from mc-23->source-3 "468" 23:07:24.651795730
[2023-07-15T23:07:27Z INFO  dt_instance] received at 2023-07-15 23:07:27.161751366 UTC - from mc-23->source-3 "473" 23:07:27.158933864
[2023-07-15T23:07:29Z INFO  dt_instance] received at 2023-07-15 23:07:29.666982044 UTC - from mc-23->source-3 "478" 23:07:29.665281750
[2023-07-15T23:07:32Z INFO  dt_instance] received at 2023-07-15 23:07:32.172684560 UTC - from mc-23->source-3 "483" 23:07:32.170040818
[2023-07-15T23:07:34Z INFO  dt_instance] received at 2023-07-15 23:07:34.675917375 UTC - from mc-23->source-3 "488" 23:07:34.674625268
[2023-07-15T23:07:37Z INFO  dt_instance] received at 2023-07-15 23:07:37.183936222 UTC - from mc-23->source-3 "493" 23:07:37.180091191
[2023-07-15T23:07:39Z INFO  dt_instance] received at 2023-07-15 23:07:39.686518117 UTC - from mc-23->source-3 "498" 23:07:39.685481426
[2023-07-15T23:07:42Z INFO  dt_instance] received at 2023-07-15 23:07:42.194123946 UTC - from mc-23->source-3 "503" 23:07:42.190836942
[2023-07-15T23:07:44Z INFO  dt_instance] received at 2023-07-15 23:07:44.697773289 UTC - from mc-23->source-3 "508" 23:07:44.696351749
[2023-07-15T23:07:47Z INFO  dt_instance] received at 2023-07-15 23:07:47.205453670 UTC - from mc-23->source-5 "508" 23:07:47.203633981
[2023-07-15T23:07:49Z INFO  dt_instance] received at 2023-07-15 23:07:49.711700997 UTC - from mc-23->source-1 "523" 23:07:49.710438611
[2023-07-15T23:07:52Z INFO  dt_instance] received at 2023-07-15 23:07:52.217746709 UTC - from mc-23->source-5 "518" 23:07:52.216777722
[2023-07-15T23:07:54Z INFO  dt_instance] received at 2023-07-15 23:07:54.726220663 UTC - from mc-23->source-5 "523" 23:07:54.723231478
[2023-07-15T23:07:57Z INFO  dt_instance] received at 2023-07-15 23:07:57.230227233 UTC - from mc-23->source-1 "538" 23:07:57.229443037
[2023-07-15T23:07:59Z INFO  dt_instance] received at 2023-07-15 23:07:59.737328262 UTC - from mc-23->source-1 "543" 23:07:59.736195100
[2023-07-15T23:08:02Z INFO  dt_instance] received at 2023-07-15 23:08:02.243543181 UTC - from mc-23->source-1 "548" 23:08:02.240801537
[2023-07-15T23:08:04Z INFO  dt_instance] received at 2023-07-15 23:08:04.746561661 UTC - from mc-23->source-1 "553" 23:08:04.745487759
[2023-07-15T23:08:07Z INFO  dt_instance] received at 2023-07-15 23:08:07.251754120 UTC - from mc-23->source-5 "548" 23:08:07.250601660
[2023-07-15T23:08:09Z INFO  dt_instance] received at 2023-07-15 23:08:09.758356505 UTC - from mc-23->source-3 "558" 23:08:09.757528724
[2023-07-15T23:08:12Z INFO  dt_instance] received at 2023-07-15 23:08:12.264650733 UTC - from mc-23->source-3 "563" 23:08:12.263642965
[2023-07-15T23:08:14Z INFO  dt_instance] received at 2023-07-15 23:08:14.771032892 UTC - from mc-23->source-1 "573" 23:08:14.769126820
[2023-07-15T23:08:17Z INFO  dt_instance] received at 2023-07-15 23:08:17.279083441 UTC - from mc-23->source-5 "568" 23:08:17.276742117
[2023-07-15T23:08:19Z INFO  dt_instance] received at 2023-07-15 23:08:19.783384480 UTC - from mc-23->source-3 "578" 23:08:19.782227069
[2023-07-15T23:08:22Z INFO  dt_instance] received at 2023-07-15 23:08:22.296470022 UTC - from mc-23->source-1 "588" 23:08:22.286554565
[2023-07-15T23:08:24Z INFO  dt_instance] received at 2023-07-15 23:08:24.796791264 UTC - from mc-23->source-1 "593" 23:08:24.795329536
[2023-07-15T23:08:27Z INFO  dt_instance] received at 2023-07-15 23:08:27.301515528 UTC - from mc-23->source-1 "598" 23:08:27.300582503
[2023-07-15T23:08:29Z INFO  dt_instance] received at 2023-07-15 23:08:29.807177708 UTC - from mc-23->source-5 "593" 23:08:29.806421653
[2023-07-15T23:08:32Z INFO  dt_instance] received at 2023-07-15 23:08:32.314257577 UTC - from mc-23->source-5 "598" 23:08:32.311998278
[2023-07-15T23:08:34Z INFO  dt_instance] received at 2023-07-15 23:08:34.817855024 UTC - from mc-23->source-5 "603" 23:08:34.816736707
[2023-07-15T23:08:37Z INFO  dt_instance] received at 2023-07-15 23:08:37.325050590 UTC - from mc-23->source-5 "608" 23:08:37.323946250
[2023-07-15T23:08:39Z INFO  dt_instance] received at 2023-07-15 23:08:39.832436996 UTC - from mc-23->source-5 "613" 23:08:39.831465284
[2023-07-15T23:08:42Z INFO  dt_instance] received at 2023-07-15 23:08:42.339468895 UTC - from mc-23->source-5 "618" 23:08:42.338689699
[2023-07-15T23:08:44Z INFO  dt_instance] received at 2023-07-15 23:08:44.849346906 UTC - from mc-23->source-5 "623" 23:08:44.846512339
[2023-07-15T23:08:47Z INFO  dt_instance] received at 2023-07-15 23:08:47.353180646 UTC - from mc-23->source-5 "628" 23:08:47.352101608
[2023-07-15T23:08:49Z INFO  dt_instance] received at 2023-07-15 23:08:49.857958347 UTC - from mc-23->source-5 "633" 23:08:49.856578219
[2023-07-15T23:08:52Z INFO  dt_instance] received at 2023-07-15 23:08:52.366929611 UTC - from mc-23->source-5 "638" 23:08:52.362454935
[2023-07-15T23:08:54Z INFO  dt_instance] received at 2023-07-15 23:08:54.871121702 UTC - from mc-23->source-5 "643" 23:08:54.869861503
[2023-07-15T23:08:57Z INFO  dt_instance] received at 2023-07-15 23:08:57.381786705 UTC - from mc-23->source-5 "648" 23:08:57.376115091
[2023-07-15T23:08:59Z INFO  dt_instance] received at 2023-07-15 23:08:59.882502385 UTC - from mc-23->source-5 "653" 23:08:59.881528546
[2023-07-15T23:09:02Z INFO  dt_instance] received at 2023-07-15 23:09:02.389217553 UTC - from mc-23->source-5 "658" 23:09:02.387644461
[2023-07-15T23:09:04Z INFO  dt_instance] received at 2023-07-15 23:09:04.894438736 UTC - from mc-23->source-5 "663" 23:09:04.893639991
[2023-07-15T23:09:07Z INFO  dt_instance] received at 2023-07-15 23:09:07.401272741 UTC - from mc-23->source-3 "673" 23:09:07.400307557
[2023-07-15T23:09:09Z INFO  dt_instance] received at 2023-07-15 23:09:09.907441717 UTC - from mc-23->source-1 "683" 23:09:09.906544830
[2023-07-15T23:09:12Z INFO  dt_instance] received at 2023-07-15 23:09:12.413332509 UTC - from mc-23->source-1 "688" 23:09:12.412258509
[2023-07-15T23:09:14Z INFO  dt_instance] received at 2023-07-15 23:09:14.922326669 UTC - from mc-23->source-3 "688" 23:09:14.919573086
[2023-07-15T23:09:17Z INFO  dt_instance] received at 2023-07-15 23:09:17.428783802 UTC - from mc-23->source-3 "693" 23:09:17.426371647
[2023-07-15T23:09:19Z INFO  dt_instance] received at 2023-07-15 23:09:19.932877802 UTC - from mc-23->source-3 "698" 23:09:19.931976057
[2023-07-15T23:09:22Z INFO  dt_instance] received at 2023-07-15 23:09:22.441093058 UTC - from mc-23->source-3 "703" 23:09:22.438097336
[2023-07-15T23:09:24Z INFO  dt_instance] received at 2023-07-15 23:09:24.944210109 UTC - from mc-23->source-3 "708" 23:09:24.943009011
[2023-07-15T23:09:27Z INFO  dt_instance] received at 2023-07-15 23:09:27.450668990 UTC - from mc-23->source-3 "713" 23:09:27.449631584
[2023-07-15T23:09:29Z INFO  dt_instance] received at 2023-07-15 23:09:29.958605824 UTC - from mc-23->source-3 "718" 23:09:29.955621939
[2023-07-15T23:09:32Z INFO  dt_instance] received at 2023-07-15 23:09:32.462085455 UTC - from mc-23->source-1 "728" 23:09:32.460881565
[2023-07-15T23:09:34Z INFO  dt_instance] received at 2023-07-15 23:09:34.969831651 UTC - from mc-23->source-1 "733" 23:09:34.968950976
[2023-07-15T23:09:37Z INFO  dt_instance] received at 2023-07-15 23:09:37.479607128 UTC - from mc-23->source-3 "733" 23:09:37.478492023
[2023-07-15T23:09:39Z INFO  dt_instance] received at 2023-07-15 23:09:39.984540081 UTC - from mc-23->source-3 "738" 23:09:39.983642850
[2023-07-15T23:09:42Z INFO  dt_instance] received at 2023-07-15 23:09:42.491299572 UTC - from mc-23->source-3 "743" 23:09:42.490273419
[2023-07-15T23:09:44Z INFO  dt_instance] received at 2023-07-15 23:09:44.996808548 UTC - from mc-23->source-3 "748" 23:09:44.995824518
[2023-07-15T23:09:47Z INFO  dt_instance] received at 2023-07-15 23:09:47.502398265 UTC - from mc-23->source-1 "758" 23:09:47.501372341
[2023-07-15T23:09:50Z INFO  dt_instance] received at 2023-07-15 23:09:50.007883760 UTC - from mc-23->source-3 "758" 23:09:50.006825223
[2023-07-15T23:09:52Z INFO  dt_instance] received at 2023-07-15 23:09:52.515598702 UTC - from mc-23->source-3 "763" 23:09:52.513274263
[2023-07-15T23:09:55Z INFO  dt_instance] received at 2023-07-15 23:09:55.019524041 UTC - from mc-23->source-3 "768" 23:09:55.018436664
[2023-07-15T23:09:57Z INFO  dt_instance] received at 2023-07-15 23:09:57.525497933 UTC - from mc-23->source-3 "773" 23:09:57.524366374
[2023-07-15T23:10:00Z INFO  dt_instance] received at 2023-07-15 23:10:00.030377689 UTC - from mc-23->source-3 "778" 23:10:00.029088861
[2023-07-15T23:10:02Z INFO  dt_instance] received at 2023-07-15 23:10:02.537781661 UTC - from mc-23->source-3 "783" 23:10:02.536579088
[2023-07-15T23:10:05Z INFO  dt_instance] received at 2023-07-15 23:10:05.044755940 UTC - from mc-23->source-3 "788" 23:10:05.043897947
[2023-07-15T23:10:07Z INFO  dt_instance] received at 2023-07-15 23:10:07.551448660 UTC - from mc-23->source-3 "793" 23:10:07.550526434
[2023-07-15T23:10:10Z INFO  dt_instance] received at 2023-07-15 23:10:10.057776027 UTC - from mc-23->source-3 "798" 23:10:10.056710436
[2023-07-15T23:10:12Z INFO  dt_instance] received at 2023-07-15 23:10:12.564269657 UTC - from mc-23->source-3 "803" 23:10:12.563121148
[2023-07-15T23:10:15Z INFO  dt_instance] received at 2023-07-15 23:10:15.069725990 UTC - from mc-23->source-3 "808" 23:10:15.068527242
[2023-07-15T23:10:17Z INFO  dt_instance] received at 2023-07-15 23:10:17.584178046 UTC - from mc-23->source-3 "813" 23:10:17.583372469
[2023-07-15T23:10:20Z INFO  dt_instance] received at 2023-07-15 23:10:20.090375953 UTC - from mc-23->source-3 "818" 23:10:20.089376496
[2023-07-15T23:10:22Z INFO  dt_instance] received at 2023-07-15 23:10:22.596634187 UTC - from mc-23->source-3 "823" 23:10:22.595756055
[2023-07-15T23:10:25Z INFO  dt_instance] received at 2023-07-15 23:10:25.102401624 UTC - from mc-23->source-3 "828" 23:10:25.101262204
[2023-07-15T23:10:27Z INFO  dt_instance] received at 2023-07-15 23:10:27.610630474 UTC - from mc-23->source-3 "833" 23:10:27.609527045
[2023-07-15T23:10:30Z INFO  dt_instance] received at 2023-07-15 23:10:30.115940182 UTC - from mc-23->source-3 "838" 23:10:30.115053198
[2023-07-15T23:10:32Z INFO  dt_instance] received at 2023-07-15 23:10:32.622765743 UTC - from mc-23->source-3 "843" 23:10:32.621636333
[2023-07-15T23:10:35Z INFO  dt_instance] received at 2023-07-15 23:10:35.129428624 UTC - from mc-23->source-3 "848" 23:10:35.128170532
[2023-07-15T23:10:37Z INFO  dt_instance] received at 2023-07-15 23:10:37.635099778 UTC - from mc-23->source-3 "853" 23:10:37.633962146
[2023-07-15T23:10:40Z INFO  dt_instance] received at 2023-07-15 23:10:40.143194421 UTC - from mc-23->source-3 "858" 23:10:40.142191528
[2023-07-15T23:10:42Z INFO  dt_instance] received at 2023-07-15 23:10:42.649681952 UTC - from mc-23->source-3 "863" 23:10:42.648268458
[2023-07-15T23:10:45Z INFO  dt_instance] received at 2023-07-15 23:10:45.154598662 UTC - from mc-23->source-3 "868" 23:10:45.153598316
[2023-07-15T23:10:47Z INFO  dt_instance] received at 2023-07-15 23:10:47.663437720 UTC - from mc-23->source-3 "873" 23:10:47.661903056
[2023-07-15T23:10:50Z INFO  dt_instance] received at 2023-07-15 23:10:50.168118123 UTC - from mc-23->source-3 "878" 23:10:50.166630126
[2023-07-15T23:10:52Z INFO  dt_instance] received at 2023-07-15 23:10:52.685086054 UTC - from mc-23->source-3 "883" 23:10:52.681459824
[2023-07-15T23:10:55Z INFO  dt_instance] received at 2023-07-15 23:10:55.187452697 UTC - from mc-23->source-3 "888" 23:10:55.186554544
[2023-07-15T23:10:57Z INFO  dt_instance] received at 2023-07-15 23:10:57.693003886 UTC - from mc-23->source-3 "893" 23:10:57.691955773
[2023-07-15T23:11:00Z INFO  dt_instance] received at 2023-07-15 23:11:00.197885768 UTC - from mc-23->source-3 "898" 23:11:00.196907922
[2023-07-15T23:11:02Z INFO  dt_instance] received at 2023-07-15 23:11:02.703868597 UTC - from mc-23->source-3 "903" 23:11:02.702977342
[2023-07-15T23:11:05Z INFO  dt_instance] received at 2023-07-15 23:11:05.211960137 UTC - from mc-23->source-3 "908" 23:11:05.209253547
[2023-07-15T23:11:07Z INFO  dt_instance] received at 2023-07-15 23:11:07.715686339 UTC - from mc-23->source-3 "913" 23:11:07.714571482
[2023-07-15T23:11:10Z INFO  dt_instance] received at 2023-07-15 23:11:10.221405766 UTC - from mc-23->source-3 "918" 23:11:10.220447519
[2023-07-15T23:11:12Z INFO  dt_instance] received at 2023-07-15 23:11:12.734888692 UTC - from mc-23->source-3 "923" 23:11:12.728763403
[2023-07-15T23:11:15Z INFO  dt_instance] received at 2023-07-15 23:11:15.234749734 UTC - from mc-23->source-3 "928" 23:11:15.233752662
[2023-07-15T23:11:17Z INFO  dt_instance] received at 2023-07-15 23:11:17.740044766 UTC - from mc-23->source-3 "933" 23:11:17.738628768
[2023-07-15T23:11:20Z INFO  dt_instance] received at 2023-07-15 23:11:20.244311461 UTC - from mc-23->source-3 "938" 23:11:20.243501316
[2023-07-15T23:11:22Z INFO  dt_instance] received at 2023-07-15 23:11:22.751013594 UTC - from mc-23->source-3 "943" 23:11:22.750141672
[2023-07-15T23:11:25Z INFO  dt_instance] received at 2023-07-15 23:11:25.256679464 UTC - from mc-23->source-3 "948" 23:11:25.255177729
[2023-07-15T23:11:27Z INFO  dt_instance] received at 2023-07-15 23:11:27.760743563 UTC - from mc-23->source-3 "953" 23:11:27.759769439
[2023-07-15T23:11:30Z INFO  dt_instance] received at 2023-07-15 23:11:30.266177575 UTC - from mc-23->source-3 "958" 23:11:30.265132300
[2023-07-15T23:11:32Z INFO  dt_instance] received at 2023-07-15 23:11:32.771208016 UTC - from mc-23->source-3 "963" 23:11:32.770271264
[2023-07-15T23:11:35Z INFO  dt_instance] received at 2023-07-15 23:11:35.276736574 UTC - from mc-23->source-3 "968" 23:11:35.275775354
[2023-07-15T23:11:37Z INFO  dt_instance] received at 2023-07-15 23:11:37.784228568 UTC - from mc-23->source-3 "973" 23:11:37.782892875
[2023-07-15T23:11:40Z INFO  dt_instance] received at 2023-07-15 23:11:40.290085376 UTC - from mc-23->source-3 "978" 23:11:40.289073938
[2023-07-15T23:11:42Z INFO  dt_instance] received at 2023-07-15 23:11:42.799431536 UTC - from mc-23->source-3 "983" 23:11:42.794049282
[2023-07-15T23:11:45Z INFO  dt_instance] received at 2023-07-15 23:11:45.301263472 UTC - from mc-23->source-3 "988" 23:11:45.300204716
[2023-07-15T23:11:47Z INFO  dt_instance] received at 2023-07-15 23:11:47.939732082 UTC - from mc-23->source-4 "991" 23:11:47.938810053
[2023-07-15T23:11:51Z INFO  dt_instance] received at 2023-07-15 23:11:51.244213347 UTC - from mc-23->source-7 "990" 23:11:51.242985210
[2023-07-15T23:11:58Z INFO  dt_instance] received at 2023-07-15 23:11:58.262643339 UTC - from mc-23->source-9 "999" 23:11:58.261600111
