[2023-07-15T22:41:32Z INFO  dt_instance] Current Twin: mc-twin-2
[2023-07-15T22:41:32Z INFO  dt_instance] Replica Name twin-mc-stateful-2
[2023-07-15T22:41:32Z INFO  dt_instance] Sleeping for 100
[2023-07-15T22:43:12Z INFO  dt_instance] Connecting to broker at emqx.dtwins:1883
[2023-07-15T22:43:12Z INFO  dt_instance] Loggin info each 50 messages
[2023-07-15T22:43:12Z INFO  dt_instance] Set max packet size to 60000 KB.
[2023-07-15T22:43:12Z INFO  dt_instance] Refreshing topics for twin - Listen to mc-2/#
[2023-07-15T22:43:12Z INFO  dt_instance] SubAck { pkid: 1, return_codes: [Success(ExactlyOnce)] }
[2023-07-15T22:44:24Z INFO  dt_instance] received at 2023-07-15 22:44:24.204663082 UTC - from mc-2->source-2 "9" 22:44:24.203523870
[2023-07-15T22:44:27Z INFO  dt_instance] received at 2023-07-15 22:44:27.460624015 UTC - from mc-2->source-3 "13" 22:44:27.459696803
[2023-07-15T22:44:29Z INFO  dt_instance] received at 2023-07-15 22:44:29.968897083 UTC - from mc-2->source-1 "23" 22:44:29.967437061
[2023-07-15T22:44:32Z INFO  dt_instance] received at 2023-07-15 22:44:32.475727006 UTC - from mc-2->source-1 "28" 22:44:32.474525576
[2023-07-15T22:44:34Z INFO  dt_instance] received at 2023-07-15 22:44:34.980647096 UTC - from mc-2->source-1 "33" 22:44:34.978997578
[2023-07-15T22:44:37Z INFO  dt_instance] received at 2023-07-15 22:44:37.486887879 UTC - from mc-2->source-1 "38" 22:44:37.484281249
[2023-07-15T22:44:39Z INFO  dt_instance] received at 2023-07-15 22:44:39.990259979 UTC - from mc-2->source-1 "43" 22:44:39.989006663
[2023-07-15T22:44:42Z INFO  dt_instance] received at 2023-07-15 22:44:42.496569400 UTC - from mc-2->source-1 "48" 22:44:42.495572359
[2023-07-15T22:44:45Z INFO  dt_instance] received at 2023-07-15 22:44:45.001239645 UTC - from mc-2->source-1 "53" 22:44:45.000417623
[2023-07-15T22:44:47Z INFO  dt_instance] received at 2023-07-15 22:44:47.509029719 UTC - from mc-2->source-1 "58" 22:44:47.508175592
[2023-07-15T22:44:50Z INFO  dt_instance] received at 2023-07-15 22:44:50.014561389 UTC - from mc-2->source-1 "63" 22:44:50.013519997
[2023-07-15T22:44:52Z INFO  dt_instance] received at 2023-07-15 22:44:52.526990523 UTC - from mc-2->source-1 "68" 22:44:52.521687310
[2023-07-15T22:44:55Z INFO  dt_instance] received at 2023-07-15 22:44:55.029397278 UTC - from mc-2->source-1 "73" 22:44:55.028639321
[2023-07-15T22:44:57Z INFO  dt_instance] received at 2023-07-15 22:44:57.538422181 UTC - from mc-2->source-1 "78" 22:44:57.535259290
[2023-07-15T22:45:00Z INFO  dt_instance] received at 2023-07-15 22:45:00.042498850 UTC - from mc-2->source-1 "83" 22:45:00.041816098
[2023-07-15T22:45:02Z INFO  dt_instance] received at 2023-07-15 22:45:02.547376899 UTC - from mc-2->source-1 "88" 22:45:02.546212180
[2023-07-15T22:45:05Z INFO  dt_instance] received at 2023-07-15 22:45:05.055882090 UTC - from mc-2->source-1 "93" 22:45:05.051978608
[2023-07-15T22:45:07Z INFO  dt_instance] received at 2023-07-15 22:45:07.559213066 UTC - from mc-2->source-1 "98" 22:45:07.558299627
[2023-07-15T22:45:10Z INFO  dt_instance] received at 2023-07-15 22:45:10.065875806 UTC - from mc-2->source-1 "103" 22:45:10.064790652
[2023-07-15T22:45:12Z INFO  dt_instance] received at 2023-07-15 22:45:12.570631886 UTC - from mc-2->source-1 "108" 22:45:12.569745936
[2023-07-15T22:45:15Z INFO  dt_instance] received at 2023-07-15 22:45:15.077696402 UTC - from mc-2->source-1 "113" 22:45:15.076601441
[2023-07-15T22:45:17Z INFO  dt_instance] received at 2023-07-15 22:45:17.585995251 UTC - from mc-2->source-1 "118" 22:45:17.583602564
[2023-07-15T22:45:20Z INFO  dt_instance] received at 2023-07-15 22:45:20.090495211 UTC - from mc-2->source-1 "123" 22:45:20.089481278
[2023-07-15T22:45:22Z INFO  dt_instance] received at 2023-07-15 22:45:22.597157758 UTC - from mc-2->source-1 "128" 22:45:22.596020788
[2023-07-15T22:45:25Z INFO  dt_instance] received at 2023-07-15 22:45:25.102587277 UTC - from mc-2->source-1 "133" 22:45:25.101728910
[2023-07-15T22:45:27Z INFO  dt_instance] received at 2023-07-15 22:45:27.608303027 UTC - from mc-2->source-1 "138" 22:45:27.607114629
[2023-07-15T22:45:30Z INFO  dt_instance] received at 2023-07-15 22:45:30.114229306 UTC - from mc-2->source-1 "143" 22:45:30.112948059
[2023-07-15T22:45:32Z INFO  dt_instance] received at 2023-07-15 22:45:32.625740058 UTC - from mc-2->source-1 "148" 22:45:32.624735005
[2023-07-15T22:45:35Z INFO  dt_instance] received at 2023-07-15 22:45:35.130741595 UTC - from mc-2->source-1 "153" 22:45:35.129542619
[2023-07-15T22:45:37Z INFO  dt_instance] received at 2023-07-15 22:45:37.635842112 UTC - from mc-2->source-1 "158" 22:45:37.634645121
[2023-07-15T22:45:40Z INFO  dt_instance] received at 2023-07-15 22:45:40.143539409 UTC - from mc-2->source-1 "163" 22:45:40.140082418
[2023-07-15T22:45:42Z INFO  dt_instance] received at 2023-07-15 22:45:42.656073558 UTC - from mc-2->source-7 "153" 22:45:42.649550635
[2023-07-15T22:45:45Z INFO  dt_instance] received at 2023-07-15 22:45:45.158245839 UTC - from mc-2->source-3 "168" 22:45:45.156951261
[2023-07-15T22:45:47Z INFO  dt_instance] received at 2023-07-15 22:45:47.665269587 UTC - from mc-2->source-1 "178" 22:45:47.663638938
[2023-07-15T22:45:50Z INFO  dt_instance] received at 2023-07-15 22:45:50.169299342 UTC - from mc-2->source-7 "168" 22:45:50.167966990
[2023-07-15T22:45:52Z INFO  dt_instance] received at 2023-07-15 22:45:52.676623402 UTC - from mc-2->source-5 "178" 22:45:52.674917908
[2023-07-15T22:45:55Z INFO  dt_instance] received at 2023-07-15 22:45:55.183116467 UTC - from mc-2->source-3 "188" 22:45:55.182218207
[2023-07-15T22:45:57Z INFO  dt_instance] received at 2023-07-15 22:45:57.693701690 UTC - from mc-2->source-5 "188" 22:45:57.692670545
[2023-07-15T22:46:00Z INFO  dt_instance] received at 2023-07-15 22:46:00.201498094 UTC - from mc-2->source-5 "193" 22:46:00.201022925
[2023-07-15T22:46:02Z INFO  dt_instance] received at 2023-07-15 22:46:02.709287433 UTC - from mc-2->source-5 "198" 22:46:02.706638064
[2023-07-15T22:46:05Z INFO  dt_instance] received at 2023-07-15 22:46:05.213459688 UTC - from mc-2->source-5 "203" 22:46:05.212428344
[2023-07-15T22:46:07Z INFO  dt_instance] received at 2023-07-15 22:46:07.721144887 UTC - from mc-2->source-1 "218" 22:46:07.718378866
[2023-07-15T22:46:10Z INFO  dt_instance] received at 2023-07-15 22:46:10.224260943 UTC - from mc-2->source-5 "213" 22:46:10.223205023
[2023-07-15T22:46:12Z INFO  dt_instance] received at 2023-07-15 22:46:12.731106511 UTC - from mc-2->source-5 "218" 22:46:12.730257648
[2023-07-15T22:46:15Z INFO  dt_instance] received at 2023-07-15 22:46:15.237059047 UTC - from mc-2->source-1 "233" 22:46:15.235603935
[2023-07-15T22:46:17Z INFO  dt_instance] received at 2023-07-15 22:46:17.743943017 UTC - from mc-2->source-3 "233" 22:46:17.740081421
[2023-07-15T22:46:20Z INFO  dt_instance] received at 2023-07-15 22:46:20.249701507 UTC - from mc-2->source-3 "238" 22:46:20.248952208
[2023-07-15T22:46:22Z INFO  dt_instance] received at 2023-07-15 22:46:22.757349177 UTC - from mc-2->source-3 "243" 22:46:22.756500119
[2023-07-15T22:46:25Z INFO  dt_instance] received at 2023-07-15 22:46:25.263071071 UTC - from mc-2->source-3 "248" 22:46:25.262151716
[2023-07-15T22:46:27Z INFO  dt_instance] received at 2023-07-15 22:46:27.769279094 UTC - from mc-2->source-3 "253" 22:46:27.768509714
[2023-07-15T22:46:30Z INFO  dt_instance] received at 2023-07-15 22:46:30.276004594 UTC - from mc-2->source-3 "258" 22:46:30.274914379
[2023-07-15T22:46:32Z INFO  dt_instance] received at 2023-07-15 22:46:32.782221873 UTC - from mc-2->source-3 "263" 22:46:32.781450403
[2023-07-15T22:46:35Z INFO  dt_instance] received at 2023-07-15 22:46:35.287209977 UTC - from mc-2->source-3 "268" 22:46:35.286027112
[2023-07-15T22:46:37Z INFO  dt_instance] received at 2023-07-15 22:46:37.792873644 UTC - from mc-2->source-3 "273" 22:46:37.791766018
[2023-07-15T22:46:40Z INFO  dt_instance] received at 2023-07-15 22:46:40.298630185 UTC - from mc-2->source-7 "268" 22:46:40.297082292
[2023-07-15T22:46:42Z INFO  dt_instance] received at 2023-07-15 22:46:42.804339882 UTC - from mc-2->source-1 "288" 22:46:42.803465015
[2023-07-15T22:46:45Z INFO  dt_instance] received at 2023-07-15 22:46:45.315840515 UTC - from mc-2->source-1 "293" 22:46:45.314810118
[2023-07-15T22:46:47Z INFO  dt_instance] received at 2023-07-15 22:46:47.822029024 UTC - from mc-2->source-1 "298" 22:46:47.820956794
[2023-07-15T22:46:50Z INFO  dt_instance] received at 2023-07-15 22:46:50.328982357 UTC - from mc-2->source-1 "303" 22:46:50.327900269
[2023-07-15T22:46:52Z INFO  dt_instance] received at 2023-07-15 22:46:52.834510321 UTC - from mc-2->source-1 "308" 22:46:52.833495055
[2023-07-15T22:46:55Z INFO  dt_instance] received at 2023-07-15 22:46:55.341019021 UTC - from mc-2->source-1 "313" 22:46:55.339921662
[2023-07-15T22:46:57Z INFO  dt_instance] received at 2023-07-15 22:46:57.848972863 UTC - from mc-2->source-1 "318" 22:46:57.847907704
[2023-07-15T22:47:00Z INFO  dt_instance] received at 2023-07-15 22:47:00.354214632 UTC - from mc-2->source-1 "323" 22:47:00.353176874
[2023-07-15T22:47:02Z INFO  dt_instance] received at 2023-07-15 22:47:02.869208772 UTC - from mc-2->source-1 "328" 22:47:02.858949029
[2023-07-15T22:47:05Z INFO  dt_instance] received at 2023-07-15 22:47:05.364729279 UTC - from mc-2->source-1 "333" 22:47:05.364159166
[2023-07-15T22:47:07Z INFO  dt_instance] received at 2023-07-15 22:47:07.870597256 UTC - from mc-2->source-1 "338" 22:47:07.869444426
[2023-07-15T22:47:10Z INFO  dt_instance] received at 2023-07-15 22:47:10.381345376 UTC - from mc-2->source-3 "338" 22:47:10.379936379
[2023-07-15T22:47:12Z INFO  dt_instance] received at 2023-07-15 22:47:12.888298247 UTC - from mc-2->source-1 "348" 22:47:12.887106464
[2023-07-15T22:47:15Z INFO  dt_instance] received at 2023-07-15 22:47:15.393491387 UTC - from mc-2->source-1 "353" 22:47:15.392275497
[2023-07-15T22:47:17Z INFO  dt_instance] received at 2023-07-15 22:47:17.902089434 UTC - from mc-2->source-1 "358" 22:47:17.900166575
[2023-07-15T22:47:20Z INFO  dt_instance] received at 2023-07-15 22:47:20.408624811 UTC - from mc-2->source-1 "363" 22:47:20.406971415
[2023-07-15T22:47:22Z INFO  dt_instance] received at 2023-07-15 22:47:22.921862996 UTC - from mc-2->source-1 "368" 22:47:22.920664262
[2023-07-15T22:47:25Z INFO  dt_instance] received at 2023-07-15 22:47:25.426565189 UTC - from mc-2->source-1 "373" 22:47:25.425070460
[2023-07-15T22:47:27Z INFO  dt_instance] received at 2023-07-15 22:47:27.933473199 UTC - from mc-2->source-1 "378" 22:47:27.930832349
[2023-07-15T22:47:30Z INFO  dt_instance] received at 2023-07-15 22:47:30.437342577 UTC - from mc-2->source-1 "383" 22:47:30.436562382
[2023-07-15T22:47:32Z INFO  dt_instance] received at 2023-07-15 22:47:32.943438080 UTC - from mc-2->source-1 "388" 22:47:32.942351875
[2023-07-15T22:47:35Z INFO  dt_instance] received at 2023-07-15 22:47:35.451360403 UTC - from mc-2->source-1 "393" 22:47:35.449003460
[2023-07-15T22:47:37Z INFO  dt_instance] received at 2023-07-15 22:47:37.955720098 UTC - from mc-2->source-1 "398" 22:47:37.954334273
[2023-07-15T22:47:40Z INFO  dt_instance] received at 2023-07-15 22:47:40.460752661 UTC - from mc-2->source-1 "403" 22:47:40.459009908
[2023-07-15T22:47:42Z INFO  dt_instance] received at 2023-07-15 22:47:42.972638320 UTC - from mc-2->source-1 "408" 22:47:42.971690878
[2023-07-15T22:47:45Z INFO  dt_instance] received at 2023-07-15 22:47:45.477908187 UTC - from mc-2->source-1 "413" 22:47:45.476784299
[2023-07-15T22:47:47Z INFO  dt_instance] received at 2023-07-15 22:47:47.982453436 UTC - from mc-2->source-7 "403" 22:47:47.981117858
[2023-07-15T22:47:50Z INFO  dt_instance] received at 2023-07-15 22:47:50.489844698 UTC - from mc-2->source-7 "408" 22:47:50.488877860
[2023-07-15T22:47:52Z INFO  dt_instance] received at 2023-07-15 22:47:52.998244366 UTC - from mc-2->source-7 "413" 22:47:52.997199020
[2023-07-15T22:47:55Z INFO  dt_instance] received at 2023-07-15 22:47:55.504494241 UTC - from mc-2->source-7 "418" 22:47:55.503423589
[2023-07-15T22:47:58Z INFO  dt_instance] received at 2023-07-15 22:47:58.010724784 UTC - from mc-2->source-7 "423" 22:47:58.009874686
[2023-07-15T22:48:00Z INFO  dt_instance] received at 2023-07-15 22:48:00.516678288 UTC - from mc-2->source-7 "428" 22:48:00.515631781
[2023-07-15T22:48:03Z INFO  dt_instance] received at 2023-07-15 22:48:03.021203737 UTC - from mc-2->source-7 "433" 22:48:03.020147165
[2023-07-15T22:48:05Z INFO  dt_instance] received at 2023-07-15 22:48:05.528578916 UTC - from mc-2->source-7 "438" 22:48:05.527032942
[2023-07-15T22:48:08Z INFO  dt_instance] received at 2023-07-15 22:48:08.033121070 UTC - from mc-2->source-7 "443" 22:48:08.032202973
[2023-07-15T22:48:10Z INFO  dt_instance] received at 2023-07-15 22:48:10.541999398 UTC - from mc-2->source-7 "448" 22:48:10.538928325
[2023-07-15T22:48:13Z INFO  dt_instance] received at 2023-07-15 22:48:13.049428298 UTC - from mc-2->source-7 "453" 22:48:13.047409317
[2023-07-15T22:48:15Z INFO  dt_instance] received at 2023-07-15 22:48:15.555162215 UTC - from mc-2->source-7 "458" 22:48:15.553780104
[2023-07-15T22:48:18Z INFO  dt_instance] received at 2023-07-15 22:48:18.061371308 UTC - from mc-2->source-1 "478" 22:48:18.059771168
[2023-07-15T22:48:20Z INFO  dt_instance] received at 2023-07-15 22:48:20.568877227 UTC - from mc-2->source-1 "483" 22:48:20.567029867
[2023-07-15T22:48:23Z INFO  dt_instance] received at 2023-07-15 22:48:23.074873564 UTC - from mc-2->source-7 "473" 22:48:23.073642424
[2023-07-15T22:48:25Z INFO  dt_instance] received at 2023-07-15 22:48:25.580854628 UTC - from mc-2->source-7 "478" 22:48:25.579494440
[2023-07-15T22:48:28Z INFO  dt_instance] received at 2023-07-15 22:48:28.086445704 UTC - from mc-2->source-7 "483" 22:48:28.085042301
[2023-07-15T22:48:30Z INFO  dt_instance] received at 2023-07-15 22:48:30.592863954 UTC - from mc-2->source-7 "488" 22:48:30.592158371
[2023-07-15T22:48:33Z INFO  dt_instance] received at 2023-07-15 22:48:33.111227528 UTC - from mc-2->source-7 "493" 22:48:33.097858066
[2023-07-15T22:48:35Z INFO  dt_instance] received at 2023-07-15 22:48:35.603941388 UTC - from mc-2->source-7 "498" 22:48:35.602684882
[2023-07-15T22:48:38Z INFO  dt_instance] received at 2023-07-15 22:48:38.110386982 UTC - from mc-2->source-7 "503" 22:48:38.108875355
[2023-07-15T22:48:40Z INFO  dt_instance] received at 2023-07-15 22:48:40.617837216 UTC - from mc-2->source-1 "523" 22:48:40.616052651
[2023-07-15T22:48:43Z INFO  dt_instance] received at 2023-07-15 22:48:43.124017529 UTC - from mc-2->source-7 "513" 22:48:43.122022886
[2023-07-15T22:48:45Z INFO  dt_instance] received at 2023-07-15 22:48:45.631118951 UTC - from mc-2->source-7 "518" 22:48:45.629515252
[2023-07-15T22:48:48Z INFO  dt_instance] received at 2023-07-15 22:48:48.135587590 UTC - from mc-2->source-7 "523" 22:48:48.133990895
[2023-07-15T22:48:50Z INFO  dt_instance] received at 2023-07-15 22:48:50.640761906 UTC - from mc-2->source-7 "528" 22:48:50.639767032
[2023-07-15T22:48:53Z INFO  dt_instance] received at 2023-07-15 22:48:53.146541774 UTC - from mc-2->source-1 "548" 22:48:53.145773768
[2023-07-15T22:48:55Z INFO  dt_instance] received at 2023-07-15 22:48:55.653419234 UTC - from mc-2->source-1 "553" 22:48:55.652202841
[2023-07-15T22:48:58Z INFO  dt_instance] received at 2023-07-15 22:48:58.165819439 UTC - from mc-2->source-1 "558" 22:48:58.159300967
[2023-07-15T22:49:00Z INFO  dt_instance] received at 2023-07-15 22:49:00.666996251 UTC - from mc-2->source-1 "563" 22:49:00.665670099
[2023-07-15T22:49:03Z INFO  dt_instance] received at 2023-07-15 22:49:03.174040198 UTC - from mc-2->source-7 "553" 22:49:03.172392084
[2023-07-15T22:49:05Z INFO  dt_instance] received at 2023-07-15 22:49:05.681204377 UTC - from mc-2->source-7 "558" 22:49:05.679409539
[2023-07-15T22:49:08Z INFO  dt_instance] received at 2023-07-15 22:49:08.186457229 UTC - from mc-2->source-1 "578" 22:49:08.185202775
[2023-07-15T22:49:10Z INFO  dt_instance] received at 2023-07-15 22:49:10.692125733 UTC - from mc-2->source-7 "568" 22:49:10.691168882
[2023-07-15T22:49:13Z INFO  dt_instance] received at 2023-07-15 22:49:13.210719193 UTC - from mc-2->source-1 "588" 22:49:13.203982884
[2023-07-15T22:49:15Z INFO  dt_instance] received at 2023-07-15 22:49:15.743880639 UTC - from mc-2->source-1 "593" 22:49:15.736069417
[2023-07-15T22:49:18Z INFO  dt_instance] received at 2023-07-15 22:49:18.251842017 UTC - from mc-2->source-7 "583" 22:49:18.251006463
[2023-07-15T22:49:20Z INFO  dt_instance] received at 2023-07-15 22:49:20.759393822 UTC - from mc-2->source-1 "603" 22:49:20.758281416
[2023-07-15T22:49:23Z INFO  dt_instance] received at 2023-07-15 22:49:23.267921536 UTC - from mc-2->source-7 "593" 22:49:23.265435429
[2023-07-15T22:49:25Z INFO  dt_instance] received at 2023-07-15 22:49:25.773707803 UTC - from mc-2->source-7 "598" 22:49:25.772818657
[2023-07-15T22:49:28Z INFO  dt_instance] received at 2023-07-15 22:49:28.280082492 UTC - from mc-2->source-7 "603" 22:49:28.278697878
[2023-07-15T22:49:30Z INFO  dt_instance] received at 2023-07-15 22:49:30.785179877 UTC - from mc-2->source-1 "623" 22:49:30.784017043
[2023-07-15T22:49:33Z INFO  dt_instance] received at 2023-07-15 22:49:33.293714020 UTC - from mc-2->source-1 "628" 22:49:33.291044492
[2023-07-15T22:49:35Z INFO  dt_instance] received at 2023-07-15 22:49:35.801712671 UTC - from mc-2->source-1 "633" 22:49:35.799216962
[2023-07-15T22:49:38Z INFO  dt_instance] received at 2023-07-15 22:49:38.305753418 UTC - from mc-2->source-1 "638" 22:49:38.304370976
[2023-07-15T22:49:40Z INFO  dt_instance] received at 2023-07-15 22:49:40.812000321 UTC - from mc-2->source-1 "643" 22:49:40.810962507
[2023-07-15T22:49:43Z INFO  dt_instance] received at 2023-07-15 22:49:43.318664214 UTC - from mc-2->source-1 "648" 22:49:43.316646303
[2023-07-15T22:49:45Z INFO  dt_instance] received at 2023-07-15 22:49:45.824139380 UTC - from mc-2->source-1 "653" 22:49:45.822388004
[2023-07-15T22:49:48Z INFO  dt_instance] received at 2023-07-15 22:49:48.330930954 UTC - from mc-2->source-1 "658" 22:49:48.329830410
[2023-07-15T22:49:50Z INFO  dt_instance] received at 2023-07-15 22:49:50.837131754 UTC - from mc-2->source-1 "663" 22:49:50.835425930
[2023-07-15T22:49:53Z INFO  dt_instance] received at 2023-07-15 22:49:53.342620511 UTC - from mc-2->source-1 "668" 22:49:53.341696826
[2023-07-15T22:49:55Z INFO  dt_instance] received at 2023-07-15 22:49:55.851900045 UTC - from mc-2->source-1 "673" 22:49:55.850009434
[2023-07-15T22:49:58Z INFO  dt_instance] received at 2023-07-15 22:49:58.356753281 UTC - from mc-2->source-1 "678" 22:49:58.355000896
[2023-07-15T22:50:00Z INFO  dt_instance] received at 2023-07-15 22:50:00.861058256 UTC - from mc-2->source-1 "683" 22:50:00.860176869
[2023-07-15T22:50:03Z INFO  dt_instance] received at 2023-07-15 22:50:03.367827793 UTC - from mc-2->source-1 "688" 22:50:03.366232278
[2023-07-15T22:50:05Z INFO  dt_instance] received at 2023-07-15 22:50:05.880536602 UTC - from mc-2->source-1 "693" 22:50:05.874002387
[2023-07-15T22:50:08Z INFO  dt_instance] received at 2023-07-15 22:50:08.388157531 UTC - from mc-2->source-1 "698" 22:50:08.386602647
[2023-07-15T22:50:10Z INFO  dt_instance] received at 2023-07-15 22:50:10.893172032 UTC - from mc-2->source-1 "703" 22:50:10.891281372
[2023-07-15T22:50:13Z INFO  dt_instance] received at 2023-07-15 22:50:13.398849434 UTC - from mc-2->source-1 "708" 22:50:13.397367609
[2023-07-15T22:50:15Z INFO  dt_instance] received at 2023-07-15 22:50:15.916060648 UTC - from mc-2->source-1 "713" 22:50:15.909040675
[2023-07-15T22:50:18Z INFO  dt_instance] received at 2023-07-15 22:50:18.416296821 UTC - from mc-2->source-1 "718" 22:50:18.415183729
[2023-07-15T22:50:20Z INFO  dt_instance] received at 2023-07-15 22:50:20.922695583 UTC - from mc-2->source-1 "723" 22:50:20.921022445
[2023-07-15T22:50:23Z INFO  dt_instance] received at 2023-07-15 22:50:23.428066674 UTC - from mc-2->source-1 "728" 22:50:23.426541414
[2023-07-15T22:50:25Z INFO  dt_instance] received at 2023-07-15 22:50:25.935621680 UTC - from mc-2->source-1 "733" 22:50:25.932686182
[2023-07-15T22:50:28Z INFO  dt_instance] received at 2023-07-15 22:50:28.439291405 UTC - from mc-2->source-1 "738" 22:50:28.438244761
[2023-07-15T22:50:30Z INFO  dt_instance] received at 2023-07-15 22:50:30.945153852 UTC - from mc-2->source-1 "743" 22:50:30.944097795
[2023-07-15T22:50:33Z INFO  dt_instance] received at 2023-07-15 22:50:33.451301134 UTC - from mc-2->source-1 "748" 22:50:33.449339323
[2023-07-15T22:50:35Z INFO  dt_instance] received at 2023-07-15 22:50:35.956524491 UTC - from mc-2->source-1 "753" 22:50:35.955743079
[2023-07-15T22:50:38Z INFO  dt_instance] received at 2023-07-15 22:50:38.463632618 UTC - from mc-2->source-1 "758" 22:50:38.461981752
[2023-07-15T22:50:40Z INFO  dt_instance] received at 2023-07-15 22:50:40.986297962 UTC - from mc-2->source-1 "763" 22:50:40.970142944
[2023-07-15T22:50:43Z INFO  dt_instance] received at 2023-07-15 22:50:43.477950426 UTC - from mc-2->source-1 "768" 22:50:43.475606082
[2023-07-15T22:50:46Z INFO  dt_instance] received at 2023-07-15 22:50:46.000557215 UTC - from mc-2->source-1 "773" 22:50:45.998915984
[2023-07-15T22:50:48Z INFO  dt_instance] received at 2023-07-15 22:50:48.517530160 UTC - from mc-2->source-1 "778" 22:50:48.508851055
[2023-07-15T22:50:51Z INFO  dt_instance] received at 2023-07-15 22:50:51.014584057 UTC - from mc-2->source-1 "783" 22:50:51.013484862
[2023-07-15T22:50:53Z INFO  dt_instance] received at 2023-07-15 22:50:53.519892184 UTC - from mc-2->source-1 "788" 22:50:53.518745833
[2023-07-15T22:50:56Z INFO  dt_instance] received at 2023-07-15 22:50:56.034258761 UTC - from mc-2->source-1 "793" 22:50:56.024740750
[2023-07-15T22:50:58Z INFO  dt_instance] received at 2023-07-15 22:50:58.532243085 UTC - from mc-2->source-1 "798" 22:50:58.529706422
[2023-07-15T22:51:01Z INFO  dt_instance] received at 2023-07-15 22:51:01.036711590 UTC - from mc-2->source-1 "803" 22:51:01.035266156
[2023-07-15T22:51:03Z INFO  dt_instance] received at 2023-07-15 22:51:03.547241283 UTC - from mc-2->source-1 "808" 22:51:03.540110335
[2023-07-15T22:51:06Z INFO  dt_instance] received at 2023-07-15 22:51:06.054571183 UTC - from mc-2->source-1 "813" 22:51:06.046722789
[2023-07-15T22:51:08Z INFO  dt_instance] received at 2023-07-15 22:51:08.552790382 UTC - from mc-2->source-1 "818" 22:51:08.551412115
[2023-07-15T22:51:11Z INFO  dt_instance] received at 2023-07-15 22:51:11.058065643 UTC - from mc-2->source-1 "823" 22:51:11.057198002
[2023-07-15T22:51:13Z INFO  dt_instance] received at 2023-07-15 22:51:13.565999595 UTC - from mc-2->source-1 "828" 22:51:13.563563903
[2023-07-15T22:51:16Z INFO  dt_instance] received at 2023-07-15 22:51:16.077780725 UTC - from mc-2->source-1 "833" 22:51:16.071419181
[2023-07-15T22:51:18Z INFO  dt_instance] received at 2023-07-15 22:51:18.589770797 UTC - from mc-2->source-1 "838" 22:51:18.588460632
[2023-07-15T22:51:21Z INFO  dt_instance] received at 2023-07-15 22:51:21.095650288 UTC - from mc-2->source-1 "843" 22:51:21.094747720
[2023-07-15T22:51:23Z INFO  dt_instance] received at 2023-07-15 22:51:23.600155467 UTC - from mc-2->source-1 "848" 22:51:23.599031401
[2023-07-15T22:51:26Z INFO  dt_instance] received at 2023-07-15 22:51:26.115407502 UTC - from mc-2->source-1 "853" 22:51:26.114112490
[2023-07-15T22:51:28Z INFO  dt_instance] received at 2023-07-15 22:51:28.638240608 UTC - from mc-2->source-1 "858" 22:51:28.619753301
[2023-07-15T22:51:31Z INFO  dt_instance] received at 2023-07-15 22:51:31.127720161 UTC - from mc-2->source-1 "863" 22:51:31.124989567
[2023-07-15T22:51:33Z INFO  dt_instance] received at 2023-07-15 22:51:33.632659847 UTC - from mc-2->source-1 "868" 22:51:33.630095905
[2023-07-15T22:51:36Z INFO  dt_instance] received at 2023-07-15 22:51:36.139606273 UTC - from mc-2->source-1 "873" 22:51:36.138343013
[2023-07-15T22:51:38Z INFO  dt_instance] received at 2023-07-15 22:51:38.646771437 UTC - from mc-2->source-1 "878" 22:51:38.644628034
[2023-07-15T22:51:41Z INFO  dt_instance] received at 2023-07-15 22:51:41.153603273 UTC - from mc-2->source-1 "883" 22:51:41.150788700
[2023-07-15T22:51:43Z INFO  dt_instance] received at 2023-07-15 22:51:43.656649121 UTC - from mc-2->source-1 "888" 22:51:43.655448892
[2023-07-15T22:51:46Z INFO  dt_instance] received at 2023-07-15 22:51:46.165152246 UTC - from mc-2->source-1 "893" 22:51:46.161902602
[2023-07-15T22:51:48Z INFO  dt_instance] received at 2023-07-15 22:51:48.671709091 UTC - from mc-2->source-1 "898" 22:51:48.668069254
[2023-07-15T22:51:51Z INFO  dt_instance] received at 2023-07-15 22:51:51.176073106 UTC - from mc-2->source-1 "903" 22:51:51.174670803
[2023-07-15T22:51:53Z INFO  dt_instance] received at 2023-07-15 22:51:53.705662214 UTC - from mc-2->source-1 "908" 22:51:53.690161546
[2023-07-15T22:51:56Z INFO  dt_instance] received at 2023-07-15 22:51:56.206210517 UTC - from mc-2->source-1 "913" 22:51:56.196675926
[2023-07-15T22:51:58Z INFO  dt_instance] received at 2023-07-15 22:51:58.713482582 UTC - from mc-2->source-1 "918" 22:51:58.702037873
[2023-07-15T22:52:01Z INFO  dt_instance] received at 2023-07-15 22:52:01.209453345 UTC - from mc-2->source-1 "923" 22:52:01.207538788
[2023-07-15T22:52:03Z INFO  dt_instance] received at 2023-07-15 22:52:03.723395150 UTC - from mc-2->source-1 "928" 22:52:03.712711615
[2023-07-15T22:52:06Z INFO  dt_instance] received at 2023-07-15 22:52:06.226697076 UTC - from mc-2->source-1 "933" 22:52:06.219206612
[2023-07-15T22:52:08Z INFO  dt_instance] received at 2023-07-15 22:52:08.787754536 UTC - from mc-2->source-1 "938" 22:52:08.725230790
[2023-07-15T22:52:11Z INFO  dt_instance] received at 2023-07-15 22:52:11.234323445 UTC - from mc-2->source-1 "943" 22:52:11.232818248
[2023-07-15T22:52:13Z INFO  dt_instance] received at 2023-07-15 22:52:13.767578223 UTC - from mc-2->source-1 "948" 22:52:13.739014866
[2023-07-15T22:52:16Z INFO  dt_instance] received at 2023-07-15 22:52:16.249846382 UTC - from mc-2->source-1 "953" 22:52:16.244288951
[2023-07-15T22:52:18Z INFO  dt_instance] received at 2023-07-15 22:52:18.764560160 UTC - from mc-2->source-1 "958" 22:52:18.749648113
[2023-07-15T22:52:21Z INFO  dt_instance] received at 2023-07-15 22:52:21.259966820 UTC - from mc-2->source-1 "963" 22:52:21.257021184
[2023-07-15T22:52:23Z INFO  dt_instance] received at 2023-07-15 22:52:23.781054298 UTC - from mc-2->source-1 "968" 22:52:23.762914060
[2023-07-15T22:52:26Z INFO  dt_instance] received at 2023-07-15 22:52:26.356915346 UTC - from mc-2->source-5 "963" 22:52:26.133410459
[2023-07-15T22:52:28Z INFO  dt_instance] received at 2023-07-15 22:52:28.894860051 UTC - from mc-2->source-5 "968" 22:52:28.639957959
[2023-07-15T22:52:31Z INFO  dt_instance] received at 2023-07-15 22:52:31.389192870 UTC - from mc-2->source-5 "973" 22:52:31.145059542
[2023-07-15T22:52:33Z INFO  dt_instance] received at 2023-07-15 22:52:33.801266464 UTC - from mc-2->source-1 "988" 22:52:33.786990318
[2023-07-15T22:52:36Z INFO  dt_instance] received at 2023-07-15 22:52:36.300158628 UTC - from mc-2->source-1 "993" 22:52:36.293851983
[2023-07-15T22:52:38Z INFO  dt_instance] received at 2023-07-15 22:52:38.987571404 UTC - from mc-2->source-6 "986" 22:52:38.960907309
[2023-07-15T22:52:42Z INFO  dt_instance] received at 2023-07-15 22:52:42.163295140 UTC - from mc-2->source-9 "985" 22:52:42.147183096
[2023-07-15T22:52:49Z INFO  dt_instance] received at 2023-07-15 22:52:49.238609458 UTC - from mc-2->source-9 "999" 22:52:49.162764466
