[2023-07-15T22:41:28Z INFO  dt_instance] Current Twin: mc-twin-1
[2023-07-15T22:41:28Z INFO  dt_instance] Replica Name twin-mc-stateful-1
[2023-07-15T22:41:28Z INFO  dt_instance] Sleeping for 50
[2023-07-15T22:42:18Z INFO  dt_instance] Connecting to broker at emqx.dtwins:1883
[2023-07-15T22:42:18Z INFO  dt_instance] Loggin info each 50 messages
[2023-07-15T22:42:18Z INFO  dt_instance] Set max packet size to 60000 KB.
[2023-07-15T22:42:18Z INFO  dt_instance] Refreshing topics for twin - Listen to mc-1/#
[2023-07-15T22:42:18Z INFO  dt_instance] SubAck { pkid: 1, return_codes: [Success(ExactlyOnce)] }
[2023-07-15T22:43:29Z INFO  dt_instance] received at 2023-07-15 22:43:29.857978157 UTC - from mc-1->source-2 "9" 22:43:29.855391593
[2023-07-15T22:43:33Z INFO  dt_instance] received at 2023-07-15 22:43:33.128845856 UTC - from mc-1->source-1 "18" 22:43:33.127906993
[2023-07-15T22:43:35Z INFO  dt_instance] received at 2023-07-15 22:43:35.638065916 UTC - from mc-1->source-3 "18" 22:43:35.636925318
[2023-07-15T22:43:38Z INFO  dt_instance] received at 2023-07-15 22:43:38.144593947 UTC - from mc-1->source-3 "23" 22:43:38.143364909
[2023-07-15T22:43:40Z INFO  dt_instance] received at 2023-07-15 22:43:40.652214039 UTC - from mc-1->source-3 "28" 22:43:40.650961647
[2023-07-15T22:43:43Z INFO  dt_instance] received at 2023-07-15 22:43:43.156881705 UTC - from mc-1->source-3 "33" 22:43:43.155480917
[2023-07-15T22:43:45Z INFO  dt_instance] received at 2023-07-15 22:43:45.661971117 UTC - from mc-1->source-3 "38" 22:43:45.660689185
[2023-07-15T22:43:48Z INFO  dt_instance] received at 2023-07-15 22:43:48.166893783 UTC - from mc-1->source-3 "43" 22:43:48.165655454
[2023-07-15T22:43:50Z INFO  dt_instance] received at 2023-07-15 22:43:50.680567706 UTC - from mc-1->source-3 "48" 22:43:50.678938810
[2023-07-15T22:43:53Z INFO  dt_instance] received at 2023-07-15 22:43:53.190166508 UTC - from mc-1->source-3 "53" 22:43:53.188876856
[2023-07-15T22:43:55Z INFO  dt_instance] received at 2023-07-15 22:43:55.697623312 UTC - from mc-1->source-3 "58" 22:43:55.696383762
[2023-07-15T22:43:58Z INFO  dt_instance] received at 2023-07-15 22:43:58.203870768 UTC - from mc-1->source-3 "63" 22:43:58.202891711
[2023-07-15T22:44:00Z INFO  dt_instance] received at 2023-07-15 22:44:00.714574363 UTC - from mc-1->source-3 "68" 22:44:00.708667703
[2023-07-15T22:44:03Z INFO  dt_instance] received at 2023-07-15 22:44:03.215839366 UTC - from mc-1->source-3 "73" 22:44:03.214844912
[2023-07-15T22:44:05Z INFO  dt_instance] received at 2023-07-15 22:44:05.722957387 UTC - from mc-1->source-3 "78" 22:44:05.721835448
[2023-07-15T22:44:08Z INFO  dt_instance] received at 2023-07-15 22:44:08.227736065 UTC - from mc-1->source-3 "83" 22:44:08.226642156
[2023-07-15T22:44:10Z INFO  dt_instance] received at 2023-07-15 22:44:10.733729792 UTC - from mc-1->source-3 "88" 22:44:10.732535273
[2023-07-15T22:44:13Z INFO  dt_instance] received at 2023-07-15 22:44:13.241725677 UTC - from mc-1->source-3 "93" 22:44:13.240626886
[2023-07-15T22:44:15Z INFO  dt_instance] received at 2023-07-15 22:44:15.755835284 UTC - from mc-1->source-3 "98" 22:44:15.747641384
[2023-07-15T22:44:18Z INFO  dt_instance] received at 2023-07-15 22:44:18.254960956 UTC - from mc-1->source-3 "103" 22:44:18.253475861
[2023-07-15T22:44:20Z INFO  dt_instance] received at 2023-07-15 22:44:20.761852306 UTC - from mc-1->source-3 "108" 22:44:20.760911745
[2023-07-15T22:44:23Z INFO  dt_instance] received at 2023-07-15 22:44:23.267661262 UTC - from mc-1->source-3 "113" 22:44:23.266844100
[2023-07-15T22:44:25Z INFO  dt_instance] received at 2023-07-15 22:44:25.775181527 UTC - from mc-1->source-3 "118" 22:44:25.773398869
[2023-07-15T22:44:28Z INFO  dt_instance] received at 2023-07-15 22:44:28.280525402 UTC - from mc-1->source-3 "123" 22:44:28.279671171
[2023-07-15T22:44:30Z INFO  dt_instance] received at 2023-07-15 22:44:30.786055682 UTC - from mc-1->source-3 "128" 22:44:30.784982920
[2023-07-15T22:44:33Z INFO  dt_instance] received at 2023-07-15 22:44:33.290465832 UTC - from mc-1->source-3 "133" 22:44:33.289546742
[2023-07-15T22:44:35Z INFO  dt_instance] received at 2023-07-15 22:44:35.797912231 UTC - from mc-1->source-3 "138" 22:44:35.796997637
[2023-07-15T22:44:38Z INFO  dt_instance] received at 2023-07-15 22:44:38.303380313 UTC - from mc-1->source-3 "143" 22:44:38.301805916
[2023-07-15T22:44:40Z INFO  dt_instance] received at 2023-07-15 22:44:40.808778699 UTC - from mc-1->source-3 "148" 22:44:40.807776069
[2023-07-15T22:44:43Z INFO  dt_instance] received at 2023-07-15 22:44:43.315245129 UTC - from mc-1->source-3 "153" 22:44:43.314408357
[2023-07-15T22:44:45Z INFO  dt_instance] received at 2023-07-15 22:44:45.820750712 UTC - from mc-1->source-3 "158" 22:44:45.819816386
[2023-07-15T22:44:48Z INFO  dt_instance] received at 2023-07-15 22:44:48.325632536 UTC - from mc-1->source-3 "163" 22:44:48.324675002
[2023-07-15T22:44:50Z INFO  dt_instance] received at 2023-07-15 22:44:50.832928961 UTC - from mc-1->source-3 "168" 22:44:50.831756593
[2023-07-15T22:44:53Z INFO  dt_instance] received at 2023-07-15 22:44:53.337751726 UTC - from mc-1->source-3 "173" 22:44:53.336681276
[2023-07-15T22:44:55Z INFO  dt_instance] received at 2023-07-15 22:44:55.845365603 UTC - from mc-1->source-3 "178" 22:44:55.844151128
[2023-07-15T22:44:58Z INFO  dt_instance] received at 2023-07-15 22:44:58.350815146 UTC - from mc-1->source-3 "183" 22:44:58.349559830
[2023-07-15T22:45:00Z INFO  dt_instance] received at 2023-07-15 22:45:00.857275107 UTC - from mc-1->source-3 "188" 22:45:00.856234353
[2023-07-15T22:45:03Z INFO  dt_instance] received at 2023-07-15 22:45:03.363875528 UTC - from mc-1->source-3 "193" 22:45:03.362706253
[2023-07-15T22:45:05Z INFO  dt_instance] received at 2023-07-15 22:45:05.869866476 UTC - from mc-1->source-3 "198" 22:45:05.868879017
[2023-07-15T22:45:08Z INFO  dt_instance] received at 2023-07-15 22:45:08.375338845 UTC - from mc-1->source-3 "203" 22:45:08.374549503
[2023-07-15T22:45:10Z INFO  dt_instance] received at 2023-07-15 22:45:10.880512747 UTC - from mc-1->source-3 "208" 22:45:10.879546930
[2023-07-15T22:45:13Z INFO  dt_instance] received at 2023-07-15 22:45:13.386311365 UTC - from mc-1->source-3 "213" 22:45:13.384722231
[2023-07-15T22:45:15Z INFO  dt_instance] received at 2023-07-15 22:45:15.893924801 UTC - from mc-1->source-3 "218" 22:45:15.892870109
[2023-07-15T22:45:18Z INFO  dt_instance] received at 2023-07-15 22:45:18.399277782 UTC - from mc-1->source-3 "223" 22:45:18.397434937
[2023-07-15T22:45:20Z INFO  dt_instance] received at 2023-07-15 22:45:20.904717567 UTC - from mc-1->source-3 "228" 22:45:20.902797429
[2023-07-15T22:45:23Z INFO  dt_instance] received at 2023-07-15 22:45:23.409887277 UTC - from mc-1->source-3 "233" 22:45:23.409050957
[2023-07-15T22:45:25Z INFO  dt_instance] received at 2023-07-15 22:45:25.914765238 UTC - from mc-1->source-3 "238" 22:45:25.913666367
[2023-07-15T22:45:28Z INFO  dt_instance] received at 2023-07-15 22:45:28.423487243 UTC - from mc-1->source-3 "243" 22:45:28.420169257
[2023-07-15T22:45:30Z INFO  dt_instance] received at 2023-07-15 22:45:30.926257100 UTC - from mc-1->source-3 "248" 22:45:30.925339147
[2023-07-15T22:45:33Z INFO  dt_instance] received at 2023-07-15 22:45:33.434734933 UTC - from mc-1->source-3 "253" 22:45:33.433852754
[2023-07-15T22:45:35Z INFO  dt_instance] received at 2023-07-15 22:45:35.951535445 UTC - from mc-1->source-3 "258" 22:45:35.950520068
[2023-07-15T22:45:38Z INFO  dt_instance] received at 2023-07-15 22:45:38.457390272 UTC - from mc-1->source-3 "263" 22:45:38.456524615
[2023-07-15T22:45:40Z INFO  dt_instance] received at 2023-07-15 22:45:40.964602308 UTC - from mc-1->source-3 "268" 22:45:40.963443987
[2023-07-15T22:45:43Z INFO  dt_instance] received at 2023-07-15 22:45:43.471367584 UTC - from mc-1->source-3 "273" 22:45:43.469626270
[2023-07-15T22:45:45Z INFO  dt_instance] received at 2023-07-15 22:45:45.975634645 UTC - from mc-1->source-3 "278" 22:45:45.974863166
[2023-07-15T22:45:48Z INFO  dt_instance] received at 2023-07-15 22:45:48.481822063 UTC - from mc-1->source-3 "283" 22:45:48.480611005
[2023-07-15T22:45:50Z INFO  dt_instance] received at 2023-07-15 22:45:50.988109878 UTC - from mc-1->source-3 "288" 22:45:50.987019789
[2023-07-15T22:45:53Z INFO  dt_instance] received at 2023-07-15 22:45:53.493808075 UTC - from mc-1->source-3 "293" 22:45:53.492694070
[2023-07-15T22:45:55Z INFO  dt_instance] received at 2023-07-15 22:45:55.999042526 UTC - from mc-1->source-3 "298" 22:45:55.997812630
[2023-07-15T22:45:58Z INFO  dt_instance] received at 2023-07-15 22:45:58.508152043 UTC - from mc-1->source-3 "303" 22:45:58.503677868
[2023-07-15T22:46:01Z INFO  dt_instance] received at 2023-07-15 22:46:01.009916442 UTC - from mc-1->source-3 "308" 22:46:01.008912272
[2023-07-15T22:46:03Z INFO  dt_instance] received at 2023-07-15 22:46:03.515278558 UTC - from mc-1->source-3 "313" 22:46:03.513911526
[2023-07-15T22:46:06Z INFO  dt_instance] received at 2023-07-15 22:46:06.019612857 UTC - from mc-1->source-3 "318" 22:46:06.018758815
[2023-07-15T22:46:08Z INFO  dt_instance] received at 2023-07-15 22:46:08.526469650 UTC - from mc-1->source-3 "323" 22:46:08.525228790
[2023-07-15T22:46:11Z INFO  dt_instance] received at 2023-07-15 22:46:11.031632407 UTC - from mc-1->source-3 "328" 22:46:11.030242176
[2023-07-15T22:46:13Z INFO  dt_instance] received at 2023-07-15 22:46:13.536525649 UTC - from mc-1->source-3 "333" 22:46:13.535699070
[2023-07-15T22:46:16Z INFO  dt_instance] received at 2023-07-15 22:46:16.062360047 UTC - from mc-1->source-3 "338" 22:46:16.061000889
[2023-07-15T22:46:18Z INFO  dt_instance] received at 2023-07-15 22:46:18.567670809 UTC - from mc-1->source-3 "343" 22:46:18.566190311
[2023-07-15T22:46:21Z INFO  dt_instance] received at 2023-07-15 22:46:21.072741588 UTC - from mc-1->source-3 "348" 22:46:21.071665391
[2023-07-15T22:46:23Z INFO  dt_instance] received at 2023-07-15 22:46:23.579188754 UTC - from mc-1->source-3 "353" 22:46:23.577102266
[2023-07-15T22:46:26Z INFO  dt_instance] received at 2023-07-15 22:46:26.083173821 UTC - from mc-1->source-3 "358" 22:46:26.081490823
[2023-07-15T22:46:28Z INFO  dt_instance] received at 2023-07-15 22:46:28.589084270 UTC - from mc-1->source-3 "363" 22:46:28.587938270
[2023-07-15T22:46:31Z INFO  dt_instance] received at 2023-07-15 22:46:31.095618200 UTC - from mc-1->source-3 "368" 22:46:31.094553678
[2023-07-15T22:46:33Z INFO  dt_instance] received at 2023-07-15 22:46:33.602515606 UTC - from mc-1->source-3 "373" 22:46:33.601339338
[2023-07-15T22:46:36Z INFO  dt_instance] received at 2023-07-15 22:46:36.107732277 UTC - from mc-1->source-3 "378" 22:46:36.106484333
[2023-07-15T22:46:38Z INFO  dt_instance] received at 2023-07-15 22:46:38.614238782 UTC - from mc-1->source-3 "383" 22:46:38.613098598
[2023-07-15T22:46:41Z INFO  dt_instance] received at 2023-07-15 22:46:41.120827902 UTC - from mc-1->source-3 "388" 22:46:41.118951217
[2023-07-15T22:46:43Z INFO  dt_instance] received at 2023-07-15 22:46:43.624525005 UTC - from mc-1->source-3 "393" 22:46:43.623394647
[2023-07-15T22:46:46Z INFO  dt_instance] received at 2023-07-15 22:46:46.131111794 UTC - from mc-1->source-3 "398" 22:46:46.128982234
[2023-07-15T22:46:48Z INFO  dt_instance] received at 2023-07-15 22:46:48.635674166 UTC - from mc-1->source-3 "403" 22:46:48.634373416
[2023-07-15T22:46:51Z INFO  dt_instance] received at 2023-07-15 22:46:51.141292185 UTC - from mc-1->source-3 "408" 22:46:51.140548134
[2023-07-15T22:46:53Z INFO  dt_instance] received at 2023-07-15 22:46:53.647987323 UTC - from mc-1->source-3 "413" 22:46:53.646907107
[2023-07-15T22:46:56Z INFO  dt_instance] received at 2023-07-15 22:46:56.153521872 UTC - from mc-1->source-3 "418" 22:46:56.152135253
[2023-07-15T22:46:58Z INFO  dt_instance] received at 2023-07-15 22:46:58.660749550 UTC - from mc-1->source-3 "423" 22:46:58.658627706
[2023-07-15T22:47:01Z INFO  dt_instance] received at 2023-07-15 22:47:01.166772101 UTC - from mc-1->source-3 "428" 22:47:01.165516487
[2023-07-15T22:47:03Z INFO  dt_instance] received at 2023-07-15 22:47:03.671860011 UTC - from mc-1->source-3 "433" 22:47:03.670777415
[2023-07-15T22:47:06Z INFO  dt_instance] received at 2023-07-15 22:47:06.176925919 UTC - from mc-1->source-3 "438" 22:47:06.175832374
[2023-07-15T22:47:08Z INFO  dt_instance] received at 2023-07-15 22:47:08.682560139 UTC - from mc-1->source-3 "443" 22:47:08.681139739
[2023-07-15T22:47:11Z INFO  dt_instance] received at 2023-07-15 22:47:11.188091459 UTC - from mc-1->source-3 "448" 22:47:11.186888806
[2023-07-15T22:47:13Z INFO  dt_instance] received at 2023-07-15 22:47:13.693773923 UTC - from mc-1->source-3 "453" 22:47:13.692284158
[2023-07-15T22:47:16Z INFO  dt_instance] received at 2023-07-15 22:47:16.199099578 UTC - from mc-1->source-3 "458" 22:47:16.197740123
[2023-07-15T22:47:18Z INFO  dt_instance] received at 2023-07-15 22:47:18.706258436 UTC - from mc-1->source-3 "463" 22:47:18.705043954
[2023-07-15T22:47:21Z INFO  dt_instance] received at 2023-07-15 22:47:21.210921566 UTC - from mc-1->source-3 "468" 22:47:21.209778812
[2023-07-15T22:47:23Z INFO  dt_instance] received at 2023-07-15 22:47:23.716406294 UTC - from mc-1->source-3 "473" 22:47:23.715346055
[2023-07-15T22:47:26Z INFO  dt_instance] received at 2023-07-15 22:47:26.222387281 UTC - from mc-1->source-3 "478" 22:47:26.221176421
[2023-07-15T22:47:28Z INFO  dt_instance] received at 2023-07-15 22:47:28.727397196 UTC - from mc-1->source-3 "483" 22:47:28.726104065
[2023-07-15T22:47:31Z INFO  dt_instance] received at 2023-07-15 22:47:31.231926203 UTC - from mc-1->source-3 "488" 22:47:31.230762203
[2023-07-15T22:47:33Z INFO  dt_instance] received at 2023-07-15 22:47:33.737002467 UTC - from mc-1->source-3 "493" 22:47:33.735837207
[2023-07-15T22:47:36Z INFO  dt_instance] received at 2023-07-15 22:47:36.241821256 UTC - from mc-1->source-3 "498" 22:47:36.240850634
[2023-07-15T22:47:38Z INFO  dt_instance] received at 2023-07-15 22:47:38.748124082 UTC - from mc-1->source-3 "503" 22:47:38.747335205
[2023-07-15T22:47:41Z INFO  dt_instance] received at 2023-07-15 22:47:41.256145411 UTC - from mc-1->source-3 "508" 22:47:41.254793738
[2023-07-15T22:47:43Z INFO  dt_instance] received at 2023-07-15 22:47:43.760912007 UTC - from mc-1->source-3 "513" 22:47:43.759938021
[2023-07-15T22:47:46Z INFO  dt_instance] received at 2023-07-15 22:47:46.266441807 UTC - from mc-1->source-3 "518" 22:47:46.265441827
[2023-07-15T22:47:48Z INFO  dt_instance] received at 2023-07-15 22:47:48.772717659 UTC - from mc-1->source-3 "523" 22:47:48.771627829
[2023-07-15T22:47:51Z INFO  dt_instance] received at 2023-07-15 22:47:51.280783978 UTC - from mc-1->source-3 "528" 22:47:51.277851420
[2023-07-15T22:47:53Z INFO  dt_instance] received at 2023-07-15 22:47:53.783732458 UTC - from mc-1->source-3 "533" 22:47:53.782665138
[2023-07-15T22:47:56Z INFO  dt_instance] received at 2023-07-15 22:47:56.291464289 UTC - from mc-1->source-3 "538" 22:47:56.287947334
[2023-07-15T22:47:58Z INFO  dt_instance] received at 2023-07-15 22:47:58.794028625 UTC - from mc-1->source-3 "543" 22:47:58.793134895
[2023-07-15T22:48:01Z INFO  dt_instance] received at 2023-07-15 22:48:01.299345381 UTC - from mc-1->source-3 "548" 22:48:01.298000523
[2023-07-15T22:48:03Z INFO  dt_instance] received at 2023-07-15 22:48:03.803517825 UTC - from mc-1->source-3 "553" 22:48:03.802650603
[2023-07-15T22:48:06Z INFO  dt_instance] received at 2023-07-15 22:48:06.309958484 UTC - from mc-1->source-3 "558" 22:48:06.309171743
[2023-07-15T22:48:08Z INFO  dt_instance] received at 2023-07-15 22:48:08.815369592 UTC - from mc-1->source-3 "563" 22:48:08.814555590
[2023-07-15T22:48:11Z INFO  dt_instance] received at 2023-07-15 22:48:11.323895195 UTC - from mc-1->source-3 "568" 22:48:11.320082913
[2023-07-15T22:48:13Z INFO  dt_instance] received at 2023-07-15 22:48:13.826291030 UTC - from mc-1->source-3 "573" 22:48:13.825238931
[2023-07-15T22:48:16Z INFO  dt_instance] received at 2023-07-15 22:48:16.336831061 UTC - from mc-1->source-5 "573" 22:48:16.335246505
[2023-07-15T22:48:18Z INFO  dt_instance] received at 2023-07-15 22:48:18.841102839 UTC - from mc-1->source-5 "578" 22:48:18.839771322
[2023-07-15T22:48:21Z INFO  dt_instance] received at 2023-07-15 22:48:21.346028605 UTC - from mc-1->source-5 "583" 22:48:21.345101283
[2023-07-15T22:48:23Z INFO  dt_instance] received at 2023-07-15 22:48:23.852015360 UTC - from mc-1->source-5 "588" 22:48:23.850899317
[2023-07-15T22:48:26Z INFO  dt_instance] received at 2023-07-15 22:48:26.357094081 UTC - from mc-1->source-5 "593" 22:48:26.355385253
[2023-07-15T22:48:28Z INFO  dt_instance] received at 2023-07-15 22:48:28.862191423 UTC - from mc-1->source-3 "603" 22:48:28.861047940
[2023-07-15T22:48:31Z INFO  dt_instance] received at 2023-07-15 22:48:31.367986789 UTC - from mc-1->source-3 "608" 22:48:31.366681
[2023-07-15T22:48:33Z INFO  dt_instance] received at 2023-07-15 22:48:33.872854769 UTC - from mc-1->source-5 "608" 22:48:33.871919336
[2023-07-15T22:48:36Z INFO  dt_instance] received at 2023-07-15 22:48:36.379405125 UTC - from mc-1->source-5 "613" 22:48:36.378060040
[2023-07-15T22:48:38Z INFO  dt_instance] received at 2023-07-15 22:48:38.885215577 UTC - from mc-1->source-3 "623" 22:48:38.883926225
[2023-07-15T22:48:41Z INFO  dt_instance] received at 2023-07-15 22:48:41.391173726 UTC - from mc-1->source-3 "628" 22:48:41.390096231
[2023-07-15T22:48:43Z INFO  dt_instance] received at 2023-07-15 22:48:43.898804307 UTC - from mc-1->source-5 "628" 22:48:43.897425172
[2023-07-15T22:48:46Z INFO  dt_instance] received at 2023-07-15 22:48:46.406037135 UTC - from mc-1->source-3 "638" 22:48:46.404809449
[2023-07-15T22:48:48Z INFO  dt_instance] received at 2023-07-15 22:48:48.912400937 UTC - from mc-1->source-5 "638" 22:48:48.910812259
[2023-07-15T22:48:51Z INFO  dt_instance] received at 2023-07-15 22:48:51.417739418 UTC - from mc-1->source-5 "643" 22:48:51.416647045
[2023-07-15T22:48:53Z INFO  dt_instance] received at 2023-07-15 22:48:53.923615128 UTC - from mc-1->source-3 "653" 22:48:53.922534638
[2023-07-15T22:48:56Z INFO  dt_instance] received at 2023-07-15 22:48:56.429653666 UTC - from mc-1->source-3 "658" 22:48:56.428518476
[2023-07-15T22:48:58Z INFO  dt_instance] received at 2023-07-15 22:48:58.941787496 UTC - from mc-1->source-3 "663" 22:48:58.937669830
[2023-07-15T22:49:01Z INFO  dt_instance] received at 2023-07-15 22:49:01.444721782 UTC - from mc-1->source-3 "668" 22:49:01.443204269
[2023-07-15T22:49:03Z INFO  dt_instance] received at 2023-07-15 22:49:03.949140328 UTC - from mc-1->source-3 "673" 22:49:03.948267192
[2023-07-15T22:49:06Z INFO  dt_instance] received at 2023-07-15 22:49:06.480440789 UTC - from mc-1->source-3 "678" 22:49:06.453290703
[2023-07-15T22:49:08Z INFO  dt_instance] received at 2023-07-15 22:49:08.960859689 UTC - from mc-1->source-3 "683" 22:49:08.959916723
[2023-07-15T22:49:11Z INFO  dt_instance] received at 2023-07-15 22:49:11.466689734 UTC - from mc-1->source-3 "688" 22:49:11.465400455
[2023-07-15T22:49:13Z INFO  dt_instance] received at 2023-07-15 22:49:13.972693307 UTC - from mc-1->source-5 "688" 22:49:13.971402366
[2023-07-15T22:49:16Z INFO  dt_instance] received at 2023-07-15 22:49:16.477519204 UTC - from mc-1->source-3 "698" 22:49:16.476569907
[2023-07-15T22:49:18Z INFO  dt_instance] received at 2023-07-15 22:49:18.986151144 UTC - from mc-1->source-5 "698" 22:49:18.983659765
[2023-07-15T22:49:21Z INFO  dt_instance] received at 2023-07-15 22:49:21.492875730 UTC - from mc-1->source-5 "703" 22:49:21.491541544
[2023-07-15T22:49:23Z INFO  dt_instance] received at 2023-07-15 22:49:23.998382405 UTC - from mc-1->source-3 "713" 22:49:23.997405549
[2023-07-15T22:49:26Z INFO  dt_instance] received at 2023-07-15 22:49:26.504287189 UTC - from mc-1->source-3 "718" 22:49:26.503408379
[2023-07-15T22:49:29Z INFO  dt_instance] received at 2023-07-15 22:49:29.010397944 UTC - from mc-1->source-5 "718" 22:49:29.009045175
[2023-07-15T22:49:31Z INFO  dt_instance] received at 2023-07-15 22:49:31.515203278 UTC - from mc-1->source-7 "718" 22:49:31.513858982
[2023-07-15T22:49:34Z INFO  dt_instance] received at 2023-07-15 22:49:34.026321370 UTC - from mc-1->source-7 "723" 22:49:34.022823326
[2023-07-15T22:49:36Z INFO  dt_instance] received at 2023-07-15 22:49:36.530925945 UTC - from mc-1->source-1 "743" 22:49:36.527358639
[2023-07-15T22:49:39Z INFO  dt_instance] received at 2023-07-15 22:49:39.036303006 UTC - from mc-1->source-7 "733" 22:49:39.035095363
[2023-07-15T22:49:41Z INFO  dt_instance] received at 2023-07-15 22:49:41.542572892 UTC - from mc-1->source-1 "753" 22:49:41.541653875
[2023-07-15T22:49:44Z INFO  dt_instance] received at 2023-07-15 22:49:44.049625125 UTC - from mc-1->source-7 "743" 22:49:44.047600200
[2023-07-15T22:49:46Z INFO  dt_instance] received at 2023-07-15 22:49:46.555436346 UTC - from mc-1->source-7 "748" 22:49:46.553467449
[2023-07-15T22:49:49Z INFO  dt_instance] received at 2023-07-15 22:49:49.061010324 UTC - from mc-1->source-7 "753" 22:49:49.059505315
[2023-07-15T22:49:51Z INFO  dt_instance] received at 2023-07-15 22:49:51.567016524 UTC - from mc-1->source-7 "758" 22:49:51.566021278
[2023-07-15T22:49:54Z INFO  dt_instance] received at 2023-07-15 22:49:54.073954802 UTC - from mc-1->source-7 "763" 22:49:54.072020281
[2023-07-15T22:49:56Z INFO  dt_instance] received at 2023-07-15 22:49:56.616327297 UTC - from mc-1->source-5 "773" 22:49:56.576149503
[2023-07-15T22:49:59Z INFO  dt_instance] received at 2023-07-15 22:49:59.085082670 UTC - from mc-1->source-7 "773" 22:49:59.084059024
[2023-07-15T22:50:01Z INFO  dt_instance] received at 2023-07-15 22:50:01.589775585 UTC - from mc-1->source-7 "778" 22:50:01.588709791
[2023-07-15T22:50:04Z INFO  dt_instance] received at 2023-07-15 22:50:04.096397616 UTC - from mc-1->source-7 "783" 22:50:04.093932080
[2023-07-15T22:50:06Z INFO  dt_instance] received at 2023-07-15 22:50:06.607939587 UTC - from mc-1->source-5 "793" 22:50:06.603644386
[2023-07-15T22:50:09Z INFO  dt_instance] received at 2023-07-15 22:50:09.111147263 UTC - from mc-1->source-5 "798" 22:50:09.109989840
[2023-07-15T22:50:11Z INFO  dt_instance] received at 2023-07-15 22:50:11.617358139 UTC - from mc-1->source-5 "803" 22:50:11.615885036
[2023-07-15T22:50:14Z INFO  dt_instance] received at 2023-07-15 22:50:14.125083267 UTC - from mc-1->source-7 "803" 22:50:14.123442442
[2023-07-15T22:50:16Z INFO  dt_instance] received at 2023-07-15 22:50:16.635510379 UTC - from mc-1->source-1 "823" 22:50:16.629850480
[2023-07-15T22:50:19Z INFO  dt_instance] received at 2023-07-15 22:50:19.136466394 UTC - from mc-1->source-1 "828" 22:50:19.135605745
[2023-07-15T22:50:21Z INFO  dt_instance] received at 2023-07-15 22:50:21.643658945 UTC - from mc-1->source-7 "818" 22:50:21.642784924
[2023-07-15T22:50:24Z INFO  dt_instance] received at 2023-07-15 22:50:24.159754849 UTC - from mc-1->source-3 "833" 22:50:24.157022912
[2023-07-15T22:50:26Z INFO  dt_instance] received at 2023-07-15 22:50:26.699986629 UTC - from mc-1->source-7 "828" 22:50:26.662967351
[2023-07-15T22:50:29Z INFO  dt_instance] received at 2023-07-15 22:50:29.173980268 UTC - from mc-1->source-7 "833" 22:50:29.169770494
[2023-07-15T22:50:31Z INFO  dt_instance] received at 2023-07-15 22:50:31.680359906 UTC - from mc-1->source-1 "853" 22:50:31.678359999
[2023-07-15T22:50:34Z INFO  dt_instance] received at 2023-07-15 22:50:34.187114021 UTC - from mc-1->source-1 "858" 22:50:34.183963561
[2023-07-15T22:50:36Z INFO  dt_instance] received at 2023-07-15 22:50:36.690822511 UTC - from mc-1->source-7 "848" 22:50:36.688495343
[2023-07-15T22:50:39Z INFO  dt_instance] received at 2023-07-15 22:50:39.199280102 UTC - from mc-1->source-5 "858" 22:50:39.197555255
[2023-07-15T22:50:41Z INFO  dt_instance] received at 2023-07-15 22:50:41.706384640 UTC - from mc-1->source-5 "863" 22:50:41.704212529
[2023-07-15T22:50:44Z INFO  dt_instance] received at 2023-07-15 22:50:44.212110370 UTC - from mc-1->source-5 "868" 22:50:44.210402201
[2023-07-15T22:50:46Z INFO  dt_instance] received at 2023-07-15 22:50:46.719754843 UTC - from mc-1->source-5 "873" 22:50:46.717257532
[2023-07-15T22:50:49Z INFO  dt_instance] received at 2023-07-15 22:50:49.224279321 UTC - from mc-1->source-1 "888" 22:50:49.222535663
[2023-07-15T22:50:51Z INFO  dt_instance] received at 2023-07-15 22:50:51.734401585 UTC - from mc-1->source-3 "888" 22:50:51.730319635
[2023-07-15T22:50:54Z INFO  dt_instance] received at 2023-07-15 22:50:54.242173990 UTC - from mc-1->source-7 "883" 22:50:54.236520417
[2023-07-15T22:50:56Z INFO  dt_instance] received at 2023-07-15 22:50:56.758896792 UTC - from mc-1->source-1 "903" 22:50:56.742661279
[2023-07-15T22:50:59Z INFO  dt_instance] received at 2023-07-15 22:50:59.250937149 UTC - from mc-1->source-3 "903" 22:50:59.247731492
[2023-07-15T22:51:01Z INFO  dt_instance] received at 2023-07-15 22:51:01.772247247 UTC - from mc-1->source-1 "913" 22:51:01.763644495
[2023-07-15T22:51:04Z INFO  dt_instance] received at 2023-07-15 22:51:04.284621711 UTC - from mc-1->source-1 "918" 22:51:04.270456277
[2023-07-15T22:51:06Z INFO  dt_instance] received at 2023-07-15 22:51:06.789797068 UTC - from mc-1->source-3 "918" 22:51:06.786158801
[2023-07-15T22:51:09Z INFO  dt_instance] received at 2023-07-15 22:51:09.302727991 UTC - from mc-1->source-1 "928" 22:51:09.297466602
[2023-07-15T22:51:11Z INFO  dt_instance] received at 2023-07-15 22:51:11.813231830 UTC - from mc-1->source-1 "933" 22:51:11.805374499
[2023-07-15T22:51:14Z INFO  dt_instance] received at 2023-07-15 22:51:14.314083313 UTC - from mc-1->source-5 "928" 22:51:14.312016945
[2023-07-15T22:51:16Z INFO  dt_instance] received at 2023-07-15 22:51:16.820271704 UTC - from mc-1->source-5 "933" 22:51:16.819397201
[2023-07-15T22:51:19Z INFO  dt_instance] received at 2023-07-15 22:51:19.326561188 UTC - from mc-1->source-5 "938" 22:51:19.324720172
[2023-07-15T22:51:21Z INFO  dt_instance] received at 2023-07-15 22:51:21.832271017 UTC - from mc-1->source-3 "948" 22:51:21.830767037
[2023-07-15T22:51:24Z INFO  dt_instance] received at 2023-07-15 22:51:24.339693363 UTC - from mc-1->source-3 "953" 22:51:24.337267524
[2023-07-15T22:51:26Z INFO  dt_instance] received at 2023-07-15 22:51:26.845902454 UTC - from mc-1->source-3 "958" 22:51:26.845000107
[2023-07-15T22:51:29Z INFO  dt_instance] received at 2023-07-15 22:51:29.350955178 UTC - from mc-1->source-3 "963" 22:51:29.349347116
[2023-07-15T22:51:31Z INFO  dt_instance] received at 2023-07-15 22:51:31.860495465 UTC - from mc-1->source-3 "968" 22:51:31.854544194
[2023-07-15T22:51:34Z INFO  dt_instance] received at 2023-07-15 22:51:34.364468663 UTC - from mc-1->source-3 "973" 22:51:34.361558588
[2023-07-15T22:51:36Z INFO  dt_instance] received at 2023-07-15 22:51:36.874420941 UTC - from mc-1->source-7 "968" 22:51:36.872254170
[2023-07-15T22:51:39Z INFO  dt_instance] received at 2023-07-15 22:51:39.383938214 UTC - from mc-1->source-5 "978" 22:51:39.382268133
[2023-07-15T22:51:41Z INFO  dt_instance] received at 2023-07-15 22:51:41.890923673 UTC - from mc-1->source-5 "983" 22:51:41.888252366
[2023-07-15T22:51:44Z INFO  dt_instance] received at 2023-07-15 22:51:44.618909746 UTC - from mc-1->source-4 "991" 22:51:44.592754585
[2023-07-15T22:51:47Z INFO  dt_instance] received at 2023-07-15 22:51:47.837127826 UTC - from mc-1->source-9 "985" 22:51:47.834017900
[2023-07-15T22:51:54Z INFO  dt_instance] received at 2023-07-15 22:51:54.869565591 UTC - from mc-1->source-9 "999" 22:51:54.849155292
