[2023-07-15T22:42:02Z INFO  dt_instance] Current Twin: mc-twin-8
[2023-07-15T22:42:02Z INFO  dt_instance] Replica Name twin-mc-stateful-8
[2023-07-15T22:42:02Z INFO  dt_instance] Sleeping for 400
[2023-07-15T22:48:42Z INFO  dt_instance] Connecting to broker at emqx.dtwins:1883
[2023-07-15T22:48:42Z INFO  dt_instance] Loggin info each 50 messages
[2023-07-15T22:48:42Z INFO  dt_instance] Set max packet size to 60000 KB.
[2023-07-15T22:48:42Z INFO  dt_instance] Refreshing topics for twin - Listen to mc-8/#
[2023-07-15T22:48:42Z INFO  dt_instance] SubAck { pkid: 1, return_codes: [Success(ExactlyOnce)] }
[2023-07-15T22:49:53Z INFO  dt_instance] received at 2023-07-15 22:49:53.517724525 UTC - from mc-8->source-2 "9" 22:49:53.516299204
[2023-07-15T22:49:56Z INFO  dt_instance] received at 2023-07-15 22:49:56.771366024 UTC - from mc-8->source-3 "13" 22:49:56.770317587
[2023-07-15T22:49:59Z INFO  dt_instance] received at 2023-07-15 22:49:59.284329241 UTC - from mc-8->source-1 "23" 22:49:59.281918091
[2023-07-15T22:50:01Z INFO  dt_instance] received at 2023-07-15 22:50:01.788025254 UTC - from mc-8->source-1 "28" 22:50:01.786337449
[2023-07-15T22:50:04Z INFO  dt_instance] received at 2023-07-15 22:50:04.293651288 UTC - from mc-8->source-1 "33" 22:50:04.291982030
[2023-07-15T22:50:06Z INFO  dt_instance] received at 2023-07-15 22:50:06.799175832 UTC - from mc-8->source-1 "38" 22:50:06.796847642
[2023-07-15T22:50:09Z INFO  dt_instance] received at 2023-07-15 22:50:09.311609161 UTC - from mc-8->source-1 "43" 22:50:09.308239935
[2023-07-15T22:50:11Z INFO  dt_instance] received at 2023-07-15 22:50:11.820865616 UTC - from mc-8->source-1 "48" 22:50:11.815514369
[2023-07-15T22:50:14Z INFO  dt_instance] received at 2023-07-15 22:50:14.323241205 UTC - from mc-8->source-1 "53" 22:50:14.322058346
[2023-07-15T22:50:16Z INFO  dt_instance] received at 2023-07-15 22:50:16.828925907 UTC - from mc-8->source-5 "48" 22:50:16.827455455
[2023-07-15T22:50:19Z INFO  dt_instance] received at 2023-07-15 22:50:19.335791584 UTC - from mc-8->source-1 "63" 22:50:19.334008297
[2023-07-15T22:50:21Z INFO  dt_instance] received at 2023-07-15 22:50:21.842950432 UTC - from mc-8->source-5 "58" 22:50:21.841559166
[2023-07-15T22:50:24Z INFO  dt_instance] received at 2023-07-15 22:50:24.349473281 UTC - from mc-8->source-5 "63" 22:50:24.347736857
[2023-07-15T22:50:26Z INFO  dt_instance] received at 2023-07-15 22:50:26.864927629 UTC - from mc-8->source-5 "68" 22:50:26.862680670
[2023-07-15T22:50:29Z INFO  dt_instance] received at 2023-07-15 22:50:29.375908266 UTC - from mc-8->source-1 "83" 22:50:29.371982394
[2023-07-15T22:50:31Z INFO  dt_instance] received at 2023-07-15 22:50:31.878984717 UTC - from mc-8->source-5 "78" 22:50:31.878210520
[2023-07-15T22:50:34Z INFO  dt_instance] received at 2023-07-15 22:50:34.387832563 UTC - from mc-8->source-1 "93" 22:50:34.384215837
[2023-07-15T22:50:36Z INFO  dt_instance] received at 2023-07-15 22:50:36.891344208 UTC - from mc-8->source-5 "88" 22:50:36.890072635
[2023-07-15T22:50:39Z INFO  dt_instance] received at 2023-07-15 22:50:39.398209131 UTC - from mc-8->source-1 "103" 22:50:39.396113823
[2023-07-15T22:50:41Z INFO  dt_instance] received at 2023-07-15 22:50:41.914101473 UTC - from mc-8->source-1 "108" 22:50:41.902919464
[2023-07-15T22:50:44Z INFO  dt_instance] received at 2023-07-15 22:50:44.413224041 UTC - from mc-8->source-1 "113" 22:50:44.408663015
[2023-07-15T22:50:46Z INFO  dt_instance] received at 2023-07-15 22:50:46.915213073 UTC - from mc-8->source-1 "118" 22:50:46.913924502
[2023-07-15T22:50:49Z INFO  dt_instance] received at 2023-07-15 22:50:49.421374768 UTC - from mc-8->source-1 "123" 22:50:49.420215709
[2023-07-15T22:50:51Z INFO  dt_instance] received at 2023-07-15 22:50:51.927929218 UTC - from mc-8->source-1 "128" 22:50:51.926618529
[2023-07-15T22:50:54Z INFO  dt_instance] received at 2023-07-15 22:50:54.439166457 UTC - from mc-8->source-1 "133" 22:50:54.432469993
[2023-07-15T22:50:56Z INFO  dt_instance] received at 2023-07-15 22:50:56.942916899 UTC - from mc-8->source-1 "138" 22:50:56.941623050
[2023-07-15T22:50:59Z INFO  dt_instance] received at 2023-07-15 22:50:59.451562780 UTC - from mc-8->source-1 "143" 22:50:59.447238748
[2023-07-15T22:51:01Z INFO  dt_instance] received at 2023-07-15 22:51:01.955150818 UTC - from mc-8->source-1 "148" 22:51:01.954054125
[2023-07-15T22:51:04Z INFO  dt_instance] received at 2023-07-15 22:51:04.461284366 UTC - from mc-8->source-1 "153" 22:51:04.459832655
[2023-07-15T22:51:06Z INFO  dt_instance] received at 2023-07-15 22:51:06.966787609 UTC - from mc-8->source-1 "158" 22:51:06.965552690
[2023-07-15T22:51:09Z INFO  dt_instance] received at 2023-07-15 22:51:09.640586111 UTC - from mc-8->source-7 "148" 22:51:09.429280772
[2023-07-15T22:51:11Z INFO  dt_instance] received at 2023-07-15 22:51:11.980980115 UTC - from mc-8->source-1 "168" 22:51:11.979765582
[2023-07-15T22:51:14Z INFO  dt_instance] received at 2023-07-15 22:51:14.518128668 UTC - from mc-8->source-1 "173" 22:51:14.484803913
[2023-07-15T22:51:16Z INFO  dt_instance] received at 2023-07-15 22:51:16.991650052 UTC - from mc-8->source-1 "178" 22:51:16.990299870
[2023-07-15T22:51:19Z INFO  dt_instance] received at 2023-07-15 22:51:19.518334546 UTC - from mc-8->source-1 "183" 22:51:19.496833925
[2023-07-15T22:51:22Z INFO  dt_instance] received at 2023-07-15 22:51:22.004097027 UTC - from mc-8->source-1 "188" 22:51:22.001588940
[2023-07-15T22:51:24Z INFO  dt_instance] received at 2023-07-15 22:51:24.516530975 UTC - from mc-8->source-1 "193" 22:51:24.507455039
[2023-07-15T22:51:27Z INFO  dt_instance] received at 2023-07-15 22:51:27.013438804 UTC - from mc-8->source-1 "198" 22:51:27.012362368
[2023-07-15T22:51:29Z INFO  dt_instance] received at 2023-07-15 22:51:29.528027952 UTC - from mc-8->source-1 "203" 22:51:29.517403802
[2023-07-15T22:51:32Z INFO  dt_instance] received at 2023-07-15 22:51:32.028118621 UTC - from mc-8->source-1 "208" 22:51:32.022433554
[2023-07-15T22:51:34Z INFO  dt_instance] received at 2023-07-15 22:51:34.537219030 UTC - from mc-8->source-1 "213" 22:51:34.527247623
[2023-07-15T22:51:37Z INFO  dt_instance] received at 2023-07-15 22:51:37.040738434 UTC - from mc-8->source-1 "218" 22:51:37.035372242
[2023-07-15T22:51:39Z INFO  dt_instance] received at 2023-07-15 22:51:39.555701873 UTC - from mc-8->source-1 "223" 22:51:39.542771047
[2023-07-15T22:51:42Z INFO  dt_instance] received at 2023-07-15 22:51:42.064910005 UTC - from mc-8->source-5 "218" 22:51:42.039125437
[2023-07-15T22:51:44Z INFO  dt_instance] received at 2023-07-15 22:51:44.579977619 UTC - from mc-8->source-1 "233" 22:51:44.557158874
[2023-07-15T22:51:47Z INFO  dt_instance] received at 2023-07-15 22:51:47.064351144 UTC - from mc-8->source-1 "238" 22:51:47.063280062
[2023-07-15T22:51:49Z INFO  dt_instance] received at 2023-07-15 22:51:49.586563494 UTC - from mc-8->source-1 "243" 22:51:49.568818155
[2023-07-15T22:51:52Z INFO  dt_instance] received at 2023-07-15 22:51:52.077388534 UTC - from mc-8->source-1 "248" 22:51:52.075123849
[2023-07-15T22:51:54Z INFO  dt_instance] received at 2023-07-15 22:51:54.591227820 UTC - from mc-8->source-1 "253" 22:51:54.581496838
[2023-07-15T22:51:57Z INFO  dt_instance] received at 2023-07-15 22:51:57.102482912 UTC - from mc-8->source-1 "258" 22:51:57.101186223
[2023-07-15T22:51:59Z INFO  dt_instance] received at 2023-07-15 22:51:59.610615493 UTC - from mc-8->source-1 "263" 22:51:59.607719556
[2023-07-15T22:52:02Z INFO  dt_instance] received at 2023-07-15 22:52:02.125989573 UTC - from mc-8->source-1 "268" 22:52:02.115012470
[2023-07-15T22:52:04Z INFO  dt_instance] received at 2023-07-15 22:52:04.627105143 UTC - from mc-8->source-1 "273" 22:52:04.620461419
[2023-07-15T22:52:07Z INFO  dt_instance] received at 2023-07-15 22:52:07.127075899 UTC - from mc-8->source-1 "278" 22:52:07.125852609
[2023-07-15T22:52:09Z INFO  dt_instance] received at 2023-07-15 22:52:09.637665798 UTC - from mc-8->source-1 "283" 22:52:09.633250581
[2023-07-15T22:52:12Z INFO  dt_instance] received at 2023-07-15 22:52:12.149183080 UTC - from mc-8->source-1 "288" 22:52:12.142331136
[2023-07-15T22:52:14Z INFO  dt_instance] received at 2023-07-15 22:52:14.676276585 UTC - from mc-8->source-1 "293" 22:52:14.648728388
[2023-07-15T22:52:17Z INFO  dt_instance] received at 2023-07-15 22:52:17.156426948 UTC - from mc-8->source-1 "298" 22:52:17.154750475
[2023-07-15T22:52:19Z INFO  dt_instance] received at 2023-07-15 22:52:19.661786837 UTC - from mc-8->source-1 "303" 22:52:19.659384828
[2023-07-15T22:52:22Z INFO  dt_instance] received at 2023-07-15 22:52:22.171935897 UTC - from mc-8->source-1 "308" 22:52:22.167757560
[2023-07-15T22:52:24Z INFO  dt_instance] received at 2023-07-15 22:52:24.853512897 UTC - from mc-8->source-7 "298" 22:52:24.612727183
[2023-07-15T22:52:27Z INFO  dt_instance] received at 2023-07-15 22:52:27.184175963 UTC - from mc-8->source-1 "318" 22:52:27.179866493
[2023-07-15T22:52:29Z INFO  dt_instance] received at 2023-07-15 22:52:29.687798382 UTC - from mc-8->source-1 "323" 22:52:29.685843271
[2023-07-15T22:52:32Z INFO  dt_instance] received at 2023-07-15 22:52:32.354889749 UTC - from mc-8->source-9 "308" 22:52:32.124676159
[2023-07-15T22:52:34Z INFO  dt_instance] received at 2023-07-15 22:52:34.930634518 UTC - from mc-8->source-8 "316" 22:52:34.914426430
[2023-07-15T22:52:37Z INFO  dt_instance] received at 2023-07-15 22:52:37.209435914 UTC - from mc-8->source-1 "338" 22:52:37.202147168
[2023-07-15T22:52:39Z INFO  dt_instance] received at 2023-07-15 22:52:39.716217573 UTC - from mc-8->source-1 "343" 22:52:39.709102538
[2023-07-15T22:52:42Z INFO  dt_instance] received at 2023-07-15 22:52:42.230176698 UTC - from mc-8->source-1 "348" 22:52:42.213802812
[2023-07-15T22:52:44Z INFO  dt_instance] received at 2023-07-15 22:52:44.737765536 UTC - from mc-8->source-1 "353" 22:52:44.718509486
[2023-07-15T22:52:47Z INFO  dt_instance] received at 2023-07-15 22:52:47.439633869 UTC - from mc-8->source-1 "358" 22:52:47.223532813
[2023-07-15T22:52:49Z INFO  dt_instance] received at 2023-07-15 22:52:49.732214958 UTC - from mc-8->source-1 "363" 22:52:49.728661130
[2023-07-15T22:52:52Z INFO  dt_instance] received at 2023-07-15 22:52:52.247615437 UTC - from mc-8->source-1 "368" 22:52:52.233338445
[2023-07-15T22:52:54Z INFO  dt_instance] received at 2023-07-15 22:52:54.753126684 UTC - from mc-8->source-1 "373" 22:52:54.738527012
[2023-07-15T22:52:57Z INFO  dt_instance] received at 2023-07-15 22:52:57.467009802 UTC - from mc-8->source-3 "373" 22:52:57.220518274
[2023-07-15T22:52:59Z INFO  dt_instance] received at 2023-07-15 22:52:59.840669727 UTC - from mc-8->source-1 "383" 22:52:59.750890485
[2023-07-15T22:53:02Z INFO  dt_instance] received at 2023-07-15 22:53:02.545847546 UTC - from mc-8->source-4 "381" 22:53:02.530631747
[2023-07-15T22:53:04Z INFO  dt_instance] received at 2023-07-15 22:53:04.955724548 UTC - from mc-8->source-7 "378" 22:53:04.720929539
[2023-07-15T22:53:07Z INFO  dt_instance] received at 2023-07-15 22:53:07.519735661 UTC - from mc-8->source-4 "390" 22:53:07.043006156
[2023-07-15T22:53:09Z INFO  dt_instance] received at 2023-07-15 22:53:09.780956880 UTC - from mc-8->source-1 "403" 22:53:09.775010123
[2023-07-15T22:53:12Z INFO  dt_instance] received at 2023-07-15 22:53:12.526596305 UTC - from mc-8->source-1 "408" 22:53:12.279730595
[2023-07-15T22:53:14Z INFO  dt_instance] received at 2023-07-15 22:53:14.815342415 UTC - from mc-8->source-1 "413" 22:53:14.785079191
[2023-07-15T22:53:17Z INFO  dt_instance] received at 2023-07-15 22:53:17.679892723 UTC - from mc-8->source-2 "416" 22:53:17.568816484
[2023-07-15T22:53:20Z INFO  dt_instance] received at 2023-07-15 22:53:20.052539447 UTC - from mc-8->source-5 "413" 22:53:19.782834655
[2023-07-15T22:53:22Z INFO  dt_instance] received at 2023-07-15 22:53:22.475501826 UTC - from mc-8->source-1 "428" 22:53:22.301527937
[2023-07-15T22:53:25Z INFO  dt_instance] received at 2023-07-15 22:53:25.091645927 UTC - from mc-8->source-8 "416" 22:53:25.044906323
[2023-07-15T22:53:27Z INFO  dt_instance] received at 2023-07-15 22:53:27.551088104 UTC - from mc-8->source-8 "420" 22:53:27.049700944
[2023-07-15T22:53:29Z INFO  dt_instance] received at 2023-07-15 22:53:29.964784482 UTC - from mc-8->source-7 "428" 22:53:29.777948565
[2023-07-15T22:53:32Z INFO  dt_instance] received at 2023-07-15 22:53:32.597313347 UTC - from mc-8->source-4 "440" 22:53:32.104720269
[2023-07-15T22:53:35Z INFO  dt_instance] received at 2023-07-15 22:53:35.171252150 UTC - from mc-8->source-4 "446" 22:53:35.112313931
[2023-07-15T22:53:37Z INFO  dt_instance] received at 2023-07-15 22:53:37.628366248 UTC - from mc-8->source-8 "441" 22:53:37.574012210
[2023-07-15T22:53:39Z INFO  dt_instance] received at 2023-07-15 22:53:39.977364895 UTC - from mc-8->source-1 "463" 22:53:39.855090810
[2023-07-15T22:53:42Z INFO  dt_instance] received at 2023-07-15 22:53:42.416684384 UTC - from mc-8->source-1 "468" 22:53:42.360693856
[2023-07-15T22:53:45Z INFO  dt_instance] received at 2023-07-15 22:53:45.152392910 UTC - from mc-8->source-8 "456" 22:53:45.089431339
[2023-07-15T22:53:47Z INFO  dt_instance] received at 2023-07-15 22:53:47.752519391 UTC - from mc-8->source-2 "475" 22:53:47.133172011
[2023-07-15T22:53:49Z INFO  dt_instance] received at 2023-07-15 22:53:49.986222725 UTC - from mc-8->source-1 "483" 22:53:49.876203945
[2023-07-15T22:53:52Z INFO  dt_instance] received at 2023-07-15 22:53:52.481832529 UTC - from mc-8->source-5 "478" 22:53:52.360720213
[2023-07-15T22:53:55Z INFO  dt_instance] received at 2023-07-15 22:53:55.253442277 UTC - from mc-8->source-1 "493" 22:53:54.886964630
[2023-07-15T22:53:57Z INFO  dt_instance] received at 2023-07-15 22:53:57.769411322 UTC - from mc-8->source-1 "498" 22:53:57.392875594
[2023-07-15T22:54:00Z INFO  dt_instance] received at 2023-07-15 22:54:00.227070846 UTC - from mc-8->source-6 "490" 22:53:59.672915270
[2023-07-15T22:54:02Z INFO  dt_instance] received at 2023-07-15 22:54:02.626876108 UTC - from mc-8->source-3 "503" 22:54:02.383695841
[2023-07-15T22:54:05Z INFO  dt_instance] received at 2023-07-15 22:54:05.193459556 UTC - from mc-8->source-8 "496" 22:54:05.135994205
[2023-07-15T22:54:07Z INFO  dt_instance] received at 2023-07-15 22:54:07.822011186 UTC - from mc-8->source-5 "508" 22:54:07.395453247
[2023-07-15T22:54:10Z INFO  dt_instance] received at 2023-07-15 22:54:10.152257681 UTC - from mc-8->source-8 "506" 22:54:10.148636026
[2023-07-15T22:54:12Z INFO  dt_instance] received at 2023-07-15 22:54:12.540781202 UTC - from mc-8->source-3 "523" 22:54:12.406321731
[2023-07-15T22:54:15Z INFO  dt_instance] received at 2023-07-15 22:54:15.282924707 UTC - from mc-8->source-4 "526" 22:54:15.213332567
[2023-07-15T22:54:18Z INFO  dt_instance] received at 2023-07-15 22:54:18.229065523 UTC - from mc-8->source-8 "522" 22:54:18.169126272
[2023-07-15T22:54:20Z INFO  dt_instance] received at 2023-07-15 22:54:20.300710082 UTC - from mc-8->source-1 "543" 22:54:19.962240420
[2023-07-15T22:54:22Z INFO  dt_instance] received at 2023-07-15 22:54:22.890145502 UTC - from mc-8->source-2 "546" 22:54:22.734089945
[2023-07-15T22:54:25Z INFO  dt_instance] received at 2023-07-15 22:54:25.501034273 UTC - from mc-8->source-0 "556" 22:54:25.232073024
[2023-07-15T22:54:27Z INFO  dt_instance] received at 2023-07-15 22:54:27.800062437 UTC - from mc-8->source-0 "561" 22:54:27.738795514
[2023-07-15T22:54:30Z INFO  dt_instance] received at 2023-07-15 22:54:30.607637427 UTC - from mc-8->source-4 "552" 22:54:28.246203690
[2023-07-15T22:54:33Z INFO  dt_instance] received at 2023-07-15 22:54:33.399372028 UTC - from mc-8->source-2 "566" 22:54:32.754858464
[2023-07-15T22:54:35Z INFO  dt_instance] received at 2023-07-15 22:54:35.560943727 UTC - from mc-8->source-2 "571" 22:54:35.262047938
[2023-07-15T22:54:37Z INFO  dt_instance] received at 2023-07-15 22:54:37.918774254 UTC - from mc-8->source-2 "576" 22:54:37.769036571
[2023-07-15T22:54:40Z INFO  dt_instance] received at 2023-07-15 22:54:40.480520407 UTC - from mc-8->source-6 "571" 22:54:40.267636710
[2023-07-15T22:54:42Z INFO  dt_instance] received at 2023-07-15 22:54:42.918611372 UTC - from mc-8->source-6 "576" 22:54:42.775162818
[2023-07-15T22:54:45Z INFO  dt_instance] received at 2023-07-15 22:54:45.378378763 UTC - from mc-8->source-6 "581" 22:54:45.281940398
[2023-07-15T22:54:47Z INFO  dt_instance] received at 2023-07-15 22:54:47.826523430 UTC - from mc-8->source-5 "588" 22:54:47.499930956
[2023-07-15T22:54:50Z INFO  dt_instance] received at 2023-07-15 22:54:50.277829003 UTC - from mc-8->source-7 "588" 22:54:49.963028529
[2023-07-15T22:54:52Z INFO  dt_instance] received at 2023-07-15 22:54:52.852261389 UTC - from mc-8->source-8 "591" 22:54:52.749171335
[2023-07-15T22:54:55Z INFO  dt_instance] received at 2023-07-15 22:54:55.377832372 UTC - from mc-8->source-6 "601" 22:54:55.304989506
[2023-07-15T22:54:57Z INFO  dt_instance] received at 2023-07-15 22:54:57.966610086 UTC - from mc-8->source-0 "620" 22:54:57.306888459
[2023-07-15T22:55:02Z INFO  dt_instance] received at 2023-07-15 22:55:02.386112907 UTC - from mc-8->source-1 "623" 22:55:00.064572047
[2023-07-15T22:55:02Z INFO  dt_instance] received at 2023-07-15 22:55:02.916485986 UTC - from mc-8->source-7 "613" 22:55:02.501221543
[2023-07-15T22:55:05Z INFO  dt_instance] received at 2023-07-15 22:55:05.512349797 UTC - from mc-8->source-2 "631" 22:55:05.333405370
[2023-07-15T22:55:08Z INFO  dt_instance] received at 2023-07-15 22:55:08.002326751 UTC - from mc-8->source-9 "618" 22:55:07.510376261
[2023-07-15T22:55:10Z INFO  dt_instance] received at 2023-07-15 22:55:10.526019752 UTC - from mc-8->source-6 "631" 22:55:10.341058206
[2023-07-15T22:55:13Z INFO  dt_instance] received at 2023-07-15 22:55:13.030000094 UTC - from mc-8->source-4 "641" 22:55:12.849473895
[2023-07-15T22:55:15Z INFO  dt_instance] received at 2023-07-15 22:55:15.474402256 UTC - from mc-8->source-6 "641" 22:55:15.354452915
[2023-07-15T22:55:18Z INFO  dt_instance] received at 2023-07-15 22:55:18.914581073 UTC - from mc-8->source-2 "650" 22:55:14.855318226
[2023-07-15T22:55:20Z INFO  dt_instance] received at 2023-07-15 22:55:20.463906154 UTC - from mc-8->source-5 "653" 22:55:20.092289501
[2023-07-15T22:55:23Z INFO  dt_instance] received at 2023-07-15 22:55:23.136333391 UTC - from mc-8->source-7 "652" 22:55:22.047253582
[2023-07-15T22:55:25Z INFO  dt_instance] received at 2023-07-15 22:55:25.470996901 UTC - from mc-8->source-6 "661" 22:55:25.383153574
[2023-07-15T22:55:27Z INFO  dt_instance] received at 2023-07-15 22:55:27.957072774 UTC - from mc-8->source-4 "670" 22:55:27.386355159
[2023-07-15T22:55:30Z INFO  dt_instance] received at 2023-07-15 22:55:30.592862448 UTC - from mc-8->source-3 "676" 22:55:29.091779522
[2023-07-15T22:55:33Z INFO  dt_instance] received at 2023-07-15 22:55:33.808222901 UTC - from mc-8->source-8 "672" 22:55:33.351590580
[2023-07-15T22:55:36Z INFO  dt_instance] received at 2023-07-15 22:55:36.365201328 UTC - from mc-8->source-1 "693" 22:55:35.150361387
[2023-07-15T22:55:38Z INFO  dt_instance] received at 2023-07-15 22:55:38.291309054 UTC - from mc-8->source-1 "699" 22:55:38.157582347
[2023-07-15T22:55:41Z INFO  dt_instance] received at 2023-07-15 22:55:41.105660056 UTC - from mc-8->source-2 "702" 22:55:40.918394254
[2023-07-15T22:55:44Z INFO  dt_instance] received at 2023-07-15 22:55:44.262726781 UTC - from mc-8->source-6 "698" 22:55:43.926376543
[2023-07-15T22:55:46Z INFO  dt_instance] received at 2023-07-15 22:55:46.536373970 UTC - from mc-8->source-2 "713" 22:55:46.433462587
[2023-07-15T22:55:48Z INFO  dt_instance] received at 2023-07-15 22:55:48.862618705 UTC - from mc-8->source-5 "698" 22:55:42.652485503
[2023-07-15T22:55:50Z INFO  dt_instance] received at 2023-07-15 22:55:50.569443545 UTC - from mc-8->source-7 "708" 22:55:50.114538312
[2023-07-15T22:55:52Z INFO  dt_instance] received at 2023-07-15 22:55:52.827998605 UTC - from mc-8->source-9 "708" 22:55:52.619557044
[2023-07-15T22:55:55Z INFO  dt_instance] received at 2023-07-15 22:55:55.471952255 UTC - from mc-8->source-8 "716" 22:55:55.413409153
[2023-07-15T22:55:57Z INFO  dt_instance] received at 2023-07-15 22:55:57.987352145 UTC - from mc-8->source-0 "741" 22:55:57.947379926
[2023-07-15T22:56:00Z INFO  dt_instance] received at 2023-07-15 22:56:00.546657134 UTC - from mc-8->source-4 "736" 22:56:00.468004169
[2023-07-15T22:56:03Z INFO  dt_instance] received at 2023-07-15 22:56:03.219434401 UTC - from mc-8->source-7 "734" 22:56:03.146143771
[2023-07-15T22:56:05Z INFO  dt_instance] received at 2023-07-15 22:56:05.581876009 UTC - from mc-8->source-0 "756" 22:56:05.466402061
[2023-07-15T22:56:10Z INFO  dt_instance] received at 2023-07-15 22:56:10.532838110 UTC - from mc-8->source-2 "757" 22:56:08.483268818
[2023-07-15T22:56:11Z INFO  dt_instance] received at 2023-07-15 22:56:11.964934159 UTC - from mc-8->source-9 "744" 22:56:10.662192046
[2023-07-15T22:56:14Z INFO  dt_instance] received at 2023-07-15 22:56:14.122773434 UTC - from mc-8->source-3 "765" 22:56:13.724259945
[2023-07-15T22:56:16Z INFO  dt_instance] received at 2023-07-15 22:56:16.827614100 UTC - from mc-8->source-3 "771" 22:56:16.731685698
[2023-07-15T22:56:20Z INFO  dt_instance] received at 2023-07-15 22:56:20.155208207 UTC - from mc-8->source-2 "780" 22:56:20.009088744
[2023-07-15T22:56:23Z INFO  dt_instance] received at 2023-07-15 22:56:23.632540137 UTC - from mc-8->source-5 "779" 22:56:23.251806167
[2023-07-15T22:56:27Z INFO  dt_instance] received at 2023-07-15 22:56:27.312440572 UTC - from mc-8->source-0 "789" 22:56:22.003156309
[2023-07-15T22:56:29Z INFO  dt_instance] received at 2023-07-15 22:56:29.363390592 UTC - from mc-8->source-0 "803" 22:56:29.022202871
[2023-07-15T22:56:31Z INFO  dt_instance] received at 2023-07-15 22:56:31.285250546 UTC - from mc-8->source-4 "786" 22:56:25.525929710
[2023-07-15T22:56:33Z INFO  dt_instance] received at 2023-07-15 22:56:33.460626762 UTC - from mc-8->source-3 "804" 22:56:33.270883199
[2023-07-15T22:56:35Z INFO  dt_instance] received at 2023-07-15 22:56:35.475935920 UTC - from mc-8->source-8 "794" 22:56:34.505827428
[2023-07-15T22:56:36Z INFO  dt_instance] received at 2023-07-15 22:56:36.291356068 UTC - from mc-8->source-7 "799" 22:56:35.734525297
[2023-07-15T22:56:38Z INFO  dt_instance] received at 2023-07-15 22:56:38.332229091 UTC - from mc-8->source-3 "814" 22:56:38.280830359
[2023-07-15T22:56:41Z INFO  dt_instance] received at 2023-07-15 22:56:41.386308417 UTC - from mc-8->source-1 "825" 22:56:41.320751024
[2023-07-15T22:56:43Z INFO  dt_instance] received at 2023-07-15 22:56:43.223983088 UTC - from mc-8->source-8 "811" 22:56:43.023914168
[2023-07-15T22:56:45Z INFO  dt_instance] received at 2023-07-15 22:56:45.504400792 UTC - from mc-8->source-6 "820" 22:56:45.069158430
[2023-07-15T22:56:53Z INFO  dt_instance] received at 2023-07-15 22:56:53.949099586 UTC - from mc-8->source-6 "826" 22:56:48.075421888
[2023-07-15T22:56:55Z INFO  dt_instance] received at 2023-07-15 22:56:55.376229960 UTC - from mc-8->source-2 "839" 22:56:49.574762574
[2023-07-15T22:56:57Z INFO  dt_instance] received at 2023-07-15 22:56:57.944398144 UTC - from mc-8->source-7 "834" 22:56:53.271412232
[2023-07-15T22:56:59Z INFO  dt_instance] received at 2023-07-15 22:56:59.119798232 UTC - from mc-8->source-3 "849" 22:56:55.816799843
[2023-07-15T22:57:00Z INFO  dt_instance] received at 2023-07-15 22:57:00.186657429 UTC - from mc-8->source-6 "847" 22:56:58.600318307
[2023-07-15T22:57:01Z INFO  dt_instance] received at 2023-07-15 22:57:01.027146897 UTC - from mc-8->source-1 "863" 22:57:00.380754777
[2023-07-15T22:57:03Z INFO  dt_instance] received at 2023-07-15 22:57:03.230391446 UTC - from mc-8->source-0 "870" 22:57:02.596216790
[2023-07-15T22:57:05Z INFO  dt_instance] received at 2023-07-15 22:57:05.637756810 UTC - from mc-8->source-0 "876" 22:57:05.604311314
[2023-07-15T22:57:10Z INFO  dt_instance] received at 2023-07-15 22:57:10.178324277 UTC - from mc-8->source-4 "871" 22:57:08.125990206
[2023-07-15T22:57:11Z INFO  dt_instance] received at 2023-07-15 22:57:11.531952413 UTC - from mc-8->source-7 "869" 22:57:10.811669577
[2023-07-15T22:57:13Z INFO  dt_instance] received at 2023-07-15 22:57:13.725110242 UTC - from mc-8->source-5 "879" 22:57:13.365220
[2023-07-15T22:57:16Z INFO  dt_instance] received at 2023-07-15 22:57:16.181414559 UTC - from mc-8->source-2 "892" 22:57:16.134821812
[2023-07-15T22:57:18Z INFO  dt_instance] received at 2023-07-15 22:57:18.269632344 UTC - from mc-8->source-0 "901" 22:57:18.134440617
[2023-07-15T22:57:20Z INFO  dt_instance] received at 2023-07-15 22:57:20.959659245 UTC - from mc-8->source-8 "886" 22:57:20.626629163
[2023-07-15T22:57:23Z INFO  dt_instance] received at 2023-07-15 22:57:23.197759515 UTC - from mc-8->source-4 "901" 22:57:23.159310280
[2023-07-15T22:57:25Z INFO  dt_instance] received at 2023-07-15 22:57:25.845796589 UTC - from mc-8->source-0 "916" 22:57:25.653889538
[2023-07-15T22:57:28Z INFO  dt_instance] received at 2023-07-15 22:57:28.894484461 UTC - from mc-8->source-3 "913" 22:57:27.889603675
[2023-07-15T22:57:31Z INFO  dt_instance] received at 2023-07-15 22:57:31.344511838 UTC - from mc-8->source-9 "904" 22:57:30.863550047
[2023-07-15T22:57:33Z INFO  dt_instance] received at 2023-07-15 22:57:33.672611673 UTC - from mc-8->source-7 "911" 22:57:31.866435300
[2023-07-15T22:57:36Z INFO  dt_instance] received at 2023-07-15 22:57:36.253130543 UTC - from mc-8->source-6 "922" 22:57:36.197894909
[2023-07-15T22:57:38Z INFO  dt_instance] received at 2023-07-15 22:57:38.383398443 UTC - from mc-8->source-5 "927" 22:57:37.433992624
[2023-07-15T22:57:40Z INFO  dt_instance] received at 2023-07-15 22:57:40.574420808 UTC - from mc-8->source-5 "933" 22:57:40.440764897
[2023-07-15T22:57:43Z INFO  dt_instance] received at 2023-07-15 22:57:43.447356182 UTC - from mc-8->source-8 "931" 22:57:43.185181248
[2023-07-15T22:57:46Z INFO  dt_instance] received at 2023-07-15 22:57:46.021237186 UTC - from mc-8->source-4 "945" 22:57:45.210831702
[2023-07-15T22:57:50Z INFO  dt_instance] received at 2023-07-15 22:57:50.226113942 UTC - from mc-8->source-8 "941" 22:57:48.196963549
[2023-07-15T22:57:50Z INFO  dt_instance] received at 2023-07-15 22:57:50.968489376 UTC - from mc-8->source-4 "956" 22:57:50.724555017
[2023-07-15T22:57:53Z INFO  dt_instance] received at 2023-07-15 22:57:53.235692095 UTC - from mc-8->source-8 "951" 22:57:53.210792163
[2023-07-15T22:57:55Z INFO  dt_instance] received at 2023-07-15 22:57:55.820889716 UTC - from mc-8->source-3 "968" 22:57:55.462568919
[2023-07-15T22:57:58Z INFO  dt_instance] received at 2023-07-15 22:57:58.798110783 UTC - from mc-8->source-8 "961" 22:57:58.222426347
[2023-07-15T22:58:01Z INFO  dt_instance] received at 2023-07-15 22:58:01.360363517 UTC - from mc-8->source-2 "982" 22:58:01.252325433
[2023-07-15T22:58:03Z INFO  dt_instance] received at 2023-07-15 22:58:03.351044982 UTC - from mc-8->source-6 "976" 22:58:03.257370477
[2023-07-15T22:58:06Z INFO  dt_instance] received at 2023-07-15 22:58:06.043137836 UTC - from mc-8->source-3 "989" 22:58:05.987019516
[2023-07-15T22:58:08Z INFO  dt_instance] received at 2023-07-15 22:58:08.859424803 UTC - from mc-8->source-3 "992" 22:58:07.490540497
[2023-07-15T22:58:11Z INFO  dt_instance] received at 2023-07-15 22:58:11.733498851 UTC - from mc-8->source-7 "990" 22:58:11.472255066
[2023-07-15T22:58:18Z INFO  dt_instance] received at 2023-07-15 22:58:18.554039511 UTC - from mc-8->source-9 "999" 22:58:18.490682144
