[2023-07-15T22:42:45Z INFO  dt_instance] Current Twin: mc-twin-17
[2023-07-15T22:42:45Z INFO  dt_instance] Replica Name twin-mc-stateful-17
[2023-07-15T22:42:45Z INFO  dt_instance] Sleeping for 850
[2023-07-15T22:56:55Z INFO  dt_instance] Connecting to broker at emqx.dtwins:1883
[2023-07-15T22:56:55Z INFO  dt_instance] Loggin info each 50 messages
[2023-07-15T22:56:55Z INFO  dt_instance] Set max packet size to 60000 KB.
[2023-07-15T22:56:56Z INFO  dt_instance] Refreshing topics for twin - Listen to mc-17/#
[2023-07-15T22:56:56Z INFO  dt_instance] SubAck { pkid: 1, return_codes: [Success(ExactlyOnce)] }
[2023-07-15T22:58:07Z INFO  dt_instance] received at 2023-07-15 22:58:07.107504512 UTC - from mc-17->source-1 "12" 22:58:07.036614991
[2023-07-15T22:58:13Z INFO  dt_instance] received at 2023-07-15 22:58:13.740904126 UTC - from mc-17->source-3 "14" 22:58:10.534861502
[2023-07-15T22:58:14Z INFO  dt_instance] received at 2023-07-15 22:58:14.352829395 UTC - from mc-17->source-0 "27" 22:58:13.299622673
[2023-07-15T22:58:16Z INFO  dt_instance] received at 2023-07-15 22:58:16.636852780 UTC - from mc-17->source-7 "16" 22:58:16.537836366
[2023-07-15T22:58:19Z INFO  dt_instance] received at 2023-07-15 22:58:19.216097694 UTC - from mc-17->source-1 "36" 22:58:19.063542867
[2023-07-15T22:58:21Z INFO  dt_instance] received at 2023-07-15 22:58:21.654588043 UTC - from mc-17->source-4 "11" 22:58:10.283491203
[2023-07-15T22:58:22Z INFO  dt_instance] received at 2023-07-15 22:58:22.861519996 UTC - from mc-17->source-6 "31" 22:58:22.800998543
[2023-07-15T22:58:25Z INFO  dt_instance] received at 2023-07-15 22:58:25.402754015 UTC - from mc-17->source-5 "38" 22:58:25.063186902
[2023-07-15T22:58:27Z INFO  dt_instance] received at 2023-07-15 22:58:27.911256538 UTC - from mc-17->source-5 "43" 22:58:27.567376031
[2023-07-15T22:58:30Z INFO  dt_instance] received at 2023-07-15 22:58:30.973255322 UTC - from mc-17->source-7 "44" 22:58:30.569580204
[2023-07-15T22:58:32Z INFO  dt_instance] received at 2023-07-15 22:58:32.687192545 UTC - from mc-17->source-9 "43" 22:58:32.569392761
[2023-07-15T22:58:35Z INFO  dt_instance] received at 2023-07-15 22:58:35.659958606 UTC - from mc-17->source-6 "56" 22:58:35.328912444
[2023-07-15T22:58:38Z INFO  dt_instance] received at 2023-07-15 22:58:38.019565571 UTC - from mc-17->source-9 "53" 22:58:37.580694093
[2023-07-15T22:58:40Z INFO  dt_instance] received at 2023-07-15 22:58:40.771435715 UTC - from mc-17->source-7 "64" 22:58:40.591795359
[2023-07-15T22:58:43Z INFO  dt_instance] received at 2023-07-15 22:58:43.109444262 UTC - from mc-17->source-2 "81" 22:58:42.860856141
[2023-07-15T22:58:45Z INFO  dt_instance] received at 2023-07-15 22:58:45.986582096 UTC - from mc-17->source-3 "84" 22:58:45.617437071
[2023-07-15T22:58:48Z INFO  dt_instance] received at 2023-07-15 22:58:48.756888056 UTC - from mc-17->source-1 "95" 22:58:48.630395541
[2023-07-15T22:58:51Z INFO  dt_instance] received at 2023-07-15 22:58:51.489658114 UTC - from mc-17->source-3 "95" 22:58:51.129344248
[2023-07-15T22:58:53Z INFO  dt_instance] received at 2023-07-15 22:58:53.444434389 UTC - from mc-17->source-5 "94" 22:58:53.133658589
[2023-07-15T22:58:55Z INFO  dt_instance] received at 2023-07-15 22:58:55.795866413 UTC - from mc-17->source-5 "99" 22:58:55.639083673
[2023-07-15T22:58:58Z INFO  dt_instance] received at 2023-07-15 22:58:58.832493352 UTC - from mc-17->source-4 "103" 22:58:56.389817035
[2023-07-15T22:59:00Z INFO  dt_instance] received at 2023-07-15 22:59:00.818163901 UTC - from mc-17->source-7 "104" 22:59:00.640058306
[2023-07-15T22:59:03Z INFO  dt_instance] received at 2023-07-15 22:59:03.234620346 UTC - from mc-17->source-0 "126" 22:59:02.919301352
[2023-07-15T22:59:06Z INFO  dt_instance] received at 2023-07-15 22:59:06.259438054 UTC - from mc-17->source-4 "120" 22:59:04.910449480
[2023-07-15T22:59:08Z INFO  dt_instance] received at 2023-07-15 22:59:08.193343133 UTC - from mc-17->source-7 "119" 22:59:08.159027939
[2023-07-15T22:59:10Z INFO  dt_instance] received at 2023-07-15 22:59:10.521356671 UTC - from mc-17->source-2 "136" 22:59:10.422842382
[2023-07-15T22:59:13Z INFO  dt_instance] received at 2023-07-15 22:59:13.044962428 UTC - from mc-17->source-5 "133" 22:59:12.677736421
[2023-07-15T22:59:15Z INFO  dt_instance] received at 2023-07-15 22:59:15.820709370 UTC - from mc-17->source-0 "151" 22:59:15.461822348
[2023-07-15T22:59:18Z INFO  dt_instance] received at 2023-07-15 22:59:18.004768150 UTC - from mc-17->source-8 "136" 22:59:17.929963702
[2023-07-15T22:59:20Z INFO  dt_instance] received at 2023-07-15 22:59:20.550432818 UTC - from mc-17->source-6 "146" 22:59:20.476066342
[2023-07-15T22:59:23Z INFO  dt_instance] received at 2023-07-15 22:59:23.232203575 UTC - from mc-17->source-9 "144" 22:59:23.191243261
[2023-07-15T22:59:26Z INFO  dt_instance] received at 2023-07-15 22:59:26.141502122 UTC - from mc-17->source-2 "167" 22:59:25.991584362
[2023-07-15T22:59:29Z INFO  dt_instance] received at 2023-07-15 22:59:29.563378504 UTC - from mc-17->source-8 "155" 22:59:27.456712530
[2023-07-15T22:59:32Z INFO  dt_instance] received at 2023-07-15 22:59:32.080711224 UTC - from mc-17->source-8 "164" 22:59:31.969201770
[2023-07-15T22:59:34Z INFO  dt_instance] received at 2023-07-15 22:59:34.567953072 UTC - from mc-17->source-8 "169" 22:59:34.474331663
[2023-07-15T22:59:36Z INFO  dt_instance] received at 2023-07-15 22:59:36.884383616 UTC - from mc-17->source-5 "181" 22:59:36.736297618
[2023-07-15T22:59:38Z INFO  dt_instance] received at 2023-07-15 22:59:38.049467547 UTC - from mc-17->source-8 "175" 22:59:37.484017555
[2023-07-15T22:59:40Z INFO  dt_instance] received at 2023-07-15 22:59:40.651376949 UTC - from mc-17->source-6 "185" 22:59:40.024958675
[2023-07-15T22:59:43Z INFO  dt_instance] received at 2023-07-15 22:59:43.338749270 UTC - from mc-17->source-1 "204" 22:59:43.261701802
[2023-07-15T22:59:45Z INFO  dt_instance] received at 2023-07-15 22:59:45.653949803 UTC - from mc-17->source-1 "208" 22:59:45.267279074
[2023-07-15T22:59:48Z INFO  dt_instance] received at 2023-07-15 22:59:48.198294203 UTC - from mc-17->source-2 "211" 22:59:48.045040376
[2023-07-15T22:59:50Z INFO  dt_instance] received at 2023-07-15 22:59:50.629646155 UTC - from mc-17->source-2 "216" 22:59:50.549951411
[2023-07-15T22:59:53Z INFO  dt_instance] received at 2023-07-15 22:59:53.423862049 UTC - from mc-17->source-6 "211" 22:59:53.054656518
[2023-07-15T22:59:55Z INFO  dt_instance] received at 2023-07-15 22:59:55.789043009 UTC - from mc-17->source-5 "218" 22:59:55.283151760
[2023-07-15T22:59:58Z INFO  dt_instance] received at 2023-07-15 22:59:58.869825045 UTC - from mc-17->source-6 "217" 22:59:56.061401640
[2023-07-15T23:00:00Z INFO  dt_instance] received at 2023-07-15 23:00:00.935523237 UTC - from mc-17->source-2 "236" 23:00:00.571663360
[2023-07-15T23:00:03Z INFO  dt_instance] received at 2023-07-15 23:00:03.818606650 UTC - from mc-17->source-0 "245" 23:00:02.571190731
[2023-07-15T23:00:06Z INFO  dt_instance] received at 2023-07-15 23:00:06.454489330 UTC - from mc-17->source-7 "235" 23:00:06.295692741
[2023-07-15T23:00:09Z INFO  dt_instance] received at 2023-07-15 23:00:09.319497344 UTC - from mc-17->source-2 "241" 23:00:03.078606593
[2023-07-15T23:00:11Z INFO  dt_instance] received at 2023-07-15 23:00:11.692037099 UTC - from mc-17->source-4 "253" 23:00:11.594337592
[2023-07-15T23:00:14Z INFO  dt_instance] received at 2023-07-15 23:00:14.206734980 UTC - from mc-17->source-3 "259" 23:00:13.328111609
[2023-07-15T23:00:17Z INFO  dt_instance] received at 2023-07-15 23:00:17.440384774 UTC - from mc-17->source-3 "267" 23:00:17.336486697
[2023-07-15T23:00:19Z INFO  dt_instance] received at 2023-07-15 23:00:19.894487128 UTC - from mc-17->source-5 "266" 23:00:19.340034535
[2023-07-15T23:00:23Z INFO  dt_instance] received at 2023-07-15 23:00:23.106616982 UTC - from mc-17->source-3 "278" 23:00:22.849319514
[2023-07-15T23:00:25Z INFO  dt_instance] received at 2023-07-15 23:00:25.691162601 UTC - from mc-17->source-7 "271" 23:00:24.338241844
[2023-07-15T23:00:28Z INFO  dt_instance] received at 2023-07-15 23:00:28.534863209 UTC - from mc-17->source-7 "279" 23:00:28.347973079
[2023-07-15T23:00:32Z INFO  dt_instance] received at 2023-07-15 23:00:32.409105814 UTC - from mc-17->source-0 "290" 23:00:25.128250687
[2023-07-15T23:00:33Z INFO  dt_instance] received at 2023-07-15 23:00:33.794407295 UTC - from mc-17->source-8 "259" 23:00:19.593606764
[2023-07-15T23:00:35Z INFO  dt_instance] received at 2023-07-15 23:00:35.853539736 UTC - from mc-17->source-6 "292" 23:00:33.652471666
[2023-07-15T23:00:36Z INFO  dt_instance] received at 2023-07-15 23:00:36.854860451 UTC - from mc-17->source-8 "292" 23:00:36.131835635
[2023-07-15T23:00:41Z INFO  dt_instance] received at 2023-07-15 23:00:41.292558564 UTC - from mc-17->source-8 "296" 23:00:38.136450514
[2023-07-15T23:00:42Z INFO  dt_instance] received at 2023-07-15 23:00:42.965541954 UTC - from mc-17->source-4 "311" 23:00:40.672044635
[2023-07-15T23:00:43Z INFO  dt_instance] received at 2023-07-15 23:00:43.673895826 UTC - from mc-17->source-5 "313" 23:00:42.897562953
[2023-07-15T23:00:46Z INFO  dt_instance] received at 2023-07-15 23:00:46.802031168 UTC - from mc-17->source-3 "316" 23:00:41.895084095
[2023-07-15T23:00:50Z INFO  dt_instance] received at 2023-07-15 23:00:50.341838094 UTC - from mc-17->source-3 "329" 23:00:48.409602638
[2023-07-15T23:00:53Z INFO  dt_instance] received at 2023-07-15 23:00:53.370859947 UTC - from mc-17->source-7 "325" 23:00:51.404788544
[2023-07-15T23:00:58Z INFO  dt_instance] received at 2023-07-15 23:00:58.274149400 UTC - from mc-17->source-8 "333" 23:00:56.680672885
[2023-07-15T23:00:59Z INFO  dt_instance] received at 2023-07-15 23:00:59.847750074 UTC - from mc-17->source-5 "346" 23:00:59.439174562
[2023-07-15T23:01:02Z INFO  dt_instance] received at 2023-07-15 23:01:02.209706710 UTC - from mc-17->source-6 "347" 23:01:01.211261001
[2023-07-15T23:01:03Z INFO  dt_instance] received at 2023-07-15 23:01:03.866254541 UTC - from mc-17->source-6 "352" 23:01:03.717405218
[2023-07-15T23:01:05Z INFO  dt_instance] received at 2023-07-15 23:01:05.054215774 UTC - from mc-17->source-2 "358" 23:01:01.726899453
[2023-07-15T23:01:07Z INFO  dt_instance] received at 2023-07-15 23:01:07.873934940 UTC - from mc-17->source-4 "365" 23:01:07.745680935
[2023-07-15T23:01:10Z INFO  dt_instance] received at 2023-07-15 23:01:10.125794369 UTC - from mc-17->source-7 "338" 23:00:57.918540564
[2023-07-15T23:01:11Z INFO  dt_instance] received at 2023-07-15 23:01:11.417907788 UTC - from mc-17->source-5 "368" 23:01:10.466300841
[2023-07-15T23:01:14Z INFO  dt_instance] received at 2023-07-15 23:01:14.435099061 UTC - from mc-17->source-6 "371" 23:01:13.242250673
[2023-07-15T23:01:16Z INFO  dt_instance] received at 2023-07-15 23:01:16.575181555 UTC - from mc-17->source-7 "374" 23:01:15.960718171
[2023-07-15T23:01:18Z INFO  dt_instance] received at 2023-07-15 23:01:18.905711881 UTC - from mc-17->source-2 "392" 23:01:18.766996335
[2023-07-15T23:01:21Z INFO  dt_instance] received at 2023-07-15 23:01:21.315063894 UTC - from mc-17->source-9 "377" 23:01:19.978403426
[2023-07-15T23:01:23Z INFO  dt_instance] received at 2023-07-15 23:01:23.507841869 UTC - from mc-17->source-7 "389" 23:01:23.476483869
[2023-07-15T23:01:26Z INFO  dt_instance] received at 2023-07-15 23:01:26.215820010 UTC - from mc-17->source-5 "399" 23:01:25.998531810
[2023-07-15T23:01:28Z INFO  dt_instance] received at 2023-07-15 23:01:28.980548650 UTC - from mc-17->source-9 "394" 23:01:28.498020454
[2023-07-15T23:01:31Z INFO  dt_instance] received at 2023-07-15 23:01:31.367647242 UTC - from mc-17->source-3 "404" 23:01:25.999712573
[2023-07-15T23:01:33Z INFO  dt_instance] received at 2023-07-15 23:01:33.342371494 UTC - from mc-17->source-6 "410" 23:01:32.786278386
[2023-07-15T23:01:35Z INFO  dt_instance] received at 2023-07-15 23:01:35.895194467 UTC - from mc-17->source-5 "418" 23:01:35.519403391
[2023-07-15T23:01:38Z INFO  dt_instance] received at 2023-07-15 23:01:38.199231938 UTC - from mc-17->source-6 "420" 23:01:37.797408704
[2023-07-15T23:01:40Z INFO  dt_instance] received at 2023-07-15 23:01:40.914116583 UTC - from mc-17->source-2 "436" 23:01:40.815584258
[2023-07-15T23:01:43Z INFO  dt_instance] received at 2023-07-15 23:01:43.362793550 UTC - from mc-17->source-5 "433" 23:01:43.038739700
[2023-07-15T23:01:45Z INFO  dt_instance] received at 2023-07-15 23:01:45.685759026 UTC - from mc-17->source-1 "448" 23:01:45.563882550
[2023-07-15T23:01:48Z INFO  dt_instance] received at 2023-07-15 23:01:48.455605304 UTC - from mc-17->source-5 "443" 23:01:48.048959669
[2023-07-15T23:01:50Z INFO  dt_instance] received at 2023-07-15 23:01:50.943998888 UTC - from mc-17->source-5 "448" 23:01:50.555996978
[2023-07-15T23:01:53Z INFO  dt_instance] received at 2023-07-15 23:01:53.103288493 UTC - from mc-17->source-1 "463" 23:01:53.079742900
[2023-07-15T23:01:55Z INFO  dt_instance] received at 2023-07-15 23:01:55.662398540 UTC - from mc-17->source-5 "458" 23:01:55.566364370
[2023-07-15T23:01:58Z INFO  dt_instance] received at 2023-07-15 23:01:58.417895770 UTC - from mc-17->source-4 "466" 23:01:58.363562432
[2023-07-15T23:02:00Z INFO  dt_instance] received at 2023-07-15 23:02:00.816032032 UTC - from mc-17->source-3 "473" 23:02:00.582618517
[2023-07-15T23:02:03Z INFO  dt_instance] received at 2023-07-15 23:02:03.375060341 UTC - from mc-17->source-9 "463" 23:02:03.081785862
[2023-07-15T23:02:05Z INFO  dt_instance] received at 2023-07-15 23:02:05.813783982 UTC - from mc-17->source-1 "488" 23:02:05.617607521
[2023-07-15T23:02:08Z INFO  dt_instance] received at 2023-07-15 23:02:08.442233126 UTC - from mc-17->source-0 "496" 23:02:08.383601936
[2023-07-15T23:02:11Z INFO  dt_instance] received at 2023-07-15 23:02:11.047582555 UTC - from mc-17->source-1 "498" 23:02:10.628865214
[2023-07-15T23:02:13Z INFO  dt_instance] received at 2023-07-15 23:02:13.554719863 UTC - from mc-17->source-1 "503" 23:02:13.134847569
[2023-07-15T23:02:15Z INFO  dt_instance] received at 2023-07-15 23:02:15.774937152 UTC - from mc-17->source-1 "508" 23:02:15.639463711
[2023-07-15T23:02:18Z INFO  dt_instance] received at 2023-07-15 23:02:18.603804630 UTC - from mc-17->source-7 "498" 23:02:18.121188374
[2023-07-15T23:02:20Z INFO  dt_instance] received at 2023-07-15 23:02:20.999138880 UTC - from mc-17->source-2 "516" 23:02:20.908472343
[2023-07-15T23:02:23Z INFO  dt_instance] received at 2023-07-15 23:02:23.424252210 UTC - from mc-17->source-6 "511" 23:02:23.410860670
[2023-07-15T23:02:25Z INFO  dt_instance] received at 2023-07-15 23:02:25.821865261 UTC - from mc-17->source-5 "518" 23:02:25.648187403
[2023-07-15T23:02:28Z INFO  dt_instance] received at 2023-07-15 23:02:28.451616333 UTC - from mc-17->source-9 "513" 23:02:28.154169784
[2023-07-15T23:02:30Z INFO  dt_instance] received at 2023-07-15 23:02:30.834862812 UTC - from mc-17->source-9 "518" 23:02:30.662586671
[2023-07-15T23:02:33Z INFO  dt_instance] received at 2023-07-15 23:02:33.375083743 UTC - from mc-17->source-1 "543" 23:02:33.181769499
[2023-07-15T23:02:35Z INFO  dt_instance] received at 2023-07-15 23:02:35.713599284 UTC - from mc-17->source-1 "548" 23:02:35.686381251
[2023-07-15T23:02:38Z INFO  dt_instance] received at 2023-07-15 23:02:38.448316720 UTC - from mc-17->source-8 "536" 23:02:38.431150547
[2023-07-15T23:02:40Z INFO  dt_instance] received at 2023-07-15 23:02:40.971456949 UTC - from mc-17->source-1 "558" 23:02:40.703565491
[2023-07-15T23:02:43Z INFO  dt_instance] received at 2023-07-15 23:02:43.310857280 UTC - from mc-17->source-1 "563" 23:02:43.208638635
[2023-07-15T23:02:45Z INFO  dt_instance] received at 2023-07-15 23:02:45.849722999 UTC - from mc-17->source-9 "548" 23:02:45.712466913
[2023-07-15T23:02:48Z INFO  dt_instance] received at 2023-07-15 23:02:48.374760561 UTC - from mc-17->source-3 "568" 23:02:48.217436444
[2023-07-15T23:02:50Z INFO  dt_instance] received at 2023-07-15 23:02:50.842716085 UTC - from mc-17->source-5 "568" 23:02:50.723891015
[2023-07-15T23:02:53Z INFO  dt_instance] received at 2023-07-15 23:02:53.256553519 UTC - from mc-17->source-1 "583" 23:02:53.233558938
[2023-07-15T23:02:55Z INFO  dt_instance] received at 2023-07-15 23:02:55.832978719 UTC - from mc-17->source-1 "588" 23:02:55.738545870
[2023-07-15T23:02:58Z INFO  dt_instance] received at 2023-07-15 23:02:58.407704858 UTC - from mc-17->source-9 "573" 23:02:58.243092807
[2023-07-15T23:03:00Z INFO  dt_instance] received at 2023-07-15 23:03:00.801285024 UTC - from mc-17->source-1 "598" 23:03:00.750597199
[2023-07-15T23:03:03Z INFO  dt_instance] received at 2023-07-15 23:03:03.390299961 UTC - from mc-17->source-3 "598" 23:03:03.251771937
[2023-07-15T23:03:05Z INFO  dt_instance] received at 2023-07-15 23:03:05.919448417 UTC - from mc-17->source-1 "608" 23:03:05.764523040
[2023-07-15T23:03:08Z INFO  dt_instance] received at 2023-07-15 23:03:08.587011373 UTC - from mc-17->source-7 "598" 23:03:08.235200723
[2023-07-15T23:03:10Z INFO  dt_instance] received at 2023-07-15 23:03:10.937544871 UTC - from mc-17->source-5 "608" 23:03:10.776336249
[2023-07-15T23:03:13Z INFO  dt_instance] received at 2023-07-15 23:03:13.477524612 UTC - from mc-17->source-3 "618" 23:03:13.279184841
[2023-07-15T23:03:15Z INFO  dt_instance] received at 2023-07-15 23:03:15.848729052 UTC - from mc-17->source-3 "623" 23:03:15.785175505
[2023-07-15T23:03:18Z INFO  dt_instance] received at 2023-07-15 23:03:18.525279192 UTC - from mc-17->source-5 "623" 23:03:18.295014202
[2023-07-15T23:03:20Z INFO  dt_instance] received at 2023-07-15 23:03:20.876990544 UTC - from mc-17->source-1 "638" 23:03:20.799835537
[2023-07-15T23:03:23Z INFO  dt_instance] received at 2023-07-15 23:03:23.532484697 UTC - from mc-17->source-1 "643" 23:03:23.305390069
[2023-07-15T23:03:26Z INFO  dt_instance] received at 2023-07-15 23:03:26.015201770 UTC - from mc-17->source-3 "643" 23:03:25.806379359
[2023-07-15T23:03:28Z INFO  dt_instance] received at 2023-07-15 23:03:28.643046231 UTC - from mc-17->source-1 "653" 23:03:28.316450050
[2023-07-15T23:03:31Z INFO  dt_instance] received at 2023-07-15 23:03:31.023874891 UTC - from mc-17->source-9 "638" 23:03:30.820778823
[2023-07-15T23:03:33Z INFO  dt_instance] received at 2023-07-15 23:03:33.411394421 UTC - from mc-17->source-5 "653" 23:03:33.329715246
[2023-07-15T23:03:35Z INFO  dt_instance] received at 2023-07-15 23:03:35.949650424 UTC - from mc-17->source-3 "663" 23:03:35.830382632
[2023-07-15T23:03:38Z INFO  dt_instance] received at 2023-07-15 23:03:38.376499277 UTC - from mc-17->source-9 "653" 23:03:38.337306147
[2023-07-15T23:03:40Z INFO  dt_instance] received at 2023-07-15 23:03:40.961527236 UTC - from mc-17->source-5 "668" 23:03:40.845576449
[2023-07-15T23:03:43Z INFO  dt_instance] received at 2023-07-15 23:03:43.572703593 UTC - from mc-17->source-1 "683" 23:03:43.350013670
[2023-07-15T23:03:46Z INFO  dt_instance] received at 2023-07-15 23:03:46.097450638 UTC - from mc-17->source-9 "668" 23:03:45.856579684
[2023-07-15T23:03:48Z INFO  dt_instance] received at 2023-07-15 23:03:48.540724024 UTC - from mc-17->source-7 "678" 23:03:48.324237850
[2023-07-15T23:03:50Z INFO  dt_instance] received at 2023-07-15 23:03:50.881749939 UTC - from mc-17->source-1 "698" 23:03:50.869387423
[2023-07-15T23:03:53Z INFO  dt_instance] received at 2023-07-15 23:03:53.420221666 UTC - from mc-17->source-1 "703" 23:03:53.374639629
[2023-07-15T23:03:55Z INFO  dt_instance] received at 2023-07-15 23:03:55.934678507 UTC - from mc-17->source-9 "688" 23:03:55.880523074
[2023-07-15T23:03:58Z INFO  dt_instance] received at 2023-07-15 23:03:58.429148375 UTC - from mc-17->source-9 "693" 23:03:58.388928560
[2023-07-15T23:04:00Z INFO  dt_instance] received at 2023-07-15 23:04:00.949464213 UTC - from mc-17->source-9 "698" 23:04:00.895817344
[2023-07-15T23:04:03Z INFO  dt_instance] received at 2023-07-15 23:04:03.610596733 UTC - from mc-17->source-3 "718" 23:04:03.393623542
[2023-07-15T23:04:06Z INFO  dt_instance] received at 2023-07-15 23:04:06.051413079 UTC - from mc-17->source-7 "713" 23:04:05.868843839
[2023-07-15T23:04:08Z INFO  dt_instance] received at 2023-07-15 23:04:08.685381822 UTC - from mc-17->source-1 "733" 23:04:08.422577626
[2023-07-15T23:04:11Z INFO  dt_instance] received at 2023-07-15 23:04:11.018337956 UTC - from mc-17->source-9 "718" 23:04:10.928403217
[2023-07-15T23:04:13Z INFO  dt_instance] received at 2023-07-15 23:04:13.593371846 UTC - from mc-17->source-3 "738" 23:04:13.418025956
[2023-07-15T23:04:16Z INFO  dt_instance] received at 2023-07-15 23:04:16.124650199 UTC - from mc-17->source-1 "748" 23:04:15.940658343
[2023-07-15T23:04:18Z INFO  dt_instance] received at 2023-07-15 23:04:18.864342100 UTC - from mc-17->source-1 "753" 23:04:18.445441297
[2023-07-15T23:04:20Z INFO  dt_instance] received at 2023-07-15 23:04:20.963682976 UTC - from mc-17->source-9 "738" 23:04:20.950317237
[2023-07-15T23:04:23Z INFO  dt_instance] received at 2023-07-15 23:04:23.505774584 UTC - from mc-17->source-9 "743" 23:04:23.455287393
[2023-07-15T23:04:25Z INFO  dt_instance] received at 2023-07-15 23:04:25.981412466 UTC - from mc-17->source-9 "748" 23:04:25.967227696
[2023-07-15T23:04:28Z INFO  dt_instance] received at 2023-07-15 23:04:28.618603807 UTC - from mc-17->source-7 "758" 23:04:28.420563443
[2023-07-15T23:04:31Z INFO  dt_instance] received at 2023-07-15 23:04:31.015595945 UTC - from mc-17->source-5 "768" 23:04:30.978890770
[2023-07-15T23:04:33Z INFO  dt_instance] received at 2023-07-15 23:04:33.590774385 UTC - from mc-17->source-9 "763" 23:04:33.487387223
[2023-07-15T23:04:36Z INFO  dt_instance] received at 2023-07-15 23:04:36.054088161 UTC - from mc-17->source-5 "778" 23:04:36.009720745
[2023-07-15T23:04:38Z INFO  dt_instance] received at 2023-07-15 23:04:38.681960980 UTC - from mc-17->source-1 "793" 23:04:38.515397836
[2023-07-15T23:04:41Z INFO  dt_instance] received at 2023-07-15 23:04:41.051907594 UTC - from mc-17->source-9 "778" 23:04:41.011270446
[2023-07-15T23:04:43Z INFO  dt_instance] received at 2023-07-15 23:04:43.603896618 UTC - from mc-17->source-1 "803" 23:04:43.527443744
[2023-07-15T23:04:46Z INFO  dt_instance] received at 2023-07-15 23:04:46.267609246 UTC - from mc-17->source-1 "808" 23:04:46.034253834
[2023-07-15T23:04:48Z INFO  dt_instance] received at 2023-07-15 23:04:48.595926786 UTC - from mc-17->source-9 "793" 23:04:48.529901385
[2023-07-15T23:04:51Z INFO  dt_instance] received at 2023-07-15 23:04:51.052820834 UTC - from mc-17->source-1 "818" 23:04:51.046788877
[2023-07-15T23:04:53Z INFO  dt_instance] received at 2023-07-15 23:04:53.562218723 UTC - from mc-17->source-5 "813" 23:04:53.551700029
[2023-07-15T23:04:56Z INFO  dt_instance] received at 2023-07-15 23:04:56.091968216 UTC - from mc-17->source-5 "818" 23:04:56.057253361
[2023-07-15T23:04:58Z INFO  dt_instance] received at 2023-07-15 23:04:58.576323728 UTC - from mc-17->source-5 "823" 23:04:58.565642636
[2023-07-15T23:05:01Z INFO  dt_instance] received at 2023-07-15 23:05:01.072354239 UTC - from mc-17->source-5 "828" 23:05:01.070981265
[2023-07-15T23:05:03Z INFO  dt_instance] received at 2023-07-15 23:05:03.578159081 UTC - from mc-17->source-1 "843" 23:05:03.577021813
[2023-07-15T23:05:06Z INFO  dt_instance] received at 2023-07-15 23:05:06.096459757 UTC - from mc-17->source-5 "838" 23:05:06.081674607
[2023-07-15T23:05:08Z INFO  dt_instance] received at 2023-07-15 23:05:08.602662170 UTC - from mc-17->source-1 "853" 23:05:08.598378066
[2023-07-15T23:05:11Z INFO  dt_instance] received at 2023-07-15 23:05:11.139853624 UTC - from mc-17->source-1 "858" 23:05:11.103555336
[2023-07-15T23:05:13Z INFO  dt_instance] received at 2023-07-15 23:05:13.619552494 UTC - from mc-17->source-1 "863" 23:05:13.608280073
[2023-07-15T23:05:16Z INFO  dt_instance] received at 2023-07-15 23:05:16.115516222 UTC - from mc-17->source-1 "868" 23:05:16.114921726
[2023-07-15T23:05:18Z INFO  dt_instance] received at 2023-07-15 23:05:18.624767596 UTC - from mc-17->source-1 "873" 23:05:18.621021556
[2023-07-15T23:05:21Z INFO  dt_instance] received at 2023-07-15 23:05:21.129227070 UTC - from mc-17->source-1 "878" 23:05:21.127160742
[2023-07-15T23:05:23Z INFO  dt_instance] received at 2023-07-15 23:05:23.633287663 UTC - from mc-17->source-1 "883" 23:05:23.632048279
[2023-07-15T23:05:26Z INFO  dt_instance] received at 2023-07-15 23:05:26.139856672 UTC - from mc-17->source-1 "888" 23:05:26.138829058
[2023-07-15T23:05:28Z INFO  dt_instance] received at 2023-07-15 23:05:28.650622205 UTC - from mc-17->source-1 "893" 23:05:28.646597128
[2023-07-15T23:05:31Z INFO  dt_instance] received at 2023-07-15 23:05:31.158203416 UTC - from mc-17->source-1 "898" 23:05:31.152789394
[2023-07-15T23:05:33Z INFO  dt_instance] received at 2023-07-15 23:05:33.658671480 UTC - from mc-17->source-1 "903" 23:05:33.657431268
[2023-07-15T23:05:36Z INFO  dt_instance] received at 2023-07-15 23:05:36.164139896 UTC - from mc-17->source-1 "908" 23:05:36.163146149
[2023-07-15T23:05:38Z INFO  dt_instance] received at 2023-07-15 23:05:38.670384103 UTC - from mc-17->source-1 "913" 23:05:38.667348759
[2023-07-15T23:05:41Z INFO  dt_instance] received at 2023-07-15 23:05:41.174062522 UTC - from mc-17->source-1 "918" 23:05:41.172476888
[2023-07-15T23:05:43Z INFO  dt_instance] received at 2023-07-15 23:05:43.683447484 UTC - from mc-17->source-1 "923" 23:05:43.678063095
[2023-07-15T23:05:46Z INFO  dt_instance] received at 2023-07-15 23:05:46.183875364 UTC - from mc-17->source-1 "928" 23:05:46.182390886
[2023-07-15T23:05:48Z INFO  dt_instance] received at 2023-07-15 23:05:48.690136491 UTC - from mc-17->source-1 "933" 23:05:48.688218039
[2023-07-15T23:05:51Z INFO  dt_instance] received at 2023-07-15 23:05:51.196602118 UTC - from mc-17->source-5 "928" 23:05:51.193508864
[2023-07-15T23:05:53Z INFO  dt_instance] received at 2023-07-15 23:05:53.708729878 UTC - from mc-17->source-1 "943" 23:05:53.699423894
[2023-07-15T23:05:56Z INFO  dt_instance] received at 2023-07-15 23:05:56.215172479 UTC - from mc-17->source-1 "948" 23:05:56.211454117
[2023-07-15T23:05:58Z INFO  dt_instance] received at 2023-07-15 23:05:58.725041449 UTC - from mc-17->source-1 "953" 23:05:58.718275730
[2023-07-15T23:06:01Z INFO  dt_instance] received at 2023-07-15 23:06:01.243899873 UTC - from mc-17->source-1 "958" 23:06:01.241525772
[2023-07-15T23:06:03Z INFO  dt_instance] received at 2023-07-15 23:06:03.749135792 UTC - from mc-17->source-1 "963" 23:06:03.747878782
[2023-07-15T23:06:06Z INFO  dt_instance] received at 2023-07-15 23:06:06.260758909 UTC - from mc-17->source-1 "968" 23:06:06.253069676
[2023-07-15T23:06:08Z INFO  dt_instance] received at 2023-07-15 23:06:08.762239004 UTC - from mc-17->source-1 "973" 23:06:08.757558135
[2023-07-15T23:06:11Z INFO  dt_instance] received at 2023-07-15 23:06:11.284499831 UTC - from mc-17->source-1 "978" 23:06:11.263557102
[2023-07-15T23:06:13Z INFO  dt_instance] received at 2023-07-15 23:06:13.771560413 UTC - from mc-17->source-1 "983" 23:06:13.769227707
[2023-07-15T23:06:16Z INFO  dt_instance] received at 2023-07-15 23:06:16.278148297 UTC - from mc-17->source-1 "988" 23:06:16.274825078
[2023-07-15T23:06:18Z INFO  dt_instance] received at 2023-07-15 23:06:18.782581082 UTC - from mc-17->source-1 "993" 23:06:18.781076705
[2023-07-15T23:06:21Z INFO  dt_instance] received at 2023-07-15 23:06:21.495382394 UTC - from mc-17->source-4 "991" 23:06:21.493960817
[2023-07-15T23:06:24Z INFO  dt_instance] received at 2023-07-15 23:06:24.692667583 UTC - from mc-17->source-7 "990" 23:06:24.690719543
[2023-07-15T23:06:31Z INFO  dt_instance] received at 2023-07-15 23:06:31.773463331 UTC - from mc-17->source-9 "999" 23:06:31.771551874
