[2023-06-27T16:38:02Z INFO  dt_instance] Current Twin: mc-twin-2
[2023-06-27T16:38:02Z INFO  dt_instance] Replica Name twin-mc-stateful-2
[2023-06-27T16:38:02Z INFO  dt_instance] Sleeping for 100
[2023-06-27T16:39:42Z INFO  dt_instance] Connecting to broker at emqx.dtwins:1883
[2023-06-27T16:39:42Z INFO  dt_instance] Loggin info each 50 messages
[2023-06-27T16:39:42Z INFO  dt_instance] Set max packet size to 60000 KB.
[2023-06-27T16:39:42Z INFO  dt_instance] Refreshing topics for twin - Listen to mc-2/#
[2023-06-27T16:39:42Z INFO  dt_instance] SubAck { pkid: 1, return_codes: [Success(ExactlyOnce)] }
[2023-06-27T16:40:51Z INFO  dt_instance] received at 2023-06-27 16:40:51.550004287 UTC - from mc-2->source-2 "9" 16:40:51.548764753
[2023-06-27T16:40:54Z INFO  dt_instance] received at 2023-06-27 16:40:54.806197167 UTC - from mc-2->source-3 "13" 16:40:54.804806280
[2023-06-27T16:40:57Z INFO  dt_instance] received at 2023-06-27 16:40:57.321316216 UTC - from mc-2->source-1 "23" 16:40:57.319913629
[2023-06-27T16:40:59Z INFO  dt_instance] received at 2023-06-27 16:40:59.827365718 UTC - from mc-2->source-1 "28" 16:40:59.825994687
[2023-06-27T16:41:02Z INFO  dt_instance] received at 2023-06-27 16:41:02.334533300 UTC - from mc-2->source-1 "33" 16:41:02.332148936
[2023-06-27T16:41:04Z INFO  dt_instance] received at 2023-06-27 16:41:04.839383670 UTC - from mc-2->source-1 "38" 16:41:04.837587259
[2023-06-27T16:41:07Z INFO  dt_instance] received at 2023-06-27 16:41:07.347947312 UTC - from mc-2->source-1 "43" 16:41:07.346197901
[2023-06-27T16:41:09Z INFO  dt_instance] received at 2023-06-27 16:41:09.853295259 UTC - from mc-2->source-1 "48" 16:41:09.851796938
[2023-06-27T16:41:12Z INFO  dt_instance] received at 2023-06-27 16:41:12.358924620 UTC - from mc-2->source-1 "53" 16:41:12.357228993
[2023-06-27T16:41:14Z INFO  dt_instance] received at 2023-06-27 16:41:14.863941207 UTC - from mc-2->source-1 "58" 16:41:14.862529343
[2023-06-27T16:41:17Z INFO  dt_instance] received at 2023-06-27 16:41:17.369188325 UTC - from mc-2->source-1 "63" 16:41:17.367139644
[2023-06-27T16:41:19Z INFO  dt_instance] received at 2023-06-27 16:41:19.875086676 UTC - from mc-2->source-1 "68" 16:41:19.873158867
[2023-06-27T16:41:22Z INFO  dt_instance] received at 2023-06-27 16:41:22.380633005 UTC - from mc-2->source-1 "73" 16:41:22.378905622
[2023-06-27T16:41:24Z INFO  dt_instance] received at 2023-06-27 16:41:24.886646687 UTC - from mc-2->source-1 "78" 16:41:24.884873942
[2023-06-27T16:41:27Z INFO  dt_instance] received at 2023-06-27 16:41:27.392523386 UTC - from mc-2->source-1 "83" 16:41:27.390938091
[2023-06-27T16:41:29Z INFO  dt_instance] received at 2023-06-27 16:41:29.897250162 UTC - from mc-2->source-1 "88" 16:41:29.896225145
[2023-06-27T16:41:32Z INFO  dt_instance] received at 2023-06-27 16:41:32.402642853 UTC - from mc-2->source-1 "93" 16:41:32.401016954
[2023-06-27T16:41:34Z INFO  dt_instance] received at 2023-06-27 16:41:34.907966303 UTC - from mc-2->source-1 "98" 16:41:34.906740410
[2023-06-27T16:41:37Z INFO  dt_instance] received at 2023-06-27 16:41:37.413175728 UTC - from mc-2->source-1 "103" 16:41:37.411961749
[2023-06-27T16:41:39Z INFO  dt_instance] received at 2023-06-27 16:41:39.920988851 UTC - from mc-2->source-1 "108" 16:41:39.919010851
[2023-06-27T16:41:42Z INFO  dt_instance] received at 2023-06-27 16:41:42.426642768 UTC - from mc-2->source-1 "113" 16:41:42.425084177
[2023-06-27T16:41:44Z INFO  dt_instance] received at 2023-06-27 16:41:44.931887349 UTC - from mc-2->source-1 "118" 16:41:44.930298716
[2023-06-27T16:41:47Z INFO  dt_instance] received at 2023-06-27 16:41:47.437581926 UTC - from mc-2->source-1 "123" 16:41:47.435893739
[2023-06-27T16:41:49Z INFO  dt_instance] received at 2023-06-27 16:41:49.942794757 UTC - from mc-2->source-1 "128" 16:41:49.941386380
[2023-06-27T16:41:52Z INFO  dt_instance] received at 2023-06-27 16:41:52.450523646 UTC - from mc-2->source-1 "133" 16:41:52.447798526
[2023-06-27T16:41:54Z INFO  dt_instance] received at 2023-06-27 16:41:54.954208340 UTC - from mc-2->source-1 "138" 16:41:54.952931110
[2023-06-27T16:41:57Z INFO  dt_instance] received at 2023-06-27 16:41:57.459728952 UTC - from mc-2->source-1 "143" 16:41:57.458025752
[2023-06-27T16:41:59Z INFO  dt_instance] received at 2023-06-27 16:41:59.966267436 UTC - from mc-2->source-1 "148" 16:41:59.964763929
[2023-06-27T16:42:02Z INFO  dt_instance] received at 2023-06-27 16:42:02.477636115 UTC - from mc-2->source-3 "148" 16:42:02.476217204
[2023-06-27T16:42:04Z INFO  dt_instance] received at 2023-06-27 16:42:04.989399378 UTC - from mc-2->source-3 "153" 16:42:04.988110273
[2023-06-27T16:42:07Z INFO  dt_instance] received at 2023-06-27 16:42:07.496837943 UTC - from mc-2->source-3 "158" 16:42:07.493560515
[2023-06-27T16:42:10Z INFO  dt_instance] received at 2023-06-27 16:42:10.003549278 UTC - from mc-2->source-1 "168" 16:42:10.001954548
[2023-06-27T16:42:12Z INFO  dt_instance] received at 2023-06-27 16:42:12.508875784 UTC - from mc-2->source-1 "173" 16:42:12.507223134
[2023-06-27T16:42:15Z INFO  dt_instance] received at 2023-06-27 16:42:15.015367494 UTC - from mc-2->source-1 "178" 16:42:15.013087618
[2023-06-27T16:42:17Z INFO  dt_instance] received at 2023-06-27 16:42:17.519364328 UTC - from mc-2->source-1 "183" 16:42:17.518297902
[2023-06-27T16:42:20Z INFO  dt_instance] received at 2023-06-27 16:42:20.027513603 UTC - from mc-2->source-1 "188" 16:42:20.025217184
[2023-06-27T16:42:22Z INFO  dt_instance] received at 2023-06-27 16:42:22.533191139 UTC - from mc-2->source-3 "188" 16:42:22.531483788
[2023-06-27T16:42:25Z INFO  dt_instance] received at 2023-06-27 16:42:25.042052128 UTC - from mc-2->source-3 "193" 16:42:25.037778547
[2023-06-27T16:42:27Z INFO  dt_instance] received at 2023-06-27 16:42:27.546655241 UTC - from mc-2->source-3 "198" 16:42:27.545468319
[2023-06-27T16:42:30Z INFO  dt_instance] received at 2023-06-27 16:42:30.051982621 UTC - from mc-2->source-3 "203" 16:42:30.050761355
[2023-06-27T16:42:32Z INFO  dt_instance] received at 2023-06-27 16:42:32.557615380 UTC - from mc-2->source-3 "208" 16:42:32.556278215
[2023-06-27T16:42:35Z INFO  dt_instance] received at 2023-06-27 16:42:35.063185214 UTC - from mc-2->source-3 "213" 16:42:35.061729321
[2023-06-27T16:42:37Z INFO  dt_instance] received at 2023-06-27 16:42:37.568037420 UTC - from mc-2->source-1 "223" 16:42:37.566598486
[2023-06-27T16:42:40Z INFO  dt_instance] received at 2023-06-27 16:42:40.074911897 UTC - from mc-2->source-1 "228" 16:42:40.073752814
[2023-06-27T16:42:42Z INFO  dt_instance] received at 2023-06-27 16:42:42.580493138 UTC - from mc-2->source-3 "228" 16:42:42.579132817
[2023-06-27T16:42:45Z INFO  dt_instance] received at 2023-06-27 16:42:45.086631023 UTC - from mc-2->source-1 "238" 16:42:45.084804928
[2023-06-27T16:42:47Z INFO  dt_instance] received at 2023-06-27 16:42:47.592363320 UTC - from mc-2->source-3 "238" 16:42:47.591055880
[2023-06-27T16:42:50Z INFO  dt_instance] received at 2023-06-27 16:42:50.097843330 UTC - from mc-2->source-3 "243" 16:42:50.096139918
[2023-06-27T16:42:52Z INFO  dt_instance] received at 2023-06-27 16:42:52.602845545 UTC - from mc-2->source-3 "248" 16:42:52.601322707
[2023-06-27T16:42:55Z INFO  dt_instance] received at 2023-06-27 16:42:55.109467977 UTC - from mc-2->source-1 "258" 16:42:55.106312018
[2023-06-27T16:42:57Z INFO  dt_instance] received at 2023-06-27 16:42:57.612633574 UTC - from mc-2->source-1 "263" 16:42:57.611148473
[2023-06-27T16:43:00Z INFO  dt_instance] received at 2023-06-27 16:43:00.118128527 UTC - from mc-2->source-1 "268" 16:43:00.116901449
[2023-06-27T16:43:02Z INFO  dt_instance] received at 2023-06-27 16:43:02.623086522 UTC - from mc-2->source-1 "273" 16:43:02.622094338
[2023-06-27T16:43:05Z INFO  dt_instance] received at 2023-06-27 16:43:05.128649469 UTC - from mc-2->source-3 "273" 16:43:05.126984496
[2023-06-27T16:43:07Z INFO  dt_instance] received at 2023-06-27 16:43:07.634653672 UTC - from mc-2->source-3 "278" 16:43:07.633247761
[2023-06-27T16:43:10Z INFO  dt_instance] received at 2023-06-27 16:43:10.142985291 UTC - from mc-2->source-3 "283" 16:43:10.138095347
[2023-06-27T16:43:12Z INFO  dt_instance] received at 2023-06-27 16:43:12.645723403 UTC - from mc-2->source-9 "273" 16:43:12.644364147
[2023-06-27T16:43:15Z INFO  dt_instance] received at 2023-06-27 16:43:15.151136163 UTC - from mc-2->source-9 "278" 16:43:15.149260756
[2023-06-27T16:43:17Z INFO  dt_instance] received at 2023-06-27 16:43:17.656440012 UTC - from mc-2->source-9 "283" 16:43:17.655096829
[2023-06-27T16:43:20Z INFO  dt_instance] received at 2023-06-27 16:43:20.162568108 UTC - from mc-2->source-3 "303" 16:43:20.161320613
[2023-06-27T16:43:22Z INFO  dt_instance] received at 2023-06-27 16:43:22.667688897 UTC - from mc-2->source-3 "308" 16:43:22.666136649
[2023-06-27T16:43:25Z INFO  dt_instance] received at 2023-06-27 16:43:25.174703595 UTC - from mc-2->source-9 "298" 16:43:25.173448969
[2023-06-27T16:43:27Z INFO  dt_instance] received at 2023-06-27 16:43:27.679807484 UTC - from mc-2->source-9 "303" 16:43:27.677907041
[2023-06-27T16:43:30Z INFO  dt_instance] received at 2023-06-27 16:43:30.184788657 UTC - from mc-2->source-9 "308" 16:43:30.183014089
[2023-06-27T16:43:32Z INFO  dt_instance] received at 2023-06-27 16:43:32.689402227 UTC - from mc-2->source-5 "323" 16:43:32.688247293
[2023-06-27T16:43:35Z INFO  dt_instance] received at 2023-06-27 16:43:35.196594325 UTC - from mc-2->source-7 "323" 16:43:35.194673319
[2023-06-27T16:43:37Z INFO  dt_instance] received at 2023-06-27 16:43:37.702766794 UTC - from mc-2->source-5 "333" 16:43:37.700660612
[2023-06-27T16:43:40Z INFO  dt_instance] received at 2023-06-27 16:43:40.210289195 UTC - from mc-2->source-3 "343" 16:43:40.207851205
[2023-06-27T16:43:42Z INFO  dt_instance] received at 2023-06-27 16:43:42.715748658 UTC - from mc-2->source-5 "343" 16:43:42.713603024
[2023-06-27T16:43:45Z INFO  dt_instance] received at 2023-06-27 16:43:45.222044619 UTC - from mc-2->source-9 "338" 16:43:45.220220191
[2023-06-27T16:43:47Z INFO  dt_instance] received at 2023-06-27 16:43:47.728849089 UTC - from mc-2->source-7 "348" 16:43:47.727037007
[2023-06-27T16:43:50Z INFO  dt_instance] received at 2023-06-27 16:43:50.243591827 UTC - from mc-2->source-5 "358" 16:43:50.242161357
[2023-06-27T16:43:52Z INFO  dt_instance] received at 2023-06-27 16:43:52.752093614 UTC - from mc-2->source-5 "363" 16:43:52.750189518
[2023-06-27T16:43:55Z INFO  dt_instance] received at 2023-06-27 16:43:55.260614724 UTC - from mc-2->source-5 "368" 16:43:55.259364252
[2023-06-27T16:43:57Z INFO  dt_instance] received at 2023-06-27 16:43:57.765596964 UTC - from mc-2->source-5 "373" 16:43:57.763953857
[2023-06-27T16:44:00Z INFO  dt_instance] received at 2023-06-27 16:44:00.277016749 UTC - from mc-2->source-1 "388" 16:44:00.268833858
[2023-06-27T16:44:02Z INFO  dt_instance] received at 2023-06-27 16:44:02.777899204 UTC - from mc-2->source-5 "383" 16:44:02.776372017
[2023-06-27T16:44:05Z INFO  dt_instance] received at 2023-06-27 16:44:05.283536987 UTC - from mc-2->source-1 "398" 16:44:05.281693090
[2023-06-27T16:44:07Z INFO  dt_instance] received at 2023-06-27 16:44:07.790464086 UTC - from mc-2->source-5 "393" 16:44:07.788902521
[2023-06-27T16:44:10Z INFO  dt_instance] received at 2023-06-27 16:44:10.298332967 UTC - from mc-2->source-5 "398" 16:44:10.296515726
[2023-06-27T16:44:12Z INFO  dt_instance] received at 2023-06-27 16:44:12.804401017 UTC - from mc-2->source-1 "413" 16:44:12.803327571
[2023-06-27T16:44:15Z INFO  dt_instance] received at 2023-06-27 16:44:15.311130909 UTC - from mc-2->source-5 "408" 16:44:15.308606195
[2023-06-27T16:44:17Z INFO  dt_instance] received at 2023-06-27 16:44:17.816110248 UTC - from mc-2->source-1 "423" 16:44:17.814814395
[2023-06-27T16:44:20Z INFO  dt_instance] received at 2023-06-27 16:44:20.322434586 UTC - from mc-2->source-1 "428" 16:44:20.320857047
[2023-06-27T16:44:22Z INFO  dt_instance] received at 2023-06-27 16:44:22.828415930 UTC - from mc-2->source-1 "433" 16:44:22.827432285
[2023-06-27T16:44:25Z INFO  dt_instance] received at 2023-06-27 16:44:25.336363797 UTC - from mc-2->source-1 "438" 16:44:25.333466525
[2023-06-27T16:44:27Z INFO  dt_instance] received at 2023-06-27 16:44:27.840957392 UTC - from mc-2->source-1 "443" 16:44:27.838879056
[2023-06-27T16:44:30Z INFO  dt_instance] received at 2023-06-27 16:44:30.347689368 UTC - from mc-2->source-1 "448" 16:44:30.345952195
[2023-06-27T16:44:32Z INFO  dt_instance] received at 2023-06-27 16:44:32.859908471 UTC - from mc-2->source-1 "453" 16:44:32.853593650
[2023-06-27T16:44:35Z INFO  dt_instance] received at 2023-06-27 16:44:35.361039538 UTC - from mc-2->source-1 "458" 16:44:35.357811967
[2023-06-27T16:44:37Z INFO  dt_instance] received at 2023-06-27 16:44:37.864083621 UTC - from mc-2->source-1 "463" 16:44:37.862963132
[2023-06-27T16:44:40Z INFO  dt_instance] received at 2023-06-27 16:44:40.370994131 UTC - from mc-2->source-1 "468" 16:44:40.368307010
[2023-06-27T16:44:42Z INFO  dt_instance] received at 2023-06-27 16:44:42.874982776 UTC - from mc-2->source-1 "473" 16:44:42.873820622
[2023-06-27T16:44:45Z INFO  dt_instance] received at 2023-06-27 16:44:45.382675163 UTC - from mc-2->source-1 "478" 16:44:45.380912804
[2023-06-27T16:44:47Z INFO  dt_instance] received at 2023-06-27 16:44:47.889976703 UTC - from mc-2->source-1 "483" 16:44:47.888069158
[2023-06-27T16:44:50Z INFO  dt_instance] received at 2023-06-27 16:44:50.396803590 UTC - from mc-2->source-1 "488" 16:44:50.393317244
[2023-06-27T16:44:52Z INFO  dt_instance] received at 2023-06-27 16:44:52.899133566 UTC - from mc-2->source-1 "493" 16:44:52.898100021
[2023-06-27T16:44:55Z INFO  dt_instance] received at 2023-06-27 16:44:55.405882289 UTC - from mc-2->source-1 "498" 16:44:55.402993428
[2023-06-27T16:44:57Z INFO  dt_instance] received at 2023-06-27 16:44:57.911243377 UTC - from mc-2->source-1 "503" 16:44:57.910101518
[2023-06-27T16:45:00Z INFO  dt_instance] received at 2023-06-27 16:45:00.419687164 UTC - from mc-2->source-1 "508" 16:45:00.417336928
[2023-06-27T16:45:02Z INFO  dt_instance] received at 2023-06-27 16:45:02.923405432 UTC - from mc-2->source-1 "513" 16:45:02.922117505
[2023-06-27T16:45:05Z INFO  dt_instance] received at 2023-06-27 16:45:05.431099645 UTC - from mc-2->source-1 "518" 16:45:05.427625986
[2023-06-27T16:45:07Z INFO  dt_instance] received at 2023-06-27 16:45:07.935204383 UTC - from mc-2->source-5 "513" 16:45:07.933438568
[2023-06-27T16:45:10Z INFO  dt_instance] received at 2023-06-27 16:45:10.443871420 UTC - from mc-2->source-5 "518" 16:45:10.439927223
[2023-06-27T16:45:12Z INFO  dt_instance] received at 2023-06-27 16:45:12.948254368 UTC - from mc-2->source-5 "523" 16:45:12.946611206
[2023-06-27T16:45:15Z INFO  dt_instance] received at 2023-06-27 16:45:15.454232954 UTC - from mc-2->source-7 "523" 16:45:15.452163145
[2023-06-27T16:45:17Z INFO  dt_instance] received at 2023-06-27 16:45:17.965836833 UTC - from mc-2->source-1 "543" 16:45:17.958024699
[2023-06-27T16:45:20Z INFO  dt_instance] received at 2023-06-27 16:45:20.467339225 UTC - from mc-2->source-9 "528" 16:45:20.466014151
[2023-06-27T16:45:22Z INFO  dt_instance] received at 2023-06-27 16:45:22.973125795 UTC - from mc-2->source-9 "533" 16:45:22.971788916
[2023-06-27T16:45:25Z INFO  dt_instance] received at 2023-06-27 16:45:25.482247418 UTC - from mc-2->source-7 "543" 16:45:25.478882668
[2023-06-27T16:45:27Z INFO  dt_instance] received at 2023-06-27 16:45:27.986573161 UTC - from mc-2->source-7 "548" 16:45:27.985101142
[2023-06-27T16:45:30Z INFO  dt_instance] received at 2023-06-27 16:45:30.493052691 UTC - from mc-2->source-7 "553" 16:45:30.491734308
[2023-06-27T16:45:33Z INFO  dt_instance] received at 2023-06-27 16:45:33.002036980 UTC - from mc-2->source-7 "558" 16:45:32.996961170
[2023-06-27T16:45:35Z INFO  dt_instance] received at 2023-06-27 16:45:35.503654620 UTC - from mc-2->source-7 "563" 16:45:35.502420323
[2023-06-27T16:45:38Z INFO  dt_instance] received at 2023-06-27 16:45:38.010495502 UTC - from mc-2->source-5 "573" 16:45:38.008886302
[2023-06-27T16:45:40Z INFO  dt_instance] received at 2023-06-27 16:45:40.520463736 UTC - from mc-2->source-5 "578" 16:45:40.518804357
[2023-06-27T16:45:43Z INFO  dt_instance] received at 2023-06-27 16:45:43.025762879 UTC - from mc-2->source-5 "583" 16:45:43.024280237
[2023-06-27T16:45:45Z INFO  dt_instance] received at 2023-06-27 16:45:45.536371548 UTC - from mc-2->source-7 "583" 16:45:45.531136188
[2023-06-27T16:45:48Z INFO  dt_instance] received at 2023-06-27 16:45:48.038908059 UTC - from mc-2->source-7 "588" 16:45:48.037824636
[2023-06-27T16:45:50Z INFO  dt_instance] received at 2023-06-27 16:45:50.545386196 UTC - from mc-2->source-7 "593" 16:45:50.544012034
[2023-06-27T16:45:53Z INFO  dt_instance] received at 2023-06-27 16:45:53.052071270 UTC - from mc-2->source-5 "603" 16:45:53.047828911
[2023-06-27T16:45:55Z INFO  dt_instance] received at 2023-06-27 16:45:55.555763592 UTC - from mc-2->source-5 "608" 16:45:55.554167605
[2023-06-27T16:45:58Z INFO  dt_instance] received at 2023-06-27 16:45:58.061738254 UTC - from mc-2->source-5 "613" 16:45:58.059969611
[2023-06-27T16:46:00Z INFO  dt_instance] received at 2023-06-27 16:46:00.569447889 UTC - from mc-2->source-5 "618" 16:46:00.567966328
[2023-06-27T16:46:03Z INFO  dt_instance] received at 2023-06-27 16:46:03.075950523 UTC - from mc-2->source-5 "623" 16:46:03.074622211
[2023-06-27T16:46:05Z INFO  dt_instance] received at 2023-06-27 16:46:05.581807073 UTC - from mc-2->source-5 "628" 16:46:05.580011093
[2023-06-27T16:46:08Z INFO  dt_instance] received at 2023-06-27 16:46:08.090232177 UTC - from mc-2->source-7 "628" 16:46:08.087766091
[2023-06-27T16:46:10Z INFO  dt_instance] received at 2023-06-27 16:46:10.594298567 UTC - from mc-2->source-7 "633" 16:46:10.593045866
[2023-06-27T16:46:13Z INFO  dt_instance] received at 2023-06-27 16:46:13.100235693 UTC - from mc-2->source-7 "638" 16:46:13.098653263
[2023-06-27T16:46:15Z INFO  dt_instance] received at 2023-06-27 16:46:15.611865756 UTC - from mc-2->source-7 "643" 16:46:15.608788338
[2023-06-27T16:46:18Z INFO  dt_instance] received at 2023-06-27 16:46:18.116952125 UTC - from mc-2->source-7 "648" 16:46:18.115631991
[2023-06-27T16:46:20Z INFO  dt_instance] received at 2023-06-27 16:46:20.622056382 UTC - from mc-2->source-7 "653" 16:46:20.620356490
[2023-06-27T16:46:23Z INFO  dt_instance] received at 2023-06-27 16:46:23.129023326 UTC - from mc-2->source-7 "658" 16:46:23.125946277
[2023-06-27T16:46:25Z INFO  dt_instance] received at 2023-06-27 16:46:25.633959636 UTC - from mc-2->source-7 "663" 16:46:25.632526087
[2023-06-27T16:46:28Z INFO  dt_instance] received at 2023-06-27 16:46:28.138222345 UTC - from mc-2->source-7 "668" 16:46:28.137036030
[2023-06-27T16:46:30Z INFO  dt_instance] received at 2023-06-27 16:46:30.644518860 UTC - from mc-2->source-7 "673" 16:46:30.642022009
[2023-06-27T16:46:33Z INFO  dt_instance] received at 2023-06-27 16:46:33.150032671 UTC - from mc-2->source-7 "678" 16:46:33.148850136
[2023-06-27T16:46:35Z INFO  dt_instance] received at 2023-06-27 16:46:35.656551925 UTC - from mc-2->source-7 "683" 16:46:35.655092891
[2023-06-27T16:46:38Z INFO  dt_instance] received at 2023-06-27 16:46:38.164861685 UTC - from mc-2->source-7 "688" 16:46:38.161093438
[2023-06-27T16:46:40Z INFO  dt_instance] received at 2023-06-27 16:46:40.669844216 UTC - from mc-2->source-7 "693" 16:46:40.668221620
[2023-06-27T16:46:43Z INFO  dt_instance] received at 2023-06-27 16:46:43.176366956 UTC - from mc-2->source-7 "698" 16:46:43.173528768
[2023-06-27T16:46:45Z INFO  dt_instance] received at 2023-06-27 16:46:45.700715012 UTC - from mc-2->source-7 "703" 16:46:45.696178706
[2023-06-27T16:46:48Z INFO  dt_instance] received at 2023-06-27 16:46:48.203407834 UTC - from mc-2->source-5 "713" 16:46:48.201983148
[2023-06-27T16:46:50Z INFO  dt_instance] received at 2023-06-27 16:46:50.709513521 UTC - from mc-2->source-5 "718" 16:46:50.708173848
[2023-06-27T16:46:53Z INFO  dt_instance] received at 2023-06-27 16:46:53.215858141 UTC - from mc-2->source-7 "718" 16:46:53.214362797
[2023-06-27T16:46:55Z INFO  dt_instance] received at 2023-06-27 16:46:55.721683301 UTC - from mc-2->source-7 "723" 16:46:55.720304183
[2023-06-27T16:46:58Z INFO  dt_instance] received at 2023-06-27 16:46:58.227068112 UTC - from mc-2->source-7 "728" 16:46:58.225452448
[2023-06-27T16:47:00Z INFO  dt_instance] received at 2023-06-27 16:47:00.733693705 UTC - from mc-2->source-5 "738" 16:47:00.732138419
[2023-06-27T16:47:03Z INFO  dt_instance] received at 2023-06-27 16:47:03.239722996 UTC - from mc-2->source-5 "743" 16:47:03.238624577
[2023-06-27T16:47:05Z INFO  dt_instance] received at 2023-06-27 16:47:05.744724285 UTC - from mc-2->source-5 "748" 16:47:05.743019571
[2023-06-27T16:47:08Z INFO  dt_instance] received at 2023-06-27 16:47:08.251850321 UTC - from mc-2->source-5 "753" 16:47:08.250824243
[2023-06-27T16:47:10Z INFO  dt_instance] received at 2023-06-27 16:47:10.758615838 UTC - from mc-2->source-5 "758" 16:47:10.756076824
[2023-06-27T16:47:13Z INFO  dt_instance] received at 2023-06-27 16:47:13.262971768 UTC - from mc-2->source-5 "763" 16:47:13.261544695
[2023-06-27T16:47:15Z INFO  dt_instance] received at 2023-06-27 16:47:15.768779235 UTC - from mc-2->source-5 "768" 16:47:15.767353377
[2023-06-27T16:47:18Z INFO  dt_instance] received at 2023-06-27 16:47:18.274518046 UTC - from mc-2->source-5 "773" 16:47:18.273518118
[2023-06-27T16:47:20Z INFO  dt_instance] received at 2023-06-27 16:47:20.781074099 UTC - from mc-2->source-5 "778" 16:47:20.778851204
[2023-06-27T16:47:23Z INFO  dt_instance] received at 2023-06-27 16:47:23.288824823 UTC - from mc-2->source-5 "783" 16:47:23.285321593
[2023-06-27T16:47:25Z INFO  dt_instance] received at 2023-06-27 16:47:25.793626151 UTC - from mc-2->source-5 "788" 16:47:25.791766314
[2023-06-27T16:47:28Z INFO  dt_instance] received at 2023-06-27 16:47:28.300443861 UTC - from mc-2->source-5 "793" 16:47:28.299110900
[2023-06-27T16:47:30Z INFO  dt_instance] received at 2023-06-27 16:47:30.807854374 UTC - from mc-2->source-5 "798" 16:47:30.806102358
[2023-06-27T16:47:33Z INFO  dt_instance] received at 2023-06-27 16:47:33.312651584 UTC - from mc-2->source-5 "803" 16:47:33.311047503
[2023-06-27T16:47:35Z INFO  dt_instance] received at 2023-06-27 16:47:35.818197943 UTC - from mc-2->source-5 "808" 16:47:35.816909283
[2023-06-27T16:47:38Z INFO  dt_instance] received at 2023-06-27 16:47:38.326743639 UTC - from mc-2->source-5 "813" 16:47:38.323748034
[2023-06-27T16:47:40Z INFO  dt_instance] received at 2023-06-27 16:47:40.830775599 UTC - from mc-2->source-5 "818" 16:47:40.829544896
[2023-06-27T16:47:43Z INFO  dt_instance] received at 2023-06-27 16:47:43.335499443 UTC - from mc-2->source-5 "823" 16:47:43.334112659
[2023-06-27T16:47:45Z INFO  dt_instance] received at 2023-06-27 16:47:45.840293801 UTC - from mc-2->source-5 "828" 16:47:45.839105214
[2023-06-27T16:47:48Z INFO  dt_instance] received at 2023-06-27 16:47:48.346267533 UTC - from mc-2->source-5 "833" 16:47:48.344795548
[2023-06-27T16:47:50Z INFO  dt_instance] received at 2023-06-27 16:47:50.852164678 UTC - from mc-2->source-5 "838" 16:47:50.849885297
[2023-06-27T16:47:53Z INFO  dt_instance] received at 2023-06-27 16:47:53.365815894 UTC - from mc-2->source-5 "843" 16:47:53.356805125
[2023-06-27T16:47:55Z INFO  dt_instance] received at 2023-06-27 16:47:55.863626585 UTC - from mc-2->source-5 "848" 16:47:55.862403699
[2023-06-27T16:47:58Z INFO  dt_instance] received at 2023-06-27 16:47:58.369635006 UTC - from mc-2->source-5 "853" 16:47:58.368147342
[2023-06-27T16:48:00Z INFO  dt_instance] received at 2023-06-27 16:48:00.876156560 UTC - from mc-2->source-5 "858" 16:48:00.874884440
[2023-06-27T16:48:03Z INFO  dt_instance] received at 2023-06-27 16:48:03.383717048 UTC - from mc-2->source-5 "863" 16:48:03.381250372
[2023-06-27T16:48:05Z INFO  dt_instance] received at 2023-06-27 16:48:05.889018278 UTC - from mc-2->source-5 "868" 16:48:05.887332726
[2023-06-27T16:48:08Z INFO  dt_instance] received at 2023-06-27 16:48:08.395191442 UTC - from mc-2->source-5 "873" 16:48:08.394005710
[2023-06-27T16:48:10Z INFO  dt_instance] received at 2023-06-27 16:48:10.901079688 UTC - from mc-2->source-5 "878" 16:48:10.899703755
[2023-06-27T16:48:13Z INFO  dt_instance] received at 2023-06-27 16:48:13.407095658 UTC - from mc-2->source-5 "883" 16:48:13.405116784
[2023-06-27T16:48:15Z INFO  dt_instance] received at 2023-06-27 16:48:15.912084804 UTC - from mc-2->source-5 "888" 16:48:15.910981875
[2023-06-27T16:48:18Z INFO  dt_instance] received at 2023-06-27 16:48:18.417839797 UTC - from mc-2->source-5 "893" 16:48:18.416087877
[2023-06-27T16:48:20Z INFO  dt_instance] received at 2023-06-27 16:48:20.923466479 UTC - from mc-2->source-5 "898" 16:48:20.921952209
[2023-06-27T16:48:23Z INFO  dt_instance] received at 2023-06-27 16:48:23.428222568 UTC - from mc-2->source-5 "903" 16:48:23.426913135
[2023-06-27T16:48:25Z INFO  dt_instance] received at 2023-06-27 16:48:25.934666206 UTC - from mc-2->source-5 "908" 16:48:25.933265970
[2023-06-27T16:48:28Z INFO  dt_instance] received at 2023-06-27 16:48:28.442878855 UTC - from mc-2->source-5 "913" 16:48:28.438509935
[2023-06-27T16:48:30Z INFO  dt_instance] received at 2023-06-27 16:48:30.948346950 UTC - from mc-2->source-5 "918" 16:48:30.943605116
[2023-06-27T16:48:33Z INFO  dt_instance] received at 2023-06-27 16:48:33.452633502 UTC - from mc-2->source-5 "923" 16:48:33.451102640
[2023-06-27T16:48:35Z INFO  dt_instance] received at 2023-06-27 16:48:35.958198660 UTC - from mc-2->source-5 "928" 16:48:35.956704436
[2023-06-27T16:48:38Z INFO  dt_instance] received at 2023-06-27 16:48:38.464708670 UTC - from mc-2->source-5 "933" 16:48:38.462969389
[2023-06-27T16:48:40Z INFO  dt_instance] received at 2023-06-27 16:48:40.970027800 UTC - from mc-2->source-5 "938" 16:48:40.968902306
[2023-06-27T16:48:43Z INFO  dt_instance] received at 2023-06-27 16:48:43.475982803 UTC - from mc-2->source-5 "943" 16:48:43.473918616
[2023-06-27T16:48:45Z INFO  dt_instance] received at 2023-06-27 16:48:45.981736715 UTC - from mc-2->source-5 "948" 16:48:45.978984745
[2023-06-27T16:48:48Z INFO  dt_instance] received at 2023-06-27 16:48:48.486859409 UTC - from mc-2->source-5 "953" 16:48:48.485621741
[2023-06-27T16:48:50Z INFO  dt_instance] received at 2023-06-27 16:48:50.991402560 UTC - from mc-2->source-5 "958" 16:48:50.990095301
[2023-06-27T16:48:53Z INFO  dt_instance] received at 2023-06-27 16:48:53.498131672 UTC - from mc-2->source-5 "963" 16:48:53.496890066
[2023-06-27T16:48:56Z INFO  dt_instance] received at 2023-06-27 16:48:56.005641141 UTC - from mc-2->source-5 "968" 16:48:56.004319259
[2023-06-27T16:48:58Z INFO  dt_instance] received at 2023-06-27 16:48:58.511482971 UTC - from mc-2->source-5 "973" 16:48:58.509902235
[2023-06-27T16:49:01Z INFO  dt_instance] received at 2023-06-27 16:49:01.019902904 UTC - from mc-2->source-5 "978" 16:49:01.016478244
[2023-06-27T16:49:03Z INFO  dt_instance] received at 2023-06-27 16:49:03.522708841 UTC - from mc-2->source-5 "983" 16:49:03.521455600
[2023-06-27T16:49:06Z INFO  dt_instance] received at 2023-06-27 16:49:06.221107456 UTC - from mc-2->source-6 "986" 16:49:06.219894837
[2023-06-27T16:49:09Z INFO  dt_instance] received at 2023-06-27 16:49:09.498406792 UTC - from mc-2->source-9 "985" 16:49:09.496268322
[2023-06-27T16:49:16Z INFO  dt_instance] received at 2023-06-27 16:49:16.514178806 UTC - from mc-2->source-9 "999" 16:49:16.511235861
