[2023-06-27T16:38:07Z INFO  dt_instance] Current Twin: mc-twin-3
[2023-06-27T16:38:07Z INFO  dt_instance] Replica Name twin-mc-stateful-3
[2023-06-27T16:38:07Z INFO  dt_instance] Sleeping for 150
[2023-06-27T16:40:37Z INFO  dt_instance] Connecting to broker at emqx.dtwins:1883
[2023-06-27T16:40:37Z INFO  dt_instance] Loggin info each 50 messages
[2023-06-27T16:40:37Z INFO  dt_instance] Set max packet size to 60000 KB.
[2023-06-27T16:40:37Z INFO  dt_instance] Refreshing topics for twin - Listen to mc-3/#
[2023-06-27T16:40:37Z INFO  dt_instance] SubAck { pkid: 1, return_codes: [Success(ExactlyOnce)] }
[2023-06-27T16:41:45Z INFO  dt_instance] received at 2023-06-27 16:41:45.320159957 UTC - from mc-3->source-2 "9" 16:41:45.318932738
[2023-06-27T16:41:48Z INFO  dt_instance] received at 2023-06-27 16:41:48.575834503 UTC - from mc-3->source-3 "13" 16:41:48.574039511
[2023-06-27T16:41:51Z INFO  dt_instance] received at 2023-06-27 16:41:51.087455789 UTC - from mc-3->source-1 "23" 16:41:51.085799343
[2023-06-27T16:41:53Z INFO  dt_instance] received at 2023-06-27 16:41:53.592544852 UTC - from mc-3->source-1 "28" 16:41:53.591220129
[2023-06-27T16:41:56Z INFO  dt_instance] received at 2023-06-27 16:41:56.097727160 UTC - from mc-3->source-1 "33" 16:41:56.096273393
[2023-06-27T16:41:58Z INFO  dt_instance] received at 2023-06-27 16:41:58.607396407 UTC - from mc-3->source-1 "38" 16:41:58.602267603
[2023-06-27T16:42:01Z INFO  dt_instance] received at 2023-06-27 16:42:01.111048293 UTC - from mc-3->source-1 "43" 16:42:01.108384932
[2023-06-27T16:42:03Z INFO  dt_instance] received at 2023-06-27 16:42:03.617086031 UTC - from mc-3->source-1 "48" 16:42:03.613936958
[2023-06-27T16:42:06Z INFO  dt_instance] received at 2023-06-27 16:42:06.120106511 UTC - from mc-3->source-1 "53" 16:42:06.118473066
[2023-06-27T16:42:08Z INFO  dt_instance] received at 2023-06-27 16:42:08.627454830 UTC - from mc-3->source-1 "58" 16:42:08.625759400
[2023-06-27T16:42:11Z INFO  dt_instance] received at 2023-06-27 16:42:11.133679814 UTC - from mc-3->source-1 "63" 16:42:11.132332371
[2023-06-27T16:42:13Z INFO  dt_instance] received at 2023-06-27 16:42:13.641226002 UTC - from mc-3->source-1 "68" 16:42:13.638595713
[2023-06-27T16:42:16Z INFO  dt_instance] received at 2023-06-27 16:42:16.145140163 UTC - from mc-3->source-1 "73" 16:42:16.143661231
[2023-06-27T16:42:18Z INFO  dt_instance] received at 2023-06-27 16:42:18.653255202 UTC - from mc-3->source-1 "78" 16:42:18.648424648
[2023-06-27T16:42:21Z INFO  dt_instance] received at 2023-06-27 16:42:21.155601948 UTC - from mc-3->source-1 "83" 16:42:21.154208612
[2023-06-27T16:42:23Z INFO  dt_instance] received at 2023-06-27 16:42:23.662348093 UTC - from mc-3->source-1 "88" 16:42:23.660821972
[2023-06-27T16:42:26Z INFO  dt_instance] received at 2023-06-27 16:42:26.167828381 UTC - from mc-3->source-1 "93" 16:42:26.166679933
[2023-06-27T16:42:28Z INFO  dt_instance] received at 2023-06-27 16:42:28.672658473 UTC - from mc-3->source-1 "98" 16:42:28.671502594
[2023-06-27T16:42:31Z INFO  dt_instance] received at 2023-06-27 16:42:31.178345510 UTC - from mc-3->source-1 "103" 16:42:31.176808720
[2023-06-27T16:42:33Z INFO  dt_instance] received at 2023-06-27 16:42:33.684644085 UTC - from mc-3->source-1 "108" 16:42:33.682038597
[2023-06-27T16:42:36Z INFO  dt_instance] received at 2023-06-27 16:42:36.188048219 UTC - from mc-3->source-1 "113" 16:42:36.186811029
[2023-06-27T16:42:38Z INFO  dt_instance] received at 2023-06-27 16:42:38.694215625 UTC - from mc-3->source-1 "118" 16:42:38.692624588
[2023-06-27T16:42:41Z INFO  dt_instance] received at 2023-06-27 16:42:41.200763811 UTC - from mc-3->source-1 "123" 16:42:41.199245623
[2023-06-27T16:42:43Z INFO  dt_instance] received at 2023-06-27 16:42:43.707045712 UTC - from mc-3->source-1 "128" 16:42:43.705592352
[2023-06-27T16:42:46Z INFO  dt_instance] received at 2023-06-27 16:42:46.212403144 UTC - from mc-3->source-1 "133" 16:42:46.211245445
[2023-06-27T16:42:48Z INFO  dt_instance] received at 2023-06-27 16:42:48.719194629 UTC - from mc-3->source-1 "138" 16:42:48.716991735
[2023-06-27T16:42:51Z INFO  dt_instance] received at 2023-06-27 16:42:51.224250807 UTC - from mc-3->source-1 "143" 16:42:51.222151782
[2023-06-27T16:42:53Z INFO  dt_instance] received at 2023-06-27 16:42:53.729849220 UTC - from mc-3->source-1 "148" 16:42:53.728294070
[2023-06-27T16:42:56Z INFO  dt_instance] received at 2023-06-27 16:42:56.235537809 UTC - from mc-3->source-1 "153" 16:42:56.234269160
[2023-06-27T16:42:58Z INFO  dt_instance] received at 2023-06-27 16:42:58.741933856 UTC - from mc-3->source-1 "158" 16:42:58.740319096
[2023-06-27T16:43:01Z INFO  dt_instance] received at 2023-06-27 16:43:01.249041001 UTC - from mc-3->source-1 "163" 16:43:01.247256443
[2023-06-27T16:43:03Z INFO  dt_instance] received at 2023-06-27 16:43:03.754666110 UTC - from mc-3->source-1 "168" 16:43:03.752736679
[2023-06-27T16:43:06Z INFO  dt_instance] received at 2023-06-27 16:43:06.262157144 UTC - from mc-3->source-1 "173" 16:43:06.260091725
[2023-06-27T16:43:08Z INFO  dt_instance] received at 2023-06-27 16:43:08.769179472 UTC - from mc-3->source-3 "173" 16:43:08.767550459
[2023-06-27T16:43:11Z INFO  dt_instance] received at 2023-06-27 16:43:11.276318354 UTC - from mc-3->source-1 "183" 16:43:11.274938355
[2023-06-27T16:43:13Z INFO  dt_instance] received at 2023-06-27 16:43:13.782207157 UTC - from mc-3->source-1 "188" 16:43:13.780299715
[2023-06-27T16:43:16Z INFO  dt_instance] received at 2023-06-27 16:43:16.287098405 UTC - from mc-3->source-7 "178" 16:43:16.285890230
[2023-06-27T16:43:18Z INFO  dt_instance] received at 2023-06-27 16:43:18.793715271 UTC - from mc-3->source-7 "183" 16:43:18.792211705
[2023-06-27T16:43:21Z INFO  dt_instance] received at 2023-06-27 16:43:21.299155772 UTC - from mc-3->source-7 "188" 16:43:21.297336935
[2023-06-27T16:43:23Z INFO  dt_instance] received at 2023-06-27 16:43:23.805421391 UTC - from mc-3->source-1 "208" 16:43:23.802385698
[2023-06-27T16:43:26Z INFO  dt_instance] received at 2023-06-27 16:43:26.310153574 UTC - from mc-3->source-3 "208" 16:43:26.308398337
[2023-06-27T16:43:28Z INFO  dt_instance] received at 2023-06-27 16:43:28.815884975 UTC - from mc-3->source-7 "203" 16:43:28.814592191
[2023-06-27T16:43:31Z INFO  dt_instance] received at 2023-06-27 16:43:31.320598514 UTC - from mc-3->source-7 "208" 16:43:31.319254667
[2023-06-27T16:43:33Z INFO  dt_instance] received at 2023-06-27 16:43:33.826076548 UTC - from mc-3->source-7 "213" 16:43:33.824364630
[2023-06-27T16:43:36Z INFO  dt_instance] received at 2023-06-27 16:43:36.334275793 UTC - from mc-3->source-9 "213" 16:43:36.332664420
[2023-06-27T16:43:38Z INFO  dt_instance] received at 2023-06-27 16:43:38.841102339 UTC - from mc-3->source-3 "233" 16:43:38.838416574
[2023-06-27T16:43:41Z INFO  dt_instance] received at 2023-06-27 16:43:41.344983606 UTC - from mc-3->source-9 "223" 16:43:41.343655141
[2023-06-27T16:43:43Z INFO  dt_instance] received at 2023-06-27 16:43:43.852614287 UTC - from mc-3->source-9 "228" 16:43:43.851213568
[2023-06-27T16:43:46Z INFO  dt_instance] received at 2023-06-27 16:43:46.359189582 UTC - from mc-3->source-9 "233" 16:43:46.357885346
[2023-06-27T16:43:48Z INFO  dt_instance] received at 2023-06-27 16:43:48.866137279 UTC - from mc-3->source-9 "238" 16:43:48.864793162
[2023-06-27T16:43:51Z INFO  dt_instance] received at 2023-06-27 16:43:51.372330588 UTC - from mc-3->source-3 "258" 16:43:51.371291420
[2023-06-27T16:43:53Z INFO  dt_instance] received at 2023-06-27 16:43:53.879910155 UTC - from mc-3->source-3 "263" 16:43:53.878587282
[2023-06-27T16:43:56Z INFO  dt_instance] received at 2023-06-27 16:43:56.386856336 UTC - from mc-3->source-3 "268" 16:43:56.384603119
[2023-06-27T16:43:58Z INFO  dt_instance] received at 2023-06-27 16:43:58.892044538 UTC - from mc-3->source-3 "273" 16:43:58.890743853
[2023-06-27T16:44:01Z INFO  dt_instance] received at 2023-06-27 16:44:01.397414899 UTC - from mc-3->source-3 "278" 16:44:01.395879111
[2023-06-27T16:44:03Z INFO  dt_instance] received at 2023-06-27 16:44:03.902527871 UTC - from mc-3->source-3 "283" 16:44:03.901180512
[2023-06-27T16:44:06Z INFO  dt_instance] received at 2023-06-27 16:44:06.408859553 UTC - from mc-3->source-5 "283" 16:44:06.407391171
[2023-06-27T16:44:08Z INFO  dt_instance] received at 2023-06-27 16:44:08.914676744 UTC - from mc-3->source-3 "293" 16:44:08.913385825
[2023-06-27T16:44:11Z INFO  dt_instance] received at 2023-06-27 16:44:11.422243917 UTC - from mc-3->source-3 "298" 16:44:11.420492667
[2023-06-27T16:44:13Z INFO  dt_instance] received at 2023-06-27 16:44:13.927540890 UTC - from mc-3->source-3 "303" 16:44:13.925998916
[2023-06-27T16:44:16Z INFO  dt_instance] received at 2023-06-27 16:44:16.433652722 UTC - from mc-3->source-3 "308" 16:44:16.432169380
[2023-06-27T16:44:18Z INFO  dt_instance] received at 2023-06-27 16:44:18.939092886 UTC - from mc-3->source-3 "313" 16:44:18.937241809
[2023-06-27T16:44:21Z INFO  dt_instance] received at 2023-06-27 16:44:21.445818397 UTC - from mc-3->source-3 "318" 16:44:21.444612695
[2023-06-27T16:44:23Z INFO  dt_instance] received at 2023-06-27 16:44:23.951260742 UTC - from mc-3->source-3 "323" 16:44:23.949745367
[2023-06-27T16:44:26Z INFO  dt_instance] received at 2023-06-27 16:44:26.455784014 UTC - from mc-3->source-3 "328" 16:44:26.454658001
[2023-06-27T16:44:28Z INFO  dt_instance] received at 2023-06-27 16:44:28.961897035 UTC - from mc-3->source-3 "333" 16:44:28.960065439
[2023-06-27T16:44:31Z INFO  dt_instance] received at 2023-06-27 16:44:31.466215942 UTC - from mc-3->source-3 "338" 16:44:31.464677679
[2023-06-27T16:44:33Z INFO  dt_instance] received at 2023-06-27 16:44:33.973616650 UTC - from mc-3->source-5 "338" 16:44:33.972766718
[2023-06-27T16:44:36Z INFO  dt_instance] received at 2023-06-27 16:44:36.479160155 UTC - from mc-3->source-5 "343" 16:44:36.478391454
[2023-06-27T16:44:38Z INFO  dt_instance] received at 2023-06-27 16:44:38.984806218 UTC - from mc-3->source-5 "348" 16:44:38.983631868
[2023-06-27T16:44:41Z INFO  dt_instance] received at 2023-06-27 16:44:41.490156892 UTC - from mc-3->source-5 "353" 16:44:41.488911028
[2023-06-27T16:44:43Z INFO  dt_instance] received at 2023-06-27 16:44:43.996301422 UTC - from mc-3->source-5 "358" 16:44:43.995301413
[2023-06-27T16:44:46Z INFO  dt_instance] received at 2023-06-27 16:44:46.505573167 UTC - from mc-3->source-5 "363" 16:44:46.502968890
[2023-06-27T16:44:49Z INFO  dt_instance] received at 2023-06-27 16:44:49.008920290 UTC - from mc-3->source-5 "368" 16:44:49.007492489
[2023-06-27T16:44:51Z INFO  dt_instance] received at 2023-06-27 16:44:51.515110192 UTC - from mc-3->source-5 "373" 16:44:51.514295387
[2023-06-27T16:44:54Z INFO  dt_instance] received at 2023-06-27 16:44:54.020918020 UTC - from mc-3->source-5 "378" 16:44:54.020033292
[2023-06-27T16:44:56Z INFO  dt_instance] received at 2023-06-27 16:44:56.525687986 UTC - from mc-3->source-5 "383" 16:44:56.524862045
[2023-06-27T16:44:59Z INFO  dt_instance] received at 2023-06-27 16:44:59.030839060 UTC - from mc-3->source-5 "388" 16:44:59.029705293
[2023-06-27T16:45:01Z INFO  dt_instance] received at 2023-06-27 16:45:01.539205509 UTC - from mc-3->source-5 "393" 16:45:01.535290712
[2023-06-27T16:45:04Z INFO  dt_instance] received at 2023-06-27 16:45:04.041702144 UTC - from mc-3->source-5 "398" 16:45:04.040532271
[2023-06-27T16:45:06Z INFO  dt_instance] received at 2023-06-27 16:45:06.546555819 UTC - from mc-3->source-5 "403" 16:45:06.545688398
[2023-06-27T16:45:09Z INFO  dt_instance] received at 2023-06-27 16:45:09.051776551 UTC - from mc-3->source-3 "413" 16:45:09.050579847
[2023-06-27T16:45:11Z INFO  dt_instance] received at 2023-06-27 16:45:11.557042134 UTC - from mc-3->source-3 "418" 16:45:11.555840219
[2023-06-27T16:45:14Z INFO  dt_instance] received at 2023-06-27 16:45:14.067619098 UTC - from mc-3->source-9 "408" 16:45:14.056356398
[2023-06-27T16:45:16Z INFO  dt_instance] received at 2023-06-27 16:45:16.570109143 UTC - from mc-3->source-5 "423" 16:45:16.567493616
[2023-06-27T16:45:19Z INFO  dt_instance] received at 2023-06-27 16:45:19.075021943 UTC - from mc-3->source-5 "428" 16:45:19.074032747
[2023-06-27T16:45:21Z INFO  dt_instance] received at 2023-06-27 16:45:21.586091615 UTC - from mc-3->source-5 "433" 16:45:21.579147182
[2023-06-27T16:45:24Z INFO  dt_instance] received at 2023-06-27 16:45:24.087233837 UTC - from mc-3->source-5 "438" 16:45:24.086478798
[2023-06-27T16:45:26Z INFO  dt_instance] received at 2023-06-27 16:45:26.594295839 UTC - from mc-3->source-5 "443" 16:45:26.593151582
[2023-06-27T16:45:29Z INFO  dt_instance] received at 2023-06-27 16:45:29.099460761 UTC - from mc-3->source-5 "448" 16:45:29.098255253
[2023-06-27T16:45:31Z INFO  dt_instance] received at 2023-06-27 16:45:31.605473037 UTC - from mc-3->source-5 "453" 16:45:31.603491608
[2023-06-27T16:45:34Z INFO  dt_instance] received at 2023-06-27 16:45:34.109920737 UTC - from mc-3->source-5 "458" 16:45:34.108642730
[2023-06-27T16:45:36Z INFO  dt_instance] received at 2023-06-27 16:45:36.615428615 UTC - from mc-3->source-5 "463" 16:45:36.614616705
[2023-06-27T16:45:39Z INFO  dt_instance] received at 2023-06-27 16:45:39.123300933 UTC - from mc-3->source-7 "463" 16:45:39.121346795
[2023-06-27T16:45:41Z INFO  dt_instance] received at 2023-06-27 16:45:41.629939620 UTC - from mc-3->source-7 "468" 16:45:41.628336893
[2023-06-27T16:45:44Z INFO  dt_instance] received at 2023-06-27 16:45:44.136741889 UTC - from mc-3->source-9 "468" 16:45:44.135740336
[2023-06-27T16:45:46Z INFO  dt_instance] received at 2023-06-27 16:45:46.642753463 UTC - from mc-3->source-9 "473" 16:45:46.641410537
[2023-06-27T16:45:49Z INFO  dt_instance] received at 2023-06-27 16:45:49.148990790 UTC - from mc-3->source-9 "478" 16:45:49.147648145
[2023-06-27T16:45:51Z INFO  dt_instance] received at 2023-06-27 16:45:51.653746915 UTC - from mc-3->source-9 "483" 16:45:51.652871902
[2023-06-27T16:45:54Z INFO  dt_instance] received at 2023-06-27 16:45:54.159076453 UTC - from mc-3->source-7 "493" 16:45:54.157617854
[2023-06-27T16:45:56Z INFO  dt_instance] received at 2023-06-27 16:45:56.664504324 UTC - from mc-3->source-9 "493" 16:45:56.663046384
[2023-06-27T16:45:59Z INFO  dt_instance] received at 2023-06-27 16:45:59.171704538 UTC - from mc-3->source-1 "518" 16:45:59.170220226
[2023-06-27T16:46:01Z INFO  dt_instance] received at 2023-06-27 16:46:01.678816708 UTC - from mc-3->source-9 "503" 16:46:01.676750078
[2023-06-27T16:46:04Z INFO  dt_instance] received at 2023-06-27 16:46:04.185479724 UTC - from mc-3->source-1 "528" 16:46:04.183496279
[2023-06-27T16:46:06Z INFO  dt_instance] received at 2023-06-27 16:46:06.691634876 UTC - from mc-3->source-7 "518" 16:46:06.689909647
[2023-06-27T16:46:09Z INFO  dt_instance] received at 2023-06-27 16:46:09.197008350 UTC - from mc-3->source-1 "538" 16:46:09.195661146
[2023-06-27T16:46:11Z INFO  dt_instance] received at 2023-06-27 16:46:11.702478775 UTC - from mc-3->source-9 "523" 16:46:11.699422436
[2023-06-27T16:46:14Z INFO  dt_instance] received at 2023-06-27 16:46:14.207486024 UTC - from mc-3->source-7 "533" 16:46:14.205832534
[2023-06-27T16:46:16Z INFO  dt_instance] received at 2023-06-27 16:46:16.713586150 UTC - from mc-3->source-9 "533" 16:46:16.712178123
[2023-06-27T16:46:19Z INFO  dt_instance] received at 2023-06-27 16:46:19.221027388 UTC - from mc-3->source-9 "538" 16:46:19.219169332
[2023-06-27T16:46:21Z INFO  dt_instance] received at 2023-06-27 16:46:21.727593346 UTC - from mc-3->source-9 "543" 16:46:21.726035734
[2023-06-27T16:46:24Z INFO  dt_instance] received at 2023-06-27 16:46:24.235610015 UTC - from mc-3->source-9 "548" 16:46:24.231936620
[2023-06-27T16:46:26Z INFO  dt_instance] received at 2023-06-27 16:46:26.739080632 UTC - from mc-3->source-9 "553" 16:46:26.736261085
[2023-06-27T16:46:29Z INFO  dt_instance] received at 2023-06-27 16:46:29.244140918 UTC - from mc-3->source-9 "558" 16:46:29.242507452
[2023-06-27T16:46:31Z INFO  dt_instance] received at 2023-06-27 16:46:31.750002649 UTC - from mc-3->source-9 "563" 16:46:31.748233403
[2023-06-27T16:46:34Z INFO  dt_instance] received at 2023-06-27 16:46:34.257138998 UTC - from mc-3->source-9 "568" 16:46:34.255151888
[2023-06-27T16:46:36Z INFO  dt_instance] received at 2023-06-27 16:46:36.763657774 UTC - from mc-3->source-9 "573" 16:46:36.762091806
[2023-06-27T16:46:39Z INFO  dt_instance] received at 2023-06-27 16:46:39.269236592 UTC - from mc-3->source-9 "578" 16:46:39.268087945
[2023-06-27T16:46:41Z INFO  dt_instance] received at 2023-06-27 16:46:41.774469090 UTC - from mc-3->source-9 "583" 16:46:41.773265681
[2023-06-27T16:46:44Z INFO  dt_instance] received at 2023-06-27 16:46:44.280125859 UTC - from mc-3->source-9 "588" 16:46:44.278803396
[2023-06-27T16:46:46Z INFO  dt_instance] received at 2023-06-27 16:46:46.785353073 UTC - from mc-3->source-9 "593" 16:46:46.784111782
[2023-06-27T16:46:49Z INFO  dt_instance] received at 2023-06-27 16:46:49.291201628 UTC - from mc-3->source-9 "598" 16:46:49.289223088
[2023-06-27T16:46:51Z INFO  dt_instance] received at 2023-06-27 16:46:51.797284937 UTC - from mc-3->source-9 "603" 16:46:51.795913053
[2023-06-27T16:46:54Z INFO  dt_instance] received at 2023-06-27 16:46:54.302369378 UTC - from mc-3->source-9 "608" 16:46:54.301102344
[2023-06-27T16:46:56Z INFO  dt_instance] received at 2023-06-27 16:46:56.808275361 UTC - from mc-3->source-9 "613" 16:46:56.806522607
[2023-06-27T16:46:59Z INFO  dt_instance] received at 2023-06-27 16:46:59.315021854 UTC - from mc-3->source-9 "618" 16:46:59.312279549
[2023-06-27T16:47:01Z INFO  dt_instance] received at 2023-06-27 16:47:01.819267945 UTC - from mc-3->source-9 "623" 16:47:01.818068340
[2023-06-27T16:47:04Z INFO  dt_instance] received at 2023-06-27 16:47:04.323334995 UTC - from mc-3->source-9 "628" 16:47:04.322209063
[2023-06-27T16:47:06Z INFO  dt_instance] received at 2023-06-27 16:47:06.832984740 UTC - from mc-3->source-9 "633" 16:47:06.829667394
[2023-06-27T16:47:09Z INFO  dt_instance] received at 2023-06-27 16:47:09.336067997 UTC - from mc-3->source-9 "638" 16:47:09.334719714
[2023-06-27T16:47:11Z INFO  dt_instance] received at 2023-06-27 16:47:11.842541792 UTC - from mc-3->source-9 "643" 16:47:11.841536682
[2023-06-27T16:47:14Z INFO  dt_instance] received at 2023-06-27 16:47:14.348931823 UTC - from mc-3->source-9 "648" 16:47:14.347742179
[2023-06-27T16:47:16Z INFO  dt_instance] received at 2023-06-27 16:47:16.854146373 UTC - from mc-3->source-9 "653" 16:47:16.852693462
[2023-06-27T16:47:19Z INFO  dt_instance] received at 2023-06-27 16:47:19.358903202 UTC - from mc-3->source-9 "658" 16:47:19.357669578
[2023-06-27T16:47:21Z INFO  dt_instance] received at 2023-06-27 16:47:21.864028075 UTC - from mc-3->source-9 "663" 16:47:21.863118526
[2023-06-27T16:47:24Z INFO  dt_instance] received at 2023-06-27 16:47:24.369632435 UTC - from mc-3->source-9 "668" 16:47:24.368185779
[2023-06-27T16:47:26Z INFO  dt_instance] received at 2023-06-27 16:47:26.876462844 UTC - from mc-3->source-9 "673" 16:47:26.874927382
[2023-06-27T16:47:29Z INFO  dt_instance] received at 2023-06-27 16:47:29.382062354 UTC - from mc-3->source-9 "678" 16:47:29.380953065
[2023-06-27T16:47:31Z INFO  dt_instance] received at 2023-06-27 16:47:31.888995835 UTC - from mc-3->source-9 "683" 16:47:31.888028114
[2023-06-27T16:47:34Z INFO  dt_instance] received at 2023-06-27 16:47:34.393629203 UTC - from mc-3->source-9 "688" 16:47:34.392440829
[2023-06-27T16:47:36Z INFO  dt_instance] received at 2023-06-27 16:47:36.899776457 UTC - from mc-3->source-9 "693" 16:47:36.898549955
[2023-06-27T16:47:39Z INFO  dt_instance] received at 2023-06-27 16:47:39.405057778 UTC - from mc-3->source-9 "698" 16:47:39.404187374
[2023-06-27T16:47:41Z INFO  dt_instance] received at 2023-06-27 16:47:41.911727644 UTC - from mc-3->source-9 "703" 16:47:41.909508917
[2023-06-27T16:47:44Z INFO  dt_instance] received at 2023-06-27 16:47:44.416425743 UTC - from mc-3->source-9 "708" 16:47:44.414212613
[2023-06-27T16:47:46Z INFO  dt_instance] received at 2023-06-27 16:47:46.920630012 UTC - from mc-3->source-7 "718" 16:47:46.919389617
[2023-06-27T16:47:49Z INFO  dt_instance] received at 2023-06-27 16:47:49.432175596 UTC - from mc-3->source-9 "718" 16:47:49.424953107
[2023-06-27T16:47:51Z INFO  dt_instance] received at 2023-06-27 16:47:51.937369461 UTC - from mc-3->source-9 "723" 16:47:51.935640020
[2023-06-27T16:47:54Z INFO  dt_instance] received at 2023-06-27 16:47:54.444186969 UTC - from mc-3->source-7 "733" 16:47:54.442368494
[2023-06-27T16:47:56Z INFO  dt_instance] received at 2023-06-27 16:47:56.949553969 UTC - from mc-3->source-7 "738" 16:47:56.948360960
[2023-06-27T16:47:59Z INFO  dt_instance] received at 2023-06-27 16:47:59.454997611 UTC - from mc-3->source-1 "758" 16:47:59.451845195
[2023-06-27T16:48:01Z INFO  dt_instance] received at 2023-06-27 16:48:01.961766796 UTC - from mc-3->source-7 "748" 16:48:01.960296414
[2023-06-27T16:48:04Z INFO  dt_instance] received at 2023-06-27 16:48:04.467775893 UTC - from mc-3->source-9 "748" 16:48:04.465916634
[2023-06-27T16:48:06Z INFO  dt_instance] received at 2023-06-27 16:48:06.973626773 UTC - from mc-3->source-9 "753" 16:48:06.971855955
[2023-06-27T16:48:09Z INFO  dt_instance] received at 2023-06-27 16:48:09.481061035 UTC - from mc-3->source-9 "758" 16:48:09.478231180
[2023-06-27T16:48:11Z INFO  dt_instance] received at 2023-06-27 16:48:11.984917267 UTC - from mc-3->source-9 "763" 16:48:11.983650845
[2023-06-27T16:48:14Z INFO  dt_instance] received at 2023-06-27 16:48:14.490655481 UTC - from mc-3->source-9 "768" 16:48:14.488729601
[2023-06-27T16:48:16Z INFO  dt_instance] received at 2023-06-27 16:48:16.995399474 UTC - from mc-3->source-9 "773" 16:48:16.994315283
[2023-06-27T16:48:19Z INFO  dt_instance] received at 2023-06-27 16:48:19.502158192 UTC - from mc-3->source-7 "783" 16:48:19.501087299
[2023-06-27T16:48:22Z INFO  dt_instance] received at 2023-06-27 16:48:22.009977990 UTC - from mc-3->source-7 "788" 16:48:22.008486539
[2023-06-27T16:48:24Z INFO  dt_instance] received at 2023-06-27 16:48:24.515749172 UTC - from mc-3->source-1 "808" 16:48:24.514480400
[2023-06-27T16:48:27Z INFO  dt_instance] received at 2023-06-27 16:48:27.023131892 UTC - from mc-3->source-7 "798" 16:48:27.021773003
[2023-06-27T16:48:29Z INFO  dt_instance] received at 2023-06-27 16:48:29.529129059 UTC - from mc-3->source-7 "803" 16:48:29.527657239
[2023-06-27T16:48:32Z INFO  dt_instance] received at 2023-06-27 16:48:32.034691788 UTC - from mc-3->source-7 "808" 16:48:32.033289429
[2023-06-27T16:48:34Z INFO  dt_instance] received at 2023-06-27 16:48:34.540943633 UTC - from mc-3->source-1 "828" 16:48:34.539951039
[2023-06-27T16:48:37Z INFO  dt_instance] received at 2023-06-27 16:48:37.047380569 UTC - from mc-3->source-9 "813" 16:48:37.045562863
[2023-06-27T16:48:39Z INFO  dt_instance] received at 2023-06-27 16:48:39.552810817 UTC - from mc-3->source-9 "818" 16:48:39.551465278
[2023-06-27T16:48:42Z INFO  dt_instance] received at 2023-06-27 16:48:42.058459643 UTC - from mc-3->source-9 "823" 16:48:42.057344233
[2023-06-27T16:48:44Z INFO  dt_instance] received at 2023-06-27 16:48:44.567355375 UTC - from mc-3->source-9 "828" 16:48:44.564962458
[2023-06-27T16:48:47Z INFO  dt_instance] received at 2023-06-27 16:48:47.073029842 UTC - from mc-3->source-9 "833" 16:48:47.071455048
[2023-06-27T16:48:49Z INFO  dt_instance] received at 2023-06-27 16:48:49.578254727 UTC - from mc-3->source-9 "838" 16:48:49.577216909
[2023-06-27T16:48:52Z INFO  dt_instance] received at 2023-06-27 16:48:52.083404913 UTC - from mc-3->source-9 "843" 16:48:52.082401589
[2023-06-27T16:48:54Z INFO  dt_instance] received at 2023-06-27 16:48:54.589181588 UTC - from mc-3->source-9 "848" 16:48:54.588320021
[2023-06-27T16:48:57Z INFO  dt_instance] received at 2023-06-27 16:48:57.094350855 UTC - from mc-3->source-9 "853" 16:48:57.093253141
[2023-06-27T16:48:59Z INFO  dt_instance] received at 2023-06-27 16:48:59.599680263 UTC - from mc-3->source-9 "858" 16:48:59.598280382
[2023-06-27T16:49:02Z INFO  dt_instance] received at 2023-06-27 16:49:02.106813140 UTC - from mc-3->source-9 "863" 16:49:02.103813907
[2023-06-27T16:49:04Z INFO  dt_instance] received at 2023-06-27 16:49:04.610265554 UTC - from mc-3->source-9 "868" 16:49:04.609169054
[2023-06-27T16:49:07Z INFO  dt_instance] received at 2023-06-27 16:49:07.118243809 UTC - from mc-3->source-9 "873" 16:49:07.114205794
[2023-06-27T16:49:09Z INFO  dt_instance] received at 2023-06-27 16:49:09.621662607 UTC - from mc-3->source-9 "878" 16:49:09.620336325
[2023-06-27T16:49:12Z INFO  dt_instance] received at 2023-06-27 16:49:12.126915276 UTC - from mc-3->source-9 "883" 16:49:12.125807060
[2023-06-27T16:49:14Z INFO  dt_instance] received at 2023-06-27 16:49:14.635975696 UTC - from mc-3->source-1 "908" 16:49:14.630137735
[2023-06-27T16:49:17Z INFO  dt_instance] received at 2023-06-27 16:49:17.137636287 UTC - from mc-3->source-1 "913" 16:49:17.135466012
[2023-06-27T16:49:19Z INFO  dt_instance] received at 2023-06-27 16:49:19.644149511 UTC - from mc-3->source-7 "903" 16:49:19.642274322
[2023-06-27T16:49:22Z INFO  dt_instance] received at 2023-06-27 16:49:22.149831939 UTC - from mc-3->source-1 "923" 16:49:22.148393441
[2023-06-27T16:49:24Z INFO  dt_instance] received at 2023-06-27 16:49:24.658256568 UTC - from mc-3->source-1 "928" 16:49:24.653538814
[2023-06-27T16:49:27Z INFO  dt_instance] received at 2023-06-27 16:49:27.161493727 UTC - from mc-3->source-9 "913" 16:49:27.159825017
[2023-06-27T16:49:29Z INFO  dt_instance] received at 2023-06-27 16:49:29.668366581 UTC - from mc-3->source-7 "923" 16:49:29.666662424
[2023-06-27T16:49:32Z INFO  dt_instance] received at 2023-06-27 16:49:32.177204871 UTC - from mc-3->source-7 "928" 16:49:32.175577717
[2023-06-27T16:49:34Z INFO  dt_instance] received at 2023-06-27 16:49:34.683009363 UTC - from mc-3->source-9 "928" 16:49:34.681496097
[2023-06-27T16:49:37Z INFO  dt_instance] received at 2023-06-27 16:49:37.190774366 UTC - from mc-3->source-7 "938" 16:49:37.189202249
[2023-06-27T16:49:39Z INFO  dt_instance] received at 2023-06-27 16:49:39.697292103 UTC - from mc-3->source-7 "943" 16:49:39.696010584
[2023-06-27T16:49:42Z INFO  dt_instance] received at 2023-06-27 16:49:42.202037354 UTC - from mc-3->source-9 "943" 16:49:42.200402697
[2023-06-27T16:49:44Z INFO  dt_instance] received at 2023-06-27 16:49:44.710526989 UTC - from mc-3->source-7 "953" 16:49:44.706393466
[2023-06-27T16:49:47Z INFO  dt_instance] received at 2023-06-27 16:49:47.214527403 UTC - from mc-3->source-7 "958" 16:49:47.212723834
[2023-06-27T16:49:49Z INFO  dt_instance] received at 2023-06-27 16:49:49.718604740 UTC - from mc-3->source-7 "963" 16:49:49.717482350
[2023-06-27T16:49:52Z INFO  dt_instance] received at 2023-06-27 16:49:52.225729303 UTC - from mc-3->source-9 "963" 16:49:52.224540131
[2023-06-27T16:49:54Z INFO  dt_instance] received at 2023-06-27 16:49:54.735753803 UTC - from mc-3->source-7 "973" 16:49:54.734110656
[2023-06-27T16:49:57Z INFO  dt_instance] received at 2023-06-27 16:49:57.240988967 UTC - from mc-3->source-9 "973" 16:49:57.238872770
[2023-06-27T16:49:59Z INFO  dt_instance] received at 2023-06-27 16:49:59.977096865 UTC - from mc-3->source-2 "996" 16:49:59.975907338
[2023-06-27T16:50:03Z INFO  dt_instance] received at 2023-06-27 16:50:03.250118342 UTC - from mc-3->source-5 "995" 16:50:03.248818434
[2023-06-27T16:50:10Z INFO  dt_instance] received at 2023-06-27 16:50:10.270445554 UTC - from mc-3->source-9 "999" 16:50:10.269168852
