[2023-06-26T18:28:18Z INFO  dt_instance] Current Twin: mc-twin-4
[2023-06-26T18:28:18Z INFO  dt_instance] Replica Name twin-mc-stateful-4
[2023-06-26T18:28:18Z INFO  dt_instance] Sleeping for 200
[2023-06-26T18:31:38Z INFO  dt_instance] Connecting to broker at emqx.dtwins:1883
[2023-06-26T18:31:38Z INFO  dt_instance] Loggin info each 50 messages
[2023-06-26T18:31:38Z INFO  dt_instance] Set max packet size to 60000 KB.
[2023-06-26T18:31:38Z INFO  dt_instance] Refreshing topics for twin - Listen to mc-4/#
[2023-06-26T18:31:38Z INFO  dt_instance] SubAck { pkid: 1, return_codes: [Success(ExactlyOnce)] }
[2023-06-26T18:32:47Z INFO  dt_instance] received at 2023-06-26 18:32:47.958500849 UTC - from mc-4->source-2 "9" 18:32:47.956924639
[2023-06-26T18:32:51Z INFO  dt_instance] received at 2023-06-26 18:32:51.214097946 UTC - from mc-4->source-3 "13" 18:32:51.212942095
[2023-06-26T18:32:53Z INFO  dt_instance] received at 2023-06-26 18:32:53.723881321 UTC - from mc-4->source-1 "23" 18:32:53.722707523
[2023-06-26T18:32:56Z INFO  dt_instance] received at 2023-06-26 18:32:56.229368850 UTC - from mc-4->source-1 "28" 18:32:56.228124436
[2023-06-26T18:32:58Z INFO  dt_instance] received at 2023-06-26 18:32:58.738645747 UTC - from mc-4->source-1 "33" 18:32:58.735241991
[2023-06-26T18:33:01Z INFO  dt_instance] received at 2023-06-26 18:33:01.243176462 UTC - from mc-4->source-1 "38" 18:33:01.241876188
[2023-06-26T18:33:03Z INFO  dt_instance] received at 2023-06-26 18:33:03.747984112 UTC - from mc-4->source-1 "43" 18:33:03.747164010
[2023-06-26T18:33:06Z INFO  dt_instance] received at 2023-06-26 18:33:06.257087640 UTC - from mc-4->source-1 "48" 18:33:06.255838194
[2023-06-26T18:33:08Z INFO  dt_instance] received at 2023-06-26 18:33:08.763302892 UTC - from mc-4->source-1 "53" 18:33:08.762175578
[2023-06-26T18:33:11Z INFO  dt_instance] received at 2023-06-26 18:33:11.269031923 UTC - from mc-4->source-1 "58" 18:33:11.268274620
[2023-06-26T18:33:13Z INFO  dt_instance] received at 2023-06-26 18:33:13.774512596 UTC - from mc-4->source-1 "63" 18:33:13.773598368
[2023-06-26T18:33:16Z INFO  dt_instance] received at 2023-06-26 18:33:16.279674630 UTC - from mc-4->source-1 "68" 18:33:16.278909240
[2023-06-26T18:33:18Z INFO  dt_instance] received at 2023-06-26 18:33:18.785710847 UTC - from mc-4->source-1 "73" 18:33:18.784822488
[2023-06-26T18:33:21Z INFO  dt_instance] received at 2023-06-26 18:33:21.291211354 UTC - from mc-4->source-1 "78" 18:33:21.290277070
[2023-06-26T18:33:23Z INFO  dt_instance] received at 2023-06-26 18:33:23.796515072 UTC - from mc-4->source-1 "83" 18:33:23.795602047
[2023-06-26T18:33:26Z INFO  dt_instance] received at 2023-06-26 18:33:26.301208886 UTC - from mc-4->source-1 "88" 18:33:26.300405884
[2023-06-26T18:33:28Z INFO  dt_instance] received at 2023-06-26 18:33:28.807277940 UTC - from mc-4->source-1 "93" 18:33:28.806207043
[2023-06-26T18:33:31Z INFO  dt_instance] received at 2023-06-26 18:33:31.313775926 UTC - from mc-4->source-1 "98" 18:33:31.312616755
[2023-06-26T18:33:33Z INFO  dt_instance] received at 2023-06-26 18:33:33.819526656 UTC - from mc-4->source-1 "103" 18:33:33.818314435
[2023-06-26T18:33:36Z INFO  dt_instance] received at 2023-06-26 18:33:36.324337547 UTC - from mc-4->source-1 "108" 18:33:36.323633594
[2023-06-26T18:33:38Z INFO  dt_instance] received at 2023-06-26 18:33:38.829606300 UTC - from mc-4->source-1 "113" 18:33:38.828530693
[2023-06-26T18:33:41Z INFO  dt_instance] received at 2023-06-26 18:33:41.336393212 UTC - from mc-4->source-1 "118" 18:33:41.335571774
[2023-06-26T18:33:43Z INFO  dt_instance] received at 2023-06-26 18:33:43.842414756 UTC - from mc-4->source-1 "123" 18:33:43.840519582
[2023-06-26T18:33:46Z INFO  dt_instance] received at 2023-06-26 18:33:46.346420088 UTC - from mc-4->source-1 "128" 18:33:46.345369646
[2023-06-26T18:33:48Z INFO  dt_instance] received at 2023-06-26 18:33:48.853289752 UTC - from mc-4->source-1 "133" 18:33:48.852198482
[2023-06-26T18:33:51Z INFO  dt_instance] received at 2023-06-26 18:33:51.359781168 UTC - from mc-4->source-1 "138" 18:33:51.358601183
[2023-06-26T18:33:53Z INFO  dt_instance] received at 2023-06-26 18:33:53.864645083 UTC - from mc-4->source-1 "143" 18:33:53.863828421
[2023-06-26T18:33:56Z INFO  dt_instance] received at 2023-06-26 18:33:56.370679764 UTC - from mc-4->source-1 "148" 18:33:56.369390697
[2023-06-26T18:33:58Z INFO  dt_instance] received at 2023-06-26 18:33:58.878046030 UTC - from mc-4->source-1 "153" 18:33:58.876742970
[2023-06-26T18:34:01Z INFO  dt_instance] received at 2023-06-26 18:34:01.383663066 UTC - from mc-4->source-1 "158" 18:34:01.381567313
[2023-06-26T18:34:03Z INFO  dt_instance] received at 2023-06-26 18:34:03.889373724 UTC - from mc-4->source-1 "163" 18:34:03.886600069
[2023-06-26T18:34:06Z INFO  dt_instance] received at 2023-06-26 18:34:06.393772917 UTC - from mc-4->source-1 "168" 18:34:06.392600006
[2023-06-26T18:34:08Z INFO  dt_instance] received at 2023-06-26 18:34:08.898475075 UTC - from mc-4->source-1 "173" 18:34:08.897409895
[2023-06-26T18:34:11Z INFO  dt_instance] received at 2023-06-26 18:34:11.405297499 UTC - from mc-4->source-1 "178" 18:34:11.404300928
[2023-06-26T18:34:13Z INFO  dt_instance] received at 2023-06-26 18:34:13.911150620 UTC - from mc-4->source-1 "183" 18:34:13.909778046
[2023-06-26T18:34:16Z INFO  dt_instance] received at 2023-06-26 18:34:16.417608465 UTC - from mc-4->source-1 "188" 18:34:16.414824008
[2023-06-26T18:34:18Z INFO  dt_instance] received at 2023-06-26 18:34:18.921709526 UTC - from mc-4->source-1 "193" 18:34:18.920831765
[2023-06-26T18:34:21Z INFO  dt_instance] received at 2023-06-26 18:34:21.427018177 UTC - from mc-4->source-1 "198" 18:34:21.426279101
[2023-06-26T18:34:23Z INFO  dt_instance] received at 2023-06-26 18:34:23.935511952 UTC - from mc-4->source-1 "203" 18:34:23.934186579
[2023-06-26T18:34:26Z INFO  dt_instance] received at 2023-06-26 18:34:26.449217129 UTC - from mc-4->source-1 "208" 18:34:26.448207593
[2023-06-26T18:34:28Z INFO  dt_instance] received at 2023-06-26 18:34:28.956897025 UTC - from mc-4->source-1 "213" 18:34:28.955722613
[2023-06-26T18:34:31Z INFO  dt_instance] received at 2023-06-26 18:34:31.461969619 UTC - from mc-4->source-1 "218" 18:34:31.460654129
[2023-06-26T18:34:33Z INFO  dt_instance] received at 2023-06-26 18:34:33.969721792 UTC - from mc-4->source-1 "223" 18:34:33.967049111
[2023-06-26T18:34:36Z INFO  dt_instance] received at 2023-06-26 18:34:36.474370416 UTC - from mc-4->source-1 "228" 18:34:36.473473355
[2023-06-26T18:34:38Z INFO  dt_instance] received at 2023-06-26 18:34:38.979513243 UTC - from mc-4->source-1 "233" 18:34:38.978690527
[2023-06-26T18:34:41Z INFO  dt_instance] received at 2023-06-26 18:34:41.488038013 UTC - from mc-4->source-1 "238" 18:34:41.484193523
[2023-06-26T18:34:43Z INFO  dt_instance] received at 2023-06-26 18:34:43.991490431 UTC - from mc-4->source-1 "243" 18:34:43.989786388
[2023-06-26T18:34:46Z INFO  dt_instance] received at 2023-06-26 18:34:46.495129011 UTC - from mc-4->source-1 "248" 18:34:46.494415478
[2023-06-26T18:34:49Z INFO  dt_instance] received at 2023-06-26 18:34:49.001146372 UTC - from mc-4->source-1 "253" 18:34:49.000182012
[2023-06-26T18:34:51Z INFO  dt_instance] received at 2023-06-26 18:34:51.508807754 UTC - from mc-4->source-1 "258" 18:34:51.506441127
[2023-06-26T18:34:54Z INFO  dt_instance] received at 2023-06-26 18:34:54.013179169 UTC - from mc-4->source-1 "263" 18:34:54.011914728
[2023-06-26T18:34:56Z INFO  dt_instance] received at 2023-06-26 18:34:56.517964309 UTC - from mc-4->source-1 "268" 18:34:56.517279518
[2023-06-26T18:34:59Z INFO  dt_instance] received at 2023-06-26 18:34:59.023064638 UTC - from mc-4->source-1 "273" 18:34:59.022205477
[2023-06-26T18:35:01Z INFO  dt_instance] received at 2023-06-26 18:35:01.528934437 UTC - from mc-4->source-1 "278" 18:35:01.527745545
[2023-06-26T18:35:04Z INFO  dt_instance] received at 2023-06-26 18:35:04.034292911 UTC - from mc-4->source-1 "283" 18:35:04.033287792
[2023-06-26T18:35:06Z INFO  dt_instance] received at 2023-06-26 18:35:06.539322692 UTC - from mc-4->source-1 "288" 18:35:06.538207876
[2023-06-26T18:35:09Z INFO  dt_instance] received at 2023-06-26 18:35:09.044266294 UTC - from mc-4->source-1 "293" 18:35:09.043517425
[2023-06-26T18:35:11Z INFO  dt_instance] received at 2023-06-26 18:35:11.552486397 UTC - from mc-4->source-1 "298" 18:35:11.549086741
[2023-06-26T18:35:14Z INFO  dt_instance] received at 2023-06-26 18:35:14.054294952 UTC - from mc-4->source-1 "303" 18:35:14.053167667
[2023-06-26T18:35:16Z INFO  dt_instance] received at 2023-06-26 18:35:16.560250819 UTC - from mc-4->source-1 "308" 18:35:16.559211338
[2023-06-26T18:35:19Z INFO  dt_instance] received at 2023-06-26 18:35:19.066034707 UTC - from mc-4->source-1 "313" 18:35:19.065183081
[2023-06-26T18:35:21Z INFO  dt_instance] received at 2023-06-26 18:35:21.572744708 UTC - from mc-4->source-1 "318" 18:35:21.571922987
[2023-06-26T18:35:24Z INFO  dt_instance] received at 2023-06-26 18:35:24.081483690 UTC - from mc-4->source-1 "323" 18:35:24.078145596
[2023-06-26T18:35:26Z INFO  dt_instance] received at 2023-06-26 18:35:26.584130318 UTC - from mc-4->source-1 "328" 18:35:26.583287605
[2023-06-26T18:35:29Z INFO  dt_instance] received at 2023-06-26 18:35:29.090771702 UTC - from mc-4->source-1 "333" 18:35:29.089867604
[2023-06-26T18:35:31Z INFO  dt_instance] received at 2023-06-26 18:35:31.599242483 UTC - from mc-4->source-1 "338" 18:35:31.595875923
[2023-06-26T18:35:34Z INFO  dt_instance] received at 2023-06-26 18:35:34.102339523 UTC - from mc-4->source-1 "343" 18:35:34.101278337
[2023-06-26T18:35:36Z INFO  dt_instance] received at 2023-06-26 18:35:36.607760764 UTC - from mc-4->source-3 "343" 18:35:36.606351224
[2023-06-26T18:35:39Z INFO  dt_instance] received at 2023-06-26 18:35:39.112935073 UTC - from mc-4->source-1 "353" 18:35:39.111710745
[2023-06-26T18:35:41Z INFO  dt_instance] received at 2023-06-26 18:35:41.617149201 UTC - from mc-4->source-3 "353" 18:35:41.616294169
[2023-06-26T18:35:44Z INFO  dt_instance] received at 2023-06-26 18:35:44.123134256 UTC - from mc-4->source-3 "358" 18:35:44.122045838
[2023-06-26T18:35:46Z INFO  dt_instance] received at 2023-06-26 18:35:46.630480267 UTC - from mc-4->source-1 "368" 18:35:46.629567979
[2023-06-26T18:35:49Z INFO  dt_instance] received at 2023-06-26 18:35:49.136115875 UTC - from mc-4->source-3 "368" 18:35:49.134447650
[2023-06-26T18:35:51Z INFO  dt_instance] received at 2023-06-26 18:35:51.641956540 UTC - from mc-4->source-3 "373" 18:35:51.641102554
[2023-06-26T18:35:54Z INFO  dt_instance] received at 2023-06-26 18:35:54.148478840 UTC - from mc-4->source-1 "383" 18:35:54.147609758
[2023-06-26T18:35:56Z INFO  dt_instance] received at 2023-06-26 18:35:56.657392523 UTC - from mc-4->source-1 "388" 18:35:56.653582687
[2023-06-26T18:35:59Z INFO  dt_instance] received at 2023-06-26 18:35:59.159823193 UTC - from mc-4->source-3 "388" 18:35:59.158665748
[2023-06-26T18:36:01Z INFO  dt_instance] received at 2023-06-26 18:36:01.665151500 UTC - from mc-4->source-3 "393" 18:36:01.664058580
[2023-06-26T18:36:04Z INFO  dt_instance] received at 2023-06-26 18:36:04.171861236 UTC - from mc-4->source-3 "398" 18:36:04.170996401
[2023-06-26T18:36:06Z INFO  dt_instance] received at 2023-06-26 18:36:06.677434678 UTC - from mc-4->source-1 "408" 18:36:06.676182435
[2023-06-26T18:36:09Z INFO  dt_instance] received at 2023-06-26 18:36:09.183718449 UTC - from mc-4->source-1 "413" 18:36:09.182605595
[2023-06-26T18:36:11Z INFO  dt_instance] received at 2023-06-26 18:36:11.688574897 UTC - from mc-4->source-1 "418" 18:36:11.687612638
[2023-06-26T18:36:14Z INFO  dt_instance] received at 2023-06-26 18:36:14.193741128 UTC - from mc-4->source-1 "423" 18:36:14.192563840
[2023-06-26T18:36:16Z INFO  dt_instance] received at 2023-06-26 18:36:16.699174562 UTC - from mc-4->source-7 "413" 18:36:16.697251873
[2023-06-26T18:36:19Z INFO  dt_instance] received at 2023-06-26 18:36:19.208710936 UTC - from mc-4->source-5 "423" 18:36:19.205554977
[2023-06-26T18:36:21Z INFO  dt_instance] received at 2023-06-26 18:36:21.713957677 UTC - from mc-4->source-7 "423" 18:36:21.711325275
[2023-06-26T18:36:24Z INFO  dt_instance] received at 2023-06-26 18:36:24.225035744 UTC - from mc-4->source-7 "428" 18:36:24.221333174
[2023-06-26T18:36:26Z INFO  dt_instance] received at 2023-06-26 18:36:26.734262116 UTC - from mc-4->source-7 "433" 18:36:26.727544528
[2023-06-26T18:36:29Z INFO  dt_instance] received at 2023-06-26 18:36:29.234684376 UTC - from mc-4->source-5 "443" 18:36:29.233385459
[2023-06-26T18:36:31Z INFO  dt_instance] received at 2023-06-26 18:36:31.741346939 UTC - from mc-4->source-7 "443" 18:36:31.740106659
[2023-06-26T18:36:34Z INFO  dt_instance] received at 2023-06-26 18:36:34.248478653 UTC - from mc-4->source-5 "453" 18:36:34.245603345
[2023-06-26T18:36:36Z INFO  dt_instance] received at 2023-06-26 18:36:36.752968666 UTC - from mc-4->source-3 "463" 18:36:36.752202255
[2023-06-26T18:36:39Z INFO  dt_instance] received at 2023-06-26 18:36:39.259207456 UTC - from mc-4->source-3 "468" 18:36:39.258369307
[2023-06-26T18:36:41Z INFO  dt_instance] received at 2023-06-26 18:36:41.764661668 UTC - from mc-4->source-3 "473" 18:36:41.763403620
[2023-06-26T18:36:44Z INFO  dt_instance] received at 2023-06-26 18:36:44.270917583 UTC - from mc-4->source-5 "473" 18:36:44.269198023
[2023-06-26T18:36:46Z INFO  dt_instance] received at 2023-06-26 18:36:46.775342976 UTC - from mc-4->source-7 "473" 18:36:46.774230860
[2023-06-26T18:36:49Z INFO  dt_instance] received at 2023-06-26 18:36:49.287699053 UTC - from mc-4->source-7 "478" 18:36:49.279288242
[2023-06-26T18:36:51Z INFO  dt_instance] received at 2023-06-26 18:36:51.787249423 UTC - from mc-4->source-5 "488" 18:36:51.786120651
[2023-06-26T18:36:54Z INFO  dt_instance] received at 2023-06-26 18:36:54.292573734 UTC - from mc-4->source-7 "488" 18:36:54.291297953
[2023-06-26T18:36:56Z INFO  dt_instance] received at 2023-06-26 18:36:56.799944346 UTC - from mc-4->source-5 "498" 18:36:56.798762970
[2023-06-26T18:36:59Z INFO  dt_instance] received at 2023-06-26 18:36:59.305172422 UTC - from mc-4->source-5 "503" 18:36:59.303316399
[2023-06-26T18:37:01Z INFO  dt_instance] received at 2023-06-26 18:37:01.811673607 UTC - from mc-4->source-3 "513" 18:37:01.810563327
[2023-06-26T18:37:04Z INFO  dt_instance] received at 2023-06-26 18:37:04.318995131 UTC - from mc-4->source-3 "518" 18:37:04.316296684
[2023-06-26T18:37:06Z INFO  dt_instance] received at 2023-06-26 18:37:06.823893762 UTC - from mc-4->source-3 "523" 18:37:06.823036110
[2023-06-26T18:37:09Z INFO  dt_instance] received at 2023-06-26 18:37:09.328926914 UTC - from mc-4->source-3 "528" 18:37:09.328171331
[2023-06-26T18:37:11Z INFO  dt_instance] received at 2023-06-26 18:37:11.835208655 UTC - from mc-4->source-3 "533" 18:37:11.834505363
[2023-06-26T18:37:14Z INFO  dt_instance] received at 2023-06-26 18:37:14.342795837 UTC - from mc-4->source-3 "538" 18:37:14.341792292
[2023-06-26T18:37:16Z INFO  dt_instance] received at 2023-06-26 18:37:16.847102479 UTC - from mc-4->source-3 "543" 18:37:16.846180116
[2023-06-26T18:37:19Z INFO  dt_instance] received at 2023-06-26 18:37:19.353147598 UTC - from mc-4->source-3 "548" 18:37:19.352124879
[2023-06-26T18:37:21Z INFO  dt_instance] received at 2023-06-26 18:37:21.863547031 UTC - from mc-4->source-7 "543" 18:37:21.861093054
[2023-06-26T18:37:24Z INFO  dt_instance] received at 2023-06-26 18:37:24.366627374 UTC - from mc-4->source-3 "558" 18:37:24.365284432
[2023-06-26T18:37:26Z INFO  dt_instance] received at 2023-06-26 18:37:26.874505631 UTC - from mc-4->source-7 "553" 18:37:26.872979836
[2023-06-26T18:37:29Z INFO  dt_instance] received at 2023-06-26 18:37:29.381713639 UTC - from mc-4->source-7 "558" 18:37:29.380445839
[2023-06-26T18:37:31Z INFO  dt_instance] received at 2023-06-26 18:37:31.887327099 UTC - from mc-4->source-7 "563" 18:37:31.885695268
[2023-06-26T18:37:34Z INFO  dt_instance] received at 2023-06-26 18:37:34.393235056 UTC - from mc-4->source-7 "568" 18:37:34.390778098
[2023-06-26T18:37:36Z INFO  dt_instance] received at 2023-06-26 18:37:36.899200058 UTC - from mc-4->source-1 "588" 18:37:36.896990281
[2023-06-26T18:37:39Z INFO  dt_instance] received at 2023-06-26 18:37:39.403186676 UTC - from mc-4->source-1 "593" 18:37:39.402428081
[2023-06-26T18:37:41Z INFO  dt_instance] received at 2023-06-26 18:37:41.908925117 UTC - from mc-4->source-1 "598" 18:37:41.908224568
[2023-06-26T18:37:44Z INFO  dt_instance] received at 2023-06-26 18:37:44.414737212 UTC - from mc-4->source-1 "603" 18:37:44.413770213
[2023-06-26T18:37:46Z INFO  dt_instance] received at 2023-06-26 18:37:46.920235344 UTC - from mc-4->source-1 "608" 18:37:46.918902174
[2023-06-26T18:37:49Z INFO  dt_instance] received at 2023-06-26 18:37:49.425274554 UTC - from mc-4->source-1 "613" 18:37:49.423713397
[2023-06-26T18:37:51Z INFO  dt_instance] received at 2023-06-26 18:37:51.930560269 UTC - from mc-4->source-7 "603" 18:37:51.927320892
[2023-06-26T18:37:54Z INFO  dt_instance] received at 2023-06-26 18:37:54.435014263 UTC - from mc-4->source-7 "608" 18:37:54.433520617
[2023-06-26T18:37:56Z INFO  dt_instance] received at 2023-06-26 18:37:56.943165972 UTC - from mc-4->source-7 "613" 18:37:56.940963412
[2023-06-26T18:37:59Z INFO  dt_instance] received at 2023-06-26 18:37:59.447722863 UTC - from mc-4->source-7 "618" 18:37:59.446791961
[2023-06-26T18:38:01Z INFO  dt_instance] received at 2023-06-26 18:38:01.952214272 UTC - from mc-4->source-7 "623" 18:38:01.951399965
[2023-06-26T18:38:04Z INFO  dt_instance] received at 2023-06-26 18:38:04.458474904 UTC - from mc-4->source-7 "628" 18:38:04.456714620
[2023-06-26T18:38:06Z INFO  dt_instance] received at 2023-06-26 18:38:06.964997140 UTC - from mc-4->source-1 "648" 18:38:06.964230094
[2023-06-26T18:38:09Z INFO  dt_instance] received at 2023-06-26 18:38:09.471528624 UTC - from mc-4->source-1 "653" 18:38:09.470192069
[2023-06-26T18:38:11Z INFO  dt_instance] received at 2023-06-26 18:38:11.977423110 UTC - from mc-4->source-1 "658" 18:38:11.976324872
[2023-06-26T18:38:14Z INFO  dt_instance] received at 2023-06-26 18:38:14.485014191 UTC - from mc-4->source-7 "648" 18:38:14.481961893
[2023-06-26T18:38:16Z INFO  dt_instance] received at 2023-06-26 18:38:16.993484426 UTC - from mc-4->source-7 "653" 18:38:16.990228318
[2023-06-26T18:38:19Z INFO  dt_instance] received at 2023-06-26 18:38:19.498399615 UTC - from mc-4->source-7 "658" 18:38:19.496279635
[2023-06-26T18:38:22Z INFO  dt_instance] received at 2023-06-26 18:38:22.003448844 UTC - from mc-4->source-7 "663" 18:38:22.001783773
[2023-06-26T18:38:24Z INFO  dt_instance] received at 2023-06-26 18:38:24.508700331 UTC - from mc-4->source-7 "668" 18:38:24.507304848
[2023-06-26T18:38:27Z INFO  dt_instance] received at 2023-06-26 18:38:27.017130820 UTC - from mc-4->source-7 "673" 18:38:27.016108456
[2023-06-26T18:38:29Z INFO  dt_instance] received at 2023-06-26 18:38:29.522676669 UTC - from mc-4->source-7 "678" 18:38:29.521612331
[2023-06-26T18:38:32Z INFO  dt_instance] received at 2023-06-26 18:38:32.030590067 UTC - from mc-4->source-5 "688" 18:38:32.027738997
[2023-06-26T18:38:34Z INFO  dt_instance] received at 2023-06-26 18:38:34.535337102 UTC - from mc-4->source-7 "688" 18:38:34.534277058
[2023-06-26T18:38:37Z INFO  dt_instance] received at 2023-06-26 18:38:37.040495888 UTC - from mc-4->source-7 "693" 18:38:37.039198513
[2023-06-26T18:38:39Z INFO  dt_instance] received at 2023-06-26 18:38:39.547903545 UTC - from mc-4->source-5 "703" 18:38:39.545557899
[2023-06-26T18:38:42Z INFO  dt_instance] received at 2023-06-26 18:38:42.054604265 UTC - from mc-4->source-5 "708" 18:38:42.053464805
[2023-06-26T18:38:44Z INFO  dt_instance] received at 2023-06-26 18:38:44.559530689 UTC - from mc-4->source-7 "708" 18:38:44.558221082
[2023-06-26T18:38:47Z INFO  dt_instance] received at 2023-06-26 18:38:47.065084887 UTC - from mc-4->source-7 "713" 18:38:47.063604042
[2023-06-26T18:38:49Z INFO  dt_instance] received at 2023-06-26 18:38:49.569958833 UTC - from mc-4->source-7 "718" 18:38:49.568446798
[2023-06-26T18:38:52Z INFO  dt_instance] received at 2023-06-26 18:38:52.076015928 UTC - from mc-4->source-5 "728" 18:38:52.074569036
[2023-06-26T18:38:54Z INFO  dt_instance] received at 2023-06-26 18:38:54.581904165 UTC - from mc-4->source-5 "733" 18:38:54.580255596
[2023-06-26T18:38:57Z INFO  dt_instance] received at 2023-06-26 18:38:57.089384658 UTC - from mc-4->source-7 "733" 18:38:57.087123756
[2023-06-26T18:38:59Z INFO  dt_instance] received at 2023-06-26 18:38:59.596829592 UTC - from mc-4->source-5 "743" 18:38:59.595565285
[2023-06-26T18:39:02Z INFO  dt_instance] received at 2023-06-26 18:39:02.102879029 UTC - from mc-4->source-5 "748" 18:39:02.101431046
[2023-06-26T18:39:04Z INFO  dt_instance] received at 2023-06-26 18:39:04.608555072 UTC - from mc-4->source-5 "753" 18:39:04.607515552
[2023-06-26T18:39:07Z INFO  dt_instance] received at 2023-06-26 18:39:07.115287276 UTC - from mc-4->source-5 "758" 18:39:07.113284016
[2023-06-26T18:39:09Z INFO  dt_instance] received at 2023-06-26 18:39:09.621229391 UTC - from mc-4->source-5 "763" 18:39:09.619686359
[2023-06-26T18:39:12Z INFO  dt_instance] received at 2023-06-26 18:39:12.128396885 UTC - from mc-4->source-5 "768" 18:39:12.126553947
[2023-06-26T18:39:14Z INFO  dt_instance] received at 2023-06-26 18:39:14.634422344 UTC - from mc-4->source-5 "773" 18:39:14.633202519
[2023-06-26T18:39:17Z INFO  dt_instance] received at 2023-06-26 18:39:17.139891810 UTC - from mc-4->source-5 "778" 18:39:17.138846645
[2023-06-26T18:39:19Z INFO  dt_instance] received at 2023-06-26 18:39:19.646006042 UTC - from mc-4->source-5 "783" 18:39:19.644403786
[2023-06-26T18:39:22Z INFO  dt_instance] received at 2023-06-26 18:39:22.152639380 UTC - from mc-4->source-5 "788" 18:39:22.151087940
[2023-06-26T18:39:24Z INFO  dt_instance] received at 2023-06-26 18:39:24.658123086 UTC - from mc-4->source-5 "793" 18:39:24.657181848
[2023-06-26T18:39:27Z INFO  dt_instance] received at 2023-06-26 18:39:27.164561529 UTC - from mc-4->source-5 "798" 18:39:27.163403453
[2023-06-26T18:39:29Z INFO  dt_instance] received at 2023-06-26 18:39:29.670616630 UTC - from mc-4->source-5 "803" 18:39:29.669261625
[2023-06-26T18:39:32Z INFO  dt_instance] received at 2023-06-26 18:39:32.177570505 UTC - from mc-4->source-5 "808" 18:39:32.176377071
[2023-06-26T18:39:34Z INFO  dt_instance] received at 2023-06-26 18:39:34.684522925 UTC - from mc-4->source-5 "813" 18:39:34.682882769
[2023-06-26T18:39:37Z INFO  dt_instance] received at 2023-06-26 18:39:37.190656670 UTC - from mc-4->source-5 "818" 18:39:37.188100280
[2023-06-26T18:39:39Z INFO  dt_instance] received at 2023-06-26 18:39:39.695684924 UTC - from mc-4->source-5 "823" 18:39:39.694258869
[2023-06-26T18:39:42Z INFO  dt_instance] received at 2023-06-26 18:39:42.204131157 UTC - from mc-4->source-5 "828" 18:39:42.201210096
[2023-06-26T18:39:44Z INFO  dt_instance] received at 2023-06-26 18:39:44.708077923 UTC - from mc-4->source-5 "833" 18:39:44.706777442
[2023-06-26T18:39:47Z INFO  dt_instance] received at 2023-06-26 18:39:47.213219448 UTC - from mc-4->source-5 "838" 18:39:47.211851245
[2023-06-26T18:39:49Z INFO  dt_instance] received at 2023-06-26 18:39:49.721457372 UTC - from mc-4->source-5 "843" 18:39:49.719852892
[2023-06-26T18:39:52Z INFO  dt_instance] received at 2023-06-26 18:39:52.229197050 UTC - from mc-4->source-5 "848" 18:39:52.225772565
[2023-06-26T18:39:54Z INFO  dt_instance] received at 2023-06-26 18:39:54.734689265 UTC - from mc-4->source-5 "853" 18:39:54.732617847
[2023-06-26T18:39:57Z INFO  dt_instance] received at 2023-06-26 18:39:57.241108170 UTC - from mc-4->source-5 "858" 18:39:57.239788644
[2023-06-26T18:39:59Z INFO  dt_instance] received at 2023-06-26 18:39:59.745427095 UTC - from mc-4->source-5 "863" 18:39:59.744184115
[2023-06-26T18:40:02Z INFO  dt_instance] received at 2023-06-26 18:40:02.252634836 UTC - from mc-4->source-5 "868" 18:40:02.251223
[2023-06-26T18:40:04Z INFO  dt_instance] received at 2023-06-26 18:40:04.766760415 UTC - from mc-4->source-5 "873" 18:40:04.764884555
[2023-06-26T18:40:07Z INFO  dt_instance] received at 2023-06-26 18:40:07.271519535 UTC - from mc-4->source-5 "878" 18:40:07.270358454
[2023-06-26T18:40:09Z INFO  dt_instance] received at 2023-06-26 18:40:09.778561257 UTC - from mc-4->source-5 "883" 18:40:09.777045889
[2023-06-26T18:40:12Z INFO  dt_instance] received at 2023-06-26 18:40:12.284079186 UTC - from mc-4->source-5 "888" 18:40:12.282627450
[2023-06-26T18:40:14Z INFO  dt_instance] received at 2023-06-26 18:40:14.789966777 UTC - from mc-4->source-5 "893" 18:40:14.789051677
[2023-06-26T18:40:17Z INFO  dt_instance] received at 2023-06-26 18:40:17.298736341 UTC - from mc-4->source-5 "898" 18:40:17.297105698
[2023-06-26T18:40:19Z INFO  dt_instance] received at 2023-06-26 18:40:19.802512743 UTC - from mc-4->source-5 "903" 18:40:19.801299153
[2023-06-26T18:40:22Z INFO  dt_instance] received at 2023-06-26 18:40:22.311961800 UTC - from mc-4->source-5 "908" 18:40:22.308635171
[2023-06-26T18:40:24Z INFO  dt_instance] received at 2023-06-26 18:40:24.815916096 UTC - from mc-4->source-5 "913" 18:40:24.814827488
[2023-06-26T18:40:27Z INFO  dt_instance] received at 2023-06-26 18:40:27.322521411 UTC - from mc-4->source-5 "918" 18:40:27.321003613
[2023-06-26T18:40:29Z INFO  dt_instance] received at 2023-06-26 18:40:29.828521742 UTC - from mc-4->source-5 "923" 18:40:29.827384555
[2023-06-26T18:40:32Z INFO  dt_instance] received at 2023-06-26 18:40:32.335442341 UTC - from mc-4->source-5 "928" 18:40:32.333849260
[2023-06-26T18:40:34Z INFO  dt_instance] received at 2023-06-26 18:40:34.840498932 UTC - from mc-4->source-5 "933" 18:40:34.839076790
[2023-06-26T18:40:37Z INFO  dt_instance] received at 2023-06-26 18:40:37.345110988 UTC - from mc-4->source-5 "938" 18:40:37.343524513
[2023-06-26T18:40:39Z INFO  dt_instance] received at 2023-06-26 18:40:39.849909157 UTC - from mc-4->source-5 "943" 18:40:39.848557121
[2023-06-26T18:40:42Z INFO  dt_instance] received at 2023-06-26 18:40:42.355699196 UTC - from mc-4->source-5 "948" 18:40:42.353682256
[2023-06-26T18:40:44Z INFO  dt_instance] received at 2023-06-26 18:40:44.861835057 UTC - from mc-4->source-5 "953" 18:40:44.860707700
[2023-06-26T18:40:47Z INFO  dt_instance] received at 2023-06-26 18:40:47.366972542 UTC - from mc-4->source-5 "958" 18:40:47.365297895
[2023-06-26T18:40:49Z INFO  dt_instance] received at 2023-06-26 18:40:49.872577083 UTC - from mc-4->source-5 "963" 18:40:49.871439703
[2023-06-26T18:40:52Z INFO  dt_instance] received at 2023-06-26 18:40:52.379782385 UTC - from mc-4->source-5 "968" 18:40:52.377890747
[2023-06-26T18:40:54Z INFO  dt_instance] received at 2023-06-26 18:40:54.886931819 UTC - from mc-4->source-5 "973" 18:40:54.882785121
[2023-06-26T18:40:57Z INFO  dt_instance] received at 2023-06-26 18:40:57.389988389 UTC - from mc-4->source-5 "978" 18:40:57.388669186
[2023-06-26T18:40:59Z INFO  dt_instance] received at 2023-06-26 18:40:59.896198545 UTC - from mc-4->source-5 "983" 18:40:59.894749905
[2023-06-26T18:41:02Z INFO  dt_instance] received at 2023-06-26 18:41:02.634355966 UTC - from mc-4->source-2 "996" 18:41:02.632974722
[2023-06-26T18:41:05Z INFO  dt_instance] received at 2023-06-26 18:41:05.875954557 UTC - from mc-4->source-9 "985" 18:41:05.874426598
[2023-06-26T18:41:12Z INFO  dt_instance] received at 2023-06-26 18:41:12.891427611 UTC - from mc-4->source-9 "999" 18:41:12.889842940
