[2023-06-26T18:28:03Z INFO  dt_instance] Current Twin: mc-twin-0
[2023-06-26T18:28:03Z INFO  dt_instance] Replica Name twin-mc-stateful-0
[2023-06-26T18:28:03Z INFO  dt_instance] Sleeping for 0
[2023-06-26T18:28:03Z INFO  dt_instance] Connecting to broker at emqx.dtwins:1883
[2023-06-26T18:28:03Z INFO  dt_instance] Loggin info each 50 messages
[2023-06-26T18:28:03Z INFO  dt_instance] Set max packet size to 60000 KB.
[2023-06-26T18:28:03Z INFO  dt_instance] Refreshing topics for twin - Listen to mc-0/#
[2023-06-26T18:28:03Z INFO  dt_instance] SubAck { pkid: 1, return_codes: [Success(ExactlyOnce)] }
[2023-06-26T18:29:12Z INFO  dt_instance] received at 2023-06-26 18:29:12.370602825 UTC - from mc-0->source-2 "9" 18:29:12.368209708
[2023-06-26T18:29:15Z INFO  dt_instance] received at 2023-06-26 18:29:15.622667271 UTC - from mc-0->source-3 "13" 18:29:15.621388790
[2023-06-26T18:29:18Z INFO  dt_instance] received at 2023-06-26 18:29:18.132949823 UTC - from mc-0->source-1 "23" 18:29:18.130985742
[2023-06-26T18:29:20Z INFO  dt_instance] received at 2023-06-26 18:29:20.640328692 UTC - from mc-0->source-1 "28" 18:29:20.638872663
[2023-06-26T18:29:23Z INFO  dt_instance] received at 2023-06-26 18:29:23.147912147 UTC - from mc-0->source-1 "33" 18:29:23.144478098
[2023-06-26T18:29:25Z INFO  dt_instance] received at 2023-06-26 18:29:25.651761660 UTC - from mc-0->source-1 "38" 18:29:25.650287385
[2023-06-26T18:29:28Z INFO  dt_instance] received at 2023-06-26 18:29:28.159259070 UTC - from mc-0->source-1 "43" 18:29:28.156924349
[2023-06-26T18:29:30Z INFO  dt_instance] received at 2023-06-26 18:29:30.667708648 UTC - from mc-0->source-3 "43" 18:29:30.661916503
[2023-06-26T18:29:33Z INFO  dt_instance] received at 2023-06-26 18:29:33.170342085 UTC - from mc-0->source-1 "53" 18:29:33.169052717
[2023-06-26T18:29:35Z INFO  dt_instance] received at 2023-06-26 18:29:35.677905353 UTC - from mc-0->source-7 "43" 18:29:35.675105115
[2023-06-26T18:29:38Z INFO  dt_instance] received at 2023-06-26 18:29:38.184831382 UTC - from mc-0->source-5 "53" 18:29:38.181709657
[2023-06-26T18:29:40Z INFO  dt_instance] received at 2023-06-26 18:29:40.687664739 UTC - from mc-0->source-7 "53" 18:29:40.686081252
[2023-06-26T18:29:43Z INFO  dt_instance] received at 2023-06-26 18:29:43.192340665 UTC - from mc-0->source-7 "58" 18:29:43.191129370
[2023-06-26T18:29:45Z INFO  dt_instance] received at 2023-06-26 18:29:45.702419554 UTC - from mc-0->source-1 "78" 18:29:45.700923420
[2023-06-26T18:29:48Z INFO  dt_instance] received at 2023-06-26 18:29:48.208912871 UTC - from mc-0->source-1 "83" 18:29:48.207192266
[2023-06-26T18:29:50Z INFO  dt_instance] received at 2023-06-26 18:29:50.715840512 UTC - from mc-0->source-3 "83" 18:29:50.714231893
[2023-06-26T18:29:53Z INFO  dt_instance] received at 2023-06-26 18:29:53.224611660 UTC - from mc-0->source-7 "78" 18:29:53.221906988
[2023-06-26T18:29:55Z INFO  dt_instance] received at 2023-06-26 18:29:55.734337066 UTC - from mc-0->source-7 "83" 18:29:55.732814537
[2023-06-26T18:29:58Z INFO  dt_instance] received at 2023-06-26 18:29:58.242429994 UTC - from mc-0->source-7 "88" 18:29:58.240031259
[2023-06-26T18:30:00Z INFO  dt_instance] received at 2023-06-26 18:30:00.746945290 UTC - from mc-0->source-7 "93" 18:30:00.745417680
[2023-06-26T18:30:03Z INFO  dt_instance] received at 2023-06-26 18:30:03.254379527 UTC - from mc-0->source-9 "93" 18:30:03.252788681
[2023-06-26T18:30:05Z INFO  dt_instance] received at 2023-06-26 18:30:05.760453313 UTC - from mc-0->source-9 "98" 18:30:05.758855554
[2023-06-26T18:30:08Z INFO  dt_instance] received at 2023-06-26 18:30:08.269230596 UTC - from mc-0->source-7 "108" 18:30:08.265626236
[2023-06-26T18:30:10Z INFO  dt_instance] received at 2023-06-26 18:30:10.773152695 UTC - from mc-0->source-7 "113" 18:30:10.771857478
[2023-06-26T18:30:13Z INFO  dt_instance] received at 2023-06-26 18:30:13.282380968 UTC - from mc-0->source-9 "113" 18:30:13.278165588
[2023-06-26T18:30:15Z INFO  dt_instance] received at 2023-06-26 18:30:15.786267503 UTC - from mc-0->source-9 "118" 18:30:15.784941319
[2023-06-26T18:30:18Z INFO  dt_instance] received at 2023-06-26 18:30:18.292791586 UTC - from mc-0->source-9 "123" 18:30:18.291435531
[2023-06-26T18:30:20Z INFO  dt_instance] received at 2023-06-26 18:30:20.798327873 UTC - from mc-0->source-5 "138" 18:30:20.796941910
[2023-06-26T18:30:23Z INFO  dt_instance] received at 2023-06-26 18:30:23.306274316 UTC - from mc-0->source-5 "143" 18:30:23.303319499
[2023-06-26T18:30:25Z INFO  dt_instance] received at 2023-06-26 18:30:25.810339678 UTC - from mc-0->source-9 "138" 18:30:25.808723696
[2023-06-26T18:30:28Z INFO  dt_instance] received at 2023-06-26 18:30:28.315986994 UTC - from mc-0->source-9 "143" 18:30:28.314225399
[2023-06-26T18:30:30Z INFO  dt_instance] received at 2023-06-26 18:30:30.821728077 UTC - from mc-0->source-9 "148" 18:30:30.819052506
[2023-06-26T18:30:33Z INFO  dt_instance] received at 2023-06-26 18:30:33.327775777 UTC - from mc-0->source-9 "153" 18:30:33.326373363
[2023-06-26T18:30:35Z INFO  dt_instance] received at 2023-06-26 18:30:35.834392854 UTC - from mc-0->source-9 "158" 18:30:35.832886020
[2023-06-26T18:30:38Z INFO  dt_instance] received at 2023-06-26 18:30:38.342338272 UTC - from mc-0->source-9 "163" 18:30:38.340840587
[2023-06-26T18:30:40Z INFO  dt_instance] received at 2023-06-26 18:30:40.849146732 UTC - from mc-0->source-9 "168" 18:30:40.847622853
[2023-06-26T18:30:43Z INFO  dt_instance] received at 2023-06-26 18:30:43.356643991 UTC - from mc-0->source-9 "173" 18:30:43.355341811
[2023-06-26T18:30:45Z INFO  dt_instance] received at 2023-06-26 18:30:45.862220205 UTC - from mc-0->source-9 "178" 18:30:45.860754801
[2023-06-26T18:30:48Z INFO  dt_instance] received at 2023-06-26 18:30:48.367438760 UTC - from mc-0->source-9 "183" 18:30:48.365918153
[2023-06-26T18:30:50Z INFO  dt_instance] received at 2023-06-26 18:30:50.877170589 UTC - from mc-0->source-9 "188" 18:30:50.871999250
[2023-06-26T18:30:53Z INFO  dt_instance] received at 2023-06-26 18:30:53.381845250 UTC - from mc-0->source-9 "193" 18:30:53.378077013
[2023-06-26T18:30:55Z INFO  dt_instance] received at 2023-06-26 18:30:55.885735574 UTC - from mc-0->source-9 "198" 18:30:55.884166653
[2023-06-26T18:30:58Z INFO  dt_instance] received at 2023-06-26 18:30:58.390602821 UTC - from mc-0->source-9 "203" 18:30:58.389302653
[2023-06-26T18:31:00Z INFO  dt_instance] received at 2023-06-26 18:31:00.900589697 UTC - from mc-0->source-9 "208" 18:31:00.896745662
[2023-06-26T18:31:03Z INFO  dt_instance] received at 2023-06-26 18:31:03.403981645 UTC - from mc-0->source-9 "213" 18:31:03.402044832
[2023-06-26T18:31:05Z INFO  dt_instance] received at 2023-06-26 18:31:05.909588254 UTC - from mc-0->source-9 "218" 18:31:05.908368553
[2023-06-26T18:31:08Z INFO  dt_instance] received at 2023-06-26 18:31:08.416552281 UTC - from mc-0->source-9 "223" 18:31:08.413532257
[2023-06-26T18:31:10Z INFO  dt_instance] received at 2023-06-26 18:31:10.920947555 UTC - from mc-0->source-9 "228" 18:31:10.917967108
[2023-06-26T18:31:13Z INFO  dt_instance] received at 2023-06-26 18:31:13.424879487 UTC - from mc-0->source-9 "233" 18:31:13.423410074
[2023-06-26T18:31:15Z INFO  dt_instance] received at 2023-06-26 18:31:15.931794843 UTC - from mc-0->source-9 "238" 18:31:15.929313580
[2023-06-26T18:31:18Z INFO  dt_instance] received at 2023-06-26 18:31:18.436032367 UTC - from mc-0->source-9 "243" 18:31:18.434533688
[2023-06-26T18:31:20Z INFO  dt_instance] received at 2023-06-26 18:31:20.941631793 UTC - from mc-0->source-9 "248" 18:31:20.938858765
[2023-06-26T18:31:23Z INFO  dt_instance] received at 2023-06-26 18:31:23.447798346 UTC - from mc-0->source-9 "253" 18:31:23.444170222
[2023-06-26T18:31:25Z INFO  dt_instance] received at 2023-06-26 18:31:25.952342738 UTC - from mc-0->source-9 "258" 18:31:25.949454099
[2023-06-26T18:31:28Z INFO  dt_instance] received at 2023-06-26 18:31:28.460629773 UTC - from mc-0->source-9 "263" 18:31:28.457208445
[2023-06-26T18:31:30Z INFO  dt_instance] received at 2023-06-26 18:31:30.967132916 UTC - from mc-0->source-9 "268" 18:31:30.964635763
[2023-06-26T18:31:33Z INFO  dt_instance] received at 2023-06-26 18:31:33.471831464 UTC - from mc-0->source-9 "273" 18:31:33.470736819
[2023-06-26T18:31:35Z INFO  dt_instance] received at 2023-06-26 18:31:35.979525816 UTC - from mc-0->source-9 "278" 18:31:35.976586690
[2023-06-26T18:31:38Z INFO  dt_instance] received at 2023-06-26 18:31:38.483070325 UTC - from mc-0->source-9 "283" 18:31:38.481344200
[2023-06-26T18:31:40Z INFO  dt_instance] received at 2023-06-26 18:31:40.991188846 UTC - from mc-0->source-9 "288" 18:31:40.987838188
[2023-06-26T18:31:43Z INFO  dt_instance] received at 2023-06-26 18:31:43.495500052 UTC - from mc-0->source-9 "293" 18:31:43.493906826
[2023-06-26T18:31:46Z INFO  dt_instance] received at 2023-06-26 18:31:46.003194551 UTC - from mc-0->source-9 "298" 18:31:46.000270924
[2023-06-26T18:31:48Z INFO  dt_instance] received at 2023-06-26 18:31:48.506932411 UTC - from mc-0->source-9 "303" 18:31:48.505404171
[2023-06-26T18:31:51Z INFO  dt_instance] received at 2023-06-26 18:31:51.015070353 UTC - from mc-0->source-9 "308" 18:31:51.011676760
[2023-06-26T18:31:53Z INFO  dt_instance] received at 2023-06-26 18:31:53.519020149 UTC - from mc-0->source-9 "313" 18:31:53.517383297
[2023-06-26T18:31:56Z INFO  dt_instance] received at 2023-06-26 18:31:56.026078808 UTC - from mc-0->source-9 "318" 18:31:56.022323751
[2023-06-26T18:31:58Z INFO  dt_instance] received at 2023-06-26 18:31:58.529752004 UTC - from mc-0->source-9 "323" 18:31:58.528581723
[2023-06-26T18:32:01Z INFO  dt_instance] received at 2023-06-26 18:32:01.035656836 UTC - from mc-0->source-9 "328" 18:32:01.032855936
[2023-06-26T18:32:03Z INFO  dt_instance] received at 2023-06-26 18:32:03.546366716 UTC - from mc-0->source-9 "333" 18:32:03.544756966
[2023-06-26T18:32:06Z INFO  dt_instance] received at 2023-06-26 18:32:06.052508925 UTC - from mc-0->source-9 "338" 18:32:06.050581719
[2023-06-26T18:32:08Z INFO  dt_instance] received at 2023-06-26 18:32:08.558540010 UTC - from mc-0->source-9 "343" 18:32:08.557208301
[2023-06-26T18:32:11Z INFO  dt_instance] received at 2023-06-26 18:32:11.066260483 UTC - from mc-0->source-9 "348" 18:32:11.064577718
[2023-06-26T18:32:13Z INFO  dt_instance] received at 2023-06-26 18:32:13.572581745 UTC - from mc-0->source-1 "373" 18:32:13.571456392
[2023-06-26T18:32:16Z INFO  dt_instance] received at 2023-06-26 18:32:16.079127949 UTC - from mc-0->source-5 "368" 18:32:16.077968913
[2023-06-26T18:32:18Z INFO  dt_instance] received at 2023-06-26 18:32:18.584391967 UTC - from mc-0->source-5 "373" 18:32:18.583308464
[2023-06-26T18:32:21Z INFO  dt_instance] received at 2023-06-26 18:32:21.089822630 UTC - from mc-0->source-5 "378" 18:32:21.088057659
[2023-06-26T18:32:23Z INFO  dt_instance] received at 2023-06-26 18:32:23.597738846 UTC - from mc-0->source-3 "388" 18:32:23.594565997
[2023-06-26T18:32:26Z INFO  dt_instance] received at 2023-06-26 18:32:26.101082105 UTC - from mc-0->source-9 "378" 18:32:26.100157857
[2023-06-26T18:32:28Z INFO  dt_instance] received at 2023-06-26 18:32:28.607231724 UTC - from mc-0->source-9 "383" 18:32:28.605322600
[2023-06-26T18:32:31Z INFO  dt_instance] received at 2023-06-26 18:32:31.115393695 UTC - from mc-0->source-7 "393" 18:32:31.113916729
[2023-06-26T18:32:33Z INFO  dt_instance] received at 2023-06-26 18:32:33.621192092 UTC - from mc-0->source-7 "398" 18:32:33.620062776
[2023-06-26T18:32:36Z INFO  dt_instance] received at 2023-06-26 18:32:36.128182239 UTC - from mc-0->source-7 "403" 18:32:36.126900972
[2023-06-26T18:32:38Z INFO  dt_instance] received at 2023-06-26 18:32:38.635437599 UTC - from mc-0->source-1 "423" 18:32:38.633930119
[2023-06-26T18:32:41Z INFO  dt_instance] received at 2023-06-26 18:32:41.144758580 UTC - from mc-0->source-1 "428" 18:32:41.142343746
[2023-06-26T18:32:43Z INFO  dt_instance] received at 2023-06-26 18:32:43.652136732 UTC - from mc-0->source-1 "433" 18:32:43.648839680
[2023-06-26T18:32:46Z INFO  dt_instance] received at 2023-06-26 18:32:46.156299745 UTC - from mc-0->source-1 "438" 18:32:46.154419274
[2023-06-26T18:32:48Z INFO  dt_instance] received at 2023-06-26 18:32:48.665199394 UTC - from mc-0->source-7 "428" 18:32:48.661568663
[2023-06-26T18:32:51Z INFO  dt_instance] received at 2023-06-26 18:32:51.168355361 UTC - from mc-0->source-9 "428" 18:32:51.166762004
[2023-06-26T18:32:53Z INFO  dt_instance] received at 2023-06-26 18:32:53.674403608 UTC - from mc-0->source-7 "438" 18:32:53.672519488
[2023-06-26T18:32:56Z INFO  dt_instance] received at 2023-06-26 18:32:56.180909269 UTC - from mc-0->source-7 "443" 18:32:56.179457483
[2023-06-26T18:32:58Z INFO  dt_instance] received at 2023-06-26 18:32:58.689679922 UTC - from mc-0->source-1 "463" 18:32:58.685272
[2023-06-26T18:33:01Z INFO  dt_instance] received at 2023-06-26 18:33:01.193297836 UTC - from mc-0->source-1 "468" 18:33:01.191475130
[2023-06-26T18:33:03Z INFO  dt_instance] received at 2023-06-26 18:33:03.698469820 UTC - from mc-0->source-1 "473" 18:33:03.697337858
[2023-06-26T18:33:06Z INFO  dt_instance] received at 2023-06-26 18:33:06.207877138 UTC - from mc-0->source-1 "478" 18:33:06.206137941
[2023-06-26T18:33:08Z INFO  dt_instance] received at 2023-06-26 18:33:08.722718240 UTC - from mc-0->source-7 "468" 18:33:08.708349886
[2023-06-26T18:33:11Z INFO  dt_instance] received at 2023-06-26 18:33:11.220725248 UTC - from mc-0->source-1 "488" 18:33:11.219292215
[2023-06-26T18:33:13Z INFO  dt_instance] received at 2023-06-26 18:33:13.727989025 UTC - from mc-0->source-7 "478" 18:33:13.725452407
[2023-06-26T18:33:16Z INFO  dt_instance] received at 2023-06-26 18:33:16.232283597 UTC - from mc-0->source-7 "483" 18:33:16.230496877
[2023-06-26T18:33:18Z INFO  dt_instance] received at 2023-06-26 18:33:18.739645588 UTC - from mc-0->source-1 "503" 18:33:18.737887614
[2023-06-26T18:33:21Z INFO  dt_instance] received at 2023-06-26 18:33:21.246381516 UTC - from mc-0->source-9 "488" 18:33:21.244951088
[2023-06-26T18:33:23Z INFO  dt_instance] received at 2023-06-26 18:33:23.752770560 UTC - from mc-0->source-1 "513" 18:33:23.751533277
[2023-06-26T18:33:26Z INFO  dt_instance] received at 2023-06-26 18:33:26.259556546 UTC - from mc-0->source-7 "503" 18:33:26.257920608
[2023-06-26T18:33:28Z INFO  dt_instance] received at 2023-06-26 18:33:28.767074620 UTC - from mc-0->source-1 "523" 18:33:28.765550156
[2023-06-26T18:33:31Z INFO  dt_instance] received at 2023-06-26 18:33:31.273778051 UTC - from mc-0->source-1 "528" 18:33:31.272092646
[2023-06-26T18:33:33Z INFO  dt_instance] received at 2023-06-26 18:33:33.787464201 UTC - from mc-0->source-7 "518" 18:33:33.785902113
[2023-06-26T18:33:36Z INFO  dt_instance] received at 2023-06-26 18:33:36.296248350 UTC - from mc-0->source-7 "523" 18:33:36.293794495
[2023-06-26T18:33:38Z INFO  dt_instance] received at 2023-06-26 18:33:38.801124213 UTC - from mc-0->source-7 "528" 18:33:38.799956327
[2023-06-26T18:33:41Z INFO  dt_instance] received at 2023-06-26 18:33:41.307829620 UTC - from mc-0->source-7 "533" 18:33:41.306778834
[2023-06-26T18:33:43Z INFO  dt_instance] received at 2023-06-26 18:33:43.812554691 UTC - from mc-0->source-7 "538" 18:33:43.811393971
[2023-06-26T18:33:46Z INFO  dt_instance] received at 2023-06-26 18:33:46.318076520 UTC - from mc-0->source-7 "543" 18:33:46.316739222
[2023-06-26T18:33:48Z INFO  dt_instance] received at 2023-06-26 18:33:48.822620999 UTC - from mc-0->source-7 "548" 18:33:48.821418305
[2023-06-26T18:33:51Z INFO  dt_instance] received at 2023-06-26 18:33:51.330096376 UTC - from mc-0->source-7 "553" 18:33:51.328757808
[2023-06-26T18:33:53Z INFO  dt_instance] received at 2023-06-26 18:33:53.836235971 UTC - from mc-0->source-7 "558" 18:33:53.834706920
[2023-06-26T18:33:56Z INFO  dt_instance] received at 2023-06-26 18:33:56.340584593 UTC - from mc-0->source-7 "563" 18:33:56.339535825
[2023-06-26T18:33:58Z INFO  dt_instance] received at 2023-06-26 18:33:58.846404009 UTC - from mc-0->source-7 "568" 18:33:58.844863031
[2023-06-26T18:34:01Z INFO  dt_instance] received at 2023-06-26 18:34:01.353683313 UTC - from mc-0->source-7 "573" 18:34:01.351496787
[2023-06-26T18:34:03Z INFO  dt_instance] received at 2023-06-26 18:34:03.859171184 UTC - from mc-0->source-7 "578" 18:34:03.857639359
[2023-06-26T18:34:06Z INFO  dt_instance] received at 2023-06-26 18:34:06.364074306 UTC - from mc-0->source-7 "583" 18:34:06.362258622
[2023-06-26T18:34:08Z INFO  dt_instance] received at 2023-06-26 18:34:08.870188243 UTC - from mc-0->source-7 "588" 18:34:08.867230448
[2023-06-26T18:34:11Z INFO  dt_instance] received at 2023-06-26 18:34:11.373920911 UTC - from mc-0->source-7 "593" 18:34:11.372529380
[2023-06-26T18:34:13Z INFO  dt_instance] received at 2023-06-26 18:34:13.880117794 UTC - from mc-0->source-7 "598" 18:34:13.878786055
[2023-06-26T18:34:16Z INFO  dt_instance] received at 2023-06-26 18:34:16.387107244 UTC - from mc-0->source-7 "603" 18:34:16.384006564
[2023-06-26T18:34:18Z INFO  dt_instance] received at 2023-06-26 18:34:18.892885066 UTC - from mc-0->source-7 "608" 18:34:18.891584620
[2023-06-26T18:34:21Z INFO  dt_instance] received at 2023-06-26 18:34:21.399195673 UTC - from mc-0->source-7 "613" 18:34:21.397023869
[2023-06-26T18:34:23Z INFO  dt_instance] received at 2023-06-26 18:34:23.903440324 UTC - from mc-0->source-7 "618" 18:34:23.902081160
[2023-06-26T18:34:26Z INFO  dt_instance] received at 2023-06-26 18:34:26.409242084 UTC - from mc-0->source-7 "623" 18:34:26.407854256
[2023-06-26T18:34:28Z INFO  dt_instance] received at 2023-06-26 18:34:28.917544631 UTC - from mc-0->source-7 "628" 18:34:28.914755564
[2023-06-26T18:34:31Z INFO  dt_instance] received at 2023-06-26 18:34:31.424661506 UTC - from mc-0->source-7 "633" 18:34:31.421810753
[2023-06-26T18:34:33Z INFO  dt_instance] received at 2023-06-26 18:34:33.928489636 UTC - from mc-0->source-7 "638" 18:34:33.926987843
[2023-06-26T18:34:36Z INFO  dt_instance] received at 2023-06-26 18:34:36.433559277 UTC - from mc-0->source-7 "643" 18:34:36.432343358
[2023-06-26T18:34:38Z INFO  dt_instance] received at 2023-06-26 18:34:38.940681150 UTC - from mc-0->source-7 "648" 18:34:38.939050418
[2023-06-26T18:34:41Z INFO  dt_instance] received at 2023-06-26 18:34:41.445218371 UTC - from mc-0->source-7 "653" 18:34:41.444053041
[2023-06-26T18:34:43Z INFO  dt_instance] received at 2023-06-26 18:34:43.952479838 UTC - from mc-0->source-7 "658" 18:34:43.950760317
[2023-06-26T18:34:46Z INFO  dt_instance] received at 2023-06-26 18:34:46.457698118 UTC - from mc-0->source-7 "663" 18:34:46.455975125
[2023-06-26T18:34:48Z INFO  dt_instance] received at 2023-06-26 18:34:48.964313864 UTC - from mc-0->source-7 "668" 18:34:48.962822376
[2023-06-26T18:34:51Z INFO  dt_instance] received at 2023-06-26 18:34:51.469699283 UTC - from mc-0->source-7 "673" 18:34:51.468356864
[2023-06-26T18:34:53Z INFO  dt_instance] received at 2023-06-26 18:34:53.975409164 UTC - from mc-0->source-7 "678" 18:34:53.974368789
[2023-06-26T18:34:56Z INFO  dt_instance] received at 2023-06-26 18:34:56.482002147 UTC - from mc-0->source-7 "683" 18:34:56.480814088
[2023-06-26T18:34:58Z INFO  dt_instance] received at 2023-06-26 18:34:58.987619087 UTC - from mc-0->source-7 "688" 18:34:58.986073704
[2023-06-26T18:35:01Z INFO  dt_instance] received at 2023-06-26 18:35:01.492508651 UTC - from mc-0->source-7 "693" 18:35:01.491089964
[2023-06-26T18:35:04Z INFO  dt_instance] received at 2023-06-26 18:35:04.000312498 UTC - from mc-0->source-7 "698" 18:35:03.997592104
[2023-06-26T18:35:06Z INFO  dt_instance] received at 2023-06-26 18:35:06.506599686 UTC - from mc-0->source-7 "703" 18:35:06.502612931
[2023-06-26T18:35:09Z INFO  dt_instance] received at 2023-06-26 18:35:09.008644822 UTC - from mc-0->source-7 "708" 18:35:09.007341533
[2023-06-26T18:35:11Z INFO  dt_instance] received at 2023-06-26 18:35:11.514370848 UTC - from mc-0->source-7 "713" 18:35:11.512231713
[2023-06-26T18:35:14Z INFO  dt_instance] received at 2023-06-26 18:35:14.018457416 UTC - from mc-0->source-7 "718" 18:35:14.017111770
[2023-06-26T18:35:16Z INFO  dt_instance] received at 2023-06-26 18:35:16.524796222 UTC - from mc-0->source-7 "723" 18:35:16.522828178
[2023-06-26T18:35:19Z INFO  dt_instance] received at 2023-06-26 18:35:19.030876026 UTC - from mc-0->source-7 "728" 18:35:19.029083775
[2023-06-26T18:35:21Z INFO  dt_instance] received at 2023-06-26 18:35:21.536922553 UTC - from mc-0->source-7 "733" 18:35:21.535627092
[2023-06-26T18:35:24Z INFO  dt_instance] received at 2023-06-26 18:35:24.044555126 UTC - from mc-0->source-7 "738" 18:35:24.043563898
[2023-06-26T18:35:26Z INFO  dt_instance] received at 2023-06-26 18:35:26.549968751 UTC - from mc-0->source-7 "743" 18:35:26.548243844
[2023-06-26T18:35:29Z INFO  dt_instance] received at 2023-06-26 18:35:29.056119762 UTC - from mc-0->source-7 "748" 18:35:29.053681070
[2023-06-26T18:35:31Z INFO  dt_instance] received at 2023-06-26 18:35:31.560861729 UTC - from mc-0->source-7 "753" 18:35:31.559427898
[2023-06-26T18:35:34Z INFO  dt_instance] received at 2023-06-26 18:35:34.066235097 UTC - from mc-0->source-7 "758" 18:35:34.064745587
[2023-06-26T18:35:36Z INFO  dt_instance] received at 2023-06-26 18:35:36.571780096 UTC - from mc-0->source-7 "763" 18:35:36.570354158
[2023-06-26T18:35:39Z INFO  dt_instance] received at 2023-06-26 18:35:39.079365207 UTC - from mc-0->source-7 "768" 18:35:39.078283428
[2023-06-26T18:35:41Z INFO  dt_instance] received at 2023-06-26 18:35:41.585532104 UTC - from mc-0->source-7 "773" 18:35:41.583949444
[2023-06-26T18:35:44Z INFO  dt_instance] received at 2023-06-26 18:35:44.091484374 UTC - from mc-0->source-7 "778" 18:35:44.090231291
[2023-06-26T18:35:46Z INFO  dt_instance] received at 2023-06-26 18:35:46.596853124 UTC - from mc-0->source-7 "783" 18:35:46.595632876
[2023-06-26T18:35:49Z INFO  dt_instance] received at 2023-06-26 18:35:49.101755870 UTC - from mc-0->source-7 "788" 18:35:49.100476881
[2023-06-26T18:35:51Z INFO  dt_instance] received at 2023-06-26 18:35:51.610722141 UTC - from mc-0->source-7 "793" 18:35:51.606095271
[2023-06-26T18:35:54Z INFO  dt_instance] received at 2023-06-26 18:35:54.113196538 UTC - from mc-0->source-7 "798" 18:35:54.111893290
[2023-06-26T18:35:56Z INFO  dt_instance] received at 2023-06-26 18:35:56.620243775 UTC - from mc-0->source-7 "803" 18:35:56.618786265
[2023-06-26T18:35:59Z INFO  dt_instance] received at 2023-06-26 18:35:59.126380422 UTC - from mc-0->source-7 "808" 18:35:59.125407048
[2023-06-26T18:36:01Z INFO  dt_instance] received at 2023-06-26 18:36:01.632843453 UTC - from mc-0->source-7 "813" 18:36:01.630930003
[2023-06-26T18:36:04Z INFO  dt_instance] received at 2023-06-26 18:36:04.139460949 UTC - from mc-0->source-7 "818" 18:36:04.137794727
[2023-06-26T18:36:06Z INFO  dt_instance] received at 2023-06-26 18:36:06.646791946 UTC - from mc-0->source-7 "823" 18:36:06.644944761
[2023-06-26T18:36:09Z INFO  dt_instance] received at 2023-06-26 18:36:09.151783467 UTC - from mc-0->source-7 "828" 18:36:09.150283092
[2023-06-26T18:36:11Z INFO  dt_instance] received at 2023-06-26 18:36:11.658827037 UTC - from mc-0->source-7 "833" 18:36:11.656406487
[2023-06-26T18:36:14Z INFO  dt_instance] received at 2023-06-26 18:36:14.171328111 UTC - from mc-0->source-7 "838" 18:36:14.161314488
[2023-06-26T18:36:16Z INFO  dt_instance] received at 2023-06-26 18:36:16.668334047 UTC - from mc-0->source-7 "843" 18:36:16.667187470
[2023-06-26T18:36:19Z INFO  dt_instance] received at 2023-06-26 18:36:19.173788909 UTC - from mc-0->source-7 "848" 18:36:19.172412361
[2023-06-26T18:36:21Z INFO  dt_instance] received at 2023-06-26 18:36:21.680306961 UTC - from mc-0->source-7 "853" 18:36:21.679072172
[2023-06-26T18:36:24Z INFO  dt_instance] received at 2023-06-26 18:36:24.186341572 UTC - from mc-0->source-7 "858" 18:36:24.184800872
[2023-06-26T18:36:26Z INFO  dt_instance] received at 2023-06-26 18:36:26.691539860 UTC - from mc-0->source-7 "863" 18:36:26.690029059
[2023-06-26T18:36:29Z INFO  dt_instance] received at 2023-06-26 18:36:29.196481094 UTC - from mc-0->source-7 "868" 18:36:29.195139111
[2023-06-26T18:36:31Z INFO  dt_instance] received at 2023-06-26 18:36:31.702098523 UTC - from mc-0->source-7 "873" 18:36:31.700146870
[2023-06-26T18:36:34Z INFO  dt_instance] received at 2023-06-26 18:36:34.208348544 UTC - from mc-0->source-7 "878" 18:36:34.207097950
[2023-06-26T18:36:36Z INFO  dt_instance] received at 2023-06-26 18:36:36.713473973 UTC - from mc-0->source-7 "883" 18:36:36.712044387
[2023-06-26T18:36:39Z INFO  dt_instance] received at 2023-06-26 18:36:39.219584146 UTC - from mc-0->source-7 "888" 18:36:39.217926276
[2023-06-26T18:36:41Z INFO  dt_instance] received at 2023-06-26 18:36:41.726107561 UTC - from mc-0->source-7 "893" 18:36:41.723220416
[2023-06-26T18:36:44Z INFO  dt_instance] received at 2023-06-26 18:36:44.230471269 UTC - from mc-0->source-7 "898" 18:36:44.229161519
[2023-06-26T18:36:46Z INFO  dt_instance] received at 2023-06-26 18:36:46.737390877 UTC - from mc-0->source-7 "903" 18:36:46.735391123
[2023-06-26T18:36:49Z INFO  dt_instance] received at 2023-06-26 18:36:49.245622955 UTC - from mc-0->source-7 "908" 18:36:49.241957579
[2023-06-26T18:36:51Z INFO  dt_instance] received at 2023-06-26 18:36:51.747988252 UTC - from mc-0->source-7 "913" 18:36:51.746869549
[2023-06-26T18:36:54Z INFO  dt_instance] received at 2023-06-26 18:36:54.259241752 UTC - from mc-0->source-7 "918" 18:36:54.257034456
[2023-06-26T18:36:56Z INFO  dt_instance] received at 2023-06-26 18:36:56.764049291 UTC - from mc-0->source-7 "923" 18:36:56.762629063
[2023-06-26T18:36:59Z INFO  dt_instance] received at 2023-06-26 18:36:59.268676685 UTC - from mc-0->source-7 "928" 18:36:59.267305184
[2023-06-26T18:37:01Z INFO  dt_instance] received at 2023-06-26 18:37:01.774254202 UTC - from mc-0->source-7 "933" 18:37:01.772868378
[2023-06-26T18:37:04Z INFO  dt_instance] received at 2023-06-26 18:37:04.285210325 UTC - from mc-0->source-7 "938" 18:37:04.279687026
[2023-06-26T18:37:06Z INFO  dt_instance] received at 2023-06-26 18:37:06.785945607 UTC - from mc-0->source-7 "943" 18:37:06.784666877
[2023-06-26T18:37:09Z INFO  dt_instance] received at 2023-06-26 18:37:09.290928718 UTC - from mc-0->source-7 "948" 18:37:09.289645449
[2023-06-26T18:37:11Z INFO  dt_instance] received at 2023-06-26 18:37:11.795669763 UTC - from mc-0->source-7 "953" 18:37:11.794252521
[2023-06-26T18:37:14Z INFO  dt_instance] received at 2023-06-26 18:37:14.302579975 UTC - from mc-0->source-7 "958" 18:37:14.298889293
[2023-06-26T18:37:16Z INFO  dt_instance] received at 2023-06-26 18:37:16.806007770 UTC - from mc-0->source-7 "963" 18:37:16.804973434
[2023-06-26T18:37:19Z INFO  dt_instance] received at 2023-06-26 18:37:19.312932983 UTC - from mc-0->source-7 "968" 18:37:19.310088739
[2023-06-26T18:37:21Z INFO  dt_instance] received at 2023-06-26 18:37:21.820313400 UTC - from mc-0->source-7 "973" 18:37:21.816722357
[2023-06-26T18:37:24Z INFO  dt_instance] received at 2023-06-26 18:37:24.325395204 UTC - from mc-0->source-3 "988" 18:37:24.324198794
[2023-06-26T18:37:27Z INFO  dt_instance] received at 2023-06-26 18:37:27.034182055 UTC - from mc-0->source-4 "991" 18:37:27.032977773
[2023-06-26T18:37:30Z INFO  dt_instance] received at 2023-06-26 18:37:30.288761067 UTC - from mc-0->source-5 "995" 18:37:30.287619954
[2023-06-26T18:37:37Z INFO  dt_instance] received at 2023-06-26 18:37:37.330854090 UTC - from mc-0->source-9 "999" 18:37:37.329605793
