[2023-06-26T18:28:07Z INFO  dt_instance] Current Twin: mc-twin-1
[2023-06-26T18:28:07Z INFO  dt_instance] Replica Name twin-mc-stateful-1
[2023-06-26T18:28:07Z INFO  dt_instance] Sleeping for 50
[2023-06-26T18:28:57Z INFO  dt_instance] Connecting to broker at emqx.dtwins:1883
[2023-06-26T18:28:57Z INFO  dt_instance] Loggin info each 50 messages
[2023-06-26T18:28:57Z INFO  dt_instance] Set max packet size to 60000 KB.
[2023-06-26T18:28:57Z INFO  dt_instance] Refreshing topics for twin - Listen to mc-1/#
[2023-06-26T18:28:57Z INFO  dt_instance] SubAck { pkid: 1, return_codes: [Success(ExactlyOnce)] }
[2023-06-26T18:30:05Z INFO  dt_instance] received at 2023-06-26 18:30:05.570812617 UTC - from mc-1->source-2 "9" 18:30:05.569657901
[2023-06-26T18:30:08Z INFO  dt_instance] received at 2023-06-26 18:30:08.824820524 UTC - from mc-1->source-3 "13" 18:30:08.823603818
[2023-06-26T18:30:11Z INFO  dt_instance] received at 2023-06-26 18:30:11.342041472 UTC - from mc-1->source-1 "23" 18:30:11.340355335
[2023-06-26T18:30:13Z INFO  dt_instance] received at 2023-06-26 18:30:13.848688753 UTC - from mc-1->source-1 "28" 18:30:13.846537827
[2023-06-26T18:30:16Z INFO  dt_instance] received at 2023-06-26 18:30:16.353765415 UTC - from mc-1->source-1 "33" 18:30:16.352354207
[2023-06-26T18:30:18Z INFO  dt_instance] received at 2023-06-26 18:30:18.859575652 UTC - from mc-1->source-1 "38" 18:30:18.857781999
[2023-06-26T18:30:21Z INFO  dt_instance] received at 2023-06-26 18:30:21.365345351 UTC - from mc-1->source-1 "43" 18:30:21.363463092
[2023-06-26T18:30:23Z INFO  dt_instance] received at 2023-06-26 18:30:23.870813308 UTC - from mc-1->source-1 "48" 18:30:23.869272456
[2023-06-26T18:30:26Z INFO  dt_instance] received at 2023-06-26 18:30:26.376425025 UTC - from mc-1->source-1 "53" 18:30:26.374867509
[2023-06-26T18:30:28Z INFO  dt_instance] received at 2023-06-26 18:30:28.883906140 UTC - from mc-1->source-1 "58" 18:30:28.881909358
[2023-06-26T18:30:31Z INFO  dt_instance] received at 2023-06-26 18:30:31.388898526 UTC - from mc-1->source-1 "63" 18:30:31.386806759
[2023-06-26T18:30:33Z INFO  dt_instance] received at 2023-06-26 18:30:33.893349082 UTC - from mc-1->source-1 "68" 18:30:33.891779757
[2023-06-26T18:30:36Z INFO  dt_instance] received at 2023-06-26 18:30:36.397934238 UTC - from mc-1->source-1 "73" 18:30:36.396760052
[2023-06-26T18:30:38Z INFO  dt_instance] received at 2023-06-26 18:30:38.907235673 UTC - from mc-1->source-1 "78" 18:30:38.904028519
[2023-06-26T18:30:41Z INFO  dt_instance] received at 2023-06-26 18:30:41.411497562 UTC - from mc-1->source-1 "83" 18:30:41.409971452
[2023-06-26T18:30:43Z INFO  dt_instance] received at 2023-06-26 18:30:43.918159754 UTC - from mc-1->source-1 "88" 18:30:43.916910133
[2023-06-26T18:30:46Z INFO  dt_instance] received at 2023-06-26 18:30:46.422965853 UTC - from mc-1->source-1 "93" 18:30:46.421872362
[2023-06-26T18:30:48Z INFO  dt_instance] received at 2023-06-26 18:30:48.928059131 UTC - from mc-1->source-1 "98" 18:30:48.926628801
[2023-06-26T18:30:51Z INFO  dt_instance] received at 2023-06-26 18:30:51.434157329 UTC - from mc-1->source-1 "103" 18:30:51.432724040
[2023-06-26T18:30:53Z INFO  dt_instance] received at 2023-06-26 18:30:53.939735421 UTC - from mc-1->source-1 "108" 18:30:53.938254915
[2023-06-26T18:30:56Z INFO  dt_instance] received at 2023-06-26 18:30:56.445466458 UTC - from mc-1->source-1 "113" 18:30:56.444032435
[2023-06-26T18:30:58Z INFO  dt_instance] received at 2023-06-26 18:30:58.949840911 UTC - from mc-1->source-1 "118" 18:30:58.948757156
[2023-06-26T18:31:01Z INFO  dt_instance] received at 2023-06-26 18:31:01.456124167 UTC - from mc-1->source-1 "123" 18:31:01.453650493
[2023-06-26T18:31:03Z INFO  dt_instance] received at 2023-06-26 18:31:03.961114668 UTC - from mc-1->source-1 "128" 18:31:03.959404282
[2023-06-26T18:31:06Z INFO  dt_instance] received at 2023-06-26 18:31:06.467751897 UTC - from mc-1->source-1 "133" 18:31:06.466091640
[2023-06-26T18:31:08Z INFO  dt_instance] received at 2023-06-26 18:31:08.972504970 UTC - from mc-1->source-1 "138" 18:31:08.971191194
[2023-06-26T18:31:11Z INFO  dt_instance] received at 2023-06-26 18:31:11.479901101 UTC - from mc-1->source-1 "143" 18:31:11.478300095
[2023-06-26T18:31:13Z INFO  dt_instance] received at 2023-06-26 18:31:13.986294363 UTC - from mc-1->source-1 "148" 18:31:13.985010251
[2023-06-26T18:31:16Z INFO  dt_instance] received at 2023-06-26 18:31:16.492901287 UTC - from mc-1->source-1 "153" 18:31:16.490429991
[2023-06-26T18:31:18Z INFO  dt_instance] received at 2023-06-26 18:31:18.998697506 UTC - from mc-1->source-5 "148" 18:31:18.996504694
[2023-06-26T18:31:21Z INFO  dt_instance] received at 2023-06-26 18:31:21.504889137 UTC - from mc-1->source-1 "163" 18:31:21.503182210
[2023-06-26T18:31:24Z INFO  dt_instance] received at 2023-06-26 18:31:24.010766532 UTC - from mc-1->source-1 "168" 18:31:24.009088984
[2023-06-26T18:31:26Z INFO  dt_instance] received at 2023-06-26 18:31:26.515198732 UTC - from mc-1->source-5 "163" 18:31:26.513811727
[2023-06-26T18:31:29Z INFO  dt_instance] received at 2023-06-26 18:31:29.021323570 UTC - from mc-1->source-1 "178" 18:31:29.019741095
[2023-06-26T18:31:31Z INFO  dt_instance] received at 2023-06-26 18:31:31.527792734 UTC - from mc-1->source-5 "173" 18:31:31.524471617
[2023-06-26T18:31:34Z INFO  dt_instance] received at 2023-06-26 18:31:34.032768049 UTC - from mc-1->source-5 "178" 18:31:34.030790226
[2023-06-26T18:31:36Z INFO  dt_instance] received at 2023-06-26 18:31:36.539608506 UTC - from mc-1->source-1 "193" 18:31:36.537828527
[2023-06-26T18:31:39Z INFO  dt_instance] received at 2023-06-26 18:31:39.045213933 UTC - from mc-1->source-5 "188" 18:31:39.042965261
[2023-06-26T18:31:41Z INFO  dt_instance] received at 2023-06-26 18:31:41.550781713 UTC - from mc-1->source-5 "193" 18:31:41.548861804
[2023-06-26T18:31:44Z INFO  dt_instance] received at 2023-06-26 18:31:44.056377381 UTC - from mc-1->source-5 "198" 18:31:44.054768703
[2023-06-26T18:31:46Z INFO  dt_instance] received at 2023-06-26 18:31:46.563066614 UTC - from mc-1->source-1 "213" 18:31:46.561484458
[2023-06-26T18:31:49Z INFO  dt_instance] received at 2023-06-26 18:31:49.069515247 UTC - from mc-1->source-1 "218" 18:31:49.067750033
[2023-06-26T18:31:51Z INFO  dt_instance] received at 2023-06-26 18:31:51.574256610 UTC - from mc-1->source-1 "223" 18:31:51.572827087
[2023-06-26T18:31:54Z INFO  dt_instance] received at 2023-06-26 18:31:54.081994483 UTC - from mc-1->source-1 "228" 18:31:54.080421087
[2023-06-26T18:31:56Z INFO  dt_instance] received at 2023-06-26 18:31:56.587722302 UTC - from mc-1->source-1 "233" 18:31:56.586455298
[2023-06-26T18:31:59Z INFO  dt_instance] received at 2023-06-26 18:31:59.092481916 UTC - from mc-1->source-1 "238" 18:31:59.091320122
[2023-06-26T18:32:01Z INFO  dt_instance] received at 2023-06-26 18:32:01.598705433 UTC - from mc-1->source-5 "233" 18:32:01.597581439
[2023-06-26T18:32:04Z INFO  dt_instance] received at 2023-06-26 18:32:04.104899597 UTC - from mc-1->source-5 "238" 18:32:04.103388217
[2023-06-26T18:32:06Z INFO  dt_instance] received at 2023-06-26 18:32:06.610577097 UTC - from mc-1->source-1 "253" 18:32:06.609214153
[2023-06-26T18:32:09Z INFO  dt_instance] received at 2023-06-26 18:32:09.115551028 UTC - from mc-1->source-5 "248" 18:32:09.114378238
[2023-06-26T18:32:11Z INFO  dt_instance] received at 2023-06-26 18:32:11.621837742 UTC - from mc-1->source-1 "263" 18:32:11.620620215
[2023-06-26T18:32:14Z INFO  dt_instance] received at 2023-06-26 18:32:14.127636501 UTC - from mc-1->source-1 "268" 18:32:14.126197765
[2023-06-26T18:32:16Z INFO  dt_instance] received at 2023-06-26 18:32:16.633068397 UTC - from mc-1->source-1 "273" 18:32:16.631726522
[2023-06-26T18:32:19Z INFO  dt_instance] received at 2023-06-26 18:32:19.138428493 UTC - from mc-1->source-1 "278" 18:32:19.136467914
[2023-06-26T18:32:21Z INFO  dt_instance] received at 2023-06-26 18:32:21.643313778 UTC - from mc-1->source-1 "283" 18:32:21.641618430
[2023-06-26T18:32:24Z INFO  dt_instance] received at 2023-06-26 18:32:24.148451 UTC - from mc-1->source-1 "288" 18:32:24.146978676
[2023-06-26T18:32:26Z INFO  dt_instance] received at 2023-06-26 18:32:26.653464789 UTC - from mc-1->source-1 "293" 18:32:26.652420713
[2023-06-26T18:32:29Z INFO  dt_instance] received at 2023-06-26 18:32:29.159896915 UTC - from mc-1->source-1 "298" 18:32:29.158824968
[2023-06-26T18:32:31Z INFO  dt_instance] received at 2023-06-26 18:32:31.664795224 UTC - from mc-1->source-1 "303" 18:32:31.663450108
[2023-06-26T18:32:34Z INFO  dt_instance] received at 2023-06-26 18:32:34.173975296 UTC - from mc-1->source-1 "308" 18:32:34.169340751
[2023-06-26T18:32:36Z INFO  dt_instance] received at 2023-06-26 18:32:36.676478297 UTC - from mc-1->source-1 "313" 18:32:36.674542001
[2023-06-26T18:32:39Z INFO  dt_instance] received at 2023-06-26 18:32:39.182330134 UTC - from mc-1->source-7 "303" 18:32:39.180878508
[2023-06-26T18:32:41Z INFO  dt_instance] received at 2023-06-26 18:32:41.688279307 UTC - from mc-1->source-7 "308" 18:32:41.686802128
[2023-06-26T18:32:44Z INFO  dt_instance] received at 2023-06-26 18:32:44.193905369 UTC - from mc-1->source-7 "313" 18:32:44.192387640
[2023-06-26T18:32:46Z INFO  dt_instance] received at 2023-06-26 18:32:46.699212548 UTC - from mc-1->source-5 "323" 18:32:46.697955514
[2023-06-26T18:32:49Z INFO  dt_instance] received at 2023-06-26 18:32:49.207059478 UTC - from mc-1->source-5 "328" 18:32:49.202619556
[2023-06-26T18:32:51Z INFO  dt_instance] received at 2023-06-26 18:32:51.710912858 UTC - from mc-1->source-1 "343" 18:32:51.709645137
[2023-06-26T18:32:54Z INFO  dt_instance] received at 2023-06-26 18:32:54.216766869 UTC - from mc-1->source-1 "348" 18:32:54.215309581
[2023-06-26T18:32:56Z INFO  dt_instance] received at 2023-06-26 18:32:56.724151704 UTC - from mc-1->source-1 "353" 18:32:56.723085466
[2023-06-26T18:32:59Z INFO  dt_instance] received at 2023-06-26 18:32:59.229552560 UTC - from mc-1->source-1 "358" 18:32:59.228101881
[2023-06-26T18:33:01Z INFO  dt_instance] received at 2023-06-26 18:33:01.735754421 UTC - from mc-1->source-1 "363" 18:33:01.734300453
[2023-06-26T18:33:04Z INFO  dt_instance] received at 2023-06-26 18:33:04.244005699 UTC - from mc-1->source-1 "368" 18:33:04.241337087
[2023-06-26T18:33:06Z INFO  dt_instance] received at 2023-06-26 18:33:06.748730157 UTC - from mc-1->source-3 "368" 18:33:06.747433955
[2023-06-26T18:33:09Z INFO  dt_instance] received at 2023-06-26 18:33:09.253676908 UTC - from mc-1->source-3 "373" 18:33:09.252693657
[2023-06-26T18:33:11Z INFO  dt_instance] received at 2023-06-26 18:33:11.760353168 UTC - from mc-1->source-3 "378" 18:33:11.759302690
[2023-06-26T18:33:14Z INFO  dt_instance] received at 2023-06-26 18:33:14.267464450 UTC - from mc-1->source-3 "383" 18:33:14.266322664
[2023-06-26T18:33:16Z INFO  dt_instance] received at 2023-06-26 18:33:16.772099595 UTC - from mc-1->source-3 "388" 18:33:16.771271224
[2023-06-26T18:33:19Z INFO  dt_instance] received at 2023-06-26 18:33:19.278693901 UTC - from mc-1->source-3 "393" 18:33:19.276423701
[2023-06-26T18:33:21Z INFO  dt_instance] received at 2023-06-26 18:33:21.782956242 UTC - from mc-1->source-3 "398" 18:33:21.782158570
[2023-06-26T18:33:24Z INFO  dt_instance] received at 2023-06-26 18:33:24.290413945 UTC - from mc-1->source-3 "403" 18:33:24.289400082
[2023-06-26T18:33:26Z INFO  dt_instance] received at 2023-06-26 18:33:26.796899233 UTC - from mc-1->source-3 "408" 18:33:26.795906507
[2023-06-26T18:33:29Z INFO  dt_instance] received at 2023-06-26 18:33:29.302125523 UTC - from mc-1->source-3 "413" 18:33:29.301264278
[2023-06-26T18:33:31Z INFO  dt_instance] received at 2023-06-26 18:33:31.808077207 UTC - from mc-1->source-3 "418" 18:33:31.807297112
[2023-06-26T18:33:34Z INFO  dt_instance] received at 2023-06-26 18:33:34.316342383 UTC - from mc-1->source-3 "423" 18:33:34.313648010
[2023-06-26T18:33:36Z INFO  dt_instance] received at 2023-06-26 18:33:36.820318750 UTC - from mc-1->source-3 "428" 18:33:36.819539662
[2023-06-26T18:33:39Z INFO  dt_instance] received at 2023-06-26 18:33:39.327588615 UTC - from mc-1->source-3 "433" 18:33:39.326420832
[2023-06-26T18:33:41Z INFO  dt_instance] received at 2023-06-26 18:33:41.836206364 UTC - from mc-1->source-3 "438" 18:33:41.834116061
[2023-06-26T18:33:44Z INFO  dt_instance] received at 2023-06-26 18:33:44.341266755 UTC - from mc-1->source-3 "443" 18:33:44.340354829
[2023-06-26T18:33:46Z INFO  dt_instance] received at 2023-06-26 18:33:46.847341410 UTC - from mc-1->source-3 "448" 18:33:46.846206190
[2023-06-26T18:33:49Z INFO  dt_instance] received at 2023-06-26 18:33:49.354653436 UTC - from mc-1->source-3 "453" 18:33:49.353199787
[2023-06-26T18:33:51Z INFO  dt_instance] received at 2023-06-26 18:33:51.860162976 UTC - from mc-1->source-3 "458" 18:33:51.859225863
[2023-06-26T18:33:54Z INFO  dt_instance] received at 2023-06-26 18:33:54.366857744 UTC - from mc-1->source-3 "463" 18:33:54.365993769
[2023-06-26T18:33:56Z INFO  dt_instance] received at 2023-06-26 18:33:56.871648017 UTC - from mc-1->source-3 "468" 18:33:56.870443581
[2023-06-26T18:33:59Z INFO  dt_instance] received at 2023-06-26 18:33:59.377506345 UTC - from mc-1->source-7 "463" 18:33:59.376212360
[2023-06-26T18:34:01Z INFO  dt_instance] received at 2023-06-26 18:34:01.885466263 UTC - from mc-1->source-7 "468" 18:34:01.883508743
[2023-06-26T18:34:04Z INFO  dt_instance] received at 2023-06-26 18:34:04.389996965 UTC - from mc-1->source-7 "473" 18:34:04.389010486
[2023-06-26T18:34:06Z INFO  dt_instance] received at 2023-06-26 18:34:06.895594254 UTC - from mc-1->source-7 "478" 18:34:06.894589111
[2023-06-26T18:34:09Z INFO  dt_instance] received at 2023-06-26 18:34:09.401905044 UTC - from mc-1->source-7 "483" 18:34:09.399824778
[2023-06-26T18:34:11Z INFO  dt_instance] received at 2023-06-26 18:34:11.906645809 UTC - from mc-1->source-7 "488" 18:34:11.905372204
[2023-06-26T18:34:14Z INFO  dt_instance] received at 2023-06-26 18:34:14.414328836 UTC - from mc-1->source-7 "493" 18:34:14.412394973
[2023-06-26T18:34:16Z INFO  dt_instance] received at 2023-06-26 18:34:16.920469952 UTC - from mc-1->source-3 "508" 18:34:16.919179478
[2023-06-26T18:34:19Z INFO  dt_instance] received at 2023-06-26 18:34:19.427529884 UTC - from mc-1->source-7 "503" 18:34:19.425695262
[2023-06-26T18:34:21Z INFO  dt_instance] received at 2023-06-26 18:34:21.931974124 UTC - from mc-1->source-3 "518" 18:34:21.930956926
[2023-06-26T18:34:24Z INFO  dt_instance] received at 2023-06-26 18:34:24.437655806 UTC - from mc-1->source-7 "513" 18:34:24.435796964
[2023-06-26T18:34:26Z INFO  dt_instance] received at 2023-06-26 18:34:26.943609225 UTC - from mc-1->source-5 "523" 18:34:26.941527521
[2023-06-26T18:34:29Z INFO  dt_instance] received at 2023-06-26 18:34:29.449312097 UTC - from mc-1->source-5 "528" 18:34:29.447378362
[2023-06-26T18:34:31Z INFO  dt_instance] received at 2023-06-26 18:34:31.957953152 UTC - from mc-1->source-1 "543" 18:34:31.952880550
[2023-06-26T18:34:34Z INFO  dt_instance] received at 2023-06-26 18:34:34.460872641 UTC - from mc-1->source-7 "533" 18:34:34.459598656
[2023-06-26T18:34:36Z INFO  dt_instance] received at 2023-06-26 18:34:36.967268285 UTC - from mc-1->source-7 "538" 18:34:36.965436119
[2023-06-26T18:34:39Z INFO  dt_instance] received at 2023-06-26 18:34:39.476311108 UTC - from mc-1->source-7 "543" 18:34:39.474585915
[2023-06-26T18:34:41Z INFO  dt_instance] received at 2023-06-26 18:34:41.982899217 UTC - from mc-1->source-7 "548" 18:34:41.981145688
[2023-06-26T18:34:44Z INFO  dt_instance] received at 2023-06-26 18:34:44.488785659 UTC - from mc-1->source-7 "553" 18:34:44.486419836
[2023-06-26T18:34:46Z INFO  dt_instance] received at 2023-06-26 18:34:46.994000891 UTC - from mc-1->source-7 "558" 18:34:46.991820
[2023-06-26T18:34:49Z INFO  dt_instance] received at 2023-06-26 18:34:49.499138658 UTC - from mc-1->source-7 "563" 18:34:49.497608639
[2023-06-26T18:34:52Z INFO  dt_instance] received at 2023-06-26 18:34:52.004490011 UTC - from mc-1->source-7 "568" 18:34:52.003119400
[2023-06-26T18:34:54Z INFO  dt_instance] received at 2023-06-26 18:34:54.511430272 UTC - from mc-1->source-3 "583" 18:34:54.509087886
[2023-06-26T18:34:57Z INFO  dt_instance] received at 2023-06-26 18:34:57.015074907 UTC - from mc-1->source-7 "578" 18:34:57.013698265
[2023-06-26T18:34:59Z INFO  dt_instance] received at 2023-06-26 18:34:59.520928090 UTC - from mc-1->source-3 "593" 18:34:59.520040732
[2023-06-26T18:35:02Z INFO  dt_instance] received at 2023-06-26 18:35:02.027174193 UTC - from mc-1->source-3 "598" 18:35:02.026351455
[2023-06-26T18:35:04Z INFO  dt_instance] received at 2023-06-26 18:35:04.540980703 UTC - from mc-1->source-5 "598" 18:35:04.525593728
[2023-06-26T18:35:07Z INFO  dt_instance] received at 2023-06-26 18:35:07.039172672 UTC - from mc-1->source-3 "608" 18:35:07.038073550
[2023-06-26T18:35:09Z INFO  dt_instance] received at 2023-06-26 18:35:09.543993324 UTC - from mc-1->source-3 "613" 18:35:09.543313675
[2023-06-26T18:35:12Z INFO  dt_instance] received at 2023-06-26 18:35:12.049850283 UTC - from mc-1->source-1 "623" 18:35:12.048403707
[2023-06-26T18:35:14Z INFO  dt_instance] received at 2023-06-26 18:35:14.555656009 UTC - from mc-1->source-1 "628" 18:35:14.553523659
[2023-06-26T18:35:17Z INFO  dt_instance] received at 2023-06-26 18:35:17.064249698 UTC - from mc-1->source-1 "633" 18:35:17.060206253
[2023-06-26T18:35:19Z INFO  dt_instance] received at 2023-06-26 18:35:19.567662514 UTC - from mc-1->source-1 "638" 18:35:19.566546008
[2023-06-26T18:35:22Z INFO  dt_instance] received at 2023-06-26 18:35:22.074457643 UTC - from mc-1->source-1 "643" 18:35:22.073249722
[2023-06-26T18:35:24Z INFO  dt_instance] received at 2023-06-26 18:35:24.586491664 UTC - from mc-1->source-1 "648" 18:35:24.578566171
[2023-06-26T18:35:27Z INFO  dt_instance] received at 2023-06-26 18:35:27.086627644 UTC - from mc-1->source-1 "653" 18:35:27.085583612
[2023-06-26T18:35:29Z INFO  dt_instance] received at 2023-06-26 18:35:29.593163772 UTC - from mc-1->source-1 "658" 18:35:29.591381496
[2023-06-26T18:35:32Z INFO  dt_instance] received at 2023-06-26 18:35:32.098114768 UTC - from mc-1->source-1 "663" 18:35:32.096237663
[2023-06-26T18:35:34Z INFO  dt_instance] received at 2023-06-26 18:35:34.602558067 UTC - from mc-1->source-1 "668" 18:35:34.601410835
[2023-06-26T18:35:37Z INFO  dt_instance] received at 2023-06-26 18:35:37.109513198 UTC - from mc-1->source-1 "673" 18:35:37.107796374
[2023-06-26T18:35:39Z INFO  dt_instance] received at 2023-06-26 18:35:39.614335883 UTC - from mc-1->source-1 "678" 18:35:39.612819414
[2023-06-26T18:35:42Z INFO  dt_instance] received at 2023-06-26 18:35:42.120504258 UTC - from mc-1->source-1 "683" 18:35:42.119293402
[2023-06-26T18:35:44Z INFO  dt_instance] received at 2023-06-26 18:35:44.627395423 UTC - from mc-1->source-1 "688" 18:35:44.625543182
[2023-06-26T18:35:47Z INFO  dt_instance] received at 2023-06-26 18:35:47.133530868 UTC - from mc-1->source-1 "693" 18:35:47.130265677
[2023-06-26T18:35:49Z INFO  dt_instance] received at 2023-06-26 18:35:49.637794405 UTC - from mc-1->source-1 "698" 18:35:49.636294908
[2023-06-26T18:35:52Z INFO  dt_instance] received at 2023-06-26 18:35:52.144627753 UTC - from mc-1->source-1 "703" 18:35:52.143054349
[2023-06-26T18:35:54Z INFO  dt_instance] received at 2023-06-26 18:35:54.649693900 UTC - from mc-1->source-1 "708" 18:35:54.648637616
[2023-06-26T18:35:57Z INFO  dt_instance] received at 2023-06-26 18:35:57.155104088 UTC - from mc-1->source-1 "713" 18:35:57.153570562
[2023-06-26T18:35:59Z INFO  dt_instance] received at 2023-06-26 18:35:59.660468611 UTC - from mc-1->source-1 "718" 18:35:59.659088638
[2023-06-26T18:36:02Z INFO  dt_instance] received at 2023-06-26 18:36:02.167789255 UTC - from mc-1->source-7 "708" 18:36:02.164811477
[2023-06-26T18:36:04Z INFO  dt_instance] received at 2023-06-26 18:36:04.673945677 UTC - from mc-1->source-7 "713" 18:36:04.671224775
[2023-06-26T18:36:07Z INFO  dt_instance] received at 2023-06-26 18:36:07.179184698 UTC - from mc-1->source-7 "718" 18:36:07.177803607
[2023-06-26T18:36:09Z INFO  dt_instance] received at 2023-06-26 18:36:09.685346370 UTC - from mc-1->source-1 "738" 18:36:09.683746014
[2023-06-26T18:36:12Z INFO  dt_instance] received at 2023-06-26 18:36:12.191924117 UTC - from mc-1->source-1 "743" 18:36:12.190309811
[2023-06-26T18:36:14Z INFO  dt_instance] received at 2023-06-26 18:36:14.696329601 UTC - from mc-1->source-1 "748" 18:36:14.695572860
[2023-06-26T18:36:17Z INFO  dt_instance] received at 2023-06-26 18:36:17.203661477 UTC - from mc-1->source-1 "753" 18:36:17.202254435
[2023-06-26T18:36:19Z INFO  dt_instance] received at 2023-06-26 18:36:19.710446730 UTC - from mc-1->source-1 "758" 18:36:19.709064626
[2023-06-26T18:36:22Z INFO  dt_instance] received at 2023-06-26 18:36:22.219073697 UTC - from mc-1->source-1 "763" 18:36:22.217437462
[2023-06-26T18:36:24Z INFO  dt_instance] received at 2023-06-26 18:36:24.723893152 UTC - from mc-1->source-1 "768" 18:36:24.722393799
[2023-06-26T18:36:27Z INFO  dt_instance] received at 2023-06-26 18:36:27.229512541 UTC - from mc-1->source-1 "773" 18:36:27.228100465
[2023-06-26T18:36:29Z INFO  dt_instance] received at 2023-06-26 18:36:29.735329274 UTC - from mc-1->source-1 "778" 18:36:29.733613546
[2023-06-26T18:36:32Z INFO  dt_instance] received at 2023-06-26 18:36:32.239649699 UTC - from mc-1->source-1 "783" 18:36:32.238227863
[2023-06-26T18:36:34Z INFO  dt_instance] received at 2023-06-26 18:36:34.746937297 UTC - from mc-1->source-1 "788" 18:36:34.744436736
[2023-06-26T18:36:37Z INFO  dt_instance] received at 2023-06-26 18:36:37.253080891 UTC - from mc-1->source-7 "778" 18:36:37.251779609
[2023-06-26T18:36:39Z INFO  dt_instance] received at 2023-06-26 18:36:39.759894431 UTC - from mc-1->source-7 "783" 18:36:39.758273662
[2023-06-26T18:36:42Z INFO  dt_instance] received at 2023-06-26 18:36:42.267423525 UTC - from mc-1->source-7 "788" 18:36:42.264509365
[2023-06-26T18:36:44Z INFO  dt_instance] received at 2023-06-26 18:36:44.774020986 UTC - from mc-1->source-7 "793" 18:36:44.772763043
[2023-06-26T18:36:47Z INFO  dt_instance] received at 2023-06-26 18:36:47.281370036 UTC - from mc-1->source-7 "798" 18:36:47.279611612
[2023-06-26T18:36:49Z INFO  dt_instance] received at 2023-06-26 18:36:49.786555322 UTC - from mc-1->source-7 "803" 18:36:49.784845131
[2023-06-26T18:36:52Z INFO  dt_instance] received at 2023-06-26 18:36:52.290313524 UTC - from mc-1->source-7 "808" 18:36:52.289432001
[2023-06-26T18:36:54Z INFO  dt_instance] received at 2023-06-26 18:36:54.795442050 UTC - from mc-1->source-7 "813" 18:36:54.794408184
[2023-06-26T18:36:57Z INFO  dt_instance] received at 2023-06-26 18:36:57.301795341 UTC - from mc-1->source-7 "818" 18:36:57.299796160
[2023-06-26T18:36:59Z INFO  dt_instance] received at 2023-06-26 18:36:59.806590635 UTC - from mc-1->source-7 "823" 18:36:59.805017638
[2023-06-26T18:37:02Z INFO  dt_instance] received at 2023-06-26 18:37:02.310555506 UTC - from mc-1->source-7 "828" 18:37:02.309250804
[2023-06-26T18:37:04Z INFO  dt_instance] received at 2023-06-26 18:37:04.816018612 UTC - from mc-1->source-7 "833" 18:37:04.814318422
[2023-06-26T18:37:07Z INFO  dt_instance] received at 2023-06-26 18:37:07.322708273 UTC - from mc-1->source-7 "838" 18:37:07.320969395
[2023-06-26T18:37:09Z INFO  dt_instance] received at 2023-06-26 18:37:09.828020160 UTC - from mc-1->source-1 "858" 18:37:09.826305517
[2023-06-26T18:37:12Z INFO  dt_instance] received at 2023-06-26 18:37:12.333144325 UTC - from mc-1->source-7 "848" 18:37:12.331813157
[2023-06-26T18:37:14Z INFO  dt_instance] received at 2023-06-26 18:37:14.838938584 UTC - from mc-1->source-1 "868" 18:37:14.837449052
[2023-06-26T18:37:17Z INFO  dt_instance] received at 2023-06-26 18:37:17.344876436 UTC - from mc-1->source-7 "858" 18:37:17.343569340
[2023-06-26T18:37:19Z INFO  dt_instance] received at 2023-06-26 18:37:19.850129502 UTC - from mc-1->source-1 "878" 18:37:19.848377091
[2023-06-26T18:37:22Z INFO  dt_instance] received at 2023-06-26 18:37:22.361163320 UTC - from mc-1->source-1 "883" 18:37:22.359510986
[2023-06-26T18:37:24Z INFO  dt_instance] received at 2023-06-26 18:37:24.868338267 UTC - from mc-1->source-1 "888" 18:37:24.866358608
[2023-06-26T18:37:27Z INFO  dt_instance] received at 2023-06-26 18:37:27.375091268 UTC - from mc-1->source-7 "878" 18:37:27.373367582
[2023-06-26T18:37:29Z INFO  dt_instance] received at 2023-06-26 18:37:29.881603241 UTC - from mc-1->source-7 "883" 18:37:29.879816884
[2023-06-26T18:37:32Z INFO  dt_instance] received at 2023-06-26 18:37:32.386512897 UTC - from mc-1->source-7 "888" 18:37:32.384871159
[2023-06-26T18:37:34Z INFO  dt_instance] received at 2023-06-26 18:37:34.891921318 UTC - from mc-1->source-1 "908" 18:37:34.890793915
[2023-06-26T18:37:37Z INFO  dt_instance] received at 2023-06-26 18:37:37.398647620 UTC - from mc-1->source-7 "898" 18:37:37.397196797
[2023-06-26T18:37:39Z INFO  dt_instance] received at 2023-06-26 18:37:39.903886199 UTC - from mc-1->source-7 "903" 18:37:39.902774097
[2023-06-26T18:37:42Z INFO  dt_instance] received at 2023-06-26 18:37:42.411372569 UTC - from mc-1->source-1 "923" 18:37:42.408722345
[2023-06-26T18:37:44Z INFO  dt_instance] received at 2023-06-26 18:37:44.916903958 UTC - from mc-1->source-7 "913" 18:37:44.915482829
[2023-06-26T18:37:47Z INFO  dt_instance] received at 2023-06-26 18:37:47.426028074 UTC - from mc-1->source-1 "933" 18:37:47.424538173
[2023-06-26T18:37:49Z INFO  dt_instance] received at 2023-06-26 18:37:49.931124101 UTC - from mc-1->source-1 "938" 18:37:49.929226810
[2023-06-26T18:37:52Z INFO  dt_instance] received at 2023-06-26 18:37:52.436040280 UTC - from mc-1->source-1 "943" 18:37:52.434436001
[2023-06-26T18:37:54Z INFO  dt_instance] received at 2023-06-26 18:37:54.943779771 UTC - from mc-1->source-1 "948" 18:37:54.941840163
[2023-06-26T18:37:57Z INFO  dt_instance] received at 2023-06-26 18:37:57.447327036 UTC - from mc-1->source-1 "953" 18:37:57.446261754
[2023-06-26T18:37:59Z INFO  dt_instance] received at 2023-06-26 18:37:59.953253424 UTC - from mc-1->source-1 "958" 18:37:59.952230105
[2023-06-26T18:38:02Z INFO  dt_instance] received at 2023-06-26 18:38:02.460709583 UTC - from mc-1->source-1 "963" 18:38:02.459096485
[2023-06-26T18:38:04Z INFO  dt_instance] received at 2023-06-26 18:38:04.965362695 UTC - from mc-1->source-1 "968" 18:38:04.964169839
[2023-06-26T18:38:07Z INFO  dt_instance] received at 2023-06-26 18:38:07.471933148 UTC - from mc-1->source-1 "973" 18:38:07.470649650
[2023-06-26T18:38:09Z INFO  dt_instance] received at 2023-06-26 18:38:09.978788573 UTC - from mc-1->source-1 "978" 18:38:09.976782608
[2023-06-26T18:38:12Z INFO  dt_instance] received at 2023-06-26 18:38:12.482906159 UTC - from mc-1->source-1 "983" 18:38:12.481420728
[2023-06-26T18:38:14Z INFO  dt_instance] received at 2023-06-26 18:38:14.987332963 UTC - from mc-1->source-1 "988" 18:38:14.986502133
[2023-06-26T18:38:17Z INFO  dt_instance] received at 2023-06-26 18:38:17.492752865 UTC - from mc-1->source-1 "993" 18:38:17.491404651
[2023-06-26T18:38:20Z INFO  dt_instance] received at 2023-06-26 18:38:20.205061928 UTC - from mc-1->source-8 "981" 18:38:20.203676095
[2023-06-26T18:38:23Z INFO  dt_instance] received at 2023-06-26 18:38:23.478797607 UTC - from mc-1->source-9 "985" 18:38:23.476889573
[2023-06-26T18:38:30Z INFO  dt_instance] received at 2023-06-26 18:38:30.495531867 UTC - from mc-1->source-9 "999" 18:38:30.493107282
