[2023-07-19T14:29:42Z INFO  dt_instance] Current Twin: mc-twin-0
[2023-07-19T14:29:42Z INFO  dt_instance] Replica Name twin-mc-stateful-0
[2023-07-19T14:29:42Z INFO  dt_instance] Sleeping for 0
[2023-07-19T14:29:42Z INFO  dt_instance] Connecting to broker at emqx.dtwins:1883
[2023-07-19T14:29:42Z INFO  dt_instance] Loggin info each 50 messages
[2023-07-19T14:29:42Z INFO  dt_instance] Set max packet size to 60000 KB.
[2023-07-19T14:29:42Z INFO  dt_instance] Refreshing topics for twin - Listen to mc-0/#
[2023-07-19T14:29:42Z INFO  dt_instance] SubAck { pkid: 1, return_codes: [Success(ExactlyOnce)] }
[2023-07-19T14:30:52Z INFO  dt_instance] received at 2023-07-19 14:30:52.089351776 UTC - from mc-0->source-2 "9" 14:30:52.088171738
[2023-07-19T14:30:55Z INFO  dt_instance] received at 2023-07-19 14:30:55.341058506 UTC - from mc-0->source-3 "13" 14:30:55.340203485
[2023-07-19T14:30:57Z INFO  dt_instance] received at 2023-07-19 14:30:57.850930108 UTC - from mc-0->source-1 "23" 14:30:57.849473589
[2023-07-19T14:31:00Z INFO  dt_instance] received at 2023-07-19 14:31:00.364919590 UTC - from mc-0->source-1 "28" 14:31:00.363708005
[2023-07-19T14:31:02Z INFO  dt_instance] received at 2023-07-19 14:31:02.871298853 UTC - from mc-0->source-1 "33" 14:31:02.870286627
[2023-07-19T14:31:05Z INFO  dt_instance] received at 2023-07-19 14:31:05.377477048 UTC - from mc-0->source-1 "38" 14:31:05.376142421
[2023-07-19T14:31:07Z INFO  dt_instance] received at 2023-07-19 14:31:07.882759591 UTC - from mc-0->source-1 "43" 14:31:07.881378973
[2023-07-19T14:31:10Z INFO  dt_instance] received at 2023-07-19 14:31:10.391092007 UTC - from mc-0->source-1 "48" 14:31:10.386390320
[2023-07-19T14:31:12Z INFO  dt_instance] received at 2023-07-19 14:31:12.893179943 UTC - from mc-0->source-1 "53" 14:31:12.891724961
[2023-07-19T14:31:15Z INFO  dt_instance] received at 2023-07-19 14:31:15.403363357 UTC - from mc-0->source-1 "58" 14:31:15.401405117
[2023-07-19T14:31:17Z INFO  dt_instance] received at 2023-07-19 14:31:17.908439167 UTC - from mc-0->source-1 "63" 14:31:17.907253165
[2023-07-19T14:31:20Z INFO  dt_instance] received at 2023-07-19 14:31:20.412410344 UTC - from mc-0->source-1 "68" 14:31:20.411698114
[2023-07-19T14:31:22Z INFO  dt_instance] received at 2023-07-19 14:31:22.918889476 UTC - from mc-0->source-1 "73" 14:31:22.917475274
[2023-07-19T14:31:25Z INFO  dt_instance] received at 2023-07-19 14:31:25.423072044 UTC - from mc-0->source-1 "78" 14:31:25.422056410
[2023-07-19T14:31:27Z INFO  dt_instance] received at 2023-07-19 14:31:27.931890817 UTC - from mc-0->source-1 "83" 14:31:27.930674608
[2023-07-19T14:31:30Z INFO  dt_instance] received at 2023-07-19 14:31:30.440411567 UTC - from mc-0->source-1 "88" 14:31:30.439426779
[2023-07-19T14:31:32Z INFO  dt_instance] received at 2023-07-19 14:31:32.945898133 UTC - from mc-0->source-1 "93" 14:31:32.944987156
[2023-07-19T14:31:35Z INFO  dt_instance] received at 2023-07-19 14:31:35.451070348 UTC - from mc-0->source-1 "98" 14:31:35.450338198
[2023-07-19T14:31:37Z INFO  dt_instance] received at 2023-07-19 14:31:37.957632972 UTC - from mc-0->source-3 "98" 14:31:37.956732241
[2023-07-19T14:31:40Z INFO  dt_instance] received at 2023-07-19 14:31:40.467274489 UTC - from mc-0->source-5 "98" 14:31:40.465741597
[2023-07-19T14:31:42Z INFO  dt_instance] received at 2023-07-19 14:31:42.974939082 UTC - from mc-0->source-1 "113" 14:31:42.973614355
[2023-07-19T14:31:45Z INFO  dt_instance] received at 2023-07-19 14:31:45.479787100 UTC - from mc-0->source-1 "118" 14:31:45.478740110
[2023-07-19T14:31:47Z INFO  dt_instance] received at 2023-07-19 14:31:47.987919307 UTC - from mc-0->source-5 "113" 14:31:47.986271833
[2023-07-19T14:31:50Z INFO  dt_instance] received at 2023-07-19 14:31:50.494770069 UTC - from mc-0->source-5 "118" 14:31:50.493493843
[2023-07-19T14:31:52Z INFO  dt_instance] received at 2023-07-19 14:31:52.999654212 UTC - from mc-0->source-5 "123" 14:31:52.998723150
[2023-07-19T14:31:55Z INFO  dt_instance] received at 2023-07-19 14:31:55.504954864 UTC - from mc-0->source-5 "128" 14:31:55.504105960
[2023-07-19T14:31:58Z INFO  dt_instance] received at 2023-07-19 14:31:58.011808718 UTC - from mc-0->source-5 "133" 14:31:58.010773774
[2023-07-19T14:32:00Z INFO  dt_instance] received at 2023-07-19 14:32:00.517296249 UTC - from mc-0->source-5 "138" 14:32:00.516405719
[2023-07-19T14:32:03Z INFO  dt_instance] received at 2023-07-19 14:32:03.022711475 UTC - from mc-0->source-5 "143" 14:32:03.021560516
[2023-07-19T14:32:05Z INFO  dt_instance] received at 2023-07-19 14:32:05.527311245 UTC - from mc-0->source-5 "148" 14:32:05.526430597
[2023-07-19T14:32:08Z INFO  dt_instance] received at 2023-07-19 14:32:08.032887321 UTC - from mc-0->source-5 "153" 14:32:08.031526838
[2023-07-19T14:32:10Z INFO  dt_instance] received at 2023-07-19 14:32:10.537985459 UTC - from mc-0->source-1 "168" 14:32:10.537150787
[2023-07-19T14:32:13Z INFO  dt_instance] received at 2023-07-19 14:32:13.043747649 UTC - from mc-0->source-1 "173" 14:32:13.042746554
[2023-07-19T14:32:15Z INFO  dt_instance] received at 2023-07-19 14:32:15.552360355 UTC - from mc-0->source-5 "168" 14:32:15.549660337
[2023-07-19T14:32:18Z INFO  dt_instance] received at 2023-07-19 14:32:18.059405291 UTC - from mc-0->source-1 "183" 14:32:18.055261832
[2023-07-19T14:32:20Z INFO  dt_instance] received at 2023-07-19 14:32:20.563845833 UTC - from mc-0->source-5 "178" 14:32:20.562674153
[2023-07-19T14:32:23Z INFO  dt_instance] received at 2023-07-19 14:32:23.070457460 UTC - from mc-0->source-1 "193" 14:32:23.069144685
[2023-07-19T14:32:25Z INFO  dt_instance] received at 2023-07-19 14:32:25.583286062 UTC - from mc-0->source-1 "198" 14:32:25.582164980
[2023-07-19T14:32:28Z INFO  dt_instance] received at 2023-07-19 14:32:28.090410837 UTC - from mc-0->source-1 "203" 14:32:28.088017125
[2023-07-19T14:32:30Z INFO  dt_instance] received at 2023-07-19 14:32:30.594274402 UTC - from mc-0->source-1 "208" 14:32:30.593075923
[2023-07-19T14:32:33Z INFO  dt_instance] received at 2023-07-19 14:32:33.102093130 UTC - from mc-0->source-1 "213" 14:32:33.101115007
[2023-07-19T14:32:35Z INFO  dt_instance] received at 2023-07-19 14:32:35.607342149 UTC - from mc-0->source-1 "218" 14:32:35.606304768
[2023-07-19T14:32:38Z INFO  dt_instance] received at 2023-07-19 14:32:38.112955738 UTC - from mc-0->source-1 "223" 14:32:38.112047426
[2023-07-19T14:32:40Z INFO  dt_instance] received at 2023-07-19 14:32:40.618449554 UTC - from mc-0->source-1 "228" 14:32:40.617103754
[2023-07-19T14:32:43Z INFO  dt_instance] received at 2023-07-19 14:32:43.126686416 UTC - from mc-0->source-3 "228" 14:32:43.125314188
[2023-07-19T14:32:45Z INFO  dt_instance] received at 2023-07-19 14:32:45.634556763 UTC - from mc-0->source-7 "223" 14:32:45.633675298
[2023-07-19T14:32:48Z INFO  dt_instance] received at 2023-07-19 14:32:48.143011933 UTC - from mc-0->source-3 "238" 14:32:48.141748927
[2023-07-19T14:32:50Z INFO  dt_instance] received at 2023-07-19 14:32:50.648449040 UTC - from mc-0->source-3 "243" 14:32:50.647648176
[2023-07-19T14:32:53Z INFO  dt_instance] received at 2023-07-19 14:32:53.156523508 UTC - from mc-0->source-3 "248" 14:32:53.155677618
[2023-07-19T14:32:55Z INFO  dt_instance] received at 2023-07-19 14:32:55.662554308 UTC - from mc-0->source-3 "253" 14:32:55.661367161
[2023-07-19T14:32:58Z INFO  dt_instance] received at 2023-07-19 14:32:58.166750448 UTC - from mc-0->source-5 "253" 14:32:58.165803826
[2023-07-19T14:33:00Z INFO  dt_instance] received at 2023-07-19 14:33:00.674748746 UTC - from mc-0->source-3 "263" 14:33:00.673281755
[2023-07-19T14:33:03Z INFO  dt_instance] received at 2023-07-19 14:33:03.178963894 UTC - from mc-0->source-5 "263" 14:33:03.177986332
[2023-07-19T14:33:05Z INFO  dt_instance] received at 2023-07-19 14:33:05.693204734 UTC - from mc-0->source-5 "268" 14:33:05.691417929
[2023-07-19T14:33:08Z INFO  dt_instance] received at 2023-07-19 14:33:08.198694220 UTC - from mc-0->source-3 "278" 14:33:08.197670180
[2023-07-19T14:33:10Z INFO  dt_instance] received at 2023-07-19 14:33:10.706755950 UTC - from mc-0->source-5 "278" 14:33:10.705757007
[2023-07-19T14:33:13Z INFO  dt_instance] received at 2023-07-19 14:33:13.213480415 UTC - from mc-0->source-5 "283" 14:33:13.212734992
[2023-07-19T14:33:15Z INFO  dt_instance] received at 2023-07-19 14:33:15.723285872 UTC - from mc-0->source-5 "288" 14:33:15.722658252
[2023-07-19T14:33:18Z INFO  dt_instance] received at 2023-07-19 14:33:18.230528832 UTC - from mc-0->source-5 "293" 14:33:18.229686988
[2023-07-19T14:33:20Z INFO  dt_instance] received at 2023-07-19 14:33:20.737345980 UTC - from mc-0->source-5 "298" 14:33:20.736390189
[2023-07-19T14:33:23Z INFO  dt_instance] received at 2023-07-19 14:33:23.243826357 UTC - from mc-0->source-5 "303" 14:33:23.242442666
[2023-07-19T14:33:25Z INFO  dt_instance] received at 2023-07-19 14:33:25.756129139 UTC - from mc-0->source-3 "313" 14:33:25.750659884
[2023-07-19T14:33:28Z INFO  dt_instance] received at 2023-07-19 14:33:28.262443449 UTC - from mc-0->source-3 "318" 14:33:28.261202106
[2023-07-19T14:33:30Z INFO  dt_instance] received at 2023-07-19 14:33:30.770438936 UTC - from mc-0->source-3 "323" 14:33:30.765995468
[2023-07-19T14:33:33Z INFO  dt_instance] received at 2023-07-19 14:33:33.272887549 UTC - from mc-0->source-3 "328" 14:33:33.271702780
[2023-07-19T14:33:35Z INFO  dt_instance] received at 2023-07-19 14:33:35.778923557 UTC - from mc-0->source-5 "328" 14:33:35.777759711
[2023-07-19T14:33:38Z INFO  dt_instance] received at 2023-07-19 14:33:38.290267936 UTC - from mc-0->source-3 "338" 14:33:38.289166827
[2023-07-19T14:33:40Z INFO  dt_instance] received at 2023-07-19 14:33:40.804470637 UTC - from mc-0->source-5 "338" 14:33:40.793838064
[2023-07-19T14:33:43Z INFO  dt_instance] received at 2023-07-19 14:33:43.308855322 UTC - from mc-0->source-5 "343" 14:33:43.300386099
[2023-07-19T14:33:45Z INFO  dt_instance] received at 2023-07-19 14:33:45.806994800 UTC - from mc-0->source-5 "348" 14:33:45.805630622
[2023-07-19T14:33:48Z INFO  dt_instance] received at 2023-07-19 14:33:48.325138600 UTC - from mc-0->source-5 "353" 14:33:48.324088795
[2023-07-19T14:33:50Z INFO  dt_instance] received at 2023-07-19 14:33:50.831868206 UTC - from mc-0->source-3 "363" 14:33:50.830697912
[2023-07-19T14:33:53Z INFO  dt_instance] received at 2023-07-19 14:33:53.337387458 UTC - from mc-0->source-5 "363" 14:33:53.336420249
[2023-07-19T14:33:55Z INFO  dt_instance] received at 2023-07-19 14:33:55.850233249 UTC - from mc-0->source-5 "368" 14:33:55.843080391
[2023-07-19T14:33:58Z INFO  dt_instance] received at 2023-07-19 14:33:58.350463341 UTC - from mc-0->source-5 "373" 14:33:58.349000286
[2023-07-19T14:34:00Z INFO  dt_instance] received at 2023-07-19 14:34:00.856682844 UTC - from mc-0->source-3 "383" 14:34:00.855613252
[2023-07-19T14:34:03Z INFO  dt_instance] received at 2023-07-19 14:34:03.362853749 UTC - from mc-0->source-5 "383" 14:34:03.361765789
[2023-07-19T14:34:05Z INFO  dt_instance] received at 2023-07-19 14:34:05.868223608 UTC - from mc-0->source-5 "388" 14:34:05.867016734
[2023-07-19T14:34:08Z INFO  dt_instance] received at 2023-07-19 14:34:08.374549861 UTC - from mc-0->source-5 "393" 14:34:08.373518750
[2023-07-19T14:34:10Z INFO  dt_instance] received at 2023-07-19 14:34:10.880454715 UTC - from mc-0->source-3 "403" 14:34:10.879181713
[2023-07-19T14:34:13Z INFO  dt_instance] received at 2023-07-19 14:34:13.387676778 UTC - from mc-0->source-3 "408" 14:34:13.386692352
[2023-07-19T14:34:15Z INFO  dt_instance] received at 2023-07-19 14:34:15.894355496 UTC - from mc-0->source-5 "408" 14:34:15.893123373
[2023-07-19T14:34:18Z INFO  dt_instance] received at 2023-07-19 14:34:18.399592026 UTC - from mc-0->source-5 "413" 14:34:18.398776161
[2023-07-19T14:34:20Z INFO  dt_instance] received at 2023-07-19 14:34:20.904975830 UTC - from mc-0->source-3 "423" 14:34:20.903958741
[2023-07-19T14:34:23Z INFO  dt_instance] received at 2023-07-19 14:34:23.410291225 UTC - from mc-0->source-5 "423" 14:34:23.409010824
[2023-07-19T14:34:25Z INFO  dt_instance] received at 2023-07-19 14:34:25.918104301 UTC - from mc-0->source-5 "428" 14:34:25.916439416
[2023-07-19T14:34:28Z INFO  dt_instance] received at 2023-07-19 14:34:28.424496222 UTC - from mc-0->source-3 "438" 14:34:28.422114851
[2023-07-19T14:34:30Z INFO  dt_instance] received at 2023-07-19 14:34:30.931419302 UTC - from mc-0->source-3 "443" 14:34:30.930564063
[2023-07-19T14:34:33Z INFO  dt_instance] received at 2023-07-19 14:34:33.437294504 UTC - from mc-0->source-3 "448" 14:34:33.435211784
[2023-07-19T14:34:35Z INFO  dt_instance] received at 2023-07-19 14:34:35.942838543 UTC - from mc-0->source-3 "453" 14:34:35.941061568
[2023-07-19T14:34:38Z INFO  dt_instance] received at 2023-07-19 14:34:38.447765940 UTC - from mc-0->source-3 "458" 14:34:38.446835181
[2023-07-19T14:34:40Z INFO  dt_instance] received at 2023-07-19 14:34:40.953714716 UTC - from mc-0->source-3 "463" 14:34:40.952715047
[2023-07-19T14:34:43Z INFO  dt_instance] received at 2023-07-19 14:34:43.459992583 UTC - from mc-0->source-3 "468" 14:34:43.458683259
[2023-07-19T14:34:45Z INFO  dt_instance] received at 2023-07-19 14:34:45.967111216 UTC - from mc-0->source-3 "473" 14:34:45.965650211
[2023-07-19T14:34:48Z INFO  dt_instance] received at 2023-07-19 14:34:48.474309301 UTC - from mc-0->source-3 "478" 14:34:48.472527385
[2023-07-19T14:34:50Z INFO  dt_instance] received at 2023-07-19 14:34:50.977902511 UTC - from mc-0->source-3 "483" 14:34:50.976928772
[2023-07-19T14:34:53Z INFO  dt_instance] received at 2023-07-19 14:34:53.484719668 UTC - from mc-0->source-5 "483" 14:34:53.483413156
[2023-07-19T14:34:55Z INFO  dt_instance] received at 2023-07-19 14:34:55.990381409 UTC - from mc-0->source-3 "493" 14:34:55.988933604
[2023-07-19T14:34:58Z INFO  dt_instance] received at 2023-07-19 14:34:58.496609642 UTC - from mc-0->source-3 "498" 14:34:58.494701982
[2023-07-19T14:35:01Z INFO  dt_instance] received at 2023-07-19 14:35:01.002260157 UTC - from mc-0->source-3 "503" 14:35:01.001015014
[2023-07-19T14:35:03Z INFO  dt_instance] received at 2023-07-19 14:35:03.507128714 UTC - from mc-0->source-3 "508" 14:35:03.505859562
[2023-07-19T14:35:06Z INFO  dt_instance] received at 2023-07-19 14:35:06.015543805 UTC - from mc-0->source-3 "513" 14:35:06.012629002
[2023-07-19T14:35:08Z INFO  dt_instance] received at 2023-07-19 14:35:08.518907455 UTC - from mc-0->source-3 "518" 14:35:08.518008513
[2023-07-19T14:35:11Z INFO  dt_instance] received at 2023-07-19 14:35:11.024153088 UTC - from mc-0->source-3 "523" 14:35:11.023018006
[2023-07-19T14:35:13Z INFO  dt_instance] received at 2023-07-19 14:35:13.529940101 UTC - from mc-0->source-3 "528" 14:35:13.528851560
[2023-07-19T14:35:16Z INFO  dt_instance] received at 2023-07-19 14:35:16.036194643 UTC - from mc-0->source-5 "528" 14:35:16.035057907
[2023-07-19T14:35:18Z INFO  dt_instance] received at 2023-07-19 14:35:18.546300549 UTC - from mc-0->source-5 "533" 14:35:18.540932228
[2023-07-19T14:35:21Z INFO  dt_instance] received at 2023-07-19 14:35:21.049423223 UTC - from mc-0->source-3 "543" 14:35:21.046910065
[2023-07-19T14:35:23Z INFO  dt_instance] received at 2023-07-19 14:35:23.557318686 UTC - from mc-0->source-5 "543" 14:35:23.555813183
[2023-07-19T14:35:26Z INFO  dt_instance] received at 2023-07-19 14:35:26.066146127 UTC - from mc-0->source-3 "553" 14:35:26.063019559
[2023-07-19T14:35:28Z INFO  dt_instance] received at 2023-07-19 14:35:28.573977092 UTC - from mc-0->source-5 "553" 14:35:28.569275218
[2023-07-19T14:35:31Z INFO  dt_instance] received at 2023-07-19 14:35:31.079388854 UTC - from mc-0->source-5 "558" 14:35:31.075282668
[2023-07-19T14:35:33Z INFO  dt_instance] received at 2023-07-19 14:35:33.598589856 UTC - from mc-0->source-5 "563" 14:35:33.597323152
[2023-07-19T14:35:36Z INFO  dt_instance] received at 2023-07-19 14:35:36.105832254 UTC - from mc-0->source-5 "568" 14:35:36.103717204
[2023-07-19T14:35:38Z INFO  dt_instance] received at 2023-07-19 14:35:38.610479615 UTC - from mc-0->source-5 "573" 14:35:38.609664746
[2023-07-19T14:35:41Z INFO  dt_instance] received at 2023-07-19 14:35:41.116552376 UTC - from mc-0->source-5 "578" 14:35:41.115712815
[2023-07-19T14:35:43Z INFO  dt_instance] received at 2023-07-19 14:35:43.626076876 UTC - from mc-0->source-5 "583" 14:35:43.621070191
[2023-07-19T14:35:46Z INFO  dt_instance] received at 2023-07-19 14:35:46.126853333 UTC - from mc-0->source-3 "593" 14:35:46.125948342
[2023-07-19T14:35:48Z INFO  dt_instance] received at 2023-07-19 14:35:48.634324383 UTC - from mc-0->source-3 "598" 14:35:48.633526640
[2023-07-19T14:35:51Z INFO  dt_instance] received at 2023-07-19 14:35:51.139775385 UTC - from mc-0->source-3 "603" 14:35:51.138252107
[2023-07-19T14:35:53Z INFO  dt_instance] received at 2023-07-19 14:35:53.646884170 UTC - from mc-0->source-5 "603" 14:35:53.645806331
[2023-07-19T14:35:56Z INFO  dt_instance] received at 2023-07-19 14:35:56.153319178 UTC - from mc-0->source-5 "608" 14:35:56.151734722
[2023-07-19T14:35:58Z INFO  dt_instance] received at 2023-07-19 14:35:58.658862784 UTC - from mc-0->source-3 "618" 14:35:58.656743230
[2023-07-19T14:36:01Z INFO  dt_instance] received at 2023-07-19 14:36:01.163887400 UTC - from mc-0->source-3 "623" 14:36:01.162724231
[2023-07-19T14:36:03Z INFO  dt_instance] received at 2023-07-19 14:36:03.672243979 UTC - from mc-0->source-3 "628" 14:36:03.668383037
[2023-07-19T14:36:06Z INFO  dt_instance] received at 2023-07-19 14:36:06.175079286 UTC - from mc-0->source-5 "628" 14:36:06.174126563
[2023-07-19T14:36:08Z INFO  dt_instance] received at 2023-07-19 14:36:08.680368649 UTC - from mc-0->source-3 "638" 14:36:08.679349041
[2023-07-19T14:36:11Z INFO  dt_instance] received at 2023-07-19 14:36:11.184980599 UTC - from mc-0->source-3 "643" 14:36:11.183831704
[2023-07-19T14:36:13Z INFO  dt_instance] received at 2023-07-19 14:36:13.693290787 UTC - from mc-0->source-5 "643" 14:36:13.692010559
[2023-07-19T14:36:16Z INFO  dt_instance] received at 2023-07-19 14:36:16.202606334 UTC - from mc-0->source-3 "653" 14:36:16.201178695
[2023-07-19T14:36:18Z INFO  dt_instance] received at 2023-07-19 14:36:18.708068833 UTC - from mc-0->source-5 "653" 14:36:18.706210468
[2023-07-19T14:36:21Z INFO  dt_instance] received at 2023-07-19 14:36:21.212631806 UTC - from mc-0->source-3 "663" 14:36:21.211277746
[2023-07-19T14:36:23Z INFO  dt_instance] received at 2023-07-19 14:36:23.718240739 UTC - from mc-0->source-3 "668" 14:36:23.716947735
[2023-07-19T14:36:26Z INFO  dt_instance] received at 2023-07-19 14:36:26.225972183 UTC - from mc-0->source-5 "668" 14:36:26.224606866
[2023-07-19T14:36:28Z INFO  dt_instance] received at 2023-07-19 14:36:28.731574591 UTC - from mc-0->source-5 "673" 14:36:28.730164031
[2023-07-19T14:36:31Z INFO  dt_instance] received at 2023-07-19 14:36:31.236579034 UTC - from mc-0->source-5 "678" 14:36:31.235031524
[2023-07-19T14:36:33Z INFO  dt_instance] received at 2023-07-19 14:36:33.742148188 UTC - from mc-0->source-5 "683" 14:36:33.741089254
[2023-07-19T14:36:36Z INFO  dt_instance] received at 2023-07-19 14:36:36.251104620 UTC - from mc-0->source-5 "688" 14:36:36.247589657
[2023-07-19T14:36:38Z INFO  dt_instance] received at 2023-07-19 14:36:38.754846060 UTC - from mc-0->source-5 "693" 14:36:38.753629590
[2023-07-19T14:36:41Z INFO  dt_instance] received at 2023-07-19 14:36:41.259875690 UTC - from mc-0->source-5 "698" 14:36:41.259008119
[2023-07-19T14:36:43Z INFO  dt_instance] received at 2023-07-19 14:36:43.766788480 UTC - from mc-0->source-5 "703" 14:36:43.765207825
[2023-07-19T14:36:46Z INFO  dt_instance] received at 2023-07-19 14:36:46.273155962 UTC - from mc-0->source-5 "708" 14:36:46.271347720
[2023-07-19T14:36:48Z INFO  dt_instance] received at 2023-07-19 14:36:48.778436671 UTC - from mc-0->source-5 "713" 14:36:48.777340212
[2023-07-19T14:36:51Z INFO  dt_instance] received at 2023-07-19 14:36:51.284069203 UTC - from mc-0->source-5 "718" 14:36:51.282643340
[2023-07-19T14:36:53Z INFO  dt_instance] received at 2023-07-19 14:36:53.790011578 UTC - from mc-0->source-5 "723" 14:36:53.789138719
[2023-07-19T14:36:56Z INFO  dt_instance] received at 2023-07-19 14:36:56.294758486 UTC - from mc-0->source-5 "728" 14:36:56.293929250
[2023-07-19T14:36:58Z INFO  dt_instance] received at 2023-07-19 14:36:58.801343366 UTC - from mc-0->source-5 "733" 14:36:58.800579842
[2023-07-19T14:37:01Z INFO  dt_instance] received at 2023-07-19 14:37:01.308473886 UTC - from mc-0->source-5 "738" 14:37:01.306398841
[2023-07-19T14:37:03Z INFO  dt_instance] received at 2023-07-19 14:37:03.812782135 UTC - from mc-0->source-5 "743" 14:37:03.811331186
[2023-07-19T14:37:06Z INFO  dt_instance] received at 2023-07-19 14:37:06.317019451 UTC - from mc-0->source-5 "748" 14:37:06.316269286
[2023-07-19T14:37:08Z INFO  dt_instance] received at 2023-07-19 14:37:08.822652824 UTC - from mc-0->source-5 "753" 14:37:08.821610417
[2023-07-19T14:37:11Z INFO  dt_instance] received at 2023-07-19 14:37:11.329321548 UTC - from mc-0->source-5 "758" 14:37:11.328117270
[2023-07-19T14:37:13Z INFO  dt_instance] received at 2023-07-19 14:37:13.836950092 UTC - from mc-0->source-5 "763" 14:37:13.835724392
[2023-07-19T14:37:16Z INFO  dt_instance] received at 2023-07-19 14:37:16.343955044 UTC - from mc-0->source-5 "768" 14:37:16.343038256
[2023-07-19T14:37:18Z INFO  dt_instance] received at 2023-07-19 14:37:18.848944352 UTC - from mc-0->source-5 "773" 14:37:18.847752778
[2023-07-19T14:37:21Z INFO  dt_instance] received at 2023-07-19 14:37:21.354999060 UTC - from mc-0->source-5 "778" 14:37:21.353795119
[2023-07-19T14:37:23Z INFO  dt_instance] received at 2023-07-19 14:37:23.863611442 UTC - from mc-0->source-5 "783" 14:37:23.859508761
[2023-07-19T14:37:26Z INFO  dt_instance] received at 2023-07-19 14:37:26.365452212 UTC - from mc-0->source-5 "788" 14:37:26.364677294
[2023-07-19T14:37:28Z INFO  dt_instance] received at 2023-07-19 14:37:28.872193267 UTC - from mc-0->source-5 "793" 14:37:28.871156017
[2023-07-19T14:37:31Z INFO  dt_instance] received at 2023-07-19 14:37:31.387471242 UTC - from mc-0->source-5 "798" 14:37:31.378598714
[2023-07-19T14:37:33Z INFO  dt_instance] received at 2023-07-19 14:37:33.885308268 UTC - from mc-0->source-5 "803" 14:37:33.883948686
[2023-07-19T14:37:36Z INFO  dt_instance] received at 2023-07-19 14:37:36.389525918 UTC - from mc-0->source-5 "808" 14:37:36.388802313
[2023-07-19T14:37:38Z INFO  dt_instance] received at 2023-07-19 14:37:38.896048325 UTC - from mc-0->source-5 "813" 14:37:38.894962230
[2023-07-19T14:37:41Z INFO  dt_instance] received at 2023-07-19 14:37:41.401955577 UTC - from mc-0->source-5 "818" 14:37:41.400727945
[2023-07-19T14:37:43Z INFO  dt_instance] received at 2023-07-19 14:37:43.906895853 UTC - from mc-0->source-5 "823" 14:37:43.905751418
[2023-07-19T14:37:46Z INFO  dt_instance] received at 2023-07-19 14:37:46.413603855 UTC - from mc-0->source-5 "828" 14:37:46.412626205
[2023-07-19T14:37:48Z INFO  dt_instance] received at 2023-07-19 14:37:48.919341839 UTC - from mc-0->source-5 "833" 14:37:48.917976993
[2023-07-19T14:37:51Z INFO  dt_instance] received at 2023-07-19 14:37:51.434460403 UTC - from mc-0->source-5 "838" 14:37:51.424185971
[2023-07-19T14:37:53Z INFO  dt_instance] received at 2023-07-19 14:37:53.930675736 UTC - from mc-0->source-5 "843" 14:37:53.929037949
[2023-07-19T14:37:56Z INFO  dt_instance] received at 2023-07-19 14:37:56.447513172 UTC - from mc-0->source-5 "848" 14:37:56.445811135
[2023-07-19T14:37:58Z INFO  dt_instance] received at 2023-07-19 14:37:58.964732753 UTC - from mc-0->source-5 "853" 14:37:58.950894223
[2023-07-19T14:38:01Z INFO  dt_instance] received at 2023-07-19 14:38:01.460211729 UTC - from mc-0->source-5 "858" 14:38:01.457697796
[2023-07-19T14:38:03Z INFO  dt_instance] received at 2023-07-19 14:38:03.966154076 UTC - from mc-0->source-5 "863" 14:38:03.964857241
[2023-07-19T14:38:06Z INFO  dt_instance] received at 2023-07-19 14:38:06.472147730 UTC - from mc-0->source-5 "868" 14:38:06.471090270
[2023-07-19T14:38:08Z INFO  dt_instance] received at 2023-07-19 14:38:08.987249825 UTC - from mc-0->source-5 "873" 14:38:08.979592582
[2023-07-19T14:38:11Z INFO  dt_instance] received at 2023-07-19 14:38:11.485824279 UTC - from mc-0->source-5 "878" 14:38:11.484918715
[2023-07-19T14:38:14Z INFO  dt_instance] received at 2023-07-19 14:38:14.003224412 UTC - from mc-0->source-5 "883" 14:38:13.990840095
[2023-07-19T14:38:16Z INFO  dt_instance] received at 2023-07-19 14:38:16.499499382 UTC - from mc-0->source-5 "888" 14:38:16.498271497
[2023-07-19T14:38:19Z INFO  dt_instance] received at 2023-07-19 14:38:19.004981636 UTC - from mc-0->source-5 "893" 14:38:19.003625133
[2023-07-19T14:38:21Z INFO  dt_instance] received at 2023-07-19 14:38:21.510982560 UTC - from mc-0->source-5 "898" 14:38:21.509733931
[2023-07-19T14:38:24Z INFO  dt_instance] received at 2023-07-19 14:38:24.017210444 UTC - from mc-0->source-5 "903" 14:38:24.015676302
[2023-07-19T14:38:26Z INFO  dt_instance] received at 2023-07-19 14:38:26.523234956 UTC - from mc-0->source-5 "908" 14:38:26.522193839
[2023-07-19T14:38:29Z INFO  dt_instance] received at 2023-07-19 14:38:29.028020822 UTC - from mc-0->source-5 "913" 14:38:29.026919096
[2023-07-19T14:38:31Z INFO  dt_instance] received at 2023-07-19 14:38:31.533804585 UTC - from mc-0->source-5 "918" 14:38:31.532103076
[2023-07-19T14:38:34Z INFO  dt_instance] received at 2023-07-19 14:38:34.039317842 UTC - from mc-0->source-5 "923" 14:38:34.037620466
[2023-07-19T14:38:36Z INFO  dt_instance] received at 2023-07-19 14:38:36.544643957 UTC - from mc-0->source-5 "928" 14:38:36.543734490
[2023-07-19T14:38:39Z INFO  dt_instance] received at 2023-07-19 14:38:39.051556965 UTC - from mc-0->source-5 "933" 14:38:39.050309614
[2023-07-19T14:38:41Z INFO  dt_instance] received at 2023-07-19 14:38:41.557917540 UTC - from mc-0->source-5 "938" 14:38:41.555428425
[2023-07-19T14:38:44Z INFO  dt_instance] received at 2023-07-19 14:38:44.063995384 UTC - from mc-0->source-5 "943" 14:38:44.061373673
[2023-07-19T14:38:46Z INFO  dt_instance] received at 2023-07-19 14:38:46.568180705 UTC - from mc-0->source-5 "948" 14:38:46.567040519
[2023-07-19T14:38:49Z INFO  dt_instance] received at 2023-07-19 14:38:49.072883356 UTC - from mc-0->source-5 "953" 14:38:49.071890152
[2023-07-19T14:38:51Z INFO  dt_instance] received at 2023-07-19 14:38:51.579509074 UTC - from mc-0->source-5 "958" 14:38:51.578703903
[2023-07-19T14:38:54Z INFO  dt_instance] received at 2023-07-19 14:38:54.087045859 UTC - from mc-0->source-5 "963" 14:38:54.085153897
[2023-07-19T14:38:56Z INFO  dt_instance] received at 2023-07-19 14:38:56.591244125 UTC - from mc-0->source-5 "968" 14:38:56.590208161
[2023-07-19T14:38:59Z INFO  dt_instance] received at 2023-07-19 14:38:59.097882851 UTC - from mc-0->source-5 "973" 14:38:59.096487546
[2023-07-19T14:39:01Z INFO  dt_instance] received at 2023-07-19 14:39:01.602205660 UTC - from mc-0->source-5 "978" 14:39:01.600783965
[2023-07-19T14:39:04Z INFO  dt_instance] received at 2023-07-19 14:39:04.108462762 UTC - from mc-0->source-5 "983" 14:39:04.107233031
[2023-07-19T14:39:06Z INFO  dt_instance] received at 2023-07-19 14:39:06.774948925 UTC - from mc-0->source-8 "981" 14:39:06.773519290
[2023-07-19T14:39:10Z INFO  dt_instance] received at 2023-07-19 14:39:10.104950879 UTC - from mc-0->source-7 "990" 14:39:10.091583490
[2023-07-19T14:39:17Z INFO  dt_instance] received at 2023-07-19 14:39:17.121331720 UTC - from mc-0->source-9 "999" 14:39:17.116506750
