[2023-07-19T14:30:14Z INFO  dt_instance] Current Twin: mc-twin-7
[2023-07-19T14:30:14Z INFO  dt_instance] Replica Name twin-mc-stateful-7
[2023-07-19T14:30:14Z INFO  dt_instance] Sleeping for 350
[2023-07-19T14:36:04Z INFO  dt_instance] Connecting to broker at emqx.dtwins:1883
[2023-07-19T14:36:04Z INFO  dt_instance] Loggin info each 50 messages
[2023-07-19T14:36:04Z INFO  dt_instance] Set max packet size to 60000 KB.
[2023-07-19T14:36:04Z INFO  dt_instance] Refreshing topics for twin - Listen to mc-7/#
[2023-07-19T14:36:04Z INFO  dt_instance] SubAck { pkid: 1, return_codes: [Success(ExactlyOnce)] }
[2023-07-19T14:37:22Z INFO  dt_instance] received at 2023-07-19 14:37:22.685501624 UTC - from mc-7->source-2 "9" 14:37:22.679031097
[2023-07-19T14:37:25Z INFO  dt_instance] received at 2023-07-19 14:37:25.935859488 UTC - from mc-7->source-3 "13" 14:37:25.934055322
[2023-07-19T14:37:28Z INFO  dt_instance] received at 2023-07-19 14:37:28.445510276 UTC - from mc-7->source-1 "23" 14:37:28.444402338
[2023-07-19T14:37:30Z INFO  dt_instance] received at 2023-07-19 14:37:30.951212286 UTC - from mc-7->source-1 "28" 14:37:30.950068233
[2023-07-19T14:37:33Z INFO  dt_instance] received at 2023-07-19 14:37:33.457682012 UTC - from mc-7->source-1 "33" 14:37:33.456417339
[2023-07-19T14:37:35Z INFO  dt_instance] received at 2023-07-19 14:37:35.969467662 UTC - from mc-7->source-1 "38" 14:37:35.962033295
[2023-07-19T14:37:38Z INFO  dt_instance] received at 2023-07-19 14:37:38.469596090 UTC - from mc-7->source-1 "43" 14:37:38.468098891
[2023-07-19T14:37:40Z INFO  dt_instance] received at 2023-07-19 14:37:40.975604263 UTC - from mc-7->source-1 "48" 14:37:40.972516728
[2023-07-19T14:37:43Z INFO  dt_instance] received at 2023-07-19 14:37:43.479818127 UTC - from mc-7->source-1 "53" 14:37:43.478241234
[2023-07-19T14:37:45Z INFO  dt_instance] received at 2023-07-19 14:37:45.984256066 UTC - from mc-7->source-1 "58" 14:37:45.982471070
[2023-07-19T14:37:48Z INFO  dt_instance] received at 2023-07-19 14:37:48.490749705 UTC - from mc-7->source-1 "63" 14:37:48.489362041
[2023-07-19T14:37:50Z INFO  dt_instance] received at 2023-07-19 14:37:50.995525316 UTC - from mc-7->source-1 "68" 14:37:50.994384846
[2023-07-19T14:37:53Z INFO  dt_instance] received at 2023-07-19 14:37:53.503061811 UTC - from mc-7->source-1 "73" 14:37:53.499558088
[2023-07-19T14:37:56Z INFO  dt_instance] received at 2023-07-19 14:37:56.009786249 UTC - from mc-7->source-5 "68" 14:37:56.008277529
[2023-07-19T14:37:58Z INFO  dt_instance] received at 2023-07-19 14:37:58.526674085 UTC - from mc-7->source-1 "83" 14:37:58.515891244
[2023-07-19T14:38:01Z INFO  dt_instance] received at 2023-07-19 14:38:01.035537898 UTC - from mc-7->source-1 "88" 14:38:01.021259490
[2023-07-19T14:38:03Z INFO  dt_instance] received at 2023-07-19 14:38:03.528231456 UTC - from mc-7->source-3 "88" 14:38:03.526406902
[2023-07-19T14:38:06Z INFO  dt_instance] received at 2023-07-19 14:38:06.034842698 UTC - from mc-7->source-3 "93" 14:38:06.031644574
[2023-07-19T14:38:08Z INFO  dt_instance] received at 2023-07-19 14:38:08.540236532 UTC - from mc-7->source-1 "103" 14:38:08.539112959
[2023-07-19T14:38:11Z INFO  dt_instance] received at 2023-07-19 14:38:11.045736103 UTC - from mc-7->source-3 "103" 14:38:11.043734776
[2023-07-19T14:38:13Z INFO  dt_instance] received at 2023-07-19 14:38:13.569051706 UTC - from mc-7->source-1 "113" 14:38:13.549320395
[2023-07-19T14:38:16Z INFO  dt_instance] received at 2023-07-19 14:38:16.058037833 UTC - from mc-7->source-1 "118" 14:38:16.055640361
[2023-07-19T14:38:18Z INFO  dt_instance] received at 2023-07-19 14:38:18.573548867 UTC - from mc-7->source-5 "113" 14:38:18.559705818
[2023-07-19T14:38:21Z INFO  dt_instance] received at 2023-07-19 14:38:21.073101650 UTC - from mc-7->source-1 "128" 14:38:21.068053149
[2023-07-19T14:38:23Z INFO  dt_instance] received at 2023-07-19 14:38:23.577068744 UTC - from mc-7->source-1 "133" 14:38:23.575115269
[2023-07-19T14:38:26Z INFO  dt_instance] received at 2023-07-19 14:38:26.082579526 UTC - from mc-7->source-1 "138" 14:38:26.081568290
[2023-07-19T14:38:28Z INFO  dt_instance] received at 2023-07-19 14:38:28.615527911 UTC - from mc-7->source-3 "138" 14:38:28.586816586
[2023-07-19T14:38:31Z INFO  dt_instance] received at 2023-07-19 14:38:31.096869848 UTC - from mc-7->source-3 "143" 14:38:31.093591588
[2023-07-19T14:38:33Z INFO  dt_instance] received at 2023-07-19 14:38:33.602300917 UTC - from mc-7->source-5 "143" 14:38:33.598887305
[2023-07-19T14:38:36Z INFO  dt_instance] received at 2023-07-19 14:38:36.106699268 UTC - from mc-7->source-5 "148" 14:38:36.104440138
[2023-07-19T14:38:38Z INFO  dt_instance] received at 2023-07-19 14:38:38.612764045 UTC - from mc-7->source-3 "158" 14:38:38.611288123
[2023-07-19T14:38:41Z INFO  dt_instance] received at 2023-07-19 14:38:41.126211560 UTC - from mc-7->source-3 "163" 14:38:41.123717482
[2023-07-19T14:38:43Z INFO  dt_instance] received at 2023-07-19 14:38:43.631880715 UTC - from mc-7->source-3 "168" 14:38:43.629556968
[2023-07-19T14:38:46Z INFO  dt_instance] received at 2023-07-19 14:38:46.136839297 UTC - from mc-7->source-1 "178" 14:38:46.135045978
[2023-07-19T14:38:48Z INFO  dt_instance] received at 2023-07-19 14:38:48.642900695 UTC - from mc-7->source-1 "183" 14:38:48.640636347
[2023-07-19T14:38:51Z INFO  dt_instance] received at 2023-07-19 14:38:51.148455148 UTC - from mc-7->source-5 "178" 14:38:51.146848587
[2023-07-19T14:38:53Z INFO  dt_instance] received at 2023-07-19 14:38:53.655741604 UTC - from mc-7->source-5 "183" 14:38:53.653268731
[2023-07-19T14:38:56Z INFO  dt_instance] received at 2023-07-19 14:38:56.168121583 UTC - from mc-7->source-5 "188" 14:38:56.165413696
[2023-07-19T14:38:58Z INFO  dt_instance] received at 2023-07-19 14:38:58.689260597 UTC - from mc-7->source-5 "193" 14:38:58.671305858
[2023-07-19T14:39:01Z INFO  dt_instance] received at 2023-07-19 14:39:01.178933777 UTC - from mc-7->source-5 "198" 14:39:01.177391950
[2023-07-19T14:39:03Z INFO  dt_instance] received at 2023-07-19 14:39:03.683745454 UTC - from mc-7->source-5 "203" 14:39:03.682361419
[2023-07-19T14:39:06Z INFO  dt_instance] received at 2023-07-19 14:39:06.196637126 UTC - from mc-7->source-5 "208" 14:39:06.189856179
[2023-07-19T14:39:08Z INFO  dt_instance] received at 2023-07-19 14:39:08.702800327 UTC - from mc-7->source-5 "213" 14:39:08.696355277
[2023-07-19T14:39:11Z INFO  dt_instance] received at 2023-07-19 14:39:11.205078832 UTC - from mc-7->source-5 "218" 14:39:11.203406230
[2023-07-19T14:39:13Z INFO  dt_instance] received at 2023-07-19 14:39:13.714773983 UTC - from mc-7->source-1 "233" 14:39:13.710555350
[2023-07-19T14:39:16Z INFO  dt_instance] received at 2023-07-19 14:39:16.220747219 UTC - from mc-7->source-7 "223" 14:39:16.219408123
[2023-07-19T14:39:18Z INFO  dt_instance] received at 2023-07-19 14:39:18.726328455 UTC - from mc-7->source-5 "233" 14:39:18.724486262
[2023-07-19T14:39:21Z INFO  dt_instance] received at 2023-07-19 14:39:21.239725747 UTC - from mc-7->source-1 "248" 14:39:21.231423910
[2023-07-19T14:39:23Z INFO  dt_instance] received at 2023-07-19 14:39:23.753853104 UTC - from mc-7->source-1 "253" 14:39:23.744146411
[2023-07-19T14:39:26Z INFO  dt_instance] received at 2023-07-19 14:39:26.256379504 UTC - from mc-7->source-5 "248" 14:39:26.253098222
[2023-07-19T14:39:28Z INFO  dt_instance] received at 2023-07-19 14:39:28.760098329 UTC - from mc-7->source-5 "253" 14:39:28.758161143
[2023-07-19T14:39:31Z INFO  dt_instance] received at 2023-07-19 14:39:31.267006810 UTC - from mc-7->source-1 "268" 14:39:31.265472874
[2023-07-19T14:39:33Z INFO  dt_instance] received at 2023-07-19 14:39:33.776135233 UTC - from mc-7->source-5 "263" 14:39:33.772192010
[2023-07-19T14:39:36Z INFO  dt_instance] received at 2023-07-19 14:39:36.289957913 UTC - from mc-7->source-5 "268" 14:39:36.278478636
[2023-07-19T14:39:38Z INFO  dt_instance] received at 2023-07-19 14:39:38.787530954 UTC - from mc-7->source-1 "283" 14:39:38.785805303
[2023-07-19T14:39:41Z INFO  dt_instance] received at 2023-07-19 14:39:41.295418591 UTC - from mc-7->source-1 "288" 14:39:41.292995280
[2023-07-19T14:39:43Z INFO  dt_instance] received at 2023-07-19 14:39:43.805485588 UTC - from mc-7->source-5 "283" 14:39:43.798603142
[2023-07-19T14:39:46Z INFO  dt_instance] received at 2023-07-19 14:39:46.305906304 UTC - from mc-7->source-5 "288" 14:39:46.304602243
[2023-07-19T14:39:48Z INFO  dt_instance] received at 2023-07-19 14:39:48.811732586 UTC - from mc-7->source-5 "293" 14:39:48.810288289
[2023-07-19T14:39:51Z INFO  dt_instance] received at 2023-07-19 14:39:51.319657502 UTC - from mc-7->source-1 "308" 14:39:51.316961908
[2023-07-19T14:39:53Z INFO  dt_instance] received at 2023-07-19 14:39:53.828953103 UTC - from mc-7->source-5 "303" 14:39:53.822704173
[2023-07-19T14:39:56Z INFO  dt_instance] received at 2023-07-19 14:39:56.329803807 UTC - from mc-7->source-1 "318" 14:39:56.328261099
[2023-07-19T14:39:58Z INFO  dt_instance] received at 2023-07-19 14:39:58.835654962 UTC - from mc-7->source-1 "323" 14:39:58.833280828
[2023-07-19T14:40:01Z INFO  dt_instance] received at 2023-07-19 14:40:01.341443405 UTC - from mc-7->source-5 "318" 14:40:01.339604896
[2023-07-19T14:40:03Z INFO  dt_instance] received at 2023-07-19 14:40:03.848958571 UTC - from mc-7->source-1 "333" 14:40:03.845114590
[2023-07-19T14:40:06Z INFO  dt_instance] received at 2023-07-19 14:40:06.354077297 UTC - from mc-7->source-5 "328" 14:40:06.352363635
[2023-07-19T14:40:08Z INFO  dt_instance] received at 2023-07-19 14:40:08.860608652 UTC - from mc-7->source-5 "333" 14:40:08.858401797
[2023-07-19T14:40:11Z INFO  dt_instance] received at 2023-07-19 14:40:11.366361542 UTC - from mc-7->source-5 "338" 14:40:11.364542359
[2023-07-19T14:40:13Z INFO  dt_instance] received at 2023-07-19 14:40:13.871913433 UTC - from mc-7->source-5 "343" 14:40:13.870382858
[2023-07-19T14:40:16Z INFO  dt_instance] received at 2023-07-19 14:40:16.377058161 UTC - from mc-7->source-5 "348" 14:40:16.375675210
[2023-07-19T14:40:18Z INFO  dt_instance] received at 2023-07-19 14:40:18.883932866 UTC - from mc-7->source-5 "353" 14:40:18.881597723
[2023-07-19T14:40:21Z INFO  dt_instance] received at 2023-07-19 14:40:21.389155473 UTC - from mc-7->source-5 "358" 14:40:21.387527378
[2023-07-19T14:40:23Z INFO  dt_instance] received at 2023-07-19 14:40:23.894191472 UTC - from mc-7->source-5 "363" 14:40:23.892722577
[2023-07-19T14:40:26Z INFO  dt_instance] received at 2023-07-19 14:40:26.400731109 UTC - from mc-7->source-5 "368" 14:40:26.399369517
[2023-07-19T14:40:28Z INFO  dt_instance] received at 2023-07-19 14:40:28.907184987 UTC - from mc-7->source-5 "373" 14:40:28.905185559
[2023-07-19T14:40:31Z INFO  dt_instance] received at 2023-07-19 14:40:31.415290723 UTC - from mc-7->source-5 "378" 14:40:31.409598980
[2023-07-19T14:40:33Z INFO  dt_instance] received at 2023-07-19 14:40:33.918328288 UTC - from mc-7->source-5 "383" 14:40:33.914747709
[2023-07-19T14:40:36Z INFO  dt_instance] received at 2023-07-19 14:40:36.420838602 UTC - from mc-7->source-5 "388" 14:40:36.419515171
[2023-07-19T14:40:38Z INFO  dt_instance] received at 2023-07-19 14:40:38.930730038 UTC - from mc-7->source-1 "403" 14:40:38.924241475
[2023-07-19T14:40:41Z INFO  dt_instance] received at 2023-07-19 14:40:41.432242268 UTC - from mc-7->source-1 "408" 14:40:41.430846584
[2023-07-19T14:40:43Z INFO  dt_instance] received at 2023-07-19 14:40:43.946743127 UTC - from mc-7->source-1 "413" 14:40:43.937088968
[2023-07-19T14:40:46Z INFO  dt_instance] received at 2023-07-19 14:40:46.447389919 UTC - from mc-7->source-5 "408" 14:40:46.445511546
[2023-07-19T14:40:48Z INFO  dt_instance] received at 2023-07-19 14:40:48.963611375 UTC - from mc-7->source-1 "423" 14:40:48.954332415
[2023-07-19T14:40:51Z INFO  dt_instance] received at 2023-07-19 14:40:51.471295628 UTC - from mc-7->source-1 "428" 14:40:51.459423104
[2023-07-19T14:40:53Z INFO  dt_instance] received at 2023-07-19 14:40:53.969619396 UTC - from mc-7->source-1 "433" 14:40:53.964424757
[2023-07-19T14:40:56Z INFO  dt_instance] received at 2023-07-19 14:40:56.474899162 UTC - from mc-7->source-7 "423" 14:40:56.473773562
[2023-07-19T14:40:58Z INFO  dt_instance] received at 2023-07-19 14:40:58.981246768 UTC - from mc-7->source-5 "433" 14:40:58.979769136
[2023-07-19T14:41:01Z INFO  dt_instance] received at 2023-07-19 14:41:01.492478540 UTC - from mc-7->source-1 "448" 14:41:01.486503038
[2023-07-19T14:41:04Z INFO  dt_instance] received at 2023-07-19 14:41:04.009114247 UTC - from mc-7->source-1 "453" 14:41:03.994057674
[2023-07-19T14:41:06Z INFO  dt_instance] received at 2023-07-19 14:41:06.501541380 UTC - from mc-7->source-5 "448" 14:41:06.499683653
[2023-07-19T14:41:09Z INFO  dt_instance] received at 2023-07-19 14:41:09.006453294 UTC - from mc-7->source-1 "463" 14:41:09.004808978
[2023-07-19T14:41:11Z INFO  dt_instance] received at 2023-07-19 14:41:11.514276160 UTC - from mc-7->source-5 "458" 14:41:11.512250720
[2023-07-19T14:41:14Z INFO  dt_instance] received at 2023-07-19 14:41:14.242402712 UTC - from mc-7->source-1 "473" 14:41:14.018128373
[2023-07-19T14:41:16Z INFO  dt_instance] received at 2023-07-19 14:41:16.530153218 UTC - from mc-7->source-5 "468" 14:41:16.526234116
[2023-07-19T14:41:19Z INFO  dt_instance] received at 2023-07-19 14:41:19.034057538 UTC - from mc-7->source-5 "473" 14:41:19.031438824
[2023-07-19T14:41:21Z INFO  dt_instance] received at 2023-07-19 14:41:21.542140463 UTC - from mc-7->source-5 "478" 14:41:21.537682791
[2023-07-19T14:41:24Z INFO  dt_instance] received at 2023-07-19 14:41:24.050713428 UTC - from mc-7->source-5 "483" 14:41:24.042851779
[2023-07-19T14:41:26Z INFO  dt_instance] received at 2023-07-19 14:41:26.554475201 UTC - from mc-7->source-1 "498" 14:41:26.549331308
[2023-07-19T14:41:29Z INFO  dt_instance] received at 2023-07-19 14:41:29.056527159 UTC - from mc-7->source-1 "503" 14:41:29.054524997
[2023-07-19T14:41:31Z INFO  dt_instance] received at 2023-07-19 14:41:31.563960825 UTC - from mc-7->source-1 "508" 14:41:31.561177542
[2023-07-19T14:41:34Z INFO  dt_instance] received at 2023-07-19 14:41:34.072925656 UTC - from mc-7->source-1 "513" 14:41:34.068601629
[2023-07-19T14:41:36Z INFO  dt_instance] received at 2023-07-19 14:41:36.590370903 UTC - from mc-7->source-5 "508" 14:41:36.575184554
[2023-07-19T14:41:39Z INFO  dt_instance] received at 2023-07-19 14:41:39.084431864 UTC - from mc-7->source-5 "513" 14:41:39.082978568
[2023-07-19T14:41:41Z INFO  dt_instance] received at 2023-07-19 14:41:41.591423237 UTC - from mc-7->source-5 "518" 14:41:41.589304847
[2023-07-19T14:41:44Z INFO  dt_instance] received at 2023-07-19 14:41:44.097823398 UTC - from mc-7->source-1 "533" 14:41:44.095301186
[2023-07-19T14:41:46Z INFO  dt_instance] received at 2023-07-19 14:41:46.618262795 UTC - from mc-7->source-1 "538" 14:41:46.601480309
[2023-07-19T14:41:49Z INFO  dt_instance] received at 2023-07-19 14:41:49.117043108 UTC - from mc-7->source-1 "543" 14:41:49.108530765
[2023-07-19T14:41:51Z INFO  dt_instance] received at 2023-07-19 14:41:51.627134507 UTC - from mc-7->source-5 "538" 14:41:51.613819903
[2023-07-19T14:41:54Z INFO  dt_instance] received at 2023-07-19 14:41:54.122978615 UTC - from mc-7->source-1 "553" 14:41:54.121654923
[2023-07-19T14:41:56Z INFO  dt_instance] received at 2023-07-19 14:41:56.637436163 UTC - from mc-7->source-1 "558" 14:41:56.628698079
[2023-07-19T14:41:59Z INFO  dt_instance] received at 2023-07-19 14:41:59.145129440 UTC - from mc-7->source-1 "563" 14:41:59.134617780
[2023-07-19T14:42:01Z INFO  dt_instance] received at 2023-07-19 14:42:01.643059929 UTC - from mc-7->source-1 "568" 14:42:01.639998744
[2023-07-19T14:42:04Z INFO  dt_instance] received at 2023-07-19 14:42:04.150779970 UTC - from mc-7->source-1 "573" 14:42:04.145895572
[2023-07-19T14:42:06Z INFO  dt_instance] received at 2023-07-19 14:42:06.657096732 UTC - from mc-7->source-1 "578" 14:42:06.650890161
[2023-07-19T14:42:09Z INFO  dt_instance] received at 2023-07-19 14:42:09.169750616 UTC - from mc-7->source-1 "583" 14:42:09.156420124
[2023-07-19T14:42:11Z INFO  dt_instance] received at 2023-07-19 14:42:11.666887707 UTC - from mc-7->source-1 "588" 14:42:11.662612490
[2023-07-19T14:42:14Z INFO  dt_instance] received at 2023-07-19 14:42:14.171749537 UTC - from mc-7->source-1 "593" 14:42:14.168644486
[2023-07-19T14:42:16Z INFO  dt_instance] received at 2023-07-19 14:42:16.685221907 UTC - from mc-7->source-5 "588" 14:42:16.679262535
[2023-07-19T14:42:19Z INFO  dt_instance] received at 2023-07-19 14:42:19.189473400 UTC - from mc-7->source-1 "603" 14:42:19.187332115
[2023-07-19T14:42:21Z INFO  dt_instance] received at 2023-07-19 14:42:21.726084493 UTC - from mc-7->source-1 "608" 14:42:21.692606706
[2023-07-19T14:42:24Z INFO  dt_instance] received at 2023-07-19 14:42:24.208481114 UTC - from mc-7->source-1 "613" 14:42:24.200941528
[2023-07-19T14:42:26Z INFO  dt_instance] received at 2023-07-19 14:42:26.710492432 UTC - from mc-7->source-5 "608" 14:42:26.707558252
[2023-07-19T14:42:29Z INFO  dt_instance] received at 2023-07-19 14:42:29.223263293 UTC - from mc-7->source-1 "623" 14:42:29.214379490
[2023-07-19T14:42:31Z INFO  dt_instance] received at 2023-07-19 14:42:31.775109776 UTC - from mc-7->source-1 "628" 14:42:31.720779395
[2023-07-19T14:42:34Z INFO  dt_instance] received at 2023-07-19 14:42:34.230801216 UTC - from mc-7->source-1 "633" 14:42:34.226968398
[2023-07-19T14:42:36Z INFO  dt_instance] received at 2023-07-19 14:42:36.737882777 UTC - from mc-7->source-5 "628" 14:42:36.732559431
[2023-07-19T14:42:39Z INFO  dt_instance] received at 2023-07-19 14:42:39.239999856 UTC - from mc-7->source-1 "643" 14:42:39.237823308
[2023-07-19T14:42:41Z INFO  dt_instance] received at 2023-07-19 14:42:41.771347975 UTC - from mc-7->source-1 "648" 14:42:41.759906488
[2023-07-19T14:42:44Z INFO  dt_instance] received at 2023-07-19 14:42:44.284210125 UTC - from mc-7->source-5 "643" 14:42:44.265513418
[2023-07-19T14:42:46Z INFO  dt_instance] received at 2023-07-19 14:42:46.816475917 UTC - from mc-7->source-1 "658" 14:42:46.771713391
[2023-07-19T14:42:49Z INFO  dt_instance] received at 2023-07-19 14:42:49.287420184 UTC - from mc-7->source-5 "653" 14:42:49.276815493
[2023-07-19T14:42:51Z INFO  dt_instance] received at 2023-07-19 14:42:51.786103125 UTC - from mc-7->source-1 "668" 14:42:51.783029517
[2023-07-19T14:42:54Z INFO  dt_instance] received at 2023-07-19 14:42:54.304751204 UTC - from mc-7->source-1 "673" 14:42:54.288946951
[2023-07-19T14:42:56Z INFO  dt_instance] received at 2023-07-19 14:42:56.810763318 UTC - from mc-7->source-1 "678" 14:42:56.796487483
[2023-07-19T14:42:59Z INFO  dt_instance] received at 2023-07-19 14:42:59.434380603 UTC - from mc-7->source-5 "673" 14:42:59.301880428
[2023-07-19T14:43:01Z INFO  dt_instance] received at 2023-07-19 14:43:01.822779995 UTC - from mc-7->source-1 "688" 14:43:01.807469794
[2023-07-19T14:43:04Z INFO  dt_instance] received at 2023-07-19 14:43:04.322715861 UTC - from mc-7->source-1 "693" 14:43:04.312766333
[2023-07-19T14:43:06Z INFO  dt_instance] received at 2023-07-19 14:43:06.836361619 UTC - from mc-7->source-5 "688" 14:43:06.818555366
[2023-07-19T14:43:09Z INFO  dt_instance] received at 2023-07-19 14:43:09.362895886 UTC - from mc-7->source-5 "693" 14:43:09.325078681
[2023-07-19T14:43:11Z INFO  dt_instance] received at 2023-07-19 14:43:11.833068078 UTC - from mc-7->source-1 "708" 14:43:11.830922913
[2023-07-19T14:43:14Z INFO  dt_instance] received at 2023-07-19 14:43:14.338875507 UTC - from mc-7->source-5 "703" 14:43:14.337574046
[2023-07-19T14:43:16Z INFO  dt_instance] received at 2023-07-19 14:43:16.856160515 UTC - from mc-7->source-5 "708" 14:43:16.843280231
[2023-07-19T14:43:19Z INFO  dt_instance] received at 2023-07-19 14:43:19.358643833 UTC - from mc-7->source-5 "713" 14:43:19.349069855
[2023-07-19T14:43:21Z INFO  dt_instance] received at 2023-07-19 14:43:21.858816308 UTC - from mc-7->source-5 "718" 14:43:21.855040137
[2023-07-19T14:43:24Z INFO  dt_instance] received at 2023-07-19 14:43:24.362695140 UTC - from mc-7->source-5 "723" 14:43:24.360199992
[2023-07-19T14:43:26Z INFO  dt_instance] received at 2023-07-19 14:43:26.875676153 UTC - from mc-7->source-5 "728" 14:43:26.867095616
[2023-07-19T14:43:29Z INFO  dt_instance] received at 2023-07-19 14:43:29.421686645 UTC - from mc-7->source-1 "743" 14:43:29.368656936
[2023-07-19T14:43:31Z INFO  dt_instance] received at 2023-07-19 14:43:31.882976784 UTC - from mc-7->source-5 "738" 14:43:31.878029452
[2023-07-19T14:43:34Z INFO  dt_instance] received at 2023-07-19 14:43:34.397025187 UTC - from mc-7->source-5 "743" 14:43:34.383041273
[2023-07-19T14:43:36Z INFO  dt_instance] received at 2023-07-19 14:43:36.899214888 UTC - from mc-7->source-5 "748" 14:43:36.888029133
[2023-07-19T14:43:39Z INFO  dt_instance] received at 2023-07-19 14:43:39.396082511 UTC - from mc-7->source-5 "753" 14:43:39.393481512
[2023-07-19T14:43:41Z INFO  dt_instance] received at 2023-07-19 14:43:41.910714851 UTC - from mc-7->source-5 "758" 14:43:41.899260330
[2023-07-19T14:43:44Z INFO  dt_instance] received at 2023-07-19 14:43:44.428657847 UTC - from mc-7->source-1 "773" 14:43:44.404670337
[2023-07-19T14:43:46Z INFO  dt_instance] received at 2023-07-19 14:43:46.950869117 UTC - from mc-7->source-5 "768" 14:43:46.912554928
[2023-07-19T14:43:49Z INFO  dt_instance] received at 2023-07-19 14:43:49.431813572 UTC - from mc-7->source-5 "773" 14:43:49.421505345
[2023-07-19T14:43:51Z INFO  dt_instance] received at 2023-07-19 14:43:51.934870656 UTC - from mc-7->source-5 "778" 14:43:51.927031779
[2023-07-19T14:43:54Z INFO  dt_instance] received at 2023-07-19 14:43:54.465351426 UTC - from mc-7->source-5 "783" 14:43:54.431436182
[2023-07-19T14:43:56Z INFO  dt_instance] received at 2023-07-19 14:43:56.952915671 UTC - from mc-7->source-5 "788" 14:43:56.938449314
[2023-07-19T14:43:59Z INFO  dt_instance] received at 2023-07-19 14:43:59.531402035 UTC - from mc-7->source-5 "793" 14:43:59.445312653
[2023-07-19T14:44:02Z INFO  dt_instance] received at 2023-07-19 14:44:02.126137723 UTC - from mc-7->source-9 "788" 14:44:01.891659717
[2023-07-19T14:44:04Z INFO  dt_instance] received at 2023-07-19 14:44:04.472112939 UTC - from mc-7->source-5 "803" 14:44:04.456583210
[2023-07-19T14:44:06Z INFO  dt_instance] received at 2023-07-19 14:44:06.979518426 UTC - from mc-7->source-5 "808" 14:44:06.964226385
[2023-07-19T14:44:09Z INFO  dt_instance] received at 2023-07-19 14:44:09.485596951 UTC - from mc-7->source-5 "813" 14:44:09.470493098
[2023-07-19T14:44:12Z INFO  dt_instance] received at 2023-07-19 14:44:12.087712045 UTC - from mc-7->source-5 "818" 14:44:11.976450265
[2023-07-19T14:44:14Z INFO  dt_instance] received at 2023-07-19 14:44:14.614353269 UTC - from mc-7->source-1 "833" 14:44:14.481548817
[2023-07-19T14:44:17Z INFO  dt_instance] received at 2023-07-19 14:44:17.219840996 UTC - from mc-7->source-5 "828" 14:44:16.988805517
[2023-07-19T14:44:19Z INFO  dt_instance] received at 2023-07-19 14:44:19.524345730 UTC - from mc-7->source-5 "833" 14:44:19.505879497
[2023-07-19T14:44:22Z INFO  dt_instance] received at 2023-07-19 14:44:22.029418775 UTC - from mc-7->source-1 "848" 14:44:22.013080407
[2023-07-19T14:44:24Z INFO  dt_instance] received at 2023-07-19 14:44:24.696135087 UTC - from mc-7->source-2 "850" 14:44:24.300162980
[2023-07-19T14:44:27Z INFO  dt_instance] received at 2023-07-19 14:44:27.194286267 UTC - from mc-7->source-9 "838" 14:44:26.949682725
[2023-07-19T14:44:29Z INFO  dt_instance] received at 2023-07-19 14:44:29.566636564 UTC - from mc-7->source-5 "853" 14:44:29.536590455
[2023-07-19T14:44:32Z INFO  dt_instance] received at 2023-07-19 14:44:32.271103262 UTC - from mc-7->source-5 "858" 14:44:32.042443350
[2023-07-19T14:44:34Z INFO  dt_instance] received at 2023-07-19 14:44:34.585905781 UTC - from mc-7->source-1 "873" 14:44:34.568481188
[2023-07-19T14:44:37Z INFO  dt_instance] received at 2023-07-19 14:44:37.092744144 UTC - from mc-7->source-1 "878" 14:44:37.074506375
[2023-07-19T14:44:39Z INFO  dt_instance] received at 2023-07-19 14:44:39.700165557 UTC - from mc-7->source-1 "883" 14:44:39.579718787
[2023-07-19T14:44:42Z INFO  dt_instance] received at 2023-07-19 14:44:42.100940609 UTC - from mc-7->source-1 "888" 14:44:42.084619414
[2023-07-19T14:44:44Z INFO  dt_instance] received at 2023-07-19 14:44:44.754209422 UTC - from mc-7->source-3 "888" 14:44:44.510198182
[2023-07-19T14:44:47Z INFO  dt_instance] received at 2023-07-19 14:44:47.113023396 UTC - from mc-7->source-5 "888" 14:44:47.096429
[2023-07-19T14:44:49Z INFO  dt_instance] received at 2023-07-19 14:44:49.620734670 UTC - from mc-7->source-5 "893" 14:44:49.602100763
[2023-07-19T14:44:52Z INFO  dt_instance] received at 2023-07-19 14:44:52.127084978 UTC - from mc-7->source-1 "908" 14:44:52.110872304
[2023-07-19T14:44:54Z INFO  dt_instance] received at 2023-07-19 14:44:54.676301886 UTC - from mc-7->source-1 "913" 14:44:54.617020513
[2023-07-19T14:44:57Z INFO  dt_instance] received at 2023-07-19 14:44:57.149381342 UTC - from mc-7->source-1 "918" 14:44:57.123562548
[2023-07-19T14:44:59Z INFO  dt_instance] received at 2023-07-19 14:44:59.639017130 UTC - from mc-7->source-1 "923" 14:44:59.629818427
[2023-07-19T14:45:02Z INFO  dt_instance] received at 2023-07-19 14:45:02.156561632 UTC - from mc-7->source-1 "928" 14:45:02.135769714
[2023-07-19T14:45:04Z INFO  dt_instance] received at 2023-07-19 14:45:04.691723243 UTC - from mc-7->source-1 "933" 14:45:04.641385617
[2023-07-19T14:45:07Z INFO  dt_instance] received at 2023-07-19 14:45:07.205523993 UTC - from mc-7->source-1 "938" 14:45:07.148260503
[2023-07-19T14:45:09Z INFO  dt_instance] received at 2023-07-19 14:45:09.693436065 UTC - from mc-7->source-4 "935" 14:45:09.418557242
[2023-07-19T14:45:12Z INFO  dt_instance] received at 2023-07-19 14:45:12.212391076 UTC - from mc-7->source-1 "948" 14:45:12.159514962
[2023-07-19T14:45:14Z INFO  dt_instance] received at 2023-07-19 14:45:14.748164472 UTC - from mc-7->source-5 "943" 14:45:14.664232279
[2023-07-19T14:45:17Z INFO  dt_instance] received at 2023-07-19 14:45:17.207870198 UTC - from mc-7->source-5 "948" 14:45:17.168508892
[2023-07-19T14:45:19Z INFO  dt_instance] received at 2023-07-19 14:45:19.737647036 UTC - from mc-7->source-5 "953" 14:45:19.675217301
[2023-07-19T14:45:22Z INFO  dt_instance] received at 2023-07-19 14:45:22.216801763 UTC - from mc-7->source-5 "958" 14:45:22.181259121
[2023-07-19T14:45:24Z INFO  dt_instance] received at 2023-07-19 14:45:24.729571133 UTC - from mc-7->source-5 "963" 14:45:24.688238816
[2023-07-19T14:45:27Z INFO  dt_instance] received at 2023-07-19 14:45:27.219631868 UTC - from mc-7->source-5 "968" 14:45:27.193673475
[2023-07-19T14:45:29Z INFO  dt_instance] received at 2023-07-19 14:45:29.724890977 UTC - from mc-7->source-5 "973" 14:45:29.701446906
[2023-07-19T14:45:32Z INFO  dt_instance] received at 2023-07-19 14:45:32.243696900 UTC - from mc-7->source-1 "988" 14:45:32.206892297
[2023-07-19T14:45:34Z INFO  dt_instance] received at 2023-07-19 14:45:34.726507190 UTC - from mc-7->source-5 "983" 14:45:34.714039018
[2023-07-19T14:45:37Z INFO  dt_instance] received at 2023-07-19 14:45:37.464457652 UTC - from mc-7->source-6 "986" 14:45:37.463388511
[2023-07-19T14:45:40Z INFO  dt_instance] received at 2023-07-19 14:45:40.674026739 UTC - from mc-7->source-7 "990" 14:45:40.673148227
[2023-07-19T14:45:47Z INFO  dt_instance] received at 2023-07-19 14:45:47.669723419 UTC - from mc-7->source-9 "999" 14:45:47.659755138
