[2023-07-19T14:31:42Z INFO  dt_instance] Current Twin: mc-twin-24
[2023-07-19T14:31:42Z INFO  dt_instance] Replica Name twin-mc-stateful-24
[2023-07-19T14:31:42Z INFO  dt_instance] Sleeping for 1200
[2023-07-19T14:51:42Z INFO  dt_instance] Connecting to broker at emqx.dtwins:1883
[2023-07-19T14:51:42Z INFO  dt_instance] Loggin info each 50 messages
[2023-07-19T14:51:42Z INFO  dt_instance] Set max packet size to 60000 KB.
[2023-07-19T14:51:42Z INFO  dt_instance] Refreshing topics for twin - Listen to mc-24/#
[2023-07-19T14:51:42Z INFO  dt_instance] SubAck { pkid: 1, return_codes: [Success(ExactlyOnce)] }
[2023-07-19T14:52:51Z INFO  dt_instance] received at 2023-07-19 14:52:51.183412627 UTC - from mc-24->source-2 "9" 14:52:51.182388148
[2023-07-19T14:52:54Z INFO  dt_instance] received at 2023-07-19 14:52:54.443293885 UTC - from mc-24->source-3 "13" 14:52:54.439354385
[2023-07-19T14:52:56Z INFO  dt_instance] received at 2023-07-19 14:52:56.957392763 UTC - from mc-24->source-1 "23" 14:52:56.956398908
[2023-07-19T14:52:59Z INFO  dt_instance] received at 2023-07-19 14:52:59.463984830 UTC - from mc-24->source-1 "28" 14:52:59.462208594
[2023-07-19T14:53:01Z INFO  dt_instance] received at 2023-07-19 14:53:01.970157245 UTC - from mc-24->source-1 "33" 14:53:01.968730630
[2023-07-19T14:53:04Z INFO  dt_instance] received at 2023-07-19 14:53:04.476818680 UTC - from mc-24->source-1 "38" 14:53:04.475873706
[2023-07-19T14:53:06Z INFO  dt_instance] received at 2023-07-19 14:53:06.982156471 UTC - from mc-24->source-1 "43" 14:53:06.981163472
[2023-07-19T14:53:09Z INFO  dt_instance] received at 2023-07-19 14:53:09.490294278 UTC - from mc-24->source-1 "48" 14:53:09.489250887
[2023-07-19T14:53:11Z INFO  dt_instance] received at 2023-07-19 14:53:11.995584430 UTC - from mc-24->source-1 "53" 14:53:11.994426247
[2023-07-19T14:53:14Z INFO  dt_instance] received at 2023-07-19 14:53:14.501673635 UTC - from mc-24->source-1 "58" 14:53:14.499017928
[2023-07-19T14:53:17Z INFO  dt_instance] received at 2023-07-19 14:53:17.008148564 UTC - from mc-24->source-1 "63" 14:53:17.007529258
[2023-07-19T14:53:19Z INFO  dt_instance] received at 2023-07-19 14:53:19.515504745 UTC - from mc-24->source-1 "68" 14:53:19.514357490
[2023-07-19T14:53:22Z INFO  dt_instance] received at 2023-07-19 14:53:22.027457016 UTC - from mc-24->source-1 "73" 14:53:22.020491601
[2023-07-19T14:53:24Z INFO  dt_instance] received at 2023-07-19 14:53:24.530538705 UTC - from mc-24->source-1 "78" 14:53:24.525867074
[2023-07-19T14:53:27Z INFO  dt_instance] received at 2023-07-19 14:53:27.035672382 UTC - from mc-24->source-1 "83" 14:53:27.032638385
[2023-07-19T14:53:29Z INFO  dt_instance] received at 2023-07-19 14:53:29.540386299 UTC - from mc-24->source-1 "88" 14:53:29.539197209
[2023-07-19T14:53:32Z INFO  dt_instance] received at 2023-07-19 14:53:32.046214116 UTC - from mc-24->source-1 "93" 14:53:32.044875246
[2023-07-19T14:53:34Z INFO  dt_instance] received at 2023-07-19 14:53:34.552393498 UTC - from mc-24->source-1 "98" 14:53:34.551269024
[2023-07-19T14:53:37Z INFO  dt_instance] received at 2023-07-19 14:53:37.058132543 UTC - from mc-24->source-1 "103" 14:53:37.057271620
[2023-07-19T14:53:39Z INFO  dt_instance] received at 2023-07-19 14:53:39.565237746 UTC - from mc-24->source-1 "108" 14:53:39.563588456
[2023-07-19T14:53:42Z INFO  dt_instance] received at 2023-07-19 14:53:42.071046413 UTC - from mc-24->source-1 "113" 14:53:42.070138668
[2023-07-19T14:53:44Z INFO  dt_instance] received at 2023-07-19 14:53:44.602938011 UTC - from mc-24->source-5 "108" 14:53:44.598591686
[2023-07-19T14:53:47Z INFO  dt_instance] received at 2023-07-19 14:53:47.104259968 UTC - from mc-24->source-5 "113" 14:53:47.102971978
[2023-07-19T14:53:49Z INFO  dt_instance] received at 2023-07-19 14:53:49.611373292 UTC - from mc-24->source-5 "118" 14:53:49.609885070
[2023-07-19T14:53:52Z INFO  dt_instance] received at 2023-07-19 14:53:52.116855505 UTC - from mc-24->source-5 "123" 14:53:52.114869367
[2023-07-19T14:53:54Z INFO  dt_instance] received at 2023-07-19 14:53:54.623184160 UTC - from mc-24->source-5 "128" 14:53:54.621542921
[2023-07-19T14:53:57Z INFO  dt_instance] received at 2023-07-19 14:53:57.128978474 UTC - from mc-24->source-5 "133" 14:53:57.127881512
[2023-07-19T14:53:59Z INFO  dt_instance] received at 2023-07-19 14:53:59.636778304 UTC - from mc-24->source-5 "138" 14:53:59.634485772
[2023-07-19T14:54:02Z INFO  dt_instance] received at 2023-07-19 14:54:02.141094301 UTC - from mc-24->source-5 "143" 14:54:02.139251311
[2023-07-19T14:54:04Z INFO  dt_instance] received at 2023-07-19 14:54:04.647480536 UTC - from mc-24->source-5 "148" 14:54:04.646045411
[2023-07-19T14:54:07Z INFO  dt_instance] received at 2023-07-19 14:54:07.153134078 UTC - from mc-24->source-5 "153" 14:54:07.151939606
[2023-07-19T14:54:09Z INFO  dt_instance] received at 2023-07-19 14:54:09.660053607 UTC - from mc-24->source-5 "158" 14:54:09.658271963
[2023-07-19T14:54:12Z INFO  dt_instance] received at 2023-07-19 14:54:12.167382801 UTC - from mc-24->source-5 "163" 14:54:12.164482426
[2023-07-19T14:54:14Z INFO  dt_instance] received at 2023-07-19 14:54:14.671871616 UTC - from mc-24->source-5 "168" 14:54:14.670291333
[2023-07-19T14:54:17Z INFO  dt_instance] received at 2023-07-19 14:54:17.179340318 UTC - from mc-24->source-5 "173" 14:54:17.176902772
[2023-07-19T14:54:19Z INFO  dt_instance] received at 2023-07-19 14:54:19.686245745 UTC - from mc-24->source-5 "178" 14:54:19.684469972
[2023-07-19T14:54:22Z INFO  dt_instance] received at 2023-07-19 14:54:22.195577141 UTC - from mc-24->source-5 "183" 14:54:22.193821675
[2023-07-19T14:54:24Z INFO  dt_instance] received at 2023-07-19 14:54:24.701460115 UTC - from mc-24->source-5 "188" 14:54:24.699903994
[2023-07-19T14:54:27Z INFO  dt_instance] received at 2023-07-19 14:54:27.209515200 UTC - from mc-24->source-5 "193" 14:54:27.206743050
[2023-07-19T14:54:29Z INFO  dt_instance] received at 2023-07-19 14:54:29.716453319 UTC - from mc-24->source-1 "208" 14:54:29.715232795
[2023-07-19T14:54:32Z INFO  dt_instance] received at 2023-07-19 14:54:32.221274128 UTC - from mc-24->source-1 "213" 14:54:32.220231267
[2023-07-19T14:54:34Z INFO  dt_instance] received at 2023-07-19 14:54:34.726983235 UTC - from mc-24->source-1 "218" 14:54:34.725699941
[2023-07-19T14:54:37Z INFO  dt_instance] received at 2023-07-19 14:54:37.232625328 UTC - from mc-24->source-1 "223" 14:54:37.231003249
[2023-07-19T14:54:39Z INFO  dt_instance] received at 2023-07-19 14:54:39.738054154 UTC - from mc-24->source-1 "228" 14:54:39.737126779
[2023-07-19T14:54:42Z INFO  dt_instance] received at 2023-07-19 14:54:42.254768345 UTC - from mc-24->source-1 "233" 14:54:42.253895093
[2023-07-19T14:54:44Z INFO  dt_instance] received at 2023-07-19 14:54:44.760025355 UTC - from mc-24->source-1 "238" 14:54:44.759183560
[2023-07-19T14:54:47Z INFO  dt_instance] received at 2023-07-19 14:54:47.271532120 UTC - from mc-24->source-1 "243" 14:54:47.266301052
[2023-07-19T14:54:49Z INFO  dt_instance] received at 2023-07-19 14:54:49.776373766 UTC - from mc-24->source-1 "248" 14:54:49.772849886
[2023-07-19T14:54:52Z INFO  dt_instance] received at 2023-07-19 14:54:52.282373245 UTC - from mc-24->source-1 "253" 14:54:52.278851968
[2023-07-19T14:54:54Z INFO  dt_instance] received at 2023-07-19 14:54:54.786031512 UTC - from mc-24->source-1 "258" 14:54:54.784881004
[2023-07-19T14:54:57Z INFO  dt_instance] received at 2023-07-19 14:54:57.292681722 UTC - from mc-24->source-1 "263" 14:54:57.289931704
[2023-07-19T14:54:59Z INFO  dt_instance] received at 2023-07-19 14:54:59.797194931 UTC - from mc-24->source-1 "268" 14:54:59.796003349
[2023-07-19T14:55:02Z INFO  dt_instance] received at 2023-07-19 14:55:02.302137812 UTC - from mc-24->source-1 "273" 14:55:02.301125470
[2023-07-19T14:55:04Z INFO  dt_instance] received at 2023-07-19 14:55:04.809016791 UTC - from mc-24->source-1 "278" 14:55:04.807613387
[2023-07-19T14:55:07Z INFO  dt_instance] received at 2023-07-19 14:55:07.314676446 UTC - from mc-24->source-1 "283" 14:55:07.313529811
[2023-07-19T14:55:09Z INFO  dt_instance] received at 2023-07-19 14:55:09.819687864 UTC - from mc-24->source-1 "288" 14:55:09.818368564
[2023-07-19T14:55:12Z INFO  dt_instance] received at 2023-07-19 14:55:12.325415563 UTC - from mc-24->source-1 "293" 14:55:12.322959140
[2023-07-19T14:55:14Z INFO  dt_instance] received at 2023-07-19 14:55:14.830518521 UTC - from mc-24->source-1 "298" 14:55:14.829635141
[2023-07-19T14:55:17Z INFO  dt_instance] received at 2023-07-19 14:55:17.336717429 UTC - from mc-24->source-1 "303" 14:55:17.335508100
[2023-07-19T14:55:19Z INFO  dt_instance] received at 2023-07-19 14:55:19.841175826 UTC - from mc-24->source-1 "308" 14:55:19.840174583
[2023-07-19T14:55:22Z INFO  dt_instance] received at 2023-07-19 14:55:22.345940208 UTC - from mc-24->source-1 "313" 14:55:22.345129559
[2023-07-19T14:55:24Z INFO  dt_instance] received at 2023-07-19 14:55:24.852715202 UTC - from mc-24->source-1 "318" 14:55:24.851717423
[2023-07-19T14:55:27Z INFO  dt_instance] received at 2023-07-19 14:55:27.357258980 UTC - from mc-24->source-1 "323" 14:55:27.356367978
[2023-07-19T14:55:29Z INFO  dt_instance] received at 2023-07-19 14:55:29.864362937 UTC - from mc-24->source-1 "328" 14:55:29.863574139
[2023-07-19T14:55:32Z INFO  dt_instance] received at 2023-07-19 14:55:32.379083058 UTC - from mc-24->source-5 "323" 14:55:32.377793281
[2023-07-19T14:55:34Z INFO  dt_instance] received at 2023-07-19 14:55:34.886142539 UTC - from mc-24->source-3 "333" 14:55:34.885015370
[2023-07-19T14:55:37Z INFO  dt_instance] received at 2023-07-19 14:55:37.391779722 UTC - from mc-24->source-3 "338" 14:55:37.390501694
[2023-07-19T14:55:39Z INFO  dt_instance] received at 2023-07-19 14:55:39.897452341 UTC - from mc-24->source-3 "343" 14:55:39.896316015
[2023-07-19T14:55:42Z INFO  dt_instance] received at 2023-07-19 14:55:42.406102096 UTC - from mc-24->source-3 "348" 14:55:42.404840942
[2023-07-19T14:55:44Z INFO  dt_instance] received at 2023-07-19 14:55:44.913820255 UTC - from mc-24->source-3 "353" 14:55:44.912731302
[2023-07-19T14:55:47Z INFO  dt_instance] received at 2023-07-19 14:55:47.419712346 UTC - from mc-24->source-3 "358" 14:55:47.418679281
[2023-07-19T14:55:49Z INFO  dt_instance] received at 2023-07-19 14:55:49.924616608 UTC - from mc-24->source-3 "363" 14:55:49.923564198
[2023-07-19T14:55:52Z INFO  dt_instance] received at 2023-07-19 14:55:52.429539533 UTC - from mc-24->source-3 "368" 14:55:52.428105028
[2023-07-19T14:55:54Z INFO  dt_instance] received at 2023-07-19 14:55:54.934997492 UTC - from mc-24->source-3 "373" 14:55:54.934055596
[2023-07-19T14:55:57Z INFO  dt_instance] received at 2023-07-19 14:55:57.447404903 UTC - from mc-24->source-5 "373" 14:55:57.446629450
[2023-07-19T14:55:59Z INFO  dt_instance] received at 2023-07-19 14:55:59.953865165 UTC - from mc-24->source-1 "388" 14:55:59.953101851
[2023-07-19T14:56:02Z INFO  dt_instance] received at 2023-07-19 14:56:02.459325465 UTC - from mc-24->source-5 "383" 14:56:02.458304833
[2023-07-19T14:56:04Z INFO  dt_instance] received at 2023-07-19 14:56:04.964869474 UTC - from mc-24->source-5 "388" 14:56:04.963564877
[2023-07-19T14:56:07Z INFO  dt_instance] received at 2023-07-19 14:56:07.476705732 UTC - from mc-24->source-5 "393" 14:56:07.469998926
[2023-07-19T14:56:09Z INFO  dt_instance] received at 2023-07-19 14:56:09.985741758 UTC - from mc-24->source-5 "398" 14:56:09.976305932
[2023-07-19T14:56:12Z INFO  dt_instance] received at 2023-07-19 14:56:12.485171335 UTC - from mc-24->source-5 "403" 14:56:12.483630667
[2023-07-19T14:56:14Z INFO  dt_instance] received at 2023-07-19 14:56:14.989414248 UTC - from mc-24->source-5 "408" 14:56:14.988029354
[2023-07-19T14:56:17Z INFO  dt_instance] received at 2023-07-19 14:56:17.496345818 UTC - from mc-24->source-5 "413" 14:56:17.494896804
[2023-07-19T14:56:20Z INFO  dt_instance] received at 2023-07-19 14:56:20.003346034 UTC - from mc-24->source-5 "418" 14:56:20.001703066
[2023-07-19T14:56:22Z INFO  dt_instance] received at 2023-07-19 14:56:22.508334102 UTC - from mc-24->source-5 "423" 14:56:22.506634684
[2023-07-19T14:56:25Z INFO  dt_instance] received at 2023-07-19 14:56:25.014523778 UTC - from mc-24->source-5 "428" 14:56:25.012693402
[2023-07-19T14:56:27Z INFO  dt_instance] received at 2023-07-19 14:56:27.520583399 UTC - from mc-24->source-5 "433" 14:56:27.518886262
[2023-07-19T14:56:30Z INFO  dt_instance] received at 2023-07-19 14:56:30.027246205 UTC - from mc-24->source-5 "438" 14:56:30.025390083
[2023-07-19T14:56:32Z INFO  dt_instance] received at 2023-07-19 14:56:32.532050483 UTC - from mc-24->source-5 "443" 14:56:32.530808506
[2023-07-19T14:56:35Z INFO  dt_instance] received at 2023-07-19 14:56:35.038409091 UTC - from mc-24->source-5 "448" 14:56:35.037297052
[2023-07-19T14:56:37Z INFO  dt_instance] received at 2023-07-19 14:56:37.548785749 UTC - from mc-24->source-5 "453" 14:56:37.543321433
[2023-07-19T14:56:40Z INFO  dt_instance] received at 2023-07-19 14:56:40.051908360 UTC - from mc-24->source-5 "458" 14:56:40.050250183
[2023-07-19T14:56:42Z INFO  dt_instance] received at 2023-07-19 14:56:42.557636714 UTC - from mc-24->source-5 "463" 14:56:42.556171281
[2023-07-19T14:56:45Z INFO  dt_instance] received at 2023-07-19 14:56:45.063929057 UTC - from mc-24->source-5 "468" 14:56:45.062667572
[2023-07-19T14:56:47Z INFO  dt_instance] received at 2023-07-19 14:56:47.568914935 UTC - from mc-24->source-5 "473" 14:56:47.567820058
[2023-07-19T14:56:50Z INFO  dt_instance] received at 2023-07-19 14:56:50.075022890 UTC - from mc-24->source-5 "478" 14:56:50.073777230
[2023-07-19T14:56:52Z INFO  dt_instance] received at 2023-07-19 14:56:52.582022039 UTC - from mc-24->source-5 "483" 14:56:52.578999376
[2023-07-19T14:56:55Z INFO  dt_instance] received at 2023-07-19 14:56:55.089072274 UTC - from mc-24->source-5 "488" 14:56:55.085768541
[2023-07-19T14:56:57Z INFO  dt_instance] received at 2023-07-19 14:56:57.591740425 UTC - from mc-24->source-5 "493" 14:56:57.590413686
[2023-07-19T14:57:00Z INFO  dt_instance] received at 2023-07-19 14:57:00.098418709 UTC - from mc-24->source-5 "498" 14:57:00.096857082
[2023-07-19T14:57:02Z INFO  dt_instance] received at 2023-07-19 14:57:02.603907562 UTC - from mc-24->source-5 "503" 14:57:02.602011465
[2023-07-19T14:57:05Z INFO  dt_instance] received at 2023-07-19 14:57:05.109695316 UTC - from mc-24->source-5 "508" 14:57:05.108245810
[2023-07-19T14:57:07Z INFO  dt_instance] received at 2023-07-19 14:57:07.616493269 UTC - from mc-24->source-5 "513" 14:57:07.614825357
[2023-07-19T14:57:10Z INFO  dt_instance] received at 2023-07-19 14:57:10.122539053 UTC - from mc-24->source-5 "518" 14:57:10.121110527
[2023-07-19T14:57:12Z INFO  dt_instance] received at 2023-07-19 14:57:12.628884870 UTC - from mc-24->source-5 "523" 14:57:12.626340882
[2023-07-19T14:57:15Z INFO  dt_instance] received at 2023-07-19 14:57:15.134024602 UTC - from mc-24->source-5 "528" 14:57:15.132703415
[2023-07-19T14:57:17Z INFO  dt_instance] received at 2023-07-19 14:57:17.640448850 UTC - from mc-24->source-5 "533" 14:57:17.638922463
[2023-07-19T14:57:20Z INFO  dt_instance] received at 2023-07-19 14:57:20.145924098 UTC - from mc-24->source-5 "538" 14:57:20.144609845
[2023-07-19T14:57:22Z INFO  dt_instance] received at 2023-07-19 14:57:22.651882975 UTC - from mc-24->source-5 "543" 14:57:22.650844168
[2023-07-19T14:57:25Z INFO  dt_instance] received at 2023-07-19 14:57:25.157738515 UTC - from mc-24->source-5 "548" 14:57:25.155985024
[2023-07-19T14:57:27Z INFO  dt_instance] received at 2023-07-19 14:57:27.665818144 UTC - from mc-24->source-5 "553" 14:57:27.664489876
[2023-07-19T14:57:30Z INFO  dt_instance] received at 2023-07-19 14:57:30.171677352 UTC - from mc-24->source-5 "558" 14:57:30.170225047
[2023-07-19T14:57:32Z INFO  dt_instance] received at 2023-07-19 14:57:32.677092868 UTC - from mc-24->source-5 "563" 14:57:32.675505543
[2023-07-19T14:57:35Z INFO  dt_instance] received at 2023-07-19 14:57:35.184381402 UTC - from mc-24->source-5 "568" 14:57:35.183197919
[2023-07-19T14:57:37Z INFO  dt_instance] received at 2023-07-19 14:57:37.692107810 UTC - from mc-24->source-5 "573" 14:57:37.688523135
[2023-07-19T14:57:40Z INFO  dt_instance] received at 2023-07-19 14:57:40.196867958 UTC - from mc-24->source-5 "578" 14:57:40.195238399
[2023-07-19T14:57:42Z INFO  dt_instance] received at 2023-07-19 14:57:42.718636119 UTC - from mc-24->source-5 "583" 14:57:42.715177784
[2023-07-19T14:57:45Z INFO  dt_instance] received at 2023-07-19 14:57:45.222024333 UTC - from mc-24->source-5 "588" 14:57:45.220475024
[2023-07-19T14:57:47Z INFO  dt_instance] received at 2023-07-19 14:57:47.728411159 UTC - from mc-24->source-5 "593" 14:57:47.726439697
[2023-07-19T14:57:50Z INFO  dt_instance] received at 2023-07-19 14:57:50.235272089 UTC - from mc-24->source-5 "598" 14:57:50.232818259
[2023-07-19T14:57:52Z INFO  dt_instance] received at 2023-07-19 14:57:52.742344436 UTC - from mc-24->source-5 "603" 14:57:52.738229352
[2023-07-19T14:57:55Z INFO  dt_instance] received at 2023-07-19 14:57:55.247020733 UTC - from mc-24->source-5 "608" 14:57:55.243564241
[2023-07-19T14:57:57Z INFO  dt_instance] received at 2023-07-19 14:57:57.749701511 UTC - from mc-24->source-5 "613" 14:57:57.748373172
[2023-07-19T14:58:00Z INFO  dt_instance] received at 2023-07-19 14:58:00.254964310 UTC - from mc-24->source-5 "618" 14:58:00.253532264
[2023-07-19T14:58:02Z INFO  dt_instance] received at 2023-07-19 14:58:02.760070444 UTC - from mc-24->source-5 "623" 14:58:02.758478216
[2023-07-19T14:58:05Z INFO  dt_instance] received at 2023-07-19 14:58:05.264987522 UTC - from mc-24->source-5 "628" 14:58:05.263739569
[2023-07-19T14:58:07Z INFO  dt_instance] received at 2023-07-19 14:58:07.771721201 UTC - from mc-24->source-5 "633" 14:58:07.768736878
[2023-07-19T14:58:10Z INFO  dt_instance] received at 2023-07-19 14:58:10.276594650 UTC - from mc-24->source-5 "638" 14:58:10.275180851
[2023-07-19T14:58:12Z INFO  dt_instance] received at 2023-07-19 14:58:12.781579806 UTC - from mc-24->source-5 "643" 14:58:12.780032184
[2023-07-19T14:58:15Z INFO  dt_instance] received at 2023-07-19 14:58:15.288333492 UTC - from mc-24->source-5 "648" 14:58:15.285188694
[2023-07-19T14:58:17Z INFO  dt_instance] received at 2023-07-19 14:58:17.791559041 UTC - from mc-24->source-5 "653" 14:58:17.790029630
[2023-07-19T14:58:20Z INFO  dt_instance] received at 2023-07-19 14:58:20.298086957 UTC - from mc-24->source-5 "658" 14:58:20.296780249
[2023-07-19T14:58:22Z INFO  dt_instance] received at 2023-07-19 14:58:22.803346291 UTC - from mc-24->source-5 "663" 14:58:22.802109116
[2023-07-19T14:58:25Z INFO  dt_instance] received at 2023-07-19 14:58:25.317999960 UTC - from mc-24->source-5 "668" 14:58:25.314946274
[2023-07-19T14:58:27Z INFO  dt_instance] received at 2023-07-19 14:58:27.822508488 UTC - from mc-24->source-5 "673" 14:58:27.820294272
[2023-07-19T14:58:30Z INFO  dt_instance] received at 2023-07-19 14:58:30.329058163 UTC - from mc-24->source-5 "678" 14:58:30.327075674
[2023-07-19T14:58:32Z INFO  dt_instance] received at 2023-07-19 14:58:32.835449075 UTC - from mc-24->source-5 "683" 14:58:32.834226073
[2023-07-19T14:58:35Z INFO  dt_instance] received at 2023-07-19 14:58:35.346781270 UTC - from mc-24->source-5 "688" 14:58:35.339957433
[2023-07-19T14:58:37Z INFO  dt_instance] received at 2023-07-19 14:58:37.847389955 UTC - from mc-24->source-5 "693" 14:58:37.846203657
[2023-07-19T14:58:40Z INFO  dt_instance] received at 2023-07-19 14:58:40.353819120 UTC - from mc-24->source-5 "698" 14:58:40.352558549
[2023-07-19T14:58:42Z INFO  dt_instance] received at 2023-07-19 14:58:42.858167497 UTC - from mc-24->source-5 "703" 14:58:42.857030544
[2023-07-19T14:58:45Z INFO  dt_instance] received at 2023-07-19 14:58:45.365294738 UTC - from mc-24->source-5 "708" 14:58:45.363631997
[2023-07-19T14:58:47Z INFO  dt_instance] received at 2023-07-19 14:58:47.870903642 UTC - from mc-24->source-5 "713" 14:58:47.868986129
[2023-07-19T14:58:50Z INFO  dt_instance] received at 2023-07-19 14:58:50.376155618 UTC - from mc-24->source-5 "718" 14:58:50.374283247
[2023-07-19T14:58:52Z INFO  dt_instance] received at 2023-07-19 14:58:52.883285920 UTC - from mc-24->source-5 "723" 14:58:52.881607413
[2023-07-19T14:58:55Z INFO  dt_instance] received at 2023-07-19 14:58:55.391699952 UTC - from mc-24->source-5 "728" 14:58:55.388825359
[2023-07-19T14:58:57Z INFO  dt_instance] received at 2023-07-19 14:58:57.896810478 UTC - from mc-24->source-5 "733" 14:58:57.895555364
[2023-07-19T14:59:00Z INFO  dt_instance] received at 2023-07-19 14:59:00.402382158 UTC - from mc-24->source-5 "738" 14:59:00.400869443
[2023-07-19T14:59:02Z INFO  dt_instance] received at 2023-07-19 14:59:02.909046963 UTC - from mc-24->source-5 "743" 14:59:02.907642654
[2023-07-19T14:59:05Z INFO  dt_instance] received at 2023-07-19 14:59:05.414532471 UTC - from mc-24->source-5 "748" 14:59:05.413110713
[2023-07-19T14:59:07Z INFO  dt_instance] received at 2023-07-19 14:59:07.920533379 UTC - from mc-24->source-5 "753" 14:59:07.919276810
[2023-07-19T14:59:10Z INFO  dt_instance] received at 2023-07-19 14:59:10.426462991 UTC - from mc-24->source-5 "758" 14:59:10.424985900
[2023-07-19T14:59:12Z INFO  dt_instance] received at 2023-07-19 14:59:12.932650240 UTC - from mc-24->source-5 "763" 14:59:12.930698625
[2023-07-19T14:59:15Z INFO  dt_instance] received at 2023-07-19 14:59:15.438439548 UTC - from mc-24->source-5 "768" 14:59:15.436400876
[2023-07-19T14:59:17Z INFO  dt_instance] received at 2023-07-19 14:59:17.944841893 UTC - from mc-24->source-5 "773" 14:59:17.943291461
[2023-07-19T14:59:20Z INFO  dt_instance] received at 2023-07-19 14:59:20.450282864 UTC - from mc-24->source-5 "778" 14:59:20.448926903
[2023-07-19T14:59:22Z INFO  dt_instance] received at 2023-07-19 14:59:22.956756187 UTC - from mc-24->source-5 "783" 14:59:22.955273057
[2023-07-19T14:59:25Z INFO  dt_instance] received at 2023-07-19 14:59:25.463667220 UTC - from mc-24->source-5 "788" 14:59:25.461411865
[2023-07-19T14:59:27Z INFO  dt_instance] received at 2023-07-19 14:59:27.967487542 UTC - from mc-24->source-5 "793" 14:59:27.966321736
[2023-07-19T14:59:30Z INFO  dt_instance] received at 2023-07-19 14:59:30.473531939 UTC - from mc-24->source-5 "798" 14:59:30.471817045
[2023-07-19T14:59:32Z INFO  dt_instance] received at 2023-07-19 14:59:32.981259223 UTC - from mc-24->source-5 "803" 14:59:32.978889198
[2023-07-19T14:59:35Z INFO  dt_instance] received at 2023-07-19 14:59:35.487126683 UTC - from mc-24->source-5 "808" 14:59:35.485446500
[2023-07-19T14:59:37Z INFO  dt_instance] received at 2023-07-19 14:59:37.994640355 UTC - from mc-24->source-5 "813" 14:59:37.993361948
[2023-07-19T14:59:40Z INFO  dt_instance] received at 2023-07-19 14:59:40.500439454 UTC - from mc-24->source-5 "818" 14:59:40.499174415
[2023-07-19T14:59:43Z INFO  dt_instance] received at 2023-07-19 14:59:43.008360350 UTC - from mc-24->source-5 "823" 14:59:43.006447619
[2023-07-19T14:59:45Z INFO  dt_instance] received at 2023-07-19 14:59:45.516017941 UTC - from mc-24->source-5 "828" 14:59:45.513368546
[2023-07-19T14:59:48Z INFO  dt_instance] received at 2023-07-19 14:59:48.019616755 UTC - from mc-24->source-5 "833" 14:59:48.018179045
[2023-07-19T14:59:50Z INFO  dt_instance] received at 2023-07-19 14:59:50.524738774 UTC - from mc-24->source-5 "838" 14:59:50.523245143
[2023-07-19T14:59:53Z INFO  dt_instance] received at 2023-07-19 14:59:53.029859079 UTC - from mc-24->source-5 "843" 14:59:53.028347036
[2023-07-19T14:59:55Z INFO  dt_instance] received at 2023-07-19 14:59:55.541570043 UTC - from mc-24->source-5 "848" 14:59:55.540154759
[2023-07-19T14:59:58Z INFO  dt_instance] received at 2023-07-19 14:59:58.047489599 UTC - from mc-24->source-5 "853" 14:59:58.045749934
[2023-07-19T15:00:00Z INFO  dt_instance] received at 2023-07-19 15:00:00.553939854 UTC - from mc-24->source-5 "858" 15:00:00.551257743
[2023-07-19T15:00:03Z INFO  dt_instance] received at 2023-07-19 15:00:03.058477650 UTC - from mc-24->source-3 "868" 15:00:03.057607691
[2023-07-19T15:00:05Z INFO  dt_instance] received at 2023-07-19 15:00:05.563923139 UTC - from mc-24->source-3 "873" 15:00:05.563128039
[2023-07-19T15:00:08Z INFO  dt_instance] received at 2023-07-19 15:00:08.076147862 UTC - from mc-24->source-3 "878" 15:00:08.074486407
[2023-07-19T15:00:10Z INFO  dt_instance] received at 2023-07-19 15:00:10.581998921 UTC - from mc-24->source-5 "878" 15:00:10.580400846
[2023-07-19T15:00:13Z INFO  dt_instance] received at 2023-07-19 15:00:13.088944319 UTC - from mc-24->source-5 "883" 15:00:13.086698459
[2023-07-19T15:00:15Z INFO  dt_instance] received at 2023-07-19 15:00:15.594426535 UTC - from mc-24->source-5 "888" 15:00:15.593074230
[2023-07-19T15:00:18Z INFO  dt_instance] received at 2023-07-19 15:00:18.100515051 UTC - from mc-24->source-5 "893" 15:00:18.098947540
[2023-07-19T15:00:20Z INFO  dt_instance] received at 2023-07-19 15:00:20.605149965 UTC - from mc-24->source-5 "898" 15:00:20.604028427
[2023-07-19T15:00:23Z INFO  dt_instance] received at 2023-07-19 15:00:23.112837574 UTC - from mc-24->source-5 "903" 15:00:23.111178716
[2023-07-19T15:00:25Z INFO  dt_instance] received at 2023-07-19 15:00:25.619190704 UTC - from mc-24->source-5 "908" 15:00:25.617537517
[2023-07-19T15:00:28Z INFO  dt_instance] received at 2023-07-19 15:00:28.124962407 UTC - from mc-24->source-5 "913" 15:00:28.123290947
[2023-07-19T15:00:30Z INFO  dt_instance] received at 2023-07-19 15:00:30.631612986 UTC - from mc-24->source-5 "918" 15:00:30.630312139
[2023-07-19T15:00:33Z INFO  dt_instance] received at 2023-07-19 15:00:33.137834991 UTC - from mc-24->source-5 "923" 15:00:33.136700574
[2023-07-19T15:00:35Z INFO  dt_instance] received at 2023-07-19 15:00:35.643286014 UTC - from mc-24->source-5 "928" 15:00:35.641735975
[2023-07-19T15:00:38Z INFO  dt_instance] received at 2023-07-19 15:00:38.148558030 UTC - from mc-24->source-5 "933" 15:00:38.147199696
[2023-07-19T15:00:40Z INFO  dt_instance] received at 2023-07-19 15:00:40.653889020 UTC - from mc-24->source-3 "943" 15:00:40.652970339
[2023-07-19T15:00:43Z INFO  dt_instance] received at 2023-07-19 15:00:43.160739643 UTC - from mc-24->source-3 "948" 15:00:43.159785731
[2023-07-19T15:00:45Z INFO  dt_instance] received at 2023-07-19 15:00:45.668489399 UTC - from mc-24->source-5 "948" 15:00:45.665887915
[2023-07-19T15:00:48Z INFO  dt_instance] received at 2023-07-19 15:00:48.173625612 UTC - from mc-24->source-5 "953" 15:00:48.172261737
[2023-07-19T15:00:50Z INFO  dt_instance] received at 2023-07-19 15:00:50.678389556 UTC - from mc-24->source-5 "958" 15:00:50.677113842
[2023-07-19T15:00:53Z INFO  dt_instance] received at 2023-07-19 15:00:53.185461080 UTC - from mc-24->source-5 "963" 15:00:53.183575169
[2023-07-19T15:00:55Z INFO  dt_instance] received at 2023-07-19 15:00:55.691273601 UTC - from mc-24->source-5 "968" 15:00:55.689526685
[2023-07-19T15:00:58Z INFO  dt_instance] received at 2023-07-19 15:00:58.199080944 UTC - from mc-24->source-5 "973" 15:00:58.197760506
[2023-07-19T15:01:00Z INFO  dt_instance] received at 2023-07-19 15:01:00.705593591 UTC - from mc-24->source-5 "978" 15:01:00.703127913
[2023-07-19T15:01:03Z INFO  dt_instance] received at 2023-07-19 15:01:03.211609610 UTC - from mc-24->source-3 "988" 15:01:03.210542099
[2023-07-19T15:01:05Z INFO  dt_instance] received at 2023-07-19 15:01:05.834959517 UTC - from mc-24->source-8 "981" 15:01:05.833193790
[2023-07-19T15:01:09Z INFO  dt_instance] received at 2023-07-19 15:01:09.144100536 UTC - from mc-24->source-7 "990" 15:01:09.142733440
[2023-07-19T15:01:16Z INFO  dt_instance] received at 2023-07-19 15:01:16.187276179 UTC - from mc-24->source-9 "999" 15:01:16.186003120
