[2023-07-19T14:30:28Z INFO  dt_instance] Current Twin: mc-twin-10
[2023-07-19T14:30:28Z INFO  dt_instance] Replica Name twin-mc-stateful-10
[2023-07-19T14:30:28Z INFO  dt_instance] Sleeping for 500
[2023-07-19T14:38:48Z INFO  dt_instance] Connecting to broker at emqx.dtwins:1883
[2023-07-19T14:38:48Z INFO  dt_instance] Loggin info each 50 messages
[2023-07-19T14:38:48Z INFO  dt_instance] Set max packet size to 60000 KB.
[2023-07-19T14:38:48Z INFO  dt_instance] Refreshing topics for twin - Listen to mc-10/#
[2023-07-19T14:38:48Z INFO  dt_instance] SubAck { pkid: 1, return_codes: [Success(ExactlyOnce)] }
[2023-07-19T14:40:07Z INFO  dt_instance] received at 2023-07-19 14:40:07.368702592 UTC - from mc-10->source-2 "9" 14:40:07.366866251
[2023-07-19T14:40:10Z INFO  dt_instance] received at 2023-07-19 14:40:10.624057326 UTC - from mc-10->source-3 "13" 14:40:10.623124544
[2023-07-19T14:40:13Z INFO  dt_instance] received at 2023-07-19 14:40:13.135959711 UTC - from mc-10->source-1 "23" 14:40:13.133691299
[2023-07-19T14:40:15Z INFO  dt_instance] received at 2023-07-19 14:40:15.640927369 UTC - from mc-10->source-1 "28" 14:40:15.639265413
[2023-07-19T14:40:18Z INFO  dt_instance] received at 2023-07-19 14:40:18.146331821 UTC - from mc-10->source-1 "33" 14:40:18.144660357
[2023-07-19T14:40:20Z INFO  dt_instance] received at 2023-07-19 14:40:20.651789972 UTC - from mc-10->source-1 "38" 14:40:20.649983867
[2023-07-19T14:40:23Z INFO  dt_instance] received at 2023-07-19 14:40:23.156321499 UTC - from mc-10->source-1 "43" 14:40:23.154913716
[2023-07-19T14:40:25Z INFO  dt_instance] received at 2023-07-19 14:40:25.661761696 UTC - from mc-10->source-1 "48" 14:40:25.659823633
[2023-07-19T14:40:28Z INFO  dt_instance] received at 2023-07-19 14:40:28.168533113 UTC - from mc-10->source-1 "53" 14:40:28.166072599
[2023-07-19T14:40:30Z INFO  dt_instance] received at 2023-07-19 14:40:30.675383071 UTC - from mc-10->source-1 "58" 14:40:30.673689045
[2023-07-19T14:40:33Z INFO  dt_instance] received at 2023-07-19 14:40:33.181184852 UTC - from mc-10->source-1 "63" 14:40:33.179175190
[2023-07-19T14:40:35Z INFO  dt_instance] received at 2023-07-19 14:40:35.691788391 UTC - from mc-10->source-1 "68" 14:40:35.684564083
[2023-07-19T14:40:38Z INFO  dt_instance] received at 2023-07-19 14:40:38.196511712 UTC - from mc-10->source-1 "73" 14:40:38.194924061
[2023-07-19T14:40:40Z INFO  dt_instance] received at 2023-07-19 14:40:40.702262254 UTC - from mc-10->source-1 "78" 14:40:40.700060529
[2023-07-19T14:40:43Z INFO  dt_instance] received at 2023-07-19 14:40:43.206851952 UTC - from mc-10->source-1 "83" 14:40:43.205168671
[2023-07-19T14:40:45Z INFO  dt_instance] received at 2023-07-19 14:40:45.711924377 UTC - from mc-10->source-1 "88" 14:40:45.710629562
[2023-07-19T14:40:48Z INFO  dt_instance] received at 2023-07-19 14:40:48.218129471 UTC - from mc-10->source-1 "93" 14:40:48.216057838
[2023-07-19T14:40:50Z INFO  dt_instance] received at 2023-07-19 14:40:50.722328869 UTC - from mc-10->source-1 "98" 14:40:50.720777891
[2023-07-19T14:40:53Z INFO  dt_instance] received at 2023-07-19 14:40:53.231731622 UTC - from mc-10->source-1 "103" 14:40:53.230231966
[2023-07-19T14:40:55Z INFO  dt_instance] received at 2023-07-19 14:40:55.737580187 UTC - from mc-10->source-1 "108" 14:40:55.736102712
[2023-07-19T14:40:58Z INFO  dt_instance] received at 2023-07-19 14:40:58.244181882 UTC - from mc-10->source-1 "113" 14:40:58.242546476
[2023-07-19T14:41:00Z INFO  dt_instance] received at 2023-07-19 14:41:00.749386709 UTC - from mc-10->source-1 "118" 14:41:00.747688143
[2023-07-19T14:41:03Z INFO  dt_instance] received at 2023-07-19 14:41:03.256821852 UTC - from mc-10->source-7 "108" 14:41:03.255457285
[2023-07-19T14:41:05Z INFO  dt_instance] received at 2023-07-19 14:41:05.763522556 UTC - from mc-10->source-7 "113" 14:41:05.761158545
[2023-07-19T14:41:08Z INFO  dt_instance] received at 2023-07-19 14:41:08.269353904 UTC - from mc-10->source-1 "133" 14:41:08.266836943
[2023-07-19T14:41:10Z INFO  dt_instance] received at 2023-07-19 14:41:10.776433259 UTC - from mc-10->source-1 "138" 14:41:10.772421868
[2023-07-19T14:41:13Z INFO  dt_instance] received at 2023-07-19 14:41:13.279688542 UTC - from mc-10->source-5 "133" 14:41:13.278347212
[2023-07-19T14:41:15Z INFO  dt_instance] received at 2023-07-19 14:41:15.786143648 UTC - from mc-10->source-5 "138" 14:41:15.784280287
[2023-07-19T14:41:18Z INFO  dt_instance] received at 2023-07-19 14:41:18.298176091 UTC - from mc-10->source-1 "153" 14:41:18.287198405
[2023-07-19T14:41:20Z INFO  dt_instance] received at 2023-07-19 14:41:20.815938 UTC - from mc-10->source-5 "148" 14:41:20.814576901
[2023-07-19T14:41:23Z INFO  dt_instance] received at 2023-07-19 14:41:23.322790664 UTC - from mc-10->source-1 "163" 14:41:23.320867552
[2023-07-19T14:41:25Z INFO  dt_instance] received at 2023-07-19 14:41:25.829015411 UTC - from mc-10->source-1 "168" 14:41:25.827711311
[2023-07-19T14:41:28Z INFO  dt_instance] received at 2023-07-19 14:41:28.335207124 UTC - from mc-10->source-1 "173" 14:41:28.333648389
[2023-07-19T14:41:30Z INFO  dt_instance] received at 2023-07-19 14:41:30.842245202 UTC - from mc-10->source-1 "178" 14:41:30.839673364
[2023-07-19T14:41:33Z INFO  dt_instance] received at 2023-07-19 14:41:33.347018595 UTC - from mc-10->source-1 "183" 14:41:33.345778301
[2023-07-19T14:41:35Z INFO  dt_instance] received at 2023-07-19 14:41:35.853496378 UTC - from mc-10->source-1 "188" 14:41:35.852095100
[2023-07-19T14:41:38Z INFO  dt_instance] received at 2023-07-19 14:41:38.360728122 UTC - from mc-10->source-1 "193" 14:41:38.358944063
[2023-07-19T14:41:40Z INFO  dt_instance] received at 2023-07-19 14:41:40.868985115 UTC - from mc-10->source-1 "198" 14:41:40.865833178
[2023-07-19T14:41:43Z INFO  dt_instance] received at 2023-07-19 14:41:43.375037075 UTC - from mc-10->source-1 "203" 14:41:43.373327519
[2023-07-19T14:41:45Z INFO  dt_instance] received at 2023-07-19 14:41:45.881647343 UTC - from mc-10->source-1 "208" 14:41:45.879619265
[2023-07-19T14:41:48Z INFO  dt_instance] received at 2023-07-19 14:41:48.387807140 UTC - from mc-10->source-1 "213" 14:41:48.385774399
[2023-07-19T14:41:50Z INFO  dt_instance] received at 2023-07-19 14:41:50.892936611 UTC - from mc-10->source-1 "218" 14:41:50.890991425
[2023-07-19T14:41:53Z INFO  dt_instance] received at 2023-07-19 14:41:53.400910234 UTC - from mc-10->source-1 "223" 14:41:53.399245751
[2023-07-19T14:41:55Z INFO  dt_instance] received at 2023-07-19 14:41:55.912073378 UTC - from mc-10->source-1 "228" 14:41:55.905244504
[2023-07-19T14:41:58Z INFO  dt_instance] received at 2023-07-19 14:41:58.412513933 UTC - from mc-10->source-1 "233" 14:41:58.411098076
[2023-07-19T14:42:00Z INFO  dt_instance] received at 2023-07-19 14:42:00.918770021 UTC - from mc-10->source-1 "238" 14:42:00.915964594
[2023-07-19T14:42:03Z INFO  dt_instance] received at 2023-07-19 14:42:03.425674015 UTC - from mc-10->source-1 "243" 14:42:03.422961558
[2023-07-19T14:42:05Z INFO  dt_instance] received at 2023-07-19 14:42:05.935332724 UTC - from mc-10->source-1 "248" 14:42:05.934216529
[2023-07-19T14:42:08Z INFO  dt_instance] received at 2023-07-19 14:42:08.442431358 UTC - from mc-10->source-1 "253" 14:42:08.439812421
[2023-07-19T14:42:10Z INFO  dt_instance] received at 2023-07-19 14:42:10.946082625 UTC - from mc-10->source-1 "258" 14:42:10.944818562
[2023-07-19T14:42:13Z INFO  dt_instance] received at 2023-07-19 14:42:13.452301468 UTC - from mc-10->source-1 "263" 14:42:13.451088426
[2023-07-19T14:42:15Z INFO  dt_instance] received at 2023-07-19 14:42:15.962746527 UTC - from mc-10->source-1 "268" 14:42:15.956764115
[2023-07-19T14:42:18Z INFO  dt_instance] received at 2023-07-19 14:42:18.464785461 UTC - from mc-10->source-1 "273" 14:42:18.463274903
[2023-07-19T14:42:20Z INFO  dt_instance] received at 2023-07-19 14:42:20.969880069 UTC - from mc-10->source-1 "278" 14:42:20.968394426
[2023-07-19T14:42:23Z INFO  dt_instance] received at 2023-07-19 14:42:23.474281797 UTC - from mc-10->source-1 "283" 14:42:23.472964014
[2023-07-19T14:42:25Z INFO  dt_instance] received at 2023-07-19 14:42:25.979952222 UTC - from mc-10->source-1 "288" 14:42:25.978538466
[2023-07-19T14:42:28Z INFO  dt_instance] received at 2023-07-19 14:42:28.486600486 UTC - from mc-10->source-1 "293" 14:42:28.484642717
[2023-07-19T14:42:30Z INFO  dt_instance] received at 2023-07-19 14:42:30.991719756 UTC - from mc-10->source-1 "298" 14:42:30.989866398
[2023-07-19T14:42:33Z INFO  dt_instance] received at 2023-07-19 14:42:33.511685149 UTC - from mc-10->source-7 "288" 14:42:33.491064170
[2023-07-19T14:42:36Z INFO  dt_instance] received at 2023-07-19 14:42:36.023234104 UTC - from mc-10->source-7 "293" 14:42:36.016082431
[2023-07-19T14:42:38Z INFO  dt_instance] received at 2023-07-19 14:42:38.522950993 UTC - from mc-10->source-7 "298" 14:42:38.521388941
[2023-07-19T14:42:41Z INFO  dt_instance] received at 2023-07-19 14:42:41.029849791 UTC - from mc-10->source-7 "303" 14:42:41.028613182
[2023-07-19T14:42:43Z INFO  dt_instance] received at 2023-07-19 14:42:43.535651072 UTC - from mc-10->source-7 "308" 14:42:43.534074894
[2023-07-19T14:42:46Z INFO  dt_instance] received at 2023-07-19 14:42:46.040928529 UTC - from mc-10->source-7 "313" 14:42:46.038979849
[2023-07-19T14:42:48Z INFO  dt_instance] received at 2023-07-19 14:42:48.546619343 UTC - from mc-10->source-7 "318" 14:42:48.544501167
[2023-07-19T14:42:51Z INFO  dt_instance] received at 2023-07-19 14:42:51.054543889 UTC - from mc-10->source-7 "323" 14:42:51.051314586
[2023-07-19T14:42:53Z INFO  dt_instance] received at 2023-07-19 14:42:53.558818338 UTC - from mc-10->source-7 "328" 14:42:53.556154212
[2023-07-19T14:42:56Z INFO  dt_instance] received at 2023-07-19 14:42:56.066813348 UTC - from mc-10->source-7 "333" 14:42:56.062250411
[2023-07-19T14:42:58Z INFO  dt_instance] received at 2023-07-19 14:42:58.571900304 UTC - from mc-10->source-7 "338" 14:42:58.566658101
[2023-07-19T14:43:01Z INFO  dt_instance] received at 2023-07-19 14:43:01.077067914 UTC - from mc-10->source-7 "343" 14:43:01.073617616
[2023-07-19T14:43:03Z INFO  dt_instance] received at 2023-07-19 14:43:03.581224724 UTC - from mc-10->source-7 "348" 14:43:03.579739489
[2023-07-19T14:43:06Z INFO  dt_instance] received at 2023-07-19 14:43:06.087613676 UTC - from mc-10->source-1 "368" 14:43:06.083596543
[2023-07-19T14:43:08Z INFO  dt_instance] received at 2023-07-19 14:43:08.593196212 UTC - from mc-10->source-7 "358" 14:43:08.591990010
[2023-07-19T14:43:11Z INFO  dt_instance] received at 2023-07-19 14:43:11.100501618 UTC - from mc-10->source-7 "363" 14:43:11.098431207
[2023-07-19T14:43:13Z INFO  dt_instance] received at 2023-07-19 14:43:13.606158301 UTC - from mc-10->source-7 "368" 14:43:13.603245413
[2023-07-19T14:43:16Z INFO  dt_instance] received at 2023-07-19 14:43:16.109770094 UTC - from mc-10->source-7 "373" 14:43:16.108456503
[2023-07-19T14:43:18Z INFO  dt_instance] received at 2023-07-19 14:43:18.615254873 UTC - from mc-10->source-7 "378" 14:43:18.613893601
[2023-07-19T14:43:21Z INFO  dt_instance] received at 2023-07-19 14:43:21.120924391 UTC - from mc-10->source-7 "383" 14:43:21.119482701
[2023-07-19T14:43:23Z INFO  dt_instance] received at 2023-07-19 14:43:23.624807466 UTC - from mc-10->source-7 "388" 14:43:23.623688930
[2023-07-19T14:43:26Z INFO  dt_instance] received at 2023-07-19 14:43:26.130892219 UTC - from mc-10->source-7 "393" 14:43:26.129741814
[2023-07-19T14:43:28Z INFO  dt_instance] received at 2023-07-19 14:43:28.637473791 UTC - from mc-10->source-7 "398" 14:43:28.636287790
[2023-07-19T14:43:31Z INFO  dt_instance] received at 2023-07-19 14:43:31.142847595 UTC - from mc-10->source-7 "403" 14:43:31.141650673
[2023-07-19T14:43:33Z INFO  dt_instance] received at 2023-07-19 14:43:33.650014442 UTC - from mc-10->source-7 "408" 14:43:33.648604812
[2023-07-19T14:43:36Z INFO  dt_instance] received at 2023-07-19 14:43:36.155223394 UTC - from mc-10->source-7 "413" 14:43:36.153764626
[2023-07-19T14:43:38Z INFO  dt_instance] received at 2023-07-19 14:43:38.662200840 UTC - from mc-10->source-7 "418" 14:43:38.660655777
[2023-07-19T14:43:41Z INFO  dt_instance] received at 2023-07-19 14:43:41.169985190 UTC - from mc-10->source-7 "423" 14:43:41.168571311
[2023-07-19T14:43:43Z INFO  dt_instance] received at 2023-07-19 14:43:43.675959333 UTC - from mc-10->source-7 "428" 14:43:43.674498208
[2023-07-19T14:43:46Z INFO  dt_instance] received at 2023-07-19 14:43:46.181774652 UTC - from mc-10->source-7 "433" 14:43:46.180380155
[2023-07-19T14:43:48Z INFO  dt_instance] received at 2023-07-19 14:43:48.687975232 UTC - from mc-10->source-7 "438" 14:43:48.685645239
[2023-07-19T14:43:51Z INFO  dt_instance] received at 2023-07-19 14:43:51.192533209 UTC - from mc-10->source-7 "443" 14:43:51.191125840
[2023-07-19T14:43:53Z INFO  dt_instance] received at 2023-07-19 14:43:53.698502100 UTC - from mc-10->source-7 "448" 14:43:53.696733267
[2023-07-19T14:43:56Z INFO  dt_instance] received at 2023-07-19 14:43:56.206462559 UTC - from mc-10->source-7 "453" 14:43:56.204147699
[2023-07-19T14:43:58Z INFO  dt_instance] received at 2023-07-19 14:43:58.713248983 UTC - from mc-10->source-7 "458" 14:43:58.708879323
[2023-07-19T14:44:01Z INFO  dt_instance] received at 2023-07-19 14:44:01.216003273 UTC - from mc-10->source-7 "463" 14:44:01.214858326
[2023-07-19T14:44:03Z INFO  dt_instance] received at 2023-07-19 14:44:03.721728814 UTC - from mc-10->source-7 "468" 14:44:03.719890742
[2023-07-19T14:44:06Z INFO  dt_instance] received at 2023-07-19 14:44:06.226279092 UTC - from mc-10->source-7 "473" 14:44:06.225160754
[2023-07-19T14:44:08Z INFO  dt_instance] received at 2023-07-19 14:44:08.733443164 UTC - from mc-10->source-7 "478" 14:44:08.730900758
[2023-07-19T14:44:11Z INFO  dt_instance] received at 2023-07-19 14:44:11.241387530 UTC - from mc-10->source-7 "483" 14:44:11.238568782
[2023-07-19T14:44:13Z INFO  dt_instance] received at 2023-07-19 14:44:13.748808219 UTC - from mc-10->source-7 "488" 14:44:13.746851108
[2023-07-19T14:44:16Z INFO  dt_instance] received at 2023-07-19 14:44:16.254463731 UTC - from mc-10->source-7 "493" 14:44:16.251779502
[2023-07-19T14:44:18Z INFO  dt_instance] received at 2023-07-19 14:44:18.761147172 UTC - from mc-10->source-7 "498" 14:44:18.759776499
[2023-07-19T14:44:21Z INFO  dt_instance] received at 2023-07-19 14:44:21.267491495 UTC - from mc-10->source-7 "503" 14:44:21.266297977
[2023-07-19T14:44:23Z INFO  dt_instance] received at 2023-07-19 14:44:23.777497336 UTC - from mc-10->source-7 "508" 14:44:23.776369881
[2023-07-19T14:44:26Z INFO  dt_instance] received at 2023-07-19 14:44:26.281642486 UTC - from mc-10->source-7 "513" 14:44:26.280684504
[2023-07-19T14:44:28Z INFO  dt_instance] received at 2023-07-19 14:44:28.789085825 UTC - from mc-10->source-7 "518" 14:44:28.785963191
[2023-07-19T14:44:31Z INFO  dt_instance] received at 2023-07-19 14:44:31.294849812 UTC - from mc-10->source-7 "523" 14:44:31.292278165
[2023-07-19T14:44:33Z INFO  dt_instance] received at 2023-07-19 14:44:33.800212018 UTC - from mc-10->source-7 "528" 14:44:33.797962139
[2023-07-19T14:44:36Z INFO  dt_instance] received at 2023-07-19 14:44:36.305238654 UTC - from mc-10->source-7 "533" 14:44:36.304001080
[2023-07-19T14:44:38Z INFO  dt_instance] received at 2023-07-19 14:44:38.812518659 UTC - from mc-10->source-7 "538" 14:44:38.810281006
[2023-07-19T14:44:41Z INFO  dt_instance] received at 2023-07-19 14:44:41.318634654 UTC - from mc-10->source-7 "543" 14:44:41.317053454
[2023-07-19T14:44:43Z INFO  dt_instance] received at 2023-07-19 14:44:43.823696740 UTC - from mc-10->source-7 "548" 14:44:43.822050864
[2023-07-19T14:44:46Z INFO  dt_instance] received at 2023-07-19 14:44:46.335480217 UTC - from mc-10->source-7 "553" 14:44:46.326767430
[2023-07-19T14:44:48Z INFO  dt_instance] received at 2023-07-19 14:44:48.833423896 UTC - from mc-10->source-7 "558" 14:44:48.831951678
[2023-07-19T14:44:51Z INFO  dt_instance] received at 2023-07-19 14:44:51.342470810 UTC - from mc-10->source-7 "563" 14:44:51.339383353
[2023-07-19T14:44:53Z INFO  dt_instance] received at 2023-07-19 14:44:53.845226253 UTC - from mc-10->source-7 "568" 14:44:53.844040766
[2023-07-19T14:44:56Z INFO  dt_instance] received at 2023-07-19 14:44:56.350024711 UTC - from mc-10->source-7 "573" 14:44:56.348752672
[2023-07-19T14:44:58Z INFO  dt_instance] received at 2023-07-19 14:44:58.856616950 UTC - from mc-10->source-7 "578" 14:44:58.854949225
[2023-07-19T14:45:01Z INFO  dt_instance] received at 2023-07-19 14:45:01.362121321 UTC - from mc-10->source-7 "583" 14:45:01.360501722
[2023-07-19T14:45:03Z INFO  dt_instance] received at 2023-07-19 14:45:03.867223582 UTC - from mc-10->source-7 "588" 14:45:03.865733919
[2023-07-19T14:45:06Z INFO  dt_instance] received at 2023-07-19 14:45:06.377560989 UTC - from mc-10->source-7 "593" 14:45:06.372594402
[2023-07-19T14:45:08Z INFO  dt_instance] received at 2023-07-19 14:45:08.882881953 UTC - from mc-10->source-7 "598" 14:45:08.878635622
[2023-07-19T14:45:11Z INFO  dt_instance] received at 2023-07-19 14:45:11.385242869 UTC - from mc-10->source-7 "603" 14:45:11.383830848
[2023-07-19T14:45:13Z INFO  dt_instance] received at 2023-07-19 14:45:13.890544947 UTC - from mc-10->source-7 "608" 14:45:13.889461207
[2023-07-19T14:45:16Z INFO  dt_instance] received at 2023-07-19 14:45:16.396236304 UTC - from mc-10->source-7 "613" 14:45:16.394591605
[2023-07-19T14:45:18Z INFO  dt_instance] received at 2023-07-19 14:45:18.901556150 UTC - from mc-10->source-7 "618" 14:45:18.899814837
[2023-07-19T14:45:21Z INFO  dt_instance] received at 2023-07-19 14:45:21.406951828 UTC - from mc-10->source-7 "623" 14:45:21.405144504
[2023-07-19T14:45:23Z INFO  dt_instance] received at 2023-07-19 14:45:23.912976845 UTC - from mc-10->source-7 "628" 14:45:23.910033393
[2023-07-19T14:45:26Z INFO  dt_instance] received at 2023-07-19 14:45:26.417750646 UTC - from mc-10->source-7 "633" 14:45:26.415455482
[2023-07-19T14:45:28Z INFO  dt_instance] received at 2023-07-19 14:45:28.923463399 UTC - from mc-10->source-7 "638" 14:45:28.922016625
[2023-07-19T14:45:31Z INFO  dt_instance] received at 2023-07-19 14:45:31.428304854 UTC - from mc-10->source-7 "643" 14:45:31.426910325
[2023-07-19T14:45:33Z INFO  dt_instance] received at 2023-07-19 14:45:33.935412417 UTC - from mc-10->source-7 "648" 14:45:33.933402967
[2023-07-19T14:45:36Z INFO  dt_instance] received at 2023-07-19 14:45:36.440232597 UTC - from mc-10->source-7 "653" 14:45:36.437717976
[2023-07-19T14:45:38Z INFO  dt_instance] received at 2023-07-19 14:45:38.949335998 UTC - from mc-10->source-7 "658" 14:45:38.947224102
[2023-07-19T14:45:41Z INFO  dt_instance] received at 2023-07-19 14:45:41.456603228 UTC - from mc-10->source-7 "663" 14:45:41.452233602
[2023-07-19T14:45:43Z INFO  dt_instance] received at 2023-07-19 14:45:43.959308687 UTC - from mc-10->source-7 "668" 14:45:43.958125570
[2023-07-19T14:45:46Z INFO  dt_instance] received at 2023-07-19 14:45:46.465805434 UTC - from mc-10->source-7 "673" 14:45:46.464297482
[2023-07-19T14:45:48Z INFO  dt_instance] received at 2023-07-19 14:45:48.975351770 UTC - from mc-10->source-7 "678" 14:45:48.968714213
[2023-07-19T14:45:51Z INFO  dt_instance] received at 2023-07-19 14:45:51.475512074 UTC - from mc-10->source-7 "683" 14:45:51.473947634
[2023-07-19T14:45:53Z INFO  dt_instance] received at 2023-07-19 14:45:53.981125506 UTC - from mc-10->source-7 "688" 14:45:53.979860012
[2023-07-19T14:45:56Z INFO  dt_instance] received at 2023-07-19 14:45:56.489395504 UTC - from mc-10->source-7 "693" 14:45:56.487183726
[2023-07-19T14:45:58Z INFO  dt_instance] received at 2023-07-19 14:45:58.993471513 UTC - from mc-10->source-7 "698" 14:45:58.992333855
[2023-07-19T14:46:01Z INFO  dt_instance] received at 2023-07-19 14:46:01.502595313 UTC - from mc-10->source-7 "703" 14:46:01.499751658
[2023-07-19T14:46:04Z INFO  dt_instance] received at 2023-07-19 14:46:04.008419925 UTC - from mc-10->source-7 "708" 14:46:04.007166803
[2023-07-19T14:46:06Z INFO  dt_instance] received at 2023-07-19 14:46:06.517403236 UTC - from mc-10->source-7 "713" 14:46:06.513298412
[2023-07-19T14:46:09Z INFO  dt_instance] received at 2023-07-19 14:46:09.022187033 UTC - from mc-10->source-7 "718" 14:46:09.020681033
[2023-07-19T14:46:11Z INFO  dt_instance] received at 2023-07-19 14:46:11.528199014 UTC - from mc-10->source-7 "723" 14:46:11.525963042
[2023-07-19T14:46:14Z INFO  dt_instance] received at 2023-07-19 14:46:14.034953999 UTC - from mc-10->source-7 "728" 14:46:14.032508425
[2023-07-19T14:46:16Z INFO  dt_instance] received at 2023-07-19 14:46:16.540889456 UTC - from mc-10->source-7 "733" 14:46:16.537271537
[2023-07-19T14:46:19Z INFO  dt_instance] received at 2023-07-19 14:46:19.043157753 UTC - from mc-10->source-7 "738" 14:46:19.041952041
[2023-07-19T14:46:21Z INFO  dt_instance] received at 2023-07-19 14:46:21.551866912 UTC - from mc-10->source-7 "743" 14:46:21.547391443
[2023-07-19T14:46:24Z INFO  dt_instance] received at 2023-07-19 14:46:24.053413880 UTC - from mc-10->source-7 "748" 14:46:24.052396533
[2023-07-19T14:46:26Z INFO  dt_instance] received at 2023-07-19 14:46:26.558277677 UTC - from mc-10->source-7 "753" 14:46:26.557013781
[2023-07-19T14:46:29Z INFO  dt_instance] received at 2023-07-19 14:46:29.067882609 UTC - from mc-10->source-7 "758" 14:46:29.061858569
[2023-07-19T14:46:31Z INFO  dt_instance] received at 2023-07-19 14:46:31.569626578 UTC - from mc-10->source-7 "763" 14:46:31.568009205
[2023-07-19T14:46:34Z INFO  dt_instance] received at 2023-07-19 14:46:34.074071276 UTC - from mc-10->source-7 "768" 14:46:34.072850730
[2023-07-19T14:46:36Z INFO  dt_instance] received at 2023-07-19 14:46:36.581004194 UTC - from mc-10->source-7 "773" 14:46:36.579677305
[2023-07-19T14:46:39Z INFO  dt_instance] received at 2023-07-19 14:46:39.087933109 UTC - from mc-10->source-7 "778" 14:46:39.085972799
[2023-07-19T14:46:41Z INFO  dt_instance] received at 2023-07-19 14:46:41.595367879 UTC - from mc-10->source-7 "783" 14:46:41.593292712
[2023-07-19T14:46:44Z INFO  dt_instance] received at 2023-07-19 14:46:44.102285536 UTC - from mc-10->source-7 "788" 14:46:44.098628927
[2023-07-19T14:46:46Z INFO  dt_instance] received at 2023-07-19 14:46:46.605906758 UTC - from mc-10->source-7 "793" 14:46:46.603857329
[2023-07-19T14:46:49Z INFO  dt_instance] received at 2023-07-19 14:46:49.111214595 UTC - from mc-10->source-7 "798" 14:46:49.108898285
[2023-07-19T14:46:51Z INFO  dt_instance] received at 2023-07-19 14:46:51.616165389 UTC - from mc-10->source-7 "803" 14:46:51.614579712
[2023-07-19T14:46:54Z INFO  dt_instance] received at 2023-07-19 14:46:54.121510523 UTC - from mc-10->source-7 "808" 14:46:54.120328036
[2023-07-19T14:46:56Z INFO  dt_instance] received at 2023-07-19 14:46:56.627282962 UTC - from mc-10->source-7 "813" 14:46:56.625367824
[2023-07-19T14:46:59Z INFO  dt_instance] received at 2023-07-19 14:46:59.131109973 UTC - from mc-10->source-7 "818" 14:46:59.129650371
[2023-07-19T14:47:01Z INFO  dt_instance] received at 2023-07-19 14:47:01.637904852 UTC - from mc-10->source-7 "823" 14:47:01.635349290
[2023-07-19T14:47:04Z INFO  dt_instance] received at 2023-07-19 14:47:04.142837347 UTC - from mc-10->source-7 "828" 14:47:04.141692736
[2023-07-19T14:47:06Z INFO  dt_instance] received at 2023-07-19 14:47:06.650179522 UTC - from mc-10->source-7 "833" 14:47:06.648953131
[2023-07-19T14:47:09Z INFO  dt_instance] received at 2023-07-19 14:47:09.155233354 UTC - from mc-10->source-7 "838" 14:47:09.154011843
[2023-07-19T14:47:11Z INFO  dt_instance] received at 2023-07-19 14:47:11.663434934 UTC - from mc-10->source-7 "843" 14:47:11.660753423
[2023-07-19T14:47:14Z INFO  dt_instance] received at 2023-07-19 14:47:14.168372015 UTC - from mc-10->source-7 "848" 14:47:14.166732841
[2023-07-19T14:47:16Z INFO  dt_instance] received at 2023-07-19 14:47:16.675685354 UTC - from mc-10->source-7 "853" 14:47:16.673686440
[2023-07-19T14:47:19Z INFO  dt_instance] received at 2023-07-19 14:47:19.181942863 UTC - from mc-10->source-7 "858" 14:47:19.179784940
[2023-07-19T14:47:21Z INFO  dt_instance] received at 2023-07-19 14:47:21.690051209 UTC - from mc-10->source-7 "863" 14:47:21.686528766
[2023-07-19T14:47:24Z INFO  dt_instance] received at 2023-07-19 14:47:24.194435378 UTC - from mc-10->source-7 "868" 14:47:24.192047408
[2023-07-19T14:47:26Z INFO  dt_instance] received at 2023-07-19 14:47:26.698851515 UTC - from mc-10->source-7 "873" 14:47:26.697283686
[2023-07-19T14:47:29Z INFO  dt_instance] received at 2023-07-19 14:47:29.205852514 UTC - from mc-10->source-7 "878" 14:47:29.203121575
[2023-07-19T14:47:31Z INFO  dt_instance] received at 2023-07-19 14:47:31.709677479 UTC - from mc-10->source-7 "883" 14:47:31.708219117
[2023-07-19T14:47:34Z INFO  dt_instance] received at 2023-07-19 14:47:34.214152417 UTC - from mc-10->source-7 "888" 14:47:34.212756632
[2023-07-19T14:47:36Z INFO  dt_instance] received at 2023-07-19 14:47:36.721631064 UTC - from mc-10->source-7 "893" 14:47:36.720377113
[2023-07-19T14:47:39Z INFO  dt_instance] received at 2023-07-19 14:47:39.227294094 UTC - from mc-10->source-7 "898" 14:47:39.225715007
[2023-07-19T14:47:41Z INFO  dt_instance] received at 2023-07-19 14:47:41.733899711 UTC - from mc-10->source-7 "903" 14:47:41.731005371
[2023-07-19T14:47:44Z INFO  dt_instance] received at 2023-07-19 14:47:44.237905808 UTC - from mc-10->source-7 "908" 14:47:44.235839466
[2023-07-19T14:47:46Z INFO  dt_instance] received at 2023-07-19 14:47:46.743043297 UTC - from mc-10->source-7 "913" 14:47:46.740864733
[2023-07-19T14:47:49Z INFO  dt_instance] received at 2023-07-19 14:47:49.251839506 UTC - from mc-10->source-1 "933" 14:47:49.250757826
[2023-07-19T14:47:51Z INFO  dt_instance] received at 2023-07-19 14:47:51.761006367 UTC - from mc-10->source-1 "938" 14:47:51.757105330
[2023-07-19T14:47:54Z INFO  dt_instance] received at 2023-07-19 14:47:54.264517971 UTC - from mc-10->source-3 "938" 14:47:54.262917255
[2023-07-19T14:47:56Z INFO  dt_instance] received at 2023-07-19 14:47:56.770963076 UTC - from mc-10->source-9 "928" 14:47:56.768794895
[2023-07-19T14:47:59Z INFO  dt_instance] received at 2023-07-19 14:47:59.276029131 UTC - from mc-10->source-1 "953" 14:47:59.274434720
[2023-07-19T14:48:01Z INFO  dt_instance] received at 2023-07-19 14:48:01.785908130 UTC - from mc-10->source-5 "948" 14:48:01.782251372
[2023-07-19T14:48:04Z INFO  dt_instance] received at 2023-07-19 14:48:04.294406863 UTC - from mc-10->source-9 "943" 14:48:04.292177155
[2023-07-19T14:48:06Z INFO  dt_instance] received at 2023-07-19 14:48:06.799855490 UTC - from mc-10->source-9 "948" 14:48:06.797315960
[2023-07-19T14:48:09Z INFO  dt_instance] received at 2023-07-19 14:48:09.314218361 UTC - from mc-10->source-9 "953" 14:48:09.312470969
[2023-07-19T14:48:11Z INFO  dt_instance] received at 2023-07-19 14:48:11.824010949 UTC - from mc-10->source-9 "958" 14:48:11.822983779
[2023-07-19T14:48:14Z INFO  dt_instance] received at 2023-07-19 14:48:14.330509624 UTC - from mc-10->source-9 "963" 14:48:14.329269997
[2023-07-19T14:48:16Z INFO  dt_instance] received at 2023-07-19 14:48:16.835510651 UTC - from mc-10->source-9 "968" 14:48:16.834108692
[2023-07-19T14:48:19Z INFO  dt_instance] received at 2023-07-19 14:48:19.344274966 UTC - from mc-10->source-5 "983" 14:48:19.342918411
[2023-07-19T14:48:22Z INFO  dt_instance] received at 2023-07-19 14:48:22.052804808 UTC - from mc-10->source-6 "986" 14:48:22.050040024
[2023-07-19T14:48:25Z INFO  dt_instance] received at 2023-07-19 14:48:25.344558364 UTC - from mc-10->source-7 "990" 14:48:25.342458187
[2023-07-19T14:48:32Z INFO  dt_instance] received at 2023-07-19 14:48:32.378869869 UTC - from mc-10->source-9 "999" 14:48:32.376080090
