[2023-07-19T14:31:38Z INFO  dt_instance] Current Twin: mc-twin-23
[2023-07-19T14:31:38Z INFO  dt_instance] Replica Name twin-mc-stateful-23
[2023-07-19T14:31:38Z INFO  dt_instance] Sleeping for 1150
[2023-07-19T14:50:48Z INFO  dt_instance] Connecting to broker at emqx.dtwins:1883
[2023-07-19T14:50:48Z INFO  dt_instance] Loggin info each 50 messages
[2023-07-19T14:50:48Z INFO  dt_instance] Set max packet size to 60000 KB.
[2023-07-19T14:50:48Z INFO  dt_instance] Refreshing topics for twin - Listen to mc-23/#
[2023-07-19T14:50:48Z INFO  dt_instance] SubAck { pkid: 1, return_codes: [Success(ExactlyOnce)] }
[2023-07-19T14:51:56Z INFO  dt_instance] received at 2023-07-19 14:51:56.905833614 UTC - from mc-23->source-2 "9" 14:51:56.902845135
[2023-07-19T14:52:00Z INFO  dt_instance] received at 2023-07-19 14:52:00.161753597 UTC - from mc-23->source-3 "13" 14:52:00.160391448
[2023-07-19T14:52:02Z INFO  dt_instance] received at 2023-07-19 14:52:02.679574219 UTC - from mc-23->source-1 "23" 14:52:02.673658890
[2023-07-19T14:52:05Z INFO  dt_instance] received at 2023-07-19 14:52:05.179956963 UTC - from mc-23->source-1 "28" 14:52:05.178567594
[2023-07-19T14:52:07Z INFO  dt_instance] received at 2023-07-19 14:52:07.699834397 UTC - from mc-23->source-1 "33" 14:52:07.698270962
[2023-07-19T14:52:10Z INFO  dt_instance] received at 2023-07-19 14:52:10.216472224 UTC - from mc-23->source-1 "38" 14:52:10.214203974
[2023-07-19T14:52:12Z INFO  dt_instance] received at 2023-07-19 14:52:12.720424839 UTC - from mc-23->source-1 "43" 14:52:12.719247883
[2023-07-19T14:52:15Z INFO  dt_instance] received at 2023-07-19 14:52:15.225203811 UTC - from mc-23->source-1 "48" 14:52:15.224133387
[2023-07-19T14:52:17Z INFO  dt_instance] received at 2023-07-19 14:52:17.731866229 UTC - from mc-23->source-1 "53" 14:52:17.730655196
[2023-07-19T14:52:20Z INFO  dt_instance] received at 2023-07-19 14:52:20.236495778 UTC - from mc-23->source-1 "58" 14:52:20.235048865
[2023-07-19T14:52:22Z INFO  dt_instance] received at 2023-07-19 14:52:22.742458134 UTC - from mc-23->source-1 "63" 14:52:22.740285415
[2023-07-19T14:52:25Z INFO  dt_instance] received at 2023-07-19 14:52:25.252792984 UTC - from mc-23->source-1 "68" 14:52:25.245693429
[2023-07-19T14:52:27Z INFO  dt_instance] received at 2023-07-19 14:52:27.751871660 UTC - from mc-23->source-1 "73" 14:52:27.750459580
[2023-07-19T14:52:30Z INFO  dt_instance] received at 2023-07-19 14:52:30.257544080 UTC - from mc-23->source-1 "78" 14:52:30.256155694
[2023-07-19T14:52:32Z INFO  dt_instance] received at 2023-07-19 14:52:32.764345502 UTC - from mc-23->source-1 "83" 14:52:32.762189377
[2023-07-19T14:52:35Z INFO  dt_instance] received at 2023-07-19 14:52:35.268735468 UTC - from mc-23->source-1 "88" 14:52:35.267207060
[2023-07-19T14:52:37Z INFO  dt_instance] received at 2023-07-19 14:52:37.775566109 UTC - from mc-23->source-1 "93" 14:52:37.773454620
[2023-07-19T14:52:40Z INFO  dt_instance] received at 2023-07-19 14:52:40.279675143 UTC - from mc-23->source-1 "98" 14:52:40.278149842
[2023-07-19T14:52:42Z INFO  dt_instance] received at 2023-07-19 14:52:42.784038478 UTC - from mc-23->source-1 "103" 14:52:42.782875187
[2023-07-19T14:52:45Z INFO  dt_instance] received at 2023-07-19 14:52:45.291210109 UTC - from mc-23->source-1 "108" 14:52:45.289342280
[2023-07-19T14:52:47Z INFO  dt_instance] received at 2023-07-19 14:52:47.797641787 UTC - from mc-23->source-1 "113" 14:52:47.795245585
[2023-07-19T14:52:50Z INFO  dt_instance] received at 2023-07-19 14:52:50.301840271 UTC - from mc-23->source-1 "118" 14:52:50.300353239
[2023-07-19T14:52:52Z INFO  dt_instance] received at 2023-07-19 14:52:52.815421913 UTC - from mc-23->source-1 "123" 14:52:52.808221298
[2023-07-19T14:52:55Z INFO  dt_instance] received at 2023-07-19 14:52:55.313855250 UTC - from mc-23->source-1 "128" 14:52:55.312863850
[2023-07-19T14:52:57Z INFO  dt_instance] received at 2023-07-19 14:52:57.820697437 UTC - from mc-23->source-1 "133" 14:52:57.819418773
[2023-07-19T14:53:00Z INFO  dt_instance] received at 2023-07-19 14:53:00.326276099 UTC - from mc-23->source-1 "138" 14:53:00.324826771
[2023-07-19T14:53:02Z INFO  dt_instance] received at 2023-07-19 14:53:02.831697429 UTC - from mc-23->source-1 "143" 14:53:02.830496919
[2023-07-19T14:53:05Z INFO  dt_instance] received at 2023-07-19 14:53:05.336538296 UTC - from mc-23->source-1 "148" 14:53:05.334870548
[2023-07-19T14:53:07Z INFO  dt_instance] received at 2023-07-19 14:53:07.844560621 UTC - from mc-23->source-1 "153" 14:53:07.841230819
[2023-07-19T14:53:10Z INFO  dt_instance] received at 2023-07-19 14:53:10.348580302 UTC - from mc-23->source-1 "158" 14:53:10.347246352
[2023-07-19T14:53:12Z INFO  dt_instance] received at 2023-07-19 14:53:12.856024929 UTC - from mc-23->source-1 "163" 14:53:12.854808700
[2023-07-19T14:53:15Z INFO  dt_instance] received at 2023-07-19 14:53:15.362851568 UTC - from mc-23->source-1 "168" 14:53:15.361481771
[2023-07-19T14:53:17Z INFO  dt_instance] received at 2023-07-19 14:53:17.868187244 UTC - from mc-23->source-1 "173" 14:53:17.866903299
[2023-07-19T14:53:20Z INFO  dt_instance] received at 2023-07-19 14:53:20.374478371 UTC - from mc-23->source-1 "178" 14:53:20.373359663
[2023-07-19T14:53:22Z INFO  dt_instance] received at 2023-07-19 14:53:22.880623022 UTC - from mc-23->source-1 "183" 14:53:22.879120306
[2023-07-19T14:53:25Z INFO  dt_instance] received at 2023-07-19 14:53:25.389284799 UTC - from mc-23->source-1 "188" 14:53:25.386002682
[2023-07-19T14:53:27Z INFO  dt_instance] received at 2023-07-19 14:53:27.892821828 UTC - from mc-23->source-1 "193" 14:53:27.891314567
[2023-07-19T14:53:30Z INFO  dt_instance] received at 2023-07-19 14:53:30.399293008 UTC - from mc-23->source-1 "198" 14:53:30.398278399
[2023-07-19T14:53:32Z INFO  dt_instance] received at 2023-07-19 14:53:32.904606302 UTC - from mc-23->source-1 "203" 14:53:32.903221954
[2023-07-19T14:53:35Z INFO  dt_instance] received at 2023-07-19 14:53:35.412928506 UTC - from mc-23->source-1 "208" 14:53:35.411244590
[2023-07-19T14:53:37Z INFO  dt_instance] received at 2023-07-19 14:53:37.918273748 UTC - from mc-23->source-1 "213" 14:53:37.916458066
[2023-07-19T14:53:40Z INFO  dt_instance] received at 2023-07-19 14:53:40.423425764 UTC - from mc-23->source-1 "218" 14:53:40.422261746
[2023-07-19T14:53:42Z INFO  dt_instance] received at 2023-07-19 14:53:42.929539116 UTC - from mc-23->source-1 "223" 14:53:42.927991656
[2023-07-19T14:53:45Z INFO  dt_instance] received at 2023-07-19 14:53:45.436268871 UTC - from mc-23->source-1 "228" 14:53:45.433350406
[2023-07-19T14:53:47Z INFO  dt_instance] received at 2023-07-19 14:53:47.940717919 UTC - from mc-23->source-1 "233" 14:53:47.939216017
[2023-07-19T14:53:50Z INFO  dt_instance] received at 2023-07-19 14:53:50.447620162 UTC - from mc-23->source-1 "238" 14:53:50.446240353
[2023-07-19T14:53:52Z INFO  dt_instance] received at 2023-07-19 14:53:52.959655034 UTC - from mc-23->source-1 "243" 14:53:52.958282242
[2023-07-19T14:53:55Z INFO  dt_instance] received at 2023-07-19 14:53:55.464550925 UTC - from mc-23->source-1 "248" 14:53:55.462870430
[2023-07-19T14:53:57Z INFO  dt_instance] received at 2023-07-19 14:53:57.968918294 UTC - from mc-23->source-1 "253" 14:53:57.967829899
[2023-07-19T14:54:00Z INFO  dt_instance] received at 2023-07-19 14:54:00.476071973 UTC - from mc-23->source-1 "258" 14:54:00.474469258
[2023-07-19T14:54:02Z INFO  dt_instance] received at 2023-07-19 14:54:02.982073432 UTC - from mc-23->source-1 "263" 14:54:02.980579825
[2023-07-19T14:54:05Z INFO  dt_instance] received at 2023-07-19 14:54:05.488284236 UTC - from mc-23->source-1 "268" 14:54:05.487082600
[2023-07-19T14:54:07Z INFO  dt_instance] received at 2023-07-19 14:54:07.994055814 UTC - from mc-23->source-1 "273" 14:54:07.992943602
[2023-07-19T14:54:10Z INFO  dt_instance] received at 2023-07-19 14:54:10.500063569 UTC - from mc-23->source-1 "278" 14:54:10.498504781
[2023-07-19T14:54:13Z INFO  dt_instance] received at 2023-07-19 14:54:13.006232896 UTC - from mc-23->source-1 "283" 14:54:13.004772889
[2023-07-19T14:54:15Z INFO  dt_instance] received at 2023-07-19 14:54:15.519007470 UTC - from mc-23->source-1 "288" 14:54:15.516073946
[2023-07-19T14:54:18Z INFO  dt_instance] received at 2023-07-19 14:54:18.021967326 UTC - from mc-23->source-1 "293" 14:54:18.020902413
[2023-07-19T14:54:20Z INFO  dt_instance] received at 2023-07-19 14:54:20.527239377 UTC - from mc-23->source-1 "298" 14:54:20.526186908
[2023-07-19T14:54:23Z INFO  dt_instance] received at 2023-07-19 14:54:23.033209172 UTC - from mc-23->source-1 "303" 14:54:23.031680703
[2023-07-19T14:54:25Z INFO  dt_instance] received at 2023-07-19 14:54:25.537736872 UTC - from mc-23->source-1 "308" 14:54:25.536371437
[2023-07-19T14:54:28Z INFO  dt_instance] received at 2023-07-19 14:54:28.043976913 UTC - from mc-23->source-1 "313" 14:54:28.042298816
[2023-07-19T14:54:30Z INFO  dt_instance] received at 2023-07-19 14:54:30.551263496 UTC - from mc-23->source-1 "318" 14:54:30.548107150
[2023-07-19T14:54:33Z INFO  dt_instance] received at 2023-07-19 14:54:33.054584727 UTC - from mc-23->source-1 "323" 14:54:33.053391609
[2023-07-19T14:54:35Z INFO  dt_instance] received at 2023-07-19 14:54:35.561736422 UTC - from mc-23->source-1 "328" 14:54:35.560093717
[2023-07-19T14:54:38Z INFO  dt_instance] received at 2023-07-19 14:54:38.068112611 UTC - from mc-23->source-1 "333" 14:54:38.066376706
[2023-07-19T14:54:40Z INFO  dt_instance] received at 2023-07-19 14:54:40.573520241 UTC - from mc-23->source-1 "338" 14:54:40.572245564
[2023-07-19T14:54:43Z INFO  dt_instance] received at 2023-07-19 14:54:43.083597878 UTC - from mc-23->source-1 "343" 14:54:43.081872295
[2023-07-19T14:54:45Z INFO  dt_instance] received at 2023-07-19 14:54:45.588619753 UTC - from mc-23->source-1 "348" 14:54:45.587433677
[2023-07-19T14:54:48Z INFO  dt_instance] received at 2023-07-19 14:54:48.094151371 UTC - from mc-23->source-1 "353" 14:54:48.092649236
[2023-07-19T14:54:50Z INFO  dt_instance] received at 2023-07-19 14:54:50.599746964 UTC - from mc-23->source-1 "358" 14:54:50.597530527
[2023-07-19T14:54:53Z INFO  dt_instance] received at 2023-07-19 14:54:53.103629602 UTC - from mc-23->source-1 "363" 14:54:53.102216242
[2023-07-19T14:54:55Z INFO  dt_instance] received at 2023-07-19 14:54:55.609570504 UTC - from mc-23->source-1 "368" 14:54:55.608309285
[2023-07-19T14:54:58Z INFO  dt_instance] received at 2023-07-19 14:54:58.115494301 UTC - from mc-23->source-1 "373" 14:54:58.114436793
[2023-07-19T14:55:00Z INFO  dt_instance] received at 2023-07-19 14:55:00.621103973 UTC - from mc-23->source-1 "378" 14:55:00.619429211
[2023-07-19T14:55:03Z INFO  dt_instance] received at 2023-07-19 14:55:03.127232784 UTC - from mc-23->source-1 "383" 14:55:03.125771469
[2023-07-19T14:55:05Z INFO  dt_instance] received at 2023-07-19 14:55:05.634685117 UTC - from mc-23->source-1 "388" 14:55:05.633396164
[2023-07-19T14:55:08Z INFO  dt_instance] received at 2023-07-19 14:55:08.140616429 UTC - from mc-23->source-1 "393" 14:55:08.139269506
[2023-07-19T14:55:10Z INFO  dt_instance] received at 2023-07-19 14:55:10.646146858 UTC - from mc-23->source-1 "398" 14:55:10.644163881
[2023-07-19T14:55:13Z INFO  dt_instance] received at 2023-07-19 14:55:13.150527906 UTC - from mc-23->source-1 "403" 14:55:13.149107485
[2023-07-19T14:55:15Z INFO  dt_instance] received at 2023-07-19 14:55:15.657342201 UTC - from mc-23->source-1 "408" 14:55:15.655998414
[2023-07-19T14:55:18Z INFO  dt_instance] received at 2023-07-19 14:55:18.163916738 UTC - from mc-23->source-1 "413" 14:55:18.162619332
[2023-07-19T14:55:20Z INFO  dt_instance] received at 2023-07-19 14:55:20.669257436 UTC - from mc-23->source-1 "418" 14:55:20.668118890
[2023-07-19T14:55:23Z INFO  dt_instance] received at 2023-07-19 14:55:23.174311039 UTC - from mc-23->source-1 "423" 14:55:23.173099152
[2023-07-19T14:55:25Z INFO  dt_instance] received at 2023-07-19 14:55:25.681206061 UTC - from mc-23->source-1 "428" 14:55:25.678982482
[2023-07-19T14:55:28Z INFO  dt_instance] received at 2023-07-19 14:55:28.188368995 UTC - from mc-23->source-1 "433" 14:55:28.187146211
[2023-07-19T14:55:30Z INFO  dt_instance] received at 2023-07-19 14:55:30.695756626 UTC - from mc-23->source-1 "438" 14:55:30.692452256
[2023-07-19T14:55:33Z INFO  dt_instance] received at 2023-07-19 14:55:33.198980786 UTC - from mc-23->source-1 "443" 14:55:33.197536157
[2023-07-19T14:55:35Z INFO  dt_instance] received at 2023-07-19 14:55:35.704354364 UTC - from mc-23->source-1 "448" 14:55:35.702872071
[2023-07-19T14:55:38Z INFO  dt_instance] received at 2023-07-19 14:55:38.210944961 UTC - from mc-23->source-1 "453" 14:55:38.209099657
[2023-07-19T14:55:40Z INFO  dt_instance] received at 2023-07-19 14:55:40.715786630 UTC - from mc-23->source-1 "458" 14:55:40.714573574
[2023-07-19T14:55:43Z INFO  dt_instance] received at 2023-07-19 14:55:43.221987117 UTC - from mc-23->source-1 "463" 14:55:43.220604261
[2023-07-19T14:55:45Z INFO  dt_instance] received at 2023-07-19 14:55:45.728414053 UTC - from mc-23->source-1 "468" 14:55:45.726167926
[2023-07-19T14:55:48Z INFO  dt_instance] received at 2023-07-19 14:55:48.232853087 UTC - from mc-23->source-1 "473" 14:55:48.230952710
[2023-07-19T14:55:50Z INFO  dt_instance] received at 2023-07-19 14:55:50.738563027 UTC - from mc-23->source-1 "478" 14:55:50.736780149
[2023-07-19T14:55:53Z INFO  dt_instance] received at 2023-07-19 14:55:53.243560160 UTC - from mc-23->source-1 "483" 14:55:53.242313294
[2023-07-19T14:55:55Z INFO  dt_instance] received at 2023-07-19 14:55:55.750084565 UTC - from mc-23->source-1 "488" 14:55:55.747957635
[2023-07-19T14:55:58Z INFO  dt_instance] received at 2023-07-19 14:55:58.257357820 UTC - from mc-23->source-1 "493" 14:55:58.255794428
[2023-07-19T14:56:00Z INFO  dt_instance] received at 2023-07-19 14:56:00.763893070 UTC - from mc-23->source-1 "498" 14:56:00.762491631
[2023-07-19T14:56:03Z INFO  dt_instance] received at 2023-07-19 14:56:03.269818291 UTC - from mc-23->source-1 "503" 14:56:03.268163178
[2023-07-19T14:56:05Z INFO  dt_instance] received at 2023-07-19 14:56:05.776710993 UTC - from mc-23->source-1 "508" 14:56:05.775521818
[2023-07-19T14:56:08Z INFO  dt_instance] received at 2023-07-19 14:56:08.284240883 UTC - from mc-23->source-1 "513" 14:56:08.282237510
[2023-07-19T14:56:10Z INFO  dt_instance] received at 2023-07-19 14:56:10.790480068 UTC - from mc-23->source-1 "518" 14:56:10.787933118
[2023-07-19T14:56:13Z INFO  dt_instance] received at 2023-07-19 14:56:13.294265979 UTC - from mc-23->source-1 "523" 14:56:13.293161324
[2023-07-19T14:56:15Z INFO  dt_instance] received at 2023-07-19 14:56:15.802033244 UTC - from mc-23->source-1 "528" 14:56:15.800794270
[2023-07-19T14:56:18Z INFO  dt_instance] received at 2023-07-19 14:56:18.308011308 UTC - from mc-23->source-1 "533" 14:56:18.306295727
[2023-07-19T14:56:20Z INFO  dt_instance] received at 2023-07-19 14:56:20.812356974 UTC - from mc-23->source-1 "538" 14:56:20.810980774
[2023-07-19T14:56:23Z INFO  dt_instance] received at 2023-07-19 14:56:23.317839562 UTC - from mc-23->source-1 "543" 14:56:23.316745772
[2023-07-19T14:56:25Z INFO  dt_instance] received at 2023-07-19 14:56:25.825196080 UTC - from mc-23->source-3 "543" 14:56:25.823900610
[2023-07-19T14:56:28Z INFO  dt_instance] received at 2023-07-19 14:56:28.332991247 UTC - from mc-23->source-7 "538" 14:56:28.332056587
[2023-07-19T14:56:30Z INFO  dt_instance] received at 2023-07-19 14:56:30.841435350 UTC - from mc-23->source-3 "553" 14:56:30.839803821
[2023-07-19T14:56:33Z INFO  dt_instance] received at 2023-07-19 14:56:33.356413518 UTC - from mc-23->source-3 "558" 14:56:33.349635953
[2023-07-19T14:56:35Z INFO  dt_instance] received at 2023-07-19 14:56:35.858381129 UTC - from mc-23->source-7 "553" 14:56:35.857323283
[2023-07-19T14:56:38Z INFO  dt_instance] received at 2023-07-19 14:56:38.365045270 UTC - from mc-23->source-7 "558" 14:56:38.364172899
[2023-07-19T14:56:40Z INFO  dt_instance] received at 2023-07-19 14:56:40.870647555 UTC - from mc-23->source-7 "563" 14:56:40.869850413
[2023-07-19T14:56:43Z INFO  dt_instance] received at 2023-07-19 14:56:43.376427521 UTC - from mc-23->source-1 "583" 14:56:43.375249920
[2023-07-19T14:56:45Z INFO  dt_instance] received at 2023-07-19 14:56:45.882632399 UTC - from mc-23->source-1 "588" 14:56:45.881445846
[2023-07-19T14:56:48Z INFO  dt_instance] received at 2023-07-19 14:56:48.388484101 UTC - from mc-23->source-1 "593" 14:56:48.387153581
[2023-07-19T14:56:50Z INFO  dt_instance] received at 2023-07-19 14:56:50.898634716 UTC - from mc-23->source-1 "598" 14:56:50.892065797
[2023-07-19T14:56:53Z INFO  dt_instance] received at 2023-07-19 14:56:53.398990694 UTC - from mc-23->source-1 "603" 14:56:53.397826406
[2023-07-19T14:56:55Z INFO  dt_instance] received at 2023-07-19 14:56:55.905293082 UTC - from mc-23->source-1 "608" 14:56:55.904403938
[2023-07-19T14:56:58Z INFO  dt_instance] received at 2023-07-19 14:56:58.412247789 UTC - from mc-23->source-1 "613" 14:56:58.410816905
[2023-07-19T14:57:00Z INFO  dt_instance] received at 2023-07-19 14:57:00.917919205 UTC - from mc-23->source-1 "618" 14:57:00.916916788
[2023-07-19T14:57:03Z INFO  dt_instance] received at 2023-07-19 14:57:03.424798275 UTC - from mc-23->source-1 "623" 14:57:03.423338935
[2023-07-19T14:57:05Z INFO  dt_instance] received at 2023-07-19 14:57:05.930233990 UTC - from mc-23->source-1 "628" 14:57:05.928865748
[2023-07-19T14:57:08Z INFO  dt_instance] received at 2023-07-19 14:57:08.435816431 UTC - from mc-23->source-1 "633" 14:57:08.434492459
[2023-07-19T14:57:10Z INFO  dt_instance] received at 2023-07-19 14:57:10.942059671 UTC - from mc-23->source-1 "638" 14:57:10.940632244
[2023-07-19T14:57:13Z INFO  dt_instance] received at 2023-07-19 14:57:13.446119264 UTC - from mc-23->source-1 "643" 14:57:13.444863730
[2023-07-19T14:57:15Z INFO  dt_instance] received at 2023-07-19 14:57:15.953219758 UTC - from mc-23->source-1 "648" 14:57:15.951776999
[2023-07-19T14:57:18Z INFO  dt_instance] received at 2023-07-19 14:57:18.460188886 UTC - from mc-23->source-1 "653" 14:57:18.458970463
[2023-07-19T14:57:20Z INFO  dt_instance] received at 2023-07-19 14:57:20.966400 UTC - from mc-23->source-1 "658" 14:57:20.965121658
[2023-07-19T14:57:23Z INFO  dt_instance] received at 2023-07-19 14:57:23.471656142 UTC - from mc-23->source-1 "663" 14:57:23.470293173
[2023-07-19T14:57:25Z INFO  dt_instance] received at 2023-07-19 14:57:25.977893910 UTC - from mc-23->source-1 "668" 14:57:25.976665952
[2023-07-19T14:57:28Z INFO  dt_instance] received at 2023-07-19 14:57:28.487924319 UTC - from mc-23->source-1 "673" 14:57:28.483216954
[2023-07-19T14:57:30Z INFO  dt_instance] received at 2023-07-19 14:57:30.989927436 UTC - from mc-23->source-1 "678" 14:57:30.988242557
[2023-07-19T14:57:33Z INFO  dt_instance] received at 2023-07-19 14:57:33.494605266 UTC - from mc-23->source-1 "683" 14:57:33.493369938
[2023-07-19T14:57:36Z INFO  dt_instance] received at 2023-07-19 14:57:36.001447132 UTC - from mc-23->source-1 "688" 14:57:35.999841462
[2023-07-19T14:57:38Z INFO  dt_instance] received at 2023-07-19 14:57:38.508011061 UTC - from mc-23->source-1 "693" 14:57:38.506425447
[2023-07-19T14:57:41Z INFO  dt_instance] received at 2023-07-19 14:57:41.013149332 UTC - from mc-23->source-1 "698" 14:57:41.011795838
[2023-07-19T14:57:43Z INFO  dt_instance] received at 2023-07-19 14:57:43.519011482 UTC - from mc-23->source-1 "703" 14:57:43.517826832
[2023-07-19T14:57:46Z INFO  dt_instance] received at 2023-07-19 14:57:46.026097103 UTC - from mc-23->source-1 "708" 14:57:46.024289979
[2023-07-19T14:57:48Z INFO  dt_instance] received at 2023-07-19 14:57:48.532161206 UTC - from mc-23->source-1 "713" 14:57:48.530756549
[2023-07-19T14:57:51Z INFO  dt_instance] received at 2023-07-19 14:57:51.040611953 UTC - from mc-23->source-1 "718" 14:57:51.037265954
[2023-07-19T14:57:53Z INFO  dt_instance] received at 2023-07-19 14:57:53.545302842 UTC - from mc-23->source-1 "723" 14:57:53.544376758
[2023-07-19T14:57:56Z INFO  dt_instance] received at 2023-07-19 14:57:56.051797963 UTC - from mc-23->source-1 "728" 14:57:56.050331554
[2023-07-19T14:57:58Z INFO  dt_instance] received at 2023-07-19 14:57:58.556095069 UTC - from mc-23->source-1 "733" 14:57:58.555193953
[2023-07-19T14:58:01Z INFO  dt_instance] received at 2023-07-19 14:58:01.061784294 UTC - from mc-23->source-1 "738" 14:58:01.060319379
[2023-07-19T14:58:03Z INFO  dt_instance] received at 2023-07-19 14:58:03.567768814 UTC - from mc-23->source-1 "743" 14:58:03.566182728
[2023-07-19T14:58:06Z INFO  dt_instance] received at 2023-07-19 14:58:06.079848288 UTC - from mc-23->source-1 "748" 14:58:06.071676226
[2023-07-19T14:58:08Z INFO  dt_instance] received at 2023-07-19 14:58:08.584781841 UTC - from mc-23->source-1 "753" 14:58:08.577658702
[2023-07-19T14:58:11Z INFO  dt_instance] received at 2023-07-19 14:58:11.084748096 UTC - from mc-23->source-1 "758" 14:58:11.083054282
[2023-07-19T14:58:13Z INFO  dt_instance] received at 2023-07-19 14:58:13.596097843 UTC - from mc-23->source-1 "763" 14:58:13.592139591
[2023-07-19T14:58:16Z INFO  dt_instance] received at 2023-07-19 14:58:16.098552530 UTC - from mc-23->source-1 "768" 14:58:16.097286502
[2023-07-19T14:58:18Z INFO  dt_instance] received at 2023-07-19 14:58:18.603065553 UTC - from mc-23->source-1 "773" 14:58:18.601834374
[2023-07-19T14:58:21Z INFO  dt_instance] received at 2023-07-19 14:58:21.109260306 UTC - from mc-23->source-1 "778" 14:58:21.107814033
[2023-07-19T14:58:23Z INFO  dt_instance] received at 2023-07-19 14:58:23.614238209 UTC - from mc-23->source-1 "783" 14:58:23.613105289
[2023-07-19T14:58:26Z INFO  dt_instance] received at 2023-07-19 14:58:26.121159234 UTC - from mc-23->source-1 "788" 14:58:26.119460864
[2023-07-19T14:58:28Z INFO  dt_instance] received at 2023-07-19 14:58:28.626958464 UTC - from mc-23->source-1 "793" 14:58:28.625525727
[2023-07-19T14:58:31Z INFO  dt_instance] received at 2023-07-19 14:58:31.134798286 UTC - from mc-23->source-1 "798" 14:58:31.133336162
[2023-07-19T14:58:33Z INFO  dt_instance] received at 2023-07-19 14:58:33.640562010 UTC - from mc-23->source-1 "803" 14:58:33.639414496
[2023-07-19T14:58:36Z INFO  dt_instance] received at 2023-07-19 14:58:36.147174453 UTC - from mc-23->source-1 "808" 14:58:36.145651502
[2023-07-19T14:58:38Z INFO  dt_instance] received at 2023-07-19 14:58:38.651667223 UTC - from mc-23->source-1 "813" 14:58:38.649991764
[2023-07-19T14:58:41Z INFO  dt_instance] received at 2023-07-19 14:58:41.156782756 UTC - from mc-23->source-1 "818" 14:58:41.155253295
[2023-07-19T14:58:43Z INFO  dt_instance] received at 2023-07-19 14:58:43.661528407 UTC - from mc-23->source-1 "823" 14:58:43.660232599
[2023-07-19T14:58:46Z INFO  dt_instance] received at 2023-07-19 14:58:46.168428254 UTC - from mc-23->source-1 "828" 14:58:46.166058667
[2023-07-19T14:58:48Z INFO  dt_instance] received at 2023-07-19 14:58:48.674788613 UTC - from mc-23->source-1 "833" 14:58:48.673350786
[2023-07-19T14:58:51Z INFO  dt_instance] received at 2023-07-19 14:58:51.179534895 UTC - from mc-23->source-1 "838" 14:58:51.178314336
[2023-07-19T14:58:53Z INFO  dt_instance] received at 2023-07-19 14:58:53.684400360 UTC - from mc-23->source-1 "843" 14:58:53.683269994
[2023-07-19T14:58:56Z INFO  dt_instance] received at 2023-07-19 14:58:56.189840538 UTC - from mc-23->source-1 "848" 14:58:56.188486906
[2023-07-19T14:58:58Z INFO  dt_instance] received at 2023-07-19 14:58:58.694011657 UTC - from mc-23->source-1 "853" 14:58:58.692826732
[2023-07-19T14:59:01Z INFO  dt_instance] received at 2023-07-19 14:59:01.199885383 UTC - from mc-23->source-1 "858" 14:59:01.198175404
[2023-07-19T14:59:03Z INFO  dt_instance] received at 2023-07-19 14:59:03.705150433 UTC - from mc-23->source-1 "863" 14:59:03.703954257
[2023-07-19T14:59:06Z INFO  dt_instance] received at 2023-07-19 14:59:06.211053574 UTC - from mc-23->source-1 "868" 14:59:06.209569823
[2023-07-19T14:59:08Z INFO  dt_instance] received at 2023-07-19 14:59:08.715081561 UTC - from mc-23->source-1 "873" 14:59:08.713772817
[2023-07-19T14:59:11Z INFO  dt_instance] received at 2023-07-19 14:59:11.223325734 UTC - from mc-23->source-1 "878" 14:59:11.222150381
[2023-07-19T14:59:13Z INFO  dt_instance] received at 2023-07-19 14:59:13.728988176 UTC - from mc-23->source-1 "883" 14:59:13.727528010
[2023-07-19T14:59:16Z INFO  dt_instance] received at 2023-07-19 14:59:16.234800803 UTC - from mc-23->source-1 "888" 14:59:16.233637733
[2023-07-19T14:59:18Z INFO  dt_instance] received at 2023-07-19 14:59:18.740297137 UTC - from mc-23->source-1 "893" 14:59:18.738741210
[2023-07-19T14:59:21Z INFO  dt_instance] received at 2023-07-19 14:59:21.246590758 UTC - from mc-23->source-1 "898" 14:59:21.245225608
[2023-07-19T14:59:23Z INFO  dt_instance] received at 2023-07-19 14:59:23.752453539 UTC - from mc-23->source-5 "893" 14:59:23.751026122
[2023-07-19T14:59:26Z INFO  dt_instance] received at 2023-07-19 14:59:26.260154872 UTC - from mc-23->source-1 "908" 14:59:26.258853615
[2023-07-19T14:59:28Z INFO  dt_instance] received at 2023-07-19 14:59:28.770863694 UTC - from mc-23->source-1 "913" 14:59:28.766373765
[2023-07-19T14:59:31Z INFO  dt_instance] received at 2023-07-19 14:59:31.273496608 UTC - from mc-23->source-1 "918" 14:59:31.271784514
[2023-07-19T14:59:33Z INFO  dt_instance] received at 2023-07-19 14:59:33.779171399 UTC - from mc-23->source-1 "923" 14:59:33.777696072
[2023-07-19T14:59:36Z INFO  dt_instance] received at 2023-07-19 14:59:36.283937005 UTC - from mc-23->source-1 "928" 14:59:36.282728913
[2023-07-19T14:59:38Z INFO  dt_instance] received at 2023-07-19 14:59:38.793725069 UTC - from mc-23->source-1 "933" 14:59:38.792503705
[2023-07-19T14:59:41Z INFO  dt_instance] received at 2023-07-19 14:59:41.299044617 UTC - from mc-23->source-1 "938" 14:59:41.297247403
[2023-07-19T14:59:43Z INFO  dt_instance] received at 2023-07-19 14:59:43.803394673 UTC - from mc-23->source-1 "943" 14:59:43.801843458
[2023-07-19T14:59:46Z INFO  dt_instance] received at 2023-07-19 14:59:46.308954673 UTC - from mc-23->source-1 "948" 14:59:46.307877678
[2023-07-19T14:59:48Z INFO  dt_instance] received at 2023-07-19 14:59:48.815930763 UTC - from mc-23->source-1 "953" 14:59:48.814677665
[2023-07-19T14:59:51Z INFO  dt_instance] received at 2023-07-19 14:59:51.320572230 UTC - from mc-23->source-1 "958" 14:59:51.319291768
[2023-07-19T14:59:53Z INFO  dt_instance] received at 2023-07-19 14:59:53.826570767 UTC - from mc-23->source-1 "963" 14:59:53.825082052
[2023-07-19T14:59:56Z INFO  dt_instance] received at 2023-07-19 14:59:56.333218786 UTC - from mc-23->source-1 "968" 14:59:56.331751121
[2023-07-19T14:59:58Z INFO  dt_instance] received at 2023-07-19 14:59:58.839669017 UTC - from mc-23->source-1 "973" 14:59:58.838201833
[2023-07-19T15:00:01Z INFO  dt_instance] received at 2023-07-19 15:00:01.345619011 UTC - from mc-23->source-1 "978" 15:00:01.344385988
[2023-07-19T15:00:03Z INFO  dt_instance] received at 2023-07-19 15:00:03.851236161 UTC - from mc-23->source-1 "983" 15:00:03.849725220
[2023-07-19T15:00:06Z INFO  dt_instance] received at 2023-07-19 15:00:06.357067313 UTC - from mc-23->source-1 "988" 15:00:06.355861988
[2023-07-19T15:00:08Z INFO  dt_instance] received at 2023-07-19 15:00:08.862983682 UTC - from mc-23->source-1 "993" 15:00:08.861341157
[2023-07-19T15:00:11Z INFO  dt_instance] received at 2023-07-19 15:00:11.557812734 UTC - from mc-23->source-8 "981" 15:00:11.555895652
[2023-07-19T15:00:14Z INFO  dt_instance] received at 2023-07-19 15:00:14.863008769 UTC - from mc-23->source-9 "985" 15:00:14.861408394
[2023-07-19T15:00:21Z INFO  dt_instance] received at 2023-07-19 15:00:21.878398219 UTC - from mc-23->source-9 "999" 15:00:21.876872872
