[2023-07-19T14:30:10Z INFO  dt_instance] Current Twin: mc-twin-6
[2023-07-19T14:30:10Z INFO  dt_instance] Replica Name twin-mc-stateful-6
[2023-07-19T14:30:10Z INFO  dt_instance] Sleeping for 300
[2023-07-19T14:35:10Z INFO  dt_instance] Connecting to broker at emqx.dtwins:1883
[2023-07-19T14:35:10Z INFO  dt_instance] Loggin info each 50 messages
[2023-07-19T14:35:10Z INFO  dt_instance] Set max packet size to 60000 KB.
[2023-07-19T14:35:10Z INFO  dt_instance] Refreshing topics for twin - Listen to mc-6/#
[2023-07-19T14:35:10Z INFO  dt_instance] SubAck { pkid: 1, return_codes: [Success(ExactlyOnce)] }
[2023-07-19T14:36:27Z INFO  dt_instance] received at 2023-07-19 14:36:27.395269313 UTC - from mc-6->source-2 "9" 14:36:27.393931610
[2023-07-19T14:36:30Z INFO  dt_instance] received at 2023-07-19 14:36:30.651418551 UTC - from mc-6->source-3 "13" 14:36:30.649776561
[2023-07-19T14:36:33Z INFO  dt_instance] received at 2023-07-19 14:36:33.161056756 UTC - from mc-6->source-1 "23" 14:36:33.160173175
[2023-07-19T14:36:35Z INFO  dt_instance] received at 2023-07-19 14:36:35.666196721 UTC - from mc-6->source-1 "28" 14:36:35.664538973
[2023-07-19T14:36:38Z INFO  dt_instance] received at 2023-07-19 14:36:38.171998243 UTC - from mc-6->source-1 "33" 14:36:38.170335693
[2023-07-19T14:36:40Z INFO  dt_instance] received at 2023-07-19 14:36:40.677999214 UTC - from mc-6->source-1 "38" 14:36:40.677091723
[2023-07-19T14:36:43Z INFO  dt_instance] received at 2023-07-19 14:36:43.191009456 UTC - from mc-6->source-1 "43" 14:36:43.189816269
[2023-07-19T14:36:45Z INFO  dt_instance] received at 2023-07-19 14:36:45.696920878 UTC - from mc-6->source-1 "48" 14:36:45.696257214
[2023-07-19T14:36:48Z INFO  dt_instance] received at 2023-07-19 14:36:48.202548312 UTC - from mc-6->source-3 "48" 14:36:48.200892927
[2023-07-19T14:36:50Z INFO  dt_instance] received at 2023-07-19 14:36:50.707667418 UTC - from mc-6->source-3 "53" 14:36:50.706380925
[2023-07-19T14:36:53Z INFO  dt_instance] received at 2023-07-19 14:36:53.213987304 UTC - from mc-6->source-3 "58" 14:36:53.212458264
[2023-07-19T14:36:55Z INFO  dt_instance] received at 2023-07-19 14:36:55.732566600 UTC - from mc-6->source-3 "63" 14:36:55.723869277
[2023-07-19T14:36:58Z INFO  dt_instance] received at 2023-07-19 14:36:58.230973701 UTC - from mc-6->source-3 "68" 14:36:58.229628528
[2023-07-19T14:37:00Z INFO  dt_instance] received at 2023-07-19 14:37:00.737006229 UTC - from mc-6->source-1 "78" 14:37:00.735885001
[2023-07-19T14:37:03Z INFO  dt_instance] received at 2023-07-19 14:37:03.245775551 UTC - from mc-6->source-1 "83" 14:37:03.244475021
[2023-07-19T14:37:05Z INFO  dt_instance] received at 2023-07-19 14:37:05.752713015 UTC - from mc-6->source-1 "88" 14:37:05.751593755
[2023-07-19T14:37:08Z INFO  dt_instance] received at 2023-07-19 14:37:08.258424837 UTC - from mc-6->source-1 "93" 14:37:08.257423122
[2023-07-19T14:37:10Z INFO  dt_instance] received at 2023-07-19 14:37:10.771226215 UTC - from mc-6->source-1 "98" 14:37:10.769899927
[2023-07-19T14:37:13Z INFO  dt_instance] received at 2023-07-19 14:37:13.276823431 UTC - from mc-6->source-1 "103" 14:37:13.275617781
[2023-07-19T14:37:15Z INFO  dt_instance] received at 2023-07-19 14:37:15.784869052 UTC - from mc-6->source-1 "108" 14:37:15.783168109
[2023-07-19T14:37:18Z INFO  dt_instance] received at 2023-07-19 14:37:18.289990851 UTC - from mc-6->source-1 "113" 14:37:18.288994631
[2023-07-19T14:37:20Z INFO  dt_instance] received at 2023-07-19 14:37:20.795068677 UTC - from mc-6->source-1 "118" 14:37:20.793955394
[2023-07-19T14:37:23Z INFO  dt_instance] received at 2023-07-19 14:37:23.299769075 UTC - from mc-6->source-1 "123" 14:37:23.298922353
[2023-07-19T14:37:25Z INFO  dt_instance] received at 2023-07-19 14:37:25.809556502 UTC - from mc-6->source-1 "128" 14:37:25.808449847
[2023-07-19T14:37:28Z INFO  dt_instance] received at 2023-07-19 14:37:28.314559200 UTC - from mc-6->source-1 "133" 14:37:28.313359266
[2023-07-19T14:37:30Z INFO  dt_instance] received at 2023-07-19 14:37:30.822765863 UTC - from mc-6->source-1 "138" 14:37:30.821536331
[2023-07-19T14:37:33Z INFO  dt_instance] received at 2023-07-19 14:37:33.328755720 UTC - from mc-6->source-1 "143" 14:37:33.327649064
[2023-07-19T14:37:35Z INFO  dt_instance] received at 2023-07-19 14:37:35.834635486 UTC - from mc-6->source-1 "148" 14:37:35.833451689
[2023-07-19T14:37:38Z INFO  dt_instance] received at 2023-07-19 14:37:38.342781317 UTC - from mc-6->source-1 "153" 14:37:38.341178184
[2023-07-19T14:37:40Z INFO  dt_instance] received at 2023-07-19 14:37:40.846620907 UTC - from mc-6->source-1 "158" 14:37:40.845628814
[2023-07-19T14:37:43Z INFO  dt_instance] received at 2023-07-19 14:37:43.353882437 UTC - from mc-6->source-1 "163" 14:37:43.352881399
[2023-07-19T14:37:45Z INFO  dt_instance] received at 2023-07-19 14:37:45.858907725 UTC - from mc-6->source-1 "168" 14:37:45.858006577
[2023-07-19T14:37:48Z INFO  dt_instance] received at 2023-07-19 14:37:48.363662995 UTC - from mc-6->source-1 "173" 14:37:48.362581896
[2023-07-19T14:37:50Z INFO  dt_instance] received at 2023-07-19 14:37:50.869846359 UTC - from mc-6->source-1 "178" 14:37:50.868773653
[2023-07-19T14:37:53Z INFO  dt_instance] received at 2023-07-19 14:37:53.374850609 UTC - from mc-6->source-1 "183" 14:37:53.373892956
[2023-07-19T14:37:55Z INFO  dt_instance] received at 2023-07-19 14:37:55.880643347 UTC - from mc-6->source-1 "188" 14:37:55.879701358
[2023-07-19T14:37:58Z INFO  dt_instance] received at 2023-07-19 14:37:58.395540413 UTC - from mc-6->source-1 "193" 14:37:58.386961034
[2023-07-19T14:38:00Z INFO  dt_instance] received at 2023-07-19 14:38:00.903394980 UTC - from mc-6->source-1 "198" 14:38:00.892453470
[2023-07-19T14:38:03Z INFO  dt_instance] received at 2023-07-19 14:38:03.399619728 UTC - from mc-6->source-1 "203" 14:38:03.398694417
[2023-07-19T14:38:05Z INFO  dt_instance] received at 2023-07-19 14:38:05.905588549 UTC - from mc-6->source-1 "208" 14:38:05.904353180
[2023-07-19T14:38:08Z INFO  dt_instance] received at 2023-07-19 14:38:08.412852639 UTC - from mc-6->source-1 "213" 14:38:08.411743766
[2023-07-19T14:38:10Z INFO  dt_instance] received at 2023-07-19 14:38:10.917727741 UTC - from mc-6->source-1 "218" 14:38:10.916697958
[2023-07-19T14:38:13Z INFO  dt_instance] received at 2023-07-19 14:38:13.430743660 UTC - from mc-6->source-1 "223" 14:38:13.423310984
[2023-07-19T14:38:15Z INFO  dt_instance] received at 2023-07-19 14:38:15.931110419 UTC - from mc-6->source-1 "228" 14:38:15.930098452
[2023-07-19T14:38:18Z INFO  dt_instance] received at 2023-07-19 14:38:18.437549001 UTC - from mc-6->source-1 "233" 14:38:18.436158716
[2023-07-19T14:38:20Z INFO  dt_instance] received at 2023-07-19 14:38:20.943558025 UTC - from mc-6->source-1 "238" 14:38:20.942676072
[2023-07-19T14:38:23Z INFO  dt_instance] received at 2023-07-19 14:38:23.448734005 UTC - from mc-6->source-1 "243" 14:38:23.447662816
[2023-07-19T14:38:25Z INFO  dt_instance] received at 2023-07-19 14:38:25.954396945 UTC - from mc-6->source-1 "248" 14:38:25.953421348
[2023-07-19T14:38:28Z INFO  dt_instance] received at 2023-07-19 14:38:28.473785314 UTC - from mc-6->source-5 "243" 14:38:28.463528369
[2023-07-19T14:38:30Z INFO  dt_instance] received at 2023-07-19 14:38:30.978157060 UTC - from mc-6->source-5 "248" 14:38:30.976744999
[2023-07-19T14:38:33Z INFO  dt_instance] received at 2023-07-19 14:38:33.488675034 UTC - from mc-6->source-5 "253" 14:38:33.484775462
[2023-07-19T14:38:35Z INFO  dt_instance] received at 2023-07-19 14:38:35.991871967 UTC - from mc-6->source-5 "258" 14:38:35.990512400
[2023-07-19T14:38:38Z INFO  dt_instance] received at 2023-07-19 14:38:38.499307764 UTC - from mc-6->source-5 "263" 14:38:38.496939306
[2023-07-19T14:38:41Z INFO  dt_instance] received at 2023-07-19 14:38:41.005013766 UTC - from mc-6->source-5 "268" 14:38:41.003668018
[2023-07-19T14:38:43Z INFO  dt_instance] received at 2023-07-19 14:38:43.511246805 UTC - from mc-6->source-5 "273" 14:38:43.509487413
[2023-07-19T14:38:46Z INFO  dt_instance] received at 2023-07-19 14:38:46.016698333 UTC - from mc-6->source-5 "278" 14:38:46.015430524
[2023-07-19T14:38:48Z INFO  dt_instance] received at 2023-07-19 14:38:48.522734106 UTC - from mc-6->source-5 "283" 14:38:48.521097568
[2023-07-19T14:38:51Z INFO  dt_instance] received at 2023-07-19 14:38:51.029295450 UTC - from mc-6->source-5 "288" 14:38:51.026897084
[2023-07-19T14:38:53Z INFO  dt_instance] received at 2023-07-19 14:38:53.534031683 UTC - from mc-6->source-5 "293" 14:38:53.532484757
[2023-07-19T14:38:56Z INFO  dt_instance] received at 2023-07-19 14:38:56.038989905 UTC - from mc-6->source-5 "298" 14:38:56.037609164
[2023-07-19T14:38:58Z INFO  dt_instance] received at 2023-07-19 14:38:58.545427705 UTC - from mc-6->source-5 "303" 14:38:58.544368725
[2023-07-19T14:39:01Z INFO  dt_instance] received at 2023-07-19 14:39:01.051448111 UTC - from mc-6->source-5 "308" 14:39:01.049324236
[2023-07-19T14:39:03Z INFO  dt_instance] received at 2023-07-19 14:39:03.557403051 UTC - from mc-6->source-5 "313" 14:39:03.556032528
[2023-07-19T14:39:06Z INFO  dt_instance] received at 2023-07-19 14:39:06.065535603 UTC - from mc-6->source-5 "318" 14:39:06.062244281
[2023-07-19T14:39:08Z INFO  dt_instance] received at 2023-07-19 14:39:08.577705490 UTC - from mc-6->source-5 "323" 14:39:08.567814341
[2023-07-19T14:39:11Z INFO  dt_instance] received at 2023-07-19 14:39:11.075859747 UTC - from mc-6->source-5 "328" 14:39:11.073995354
[2023-07-19T14:39:13Z INFO  dt_instance] received at 2023-07-19 14:39:13.586147723 UTC - from mc-6->source-5 "333" 14:39:13.582588090
[2023-07-19T14:39:16Z INFO  dt_instance] received at 2023-07-19 14:39:16.092656886 UTC - from mc-6->source-5 "338" 14:39:16.087497788
[2023-07-19T14:39:18Z INFO  dt_instance] received at 2023-07-19 14:39:18.601130938 UTC - from mc-6->source-5 "343" 14:39:18.593019957
[2023-07-19T14:39:21Z INFO  dt_instance] received at 2023-07-19 14:39:21.102940392 UTC - from mc-6->source-5 "348" 14:39:21.098192289
[2023-07-19T14:39:23Z INFO  dt_instance] received at 2023-07-19 14:39:23.612774415 UTC - from mc-6->source-3 "358" 14:39:23.602948345
[2023-07-19T14:39:26Z INFO  dt_instance] received at 2023-07-19 14:39:26.113894082 UTC - from mc-6->source-5 "358" 14:39:26.110974739
[2023-07-19T14:39:28Z INFO  dt_instance] received at 2023-07-19 14:39:28.657786737 UTC - from mc-6->source-5 "363" 14:39:28.616374268
[2023-07-19T14:39:31Z INFO  dt_instance] received at 2023-07-19 14:39:31.124797982 UTC - from mc-6->source-3 "373" 14:39:31.123118797
[2023-07-19T14:39:33Z INFO  dt_instance] received at 2023-07-19 14:39:33.634763160 UTC - from mc-6->source-3 "378" 14:39:33.629083194
[2023-07-19T14:39:36Z INFO  dt_instance] received at 2023-07-19 14:39:36.135822996 UTC - from mc-6->source-3 "383" 14:39:36.134603380
[2023-07-19T14:39:38Z INFO  dt_instance] received at 2023-07-19 14:39:38.648019548 UTC - from mc-6->source-5 "383" 14:39:38.642507843
[2023-07-19T14:39:41Z INFO  dt_instance] received at 2023-07-19 14:39:41.151054534 UTC - from mc-6->source-3 "393" 14:39:41.148989234
[2023-07-19T14:39:43Z INFO  dt_instance] received at 2023-07-19 14:39:43.658911029 UTC - from mc-6->source-5 "393" 14:39:43.654965139
[2023-07-19T14:39:46Z INFO  dt_instance] received at 2023-07-19 14:39:46.168416292 UTC - from mc-6->source-3 "403" 14:39:46.161260112
[2023-07-19T14:39:48Z INFO  dt_instance] received at 2023-07-19 14:39:48.671170065 UTC - from mc-6->source-3 "408" 14:39:48.668432094
[2023-07-19T14:39:51Z INFO  dt_instance] received at 2023-07-19 14:39:51.176227262 UTC - from mc-6->source-5 "408" 14:39:51.174667833
[2023-07-19T14:39:53Z INFO  dt_instance] received at 2023-07-19 14:39:53.684748655 UTC - from mc-6->source-3 "418" 14:39:53.679872608
[2023-07-19T14:39:56Z INFO  dt_instance] received at 2023-07-19 14:39:56.191297797 UTC - from mc-6->source-5 "418" 14:39:56.189372788
[2023-07-19T14:39:58Z INFO  dt_instance] received at 2023-07-19 14:39:58.702421094 UTC - from mc-6->source-5 "423" 14:39:58.697287960
[2023-07-19T14:40:01Z INFO  dt_instance] received at 2023-07-19 14:40:01.204883491 UTC - from mc-6->source-5 "428" 14:40:01.202816090
[2023-07-19T14:40:03Z INFO  dt_instance] received at 2023-07-19 14:40:03.709756353 UTC - from mc-6->source-5 "433" 14:40:03.707903331
[2023-07-19T14:40:06Z INFO  dt_instance] received at 2023-07-19 14:40:06.224339810 UTC - from mc-6->source-5 "438" 14:40:06.212885740
[2023-07-19T14:40:08Z INFO  dt_instance] received at 2023-07-19 14:40:08.719365665 UTC - from mc-6->source-5 "443" 14:40:08.718160911
[2023-07-19T14:40:11Z INFO  dt_instance] received at 2023-07-19 14:40:11.225350903 UTC - from mc-6->source-5 "448" 14:40:11.224258976
[2023-07-19T14:40:13Z INFO  dt_instance] received at 2023-07-19 14:40:13.734391685 UTC - from mc-6->source-5 "453" 14:40:13.730969357
[2023-07-19T14:40:16Z INFO  dt_instance] received at 2023-07-19 14:40:16.237663171 UTC - from mc-6->source-5 "458" 14:40:16.236472792
[2023-07-19T14:40:18Z INFO  dt_instance] received at 2023-07-19 14:40:18.745386300 UTC - from mc-6->source-5 "463" 14:40:18.744221438
[2023-07-19T14:40:21Z INFO  dt_instance] received at 2023-07-19 14:40:21.253422013 UTC - from mc-6->source-5 "468" 14:40:21.248833435
[2023-07-19T14:40:23Z INFO  dt_instance] received at 2023-07-19 14:40:23.776899545 UTC - from mc-6->source-5 "473" 14:40:23.774629643
[2023-07-19T14:40:26Z INFO  dt_instance] received at 2023-07-19 14:40:26.281567039 UTC - from mc-6->source-5 "478" 14:40:26.279835715
[2023-07-19T14:40:28Z INFO  dt_instance] received at 2023-07-19 14:40:28.788799293 UTC - from mc-6->source-5 "483" 14:40:28.785036306
[2023-07-19T14:40:31Z INFO  dt_instance] received at 2023-07-19 14:40:31.291243136 UTC - from mc-6->source-5 "488" 14:40:31.289445969
[2023-07-19T14:40:33Z INFO  dt_instance] received at 2023-07-19 14:40:33.798339006 UTC - from mc-6->source-5 "493" 14:40:33.795301485
[2023-07-19T14:40:36Z INFO  dt_instance] received at 2023-07-19 14:40:36.317946423 UTC - from mc-6->source-5 "498" 14:40:36.301919239
[2023-07-19T14:40:38Z INFO  dt_instance] received at 2023-07-19 14:40:38.810829068 UTC - from mc-6->source-5 "503" 14:40:38.809679108
[2023-07-19T14:40:41Z INFO  dt_instance] received at 2023-07-19 14:40:41.321330407 UTC - from mc-6->source-5 "508" 14:40:41.318026905
[2023-07-19T14:40:43Z INFO  dt_instance] received at 2023-07-19 14:40:43.831834931 UTC - from mc-6->source-5 "513" 14:40:43.824605368
[2023-07-19T14:40:46Z INFO  dt_instance] received at 2023-07-19 14:40:46.331188387 UTC - from mc-6->source-5 "518" 14:40:46.329599232
[2023-07-19T14:40:48Z INFO  dt_instance] received at 2023-07-19 14:40:48.838146719 UTC - from mc-6->source-5 "523" 14:40:48.836283358
[2023-07-19T14:40:51Z INFO  dt_instance] received at 2023-07-19 14:40:51.343585490 UTC - from mc-6->source-5 "528" 14:40:51.341727208
[2023-07-19T14:40:53Z INFO  dt_instance] received at 2023-07-19 14:40:53.849885354 UTC - from mc-6->source-5 "533" 14:40:53.847253012
[2023-07-19T14:40:56Z INFO  dt_instance] received at 2023-07-19 14:40:56.353752300 UTC - from mc-6->source-5 "538" 14:40:56.352358108
[2023-07-19T14:40:58Z INFO  dt_instance] received at 2023-07-19 14:40:58.859493116 UTC - from mc-6->source-5 "543" 14:40:58.857481187
[2023-07-19T14:41:01Z INFO  dt_instance] received at 2023-07-19 14:41:01.367440830 UTC - from mc-6->source-5 "548" 14:41:01.362939325
[2023-07-19T14:41:03Z INFO  dt_instance] received at 2023-07-19 14:41:03.880847803 UTC - from mc-6->source-5 "553" 14:41:03.867498476
[2023-07-19T14:41:06Z INFO  dt_instance] received at 2023-07-19 14:41:06.377433992 UTC - from mc-6->source-5 "558" 14:41:06.375340034
[2023-07-19T14:41:08Z INFO  dt_instance] received at 2023-07-19 14:41:08.885227536 UTC - from mc-6->source-5 "563" 14:41:08.882300121
[2023-07-19T14:41:11Z INFO  dt_instance] received at 2023-07-19 14:41:11.394563653 UTC - from mc-6->source-5 "568" 14:41:11.390305793
[2023-07-19T14:41:14Z INFO  dt_instance] received at 2023-07-19 14:41:14.083241494 UTC - from mc-6->source-8 "566" 14:41:14.079776444
[2023-07-19T14:41:16Z INFO  dt_instance] received at 2023-07-19 14:41:16.408666494 UTC - from mc-6->source-5 "578" 14:41:16.402595431
[2023-07-19T14:41:18Z INFO  dt_instance] received at 2023-07-19 14:41:18.911464787 UTC - from mc-6->source-5 "583" 14:41:18.909883670
[2023-07-19T14:41:21Z INFO  dt_instance] received at 2023-07-19 14:41:21.417883053 UTC - from mc-6->source-5 "588" 14:41:21.415759473
[2023-07-19T14:41:23Z INFO  dt_instance] received at 2023-07-19 14:41:23.925268611 UTC - from mc-6->source-5 "593" 14:41:23.921590856
[2023-07-19T14:41:26Z INFO  dt_instance] received at 2023-07-19 14:41:26.446285785 UTC - from mc-6->source-5 "598" 14:41:26.429413784
[2023-07-19T14:41:28Z INFO  dt_instance] received at 2023-07-19 14:41:28.950448055 UTC - from mc-6->source-5 "603" 14:41:28.935663357
[2023-07-19T14:41:31Z INFO  dt_instance] received at 2023-07-19 14:41:31.452755768 UTC - from mc-6->source-5 "608" 14:41:31.441925373
[2023-07-19T14:41:33Z INFO  dt_instance] received at 2023-07-19 14:41:33.952841692 UTC - from mc-6->source-5 "613" 14:41:33.948070440
[2023-07-19T14:41:36Z INFO  dt_instance] received at 2023-07-19 14:41:36.468299390 UTC - from mc-6->source-5 "618" 14:41:36.452561065
[2023-07-19T14:41:38Z INFO  dt_instance] received at 2023-07-19 14:41:38.960459511 UTC - from mc-6->source-5 "623" 14:41:38.957863664
[2023-07-19T14:41:41Z INFO  dt_instance] received at 2023-07-19 14:41:41.467415977 UTC - from mc-6->source-5 "628" 14:41:41.464358470
[2023-07-19T14:41:43Z INFO  dt_instance] received at 2023-07-19 14:41:43.973448314 UTC - from mc-6->source-5 "633" 14:41:43.971663576
[2023-07-19T14:41:46Z INFO  dt_instance] received at 2023-07-19 14:41:46.492422759 UTC - from mc-6->source-5 "638" 14:41:46.480383214
[2023-07-19T14:41:48Z INFO  dt_instance] received at 2023-07-19 14:41:48.995546025 UTC - from mc-6->source-5 "643" 14:41:48.986897321
[2023-07-19T14:41:51Z INFO  dt_instance] received at 2023-07-19 14:41:51.492996401 UTC - from mc-6->source-5 "648" 14:41:51.491523247
[2023-07-19T14:41:54Z INFO  dt_instance] received at 2023-07-19 14:41:54.000081825 UTC - from mc-6->source-5 "653" 14:41:53.996496472
[2023-07-19T14:41:56Z INFO  dt_instance] received at 2023-07-19 14:41:56.507870438 UTC - from mc-6->source-5 "658" 14:41:56.501850912
[2023-07-19T14:41:59Z INFO  dt_instance] received at 2023-07-19 14:41:59.017433594 UTC - from mc-6->source-5 "663" 14:41:59.006525655
[2023-07-19T14:42:01Z INFO  dt_instance] received at 2023-07-19 14:42:01.514646012 UTC - from mc-6->source-5 "668" 14:42:01.513218642
[2023-07-19T14:42:04Z INFO  dt_instance] received at 2023-07-19 14:42:04.023378998 UTC - from mc-6->source-5 "673" 14:42:04.017415815
[2023-07-19T14:42:06Z INFO  dt_instance] received at 2023-07-19 14:42:06.526682699 UTC - from mc-6->source-5 "678" 14:42:06.523494130
[2023-07-19T14:42:09Z INFO  dt_instance] received at 2023-07-19 14:42:09.045147050 UTC - from mc-6->source-5 "683" 14:42:09.030369784
[2023-07-19T14:42:11Z INFO  dt_instance] received at 2023-07-19 14:42:11.547740057 UTC - from mc-6->source-9 "678" 14:42:11.538502371
[2023-07-19T14:42:14Z INFO  dt_instance] received at 2023-07-19 14:42:14.047644438 UTC - from mc-6->source-5 "693" 14:42:14.045063226
[2023-07-19T14:42:16Z INFO  dt_instance] received at 2023-07-19 14:42:16.551584837 UTC - from mc-6->source-5 "698" 14:42:16.550178115
[2023-07-19T14:42:19Z INFO  dt_instance] received at 2023-07-19 14:42:19.060190679 UTC - from mc-6->source-9 "693" 14:42:19.056605166
[2023-07-19T14:42:21Z INFO  dt_instance] received at 2023-07-19 14:42:21.567424258 UTC - from mc-6->source-5 "708" 14:42:21.561993499
[2023-07-19T14:42:24Z INFO  dt_instance] received at 2023-07-19 14:42:24.076113615 UTC - from mc-6->source-9 "703" 14:42:24.068797413
[2023-07-19T14:42:26Z INFO  dt_instance] received at 2023-07-19 14:42:26.576798140 UTC - from mc-6->source-5 "718" 14:42:26.574896327
[2023-07-19T14:42:29Z INFO  dt_instance] received at 2023-07-19 14:42:29.083056455 UTC - from mc-6->source-7 "718" 14:42:29.081870789
[2023-07-19T14:42:31Z INFO  dt_instance] received at 2023-07-19 14:42:31.595273479 UTC - from mc-6->source-5 "728" 14:42:31.586608002
[2023-07-19T14:42:34Z INFO  dt_instance] received at 2023-07-19 14:42:34.097262861 UTC - from mc-6->source-5 "733" 14:42:34.091788868
[2023-07-19T14:42:36Z INFO  dt_instance] received at 2023-07-19 14:42:36.600495639 UTC - from mc-6->source-7 "733" 14:42:36.599294120
[2023-07-19T14:42:39Z INFO  dt_instance] received at 2023-07-19 14:42:39.109116421 UTC - from mc-6->source-5 "743" 14:42:39.105708382
[2023-07-19T14:42:41Z INFO  dt_instance] received at 2023-07-19 14:42:41.614441529 UTC - from mc-6->source-5 "748" 14:42:41.612573510
[2023-07-19T14:42:44Z INFO  dt_instance] received at 2023-07-19 14:42:44.134353446 UTC - from mc-6->source-5 "753" 14:42:44.118384627
[2023-07-19T14:42:46Z INFO  dt_instance] received at 2023-07-19 14:42:46.636839729 UTC - from mc-6->source-5 "758" 14:42:46.624338644
[2023-07-19T14:42:49Z INFO  dt_instance] received at 2023-07-19 14:42:49.138962956 UTC - from mc-6->source-5 "763" 14:42:49.129391625
[2023-07-19T14:42:51Z INFO  dt_instance] received at 2023-07-19 14:42:51.652427764 UTC - from mc-6->source-5 "768" 14:42:51.636608839
[2023-07-19T14:42:54Z INFO  dt_instance] received at 2023-07-19 14:42:54.161026891 UTC - from mc-6->source-5 "773" 14:42:54.145651183
[2023-07-19T14:42:56Z INFO  dt_instance] received at 2023-07-19 14:42:56.665986199 UTC - from mc-6->source-9 "768" 14:42:56.652041350
[2023-07-19T14:42:59Z INFO  dt_instance] received at 2023-07-19 14:42:59.291617659 UTC - from mc-6->source-9 "773" 14:42:59.157389893
[2023-07-19T14:43:01Z INFO  dt_instance] received at 2023-07-19 14:43:01.690619237 UTC - from mc-6->source-9 "778" 14:43:01.664235571
[2023-07-19T14:43:04Z INFO  dt_instance] received at 2023-07-19 14:43:04.186937030 UTC - from mc-6->source-9 "783" 14:43:04.171807371
[2023-07-19T14:43:06Z INFO  dt_instance] received at 2023-07-19 14:43:06.698672970 UTC - from mc-6->source-9 "788" 14:43:06.677851531
[2023-07-19T14:43:09Z INFO  dt_instance] received at 2023-07-19 14:43:09.193934232 UTC - from mc-6->source-9 "793" 14:43:09.183196064
[2023-07-19T14:43:11Z INFO  dt_instance] received at 2023-07-19 14:43:11.728342061 UTC - from mc-6->source-9 "798" 14:43:11.689725941
[2023-07-19T14:43:14Z INFO  dt_instance] received at 2023-07-19 14:43:14.225383750 UTC - from mc-6->source-9 "803" 14:43:14.198412663
[2023-07-19T14:43:16Z INFO  dt_instance] received at 2023-07-19 14:43:16.718646213 UTC - from mc-6->source-9 "808" 14:43:16.706948288
[2023-07-19T14:43:19Z INFO  dt_instance] received at 2023-07-19 14:43:19.214470109 UTC - from mc-6->source-9 "813" 14:43:19.211599542
[2023-07-19T14:43:21Z INFO  dt_instance] received at 2023-07-19 14:43:21.749704176 UTC - from mc-6->source-9 "818" 14:43:21.717537045
[2023-07-19T14:43:24Z INFO  dt_instance] received at 2023-07-19 14:43:24.231186324 UTC - from mc-6->source-9 "823" 14:43:24.226280587
[2023-07-19T14:43:26Z INFO  dt_instance] received at 2023-07-19 14:43:26.741848245 UTC - from mc-6->source-3 "843" 14:43:26.732111649
[2023-07-19T14:43:29Z INFO  dt_instance] received at 2023-07-19 14:43:29.248301103 UTC - from mc-6->source-3 "848" 14:43:29.237707026
[2023-07-19T14:43:31Z INFO  dt_instance] received at 2023-07-19 14:43:31.755269181 UTC - from mc-6->source-9 "838" 14:43:31.746307241
[2023-07-19T14:43:34Z INFO  dt_instance] received at 2023-07-19 14:43:34.269459068 UTC - from mc-6->source-3 "858" 14:43:34.252552005
[2023-07-19T14:43:36Z INFO  dt_instance] received at 2023-07-19 14:43:36.776444849 UTC - from mc-6->source-9 "848" 14:43:36.760052079
[2023-07-19T14:43:39Z INFO  dt_instance] received at 2023-07-19 14:43:39.272609876 UTC - from mc-6->source-9 "853" 14:43:39.266921779
[2023-07-19T14:43:41Z INFO  dt_instance] received at 2023-07-19 14:43:41.967491412 UTC - from mc-6->source-8 "861" 14:43:41.965918843
[2023-07-19T14:43:44Z INFO  dt_instance] received at 2023-07-19 14:43:44.289323511 UTC - from mc-6->source-9 "863" 14:43:44.278245663
[2023-07-19T14:43:46Z INFO  dt_instance] received at 2023-07-19 14:43:46.804191554 UTC - from mc-6->source-9 "868" 14:43:46.785576113
[2023-07-19T14:43:49Z INFO  dt_instance] received at 2023-07-19 14:43:49.315836928 UTC - from mc-6->source-9 "873" 14:43:49.291676335
[2023-07-19T14:43:51Z INFO  dt_instance] received at 2023-07-19 14:43:51.820620397 UTC - from mc-6->source-9 "878" 14:43:51.798613385
[2023-07-19T14:43:54Z INFO  dt_instance] received at 2023-07-19 14:43:54.359117277 UTC - from mc-6->source-9 "883" 14:43:54.304658744
[2023-07-19T14:43:56Z INFO  dt_instance] received at 2023-07-19 14:43:56.998823701 UTC - from mc-6->source-8 "891" 14:43:56.997512428
[2023-07-19T14:43:59Z INFO  dt_instance] received at 2023-07-19 14:43:59.342408168 UTC - from mc-6->source-9 "893" 14:43:59.316822794
[2023-07-19T14:44:01Z INFO  dt_instance] received at 2023-07-19 14:44:01.884336119 UTC - from mc-6->source-3 "913" 14:44:01.823491223
[2023-07-19T14:44:04Z INFO  dt_instance] received at 2023-07-19 14:44:04.340973043 UTC - from mc-6->source-9 "903" 14:44:04.328020102
[2023-07-19T14:44:06Z INFO  dt_instance] received at 2023-07-19 14:44:06.850015821 UTC - from mc-6->source-9 "908" 14:44:06.834472616
[2023-07-19T14:44:09Z INFO  dt_instance] received at 2023-07-19 14:44:09.356301064 UTC - from mc-6->source-3 "928" 14:44:09.340449451
[2023-07-19T14:44:12Z INFO  dt_instance] received at 2023-07-19 14:44:12.079099522 UTC - from mc-6->source-9 "918" 14:44:11.846800288
[2023-07-19T14:44:14Z INFO  dt_instance] received at 2023-07-19 14:44:14.707825725 UTC - from mc-6->source-3 "938" 14:44:14.351763132
[2023-07-19T14:44:17Z INFO  dt_instance] received at 2023-07-19 14:44:17.025517281 UTC - from mc-6->source-9 "928" 14:44:16.859464612
[2023-07-19T14:44:19Z INFO  dt_instance] received at 2023-07-19 14:44:19.381542367 UTC - from mc-6->source-9 "933" 14:44:19.364326470
[2023-07-19T14:44:21Z INFO  dt_instance] received at 2023-07-19 14:44:21.884088154 UTC - from mc-6->source-9 "938" 14:44:21.870661365
[2023-07-19T14:44:24Z INFO  dt_instance] received at 2023-07-19 14:44:24.467460217 UTC - from mc-6->source-9 "943" 14:44:24.377748501
[2023-07-19T14:44:26Z INFO  dt_instance] received at 2023-07-19 14:44:26.899895384 UTC - from mc-6->source-9 "948" 14:44:26.883642780
[2023-07-19T14:44:29Z INFO  dt_instance] received at 2023-07-19 14:44:29.413500564 UTC - from mc-6->source-9 "953" 14:44:29.390325954
[2023-07-19T14:44:31Z INFO  dt_instance] received at 2023-07-19 14:44:31.911823416 UTC - from mc-6->source-9 "958" 14:44:31.897277477
[2023-07-19T14:44:34Z INFO  dt_instance] received at 2023-07-19 14:44:34.419440658 UTC - from mc-6->source-9 "963" 14:44:34.404495113
[2023-07-19T14:44:36Z INFO  dt_instance] received at 2023-07-19 14:44:36.964724442 UTC - from mc-6->source-9 "968" 14:44:36.910204551
[2023-07-19T14:44:39Z INFO  dt_instance] received at 2023-07-19 14:44:39.428390617 UTC - from mc-6->source-9 "973" 14:44:39.414995873
[2023-07-19T14:44:42Z INFO  dt_instance] received at 2023-07-19 14:44:42.133762502 UTC - from mc-6->source-6 "986" 14:44:42.117602092
[2023-07-19T14:44:45Z INFO  dt_instance] received at 2023-07-19 14:44:45.433590784 UTC - from mc-6->source-7 "990" 14:44:45.432414948
[2023-07-19T14:44:52Z INFO  dt_instance] received at 2023-07-19 14:44:52.480696466 UTC - from mc-6->source-9 "999" 14:44:52.447307166
