[2023-07-19T14:30:19Z INFO  dt_instance] Current Twin: mc-twin-8
[2023-07-19T14:30:19Z INFO  dt_instance] Replica Name twin-mc-stateful-8
[2023-07-19T14:30:19Z INFO  dt_instance] Sleeping for 400
[2023-07-19T14:36:59Z INFO  dt_instance] Connecting to broker at emqx.dtwins:1883
[2023-07-19T14:36:59Z INFO  dt_instance] Loggin info each 50 messages
[2023-07-19T14:36:59Z INFO  dt_instance] Set max packet size to 60000 KB.
[2023-07-19T14:36:59Z INFO  dt_instance] Refreshing topics for twin - Listen to mc-8/#
[2023-07-19T14:36:59Z INFO  dt_instance] SubAck { pkid: 1, return_codes: [Success(ExactlyOnce)] }
[2023-07-19T14:38:17Z INFO  dt_instance] received at 2023-07-19 14:38:17.622402673 UTC - from mc-8->source-2 "9" 14:38:17.621018284
[2023-07-19T14:38:20Z INFO  dt_instance] received at 2023-07-19 14:38:20.874768471 UTC - from mc-8->source-3 "13" 14:38:20.872494198
[2023-07-19T14:38:23Z INFO  dt_instance] received at 2023-07-19 14:38:23.388497111 UTC - from mc-8->source-1 "23" 14:38:23.386929549
[2023-07-19T14:38:25Z INFO  dt_instance] received at 2023-07-19 14:38:25.897860050 UTC - from mc-8->source-1 "28" 14:38:25.892755784
[2023-07-19T14:38:28Z INFO  dt_instance] received at 2023-07-19 14:38:28.401919261 UTC - from mc-8->source-3 "28" 14:38:28.399741770
[2023-07-19T14:38:30Z INFO  dt_instance] received at 2023-07-19 14:38:30.908864660 UTC - from mc-8->source-3 "33" 14:38:30.905334398
[2023-07-19T14:38:33Z INFO  dt_instance] received at 2023-07-19 14:38:33.414218118 UTC - from mc-8->source-1 "43" 14:38:33.410015808
[2023-07-19T14:38:35Z INFO  dt_instance] received at 2023-07-19 14:38:35.918775529 UTC - from mc-8->source-3 "43" 14:38:35.916304910
[2023-07-19T14:38:38Z INFO  dt_instance] received at 2023-07-19 14:38:38.422488267 UTC - from mc-8->source-3 "48" 14:38:38.421030291
[2023-07-19T14:38:40Z INFO  dt_instance] received at 2023-07-19 14:38:40.929763878 UTC - from mc-8->source-3 "53" 14:38:40.927307019
[2023-07-19T14:38:43Z INFO  dt_instance] received at 2023-07-19 14:38:43.435336808 UTC - from mc-8->source-3 "58" 14:38:43.433380313
[2023-07-19T14:38:45Z INFO  dt_instance] received at 2023-07-19 14:38:45.945889806 UTC - from mc-8->source-3 "63" 14:38:45.943850504
[2023-07-19T14:38:48Z INFO  dt_instance] received at 2023-07-19 14:38:48.465536684 UTC - from mc-8->source-3 "68" 14:38:48.463485150
[2023-07-19T14:38:50Z INFO  dt_instance] received at 2023-07-19 14:38:50.971134117 UTC - from mc-8->source-5 "68" 14:38:50.969039484
[2023-07-19T14:38:53Z INFO  dt_instance] received at 2023-07-19 14:38:53.476368704 UTC - from mc-8->source-3 "78" 14:38:53.474264257
[2023-07-19T14:38:55Z INFO  dt_instance] received at 2023-07-19 14:38:55.988026671 UTC - from mc-8->source-3 "83" 14:38:55.985814222
[2023-07-19T14:38:58Z INFO  dt_instance] received at 2023-07-19 14:38:58.495236930 UTC - from mc-8->source-5 "83" 14:38:58.492867594
[2023-07-19T14:39:01Z INFO  dt_instance] received at 2023-07-19 14:39:01.003912124 UTC - from mc-8->source-5 "88" 14:39:00.999676661
[2023-07-19T14:39:03Z INFO  dt_instance] received at 2023-07-19 14:39:03.507963080 UTC - from mc-8->source-3 "98" 14:39:03.505828459
[2023-07-19T14:39:06Z INFO  dt_instance] received at 2023-07-19 14:39:06.018599437 UTC - from mc-8->source-5 "98" 14:39:06.014572186
[2023-07-19T14:39:08Z INFO  dt_instance] received at 2023-07-19 14:39:08.525792222 UTC - from mc-8->source-5 "103" 14:39:08.519974839
[2023-07-19T14:39:11Z INFO  dt_instance] received at 2023-07-19 14:39:11.034416568 UTC - from mc-8->source-3 "113" 14:39:11.025806385
[2023-07-19T14:39:13Z INFO  dt_instance] received at 2023-07-19 14:39:13.534471769 UTC - from mc-8->source-5 "113" 14:39:13.533139491
[2023-07-19T14:39:16Z INFO  dt_instance] received at 2023-07-19 14:39:16.041317204 UTC - from mc-8->source-5 "118" 14:39:16.038797856
[2023-07-19T14:39:18Z INFO  dt_instance] received at 2023-07-19 14:39:18.546505372 UTC - from mc-8->source-3 "128" 14:39:18.544146828
[2023-07-19T14:39:21Z INFO  dt_instance] received at 2023-07-19 14:39:21.303081739 UTC - from mc-8->source-3 "133" 14:39:21.050733420
[2023-07-19T14:39:23Z INFO  dt_instance] received at 2023-07-19 14:39:23.567106332 UTC - from mc-8->source-3 "138" 14:39:23.561667394
[2023-07-19T14:39:26Z INFO  dt_instance] received at 2023-07-19 14:39:26.073638153 UTC - from mc-8->source-3 "143" 14:39:26.069837233
[2023-07-19T14:39:28Z INFO  dt_instance] received at 2023-07-19 14:39:28.581959845 UTC - from mc-8->source-3 "148" 14:39:28.575947748
[2023-07-19T14:39:31Z INFO  dt_instance] received at 2023-07-19 14:39:31.087658881 UTC - from mc-8->source-3 "153" 14:39:31.082256112
[2023-07-19T14:39:33Z INFO  dt_instance] received at 2023-07-19 14:39:33.589781795 UTC - from mc-8->source-3 "158" 14:39:33.586983719
[2023-07-19T14:39:36Z INFO  dt_instance] received at 2023-07-19 14:39:36.093238139 UTC - from mc-8->source-5 "158" 14:39:36.091907125
[2023-07-19T14:39:38Z INFO  dt_instance] received at 2023-07-19 14:39:38.601493369 UTC - from mc-8->source-3 "168" 14:39:38.599668906
[2023-07-19T14:39:41Z INFO  dt_instance] received at 2023-07-19 14:39:41.111202827 UTC - from mc-8->source-5 "168" 14:39:41.106102814
[2023-07-19T14:39:43Z INFO  dt_instance] received at 2023-07-19 14:39:43.617661466 UTC - from mc-8->source-5 "173" 14:39:43.615328630
[2023-07-19T14:39:46Z INFO  dt_instance] received at 2023-07-19 14:39:46.122979552 UTC - from mc-8->source-5 "178" 14:39:46.121226864
[2023-07-19T14:39:48Z INFO  dt_instance] received at 2023-07-19 14:39:48.628078071 UTC - from mc-8->source-3 "188" 14:39:48.626064627
[2023-07-19T14:39:51Z INFO  dt_instance] received at 2023-07-19 14:39:51.135016666 UTC - from mc-8->source-5 "188" 14:39:51.132802659
[2023-07-19T14:39:53Z INFO  dt_instance] received at 2023-07-19 14:39:53.650039399 UTC - from mc-8->source-5 "193" 14:39:53.643155520
[2023-07-19T14:39:56Z INFO  dt_instance] received at 2023-07-19 14:39:56.151373389 UTC - from mc-8->source-3 "203" 14:39:56.150052286
[2023-07-19T14:39:58Z INFO  dt_instance] received at 2023-07-19 14:39:58.668801955 UTC - from mc-8->source-3 "208" 14:39:58.656012880
[2023-07-19T14:40:01Z INFO  dt_instance] received at 2023-07-19 14:40:01.165808146 UTC - from mc-8->source-3 "213" 14:40:01.162586985
[2023-07-19T14:40:03Z INFO  dt_instance] received at 2023-07-19 14:40:03.670946189 UTC - from mc-8->source-5 "213" 14:40:03.668331436
[2023-07-19T14:40:06Z INFO  dt_instance] received at 2023-07-19 14:40:06.178483602 UTC - from mc-8->source-5 "218" 14:40:06.175263423
[2023-07-19T14:40:08Z INFO  dt_instance] received at 2023-07-19 14:40:08.684716673 UTC - from mc-8->source-5 "223" 14:40:08.682798452
[2023-07-19T14:40:11Z INFO  dt_instance] received at 2023-07-19 14:40:11.190389579 UTC - from mc-8->source-5 "228" 14:40:11.188819198
[2023-07-19T14:40:13Z INFO  dt_instance] received at 2023-07-19 14:40:13.696168974 UTC - from mc-8->source-5 "233" 14:40:13.694777409
[2023-07-19T14:40:16Z INFO  dt_instance] received at 2023-07-19 14:40:16.204048633 UTC - from mc-8->source-5 "238" 14:40:16.201027370
[2023-07-19T14:40:18Z INFO  dt_instance] received at 2023-07-19 14:40:18.713794291 UTC - from mc-8->source-5 "243" 14:40:18.705743510
[2023-07-19T14:40:21Z INFO  dt_instance] received at 2023-07-19 14:40:21.218259137 UTC - from mc-8->source-5 "248" 14:40:21.211394858
[2023-07-19T14:40:23Z INFO  dt_instance] received at 2023-07-19 14:40:23.719695436 UTC - from mc-8->source-5 "253" 14:40:23.717468757
[2023-07-19T14:40:26Z INFO  dt_instance] received at 2023-07-19 14:40:26.227948488 UTC - from mc-8->source-5 "258" 14:40:26.226137531
[2023-07-19T14:40:28Z INFO  dt_instance] received at 2023-07-19 14:40:28.736419022 UTC - from mc-8->source-3 "268" 14:40:28.734390087
[2023-07-19T14:40:31Z INFO  dt_instance] received at 2023-07-19 14:40:31.245490247 UTC - from mc-8->source-5 "268" 14:40:31.242184752
[2023-07-19T14:40:33Z INFO  dt_instance] received at 2023-07-19 14:40:33.750254397 UTC - from mc-8->source-5 "273" 14:40:33.748008831
[2023-07-19T14:40:36Z INFO  dt_instance] received at 2023-07-19 14:40:36.271074161 UTC - from mc-8->source-5 "278" 14:40:36.253320135
[2023-07-19T14:40:38Z INFO  dt_instance] received at 2023-07-19 14:40:38.761801935 UTC - from mc-8->source-3 "288" 14:40:38.760024493
[2023-07-19T14:40:41Z INFO  dt_instance] received at 2023-07-19 14:40:41.267449608 UTC - from mc-8->source-5 "288" 14:40:41.266330759
[2023-07-19T14:40:43Z INFO  dt_instance] received at 2023-07-19 14:40:43.774288821 UTC - from mc-8->source-5 "293" 14:40:43.772858949
[2023-07-19T14:40:46Z INFO  dt_instance] received at 2023-07-19 14:40:46.279860285 UTC - from mc-8->source-5 "298" 14:40:46.277805150
[2023-07-19T14:40:48Z INFO  dt_instance] received at 2023-07-19 14:40:48.784228847 UTC - from mc-8->source-5 "303" 14:40:48.783028425
[2023-07-19T14:40:51Z INFO  dt_instance] received at 2023-07-19 14:40:51.292217007 UTC - from mc-8->source-5 "308" 14:40:51.290038336
[2023-07-19T14:40:53Z INFO  dt_instance] received at 2023-07-19 14:40:53.796887766 UTC - from mc-8->source-5 "313" 14:40:53.794773584
[2023-07-19T14:40:56Z INFO  dt_instance] received at 2023-07-19 14:40:56.302355148 UTC - from mc-8->source-5 "318" 14:40:56.300733644
[2023-07-19T14:40:58Z INFO  dt_instance] received at 2023-07-19 14:40:58.809457898 UTC - from mc-8->source-5 "323" 14:40:58.807290303
[2023-07-19T14:41:01Z INFO  dt_instance] received at 2023-07-19 14:41:01.319003601 UTC - from mc-8->source-5 "328" 14:41:01.312749896
[2023-07-19T14:41:03Z INFO  dt_instance] received at 2023-07-19 14:41:03.832132173 UTC - from mc-8->source-5 "333" 14:41:03.819611893
[2023-07-19T14:41:06Z INFO  dt_instance] received at 2023-07-19 14:41:06.327808986 UTC - from mc-8->source-5 "338" 14:41:06.325110697
[2023-07-19T14:41:08Z INFO  dt_instance] received at 2023-07-19 14:41:08.833039437 UTC - from mc-8->source-5 "343" 14:41:08.831415630
[2023-07-19T14:41:11Z INFO  dt_instance] received at 2023-07-19 14:41:11.344320806 UTC - from mc-8->source-5 "348" 14:41:11.336533975
[2023-07-19T14:41:13Z INFO  dt_instance] received at 2023-07-19 14:41:13.854333224 UTC - from mc-8->source-5 "353" 14:41:13.841478831
[2023-07-19T14:41:16Z INFO  dt_instance] received at 2023-07-19 14:41:16.361586959 UTC - from mc-8->source-5 "358" 14:41:16.349386920
[2023-07-19T14:41:18Z INFO  dt_instance] received at 2023-07-19 14:41:18.856216912 UTC - from mc-8->source-5 "363" 14:41:18.854889921
[2023-07-19T14:41:21Z INFO  dt_instance] received at 2023-07-19 14:41:21.362599361 UTC - from mc-8->source-5 "368" 14:41:21.361198139
[2023-07-19T14:41:23Z INFO  dt_instance] received at 2023-07-19 14:41:23.869964087 UTC - from mc-8->source-5 "373" 14:41:23.867084947
[2023-07-19T14:41:26Z INFO  dt_instance] received at 2023-07-19 14:41:26.401877886 UTC - from mc-8->source-3 "383" 14:41:26.370293018
[2023-07-19T14:41:28Z INFO  dt_instance] received at 2023-07-19 14:41:28.930570104 UTC - from mc-8->source-5 "383" 14:41:28.880027529
[2023-07-19T14:41:31Z INFO  dt_instance] received at 2023-07-19 14:41:31.408514887 UTC - from mc-8->source-5 "388" 14:41:31.387418788
[2023-07-19T14:41:33Z INFO  dt_instance] received at 2023-07-19 14:41:33.893286221 UTC - from mc-8->source-5 "393" 14:41:33.892151767
[2023-07-19T14:41:36Z INFO  dt_instance] received at 2023-07-19 14:41:36.416737094 UTC - from mc-8->source-5 "398" 14:41:36.400087944
[2023-07-19T14:41:38Z INFO  dt_instance] received at 2023-07-19 14:41:38.910979179 UTC - from mc-8->source-5 "403" 14:41:38.905960326
[2023-07-19T14:41:41Z INFO  dt_instance] received at 2023-07-19 14:41:41.412961414 UTC - from mc-8->source-5 "408" 14:41:41.411357522
[2023-07-19T14:41:43Z INFO  dt_instance] received at 2023-07-19 14:41:43.918494132 UTC - from mc-8->source-5 "413" 14:41:43.917284712
[2023-07-19T14:41:46Z INFO  dt_instance] received at 2023-07-19 14:41:46.433915331 UTC - from mc-8->source-5 "418" 14:41:46.423068375
[2023-07-19T14:41:48Z INFO  dt_instance] received at 2023-07-19 14:41:48.949419806 UTC - from mc-8->source-5 "423" 14:41:48.928043828
[2023-07-19T14:41:51Z INFO  dt_instance] received at 2023-07-19 14:41:51.438436647 UTC - from mc-8->source-3 "433" 14:41:51.429361296
[2023-07-19T14:41:53Z INFO  dt_instance] received at 2023-07-19 14:41:53.940522892 UTC - from mc-8->source-5 "433" 14:41:53.939124167
[2023-07-19T14:41:56Z INFO  dt_instance] received at 2023-07-19 14:41:56.451735264 UTC - from mc-8->source-3 "443" 14:41:56.449683237
[2023-07-19T14:41:58Z INFO  dt_instance] received at 2023-07-19 14:41:58.986919925 UTC - from mc-8->source-3 "448" 14:41:58.955747739
[2023-07-19T14:42:01Z INFO  dt_instance] received at 2023-07-19 14:42:01.463722270 UTC - from mc-8->source-3 "453" 14:42:01.460736364
[2023-07-19T14:42:03Z INFO  dt_instance] received at 2023-07-19 14:42:03.969195268 UTC - from mc-8->source-3 "458" 14:42:03.967752523
[2023-07-19T14:42:06Z INFO  dt_instance] received at 2023-07-19 14:42:06.479022462 UTC - from mc-8->source-3 "463" 14:42:06.474412167
[2023-07-19T14:42:09Z INFO  dt_instance] received at 2023-07-19 14:42:09.011002497 UTC - from mc-8->source-5 "463" 14:42:08.981629723
[2023-07-19T14:42:11Z INFO  dt_instance] received at 2023-07-19 14:42:11.494734025 UTC - from mc-8->source-5 "468" 14:42:11.487421503
[2023-07-19T14:42:13Z INFO  dt_instance] received at 2023-07-19 14:42:13.994240280 UTC - from mc-8->source-5 "473" 14:42:13.991924855
[2023-07-19T14:42:16Z INFO  dt_instance] received at 2023-07-19 14:42:16.504962692 UTC - from mc-8->source-3 "483" 14:42:16.502015434
[2023-07-19T14:42:19Z INFO  dt_instance] received at 2023-07-19 14:42:19.017439238 UTC - from mc-8->source-3 "488" 14:42:19.011657445
[2023-07-19T14:42:21Z INFO  dt_instance] received at 2023-07-19 14:42:21.525016494 UTC - from mc-8->source-3 "493" 14:42:21.516924477
[2023-07-19T14:42:24Z INFO  dt_instance] received at 2023-07-19 14:42:24.025241772 UTC - from mc-8->source-3 "498" 14:42:24.023635517
[2023-07-19T14:42:26Z INFO  dt_instance] received at 2023-07-19 14:42:26.530756603 UTC - from mc-8->source-3 "503" 14:42:26.529251530
[2023-07-19T14:42:29Z INFO  dt_instance] received at 2023-07-19 14:42:29.037295944 UTC - from mc-8->source-3 "508" 14:42:29.035090714
[2023-07-19T14:42:31Z INFO  dt_instance] received at 2023-07-19 14:42:31.549988165 UTC - from mc-8->source-3 "513" 14:42:31.542768953
[2023-07-19T14:42:34Z INFO  dt_instance] received at 2023-07-19 14:42:34.053417606 UTC - from mc-8->source-3 "518" 14:42:34.050560648
[2023-07-19T14:42:36Z INFO  dt_instance] received at 2023-07-19 14:42:36.567238835 UTC - from mc-8->source-3 "523" 14:42:36.555787669
[2023-07-19T14:42:39Z INFO  dt_instance] received at 2023-07-19 14:42:39.064312060 UTC - from mc-8->source-3 "528" 14:42:39.061144556
[2023-07-19T14:42:41Z INFO  dt_instance] received at 2023-07-19 14:42:41.569943733 UTC - from mc-8->source-5 "528" 14:42:41.566872673
[2023-07-19T14:42:44Z INFO  dt_instance] received at 2023-07-19 14:42:44.093063217 UTC - from mc-8->source-3 "538" 14:42:44.074230760
[2023-07-19T14:42:46Z INFO  dt_instance] received at 2023-07-19 14:42:46.609827727 UTC - from mc-8->source-3 "543" 14:42:46.579314657
[2023-07-19T14:42:49Z INFO  dt_instance] received at 2023-07-19 14:42:49.138707447 UTC - from mc-8->source-5 "543" 14:42:49.085015722
[2023-07-19T14:42:51Z INFO  dt_instance] received at 2023-07-19 14:42:51.598895116 UTC - from mc-8->source-3 "553" 14:42:51.592895365
[2023-07-19T14:42:54Z INFO  dt_instance] received at 2023-07-19 14:42:54.115363236 UTC - from mc-8->source-3 "558" 14:42:54.099187595
[2023-07-19T14:42:56Z INFO  dt_instance] received at 2023-07-19 14:42:56.631783392 UTC - from mc-8->source-5 "558" 14:42:56.603936690
[2023-07-19T14:42:59Z INFO  dt_instance] received at 2023-07-19 14:42:59.169761061 UTC - from mc-8->source-5 "563" 14:42:59.110390863
[2023-07-19T14:43:01Z INFO  dt_instance] received at 2023-07-19 14:43:01.648140179 UTC - from mc-8->source-5 "568" 14:43:01.615459081
[2023-07-19T14:43:04Z INFO  dt_instance] received at 2023-07-19 14:43:04.143696929 UTC - from mc-8->source-3 "578" 14:43:04.129886302
[2023-07-19T14:43:06Z INFO  dt_instance] received at 2023-07-19 14:43:06.649230091 UTC - from mc-8->source-5 "578" 14:43:06.638270395
[2023-07-19T14:43:09Z INFO  dt_instance] received at 2023-07-19 14:43:09.158941756 UTC - from mc-8->source-5 "583" 14:43:09.142903232
[2023-07-19T14:43:11Z INFO  dt_instance] received at 2023-07-19 14:43:11.661758299 UTC - from mc-8->source-5 "588" 14:43:11.659386776
[2023-07-19T14:43:14Z INFO  dt_instance] received at 2023-07-19 14:43:14.186373381 UTC - from mc-8->source-3 "598" 14:43:14.164535291
[2023-07-19T14:43:16Z INFO  dt_instance] received at 2023-07-19 14:43:16.687776131 UTC - from mc-8->source-5 "598" 14:43:16.674231780
[2023-07-19T14:43:19Z INFO  dt_instance] received at 2023-07-19 14:43:19.187040626 UTC - from mc-8->source-3 "608" 14:43:19.179309525
[2023-07-19T14:43:21Z INFO  dt_instance] received at 2023-07-19 14:43:21.690604690 UTC - from mc-8->source-3 "613" 14:43:21.686176047
[2023-07-19T14:43:24Z INFO  dt_instance] received at 2023-07-19 14:43:24.198684347 UTC - from mc-8->source-5 "613" 14:43:24.194651520
[2023-07-19T14:43:26Z INFO  dt_instance] received at 2023-07-19 14:43:26.707125284 UTC - from mc-8->source-5 "618" 14:43:26.698919447
[2023-07-19T14:43:29Z INFO  dt_instance] received at 2023-07-19 14:43:29.236156496 UTC - from mc-8->source-5 "623" 14:43:29.205570140
[2023-07-19T14:43:31Z INFO  dt_instance] received at 2023-07-19 14:43:31.722710810 UTC - from mc-8->source-5 "628" 14:43:31.710083513
[2023-07-19T14:43:34Z INFO  dt_instance] received at 2023-07-19 14:43:34.248848296 UTC - from mc-8->source-5 "633" 14:43:34.217752325
[2023-07-19T14:43:36Z INFO  dt_instance] received at 2023-07-19 14:43:36.760052774 UTC - from mc-8->source-5 "638" 14:43:36.725391355
[2023-07-19T14:43:39Z INFO  dt_instance] received at 2023-07-19 14:43:39.239751974 UTC - from mc-8->source-3 "648" 14:43:39.231606972
[2023-07-19T14:43:41Z INFO  dt_instance] received at 2023-07-19 14:43:41.759232561 UTC - from mc-8->source-5 "648" 14:43:41.741496589
[2023-07-19T14:43:44Z INFO  dt_instance] received at 2023-07-19 14:43:44.258778263 UTC - from mc-8->source-5 "653" 14:43:44.248067696
[2023-07-19T14:43:46Z INFO  dt_instance] received at 2023-07-19 14:43:46.785010585 UTC - from mc-8->source-5 "658" 14:43:46.753770996
[2023-07-19T14:43:49Z INFO  dt_instance] received at 2023-07-19 14:43:49.437843570 UTC - from mc-8->source-5 "663" 14:43:49.258810256
[2023-07-19T14:43:51Z INFO  dt_instance] received at 2023-07-19 14:43:51.782742540 UTC - from mc-8->source-5 "668" 14:43:51.763886145
[2023-07-19T14:43:54Z INFO  dt_instance] received at 2023-07-19 14:43:54.440637787 UTC - from mc-8->source-5 "673" 14:43:54.269627147
[2023-07-19T14:43:56Z INFO  dt_instance] received at 2023-07-19 14:43:56.791725214 UTC - from mc-8->source-5 "678" 14:43:56.774609125
[2023-07-19T14:43:59Z INFO  dt_instance] received at 2023-07-19 14:43:59.308867442 UTC - from mc-8->source-5 "683" 14:43:59.280578347
[2023-07-19T14:44:02Z INFO  dt_instance] received at 2023-07-19 14:44:02.200726983 UTC - from mc-8->source-7 "684" 14:44:02.186450674
[2023-07-19T14:44:04Z INFO  dt_instance] received at 2023-07-19 14:44:04.388305466 UTC - from mc-8->source-5 "693" 14:44:04.298338263
[2023-07-19T14:44:06Z INFO  dt_instance] received at 2023-07-19 14:44:06.830517479 UTC - from mc-8->source-5 "698" 14:44:06.804730684
[2023-07-19T14:44:09Z INFO  dt_instance] received at 2023-07-19 14:44:09.705383458 UTC - from mc-8->source-7 "699" 14:44:09.703009954
[2023-07-19T14:44:12Z INFO  dt_instance] received at 2023-07-19 14:44:12.565741240 UTC - from mc-8->source-0 "722" 14:44:12.546796071
[2023-07-19T14:44:15Z INFO  dt_instance] received at 2023-07-19 14:44:15.084636350 UTC - from mc-8->source-2 "719" 14:44:13.549466909
[2023-07-19T14:44:17Z INFO  dt_instance] received at 2023-07-19 14:44:17.858075768 UTC - from mc-8->source-5 "716" 14:44:15.827412593
[2023-07-19T14:44:20Z INFO  dt_instance] received at 2023-07-19 14:44:20.327508588 UTC - from mc-8->source-3 "730" 14:44:20.320161411
[2023-07-19T14:44:23Z INFO  dt_instance] received at 2023-07-19 14:44:23.021351206 UTC - from mc-8->source-6 "728" 14:44:23.015198563
[2023-07-19T14:44:24Z INFO  dt_instance] received at 2023-07-19 14:44:24.839719634 UTC - from mc-8->source-3 "739" 14:44:24.830510555
[2023-07-19T14:44:27Z INFO  dt_instance] received at 2023-07-19 14:44:27.261225200 UTC - from mc-8->source-7 "734" 14:44:27.251165815
[2023-07-19T14:44:29Z INFO  dt_instance] received at 2023-07-19 14:44:29.379037044 UTC - from mc-8->source-5 "743" 14:44:29.358343409
[2023-07-19T14:44:32Z INFO  dt_instance] received at 2023-07-19 14:44:32.059265407 UTC - from mc-8->source-4 "751" 14:44:32.037192403
[2023-07-19T14:44:34Z INFO  dt_instance] received at 2023-07-19 14:44:34.469779468 UTC - from mc-8->source-5 "753" 14:44:34.368380814
[2023-07-19T14:44:37Z INFO  dt_instance] received at 2023-07-19 14:44:37.073791017 UTC - from mc-8->source-8 "751" 14:44:37.057800907
[2023-07-19T14:44:39Z INFO  dt_instance] received at 2023-07-19 14:44:39.436933282 UTC - from mc-8->source-5 "763" 14:44:39.380430882
[2023-07-19T14:44:42Z INFO  dt_instance] received at 2023-07-19 14:44:42.391427390 UTC - from mc-8->source-4 "770" 14:44:41.561527245
[2023-07-19T14:44:44Z INFO  dt_instance] received at 2023-07-19 14:44:44.461458869 UTC - from mc-8->source-5 "773" 14:44:44.391453965
[2023-07-19T14:44:47Z INFO  dt_instance] received at 2023-07-19 14:44:47.027008838 UTC - from mc-8->source-5 "778" 14:44:46.897148736
[2023-07-19T14:44:49Z INFO  dt_instance] received at 2023-07-19 14:44:49.452849516 UTC - from mc-8->source-5 "783" 14:44:49.408281110
[2023-07-19T14:44:52Z INFO  dt_instance] received at 2023-07-19 14:44:52.104180776 UTC - from mc-8->source-6 "786" 14:44:52.080014065
[2023-07-19T14:44:54Z INFO  dt_instance] received at 2023-07-19 14:44:54.513739128 UTC - from mc-8->source-5 "793" 14:44:54.422517139
[2023-07-19T14:44:56Z INFO  dt_instance] received at 2023-07-19 14:44:56.963656187 UTC - from mc-8->source-5 "798" 14:44:56.929369413
[2023-07-19T14:44:59Z INFO  dt_instance] received at 2023-07-19 14:44:59.545177695 UTC - from mc-8->source-5 "803" 14:44:59.433835412
[2023-07-19T14:45:02Z INFO  dt_instance] received at 2023-07-19 14:45:02.006743351 UTC - from mc-8->source-3 "813" 14:45:01.939849463
[2023-07-19T14:45:04Z INFO  dt_instance] received at 2023-07-19 14:45:04.539039267 UTC - from mc-8->source-5 "813" 14:45:04.445389118
[2023-07-19T14:45:07Z INFO  dt_instance] received at 2023-07-19 14:45:07.020160945 UTC - from mc-8->source-5 "818" 14:45:06.950567554
[2023-07-19T14:45:09Z INFO  dt_instance] received at 2023-07-19 14:45:09.534506629 UTC - from mc-8->source-5 "823" 14:45:09.456488532
[2023-07-19T14:45:12Z INFO  dt_instance] received at 2023-07-19 14:45:12.164897672 UTC - from mc-8->source-5 "828" 14:45:11.964329077
[2023-07-19T14:45:14Z INFO  dt_instance] received at 2023-07-19 14:45:14.550977765 UTC - from mc-8->source-5 "833" 14:45:14.469664725
[2023-07-19T14:45:16Z INFO  dt_instance] received at 2023-07-19 14:45:16.994556468 UTC - from mc-8->source-5 "838" 14:45:16.977883168
[2023-07-19T14:45:19Z INFO  dt_instance] received at 2023-07-19 14:45:19.611664623 UTC - from mc-8->source-5 "843" 14:45:19.483400721
[2023-07-19T14:45:22Z INFO  dt_instance] received at 2023-07-19 14:45:22.125373017 UTC - from mc-8->source-7 "843" 14:45:21.882607526
[2023-07-19T14:45:24Z INFO  dt_instance] received at 2023-07-19 14:45:24.568314979 UTC - from mc-8->source-3 "858" 14:45:24.511407345
[2023-07-19T14:45:27Z INFO  dt_instance] received at 2023-07-19 14:45:27.030991260 UTC - from mc-8->source-5 "858" 14:45:27.016900093
[2023-07-19T14:45:29Z INFO  dt_instance] received at 2023-07-19 14:45:29.629498241 UTC - from mc-8->source-5 "863" 14:45:29.522267225
[2023-07-19T14:45:32Z INFO  dt_instance] received at 2023-07-19 14:45:32.084139092 UTC - from mc-8->source-5 "868" 14:45:32.027040505
[2023-07-19T14:45:34Z INFO  dt_instance] received at 2023-07-19 14:45:34.605469835 UTC - from mc-8->source-5 "873" 14:45:34.533758760
[2023-07-19T14:45:37Z INFO  dt_instance] received at 2023-07-19 14:45:37.255610080 UTC - from mc-8->source-3 "883" 14:45:37.039261696
[2023-07-19T14:45:39Z INFO  dt_instance] received at 2023-07-19 14:45:39.576205305 UTC - from mc-8->source-5 "883" 14:45:39.546107726
[2023-07-19T14:45:42Z INFO  dt_instance] received at 2023-07-19 14:45:42.161453112 UTC - from mc-8->source-5 "888" 14:45:42.064240867
[2023-07-19T14:45:44Z INFO  dt_instance] received at 2023-07-19 14:45:44.686202411 UTC - from mc-8->source-5 "893" 14:45:44.570916396
[2023-07-19T14:45:47Z INFO  dt_instance] received at 2023-07-19 14:45:47.177870404 UTC - from mc-8->source-3 "903" 14:45:47.063896213
[2023-07-19T14:45:49Z INFO  dt_instance] received at 2023-07-19 14:45:49.594787212 UTC - from mc-8->source-5 "903" 14:45:49.582820599
[2023-07-19T14:45:52Z INFO  dt_instance] received at 2023-07-19 14:45:52.099566405 UTC - from mc-8->source-5 "908" 14:45:52.088680015
[2023-07-19T14:45:54Z INFO  dt_instance] received at 2023-07-19 14:45:54.679679351 UTC - from mc-8->source-5 "913" 14:45:54.595563648
[2023-07-19T14:45:57Z INFO  dt_instance] received at 2023-07-19 14:45:57.235011870 UTC - from mc-8->source-3 "923" 14:45:57.091067703
[2023-07-19T14:45:59Z INFO  dt_instance] received at 2023-07-19 14:45:59.863329478 UTC - from mc-8->source-1 "933" 14:45:59.540775112
[2023-07-19T14:46:02Z INFO  dt_instance] received at 2023-07-19 14:46:02.145760630 UTC - from mc-8->source-5 "928" 14:46:02.113191107
[2023-07-19T14:46:04Z INFO  dt_instance] received at 2023-07-19 14:46:04.666535416 UTC - from mc-8->source-3 "938" 14:46:04.607720820
[2023-07-19T14:46:07Z INFO  dt_instance] received at 2023-07-19 14:46:07.273107317 UTC - from mc-8->source-5 "938" 14:46:07.123884929
[2023-07-19T14:46:09Z INFO  dt_instance] received at 2023-07-19 14:46:09.770496818 UTC - from mc-8->source-5 "943" 14:46:09.628856110
[2023-07-19T14:46:12Z INFO  dt_instance] received at 2023-07-19 14:46:12.150508126 UTC - from mc-8->source-5 "948" 14:46:12.136170225
[2023-07-19T14:46:14Z INFO  dt_instance] received at 2023-07-19 14:46:14.688689187 UTC - from mc-8->source-5 "953" 14:46:14.641167035
[2023-07-19T14:46:17Z INFO  dt_instance] received at 2023-07-19 14:46:17.170433789 UTC - from mc-8->source-3 "963" 14:46:17.141991444
[2023-07-19T14:46:19Z INFO  dt_instance] received at 2023-07-19 14:46:19.779852034 UTC - from mc-8->source-7 "958" 14:46:19.518058070
[2023-07-19T14:46:22Z INFO  dt_instance] received at 2023-07-19 14:46:22.179307327 UTC - from mc-8->source-5 "968" 14:46:22.159119988
[2023-07-19T14:46:24Z INFO  dt_instance] received at 2023-07-19 14:46:24.673287488 UTC - from mc-8->source-5 "973" 14:46:24.664365738
[2023-07-19T14:46:27Z INFO  dt_instance] received at 2023-07-19 14:46:27.173037701 UTC - from mc-8->source-5 "978" 14:46:27.168986557
[2023-07-19T14:46:29Z INFO  dt_instance] received at 2023-07-19 14:46:29.685562045 UTC - from mc-8->source-5 "983" 14:46:29.674582173
[2023-07-19T14:46:32Z INFO  dt_instance] received at 2023-07-19 14:46:32.335421452 UTC - from mc-8->source-4 "991" 14:46:32.316939143
[2023-07-19T14:46:35Z INFO  dt_instance] received at 2023-07-19 14:46:35.561585168 UTC - from mc-8->source-7 "990" 14:46:35.560195168
[2023-07-19T14:46:42Z INFO  dt_instance] received at 2023-07-19 14:46:42.643050378 UTC - from mc-8->source-9 "999" 14:46:42.636163456
