[2023-07-19T14:29:52Z INFO  dt_instance] Current Twin: mc-twin-2
[2023-07-19T14:29:52Z INFO  dt_instance] Replica Name twin-mc-stateful-2
[2023-07-19T14:29:52Z INFO  dt_instance] Sleeping for 100
[2023-07-19T14:31:32Z INFO  dt_instance] Connecting to broker at emqx.dtwins:1883
[2023-07-19T14:31:32Z INFO  dt_instance] Loggin info each 50 messages
[2023-07-19T14:31:32Z INFO  dt_instance] Set max packet size to 60000 KB.
[2023-07-19T14:31:32Z INFO  dt_instance] Refreshing topics for twin - Listen to mc-2/#
[2023-07-19T14:31:32Z INFO  dt_instance] SubAck { pkid: 1, return_codes: [Success(ExactlyOnce)] }
[2023-07-19T14:32:43Z INFO  dt_instance] received at 2023-07-19 14:32:43.108202097 UTC - from mc-2->source-2 "9" 14:32:43.107051811
[2023-07-19T14:32:46Z INFO  dt_instance] received at 2023-07-19 14:32:46.372352296 UTC - from mc-2->source-3 "13" 14:32:46.371018121
[2023-07-19T14:32:48Z INFO  dt_instance] received at 2023-07-19 14:32:48.878311001 UTC - from mc-2->source-1 "23" 14:32:48.877376706
[2023-07-19T14:32:51Z INFO  dt_instance] received at 2023-07-19 14:32:51.384073381 UTC - from mc-2->source-3 "23" 14:32:51.382657383
[2023-07-19T14:32:53Z INFO  dt_instance] received at 2023-07-19 14:32:53.890278917 UTC - from mc-2->source-3 "28" 14:32:53.889447283
[2023-07-19T14:32:56Z INFO  dt_instance] received at 2023-07-19 14:32:56.396698712 UTC - from mc-2->source-3 "33" 14:32:56.395313401
[2023-07-19T14:32:58Z INFO  dt_instance] received at 2023-07-19 14:32:58.901695941 UTC - from mc-2->source-3 "38" 14:32:58.900587937
[2023-07-19T14:33:01Z INFO  dt_instance] received at 2023-07-19 14:33:01.407488785 UTC - from mc-2->source-3 "43" 14:33:01.406664656
[2023-07-19T14:33:03Z INFO  dt_instance] received at 2023-07-19 14:33:03.912695426 UTC - from mc-2->source-3 "48" 14:33:03.911715045
[2023-07-19T14:33:06Z INFO  dt_instance] received at 2023-07-19 14:33:06.417482822 UTC - from mc-2->source-3 "53" 14:33:06.416501476
[2023-07-19T14:33:08Z INFO  dt_instance] received at 2023-07-19 14:33:08.925488414 UTC - from mc-2->source-1 "63" 14:33:08.924591157
[2023-07-19T14:33:11Z INFO  dt_instance] received at 2023-07-19 14:33:11.434276181 UTC - from mc-2->source-1 "68" 14:33:11.433461846
[2023-07-19T14:33:13Z INFO  dt_instance] received at 2023-07-19 14:33:13.941501048 UTC - from mc-2->source-1 "73" 14:33:13.940526033
[2023-07-19T14:33:16Z INFO  dt_instance] received at 2023-07-19 14:33:16.448867158 UTC - from mc-2->source-5 "68" 14:33:16.447184696
[2023-07-19T14:33:18Z INFO  dt_instance] received at 2023-07-19 14:33:18.956413571 UTC - from mc-2->source-1 "83" 14:33:18.955004489
[2023-07-19T14:33:21Z INFO  dt_instance] received at 2023-07-19 14:33:21.463510268 UTC - from mc-2->source-1 "88" 14:33:21.462378715
[2023-07-19T14:33:23Z INFO  dt_instance] received at 2023-07-19 14:33:23.969507028 UTC - from mc-2->source-1 "93" 14:33:23.968162288
[2023-07-19T14:33:26Z INFO  dt_instance] received at 2023-07-19 14:33:26.475693055 UTC - from mc-2->source-1 "98" 14:33:26.474926905
[2023-07-19T14:33:28Z INFO  dt_instance] received at 2023-07-19 14:33:28.995293879 UTC - from mc-2->source-1 "103" 14:33:28.980958119
[2023-07-19T14:33:31Z INFO  dt_instance] received at 2023-07-19 14:33:31.487191645 UTC - from mc-2->source-5 "98" 14:33:31.486126600
[2023-07-19T14:33:33Z INFO  dt_instance] received at 2023-07-19 14:33:33.993285080 UTC - from mc-2->source-1 "113" 14:33:33.991931324
[2023-07-19T14:33:36Z INFO  dt_instance] received at 2023-07-19 14:33:36.499505046 UTC - from mc-2->source-5 "108" 14:33:36.498300509
[2023-07-19T14:33:39Z INFO  dt_instance] received at 2023-07-19 14:33:39.005587419 UTC - from mc-2->source-1 "123" 14:33:39.004694535
[2023-07-19T14:33:41Z INFO  dt_instance] received at 2023-07-19 14:33:41.600168648 UTC - from mc-2->source-3 "123" 14:33:41.502074857
[2023-07-19T14:33:44Z INFO  dt_instance] received at 2023-07-19 14:33:44.021940996 UTC - from mc-2->source-1 "133" 14:33:44.016849770
[2023-07-19T14:33:46Z INFO  dt_instance] received at 2023-07-19 14:33:46.532477514 UTC - from mc-2->source-1 "138" 14:33:46.530178804
[2023-07-19T14:33:49Z INFO  dt_instance] received at 2023-07-19 14:33:49.037111745 UTC - from mc-2->source-1 "143" 14:33:49.036274108
[2023-07-19T14:33:51Z INFO  dt_instance] received at 2023-07-19 14:33:51.544865318 UTC - from mc-2->source-1 "148" 14:33:51.543693904
[2023-07-19T14:33:54Z INFO  dt_instance] received at 2023-07-19 14:33:54.051414265 UTC - from mc-2->source-1 "153" 14:33:54.049955955
[2023-07-19T14:33:56Z INFO  dt_instance] received at 2023-07-19 14:33:56.593840148 UTC - from mc-2->source-1 "158" 14:33:56.554534720
[2023-07-19T14:33:59Z INFO  dt_instance] received at 2023-07-19 14:33:59.066178458 UTC - from mc-2->source-1 "163" 14:33:59.060979342
[2023-07-19T14:34:01Z INFO  dt_instance] received at 2023-07-19 14:34:01.567877331 UTC - from mc-2->source-1 "168" 14:34:01.566849611
[2023-07-19T14:34:04Z INFO  dt_instance] received at 2023-07-19 14:34:04.074121115 UTC - from mc-2->source-1 "173" 14:34:04.072473383
[2023-07-19T14:34:06Z INFO  dt_instance] received at 2023-07-19 14:34:06.580795037 UTC - from mc-2->source-1 "178" 14:34:06.578779519
[2023-07-19T14:34:09Z INFO  dt_instance] received at 2023-07-19 14:34:09.084487074 UTC - from mc-2->source-1 "183" 14:34:09.083500098
[2023-07-19T14:34:11Z INFO  dt_instance] received at 2023-07-19 14:34:11.591460472 UTC - from mc-2->source-1 "188" 14:34:11.590019805
[2023-07-19T14:34:14Z INFO  dt_instance] received at 2023-07-19 14:34:14.099871308 UTC - from mc-2->source-1 "193" 14:34:14.099120447
[2023-07-19T14:34:16Z INFO  dt_instance] received at 2023-07-19 14:34:16.605845310 UTC - from mc-2->source-1 "198" 14:34:16.605003787
[2023-07-19T14:34:19Z INFO  dt_instance] received at 2023-07-19 14:34:19.110667027 UTC - from mc-2->source-1 "203" 14:34:19.109547741
[2023-07-19T14:34:21Z INFO  dt_instance] received at 2023-07-19 14:34:21.618636104 UTC - from mc-2->source-1 "208" 14:34:21.617312402
[2023-07-19T14:34:24Z INFO  dt_instance] received at 2023-07-19 14:34:24.124884420 UTC - from mc-2->source-1 "213" 14:34:24.123408493
[2023-07-19T14:34:26Z INFO  dt_instance] received at 2023-07-19 14:34:26.629914484 UTC - from mc-2->source-1 "218" 14:34:26.628472446
[2023-07-19T14:34:29Z INFO  dt_instance] received at 2023-07-19 14:34:29.135448390 UTC - from mc-2->source-1 "223" 14:34:29.134138002
[2023-07-19T14:34:31Z INFO  dt_instance] received at 2023-07-19 14:34:31.640271824 UTC - from mc-2->source-1 "228" 14:34:31.639165306
[2023-07-19T14:34:34Z INFO  dt_instance] received at 2023-07-19 14:34:34.144548140 UTC - from mc-2->source-1 "233" 14:34:34.143658346
[2023-07-19T14:34:36Z INFO  dt_instance] received at 2023-07-19 14:34:36.650076771 UTC - from mc-2->source-1 "238" 14:34:36.649102464
[2023-07-19T14:34:39Z INFO  dt_instance] received at 2023-07-19 14:34:39.167220876 UTC - from mc-2->source-1 "243" 14:34:39.153956723
[2023-07-19T14:34:41Z INFO  dt_instance] received at 2023-07-19 14:34:41.661379512 UTC - from mc-2->source-1 "248" 14:34:41.660413779
[2023-07-19T14:34:44Z INFO  dt_instance] received at 2023-07-19 14:34:44.167750451 UTC - from mc-2->source-1 "253" 14:34:44.166887682
[2023-07-19T14:34:46Z INFO  dt_instance] received at 2023-07-19 14:34:46.672580373 UTC - from mc-2->source-1 "258" 14:34:46.671766348
[2023-07-19T14:34:49Z INFO  dt_instance] received at 2023-07-19 14:34:49.178932770 UTC - from mc-2->source-3 "258" 14:34:49.177817004
[2023-07-19T14:34:51Z INFO  dt_instance] received at 2023-07-19 14:34:51.698130563 UTC - from mc-2->source-1 "268" 14:34:51.696630119
[2023-07-19T14:34:54Z INFO  dt_instance] received at 2023-07-19 14:34:54.205209540 UTC - from mc-2->source-1 "273" 14:34:54.203665218
[2023-07-19T14:34:56Z INFO  dt_instance] received at 2023-07-19 14:34:56.712592666 UTC - from mc-2->source-5 "268" 14:34:56.711580988
[2023-07-19T14:34:59Z INFO  dt_instance] received at 2023-07-19 14:34:59.221790139 UTC - from mc-2->source-5 "273" 14:34:59.217588784
[2023-07-19T14:35:01Z INFO  dt_instance] received at 2023-07-19 14:35:01.724446172 UTC - from mc-2->source-5 "278" 14:35:01.723018233
[2023-07-19T14:35:04Z INFO  dt_instance] received at 2023-07-19 14:35:04.231776638 UTC - from mc-2->source-5 "283" 14:35:04.227843127
[2023-07-19T14:35:06Z INFO  dt_instance] received at 2023-07-19 14:35:06.737497494 UTC - from mc-2->source-1 "298" 14:35:06.736403714
[2023-07-19T14:35:09Z INFO  dt_instance] received at 2023-07-19 14:35:09.243281995 UTC - from mc-2->source-5 "293" 14:35:09.242489080
[2023-07-19T14:35:11Z INFO  dt_instance] received at 2023-07-19 14:35:11.751214260 UTC - from mc-2->source-1 "308" 14:35:11.750082913
[2023-07-19T14:35:14Z INFO  dt_instance] received at 2023-07-19 14:35:14.257413839 UTC - from mc-2->source-1 "313" 14:35:14.255540610
[2023-07-19T14:35:16Z INFO  dt_instance] received at 2023-07-19 14:35:16.762022492 UTC - from mc-2->source-5 "308" 14:35:16.761136594
[2023-07-19T14:35:19Z INFO  dt_instance] received at 2023-07-19 14:35:19.272398997 UTC - from mc-2->source-5 "313" 14:35:19.271318182
[2023-07-19T14:35:21Z INFO  dt_instance] received at 2023-07-19 14:35:21.789058153 UTC - from mc-2->source-5 "318" 14:35:21.787389757
[2023-07-19T14:35:24Z INFO  dt_instance] received at 2023-07-19 14:35:24.297118411 UTC - from mc-2->source-5 "323" 14:35:24.294464645
[2023-07-19T14:35:26Z INFO  dt_instance] received at 2023-07-19 14:35:26.802014972 UTC - from mc-2->source-1 "338" 14:35:26.800953295
[2023-07-19T14:35:29Z INFO  dt_instance] received at 2023-07-19 14:35:29.308642813 UTC - from mc-2->source-5 "333" 14:35:29.307194073
[2023-07-19T14:35:31Z INFO  dt_instance] received at 2023-07-19 14:35:31.813772600 UTC - from mc-2->source-5 "338" 14:35:31.812819817
[2023-07-19T14:35:34Z INFO  dt_instance] received at 2023-07-19 14:35:34.318957552 UTC - from mc-2->source-5 "343" 14:35:34.317857468
[2023-07-19T14:35:36Z INFO  dt_instance] received at 2023-07-19 14:35:36.824523896 UTC - from mc-2->source-5 "348" 14:35:36.823113278
[2023-07-19T14:35:39Z INFO  dt_instance] received at 2023-07-19 14:35:39.329947467 UTC - from mc-2->source-5 "353" 14:35:39.327725584
[2023-07-19T14:35:41Z INFO  dt_instance] received at 2023-07-19 14:35:41.833755657 UTC - from mc-2->source-5 "358" 14:35:41.832890766
[2023-07-19T14:35:44Z INFO  dt_instance] received at 2023-07-19 14:35:44.341243673 UTC - from mc-2->source-5 "363" 14:35:44.337723493
[2023-07-19T14:35:46Z INFO  dt_instance] received at 2023-07-19 14:35:46.845188487 UTC - from mc-2->source-5 "368" 14:35:46.844289032
[2023-07-19T14:35:49Z INFO  dt_instance] received at 2023-07-19 14:35:49.351221944 UTC - from mc-2->source-1 "383" 14:35:49.350084205
[2023-07-19T14:35:51Z INFO  dt_instance] received at 2023-07-19 14:35:51.857573371 UTC - from mc-2->source-1 "388" 14:35:51.856344391
[2023-07-19T14:35:54Z INFO  dt_instance] received at 2023-07-19 14:35:54.362712069 UTC - from mc-2->source-1 "393" 14:35:54.361478326
[2023-07-19T14:35:56Z INFO  dt_instance] received at 2023-07-19 14:35:56.873898068 UTC - from mc-2->source-1 "398" 14:35:56.869670163
[2023-07-19T14:35:59Z INFO  dt_instance] received at 2023-07-19 14:35:59.375870335 UTC - from mc-2->source-1 "403" 14:35:59.375053109
[2023-07-19T14:36:01Z INFO  dt_instance] received at 2023-07-19 14:36:01.881044228 UTC - from mc-2->source-1 "408" 14:36:01.880177245
[2023-07-19T14:36:04Z INFO  dt_instance] received at 2023-07-19 14:36:04.387792865 UTC - from mc-2->source-1 "413" 14:36:04.386475328
[2023-07-19T14:36:06Z INFO  dt_instance] received at 2023-07-19 14:36:06.894102760 UTC - from mc-2->source-1 "418" 14:36:06.893157134
[2023-07-19T14:36:09Z INFO  dt_instance] received at 2023-07-19 14:36:09.399478558 UTC - from mc-2->source-1 "423" 14:36:09.398198321
[2023-07-19T14:36:11Z INFO  dt_instance] received at 2023-07-19 14:36:11.905473268 UTC - from mc-2->source-1 "428" 14:36:11.904539109
[2023-07-19T14:36:14Z INFO  dt_instance] received at 2023-07-19 14:36:14.417628929 UTC - from mc-2->source-1 "433" 14:36:14.410851712
[2023-07-19T14:36:16Z INFO  dt_instance] received at 2023-07-19 14:36:16.917760010 UTC - from mc-2->source-1 "438" 14:36:16.916630842
[2023-07-19T14:36:19Z INFO  dt_instance] received at 2023-07-19 14:36:19.422611057 UTC - from mc-2->source-1 "443" 14:36:19.421584119
[2023-07-19T14:36:21Z INFO  dt_instance] received at 2023-07-19 14:36:21.927692245 UTC - from mc-2->source-1 "448" 14:36:21.926880889
[2023-07-19T14:36:24Z INFO  dt_instance] received at 2023-07-19 14:36:24.436332113 UTC - from mc-2->source-1 "453" 14:36:24.433544396
[2023-07-19T14:36:26Z INFO  dt_instance] received at 2023-07-19 14:36:26.939635796 UTC - from mc-2->source-1 "458" 14:36:26.938704063
[2023-07-19T14:36:29Z INFO  dt_instance] received at 2023-07-19 14:36:29.459914708 UTC - from mc-2->source-1 "463" 14:36:29.444241758
[2023-07-19T14:36:31Z INFO  dt_instance] received at 2023-07-19 14:36:31.951293074 UTC - from mc-2->source-5 "458" 14:36:31.950227857
[2023-07-19T14:36:34Z INFO  dt_instance] received at 2023-07-19 14:36:34.458221106 UTC - from mc-2->source-1 "473" 14:36:34.455911320
[2023-07-19T14:36:36Z INFO  dt_instance] received at 2023-07-19 14:36:36.964733588 UTC - from mc-2->source-7 "463" 14:36:36.963436617
[2023-07-19T14:36:39Z INFO  dt_instance] received at 2023-07-19 14:36:39.469523708 UTC - from mc-2->source-7 "468" 14:36:39.468700890
[2023-07-19T14:36:41Z INFO  dt_instance] received at 2023-07-19 14:36:41.975863139 UTC - from mc-2->source-5 "478" 14:36:41.974922084
[2023-07-19T14:36:44Z INFO  dt_instance] received at 2023-07-19 14:36:44.482998811 UTC - from mc-2->source-5 "483" 14:36:44.481508585
[2023-07-19T14:36:46Z INFO  dt_instance] received at 2023-07-19 14:36:46.993281964 UTC - from mc-2->source-5 "488" 14:36:46.991512846
[2023-07-19T14:36:49Z INFO  dt_instance] received at 2023-07-19 14:36:49.497546015 UTC - from mc-2->source-5 "493" 14:36:49.496620269
[2023-07-19T14:36:52Z INFO  dt_instance] received at 2023-07-19 14:36:52.005298646 UTC - from mc-2->source-5 "498" 14:36:52.003888630
[2023-07-19T14:36:54Z INFO  dt_instance] received at 2023-07-19 14:36:54.515974028 UTC - from mc-2->source-5 "503" 14:36:54.509195811
[2023-07-19T14:36:57Z INFO  dt_instance] received at 2023-07-19 14:36:57.017121449 UTC - from mc-2->source-1 "518" 14:36:57.015940874
[2023-07-19T14:36:59Z INFO  dt_instance] received at 2023-07-19 14:36:59.526153111 UTC - from mc-2->source-5 "513" 14:36:59.523377125
[2023-07-19T14:37:02Z INFO  dt_instance] received at 2023-07-19 14:37:02.031204 UTC - from mc-2->source-5 "518" 14:37:02.029753793
[2023-07-19T14:37:04Z INFO  dt_instance] received at 2023-07-19 14:37:04.538126637 UTC - from mc-2->source-5 "523" 14:37:04.535829679
[2023-07-19T14:37:07Z INFO  dt_instance] received at 2023-07-19 14:37:07.045153947 UTC - from mc-2->source-5 "528" 14:37:07.043746317
[2023-07-19T14:37:09Z INFO  dt_instance] received at 2023-07-19 14:37:09.550817165 UTC - from mc-2->source-5 "533" 14:37:09.548647495
[2023-07-19T14:37:12Z INFO  dt_instance] received at 2023-07-19 14:37:12.056102173 UTC - from mc-2->source-5 "538" 14:37:12.054949356
[2023-07-19T14:37:14Z INFO  dt_instance] received at 2023-07-19 14:37:14.566890849 UTC - from mc-2->source-5 "543" 14:37:14.560525598
[2023-07-19T14:37:17Z INFO  dt_instance] received at 2023-07-19 14:37:17.069483960 UTC - from mc-2->source-5 "548" 14:37:17.068447057
[2023-07-19T14:37:19Z INFO  dt_instance] received at 2023-07-19 14:37:19.576485851 UTC - from mc-2->source-5 "553" 14:37:19.575064976
[2023-07-19T14:37:22Z INFO  dt_instance] received at 2023-07-19 14:37:22.082213627 UTC - from mc-2->source-5 "558" 14:37:22.080754802
[2023-07-19T14:37:24Z INFO  dt_instance] received at 2023-07-19 14:37:24.590026689 UTC - from mc-2->source-5 "563" 14:37:24.588119958
[2023-07-19T14:37:27Z INFO  dt_instance] received at 2023-07-19 14:37:27.094003188 UTC - from mc-2->source-5 "568" 14:37:27.093101204
[2023-07-19T14:37:29Z INFO  dt_instance] received at 2023-07-19 14:37:29.607031026 UTC - from mc-2->source-5 "573" 14:37:29.598355717
[2023-07-19T14:37:32Z INFO  dt_instance] received at 2023-07-19 14:37:32.104379789 UTC - from mc-2->source-5 "578" 14:37:32.102928969
[2023-07-19T14:37:34Z INFO  dt_instance] received at 2023-07-19 14:37:34.611491074 UTC - from mc-2->source-5 "583" 14:37:34.610450700
[2023-07-19T14:37:37Z INFO  dt_instance] received at 2023-07-19 14:37:37.117000045 UTC - from mc-2->source-5 "588" 14:37:37.115875034
[2023-07-19T14:37:39Z INFO  dt_instance] received at 2023-07-19 14:37:39.641010335 UTC - from mc-2->source-5 "593" 14:37:39.622969661
[2023-07-19T14:37:42Z INFO  dt_instance] received at 2023-07-19 14:37:42.129725665 UTC - from mc-2->source-5 "598" 14:37:42.128748701
[2023-07-19T14:37:44Z INFO  dt_instance] received at 2023-07-19 14:37:44.636673896 UTC - from mc-2->source-5 "603" 14:37:44.635171800
[2023-07-19T14:37:47Z INFO  dt_instance] received at 2023-07-19 14:37:47.141437606 UTC - from mc-2->source-5 "608" 14:37:47.140640375
[2023-07-19T14:37:49Z INFO  dt_instance] received at 2023-07-19 14:37:49.647441072 UTC - from mc-2->source-5 "613" 14:37:49.646161461
[2023-07-19T14:37:52Z INFO  dt_instance] received at 2023-07-19 14:37:52.153362611 UTC - from mc-2->source-5 "618" 14:37:52.152176885
[2023-07-19T14:37:54Z INFO  dt_instance] received at 2023-07-19 14:37:54.658104685 UTC - from mc-2->source-5 "623" 14:37:54.656731462
[2023-07-19T14:37:57Z INFO  dt_instance] received at 2023-07-19 14:37:57.177854208 UTC - from mc-2->source-5 "628" 14:37:57.173433956
[2023-07-19T14:37:59Z INFO  dt_instance] received at 2023-07-19 14:37:59.699435428 UTC - from mc-2->source-5 "633" 14:37:59.680372442
[2023-07-19T14:38:02Z INFO  dt_instance] received at 2023-07-19 14:38:02.192839259 UTC - from mc-2->source-5 "638" 14:38:02.190126876
[2023-07-19T14:38:04Z INFO  dt_instance] received at 2023-07-19 14:38:04.697398144 UTC - from mc-2->source-5 "643" 14:38:04.695019794
[2023-07-19T14:38:07Z INFO  dt_instance] received at 2023-07-19 14:38:07.201429479 UTC - from mc-2->source-5 "648" 14:38:07.200461346
[2023-07-19T14:38:09Z INFO  dt_instance] received at 2023-07-19 14:38:09.707057864 UTC - from mc-2->source-5 "653" 14:38:09.705996684
[2023-07-19T14:38:12Z INFO  dt_instance] received at 2023-07-19 14:38:12.262987348 UTC - from mc-2->source-5 "658" 14:38:12.210958446
[2023-07-19T14:38:14Z INFO  dt_instance] received at 2023-07-19 14:38:14.734743685 UTC - from mc-2->source-1 "673" 14:38:14.716542382
[2023-07-19T14:38:17Z INFO  dt_instance] received at 2023-07-19 14:38:17.226463546 UTC - from mc-2->source-5 "668" 14:38:17.224867942
[2023-07-19T14:38:19Z INFO  dt_instance] received at 2023-07-19 14:38:19.732284906 UTC - from mc-2->source-5 "673" 14:38:19.731348432
[2023-07-19T14:38:22Z INFO  dt_instance] received at 2023-07-19 14:38:22.246835782 UTC - from mc-2->source-5 "678" 14:38:22.237468485
[2023-07-19T14:38:24Z INFO  dt_instance] received at 2023-07-19 14:38:24.744613849 UTC - from mc-2->source-5 "683" 14:38:24.743252133
[2023-07-19T14:38:27Z INFO  dt_instance] received at 2023-07-19 14:38:27.252294938 UTC - from mc-2->source-5 "688" 14:38:27.250933910
[2023-07-19T14:38:29Z INFO  dt_instance] received at 2023-07-19 14:38:29.757133764 UTC - from mc-2->source-5 "693" 14:38:29.755923321
[2023-07-19T14:38:32Z INFO  dt_instance] received at 2023-07-19 14:38:32.263128432 UTC - from mc-2->source-5 "698" 14:38:32.260629364
[2023-07-19T14:38:34Z INFO  dt_instance] received at 2023-07-19 14:38:34.767496484 UTC - from mc-2->source-5 "703" 14:38:34.766397284
[2023-07-19T14:38:37Z INFO  dt_instance] received at 2023-07-19 14:38:37.273075321 UTC - from mc-2->source-5 "708" 14:38:37.272403087
[2023-07-19T14:38:39Z INFO  dt_instance] received at 2023-07-19 14:38:39.781277975 UTC - from mc-2->source-5 "713" 14:38:39.779714703
[2023-07-19T14:38:42Z INFO  dt_instance] received at 2023-07-19 14:38:42.286128504 UTC - from mc-2->source-5 "718" 14:38:42.284894640
[2023-07-19T14:38:44Z INFO  dt_instance] received at 2023-07-19 14:38:44.792688646 UTC - from mc-2->source-5 "723" 14:38:44.791484596
[2023-07-19T14:38:47Z INFO  dt_instance] received at 2023-07-19 14:38:47.307716499 UTC - from mc-2->source-5 "728" 14:38:47.297953612
[2023-07-19T14:38:49Z INFO  dt_instance] received at 2023-07-19 14:38:49.811857807 UTC - from mc-2->source-1 "743" 14:38:49.810839531
[2023-07-19T14:38:52Z INFO  dt_instance] received at 2023-07-19 14:38:52.322423742 UTC - from mc-2->source-5 "738" 14:38:52.320349738
[2023-07-19T14:38:54Z INFO  dt_instance] received at 2023-07-19 14:38:54.827775201 UTC - from mc-2->source-1 "753" 14:38:54.826343621
[2023-07-19T14:38:57Z INFO  dt_instance] received at 2023-07-19 14:38:57.335278101 UTC - from mc-2->source-1 "758" 14:38:57.333596117
[2023-07-19T14:38:59Z INFO  dt_instance] received at 2023-07-19 14:38:59.842245967 UTC - from mc-2->source-1 "763" 14:38:59.839842310
[2023-07-19T14:39:02Z INFO  dt_instance] received at 2023-07-19 14:39:02.348429270 UTC - from mc-2->source-1 "768" 14:39:02.346964266
[2023-07-19T14:39:04Z INFO  dt_instance] received at 2023-07-19 14:39:04.854993452 UTC - from mc-2->source-1 "773" 14:39:04.851900692
[2023-07-19T14:39:07Z INFO  dt_instance] received at 2023-07-19 14:39:07.370559209 UTC - from mc-2->source-5 "768" 14:39:07.357538941
[2023-07-19T14:39:09Z INFO  dt_instance] received at 2023-07-19 14:39:09.880955045 UTC - from mc-2->source-5 "773" 14:39:09.863980731
[2023-07-19T14:39:12Z INFO  dt_instance] received at 2023-07-19 14:39:12.371509944 UTC - from mc-2->source-5 "778" 14:39:12.369913277
[2023-07-19T14:39:14Z INFO  dt_instance] received at 2023-07-19 14:39:14.876665783 UTC - from mc-2->source-5 "783" 14:39:14.875611287
[2023-07-19T14:39:17Z INFO  dt_instance] received at 2023-07-19 14:39:17.384410902 UTC - from mc-2->source-5 "788" 14:39:17.383059073
[2023-07-19T14:39:19Z INFO  dt_instance] received at 2023-07-19 14:39:19.894580157 UTC - from mc-2->source-1 "803" 14:39:19.888569444
[2023-07-19T14:39:22Z INFO  dt_instance] received at 2023-07-19 14:39:22.406010802 UTC - from mc-2->source-5 "798" 14:39:22.400486680
[2023-07-19T14:39:24Z INFO  dt_instance] received at 2023-07-19 14:39:24.906879796 UTC - from mc-2->source-5 "803" 14:39:24.905646354
[2023-07-19T14:39:27Z INFO  dt_instance] received at 2023-07-19 14:39:27.412107712 UTC - from mc-2->source-5 "808" 14:39:27.411134484
[2023-07-19T14:39:29Z INFO  dt_instance] received at 2023-07-19 14:39:29.927023980 UTC - from mc-2->source-5 "813" 14:39:29.915980169
[2023-07-19T14:39:32Z INFO  dt_instance] received at 2023-07-19 14:39:32.424093154 UTC - from mc-2->source-5 "818" 14:39:32.421512367
[2023-07-19T14:39:34Z INFO  dt_instance] received at 2023-07-19 14:39:34.930893414 UTC - from mc-2->source-5 "823" 14:39:34.929194439
[2023-07-19T14:39:37Z INFO  dt_instance] received at 2023-07-19 14:39:37.436113461 UTC - from mc-2->source-5 "828" 14:39:37.435041812
[2023-07-19T14:39:39Z INFO  dt_instance] received at 2023-07-19 14:39:39.941916440 UTC - from mc-2->source-5 "833" 14:39:39.940017441
[2023-07-19T14:39:42Z INFO  dt_instance] received at 2023-07-19 14:39:42.447600663 UTC - from mc-2->source-5 "838" 14:39:42.445862122
[2023-07-19T14:39:44Z INFO  dt_instance] received at 2023-07-19 14:39:44.951961470 UTC - from mc-2->source-5 "843" 14:39:44.950939250
[2023-07-19T14:39:47Z INFO  dt_instance] received at 2023-07-19 14:39:47.457847928 UTC - from mc-2->source-5 "848" 14:39:47.456962883
[2023-07-19T14:39:49Z INFO  dt_instance] received at 2023-07-19 14:39:49.964986122 UTC - from mc-2->source-5 "853" 14:39:49.963101826
[2023-07-19T14:39:52Z INFO  dt_instance] received at 2023-07-19 14:39:52.469421863 UTC - from mc-2->source-5 "858" 14:39:52.468520105
[2023-07-19T14:39:54Z INFO  dt_instance] received at 2023-07-19 14:39:54.980735472 UTC - from mc-2->source-5 "863" 14:39:54.978611579
[2023-07-19T14:39:57Z INFO  dt_instance] received at 2023-07-19 14:39:57.486069232 UTC - from mc-2->source-5 "868" 14:39:57.484881462
[2023-07-19T14:39:59Z INFO  dt_instance] received at 2023-07-19 14:39:59.996680063 UTC - from mc-2->source-5 "873" 14:39:59.993316652
[2023-07-19T14:40:02Z INFO  dt_instance] received at 2023-07-19 14:40:02.499950393 UTC - from mc-2->source-5 "878" 14:40:02.498408922
[2023-07-19T14:40:05Z INFO  dt_instance] received at 2023-07-19 14:40:05.005633944 UTC - from mc-2->source-5 "883" 14:40:05.003162756
[2023-07-19T14:40:07Z INFO  dt_instance] received at 2023-07-19 14:40:07.508727759 UTC - from mc-2->source-5 "888" 14:40:07.507928001
[2023-07-19T14:40:10Z INFO  dt_instance] received at 2023-07-19 14:40:10.017758471 UTC - from mc-2->source-5 "893" 14:40:10.015670714
[2023-07-19T14:40:12Z INFO  dt_instance] received at 2023-07-19 14:40:12.522176217 UTC - from mc-2->source-1 "908" 14:40:12.521039148
[2023-07-19T14:40:15Z INFO  dt_instance] received at 2023-07-19 14:40:15.029505504 UTC - from mc-2->source-1 "913" 14:40:15.026549280
[2023-07-19T14:40:17Z INFO  dt_instance] received at 2023-07-19 14:40:17.534673982 UTC - from mc-2->source-1 "918" 14:40:17.533607954
[2023-07-19T14:40:20Z INFO  dt_instance] received at 2023-07-19 14:40:20.047540172 UTC - from mc-2->source-5 "913" 14:40:20.043493975
[2023-07-19T14:40:22Z INFO  dt_instance] received at 2023-07-19 14:40:22.550755573 UTC - from mc-2->source-1 "928" 14:40:22.549709527
[2023-07-19T14:40:25Z INFO  dt_instance] received at 2023-07-19 14:40:25.057027056 UTC - from mc-2->source-1 "933" 14:40:25.056335308
[2023-07-19T14:40:27Z INFO  dt_instance] received at 2023-07-19 14:40:27.563627762 UTC - from mc-2->source-1 "938" 14:40:27.562594846
[2023-07-19T14:40:30Z INFO  dt_instance] received at 2023-07-19 14:40:30.071192766 UTC - from mc-2->source-1 "943" 14:40:30.068652068
[2023-07-19T14:40:32Z INFO  dt_instance] received at 2023-07-19 14:40:32.587662447 UTC - from mc-2->source-1 "948" 14:40:32.574528902
[2023-07-19T14:40:35Z INFO  dt_instance] received at 2023-07-19 14:40:35.081851803 UTC - from mc-2->source-1 "953" 14:40:35.080526445
[2023-07-19T14:40:37Z INFO  dt_instance] received at 2023-07-19 14:40:37.595897370 UTC - from mc-2->source-1 "958" 14:40:37.588741978
[2023-07-19T14:40:40Z INFO  dt_instance] received at 2023-07-19 14:40:40.100448564 UTC - from mc-2->source-1 "963" 14:40:40.094088632
[2023-07-19T14:40:42Z INFO  dt_instance] received at 2023-07-19 14:40:42.611585580 UTC - from mc-2->source-1 "968" 14:40:42.600032908
[2023-07-19T14:40:45Z INFO  dt_instance] received at 2023-07-19 14:40:45.106487661 UTC - from mc-2->source-1 "973" 14:40:45.105148074
[2023-07-19T14:40:47Z INFO  dt_instance] received at 2023-07-19 14:40:47.617005167 UTC - from mc-2->source-1 "978" 14:40:47.611293758
[2023-07-19T14:40:50Z INFO  dt_instance] received at 2023-07-19 14:40:50.120248247 UTC - from mc-2->source-1 "983" 14:40:50.115879127
[2023-07-19T14:40:52Z INFO  dt_instance] received at 2023-07-19 14:40:52.628453150 UTC - from mc-2->source-1 "988" 14:40:52.621199763
[2023-07-19T14:40:55Z INFO  dt_instance] received at 2023-07-19 14:40:55.129531862 UTC - from mc-2->source-1 "993" 14:40:55.128506203
[2023-07-19T14:40:57Z INFO  dt_instance] received at 2023-07-19 14:40:57.855651851 UTC - from mc-2->source-4 "991" 14:40:57.854390401
[2023-07-19T14:41:01Z INFO  dt_instance] received at 2023-07-19 14:41:01.064277039 UTC - from mc-2->source-9 "985" 14:41:01.062946376
[2023-07-19T14:41:08Z INFO  dt_instance] received at 2023-07-19 14:41:08.091615609 UTC - from mc-2->source-9 "999" 14:41:08.081262172
