[2023-06-27T16:38:50Z INFO  dt_instance] Current Twin: mc-twin-14
[2023-06-27T16:38:50Z INFO  dt_instance] Replica Name twin-mc-stateful-14
[2023-06-27T16:38:50Z INFO  dt_instance] Sleeping for 700
[2023-06-27T16:50:30Z INFO  dt_instance] Connecting to broker at emqx.dtwins:1883
[2023-06-27T16:50:30Z INFO  dt_instance] Loggin info each 50 messages
[2023-06-27T16:50:30Z INFO  dt_instance] Set max packet size to 60000 KB.
[2023-06-27T16:50:30Z INFO  dt_instance] Refreshing topics for twin - Listen to mc-14/#
[2023-06-27T16:50:30Z INFO  dt_instance] SubAck { pkid: 1, return_codes: [Success(ExactlyOnce)] }
[2023-06-27T16:51:40Z INFO  dt_instance] received at 2023-06-27 16:51:40.875110825 UTC - from mc-14->source-2 "9" 16:51:40.873644267
[2023-06-27T16:51:44Z INFO  dt_instance] received at 2023-06-27 16:51:44.129297821 UTC - from mc-14->source-3 "13" 16:51:44.127877052
[2023-06-27T16:51:46Z INFO  dt_instance] received at 2023-06-27 16:51:46.639637003 UTC - from mc-14->source-1 "23" 16:51:46.638573104
[2023-06-27T16:51:49Z INFO  dt_instance] received at 2023-06-27 16:51:49.145390045 UTC - from mc-14->source-1 "28" 16:51:49.144407009
[2023-06-27T16:51:51Z INFO  dt_instance] received at 2023-06-27 16:51:51.650016121 UTC - from mc-14->source-1 "33" 16:51:51.649262081
[2023-06-27T16:51:54Z INFO  dt_instance] received at 2023-06-27 16:51:54.155648538 UTC - from mc-14->source-1 "38" 16:51:54.154626644
[2023-06-27T16:51:56Z INFO  dt_instance] received at 2023-06-27 16:51:56.662044146 UTC - from mc-14->source-1 "43" 16:51:56.661146884
[2023-06-27T16:51:59Z INFO  dt_instance] received at 2023-06-27 16:51:59.169350085 UTC - from mc-14->source-1 "48" 16:51:59.168318952
[2023-06-27T16:52:01Z INFO  dt_instance] received at 2023-06-27 16:52:01.676805599 UTC - from mc-14->source-1 "53" 16:52:01.675600114
[2023-06-27T16:52:04Z INFO  dt_instance] received at 2023-06-27 16:52:04.184674065 UTC - from mc-14->source-1 "58" 16:52:04.181224899
[2023-06-27T16:52:06Z INFO  dt_instance] received at 2023-06-27 16:52:06.687990495 UTC - from mc-14->source-1 "63" 16:52:06.686987855
[2023-06-27T16:52:09Z INFO  dt_instance] received at 2023-06-27 16:52:09.193198318 UTC - from mc-14->source-1 "68" 16:52:09.192392762
[2023-06-27T16:52:11Z INFO  dt_instance] received at 2023-06-27 16:52:11.698987590 UTC - from mc-14->source-1 "73" 16:52:11.697788252
[2023-06-27T16:52:14Z INFO  dt_instance] received at 2023-06-27 16:52:14.205721846 UTC - from mc-14->source-1 "78" 16:52:14.204656126
[2023-06-27T16:52:16Z INFO  dt_instance] received at 2023-06-27 16:52:16.710774675 UTC - from mc-14->source-1 "83" 16:52:16.709707586
[2023-06-27T16:52:19Z INFO  dt_instance] received at 2023-06-27 16:52:19.216577278 UTC - from mc-14->source-1 "88" 16:52:19.215483123
[2023-06-27T16:52:21Z INFO  dt_instance] received at 2023-06-27 16:52:21.721568686 UTC - from mc-14->source-1 "93" 16:52:21.720790910
[2023-06-27T16:52:24Z INFO  dt_instance] received at 2023-06-27 16:52:24.228279015 UTC - from mc-14->source-1 "98" 16:52:24.227212556
[2023-06-27T16:52:26Z INFO  dt_instance] received at 2023-06-27 16:52:26.733689838 UTC - from mc-14->source-1 "103" 16:52:26.732236650
[2023-06-27T16:52:29Z INFO  dt_instance] received at 2023-06-27 16:52:29.238207743 UTC - from mc-14->source-1 "108" 16:52:29.237022354
[2023-06-27T16:52:31Z INFO  dt_instance] received at 2023-06-27 16:52:31.744049896 UTC - from mc-14->source-1 "113" 16:52:31.743116718
[2023-06-27T16:52:34Z INFO  dt_instance] received at 2023-06-27 16:52:34.250495508 UTC - from mc-14->source-5 "108" 16:52:34.245705271
[2023-06-27T16:52:36Z INFO  dt_instance] received at 2023-06-27 16:52:36.755709956 UTC - from mc-14->source-1 "123" 16:52:36.754808194
[2023-06-27T16:52:39Z INFO  dt_instance] received at 2023-06-27 16:52:39.265692639 UTC - from mc-14->source-1 "128" 16:52:39.263403722
[2023-06-27T16:52:41Z INFO  dt_instance] received at 2023-06-27 16:52:41.769152662 UTC - from mc-14->source-1 "133" 16:52:41.768140501
[2023-06-27T16:52:44Z INFO  dt_instance] received at 2023-06-27 16:52:44.274003140 UTC - from mc-14->source-1 "138" 16:52:44.272954695
[2023-06-27T16:52:46Z INFO  dt_instance] received at 2023-06-27 16:52:46.779312504 UTC - from mc-14->source-1 "143" 16:52:46.777700569
[2023-06-27T16:52:49Z INFO  dt_instance] received at 2023-06-27 16:52:49.285635666 UTC - from mc-14->source-1 "148" 16:52:49.284683789
[2023-06-27T16:52:51Z INFO  dt_instance] received at 2023-06-27 16:52:51.793708883 UTC - from mc-14->source-1 "153" 16:52:51.792594359
[2023-06-27T16:52:54Z INFO  dt_instance] received at 2023-06-27 16:52:54.299797535 UTC - from mc-14->source-1 "158" 16:52:54.298787226
[2023-06-27T16:52:56Z INFO  dt_instance] received at 2023-06-27 16:52:56.806659066 UTC - from mc-14->source-1 "163" 16:52:56.805683875
[2023-06-27T16:52:59Z INFO  dt_instance] received at 2023-06-27 16:52:59.312321962 UTC - from mc-14->source-1 "168" 16:52:59.310988162
[2023-06-27T16:53:01Z INFO  dt_instance] received at 2023-06-27 16:53:01.817404710 UTC - from mc-14->source-1 "173" 16:53:01.816374184
[2023-06-27T16:53:04Z INFO  dt_instance] received at 2023-06-27 16:53:04.321961833 UTC - from mc-14->source-1 "178" 16:53:04.320814763
[2023-06-27T16:53:06Z INFO  dt_instance] received at 2023-06-27 16:53:06.831699534 UTC - from mc-14->source-7 "168" 16:53:06.822370591
[2023-06-27T16:53:09Z INFO  dt_instance] received at 2023-06-27 16:53:09.336451320 UTC - from mc-14->source-7 "173" 16:53:09.335162423
[2023-06-27T16:53:11Z INFO  dt_instance] received at 2023-06-27 16:53:11.842869244 UTC - from mc-14->source-7 "178" 16:53:11.841501809
[2023-06-27T16:53:14Z INFO  dt_instance] received at 2023-06-27 16:53:14.346994088 UTC - from mc-14->source-7 "183" 16:53:14.345798234
[2023-06-27T16:53:16Z INFO  dt_instance] received at 2023-06-27 16:53:16.852638405 UTC - from mc-14->source-7 "188" 16:53:16.851520379
[2023-06-27T16:53:19Z INFO  dt_instance] received at 2023-06-27 16:53:19.357737018 UTC - from mc-14->source-1 "208" 16:53:19.356830506
[2023-06-27T16:53:21Z INFO  dt_instance] received at 2023-06-27 16:53:21.863356609 UTC - from mc-14->source-7 "198" 16:53:21.861820901
[2023-06-27T16:53:24Z INFO  dt_instance] received at 2023-06-27 16:53:24.368711276 UTC - from mc-14->source-7 "203" 16:53:24.367351177
[2023-06-27T16:53:26Z INFO  dt_instance] received at 2023-06-27 16:53:26.873663546 UTC - from mc-14->source-7 "208" 16:53:26.872715629
[2023-06-27T16:53:29Z INFO  dt_instance] received at 2023-06-27 16:53:29.378702965 UTC - from mc-14->source-7 "213" 16:53:29.377659449
[2023-06-27T16:53:31Z INFO  dt_instance] received at 2023-06-27 16:53:31.885911042 UTC - from mc-14->source-7 "218" 16:53:31.884617626
[2023-06-27T16:53:34Z INFO  dt_instance] received at 2023-06-27 16:53:34.391399195 UTC - from mc-14->source-7 "223" 16:53:34.390279913
[2023-06-27T16:53:36Z INFO  dt_instance] received at 2023-06-27 16:53:36.902757196 UTC - from mc-14->source-7 "228" 16:53:36.901411248
[2023-06-27T16:53:39Z INFO  dt_instance] received at 2023-06-27 16:53:39.408220403 UTC - from mc-14->source-7 "233" 16:53:39.406609358
[2023-06-27T16:53:41Z INFO  dt_instance] received at 2023-06-27 16:53:41.914257956 UTC - from mc-14->source-7 "238" 16:53:41.912737186
[2023-06-27T16:53:44Z INFO  dt_instance] received at 2023-06-27 16:53:44.420078783 UTC - from mc-14->source-7 "243" 16:53:44.418476249
[2023-06-27T16:53:46Z INFO  dt_instance] received at 2023-06-27 16:53:46.924662574 UTC - from mc-14->source-7 "248" 16:53:46.923416624
[2023-06-27T16:53:49Z INFO  dt_instance] received at 2023-06-27 16:53:49.431859009 UTC - from mc-14->source-7 "253" 16:53:49.429907085
[2023-06-27T16:53:51Z INFO  dt_instance] received at 2023-06-27 16:53:51.938788132 UTC - from mc-14->source-7 "258" 16:53:51.935572031
[2023-06-27T16:53:54Z INFO  dt_instance] received at 2023-06-27 16:53:54.442667580 UTC - from mc-14->source-7 "263" 16:53:54.441696002
[2023-06-27T16:53:56Z INFO  dt_instance] received at 2023-06-27 16:53:56.951396905 UTC - from mc-14->source-7 "268" 16:53:56.948383403
[2023-06-27T16:53:59Z INFO  dt_instance] received at 2023-06-27 16:53:59.454770771 UTC - from mc-14->source-1 "288" 16:53:59.453717495
[2023-06-27T16:54:01Z INFO  dt_instance] received at 2023-06-27 16:54:01.969120745 UTC - from mc-14->source-7 "278" 16:54:01.964851031
[2023-06-27T16:54:04Z INFO  dt_instance] received at 2023-06-27 16:54:04.475680402 UTC - from mc-14->source-7 "283" 16:54:04.474554525
[2023-06-27T16:54:06Z INFO  dt_instance] received at 2023-06-27 16:54:06.980231341 UTC - from mc-14->source-7 "288" 16:54:06.978838709
[2023-06-27T16:54:09Z INFO  dt_instance] received at 2023-06-27 16:54:09.486742247 UTC - from mc-14->source-7 "293" 16:54:09.484293143
[2023-06-27T16:54:11Z INFO  dt_instance] received at 2023-06-27 16:54:11.992365609 UTC - from mc-14->source-5 "303" 16:54:11.991015914
[2023-06-27T16:54:14Z INFO  dt_instance] received at 2023-06-27 16:54:14.498412510 UTC - from mc-14->source-5 "308" 16:54:14.496953998
[2023-06-27T16:54:17Z INFO  dt_instance] received at 2023-06-27 16:54:17.003904542 UTC - from mc-14->source-5 "313" 16:54:17.001968822
[2023-06-27T16:54:19Z INFO  dt_instance] received at 2023-06-27 16:54:19.508994504 UTC - from mc-14->source-5 "318" 16:54:19.507455524
[2023-06-27T16:54:22Z INFO  dt_instance] received at 2023-06-27 16:54:22.017707778 UTC - from mc-14->source-7 "318" 16:54:22.015870539
[2023-06-27T16:54:24Z INFO  dt_instance] received at 2023-06-27 16:54:24.525037089 UTC - from mc-14->source-5 "328" 16:54:24.523655754
[2023-06-27T16:54:27Z INFO  dt_instance] received at 2023-06-27 16:54:27.032110718 UTC - from mc-14->source-5 "333" 16:54:27.030139683
[2023-06-27T16:54:29Z INFO  dt_instance] received at 2023-06-27 16:54:29.536584614 UTC - from mc-14->source-5 "338" 16:54:29.534724320
[2023-06-27T16:54:32Z INFO  dt_instance] received at 2023-06-27 16:54:32.041171996 UTC - from mc-14->source-5 "343" 16:54:32.039878628
[2023-06-27T16:54:34Z INFO  dt_instance] received at 2023-06-27 16:54:34.547077515 UTC - from mc-14->source-5 "348" 16:54:34.545662142
[2023-06-27T16:54:37Z INFO  dt_instance] received at 2023-06-27 16:54:37.053514170 UTC - from mc-14->source-5 "353" 16:54:37.052208264
[2023-06-27T16:54:39Z INFO  dt_instance] received at 2023-06-27 16:54:39.559122237 UTC - from mc-14->source-5 "358" 16:54:39.558019193
[2023-06-27T16:54:42Z INFO  dt_instance] received at 2023-06-27 16:54:42.065789238 UTC - from mc-14->source-5 "363" 16:54:42.064246932
[2023-06-27T16:54:44Z INFO  dt_instance] received at 2023-06-27 16:54:44.571135192 UTC - from mc-14->source-5 "368" 16:54:44.569883010
[2023-06-27T16:54:47Z INFO  dt_instance] received at 2023-06-27 16:54:47.077997522 UTC - from mc-14->source-5 "373" 16:54:47.075138245
[2023-06-27T16:54:49Z INFO  dt_instance] received at 2023-06-27 16:54:49.581984916 UTC - from mc-14->source-5 "378" 16:54:49.580742904
[2023-06-27T16:54:52Z INFO  dt_instance] received at 2023-06-27 16:54:52.087940514 UTC - from mc-14->source-5 "383" 16:54:52.086490365
[2023-06-27T16:54:54Z INFO  dt_instance] received at 2023-06-27 16:54:54.594779701 UTC - from mc-14->source-5 "388" 16:54:54.593060821
[2023-06-27T16:54:57Z INFO  dt_instance] received at 2023-06-27 16:54:57.099622367 UTC - from mc-14->source-5 "393" 16:54:57.098647661
[2023-06-27T16:54:59Z INFO  dt_instance] received at 2023-06-27 16:54:59.607918305 UTC - from mc-14->source-5 "398" 16:54:59.606706671
[2023-06-27T16:55:02Z INFO  dt_instance] received at 2023-06-27 16:55:02.115415913 UTC - from mc-14->source-5 "403" 16:55:02.111781584
[2023-06-27T16:55:04Z INFO  dt_instance] received at 2023-06-27 16:55:04.620740453 UTC - from mc-14->source-5 "408" 16:55:04.619359254
[2023-06-27T16:55:07Z INFO  dt_instance] received at 2023-06-27 16:55:07.130518021 UTC - from mc-14->source-5 "413" 16:55:07.129142665
[2023-06-27T16:55:09Z INFO  dt_instance] received at 2023-06-27 16:55:09.636886824 UTC - from mc-14->source-5 "418" 16:55:09.634628242
[2023-06-27T16:55:12Z INFO  dt_instance] received at 2023-06-27 16:55:12.142159126 UTC - from mc-14->source-5 "423" 16:55:12.140747694
[2023-06-27T16:55:14Z INFO  dt_instance] received at 2023-06-27 16:55:14.648394512 UTC - from mc-14->source-5 "428" 16:55:14.646737281
[2023-06-27T16:55:17Z INFO  dt_instance] received at 2023-06-27 16:55:17.154400637 UTC - from mc-14->source-5 "433" 16:55:17.153279679
[2023-06-27T16:55:19Z INFO  dt_instance] received at 2023-06-27 16:55:19.660772468 UTC - from mc-14->source-5 "438" 16:55:19.659478041
[2023-06-27T16:55:22Z INFO  dt_instance] received at 2023-06-27 16:55:22.167887980 UTC - from mc-14->source-5 "443" 16:55:22.166568258
[2023-06-27T16:55:24Z INFO  dt_instance] received at 2023-06-27 16:55:24.673555487 UTC - from mc-14->source-5 "448" 16:55:24.672141771
[2023-06-27T16:55:27Z INFO  dt_instance] received at 2023-06-27 16:55:27.178317828 UTC - from mc-14->source-5 "453" 16:55:27.176779296
[2023-06-27T16:55:29Z INFO  dt_instance] received at 2023-06-27 16:55:29.686245124 UTC - from mc-14->source-5 "458" 16:55:29.684894491
[2023-06-27T16:55:32Z INFO  dt_instance] received at 2023-06-27 16:55:32.193730803 UTC - from mc-14->source-5 "463" 16:55:32.192362518
[2023-06-27T16:55:34Z INFO  dt_instance] received at 2023-06-27 16:55:34.698982188 UTC - from mc-14->source-5 "468" 16:55:34.697784184
[2023-06-27T16:55:37Z INFO  dt_instance] received at 2023-06-27 16:55:37.204881386 UTC - from mc-14->source-5 "473" 16:55:37.203585899
[2023-06-27T16:55:39Z INFO  dt_instance] received at 2023-06-27 16:55:39.709645362 UTC - from mc-14->source-5 "478" 16:55:39.708143414
[2023-06-27T16:55:42Z INFO  dt_instance] received at 2023-06-27 16:55:42.214139318 UTC - from mc-14->source-5 "483" 16:55:42.212740963
[2023-06-27T16:55:44Z INFO  dt_instance] received at 2023-06-27 16:55:44.719853651 UTC - from mc-14->source-5 "488" 16:55:44.718739675
[2023-06-27T16:55:47Z INFO  dt_instance] received at 2023-06-27 16:55:47.226212898 UTC - from mc-14->source-5 "493" 16:55:47.224440913
[2023-06-27T16:55:49Z INFO  dt_instance] received at 2023-06-27 16:55:49.732135215 UTC - from mc-14->source-5 "498" 16:55:49.730013177
[2023-06-27T16:55:52Z INFO  dt_instance] received at 2023-06-27 16:55:52.237414985 UTC - from mc-14->source-5 "503" 16:55:52.236190069
[2023-06-27T16:55:54Z INFO  dt_instance] received at 2023-06-27 16:55:54.742911318 UTC - from mc-14->source-5 "508" 16:55:54.741937098
[2023-06-27T16:55:57Z INFO  dt_instance] received at 2023-06-27 16:55:57.250251967 UTC - from mc-14->source-5 "513" 16:55:57.248398679
[2023-06-27T16:55:59Z INFO  dt_instance] received at 2023-06-27 16:55:59.754661965 UTC - from mc-14->source-5 "518" 16:55:59.753549454
[2023-06-27T16:56:02Z INFO  dt_instance] received at 2023-06-27 16:56:02.265614327 UTC - from mc-14->source-5 "523" 16:56:02.260989142
[2023-06-27T16:56:04Z INFO  dt_instance] received at 2023-06-27 16:56:04.767620654 UTC - from mc-14->source-5 "528" 16:56:04.766391801
[2023-06-27T16:56:07Z INFO  dt_instance] received at 2023-06-27 16:56:07.277392871 UTC - from mc-14->source-5 "533" 16:56:07.274722144
[2023-06-27T16:56:09Z INFO  dt_instance] received at 2023-06-27 16:56:09.781317599 UTC - from mc-14->source-5 "538" 16:56:09.780101390
[2023-06-27T16:56:12Z INFO  dt_instance] received at 2023-06-27 16:56:12.287237719 UTC - from mc-14->source-5 "543" 16:56:12.285677895
[2023-06-27T16:56:14Z INFO  dt_instance] received at 2023-06-27 16:56:14.792415555 UTC - from mc-14->source-5 "548" 16:56:14.791183083
[2023-06-27T16:56:17Z INFO  dt_instance] received at 2023-06-27 16:56:17.301096335 UTC - from mc-14->source-5 "553" 16:56:17.296577293
[2023-06-27T16:56:19Z INFO  dt_instance] received at 2023-06-27 16:56:19.803327733 UTC - from mc-14->source-5 "558" 16:56:19.801880773
[2023-06-27T16:56:22Z INFO  dt_instance] received at 2023-06-27 16:56:22.310827969 UTC - from mc-14->source-5 "563" 16:56:22.309074533
[2023-06-27T16:56:24Z INFO  dt_instance] received at 2023-06-27 16:56:24.816929449 UTC - from mc-14->source-5 "568" 16:56:24.815314437
[2023-06-27T16:56:27Z INFO  dt_instance] received at 2023-06-27 16:56:27.322108472 UTC - from mc-14->source-5 "573" 16:56:27.320730071
[2023-06-27T16:56:29Z INFO  dt_instance] received at 2023-06-27 16:56:29.829373421 UTC - from mc-14->source-5 "578" 16:56:29.827389215
[2023-06-27T16:56:32Z INFO  dt_instance] received at 2023-06-27 16:56:32.336373031 UTC - from mc-14->source-5 "583" 16:56:32.333605560
[2023-06-27T16:56:34Z INFO  dt_instance] received at 2023-06-27 16:56:34.841780823 UTC - from mc-14->source-5 "588" 16:56:34.838753241
[2023-06-27T16:56:37Z INFO  dt_instance] received at 2023-06-27 16:56:37.349396688 UTC - from mc-14->source-5 "593" 16:56:37.345992551
[2023-06-27T16:56:39Z INFO  dt_instance] received at 2023-06-27 16:56:39.852823988 UTC - from mc-14->source-5 "598" 16:56:39.851188795
[2023-06-27T16:56:42Z INFO  dt_instance] received at 2023-06-27 16:56:42.357619468 UTC - from mc-14->source-5 "603" 16:56:42.356198275
[2023-06-27T16:56:44Z INFO  dt_instance] received at 2023-06-27 16:56:44.862580643 UTC - from mc-14->source-5 "608" 16:56:44.861004571
[2023-06-27T16:56:47Z INFO  dt_instance] received at 2023-06-27 16:56:47.368612625 UTC - from mc-14->source-5 "613" 16:56:47.367081811
[2023-06-27T16:56:49Z INFO  dt_instance] received at 2023-06-27 16:56:49.873942520 UTC - from mc-14->source-5 "618" 16:56:49.872159343
[2023-06-27T16:56:52Z INFO  dt_instance] received at 2023-06-27 16:56:52.380732717 UTC - from mc-14->source-5 "623" 16:56:52.378374214
[2023-06-27T16:56:54Z INFO  dt_instance] received at 2023-06-27 16:56:54.887751822 UTC - from mc-14->source-5 "628" 16:56:54.886391857
[2023-06-27T16:56:57Z INFO  dt_instance] received at 2023-06-27 16:56:57.392478537 UTC - from mc-14->source-5 "633" 16:56:57.390813318
[2023-06-27T16:56:59Z INFO  dt_instance] received at 2023-06-27 16:56:59.899390973 UTC - from mc-14->source-5 "638" 16:56:59.896418111
[2023-06-27T16:57:02Z INFO  dt_instance] received at 2023-06-27 16:57:02.404445220 UTC - from mc-14->source-5 "643" 16:57:02.403106907
[2023-06-27T16:57:04Z INFO  dt_instance] received at 2023-06-27 16:57:04.909641226 UTC - from mc-14->source-5 "648" 16:57:04.908569868
[2023-06-27T16:57:07Z INFO  dt_instance] received at 2023-06-27 16:57:07.415059408 UTC - from mc-14->source-5 "653" 16:57:07.413581400
[2023-06-27T16:57:09Z INFO  dt_instance] received at 2023-06-27 16:57:09.920369536 UTC - from mc-14->source-5 "658" 16:57:09.919024227
[2023-06-27T16:57:12Z INFO  dt_instance] received at 2023-06-27 16:57:12.426109569 UTC - from mc-14->source-5 "663" 16:57:12.424897997
[2023-06-27T16:57:14Z INFO  dt_instance] received at 2023-06-27 16:57:14.931556185 UTC - from mc-14->source-5 "668" 16:57:14.929925738
[2023-06-27T16:57:17Z INFO  dt_instance] received at 2023-06-27 16:57:17.441221436 UTC - from mc-14->source-5 "673" 16:57:17.435702578
[2023-06-27T16:57:19Z INFO  dt_instance] received at 2023-06-27 16:57:19.943886643 UTC - from mc-14->source-5 "678" 16:57:19.941905163
[2023-06-27T16:57:22Z INFO  dt_instance] received at 2023-06-27 16:57:22.450091479 UTC - from mc-14->source-5 "683" 16:57:22.448439801
[2023-06-27T16:57:24Z INFO  dt_instance] received at 2023-06-27 16:57:24.954353709 UTC - from mc-14->source-5 "688" 16:57:24.953024041
[2023-06-27T16:57:27Z INFO  dt_instance] received at 2023-06-27 16:57:27.460506213 UTC - from mc-14->source-5 "693" 16:57:27.458927560
[2023-06-27T16:57:29Z INFO  dt_instance] received at 2023-06-27 16:57:29.965052649 UTC - from mc-14->source-5 "698" 16:57:29.963985979
[2023-06-27T16:57:32Z INFO  dt_instance] received at 2023-06-27 16:57:32.471780706 UTC - from mc-14->source-5 "703" 16:57:32.470450992
[2023-06-27T16:57:34Z INFO  dt_instance] received at 2023-06-27 16:57:34.979037646 UTC - from mc-14->source-5 "708" 16:57:34.977403175
[2023-06-27T16:57:37Z INFO  dt_instance] received at 2023-06-27 16:57:37.484162729 UTC - from mc-14->source-5 "713" 16:57:37.483009141
[2023-06-27T16:57:39Z INFO  dt_instance] received at 2023-06-27 16:57:39.991421469 UTC - from mc-14->source-5 "718" 16:57:39.989085008
[2023-06-27T16:57:42Z INFO  dt_instance] received at 2023-06-27 16:57:42.496608029 UTC - from mc-14->source-5 "723" 16:57:42.495144833
[2023-06-27T16:57:45Z INFO  dt_instance] received at 2023-06-27 16:57:45.001685333 UTC - from mc-14->source-5 "728" 16:57:45.000355608
[2023-06-27T16:57:47Z INFO  dt_instance] received at 2023-06-27 16:57:47.506322290 UTC - from mc-14->source-5 "733" 16:57:47.504830858
[2023-06-27T16:57:50Z INFO  dt_instance] received at 2023-06-27 16:57:50.011530582 UTC - from mc-14->source-5 "738" 16:57:50.010198087
[2023-06-27T16:57:52Z INFO  dt_instance] received at 2023-06-27 16:57:52.518001901 UTC - from mc-14->source-5 "743" 16:57:52.516292049
[2023-06-27T16:57:55Z INFO  dt_instance] received at 2023-06-27 16:57:55.022074793 UTC - from mc-14->source-5 "748" 16:57:55.020745660
[2023-06-27T16:57:57Z INFO  dt_instance] received at 2023-06-27 16:57:57.529499976 UTC - from mc-14->source-5 "753" 16:57:57.527368649
[2023-06-27T16:58:00Z INFO  dt_instance] received at 2023-06-27 16:58:00.033075234 UTC - from mc-14->source-5 "758" 16:58:00.031790210
[2023-06-27T16:58:02Z INFO  dt_instance] received at 2023-06-27 16:58:02.538889787 UTC - from mc-14->source-5 "763" 16:58:02.537368434
[2023-06-27T16:58:05Z INFO  dt_instance] received at 2023-06-27 16:58:05.045078525 UTC - from mc-14->source-5 "768" 16:58:05.043711850
[2023-06-27T16:58:07Z INFO  dt_instance] received at 2023-06-27 16:58:07.552313753 UTC - from mc-14->source-5 "773" 16:58:07.550509820
[2023-06-27T16:58:10Z INFO  dt_instance] received at 2023-06-27 16:58:10.056944186 UTC - from mc-14->source-5 "778" 16:58:10.055553959
[2023-06-27T16:58:12Z INFO  dt_instance] received at 2023-06-27 16:58:12.563903896 UTC - from mc-14->source-5 "783" 16:58:12.562442232
[2023-06-27T16:58:15Z INFO  dt_instance] received at 2023-06-27 16:58:15.070662607 UTC - from mc-14->source-5 "788" 16:58:15.069722488
[2023-06-27T16:58:17Z INFO  dt_instance] received at 2023-06-27 16:58:17.577445278 UTC - from mc-14->source-5 "793" 16:58:17.575991076
[2023-06-27T16:58:20Z INFO  dt_instance] received at 2023-06-27 16:58:20.082363684 UTC - from mc-14->source-5 "798" 16:58:20.080765846
[2023-06-27T16:58:22Z INFO  dt_instance] received at 2023-06-27 16:58:22.588324386 UTC - from mc-14->source-5 "803" 16:58:22.586827026
[2023-06-27T16:58:25Z INFO  dt_instance] received at 2023-06-27 16:58:25.095027304 UTC - from mc-14->source-5 "808" 16:58:25.093643438
[2023-06-27T16:58:27Z INFO  dt_instance] received at 2023-06-27 16:58:27.601992652 UTC - from mc-14->source-5 "813" 16:58:27.600304171
[2023-06-27T16:58:30Z INFO  dt_instance] received at 2023-06-27 16:58:30.107713455 UTC - from mc-14->source-5 "818" 16:58:30.106140449
[2023-06-27T16:58:32Z INFO  dt_instance] received at 2023-06-27 16:58:32.613590975 UTC - from mc-14->source-5 "823" 16:58:32.612218967
[2023-06-27T16:58:35Z INFO  dt_instance] received at 2023-06-27 16:58:35.119977186 UTC - from mc-14->source-5 "828" 16:58:35.118122759
[2023-06-27T16:58:37Z INFO  dt_instance] received at 2023-06-27 16:58:37.628639138 UTC - from mc-14->source-5 "833" 16:58:37.627257489
[2023-06-27T16:58:40Z INFO  dt_instance] received at 2023-06-27 16:58:40.138817767 UTC - from mc-14->source-5 "838" 16:58:40.134190833
[2023-06-27T16:58:42Z INFO  dt_instance] received at 2023-06-27 16:58:42.641791269 UTC - from mc-14->source-5 "843" 16:58:42.640685162
[2023-06-27T16:58:45Z INFO  dt_instance] received at 2023-06-27 16:58:45.149955630 UTC - from mc-14->source-5 "848" 16:58:45.148023331
[2023-06-27T16:58:47Z INFO  dt_instance] received at 2023-06-27 16:58:47.655738488 UTC - from mc-14->source-5 "853" 16:58:47.654282145
[2023-06-27T16:58:50Z INFO  dt_instance] received at 2023-06-27 16:58:50.160668638 UTC - from mc-14->source-5 "858" 16:58:50.158794897
[2023-06-27T16:58:52Z INFO  dt_instance] received at 2023-06-27 16:58:52.667791430 UTC - from mc-14->source-5 "863" 16:58:52.665246933
[2023-06-27T16:58:55Z INFO  dt_instance] received at 2023-06-27 16:58:55.171848953 UTC - from mc-14->source-5 "868" 16:58:55.170504895
[2023-06-27T16:58:57Z INFO  dt_instance] received at 2023-06-27 16:58:57.676558474 UTC - from mc-14->source-5 "873" 16:58:57.674953539
[2023-06-27T16:59:00Z INFO  dt_instance] received at 2023-06-27 16:59:00.181785016 UTC - from mc-14->source-5 "878" 16:59:00.180152951
[2023-06-27T16:59:02Z INFO  dt_instance] received at 2023-06-27 16:59:02.686945968 UTC - from mc-14->source-5 "883" 16:59:02.685649330
[2023-06-27T16:59:05Z INFO  dt_instance] received at 2023-06-27 16:59:05.193967657 UTC - from mc-14->source-5 "888" 16:59:05.192542797
[2023-06-27T16:59:07Z INFO  dt_instance] received at 2023-06-27 16:59:07.698778379 UTC - from mc-14->source-5 "893" 16:59:07.697454242
[2023-06-27T16:59:10Z INFO  dt_instance] received at 2023-06-27 16:59:10.204527084 UTC - from mc-14->source-5 "898" 16:59:10.203220691
[2023-06-27T16:59:12Z INFO  dt_instance] received at 2023-06-27 16:59:12.712543711 UTC - from mc-14->source-5 "903" 16:59:12.709754340
[2023-06-27T16:59:15Z INFO  dt_instance] received at 2023-06-27 16:59:15.216104945 UTC - from mc-14->source-5 "908" 16:59:15.214662944
[2023-06-27T16:59:17Z INFO  dt_instance] received at 2023-06-27 16:59:17.722275789 UTC - from mc-14->source-5 "913" 16:59:17.720829072
[2023-06-27T16:59:20Z INFO  dt_instance] received at 2023-06-27 16:59:20.228998482 UTC - from mc-14->source-5 "918" 16:59:20.227737535
[2023-06-27T16:59:22Z INFO  dt_instance] received at 2023-06-27 16:59:22.735007067 UTC - from mc-14->source-5 "923" 16:59:22.733698881
[2023-06-27T16:59:25Z INFO  dt_instance] received at 2023-06-27 16:59:25.241236480 UTC - from mc-14->source-5 "928" 16:59:25.239666094
[2023-06-27T16:59:27Z INFO  dt_instance] received at 2023-06-27 16:59:27.747586464 UTC - from mc-14->source-5 "933" 16:59:27.746323144
[2023-06-27T16:59:30Z INFO  dt_instance] received at 2023-06-27 16:59:30.252491320 UTC - from mc-14->source-5 "938" 16:59:30.250970019
[2023-06-27T16:59:32Z INFO  dt_instance] received at 2023-06-27 16:59:32.759022277 UTC - from mc-14->source-5 "943" 16:59:32.757557935
[2023-06-27T16:59:35Z INFO  dt_instance] received at 2023-06-27 16:59:35.264296161 UTC - from mc-14->source-5 "948" 16:59:35.262421085
[2023-06-27T16:59:37Z INFO  dt_instance] received at 2023-06-27 16:59:37.770432233 UTC - from mc-14->source-5 "953" 16:59:37.769318581
[2023-06-27T16:59:40Z INFO  dt_instance] received at 2023-06-27 16:59:40.275560402 UTC - from mc-14->source-5 "958" 16:59:40.274287739
[2023-06-27T16:59:42Z INFO  dt_instance] received at 2023-06-27 16:59:42.781599424 UTC - from mc-14->source-5 "963" 16:59:42.780154464
[2023-06-27T16:59:45Z INFO  dt_instance] received at 2023-06-27 16:59:45.286594976 UTC - from mc-14->source-5 "968" 16:59:45.285468149
[2023-06-27T16:59:47Z INFO  dt_instance] received at 2023-06-27 16:59:47.792419024 UTC - from mc-14->source-5 "973" 16:59:47.790815178
[2023-06-27T16:59:50Z INFO  dt_instance] received at 2023-06-27 16:59:50.297406153 UTC - from mc-14->source-5 "978" 16:59:50.295931519
[2023-06-27T16:59:52Z INFO  dt_instance] received at 2023-06-27 16:59:52.803326267 UTC - from mc-14->source-5 "983" 16:59:52.801657495
[2023-06-27T16:59:55Z INFO  dt_instance] received at 2023-06-27 16:59:55.543965127 UTC - from mc-14->source-8 "981" 16:59:55.542345390
[2023-06-27T16:59:58Z INFO  dt_instance] received at 2023-06-27 16:59:58.783012878 UTC - from mc-14->source-9 "985" 16:59:58.780035450
[2023-06-27T17:00:05Z INFO  dt_instance] received at 2023-06-27 17:00:05.795930895 UTC - from mc-14->source-9 "999" 17:00:05.794457727
