[2023-06-27T16:37:54Z INFO  dt_instance] Current Twin: mc-twin-0
[2023-06-27T16:37:54Z INFO  dt_instance] Replica Name twin-mc-stateful-0
[2023-06-27T16:37:54Z INFO  dt_instance] Sleeping for 0
[2023-06-27T16:37:54Z INFO  dt_instance] Connecting to broker at emqx.dtwins:1883
[2023-06-27T16:37:54Z INFO  dt_instance] Loggin info each 50 messages
[2023-06-27T16:37:54Z INFO  dt_instance] Set max packet size to 60000 KB.
[2023-06-27T16:37:54Z INFO  dt_instance] Refreshing topics for twin - Listen to mc-0/#
[2023-06-27T16:37:54Z INFO  dt_instance] SubAck { pkid: 1, return_codes: [Success(ExactlyOnce)] }
[2023-06-27T16:39:03Z INFO  dt_instance] received at 2023-06-27 16:39:03.059917891 UTC - from mc-0->source-2 "9" 16:39:03.058518991
[2023-06-27T16:39:06Z INFO  dt_instance] received at 2023-06-27 16:39:06.313078674 UTC - from mc-0->source-3 "13" 16:39:06.310750536
[2023-06-27T16:39:08Z INFO  dt_instance] received at 2023-06-27 16:39:08.824808701 UTC - from mc-0->source-1 "23" 16:39:08.823122161
[2023-06-27T16:39:11Z INFO  dt_instance] received at 2023-06-27 16:39:11.332679821 UTC - from mc-0->source-1 "28" 16:39:11.330781479
[2023-06-27T16:39:13Z INFO  dt_instance] received at 2023-06-27 16:39:13.838371615 UTC - from mc-0->source-1 "33" 16:39:13.835681488
[2023-06-27T16:39:16Z INFO  dt_instance] received at 2023-06-27 16:39:16.348368985 UTC - from mc-0->source-1 "38" 16:39:16.342017868
[2023-06-27T16:39:18Z INFO  dt_instance] received at 2023-06-27 16:39:18.851097776 UTC - from mc-0->source-1 "43" 16:39:18.849087613
[2023-06-27T16:39:21Z INFO  dt_instance] received at 2023-06-27 16:39:21.357558266 UTC - from mc-0->source-1 "48" 16:39:21.354844803
[2023-06-27T16:39:23Z INFO  dt_instance] received at 2023-06-27 16:39:23.861129897 UTC - from mc-0->source-1 "53" 16:39:23.859100893
[2023-06-27T16:39:26Z INFO  dt_instance] received at 2023-06-27 16:39:26.370948605 UTC - from mc-0->source-1 "58" 16:39:26.364840021
[2023-06-27T16:39:28Z INFO  dt_instance] received at 2023-06-27 16:39:28.876157557 UTC - from mc-0->source-1 "63" 16:39:28.874251265
[2023-06-27T16:39:31Z INFO  dt_instance] received at 2023-06-27 16:39:31.382124838 UTC - from mc-0->source-1 "68" 16:39:31.380068712
[2023-06-27T16:39:33Z INFO  dt_instance] received at 2023-06-27 16:39:33.887528591 UTC - from mc-0->source-1 "73" 16:39:33.885867420
[2023-06-27T16:39:36Z INFO  dt_instance] received at 2023-06-27 16:39:36.395013016 UTC - from mc-0->source-1 "78" 16:39:36.391726379
[2023-06-27T16:39:38Z INFO  dt_instance] received at 2023-06-27 16:39:38.899421788 UTC - from mc-0->source-1 "83" 16:39:38.897361203
[2023-06-27T16:39:41Z INFO  dt_instance] received at 2023-06-27 16:39:41.405346541 UTC - from mc-0->source-1 "88" 16:39:41.402668474
[2023-06-27T16:39:43Z INFO  dt_instance] received at 2023-06-27 16:39:43.908607791 UTC - from mc-0->source-1 "93" 16:39:43.907304989
[2023-06-27T16:39:46Z INFO  dt_instance] received at 2023-06-27 16:39:46.414653566 UTC - from mc-0->source-1 "98" 16:39:46.412952904
[2023-06-27T16:39:48Z INFO  dt_instance] received at 2023-06-27 16:39:48.920906495 UTC - from mc-0->source-1 "103" 16:39:48.919484037
[2023-06-27T16:39:51Z INFO  dt_instance] received at 2023-06-27 16:39:51.427314310 UTC - from mc-0->source-1 "108" 16:39:51.425641029
[2023-06-27T16:39:53Z INFO  dt_instance] received at 2023-06-27 16:39:53.933099744 UTC - from mc-0->source-1 "113" 16:39:53.931431954
[2023-06-27T16:39:56Z INFO  dt_instance] received at 2023-06-27 16:39:56.438637539 UTC - from mc-0->source-1 "118" 16:39:56.436995792
[2023-06-27T16:39:58Z INFO  dt_instance] received at 2023-06-27 16:39:58.945396886 UTC - from mc-0->source-1 "123" 16:39:58.943629181
[2023-06-27T16:40:01Z INFO  dt_instance] received at 2023-06-27 16:40:01.451415514 UTC - from mc-0->source-1 "128" 16:40:01.449468123
[2023-06-27T16:40:03Z INFO  dt_instance] received at 2023-06-27 16:40:03.959560796 UTC - from mc-0->source-1 "133" 16:40:03.957914975
[2023-06-27T16:40:06Z INFO  dt_instance] received at 2023-06-27 16:40:06.465051540 UTC - from mc-0->source-1 "138" 16:40:06.463379484
[2023-06-27T16:40:08Z INFO  dt_instance] received at 2023-06-27 16:40:08.972014462 UTC - from mc-0->source-1 "143" 16:40:08.970181572
[2023-06-27T16:40:11Z INFO  dt_instance] received at 2023-06-27 16:40:11.477367313 UTC - from mc-0->source-1 "148" 16:40:11.475475331
[2023-06-27T16:40:13Z INFO  dt_instance] received at 2023-06-27 16:40:13.982400659 UTC - from mc-0->source-1 "153" 16:40:13.981078002
[2023-06-27T16:40:16Z INFO  dt_instance] received at 2023-06-27 16:40:16.489488990 UTC - from mc-0->source-1 "158" 16:40:16.486366711
[2023-06-27T16:40:18Z INFO  dt_instance] received at 2023-06-27 16:40:18.993874228 UTC - from mc-0->source-1 "163" 16:40:18.992014587
[2023-06-27T16:40:21Z INFO  dt_instance] received at 2023-06-27 16:40:21.500092494 UTC - from mc-0->source-1 "168" 16:40:21.498413766
[2023-06-27T16:40:24Z INFO  dt_instance] received at 2023-06-27 16:40:24.005905571 UTC - from mc-0->source-1 "173" 16:40:24.004187232
[2023-06-27T16:40:26Z INFO  dt_instance] received at 2023-06-27 16:40:26.511211704 UTC - from mc-0->source-1 "178" 16:40:26.509534165
[2023-06-27T16:40:29Z INFO  dt_instance] received at 2023-06-27 16:40:29.025798482 UTC - from mc-0->source-7 "168" 16:40:29.022624264
[2023-06-27T16:40:31Z INFO  dt_instance] received at 2023-06-27 16:40:31.530839535 UTC - from mc-0->source-7 "173" 16:40:31.528194184
[2023-06-27T16:40:34Z INFO  dt_instance] received at 2023-06-27 16:40:34.036056788 UTC - from mc-0->source-3 "188" 16:40:34.034095592
[2023-06-27T16:40:36Z INFO  dt_instance] received at 2023-06-27 16:40:36.541544176 UTC - from mc-0->source-9 "178" 16:40:36.540357640
[2023-06-27T16:40:39Z INFO  dt_instance] received at 2023-06-27 16:40:39.050031723 UTC - from mc-0->source-7 "188" 16:40:39.048409269
[2023-06-27T16:40:41Z INFO  dt_instance] received at 2023-06-27 16:40:41.557814396 UTC - from mc-0->source-7 "193" 16:40:41.556180747
[2023-06-27T16:40:44Z INFO  dt_instance] received at 2023-06-27 16:40:44.064681460 UTC - from mc-0->source-7 "198" 16:40:44.063397722
[2023-06-27T16:40:46Z INFO  dt_instance] received at 2023-06-27 16:40:46.572143847 UTC - from mc-0->source-7 "203" 16:40:46.568988541
[2023-06-27T16:40:49Z INFO  dt_instance] received at 2023-06-27 16:40:49.076171591 UTC - from mc-0->source-7 "208" 16:40:49.074356792
[2023-06-27T16:40:51Z INFO  dt_instance] received at 2023-06-27 16:40:51.582392759 UTC - from mc-0->source-7 "213" 16:40:51.580460468
[2023-06-27T16:40:54Z INFO  dt_instance] received at 2023-06-27 16:40:54.086940902 UTC - from mc-0->source-7 "218" 16:40:54.085368709
[2023-06-27T16:40:56Z INFO  dt_instance] received at 2023-06-27 16:40:56.591496354 UTC - from mc-0->source-7 "223" 16:40:56.590233487
[2023-06-27T16:40:59Z INFO  dt_instance] received at 2023-06-27 16:40:59.097411336 UTC - from mc-0->source-7 "228" 16:40:59.095650390
[2023-06-27T16:41:01Z INFO  dt_instance] received at 2023-06-27 16:41:01.604433160 UTC - from mc-0->source-7 "233" 16:41:01.602375722
[2023-06-27T16:41:04Z INFO  dt_instance] received at 2023-06-27 16:41:04.111184807 UTC - from mc-0->source-3 "248" 16:41:04.107797747
[2023-06-27T16:41:06Z INFO  dt_instance] received at 2023-06-27 16:41:06.616243452 UTC - from mc-0->source-1 "258" 16:41:06.614864440
[2023-06-27T16:41:09Z INFO  dt_instance] received at 2023-06-27 16:41:09.129391606 UTC - from mc-0->source-5 "253" 16:41:09.123404666
[2023-06-27T16:41:11Z INFO  dt_instance] received at 2023-06-27 16:41:11.636368620 UTC - from mc-0->source-7 "253" 16:41:11.634432292
[2023-06-27T16:41:14Z INFO  dt_instance] received at 2023-06-27 16:41:14.143413261 UTC - from mc-0->source-7 "258" 16:41:14.142058136
[2023-06-27T16:41:16Z INFO  dt_instance] received at 2023-06-27 16:41:16.651057670 UTC - from mc-0->source-7 "263" 16:41:16.649025857
[2023-06-27T16:41:19Z INFO  dt_instance] received at 2023-06-27 16:41:19.156383420 UTC - from mc-0->source-7 "268" 16:41:19.154589545
[2023-06-27T16:41:21Z INFO  dt_instance] received at 2023-06-27 16:41:21.662359142 UTC - from mc-0->source-1 "288" 16:41:21.660794853
[2023-06-27T16:41:24Z INFO  dt_instance] received at 2023-06-27 16:41:24.167315126 UTC - from mc-0->source-1 "293" 16:41:24.166068236
[2023-06-27T16:41:26Z INFO  dt_instance] received at 2023-06-27 16:41:26.674638937 UTC - from mc-0->source-1 "298" 16:41:26.673173778
[2023-06-27T16:41:29Z INFO  dt_instance] received at 2023-06-27 16:41:29.182066306 UTC - from mc-0->source-1 "303" 16:41:29.180487581
[2023-06-27T16:41:31Z INFO  dt_instance] received at 2023-06-27 16:41:31.687911567 UTC - from mc-0->source-1 "308" 16:41:31.686906689
[2023-06-27T16:41:34Z INFO  dt_instance] received at 2023-06-27 16:41:34.194120551 UTC - from mc-0->source-1 "313" 16:41:34.191157365
[2023-06-27T16:41:36Z INFO  dt_instance] received at 2023-06-27 16:41:36.697975600 UTC - from mc-0->source-1 "318" 16:41:36.696610243
[2023-06-27T16:41:39Z INFO  dt_instance] received at 2023-06-27 16:41:39.203547417 UTC - from mc-0->source-7 "308" 16:41:39.201915057
[2023-06-27T16:41:41Z INFO  dt_instance] received at 2023-06-27 16:41:41.712704869 UTC - from mc-0->source-1 "328" 16:41:41.711137927
[2023-06-27T16:41:44Z INFO  dt_instance] received at 2023-06-27 16:41:44.219596133 UTC - from mc-0->source-7 "318" 16:41:44.218174171
[2023-06-27T16:41:46Z INFO  dt_instance] received at 2023-06-27 16:41:46.729508970 UTC - from mc-0->source-7 "323" 16:41:46.728064355
[2023-06-27T16:41:49Z INFO  dt_instance] received at 2023-06-27 16:41:49.236998104 UTC - from mc-0->source-1 "343" 16:41:49.235112638
[2023-06-27T16:41:51Z INFO  dt_instance] received at 2023-06-27 16:41:51.744121426 UTC - from mc-0->source-1 "348" 16:41:51.742383622
[2023-06-27T16:41:54Z INFO  dt_instance] received at 2023-06-27 16:41:54.252965687 UTC - from mc-0->source-1 "353" 16:41:54.249242423
[2023-06-27T16:41:56Z INFO  dt_instance] received at 2023-06-27 16:41:56.757053448 UTC - from mc-0->source-1 "358" 16:41:56.755231495
[2023-06-27T16:41:59Z INFO  dt_instance] received at 2023-06-27 16:41:59.261959840 UTC - from mc-0->source-1 "363" 16:41:59.260024494
[2023-06-27T16:42:01Z INFO  dt_instance] received at 2023-06-27 16:42:01.775744783 UTC - from mc-0->source-1 "368" 16:42:01.774532721
[2023-06-27T16:42:04Z INFO  dt_instance] received at 2023-06-27 16:42:04.282199749 UTC - from mc-0->source-1 "373" 16:42:04.280688103
[2023-06-27T16:42:06Z INFO  dt_instance] received at 2023-06-27 16:42:06.787564411 UTC - from mc-0->source-1 "378" 16:42:06.785972352
[2023-06-27T16:42:09Z INFO  dt_instance] received at 2023-06-27 16:42:09.292871235 UTC - from mc-0->source-1 "383" 16:42:09.291574145
[2023-06-27T16:42:11Z INFO  dt_instance] received at 2023-06-27 16:42:11.797990814 UTC - from mc-0->source-1 "388" 16:42:11.796828587
[2023-06-27T16:42:14Z INFO  dt_instance] received at 2023-06-27 16:42:14.303310797 UTC - from mc-0->source-1 "393" 16:42:14.301989016
[2023-06-27T16:42:16Z INFO  dt_instance] received at 2023-06-27 16:42:16.808958812 UTC - from mc-0->source-1 "398" 16:42:16.807588679
[2023-06-27T16:42:19Z INFO  dt_instance] received at 2023-06-27 16:42:19.314410066 UTC - from mc-0->source-1 "403" 16:42:19.312829302
[2023-06-27T16:42:21Z INFO  dt_instance] received at 2023-06-27 16:42:21.819060287 UTC - from mc-0->source-1 "408" 16:42:21.817417122
[2023-06-27T16:42:24Z INFO  dt_instance] received at 2023-06-27 16:42:24.323891970 UTC - from mc-0->source-1 "413" 16:42:24.322412867
[2023-06-27T16:42:26Z INFO  dt_instance] received at 2023-06-27 16:42:26.829933652 UTC - from mc-0->source-1 "418" 16:42:26.828080319
[2023-06-27T16:42:29Z INFO  dt_instance] received at 2023-06-27 16:42:29.334513112 UTC - from mc-0->source-1 "423" 16:42:29.333005590
[2023-06-27T16:42:31Z INFO  dt_instance] received at 2023-06-27 16:42:31.841816967 UTC - from mc-0->source-1 "428" 16:42:31.840092946
[2023-06-27T16:42:34Z INFO  dt_instance] received at 2023-06-27 16:42:34.347150140 UTC - from mc-0->source-1 "433" 16:42:34.345677556
[2023-06-27T16:42:36Z INFO  dt_instance] received at 2023-06-27 16:42:36.853422202 UTC - from mc-0->source-1 "438" 16:42:36.852099480
[2023-06-27T16:42:39Z INFO  dt_instance] received at 2023-06-27 16:42:39.358424310 UTC - from mc-0->source-1 "443" 16:42:39.357024427
[2023-06-27T16:42:41Z INFO  dt_instance] received at 2023-06-27 16:42:41.864383378 UTC - from mc-0->source-1 "448" 16:42:41.862910219
[2023-06-27T16:42:44Z INFO  dt_instance] received at 2023-06-27 16:42:44.371336576 UTC - from mc-0->source-1 "453" 16:42:44.369721856
[2023-06-27T16:42:46Z INFO  dt_instance] received at 2023-06-27 16:42:46.875951939 UTC - from mc-0->source-1 "458" 16:42:46.874284336
[2023-06-27T16:42:49Z INFO  dt_instance] received at 2023-06-27 16:42:49.380660758 UTC - from mc-0->source-1 "463" 16:42:49.379310782
[2023-06-27T16:42:51Z INFO  dt_instance] received at 2023-06-27 16:42:51.887277203 UTC - from mc-0->source-1 "468" 16:42:51.885365973
[2023-06-27T16:42:54Z INFO  dt_instance] received at 2023-06-27 16:42:54.392016087 UTC - from mc-0->source-1 "473" 16:42:54.391020835
[2023-06-27T16:42:56Z INFO  dt_instance] received at 2023-06-27 16:42:56.897871732 UTC - from mc-0->source-1 "478" 16:42:56.896104087
[2023-06-27T16:42:59Z INFO  dt_instance] received at 2023-06-27 16:42:59.405405883 UTC - from mc-0->source-1 "483" 16:42:59.403451021
[2023-06-27T16:43:01Z INFO  dt_instance] received at 2023-06-27 16:43:01.909776868 UTC - from mc-0->source-1 "488" 16:43:01.908335114
[2023-06-27T16:43:04Z INFO  dt_instance] received at 2023-06-27 16:43:04.420127095 UTC - from mc-0->source-1 "493" 16:43:04.415037634
[2023-06-27T16:43:06Z INFO  dt_instance] received at 2023-06-27 16:43:06.922538705 UTC - from mc-0->source-1 "498" 16:43:06.920821420
[2023-06-27T16:43:09Z INFO  dt_instance] received at 2023-06-27 16:43:09.429523902 UTC - from mc-0->source-1 "503" 16:43:09.426994368
[2023-06-27T16:43:11Z INFO  dt_instance] received at 2023-06-27 16:43:11.937065638 UTC - from mc-0->source-1 "508" 16:43:11.935279316
[2023-06-27T16:43:14Z INFO  dt_instance] received at 2023-06-27 16:43:14.443151318 UTC - from mc-0->source-1 "513" 16:43:14.441137420
[2023-06-27T16:43:16Z INFO  dt_instance] received at 2023-06-27 16:43:16.949629357 UTC - from mc-0->source-5 "508" 16:43:16.948397788
[2023-06-27T16:43:19Z INFO  dt_instance] received at 2023-06-27 16:43:19.454957383 UTC - from mc-0->source-5 "513" 16:43:19.454187715
[2023-06-27T16:43:21Z INFO  dt_instance] received at 2023-06-27 16:43:21.961785539 UTC - from mc-0->source-5 "518" 16:43:21.960356206
[2023-06-27T16:43:24Z INFO  dt_instance] received at 2023-06-27 16:43:24.468962901 UTC - from mc-0->source-5 "523" 16:43:24.467191657
[2023-06-27T16:43:26Z INFO  dt_instance] received at 2023-06-27 16:43:26.974563362 UTC - from mc-0->source-5 "528" 16:43:26.973618513
[2023-06-27T16:43:29Z INFO  dt_instance] received at 2023-06-27 16:43:29.479142512 UTC - from mc-0->source-5 "533" 16:43:29.478298669
[2023-06-27T16:43:31Z INFO  dt_instance] received at 2023-06-27 16:43:31.984777409 UTC - from mc-0->source-5 "538" 16:43:31.983585032
[2023-06-27T16:43:34Z INFO  dt_instance] received at 2023-06-27 16:43:34.491694779 UTC - from mc-0->source-5 "543" 16:43:34.490880307
[2023-06-27T16:43:36Z INFO  dt_instance] received at 2023-06-27 16:43:36.996802291 UTC - from mc-0->source-5 "548" 16:43:36.995988626
[2023-06-27T16:43:39Z INFO  dt_instance] received at 2023-06-27 16:43:39.504641996 UTC - from mc-0->source-5 "553" 16:43:39.503775075
[2023-06-27T16:43:42Z INFO  dt_instance] received at 2023-06-27 16:43:42.011195152 UTC - from mc-0->source-5 "558" 16:43:42.010344004
[2023-06-27T16:43:44Z INFO  dt_instance] received at 2023-06-27 16:43:44.516912594 UTC - from mc-0->source-5 "563" 16:43:44.515932754
[2023-06-27T16:43:47Z INFO  dt_instance] received at 2023-06-27 16:43:47.022915333 UTC - from mc-0->source-5 "568" 16:43:47.021759733
[2023-06-27T16:43:49Z INFO  dt_instance] received at 2023-06-27 16:43:49.527939153 UTC - from mc-0->source-5 "573" 16:43:49.526700023
[2023-06-27T16:43:52Z INFO  dt_instance] received at 2023-06-27 16:43:52.033247426 UTC - from mc-0->source-5 "578" 16:43:52.031834213
[2023-06-27T16:43:54Z INFO  dt_instance] received at 2023-06-27 16:43:54.540156304 UTC - from mc-0->source-5 "583" 16:43:54.538787798
[2023-06-27T16:43:57Z INFO  dt_instance] received at 2023-06-27 16:43:57.046625178 UTC - from mc-0->source-5 "588" 16:43:57.044985163
[2023-06-27T16:43:59Z INFO  dt_instance] received at 2023-06-27 16:43:59.552123518 UTC - from mc-0->source-1 "603" 16:43:59.549515321
[2023-06-27T16:44:02Z INFO  dt_instance] received at 2023-06-27 16:44:02.055876472 UTC - from mc-0->source-5 "598" 16:44:02.055076645
[2023-06-27T16:44:04Z INFO  dt_instance] received at 2023-06-27 16:44:04.563247219 UTC - from mc-0->source-5 "603" 16:44:04.562377977
[2023-06-27T16:44:07Z INFO  dt_instance] received at 2023-06-27 16:44:07.076348223 UTC - from mc-0->source-5 "608" 16:44:07.075419470
[2023-06-27T16:44:09Z INFO  dt_instance] received at 2023-06-27 16:44:09.582868370 UTC - from mc-0->source-5 "613" 16:44:09.581950149
[2023-06-27T16:44:12Z INFO  dt_instance] received at 2023-06-27 16:44:12.088274532 UTC - from mc-0->source-5 "618" 16:44:12.087004568
[2023-06-27T16:44:14Z INFO  dt_instance] received at 2023-06-27 16:44:14.593837909 UTC - from mc-0->source-5 "623" 16:44:14.593051645
[2023-06-27T16:44:17Z INFO  dt_instance] received at 2023-06-27 16:44:17.102461508 UTC - from mc-0->source-5 "628" 16:44:17.098995132
[2023-06-27T16:44:19Z INFO  dt_instance] received at 2023-06-27 16:44:19.607370214 UTC - from mc-0->source-7 "628" 16:44:19.606024255
[2023-06-27T16:44:22Z INFO  dt_instance] received at 2023-06-27 16:44:22.113552433 UTC - from mc-0->source-7 "633" 16:44:22.112058999
[2023-06-27T16:44:24Z INFO  dt_instance] received at 2023-06-27 16:44:24.620724942 UTC - from mc-0->source-7 "638" 16:44:24.619332848
[2023-06-27T16:44:27Z INFO  dt_instance] received at 2023-06-27 16:44:27.126460538 UTC - from mc-0->source-7 "643" 16:44:27.125176263
[2023-06-27T16:44:29Z INFO  dt_instance] received at 2023-06-27 16:44:29.633291252 UTC - from mc-0->source-7 "648" 16:44:29.632025131
[2023-06-27T16:44:32Z INFO  dt_instance] received at 2023-06-27 16:44:32.139386584 UTC - from mc-0->source-7 "653" 16:44:32.137843595
[2023-06-27T16:44:34Z INFO  dt_instance] received at 2023-06-27 16:44:34.644503086 UTC - from mc-0->source-7 "658" 16:44:34.643473844
[2023-06-27T16:44:37Z INFO  dt_instance] received at 2023-06-27 16:44:37.151561693 UTC - from mc-0->source-7 "663" 16:44:37.149886747
[2023-06-27T16:44:39Z INFO  dt_instance] received at 2023-06-27 16:44:39.657285004 UTC - from mc-0->source-7 "668" 16:44:39.655910314
[2023-06-27T16:44:42Z INFO  dt_instance] received at 2023-06-27 16:44:42.162325302 UTC - from mc-0->source-7 "673" 16:44:42.160935013
[2023-06-27T16:44:44Z INFO  dt_instance] received at 2023-06-27 16:44:44.672489904 UTC - from mc-0->source-7 "678" 16:44:44.671265281
[2023-06-27T16:44:47Z INFO  dt_instance] received at 2023-06-27 16:44:47.180268821 UTC - from mc-0->source-7 "683" 16:44:47.178550705
[2023-06-27T16:44:49Z INFO  dt_instance] received at 2023-06-27 16:44:49.690847460 UTC - from mc-0->source-7 "688" 16:44:49.685782183
[2023-06-27T16:44:52Z INFO  dt_instance] received at 2023-06-27 16:44:52.193428761 UTC - from mc-0->source-7 "693" 16:44:52.192070150
[2023-06-27T16:44:54Z INFO  dt_instance] received at 2023-06-27 16:44:54.698828900 UTC - from mc-0->source-7 "698" 16:44:54.697585421
[2023-06-27T16:44:57Z INFO  dt_instance] received at 2023-06-27 16:44:57.205107521 UTC - from mc-0->source-7 "703" 16:44:57.204064940
[2023-06-27T16:44:59Z INFO  dt_instance] received at 2023-06-27 16:44:59.710888332 UTC - from mc-0->source-7 "708" 16:44:59.709653446
[2023-06-27T16:45:02Z INFO  dt_instance] received at 2023-06-27 16:45:02.216330527 UTC - from mc-0->source-7 "713" 16:45:02.214441877
[2023-06-27T16:45:04Z INFO  dt_instance] received at 2023-06-27 16:45:04.727316961 UTC - from mc-0->source-7 "718" 16:45:04.725787771
[2023-06-27T16:45:07Z INFO  dt_instance] received at 2023-06-27 16:45:07.231708955 UTC - from mc-0->source-7 "723" 16:45:07.230274601
[2023-06-27T16:45:09Z INFO  dt_instance] received at 2023-06-27 16:45:09.742032595 UTC - from mc-0->source-7 "728" 16:45:09.738194736
[2023-06-27T16:45:12Z INFO  dt_instance] received at 2023-06-27 16:45:12.244054973 UTC - from mc-0->source-7 "733" 16:45:12.243048976
[2023-06-27T16:45:14Z INFO  dt_instance] received at 2023-06-27 16:45:14.751223437 UTC - from mc-0->source-7 "738" 16:45:14.749956661
[2023-06-27T16:45:17Z INFO  dt_instance] received at 2023-06-27 16:45:17.259860019 UTC - from mc-0->source-7 "743" 16:45:17.255494917
[2023-06-27T16:45:19Z INFO  dt_instance] received at 2023-06-27 16:45:19.763399071 UTC - from mc-0->source-7 "748" 16:45:19.762079077
[2023-06-27T16:45:22Z INFO  dt_instance] received at 2023-06-27 16:45:22.269700871 UTC - from mc-0->source-7 "753" 16:45:22.267993887
[2023-06-27T16:45:24Z INFO  dt_instance] received at 2023-06-27 16:45:24.775989403 UTC - from mc-0->source-7 "758" 16:45:24.774856787
[2023-06-27T16:45:27Z INFO  dt_instance] received at 2023-06-27 16:45:27.281442243 UTC - from mc-0->source-7 "763" 16:45:27.280125510
[2023-06-27T16:45:29Z INFO  dt_instance] received at 2023-06-27 16:45:29.787860021 UTC - from mc-0->source-7 "768" 16:45:29.786367637
[2023-06-27T16:45:32Z INFO  dt_instance] received at 2023-06-27 16:45:32.294608428 UTC - from mc-0->source-7 "773" 16:45:32.291800511
[2023-06-27T16:45:34Z INFO  dt_instance] received at 2023-06-27 16:45:34.798449679 UTC - from mc-0->source-7 "778" 16:45:34.797536808
[2023-06-27T16:45:37Z INFO  dt_instance] received at 2023-06-27 16:45:37.306122388 UTC - from mc-0->source-7 "783" 16:45:37.302279865
[2023-06-27T16:45:39Z INFO  dt_instance] received at 2023-06-27 16:45:39.810903343 UTC - from mc-0->source-7 "788" 16:45:39.809761250
[2023-06-27T16:45:42Z INFO  dt_instance] received at 2023-06-27 16:45:42.315781354 UTC - from mc-0->source-7 "793" 16:45:42.314405059
[2023-06-27T16:45:44Z INFO  dt_instance] received at 2023-06-27 16:45:44.820743096 UTC - from mc-0->source-7 "798" 16:45:44.819111579
[2023-06-27T16:45:47Z INFO  dt_instance] received at 2023-06-27 16:45:47.328028333 UTC - from mc-0->source-7 "803" 16:45:47.325437447
[2023-06-27T16:45:49Z INFO  dt_instance] received at 2023-06-27 16:45:49.831589800 UTC - from mc-0->source-7 "808" 16:45:49.830269446
[2023-06-27T16:45:52Z INFO  dt_instance] received at 2023-06-27 16:45:52.337555757 UTC - from mc-0->source-7 "813" 16:45:52.336115557
[2023-06-27T16:45:54Z INFO  dt_instance] received at 2023-06-27 16:45:54.842572351 UTC - from mc-0->source-7 "818" 16:45:54.841352871
[2023-06-27T16:45:57Z INFO  dt_instance] received at 2023-06-27 16:45:57.350604684 UTC - from mc-0->source-7 "823" 16:45:57.349321368
[2023-06-27T16:45:59Z INFO  dt_instance] received at 2023-06-27 16:45:59.856646632 UTC - from mc-0->source-7 "828" 16:45:59.855199031
[2023-06-27T16:46:02Z INFO  dt_instance] received at 2023-06-27 16:46:02.362754264 UTC - from mc-0->source-7 "833" 16:46:02.360685751
[2023-06-27T16:46:04Z INFO  dt_instance] received at 2023-06-27 16:46:04.868130101 UTC - from mc-0->source-7 "838" 16:46:04.866878498
[2023-06-27T16:46:07Z INFO  dt_instance] received at 2023-06-27 16:46:07.374758374 UTC - from mc-0->source-7 "843" 16:46:07.372146419
[2023-06-27T16:46:09Z INFO  dt_instance] received at 2023-06-27 16:46:09.879851321 UTC - from mc-0->source-7 "848" 16:46:09.877163254
[2023-06-27T16:46:12Z INFO  dt_instance] received at 2023-06-27 16:46:12.385087872 UTC - from mc-0->source-7 "853" 16:46:12.383540067
[2023-06-27T16:46:14Z INFO  dt_instance] received at 2023-06-27 16:46:14.889493257 UTC - from mc-0->source-7 "858" 16:46:14.888202119
[2023-06-27T16:46:17Z INFO  dt_instance] received at 2023-06-27 16:46:17.397948144 UTC - from mc-0->source-7 "863" 16:46:17.396578877
[2023-06-27T16:46:19Z INFO  dt_instance] received at 2023-06-27 16:46:19.903716611 UTC - from mc-0->source-7 "868" 16:46:19.902450161
[2023-06-27T16:46:22Z INFO  dt_instance] received at 2023-06-27 16:46:22.409924518 UTC - from mc-0->source-7 "873" 16:46:22.408270973
[2023-06-27T16:46:24Z INFO  dt_instance] received at 2023-06-27 16:46:24.915178874 UTC - from mc-0->source-7 "878" 16:46:24.913653013
[2023-06-27T16:46:27Z INFO  dt_instance] received at 2023-06-27 16:46:27.420882402 UTC - from mc-0->source-7 "883" 16:46:27.419400244
[2023-06-27T16:46:29Z INFO  dt_instance] received at 2023-06-27 16:46:29.926377656 UTC - from mc-0->source-7 "888" 16:46:29.925232544
[2023-06-27T16:46:32Z INFO  dt_instance] received at 2023-06-27 16:46:32.440291478 UTC - from mc-0->source-7 "893" 16:46:32.438940072
[2023-06-27T16:46:34Z INFO  dt_instance] received at 2023-06-27 16:46:34.946740122 UTC - from mc-0->source-7 "898" 16:46:34.945272121
[2023-06-27T16:46:37Z INFO  dt_instance] received at 2023-06-27 16:46:37.453577094 UTC - from mc-0->source-7 "903" 16:46:37.450818320
[2023-06-27T16:46:39Z INFO  dt_instance] received at 2023-06-27 16:46:39.959719006 UTC - from mc-0->source-7 "908" 16:46:39.957771245
[2023-06-27T16:46:42Z INFO  dt_instance] received at 2023-06-27 16:46:42.465236610 UTC - from mc-0->source-7 "913" 16:46:42.463237612
[2023-06-27T16:46:44Z INFO  dt_instance] received at 2023-06-27 16:46:44.973675645 UTC - from mc-0->source-7 "918" 16:46:44.971088049
[2023-06-27T16:46:47Z INFO  dt_instance] received at 2023-06-27 16:46:47.479269767 UTC - from mc-0->source-7 "923" 16:46:47.477807690
[2023-06-27T16:46:49Z INFO  dt_instance] received at 2023-06-27 16:46:49.983504547 UTC - from mc-0->source-7 "928" 16:46:49.982182101
[2023-06-27T16:46:52Z INFO  dt_instance] received at 2023-06-27 16:46:52.488724030 UTC - from mc-0->source-7 "933" 16:46:52.487381679
[2023-06-27T16:46:54Z INFO  dt_instance] received at 2023-06-27 16:46:54.997767856 UTC - from mc-0->source-7 "938" 16:46:54.996012611
[2023-06-27T16:46:57Z INFO  dt_instance] received at 2023-06-27 16:46:57.505008515 UTC - from mc-0->source-7 "943" 16:46:57.503208374
[2023-06-27T16:47:00Z INFO  dt_instance] received at 2023-06-27 16:47:00.011525432 UTC - from mc-0->source-7 "948" 16:47:00.010256837
[2023-06-27T16:47:02Z INFO  dt_instance] received at 2023-06-27 16:47:02.517360275 UTC - from mc-0->source-7 "953" 16:47:02.515842972
[2023-06-27T16:47:05Z INFO  dt_instance] received at 2023-06-27 16:47:05.022078069 UTC - from mc-0->source-7 "958" 16:47:05.020675645
[2023-06-27T16:47:07Z INFO  dt_instance] received at 2023-06-27 16:47:07.527351874 UTC - from mc-0->source-7 "963" 16:47:07.525255559
[2023-06-27T16:47:10Z INFO  dt_instance] received at 2023-06-27 16:47:10.044273305 UTC - from mc-0->source-7 "968" 16:47:10.035025449
[2023-06-27T16:47:12Z INFO  dt_instance] received at 2023-06-27 16:47:12.547533918 UTC - from mc-0->source-7 "973" 16:47:12.546290925
[2023-06-27T16:47:15Z INFO  dt_instance] received at 2023-06-27 16:47:15.053591980 UTC - from mc-0->source-7 "978" 16:47:15.051905142
[2023-06-27T16:47:17Z INFO  dt_instance] received at 2023-06-27 16:47:17.739673732 UTC - from mc-0->source-2 "996" 16:47:17.738492666
[2023-06-27T16:47:20Z INFO  dt_instance] received at 2023-06-27 16:47:20.989758053 UTC - from mc-0->source-9 "985" 16:47:20.988676679
[2023-06-27T16:47:28Z INFO  dt_instance] received at 2023-06-27 16:47:28.006279359 UTC - from mc-0->source-9 "999" 16:47:28.005336908
