[2023-06-27T16:38:27Z INFO  dt_instance] Current Twin: mc-twin-8
[2023-06-27T16:38:27Z INFO  dt_instance] Replica Name twin-mc-stateful-8
[2023-06-27T16:38:27Z INFO  dt_instance] Sleeping for 400
[2023-06-27T16:45:07Z INFO  dt_instance] Connecting to broker at emqx.dtwins:1883
[2023-06-27T16:45:07Z INFO  dt_instance] Loggin info each 50 messages
[2023-06-27T16:45:07Z INFO  dt_instance] Set max packet size to 60000 KB.
[2023-06-27T16:45:07Z INFO  dt_instance] Refreshing topics for twin - Listen to mc-8/#
[2023-06-27T16:45:07Z INFO  dt_instance] SubAck { pkid: 1, return_codes: [Success(ExactlyOnce)] }
[2023-06-27T16:46:15Z INFO  dt_instance] received at 2023-06-27 16:46:15.443838911 UTC - from mc-8->source-2 "9" 16:46:15.442546448
[2023-06-27T16:46:18Z INFO  dt_instance] received at 2023-06-27 16:46:18.696862036 UTC - from mc-8->source-3 "13" 16:46:18.694976415
[2023-06-27T16:46:21Z INFO  dt_instance] received at 2023-06-27 16:46:21.208120992 UTC - from mc-8->source-1 "23" 16:46:21.204454414
[2023-06-27T16:46:23Z INFO  dt_instance] received at 2023-06-27 16:46:23.710873343 UTC - from mc-8->source-1 "28" 16:46:23.709631173
[2023-06-27T16:46:26Z INFO  dt_instance] received at 2023-06-27 16:46:26.217499082 UTC - from mc-8->source-1 "33" 16:46:26.216140431
[2023-06-27T16:46:28Z INFO  dt_instance] received at 2023-06-27 16:46:28.724035601 UTC - from mc-8->source-1 "38" 16:46:28.722072677
[2023-06-27T16:46:31Z INFO  dt_instance] received at 2023-06-27 16:46:31.227688123 UTC - from mc-8->source-1 "43" 16:46:31.226595626
[2023-06-27T16:46:33Z INFO  dt_instance] received at 2023-06-27 16:46:33.735537557 UTC - from mc-8->source-1 "48" 16:46:33.732953527
[2023-06-27T16:46:36Z INFO  dt_instance] received at 2023-06-27 16:46:36.240440302 UTC - from mc-8->source-1 "53" 16:46:36.239347205
[2023-06-27T16:46:38Z INFO  dt_instance] received at 2023-06-27 16:46:38.746094142 UTC - from mc-8->source-1 "58" 16:46:38.744727570
[2023-06-27T16:46:41Z INFO  dt_instance] received at 2023-06-27 16:46:41.252661728 UTC - from mc-8->source-1 "63" 16:46:41.251623104
[2023-06-27T16:46:43Z INFO  dt_instance] received at 2023-06-27 16:46:43.757723523 UTC - from mc-8->source-1 "68" 16:46:43.756674066
[2023-06-27T16:46:46Z INFO  dt_instance] received at 2023-06-27 16:46:46.263956403 UTC - from mc-8->source-1 "73" 16:46:46.262672564
[2023-06-27T16:46:48Z INFO  dt_instance] received at 2023-06-27 16:46:48.770620459 UTC - from mc-8->source-1 "78" 16:46:48.769216350
[2023-06-27T16:46:51Z INFO  dt_instance] received at 2023-06-27 16:46:51.276691702 UTC - from mc-8->source-5 "73" 16:46:51.275229806
[2023-06-27T16:46:53Z INFO  dt_instance] received at 2023-06-27 16:46:53.782891962 UTC - from mc-8->source-1 "88" 16:46:53.781304291
[2023-06-27T16:46:56Z INFO  dt_instance] received at 2023-06-27 16:46:56.288906313 UTC - from mc-8->source-5 "83" 16:46:56.286892978
[2023-06-27T16:46:58Z INFO  dt_instance] received at 2023-06-27 16:46:58.792876356 UTC - from mc-8->source-1 "98" 16:46:58.791583849
[2023-06-27T16:47:01Z INFO  dt_instance] received at 2023-06-27 16:47:01.298125166 UTC - from mc-8->source-1 "103" 16:47:01.296917005
[2023-06-27T16:47:03Z INFO  dt_instance] received at 2023-06-27 16:47:03.806463343 UTC - from mc-8->source-5 "98" 16:47:03.804801194
[2023-06-27T16:47:06Z INFO  dt_instance] received at 2023-06-27 16:47:06.310975516 UTC - from mc-8->source-5 "103" 16:47:06.309729855
[2023-06-27T16:47:08Z INFO  dt_instance] received at 2023-06-27 16:47:08.817274208 UTC - from mc-8->source-5 "108" 16:47:08.815807835
[2023-06-27T16:47:11Z INFO  dt_instance] received at 2023-06-27 16:47:11.323771257 UTC - from mc-8->source-5 "113" 16:47:11.322164652
[2023-06-27T16:47:13Z INFO  dt_instance] received at 2023-06-27 16:47:13.828091775 UTC - from mc-8->source-1 "128" 16:47:13.826451163
[2023-06-27T16:47:16Z INFO  dt_instance] received at 2023-06-27 16:47:16.333818244 UTC - from mc-8->source-1 "133" 16:47:16.332481300
[2023-06-27T16:47:18Z INFO  dt_instance] received at 2023-06-27 16:47:18.840182477 UTC - from mc-8->source-1 "138" 16:47:18.838313841
[2023-06-27T16:47:21Z INFO  dt_instance] received at 2023-06-27 16:47:21.345160435 UTC - from mc-8->source-1 "143" 16:47:21.343677054
[2023-06-27T16:47:23Z INFO  dt_instance] received at 2023-06-27 16:47:23.851064409 UTC - from mc-8->source-1 "148" 16:47:23.849288912
[2023-06-27T16:47:26Z INFO  dt_instance] received at 2023-06-27 16:47:26.356025890 UTC - from mc-8->source-5 "143" 16:47:26.354968654
[2023-06-27T16:47:28Z INFO  dt_instance] received at 2023-06-27 16:47:28.862211343 UTC - from mc-8->source-1 "158" 16:47:28.860565183
[2023-06-27T16:47:31Z INFO  dt_instance] received at 2023-06-27 16:47:31.368566295 UTC - from mc-8->source-1 "163" 16:47:31.366257056
[2023-06-27T16:47:33Z INFO  dt_instance] received at 2023-06-27 16:47:33.872769816 UTC - from mc-8->source-1 "168" 16:47:33.871596188
[2023-06-27T16:47:36Z INFO  dt_instance] received at 2023-06-27 16:47:36.378878572 UTC - from mc-8->source-1 "173" 16:47:36.377191558
[2023-06-27T16:47:38Z INFO  dt_instance] received at 2023-06-27 16:47:38.884741128 UTC - from mc-8->source-3 "173" 16:47:38.883654941
[2023-06-27T16:47:41Z INFO  dt_instance] received at 2023-06-27 16:47:41.392566092 UTC - from mc-8->source-3 "178" 16:47:41.391473067
[2023-06-27T16:47:43Z INFO  dt_instance] received at 2023-06-27 16:47:43.899324146 UTC - from mc-8->source-3 "183" 16:47:43.898306360
[2023-06-27T16:47:46Z INFO  dt_instance] received at 2023-06-27 16:47:46.405597186 UTC - from mc-8->source-3 "188" 16:47:46.404660589
[2023-06-27T16:47:48Z INFO  dt_instance] received at 2023-06-27 16:47:48.912290671 UTC - from mc-8->source-3 "193" 16:47:48.911243594
[2023-06-27T16:47:51Z INFO  dt_instance] received at 2023-06-27 16:47:51.419310748 UTC - from mc-8->source-3 "198" 16:47:51.418375929
[2023-06-27T16:47:53Z INFO  dt_instance] received at 2023-06-27 16:47:53.943104997 UTC - from mc-8->source-5 "198" 16:47:53.940098898
[2023-06-27T16:47:56Z INFO  dt_instance] received at 2023-06-27 16:47:56.447976166 UTC - from mc-8->source-5 "203" 16:47:56.446757983
[2023-06-27T16:47:58Z INFO  dt_instance] received at 2023-06-27 16:47:58.954961341 UTC - from mc-8->source-5 "208" 16:47:58.953533479
[2023-06-27T16:48:01Z INFO  dt_instance] received at 2023-06-27 16:48:01.461166031 UTC - from mc-8->source-5 "213" 16:48:01.459738213
[2023-06-27T16:48:03Z INFO  dt_instance] received at 2023-06-27 16:48:03.967072951 UTC - from mc-8->source-5 "218" 16:48:03.964531931
[2023-06-27T16:48:06Z INFO  dt_instance] received at 2023-06-27 16:48:06.473272172 UTC - from mc-8->source-5 "223" 16:48:06.471582900
[2023-06-27T16:48:08Z INFO  dt_instance] received at 2023-06-27 16:48:08.979624451 UTC - from mc-8->source-5 "228" 16:48:08.978321632
[2023-06-27T16:48:11Z INFO  dt_instance] received at 2023-06-27 16:48:11.485821937 UTC - from mc-8->source-5 "233" 16:48:11.484670852
[2023-06-27T16:48:13Z INFO  dt_instance] received at 2023-06-27 16:48:13.991768425 UTC - from mc-8->source-5 "238" 16:48:13.990167729
[2023-06-27T16:48:16Z INFO  dt_instance] received at 2023-06-27 16:48:16.498072743 UTC - from mc-8->source-5 "243" 16:48:16.494890360
[2023-06-27T16:48:19Z INFO  dt_instance] received at 2023-06-27 16:48:19.001348636 UTC - from mc-8->source-5 "248" 16:48:18.999909492
[2023-06-27T16:48:21Z INFO  dt_instance] received at 2023-06-27 16:48:21.505956743 UTC - from mc-8->source-5 "253" 16:48:21.504383681
[2023-06-27T16:48:24Z INFO  dt_instance] received at 2023-06-27 16:48:24.012418302 UTC - from mc-8->source-5 "258" 16:48:24.011344451
[2023-06-27T16:48:26Z INFO  dt_instance] received at 2023-06-27 16:48:26.520264186 UTC - from mc-8->source-5 "263" 16:48:26.519201114
[2023-06-27T16:48:29Z INFO  dt_instance] received at 2023-06-27 16:48:29.027059069 UTC - from mc-8->source-5 "268" 16:48:29.024188359
[2023-06-27T16:48:31Z INFO  dt_instance] received at 2023-06-27 16:48:31.530992133 UTC - from mc-8->source-5 "273" 16:48:31.528554208
[2023-06-27T16:48:34Z INFO  dt_instance] received at 2023-06-27 16:48:34.036679389 UTC - from mc-8->source-5 "278" 16:48:34.035512354
[2023-06-27T16:48:36Z INFO  dt_instance] received at 2023-06-27 16:48:36.542774674 UTC - from mc-8->source-5 "283" 16:48:36.541412244
[2023-06-27T16:48:39Z INFO  dt_instance] received at 2023-06-27 16:48:39.047819329 UTC - from mc-8->source-5 "288" 16:48:39.046415177
[2023-06-27T16:48:41Z INFO  dt_instance] received at 2023-06-27 16:48:41.554737103 UTC - from mc-8->source-5 "293" 16:48:41.553230836
[2023-06-27T16:48:44Z INFO  dt_instance] received at 2023-06-27 16:48:44.062577452 UTC - from mc-8->source-5 "298" 16:48:44.058629983
[2023-06-27T16:48:46Z INFO  dt_instance] received at 2023-06-27 16:48:46.567077874 UTC - from mc-8->source-5 "303" 16:48:46.564665089
[2023-06-27T16:48:49Z INFO  dt_instance] received at 2023-06-27 16:48:49.072065673 UTC - from mc-8->source-5 "308" 16:48:49.070494161
[2023-06-27T16:48:51Z INFO  dt_instance] received at 2023-06-27 16:48:51.577162949 UTC - from mc-8->source-5 "313" 16:48:51.575742722
[2023-06-27T16:48:54Z INFO  dt_instance] received at 2023-06-27 16:48:54.082550636 UTC - from mc-8->source-5 "318" 16:48:54.080645427
[2023-06-27T16:48:56Z INFO  dt_instance] received at 2023-06-27 16:48:56.586979431 UTC - from mc-8->source-5 "323" 16:48:56.585835651
[2023-06-27T16:48:59Z INFO  dt_instance] received at 2023-06-27 16:48:59.093953593 UTC - from mc-8->source-5 "328" 16:48:59.092837523
[2023-06-27T16:49:01Z INFO  dt_instance] received at 2023-06-27 16:49:01.601029241 UTC - from mc-8->source-5 "333" 16:49:01.597545366
[2023-06-27T16:49:04Z INFO  dt_instance] received at 2023-06-27 16:49:04.105202316 UTC - from mc-8->source-5 "338" 16:49:04.103816426
[2023-06-27T16:49:06Z INFO  dt_instance] received at 2023-06-27 16:49:06.611292390 UTC - from mc-8->source-5 "343" 16:49:06.610272351
[2023-06-27T16:49:09Z INFO  dt_instance] received at 2023-06-27 16:49:09.116494584 UTC - from mc-8->source-5 "348" 16:49:09.115174375
[2023-06-27T16:49:11Z INFO  dt_instance] received at 2023-06-27 16:49:11.623295628 UTC - from mc-8->source-5 "353" 16:49:11.621421012
[2023-06-27T16:49:14Z INFO  dt_instance] received at 2023-06-27 16:49:14.128091238 UTC - from mc-8->source-5 "358" 16:49:14.126706647
[2023-06-27T16:49:16Z INFO  dt_instance] received at 2023-06-27 16:49:16.634367170 UTC - from mc-8->source-5 "363" 16:49:16.632838969
[2023-06-27T16:49:19Z INFO  dt_instance] received at 2023-06-27 16:49:19.139078462 UTC - from mc-8->source-5 "368" 16:49:19.137489476
[2023-06-27T16:49:21Z INFO  dt_instance] received at 2023-06-27 16:49:21.644811621 UTC - from mc-8->source-5 "373" 16:49:21.643722565
[2023-06-27T16:49:24Z INFO  dt_instance] received at 2023-06-27 16:49:24.151515524 UTC - from mc-8->source-5 "378" 16:49:24.149388231
[2023-06-27T16:49:26Z INFO  dt_instance] received at 2023-06-27 16:49:26.656366326 UTC - from mc-8->source-5 "383" 16:49:26.654497553
[2023-06-27T16:49:29Z INFO  dt_instance] received at 2023-06-27 16:49:29.162576252 UTC - from mc-8->source-5 "388" 16:49:29.161015688
[2023-06-27T16:49:31Z INFO  dt_instance] received at 2023-06-27 16:49:31.668352419 UTC - from mc-8->source-5 "393" 16:49:31.666307225
[2023-06-27T16:49:34Z INFO  dt_instance] received at 2023-06-27 16:49:34.174889939 UTC - from mc-8->source-5 "398" 16:49:34.173098020
[2023-06-27T16:49:36Z INFO  dt_instance] received at 2023-06-27 16:49:36.680050 UTC - from mc-8->source-5 "403" 16:49:36.678881956
[2023-06-27T16:49:39Z INFO  dt_instance] received at 2023-06-27 16:49:39.186132145 UTC - from mc-8->source-5 "408" 16:49:39.183657969
[2023-06-27T16:49:41Z INFO  dt_instance] received at 2023-06-27 16:49:41.690349378 UTC - from mc-8->source-5 "413" 16:49:41.688737675
[2023-06-27T16:49:44Z INFO  dt_instance] received at 2023-06-27 16:49:44.196120471 UTC - from mc-8->source-5 "418" 16:49:44.194878256
[2023-06-27T16:49:46Z INFO  dt_instance] received at 2023-06-27 16:49:46.702087997 UTC - from mc-8->source-5 "423" 16:49:46.700964922
[2023-06-27T16:49:49Z INFO  dt_instance] received at 2023-06-27 16:49:49.206696269 UTC - from mc-8->source-5 "428" 16:49:49.205355513
[2023-06-27T16:49:51Z INFO  dt_instance] received at 2023-06-27 16:49:51.713651743 UTC - from mc-8->source-5 "433" 16:49:51.712194225
[2023-06-27T16:49:54Z INFO  dt_instance] received at 2023-06-27 16:49:54.218107475 UTC - from mc-8->source-5 "438" 16:49:54.216906343
[2023-06-27T16:49:56Z INFO  dt_instance] received at 2023-06-27 16:49:56.723576158 UTC - from mc-8->source-5 "443" 16:49:56.722402346
[2023-06-27T16:49:59Z INFO  dt_instance] received at 2023-06-27 16:49:59.231044549 UTC - from mc-8->source-5 "448" 16:49:59.229327783
[2023-06-27T16:50:01Z INFO  dt_instance] received at 2023-06-27 16:50:01.736744649 UTC - from mc-8->source-5 "453" 16:50:01.735338281
[2023-06-27T16:50:04Z INFO  dt_instance] received at 2023-06-27 16:50:04.244867589 UTC - from mc-8->source-5 "458" 16:50:04.243364386
[2023-06-27T16:50:06Z INFO  dt_instance] received at 2023-06-27 16:50:06.753029169 UTC - from mc-8->source-5 "463" 16:50:06.751275240
[2023-06-27T16:50:09Z INFO  dt_instance] received at 2023-06-27 16:50:09.257633191 UTC - from mc-8->source-5 "468" 16:50:09.256565642
[2023-06-27T16:50:11Z INFO  dt_instance] received at 2023-06-27 16:50:11.763842572 UTC - from mc-8->source-5 "473" 16:50:11.762449406
[2023-06-27T16:50:14Z INFO  dt_instance] received at 2023-06-27 16:50:14.270671107 UTC - from mc-8->source-5 "478" 16:50:14.267801780
[2023-06-27T16:50:16Z INFO  dt_instance] received at 2023-06-27 16:50:16.774705431 UTC - from mc-8->source-5 "483" 16:50:16.773499031
[2023-06-27T16:50:19Z INFO  dt_instance] received at 2023-06-27 16:50:19.280648931 UTC - from mc-8->source-5 "488" 16:50:19.279212876
[2023-06-27T16:50:21Z INFO  dt_instance] received at 2023-06-27 16:50:21.785450696 UTC - from mc-8->source-5 "493" 16:50:21.784324683
[2023-06-27T16:50:24Z INFO  dt_instance] received at 2023-06-27 16:50:24.291609167 UTC - from mc-8->source-5 "498" 16:50:24.290332247
[2023-06-27T16:50:26Z INFO  dt_instance] received at 2023-06-27 16:50:26.798399101 UTC - from mc-8->source-5 "503" 16:50:26.796861565
[2023-06-27T16:50:29Z INFO  dt_instance] received at 2023-06-27 16:50:29.303198016 UTC - from mc-8->source-5 "508" 16:50:29.301614458
[2023-06-27T16:50:31Z INFO  dt_instance] received at 2023-06-27 16:50:31.814232496 UTC - from mc-8->source-5 "513" 16:50:31.806768488
[2023-06-27T16:50:34Z INFO  dt_instance] received at 2023-06-27 16:50:34.312445170 UTC - from mc-8->source-1 "528" 16:50:34.311479358
[2023-06-27T16:50:36Z INFO  dt_instance] received at 2023-06-27 16:50:36.818073870 UTC - from mc-8->source-5 "523" 16:50:36.816829589
[2023-06-27T16:50:39Z INFO  dt_instance] received at 2023-06-27 16:50:39.323534966 UTC - from mc-8->source-5 "528" 16:50:39.321800399
[2023-06-27T16:50:41Z INFO  dt_instance] received at 2023-06-27 16:50:41.830196492 UTC - from mc-8->source-3 "538" 16:50:41.829432127
[2023-06-27T16:50:44Z INFO  dt_instance] received at 2023-06-27 16:50:44.336634572 UTC - from mc-8->source-1 "548" 16:50:44.335392878
[2023-06-27T16:50:46Z INFO  dt_instance] received at 2023-06-27 16:50:46.844404919 UTC - from mc-8->source-1 "553" 16:50:46.841987303
[2023-06-27T16:50:49Z INFO  dt_instance] received at 2023-06-27 16:50:49.349700180 UTC - from mc-8->source-3 "553" 16:50:49.348719395
[2023-06-27T16:50:51Z INFO  dt_instance] received at 2023-06-27 16:50:51.858164425 UTC - from mc-8->source-5 "553" 16:50:51.856389374
[2023-06-27T16:50:54Z INFO  dt_instance] received at 2023-06-27 16:50:54.363980660 UTC - from mc-8->source-1 "568" 16:50:54.362710023
[2023-06-27T16:50:56Z INFO  dt_instance] received at 2023-06-27 16:50:56.870690007 UTC - from mc-8->source-5 "563" 16:50:56.869490698
[2023-06-27T16:50:59Z INFO  dt_instance] received at 2023-06-27 16:50:59.377253425 UTC - from mc-8->source-1 "578" 16:50:59.376000905
[2023-06-27T16:51:01Z INFO  dt_instance] received at 2023-06-27 16:51:01.882576840 UTC - from mc-8->source-3 "578" 16:51:01.881794481
[2023-06-27T16:51:04Z INFO  dt_instance] received at 2023-06-27 16:51:04.389611716 UTC - from mc-8->source-5 "578" 16:51:04.388172819
[2023-06-27T16:51:06Z INFO  dt_instance] received at 2023-06-27 16:51:06.895919427 UTC - from mc-8->source-3 "588" 16:51:06.894563799
[2023-06-27T16:51:09Z INFO  dt_instance] received at 2023-06-27 16:51:09.400960732 UTC - from mc-8->source-3 "593" 16:51:09.399523186
[2023-06-27T16:51:11Z INFO  dt_instance] received at 2023-06-27 16:51:11.905823778 UTC - from mc-8->source-3 "598" 16:51:11.904836643
[2023-06-27T16:51:14Z INFO  dt_instance] received at 2023-06-27 16:51:14.410437237 UTC - from mc-8->source-3 "603" 16:51:14.409383988
[2023-06-27T16:51:16Z INFO  dt_instance] received at 2023-06-27 16:51:16.916515792 UTC - from mc-8->source-5 "603" 16:51:16.914866058
[2023-06-27T16:51:19Z INFO  dt_instance] received at 2023-06-27 16:51:19.424668298 UTC - from mc-8->source-5 "608" 16:51:19.421524338
[2023-06-27T16:51:21Z INFO  dt_instance] received at 2023-06-27 16:51:21.928960099 UTC - from mc-8->source-5 "613" 16:51:21.926903674
[2023-06-27T16:51:24Z INFO  dt_instance] received at 2023-06-27 16:51:24.434002930 UTC - from mc-8->source-1 "628" 16:51:24.431935158
[2023-06-27T16:51:26Z INFO  dt_instance] received at 2023-06-27 16:51:26.939938806 UTC - from mc-8->source-5 "623" 16:51:26.938403467
[2023-06-27T16:51:29Z INFO  dt_instance] received at 2023-06-27 16:51:29.445317912 UTC - from mc-8->source-1 "638" 16:51:29.444029742
[2023-06-27T16:51:31Z INFO  dt_instance] received at 2023-06-27 16:51:31.953345476 UTC - from mc-8->source-1 "643" 16:51:31.950462470
[2023-06-27T16:51:34Z INFO  dt_instance] received at 2023-06-27 16:51:34.460352936 UTC - from mc-8->source-1 "648" 16:51:34.458358123
[2023-06-27T16:51:36Z INFO  dt_instance] received at 2023-06-27 16:51:36.965419798 UTC - from mc-8->source-1 "653" 16:51:36.963857955
[2023-06-27T16:51:39Z INFO  dt_instance] received at 2023-06-27 16:51:39.469807228 UTC - from mc-8->source-1 "658" 16:51:39.468368769
[2023-06-27T16:51:41Z INFO  dt_instance] received at 2023-06-27 16:51:41.975630913 UTC - from mc-8->source-1 "663" 16:51:41.974191102
[2023-06-27T16:51:44Z INFO  dt_instance] received at 2023-06-27 16:51:44.479987432 UTC - from mc-8->source-1 "668" 16:51:44.478698472
[2023-06-27T16:51:46Z INFO  dt_instance] received at 2023-06-27 16:51:46.985320549 UTC - from mc-8->source-1 "673" 16:51:46.984346882
[2023-06-27T16:51:49Z INFO  dt_instance] received at 2023-06-27 16:51:49.493622166 UTC - from mc-8->source-1 "678" 16:51:49.492165429
[2023-06-27T16:51:52Z INFO  dt_instance] received at 2023-06-27 16:51:52.000283410 UTC - from mc-8->source-1 "683" 16:51:51.998544209
[2023-06-27T16:51:54Z INFO  dt_instance] received at 2023-06-27 16:51:54.506343944 UTC - from mc-8->source-5 "678" 16:51:54.505048182
[2023-06-27T16:51:57Z INFO  dt_instance] received at 2023-06-27 16:51:57.012601743 UTC - from mc-8->source-5 "683" 16:51:57.011574312
[2023-06-27T16:51:59Z INFO  dt_instance] received at 2023-06-27 16:51:59.524404482 UTC - from mc-8->source-5 "688" 16:51:59.523014290
[2023-06-27T16:52:02Z INFO  dt_instance] received at 2023-06-27 16:52:02.030378815 UTC - from mc-8->source-1 "703" 16:52:02.029400757
[2023-06-27T16:52:04Z INFO  dt_instance] received at 2023-06-27 16:52:04.535653412 UTC - from mc-8->source-1 "708" 16:52:04.534369804
[2023-06-27T16:52:07Z INFO  dt_instance] received at 2023-06-27 16:52:07.044896606 UTC - from mc-8->source-1 "713" 16:52:07.043022289
[2023-06-27T16:52:09Z INFO  dt_instance] received at 2023-06-27 16:52:09.551686417 UTC - from mc-8->source-1 "718" 16:52:09.548355725
[2023-06-27T16:52:12Z INFO  dt_instance] received at 2023-06-27 16:52:12.057680214 UTC - from mc-8->source-1 "723" 16:52:12.056328430
[2023-06-27T16:52:14Z INFO  dt_instance] received at 2023-06-27 16:52:14.563822854 UTC - from mc-8->source-1 "728" 16:52:14.562273492
[2023-06-27T16:52:17Z INFO  dt_instance] received at 2023-06-27 16:52:17.069128896 UTC - from mc-8->source-1 "733" 16:52:17.067782637
[2023-06-27T16:52:19Z INFO  dt_instance] received at 2023-06-27 16:52:19.574129279 UTC - from mc-8->source-1 "738" 16:52:19.572840261
[2023-06-27T16:52:22Z INFO  dt_instance] received at 2023-06-27 16:52:22.081835372 UTC - from mc-8->source-1 "743" 16:52:22.080196920
[2023-06-27T16:52:24Z INFO  dt_instance] received at 2023-06-27 16:52:24.586085602 UTC - from mc-8->source-1 "748" 16:52:24.584795197
[2023-06-27T16:52:27Z INFO  dt_instance] received at 2023-06-27 16:52:27.091341787 UTC - from mc-8->source-1 "753" 16:52:27.089645306
[2023-06-27T16:52:29Z INFO  dt_instance] received at 2023-06-27 16:52:29.596734312 UTC - from mc-8->source-1 "758" 16:52:29.595617092
[2023-06-27T16:52:32Z INFO  dt_instance] received at 2023-06-27 16:52:32.105150700 UTC - from mc-8->source-3 "758" 16:52:32.100699003
[2023-06-27T16:52:34Z INFO  dt_instance] received at 2023-06-27 16:52:34.608034775 UTC - from mc-8->source-5 "758" 16:52:34.606562310
[2023-06-27T16:52:37Z INFO  dt_instance] received at 2023-06-27 16:52:37.115494161 UTC - from mc-8->source-5 "763" 16:52:37.114203262
[2023-06-27T16:52:39Z INFO  dt_instance] received at 2023-06-27 16:52:39.621147418 UTC - from mc-8->source-5 "768" 16:52:39.620204132
[2023-06-27T16:52:42Z INFO  dt_instance] received at 2023-06-27 16:52:42.128622529 UTC - from mc-8->source-5 "773" 16:52:42.126388631
[2023-06-27T16:52:44Z INFO  dt_instance] received at 2023-06-27 16:52:44.633741555 UTC - from mc-8->source-5 "778" 16:52:44.631578888
[2023-06-27T16:52:47Z INFO  dt_instance] received at 2023-06-27 16:52:47.139019412 UTC - from mc-8->source-5 "783" 16:52:47.136430970
[2023-06-27T16:52:49Z INFO  dt_instance] received at 2023-06-27 16:52:49.646997223 UTC - from mc-8->source-5 "788" 16:52:49.643985912
[2023-06-27T16:52:52Z INFO  dt_instance] received at 2023-06-27 16:52:52.152683518 UTC - from mc-8->source-5 "793" 16:52:52.151010937
[2023-06-27T16:52:54Z INFO  dt_instance] received at 2023-06-27 16:52:54.657650456 UTC - from mc-8->source-5 "798" 16:52:54.656186038
[2023-06-27T16:52:57Z INFO  dt_instance] received at 2023-06-27 16:52:57.164707509 UTC - from mc-8->source-5 "803" 16:52:57.162839079
[2023-06-27T16:52:59Z INFO  dt_instance] received at 2023-06-27 16:52:59.672784753 UTC - from mc-8->source-5 "808" 16:52:59.668016766
[2023-06-27T16:53:02Z INFO  dt_instance] received at 2023-06-27 16:53:02.176301230 UTC - from mc-8->source-5 "813" 16:53:02.174954848
[2023-06-27T16:53:04Z INFO  dt_instance] received at 2023-06-27 16:53:04.681085440 UTC - from mc-8->source-5 "818" 16:53:04.679496212
[2023-06-27T16:53:07Z INFO  dt_instance] received at 2023-06-27 16:53:07.187361312 UTC - from mc-8->source-5 "823" 16:53:07.186336677
[2023-06-27T16:53:09Z INFO  dt_instance] received at 2023-06-27 16:53:09.695567594 UTC - from mc-8->source-5 "828" 16:53:09.694312128
[2023-06-27T16:53:12Z INFO  dt_instance] received at 2023-06-27 16:53:12.202758297 UTC - from mc-8->source-5 "833" 16:53:12.201411011
[2023-06-27T16:53:14Z INFO  dt_instance] received at 2023-06-27 16:53:14.722512398 UTC - from mc-8->source-5 "838" 16:53:14.708734654
[2023-06-27T16:53:17Z INFO  dt_instance] received at 2023-06-27 16:53:17.216139284 UTC - from mc-8->source-5 "843" 16:53:17.214255458
[2023-06-27T16:53:19Z INFO  dt_instance] received at 2023-06-27 16:53:19.720973022 UTC - from mc-8->source-5 "848" 16:53:19.719265824
[2023-06-27T16:53:22Z INFO  dt_instance] received at 2023-06-27 16:53:22.226940712 UTC - from mc-8->source-5 "853" 16:53:22.225256544
[2023-06-27T16:53:24Z INFO  dt_instance] received at 2023-06-27 16:53:24.733410669 UTC - from mc-8->source-5 "858" 16:53:24.731628291
[2023-06-27T16:53:27Z INFO  dt_instance] received at 2023-06-27 16:53:27.237832911 UTC - from mc-8->source-5 "863" 16:53:27.236358316
[2023-06-27T16:53:29Z INFO  dt_instance] received at 2023-06-27 16:53:29.744485754 UTC - from mc-8->source-5 "868" 16:53:29.743245471
[2023-06-27T16:53:32Z INFO  dt_instance] received at 2023-06-27 16:53:32.249991828 UTC - from mc-8->source-5 "873" 16:53:32.248304852
[2023-06-27T16:53:34Z INFO  dt_instance] received at 2023-06-27 16:53:34.754835806 UTC - from mc-8->source-5 "878" 16:53:34.753091169
[2023-06-27T16:53:37Z INFO  dt_instance] received at 2023-06-27 16:53:37.259210896 UTC - from mc-8->source-5 "883" 16:53:37.258269436
[2023-06-27T16:53:39Z INFO  dt_instance] received at 2023-06-27 16:53:39.764256155 UTC - from mc-8->source-5 "888" 16:53:39.762710088
[2023-06-27T16:53:42Z INFO  dt_instance] received at 2023-06-27 16:53:42.269570463 UTC - from mc-8->source-5 "893" 16:53:42.268447892
[2023-06-27T16:53:44Z INFO  dt_instance] received at 2023-06-27 16:53:44.777827711 UTC - from mc-8->source-5 "898" 16:53:44.773480864
[2023-06-27T16:53:47Z INFO  dt_instance] received at 2023-06-27 16:53:47.283905435 UTC - from mc-8->source-5 "903" 16:53:47.281124841
[2023-06-27T16:53:49Z INFO  dt_instance] received at 2023-06-27 16:53:49.787668161 UTC - from mc-8->source-5 "908" 16:53:49.786419376
[2023-06-27T16:53:52Z INFO  dt_instance] received at 2023-06-27 16:53:52.293973103 UTC - from mc-8->source-5 "913" 16:53:52.292758763
[2023-06-27T16:53:54Z INFO  dt_instance] received at 2023-06-27 16:53:54.800704712 UTC - from mc-8->source-5 "918" 16:53:54.797548870
[2023-06-27T16:53:57Z INFO  dt_instance] received at 2023-06-27 16:53:57.304579640 UTC - from mc-8->source-5 "923" 16:53:57.303549826
[2023-06-27T16:53:59Z INFO  dt_instance] received at 2023-06-27 16:53:59.810395513 UTC - from mc-8->source-3 "933" 16:53:59.808588207
[2023-06-27T16:54:02Z INFO  dt_instance] received at 2023-06-27 16:54:02.319018396 UTC - from mc-8->source-5 "933" 16:54:02.315745591
[2023-06-27T16:54:04Z INFO  dt_instance] received at 2023-06-27 16:54:04.822086222 UTC - from mc-8->source-5 "938" 16:54:04.820938441
[2023-06-27T16:54:07Z INFO  dt_instance] received at 2023-06-27 16:54:07.333991671 UTC - from mc-8->source-5 "943" 16:54:07.327701475
[2023-06-27T16:54:09Z INFO  dt_instance] received at 2023-06-27 16:54:09.833617361 UTC - from mc-8->source-5 "948" 16:54:09.832655053
[2023-06-27T16:54:12Z INFO  dt_instance] received at 2023-06-27 16:54:12.342419579 UTC - from mc-8->source-5 "953" 16:54:12.338444977
[2023-06-27T16:54:14Z INFO  dt_instance] received at 2023-06-27 16:54:14.847536609 UTC - from mc-8->source-3 "963" 16:54:14.845699083
[2023-06-27T16:54:17Z INFO  dt_instance] received at 2023-06-27 16:54:17.354785826 UTC - from mc-8->source-5 "963" 16:54:17.352023027
[2023-06-27T16:54:19Z INFO  dt_instance] received at 2023-06-27 16:54:19.859801646 UTC - from mc-8->source-5 "968" 16:54:19.858143343
[2023-06-27T16:54:22Z INFO  dt_instance] received at 2023-06-27 16:54:22.367269101 UTC - from mc-8->source-1 "983" 16:54:22.365996532
[2023-06-27T16:54:24Z INFO  dt_instance] received at 2023-06-27 16:54:24.873535570 UTC - from mc-8->source-5 "978" 16:54:24.871709840
[2023-06-27T16:54:27Z INFO  dt_instance] received at 2023-06-27 16:54:27.379184431 UTC - from mc-8->source-5 "983" 16:54:27.377877109
[2023-06-27T16:54:30Z INFO  dt_instance] received at 2023-06-27 16:54:30.092067766 UTC - from mc-8->source-8 "981" 16:54:30.090999140
[2023-06-27T16:54:33Z INFO  dt_instance] received at 2023-06-27 16:54:33.349975899 UTC - from mc-8->source-9 "985" 16:54:33.347924483
[2023-06-27T16:54:40Z INFO  dt_instance] received at 2023-06-27 16:54:40.367954188 UTC - from mc-8->source-9 "999" 16:54:40.364737998
