[2023-06-27T21:34:37Z INFO  dt_instance] Current Twin: mc-twin-11
[2023-06-27T21:34:37Z INFO  dt_instance] Replica Name twin-mc-stateful-11
[2023-06-27T21:34:37Z INFO  dt_instance] Sleeping for 550
[2023-06-27T21:43:47Z INFO  dt_instance] Connecting to broker at emqx.dtwins:1883
[2023-06-27T21:43:47Z INFO  dt_instance] Loggin info each 50 messages
[2023-06-27T21:43:47Z INFO  dt_instance] Set max packet size to 60000 KB.
[2023-06-27T21:43:47Z INFO  dt_instance] Refreshing topics for twin - Listen to mc-11/#
[2023-06-27T21:43:47Z INFO  dt_instance] SubAck { pkid: 1, return_codes: [Success(ExactlyOnce)] }
[2023-06-27T21:44:59Z INFO  dt_instance] received at 2023-06-27 21:44:59.148797290 UTC - from mc-11->source-2 "9" 21:44:59.147353739
[2023-06-27T21:45:02Z INFO  dt_instance] received at 2023-06-27 21:45:02.404634805 UTC - from mc-11->source-3 "13" 21:45:02.403424592
[2023-06-27T21:45:04Z INFO  dt_instance] received at 2023-06-27 21:45:04.921063932 UTC - from mc-11->source-1 "23" 21:45:04.917662007
[2023-06-27T21:45:07Z INFO  dt_instance] received at 2023-06-27 21:45:07.425795997 UTC - from mc-11->source-1 "28" 21:45:07.424140729
[2023-06-27T21:45:09Z INFO  dt_instance] received at 2023-06-27 21:45:09.935903261 UTC - from mc-11->source-1 "33" 21:45:09.931810896
[2023-06-27T21:45:12Z INFO  dt_instance] received at 2023-06-27 21:45:12.438906030 UTC - from mc-11->source-1 "38" 21:45:12.437388275
[2023-06-27T21:45:14Z INFO  dt_instance] received at 2023-06-27 21:45:14.945655513 UTC - from mc-11->source-1 "43" 21:45:14.944106958
[2023-06-27T21:45:17Z INFO  dt_instance] received at 2023-06-27 21:45:17.452957758 UTC - from mc-11->source-1 "48" 21:45:17.450893041
[2023-06-27T21:45:19Z INFO  dt_instance] received at 2023-06-27 21:45:19.960787392 UTC - from mc-11->source-1 "53" 21:45:19.955630309
[2023-06-27T21:45:22Z INFO  dt_instance] received at 2023-06-27 21:45:22.466294722 UTC - from mc-11->source-1 "58" 21:45:22.461097649
[2023-06-27T21:45:24Z INFO  dt_instance] received at 2023-06-27 21:45:24.968945554 UTC - from mc-11->source-1 "63" 21:45:24.967031068
[2023-06-27T21:45:27Z INFO  dt_instance] received at 2023-06-27 21:45:27.474856436 UTC - from mc-11->source-1 "68" 21:45:27.473240483
[2023-06-27T21:45:29Z INFO  dt_instance] received at 2023-06-27 21:45:29.982963732 UTC - from mc-11->source-1 "73" 21:45:29.978393954
[2023-06-27T21:45:32Z INFO  dt_instance] received at 2023-06-27 21:45:32.486189602 UTC - from mc-11->source-1 "78" 21:45:32.483786006
[2023-06-27T21:45:34Z INFO  dt_instance] received at 2023-06-27 21:45:34.990491377 UTC - from mc-11->source-1 "83" 21:45:34.989108064
[2023-06-27T21:45:37Z INFO  dt_instance] received at 2023-06-27 21:45:37.501005950 UTC - from mc-11->source-1 "88" 21:45:37.493932599
[2023-06-27T21:45:40Z INFO  dt_instance] received at 2023-06-27 21:45:40.009024853 UTC - from mc-11->source-1 "93" 21:45:40.000828518
[2023-06-27T21:45:42Z INFO  dt_instance] received at 2023-06-27 21:45:42.507179912 UTC - from mc-11->source-1 "98" 21:45:42.505428196
[2023-06-27T21:45:45Z INFO  dt_instance] received at 2023-06-27 21:45:45.013673129 UTC - from mc-11->source-1 "103" 21:45:45.011564342
[2023-06-27T21:45:47Z INFO  dt_instance] received at 2023-06-27 21:45:47.519929526 UTC - from mc-11->source-1 "108" 21:45:47.517402977
[2023-06-27T21:45:50Z INFO  dt_instance] received at 2023-06-27 21:45:50.024736337 UTC - from mc-11->source-1 "113" 21:45:50.023476929
[2023-06-27T21:45:52Z INFO  dt_instance] received at 2023-06-27 21:45:52.530276263 UTC - from mc-11->source-1 "118" 21:45:52.529186974
[2023-06-27T21:45:55Z INFO  dt_instance] received at 2023-06-27 21:45:55.036915026 UTC - from mc-11->source-1 "123" 21:45:55.035598467
[2023-06-27T21:45:57Z INFO  dt_instance] received at 2023-06-27 21:45:57.542449754 UTC - from mc-11->source-1 "128" 21:45:57.540787401
[2023-06-27T21:46:00Z INFO  dt_instance] received at 2023-06-27 21:46:00.048689666 UTC - from mc-11->source-1 "133" 21:46:00.046874257
[2023-06-27T21:46:02Z INFO  dt_instance] received at 2023-06-27 21:46:02.554769490 UTC - from mc-11->source-1 "138" 21:46:02.553135292
[2023-06-27T21:46:05Z INFO  dt_instance] received at 2023-06-27 21:46:05.063151127 UTC - from mc-11->source-1 "143" 21:46:05.061260979
[2023-06-27T21:46:07Z INFO  dt_instance] received at 2023-06-27 21:46:07.567502701 UTC - from mc-11->source-1 "148" 21:46:07.566447352
[2023-06-27T21:46:10Z INFO  dt_instance] received at 2023-06-27 21:46:10.073164445 UTC - from mc-11->source-1 "153" 21:46:10.071839260
[2023-06-27T21:46:12Z INFO  dt_instance] received at 2023-06-27 21:46:12.581181903 UTC - from mc-11->source-1 "158" 21:46:12.578906635
[2023-06-27T21:46:15Z INFO  dt_instance] received at 2023-06-27 21:46:15.085089103 UTC - from mc-11->source-1 "163" 21:46:15.083530757
[2023-06-27T21:46:17Z INFO  dt_instance] received at 2023-06-27 21:46:17.592435952 UTC - from mc-11->source-1 "168" 21:46:17.588847228
[2023-06-27T21:46:20Z INFO  dt_instance] received at 2023-06-27 21:46:20.095674588 UTC - from mc-11->source-1 "173" 21:46:20.094274286
[2023-06-27T21:46:22Z INFO  dt_instance] received at 2023-06-27 21:46:22.602058288 UTC - from mc-11->source-1 "178" 21:46:22.599748736
[2023-06-27T21:46:25Z INFO  dt_instance] received at 2023-06-27 21:46:25.109028244 UTC - from mc-11->source-3 "178" 21:46:25.094278865
[2023-06-27T21:46:27Z INFO  dt_instance] received at 2023-06-27 21:46:27.611351025 UTC - from mc-11->source-1 "188" 21:46:27.609757939
[2023-06-27T21:46:30Z INFO  dt_instance] received at 2023-06-27 21:46:30.119290612 UTC - from mc-11->source-1 "193" 21:46:30.117632702
[2023-06-27T21:46:32Z INFO  dt_instance] received at 2023-06-27 21:46:32.625990866 UTC - from mc-11->source-1 "198" 21:46:32.624092900
[2023-06-27T21:46:35Z INFO  dt_instance] received at 2023-06-27 21:46:35.130531382 UTC - from mc-11->source-1 "203" 21:46:35.128359282
[2023-06-27T21:46:37Z INFO  dt_instance] received at 2023-06-27 21:46:37.635664990 UTC - from mc-11->source-1 "208" 21:46:37.633375930
[2023-06-27T21:46:40Z INFO  dt_instance] received at 2023-06-27 21:46:40.140444749 UTC - from mc-11->source-1 "213" 21:46:40.139046460
[2023-06-27T21:46:42Z INFO  dt_instance] received at 2023-06-27 21:46:42.646387514 UTC - from mc-11->source-1 "218" 21:46:42.644319183
[2023-06-27T21:46:45Z INFO  dt_instance] received at 2023-06-27 21:46:45.152410464 UTC - from mc-11->source-1 "223" 21:46:45.150585868
[2023-06-27T21:46:47Z INFO  dt_instance] received at 2023-06-27 21:46:47.659514009 UTC - from mc-11->source-1 "228" 21:46:47.657606232
[2023-06-27T21:46:50Z INFO  dt_instance] received at 2023-06-27 21:46:50.165337564 UTC - from mc-11->source-1 "233" 21:46:50.164227891
[2023-06-27T21:46:52Z INFO  dt_instance] received at 2023-06-27 21:46:52.671082974 UTC - from mc-11->source-1 "238" 21:46:52.669259667
[2023-06-27T21:46:55Z INFO  dt_instance] received at 2023-06-27 21:46:55.181068782 UTC - from mc-11->source-1 "243" 21:46:55.175704830
[2023-06-27T21:46:57Z INFO  dt_instance] received at 2023-06-27 21:46:57.707206840 UTC - from mc-11->source-1 "248" 21:46:57.680678034
[2023-06-27T21:47:00Z INFO  dt_instance] received at 2023-06-27 21:47:00.188100165 UTC - from mc-11->source-1 "253" 21:47:00.186788442
[2023-06-27T21:47:02Z INFO  dt_instance] received at 2023-06-27 21:47:02.694304481 UTC - from mc-11->source-1 "258" 21:47:02.692750523
[2023-06-27T21:47:05Z INFO  dt_instance] received at 2023-06-27 21:47:05.201281848 UTC - from mc-11->source-1 "263" 21:47:05.199584796
[2023-06-27T21:47:07Z INFO  dt_instance] received at 2023-06-27 21:47:07.705435948 UTC - from mc-11->source-1 "268" 21:47:07.704311292
[2023-06-27T21:47:10Z INFO  dt_instance] received at 2023-06-27 21:47:10.212531610 UTC - from mc-11->source-1 "273" 21:47:10.209787027
[2023-06-27T21:47:12Z INFO  dt_instance] received at 2023-06-27 21:47:12.720146685 UTC - from mc-11->source-1 "278" 21:47:12.717628047
[2023-06-27T21:47:15Z INFO  dt_instance] received at 2023-06-27 21:47:15.238127084 UTC - from mc-11->source-1 "283" 21:47:15.236759124
[2023-06-27T21:47:17Z INFO  dt_instance] received at 2023-06-27 21:47:17.744109837 UTC - from mc-11->source-1 "288" 21:47:17.741935218
[2023-06-27T21:47:20Z INFO  dt_instance] received at 2023-06-27 21:47:20.249149175 UTC - from mc-11->source-1 "293" 21:47:20.247420387
[2023-06-27T21:47:22Z INFO  dt_instance] received at 2023-06-27 21:47:22.754482024 UTC - from mc-11->source-7 "283" 21:47:22.752942701
[2023-06-27T21:47:25Z INFO  dt_instance] received at 2023-06-27 21:47:25.266210855 UTC - from mc-11->source-1 "303" 21:47:25.260227636
[2023-06-27T21:47:27Z INFO  dt_instance] received at 2023-06-27 21:47:27.768881795 UTC - from mc-11->source-7 "293" 21:47:27.767627065
[2023-06-27T21:47:30Z INFO  dt_instance] received at 2023-06-27 21:47:30.295046953 UTC - from mc-11->source-1 "313" 21:47:30.291171989
[2023-06-27T21:47:32Z INFO  dt_instance] received at 2023-06-27 21:47:32.798475890 UTC - from mc-11->source-1 "318" 21:47:32.796608136
[2023-06-27T21:47:35Z INFO  dt_instance] received at 2023-06-27 21:47:35.303566580 UTC - from mc-11->source-1 "323" 21:47:35.302522875
[2023-06-27T21:47:37Z INFO  dt_instance] received at 2023-06-27 21:47:37.809269920 UTC - from mc-11->source-1 "328" 21:47:37.807928964
[2023-06-27T21:47:40Z INFO  dt_instance] received at 2023-06-27 21:47:40.314820850 UTC - from mc-11->source-1 "333" 21:47:40.312715773
[2023-06-27T21:47:42Z INFO  dt_instance] received at 2023-06-27 21:47:42.820099905 UTC - from mc-11->source-1 "338" 21:47:42.818061183
[2023-06-27T21:47:45Z INFO  dt_instance] received at 2023-06-27 21:47:45.327639354 UTC - from mc-11->source-1 "343" 21:47:45.325533337
[2023-06-27T21:47:47Z INFO  dt_instance] received at 2023-06-27 21:47:47.832115856 UTC - from mc-11->source-1 "348" 21:47:47.830850110
[2023-06-27T21:47:50Z INFO  dt_instance] received at 2023-06-27 21:47:50.339034962 UTC - from mc-11->source-7 "338" 21:47:50.336853086
[2023-06-27T21:47:52Z INFO  dt_instance] received at 2023-06-27 21:47:52.842495260 UTC - from mc-11->source-7 "343" 21:47:52.841485332
[2023-06-27T21:47:55Z INFO  dt_instance] received at 2023-06-27 21:47:55.350155035 UTC - from mc-11->source-7 "348" 21:47:55.347362351
[2023-06-27T21:47:57Z INFO  dt_instance] received at 2023-06-27 21:47:57.855205732 UTC - from mc-11->source-1 "368" 21:47:57.852319805
[2023-06-27T21:48:00Z INFO  dt_instance] received at 2023-06-27 21:48:00.364363131 UTC - from mc-11->source-1 "373" 21:48:00.359290244
[2023-06-27T21:48:02Z INFO  dt_instance] received at 2023-06-27 21:48:02.865939396 UTC - from mc-11->source-1 "378" 21:48:02.864233149
[2023-06-27T21:48:05Z INFO  dt_instance] received at 2023-06-27 21:48:05.373690432 UTC - from mc-11->source-1 "383" 21:48:05.370416088
[2023-06-27T21:48:07Z INFO  dt_instance] received at 2023-06-27 21:48:07.878015222 UTC - from mc-11->source-1 "388" 21:48:07.876627766
[2023-06-27T21:48:10Z INFO  dt_instance] received at 2023-06-27 21:48:10.386597933 UTC - from mc-11->source-1 "393" 21:48:10.383065845
[2023-06-27T21:48:12Z INFO  dt_instance] received at 2023-06-27 21:48:12.888697052 UTC - from mc-11->source-1 "398" 21:48:12.887352622
[2023-06-27T21:48:15Z INFO  dt_instance] received at 2023-06-27 21:48:15.400312942 UTC - from mc-11->source-1 "403" 21:48:15.392540481
[2023-06-27T21:48:17Z INFO  dt_instance] received at 2023-06-27 21:48:17.898969026 UTC - from mc-11->source-1 "408" 21:48:17.897176983
[2023-06-27T21:48:20Z INFO  dt_instance] received at 2023-06-27 21:48:20.408356507 UTC - from mc-11->source-1 "413" 21:48:20.403895299
[2023-06-27T21:48:22Z INFO  dt_instance] received at 2023-06-27 21:48:22.910860371 UTC - from mc-11->source-1 "418" 21:48:22.910065920
[2023-06-27T21:48:25Z INFO  dt_instance] received at 2023-06-27 21:48:25.420018490 UTC - from mc-11->source-1 "423" 21:48:25.415652508
[2023-06-27T21:48:27Z INFO  dt_instance] received at 2023-06-27 21:48:27.923242735 UTC - from mc-11->source-1 "428" 21:48:27.920788360
[2023-06-27T21:48:30Z INFO  dt_instance] received at 2023-06-27 21:48:30.427744606 UTC - from mc-11->source-1 "433" 21:48:30.425803611
[2023-06-27T21:48:32Z INFO  dt_instance] received at 2023-06-27 21:48:32.934413794 UTC - from mc-11->source-1 "438" 21:48:32.930957285
[2023-06-27T21:48:35Z INFO  dt_instance] received at 2023-06-27 21:48:35.439858926 UTC - from mc-11->source-1 "443" 21:48:35.436521078
[2023-06-27T21:48:37Z INFO  dt_instance] received at 2023-06-27 21:48:37.945643297 UTC - from mc-11->source-1 "448" 21:48:37.944285231
[2023-06-27T21:48:40Z INFO  dt_instance] received at 2023-06-27 21:48:40.452362137 UTC - from mc-11->source-1 "453" 21:48:40.449207817
[2023-06-27T21:48:42Z INFO  dt_instance] received at 2023-06-27 21:48:42.956504469 UTC - from mc-11->source-1 "458" 21:48:42.955184391
[2023-06-27T21:48:45Z INFO  dt_instance] received at 2023-06-27 21:48:45.462244885 UTC - from mc-11->source-1 "463" 21:48:45.460509646
[2023-06-27T21:48:47Z INFO  dt_instance] received at 2023-06-27 21:48:47.968986567 UTC - from mc-11->source-1 "468" 21:48:47.967020877
[2023-06-27T21:48:50Z INFO  dt_instance] received at 2023-06-27 21:48:50.474184955 UTC - from mc-11->source-1 "473" 21:48:50.472302550
[2023-06-27T21:48:52Z INFO  dt_instance] received at 2023-06-27 21:48:52.988854009 UTC - from mc-11->source-7 "463" 21:48:52.987892416
[2023-06-27T21:48:55Z INFO  dt_instance] received at 2023-06-27 21:48:55.496774795 UTC - from mc-11->source-7 "468" 21:48:55.493218959
[2023-06-27T21:48:58Z INFO  dt_instance] received at 2023-06-27 21:48:58.000784967 UTC - from mc-11->source-7 "473" 21:48:57.999639315
[2023-06-27T21:49:00Z INFO  dt_instance] received at 2023-06-27 21:49:00.506300962 UTC - from mc-11->source-7 "478" 21:49:00.504720224
[2023-06-27T21:49:03Z INFO  dt_instance] received at 2023-06-27 21:49:03.014853608 UTC - from mc-11->source-7 "483" 21:49:03.013746027
[2023-06-27T21:49:05Z INFO  dt_instance] received at 2023-06-27 21:49:05.521267340 UTC - from mc-11->source-7 "488" 21:49:05.520009287
[2023-06-27T21:49:08Z INFO  dt_instance] received at 2023-06-27 21:49:08.027399536 UTC - from mc-11->source-7 "493" 21:49:08.025678133
[2023-06-27T21:49:10Z INFO  dt_instance] received at 2023-06-27 21:49:10.534978518 UTC - from mc-11->source-7 "498" 21:49:10.532741702
[2023-06-27T21:49:13Z INFO  dt_instance] received at 2023-06-27 21:49:13.039697387 UTC - from mc-11->source-7 "503" 21:49:13.038684669
[2023-06-27T21:49:15Z INFO  dt_instance] received at 2023-06-27 21:49:15.546290881 UTC - from mc-11->source-7 "508" 21:49:15.545079103
[2023-06-27T21:49:18Z INFO  dt_instance] received at 2023-06-27 21:49:18.051469693 UTC - from mc-11->source-7 "513" 21:49:18.049488526
[2023-06-27T21:49:20Z INFO  dt_instance] received at 2023-06-27 21:49:20.555874700 UTC - from mc-11->source-7 "518" 21:49:20.554805454
[2023-06-27T21:49:23Z INFO  dt_instance] received at 2023-06-27 21:49:23.063260170 UTC - from mc-11->source-7 "523" 21:49:23.060748705
[2023-06-27T21:49:25Z INFO  dt_instance] received at 2023-06-27 21:49:25.566684574 UTC - from mc-11->source-7 "528" 21:49:25.565594803
[2023-06-27T21:49:28Z INFO  dt_instance] received at 2023-06-27 21:49:28.074162201 UTC - from mc-11->source-7 "533" 21:49:28.072941075
[2023-06-27T21:49:30Z INFO  dt_instance] received at 2023-06-27 21:49:30.579607379 UTC - from mc-11->source-7 "538" 21:49:30.578452273
[2023-06-27T21:49:33Z INFO  dt_instance] received at 2023-06-27 21:49:33.086741256 UTC - from mc-11->source-7 "543" 21:49:33.085284932
[2023-06-27T21:49:35Z INFO  dt_instance] received at 2023-06-27 21:49:35.593465699 UTC - from mc-11->source-7 "548" 21:49:35.592304515
[2023-06-27T21:49:38Z INFO  dt_instance] received at 2023-06-27 21:49:38.100781325 UTC - from mc-11->source-7 "553" 21:49:38.097388156
[2023-06-27T21:49:40Z INFO  dt_instance] received at 2023-06-27 21:49:40.605760131 UTC - from mc-11->source-7 "558" 21:49:40.604704305
[2023-06-27T21:49:43Z INFO  dt_instance] received at 2023-06-27 21:49:43.115109876 UTC - from mc-11->source-7 "563" 21:49:43.110235187
[2023-06-27T21:49:45Z INFO  dt_instance] received at 2023-06-27 21:49:45.616958228 UTC - from mc-11->source-7 "568" 21:49:45.616182593
[2023-06-27T21:49:48Z INFO  dt_instance] received at 2023-06-27 21:49:48.126442015 UTC - from mc-11->source-7 "573" 21:49:48.123275630
[2023-06-27T21:49:50Z INFO  dt_instance] received at 2023-06-27 21:49:50.631438992 UTC - from mc-11->source-7 "578" 21:49:50.630230694
[2023-06-27T21:49:53Z INFO  dt_instance] received at 2023-06-27 21:49:53.139819402 UTC - from mc-11->source-7 "583" 21:49:53.135255873
[2023-06-27T21:49:55Z INFO  dt_instance] received at 2023-06-27 21:49:55.642042129 UTC - from mc-11->source-7 "588" 21:49:55.640782936
[2023-06-27T21:49:58Z INFO  dt_instance] received at 2023-06-27 21:49:58.147360126 UTC - from mc-11->source-7 "593" 21:49:58.146377857
[2023-06-27T21:50:00Z INFO  dt_instance] received at 2023-06-27 21:50:00.653314144 UTC - from mc-11->source-7 "598" 21:50:00.652087129
[2023-06-27T21:50:03Z INFO  dt_instance] received at 2023-06-27 21:50:03.158952263 UTC - from mc-11->source-7 "603" 21:50:03.157349264
[2023-06-27T21:50:05Z INFO  dt_instance] received at 2023-06-27 21:50:05.665031567 UTC - from mc-11->source-7 "608" 21:50:05.663975202
[2023-06-27T21:50:08Z INFO  dt_instance] received at 2023-06-27 21:50:08.175222895 UTC - from mc-11->source-7 "613" 21:50:08.170230599
[2023-06-27T21:50:10Z INFO  dt_instance] received at 2023-06-27 21:50:10.677579799 UTC - from mc-11->source-7 "618" 21:50:10.675606132
[2023-06-27T21:50:13Z INFO  dt_instance] received at 2023-06-27 21:50:13.182539655 UTC - from mc-11->source-7 "623" 21:50:13.180736573
[2023-06-27T21:50:15Z INFO  dt_instance] received at 2023-06-27 21:50:15.687887463 UTC - from mc-11->source-7 "628" 21:50:15.686393431
[2023-06-27T21:50:18Z INFO  dt_instance] received at 2023-06-27 21:50:18.193603082 UTC - from mc-11->source-7 "633" 21:50:18.192670824
[2023-06-27T21:50:20Z INFO  dt_instance] received at 2023-06-27 21:50:20.699664022 UTC - from mc-11->source-7 "638" 21:50:20.698203409
[2023-06-27T21:50:23Z INFO  dt_instance] received at 2023-06-27 21:50:23.206915651 UTC - from mc-11->source-7 "643" 21:50:23.204228489
[2023-06-27T21:50:25Z INFO  dt_instance] received at 2023-06-27 21:50:25.713598333 UTC - from mc-11->source-7 "648" 21:50:25.711646094
[2023-06-27T21:50:28Z INFO  dt_instance] received at 2023-06-27 21:50:28.220361026 UTC - from mc-11->source-7 "653" 21:50:28.218287560
[2023-06-27T21:50:30Z INFO  dt_instance] received at 2023-06-27 21:50:30.725793868 UTC - from mc-11->source-7 "658" 21:50:30.724558229
[2023-06-27T21:50:33Z INFO  dt_instance] received at 2023-06-27 21:50:33.231350131 UTC - from mc-11->source-7 "663" 21:50:33.230263865
[2023-06-27T21:50:35Z INFO  dt_instance] received at 2023-06-27 21:50:35.736622517 UTC - from mc-11->source-7 "668" 21:50:35.735669132
[2023-06-27T21:50:38Z INFO  dt_instance] received at 2023-06-27 21:50:38.244026127 UTC - from mc-11->source-7 "673" 21:50:38.240950823
[2023-06-27T21:50:40Z INFO  dt_instance] received at 2023-06-27 21:50:40.747032068 UTC - from mc-11->source-7 "678" 21:50:40.745692161
[2023-06-27T21:50:43Z INFO  dt_instance] received at 2023-06-27 21:50:43.251395827 UTC - from mc-11->source-7 "683" 21:50:43.250645822
[2023-06-27T21:50:45Z INFO  dt_instance] received at 2023-06-27 21:50:45.757771231 UTC - from mc-11->source-7 "688" 21:50:45.756649366
[2023-06-27T21:50:48Z INFO  dt_instance] received at 2023-06-27 21:50:48.263442523 UTC - from mc-11->source-7 "693" 21:50:48.261886937
[2023-06-27T21:50:50Z INFO  dt_instance] received at 2023-06-27 21:50:50.768205811 UTC - from mc-11->source-7 "698" 21:50:50.766595577
[2023-06-27T21:50:53Z INFO  dt_instance] received at 2023-06-27 21:50:53.275128484 UTC - from mc-11->source-7 "703" 21:50:53.274108894
[2023-06-27T21:50:55Z INFO  dt_instance] received at 2023-06-27 21:50:55.782111290 UTC - from mc-11->source-1 "723" 21:50:55.768311531
[2023-06-27T21:50:58Z INFO  dt_instance] received at 2023-06-27 21:50:58.285187815 UTC - from mc-11->source-7 "713" 21:50:58.284204514
[2023-06-27T21:51:00Z INFO  dt_instance] received at 2023-06-27 21:51:00.791894215 UTC - from mc-11->source-7 "718" 21:51:00.790262062
[2023-06-27T21:51:03Z INFO  dt_instance] received at 2023-06-27 21:51:03.297794751 UTC - from mc-11->source-7 "723" 21:51:03.296650687
[2023-06-27T21:51:05Z INFO  dt_instance] received at 2023-06-27 21:51:05.803682 UTC - from mc-11->source-7 "728" 21:51:05.802491700
[2023-06-27T21:51:08Z INFO  dt_instance] received at 2023-06-27 21:51:08.317766011 UTC - from mc-11->source-7 "733" 21:51:08.308558018
[2023-06-27T21:51:10Z INFO  dt_instance] received at 2023-06-27 21:51:10.815418427 UTC - from mc-11->source-7 "738" 21:51:10.814601848
[2023-06-27T21:51:13Z INFO  dt_instance] received at 2023-06-27 21:51:13.321500465 UTC - from mc-11->source-7 "743" 21:51:13.320733409
[2023-06-27T21:51:15Z INFO  dt_instance] received at 2023-06-27 21:51:15.826469839 UTC - from mc-11->source-7 "748" 21:51:15.825714858
[2023-06-27T21:51:18Z INFO  dt_instance] received at 2023-06-27 21:51:18.331583250 UTC - from mc-11->source-7 "753" 21:51:18.330591891
[2023-06-27T21:51:20Z INFO  dt_instance] received at 2023-06-27 21:51:20.842303204 UTC - from mc-11->source-7 "758" 21:51:20.835333962
[2023-06-27T21:51:23Z INFO  dt_instance] received at 2023-06-27 21:51:23.343862489 UTC - from mc-11->source-7 "763" 21:51:23.340564972
[2023-06-27T21:51:25Z INFO  dt_instance] received at 2023-06-27 21:51:25.847426856 UTC - from mc-11->source-7 "768" 21:51:25.846301001
[2023-06-27T21:51:28Z INFO  dt_instance] received at 2023-06-27 21:51:28.354616883 UTC - from mc-11->source-7 "773" 21:51:28.352026659
[2023-06-27T21:51:30Z INFO  dt_instance] received at 2023-06-27 21:51:30.859412824 UTC - from mc-11->source-7 "778" 21:51:30.857964564
[2023-06-27T21:51:33Z INFO  dt_instance] received at 2023-06-27 21:51:33.364888614 UTC - from mc-11->source-7 "783" 21:51:33.363768091
[2023-06-27T21:51:35Z INFO  dt_instance] received at 2023-06-27 21:51:35.870693574 UTC - from mc-11->source-7 "788" 21:51:35.869345816
[2023-06-27T21:51:38Z INFO  dt_instance] received at 2023-06-27 21:51:38.378132869 UTC - from mc-11->source-7 "793" 21:51:38.375116194
[2023-06-27T21:51:40Z INFO  dt_instance] received at 2023-06-27 21:51:40.881618092 UTC - from mc-11->source-7 "798" 21:51:40.880673073
[2023-06-27T21:51:43Z INFO  dt_instance] received at 2023-06-27 21:51:43.390296871 UTC - from mc-11->source-1 "818" 21:51:43.382632190
[2023-06-27T21:51:45Z INFO  dt_instance] received at 2023-06-27 21:51:45.893434993 UTC - from mc-11->source-1 "823" 21:51:45.889321604
[2023-06-27T21:51:48Z INFO  dt_instance] received at 2023-06-27 21:51:48.396363774 UTC - from mc-11->source-7 "813" 21:51:48.395397633
[2023-06-27T21:51:50Z INFO  dt_instance] received at 2023-06-27 21:51:50.901020616 UTC - from mc-11->source-7 "818" 21:51:50.900371396
[2023-06-27T21:51:53Z INFO  dt_instance] received at 2023-06-27 21:51:53.407476062 UTC - from mc-11->source-7 "823" 21:51:53.406200589
[2023-06-27T21:51:55Z INFO  dt_instance] received at 2023-06-27 21:51:55.914200655 UTC - from mc-11->source-7 "828" 21:51:55.913277622
[2023-06-27T21:51:58Z INFO  dt_instance] received at 2023-06-27 21:51:58.420071099 UTC - from mc-11->source-7 "833" 21:51:58.418702682
[2023-06-27T21:52:00Z INFO  dt_instance] received at 2023-06-27 21:52:00.924966019 UTC - from mc-11->source-7 "838" 21:52:00.924152462
[2023-06-27T21:52:03Z INFO  dt_instance] received at 2023-06-27 21:52:03.433465962 UTC - from mc-11->source-7 "843" 21:52:03.432602717
[2023-06-27T21:52:05Z INFO  dt_instance] received at 2023-06-27 21:52:05.938696261 UTC - from mc-11->source-7 "848" 21:52:05.937781295
[2023-06-27T21:52:08Z INFO  dt_instance] received at 2023-06-27 21:52:08.444963283 UTC - from mc-11->source-7 "853" 21:52:08.443658598
[2023-06-27T21:52:10Z INFO  dt_instance] received at 2023-06-27 21:52:10.949998854 UTC - from mc-11->source-7 "858" 21:52:10.949165964
[2023-06-27T21:52:13Z INFO  dt_instance] received at 2023-06-27 21:52:13.458179276 UTC - from mc-11->source-7 "863" 21:52:13.457218614
[2023-06-27T21:52:15Z INFO  dt_instance] received at 2023-06-27 21:52:15.963651099 UTC - from mc-11->source-7 "868" 21:52:15.962762700
[2023-06-27T21:52:18Z INFO  dt_instance] received at 2023-06-27 21:52:18.468909550 UTC - from mc-11->source-7 "873" 21:52:18.467492131
[2023-06-27T21:52:20Z INFO  dt_instance] received at 2023-06-27 21:52:20.973244298 UTC - from mc-11->source-7 "878" 21:52:20.972507567
[2023-06-27T21:52:23Z INFO  dt_instance] received at 2023-06-27 21:52:23.481194471 UTC - from mc-11->source-1 "898" 21:52:23.479041777
[2023-06-27T21:52:25Z INFO  dt_instance] received at 2023-06-27 21:52:25.988047875 UTC - from mc-11->source-7 "888" 21:52:25.986147143
[2023-06-27T21:52:28Z INFO  dt_instance] received at 2023-06-27 21:52:28.492197803 UTC - from mc-11->source-7 "893" 21:52:28.491266111
[2023-06-27T21:52:30Z INFO  dt_instance] received at 2023-06-27 21:52:30.999080971 UTC - from mc-11->source-7 "898" 21:52:30.996430830
[2023-06-27T21:52:33Z INFO  dt_instance] received at 2023-06-27 21:52:33.502550220 UTC - from mc-11->source-7 "903" 21:52:33.502011867
[2023-06-27T21:52:36Z INFO  dt_instance] received at 2023-06-27 21:52:36.008392330 UTC - from mc-11->source-7 "908" 21:52:36.007169094
[2023-06-27T21:52:38Z INFO  dt_instance] received at 2023-06-27 21:52:38.517445391 UTC - from mc-11->source-7 "913" 21:52:38.515929636
[2023-06-27T21:52:41Z INFO  dt_instance] received at 2023-06-27 21:52:41.021961344 UTC - from mc-11->source-7 "918" 21:52:41.021047295
[2023-06-27T21:52:43Z INFO  dt_instance] received at 2023-06-27 21:52:43.526617456 UTC - from mc-11->source-7 "923" 21:52:43.525338846
[2023-06-27T21:52:46Z INFO  dt_instance] received at 2023-06-27 21:52:46.033370631 UTC - from mc-11->source-7 "928" 21:52:46.030237247
[2023-06-27T21:52:48Z INFO  dt_instance] received at 2023-06-27 21:52:48.536964669 UTC - from mc-11->source-7 "933" 21:52:48.536109446
[2023-06-27T21:52:51Z INFO  dt_instance] received at 2023-06-27 21:52:51.044161669 UTC - from mc-11->source-7 "938" 21:52:51.043030615
[2023-06-27T21:52:53Z INFO  dt_instance] received at 2023-06-27 21:52:53.549544083 UTC - from mc-11->source-7 "943" 21:52:53.548040327
[2023-06-27T21:52:56Z INFO  dt_instance] received at 2023-06-27 21:52:56.057412813 UTC - from mc-11->source-1 "963" 21:52:56.049950088
[2023-06-27T21:52:58Z INFO  dt_instance] received at 2023-06-27 21:52:58.559757841 UTC - from mc-11->source-7 "953" 21:52:58.558903900
[2023-06-27T21:53:01Z INFO  dt_instance] received at 2023-06-27 21:53:01.066192157 UTC - from mc-11->source-7 "958" 21:53:01.063535044
[2023-06-27T21:53:03Z INFO  dt_instance] received at 2023-06-27 21:53:03.572222878 UTC - from mc-11->source-7 "963" 21:53:03.568878643
[2023-06-27T21:53:06Z INFO  dt_instance] received at 2023-06-27 21:53:06.077722894 UTC - from mc-11->source-1 "983" 21:53:06.073275415
[2023-06-27T21:53:08Z INFO  dt_instance] received at 2023-06-27 21:53:08.582585558 UTC - from mc-11->source-1 "988" 21:53:08.581252772
[2023-06-27T21:53:11Z INFO  dt_instance] received at 2023-06-27 21:53:11.087527079 UTC - from mc-11->source-1 "993" 21:53:11.086480266
[2023-06-27T21:53:13Z INFO  dt_instance] received at 2023-06-27 21:53:13.777945577 UTC - from mc-11->source-8 "981" 21:53:13.776914186
[2023-06-27T21:53:17Z INFO  dt_instance] received at 2023-06-27 21:53:17.033041820 UTC - from mc-11->source-9 "985" 21:53:17.028773198
[2023-06-27T21:53:24Z INFO  dt_instance] received at 2023-06-27 21:53:24.044392658 UTC - from mc-11->source-9 "999" 21:53:24.043053525
