[2023-06-27T21:34:09Z INFO  dt_instance] Current Twin: mc-twin-4
[2023-06-27T21:34:09Z INFO  dt_instance] Replica Name twin-mc-stateful-4
[2023-06-27T21:34:09Z INFO  dt_instance] Sleeping for 200
[2023-06-27T21:37:29Z INFO  dt_instance] Connecting to broker at emqx.dtwins:1883
[2023-06-27T21:37:29Z INFO  dt_instance] Loggin info each 50 messages
[2023-06-27T21:37:29Z INFO  dt_instance] Set max packet size to 60000 KB.
[2023-06-27T21:37:29Z INFO  dt_instance] Refreshing topics for twin - Listen to mc-4/#
[2023-06-27T21:37:29Z INFO  dt_instance] SubAck { pkid: 1, return_codes: [Success(ExactlyOnce)] }
[2023-06-27T21:38:36Z INFO  dt_instance] received at 2023-06-27 21:38:36.957206349 UTC - from mc-4->source-2 "9" 21:38:36.956019289
[2023-06-27T21:38:40Z INFO  dt_instance] received at 2023-06-27 21:38:40.208504083 UTC - from mc-4->source-3 "13" 21:38:40.207711824
[2023-06-27T21:38:42Z INFO  dt_instance] received at 2023-06-27 21:38:42.719998122 UTC - from mc-4->source-1 "23" 21:38:42.718216620
[2023-06-27T21:38:45Z INFO  dt_instance] received at 2023-06-27 21:38:45.224242314 UTC - from mc-4->source-1 "28" 21:38:45.222969054
[2023-06-27T21:38:47Z INFO  dt_instance] received at 2023-06-27 21:38:47.730043867 UTC - from mc-4->source-1 "33" 21:38:47.728581598
[2023-06-27T21:38:50Z INFO  dt_instance] received at 2023-06-27 21:38:50.234996216 UTC - from mc-4->source-1 "38" 21:38:50.233684264
[2023-06-27T21:38:52Z INFO  dt_instance] received at 2023-06-27 21:38:52.741538806 UTC - from mc-4->source-1 "43" 21:38:52.739756744
[2023-06-27T21:38:55Z INFO  dt_instance] received at 2023-06-27 21:38:55.245653338 UTC - from mc-4->source-1 "48" 21:38:55.244575435
[2023-06-27T21:38:57Z INFO  dt_instance] received at 2023-06-27 21:38:57.751023508 UTC - from mc-4->source-1 "53" 21:38:57.749483775
[2023-06-27T21:39:00Z INFO  dt_instance] received at 2023-06-27 21:39:00.255572580 UTC - from mc-4->source-1 "58" 21:39:00.254659767
[2023-06-27T21:39:02Z INFO  dt_instance] received at 2023-06-27 21:39:02.763350406 UTC - from mc-4->source-3 "58" 21:39:02.761438608
[2023-06-27T21:39:05Z INFO  dt_instance] received at 2023-06-27 21:39:05.268631400 UTC - from mc-4->source-1 "68" 21:39:05.267088329
[2023-06-27T21:39:07Z INFO  dt_instance] received at 2023-06-27 21:39:07.775826228 UTC - from mc-4->source-1 "73" 21:39:07.774328185
[2023-06-27T21:39:10Z INFO  dt_instance] received at 2023-06-27 21:39:10.282242146 UTC - from mc-4->source-1 "78" 21:39:10.280437607
[2023-06-27T21:39:12Z INFO  dt_instance] received at 2023-06-27 21:39:12.787285730 UTC - from mc-4->source-1 "83" 21:39:12.785943777
[2023-06-27T21:39:15Z INFO  dt_instance] received at 2023-06-27 21:39:15.293010126 UTC - from mc-4->source-1 "88" 21:39:15.291238205
[2023-06-27T21:39:17Z INFO  dt_instance] received at 2023-06-27 21:39:17.799773917 UTC - from mc-4->source-1 "93" 21:39:17.798354870
[2023-06-27T21:39:20Z INFO  dt_instance] received at 2023-06-27 21:39:20.305680351 UTC - from mc-4->source-1 "98" 21:39:20.304407502
[2023-06-27T21:39:22Z INFO  dt_instance] received at 2023-06-27 21:39:22.813051512 UTC - from mc-4->source-1 "103" 21:39:22.810890788
[2023-06-27T21:39:25Z INFO  dt_instance] received at 2023-06-27 21:39:25.317641631 UTC - from mc-4->source-1 "108" 21:39:25.316250052
[2023-06-27T21:39:27Z INFO  dt_instance] received at 2023-06-27 21:39:27.823486954 UTC - from mc-4->source-1 "113" 21:39:27.822468212
[2023-06-27T21:39:30Z INFO  dt_instance] received at 2023-06-27 21:39:30.330540177 UTC - from mc-4->source-1 "118" 21:39:30.329363803
[2023-06-27T21:39:32Z INFO  dt_instance] received at 2023-06-27 21:39:32.837334635 UTC - from mc-4->source-1 "123" 21:39:32.835647473
[2023-06-27T21:39:35Z INFO  dt_instance] received at 2023-06-27 21:39:35.341743753 UTC - from mc-4->source-1 "128" 21:39:35.340319170
[2023-06-27T21:39:37Z INFO  dt_instance] received at 2023-06-27 21:39:37.847422928 UTC - from mc-4->source-3 "128" 21:39:37.846608918
[2023-06-27T21:39:40Z INFO  dt_instance] received at 2023-06-27 21:39:40.356867818 UTC - from mc-4->source-3 "133" 21:39:40.353706165
[2023-06-27T21:39:42Z INFO  dt_instance] received at 2023-06-27 21:39:42.860999596 UTC - from mc-4->source-3 "138" 21:39:42.860132302
[2023-06-27T21:39:45Z INFO  dt_instance] received at 2023-06-27 21:39:45.368226175 UTC - from mc-4->source-3 "143" 21:39:45.367250681
[2023-06-27T21:39:47Z INFO  dt_instance] received at 2023-06-27 21:39:47.873423010 UTC - from mc-4->source-3 "148" 21:39:47.872694214
[2023-06-27T21:39:50Z INFO  dt_instance] received at 2023-06-27 21:39:50.381760042 UTC - from mc-4->source-3 "153" 21:39:50.378103660
[2023-06-27T21:39:52Z INFO  dt_instance] received at 2023-06-27 21:39:52.883839157 UTC - from mc-4->source-3 "158" 21:39:52.882935432
[2023-06-27T21:39:55Z INFO  dt_instance] received at 2023-06-27 21:39:55.389709754 UTC - from mc-4->source-3 "163" 21:39:55.387346934
[2023-06-27T21:39:57Z INFO  dt_instance] received at 2023-06-27 21:39:57.893340933 UTC - from mc-4->source-3 "168" 21:39:57.892358476
[2023-06-27T21:40:00Z INFO  dt_instance] received at 2023-06-27 21:40:00.401698802 UTC - from mc-4->source-3 "173" 21:40:00.399760122
[2023-06-27T21:40:02Z INFO  dt_instance] received at 2023-06-27 21:40:02.907112735 UTC - from mc-4->source-1 "183" 21:40:02.905895427
[2023-06-27T21:40:05Z INFO  dt_instance] received at 2023-06-27 21:40:05.422999426 UTC - from mc-4->source-3 "183" 21:40:05.420309632
[2023-06-27T21:40:07Z INFO  dt_instance] received at 2023-06-27 21:40:07.926917900 UTC - from mc-4->source-3 "188" 21:40:07.925331192
[2023-06-27T21:40:10Z INFO  dt_instance] received at 2023-06-27 21:40:10.434248451 UTC - from mc-4->source-3 "193" 21:40:10.431271937
[2023-06-27T21:40:12Z INFO  dt_instance] received at 2023-06-27 21:40:12.937781197 UTC - from mc-4->source-3 "198" 21:40:12.936566334
[2023-06-27T21:40:15Z INFO  dt_instance] received at 2023-06-27 21:40:15.442862443 UTC - from mc-4->source-3 "203" 21:40:15.441598403
[2023-06-27T21:40:17Z INFO  dt_instance] received at 2023-06-27 21:40:17.950585615 UTC - from mc-4->source-3 "208" 21:40:17.949601465
[2023-06-27T21:40:20Z INFO  dt_instance] received at 2023-06-27 21:40:20.457321513 UTC - from mc-4->source-3 "213" 21:40:20.454710464
[2023-06-27T21:40:22Z INFO  dt_instance] received at 2023-06-27 21:40:22.962055022 UTC - from mc-4->source-3 "218" 21:40:22.961193688
[2023-06-27T21:40:25Z INFO  dt_instance] received at 2023-06-27 21:40:25.471058932 UTC - from mc-4->source-3 "223" 21:40:25.468231085
[2023-06-27T21:40:27Z INFO  dt_instance] received at 2023-06-27 21:40:27.973823075 UTC - from mc-4->source-3 "228" 21:40:27.972800118
[2023-06-27T21:40:30Z INFO  dt_instance] received at 2023-06-27 21:40:30.478847124 UTC - from mc-4->source-3 "233" 21:40:30.478049535
[2023-06-27T21:40:32Z INFO  dt_instance] received at 2023-06-27 21:40:32.985547510 UTC - from mc-4->source-3 "238" 21:40:32.984325210
[2023-06-27T21:40:35Z INFO  dt_instance] received at 2023-06-27 21:40:35.492961978 UTC - from mc-4->source-3 "243" 21:40:35.492175236
[2023-06-27T21:40:37Z INFO  dt_instance] received at 2023-06-27 21:40:37.998344714 UTC - from mc-4->source-3 "248" 21:40:37.997361412
[2023-06-27T21:40:40Z INFO  dt_instance] received at 2023-06-27 21:40:40.505532794 UTC - from mc-4->source-3 "253" 21:40:40.503205418
[2023-06-27T21:40:43Z INFO  dt_instance] received at 2023-06-27 21:40:43.010697690 UTC - from mc-4->source-3 "258" 21:40:43.009885022
[2023-06-27T21:40:45Z INFO  dt_instance] received at 2023-06-27 21:40:45.516251291 UTC - from mc-4->source-3 "263" 21:40:45.514727239
[2023-06-27T21:40:48Z INFO  dt_instance] received at 2023-06-27 21:40:48.023797952 UTC - from mc-4->source-3 "268" 21:40:48.022062674
[2023-06-27T21:40:50Z INFO  dt_instance] received at 2023-06-27 21:40:50.528669226 UTC - from mc-4->source-3 "273" 21:40:50.527668276
[2023-06-27T21:40:53Z INFO  dt_instance] received at 2023-06-27 21:40:53.035019227 UTC - from mc-4->source-3 "278" 21:40:53.032949953
[2023-06-27T21:40:55Z INFO  dt_instance] received at 2023-06-27 21:40:55.542132349 UTC - from mc-4->source-3 "283" 21:40:55.538858437
[2023-06-27T21:40:58Z INFO  dt_instance] received at 2023-06-27 21:40:58.045092939 UTC - from mc-4->source-3 "288" 21:40:58.043475071
[2023-06-27T21:41:00Z INFO  dt_instance] received at 2023-06-27 21:41:00.551546681 UTC - from mc-4->source-3 "293" 21:41:00.550299371
[2023-06-27T21:41:03Z INFO  dt_instance] received at 2023-06-27 21:41:03.057422442 UTC - from mc-4->source-3 "298" 21:41:03.056525807
[2023-06-27T21:41:05Z INFO  dt_instance] received at 2023-06-27 21:41:05.563601051 UTC - from mc-4->source-3 "303" 21:41:05.562560445
[2023-06-27T21:41:08Z INFO  dt_instance] received at 2023-06-27 21:41:08.070764650 UTC - from mc-4->source-3 "308" 21:41:08.067624206
[2023-06-27T21:41:10Z INFO  dt_instance] received at 2023-06-27 21:41:10.577112497 UTC - from mc-4->source-3 "313" 21:41:10.574587002
[2023-06-27T21:41:13Z INFO  dt_instance] received at 2023-06-27 21:41:13.081404814 UTC - from mc-4->source-3 "318" 21:41:13.080509948
[2023-06-27T21:41:15Z INFO  dt_instance] received at 2023-06-27 21:41:15.586716209 UTC - from mc-4->source-3 "323" 21:41:15.585706060
[2023-06-27T21:41:18Z INFO  dt_instance] received at 2023-06-27 21:41:18.092542790 UTC - from mc-4->source-3 "328" 21:41:18.091643681
[2023-06-27T21:41:20Z INFO  dt_instance] received at 2023-06-27 21:41:20.598626245 UTC - from mc-4->source-3 "333" 21:41:20.597682512
[2023-06-27T21:41:23Z INFO  dt_instance] received at 2023-06-27 21:41:23.106538816 UTC - from mc-4->source-3 "338" 21:41:23.103623868
[2023-06-27T21:41:25Z INFO  dt_instance] received at 2023-06-27 21:41:25.611185460 UTC - from mc-4->source-3 "343" 21:41:25.610164590
[2023-06-27T21:41:28Z INFO  dt_instance] received at 2023-06-27 21:41:28.116337441 UTC - from mc-4->source-3 "348" 21:41:28.115061392
[2023-06-27T21:41:30Z INFO  dt_instance] received at 2023-06-27 21:41:30.620477001 UTC - from mc-4->source-9 "338" 21:41:30.619364531
[2023-06-27T21:41:33Z INFO  dt_instance] received at 2023-06-27 21:41:33.128515839 UTC - from mc-4->source-7 "348" 21:41:33.127435361
[2023-06-27T21:41:35Z INFO  dt_instance] received at 2023-06-27 21:41:35.633505064 UTC - from mc-4->source-7 "353" 21:41:35.632809398
[2023-06-27T21:41:38Z INFO  dt_instance] received at 2023-06-27 21:41:38.141268666 UTC - from mc-4->source-7 "358" 21:41:38.138373033
[2023-06-27T21:41:40Z INFO  dt_instance] received at 2023-06-27 21:41:40.645924308 UTC - from mc-4->source-7 "363" 21:41:40.644958827
[2023-06-27T21:41:43Z INFO  dt_instance] received at 2023-06-27 21:41:43.150513680 UTC - from mc-4->source-9 "363" 21:41:43.149583058
[2023-06-27T21:41:45Z INFO  dt_instance] received at 2023-06-27 21:41:45.656968615 UTC - from mc-4->source-3 "383" 21:41:45.655976207
[2023-06-27T21:41:48Z INFO  dt_instance] received at 2023-06-27 21:41:48.161710167 UTC - from mc-4->source-7 "378" 21:41:48.160843375
[2023-06-27T21:41:50Z INFO  dt_instance] received at 2023-06-27 21:41:50.668404507 UTC - from mc-4->source-7 "383" 21:41:50.665888461
[2023-06-27T21:41:53Z INFO  dt_instance] received at 2023-06-27 21:41:53.174168068 UTC - from mc-4->source-7 "388" 21:41:53.172253955
[2023-06-27T21:41:55Z INFO  dt_instance] received at 2023-06-27 21:41:55.681194041 UTC - from mc-4->source-3 "403" 21:41:55.680188864
[2023-06-27T21:41:58Z INFO  dt_instance] received at 2023-06-27 21:41:58.188162596 UTC - from mc-4->source-3 "408" 21:41:58.186033456
[2023-06-27T21:42:00Z INFO  dt_instance] received at 2023-06-27 21:42:00.691734591 UTC - from mc-4->source-9 "398" 21:42:00.690400005
[2023-06-27T21:42:03Z INFO  dt_instance] received at 2023-06-27 21:42:03.198137945 UTC - from mc-4->source-9 "403" 21:42:03.197028816
[2023-06-27T21:42:05Z INFO  dt_instance] received at 2023-06-27 21:42:05.709106990 UTC - from mc-4->source-9 "408" 21:42:05.707536609
[2023-06-27T21:42:08Z INFO  dt_instance] received at 2023-06-27 21:42:08.217005860 UTC - from mc-4->source-3 "428" 21:42:08.213977898
[2023-06-27T21:42:10Z INFO  dt_instance] received at 2023-06-27 21:42:10.721074692 UTC - from mc-4->source-3 "433" 21:42:10.719538401
[2023-06-27T21:42:13Z INFO  dt_instance] received at 2023-06-27 21:42:13.227517949 UTC - from mc-4->source-3 "438" 21:42:13.226430400
[2023-06-27T21:42:15Z INFO  dt_instance] received at 2023-06-27 21:42:15.734326768 UTC - from mc-4->source-3 "443" 21:42:15.733242212
[2023-06-27T21:42:18Z INFO  dt_instance] received at 2023-06-27 21:42:18.244467901 UTC - from mc-4->source-3 "448" 21:42:18.240154687
[2023-06-27T21:42:20Z INFO  dt_instance] received at 2023-06-27 21:42:20.747132130 UTC - from mc-4->source-3 "453" 21:42:20.745829289
[2023-06-27T21:42:23Z INFO  dt_instance] received at 2023-06-27 21:42:23.252091412 UTC - from mc-4->source-3 "458" 21:42:23.250464658
[2023-06-27T21:42:25Z INFO  dt_instance] received at 2023-06-27 21:42:25.758980478 UTC - from mc-4->source-3 "463" 21:42:25.757836718
[2023-06-27T21:42:28Z INFO  dt_instance] received at 2023-06-27 21:42:28.264110534 UTC - from mc-4->source-3 "468" 21:42:28.262846475
[2023-06-27T21:42:30Z INFO  dt_instance] received at 2023-06-27 21:42:30.769404310 UTC - from mc-4->source-3 "473" 21:42:30.768490290
[2023-06-27T21:42:33Z INFO  dt_instance] received at 2023-06-27 21:42:33.277239027 UTC - from mc-4->source-3 "478" 21:42:33.274875408
[2023-06-27T21:42:35Z INFO  dt_instance] received at 2023-06-27 21:42:35.781103046 UTC - from mc-4->source-3 "483" 21:42:35.780312665
[2023-06-27T21:42:38Z INFO  dt_instance] received at 2023-06-27 21:42:38.288708262 UTC - from mc-4->source-3 "488" 21:42:38.286154476
[2023-06-27T21:42:40Z INFO  dt_instance] received at 2023-06-27 21:42:40.792300731 UTC - from mc-4->source-3 "493" 21:42:40.791130137
[2023-06-27T21:42:43Z INFO  dt_instance] received at 2023-06-27 21:42:43.297337864 UTC - from mc-4->source-3 "498" 21:42:43.296387233
[2023-06-27T21:42:45Z INFO  dt_instance] received at 2023-06-27 21:42:45.804404738 UTC - from mc-4->source-3 "503" 21:42:45.803079618
[2023-06-27T21:42:48Z INFO  dt_instance] received at 2023-06-27 21:42:48.308258134 UTC - from mc-4->source-3 "508" 21:42:48.307323115
[2023-06-27T21:42:50Z INFO  dt_instance] received at 2023-06-27 21:42:50.814599659 UTC - from mc-4->source-3 "513" 21:42:50.813496381
[2023-06-27T21:42:53Z INFO  dt_instance] received at 2023-06-27 21:42:53.321659889 UTC - from mc-4->source-3 "518" 21:42:53.318750647
[2023-06-27T21:42:55Z INFO  dt_instance] received at 2023-06-27 21:42:55.824685751 UTC - from mc-4->source-3 "523" 21:42:55.823565119
[2023-06-27T21:42:58Z INFO  dt_instance] received at 2023-06-27 21:42:58.331150620 UTC - from mc-4->source-3 "528" 21:42:58.329911395
[2023-06-27T21:43:00Z INFO  dt_instance] received at 2023-06-27 21:43:00.837385870 UTC - from mc-4->source-3 "533" 21:43:00.836410950
[2023-06-27T21:43:03Z INFO  dt_instance] received at 2023-06-27 21:43:03.343645964 UTC - from mc-4->source-3 "538" 21:43:03.342593726
[2023-06-27T21:43:05Z INFO  dt_instance] received at 2023-06-27 21:43:05.848853442 UTC - from mc-4->source-3 "543" 21:43:05.848025838
[2023-06-27T21:43:08Z INFO  dt_instance] received at 2023-06-27 21:43:08.355800520 UTC - from mc-4->source-3 "548" 21:43:08.353208291
[2023-06-27T21:43:10Z INFO  dt_instance] received at 2023-06-27 21:43:10.859163942 UTC - from mc-4->source-3 "553" 21:43:10.858204277
[2023-06-27T21:43:13Z INFO  dt_instance] received at 2023-06-27 21:43:13.366515518 UTC - from mc-4->source-9 "543" 21:43:13.364378664
[2023-06-27T21:43:15Z INFO  dt_instance] received at 2023-06-27 21:43:15.871634181 UTC - from mc-4->source-9 "548" 21:43:15.870691241
[2023-06-27T21:43:18Z INFO  dt_instance] received at 2023-06-27 21:43:18.378587091 UTC - from mc-4->source-9 "553" 21:43:18.377310532
[2023-06-27T21:43:20Z INFO  dt_instance] received at 2023-06-27 21:43:20.884417311 UTC - from mc-4->source-9 "558" 21:43:20.883664456
[2023-06-27T21:43:23Z INFO  dt_instance] received at 2023-06-27 21:43:23.393173392 UTC - from mc-4->source-9 "563" 21:43:23.390184306
[2023-06-27T21:43:25Z INFO  dt_instance] received at 2023-06-27 21:43:25.895837661 UTC - from mc-4->source-9 "568" 21:43:25.894825460
[2023-06-27T21:43:28Z INFO  dt_instance] received at 2023-06-27 21:43:28.404378392 UTC - from mc-4->source-1 "593" 21:43:28.388187105
[2023-06-27T21:43:30Z INFO  dt_instance] received at 2023-06-27 21:43:30.910272739 UTC - from mc-4->source-9 "578" 21:43:30.909169606
[2023-06-27T21:43:33Z INFO  dt_instance] received at 2023-06-27 21:43:33.414334194 UTC - from mc-4->source-9 "583" 21:43:33.413510923
[2023-06-27T21:43:35Z INFO  dt_instance] received at 2023-06-27 21:43:35.920371212 UTC - from mc-4->source-9 "588" 21:43:35.919202224
[2023-06-27T21:43:38Z INFO  dt_instance] received at 2023-06-27 21:43:38.425159185 UTC - from mc-4->source-9 "593" 21:43:38.424127544
[2023-06-27T21:43:40Z INFO  dt_instance] received at 2023-06-27 21:43:40.929813157 UTC - from mc-4->source-9 "598" 21:43:40.928863099
[2023-06-27T21:43:43Z INFO  dt_instance] received at 2023-06-27 21:43:43.434773343 UTC - from mc-4->source-3 "618" 21:43:43.433724274
[2023-06-27T21:43:45Z INFO  dt_instance] received at 2023-06-27 21:43:45.940788688 UTC - from mc-4->source-9 "608" 21:43:45.939145931
[2023-06-27T21:43:48Z INFO  dt_instance] received at 2023-06-27 21:43:48.445165184 UTC - from mc-4->source-9 "613" 21:43:48.443770438
[2023-06-27T21:43:50Z INFO  dt_instance] received at 2023-06-27 21:43:50.950354483 UTC - from mc-4->source-9 "618" 21:43:50.948674125
[2023-06-27T21:43:53Z INFO  dt_instance] received at 2023-06-27 21:43:53.455810118 UTC - from mc-4->source-9 "623" 21:43:53.454935062
[2023-06-27T21:43:55Z INFO  dt_instance] received at 2023-06-27 21:43:55.962701171 UTC - from mc-4->source-3 "643" 21:43:55.961652041
[2023-06-27T21:43:58Z INFO  dt_instance] received at 2023-06-27 21:43:58.469619564 UTC - from mc-4->source-9 "633" 21:43:58.468406854
[2023-06-27T21:44:00Z INFO  dt_instance] received at 2023-06-27 21:44:00.976529225 UTC - from mc-4->source-9 "638" 21:44:00.973746829
[2023-06-27T21:44:03Z INFO  dt_instance] received at 2023-06-27 21:44:03.482828150 UTC - from mc-4->source-3 "658" 21:44:03.481405161
[2023-06-27T21:44:05Z INFO  dt_instance] received at 2023-06-27 21:44:05.987808638 UTC - from mc-4->source-3 "663" 21:44:05.986994810
[2023-06-27T21:44:08Z INFO  dt_instance] received at 2023-06-27 21:44:08.493329503 UTC - from mc-4->source-9 "653" 21:44:08.492324911
[2023-06-27T21:44:10Z INFO  dt_instance] received at 2023-06-27 21:44:10.998457277 UTC - from mc-4->source-9 "658" 21:44:10.997432050
[2023-06-27T21:44:13Z INFO  dt_instance] received at 2023-06-27 21:44:13.503335812 UTC - from mc-4->source-9 "663" 21:44:13.502451991
[2023-06-27T21:44:16Z INFO  dt_instance] received at 2023-06-27 21:44:16.010065784 UTC - from mc-4->source-9 "668" 21:44:16.007366503
[2023-06-27T21:44:18Z INFO  dt_instance] received at 2023-06-27 21:44:18.516534452 UTC - from mc-4->source-9 "673" 21:44:18.515219204
[2023-06-27T21:44:21Z INFO  dt_instance] received at 2023-06-27 21:44:21.021488735 UTC - from mc-4->source-9 "678" 21:44:21.020645761
[2023-06-27T21:44:23Z INFO  dt_instance] received at 2023-06-27 21:44:23.527721546 UTC - from mc-4->source-9 "683" 21:44:23.526492746
[2023-06-27T21:44:26Z INFO  dt_instance] received at 2023-06-27 21:44:26.037181873 UTC - from mc-4->source-9 "688" 21:44:26.035187535
[2023-06-27T21:44:28Z INFO  dt_instance] received at 2023-06-27 21:44:28.542019794 UTC - from mc-4->source-9 "693" 21:44:28.541122804
[2023-06-27T21:44:31Z INFO  dt_instance] received at 2023-06-27 21:44:31.049801884 UTC - from mc-4->source-3 "713" 21:44:31.046654687
[2023-06-27T21:44:33Z INFO  dt_instance] received at 2023-06-27 21:44:33.557507350 UTC - from mc-4->source-3 "718" 21:44:33.552840654
[2023-06-27T21:44:36Z INFO  dt_instance] received at 2023-06-27 21:44:36.061840484 UTC - from mc-4->source-9 "708" 21:44:36.060093304
[2023-06-27T21:44:38Z INFO  dt_instance] received at 2023-06-27 21:44:38.567297196 UTC - from mc-4->source-9 "713" 21:44:38.566201446
[2023-06-27T21:44:41Z INFO  dt_instance] received at 2023-06-27 21:44:41.071818467 UTC - from mc-4->source-9 "718" 21:44:41.070421030
[2023-06-27T21:44:43Z INFO  dt_instance] received at 2023-06-27 21:44:43.579113273 UTC - from mc-4->source-7 "728" 21:44:43.576465467
[2023-06-27T21:44:46Z INFO  dt_instance] received at 2023-06-27 21:44:46.084832474 UTC - from mc-4->source-3 "743" 21:44:46.082398413
[2023-06-27T21:44:48Z INFO  dt_instance] received at 2023-06-27 21:44:48.589703093 UTC - from mc-4->source-7 "738" 21:44:48.588335979
[2023-06-27T21:44:51Z INFO  dt_instance] received at 2023-06-27 21:44:51.095094291 UTC - from mc-4->source-7 "743" 21:44:51.093998456
[2023-06-27T21:44:53Z INFO  dt_instance] received at 2023-06-27 21:44:53.602010369 UTC - from mc-4->source-3 "758" 21:44:53.600798529
[2023-06-27T21:44:56Z INFO  dt_instance] received at 2023-06-27 21:44:56.116470147 UTC - from mc-4->source-7 "753" 21:44:56.106960969
[2023-06-27T21:44:58Z INFO  dt_instance] received at 2023-06-27 21:44:58.615983167 UTC - from mc-4->source-9 "753" 21:44:58.612307957
[2023-06-27T21:45:01Z INFO  dt_instance] received at 2023-06-27 21:45:01.121685612 UTC - from mc-4->source-7 "763" 21:45:01.118640122
[2023-06-27T21:45:03Z INFO  dt_instance] received at 2023-06-27 21:45:03.627456423 UTC - from mc-4->source-7 "768" 21:45:03.623277889
[2023-06-27T21:45:06Z INFO  dt_instance] received at 2023-06-27 21:45:06.130468883 UTC - from mc-4->source-3 "783" 21:45:06.129349970
[2023-06-27T21:45:08Z INFO  dt_instance] received at 2023-06-27 21:45:08.636610147 UTC - from mc-4->source-9 "773" 21:45:08.635419384
[2023-06-27T21:45:11Z INFO  dt_instance] received at 2023-06-27 21:45:11.143937159 UTC - from mc-4->source-3 "793" 21:45:11.142541388
[2023-06-27T21:45:13Z INFO  dt_instance] received at 2023-06-27 21:45:13.651201277 UTC - from mc-4->source-1 "803" 21:45:13.643076513
[2023-06-27T21:45:16Z INFO  dt_instance] received at 2023-06-27 21:45:16.160030325 UTC - from mc-4->source-9 "788" 21:45:16.159412963
[2023-06-27T21:45:18Z INFO  dt_instance] received at 2023-06-27 21:45:18.667231437 UTC - from mc-4->source-9 "793" 21:45:18.664346309
[2023-06-27T21:45:21Z INFO  dt_instance] received at 2023-06-27 21:45:21.173036330 UTC - from mc-4->source-9 "798" 21:45:21.172007323
[2023-06-27T21:45:23Z INFO  dt_instance] received at 2023-06-27 21:45:23.678425356 UTC - from mc-4->source-9 "803" 21:45:23.677611041
[2023-06-27T21:45:26Z INFO  dt_instance] received at 2023-06-27 21:45:26.184108541 UTC - from mc-4->source-9 "808" 21:45:26.183283253
[2023-06-27T21:45:28Z INFO  dt_instance] received at 2023-06-27 21:45:28.691357713 UTC - from mc-4->source-9 "813" 21:45:28.690349316
[2023-06-27T21:45:31Z INFO  dt_instance] received at 2023-06-27 21:45:31.196687930 UTC - from mc-4->source-9 "818" 21:45:31.195914710
[2023-06-27T21:45:33Z INFO  dt_instance] received at 2023-06-27 21:45:33.703169861 UTC - from mc-4->source-9 "823" 21:45:33.700712883
[2023-06-27T21:45:36Z INFO  dt_instance] received at 2023-06-27 21:45:36.209305134 UTC - from mc-4->source-9 "828" 21:45:36.208050818
[2023-06-27T21:45:38Z INFO  dt_instance] received at 2023-06-27 21:45:38.715001804 UTC - from mc-4->source-9 "833" 21:45:38.713925017
[2023-06-27T21:45:41Z INFO  dt_instance] received at 2023-06-27 21:45:41.219804439 UTC - from mc-4->source-9 "838" 21:45:41.218928236
[2023-06-27T21:45:43Z INFO  dt_instance] received at 2023-06-27 21:45:43.730052054 UTC - from mc-4->source-1 "863" 21:45:43.719010580
[2023-06-27T21:45:46Z INFO  dt_instance] received at 2023-06-27 21:45:46.241578690 UTC - from mc-4->source-1 "868" 21:45:46.235663044
[2023-06-27T21:45:48Z INFO  dt_instance] received at 2023-06-27 21:45:48.743425374 UTC - from mc-4->source-1 "873" 21:45:48.741559263
[2023-06-27T21:45:51Z INFO  dt_instance] received at 2023-06-27 21:45:51.250035235 UTC - from mc-4->source-1 "878" 21:45:51.248372167
[2023-06-27T21:45:53Z INFO  dt_instance] received at 2023-06-27 21:45:53.756829804 UTC - from mc-4->source-1 "883" 21:45:53.755129392
[2023-06-27T21:45:56Z INFO  dt_instance] received at 2023-06-27 21:45:56.271974549 UTC - from mc-4->source-1 "888" 21:45:56.269460722
[2023-06-27T21:45:58Z INFO  dt_instance] received at 2023-06-27 21:45:58.777871216 UTC - from mc-4->source-7 "878" 21:45:58.776515976
[2023-06-27T21:46:01Z INFO  dt_instance] received at 2023-06-27 21:46:01.284243908 UTC - from mc-4->source-7 "883" 21:46:01.283153520
[2023-06-27T21:46:03Z INFO  dt_instance] received at 2023-06-27 21:46:03.790991455 UTC - from mc-4->source-7 "888" 21:46:03.790108335
[2023-06-27T21:46:06Z INFO  dt_instance] received at 2023-06-27 21:46:06.295856135 UTC - from mc-4->source-7 "893" 21:46:06.294700146
[2023-06-27T21:46:08Z INFO  dt_instance] received at 2023-06-27 21:46:08.800964185 UTC - from mc-4->source-7 "898" 21:46:08.799553144
[2023-06-27T21:46:11Z INFO  dt_instance] received at 2023-06-27 21:46:11.308781523 UTC - from mc-4->source-9 "898" 21:46:11.306585261
[2023-06-27T21:46:13Z INFO  dt_instance] received at 2023-06-27 21:46:13.813496754 UTC - from mc-4->source-7 "908" 21:46:13.812350903
[2023-06-27T21:46:16Z INFO  dt_instance] received at 2023-06-27 21:46:16.319739512 UTC - from mc-4->source-9 "908" 21:46:16.318366037
[2023-06-27T21:46:18Z INFO  dt_instance] received at 2023-06-27 21:46:18.827459567 UTC - from mc-4->source-9 "913" 21:46:18.825369656
[2023-06-27T21:46:21Z INFO  dt_instance] received at 2023-06-27 21:46:21.334507082 UTC - from mc-4->source-9 "918" 21:46:21.331826675
[2023-06-27T21:46:23Z INFO  dt_instance] received at 2023-06-27 21:46:23.838600795 UTC - from mc-4->source-9 "923" 21:46:23.837905432
[2023-06-27T21:46:26Z INFO  dt_instance] received at 2023-06-27 21:46:26.343482418 UTC - from mc-4->source-9 "928" 21:46:26.342529850
[2023-06-27T21:46:28Z INFO  dt_instance] received at 2023-06-27 21:46:28.849366147 UTC - from mc-4->source-9 "933" 21:46:28.848480247
[2023-06-27T21:46:31Z INFO  dt_instance] received at 2023-06-27 21:46:31.354739482 UTC - from mc-4->source-9 "938" 21:46:31.353737495
[2023-06-27T21:46:33Z INFO  dt_instance] received at 2023-06-27 21:46:33.861062149 UTC - from mc-4->source-7 "948" 21:46:33.860022435
[2023-06-27T21:46:36Z INFO  dt_instance] received at 2023-06-27 21:46:36.366979226 UTC - from mc-4->source-1 "968" 21:46:36.365299879
[2023-06-27T21:46:38Z INFO  dt_instance] received at 2023-06-27 21:46:38.875034373 UTC - from mc-4->source-9 "953" 21:46:38.872639071
[2023-06-27T21:46:41Z INFO  dt_instance] received at 2023-06-27 21:46:41.380850032 UTC - from mc-4->source-1 "978" 21:46:41.379635679
[2023-06-27T21:46:43Z INFO  dt_instance] received at 2023-06-27 21:46:43.888266192 UTC - from mc-4->source-1 "983" 21:46:43.885893072
[2023-06-27T21:46:46Z INFO  dt_instance] received at 2023-06-27 21:46:46.392170411 UTC - from mc-4->source-9 "968" 21:46:46.391507492
[2023-06-27T21:46:48Z INFO  dt_instance] received at 2023-06-27 21:46:48.899187247 UTC - from mc-4->source-9 "973" 21:46:48.897456211
[2023-06-27T21:46:51Z INFO  dt_instance] received at 2023-06-27 21:46:51.610339966 UTC - from mc-4->source-4 "991" 21:46:51.609127247
[2023-06-27T21:46:54Z INFO  dt_instance] received at 2023-06-27 21:46:54.885061182 UTC - from mc-4->source-5 "995" 21:46:54.883948684
[2023-06-27T21:47:01Z INFO  dt_instance] received at 2023-06-27 21:47:01.931366734 UTC - from mc-4->source-9 "999" 21:47:01.927737890
