[2023-06-27T21:34:02Z INFO  dt_instance] Current Twin: mc-twin-2
[2023-06-27T21:34:02Z INFO  dt_instance] Replica Name twin-mc-stateful-2
[2023-06-27T21:34:02Z INFO  dt_instance] Sleeping for 100
[2023-06-27T21:35:42Z INFO  dt_instance] Connecting to broker at emqx.dtwins:1883
[2023-06-27T21:35:42Z INFO  dt_instance] Loggin info each 50 messages
[2023-06-27T21:35:42Z INFO  dt_instance] Set max packet size to 60000 KB.
[2023-06-27T21:35:42Z INFO  dt_instance] Refreshing topics for twin - Listen to mc-2/#
[2023-06-27T21:35:42Z INFO  dt_instance] SubAck { pkid: 1, return_codes: [Success(ExactlyOnce)] }
[2023-06-27T21:36:49Z INFO  dt_instance] received at 2023-06-27 21:36:49.341635149 UTC - from mc-2->source-2 "9" 21:36:49.340561990
[2023-06-27T21:36:52Z INFO  dt_instance] received at 2023-06-27 21:36:52.598717569 UTC - from mc-2->source-3 "13" 21:36:52.597469474
[2023-06-27T21:36:55Z INFO  dt_instance] received at 2023-06-27 21:36:55.107115648 UTC - from mc-2->source-1 "23" 21:36:55.106230881
[2023-06-27T21:36:57Z INFO  dt_instance] received at 2023-06-27 21:36:57.613608457 UTC - from mc-2->source-1 "28" 21:36:57.612640488
[2023-06-27T21:37:00Z INFO  dt_instance] received at 2023-06-27 21:37:00.118383720 UTC - from mc-2->source-1 "33" 21:37:00.117352791
[2023-06-27T21:37:02Z INFO  dt_instance] received at 2023-06-27 21:37:02.624139859 UTC - from mc-2->source-1 "38" 21:37:02.623163997
[2023-06-27T21:37:05Z INFO  dt_instance] received at 2023-06-27 21:37:05.129390176 UTC - from mc-2->source-1 "43" 21:37:05.128478954
[2023-06-27T21:37:07Z INFO  dt_instance] received at 2023-06-27 21:37:07.635184158 UTC - from mc-2->source-1 "48" 21:37:07.634246529
[2023-06-27T21:37:10Z INFO  dt_instance] received at 2023-06-27 21:37:10.140604603 UTC - from mc-2->source-1 "53" 21:37:10.139387179
[2023-06-27T21:37:12Z INFO  dt_instance] received at 2023-06-27 21:37:12.644958332 UTC - from mc-2->source-1 "58" 21:37:12.643842453
[2023-06-27T21:37:15Z INFO  dt_instance] received at 2023-06-27 21:37:15.152402851 UTC - from mc-2->source-1 "63" 21:37:15.150298270
[2023-06-27T21:37:17Z INFO  dt_instance] received at 2023-06-27 21:37:17.658866418 UTC - from mc-2->source-1 "68" 21:37:17.655344349
[2023-06-27T21:37:20Z INFO  dt_instance] received at 2023-06-27 21:37:20.161187482 UTC - from mc-2->source-1 "73" 21:37:20.159837356
[2023-06-27T21:37:22Z INFO  dt_instance] received at 2023-06-27 21:37:22.666263525 UTC - from mc-2->source-1 "78" 21:37:22.665346535
[2023-06-27T21:37:25Z INFO  dt_instance] received at 2023-06-27 21:37:25.172643291 UTC - from mc-2->source-1 "83" 21:37:25.169906792
[2023-06-27T21:37:27Z INFO  dt_instance] received at 2023-06-27 21:37:27.676483243 UTC - from mc-2->source-1 "88" 21:37:27.674982681
[2023-06-27T21:37:30Z INFO  dt_instance] received at 2023-06-27 21:37:30.182892901 UTC - from mc-2->source-1 "93" 21:37:30.181990156
[2023-06-27T21:37:32Z INFO  dt_instance] received at 2023-06-27 21:37:32.689054180 UTC - from mc-2->source-1 "98" 21:37:32.687906928
[2023-06-27T21:37:35Z INFO  dt_instance] received at 2023-06-27 21:37:35.195910527 UTC - from mc-2->source-1 "103" 21:37:35.194721142
[2023-06-27T21:37:37Z INFO  dt_instance] received at 2023-06-27 21:37:37.700948095 UTC - from mc-2->source-1 "108" 21:37:37.700084024
[2023-06-27T21:37:40Z INFO  dt_instance] received at 2023-06-27 21:37:40.207701640 UTC - from mc-2->source-1 "113" 21:37:40.206406139
[2023-06-27T21:37:42Z INFO  dt_instance] received at 2023-06-27 21:37:42.711759999 UTC - from mc-2->source-1 "118" 21:37:42.710886078
[2023-06-27T21:37:45Z INFO  dt_instance] received at 2023-06-27 21:37:45.223209399 UTC - from mc-2->source-5 "113" 21:37:45.221928418
[2023-06-27T21:37:47Z INFO  dt_instance] received at 2023-06-27 21:37:47.728526100 UTC - from mc-2->source-5 "118" 21:37:47.727272600
[2023-06-27T21:37:50Z INFO  dt_instance] received at 2023-06-27 21:37:50.233564528 UTC - from mc-2->source-5 "123" 21:37:50.232248558
[2023-06-27T21:37:52Z INFO  dt_instance] received at 2023-06-27 21:37:52.741229895 UTC - from mc-2->source-5 "128" 21:37:52.739507898
[2023-06-27T21:37:55Z INFO  dt_instance] received at 2023-06-27 21:37:55.245559305 UTC - from mc-2->source-5 "133" 21:37:55.244212117
[2023-06-27T21:37:57Z INFO  dt_instance] received at 2023-06-27 21:37:57.752023958 UTC - from mc-2->source-5 "138" 21:37:57.751018567
[2023-06-27T21:38:00Z INFO  dt_instance] received at 2023-06-27 21:38:00.257454599 UTC - from mc-2->source-5 "143" 21:38:00.256082873
[2023-06-27T21:38:02Z INFO  dt_instance] received at 2023-06-27 21:38:02.764427336 UTC - from mc-2->source-5 "148" 21:38:02.762818270
[2023-06-27T21:38:05Z INFO  dt_instance] received at 2023-06-27 21:38:05.271208335 UTC - from mc-2->source-5 "153" 21:38:05.269486718
[2023-06-27T21:38:07Z INFO  dt_instance] received at 2023-06-27 21:38:07.777003227 UTC - from mc-2->source-5 "158" 21:38:07.776062195
[2023-06-27T21:38:10Z INFO  dt_instance] received at 2023-06-27 21:38:10.283011047 UTC - from mc-2->source-5 "163" 21:38:10.281902551
[2023-06-27T21:38:12Z INFO  dt_instance] received at 2023-06-27 21:38:12.789958683 UTC - from mc-2->source-9 "158" 21:38:12.789127658
[2023-06-27T21:38:15Z INFO  dt_instance] received at 2023-06-27 21:38:15.296041759 UTC - from mc-2->source-5 "173" 21:38:15.294791682
[2023-06-27T21:38:17Z INFO  dt_instance] received at 2023-06-27 21:38:17.803485456 UTC - from mc-2->source-5 "178" 21:38:17.802150142
[2023-06-27T21:38:20Z INFO  dt_instance] received at 2023-06-27 21:38:20.308360122 UTC - from mc-2->source-5 "183" 21:38:20.306892287
[2023-06-27T21:38:22Z INFO  dt_instance] received at 2023-06-27 21:38:22.815010968 UTC - from mc-2->source-5 "188" 21:38:22.813705403
[2023-06-27T21:38:25Z INFO  dt_instance] received at 2023-06-27 21:38:25.321030993 UTC - from mc-2->source-5 "193" 21:38:25.319806951
[2023-06-27T21:38:27Z INFO  dt_instance] received at 2023-06-27 21:38:27.828489127 UTC - from mc-2->source-5 "198" 21:38:27.827272102
[2023-06-27T21:38:30Z INFO  dt_instance] received at 2023-06-27 21:38:30.334435881 UTC - from mc-2->source-5 "203" 21:38:30.333176053
[2023-06-27T21:38:32Z INFO  dt_instance] received at 2023-06-27 21:38:32.840351339 UTC - from mc-2->source-5 "208" 21:38:32.838614336
[2023-06-27T21:38:35Z INFO  dt_instance] received at 2023-06-27 21:38:35.345749073 UTC - from mc-2->source-5 "213" 21:38:35.344376132
[2023-06-27T21:38:37Z INFO  dt_instance] received at 2023-06-27 21:38:37.851066316 UTC - from mc-2->source-9 "208" 21:38:37.850525599
[2023-06-27T21:38:40Z INFO  dt_instance] received at 2023-06-27 21:38:40.364973093 UTC - from mc-2->source-7 "218" 21:38:40.361971420
[2023-06-27T21:38:42Z INFO  dt_instance] received at 2023-06-27 21:38:42.870127026 UTC - from mc-2->source-7 "223" 21:38:42.867686775
[2023-06-27T21:38:45Z INFO  dt_instance] received at 2023-06-27 21:38:45.376574190 UTC - from mc-2->source-7 "228" 21:38:45.375035468
[2023-06-27T21:38:47Z INFO  dt_instance] received at 2023-06-27 21:38:47.883932136 UTC - from mc-2->source-7 "233" 21:38:47.881265110
[2023-06-27T21:38:50Z INFO  dt_instance] received at 2023-06-27 21:38:50.390838991 UTC - from mc-2->source-5 "243" 21:38:50.387245212
[2023-06-27T21:38:52Z INFO  dt_instance] received at 2023-06-27 21:38:52.895014953 UTC - from mc-2->source-5 "248" 21:38:52.893558467
[2023-06-27T21:38:55Z INFO  dt_instance] received at 2023-06-27 21:38:55.402811973 UTC - from mc-2->source-1 "263" 21:38:55.400068809
[2023-06-27T21:38:57Z INFO  dt_instance] received at 2023-06-27 21:38:57.908073583 UTC - from mc-2->source-5 "258" 21:38:57.906030937
[2023-06-27T21:39:00Z INFO  dt_instance] received at 2023-06-27 21:39:00.413901713 UTC - from mc-2->source-3 "268" 21:39:00.412166519
[2023-06-27T21:39:02Z INFO  dt_instance] received at 2023-06-27 21:39:02.919491888 UTC - from mc-2->source-5 "268" 21:39:02.917991672
[2023-06-27T21:39:05Z INFO  dt_instance] received at 2023-06-27 21:39:05.426473772 UTC - from mc-2->source-3 "278" 21:39:05.423367692
[2023-06-27T21:39:07Z INFO  dt_instance] received at 2023-06-27 21:39:07.932548665 UTC - from mc-2->source-7 "273" 21:39:07.931268454
[2023-06-27T21:39:10Z INFO  dt_instance] received at 2023-06-27 21:39:10.439761567 UTC - from mc-2->source-7 "278" 21:39:10.437242973
[2023-06-27T21:39:12Z INFO  dt_instance] received at 2023-06-27 21:39:12.942994577 UTC - from mc-2->source-7 "283" 21:39:12.941837230
[2023-06-27T21:39:15Z INFO  dt_instance] received at 2023-06-27 21:39:15.449148197 UTC - from mc-2->source-7 "288" 21:39:15.447541122
[2023-06-27T21:39:17Z INFO  dt_instance] received at 2023-06-27 21:39:17.953765051 UTC - from mc-2->source-7 "293" 21:39:17.952114560
[2023-06-27T21:39:20Z INFO  dt_instance] received at 2023-06-27 21:39:20.463232599 UTC - from mc-2->source-5 "303" 21:39:20.460057802
[2023-06-27T21:39:22Z INFO  dt_instance] received at 2023-06-27 21:39:22.966633262 UTC - from mc-2->source-1 "318" 21:39:22.965717360
[2023-06-27T21:39:25Z INFO  dt_instance] received at 2023-06-27 21:39:25.476217766 UTC - from mc-2->source-7 "308" 21:39:25.472375094
[2023-06-27T21:39:27Z INFO  dt_instance] received at 2023-06-27 21:39:27.979340855 UTC - from mc-2->source-7 "313" 21:39:27.977913016
[2023-06-27T21:39:30Z INFO  dt_instance] received at 2023-06-27 21:39:30.485480401 UTC - from mc-2->source-7 "318" 21:39:30.483986153
[2023-06-27T21:39:32Z INFO  dt_instance] received at 2023-06-27 21:39:32.991775258 UTC - from mc-2->source-1 "338" 21:39:32.990477023
[2023-06-27T21:39:35Z INFO  dt_instance] received at 2023-06-27 21:39:35.497345028 UTC - from mc-2->source-7 "328" 21:39:35.496371114
[2023-06-27T21:39:38Z INFO  dt_instance] received at 2023-06-27 21:39:38.005704568 UTC - from mc-2->source-1 "348" 21:39:38.002821805
[2023-06-27T21:39:40Z INFO  dt_instance] received at 2023-06-27 21:39:40.511386699 UTC - from mc-2->source-7 "338" 21:39:40.508762486
[2023-06-27T21:39:43Z INFO  dt_instance] received at 2023-06-27 21:39:43.016755170 UTC - from mc-2->source-9 "338" 21:39:43.015726908
[2023-06-27T21:39:45Z INFO  dt_instance] received at 2023-06-27 21:39:45.521183164 UTC - from mc-2->source-9 "343" 21:39:45.520005506
[2023-06-27T21:39:48Z INFO  dt_instance] received at 2023-06-27 21:39:48.028338413 UTC - from mc-2->source-7 "353" 21:39:48.026920801
[2023-06-27T21:39:50Z INFO  dt_instance] received at 2023-06-27 21:39:50.533699772 UTC - from mc-2->source-7 "358" 21:39:50.532315136
[2023-06-27T21:39:53Z INFO  dt_instance] received at 2023-06-27 21:39:53.041465728 UTC - from mc-2->source-7 "363" 21:39:53.039540599
[2023-06-27T21:39:55Z INFO  dt_instance] received at 2023-06-27 21:39:55.550269125 UTC - from mc-2->source-7 "368" 21:39:55.546555713
[2023-06-27T21:39:58Z INFO  dt_instance] received at 2023-06-27 21:39:58.053285712 UTC - from mc-2->source-7 "373" 21:39:58.052208093
[2023-06-27T21:40:00Z INFO  dt_instance] received at 2023-06-27 21:40:00.560676664 UTC - from mc-2->source-7 "378" 21:40:00.559464049
[2023-06-27T21:40:03Z INFO  dt_instance] received at 2023-06-27 21:40:03.066438656 UTC - from mc-2->source-7 "383" 21:40:03.064985122
[2023-06-27T21:40:05Z INFO  dt_instance] received at 2023-06-27 21:40:05.571838237 UTC - from mc-2->source-7 "388" 21:40:05.570858677
[2023-06-27T21:40:08Z INFO  dt_instance] received at 2023-06-27 21:40:08.078687400 UTC - from mc-2->source-7 "393" 21:40:08.075861546
[2023-06-27T21:40:10Z INFO  dt_instance] received at 2023-06-27 21:40:10.585531777 UTC - from mc-2->source-7 "398" 21:40:10.583318727
[2023-06-27T21:40:13Z INFO  dt_instance] received at 2023-06-27 21:40:13.095457827 UTC - from mc-2->source-7 "403" 21:40:13.088201117
[2023-06-27T21:40:15Z INFO  dt_instance] received at 2023-06-27 21:40:15.596352306 UTC - from mc-2->source-7 "408" 21:40:15.595055830
[2023-06-27T21:40:18Z INFO  dt_instance] received at 2023-06-27 21:40:18.101353810 UTC - from mc-2->source-7 "413" 21:40:18.100083342
[2023-06-27T21:40:20Z INFO  dt_instance] received at 2023-06-27 21:40:20.608018217 UTC - from mc-2->source-7 "418" 21:40:20.606730728
[2023-06-27T21:40:23Z INFO  dt_instance] received at 2023-06-27 21:40:23.115511811 UTC - from mc-2->source-7 "423" 21:40:23.112218429
[2023-06-27T21:40:25Z INFO  dt_instance] received at 2023-06-27 21:40:25.619608300 UTC - from mc-2->source-7 "428" 21:40:25.618161990
[2023-06-27T21:40:28Z INFO  dt_instance] received at 2023-06-27 21:40:28.125430875 UTC - from mc-2->source-7 "433" 21:40:28.123998929
[2023-06-27T21:40:30Z INFO  dt_instance] received at 2023-06-27 21:40:30.630339035 UTC - from mc-2->source-7 "438" 21:40:30.629051437
[2023-06-27T21:40:33Z INFO  dt_instance] received at 2023-06-27 21:40:33.135525969 UTC - from mc-2->source-7 "443" 21:40:33.134400273
[2023-06-27T21:40:35Z INFO  dt_instance] received at 2023-06-27 21:40:35.640259984 UTC - from mc-2->source-7 "448" 21:40:35.638995896
[2023-06-27T21:40:38Z INFO  dt_instance] received at 2023-06-27 21:40:38.151890108 UTC - from mc-2->source-7 "453" 21:40:38.148128309
[2023-06-27T21:40:40Z INFO  dt_instance] received at 2023-06-27 21:40:40.655421218 UTC - from mc-2->source-7 "458" 21:40:40.653565390
[2023-06-27T21:40:43Z INFO  dt_instance] received at 2023-06-27 21:40:43.159665232 UTC - from mc-2->source-1 "478" 21:40:43.158591152
[2023-06-27T21:40:45Z INFO  dt_instance] received at 2023-06-27 21:40:45.667224737 UTC - from mc-2->source-7 "468" 21:40:45.664968810
[2023-06-27T21:40:48Z INFO  dt_instance] received at 2023-06-27 21:40:48.171207278 UTC - from mc-2->source-7 "473" 21:40:48.169934187
[2023-06-27T21:40:50Z INFO  dt_instance] received at 2023-06-27 21:40:50.678830123 UTC - from mc-2->source-7 "478" 21:40:50.677436781
[2023-06-27T21:40:53Z INFO  dt_instance] received at 2023-06-27 21:40:53.186926462 UTC - from mc-2->source-7 "483" 21:40:53.183727416
[2023-06-27T21:40:55Z INFO  dt_instance] received at 2023-06-27 21:40:55.691086209 UTC - from mc-2->source-1 "503" 21:40:55.690039332
[2023-06-27T21:40:58Z INFO  dt_instance] received at 2023-06-27 21:40:58.201473562 UTC - from mc-2->source-1 "508" 21:40:58.196897752
[2023-06-27T21:41:00Z INFO  dt_instance] received at 2023-06-27 21:41:00.703514993 UTC - from mc-2->source-1 "513" 21:41:00.702475070
[2023-06-27T21:41:03Z INFO  dt_instance] received at 2023-06-27 21:41:03.210107032 UTC - from mc-2->source-7 "503" 21:41:03.207989958
[2023-06-27T21:41:05Z INFO  dt_instance] received at 2023-06-27 21:41:05.715289605 UTC - from mc-2->source-1 "523" 21:41:05.714008693
[2023-06-27T21:41:08Z INFO  dt_instance] received at 2023-06-27 21:41:08.233172249 UTC - from mc-2->source-1 "528" 21:41:08.220263123
[2023-06-27T21:41:10Z INFO  dt_instance] received at 2023-06-27 21:41:10.728282254 UTC - from mc-2->source-7 "518" 21:41:10.726785582
[2023-06-27T21:41:13Z INFO  dt_instance] received at 2023-06-27 21:41:13.235454757 UTC - from mc-2->source-7 "523" 21:41:13.233571221
[2023-06-27T21:41:15Z INFO  dt_instance] received at 2023-06-27 21:41:15.739446288 UTC - from mc-2->source-7 "528" 21:41:15.738458827
[2023-06-27T21:41:18Z INFO  dt_instance] received at 2023-06-27 21:41:18.246869847 UTC - from mc-2->source-7 "533" 21:41:18.243976817
[2023-06-27T21:41:20Z INFO  dt_instance] received at 2023-06-27 21:41:20.752282953 UTC - from mc-2->source-9 "533" 21:41:20.750938649
[2023-06-27T21:41:23Z INFO  dt_instance] received at 2023-06-27 21:41:23.258197069 UTC - from mc-2->source-7 "543" 21:41:23.256932326
[2023-06-27T21:41:25Z INFO  dt_instance] received at 2023-06-27 21:41:25.764679476 UTC - from mc-2->source-9 "543" 21:41:25.763878753
[2023-06-27T21:41:28Z INFO  dt_instance] received at 2023-06-27 21:41:28.278173292 UTC - from mc-2->source-3 "563" 21:41:28.270030297
[2023-06-27T21:41:30Z INFO  dt_instance] received at 2023-06-27 21:41:30.781055319 UTC - from mc-2->source-3 "568" 21:41:30.780004810
[2023-06-27T21:41:33Z INFO  dt_instance] received at 2023-06-27 21:41:33.289596550 UTC - from mc-2->source-7 "563" 21:41:33.288188774
[2023-06-27T21:41:35Z INFO  dt_instance] received at 2023-06-27 21:41:35.796131682 UTC - from mc-2->source-7 "568" 21:41:35.794703306
[2023-06-27T21:41:38Z INFO  dt_instance] received at 2023-06-27 21:41:38.302796197 UTC - from mc-2->source-7 "573" 21:41:38.299948563
[2023-06-27T21:41:40Z INFO  dt_instance] received at 2023-06-27 21:41:40.809021008 UTC - from mc-2->source-3 "588" 21:41:40.807084416
[2023-06-27T21:41:43Z INFO  dt_instance] received at 2023-06-27 21:41:43.315191183 UTC - from mc-2->source-3 "593" 21:41:43.313662988
[2023-06-27T21:41:45Z INFO  dt_instance] received at 2023-06-27 21:41:45.820594191 UTC - from mc-2->source-3 "598" 21:41:45.819340376
[2023-06-27T21:41:48Z INFO  dt_instance] received at 2023-06-27 21:41:48.326429616 UTC - from mc-2->source-7 "593" 21:41:48.324805019
[2023-06-27T21:41:50Z INFO  dt_instance] received at 2023-06-27 21:41:50.841525970 UTC - from mc-2->source-1 "613" 21:41:50.830027566
[2023-06-27T21:41:53Z INFO  dt_instance] received at 2023-06-27 21:41:53.339671439 UTC - from mc-2->source-7 "603" 21:41:53.335288419
[2023-06-27T21:41:55Z INFO  dt_instance] received at 2023-06-27 21:41:55.842294303 UTC - from mc-2->source-9 "603" 21:41:55.841173544
[2023-06-27T21:41:58Z INFO  dt_instance] received at 2023-06-27 21:41:58.359848170 UTC - from mc-2->source-1 "628" 21:41:58.358600897
[2023-06-27T21:42:00Z INFO  dt_instance] received at 2023-06-27 21:42:00.864920760 UTC - from mc-2->source-1 "633" 21:42:00.863190484
[2023-06-27T21:42:03Z INFO  dt_instance] received at 2023-06-27 21:42:03.369953395 UTC - from mc-2->source-1 "638" 21:42:03.369115100
[2023-06-27T21:42:05Z INFO  dt_instance] received at 2023-06-27 21:42:05.877490918 UTC - from mc-2->source-9 "623" 21:42:05.876468519
[2023-06-27T21:42:08Z INFO  dt_instance] received at 2023-06-27 21:42:08.386714774 UTC - from mc-2->source-9 "628" 21:42:08.383622026
[2023-06-27T21:42:10Z INFO  dt_instance] received at 2023-06-27 21:42:10.889154813 UTC - from mc-2->source-1 "653" 21:42:10.888152889
[2023-06-27T21:42:13Z INFO  dt_instance] received at 2023-06-27 21:42:13.396228394 UTC - from mc-2->source-9 "638" 21:42:13.394427366
[2023-06-27T21:42:15Z INFO  dt_instance] received at 2023-06-27 21:42:15.901449116 UTC - from mc-2->source-1 "663" 21:42:15.900110985
[2023-06-27T21:42:18Z INFO  dt_instance] received at 2023-06-27 21:42:18.407860018 UTC - from mc-2->source-1 "668" 21:42:18.406469535
[2023-06-27T21:42:20Z INFO  dt_instance] received at 2023-06-27 21:42:20.912307655 UTC - from mc-2->source-1 "673" 21:42:20.911233968
[2023-06-27T21:42:23Z INFO  dt_instance] received at 2023-06-27 21:42:23.418678534 UTC - from mc-2->source-1 "678" 21:42:23.417604362
[2023-06-27T21:42:25Z INFO  dt_instance] received at 2023-06-27 21:42:25.924714446 UTC - from mc-2->source-1 "683" 21:42:25.923731208
[2023-06-27T21:42:28Z INFO  dt_instance] received at 2023-06-27 21:42:28.430997392 UTC - from mc-2->source-1 "688" 21:42:28.429585423
[2023-06-27T21:42:30Z INFO  dt_instance] received at 2023-06-27 21:42:30.935260455 UTC - from mc-2->source-1 "693" 21:42:30.934211339
[2023-06-27T21:42:33Z INFO  dt_instance] received at 2023-06-27 21:42:33.441678423 UTC - from mc-2->source-1 "698" 21:42:33.440725938
[2023-06-27T21:42:35Z INFO  dt_instance] received at 2023-06-27 21:42:35.946869871 UTC - from mc-2->source-9 "683" 21:42:35.945950380
[2023-06-27T21:42:38Z INFO  dt_instance] received at 2023-06-27 21:42:38.453381003 UTC - from mc-2->source-9 "688" 21:42:38.451914852
[2023-06-27T21:42:40Z INFO  dt_instance] received at 2023-06-27 21:42:40.961370653 UTC - from mc-2->source-9 "693" 21:42:40.958042426
[2023-06-27T21:42:43Z INFO  dt_instance] received at 2023-06-27 21:42:43.464534289 UTC - from mc-2->source-9 "698" 21:42:43.463087295
[2023-06-27T21:42:45Z INFO  dt_instance] received at 2023-06-27 21:42:45.968978519 UTC - from mc-2->source-1 "723" 21:42:45.967958372
[2023-06-27T21:42:48Z INFO  dt_instance] received at 2023-06-27 21:42:48.477766636 UTC - from mc-2->source-1 "728" 21:42:48.476672191
[2023-06-27T21:42:50Z INFO  dt_instance] received at 2023-06-27 21:42:50.982066367 UTC - from mc-2->source-1 "733" 21:42:50.981225195
[2023-06-27T21:42:53Z INFO  dt_instance] received at 2023-06-27 21:42:53.489673265 UTC - from mc-2->source-1 "738" 21:42:53.488552849
[2023-06-27T21:42:55Z INFO  dt_instance] received at 2023-06-27 21:42:55.994901541 UTC - from mc-2->source-1 "743" 21:42:55.993845128
[2023-06-27T21:42:58Z INFO  dt_instance] received at 2023-06-27 21:42:58.501808674 UTC - from mc-2->source-1 "748" 21:42:58.500631675
[2023-06-27T21:43:01Z INFO  dt_instance] received at 2023-06-27 21:43:01.009213199 UTC - from mc-2->source-1 "753" 21:43:01.006768569
[2023-06-27T21:43:03Z INFO  dt_instance] received at 2023-06-27 21:43:03.512910349 UTC - from mc-2->source-1 "758" 21:43:03.511920482
[2023-06-27T21:43:06Z INFO  dt_instance] received at 2023-06-27 21:43:06.019485538 UTC - from mc-2->source-1 "763" 21:43:06.017840480
[2023-06-27T21:43:08Z INFO  dt_instance] received at 2023-06-27 21:43:08.524731444 UTC - from mc-2->source-1 "768" 21:43:08.523659852
[2023-06-27T21:43:11Z INFO  dt_instance] received at 2023-06-27 21:43:11.032830483 UTC - from mc-2->source-9 "753" 21:43:11.031971316
[2023-06-27T21:43:13Z INFO  dt_instance] received at 2023-06-27 21:43:13.538693930 UTC - from mc-2->source-1 "778" 21:43:13.537931294
[2023-06-27T21:43:16Z INFO  dt_instance] received at 2023-06-27 21:43:16.046223349 UTC - from mc-2->source-1 "783" 21:43:16.043667674
[2023-06-27T21:43:18Z INFO  dt_instance] received at 2023-06-27 21:43:18.550955324 UTC - from mc-2->source-1 "788" 21:43:18.549130766
[2023-06-27T21:43:21Z INFO  dt_instance] received at 2023-06-27 21:43:21.055722953 UTC - from mc-2->source-1 "793" 21:43:21.054824939
[2023-06-27T21:43:23Z INFO  dt_instance] received at 2023-06-27 21:43:23.563594867 UTC - from mc-2->source-1 "798" 21:43:23.562077334
[2023-06-27T21:43:26Z INFO  dt_instance] received at 2023-06-27 21:43:26.071910759 UTC - from mc-2->source-1 "803" 21:43:26.067804914
[2023-06-27T21:43:28Z INFO  dt_instance] received at 2023-06-27 21:43:28.578230484 UTC - from mc-2->source-1 "808" 21:43:28.573937284
[2023-06-27T21:43:31Z INFO  dt_instance] received at 2023-06-27 21:43:31.082989020 UTC - from mc-2->source-7 "798" 21:43:31.079811777
[2023-06-27T21:43:33Z INFO  dt_instance] received at 2023-06-27 21:43:33.587538942 UTC - from mc-2->source-1 "818" 21:43:33.585524935
[2023-06-27T21:43:36Z INFO  dt_instance] received at 2023-06-27 21:43:36.092922950 UTC - from mc-2->source-7 "808" 21:43:36.091043407
[2023-06-27T21:43:38Z INFO  dt_instance] received at 2023-06-27 21:43:38.598063615 UTC - from mc-2->source-7 "813" 21:43:38.596728596
[2023-06-27T21:43:41Z INFO  dt_instance] received at 2023-06-27 21:43:41.103737017 UTC - from mc-2->source-7 "818" 21:43:41.102091640
[2023-06-27T21:43:43Z INFO  dt_instance] received at 2023-06-27 21:43:43.611193728 UTC - from mc-2->source-7 "823" 21:43:43.608043844
[2023-06-27T21:43:46Z INFO  dt_instance] received at 2023-06-27 21:43:46.118593709 UTC - from mc-2->source-7 "828" 21:43:46.115697702
[2023-06-27T21:43:48Z INFO  dt_instance] received at 2023-06-27 21:43:48.624754467 UTC - from mc-2->source-1 "848" 21:43:48.623395943
[2023-06-27T21:43:51Z INFO  dt_instance] received at 2023-06-27 21:43:51.130523549 UTC - from mc-2->source-7 "838" 21:43:51.128780356
[2023-06-27T21:43:53Z INFO  dt_instance] received at 2023-06-27 21:43:53.637794740 UTC - from mc-2->source-7 "843" 21:43:53.635520238
[2023-06-27T21:43:56Z INFO  dt_instance] received at 2023-06-27 21:43:56.147748477 UTC - from mc-2->source-7 "848" 21:43:56.141894471
[2023-06-27T21:43:58Z INFO  dt_instance] received at 2023-06-27 21:43:58.650936223 UTC - from mc-2->source-7 "853" 21:43:58.647092795
[2023-06-27T21:44:01Z INFO  dt_instance] received at 2023-06-27 21:44:01.155493614 UTC - from mc-2->source-7 "858" 21:44:01.153904694
[2023-06-27T21:44:03Z INFO  dt_instance] received at 2023-06-27 21:44:03.665769863 UTC - from mc-2->source-7 "863" 21:44:03.661936335
[2023-06-27T21:44:06Z INFO  dt_instance] received at 2023-06-27 21:44:06.171204330 UTC - from mc-2->source-7 "868" 21:44:06.169671954
[2023-06-27T21:44:08Z INFO  dt_instance] received at 2023-06-27 21:44:08.676743910 UTC - from mc-2->source-1 "888" 21:44:08.675828320
[2023-06-27T21:44:11Z INFO  dt_instance] received at 2023-06-27 21:44:11.184407734 UTC - from mc-2->source-1 "893" 21:44:11.183602463
[2023-06-27T21:44:13Z INFO  dt_instance] received at 2023-06-27 21:44:13.689914354 UTC - from mc-2->source-1 "898" 21:44:13.688112616
[2023-06-27T21:44:16Z INFO  dt_instance] received at 2023-06-27 21:44:16.196504425 UTC - from mc-2->source-1 "903" 21:44:16.195676197
[2023-06-27T21:44:18Z INFO  dt_instance] received at 2023-06-27 21:44:18.703595488 UTC - from mc-2->source-1 "908" 21:44:18.701422428
[2023-06-27T21:44:21Z INFO  dt_instance] received at 2023-06-27 21:44:21.218323273 UTC - from mc-2->source-1 "913" 21:44:21.208657845
[2023-06-27T21:44:23Z INFO  dt_instance] received at 2023-06-27 21:44:23.716126970 UTC - from mc-2->source-7 "903" 21:44:23.708572838
[2023-06-27T21:44:26Z INFO  dt_instance] received at 2023-06-27 21:44:26.220627625 UTC - from mc-2->source-1 "923" 21:44:26.219722079
[2023-06-27T21:44:28Z INFO  dt_instance] received at 2023-06-27 21:44:28.724836351 UTC - from mc-2->source-1 "928" 21:44:28.724115231
[2023-06-27T21:44:31Z INFO  dt_instance] received at 2023-06-27 21:44:31.230223745 UTC - from mc-2->source-1 "933" 21:44:31.229394088
[2023-06-27T21:44:33Z INFO  dt_instance] received at 2023-06-27 21:44:33.738867519 UTC - from mc-2->source-1 "938" 21:44:33.735128621
[2023-06-27T21:44:36Z INFO  dt_instance] received at 2023-06-27 21:44:36.241802459 UTC - from mc-2->source-1 "943" 21:44:36.240842428
[2023-06-27T21:44:38Z INFO  dt_instance] received at 2023-06-27 21:44:38.748556101 UTC - from mc-2->source-1 "948" 21:44:38.747449856
[2023-06-27T21:44:41Z INFO  dt_instance] received at 2023-06-27 21:44:41.253263210 UTC - from mc-2->source-1 "953" 21:44:41.252206324
[2023-06-27T21:44:43Z INFO  dt_instance] received at 2023-06-27 21:44:43.758765561 UTC - from mc-2->source-1 "958" 21:44:43.757834681
[2023-06-27T21:44:46Z INFO  dt_instance] received at 2023-06-27 21:44:46.264725717 UTC - from mc-2->source-1 "963" 21:44:46.263501318
[2023-06-27T21:44:48Z INFO  dt_instance] received at 2023-06-27 21:44:48.771095026 UTC - from mc-2->source-1 "968" 21:44:48.769296112
[2023-06-27T21:44:51Z INFO  dt_instance] received at 2023-06-27 21:44:51.276778166 UTC - from mc-2->source-1 "973" 21:44:51.275449750
[2023-06-27T21:44:53Z INFO  dt_instance] received at 2023-06-27 21:44:53.783783739 UTC - from mc-2->source-1 "978" 21:44:53.780219833
[2023-06-27T21:44:56Z INFO  dt_instance] received at 2023-06-27 21:44:56.286911743 UTC - from mc-2->source-1 "983" 21:44:56.285693924
[2023-06-27T21:44:58Z INFO  dt_instance] received at 2023-06-27 21:44:58.794225308 UTC - from mc-2->source-1 "988" 21:44:58.792991395
[2023-06-27T21:45:01Z INFO  dt_instance] received at 2023-06-27 21:45:01.300261070 UTC - from mc-2->source-1 "993" 21:45:01.299399056
[2023-06-27T21:45:03Z INFO  dt_instance] received at 2023-06-27 21:45:03.983551348 UTC - from mc-2->source-6 "986" 21:45:03.982638821
[2023-06-27T21:45:07Z INFO  dt_instance] received at 2023-06-27 21:45:07.281955077 UTC - from mc-2->source-5 "995" 21:45:07.280222730
[2023-06-27T21:45:14Z INFO  dt_instance] received at 2023-06-27 21:45:14.322432580 UTC - from mc-2->source-9 "999" 21:45:14.321266606
