[2023-06-27T21:34:30Z INFO  dt_instance] Current Twin: mc-twin-9
[2023-06-27T21:34:30Z INFO  dt_instance] Replica Name twin-mc-stateful-9
[2023-06-27T21:34:30Z INFO  dt_instance] Sleeping for 450
[2023-06-27T21:42:00Z INFO  dt_instance] Connecting to broker at emqx.dtwins:1883
[2023-06-27T21:42:00Z INFO  dt_instance] Loggin info each 50 messages
[2023-06-27T21:42:00Z INFO  dt_instance] Set max packet size to 60000 KB.
[2023-06-27T21:42:00Z INFO  dt_instance] Refreshing topics for twin - Listen to mc-9/#
[2023-06-27T21:42:00Z INFO  dt_instance] SubAck { pkid: 1, return_codes: [Success(ExactlyOnce)] }
[2023-06-27T21:43:09Z INFO  dt_instance] received at 2023-06-27 21:43:09.395492405 UTC - from mc-9->source-2 "9" 21:43:09.394189266
[2023-06-27T21:43:12Z INFO  dt_instance] received at 2023-06-27 21:43:12.652224853 UTC - from mc-9->source-3 "13" 21:43:12.650844230
[2023-06-27T21:43:15Z INFO  dt_instance] received at 2023-06-27 21:43:15.160418504 UTC - from mc-9->source-1 "23" 21:43:15.159683895
[2023-06-27T21:43:17Z INFO  dt_instance] received at 2023-06-27 21:43:17.666132528 UTC - from mc-9->source-1 "28" 21:43:17.665541361
[2023-06-27T21:43:20Z INFO  dt_instance] received at 2023-06-27 21:43:20.172199092 UTC - from mc-9->source-1 "33" 21:43:20.171370770
[2023-06-27T21:43:22Z INFO  dt_instance] received at 2023-06-27 21:43:22.677456237 UTC - from mc-9->source-1 "38" 21:43:22.676513599
[2023-06-27T21:43:25Z INFO  dt_instance] received at 2023-06-27 21:43:25.186457431 UTC - from mc-9->source-1 "43" 21:43:25.182574005
[2023-06-27T21:43:27Z INFO  dt_instance] received at 2023-06-27 21:43:27.689287382 UTC - from mc-9->source-1 "48" 21:43:27.687629579
[2023-06-27T21:43:30Z INFO  dt_instance] received at 2023-06-27 21:43:30.194258171 UTC - from mc-9->source-1 "53" 21:43:30.193302966
[2023-06-27T21:43:32Z INFO  dt_instance] received at 2023-06-27 21:43:32.699868594 UTC - from mc-9->source-1 "58" 21:43:32.698936841
[2023-06-27T21:43:35Z INFO  dt_instance] received at 2023-06-27 21:43:35.205316128 UTC - from mc-9->source-1 "63" 21:43:35.204327465
[2023-06-27T21:43:37Z INFO  dt_instance] received at 2023-06-27 21:43:37.710957673 UTC - from mc-9->source-1 "68" 21:43:37.709767522
[2023-06-27T21:43:40Z INFO  dt_instance] received at 2023-06-27 21:43:40.218221129 UTC - from mc-9->source-1 "73" 21:43:40.217260199
[2023-06-27T21:43:42Z INFO  dt_instance] received at 2023-06-27 21:43:42.723328419 UTC - from mc-9->source-1 "78" 21:43:42.722650151
[2023-06-27T21:43:45Z INFO  dt_instance] received at 2023-06-27 21:43:45.228518906 UTC - from mc-9->source-1 "83" 21:43:45.227670348
[2023-06-27T21:43:47Z INFO  dt_instance] received at 2023-06-27 21:43:47.735107676 UTC - from mc-9->source-1 "88" 21:43:47.733591762
[2023-06-27T21:43:50Z INFO  dt_instance] received at 2023-06-27 21:43:50.241770785 UTC - from mc-9->source-1 "93" 21:43:50.240409722
[2023-06-27T21:43:52Z INFO  dt_instance] received at 2023-06-27 21:43:52.746063194 UTC - from mc-9->source-1 "98" 21:43:52.745079545
[2023-06-27T21:43:55Z INFO  dt_instance] received at 2023-06-27 21:43:55.252249295 UTC - from mc-9->source-1 "103" 21:43:55.251434596
[2023-06-27T21:43:57Z INFO  dt_instance] received at 2023-06-27 21:43:57.757918623 UTC - from mc-9->source-1 "108" 21:43:57.756885799
[2023-06-27T21:44:00Z INFO  dt_instance] received at 2023-06-27 21:44:00.264873471 UTC - from mc-9->source-1 "113" 21:44:00.263737412
[2023-06-27T21:44:02Z INFO  dt_instance] received at 2023-06-27 21:44:02.771643547 UTC - from mc-9->source-1 "118" 21:44:02.770848209
[2023-06-27T21:44:05Z INFO  dt_instance] received at 2023-06-27 21:44:05.278711150 UTC - from mc-9->source-1 "123" 21:44:05.277567603
[2023-06-27T21:44:07Z INFO  dt_instance] received at 2023-06-27 21:44:07.787761083 UTC - from mc-9->source-1 "128" 21:44:07.786520782
[2023-06-27T21:44:10Z INFO  dt_instance] received at 2023-06-27 21:44:10.293502237 UTC - from mc-9->source-1 "133" 21:44:10.292285510
[2023-06-27T21:44:12Z INFO  dt_instance] received at 2023-06-27 21:44:12.800066999 UTC - from mc-9->source-1 "138" 21:44:12.798849574
[2023-06-27T21:44:15Z INFO  dt_instance] received at 2023-06-27 21:44:15.305042588 UTC - from mc-9->source-1 "143" 21:44:15.304062434
[2023-06-27T21:44:17Z INFO  dt_instance] received at 2023-06-27 21:44:17.811520810 UTC - from mc-9->source-1 "148" 21:44:17.810498135
[2023-06-27T21:44:20Z INFO  dt_instance] received at 2023-06-27 21:44:20.321312274 UTC - from mc-9->source-1 "153" 21:44:20.316664218
[2023-06-27T21:44:22Z INFO  dt_instance] received at 2023-06-27 21:44:22.822898935 UTC - from mc-9->source-1 "158" 21:44:22.821589393
[2023-06-27T21:44:25Z INFO  dt_instance] received at 2023-06-27 21:44:25.333391033 UTC - from mc-9->source-1 "163" 21:44:25.329357203
[2023-06-27T21:44:27Z INFO  dt_instance] received at 2023-06-27 21:44:27.836384256 UTC - from mc-9->source-1 "168" 21:44:27.835575142
[2023-06-27T21:44:30Z INFO  dt_instance] received at 2023-06-27 21:44:30.343399879 UTC - from mc-9->source-1 "173" 21:44:30.342232677
[2023-06-27T21:44:32Z INFO  dt_instance] received at 2023-06-27 21:44:32.849472377 UTC - from mc-9->source-1 "178" 21:44:32.848512391
[2023-06-27T21:44:35Z INFO  dt_instance] received at 2023-06-27 21:44:35.356625262 UTC - from mc-9->source-1 "183" 21:44:35.353670609
[2023-06-27T21:44:37Z INFO  dt_instance] received at 2023-06-27 21:44:37.860801643 UTC - from mc-9->source-1 "188" 21:44:37.859831946
[2023-06-27T21:44:40Z INFO  dt_instance] received at 2023-06-27 21:44:40.368965052 UTC - from mc-9->source-1 "193" 21:44:40.365781858
[2023-06-27T21:44:42Z INFO  dt_instance] received at 2023-06-27 21:44:42.873758104 UTC - from mc-9->source-1 "198" 21:44:42.872359651
[2023-06-27T21:44:45Z INFO  dt_instance] received at 2023-06-27 21:44:45.378181472 UTC - from mc-9->source-1 "203" 21:44:45.377291455
[2023-06-27T21:44:47Z INFO  dt_instance] received at 2023-06-27 21:44:47.884586268 UTC - from mc-9->source-1 "208" 21:44:47.883580317
[2023-06-27T21:44:50Z INFO  dt_instance] received at 2023-06-27 21:44:50.392102082 UTC - from mc-9->source-1 "213" 21:44:50.389298581
[2023-06-27T21:44:52Z INFO  dt_instance] received at 2023-06-27 21:44:52.897745294 UTC - from mc-9->source-1 "218" 21:44:52.896643846
[2023-06-27T21:44:55Z INFO  dt_instance] received at 2023-06-27 21:44:55.404159402 UTC - from mc-9->source-1 "223" 21:44:55.401642276
[2023-06-27T21:44:57Z INFO  dt_instance] received at 2023-06-27 21:44:57.909395817 UTC - from mc-9->source-1 "228" 21:44:57.908269484
[2023-06-27T21:45:00Z INFO  dt_instance] received at 2023-06-27 21:45:00.415090558 UTC - from mc-9->source-1 "233" 21:45:00.413690272
[2023-06-27T21:45:02Z INFO  dt_instance] received at 2023-06-27 21:45:02.920165128 UTC - from mc-9->source-1 "238" 21:45:02.919162057
[2023-06-27T21:45:05Z INFO  dt_instance] received at 2023-06-27 21:45:05.429065664 UTC - from mc-9->source-1 "243" 21:45:05.426146835
[2023-06-27T21:45:07Z INFO  dt_instance] received at 2023-06-27 21:45:07.938449868 UTC - from mc-9->source-1 "248" 21:45:07.937257978
[2023-06-27T21:45:10Z INFO  dt_instance] received at 2023-06-27 21:45:10.447468651 UTC - from mc-9->source-1 "253" 21:45:10.444641032
[2023-06-27T21:45:12Z INFO  dt_instance] received at 2023-06-27 21:45:12.951068447 UTC - from mc-9->source-1 "258" 21:45:12.949759428
[2023-06-27T21:45:15Z INFO  dt_instance] received at 2023-06-27 21:45:15.456621760 UTC - from mc-9->source-1 "263" 21:45:15.455198041
[2023-06-27T21:45:17Z INFO  dt_instance] received at 2023-06-27 21:45:17.961994831 UTC - from mc-9->source-1 "268" 21:45:17.960572150
[2023-06-27T21:45:20Z INFO  dt_instance] received at 2023-06-27 21:45:20.467469578 UTC - from mc-9->source-1 "273" 21:45:20.466085544
[2023-06-27T21:45:22Z INFO  dt_instance] received at 2023-06-27 21:45:22.974765742 UTC - from mc-9->source-1 "278" 21:45:22.973162288
[2023-06-27T21:45:25Z INFO  dt_instance] received at 2023-06-27 21:45:25.485623248 UTC - from mc-9->source-1 "283" 21:45:25.481477944
[2023-06-27T21:45:27Z INFO  dt_instance] received at 2023-06-27 21:45:27.988313731 UTC - from mc-9->source-1 "288" 21:45:27.986692790
[2023-06-27T21:45:30Z INFO  dt_instance] received at 2023-06-27 21:45:30.495487423 UTC - from mc-9->source-1 "293" 21:45:30.492701540
[2023-06-27T21:45:33Z INFO  dt_instance] received at 2023-06-27 21:45:33.005513463 UTC - from mc-9->source-1 "298" 21:45:33.004653471
[2023-06-27T21:45:35Z INFO  dt_instance] received at 2023-06-27 21:45:35.513689777 UTC - from mc-9->source-1 "303" 21:45:35.512593562
[2023-06-27T21:45:38Z INFO  dt_instance] received at 2023-06-27 21:45:38.019079115 UTC - from mc-9->source-1 "308" 21:45:38.017767806
[2023-06-27T21:45:40Z INFO  dt_instance] received at 2023-06-27 21:45:40.526455666 UTC - from mc-9->source-1 "313" 21:45:40.523091913
[2023-06-27T21:45:43Z INFO  dt_instance] received at 2023-06-27 21:45:43.030389445 UTC - from mc-9->source-1 "318" 21:45:43.029077793
[2023-06-27T21:45:45Z INFO  dt_instance] received at 2023-06-27 21:45:45.535315496 UTC - from mc-9->source-1 "323" 21:45:45.533958310
[2023-06-27T21:45:48Z INFO  dt_instance] received at 2023-06-27 21:45:48.039607027 UTC - from mc-9->source-1 "328" 21:45:48.038754579
[2023-06-27T21:45:50Z INFO  dt_instance] received at 2023-06-27 21:45:50.545823405 UTC - from mc-9->source-1 "333" 21:45:50.544113444
[2023-06-27T21:45:53Z INFO  dt_instance] received at 2023-06-27 21:45:53.050769568 UTC - from mc-9->source-1 "338" 21:45:53.049337544
[2023-06-27T21:45:55Z INFO  dt_instance] received at 2023-06-27 21:45:55.554642114 UTC - from mc-9->source-1 "343" 21:45:55.553912944
[2023-06-27T21:45:58Z INFO  dt_instance] received at 2023-06-27 21:45:58.059932632 UTC - from mc-9->source-1 "348" 21:45:58.059134914
[2023-06-27T21:46:00Z INFO  dt_instance] received at 2023-06-27 21:46:00.571604665 UTC - from mc-9->source-1 "353" 21:46:00.564451826
[2023-06-27T21:46:03Z INFO  dt_instance] received at 2023-06-27 21:46:03.071151491 UTC - from mc-9->source-1 "358" 21:46:03.070356885
[2023-06-27T21:46:05Z INFO  dt_instance] received at 2023-06-27 21:46:05.577028373 UTC - from mc-9->source-1 "363" 21:46:05.575942617
[2023-06-27T21:46:08Z INFO  dt_instance] received at 2023-06-27 21:46:08.083189247 UTC - from mc-9->source-1 "368" 21:46:08.080685681
[2023-06-27T21:46:10Z INFO  dt_instance] received at 2023-06-27 21:46:10.588129565 UTC - from mc-9->source-1 "373" 21:46:10.585955968
[2023-06-27T21:46:13Z INFO  dt_instance] received at 2023-06-27 21:46:13.092224412 UTC - from mc-9->source-1 "378" 21:46:13.090928608
[2023-06-27T21:46:15Z INFO  dt_instance] received at 2023-06-27 21:46:15.596557945 UTC - from mc-9->source-1 "383" 21:46:15.595671544
[2023-06-27T21:46:18Z INFO  dt_instance] received at 2023-06-27 21:46:18.103171347 UTC - from mc-9->source-1 "388" 21:46:18.102361034
[2023-06-27T21:46:20Z INFO  dt_instance] received at 2023-06-27 21:46:20.608648348 UTC - from mc-9->source-1 "393" 21:46:20.607510379
[2023-06-27T21:46:23Z INFO  dt_instance] received at 2023-06-27 21:46:23.116518910 UTC - from mc-9->source-1 "398" 21:46:23.113563123
[2023-06-27T21:46:25Z INFO  dt_instance] received at 2023-06-27 21:46:25.621374681 UTC - from mc-9->source-1 "403" 21:46:25.620427166
[2023-06-27T21:46:28Z INFO  dt_instance] received at 2023-06-27 21:46:28.127849086 UTC - from mc-9->source-1 "408" 21:46:28.126583006
[2023-06-27T21:46:30Z INFO  dt_instance] received at 2023-06-27 21:46:30.632805560 UTC - from mc-9->source-1 "413" 21:46:30.631768834
[2023-06-27T21:46:33Z INFO  dt_instance] received at 2023-06-27 21:46:33.140412774 UTC - from mc-9->source-1 "418" 21:46:33.137420124
[2023-06-27T21:46:35Z INFO  dt_instance] received at 2023-06-27 21:46:35.644035186 UTC - from mc-9->source-1 "423" 21:46:35.642447636
[2023-06-27T21:46:38Z INFO  dt_instance] received at 2023-06-27 21:46:38.152753180 UTC - from mc-9->source-1 "428" 21:46:38.149542420
[2023-06-27T21:46:40Z INFO  dt_instance] received at 2023-06-27 21:46:40.656678157 UTC - from mc-9->source-1 "433" 21:46:40.655140080
[2023-06-27T21:46:43Z INFO  dt_instance] received at 2023-06-27 21:46:43.162071236 UTC - from mc-9->source-1 "438" 21:46:43.161096578
[2023-06-27T21:46:45Z INFO  dt_instance] received at 2023-06-27 21:46:45.669090141 UTC - from mc-9->source-1 "443" 21:46:45.668169723
[2023-06-27T21:46:48Z INFO  dt_instance] received at 2023-06-27 21:46:48.173984610 UTC - from mc-9->source-1 "448" 21:46:48.173014628
[2023-06-27T21:46:50Z INFO  dt_instance] received at 2023-06-27 21:46:50.680418186 UTC - from mc-9->source-1 "453" 21:46:50.679467460
[2023-06-27T21:46:53Z INFO  dt_instance] received at 2023-06-27 21:46:53.188634468 UTC - from mc-9->source-1 "458" 21:46:53.185380341
[2023-06-27T21:46:55Z INFO  dt_instance] received at 2023-06-27 21:46:55.691499051 UTC - from mc-9->source-1 "463" 21:46:55.690493210
[2023-06-27T21:46:58Z INFO  dt_instance] received at 2023-06-27 21:46:58.199424302 UTC - from mc-9->source-1 "468" 21:46:58.195098406
[2023-06-27T21:47:00Z INFO  dt_instance] received at 2023-06-27 21:47:00.700589664 UTC - from mc-9->source-1 "473" 21:47:00.699702677
[2023-06-27T21:47:03Z INFO  dt_instance] received at 2023-06-27 21:47:03.206195804 UTC - from mc-9->source-1 "478" 21:47:03.205084216
[2023-06-27T21:47:05Z INFO  dt_instance] received at 2023-06-27 21:47:05.712172050 UTC - from mc-9->source-1 "483" 21:47:05.711378035
[2023-06-27T21:47:08Z INFO  dt_instance] received at 2023-06-27 21:47:08.218964224 UTC - from mc-9->source-1 "488" 21:47:08.215997749
[2023-06-27T21:47:10Z INFO  dt_instance] received at 2023-06-27 21:47:10.721693812 UTC - from mc-9->source-1 "493" 21:47:10.720671923
[2023-06-27T21:47:13Z INFO  dt_instance] received at 2023-06-27 21:47:13.228071014 UTC - from mc-9->source-1 "498" 21:47:13.227080270
[2023-06-27T21:47:15Z INFO  dt_instance] received at 2023-06-27 21:47:15.737823638 UTC - from mc-9->source-1 "503" 21:47:15.736941559
[2023-06-27T21:47:18Z INFO  dt_instance] received at 2023-06-27 21:47:18.243156194 UTC - from mc-9->source-1 "508" 21:47:18.241898756
[2023-06-27T21:47:20Z INFO  dt_instance] received at 2023-06-27 21:47:20.748088977 UTC - from mc-9->source-1 "513" 21:47:20.746664783
[2023-06-27T21:47:23Z INFO  dt_instance] received at 2023-06-27 21:47:23.255698807 UTC - from mc-9->source-1 "518" 21:47:23.254828089
[2023-06-27T21:47:25Z INFO  dt_instance] received at 2023-06-27 21:47:25.764196274 UTC - from mc-9->source-1 "523" 21:47:25.759662179
[2023-06-27T21:47:28Z INFO  dt_instance] received at 2023-06-27 21:47:28.278231376 UTC - from mc-9->source-1 "528" 21:47:28.270013148
[2023-06-27T21:47:30Z INFO  dt_instance] received at 2023-06-27 21:47:30.777225858 UTC - from mc-9->source-1 "533" 21:47:30.776329161
[2023-06-27T21:47:33Z INFO  dt_instance] received at 2023-06-27 21:47:33.292581348 UTC - from mc-9->source-1 "538" 21:47:33.290090665
[2023-06-27T21:47:35Z INFO  dt_instance] received at 2023-06-27 21:47:35.796432316 UTC - from mc-9->source-1 "543" 21:47:35.795414152
[2023-06-27T21:47:38Z INFO  dt_instance] received at 2023-06-27 21:47:38.305357465 UTC - from mc-9->source-1 "548" 21:47:38.301384362
[2023-06-27T21:47:40Z INFO  dt_instance] received at 2023-06-27 21:47:40.807857941 UTC - from mc-9->source-1 "553" 21:47:40.806207551
[2023-06-27T21:47:43Z INFO  dt_instance] received at 2023-06-27 21:47:43.312345325 UTC - from mc-9->source-1 "558" 21:47:43.311311430
[2023-06-27T21:47:45Z INFO  dt_instance] received at 2023-06-27 21:47:45.819182758 UTC - from mc-9->source-1 "563" 21:47:45.818297745
[2023-06-27T21:47:48Z INFO  dt_instance] received at 2023-06-27 21:47:48.326158751 UTC - from mc-9->source-1 "568" 21:47:48.323660252
[2023-06-27T21:47:50Z INFO  dt_instance] received at 2023-06-27 21:47:50.846621120 UTC - from mc-9->source-7 "558" 21:47:50.814307158
[2023-06-27T21:47:53Z INFO  dt_instance] received at 2023-06-27 21:47:53.338691615 UTC - from mc-9->source-1 "578" 21:47:53.335116959
[2023-06-27T21:47:55Z INFO  dt_instance] received at 2023-06-27 21:47:55.841352429 UTC - from mc-9->source-1 "583" 21:47:55.840539534
[2023-06-27T21:47:58Z INFO  dt_instance] received at 2023-06-27 21:47:58.349035997 UTC - from mc-9->source-1 "588" 21:47:58.346839754
[2023-06-27T21:48:00Z INFO  dt_instance] received at 2023-06-27 21:48:00.855903449 UTC - from mc-9->source-1 "593" 21:48:00.854790731
[2023-06-27T21:48:03Z INFO  dt_instance] received at 2023-06-27 21:48:03.360962943 UTC - from mc-9->source-1 "598" 21:48:03.360066466
[2023-06-27T21:48:05Z INFO  dt_instance] received at 2023-06-27 21:48:05.871103338 UTC - from mc-9->source-1 "603" 21:48:05.869452527
[2023-06-27T21:48:08Z INFO  dt_instance] received at 2023-06-27 21:48:08.378481022 UTC - from mc-9->source-1 "608" 21:48:08.376078435
[2023-06-27T21:48:10Z INFO  dt_instance] received at 2023-06-27 21:48:10.882751025 UTC - from mc-9->source-1 "613" 21:48:10.881709281
[2023-06-27T21:48:13Z INFO  dt_instance] received at 2023-06-27 21:48:13.389663176 UTC - from mc-9->source-1 "618" 21:48:13.388575859
[2023-06-27T21:48:15Z INFO  dt_instance] received at 2023-06-27 21:48:15.895690578 UTC - from mc-9->source-1 "623" 21:48:15.894078212
[2023-06-27T21:48:18Z INFO  dt_instance] received at 2023-06-27 21:48:18.400302535 UTC - from mc-9->source-1 "628" 21:48:18.398915074
[2023-06-27T21:48:20Z INFO  dt_instance] received at 2023-06-27 21:48:20.905630295 UTC - from mc-9->source-1 "633" 21:48:20.903804991
[2023-06-27T21:48:23Z INFO  dt_instance] received at 2023-06-27 21:48:23.410045420 UTC - from mc-9->source-1 "638" 21:48:23.408843788
[2023-06-27T21:48:25Z INFO  dt_instance] received at 2023-06-27 21:48:25.915040346 UTC - from mc-9->source-1 "643" 21:48:25.913921349
[2023-06-27T21:48:28Z INFO  dt_instance] received at 2023-06-27 21:48:28.419950245 UTC - from mc-9->source-1 "648" 21:48:28.418791444
[2023-06-27T21:48:30Z INFO  dt_instance] received at 2023-06-27 21:48:30.924885042 UTC - from mc-9->source-1 "653" 21:48:30.923869794
[2023-06-27T21:48:33Z INFO  dt_instance] received at 2023-06-27 21:48:33.429742739 UTC - from mc-9->source-1 "658" 21:48:33.428952827
[2023-06-27T21:48:35Z INFO  dt_instance] received at 2023-06-27 21:48:35.935245340 UTC - from mc-9->source-1 "663" 21:48:35.934138243
[2023-06-27T21:48:38Z INFO  dt_instance] received at 2023-06-27 21:48:38.441636584 UTC - from mc-9->source-1 "668" 21:48:38.440525861
[2023-06-27T21:48:40Z INFO  dt_instance] received at 2023-06-27 21:48:40.946273515 UTC - from mc-9->source-1 "673" 21:48:40.945047879
[2023-06-27T21:48:43Z INFO  dt_instance] received at 2023-06-27 21:48:43.452817800 UTC - from mc-9->source-3 "673" 21:48:43.451377049
[2023-06-27T21:48:45Z INFO  dt_instance] received at 2023-06-27 21:48:45.958484910 UTC - from mc-9->source-3 "678" 21:48:45.957082243
[2023-06-27T21:48:48Z INFO  dt_instance] received at 2023-06-27 21:48:48.463705380 UTC - from mc-9->source-1 "688" 21:48:48.462683934
[2023-06-27T21:48:50Z INFO  dt_instance] received at 2023-06-27 21:48:50.969482101 UTC - from mc-9->source-3 "688" 21:48:50.968514576
[2023-06-27T21:48:53Z INFO  dt_instance] received at 2023-06-27 21:48:53.476065042 UTC - from mc-9->source-3 "693" 21:48:53.475049875
[2023-06-27T21:48:55Z INFO  dt_instance] received at 2023-06-27 21:48:55.983975935 UTC - from mc-9->source-3 "698" 21:48:55.982607840
[2023-06-27T21:48:58Z INFO  dt_instance] received at 2023-06-27 21:48:58.490250037 UTC - from mc-9->source-1 "708" 21:48:58.489218873
[2023-06-27T21:49:00Z INFO  dt_instance] received at 2023-06-27 21:49:00.997687682 UTC - from mc-9->source-3 "708" 21:49:00.995037829
[2023-06-27T21:49:03Z INFO  dt_instance] received at 2023-06-27 21:49:03.501694820 UTC - from mc-9->source-1 "718" 21:49:03.500644337
[2023-06-27T21:49:06Z INFO  dt_instance] received at 2023-06-27 21:49:06.006932020 UTC - from mc-9->source-1 "723" 21:49:06.005784605
[2023-06-27T21:49:08Z INFO  dt_instance] received at 2023-06-27 21:49:08.513147902 UTC - from mc-9->source-1 "728" 21:49:08.511990174
[2023-06-27T21:49:11Z INFO  dt_instance] received at 2023-06-27 21:49:11.017996318 UTC - from mc-9->source-1 "733" 21:49:11.017473397
[2023-06-27T21:49:13Z INFO  dt_instance] received at 2023-06-27 21:49:13.524483787 UTC - from mc-9->source-1 "738" 21:49:13.523494459
[2023-06-27T21:49:16Z INFO  dt_instance] received at 2023-06-27 21:49:16.031049721 UTC - from mc-9->source-1 "743" 21:49:16.028010959
[2023-06-27T21:49:18Z INFO  dt_instance] received at 2023-06-27 21:49:18.534400055 UTC - from mc-9->source-1 "748" 21:49:18.533385225
[2023-06-27T21:49:21Z INFO  dt_instance] received at 2023-06-27 21:49:21.038934647 UTC - from mc-9->source-1 "753" 21:49:21.038152562
[2023-06-27T21:49:23Z INFO  dt_instance] received at 2023-06-27 21:49:23.544430882 UTC - from mc-9->source-1 "758" 21:49:23.543575312
[2023-06-27T21:49:26Z INFO  dt_instance] received at 2023-06-27 21:49:26.050126391 UTC - from mc-9->source-1 "763" 21:49:26.049177541
[2023-06-27T21:49:28Z INFO  dt_instance] received at 2023-06-27 21:49:28.557972800 UTC - from mc-9->source-1 "768" 21:49:28.553666473
[2023-06-27T21:49:31Z INFO  dt_instance] received at 2023-06-27 21:49:31.063142257 UTC - from mc-9->source-3 "768" 21:49:31.060202004
[2023-06-27T21:49:33Z INFO  dt_instance] received at 2023-06-27 21:49:33.567962095 UTC - from mc-9->source-1 "778" 21:49:33.566561046
[2023-06-27T21:49:36Z INFO  dt_instance] received at 2023-06-27 21:49:36.073261435 UTC - from mc-9->source-3 "778" 21:49:36.071884484
[2023-06-27T21:49:38Z INFO  dt_instance] received at 2023-06-27 21:49:38.579276039 UTC - from mc-9->source-3 "783" 21:49:38.578027591
[2023-06-27T21:49:41Z INFO  dt_instance] received at 2023-06-27 21:49:41.084463128 UTC - from mc-9->source-3 "788" 21:49:41.083617477
[2023-06-27T21:49:43Z INFO  dt_instance] received at 2023-06-27 21:49:43.594054376 UTC - from mc-9->source-1 "798" 21:49:43.591525015
[2023-06-27T21:49:46Z INFO  dt_instance] received at 2023-06-27 21:49:46.098310564 UTC - from mc-9->source-1 "803" 21:49:46.095915571
[2023-06-27T21:49:48Z INFO  dt_instance] received at 2023-06-27 21:49:48.604377427 UTC - from mc-9->source-1 "808" 21:49:48.603441572
[2023-06-27T21:49:51Z INFO  dt_instance] received at 2023-06-27 21:49:51.110879958 UTC - from mc-9->source-1 "813" 21:49:51.108158594
[2023-06-27T21:49:53Z INFO  dt_instance] received at 2023-06-27 21:49:53.616509954 UTC - from mc-9->source-1 "818" 21:49:53.614031611
[2023-06-27T21:49:56Z INFO  dt_instance] received at 2023-06-27 21:49:56.122786345 UTC - from mc-9->source-3 "818" 21:49:56.120048274
[2023-06-27T21:49:58Z INFO  dt_instance] received at 2023-06-27 21:49:58.629051204 UTC - from mc-9->source-1 "828" 21:49:58.625719688
[2023-06-27T21:50:01Z INFO  dt_instance] received at 2023-06-27 21:50:01.134220104 UTC - from mc-9->source-3 "828" 21:50:01.131693168
[2023-06-27T21:50:03Z INFO  dt_instance] received at 2023-06-27 21:50:03.639695378 UTC - from mc-9->source-1 "838" 21:50:03.637467070
[2023-06-27T21:50:06Z INFO  dt_instance] received at 2023-06-27 21:50:06.143660696 UTC - from mc-9->source-3 "838" 21:50:06.142880180
[2023-06-27T21:50:08Z INFO  dt_instance] received at 2023-06-27 21:50:08.650442009 UTC - from mc-9->source-1 "848" 21:50:08.649519515
[2023-06-27T21:50:11Z INFO  dt_instance] received at 2023-06-27 21:50:11.157312236 UTC - from mc-9->source-1 "853" 21:50:11.155442012
[2023-06-27T21:50:13Z INFO  dt_instance] received at 2023-06-27 21:50:13.662790539 UTC - from mc-9->source-1 "858" 21:50:13.660569275
[2023-06-27T21:50:16Z INFO  dt_instance] received at 2023-06-27 21:50:16.167833309 UTC - from mc-9->source-3 "858" 21:50:16.166669950
[2023-06-27T21:50:18Z INFO  dt_instance] received at 2023-06-27 21:50:18.681039585 UTC - from mc-9->source-3 "863" 21:50:18.675605831
[2023-06-27T21:50:21Z INFO  dt_instance] received at 2023-06-27 21:50:21.182904897 UTC - from mc-9->source-3 "868" 21:50:21.181847623
[2023-06-27T21:50:23Z INFO  dt_instance] received at 2023-06-27 21:50:23.687725466 UTC - from mc-9->source-3 "873" 21:50:23.686617780
[2023-06-27T21:50:26Z INFO  dt_instance] received at 2023-06-27 21:50:26.194012420 UTC - from mc-9->source-3 "878" 21:50:26.192933323
[2023-06-27T21:50:28Z INFO  dt_instance] received at 2023-06-27 21:50:28.700870040 UTC - from mc-9->source-3 "883" 21:50:28.699539827
[2023-06-27T21:50:31Z INFO  dt_instance] received at 2023-06-27 21:50:31.205834845 UTC - from mc-9->source-3 "888" 21:50:31.204747478
[2023-06-27T21:50:33Z INFO  dt_instance] received at 2023-06-27 21:50:33.712305554 UTC - from mc-9->source-3 "893" 21:50:33.709649532
[2023-06-27T21:50:36Z INFO  dt_instance] received at 2023-06-27 21:50:36.216656403 UTC - from mc-9->source-3 "898" 21:50:36.215635483
[2023-06-27T21:50:38Z INFO  dt_instance] received at 2023-06-27 21:50:38.722882430 UTC - from mc-9->source-3 "903" 21:50:38.721740205
[2023-06-27T21:50:41Z INFO  dt_instance] received at 2023-06-27 21:50:41.228489474 UTC - from mc-9->source-3 "908" 21:50:41.227508504
[2023-06-27T21:50:43Z INFO  dt_instance] received at 2023-06-27 21:50:43.734042373 UTC - from mc-9->source-3 "913" 21:50:43.732668961
[2023-06-27T21:50:46Z INFO  dt_instance] received at 2023-06-27 21:50:46.239437062 UTC - from mc-9->source-3 "918" 21:50:46.238642385
[2023-06-27T21:50:48Z INFO  dt_instance] received at 2023-06-27 21:50:48.746898702 UTC - from mc-9->source-3 "923" 21:50:48.743823710
[2023-06-27T21:50:51Z INFO  dt_instance] received at 2023-06-27 21:50:51.261215590 UTC - from mc-9->source-1 "933" 21:50:51.260207964
[2023-06-27T21:50:53Z INFO  dt_instance] received at 2023-06-27 21:50:53.766407324 UTC - from mc-9->source-3 "933" 21:50:53.765087364
[2023-06-27T21:50:56Z INFO  dt_instance] received at 2023-06-27 21:50:56.271555147 UTC - from mc-9->source-3 "938" 21:50:56.270833582
[2023-06-27T21:50:58Z INFO  dt_instance] received at 2023-06-27 21:50:58.777732347 UTC - from mc-9->source-1 "948" 21:50:58.776027503
[2023-06-27T21:51:01Z INFO  dt_instance] received at 2023-06-27 21:51:01.283887595 UTC - from mc-9->source-1 "953" 21:51:01.281683303
[2023-06-27T21:51:03Z INFO  dt_instance] received at 2023-06-27 21:51:03.787884160 UTC - from mc-9->source-1 "958" 21:51:03.786935277
[2023-06-27T21:51:06Z INFO  dt_instance] received at 2023-06-27 21:51:06.293671966 UTC - from mc-9->source-3 "958" 21:51:06.291905383
[2023-06-27T21:51:08Z INFO  dt_instance] received at 2023-06-27 21:51:08.800173252 UTC - from mc-9->source-1 "968" 21:51:08.799030055
[2023-06-27T21:51:11Z INFO  dt_instance] received at 2023-06-27 21:51:11.306654094 UTC - from mc-9->source-1 "973" 21:51:11.305726551
[2023-06-27T21:51:13Z INFO  dt_instance] received at 2023-06-27 21:51:13.813485273 UTC - from mc-9->source-1 "978" 21:51:13.812049010
[2023-06-27T21:51:16Z INFO  dt_instance] received at 2023-06-27 21:51:16.319613722 UTC - from mc-9->source-1 "983" 21:51:16.318606290
[2023-06-27T21:51:18Z INFO  dt_instance] received at 2023-06-27 21:51:18.826541371 UTC - from mc-9->source-1 "988" 21:51:18.823645028
[2023-06-27T21:51:21Z INFO  dt_instance] received at 2023-06-27 21:51:21.331702256 UTC - from mc-9->source-1 "993" 21:51:21.329504951
[2023-06-27T21:51:24Z INFO  dt_instance] received at 2023-06-27 21:51:24.040891662 UTC - from mc-9->source-6 "986" 21:51:24.038759603
[2023-06-27T21:51:27Z INFO  dt_instance] received at 2023-06-27 21:51:27.306223933 UTC - from mc-9->source-5 "995" 21:51:27.305297222
[2023-06-27T21:51:34Z INFO  dt_instance] received at 2023-06-27 21:51:34.350149521 UTC - from mc-9->source-9 "999" 21:51:34.348086241
