[2023-06-23T19:53:46Z INFO  dt_instance] Current Twin: mc-twin-10
[2023-06-23T19:53:46Z INFO  dt_instance] Replica Name twin-mc-stateful-10
[2023-06-23T19:53:46Z INFO  dt_instance] Sleeping for 500
[2023-06-23T20:02:06Z INFO  dt_instance] Connecting to broker at emqx.dtwins:1883
[2023-06-23T20:02:06Z INFO  dt_instance] Loggin info each 50 messages
[2023-06-23T20:02:06Z INFO  dt_instance] Set max packet size to 60000 KB.
[2023-06-23T20:02:06Z INFO  dt_instance] Refreshing topics for twin - Listen to mc-10/#
[2023-06-23T20:02:06Z INFO  dt_instance] SubAck { pkid: 1, return_codes: [Success(ExactlyOnce)] }
[2023-06-23T20:03:11Z INFO  dt_instance] received at 2023-06-23 20:03:11.596260211 UTC - from mc-10->source-2 "9" 20:03:11.589940800
[2023-06-23T20:03:14Z INFO  dt_instance] received at 2023-06-23 20:03:14.848039541 UTC - from mc-10->source-3 "13" 20:03:14.844477902
[2023-06-23T20:03:17Z INFO  dt_instance] received at 2023-06-23 20:03:17.353805167 UTC - from mc-10->source-1 "23" 20:03:17.352466249
[2023-06-23T20:03:19Z INFO  dt_instance] received at 2023-06-23 20:03:19.862322247 UTC - from mc-10->source-1 "28" 20:03:19.859107145
[2023-06-23T20:03:22Z INFO  dt_instance] received at 2023-06-23 20:03:22.368521144 UTC - from mc-10->source-1 "33" 20:03:22.363592424
[2023-06-23T20:03:24Z INFO  dt_instance] received at 2023-06-23 20:03:24.871355687 UTC - from mc-10->source-1 "38" 20:03:24.869288559
[2023-06-23T20:03:27Z INFO  dt_instance] received at 2023-06-23 20:03:27.377833253 UTC - from mc-10->source-1 "43" 20:03:27.376233105
[2023-06-23T20:03:29Z INFO  dt_instance] received at 2023-06-23 20:03:29.884648780 UTC - from mc-10->source-3 "43" 20:03:29.882876424
[2023-06-23T20:03:32Z INFO  dt_instance] received at 2023-06-23 20:03:32.391481654 UTC - from mc-10->source-1 "53" 20:03:32.389965485
[2023-06-23T20:03:34Z INFO  dt_instance] received at 2023-06-23 20:03:34.898809365 UTC - from mc-10->source-1 "58" 20:03:34.894704646
[2023-06-23T20:03:37Z INFO  dt_instance] received at 2023-06-23 20:03:37.409121309 UTC - from mc-10->source-1 "63" 20:03:37.401728812
[2023-06-23T20:03:39Z INFO  dt_instance] received at 2023-06-23 20:03:39.911871857 UTC - from mc-10->source-1 "68" 20:03:39.906635267
[2023-06-23T20:03:42Z INFO  dt_instance] received at 2023-06-23 20:03:42.414036095 UTC - from mc-10->source-3 "68" 20:03:42.412582943
[2023-06-23T20:03:44Z INFO  dt_instance] received at 2023-06-23 20:03:44.920742227 UTC - from mc-10->source-3 "73" 20:03:44.918904710
[2023-06-23T20:03:47Z INFO  dt_instance] received at 2023-06-23 20:03:47.427737851 UTC - from mc-10->source-3 "78" 20:03:47.426255578
[2023-06-23T20:03:49Z INFO  dt_instance] received at 2023-06-23 20:03:49.935218866 UTC - from mc-10->source-3 "83" 20:03:49.933122249
[2023-06-23T20:03:52Z INFO  dt_instance] received at 2023-06-23 20:03:52.443598429 UTC - from mc-10->source-1 "93" 20:03:52.441142235
[2023-06-23T20:03:54Z INFO  dt_instance] received at 2023-06-23 20:03:54.948245515 UTC - from mc-10->source-1 "98" 20:03:54.945799621
[2023-06-23T20:03:57Z INFO  dt_instance] received at 2023-06-23 20:03:57.453414074 UTC - from mc-10->source-3 "98" 20:03:57.452564141
[2023-06-23T20:03:59Z INFO  dt_instance] received at 2023-06-23 20:03:59.961576952 UTC - from mc-10->source-3 "103" 20:03:59.958377428
[2023-06-23T20:04:02Z INFO  dt_instance] received at 2023-06-23 20:04:02.468157657 UTC - from mc-10->source-3 "108" 20:04:02.466324856
[2023-06-23T20:04:04Z INFO  dt_instance] received at 2023-06-23 20:04:04.975307464 UTC - from mc-10->source-3 "113" 20:04:04.972269697
[2023-06-23T20:04:07Z INFO  dt_instance] received at 2023-06-23 20:04:07.479437669 UTC - from mc-10->source-3 "118" 20:04:07.477742402
[2023-06-23T20:04:09Z INFO  dt_instance] received at 2023-06-23 20:04:09.985143490 UTC - from mc-10->source-3 "123" 20:04:09.983743834
[2023-06-23T20:04:12Z INFO  dt_instance] received at 2023-06-23 20:04:12.496782738 UTC - from mc-10->source-3 "128" 20:04:12.488801096
[2023-06-23T20:04:14Z INFO  dt_instance] received at 2023-06-23 20:04:14.997598427 UTC - from mc-10->source-3 "133" 20:04:14.995331633
[2023-06-23T20:04:17Z INFO  dt_instance] received at 2023-06-23 20:04:17.504351039 UTC - from mc-10->source-3 "138" 20:04:17.501710395
[2023-06-23T20:04:20Z INFO  dt_instance] received at 2023-06-23 20:04:20.011719597 UTC - from mc-10->source-3 "143" 20:04:20.009788647
[2023-06-23T20:04:22Z INFO  dt_instance] received at 2023-06-23 20:04:22.516979462 UTC - from mc-10->source-3 "148" 20:04:22.515325385
[2023-06-23T20:04:25Z INFO  dt_instance] received at 2023-06-23 20:04:25.022174097 UTC - from mc-10->source-3 "153" 20:04:25.021263365
[2023-06-23T20:04:27Z INFO  dt_instance] received at 2023-06-23 20:04:27.531078244 UTC - from mc-10->source-3 "158" 20:04:27.526440625
[2023-06-23T20:04:30Z INFO  dt_instance] received at 2023-06-23 20:04:30.032538159 UTC - from mc-10->source-3 "163" 20:04:30.031551051
[2023-06-23T20:04:32Z INFO  dt_instance] received at 2023-06-23 20:04:32.537815700 UTC - from mc-10->source-3 "168" 20:04:32.536664221
[2023-06-23T20:04:35Z INFO  dt_instance] received at 2023-06-23 20:04:35.050869891 UTC - from mc-10->source-3 "173" 20:04:35.044525310
[2023-06-23T20:04:37Z INFO  dt_instance] received at 2023-06-23 20:04:37.551799118 UTC - from mc-10->source-3 "178" 20:04:37.549952960
[2023-06-23T20:04:40Z INFO  dt_instance] received at 2023-06-23 20:04:40.055760402 UTC - from mc-10->source-3 "183" 20:04:40.054460689
[2023-06-23T20:04:42Z INFO  dt_instance] received at 2023-06-23 20:04:42.562137134 UTC - from mc-10->source-3 "188" 20:04:42.560851720
[2023-06-23T20:04:45Z INFO  dt_instance] received at 2023-06-23 20:04:45.069091457 UTC - from mc-10->source-3 "193" 20:04:45.068101565
[2023-06-23T20:04:47Z INFO  dt_instance] received at 2023-06-23 20:04:47.577370217 UTC - from mc-10->source-3 "198" 20:04:47.573960161
[2023-06-23T20:04:50Z INFO  dt_instance] received at 2023-06-23 20:04:50.081477010 UTC - from mc-10->source-3 "203" 20:04:50.080368286
[2023-06-23T20:04:52Z INFO  dt_instance] received at 2023-06-23 20:04:52.589475720 UTC - from mc-10->source-3 "208" 20:04:52.588080418
[2023-06-23T20:04:55Z INFO  dt_instance] received at 2023-06-23 20:04:55.098939112 UTC - from mc-10->source-3 "213" 20:04:55.093608018
[2023-06-23T20:04:57Z INFO  dt_instance] received at 2023-06-23 20:04:57.599905359 UTC - from mc-10->source-3 "218" 20:04:57.598610077
[2023-06-23T20:05:00Z INFO  dt_instance] received at 2023-06-23 20:05:00.111612844 UTC - from mc-10->source-3 "223" 20:05:00.105106154
[2023-06-23T20:05:02Z INFO  dt_instance] received at 2023-06-23 20:05:02.610707038 UTC - from mc-10->source-3 "228" 20:05:02.609653540
[2023-06-23T20:05:05Z INFO  dt_instance] received at 2023-06-23 20:05:05.121281566 UTC - from mc-10->source-3 "233" 20:05:05.118182952
[2023-06-23T20:05:07Z INFO  dt_instance] received at 2023-06-23 20:05:07.624731163 UTC - from mc-10->source-3 "238" 20:05:07.623314690
[2023-06-23T20:05:10Z INFO  dt_instance] received at 2023-06-23 20:05:10.137749128 UTC - from mc-10->source-3 "243" 20:05:10.130562190
[2023-06-23T20:05:12Z INFO  dt_instance] received at 2023-06-23 20:05:12.638317954 UTC - from mc-10->source-3 "248" 20:05:12.636962329
[2023-06-23T20:05:15Z INFO  dt_instance] received at 2023-06-23 20:05:15.144892303 UTC - from mc-10->source-3 "253" 20:05:15.144052598
[2023-06-23T20:05:17Z INFO  dt_instance] received at 2023-06-23 20:05:17.649383939 UTC - from mc-10->source-3 "258" 20:05:17.648666010
[2023-06-23T20:05:20Z INFO  dt_instance] received at 2023-06-23 20:05:20.158779062 UTC - from mc-10->source-3 "263" 20:05:20.154526493
[2023-06-23T20:05:22Z INFO  dt_instance] received at 2023-06-23 20:05:22.660679103 UTC - from mc-10->source-3 "268" 20:05:22.659554751
[2023-06-23T20:05:25Z INFO  dt_instance] received at 2023-06-23 20:05:25.165583112 UTC - from mc-10->source-3 "273" 20:05:25.164431810
[2023-06-23T20:05:27Z INFO  dt_instance] received at 2023-06-23 20:05:27.670792007 UTC - from mc-10->source-3 "278" 20:05:27.669590344
[2023-06-23T20:05:30Z INFO  dt_instance] received at 2023-06-23 20:05:30.177837567 UTC - from mc-10->source-3 "283" 20:05:30.175294153
[2023-06-23T20:05:32Z INFO  dt_instance] received at 2023-06-23 20:05:32.682864038 UTC - from mc-10->source-3 "288" 20:05:32.680538711
[2023-06-23T20:05:35Z INFO  dt_instance] received at 2023-06-23 20:05:35.187141549 UTC - from mc-10->source-3 "293" 20:05:35.185583085
[2023-06-23T20:05:37Z INFO  dt_instance] received at 2023-06-23 20:05:37.698742809 UTC - from mc-10->source-3 "298" 20:05:37.691417220
[2023-06-23T20:05:40Z INFO  dt_instance] received at 2023-06-23 20:05:40.199467765 UTC - from mc-10->source-3 "303" 20:05:40.198409294
[2023-06-23T20:05:42Z INFO  dt_instance] received at 2023-06-23 20:05:42.708529528 UTC - from mc-10->source-3 "308" 20:05:42.703703635
[2023-06-23T20:05:45Z INFO  dt_instance] received at 2023-06-23 20:05:45.211478658 UTC - from mc-10->source-3 "313" 20:05:45.209235908
[2023-06-23T20:05:47Z INFO  dt_instance] received at 2023-06-23 20:05:47.719135184 UTC - from mc-10->source-3 "318" 20:05:47.715741520
[2023-06-23T20:05:50Z INFO  dt_instance] received at 2023-06-23 20:05:50.222765571 UTC - from mc-10->source-3 "323" 20:05:50.220827361
[2023-06-23T20:05:52Z INFO  dt_instance] received at 2023-06-23 20:05:52.733159960 UTC - from mc-10->source-3 "328" 20:05:52.725651132
[2023-06-23T20:05:55Z INFO  dt_instance] received at 2023-06-23 20:05:55.236175510 UTC - from mc-10->source-1 "338" 20:05:55.213478305
[2023-06-23T20:05:57Z INFO  dt_instance] received at 2023-06-23 20:05:57.739167456 UTC - from mc-10->source-3 "338" 20:05:57.738234258
[2023-06-23T20:06:00Z INFO  dt_instance] received at 2023-06-23 20:06:00.245260746 UTC - from mc-10->source-3 "343" 20:06:00.244005507
[2023-06-23T20:06:02Z INFO  dt_instance] received at 2023-06-23 20:06:02.757417157 UTC - from mc-10->source-3 "348" 20:06:02.749211736
[2023-06-23T20:06:05Z INFO  dt_instance] received at 2023-06-23 20:06:05.256256071 UTC - from mc-10->source-3 "353" 20:06:05.255022348
[2023-06-23T20:06:07Z INFO  dt_instance] received at 2023-06-23 20:06:07.761646019 UTC - from mc-10->source-3 "358" 20:06:07.760435024
[2023-06-23T20:06:10Z INFO  dt_instance] received at 2023-06-23 20:06:10.268971029 UTC - from mc-10->source-3 "363" 20:06:10.267759718
[2023-06-23T20:06:12Z INFO  dt_instance] received at 2023-06-23 20:06:12.775864836 UTC - from mc-10->source-3 "368" 20:06:12.774767547
[2023-06-23T20:06:15Z INFO  dt_instance] received at 2023-06-23 20:06:15.283609369 UTC - from mc-10->source-3 "373" 20:06:15.280550773
[2023-06-23T20:06:17Z INFO  dt_instance] received at 2023-06-23 20:06:17.789393903 UTC - from mc-10->source-3 "378" 20:06:17.786994978
[2023-06-23T20:06:20Z INFO  dt_instance] received at 2023-06-23 20:06:20.295585903 UTC - from mc-10->source-3 "383" 20:06:20.294430650
[2023-06-23T20:06:22Z INFO  dt_instance] received at 2023-06-23 20:06:22.802252833 UTC - from mc-10->source-3 "388" 20:06:22.801042065
[2023-06-23T20:06:25Z INFO  dt_instance] received at 2023-06-23 20:06:25.307182272 UTC - from mc-10->source-3 "393" 20:06:25.306005792
[2023-06-23T20:06:27Z INFO  dt_instance] received at 2023-06-23 20:06:27.823357895 UTC - from mc-10->source-3 "398" 20:06:27.812605977
[2023-06-23T20:06:30Z INFO  dt_instance] received at 2023-06-23 20:06:30.319944703 UTC - from mc-10->source-3 "403" 20:06:30.318479887
[2023-06-23T20:06:32Z INFO  dt_instance] received at 2023-06-23 20:06:32.826667139 UTC - from mc-10->source-3 "408" 20:06:32.825380864
[2023-06-23T20:06:35Z INFO  dt_instance] received at 2023-06-23 20:06:35.334662501 UTC - from mc-10->source-3 "413" 20:06:35.333525261
[2023-06-23T20:06:37Z INFO  dt_instance] received at 2023-06-23 20:06:37.842799787 UTC - from mc-10->source-3 "418" 20:06:37.841390014
[2023-06-23T20:06:40Z INFO  dt_instance] received at 2023-06-23 20:06:40.359085769 UTC - from mc-10->source-3 "423" 20:06:40.346915630
[2023-06-23T20:06:42Z INFO  dt_instance] received at 2023-06-23 20:06:42.855648391 UTC - from mc-10->source-3 "428" 20:06:42.854539217
[2023-06-23T20:06:45Z INFO  dt_instance] received at 2023-06-23 20:06:45.372146650 UTC - from mc-10->source-3 "433" 20:06:45.361304083
[2023-06-23T20:06:47Z INFO  dt_instance] received at 2023-06-23 20:06:47.869290040 UTC - from mc-10->source-3 "438" 20:06:47.868235916
[2023-06-23T20:06:50Z INFO  dt_instance] received at 2023-06-23 20:06:50.378938792 UTC - from mc-10->source-3 "443" 20:06:50.373577198
[2023-06-23T20:06:52Z INFO  dt_instance] received at 2023-06-23 20:06:52.882062367 UTC - from mc-10->source-3 "448" 20:06:52.879442276
[2023-06-23T20:06:55Z INFO  dt_instance] received at 2023-06-23 20:06:55.387426869 UTC - from mc-10->source-3 "453" 20:06:55.385943837
[2023-06-23T20:06:57Z INFO  dt_instance] received at 2023-06-23 20:06:57.895398513 UTC - from mc-10->source-3 "458" 20:06:57.891569310
[2023-06-23T20:07:00Z INFO  dt_instance] received at 2023-06-23 20:07:00.403155828 UTC - from mc-10->source-3 "463" 20:07:00.397111950
[2023-06-23T20:07:02Z INFO  dt_instance] received at 2023-06-23 20:07:02.902438924 UTC - from mc-10->source-3 "468" 20:07:02.901470165
[2023-06-23T20:07:05Z INFO  dt_instance] received at 2023-06-23 20:07:05.407751036 UTC - from mc-10->source-3 "473" 20:07:05.406758707
[2023-06-23T20:07:07Z INFO  dt_instance] received at 2023-06-23 20:07:07.914141106 UTC - from mc-10->source-3 "478" 20:07:07.912723760
[2023-06-23T20:07:10Z INFO  dt_instance] received at 2023-06-23 20:07:10.421212075 UTC - from mc-10->source-3 "483" 20:07:10.418932222
[2023-06-23T20:07:12Z INFO  dt_instance] received at 2023-06-23 20:07:12.927889265 UTC - from mc-10->source-3 "488" 20:07:12.926269110
[2023-06-23T20:07:15Z INFO  dt_instance] received at 2023-06-23 20:07:15.442353379 UTC - from mc-10->source-3 "493" 20:07:15.432803394
[2023-06-23T20:07:17Z INFO  dt_instance] received at 2023-06-23 20:07:17.943279080 UTC - from mc-10->source-3 "498" 20:07:17.938776447
[2023-06-23T20:07:20Z INFO  dt_instance] received at 2023-06-23 20:07:20.445946350 UTC - from mc-10->source-3 "503" 20:07:20.444400437
[2023-06-23T20:07:22Z INFO  dt_instance] received at 2023-06-23 20:07:22.954302412 UTC - from mc-10->source-3 "508" 20:07:22.953120893
[2023-06-23T20:07:25Z INFO  dt_instance] received at 2023-06-23 20:07:25.459980416 UTC - from mc-10->source-3 "513" 20:07:25.458751979
[2023-06-23T20:07:27Z INFO  dt_instance] received at 2023-06-23 20:07:27.965262067 UTC - from mc-10->source-3 "518" 20:07:27.963904803
[2023-06-23T20:07:30Z INFO  dt_instance] received at 2023-06-23 20:07:30.486213488 UTC - from mc-10->source-3 "523" 20:07:30.469233459
[2023-06-23T20:07:32Z INFO  dt_instance] received at 2023-06-23 20:07:32.975771875 UTC - from mc-10->source-3 "528" 20:07:32.974100950
[2023-06-23T20:07:35Z INFO  dt_instance] received at 2023-06-23 20:07:35.485790422 UTC - from mc-10->source-3 "533" 20:07:35.478748157
[2023-06-23T20:07:37Z INFO  dt_instance] received at 2023-06-23 20:07:37.985868455 UTC - from mc-10->source-3 "538" 20:07:37.984495848
[2023-06-23T20:07:40Z INFO  dt_instance] received at 2023-06-23 20:07:40.496384562 UTC - from mc-10->source-3 "543" 20:07:40.490096153
[2023-06-23T20:07:42Z INFO  dt_instance] received at 2023-06-23 20:07:42.999699680 UTC - from mc-10->source-3 "548" 20:07:42.997995922
[2023-06-23T20:07:45Z INFO  dt_instance] received at 2023-06-23 20:07:45.515559365 UTC - from mc-10->source-3 "553" 20:07:45.508483753
[2023-06-23T20:07:48Z INFO  dt_instance] received at 2023-06-23 20:07:48.017622300 UTC - from mc-10->source-3 "558" 20:07:48.016138519
[2023-06-23T20:07:50Z INFO  dt_instance] received at 2023-06-23 20:07:50.522444145 UTC - from mc-10->source-3 "563" 20:07:50.521410306
[2023-06-23T20:07:53Z INFO  dt_instance] received at 2023-06-23 20:07:53.029341366 UTC - from mc-10->source-3 "568" 20:07:53.026833773
[2023-06-23T20:07:55Z INFO  dt_instance] received at 2023-06-23 20:07:55.534098366 UTC - from mc-10->source-3 "573" 20:07:55.532664832
[2023-06-23T20:07:58Z INFO  dt_instance] received at 2023-06-23 20:07:58.043444307 UTC - from mc-10->source-3 "578" 20:07:58.038958760
[2023-06-23T20:08:00Z INFO  dt_instance] received at 2023-06-23 20:08:00.547305158 UTC - from mc-10->source-3 "583" 20:08:00.544022737
[2023-06-23T20:08:03Z INFO  dt_instance] received at 2023-06-23 20:08:03.067074928 UTC - from mc-10->source-3 "588" 20:08:03.050043380
[2023-06-23T20:08:05Z INFO  dt_instance] received at 2023-06-23 20:08:05.560974311 UTC - from mc-10->source-3 "593" 20:08:05.555562351
[2023-06-23T20:08:08Z INFO  dt_instance] received at 2023-06-23 20:08:08.064579881 UTC - from mc-10->source-3 "598" 20:08:08.061208368
[2023-06-23T20:08:10Z INFO  dt_instance] received at 2023-06-23 20:08:10.566371204 UTC - from mc-10->source-3 "603" 20:08:10.565434861
[2023-06-23T20:08:13Z INFO  dt_instance] received at 2023-06-23 20:08:13.078817372 UTC - from mc-10->source-3 "608" 20:08:13.071040314
[2023-06-23T20:08:15Z INFO  dt_instance] received at 2023-06-23 20:08:15.590636596 UTC - from mc-10->source-1 "618" 20:08:15.550144324
[2023-06-23T20:08:18Z INFO  dt_instance] received at 2023-06-23 20:08:18.089052650 UTC - from mc-10->source-3 "618" 20:08:18.082108303
[2023-06-23T20:08:20Z INFO  dt_instance] received at 2023-06-23 20:08:20.590610910 UTC - from mc-10->source-3 "623" 20:08:20.589259485
[2023-06-23T20:08:23Z INFO  dt_instance] received at 2023-06-23 20:08:23.096854484 UTC - from mc-10->source-3 "628" 20:08:23.094076825
[2023-06-23T20:08:25Z INFO  dt_instance] received at 2023-06-23 20:08:25.612357139 UTC - from mc-10->source-3 "633" 20:08:25.601101676
[2023-06-23T20:08:28Z INFO  dt_instance] received at 2023-06-23 20:08:28.107402534 UTC - from mc-10->source-3 "638" 20:08:28.105853801
[2023-06-23T20:08:30Z INFO  dt_instance] received at 2023-06-23 20:08:30.612416795 UTC - from mc-10->source-3 "643" 20:08:30.611373824
[2023-06-23T20:08:33Z INFO  dt_instance] received at 2023-06-23 20:08:33.122681446 UTC - from mc-10->source-3 "648" 20:08:33.116560334
[2023-06-23T20:08:35Z INFO  dt_instance] received at 2023-06-23 20:08:35.634671800 UTC - from mc-10->source-3 "653" 20:08:35.622357037
[2023-06-23T20:08:38Z INFO  dt_instance] received at 2023-06-23 20:08:38.134001588 UTC - from mc-10->source-3 "658" 20:08:38.129870090
[2023-06-23T20:08:40Z INFO  dt_instance] received at 2023-06-23 20:08:40.637788579 UTC - from mc-10->source-3 "663" 20:08:40.636508616
[2023-06-23T20:08:43Z INFO  dt_instance] received at 2023-06-23 20:08:43.146364402 UTC - from mc-10->source-3 "668" 20:08:43.142753438
[2023-06-23T20:08:45Z INFO  dt_instance] received at 2023-06-23 20:08:45.657679954 UTC - from mc-10->source-3 "673" 20:08:45.647860139
[2023-06-23T20:08:48Z INFO  dt_instance] received at 2023-06-23 20:08:48.158055346 UTC - from mc-10->source-3 "678" 20:08:48.153381755
[2023-06-23T20:08:50Z INFO  dt_instance] received at 2023-06-23 20:08:50.660086707 UTC - from mc-10->source-3 "683" 20:08:50.659168116
[2023-06-23T20:08:53Z INFO  dt_instance] received at 2023-06-23 20:08:53.168569237 UTC - from mc-10->source-3 "688" 20:08:53.165372005
[2023-06-23T20:08:55Z INFO  dt_instance] received at 2023-06-23 20:08:55.681305104 UTC - from mc-10->source-3 "693" 20:08:55.671427502
[2023-06-23T20:08:58Z INFO  dt_instance] received at 2023-06-23 20:08:58.189758641 UTC - from mc-10->source-3 "698" 20:08:58.178149898
[2023-06-23T20:09:00Z INFO  dt_instance] received at 2023-06-23 20:09:00.684649924 UTC - from mc-10->source-3 "703" 20:09:00.683981958
[2023-06-23T20:09:03Z INFO  dt_instance] received at 2023-06-23 20:09:03.194529071 UTC - from mc-10->source-3 "708" 20:09:03.190343302
[2023-06-23T20:09:05Z INFO  dt_instance] received at 2023-06-23 20:09:05.699154027 UTC - from mc-10->source-3 "713" 20:09:05.698137720
[2023-06-23T20:09:08Z INFO  dt_instance] received at 2023-06-23 20:09:08.205712379 UTC - from mc-10->source-3 "718" 20:09:08.204012091
[2023-06-23T20:09:10Z INFO  dt_instance] received at 2023-06-23 20:09:10.716317297 UTC - from mc-10->source-3 "723" 20:09:10.710215745
[2023-06-23T20:09:13Z INFO  dt_instance] received at 2023-06-23 20:09:13.215930467 UTC - from mc-10->source-3 "728" 20:09:13.214930410
[2023-06-23T20:09:15Z INFO  dt_instance] received at 2023-06-23 20:09:15.724166655 UTC - from mc-10->source-3 "733" 20:09:15.722198821
[2023-06-23T20:09:18Z INFO  dt_instance] received at 2023-06-23 20:09:18.228758484 UTC - from mc-10->source-3 "738" 20:09:18.226995882
[2023-06-23T20:09:20Z INFO  dt_instance] received at 2023-06-23 20:09:20.737511953 UTC - from mc-10->source-3 "743" 20:09:20.732331057
[2023-06-23T20:09:23Z INFO  dt_instance] received at 2023-06-23 20:09:23.242379819 UTC - from mc-10->source-3 "748" 20:09:23.241030260
[2023-06-23T20:09:25Z INFO  dt_instance] received at 2023-06-23 20:09:25.750774816 UTC - from mc-10->source-3 "753" 20:09:25.746749612
[2023-06-23T20:09:28Z INFO  dt_instance] received at 2023-06-23 20:09:28.262524622 UTC - from mc-10->source-3 "758" 20:09:28.252346362
[2023-06-23T20:09:30Z INFO  dt_instance] received at 2023-06-23 20:09:30.758550942 UTC - from mc-10->source-3 "763" 20:09:30.757507154
[2023-06-23T20:09:33Z INFO  dt_instance] received at 2023-06-23 20:09:33.266412293 UTC - from mc-10->source-3 "768" 20:09:33.264041116
[2023-06-23T20:09:35Z INFO  dt_instance] received at 2023-06-23 20:09:35.771453275 UTC - from mc-10->source-3 "773" 20:09:35.770335699
[2023-06-23T20:09:38Z INFO  dt_instance] received at 2023-06-23 20:09:38.324793698 UTC - from mc-10->source-1 "783" 20:09:38.251634769
[2023-06-23T20:09:40Z INFO  dt_instance] received at 2023-06-23 20:09:40.794506938 UTC - from mc-10->source-3 "783" 20:09:40.783290307
[2023-06-23T20:09:43Z INFO  dt_instance] received at 2023-06-23 20:09:43.290913191 UTC - from mc-10->source-3 "788" 20:09:43.289767995
[2023-06-23T20:09:45Z INFO  dt_instance] received at 2023-06-23 20:09:45.800039204 UTC - from mc-10->source-3 "793" 20:09:45.796913790
[2023-06-23T20:09:48Z INFO  dt_instance] received at 2023-06-23 20:09:48.303447956 UTC - from mc-10->source-3 "798" 20:09:48.301387338
[2023-06-23T20:09:50Z INFO  dt_instance] received at 2023-06-23 20:09:50.831440896 UTC - from mc-10->source-9 "788" 20:09:50.779492088
[2023-06-23T20:09:53Z INFO  dt_instance] received at 2023-06-23 20:09:53.316883329 UTC - from mc-10->source-3 "808" 20:09:53.315350923
[2023-06-23T20:09:55Z INFO  dt_instance] received at 2023-06-23 20:09:55.821731287 UTC - from mc-10->source-3 "813" 20:09:55.820578071
[2023-06-23T20:09:58Z INFO  dt_instance] received at 2023-06-23 20:09:58.329328299 UTC - from mc-10->source-3 "818" 20:09:58.325599142
[2023-06-23T20:10:00Z INFO  dt_instance] received at 2023-06-23 20:10:00.835637575 UTC - from mc-10->source-3 "823" 20:10:00.830711871
[2023-06-23T20:10:03Z INFO  dt_instance] received at 2023-06-23 20:10:03.338169308 UTC - from mc-10->source-3 "828" 20:10:03.336254948
[2023-06-23T20:10:05Z INFO  dt_instance] received at 2023-06-23 20:10:05.844041273 UTC - from mc-10->source-3 "833" 20:10:05.841993496
[2023-06-23T20:10:08Z INFO  dt_instance] received at 2023-06-23 20:10:08.357373163 UTC - from mc-10->source-3 "838" 20:10:08.351020569
[2023-06-23T20:10:10Z INFO  dt_instance] received at 2023-06-23 20:10:10.861686634 UTC - from mc-10->source-3 "843" 20:10:10.855518595
[2023-06-23T20:10:13Z INFO  dt_instance] received at 2023-06-23 20:10:13.368732635 UTC - from mc-10->source-3 "848" 20:10:13.365922606
[2023-06-23T20:10:15Z INFO  dt_instance] received at 2023-06-23 20:10:15.873040059 UTC - from mc-10->source-3 "853" 20:10:15.871634242
[2023-06-23T20:10:18Z INFO  dt_instance] received at 2023-06-23 20:10:18.381891191 UTC - from mc-10->source-3 "858" 20:10:18.376722496
[2023-06-23T20:10:20Z INFO  dt_instance] received at 2023-06-23 20:10:20.897475940 UTC - from mc-10->source-3 "863" 20:10:20.882840388
[2023-06-23T20:10:23Z INFO  dt_instance] received at 2023-06-23 20:10:23.396361400 UTC - from mc-10->source-3 "868" 20:10:23.387979138
[2023-06-23T20:10:25Z INFO  dt_instance] received at 2023-06-23 20:10:25.894703698 UTC - from mc-10->source-3 "873" 20:10:25.893231675
[2023-06-23T20:10:28Z INFO  dt_instance] received at 2023-06-23 20:10:28.399630183 UTC - from mc-10->source-3 "878" 20:10:28.397583637
[2023-06-23T20:10:30Z INFO  dt_instance] received at 2023-06-23 20:10:30.918709377 UTC - from mc-10->source-3 "883" 20:10:30.904325777
[2023-06-23T20:10:33Z INFO  dt_instance] received at 2023-06-23 20:10:33.411103231 UTC - from mc-10->source-3 "888" 20:10:33.409593073
[2023-06-23T20:10:35Z INFO  dt_instance] received at 2023-06-23 20:10:35.915857929 UTC - from mc-10->source-3 "893" 20:10:35.914713913
[2023-06-23T20:10:38Z INFO  dt_instance] received at 2023-06-23 20:10:38.423084130 UTC - from mc-10->source-3 "898" 20:10:38.421671097
[2023-06-23T20:10:40Z INFO  dt_instance] received at 2023-06-23 20:10:40.932814720 UTC - from mc-10->source-3 "903" 20:10:40.927630834
[2023-06-23T20:10:43Z INFO  dt_instance] received at 2023-06-23 20:10:43.441751009 UTC - from mc-10->source-3 "908" 20:10:43.432757459
[2023-06-23T20:10:45Z INFO  dt_instance] received at 2023-06-23 20:10:45.940791471 UTC - from mc-10->source-3 "913" 20:10:45.937547247
[2023-06-23T20:10:48Z INFO  dt_instance] received at 2023-06-23 20:10:48.446513075 UTC - from mc-10->source-3 "918" 20:10:48.445362412
[2023-06-23T20:10:50Z INFO  dt_instance] received at 2023-06-23 20:10:50.955211978 UTC - from mc-10->source-3 "923" 20:10:50.950791930
[2023-06-23T20:10:53Z INFO  dt_instance] received at 2023-06-23 20:10:53.466583870 UTC - from mc-10->source-3 "928" 20:10:53.457716610
[2023-06-23T20:10:55Z INFO  dt_instance] received at 2023-06-23 20:10:55.965919594 UTC - from mc-10->source-3 "933" 20:10:55.963218045
[2023-06-23T20:10:58Z INFO  dt_instance] received at 2023-06-23 20:10:58.473007276 UTC - from mc-10->source-3 "938" 20:10:58.469371192
[2023-06-23T20:11:00Z INFO  dt_instance] received at 2023-06-23 20:11:00.977254653 UTC - from mc-10->source-3 "943" 20:11:00.975080164
[2023-06-23T20:11:03Z INFO  dt_instance] received at 2023-06-23 20:11:03.487509976 UTC - from mc-10->source-3 "948" 20:11:03.482342021
[2023-06-23T20:11:05Z INFO  dt_instance] received at 2023-06-23 20:11:05.999323321 UTC - from mc-10->source-1 "958" 20:11:05.978689325
[2023-06-23T20:11:08Z INFO  dt_instance] received at 2023-06-23 20:11:08.496611409 UTC - from mc-10->source-3 "958" 20:11:08.495370757
[2023-06-23T20:11:11Z INFO  dt_instance] received at 2023-06-23 20:11:11.003299846 UTC - from mc-10->source-3 "963" 20:11:11.001844213
[2023-06-23T20:11:13Z INFO  dt_instance] received at 2023-06-23 20:11:13.515869573 UTC - from mc-10->source-3 "968" 20:11:13.509111479
[2023-06-23T20:11:16Z INFO  dt_instance] received at 2023-06-23 20:11:16.032096098 UTC - from mc-10->source-1 "978" 20:11:16.003014396
[2023-06-23T20:11:18Z INFO  dt_instance] received at 2023-06-23 20:11:18.527457619 UTC - from mc-10->source-3 "978" 20:11:18.524367816
[2023-06-23T20:11:21Z INFO  dt_instance] received at 2023-06-23 20:11:21.031974067 UTC - from mc-10->source-3 "983" 20:11:21.030748157
[2023-06-23T20:11:23Z INFO  dt_instance] received at 2023-06-23 20:11:23.536911830 UTC - from mc-10->source-3 "988" 20:11:23.535670532
[2023-06-23T20:11:26Z INFO  dt_instance] received at 2023-06-23 20:11:26.257583561 UTC - from mc-10->source-6 "986" 20:11:26.255463792
[2023-06-23T20:11:29Z INFO  dt_instance] received at 2023-06-23 20:11:29.520927801 UTC - from mc-10->source-7 "990" 20:11:29.519976474
[2023-06-23T20:11:36Z INFO  dt_instance] received at 2023-06-23 20:11:36.560435755 UTC - from mc-10->source-9 "999" 20:11:36.556212861
