[2023-06-23T19:54:18Z INFO  dt_instance] Current Twin: mc-twin-18
[2023-06-23T19:54:18Z INFO  dt_instance] Replica Name twin-mc-stateful-18
[2023-06-23T19:54:18Z INFO  dt_instance] Sleeping for 900
[2023-06-23T20:09:18Z INFO  dt_instance] Connecting to broker at emqx.dtwins:1883
[2023-06-23T20:09:18Z INFO  dt_instance] Loggin info each 50 messages
[2023-06-23T20:09:18Z INFO  dt_instance] Set max packet size to 60000 KB.
[2023-06-23T20:09:18Z INFO  dt_instance] Refreshing topics for twin - Listen to mc-18/#
[2023-06-23T20:09:18Z INFO  dt_instance] SubAck { pkid: 1, return_codes: [Success(ExactlyOnce)] }
[2023-06-23T20:10:21Z INFO  dt_instance] received at 2023-06-23 20:10:21.575819088 UTC - from mc-18->source-2 "9" 20:10:21.574826919
[2023-06-23T20:10:24Z INFO  dt_instance] received at 2023-06-23 20:10:24.847165185 UTC - from mc-18->source-1 "18" 20:10:24.831473540
[2023-06-23T20:10:27Z INFO  dt_instance] received at 2023-06-23 20:10:27.357124615 UTC - from mc-18->source-3 "18" 20:10:27.330673904
[2023-06-23T20:10:29Z INFO  dt_instance] received at 2023-06-23 20:10:29.845394168 UTC - from mc-18->source-1 "28" 20:10:29.844154188
[2023-06-23T20:10:32Z INFO  dt_instance] received at 2023-06-23 20:10:32.352690964 UTC - from mc-18->source-1 "33" 20:10:32.350488463
[2023-06-23T20:10:34Z INFO  dt_instance] received at 2023-06-23 20:10:34.871940184 UTC - from mc-18->source-1 "38" 20:10:34.855355383
[2023-06-23T20:10:37Z INFO  dt_instance] received at 2023-06-23 20:10:37.381491845 UTC - from mc-18->source-3 "38" 20:10:37.352989990
[2023-06-23T20:10:39Z INFO  dt_instance] received at 2023-06-23 20:10:39.866507353 UTC - from mc-18->source-1 "48" 20:10:39.865612406
[2023-06-23T20:10:42Z INFO  dt_instance] received at 2023-06-23 20:10:42.371733506 UTC - from mc-18->source-1 "53" 20:10:42.370423545
[2023-06-23T20:10:44Z INFO  dt_instance] received at 2023-06-23 20:10:44.876856499 UTC - from mc-18->source-1 "58" 20:10:44.875441181
[2023-06-23T20:10:47Z INFO  dt_instance] received at 2023-06-23 20:10:47.390559696 UTC - from mc-18->source-3 "58" 20:10:47.378601735
[2023-06-23T20:10:49Z INFO  dt_instance] received at 2023-06-23 20:10:49.888807648 UTC - from mc-18->source-3 "63" 20:10:49.886954261
[2023-06-23T20:10:52Z INFO  dt_instance] received at 2023-06-23 20:10:52.406361622 UTC - from mc-18->source-1 "73" 20:10:52.394121724
[2023-06-23T20:10:54Z INFO  dt_instance] received at 2023-06-23 20:10:54.902059927 UTC - from mc-18->source-5 "68" 20:10:54.901089804
[2023-06-23T20:10:57Z INFO  dt_instance] received at 2023-06-23 20:10:57.417097543 UTC - from mc-18->source-5 "73" 20:10:57.407637394
[2023-06-23T20:10:59Z INFO  dt_instance] received at 2023-06-23 20:10:59.913225581 UTC - from mc-18->source-1 "88" 20:10:59.912253381
[2023-06-23T20:11:02Z INFO  dt_instance] received at 2023-06-23 20:11:02.418710559 UTC - from mc-18->source-1 "93" 20:11:02.417198240
[2023-06-23T20:11:04Z INFO  dt_instance] received at 2023-06-23 20:11:04.925027859 UTC - from mc-18->source-5 "88" 20:11:04.924201411
[2023-06-23T20:11:07Z INFO  dt_instance] received at 2023-06-23 20:11:07.433238380 UTC - from mc-18->source-1 "103" 20:11:07.431119260
[2023-06-23T20:11:09Z INFO  dt_instance] received at 2023-06-23 20:11:09.946556197 UTC - from mc-18->source-3 "103" 20:11:09.934192200
[2023-06-23T20:11:12Z INFO  dt_instance] received at 2023-06-23 20:11:12.445216358 UTC - from mc-18->source-1 "113" 20:11:12.444059446
[2023-06-23T20:11:14Z INFO  dt_instance] received at 2023-06-23 20:11:14.952895847 UTC - from mc-18->source-1 "118" 20:11:14.949956523
[2023-06-23T20:11:17Z INFO  dt_instance] received at 2023-06-23 20:11:17.457837947 UTC - from mc-18->source-5 "113" 20:11:17.456086849
[2023-06-23T20:11:19Z INFO  dt_instance] received at 2023-06-23 20:11:19.966003719 UTC - from mc-18->source-3 "123" 20:11:19.956812081
[2023-06-23T20:11:22Z INFO  dt_instance] received at 2023-06-23 20:11:22.469146029 UTC - from mc-18->source-1 "133" 20:11:22.468147710
[2023-06-23T20:11:24Z INFO  dt_instance] received at 2023-06-23 20:11:24.975405013 UTC - from mc-18->source-1 "138" 20:11:24.974457189
[2023-06-23T20:11:27Z INFO  dt_instance] received at 2023-06-23 20:11:27.494317407 UTC - from mc-18->source-1 "143" 20:11:27.484153934
[2023-06-23T20:11:29Z INFO  dt_instance] received at 2023-06-23 20:11:29.992124741 UTC - from mc-18->source-1 "148" 20:11:29.991029108
[2023-06-23T20:11:32Z INFO  dt_instance] received at 2023-06-23 20:11:32.497453102 UTC - from mc-18->source-1 "153" 20:11:32.496420955
[2023-06-23T20:11:35Z INFO  dt_instance] received at 2023-06-23 20:11:35.002855500 UTC - from mc-18->source-1 "158" 20:11:35.001322514
[2023-06-23T20:11:37Z INFO  dt_instance] received at 2023-06-23 20:11:37.508695921 UTC - from mc-18->source-1 "163" 20:11:37.506692738
[2023-06-23T20:11:40Z INFO  dt_instance] received at 2023-06-23 20:11:40.014264752 UTC - from mc-18->source-1 "168" 20:11:40.012920476
[2023-06-23T20:11:42Z INFO  dt_instance] received at 2023-06-23 20:11:42.518942591 UTC - from mc-18->source-1 "173" 20:11:42.517870654
[2023-06-23T20:11:45Z INFO  dt_instance] received at 2023-06-23 20:11:45.024081499 UTC - from mc-18->source-1 "178" 20:11:45.023008285
[2023-06-23T20:11:47Z INFO  dt_instance] received at 2023-06-23 20:11:47.530644614 UTC - from mc-18->source-9 "163" 20:11:47.528272582
[2023-06-23T20:11:50Z INFO  dt_instance] received at 2023-06-23 20:11:50.039213111 UTC - from mc-18->source-1 "188" 20:11:50.038223436
[2023-06-23T20:11:52Z INFO  dt_instance] received at 2023-06-23 20:11:52.554554022 UTC - from mc-18->source-3 "188" 20:11:52.542694817
[2023-06-23T20:11:55Z INFO  dt_instance] received at 2023-06-23 20:11:55.064217649 UTC - from mc-18->source-3 "193" 20:11:55.048648624
[2023-06-23T20:11:57Z INFO  dt_instance] received at 2023-06-23 20:11:57.560223375 UTC - from mc-18->source-3 "198" 20:11:57.554896052
[2023-06-23T20:12:00Z INFO  dt_instance] received at 2023-06-23 20:12:00.066673776 UTC - from mc-18->source-3 "203" 20:12:00.063946301
[2023-06-23T20:12:02Z INFO  dt_instance] received at 2023-06-23 20:12:02.577259286 UTC - from mc-18->source-3 "208" 20:12:02.569095677
[2023-06-23T20:12:05Z INFO  dt_instance] received at 2023-06-23 20:12:05.082383985 UTC - from mc-18->source-3 "213" 20:12:05.076040729
[2023-06-23T20:12:07Z INFO  dt_instance] received at 2023-06-23 20:12:07.591209199 UTC - from mc-18->source-9 "203" 20:12:07.584014342
[2023-06-23T20:12:10Z INFO  dt_instance] received at 2023-06-23 20:12:10.089407462 UTC - from mc-18->source-9 "208" 20:12:10.088359044
[2023-06-23T20:12:12Z INFO  dt_instance] received at 2023-06-23 20:12:12.598410830 UTC - from mc-18->source-1 "233" 20:12:12.596788216
[2023-06-23T20:12:15Z INFO  dt_instance] received at 2023-06-23 20:12:15.107821253 UTC - from mc-18->source-1 "238" 20:12:15.103093349
[2023-06-23T20:12:17Z INFO  dt_instance] received at 2023-06-23 20:12:17.610542463 UTC - from mc-18->source-1 "243" 20:12:17.609145831
[2023-06-23T20:12:20Z INFO  dt_instance] received at 2023-06-23 20:12:20.117120121 UTC - from mc-18->source-5 "238" 20:12:20.115917837
[2023-06-23T20:12:22Z INFO  dt_instance] received at 2023-06-23 20:12:22.623268974 UTC - from mc-18->source-5 "243" 20:12:22.622181626
[2023-06-23T20:12:25Z INFO  dt_instance] received at 2023-06-23 20:12:25.131908408 UTC - from mc-18->source-1 "258" 20:12:25.129897071
[2023-06-23T20:12:27Z INFO  dt_instance] received at 2023-06-23 20:12:27.636878369 UTC - from mc-18->source-1 "263" 20:12:27.635426147
[2023-06-23T20:12:30Z INFO  dt_instance] received at 2023-06-23 20:12:30.145291714 UTC - from mc-18->source-1 "268" 20:12:30.141140943
[2023-06-23T20:12:32Z INFO  dt_instance] received at 2023-06-23 20:12:32.649507117 UTC - from mc-18->source-1 "273" 20:12:32.646727263
[2023-06-23T20:12:35Z INFO  dt_instance] received at 2023-06-23 20:12:35.154241936 UTC - from mc-18->source-1 "278" 20:12:35.151711808
[2023-06-23T20:12:37Z INFO  dt_instance] received at 2023-06-23 20:12:37.657569578 UTC - from mc-18->source-5 "273" 20:12:37.656321966
[2023-06-23T20:12:40Z INFO  dt_instance] received at 2023-06-23 20:12:40.166829888 UTC - from mc-18->source-5 "278" 20:12:40.162934318
[2023-06-23T20:12:42Z INFO  dt_instance] received at 2023-06-23 20:12:42.674315218 UTC - from mc-18->source-1 "293" 20:12:42.670131161
[2023-06-23T20:12:45Z INFO  dt_instance] received at 2023-06-23 20:12:45.177721622 UTC - from mc-18->source-5 "288" 20:12:45.176540283
[2023-06-23T20:12:47Z INFO  dt_instance] received at 2023-06-23 20:12:47.685317589 UTC - from mc-18->source-1 "303" 20:12:47.684147206
[2023-06-23T20:12:50Z INFO  dt_instance] received at 2023-06-23 20:12:50.193468387 UTC - from mc-18->source-5 "298" 20:12:50.190800731
[2023-06-23T20:12:52Z INFO  dt_instance] received at 2023-06-23 20:12:52.716026675 UTC - from mc-18->source-5 "303" 20:12:52.696409504
[2023-06-23T20:12:55Z INFO  dt_instance] received at 2023-06-23 20:12:55.204796985 UTC - from mc-18->source-1 "318" 20:12:55.203168842
[2023-06-23T20:12:57Z INFO  dt_instance] received at 2023-06-23 20:12:57.713078914 UTC - from mc-18->source-5 "313" 20:12:57.711055018
[2023-06-23T20:13:00Z INFO  dt_instance] received at 2023-06-23 20:13:00.225083301 UTC - from mc-18->source-3 "323" 20:13:00.203933222
[2023-06-23T20:13:02Z INFO  dt_instance] received at 2023-06-23 20:13:02.728239411 UTC - from mc-18->source-5 "323" 20:13:02.723569868
[2023-06-23T20:13:05Z INFO  dt_instance] received at 2023-06-23 20:13:05.231726141 UTC - from mc-18->source-5 "328" 20:13:05.230672857
[2023-06-23T20:13:07Z INFO  dt_instance] received at 2023-06-23 20:13:07.736781478 UTC - from mc-18->source-5 "333" 20:13:07.735591604
[2023-06-23T20:13:10Z INFO  dt_instance] received at 2023-06-23 20:13:10.243360553 UTC - from mc-18->source-5 "338" 20:13:10.241860515
[2023-06-23T20:13:12Z INFO  dt_instance] received at 2023-06-23 20:13:12.748241718 UTC - from mc-18->source-5 "343" 20:13:12.746336792
[2023-06-23T20:13:15Z INFO  dt_instance] received at 2023-06-23 20:13:15.253286573 UTC - from mc-18->source-1 "358" 20:13:15.252104481
[2023-06-23T20:13:17Z INFO  dt_instance] received at 2023-06-23 20:13:17.760014458 UTC - from mc-18->source-1 "363" 20:13:17.758933016
[2023-06-23T20:13:20Z INFO  dt_instance] received at 2023-06-23 20:13:20.265866884 UTC - from mc-18->source-5 "358" 20:13:20.264827632
[2023-06-23T20:13:22Z INFO  dt_instance] received at 2023-06-23 20:13:22.771767204 UTC - from mc-18->source-5 "363" 20:13:22.770082336
[2023-06-23T20:13:25Z INFO  dt_instance] received at 2023-06-23 20:13:25.276554460 UTC - from mc-18->source-1 "378" 20:13:25.275630572
[2023-06-23T20:13:27Z INFO  dt_instance] received at 2023-06-23 20:13:27.781554013 UTC - from mc-18->source-5 "373" 20:13:27.780833535
[2023-06-23T20:13:30Z INFO  dt_instance] received at 2023-06-23 20:13:30.288323724 UTC - from mc-18->source-5 "378" 20:13:30.286856086
[2023-06-23T20:13:32Z INFO  dt_instance] received at 2023-06-23 20:13:32.793899745 UTC - from mc-18->source-1 "393" 20:13:32.792481126
[2023-06-23T20:13:35Z INFO  dt_instance] received at 2023-06-23 20:13:35.301090112 UTC - from mc-18->source-5 "388" 20:13:35.299972527
[2023-06-23T20:13:37Z INFO  dt_instance] received at 2023-06-23 20:13:37.805561499 UTC - from mc-18->source-1 "403" 20:13:37.804606121
[2023-06-23T20:13:40Z INFO  dt_instance] received at 2023-06-23 20:13:40.312071322 UTC - from mc-18->source-1 "408" 20:13:40.310713059
[2023-06-23T20:13:42Z INFO  dt_instance] received at 2023-06-23 20:13:42.825116380 UTC - from mc-18->source-5 "403" 20:13:42.816184519
[2023-06-23T20:13:45Z INFO  dt_instance] received at 2023-06-23 20:13:45.322670354 UTC - from mc-18->source-5 "408" 20:13:45.321196714
[2023-06-23T20:13:47Z INFO  dt_instance] received at 2023-06-23 20:13:47.827948275 UTC - from mc-18->source-1 "423" 20:13:47.827022304
[2023-06-23T20:13:50Z INFO  dt_instance] received at 2023-06-23 20:13:50.333025414 UTC - from mc-18->source-5 "418" 20:13:50.331483619
[2023-06-23T20:13:52Z INFO  dt_instance] received at 2023-06-23 20:13:52.840734485 UTC - from mc-18->source-5 "423" 20:13:52.837740531
[2023-06-23T20:13:55Z INFO  dt_instance] received at 2023-06-23 20:13:55.345317270 UTC - from mc-18->source-1 "438" 20:13:55.344241592
[2023-06-23T20:13:57Z INFO  dt_instance] received at 2023-06-23 20:13:57.854287108 UTC - from mc-18->source-5 "433" 20:13:57.849994949
[2023-06-23T20:14:00Z INFO  dt_instance] received at 2023-06-23 20:14:00.356541760 UTC - from mc-18->source-5 "438" 20:14:00.355400790
[2023-06-23T20:14:02Z INFO  dt_instance] received at 2023-06-23 20:14:02.868741795 UTC - from mc-18->source-3 "448" 20:14:02.858957718
[2023-06-23T20:14:05Z INFO  dt_instance] received at 2023-06-23 20:14:05.368066440 UTC - from mc-18->source-5 "448" 20:14:05.367088661
[2023-06-23T20:14:07Z INFO  dt_instance] received at 2023-06-23 20:14:07.874436506 UTC - from mc-18->source-1 "463" 20:14:07.873492298
[2023-06-23T20:14:10Z INFO  dt_instance] received at 2023-06-23 20:14:10.381066672 UTC - from mc-18->source-5 "458" 20:14:10.378902115
[2023-06-23T20:14:12Z INFO  dt_instance] received at 2023-06-23 20:14:12.884852952 UTC - from mc-18->source-1 "473" 20:14:12.883518505
[2023-06-23T20:14:15Z INFO  dt_instance] received at 2023-06-23 20:14:15.393051583 UTC - from mc-18->source-5 "468" 20:14:15.391050206
[2023-06-23T20:14:17Z INFO  dt_instance] received at 2023-06-23 20:14:17.899425684 UTC - from mc-18->source-5 "473" 20:14:17.898547440
[2023-06-23T20:14:20Z INFO  dt_instance] received at 2023-06-23 20:14:20.405938828 UTC - from mc-18->source-5 "478" 20:14:20.404191835
[2023-06-23T20:14:22Z INFO  dt_instance] received at 2023-06-23 20:14:22.910734756 UTC - from mc-18->source-5 "483" 20:14:22.909760984
[2023-06-23T20:14:25Z INFO  dt_instance] received at 2023-06-23 20:14:25.417124646 UTC - from mc-18->source-5 "488" 20:14:25.416106025
[2023-06-23T20:14:27Z INFO  dt_instance] received at 2023-06-23 20:14:27.924362339 UTC - from mc-18->source-5 "493" 20:14:27.923546108
[2023-06-23T20:14:30Z INFO  dt_instance] received at 2023-06-23 20:14:30.430702736 UTC - from mc-18->source-5 "498" 20:14:30.429917844
[2023-06-23T20:14:32Z INFO  dt_instance] received at 2023-06-23 20:14:32.936048307 UTC - from mc-18->source-5 "503" 20:14:32.934199470
[2023-06-23T20:14:35Z INFO  dt_instance] received at 2023-06-23 20:14:35.440086753 UTC - from mc-18->source-5 "508" 20:14:35.439160416
[2023-06-23T20:14:37Z INFO  dt_instance] received at 2023-06-23 20:14:37.954585401 UTC - from mc-18->source-5 "513" 20:14:37.953673434
[2023-06-23T20:14:40Z INFO  dt_instance] received at 2023-06-23 20:14:40.459429687 UTC - from mc-18->source-5 "518" 20:14:40.458659123
[2023-06-23T20:14:42Z INFO  dt_instance] received at 2023-06-23 20:14:42.965166928 UTC - from mc-18->source-5 "523" 20:14:42.964240944
[2023-06-23T20:14:45Z INFO  dt_instance] received at 2023-06-23 20:14:45.471851572 UTC - from mc-18->source-5 "528" 20:14:45.470163195
[2023-06-23T20:14:47Z INFO  dt_instance] received at 2023-06-23 20:14:47.976111848 UTC - from mc-18->source-5 "533" 20:14:47.975189027
[2023-06-23T20:14:50Z INFO  dt_instance] received at 2023-06-23 20:14:50.482926315 UTC - from mc-18->source-5 "538" 20:14:50.481366132
[2023-06-23T20:14:52Z INFO  dt_instance] received at 2023-06-23 20:14:52.988031106 UTC - from mc-18->source-5 "543" 20:14:52.986120168
[2023-06-23T20:14:55Z INFO  dt_instance] received at 2023-06-23 20:14:55.493948475 UTC - from mc-18->source-1 "558" 20:14:55.490391835
[2023-06-23T20:14:57Z INFO  dt_instance] received at 2023-06-23 20:14:57.997969592 UTC - from mc-18->source-5 "553" 20:14:57.996611667
[2023-06-23T20:15:00Z INFO  dt_instance] received at 2023-06-23 20:15:00.506701772 UTC - from mc-18->source-5 "558" 20:15:00.505712802
[2023-06-23T20:15:03Z INFO  dt_instance] received at 2023-06-23 20:15:03.012812673 UTC - from mc-18->source-5 "563" 20:15:03.010082136
[2023-06-23T20:15:05Z INFO  dt_instance] received at 2023-06-23 20:15:05.542672936 UTC - from mc-18->source-3 "573" 20:15:05.541703190
[2023-06-23T20:15:08Z INFO  dt_instance] received at 2023-06-23 20:15:08.050059246 UTC - from mc-18->source-5 "573" 20:15:08.048597901
[2023-06-23T20:15:10Z INFO  dt_instance] received at 2023-06-23 20:15:10.555352996 UTC - from mc-18->source-3 "583" 20:15:10.554083875
[2023-06-23T20:15:13Z INFO  dt_instance] received at 2023-06-23 20:15:13.063537945 UTC - from mc-18->source-3 "588" 20:15:13.061653225
[2023-06-23T20:15:15Z INFO  dt_instance] received at 2023-06-23 20:15:15.569302371 UTC - from mc-18->source-9 "578" 20:15:15.568259214
[2023-06-23T20:15:18Z INFO  dt_instance] received at 2023-06-23 20:15:18.076984061 UTC - from mc-18->source-9 "583" 20:15:18.076154878
[2023-06-23T20:15:20Z INFO  dt_instance] received at 2023-06-23 20:15:20.583229703 UTC - from mc-18->source-9 "588" 20:15:20.582085601
[2023-06-23T20:15:23Z INFO  dt_instance] received at 2023-06-23 20:15:23.088815816 UTC - from mc-18->source-9 "593" 20:15:23.087660060
[2023-06-23T20:15:25Z INFO  dt_instance] received at 2023-06-23 20:15:25.594046606 UTC - from mc-18->source-9 "598" 20:15:25.592908554
[2023-06-23T20:15:28Z INFO  dt_instance] received at 2023-06-23 20:15:28.098402462 UTC - from mc-18->source-9 "603" 20:15:28.097575543
[2023-06-23T20:15:30Z INFO  dt_instance] received at 2023-06-23 20:15:30.605390285 UTC - from mc-18->source-9 "608" 20:15:30.604096437
[2023-06-23T20:15:33Z INFO  dt_instance] received at 2023-06-23 20:15:33.113774638 UTC - from mc-18->source-9 "613" 20:15:33.112635758
[2023-06-23T20:15:35Z INFO  dt_instance] received at 2023-06-23 20:15:35.618759711 UTC - from mc-18->source-9 "618" 20:15:35.617675784
[2023-06-23T20:15:38Z INFO  dt_instance] received at 2023-06-23 20:15:38.125399171 UTC - from mc-18->source-9 "623" 20:15:38.123332736
[2023-06-23T20:15:40Z INFO  dt_instance] received at 2023-06-23 20:15:40.631347166 UTC - from mc-18->source-9 "628" 20:15:40.630058204
[2023-06-23T20:15:43Z INFO  dt_instance] received at 2023-06-23 20:15:43.138564900 UTC - from mc-18->source-9 "633" 20:15:43.137179382
[2023-06-23T20:15:45Z INFO  dt_instance] received at 2023-06-23 20:15:45.644247610 UTC - from mc-18->source-9 "638" 20:15:45.642875305
[2023-06-23T20:15:48Z INFO  dt_instance] received at 2023-06-23 20:15:48.153070960 UTC - from mc-18->source-9 "643" 20:15:48.150130730
[2023-06-23T20:15:50Z INFO  dt_instance] received at 2023-06-23 20:15:50.657318070 UTC - from mc-18->source-9 "648" 20:15:50.656288110
[2023-06-23T20:15:53Z INFO  dt_instance] received at 2023-06-23 20:15:53.163750350 UTC - from mc-18->source-9 "653" 20:15:53.162743002
[2023-06-23T20:15:55Z INFO  dt_instance] received at 2023-06-23 20:15:55.672189996 UTC - from mc-18->source-9 "658" 20:15:55.667272313
[2023-06-23T20:15:58Z INFO  dt_instance] received at 2023-06-23 20:15:58.175745463 UTC - from mc-18->source-9 "663" 20:15:58.174704666
[2023-06-23T20:16:00Z INFO  dt_instance] received at 2023-06-23 20:16:00.680408312 UTC - from mc-18->source-9 "668" 20:16:00.679253295
[2023-06-23T20:16:03Z INFO  dt_instance] received at 2023-06-23 20:16:03.185966183 UTC - from mc-18->source-9 "673" 20:16:03.185151613
[2023-06-23T20:16:05Z INFO  dt_instance] received at 2023-06-23 20:16:05.691600477 UTC - from mc-18->source-9 "678" 20:16:05.690488235
[2023-06-23T20:16:08Z INFO  dt_instance] received at 2023-06-23 20:16:08.196319155 UTC - from mc-18->source-9 "683" 20:16:08.195445868
[2023-06-23T20:16:10Z INFO  dt_instance] received at 2023-06-23 20:16:10.702083611 UTC - from mc-18->source-9 "688" 20:16:10.700577752
[2023-06-23T20:16:13Z INFO  dt_instance] received at 2023-06-23 20:16:13.207566120 UTC - from mc-18->source-9 "693" 20:16:13.206654348
[2023-06-23T20:16:15Z INFO  dt_instance] received at 2023-06-23 20:16:15.713065199 UTC - from mc-18->source-9 "698" 20:16:15.711963159
[2023-06-23T20:16:18Z INFO  dt_instance] received at 2023-06-23 20:16:18.218853758 UTC - from mc-18->source-9 "703" 20:16:18.217904444
[2023-06-23T20:16:20Z INFO  dt_instance] received at 2023-06-23 20:16:20.725559456 UTC - from mc-18->source-9 "708" 20:16:20.724591963
[2023-06-23T20:16:23Z INFO  dt_instance] received at 2023-06-23 20:16:23.231291576 UTC - from mc-18->source-9 "713" 20:16:23.230422947
[2023-06-23T20:16:25Z INFO  dt_instance] received at 2023-06-23 20:16:25.737270071 UTC - from mc-18->source-9 "718" 20:16:25.736201210
[2023-06-23T20:16:28Z INFO  dt_instance] received at 2023-06-23 20:16:28.245445138 UTC - from mc-18->source-9 "723" 20:16:28.244631881
[2023-06-23T20:16:30Z INFO  dt_instance] received at 2023-06-23 20:16:30.752218369 UTC - from mc-18->source-9 "728" 20:16:30.751194446
[2023-06-23T20:16:33Z INFO  dt_instance] received at 2023-06-23 20:16:33.259380914 UTC - from mc-18->source-3 "748" 20:16:33.257139746
[2023-06-23T20:16:35Z INFO  dt_instance] received at 2023-06-23 20:16:35.765166706 UTC - from mc-18->source-3 "753" 20:16:35.764210009
[2023-06-23T20:16:38Z INFO  dt_instance] received at 2023-06-23 20:16:38.271872031 UTC - from mc-18->source-3 "758" 20:16:38.270641644
[2023-06-23T20:16:40Z INFO  dt_instance] received at 2023-06-23 20:16:40.777985487 UTC - from mc-18->source-3 "763" 20:16:40.776465922
[2023-06-23T20:16:43Z INFO  dt_instance] received at 2023-06-23 20:16:43.284158569 UTC - from mc-18->source-3 "768" 20:16:43.282232178
[2023-06-23T20:16:45Z INFO  dt_instance] received at 2023-06-23 20:16:45.789585141 UTC - from mc-18->source-3 "773" 20:16:45.788319887
[2023-06-23T20:16:48Z INFO  dt_instance] received at 2023-06-23 20:16:48.294825518 UTC - from mc-18->source-3 "778" 20:16:48.293161931
[2023-06-23T20:16:50Z INFO  dt_instance] received at 2023-06-23 20:16:50.800601069 UTC - from mc-18->source-3 "783" 20:16:50.799098838
[2023-06-23T20:16:53Z INFO  dt_instance] received at 2023-06-23 20:16:53.306586193 UTC - from mc-18->source-9 "773" 20:16:53.305562812
[2023-06-23T20:16:55Z INFO  dt_instance] received at 2023-06-23 20:16:55.812018147 UTC - from mc-18->source-3 "793" 20:16:55.811072414
[2023-06-23T20:16:58Z INFO  dt_instance] received at 2023-06-23 20:16:58.321363802 UTC - from mc-18->source-9 "783" 20:16:58.319402567
[2023-06-23T20:17:00Z INFO  dt_instance] received at 2023-06-23 20:17:00.828504053 UTC - from mc-18->source-9 "788" 20:17:00.827428961
[2023-06-23T20:17:03Z INFO  dt_instance] received at 2023-06-23 20:17:03.333342888 UTC - from mc-18->source-9 "793" 20:17:03.332436419
[2023-06-23T20:17:05Z INFO  dt_instance] received at 2023-06-23 20:17:05.838739639 UTC - from mc-18->source-9 "798" 20:17:05.837951115
[2023-06-23T20:17:08Z INFO  dt_instance] received at 2023-06-23 20:17:08.346903880 UTC - from mc-18->source-9 "803" 20:17:08.344873869
[2023-06-23T20:17:10Z INFO  dt_instance] received at 2023-06-23 20:17:10.852433835 UTC - from mc-18->source-9 "808" 20:17:10.851605873
[2023-06-23T20:17:13Z INFO  dt_instance] received at 2023-06-23 20:17:13.358440183 UTC - from mc-18->source-9 "813" 20:17:13.357483956
[2023-06-23T20:17:15Z INFO  dt_instance] received at 2023-06-23 20:17:15.864431368 UTC - from mc-18->source-9 "818" 20:17:15.863505114
[2023-06-23T20:17:18Z INFO  dt_instance] received at 2023-06-23 20:17:18.370516409 UTC - from mc-18->source-9 "823" 20:17:18.369647113
[2023-06-23T20:17:20Z INFO  dt_instance] received at 2023-06-23 20:17:20.875644479 UTC - from mc-18->source-9 "828" 20:17:20.874850900
[2023-06-23T20:17:23Z INFO  dt_instance] received at 2023-06-23 20:17:23.381829449 UTC - from mc-18->source-9 "833" 20:17:23.381035257
[2023-06-23T20:17:25Z INFO  dt_instance] received at 2023-06-23 20:17:25.888805983 UTC - from mc-18->source-9 "838" 20:17:25.887859260
[2023-06-23T20:17:28Z INFO  dt_instance] received at 2023-06-23 20:17:28.394317627 UTC - from mc-18->source-9 "843" 20:17:28.393188454
[2023-06-23T20:17:30Z INFO  dt_instance] received at 2023-06-23 20:17:30.900993634 UTC - from mc-18->source-9 "848" 20:17:30.899971910
[2023-06-23T20:17:33Z INFO  dt_instance] received at 2023-06-23 20:17:33.406016506 UTC - from mc-18->source-9 "853" 20:17:33.404878937
[2023-06-23T20:17:35Z INFO  dt_instance] received at 2023-06-23 20:17:35.911363716 UTC - from mc-18->source-9 "858" 20:17:35.910188092
[2023-06-23T20:17:38Z INFO  dt_instance] received at 2023-06-23 20:17:38.416900972 UTC - from mc-18->source-9 "863" 20:17:38.415920305
[2023-06-23T20:17:40Z INFO  dt_instance] received at 2023-06-23 20:17:40.922691687 UTC - from mc-18->source-9 "868" 20:17:40.921543018
[2023-06-23T20:17:43Z INFO  dt_instance] received at 2023-06-23 20:17:43.430670199 UTC - from mc-18->source-9 "873" 20:17:43.427848660
[2023-06-23T20:17:45Z INFO  dt_instance] received at 2023-06-23 20:17:45.936643459 UTC - from mc-18->source-3 "893" 20:17:45.932619540
[2023-06-23T20:17:48Z INFO  dt_instance] received at 2023-06-23 20:17:48.440230212 UTC - from mc-18->source-3 "898" 20:17:48.438357434
[2023-06-23T20:17:50Z INFO  dt_instance] received at 2023-06-23 20:17:50.945439606 UTC - from mc-18->source-3 "903" 20:17:50.943725177
[2023-06-23T20:17:53Z INFO  dt_instance] received at 2023-06-23 20:17:53.450664180 UTC - from mc-18->source-3 "908" 20:17:53.449587367
[2023-06-23T20:17:55Z INFO  dt_instance] received at 2023-06-23 20:17:55.955314599 UTC - from mc-18->source-3 "913" 20:17:55.954229155
[2023-06-23T20:17:58Z INFO  dt_instance] received at 2023-06-23 20:17:58.463633705 UTC - from mc-18->source-3 "918" 20:17:58.459964779
[2023-06-23T20:18:00Z INFO  dt_instance] received at 2023-06-23 20:18:00.968144014 UTC - from mc-18->source-3 "923" 20:18:00.964756012
[2023-06-23T20:18:03Z INFO  dt_instance] received at 2023-06-23 20:18:03.471238143 UTC - from mc-18->source-3 "928" 20:18:03.469938492
[2023-06-23T20:18:05Z INFO  dt_instance] received at 2023-06-23 20:18:05.979366362 UTC - from mc-18->source-3 "933" 20:18:05.978025710
[2023-06-23T20:18:08Z INFO  dt_instance] received at 2023-06-23 20:18:08.485096429 UTC - from mc-18->source-3 "938" 20:18:08.483352167
[2023-06-23T20:18:10Z INFO  dt_instance] received at 2023-06-23 20:18:10.991913121 UTC - from mc-18->source-3 "943" 20:18:10.989507941
[2023-06-23T20:18:13Z INFO  dt_instance] received at 2023-06-23 20:18:13.498638757 UTC - from mc-18->source-3 "948" 20:18:13.495673487
[2023-06-23T20:18:16Z INFO  dt_instance] received at 2023-06-23 20:18:16.012604875 UTC - from mc-18->source-9 "938" 20:18:16.009888908
[2023-06-23T20:18:18Z INFO  dt_instance] received at 2023-06-23 20:18:18.515388852 UTC - from mc-18->source-9 "943" 20:18:18.514166765
[2023-06-23T20:18:21Z INFO  dt_instance] received at 2023-06-23 20:18:21.020421247 UTC - from mc-18->source-9 "948" 20:18:21.019572319
[2023-06-23T20:18:23Z INFO  dt_instance] received at 2023-06-23 20:18:23.525854318 UTC - from mc-18->source-9 "953" 20:18:23.524905596
[2023-06-23T20:18:26Z INFO  dt_instance] received at 2023-06-23 20:18:26.032217368 UTC - from mc-18->source-9 "958" 20:18:26.031120105
[2023-06-23T20:18:28Z INFO  dt_instance] received at 2023-06-23 20:18:28.539505178 UTC - from mc-18->source-9 "963" 20:18:28.536496432
[2023-06-23T20:18:31Z INFO  dt_instance] received at 2023-06-23 20:18:31.043891845 UTC - from mc-18->source-9 "968" 20:18:31.041297003
[2023-06-23T20:18:33Z INFO  dt_instance] received at 2023-06-23 20:18:33.548397755 UTC - from mc-18->source-9 "973" 20:18:33.547156486
[2023-06-23T20:18:36Z INFO  dt_instance] received at 2023-06-23 20:18:36.211521837 UTC - from mc-18->source-8 "981" 20:18:36.210048877
[2023-06-23T20:18:39Z INFO  dt_instance] received at 2023-06-23 20:18:39.499197248 UTC - from mc-18->source-7 "990" 20:18:39.497547458
[2023-06-23T20:18:46Z INFO  dt_instance] received at 2023-06-23 20:18:46.578574726 UTC - from mc-18->source-9 "999" 20:18:46.576556896
