[2023-06-23T19:53:10Z INFO  dt_instance] Current Twin: mc-twin-1
[2023-06-23T19:53:10Z INFO  dt_instance] Replica Name twin-mc-stateful-1
[2023-06-23T19:53:10Z INFO  dt_instance] Sleeping for 50
[2023-06-23T19:54:00Z INFO  dt_instance] Connecting to broker at emqx.dtwins:1883
[2023-06-23T19:54:00Z INFO  dt_instance] Loggin info each 50 messages
[2023-06-23T19:54:00Z INFO  dt_instance] Set max packet size to 60000 KB.
[2023-06-23T19:54:00Z INFO  dt_instance] Refreshing topics for twin - Listen to mc-1/#
[2023-06-23T19:54:00Z INFO  dt_instance] SubAck { pkid: 1, return_codes: [Success(ExactlyOnce)] }
[2023-06-23T19:55:10Z INFO  dt_instance] received at 2023-06-23 19:55:10.053489455 UTC - from mc-1->source-2 "9" 19:55:10.051976143
[2023-06-23T19:55:13Z INFO  dt_instance] received at 2023-06-23 19:55:13.308168922 UTC - from mc-1->source-3 "13" 19:55:13.307016165
[2023-06-23T19:55:15Z INFO  dt_instance] received at 2023-06-23 19:55:15.822840211 UTC - from mc-1->source-1 "23" 19:55:15.821781705
[2023-06-23T19:55:18Z INFO  dt_instance] received at 2023-06-23 19:55:18.330293388 UTC - from mc-1->source-1 "28" 19:55:18.328810960
[2023-06-23T19:55:20Z INFO  dt_instance] received at 2023-06-23 19:55:20.835528524 UTC - from mc-1->source-1 "33" 19:55:20.834248675
[2023-06-23T19:55:23Z INFO  dt_instance] received at 2023-06-23 19:55:23.340749557 UTC - from mc-1->source-1 "38" 19:55:23.339543128
[2023-06-23T19:55:25Z INFO  dt_instance] received at 2023-06-23 19:55:25.848549544 UTC - from mc-1->source-1 "43" 19:55:25.846661931
[2023-06-23T19:55:28Z INFO  dt_instance] received at 2023-06-23 19:55:28.355967051 UTC - from mc-1->source-1 "48" 19:55:28.352261034
[2023-06-23T19:55:30Z INFO  dt_instance] received at 2023-06-23 19:55:30.859328082 UTC - from mc-1->source-1 "53" 19:55:30.858264476
[2023-06-23T19:55:33Z INFO  dt_instance] received at 2023-06-23 19:55:33.366124988 UTC - from mc-1->source-1 "58" 19:55:33.364595856
[2023-06-23T19:55:35Z INFO  dt_instance] received at 2023-06-23 19:55:35.875019294 UTC - from mc-1->source-1 "63" 19:55:35.872265043
[2023-06-23T19:55:38Z INFO  dt_instance] received at 2023-06-23 19:55:38.379149402 UTC - from mc-1->source-1 "68" 19:55:38.378039803
[2023-06-23T19:55:40Z INFO  dt_instance] received at 2023-06-23 19:55:40.884181681 UTC - from mc-1->source-1 "73" 19:55:40.883210965
[2023-06-23T19:55:43Z INFO  dt_instance] received at 2023-06-23 19:55:43.392053518 UTC - from mc-1->source-1 "78" 19:55:43.389687853
[2023-06-23T19:55:45Z INFO  dt_instance] received at 2023-06-23 19:55:45.897033936 UTC - from mc-1->source-1 "83" 19:55:45.895681035
[2023-06-23T19:55:48Z INFO  dt_instance] received at 2023-06-23 19:55:48.401813840 UTC - from mc-1->source-1 "88" 19:55:48.400558280
[2023-06-23T19:55:50Z INFO  dt_instance] received at 2023-06-23 19:55:50.907599193 UTC - from mc-1->source-1 "93" 19:55:50.906424481
[2023-06-23T19:55:53Z INFO  dt_instance] received at 2023-06-23 19:55:53.412997603 UTC - from mc-1->source-1 "98" 19:55:53.412127420
[2023-06-23T19:55:55Z INFO  dt_instance] received at 2023-06-23 19:55:55.920189572 UTC - from mc-1->source-1 "103" 19:55:55.919289969
[2023-06-23T19:55:58Z INFO  dt_instance] received at 2023-06-23 19:55:58.427953263 UTC - from mc-1->source-1 "108" 19:55:58.424622914
[2023-06-23T19:56:00Z INFO  dt_instance] received at 2023-06-23 19:56:00.935628522 UTC - from mc-1->source-1 "113" 19:56:00.931239383
[2023-06-23T19:56:03Z INFO  dt_instance] received at 2023-06-23 19:56:03.438682040 UTC - from mc-1->source-1 "118" 19:56:03.437362522
[2023-06-23T19:56:05Z INFO  dt_instance] received at 2023-06-23 19:56:05.946214939 UTC - from mc-1->source-1 "123" 19:56:05.944785919
[2023-06-23T19:56:08Z INFO  dt_instance] received at 2023-06-23 19:56:08.450443185 UTC - from mc-1->source-1 "128" 19:56:08.449461217
[2023-06-23T19:56:10Z INFO  dt_instance] received at 2023-06-23 19:56:10.956238618 UTC - from mc-1->source-1 "133" 19:56:10.955090749
[2023-06-23T19:56:13Z INFO  dt_instance] received at 2023-06-23 19:56:13.463452505 UTC - from mc-1->source-1 "138" 19:56:13.459967096
[2023-06-23T19:56:15Z INFO  dt_instance] received at 2023-06-23 19:56:15.968315878 UTC - from mc-1->source-1 "143" 19:56:15.965260133
[2023-06-23T19:56:18Z INFO  dt_instance] received at 2023-06-23 19:56:18.473040403 UTC - from mc-1->source-1 "148" 19:56:18.471438823
[2023-06-23T19:56:20Z INFO  dt_instance] received at 2023-06-23 19:56:20.978925762 UTC - from mc-1->source-1 "153" 19:56:20.977699591
[2023-06-23T19:56:23Z INFO  dt_instance] received at 2023-06-23 19:56:23.483658625 UTC - from mc-1->source-1 "158" 19:56:23.482582268
[2023-06-23T19:56:25Z INFO  dt_instance] received at 2023-06-23 19:56:25.989397301 UTC - from mc-1->source-1 "163" 19:56:25.988502686
[2023-06-23T19:56:28Z INFO  dt_instance] received at 2023-06-23 19:56:28.497354258 UTC - from mc-1->source-1 "168" 19:56:28.493695587
[2023-06-23T19:56:31Z INFO  dt_instance] received at 2023-06-23 19:56:31.002103248 UTC - from mc-1->source-1 "173" 19:56:31.000059517
[2023-06-23T19:56:33Z INFO  dt_instance] received at 2023-06-23 19:56:33.510121867 UTC - from mc-1->source-1 "178" 19:56:33.507387365
[2023-06-23T19:56:36Z INFO  dt_instance] received at 2023-06-23 19:56:36.021583231 UTC - from mc-1->source-3 "178" 19:56:36.020685051
[2023-06-23T19:56:38Z INFO  dt_instance] received at 2023-06-23 19:56:38.526187868 UTC - from mc-1->source-3 "183" 19:56:38.525178611
[2023-06-23T19:56:41Z INFO  dt_instance] received at 2023-06-23 19:56:41.032724100 UTC - from mc-1->source-3 "188" 19:56:41.031608671
[2023-06-23T19:56:43Z INFO  dt_instance] received at 2023-06-23 19:56:43.539401005 UTC - from mc-1->source-3 "193" 19:56:43.536816459
[2023-06-23T19:56:46Z INFO  dt_instance] received at 2023-06-23 19:56:46.045297355 UTC - from mc-1->source-3 "198" 19:56:46.043146765
[2023-06-23T19:56:48Z INFO  dt_instance] received at 2023-06-23 19:56:48.551919001 UTC - from mc-1->source-3 "203" 19:56:48.548308400
[2023-06-23T19:56:51Z INFO  dt_instance] received at 2023-06-23 19:56:51.054415777 UTC - from mc-1->source-3 "208" 19:56:51.053340581
[2023-06-23T19:56:53Z INFO  dt_instance] received at 2023-06-23 19:56:53.560592290 UTC - from mc-1->source-3 "213" 19:56:53.559274176
[2023-06-23T19:56:56Z INFO  dt_instance] received at 2023-06-23 19:56:56.067001200 UTC - from mc-1->source-3 "218" 19:56:56.065936047
[2023-06-23T19:56:58Z INFO  dt_instance] received at 2023-06-23 19:56:58.574212244 UTC - from mc-1->source-3 "223" 19:56:58.571397911
[2023-06-23T19:57:01Z INFO  dt_instance] received at 2023-06-23 19:57:01.079183972 UTC - from mc-1->source-3 "228" 19:57:01.076487241
[2023-06-23T19:57:03Z INFO  dt_instance] received at 2023-06-23 19:57:03.583250606 UTC - from mc-1->source-1 "238" 19:57:03.582107444
[2023-06-23T19:57:06Z INFO  dt_instance] received at 2023-06-23 19:57:06.090060615 UTC - from mc-1->source-1 "243" 19:57:06.088804344
[2023-06-23T19:57:08Z INFO  dt_instance] received at 2023-06-23 19:57:08.595050019 UTC - from mc-1->source-3 "243" 19:57:08.593730231
[2023-06-23T19:57:11Z INFO  dt_instance] received at 2023-06-23 19:57:11.099913302 UTC - from mc-1->source-3 "248" 19:57:11.098714343
[2023-06-23T19:57:13Z INFO  dt_instance] received at 2023-06-23 19:57:13.604389435 UTC - from mc-1->source-1 "258" 19:57:13.603397788
[2023-06-23T19:57:16Z INFO  dt_instance] received at 2023-06-23 19:57:16.111609965 UTC - from mc-1->source-3 "258" 19:57:16.110550271
[2023-06-23T19:57:18Z INFO  dt_instance] received at 2023-06-23 19:57:18.617294893 UTC - from mc-1->source-1 "268" 19:57:18.616371102
[2023-06-23T19:57:21Z INFO  dt_instance] received at 2023-06-23 19:57:21.124611854 UTC - from mc-1->source-1 "273" 19:57:21.123528861
[2023-06-23T19:57:23Z INFO  dt_instance] received at 2023-06-23 19:57:23.629650837 UTC - from mc-1->source-1 "278" 19:57:23.628290619
[2023-06-23T19:57:26Z INFO  dt_instance] received at 2023-06-23 19:57:26.136053706 UTC - from mc-1->source-1 "283" 19:57:26.135089108
[2023-06-23T19:57:28Z INFO  dt_instance] received at 2023-06-23 19:57:28.646092506 UTC - from mc-1->source-3 "283" 19:57:28.640885798
[2023-06-23T19:57:31Z INFO  dt_instance] received at 2023-06-23 19:57:31.146455553 UTC - from mc-1->source-1 "293" 19:57:31.145349971
[2023-06-23T19:57:33Z INFO  dt_instance] received at 2023-06-23 19:57:33.657613120 UTC - from mc-1->source-3 "293" 19:57:33.652420640
[2023-06-23T19:57:36Z INFO  dt_instance] received at 2023-06-23 19:57:36.159957830 UTC - from mc-1->source-1 "303" 19:57:36.159158809
[2023-06-23T19:57:38Z INFO  dt_instance] received at 2023-06-23 19:57:38.667976805 UTC - from mc-1->source-1 "308" 19:57:38.666949920
[2023-06-23T19:57:41Z INFO  dt_instance] received at 2023-06-23 19:57:41.173926153 UTC - from mc-1->source-1 "313" 19:57:41.172938230
[2023-06-23T19:57:43Z INFO  dt_instance] received at 2023-06-23 19:57:43.680565012 UTC - from mc-1->source-1 "318" 19:57:43.677721934
[2023-06-23T19:57:46Z INFO  dt_instance] received at 2023-06-23 19:57:46.183698952 UTC - from mc-1->source-1 "323" 19:57:46.182341595
[2023-06-23T19:57:48Z INFO  dt_instance] received at 2023-06-23 19:57:48.691884236 UTC - from mc-1->source-1 "328" 19:57:48.690242052
[2023-06-23T19:57:51Z INFO  dt_instance] received at 2023-06-23 19:57:51.197666891 UTC - from mc-1->source-1 "333" 19:57:51.196648987
[2023-06-23T19:57:53Z INFO  dt_instance] received at 2023-06-23 19:57:53.703209561 UTC - from mc-1->source-1 "338" 19:57:53.702210396
[2023-06-23T19:57:56Z INFO  dt_instance] received at 2023-06-23 19:57:56.210677327 UTC - from mc-1->source-1 "343" 19:57:56.209583682
[2023-06-23T19:57:58Z INFO  dt_instance] received at 2023-06-23 19:57:58.718959909 UTC - from mc-1->source-1 "348" 19:57:58.715255542
[2023-06-23T19:58:01Z INFO  dt_instance] received at 2023-06-23 19:58:01.222301019 UTC - from mc-1->source-1 "353" 19:58:01.221218608
[2023-06-23T19:58:03Z INFO  dt_instance] received at 2023-06-23 19:58:03.727220672 UTC - from mc-1->source-1 "358" 19:58:03.726639460
[2023-06-23T19:58:06Z INFO  dt_instance] received at 2023-06-23 19:58:06.235160787 UTC - from mc-1->source-1 "363" 19:58:06.233858174
[2023-06-23T19:58:08Z INFO  dt_instance] received at 2023-06-23 19:58:08.739404911 UTC - from mc-1->source-1 "368" 19:58:08.738343484
[2023-06-23T19:58:11Z INFO  dt_instance] received at 2023-06-23 19:58:11.245506060 UTC - from mc-1->source-1 "373" 19:58:11.244632508
[2023-06-23T19:58:13Z INFO  dt_instance] received at 2023-06-23 19:58:13.752501718 UTC - from mc-1->source-1 "378" 19:58:13.750760879
[2023-06-23T19:58:16Z INFO  dt_instance] received at 2023-06-23 19:58:16.257783534 UTC - from mc-1->source-1 "383" 19:58:16.256477569
[2023-06-23T19:58:18Z INFO  dt_instance] received at 2023-06-23 19:58:18.763869871 UTC - from mc-1->source-1 "388" 19:58:18.762966941
[2023-06-23T19:58:21Z INFO  dt_instance] received at 2023-06-23 19:58:21.269379074 UTC - from mc-1->source-1 "393" 19:58:21.268209791
[2023-06-23T19:58:23Z INFO  dt_instance] received at 2023-06-23 19:58:23.776580770 UTC - from mc-1->source-1 "398" 19:58:23.775562067
[2023-06-23T19:58:26Z INFO  dt_instance] received at 2023-06-23 19:58:26.283956579 UTC - from mc-1->source-3 "398" 19:58:26.283057219
[2023-06-23T19:58:28Z INFO  dt_instance] received at 2023-06-23 19:58:28.790128071 UTC - from mc-1->source-1 "408" 19:58:28.788472353
[2023-06-23T19:58:31Z INFO  dt_instance] received at 2023-06-23 19:58:31.295657140 UTC - from mc-1->source-1 "413" 19:58:31.294677067
[2023-06-23T19:58:33Z INFO  dt_instance] received at 2023-06-23 19:58:33.801140650 UTC - from mc-1->source-3 "413" 19:58:33.800285776
[2023-06-23T19:58:36Z INFO  dt_instance] received at 2023-06-23 19:58:36.307320676 UTC - from mc-1->source-3 "418" 19:58:36.306342852
[2023-06-23T19:58:38Z INFO  dt_instance] received at 2023-06-23 19:58:38.813713172 UTC - from mc-1->source-1 "428" 19:58:38.812669762
[2023-06-23T19:58:41Z INFO  dt_instance] received at 2023-06-23 19:58:41.318134622 UTC - from mc-1->source-1 "433" 19:58:41.317189910
[2023-06-23T19:58:43Z INFO  dt_instance] received at 2023-06-23 19:58:43.825042252 UTC - from mc-1->source-1 "438" 19:58:43.824147259
[2023-06-23T19:58:46Z INFO  dt_instance] received at 2023-06-23 19:58:46.334017879 UTC - from mc-1->source-3 "438" 19:58:46.333066690
[2023-06-23T19:58:48Z INFO  dt_instance] received at 2023-06-23 19:58:48.839135305 UTC - from mc-1->source-3 "443" 19:58:48.838198747
[2023-06-23T19:58:51Z INFO  dt_instance] received at 2023-06-23 19:58:51.345601998 UTC - from mc-1->source-3 "448" 19:58:51.344228568
[2023-06-23T19:58:53Z INFO  dt_instance] received at 2023-06-23 19:58:53.851174957 UTC - from mc-1->source-3 "453" 19:58:53.850373070
[2023-06-23T19:58:56Z INFO  dt_instance] received at 2023-06-23 19:58:56.356901786 UTC - from mc-1->source-3 "458" 19:58:56.355713959
[2023-06-23T19:58:58Z INFO  dt_instance] received at 2023-06-23 19:58:58.863031903 UTC - from mc-1->source-3 "463" 19:58:58.862173017
[2023-06-23T19:59:01Z INFO  dt_instance] received at 2023-06-23 19:59:01.369769548 UTC - from mc-1->source-3 "468" 19:59:01.368785267
[2023-06-23T19:59:03Z INFO  dt_instance] received at 2023-06-23 19:59:03.875720239 UTC - from mc-1->source-3 "473" 19:59:03.874830386
[2023-06-23T19:59:06Z INFO  dt_instance] received at 2023-06-23 19:59:06.381215541 UTC - from mc-1->source-3 "478" 19:59:06.380037220
[2023-06-23T19:59:08Z INFO  dt_instance] received at 2023-06-23 19:59:08.886753275 UTC - from mc-1->source-3 "483" 19:59:08.885859016
[2023-06-23T19:59:11Z INFO  dt_instance] received at 2023-06-23 19:59:11.393078792 UTC - from mc-1->source-3 "488" 19:59:11.391502098
[2023-06-23T19:59:13Z INFO  dt_instance] received at 2023-06-23 19:59:13.898146538 UTC - from mc-1->source-3 "493" 19:59:13.897221494
[2023-06-23T19:59:16Z INFO  dt_instance] received at 2023-06-23 19:59:16.408465134 UTC - from mc-1->source-3 "498" 19:59:16.402681387
[2023-06-23T19:59:18Z INFO  dt_instance] received at 2023-06-23 19:59:18.909008652 UTC - from mc-1->source-3 "503" 19:59:18.907984595
[2023-06-23T19:59:21Z INFO  dt_instance] received at 2023-06-23 19:59:21.416392942 UTC - from mc-1->source-3 "508" 19:59:21.414171733
[2023-06-23T19:59:23Z INFO  dt_instance] received at 2023-06-23 19:59:23.922180411 UTC - from mc-1->source-3 "513" 19:59:23.920751267
[2023-06-23T19:59:26Z INFO  dt_instance] received at 2023-06-23 19:59:26.429960515 UTC - from mc-1->source-3 "518" 19:59:26.427078895
[2023-06-23T19:59:28Z INFO  dt_instance] received at 2023-06-23 19:59:28.932815494 UTC - from mc-1->source-3 "523" 19:59:28.931840482
[2023-06-23T19:59:31Z INFO  dt_instance] received at 2023-06-23 19:59:31.438931980 UTC - from mc-1->source-3 "528" 19:59:31.437966940
[2023-06-23T19:59:33Z INFO  dt_instance] received at 2023-06-23 19:59:33.946690034 UTC - from mc-1->source-3 "533" 19:59:33.942872805
[2023-06-23T19:59:36Z INFO  dt_instance] received at 2023-06-23 19:59:36.451942293 UTC - from mc-1->source-3 "538" 19:59:36.447402774
[2023-06-23T19:59:38Z INFO  dt_instance] received at 2023-06-23 19:59:38.953430180 UTC - from mc-1->source-3 "543" 19:59:38.952437369
[2023-06-23T19:59:41Z INFO  dt_instance] received at 2023-06-23 19:59:41.459580124 UTC - from mc-1->source-3 "548" 19:59:41.457164539
[2023-06-23T19:59:43Z INFO  dt_instance] received at 2023-06-23 19:59:43.964301668 UTC - from mc-1->source-3 "553" 19:59:43.963573965
[2023-06-23T19:59:46Z INFO  dt_instance] received at 2023-06-23 19:59:46.473000031 UTC - from mc-1->source-3 "558" 19:59:46.468572882
[2023-06-23T19:59:48Z INFO  dt_instance] received at 2023-06-23 19:59:48.980470040 UTC - from mc-1->source-3 "563" 19:59:48.974692950
[2023-06-23T19:59:51Z INFO  dt_instance] received at 2023-06-23 19:59:51.483665498 UTC - from mc-1->source-3 "568" 19:59:51.480158140
[2023-06-23T19:59:53Z INFO  dt_instance] received at 2023-06-23 19:59:53.989678655 UTC - from mc-1->source-1 "578" 19:59:53.988286228
[2023-06-23T19:59:56Z INFO  dt_instance] received at 2023-06-23 19:59:56.496160577 UTC - from mc-1->source-1 "583" 19:59:56.494143439
[2023-06-23T19:59:59Z INFO  dt_instance] received at 2023-06-23 19:59:59.003030574 UTC - from mc-1->source-3 "583" 19:59:59.001649265
[2023-06-23T20:00:01Z INFO  dt_instance] received at 2023-06-23 20:00:01.509975602 UTC - from mc-1->source-1 "593" 20:00:01.505772519
[2023-06-23T20:00:04Z INFO  dt_instance] received at 2023-06-23 20:00:04.018706315 UTC - from mc-1->source-3 "593" 20:00:04.016166668
[2023-06-23T20:00:06Z INFO  dt_instance] received at 2023-06-23 20:00:06.527412786 UTC - from mc-1->source-3 "598" 20:00:06.524858608
[2023-06-23T20:00:09Z INFO  dt_instance] received at 2023-06-23 20:00:09.030730169 UTC - from mc-1->source-3 "603" 20:00:09.030012101
[2023-06-23T20:00:11Z INFO  dt_instance] received at 2023-06-23 20:00:11.538467728 UTC - from mc-1->source-3 "608" 20:00:11.536397835
[2023-06-23T20:00:14Z INFO  dt_instance] received at 2023-06-23 20:00:14.043526129 UTC - from mc-1->source-3 "613" 20:00:14.042564933
[2023-06-23T20:00:16Z INFO  dt_instance] received at 2023-06-23 20:00:16.550403314 UTC - from mc-1->source-3 "618" 20:00:16.548185814
[2023-06-23T20:00:19Z INFO  dt_instance] received at 2023-06-23 20:00:19.054969775 UTC - from mc-1->source-3 "623" 20:00:19.053672549
[2023-06-23T20:00:21Z INFO  dt_instance] received at 2023-06-23 20:00:21.562057778 UTC - from mc-1->source-3 "628" 20:00:21.560945676
[2023-06-23T20:00:24Z INFO  dt_instance] received at 2023-06-23 20:00:24.066455657 UTC - from mc-1->source-3 "633" 20:00:24.065316585
[2023-06-23T20:00:26Z INFO  dt_instance] received at 2023-06-23 20:00:26.574263991 UTC - from mc-1->source-3 "638" 20:00:26.571030067
[2023-06-23T20:00:29Z INFO  dt_instance] received at 2023-06-23 20:00:29.078004754 UTC - from mc-1->source-3 "643" 20:00:29.076997194
[2023-06-23T20:00:31Z INFO  dt_instance] received at 2023-06-23 20:00:31.582388536 UTC - from mc-1->source-3 "648" 20:00:31.581645098
[2023-06-23T20:00:34Z INFO  dt_instance] received at 2023-06-23 20:00:34.087754668 UTC - from mc-1->source-3 "653" 20:00:34.086375615
[2023-06-23T20:00:36Z INFO  dt_instance] received at 2023-06-23 20:00:36.592213145 UTC - from mc-1->source-3 "658" 20:00:36.591516029
[2023-06-23T20:00:39Z INFO  dt_instance] received at 2023-06-23 20:00:39.098538047 UTC - from mc-1->source-3 "663" 20:00:39.096810300
[2023-06-23T20:00:41Z INFO  dt_instance] received at 2023-06-23 20:00:41.602615093 UTC - from mc-1->source-3 "668" 20:00:41.601685850
[2023-06-23T20:00:44Z INFO  dt_instance] received at 2023-06-23 20:00:44.108144949 UTC - from mc-1->source-3 "673" 20:00:44.106828732
[2023-06-23T20:00:46Z INFO  dt_instance] received at 2023-06-23 20:00:46.612384026 UTC - from mc-1->source-3 "678" 20:00:46.611689384
[2023-06-23T20:00:49Z INFO  dt_instance] received at 2023-06-23 20:00:49.117903534 UTC - from mc-1->source-3 "683" 20:00:49.117083751
[2023-06-23T20:00:51Z INFO  dt_instance] received at 2023-06-23 20:00:51.623077811 UTC - from mc-1->source-3 "688" 20:00:51.622260795
[2023-06-23T20:00:54Z INFO  dt_instance] received at 2023-06-23 20:00:54.128442108 UTC - from mc-1->source-3 "693" 20:00:54.127193638
[2023-06-23T20:00:56Z INFO  dt_instance] received at 2023-06-23 20:00:56.634015172 UTC - from mc-1->source-3 "698" 20:00:56.633049014
[2023-06-23T20:00:59Z INFO  dt_instance] received at 2023-06-23 20:00:59.139814156 UTC - from mc-1->source-3 "703" 20:00:59.138457516
[2023-06-23T20:01:01Z INFO  dt_instance] received at 2023-06-23 20:01:01.647106803 UTC - from mc-1->source-3 "708" 20:01:01.645146122
[2023-06-23T20:01:04Z INFO  dt_instance] received at 2023-06-23 20:01:04.151726966 UTC - from mc-1->source-3 "713" 20:01:04.150712521
[2023-06-23T20:01:06Z INFO  dt_instance] received at 2023-06-23 20:01:06.657527726 UTC - from mc-1->source-3 "718" 20:01:06.656301781
[2023-06-23T20:01:09Z INFO  dt_instance] received at 2023-06-23 20:01:09.162129906 UTC - from mc-1->source-3 "723" 20:01:09.161431582
[2023-06-23T20:01:11Z INFO  dt_instance] received at 2023-06-23 20:01:11.669706822 UTC - from mc-1->source-3 "728" 20:01:11.668259603
[2023-06-23T20:01:14Z INFO  dt_instance] received at 2023-06-23 20:01:14.175892765 UTC - from mc-1->source-3 "733" 20:01:14.173798221
[2023-06-23T20:01:16Z INFO  dt_instance] received at 2023-06-23 20:01:16.680104597 UTC - from mc-1->source-3 "738" 20:01:16.678951134
[2023-06-23T20:01:19Z INFO  dt_instance] received at 2023-06-23 20:01:19.186293247 UTC - from mc-1->source-3 "743" 20:01:19.185024807
[2023-06-23T20:01:21Z INFO  dt_instance] received at 2023-06-23 20:01:21.690815750 UTC - from mc-1->source-3 "748" 20:01:21.689625786
[2023-06-23T20:01:24Z INFO  dt_instance] received at 2023-06-23 20:01:24.197620259 UTC - from mc-1->source-3 "753" 20:01:24.195790336
[2023-06-23T20:01:26Z INFO  dt_instance] received at 2023-06-23 20:01:26.702981673 UTC - from mc-1->source-3 "758" 20:01:26.701811120
[2023-06-23T20:01:29Z INFO  dt_instance] received at 2023-06-23 20:01:29.207204159 UTC - from mc-1->source-3 "763" 20:01:29.206417133
[2023-06-23T20:01:31Z INFO  dt_instance] received at 2023-06-23 20:01:31.712671068 UTC - from mc-1->source-3 "768" 20:01:31.711797139
[2023-06-23T20:01:34Z INFO  dt_instance] received at 2023-06-23 20:01:34.226543029 UTC - from mc-1->source-3 "773" 20:01:34.225322263
[2023-06-23T20:01:36Z INFO  dt_instance] received at 2023-06-23 20:01:36.732821408 UTC - from mc-1->source-1 "783" 20:01:36.731536382
[2023-06-23T20:01:39Z INFO  dt_instance] received at 2023-06-23 20:01:39.240778996 UTC - from mc-1->source-3 "783" 20:01:39.238138561
[2023-06-23T20:01:41Z INFO  dt_instance] received at 2023-06-23 20:01:41.746024921 UTC - from mc-1->source-3 "788" 20:01:41.745089888
[2023-06-23T20:01:44Z INFO  dt_instance] received at 2023-06-23 20:01:44.252331183 UTC - from mc-1->source-3 "793" 20:01:44.250294963
[2023-06-23T20:01:46Z INFO  dt_instance] received at 2023-06-23 20:01:46.760665535 UTC - from mc-1->source-1 "803" 20:01:46.757186645
[2023-06-23T20:01:49Z INFO  dt_instance] received at 2023-06-23 20:01:49.263635248 UTC - from mc-1->source-3 "803" 20:01:49.262643910
[2023-06-23T20:01:51Z INFO  dt_instance] received at 2023-06-23 20:01:51.769182891 UTC - from mc-1->source-3 "808" 20:01:51.767655698
[2023-06-23T20:01:54Z INFO  dt_instance] received at 2023-06-23 20:01:54.277444029 UTC - from mc-1->source-3 "813" 20:01:54.276069557
[2023-06-23T20:01:56Z INFO  dt_instance] received at 2023-06-23 20:01:56.781846402 UTC - from mc-1->source-3 "818" 20:01:56.780727040
[2023-06-23T20:01:59Z INFO  dt_instance] received at 2023-06-23 20:01:59.288701226 UTC - from mc-1->source-3 "823" 20:01:59.287050196
[2023-06-23T20:02:01Z INFO  dt_instance] received at 2023-06-23 20:02:01.794196294 UTC - from mc-1->source-3 "828" 20:02:01.792730630
[2023-06-23T20:02:04Z INFO  dt_instance] received at 2023-06-23 20:02:04.299554121 UTC - from mc-1->source-1 "838" 20:02:04.298279141
[2023-06-23T20:02:06Z INFO  dt_instance] received at 2023-06-23 20:02:06.806648958 UTC - from mc-1->source-3 "838" 20:02:06.805307520
[2023-06-23T20:02:09Z INFO  dt_instance] received at 2023-06-23 20:02:09.312010382 UTC - from mc-1->source-1 "848" 20:02:09.310970431
[2023-06-23T20:02:11Z INFO  dt_instance] received at 2023-06-23 20:02:11.817480694 UTC - from mc-1->source-1 "853" 20:02:11.816514083
[2023-06-23T20:02:14Z INFO  dt_instance] received at 2023-06-23 20:02:14.324553529 UTC - from mc-1->source-3 "853" 20:02:14.322401392
[2023-06-23T20:02:16Z INFO  dt_instance] received at 2023-06-23 20:02:16.828567584 UTC - from mc-1->source-3 "858" 20:02:16.827277560
[2023-06-23T20:02:19Z INFO  dt_instance] received at 2023-06-23 20:02:19.333891001 UTC - from mc-1->source-3 "863" 20:02:19.332726337
[2023-06-23T20:02:21Z INFO  dt_instance] received at 2023-06-23 20:02:21.839864254 UTC - from mc-1->source-3 "868" 20:02:21.838668410
[2023-06-23T20:02:24Z INFO  dt_instance] received at 2023-06-23 20:02:24.346977458 UTC - from mc-1->source-7 "863" 20:02:24.331816060
[2023-06-23T20:02:26Z INFO  dt_instance] received at 2023-06-23 20:02:26.852656957 UTC - from mc-1->source-3 "878" 20:02:26.851258251
[2023-06-23T20:02:29Z INFO  dt_instance] received at 2023-06-23 20:02:29.358374240 UTC - from mc-1->source-1 "888" 20:02:29.357315170
[2023-06-23T20:02:31Z INFO  dt_instance] received at 2023-06-23 20:02:31.864702944 UTC - from mc-1->source-3 "888" 20:02:31.863477904
[2023-06-23T20:02:34Z INFO  dt_instance] received at 2023-06-23 20:02:34.371892223 UTC - from mc-1->source-3 "893" 20:02:34.369089869
[2023-06-23T20:02:36Z INFO  dt_instance] received at 2023-06-23 20:02:36.887060406 UTC - from mc-1->source-1 "903" 20:02:36.874559265
[2023-06-23T20:02:39Z INFO  dt_instance] received at 2023-06-23 20:02:39.384617560 UTC - from mc-1->source-1 "908" 20:02:39.383433896
[2023-06-23T20:02:41Z INFO  dt_instance] received at 2023-06-23 20:02:41.890888440 UTC - from mc-1->source-1 "913" 20:02:41.889632400
[2023-06-23T20:02:44Z INFO  dt_instance] received at 2023-06-23 20:02:44.398545907 UTC - from mc-1->source-1 "918" 20:02:44.397315053
[2023-06-23T20:02:46Z INFO  dt_instance] received at 2023-06-23 20:02:46.904203850 UTC - from mc-1->source-1 "923" 20:02:46.902862031
[2023-06-23T20:02:49Z INFO  dt_instance] received at 2023-06-23 20:02:49.409096027 UTC - from mc-1->source-3 "923" 20:02:49.408015268
[2023-06-23T20:02:51Z INFO  dt_instance] received at 2023-06-23 20:02:51.913753374 UTC - from mc-1->source-1 "933" 20:02:51.912711432
[2023-06-23T20:02:54Z INFO  dt_instance] received at 2023-06-23 20:02:54.433305897 UTC - from mc-1->source-3 "933" 20:02:54.417721409
[2023-06-23T20:02:56Z INFO  dt_instance] received at 2023-06-23 20:02:56.923490316 UTC - from mc-1->source-1 "943" 20:02:56.922469903
[2023-06-23T20:02:59Z INFO  dt_instance] received at 2023-06-23 20:02:59.429897978 UTC - from mc-1->source-3 "943" 20:02:59.428667999
[2023-06-23T20:03:01Z INFO  dt_instance] received at 2023-06-23 20:03:01.936016899 UTC - from mc-1->source-1 "953" 20:03:01.935159864
[2023-06-23T20:03:04Z INFO  dt_instance] received at 2023-06-23 20:03:04.441695244 UTC - from mc-1->source-1 "958" 20:03:04.440516062
[2023-06-23T20:03:06Z INFO  dt_instance] received at 2023-06-23 20:03:06.946424559 UTC - from mc-1->source-1 "963" 20:03:06.945391641
[2023-06-23T20:03:09Z INFO  dt_instance] received at 2023-06-23 20:03:09.469136748 UTC - from mc-1->source-1 "968" 20:03:09.452125042
[2023-06-23T20:03:11Z INFO  dt_instance] received at 2023-06-23 20:03:11.960036168 UTC - from mc-1->source-1 "973" 20:03:11.959034288
[2023-06-23T20:03:14Z INFO  dt_instance] received at 2023-06-23 20:03:14.467028403 UTC - from mc-1->source-3 "973" 20:03:14.465945358
[2023-06-23T20:03:16Z INFO  dt_instance] received at 2023-06-23 20:03:16.972487376 UTC - from mc-1->source-3 "978" 20:03:16.971305430
[2023-06-23T20:03:19Z INFO  dt_instance] received at 2023-06-23 20:03:19.478084364 UTC - from mc-1->source-1 "988" 20:03:19.476749988
[2023-06-23T20:03:21Z INFO  dt_instance] received at 2023-06-23 20:03:21.982716746 UTC - from mc-1->source-3 "988" 20:03:21.981485400
[2023-06-23T20:03:24Z INFO  dt_instance] received at 2023-06-23 20:03:24.681543226 UTC - from mc-1->source-6 "986" 20:03:24.680314978
[2023-06-23T20:03:27Z INFO  dt_instance] received at 2023-06-23 20:03:27.949770355 UTC - from mc-1->source-9 "985" 20:03:27.948214942
[2023-06-23T20:03:34Z INFO  dt_instance] received at 2023-06-23 20:03:34.974079728 UTC - from mc-1->source-9 "999" 20:03:34.970719905
