[2023-06-23T19:53:05Z INFO  dt_instance] Current Twin: mc-twin-0
[2023-06-23T19:53:05Z INFO  dt_instance] Replica Name twin-mc-stateful-0
[2023-06-23T19:53:05Z INFO  dt_instance] Sleeping for 0
[2023-06-23T19:53:05Z INFO  dt_instance] Connecting to broker at emqx.dtwins:1883
[2023-06-23T19:53:05Z INFO  dt_instance] Loggin info each 50 messages
[2023-06-23T19:53:05Z INFO  dt_instance] Set max packet size to 60000 KB.
[2023-06-23T19:53:05Z INFO  dt_instance] Refreshing topics for twin - Listen to mc-0/#
[2023-06-23T19:53:05Z INFO  dt_instance] SubAck { pkid: 1, return_codes: [Success(ExactlyOnce)] }
[2023-06-23T19:54:15Z INFO  dt_instance] received at 2023-06-23 19:54:15.636952025 UTC - from mc-0->source-2 "9" 19:54:15.633182862
[2023-06-23T19:54:18Z INFO  dt_instance] received at 2023-06-23 19:54:18.891464716 UTC - from mc-0->source-3 "13" 19:54:18.888823498
[2023-06-23T19:54:21Z INFO  dt_instance] received at 2023-06-23 19:54:21.407290503 UTC - from mc-0->source-1 "23" 19:54:21.405312915
[2023-06-23T19:54:23Z INFO  dt_instance] received at 2023-06-23 19:54:23.926027947 UTC - from mc-0->source-1 "28" 19:54:23.923872880
[2023-06-23T19:54:26Z INFO  dt_instance] received at 2023-06-23 19:54:26.433389851 UTC - from mc-0->source-1 "33" 19:54:26.429867173
[2023-06-23T19:54:28Z INFO  dt_instance] received at 2023-06-23 19:54:28.936741856 UTC - from mc-0->source-1 "38" 19:54:28.935578499
[2023-06-23T19:54:31Z INFO  dt_instance] received at 2023-06-23 19:54:31.443260477 UTC - from mc-0->source-1 "43" 19:54:31.442187147
[2023-06-23T19:54:33Z INFO  dt_instance] received at 2023-06-23 19:54:33.954932261 UTC - from mc-0->source-1 "48" 19:54:33.949150420
[2023-06-23T19:54:36Z INFO  dt_instance] received at 2023-06-23 19:54:36.457067696 UTC - from mc-0->source-1 "53" 19:54:36.454767219
[2023-06-23T19:54:38Z INFO  dt_instance] received at 2023-06-23 19:54:38.961509929 UTC - from mc-0->source-1 "58" 19:54:38.960251428
[2023-06-23T19:54:41Z INFO  dt_instance] received at 2023-06-23 19:54:41.469727690 UTC - from mc-0->source-1 "63" 19:54:41.466600799
[2023-06-23T19:54:43Z INFO  dt_instance] received at 2023-06-23 19:54:43.976919853 UTC - from mc-0->source-1 "68" 19:54:43.976036362
[2023-06-23T19:54:46Z INFO  dt_instance] received at 2023-06-23 19:54:46.485365369 UTC - from mc-0->source-1 "73" 19:54:46.482008317
[2023-06-23T19:54:48Z INFO  dt_instance] received at 2023-06-23 19:54:48.993435746 UTC - from mc-0->source-1 "78" 19:54:48.988518418
[2023-06-23T19:54:51Z INFO  dt_instance] received at 2023-06-23 19:54:51.495595474 UTC - from mc-0->source-1 "83" 19:54:51.493496770
[2023-06-23T19:54:54Z INFO  dt_instance] received at 2023-06-23 19:54:54.000075704 UTC - from mc-0->source-1 "88" 19:54:53.998428120
[2023-06-23T19:54:56Z INFO  dt_instance] received at 2023-06-23 19:54:56.510900437 UTC - from mc-0->source-1 "93" 19:54:56.507969035
[2023-06-23T19:54:59Z INFO  dt_instance] received at 2023-06-23 19:54:59.015733704 UTC - from mc-0->source-1 "98" 19:54:59.014380172
[2023-06-23T19:55:01Z INFO  dt_instance] received at 2023-06-23 19:55:01.522099161 UTC - from mc-0->source-1 "103" 19:55:01.519433689
[2023-06-23T19:55:04Z INFO  dt_instance] received at 2023-06-23 19:55:04.031469120 UTC - from mc-0->source-1 "108" 19:55:04.025456895
[2023-06-23T19:55:06Z INFO  dt_instance] received at 2023-06-23 19:55:06.532569396 UTC - from mc-0->source-1 "113" 19:55:06.531641825
[2023-06-23T19:55:09Z INFO  dt_instance] received at 2023-06-23 19:55:09.047667586 UTC - from mc-0->source-1 "118" 19:55:09.046501708
[2023-06-23T19:55:11Z INFO  dt_instance] received at 2023-06-23 19:55:11.553184099 UTC - from mc-0->source-1 "123" 19:55:11.552312052
[2023-06-23T19:55:14Z INFO  dt_instance] received at 2023-06-23 19:55:14.058300886 UTC - from mc-0->source-1 "128" 19:55:14.057175536
[2023-06-23T19:55:16Z INFO  dt_instance] received at 2023-06-23 19:55:16.566147007 UTC - from mc-0->source-1 "133" 19:55:16.563014498
[2023-06-23T19:55:19Z INFO  dt_instance] received at 2023-06-23 19:55:19.070088013 UTC - from mc-0->source-1 "138" 19:55:19.069204686
[2023-06-23T19:55:21Z INFO  dt_instance] received at 2023-06-23 19:55:21.576376717 UTC - from mc-0->source-1 "143" 19:55:21.574908003
[2023-06-23T19:55:24Z INFO  dt_instance] received at 2023-06-23 19:55:24.081555585 UTC - from mc-0->source-1 "148" 19:55:24.080315642
[2023-06-23T19:55:26Z INFO  dt_instance] received at 2023-06-23 19:55:26.587103336 UTC - from mc-0->source-1 "153" 19:55:26.586044855
[2023-06-23T19:55:29Z INFO  dt_instance] received at 2023-06-23 19:55:29.094706083 UTC - from mc-0->source-1 "158" 19:55:29.093492669
[2023-06-23T19:55:31Z INFO  dt_instance] received at 2023-06-23 19:55:31.599593358 UTC - from mc-0->source-1 "163" 19:55:31.598491325
[2023-06-23T19:55:34Z INFO  dt_instance] received at 2023-06-23 19:55:34.105180783 UTC - from mc-0->source-1 "168" 19:55:34.103507963
[2023-06-23T19:55:36Z INFO  dt_instance] received at 2023-06-23 19:55:36.611327220 UTC - from mc-0->source-1 "173" 19:55:36.610180123
[2023-06-23T19:55:39Z INFO  dt_instance] received at 2023-06-23 19:55:39.123237177 UTC - from mc-0->source-1 "178" 19:55:39.120341428
[2023-06-23T19:55:41Z INFO  dt_instance] received at 2023-06-23 19:55:41.626987068 UTC - from mc-0->source-1 "183" 19:55:41.626285854
[2023-06-23T19:55:44Z INFO  dt_instance] received at 2023-06-23 19:55:44.133065820 UTC - from mc-0->source-1 "188" 19:55:44.131779701
[2023-06-23T19:55:46Z INFO  dt_instance] received at 2023-06-23 19:55:46.639024073 UTC - from mc-0->source-1 "193" 19:55:46.637819276
[2023-06-23T19:55:49Z INFO  dt_instance] received at 2023-06-23 19:55:49.143970186 UTC - from mc-0->source-1 "198" 19:55:49.143042641
[2023-06-23T19:55:51Z INFO  dt_instance] received at 2023-06-23 19:55:51.649074953 UTC - from mc-0->source-1 "203" 19:55:51.647971689
[2023-06-23T19:55:54Z INFO  dt_instance] received at 2023-06-23 19:55:54.154601679 UTC - from mc-0->source-1 "208" 19:55:54.153198086
[2023-06-23T19:55:56Z INFO  dt_instance] received at 2023-06-23 19:55:56.659924080 UTC - from mc-0->source-1 "213" 19:55:56.658714894
[2023-06-23T19:55:59Z INFO  dt_instance] received at 2023-06-23 19:55:59.166975795 UTC - from mc-0->source-1 "218" 19:55:59.165429584
[2023-06-23T19:56:01Z INFO  dt_instance] received at 2023-06-23 19:56:01.671070751 UTC - from mc-0->source-1 "223" 19:56:01.670186355
[2023-06-23T19:56:04Z INFO  dt_instance] received at 2023-06-23 19:56:04.176098503 UTC - from mc-0->source-1 "228" 19:56:04.175126625
[2023-06-23T19:56:06Z INFO  dt_instance] received at 2023-06-23 19:56:06.681374096 UTC - from mc-0->source-1 "233" 19:56:06.680313461
[2023-06-23T19:56:09Z INFO  dt_instance] received at 2023-06-23 19:56:09.186516832 UTC - from mc-0->source-1 "238" 19:56:09.185120364
[2023-06-23T19:56:11Z INFO  dt_instance] received at 2023-06-23 19:56:11.693139546 UTC - from mc-0->source-1 "243" 19:56:11.692167567
[2023-06-23T19:56:14Z INFO  dt_instance] received at 2023-06-23 19:56:14.198757035 UTC - from mc-0->source-1 "248" 19:56:14.197648288
[2023-06-23T19:56:16Z INFO  dt_instance] received at 2023-06-23 19:56:16.703826212 UTC - from mc-0->source-1 "253" 19:56:16.702612717
[2023-06-23T19:56:19Z INFO  dt_instance] received at 2023-06-23 19:56:19.209010324 UTC - from mc-0->source-1 "258" 19:56:19.207797902
[2023-06-23T19:56:21Z INFO  dt_instance] received at 2023-06-23 19:56:21.714126818 UTC - from mc-0->source-1 "263" 19:56:21.713330844
[2023-06-23T19:56:24Z INFO  dt_instance] received at 2023-06-23 19:56:24.219095377 UTC - from mc-0->source-1 "268" 19:56:24.218061735
[2023-06-23T19:56:26Z INFO  dt_instance] received at 2023-06-23 19:56:26.724808818 UTC - from mc-0->source-1 "273" 19:56:26.723517298
[2023-06-23T19:56:29Z INFO  dt_instance] received at 2023-06-23 19:56:29.229326540 UTC - from mc-0->source-1 "278" 19:56:29.228280698
[2023-06-23T19:56:31Z INFO  dt_instance] received at 2023-06-23 19:56:31.735253733 UTC - from mc-0->source-1 "283" 19:56:31.734145807
[2023-06-23T19:56:34Z INFO  dt_instance] received at 2023-06-23 19:56:34.240856617 UTC - from mc-0->source-1 "288" 19:56:34.239517944
[2023-06-23T19:56:36Z INFO  dt_instance] received at 2023-06-23 19:56:36.746154912 UTC - from mc-0->source-1 "293" 19:56:36.745326199
[2023-06-23T19:56:39Z INFO  dt_instance] received at 2023-06-23 19:56:39.258967883 UTC - from mc-0->source-1 "298" 19:56:39.251481483
[2023-06-23T19:56:41Z INFO  dt_instance] received at 2023-06-23 19:56:41.758741070 UTC - from mc-0->source-1 "303" 19:56:41.757365323
[2023-06-23T19:56:44Z INFO  dt_instance] received at 2023-06-23 19:56:44.264219440 UTC - from mc-0->source-1 "308" 19:56:44.263230058
[2023-06-23T19:56:46Z INFO  dt_instance] received at 2023-06-23 19:56:46.769066505 UTC - from mc-0->source-1 "313" 19:56:46.768222196
[2023-06-23T19:56:49Z INFO  dt_instance] received at 2023-06-23 19:56:49.275436643 UTC - from mc-0->source-1 "318" 19:56:49.274101963
[2023-06-23T19:56:51Z INFO  dt_instance] received at 2023-06-23 19:56:51.780171899 UTC - from mc-0->source-1 "323" 19:56:51.779141920
[2023-06-23T19:56:54Z INFO  dt_instance] received at 2023-06-23 19:56:54.286379420 UTC - from mc-0->source-1 "328" 19:56:54.285175718
[2023-06-23T19:56:56Z INFO  dt_instance] received at 2023-06-23 19:56:56.791401466 UTC - from mc-0->source-1 "333" 19:56:56.790293626
[2023-06-23T19:56:59Z INFO  dt_instance] received at 2023-06-23 19:56:59.296541636 UTC - from mc-0->source-1 "338" 19:56:59.295322321
[2023-06-23T19:57:01Z INFO  dt_instance] received at 2023-06-23 19:57:01.801048846 UTC - from mc-0->source-1 "343" 19:57:01.799900485
[2023-06-23T19:57:04Z INFO  dt_instance] received at 2023-06-23 19:57:04.307293499 UTC - from mc-0->source-1 "348" 19:57:04.306173801
[2023-06-23T19:57:06Z INFO  dt_instance] received at 2023-06-23 19:57:06.813485204 UTC - from mc-0->source-1 "353" 19:57:06.811747343
[2023-06-23T19:57:09Z INFO  dt_instance] received at 2023-06-23 19:57:09.318690688 UTC - from mc-0->source-1 "358" 19:57:09.317711389
[2023-06-23T19:57:11Z INFO  dt_instance] received at 2023-06-23 19:57:11.823975507 UTC - from mc-0->source-1 "363" 19:57:11.823152846
[2023-06-23T19:57:14Z INFO  dt_instance] received at 2023-06-23 19:57:14.329099734 UTC - from mc-0->source-1 "368" 19:57:14.328218240
[2023-06-23T19:57:16Z INFO  dt_instance] received at 2023-06-23 19:57:16.834294628 UTC - from mc-0->source-1 "373" 19:57:16.833227126
[2023-06-23T19:57:19Z INFO  dt_instance] received at 2023-06-23 19:57:19.339249137 UTC - from mc-0->source-1 "378" 19:57:19.338106488
[2023-06-23T19:57:21Z INFO  dt_instance] received at 2023-06-23 19:57:21.845988366 UTC - from mc-0->source-1 "383" 19:57:21.844024829
[2023-06-23T19:57:24Z INFO  dt_instance] received at 2023-06-23 19:57:24.350162244 UTC - from mc-0->source-1 "388" 19:57:24.349257881
[2023-06-23T19:57:26Z INFO  dt_instance] received at 2023-06-23 19:57:26.855275414 UTC - from mc-0->source-1 "393" 19:57:26.854188040
[2023-06-23T19:57:29Z INFO  dt_instance] received at 2023-06-23 19:57:29.360217314 UTC - from mc-0->source-1 "398" 19:57:29.359323411
[2023-06-23T19:57:31Z INFO  dt_instance] received at 2023-06-23 19:57:31.865002185 UTC - from mc-0->source-1 "403" 19:57:31.864087694
[2023-06-23T19:57:34Z INFO  dt_instance] received at 2023-06-23 19:57:34.371588221 UTC - from mc-0->source-1 "408" 19:57:34.370721539
[2023-06-23T19:57:36Z INFO  dt_instance] received at 2023-06-23 19:57:36.879336049 UTC - from mc-0->source-1 "413" 19:57:36.878180257
[2023-06-23T19:57:39Z INFO  dt_instance] received at 2023-06-23 19:57:39.385290047 UTC - from mc-0->source-1 "418" 19:57:39.384333897
[2023-06-23T19:57:41Z INFO  dt_instance] received at 2023-06-23 19:57:41.889910940 UTC - from mc-0->source-1 "423" 19:57:41.889108784
[2023-06-23T19:57:44Z INFO  dt_instance] received at 2023-06-23 19:57:44.397040107 UTC - from mc-0->source-1 "428" 19:57:44.396122987
[2023-06-23T19:57:46Z INFO  dt_instance] received at 2023-06-23 19:57:46.903228224 UTC - from mc-0->source-1 "433" 19:57:46.902358628
[2023-06-23T19:57:49Z INFO  dt_instance] received at 2023-06-23 19:57:49.410787005 UTC - from mc-0->source-1 "438" 19:57:49.409609617
[2023-06-23T19:57:51Z INFO  dt_instance] received at 2023-06-23 19:57:51.915454224 UTC - from mc-0->source-1 "443" 19:57:51.914506994
[2023-06-23T19:57:54Z INFO  dt_instance] received at 2023-06-23 19:57:54.421998758 UTC - from mc-0->source-1 "448" 19:57:54.420504294
[2023-06-23T19:57:56Z INFO  dt_instance] received at 2023-06-23 19:57:56.927099970 UTC - from mc-0->source-1 "453" 19:57:56.926028523
[2023-06-23T19:57:59Z INFO  dt_instance] received at 2023-06-23 19:57:59.433559955 UTC - from mc-0->source-1 "458" 19:57:59.432764105
[2023-06-23T19:58:01Z INFO  dt_instance] received at 2023-06-23 19:58:01.939657514 UTC - from mc-0->source-1 "463" 19:58:01.938546331
[2023-06-23T19:58:04Z INFO  dt_instance] received at 2023-06-23 19:58:04.445321150 UTC - from mc-0->source-1 "468" 19:58:04.444109068
[2023-06-23T19:58:06Z INFO  dt_instance] received at 2023-06-23 19:58:06.950550566 UTC - from mc-0->source-1 "473" 19:58:06.949450357
[2023-06-23T19:58:09Z INFO  dt_instance] received at 2023-06-23 19:58:09.457313017 UTC - from mc-0->source-1 "478" 19:58:09.456442397
[2023-06-23T19:58:11Z INFO  dt_instance] received at 2023-06-23 19:58:11.962478773 UTC - from mc-0->source-1 "483" 19:58:11.961247651
[2023-06-23T19:58:14Z INFO  dt_instance] received at 2023-06-23 19:58:14.466957251 UTC - from mc-0->source-1 "488" 19:58:14.466070596
[2023-06-23T19:58:16Z INFO  dt_instance] received at 2023-06-23 19:58:16.972618087 UTC - from mc-0->source-1 "493" 19:58:16.971158581
[2023-06-23T19:58:19Z INFO  dt_instance] received at 2023-06-23 19:58:19.477563069 UTC - from mc-0->source-1 "498" 19:58:19.476415621
[2023-06-23T19:58:21Z INFO  dt_instance] received at 2023-06-23 19:58:21.981965507 UTC - from mc-0->source-1 "503" 19:58:21.980832076
[2023-06-23T19:58:24Z INFO  dt_instance] received at 2023-06-23 19:58:24.488419020 UTC - from mc-0->source-1 "508" 19:58:24.487214084
[2023-06-23T19:58:26Z INFO  dt_instance] received at 2023-06-23 19:58:26.993026103 UTC - from mc-0->source-1 "513" 19:58:26.992186372
[2023-06-23T19:58:29Z INFO  dt_instance] received at 2023-06-23 19:58:29.499713503 UTC - from mc-0->source-1 "518" 19:58:29.498966842
[2023-06-23T19:58:32Z INFO  dt_instance] received at 2023-06-23 19:58:32.011431902 UTC - from mc-0->source-1 "523" 19:58:32.003986344
[2023-06-23T19:58:34Z INFO  dt_instance] received at 2023-06-23 19:58:34.511447425 UTC - from mc-0->source-1 "528" 19:58:34.510529075
[2023-06-23T19:58:37Z INFO  dt_instance] received at 2023-06-23 19:58:37.020254998 UTC - from mc-0->source-1 "533" 19:58:37.019365733
[2023-06-23T19:58:39Z INFO  dt_instance] received at 2023-06-23 19:58:39.526242853 UTC - from mc-0->source-1 "538" 19:58:39.525004988
[2023-06-23T19:58:42Z INFO  dt_instance] received at 2023-06-23 19:58:42.031662805 UTC - from mc-0->source-1 "543" 19:58:42.030979226
[2023-06-23T19:58:44Z INFO  dt_instance] received at 2023-06-23 19:58:44.536698677 UTC - from mc-0->source-1 "548" 19:58:44.535869847
[2023-06-23T19:58:47Z INFO  dt_instance] received at 2023-06-23 19:58:47.042140566 UTC - from mc-0->source-1 "553" 19:58:47.041229318
[2023-06-23T19:58:49Z INFO  dt_instance] received at 2023-06-23 19:58:49.548391295 UTC - from mc-0->source-1 "558" 19:58:49.546143049
[2023-06-23T19:58:52Z INFO  dt_instance] received at 2023-06-23 19:58:52.052330498 UTC - from mc-0->source-1 "563" 19:58:52.051033472
[2023-06-23T19:58:54Z INFO  dt_instance] received at 2023-06-23 19:58:54.558257517 UTC - from mc-0->source-1 "568" 19:58:54.556604722
[2023-06-23T19:58:57Z INFO  dt_instance] received at 2023-06-23 19:58:57.064411764 UTC - from mc-0->source-1 "573" 19:58:57.063475002
[2023-06-23T19:58:59Z INFO  dt_instance] received at 2023-06-23 19:58:59.570877817 UTC - from mc-0->source-1 "578" 19:58:59.570081665
[2023-06-23T19:59:02Z INFO  dt_instance] received at 2023-06-23 19:59:02.076227115 UTC - from mc-0->source-1 "583" 19:59:02.075251796
[2023-06-23T19:59:04Z INFO  dt_instance] received at 2023-06-23 19:59:04.581211939 UTC - from mc-0->source-1 "588" 19:59:04.580438668
[2023-06-23T19:59:07Z INFO  dt_instance] received at 2023-06-23 19:59:07.085934408 UTC - from mc-0->source-1 "593" 19:59:07.085086004
[2023-06-23T19:59:09Z INFO  dt_instance] received at 2023-06-23 19:59:09.593935228 UTC - from mc-0->source-7 "583" 19:59:09.586428384
[2023-06-23T19:59:12Z INFO  dt_instance] received at 2023-06-23 19:59:12.098047509 UTC - from mc-0->source-1 "603" 19:59:12.097105850
[2023-06-23T19:59:14Z INFO  dt_instance] received at 2023-06-23 19:59:14.603434701 UTC - from mc-0->source-1 "608" 19:59:14.602544175
[2023-06-23T19:59:17Z INFO  dt_instance] received at 2023-06-23 19:59:17.109793586 UTC - from mc-0->source-1 "613" 19:59:17.108415088
[2023-06-23T19:59:19Z INFO  dt_instance] received at 2023-06-23 19:59:19.615693001 UTC - from mc-0->source-3 "613" 19:59:19.613947557
[2023-06-23T19:59:22Z INFO  dt_instance] received at 2023-06-23 19:59:22.119939046 UTC - from mc-0->source-3 "618" 19:59:22.118868396
[2023-06-23T19:59:24Z INFO  dt_instance] received at 2023-06-23 19:59:24.625360782 UTC - from mc-0->source-7 "613" 19:59:24.623823649
[2023-06-23T19:59:27Z INFO  dt_instance] received at 2023-06-23 19:59:27.134633844 UTC - from mc-0->source-5 "623" 19:59:27.131203594
[2023-06-23T19:59:29Z INFO  dt_instance] received at 2023-06-23 19:59:29.641646145 UTC - from mc-0->source-5 "628" 19:59:29.639848460
[2023-06-23T19:59:32Z INFO  dt_instance] received at 2023-06-23 19:59:32.146371953 UTC - from mc-0->source-5 "633" 19:59:32.145081740
[2023-06-23T19:59:34Z INFO  dt_instance] received at 2023-06-23 19:59:34.651543585 UTC - from mc-0->source-5 "638" 19:59:34.650709897
[2023-06-23T19:59:37Z INFO  dt_instance] received at 2023-06-23 19:59:37.159898933 UTC - from mc-0->source-5 "643" 19:59:37.158805246
[2023-06-23T19:59:39Z INFO  dt_instance] received at 2023-06-23 19:59:39.666226542 UTC - from mc-0->source-5 "648" 19:59:39.664994607
[2023-06-23T19:59:42Z INFO  dt_instance] received at 2023-06-23 19:59:42.171543677 UTC - from mc-0->source-5 "653" 19:59:42.170650743
[2023-06-23T19:59:44Z INFO  dt_instance] received at 2023-06-23 19:59:44.676732024 UTC - from mc-0->source-5 "658" 19:59:44.675387703
[2023-06-23T19:59:47Z INFO  dt_instance] received at 2023-06-23 19:59:47.181083943 UTC - from mc-0->source-5 "663" 19:59:47.179959827
[2023-06-23T19:59:49Z INFO  dt_instance] received at 2023-06-23 19:59:49.687686351 UTC - from mc-0->source-5 "668" 19:59:49.684851918
[2023-06-23T19:59:52Z INFO  dt_instance] received at 2023-06-23 19:59:52.192855351 UTC - from mc-0->source-5 "673" 19:59:52.191841896
[2023-06-23T19:59:54Z INFO  dt_instance] received at 2023-06-23 19:59:54.697954546 UTC - from mc-0->source-5 "678" 19:59:54.696878561
[2023-06-23T19:59:57Z INFO  dt_instance] received at 2023-06-23 19:59:57.207095824 UTC - from mc-0->source-5 "683" 19:59:57.203665231
[2023-06-23T19:59:59Z INFO  dt_instance] received at 2023-06-23 19:59:59.709935582 UTC - from mc-0->source-5 "688" 19:59:59.708791460
[2023-06-23T20:00:02Z INFO  dt_instance] received at 2023-06-23 20:00:02.217146761 UTC - from mc-0->source-5 "693" 20:00:02.215179016
[2023-06-23T20:00:04Z INFO  dt_instance] received at 2023-06-23 20:00:04.724161658 UTC - from mc-0->source-5 "698" 20:00:04.719879285
[2023-06-23T20:00:07Z INFO  dt_instance] received at 2023-06-23 20:00:07.228760389 UTC - from mc-0->source-5 "703" 20:00:07.227820772
[2023-06-23T20:00:09Z INFO  dt_instance] received at 2023-06-23 20:00:09.738461420 UTC - from mc-0->source-1 "718" 20:00:09.737672315
[2023-06-23T20:00:12Z INFO  dt_instance] received at 2023-06-23 20:00:12.245348214 UTC - from mc-0->source-1 "723" 20:00:12.244134647
[2023-06-23T20:00:14Z INFO  dt_instance] received at 2023-06-23 20:00:14.749973753 UTC - from mc-0->source-1 "728" 20:00:14.748867147
[2023-06-23T20:00:17Z INFO  dt_instance] received at 2023-06-23 20:00:17.256885233 UTC - from mc-0->source-1 "733" 20:00:17.253930213
[2023-06-23T20:00:19Z INFO  dt_instance] received at 2023-06-23 20:00:19.763954849 UTC - from mc-0->source-1 "738" 20:00:19.759260161
[2023-06-23T20:00:22Z INFO  dt_instance] received at 2023-06-23 20:00:22.264915841 UTC - from mc-0->source-1 "743" 20:00:22.263958725
[2023-06-23T20:00:24Z INFO  dt_instance] received at 2023-06-23 20:00:24.770249359 UTC - from mc-0->source-5 "738" 20:00:24.769139482
[2023-06-23T20:00:27Z INFO  dt_instance] received at 2023-06-23 20:00:27.276214868 UTC - from mc-0->source-1 "753" 20:00:27.274384042
[2023-06-23T20:00:29Z INFO  dt_instance] received at 2023-06-23 20:00:29.782503438 UTC - from mc-0->source-1 "758" 20:00:29.780982585
[2023-06-23T20:00:32Z INFO  dt_instance] received at 2023-06-23 20:00:32.289553917 UTC - from mc-0->source-1 "763" 20:00:32.287290698
[2023-06-23T20:00:34Z INFO  dt_instance] received at 2023-06-23 20:00:34.795034956 UTC - from mc-0->source-1 "768" 20:00:34.792196854
[2023-06-23T20:00:37Z INFO  dt_instance] received at 2023-06-23 20:00:37.299429374 UTC - from mc-0->source-1 "773" 20:00:37.298501725
[2023-06-23T20:00:39Z INFO  dt_instance] received at 2023-06-23 20:00:39.805479486 UTC - from mc-0->source-1 "778" 20:00:39.804094085
[2023-06-23T20:00:42Z INFO  dt_instance] received at 2023-06-23 20:00:42.312366713 UTC - from mc-0->source-1 "783" 20:00:42.310933700
[2023-06-23T20:00:44Z INFO  dt_instance] received at 2023-06-23 20:00:44.818861589 UTC - from mc-0->source-3 "783" 20:00:44.817673807
[2023-06-23T20:00:47Z INFO  dt_instance] received at 2023-06-23 20:00:47.327125270 UTC - from mc-0->source-3 "788" 20:00:47.324310002
[2023-06-23T20:00:49Z INFO  dt_instance] received at 2023-06-23 20:00:49.830695656 UTC - from mc-0->source-3 "793" 20:00:49.829403620
[2023-06-23T20:00:52Z INFO  dt_instance] received at 2023-06-23 20:00:52.339375946 UTC - from mc-0->source-3 "798" 20:00:52.335978049
[2023-06-23T20:00:54Z INFO  dt_instance] received at 2023-06-23 20:00:54.844535103 UTC - from mc-0->source-3 "803" 20:00:54.843499226
[2023-06-23T20:00:57Z INFO  dt_instance] received at 2023-06-23 20:00:57.350770366 UTC - from mc-0->source-3 "808" 20:00:57.349862330
[2023-06-23T20:00:59Z INFO  dt_instance] received at 2023-06-23 20:00:59.859757815 UTC - from mc-0->source-3 "813" 20:00:59.857880304
[2023-06-23T20:01:02Z INFO  dt_instance] received at 2023-06-23 20:01:02.364676616 UTC - from mc-0->source-3 "818" 20:01:02.363053559
[2023-06-23T20:01:04Z INFO  dt_instance] received at 2023-06-23 20:01:04.871330469 UTC - from mc-0->source-3 "823" 20:01:04.869059280
[2023-06-23T20:01:07Z INFO  dt_instance] received at 2023-06-23 20:01:07.377252643 UTC - from mc-0->source-3 "828" 20:01:07.374787984
[2023-06-23T20:01:09Z INFO  dt_instance] received at 2023-06-23 20:01:09.882413803 UTC - from mc-0->source-3 "833" 20:01:09.881249370
[2023-06-23T20:01:12Z INFO  dt_instance] received at 2023-06-23 20:01:12.388825372 UTC - from mc-0->source-1 "843" 20:01:12.382981550
[2023-06-23T20:01:14Z INFO  dt_instance] received at 2023-06-23 20:01:14.893867299 UTC - from mc-0->source-3 "843" 20:01:14.892593325
[2023-06-23T20:01:17Z INFO  dt_instance] received at 2023-06-23 20:01:17.399832108 UTC - from mc-0->source-3 "848" 20:01:17.397411193
[2023-06-23T20:01:19Z INFO  dt_instance] received at 2023-06-23 20:01:19.904996088 UTC - from mc-0->source-3 "853" 20:01:19.903629702
[2023-06-23T20:01:22Z INFO  dt_instance] received at 2023-06-23 20:01:22.415738548 UTC - from mc-0->source-3 "858" 20:01:22.409038021
[2023-06-23T20:01:24Z INFO  dt_instance] received at 2023-06-23 20:01:24.918067065 UTC - from mc-0->source-3 "863" 20:01:24.916528742
[2023-06-23T20:01:27Z INFO  dt_instance] received at 2023-06-23 20:01:27.423221112 UTC - from mc-0->source-3 "868" 20:01:27.422099174
[2023-06-23T20:01:29Z INFO  dt_instance] received at 2023-06-23 20:01:29.928675083 UTC - from mc-0->source-1 "878" 20:01:29.927619477
[2023-06-23T20:01:32Z INFO  dt_instance] received at 2023-06-23 20:01:32.433925290 UTC - from mc-0->source-3 "878" 20:01:32.432482513
[2023-06-23T20:01:34Z INFO  dt_instance] received at 2023-06-23 20:01:34.938121708 UTC - from mc-0->source-3 "883" 20:01:34.937163315
[2023-06-23T20:01:37Z INFO  dt_instance] received at 2023-06-23 20:01:37.445237128 UTC - from mc-0->source-1 "893" 20:01:37.444495660
[2023-06-23T20:01:39Z INFO  dt_instance] received at 2023-06-23 20:01:39.952042097 UTC - from mc-0->source-1 "898" 20:01:39.950461261
[2023-06-23T20:01:42Z INFO  dt_instance] received at 2023-06-23 20:01:42.467703898 UTC - from mc-0->source-3 "898" 20:01:42.466381693
[2023-06-23T20:01:44Z INFO  dt_instance] received at 2023-06-23 20:01:44.974294350 UTC - from mc-0->source-3 "903" 20:01:44.971886240
[2023-06-23T20:01:47Z INFO  dt_instance] received at 2023-06-23 20:01:47.479882597 UTC - from mc-0->source-3 "908" 20:01:47.478215398
[2023-06-23T20:01:49Z INFO  dt_instance] received at 2023-06-23 20:01:49.987517088 UTC - from mc-0->source-3 "913" 20:01:49.984138819
[2023-06-23T20:01:52Z INFO  dt_instance] received at 2023-06-23 20:01:52.491442276 UTC - from mc-0->source-1 "923" 20:01:52.490379828
[2023-06-23T20:01:55Z INFO  dt_instance] received at 2023-06-23 20:01:55.004191906 UTC - from mc-0->source-1 "928" 20:01:55.000612161
[2023-06-23T20:01:57Z INFO  dt_instance] received at 2023-06-23 20:01:57.511762691 UTC - from mc-0->source-1 "933" 20:01:57.511119830
[2023-06-23T20:02:00Z INFO  dt_instance] received at 2023-06-23 20:02:00.017054610 UTC - from mc-0->source-1 "938" 20:02:00.015833838
[2023-06-23T20:02:02Z INFO  dt_instance] received at 2023-06-23 20:02:02.522597189 UTC - from mc-0->source-1 "943" 20:02:02.521541048
[2023-06-23T20:02:05Z INFO  dt_instance] received at 2023-06-23 20:02:05.027702214 UTC - from mc-0->source-1 "948" 20:02:05.026123575
[2023-06-23T20:02:07Z INFO  dt_instance] received at 2023-06-23 20:02:07.532688699 UTC - from mc-0->source-1 "953" 20:02:07.531632489
[2023-06-23T20:02:10Z INFO  dt_instance] received at 2023-06-23 20:02:10.038346615 UTC - from mc-0->source-1 "958" 20:02:10.036964272
[2023-06-23T20:02:12Z INFO  dt_instance] received at 2023-06-23 20:02:12.545777745 UTC - from mc-0->source-1 "963" 20:02:12.544554590
[2023-06-23T20:02:15Z INFO  dt_instance] received at 2023-06-23 20:02:15.052066386 UTC - from mc-0->source-1 "968" 20:02:15.049942708
[2023-06-23T20:02:17Z INFO  dt_instance] received at 2023-06-23 20:02:17.557333517 UTC - from mc-0->source-1 "973" 20:02:17.555889439
[2023-06-23T20:02:20Z INFO  dt_instance] received at 2023-06-23 20:02:20.065558848 UTC - from mc-0->source-1 "978" 20:02:20.064535920
[2023-06-23T20:02:22Z INFO  dt_instance] received at 2023-06-23 20:02:22.571448875 UTC - from mc-0->source-1 "983" 20:02:22.570208264
[2023-06-23T20:02:25Z INFO  dt_instance] received at 2023-06-23 20:02:25.079451607 UTC - from mc-0->source-1 "988" 20:02:25.076967579
[2023-06-23T20:02:27Z INFO  dt_instance] received at 2023-06-23 20:02:27.584010944 UTC - from mc-0->source-1 "993" 20:02:27.582729729
[2023-06-23T20:02:30Z INFO  dt_instance] received at 2023-06-23 20:02:30.255234804 UTC - from mc-0->source-8 "981" 20:02:30.253365530
[2023-06-23T20:02:33Z INFO  dt_instance] received at 2023-06-23 20:02:33.537460674 UTC - from mc-0->source-9 "985" 20:02:33.534147096
[2023-06-23T20:02:40Z INFO  dt_instance] received at 2023-06-23 20:02:40.550819752 UTC - from mc-0->source-9 "999" 20:02:40.548472789
