[2023-07-17T18:40:08Z INFO  dt_instance] Current Twin: mc-twin-18
[2023-07-17T18:40:08Z INFO  dt_instance] Replica Name twin-mc-stateful-18
[2023-07-17T18:40:08Z INFO  dt_instance] Sleeping for 900
[2023-07-17T18:55:08Z INFO  dt_instance] Connecting to broker at emqx.dtwins:1883
[2023-07-17T18:55:08Z INFO  dt_instance] Loggin info each 50 messages
[2023-07-17T18:55:08Z INFO  dt_instance] Set max packet size to 60000 KB.
[2023-07-17T18:55:08Z INFO  dt_instance] Refreshing topics for twin - Listen to mc-18/#
[2023-07-17T18:55:09Z INFO  dt_instance] SubAck { pkid: 1, return_codes: [Success(ExactlyOnce)] }
[2023-07-17T18:56:09Z INFO  dt_instance] received at 2023-07-17 18:56:09.155440770 UTC - from mc-18->source-4 "4" 18:56:09.096660864
[2023-07-17T18:56:12Z INFO  dt_instance] received at 2023-07-17 18:56:12.423812190 UTC - from mc-18->source-1 "18" 18:56:12.371116242
[2023-07-17T18:56:15Z INFO  dt_instance] received at 2023-07-17 18:56:15.033193623 UTC - from mc-18->source-3 "18" 18:56:14.876802605
[2023-07-17T18:56:17Z INFO  dt_instance] received at 2023-07-17 18:56:17.664271341 UTC - from mc-18->source-6 "16" 18:56:17.611945143
[2023-07-17T18:56:20Z INFO  dt_instance] received at 2023-07-17 18:56:20.205098605 UTC - from mc-18->source-5 "23" 18:56:19.870282087
[2023-07-17T18:56:22Z INFO  dt_instance] received at 2023-07-17 18:56:22.589744096 UTC - from mc-18->source-5 "28" 18:56:22.375583564
[2023-07-17T18:56:25Z INFO  dt_instance] received at 2023-07-17 18:56:25.070478283 UTC - from mc-18->source-1 "43" 18:56:24.902476185
[2023-07-17T18:56:27Z INFO  dt_instance] received at 2023-07-17 18:56:27.486449563 UTC - from mc-18->source-3 "43" 18:56:27.407404549
[2023-07-17T18:56:30Z INFO  dt_instance] received at 2023-07-17 18:56:30.003616527 UTC - from mc-18->source-3 "48" 18:56:29.912964597
[2023-07-17T18:56:32Z INFO  dt_instance] received at 2023-07-17 18:56:32.505142197 UTC - from mc-18->source-5 "48" 18:56:32.398962530
[2023-07-17T18:56:35Z INFO  dt_instance] received at 2023-07-17 18:56:35.030753520 UTC - from mc-18->source-1 "63" 18:56:34.926347723
[2023-07-17T18:56:37Z INFO  dt_instance] received at 2023-07-17 18:56:37.490686022 UTC - from mc-18->source-1 "68" 18:56:37.432390379
[2023-07-17T18:56:40Z INFO  dt_instance] received at 2023-07-17 18:56:40.012731291 UTC - from mc-18->source-3 "68" 18:56:39.935270589
[2023-07-17T18:56:42Z INFO  dt_instance] received at 2023-07-17 18:56:42.640221807 UTC - from mc-18->source-5 "68" 18:56:42.423766278
[2023-07-17T18:56:45Z INFO  dt_instance] received at 2023-07-17 18:56:45.031716624 UTC - from mc-18->source-1 "83" 18:56:44.951463365
[2023-07-17T18:56:47Z INFO  dt_instance] received at 2023-07-17 18:56:47.532948378 UTC - from mc-18->source-1 "88" 18:56:47.456377914
[2023-07-17T18:56:50Z INFO  dt_instance] received at 2023-07-17 18:56:50.052075491 UTC - from mc-18->source-5 "83" 18:56:49.942865055
[2023-07-17T18:56:52Z INFO  dt_instance] received at 2023-07-17 18:56:52.735079575 UTC - from mc-18->source-6 "86" 18:56:52.722132661
[2023-07-17T18:56:55Z INFO  dt_instance] received at 2023-07-17 18:56:55.085168979 UTC - from mc-18->source-3 "98" 18:56:54.969740548
[2023-07-17T18:56:57Z INFO  dt_instance] received at 2023-07-17 18:56:57.795493874 UTC - from mc-18->source-0 "111" 18:56:57.733482975
[2023-07-17T18:57:00Z INFO  dt_instance] received at 2023-07-17 18:57:00.165839570 UTC - from mc-18->source-3 "108" 18:56:59.984074383
[2023-07-17T18:57:02Z INFO  dt_instance] received at 2023-07-17 18:57:02.696060519 UTC - from mc-18->source-3 "113" 18:57:02.488944154
[2023-07-17T18:57:05Z INFO  dt_instance] received at 2023-07-17 18:57:05.260096118 UTC - from mc-18->source-3 "118" 18:57:04.994750270
[2023-07-17T18:57:07Z INFO  dt_instance] received at 2023-07-17 18:57:07.596459879 UTC - from mc-18->source-1 "128" 18:57:07.501628737
[2023-07-17T18:57:10Z INFO  dt_instance] received at 2023-07-17 18:57:10.174246988 UTC - from mc-18->source-1 "133" 18:57:10.007648351
[2023-07-17T18:57:12Z INFO  dt_instance] received at 2023-07-17 18:57:12.754795997 UTC - from mc-18->source-1 "138" 18:57:12.515215257
[2023-07-17T18:57:15Z INFO  dt_instance] received at 2023-07-17 18:57:15.070987124 UTC - from mc-18->source-1 "143" 18:57:15.027563914
[2023-07-17T18:57:17Z INFO  dt_instance] received at 2023-07-17 18:57:17.616686150 UTC - from mc-18->source-5 "138" 18:57:17.520791984
[2023-07-17T18:57:20Z INFO  dt_instance] received at 2023-07-17 18:57:20.195986540 UTC - from mc-18->source-1 "153" 18:57:20.040362360
[2023-07-17T18:57:22Z INFO  dt_instance] received at 2023-07-17 18:57:22.766333506 UTC - from mc-18->source-1 "158" 18:57:22.546386338
[2023-07-17T18:57:25Z INFO  dt_instance] received at 2023-07-17 18:57:25.559651414 UTC - from mc-18->source-7 "149" 18:57:25.542913962
[2023-07-17T18:57:28Z INFO  dt_instance] received at 2023-07-17 18:57:28.192483606 UTC - from mc-18->source-4 "160" 18:57:27.317832873
[2023-07-17T18:57:30Z INFO  dt_instance] received at 2023-07-17 18:57:30.584659898 UTC - from mc-18->source-2 "170" 18:57:29.826583080
[2023-07-17T18:57:32Z INFO  dt_instance] received at 2023-07-17 18:57:32.977069967 UTC - from mc-18->source-1 "178" 18:57:32.568916509
[2023-07-17T18:57:35Z INFO  dt_instance] received at 2023-07-17 18:57:35.892831522 UTC - from mc-18->source-0 "187" 18:57:35.840789170
[2023-07-17T18:57:38Z INFO  dt_instance] received at 2023-07-17 18:57:38.840772957 UTC - from mc-18->source-3 "182" 18:57:37.071314654
[2023-07-17T18:57:41Z INFO  dt_instance] received at 2023-07-17 18:57:41.360412912 UTC - from mc-18->source-6 "183" 18:57:41.339264061
[2023-07-17T18:57:43Z INFO  dt_instance] received at 2023-07-17 18:57:43.858036143 UTC - from mc-18->source-6 "188" 18:57:43.843889674
[2023-07-17T18:57:46Z INFO  dt_instance] received at 2023-07-17 18:57:46.440919483 UTC - from mc-18->source-2 "199" 18:57:44.364684676
[2023-07-17T18:57:48Z INFO  dt_instance] received at 2023-07-17 18:57:48.614810566 UTC - from mc-18->source-5 "197" 18:57:47.101525506
[2023-07-17T18:57:50Z INFO  dt_instance] received at 2023-07-17 18:57:50.516188182 UTC - from mc-18->source-1 "213" 18:57:50.110270391
[2023-07-17T18:57:53Z INFO  dt_instance] received at 2023-07-17 18:57:53.125434082 UTC - from mc-18->source-9 "199" 18:57:53.104829872
[2023-07-17T18:57:55Z INFO  dt_instance] received at 2023-07-17 18:57:55.542563463 UTC - from mc-18->source-1 "223" 18:57:55.125418036
[2023-07-17T18:57:57Z INFO  dt_instance] received at 2023-07-17 18:57:57.982984020 UTC - from mc-18->source-3 "223" 18:57:57.621243665
[2023-07-17T18:58:00Z INFO  dt_instance] received at 2023-07-17 18:58:00.670890269 UTC - from mc-18->source-9 "214" 18:58:00.622682170
[2023-07-17T18:58:03Z INFO  dt_instance] received at 2023-07-17 18:58:03.936293971 UTC - from mc-18->source-6 "228" 18:58:03.897693234
[2023-07-17T18:58:05Z INFO  dt_instance] received at 2023-07-17 18:58:05.914482046 UTC - from mc-18->source-2 "240" 18:58:04.910037478
[2023-07-17T18:58:08Z INFO  dt_instance] received at 2023-07-17 18:58:08.430791679 UTC - from mc-18->source-0 "252" 18:58:08.421548637
[2023-07-17T18:58:11Z INFO  dt_instance] received at 2023-07-17 18:58:11.716824024 UTC - from mc-18->source-8 "234" 18:58:09.373216677
[2023-07-17T18:58:13Z INFO  dt_instance] received at 2023-07-17 18:58:13.868732633 UTC - from mc-18->source-3 "252" 18:58:12.154003077
[2023-07-17T18:58:16Z INFO  dt_instance] received at 2023-07-17 18:58:16.635257335 UTC - from mc-18->source-2 "259" 18:58:14.436374328
[2023-07-17T18:58:19Z INFO  dt_instance] received at 2023-07-17 18:58:19.494780328 UTC - from mc-18->source-3 "261" 18:58:16.666789131
[2023-07-17T18:58:21Z INFO  dt_instance] received at 2023-07-17 18:58:21.953801873 UTC - from mc-18->source-6 "264" 18:58:21.938306314
[2023-07-17T18:58:25Z INFO  dt_instance] received at 2023-07-17 18:58:25.009577696 UTC - from mc-18->source-8 "258" 18:58:21.410780486
[2023-07-17T18:58:27Z INFO  dt_instance] received at 2023-07-17 18:58:27.239592442 UTC - from mc-18->source-4 "273" 18:58:23.949067027
[2023-07-17T18:58:29Z INFO  dt_instance] received at 2023-07-17 18:58:29.840972149 UTC - from mc-18->source-4 "278" 18:58:26.453773176
[2023-07-17T18:58:32Z INFO  dt_instance] received at 2023-07-17 18:58:32.228683266 UTC - from mc-18->source-9 "277" 18:58:32.198554630
[2023-07-17T18:58:34Z INFO  dt_instance] received at 2023-07-17 18:58:34.742578161 UTC - from mc-18->source-9 "282" 18:58:34.704803960
[2023-07-17T18:58:37Z INFO  dt_instance] received at 2023-07-17 18:58:37.241541920 UTC - from mc-18->source-9 "287" 18:58:37.210357897
[2023-07-17T18:58:39Z INFO  dt_instance] received at 2023-07-17 18:58:39.764149468 UTC - from mc-18->source-7 "297" 18:58:39.731372384
[2023-07-17T18:58:42Z INFO  dt_instance] received at 2023-07-17 18:58:42.203574578 UTC - from mc-18->source-3 "306" 18:58:39.217217163
[2023-07-17T18:58:44Z INFO  dt_instance] received at 2023-07-17 18:58:44.429515908 UTC - from mc-18->source-3 "311" 18:58:41.723467218
[2023-07-17T18:58:47Z INFO  dt_instance] received at 2023-07-17 18:58:47.271018372 UTC - from mc-18->source-9 "307" 18:58:47.247692927
[2023-07-17T18:58:50Z INFO  dt_instance] received at 2023-07-17 18:58:50.098819129 UTC - from mc-18->source-0 "335" 18:58:50.038408272
[2023-07-17T18:58:53Z INFO  dt_instance] received at 2023-07-17 18:58:53.052357607 UTC - from mc-18->source-6 "326" 18:58:53.029610726
[2023-07-17T18:58:55Z INFO  dt_instance] received at 2023-07-17 18:58:55.376054526 UTC - from mc-18->source-3 "330" 18:58:51.257290450
[2023-07-17T18:58:57Z INFO  dt_instance] received at 2023-07-17 18:58:57.853017870 UTC - from mc-18->source-1 "340" 18:58:53.762824316
[2023-07-17T18:59:00Z INFO  dt_instance] received at 2023-07-17 18:59:00.258595652 UTC - from mc-18->source-1 "345" 18:58:56.269250882
[2023-07-17T18:59:03Z INFO  dt_instance] received at 2023-07-17 18:59:03.031282523 UTC - from mc-18->source-1 "350" 18:58:58.777678978
[2023-07-17T18:59:05Z INFO  dt_instance] received at 2023-07-17 18:59:05.089256214 UTC - from mc-18->source-0 "365" 18:59:05.075236290
[2023-07-17T18:59:07Z INFO  dt_instance] received at 2023-07-17 18:59:07.185718858 UTC - from mc-18->source-3 "356" 18:59:04.291832515
[2023-07-17T18:59:08Z INFO  dt_instance] received at 2023-07-17 18:59:08.739669722 UTC - from mc-18->source-5 "357" 18:59:07.301513233
[2023-07-17T18:59:10Z INFO  dt_instance] received at 2023-07-17 18:59:10.520443362 UTC - from mc-18->source-1 "373" 18:59:10.307481214
[2023-07-17T18:59:12Z INFO  dt_instance] received at 2023-07-17 18:59:12.930096456 UTC - from mc-18->source-5 "368" 18:59:12.817674832
[2023-07-17T18:59:15Z INFO  dt_instance] received at 2023-07-17 18:59:15.505245915 UTC - from mc-18->source-1 "383" 18:59:15.329690810
[2023-07-17T18:59:17Z INFO  dt_instance] received at 2023-07-17 18:59:17.972256810 UTC - from mc-18->source-1 "388" 18:59:17.849002334
[2023-07-17T18:59:20Z INFO  dt_instance] received at 2023-07-17 18:59:20.460314549 UTC - from mc-18->source-1 "393" 18:59:20.354741698
[2023-07-17T18:59:22Z INFO  dt_instance] received at 2023-07-17 18:59:22.972486032 UTC - from mc-18->source-1 "398" 18:59:22.860004311
[2023-07-17T18:59:25Z INFO  dt_instance] received at 2023-07-17 18:59:25.549993156 UTC - from mc-18->source-5 "393" 18:59:25.348507371
[2023-07-17T18:59:28Z INFO  dt_instance] received at 2023-07-17 18:59:28.186473338 UTC - from mc-18->source-3 "403" 18:59:27.858748708
[2023-07-17T18:59:30Z INFO  dt_instance] received at 2023-07-17 18:59:30.552678158 UTC - from mc-18->source-1 "413" 18:59:30.384055943
[2023-07-17T18:59:32Z INFO  dt_instance] received at 2023-07-17 18:59:32.945190195 UTC - from mc-18->source-1 "418" 18:59:32.889101254
[2023-07-17T18:59:35Z INFO  dt_instance] received at 2023-07-17 18:59:35.540376909 UTC - from mc-18->source-1 "423" 18:59:35.396857101
[2023-07-17T18:59:38Z INFO  dt_instance] received at 2023-07-17 18:59:38.678940148 UTC - from mc-18->source-0 "432" 18:59:38.659710697
[2023-07-17T18:59:41Z INFO  dt_instance] received at 2023-07-17 18:59:41.533297431 UTC - from mc-18->source-5 "422" 18:59:39.879939960
[2023-07-17T18:59:44Z INFO  dt_instance] received at 2023-07-17 18:59:44.432768098 UTC - from mc-18->source-7 "426" 18:59:44.411486420
[2023-07-17T18:59:46Z INFO  dt_instance] received at 2023-07-17 18:59:46.964963740 UTC - from mc-18->source-7 "431" 18:59:46.927029722
[2023-07-17T18:59:49Z INFO  dt_instance] received at 2023-07-17 18:59:49.458905167 UTC - from mc-18->source-7 "436" 18:59:49.440528794
[2023-07-17T18:59:51Z INFO  dt_instance] received at 2023-07-17 18:59:51.521199601 UTC - from mc-18->source-3 "447" 18:59:49.917718196
[2023-07-17T18:59:53Z INFO  dt_instance] received at 2023-07-17 18:59:53.468528176 UTC - from mc-18->source-9 "439" 18:59:53.423054617
[2023-07-17T18:59:55Z INFO  dt_instance] received at 2023-07-17 18:59:55.975202075 UTC - from mc-18->source-9 "444" 18:59:55.928930132
[2023-07-17T18:59:58Z INFO  dt_instance] received at 2023-07-17 18:59:58.452890602 UTC - from mc-18->source-9 "449" 18:59:58.433866402
[2023-07-17T19:00:00Z INFO  dt_instance] received at 2023-07-17 19:00:00.869970465 UTC - from mc-18->source-5 "463" 19:00:00.432601325
[2023-07-17T19:00:03Z INFO  dt_instance] received at 2023-07-17 19:00:03.058794597 UTC - from mc-18->source-1 "478" 19:00:02.970249790
[2023-07-17T19:00:05Z INFO  dt_instance] received at 2023-07-17 19:00:05.802311860 UTC - from mc-18->source-5 "473" 19:00:05.453237134
[2023-07-17T19:00:08Z INFO  dt_instance] received at 2023-07-17 19:00:08.186031345 UTC - from mc-18->source-1 "488" 19:00:07.981129822
[2023-07-17T19:00:10Z INFO  dt_instance] received at 2023-07-17 19:00:10.882424334 UTC - from mc-18->source-5 "483" 19:00:10.464366421
[2023-07-17T19:00:13Z INFO  dt_instance] received at 2023-07-17 19:00:13.025314505 UTC - from mc-18->source-1 "498" 19:00:12.995562250
[2023-07-17T19:00:15Z INFO  dt_instance] received at 2023-07-17 19:00:15.885675094 UTC - from mc-18->source-5 "493" 19:00:15.482206189
[2023-07-17T19:00:18Z INFO  dt_instance] received at 2023-07-17 19:00:18.330301789 UTC - from mc-18->source-0 "511" 19:00:18.259188735
[2023-07-17T19:00:20Z INFO  dt_instance] received at 2023-07-17 19:00:20.578008365 UTC - from mc-18->source-1 "513" 19:00:20.512664936
[2023-07-17T19:00:23Z INFO  dt_instance] received at 2023-07-17 19:00:23.048402613 UTC - from mc-18->source-1 "518" 19:00:23.018587454
[2023-07-17T19:00:25Z INFO  dt_instance] received at 2023-07-17 19:00:25.960658984 UTC - from mc-18->source-3 "518" 19:00:25.503596426
[2023-07-17T19:00:28Z INFO  dt_instance] received at 2023-07-17 19:00:28.588935925 UTC - from mc-18->source-7 "514" 19:00:28.530545969
[2023-07-17T19:00:30Z INFO  dt_instance] received at 2023-07-17 19:00:30.916162271 UTC - from mc-18->source-3 "528" 19:00:30.514934130
[2023-07-17T19:00:33Z INFO  dt_instance] received at 2023-07-17 19:00:33.228629741 UTC - from mc-18->source-1 "538" 19:00:33.042502320
[2023-07-17T19:00:35Z INFO  dt_instance] received at 2023-07-17 19:00:35.581885805 UTC - from mc-18->source-1 "543" 19:00:35.546974934
[2023-07-17T19:00:38Z INFO  dt_instance] received at 2023-07-17 19:00:38.312325974 UTC - from mc-18->source-1 "548" 19:00:38.051988745
[2023-07-17T19:00:40Z INFO  dt_instance] received at 2023-07-17 19:00:40.612997132 UTC - from mc-18->source-1 "553" 19:00:40.557409310
[2023-07-17T19:00:43Z INFO  dt_instance] received at 2023-07-17 19:00:43.316465615 UTC - from mc-18->source-1 "558" 19:00:43.062287799
[2023-07-17T19:00:45Z INFO  dt_instance] received at 2023-07-17 19:00:45.606329064 UTC - from mc-18->source-1 "563" 19:00:45.568694009
[2023-07-17T19:00:48Z INFO  dt_instance] received at 2023-07-17 19:00:48.436347078 UTC - from mc-18->source-3 "563" 19:00:48.058073799
[2023-07-17T19:00:51Z INFO  dt_instance] received at 2023-07-17 19:00:51.039681320 UTC - from mc-18->source-3 "568" 19:00:50.563454314
[2023-07-17T19:00:53Z INFO  dt_instance] received at 2023-07-17 19:00:53.229984759 UTC - from mc-18->source-1 "578" 19:00:53.086225135
[2023-07-17T19:00:55Z INFO  dt_instance] received at 2023-07-17 19:00:55.623807867 UTC - from mc-18->source-1 "583" 19:00:55.591200897
[2023-07-17T19:00:58Z INFO  dt_instance] received at 2023-07-17 19:00:58.511856019 UTC - from mc-18->source-5 "578" 19:00:58.090547845
[2023-07-17T19:01:00Z INFO  dt_instance] received at 2023-07-17 19:01:00.820910694 UTC - from mc-18->source-1 "593" 19:01:00.603548970
[2023-07-17T19:01:03Z INFO  dt_instance] received at 2023-07-17 19:01:03.124708247 UTC - from mc-18->source-1 "598" 19:01:03.108673370
[2023-07-17T19:01:05Z INFO  dt_instance] received at 2023-07-17 19:01:05.942900790 UTC - from mc-18->source-3 "598" 19:01:05.598759617
[2023-07-17T19:01:08Z INFO  dt_instance] received at 2023-07-17 19:01:08.351854637 UTC - from mc-18->source-1 "608" 19:01:08.122756148
[2023-07-17T19:01:10Z INFO  dt_instance] received at 2023-07-17 19:01:10.743469928 UTC - from mc-18->source-1 "613" 19:01:10.629662218
[2023-07-17T19:01:13Z INFO  dt_instance] received at 2023-07-17 19:01:13.155262507 UTC - from mc-18->source-1 "618" 19:01:13.137106714
[2023-07-17T19:01:15Z INFO  dt_instance] received at 2023-07-17 19:01:15.747813234 UTC - from mc-18->source-1 "623" 19:01:15.643981919
[2023-07-17T19:01:18Z INFO  dt_instance] received at 2023-07-17 19:01:18.373441606 UTC - from mc-18->source-9 "608" 19:01:18.134460443
[2023-07-17T19:01:20Z INFO  dt_instance] received at 2023-07-17 19:01:20.678590332 UTC - from mc-18->source-1 "633" 19:01:20.656582840
[2023-07-17T19:01:23Z INFO  dt_instance] received at 2023-07-17 19:01:23.176870392 UTC - from mc-18->source-1 "638" 19:01:23.161400385
[2023-07-17T19:01:25Z INFO  dt_instance] received at 2023-07-17 19:01:25.857570307 UTC - from mc-18->source-1 "643" 19:01:25.667177843
[2023-07-17T19:01:28Z INFO  dt_instance] received at 2023-07-17 19:01:28.217872052 UTC - from mc-18->source-1 "648" 19:01:28.172035093
[2023-07-17T19:01:30Z INFO  dt_instance] received at 2023-07-17 19:01:30.707880340 UTC - from mc-18->source-1 "653" 19:01:30.677468492
[2023-07-17T19:01:33Z INFO  dt_instance] received at 2023-07-17 19:01:33.202750196 UTC - from mc-18->source-1 "658" 19:01:33.182689851
[2023-07-17T19:01:35Z INFO  dt_instance] received at 2023-07-17 19:01:35.791342918 UTC - from mc-18->source-1 "663" 19:01:35.688741925
[2023-07-17T19:01:38Z INFO  dt_instance] received at 2023-07-17 19:01:38.291070615 UTC - from mc-18->source-1 "668" 19:01:38.193779992
[2023-07-17T19:01:40Z INFO  dt_instance] received at 2023-07-17 19:01:40.722718860 UTC - from mc-18->source-1 "673" 19:01:40.699719157
[2023-07-17T19:01:43Z INFO  dt_instance] received at 2023-07-17 19:01:43.220682261 UTC - from mc-18->source-1 "678" 19:01:43.204766251
[2023-07-17T19:01:45Z INFO  dt_instance] received at 2023-07-17 19:01:45.985245221 UTC - from mc-18->source-0 "686" 19:01:45.972803500
[2023-07-17T19:01:48Z INFO  dt_instance] received at 2023-07-17 19:01:48.568963645 UTC - from mc-18->source-3 "683" 19:01:48.201663666
[2023-07-17T19:01:50Z INFO  dt_instance] received at 2023-07-17 19:01:50.865793214 UTC - from mc-18->source-1 "693" 19:01:50.721566228
[2023-07-17T19:01:53Z INFO  dt_instance] received at 2023-07-17 19:01:53.340979862 UTC - from mc-18->source-1 "698" 19:01:53.226039962
[2023-07-17T19:01:55Z INFO  dt_instance] received at 2023-07-17 19:01:55.995058012 UTC - from mc-18->source-1 "703" 19:01:55.733386723
[2023-07-17T19:01:58Z INFO  dt_instance] received at 2023-07-17 19:01:58.474773548 UTC - from mc-18->source-1 "708" 19:01:58.238779677
[2023-07-17T19:02:00Z INFO  dt_instance] received at 2023-07-17 19:02:00.834433359 UTC - from mc-18->source-5 "703" 19:02:00.745684407
[2023-07-17T19:02:03Z INFO  dt_instance] received at 2023-07-17 19:02:03.269759974 UTC - from mc-18->source-1 "718" 19:02:03.252969878
[2023-07-17T19:02:05Z INFO  dt_instance] received at 2023-07-17 19:02:05.876056587 UTC - from mc-18->source-1 "723" 19:02:05.757853640
[2023-07-17T19:02:08Z INFO  dt_instance] received at 2023-07-17 19:02:08.531334145 UTC - from mc-18->source-5 "718" 19:02:08.264637653
[2023-07-17T19:02:10Z INFO  dt_instance] received at 2023-07-17 19:02:10.812432836 UTC - from mc-18->source-5 "723" 19:02:10.770152036
[2023-07-17T19:02:13Z INFO  dt_instance] received at 2023-07-17 19:02:13.307899113 UTC - from mc-18->source-5 "728" 19:02:13.275102807
[2023-07-17T19:02:15Z INFO  dt_instance] received at 2023-07-17 19:02:15.857758582 UTC - from mc-18->source-1 "743" 19:02:15.779755840
[2023-07-17T19:02:18Z INFO  dt_instance] received at 2023-07-17 19:02:18.497153996 UTC - from mc-18->source-5 "738" 19:02:18.286771064
[2023-07-17T19:02:21Z INFO  dt_instance] received at 2023-07-17 19:02:21.193050425 UTC - from mc-18->source-3 "748" 19:02:20.788686528
[2023-07-17T19:02:23Z INFO  dt_instance] received at 2023-07-17 19:02:23.334218754 UTC - from mc-18->source-5 "748" 19:02:23.296722603
[2023-07-17T19:02:25Z INFO  dt_instance] received at 2023-07-17 19:02:25.823221122 UTC - from mc-18->source-5 "753" 19:02:25.803812668
[2023-07-17T19:02:28Z INFO  dt_instance] received at 2023-07-17 19:02:28.526954284 UTC - from mc-18->source-9 "748" 19:02:28.305872959
[2023-07-17T19:02:30Z INFO  dt_instance] received at 2023-07-17 19:02:30.911688429 UTC - from mc-18->source-1 "773" 19:02:30.818310185
[2023-07-17T19:02:33Z INFO  dt_instance] received at 2023-07-17 19:02:33.338827772 UTC - from mc-18->source-1 "778" 19:02:33.324001385
[2023-07-17T19:02:35Z INFO  dt_instance] received at 2023-07-17 19:02:35.842330696 UTC - from mc-18->source-1 "783" 19:02:35.829460707
[2023-07-17T19:02:38Z INFO  dt_instance] received at 2023-07-17 19:02:38.390034306 UTC - from mc-18->source-1 "788" 19:02:38.337283732
[2023-07-17T19:02:40Z INFO  dt_instance] received at 2023-07-17 19:02:40.939650940 UTC - from mc-18->source-1 "793" 19:02:40.843282219
[2023-07-17T19:02:43Z INFO  dt_instance] received at 2023-07-17 19:02:43.394120333 UTC - from mc-18->source-1 "798" 19:02:43.347812491
[2023-07-17T19:02:45Z INFO  dt_instance] received at 2023-07-17 19:02:45.871113433 UTC - from mc-18->source-1 "803" 19:02:45.853370778
[2023-07-17T19:02:48Z INFO  dt_instance] received at 2023-07-17 19:02:48.391702144 UTC - from mc-18->source-1 "808" 19:02:48.357859759
[2023-07-17T19:02:50Z INFO  dt_instance] received at 2023-07-17 19:02:50.882486921 UTC - from mc-18->source-1 "813" 19:02:50.862692566
[2023-07-17T19:02:53Z INFO  dt_instance] received at 2023-07-17 19:02:53.393698518 UTC - from mc-18->source-1 "818" 19:02:53.368876516
[2023-07-17T19:02:55Z INFO  dt_instance] received at 2023-07-17 19:02:55.898705622 UTC - from mc-18->source-1 "823" 19:02:55.873843866
[2023-07-17T19:02:58Z INFO  dt_instance] received at 2023-07-17 19:02:58.406853444 UTC - from mc-18->source-1 "828" 19:02:58.379709740
[2023-07-17T19:03:00Z INFO  dt_instance] received at 2023-07-17 19:03:00.896694863 UTC - from mc-18->source-1 "833" 19:03:00.885742390
[2023-07-17T19:03:03Z INFO  dt_instance] received at 2023-07-17 19:03:03.408965195 UTC - from mc-18->source-1 "838" 19:03:03.392565765
[2023-07-17T19:03:05Z INFO  dt_instance] received at 2023-07-17 19:03:05.913258493 UTC - from mc-18->source-5 "833" 19:03:05.900803173
[2023-07-17T19:03:08Z INFO  dt_instance] received at 2023-07-17 19:03:08.457332018 UTC - from mc-18->source-3 "843" 19:03:08.408574386
[2023-07-17T19:03:10Z INFO  dt_instance] received at 2023-07-17 19:03:10.931926837 UTC - from mc-18->source-3 "848" 19:03:10.913741556
[2023-07-17T19:03:13Z INFO  dt_instance] received at 2023-07-17 19:03:13.438269059 UTC - from mc-18->source-3 "853" 19:03:13.419446312
[2023-07-17T19:03:15Z INFO  dt_instance] received at 2023-07-17 19:03:15.939086306 UTC - from mc-18->source-3 "858" 19:03:15.924053054
[2023-07-17T19:03:18Z INFO  dt_instance] received at 2023-07-17 19:03:18.495602198 UTC - from mc-18->source-3 "863" 19:03:18.429113209
[2023-07-17T19:03:20Z INFO  dt_instance] received at 2023-07-17 19:03:20.986077088 UTC - from mc-18->source-5 "863" 19:03:20.934193885
[2023-07-17T19:03:23Z INFO  dt_instance] received at 2023-07-17 19:03:23.470844818 UTC - from mc-18->source-5 "868" 19:03:23.442651782
[2023-07-17T19:03:25Z INFO  dt_instance] received at 2023-07-17 19:03:25.968434900 UTC - from mc-18->source-5 "873" 19:03:25.949207944
[2023-07-17T19:03:28Z INFO  dt_instance] received at 2023-07-17 19:03:28.477835584 UTC - from mc-18->source-3 "883" 19:03:28.454615456
[2023-07-17T19:03:30Z INFO  dt_instance] received at 2023-07-17 19:03:30.975711714 UTC - from mc-18->source-1 "893" 19:03:30.961951491
[2023-07-17T19:03:33Z INFO  dt_instance] received at 2023-07-17 19:03:33.496574043 UTC - from mc-18->source-5 "888" 19:03:33.467763491
[2023-07-17T19:03:35Z INFO  dt_instance] received at 2023-07-17 19:03:35.991336706 UTC - from mc-18->source-1 "903" 19:03:35.976462743
[2023-07-17T19:03:38Z INFO  dt_instance] received at 2023-07-17 19:03:38.613897907 UTC - from mc-18->source-5 "898" 19:03:38.486096857
[2023-07-17T19:03:41Z INFO  dt_instance] received at 2023-07-17 19:03:41.003364652 UTC - from mc-18->source-1 "913" 19:03:40.992627644
[2023-07-17T19:03:43Z INFO  dt_instance] received at 2023-07-17 19:03:43.507340369 UTC - from mc-18->source-5 "908" 19:03:43.497645246
[2023-07-17T19:03:46Z INFO  dt_instance] received at 2023-07-17 19:03:46.016076804 UTC - from mc-18->source-5 "913" 19:03:46.004462412
[2023-07-17T19:03:48Z INFO  dt_instance] received at 2023-07-17 19:03:48.542988793 UTC - from mc-18->source-1 "928" 19:03:48.512602879
[2023-07-17T19:03:51Z INFO  dt_instance] received at 2023-07-17 19:03:51.035308007 UTC - from mc-18->source-3 "928" 19:03:51.018838948
[2023-07-17T19:03:53Z INFO  dt_instance] received at 2023-07-17 19:03:53.539539081 UTC - from mc-18->source-1 "938" 19:03:53.525382655
[2023-07-17T19:03:56Z INFO  dt_instance] received at 2023-07-17 19:03:56.089749413 UTC - from mc-18->source-3 "938" 19:03:56.033000390
[2023-07-17T19:03:58Z INFO  dt_instance] received at 2023-07-17 19:03:58.553341726 UTC - from mc-18->source-1 "948" 19:03:58.539088492
[2023-07-17T19:04:01Z INFO  dt_instance] received at 2023-07-17 19:04:01.064232696 UTC - from mc-18->source-1 "953" 19:04:01.045652943
[2023-07-17T19:04:03Z INFO  dt_instance] received at 2023-07-17 19:04:03.569355819 UTC - from mc-18->source-3 "953" 19:04:03.554541666
[2023-07-17T19:04:06Z INFO  dt_instance] received at 2023-07-17 19:04:06.085894032 UTC - from mc-18->source-1 "963" 19:04:06.057404364
[2023-07-17T19:04:08Z INFO  dt_instance] received at 2023-07-17 19:04:08.591923431 UTC - from mc-18->source-1 "968" 19:04:08.569647204
[2023-07-17T19:04:11Z INFO  dt_instance] received at 2023-07-17 19:04:11.093313729 UTC - from mc-18->source-5 "963" 19:04:11.079310407
[2023-07-17T19:04:13Z INFO  dt_instance] received at 2023-07-17 19:04:13.605276357 UTC - from mc-18->source-5 "968" 19:04:13.586997100
[2023-07-17T19:04:16Z INFO  dt_instance] received at 2023-07-17 19:04:16.097524411 UTC - from mc-18->source-3 "978" 19:04:16.094223375
[2023-07-17T19:04:18Z INFO  dt_instance] received at 2023-07-17 19:04:18.603274262 UTC - from mc-18->source-5 "978" 19:04:18.600510791
[2023-07-17T19:04:21Z INFO  dt_instance] received at 2023-07-17 19:04:21.107886505 UTC - from mc-18->source-5 "983" 19:04:21.105908912
[2023-07-17T19:04:23Z INFO  dt_instance] received at 2023-07-17 19:04:23.845646760 UTC - from mc-18->source-8 "981" 19:04:23.843445975
[2023-07-17T19:04:27Z INFO  dt_instance] received at 2023-07-17 19:04:27.083492048 UTC - from mc-18->source-9 "985" 19:04:27.082293337
[2023-07-17T19:04:34Z INFO  dt_instance] received at 2023-07-17 19:04:34.103504979 UTC - from mc-18->source-9 "999" 19:04:34.101851167
