[2023-07-17T18:40:13Z INFO  dt_instance] Current Twin: mc-twin-19
[2023-07-17T18:40:13Z INFO  dt_instance] Replica Name twin-mc-stateful-19
[2023-07-17T18:40:13Z INFO  dt_instance] Sleeping for 950
[2023-07-17T18:56:03Z INFO  dt_instance] Connecting to broker at emqx.dtwins:1883
[2023-07-17T18:56:03Z INFO  dt_instance] Loggin info each 50 messages
[2023-07-17T18:56:03Z INFO  dt_instance] Set max packet size to 60000 KB.
[2023-07-17T18:56:03Z INFO  dt_instance] Refreshing topics for twin - Listen to mc-19/#
[2023-07-17T18:56:03Z INFO  dt_instance] SubAck { pkid: 1, return_codes: [Success(ExactlyOnce)] }
[2023-07-17T18:57:16Z INFO  dt_instance] received at 2023-07-17 18:57:16.683642682 UTC - from mc-19->source-4 "29" 18:57:16.631018230
[2023-07-17T18:57:29Z INFO  dt_instance] received at 2023-07-17 18:57:29.205184281 UTC - from mc-19->source-8 "44" 18:57:29.163190808
[2023-07-17T18:57:38Z INFO  dt_instance] received at 2023-07-17 18:57:38.724630566 UTC - from mc-19->source-1 "4" 18:57:00.349147468
[2023-07-17T18:57:43Z INFO  dt_instance] received at 2023-07-17 18:57:43.497708831 UTC - from mc-19->source-1 "11" 18:57:03.857645934
[2023-07-17T18:57:46Z INFO  dt_instance] received at 2023-07-17 18:57:46.479247995 UTC - from mc-19->source-1 "17" 18:57:06.864274297
[2023-07-17T18:57:49Z INFO  dt_instance] received at 2023-07-17 18:57:49.280958381 UTC - from mc-19->source-4 "94" 18:57:49.221308391
[2023-07-17T18:57:52Z INFO  dt_instance] received at 2023-07-17 18:57:52.148231320 UTC - from mc-19->source-1 "27" 18:57:11.876626948
[2023-07-17T18:57:54Z INFO  dt_instance] received at 2023-07-17 18:57:54.520495883 UTC - from mc-19->source-1 "32" 18:57:14.382736463
[2023-07-17T18:57:57Z INFO  dt_instance] received at 2023-07-17 18:57:57.197221211 UTC - from mc-19->source-1 "37" 18:57:16.888184899
[2023-07-17T18:58:00Z INFO  dt_instance] received at 2023-07-17 18:58:00.726552597 UTC - from mc-19->source-6 "29" 18:57:19.135637831
[2023-07-17T18:58:03Z INFO  dt_instance] received at 2023-07-17 18:58:03.123989177 UTC - from mc-19->source-9 "27" 18:57:21.873525118
[2023-07-17T18:58:06Z INFO  dt_instance] received at 2023-07-17 18:58:06.593897107 UTC - from mc-19->source-1 "51" 18:57:23.903332697
[2023-07-17T18:58:09Z INFO  dt_instance] received at 2023-07-17 18:58:09.417519389 UTC - from mc-19->source-5 "46" 18:57:26.401639297
[2023-07-17T18:58:11Z INFO  dt_instance] received at 2023-07-17 18:58:11.981936220 UTC - from mc-19->source-3 "56" 18:57:28.909098031
[2023-07-17T18:58:15Z INFO  dt_instance] received at 2023-07-17 18:58:15.227155440 UTC - from mc-19->source-7 "51" 18:57:31.406726254
[2023-07-17T18:58:17Z INFO  dt_instance] received at 2023-07-17 18:58:17.903102144 UTC - from mc-19->source-4 "151" 18:58:17.808161220
[2023-07-17T18:58:20Z INFO  dt_instance] received at 2023-07-17 18:58:20.973911603 UTC - from mc-19->source-1 "75" 18:57:35.941212122
[2023-07-17T18:58:24Z INFO  dt_instance] received at 2023-07-17 18:58:24.163878203 UTC - from mc-19->source-5 "70" 18:57:38.428353497
[2023-07-17T18:58:27Z INFO  dt_instance] received at 2023-07-17 18:58:27.514121740 UTC - from mc-19->source-0 "87" 18:57:40.699734101
[2023-07-17T18:58:30Z INFO  dt_instance] received at 2023-07-17 18:58:30.462863749 UTC - from mc-19->source-1 "89" 18:57:42.958083718
[2023-07-17T18:58:34Z INFO  dt_instance] received at 2023-07-17 18:58:34.380139147 UTC - from mc-19->source-4 "184" 18:58:34.347362113
[2023-07-17T18:58:36Z INFO  dt_instance] received at 2023-07-17 18:58:36.989777928 UTC - from mc-19->source-2 "96" 18:57:47.717761326
[2023-07-17T18:58:39Z INFO  dt_instance] received at 2023-07-17 18:58:39.798197149 UTC - from mc-19->source-6 "91" 18:57:50.207911700
[2023-07-17T18:58:43Z INFO  dt_instance] received at 2023-07-17 18:58:43.105267040 UTC - from mc-19->source-3 "103" 18:57:52.462558384
[2023-07-17T18:58:45Z INFO  dt_instance] received at 2023-07-17 18:58:45.437795040 UTC - from mc-19->source-3 "108" 18:57:54.967922473
[2023-07-17T18:58:47Z INFO  dt_instance] received at 2023-07-17 18:58:47.793661151 UTC - from mc-19->source-1 "118" 18:57:57.492254220
[2023-07-17T18:58:50Z INFO  dt_instance] received at 2023-07-17 18:58:50.090542694 UTC - from mc-19->source-5 "113" 18:57:59.981285072
[2023-07-17T18:58:53Z INFO  dt_instance] received at 2023-07-17 18:58:53.969482924 UTC - from mc-19->source-8 "213" 18:58:53.889398379
[2023-07-17T18:58:56Z INFO  dt_instance] received at 2023-07-17 18:58:56.975751728 UTC - from mc-19->source-4 "229" 18:58:56.901787285
[2023-07-17T18:59:00Z INFO  dt_instance] received at 2023-07-17 18:59:00.042912205 UTC - from mc-19->source-5 "127" 18:58:06.996247676
[2023-07-17T18:59:02Z INFO  dt_instance] received at 2023-07-17 18:59:02.386073070 UTC - from mc-19->source-1 "142" 18:58:09.517554263
[2023-07-17T18:59:05Z INFO  dt_instance] received at 2023-07-17 18:59:05.558169682 UTC - from mc-19->source-9 "127" 18:58:12.001748775
[2023-07-17T18:59:08Z INFO  dt_instance] received at 2023-07-17 18:59:08.441312118 UTC - from mc-19->source-4 "252" 18:59:08.428529878
[2023-07-17T18:59:11Z INFO  dt_instance] received at 2023-07-17 18:59:11.143708077 UTC - from mc-19->source-2 "154" 18:58:16.801280063
[2023-07-17T18:59:13Z INFO  dt_instance] received at 2023-07-17 18:59:13.528685891 UTC - from mc-19->source-2 "159" 18:58:19.306190516
[2023-07-17T18:59:15Z INFO  dt_instance] received at 2023-07-17 18:59:15.490324288 UTC - from mc-19->source-0 "169" 18:58:21.810300361
[2023-07-17T18:59:17Z INFO  dt_instance] received at 2023-07-17 18:59:17.983588923 UTC - from mc-19->source-5 "162" 18:58:24.542456342
[2023-07-17T18:59:20Z INFO  dt_instance] received at 2023-07-17 18:59:20.948500222 UTC - from mc-19->source-9 "157" 18:58:27.037877966
[2023-07-17T18:59:23Z INFO  dt_instance] received at 2023-07-17 18:59:23.624069778 UTC - from mc-19->source-0 "184" 18:58:29.327329864
[2023-07-17T18:59:25Z INFO  dt_instance] received at 2023-07-17 18:59:25.567108061 UTC - from mc-19->source-3 "182" 18:58:32.055869605
[2023-07-17T18:59:27Z INFO  dt_instance] received at 2023-07-17 18:59:27.670391893 UTC - from mc-19->source-7 "177" 18:58:34.571282940
[2023-07-17T18:59:29Z INFO  dt_instance] received at 2023-07-17 18:59:29.508148570 UTC - from mc-19->source-4 "294" 18:59:29.484992709
[2023-07-17T18:59:32Z INFO  dt_instance] received at 2023-07-17 18:59:32.335500431 UTC - from mc-19->source-7 "187" 18:58:39.582849039
[2023-07-17T18:59:35Z INFO  dt_instance] received at 2023-07-17 18:59:35.632395658 UTC - from mc-19->source-3 "202" 18:58:42.081891697
[2023-07-17T18:59:37Z INFO  dt_instance] received at 2023-07-17 18:59:37.056747328 UTC - from mc-19->source-7 "197" 18:58:44.593707373
[2023-07-17T18:59:38Z INFO  dt_instance] received at 2023-07-17 18:59:38.670559676 UTC - from mc-19->source-5 "208" 18:58:47.597167591
[2023-07-17T18:59:40Z INFO  dt_instance] received at 2023-07-17 18:59:40.559176378 UTC - from mc-19->source-3 "218" 18:58:50.104608672
[2023-07-17T18:59:43Z INFO  dt_instance] received at 2023-07-17 18:59:43.032417862 UTC - from mc-19->source-1 "228" 18:58:52.625203053
[2023-07-17T18:59:45Z INFO  dt_instance] received at 2023-07-17 18:59:45.205048207 UTC - from mc-19->source-3 "228" 18:58:55.116104049
[2023-07-17T18:59:47Z INFO  dt_instance] received at 2023-07-17 18:59:47.034651129 UTC - from mc-19->source-4 "329" 18:59:47.026979746
[2023-07-17T18:59:48Z INFO  dt_instance] received at 2023-07-17 18:59:48.615058268 UTC - from mc-19->source-1 "244" 18:59:00.649354588
[2023-07-17T18:59:50Z INFO  dt_instance] received at 2023-07-17 18:59:50.153958326 UTC - from mc-19->source-6 "237" 18:59:03.377819014
[2023-07-17T18:59:51Z INFO  dt_instance] received at 2023-07-17 18:59:51.879966491 UTC - from mc-19->source-9 "235" 18:59:06.132259835
[2023-07-17T18:59:53Z INFO  dt_instance] received at 2023-07-17 18:59:53.040135835 UTC - from mc-19->source-8 "331" 18:59:53.029043810
[2023-07-17T18:59:54Z INFO  dt_instance] received at 2023-07-17 18:59:54.294240766 UTC - from mc-19->source-1 "266" 18:59:11.672804507
[2023-07-17T18:59:55Z INFO  dt_instance] received at 2023-07-17 18:59:55.503287289 UTC - from mc-19->source-5 "262" 18:59:14.660212580
[2023-07-17T18:59:56Z INFO  dt_instance] received at 2023-07-17 18:59:56.777543072 UTC - from mc-19->source-2 "275" 18:59:17.456414285
[2023-07-17T18:59:57Z INFO  dt_instance] received at 2023-07-17 18:59:57.848649409 UTC - from mc-19->source-1 "283" 18:59:20.203239139
[2023-07-17T18:59:59Z INFO  dt_instance] received at 2023-07-17 18:59:59.153953208 UTC - from mc-19->source-9 "269" 18:59:23.174540703
[2023-07-17T19:00:00Z INFO  dt_instance] received at 2023-07-17 19:00:00.043431773 UTC - from mc-19->source-9 "275" 18:59:26.181787183
[2023-07-17T19:00:01Z INFO  dt_instance] received at 2023-07-17 19:00:01.142503353 UTC - from mc-19->source-3 "295" 18:59:28.701176941
[2023-07-17T19:00:01Z INFO  dt_instance] received at 2023-07-17 19:00:01.656804087 UTC - from mc-19->source-1 "306" 18:59:31.737843871
[2023-07-17T19:00:02Z INFO  dt_instance] received at 2023-07-17 19:00:02.548345561 UTC - from mc-19->source-1 "312" 18:59:34.743555382
[2023-07-17T19:00:03Z INFO  dt_instance] received at 2023-07-17 19:00:03.182058581 UTC - from mc-19->source-3 "313" 18:59:37.722472471
[2023-07-17T19:00:03Z INFO  dt_instance] received at 2023-07-17 19:00:03.605971591 UTC - from mc-19->source-7 "309" 18:59:40.733072207
[2023-07-17T19:00:04Z INFO  dt_instance] received at 2023-07-17 19:00:04.232172581 UTC - from mc-19->source-3 "325" 18:59:43.739186190
[2023-07-17T19:00:05Z INFO  dt_instance] received at 2023-07-17 19:00:05.006753776 UTC - from mc-19->source-7 "321" 18:59:46.747039743
[2023-07-17T19:00:05Z INFO  dt_instance] received at 2023-07-17 19:00:05.588740721 UTC - from mc-19->source-4 "366" 19:00:05.567155951
[2023-07-17T19:00:06Z INFO  dt_instance] received at 2023-07-17 19:00:06.722921144 UTC - from mc-19->source-0 "350" 18:59:52.540190039
[2023-07-17T19:00:07Z INFO  dt_instance] received at 2023-07-17 19:00:07.532755237 UTC - from mc-19->source-0 "356" 18:59:55.549088254
[2023-07-17T19:00:08Z INFO  dt_instance] received at 2023-07-17 19:00:08.636002198 UTC - from mc-19->source-7 "344" 18:59:58.282498030
[2023-07-17T19:00:09Z INFO  dt_instance] received at 2023-07-17 19:00:09.463966679 UTC - from mc-19->source-5 "355" 19:00:01.273685702
[2023-07-17T19:00:10Z INFO  dt_instance] received at 2023-07-17 19:00:10.419336049 UTC - from mc-19->source-5 "361" 19:00:04.281816542
[2023-07-17T19:00:11Z INFO  dt_instance] received at 2023-07-17 19:00:11.322639508 UTC - from mc-19->source-2 "374" 19:00:07.071416275
[2023-07-17T19:00:12Z INFO  dt_instance] received at 2023-07-17 19:00:12.286813471 UTC - from mc-19->source-3 "377" 19:00:09.825109245
[2023-07-17T19:00:13Z INFO  dt_instance] received at 2023-07-17 19:00:13.014803044 UTC - from mc-19->source-1 "388" 19:00:12.830730931
[2023-07-17T19:00:15Z INFO  dt_instance] received at 2023-07-17 19:00:15.362480060 UTC - from mc-19->source-3 "388" 19:00:15.337457802
[2023-07-17T19:00:18Z INFO  dt_instance] received at 2023-07-17 19:00:18.096035094 UTC - from mc-19->source-8 "381" 19:00:18.094681579
[2023-07-17T19:00:20Z INFO  dt_instance] received at 2023-07-17 19:00:20.396309757 UTC - from mc-19->source-7 "388" 19:00:20.354471160
[2023-07-17T19:00:22Z INFO  dt_instance] received at 2023-07-17 19:00:22.905734013 UTC - from mc-19->source-1 "408" 19:00:22.859133402
[2023-07-17T19:00:25Z INFO  dt_instance] received at 2023-07-17 19:00:25.389221139 UTC - from mc-19->source-1 "413" 19:00:25.365234859
[2023-07-17T19:00:27Z INFO  dt_instance] received at 2023-07-17 19:00:27.917136293 UTC - from mc-19->source-3 "413" 19:00:27.872462020
[2023-07-17T19:00:30Z INFO  dt_instance] received at 2023-07-17 19:00:30.507827948 UTC - from mc-19->source-3 "418" 19:00:30.382103771
[2023-07-17T19:00:32Z INFO  dt_instance] received at 2023-07-17 19:00:32.941659713 UTC - from mc-19->source-3 "423" 19:00:32.887581181
[2023-07-17T19:00:35Z INFO  dt_instance] received at 2023-07-17 19:00:35.431753519 UTC - from mc-19->source-1 "433" 19:00:35.392856878
[2023-07-17T19:00:37Z INFO  dt_instance] received at 2023-07-17 19:00:37.985326822 UTC - from mc-19->source-3 "433" 19:00:37.898962870
[2023-07-17T19:00:40Z INFO  dt_instance] received at 2023-07-17 19:00:40.472912046 UTC - from mc-19->source-7 "428" 19:00:40.402993611
[2023-07-17T19:00:43Z INFO  dt_instance] received at 2023-07-17 19:00:43.013431386 UTC - from mc-19->source-3 "443" 19:00:42.913548930
[2023-07-17T19:00:45Z INFO  dt_instance] received at 2023-07-17 19:00:45.459616378 UTC - from mc-19->source-7 "438" 19:00:45.421009378
[2023-07-17T19:00:47Z INFO  dt_instance] received at 2023-07-17 19:00:47.970609888 UTC - from mc-19->source-3 "453" 19:00:47.926940510
[2023-07-17T19:00:50Z INFO  dt_instance] received at 2023-07-17 19:00:50.478555237 UTC - from mc-19->source-1 "463" 19:00:50.434238871
[2023-07-17T19:00:53Z INFO  dt_instance] received at 2023-07-17 19:00:53.202688258 UTC - from mc-19->source-8 "451" 19:00:53.178435322
[2023-07-17T19:00:55Z INFO  dt_instance] received at 2023-07-17 19:00:55.495132388 UTC - from mc-19->source-1 "473" 19:00:55.449444606
[2023-07-17T19:00:58Z INFO  dt_instance] received at 2023-07-17 19:00:58.012737549 UTC - from mc-19->source-1 "478" 19:00:57.955929362
[2023-07-17T19:01:00Z INFO  dt_instance] received at 2023-07-17 19:01:00.690211524 UTC - from mc-19->source-5 "473" 19:01:00.426967825
[2023-07-17T19:01:03Z INFO  dt_instance] received at 2023-07-17 19:01:03.190070256 UTC - from mc-19->source-9 "468" 19:01:02.947179356
[2023-07-17T19:01:05Z INFO  dt_instance] received at 2023-07-17 19:01:05.507295190 UTC - from mc-19->source-3 "488" 19:01:05.476193071
[2023-07-17T19:01:07Z INFO  dt_instance] received at 2023-07-17 19:01:07.996712177 UTC - from mc-19->source-3 "493" 19:01:07.984173415
[2023-07-17T19:01:10Z INFO  dt_instance] received at 2023-07-17 19:01:10.509187387 UTC - from mc-19->source-3 "498" 19:01:10.492481229
[2023-07-17T19:01:13Z INFO  dt_instance] received at 2023-07-17 19:01:13.025437787 UTC - from mc-19->source-1 "508" 19:01:12.999876515
[2023-07-17T19:01:15Z INFO  dt_instance] received at 2023-07-17 19:01:15.538701127 UTC - from mc-19->source-3 "508" 19:01:15.507063302
[2023-07-17T19:01:18Z INFO  dt_instance] received at 2023-07-17 19:01:18.020756274 UTC - from mc-19->source-3 "513" 19:01:18.012112205
[2023-07-17T19:01:20Z INFO  dt_instance] received at 2023-07-17 19:01:20.534138447 UTC - from mc-19->source-3 "518" 19:01:20.517111883
[2023-07-17T19:01:23Z INFO  dt_instance] received at 2023-07-17 19:01:23.248854880 UTC - from mc-19->source-6 "516" 19:01:23.238634965
[2023-07-17T19:01:25Z INFO  dt_instance] received at 2023-07-17 19:01:25.548639229 UTC - from mc-19->source-3 "528" 19:01:25.527589036
[2023-07-17T19:01:28Z INFO  dt_instance] received at 2023-07-17 19:01:28.070227813 UTC - from mc-19->source-1 "538" 19:01:28.032667574
[2023-07-17T19:01:30Z INFO  dt_instance] received at 2023-07-17 19:01:30.803241628 UTC - from mc-19->source-8 "526" 19:01:30.799276876
[2023-07-17T19:01:33Z INFO  dt_instance] received at 2023-07-17 19:01:33.070176617 UTC - from mc-19->source-3 "543" 19:01:33.045783
[2023-07-17T19:01:35Z INFO  dt_instance] received at 2023-07-17 19:01:35.586525057 UTC - from mc-19->source-1 "553" 19:01:35.550994573
[2023-07-17T19:01:38Z INFO  dt_instance] received at 2023-07-17 19:01:38.070301947 UTC - from mc-19->source-3 "553" 19:01:38.057367072
[2023-07-17T19:01:40Z INFO  dt_instance] received at 2023-07-17 19:01:40.573211393 UTC - from mc-19->source-3 "558" 19:01:40.562816550
[2023-07-17T19:01:43Z INFO  dt_instance] received at 2023-07-17 19:01:43.080840470 UTC - from mc-19->source-1 "568" 19:01:43.070724381
[2023-07-17T19:01:45Z INFO  dt_instance] received at 2023-07-17 19:01:45.592922233 UTC - from mc-19->source-3 "568" 19:01:45.575284096
[2023-07-17T19:01:48Z INFO  dt_instance] received at 2023-07-17 19:01:48.113049905 UTC - from mc-19->source-1 "578" 19:01:48.080824962
[2023-07-17T19:01:50Z INFO  dt_instance] received at 2023-07-17 19:01:50.611832633 UTC - from mc-19->source-1 "583" 19:01:50.586419165
[2023-07-17T19:01:53Z INFO  dt_instance] received at 2023-07-17 19:01:53.124470349 UTC - from mc-19->source-1 "588" 19:01:53.092169654
[2023-07-17T19:01:55Z INFO  dt_instance] received at 2023-07-17 19:01:55.614029663 UTC - from mc-19->source-1 "593" 19:01:55.599456657
[2023-07-17T19:01:58Z INFO  dt_instance] received at 2023-07-17 19:01:58.181811032 UTC - from mc-19->source-1 "598" 19:01:58.106982931
[2023-07-17T19:02:00Z INFO  dt_instance] received at 2023-07-17 19:02:00.628087173 UTC - from mc-19->source-1 "603" 19:02:00.612094993
[2023-07-17T19:02:03Z INFO  dt_instance] received at 2023-07-17 19:02:03.151230128 UTC - from mc-19->source-1 "608" 19:02:03.117848768
[2023-07-17T19:02:05Z INFO  dt_instance] received at 2023-07-17 19:02:05.643002494 UTC - from mc-19->source-1 "613" 19:02:05.623499373
[2023-07-17T19:02:08Z INFO  dt_instance] received at 2023-07-17 19:02:08.164492794 UTC - from mc-19->source-1 "618" 19:02:08.131227180
[2023-07-17T19:02:10Z INFO  dt_instance] received at 2023-07-17 19:02:10.660538741 UTC - from mc-19->source-1 "623" 19:02:10.636983172
[2023-07-17T19:02:13Z INFO  dt_instance] received at 2023-07-17 19:02:13.161237574 UTC - from mc-19->source-5 "618" 19:02:13.145933787
[2023-07-17T19:02:15Z INFO  dt_instance] received at 2023-07-17 19:02:15.667551299 UTC - from mc-19->source-3 "628" 19:02:15.650573615
[2023-07-17T19:02:18Z INFO  dt_instance] received at 2023-07-17 19:02:18.174669320 UTC - from mc-19->source-1 "638" 19:02:18.156878355
[2023-07-17T19:02:20Z INFO  dt_instance] received at 2023-07-17 19:02:20.681407045 UTC - from mc-19->source-1 "643" 19:02:20.663939542
[2023-07-17T19:02:23Z INFO  dt_instance] received at 2023-07-17 19:02:23.189422774 UTC - from mc-19->source-7 "633" 19:02:23.171213618
[2023-07-17T19:02:25Z INFO  dt_instance] received at 2023-07-17 19:02:25.694953903 UTC - from mc-19->source-5 "643" 19:02:25.679079846
[2023-07-17T19:02:28Z INFO  dt_instance] received at 2023-07-17 19:02:28.223605505 UTC - from mc-19->source-5 "648" 19:02:28.184650896
[2023-07-17T19:02:30Z INFO  dt_instance] received at 2023-07-17 19:02:30.736768467 UTC - from mc-19->source-5 "653" 19:02:30.689599863
[2023-07-17T19:02:33Z INFO  dt_instance] received at 2023-07-17 19:02:33.228166235 UTC - from mc-19->source-7 "653" 19:02:33.205892940
[2023-07-17T19:02:35Z INFO  dt_instance] received at 2023-07-17 19:02:35.720340501 UTC - from mc-19->source-7 "658" 19:02:35.712248511
[2023-07-17T19:02:38Z INFO  dt_instance] received at 2023-07-17 19:02:38.230566224 UTC - from mc-19->source-7 "663" 19:02:38.218912948
[2023-07-17T19:02:40Z INFO  dt_instance] received at 2023-07-17 19:02:40.751717780 UTC - from mc-19->source-7 "668" 19:02:40.723972350
[2023-07-17T19:02:43Z INFO  dt_instance] received at 2023-07-17 19:02:43.278058415 UTC - from mc-19->source-7 "673" 19:02:43.228704564
[2023-07-17T19:02:45Z INFO  dt_instance] received at 2023-07-17 19:02:45.743517580 UTC - from mc-19->source-7 "678" 19:02:45.734067004
[2023-07-17T19:02:48Z INFO  dt_instance] received at 2023-07-17 19:02:48.258831081 UTC - from mc-19->source-7 "683" 19:02:48.240361632
[2023-07-17T19:02:50Z INFO  dt_instance] received at 2023-07-17 19:02:50.764433247 UTC - from mc-19->source-7 "688" 19:02:50.746576359
[2023-07-17T19:02:53Z INFO  dt_instance] received at 2023-07-17 19:02:53.339091292 UTC - from mc-19->source-1 "708" 19:02:53.259224687
[2023-07-17T19:02:55Z INFO  dt_instance] received at 2023-07-17 19:02:55.785033704 UTC - from mc-19->source-1 "713" 19:02:55.765063507
[2023-07-17T19:02:58Z INFO  dt_instance] received at 2023-07-17 19:02:58.278854348 UTC - from mc-19->source-7 "703" 19:02:58.273027100
[2023-07-17T19:03:00Z INFO  dt_instance] received at 2023-07-17 19:03:00.794054520 UTC - from mc-19->source-1 "723" 19:03:00.778116121
[2023-07-17T19:03:03Z INFO  dt_instance] received at 2023-07-17 19:03:03.302044747 UTC - from mc-19->source-1 "728" 19:03:03.283660290
[2023-07-17T19:03:05Z INFO  dt_instance] received at 2023-07-17 19:03:05.830561479 UTC - from mc-19->source-1 "733" 19:03:05.798091658
[2023-07-17T19:03:08Z INFO  dt_instance] received at 2023-07-17 19:03:08.314802152 UTC - from mc-19->source-1 "738" 19:03:08.306298434
[2023-07-17T19:03:10Z INFO  dt_instance] received at 2023-07-17 19:03:10.852952092 UTC - from mc-19->source-1 "743" 19:03:10.812242558
[2023-07-17T19:03:13Z INFO  dt_instance] received at 2023-07-17 19:03:13.345816325 UTC - from mc-19->source-1 "748" 19:03:13.318087479
[2023-07-17T19:03:15Z INFO  dt_instance] received at 2023-07-17 19:03:15.847930960 UTC - from mc-19->source-1 "753" 19:03:15.824844398
[2023-07-17T19:03:18Z INFO  dt_instance] received at 2023-07-17 19:03:18.346788415 UTC - from mc-19->source-7 "743" 19:03:18.329629584
[2023-07-17T19:03:20Z INFO  dt_instance] received at 2023-07-17 19:03:20.882944444 UTC - from mc-19->source-1 "763" 19:03:20.836989105
[2023-07-17T19:03:23Z INFO  dt_instance] received at 2023-07-17 19:03:23.363675284 UTC - from mc-19->source-7 "753" 19:03:23.343277592
[2023-07-17T19:03:25Z INFO  dt_instance] received at 2023-07-17 19:03:25.878352696 UTC - from mc-19->source-7 "758" 19:03:25.852234661
[2023-07-17T19:03:28Z INFO  dt_instance] received at 2023-07-17 19:03:28.389183534 UTC - from mc-19->source-7 "763" 19:03:28.358526107
[2023-07-17T19:03:30Z INFO  dt_instance] received at 2023-07-17 19:03:30.887908368 UTC - from mc-19->source-7 "768" 19:03:30.865488131
[2023-07-17T19:03:33Z INFO  dt_instance] received at 2023-07-17 19:03:33.381958424 UTC - from mc-19->source-1 "788" 19:03:33.371849870
[2023-07-17T19:03:35Z INFO  dt_instance] received at 2023-07-17 19:03:35.886612137 UTC - from mc-19->source-7 "778" 19:03:35.876449196
[2023-07-17T19:03:38Z INFO  dt_instance] received at 2023-07-17 19:03:38.454367989 UTC - from mc-19->source-1 "798" 19:03:38.381659815
[2023-07-17T19:03:41Z INFO  dt_instance] received at 2023-07-17 19:03:41.066901686 UTC - from mc-19->source-9 "783" 19:03:40.840584184
[2023-07-17T19:03:43Z INFO  dt_instance] received at 2023-07-17 19:03:43.399546988 UTC - from mc-19->source-7 "793" 19:03:43.393467013
[2023-07-17T19:03:45Z INFO  dt_instance] received at 2023-07-17 19:03:45.942120938 UTC - from mc-19->source-7 "798" 19:03:45.899797453
[2023-07-17T19:03:48Z INFO  dt_instance] received at 2023-07-17 19:03:48.472423732 UTC - from mc-19->source-7 "803" 19:03:48.404836792
[2023-07-17T19:03:50Z INFO  dt_instance] received at 2023-07-17 19:03:50.947092947 UTC - from mc-19->source-7 "808" 19:03:50.910106979
[2023-07-17T19:03:53Z INFO  dt_instance] received at 2023-07-17 19:03:53.422843807 UTC - from mc-19->source-1 "828" 19:03:53.416689760
[2023-07-17T19:03:56Z INFO  dt_instance] received at 2023-07-17 19:03:56.124098346 UTC - from mc-19->source-6 "821" 19:03:56.120572525
[2023-07-17T19:03:58Z INFO  dt_instance] received at 2023-07-17 19:03:58.449193940 UTC - from mc-19->source-1 "838" 19:03:58.429092684
[2023-07-17T19:04:00Z INFO  dt_instance] received at 2023-07-17 19:04:00.962189035 UTC - from mc-19->source-1 "843" 19:04:00.935201187
[2023-07-17T19:04:03Z INFO  dt_instance] received at 2023-07-17 19:04:03.465401912 UTC - from mc-19->source-1 "848" 19:04:03.441548456
[2023-07-17T19:04:05Z INFO  dt_instance] received at 2023-07-17 19:04:05.970421108 UTC - from mc-19->source-1 "853" 19:04:05.947912927
[2023-07-17T19:04:08Z INFO  dt_instance] received at 2023-07-17 19:04:08.467907245 UTC - from mc-19->source-5 "848" 19:04:08.452594795
[2023-07-17T19:04:10Z INFO  dt_instance] received at 2023-07-17 19:04:10.973252679 UTC - from mc-19->source-7 "848" 19:04:10.959803910
[2023-07-17T19:04:13Z INFO  dt_instance] received at 2023-07-17 19:04:13.473982593 UTC - from mc-19->source-5 "858" 19:04:13.466118385
[2023-07-17T19:04:15Z INFO  dt_instance] received at 2023-07-17 19:04:15.972730499 UTC - from mc-19->source-5 "863" 19:04:15.971353429
[2023-07-17T19:04:18Z INFO  dt_instance] received at 2023-07-17 19:04:18.482098006 UTC - from mc-19->source-1 "878" 19:04:18.476272425
[2023-07-17T19:04:20Z INFO  dt_instance] received at 2023-07-17 19:04:20.989956584 UTC - from mc-19->source-7 "868" 19:04:20.985963801
[2023-07-17T19:04:23Z INFO  dt_instance] received at 2023-07-17 19:04:23.503376940 UTC - from mc-19->source-1 "888" 19:04:23.493513328
[2023-07-17T19:04:26Z INFO  dt_instance] received at 2023-07-17 19:04:26.003912866 UTC - from mc-19->source-7 "878" 19:04:26.000104453
[2023-07-17T19:04:28Z INFO  dt_instance] received at 2023-07-17 19:04:28.508457489 UTC - from mc-19->source-5 "888" 19:04:28.506193751
[2023-07-17T19:04:31Z INFO  dt_instance] received at 2023-07-17 19:04:31.017181654 UTC - from mc-19->source-5 "893" 19:04:31.013196592
[2023-07-17T19:04:33Z INFO  dt_instance] received at 2023-07-17 19:04:33.521776561 UTC - from mc-19->source-7 "893" 19:04:33.519487059
[2023-07-17T19:04:36Z INFO  dt_instance] received at 2023-07-17 19:04:36.036284529 UTC - from mc-19->source-1 "913" 19:04:36.030767837
[2023-07-17T19:04:38Z INFO  dt_instance] received at 2023-07-17 19:04:38.538383397 UTC - from mc-19->source-7 "903" 19:04:38.537110276
[2023-07-17T19:04:41Z INFO  dt_instance] received at 2023-07-17 19:04:41.045214551 UTC - from mc-19->source-5 "913" 19:04:41.044184950
[2023-07-17T19:04:43Z INFO  dt_instance] received at 2023-07-17 19:04:43.551245722 UTC - from mc-19->source-5 "918" 19:04:43.549424069
[2023-07-17T19:04:46Z INFO  dt_instance] received at 2023-07-17 19:04:46.057725343 UTC - from mc-19->source-5 "923" 19:04:46.054442192
[2023-07-17T19:04:48Z INFO  dt_instance] received at 2023-07-17 19:04:48.565466515 UTC - from mc-19->source-5 "928" 19:04:48.560093190
[2023-07-17T19:04:51Z INFO  dt_instance] received at 2023-07-17 19:04:51.071241146 UTC - from mc-19->source-1 "943" 19:04:51.066144747
[2023-07-17T19:04:53Z INFO  dt_instance] received at 2023-07-17 19:04:53.579187331 UTC - from mc-19->source-7 "933" 19:04:53.571761909
[2023-07-17T19:04:56Z INFO  dt_instance] received at 2023-07-17 19:04:56.082421601 UTC - from mc-19->source-7 "938" 19:04:56.080289967
[2023-07-17T19:04:58Z INFO  dt_instance] received at 2023-07-17 19:04:58.596889384 UTC - from mc-19->source-1 "958" 19:04:58.587914580
[2023-07-17T19:05:01Z INFO  dt_instance] received at 2023-07-17 19:05:01.120334242 UTC - from mc-19->source-7 "948" 19:05:01.094640337
[2023-07-17T19:05:03Z INFO  dt_instance] received at 2023-07-17 19:05:03.603330017 UTC - from mc-19->source-5 "958" 19:05:03.599187986
[2023-07-17T19:05:06Z INFO  dt_instance] received at 2023-07-17 19:05:06.120534222 UTC - from mc-19->source-1 "973" 19:05:06.104163775
[2023-07-17T19:05:08Z INFO  dt_instance] received at 2023-07-17 19:05:08.612059610 UTC - from mc-19->source-7 "963" 19:05:08.609667089
[2023-07-17T19:05:11Z INFO  dt_instance] received at 2023-07-17 19:05:11.120122267 UTC - from mc-19->source-5 "973" 19:05:11.115982307
[2023-07-17T19:05:13Z INFO  dt_instance] received at 2023-07-17 19:05:13.626417974 UTC - from mc-19->source-7 "973" 19:05:13.624886724
[2023-07-17T19:05:16Z INFO  dt_instance] received at 2023-07-17 19:05:16.143255609 UTC - from mc-19->source-7 "978" 19:05:16.130564821
[2023-07-17T19:05:18Z INFO  dt_instance] received at 2023-07-17 19:05:18.815734805 UTC - from mc-19->source-6 "986" 19:05:18.813883740
[2023-07-17T19:05:22Z INFO  dt_instance] received at 2023-07-17 19:05:22.086327047 UTC - from mc-19->source-9 "985" 19:05:22.084600721
[2023-07-17T19:05:29Z INFO  dt_instance] received at 2023-07-17 19:05:29.102872959 UTC - from mc-19->source-9 "999" 19:05:29.101312387
