[2023-07-17T18:38:44Z INFO  dt_instance] Current Twin: mc-twin-0
[2023-07-17T18:38:44Z INFO  dt_instance] Replica Name twin-mc-stateful-0
[2023-07-17T18:38:44Z INFO  dt_instance] Sleeping for 0
[2023-07-17T18:38:44Z INFO  dt_instance] Connecting to broker at emqx.dtwins:1883
[2023-07-17T18:38:44Z INFO  dt_instance] Loggin info each 50 messages
[2023-07-17T18:38:44Z INFO  dt_instance] Set max packet size to 60000 KB.
[2023-07-17T18:38:44Z INFO  dt_instance] Refreshing topics for twin - Listen to mc-0/#
[2023-07-17T18:38:44Z INFO  dt_instance] SubAck { pkid: 1, return_codes: [Success(ExactlyOnce)] }
[2023-07-17T18:39:51Z INFO  dt_instance] received at 2023-07-17 18:39:51.984920206 UTC - from mc-0->source-2 "9" 18:39:51.983295044
[2023-07-17T18:39:55Z INFO  dt_instance] received at 2023-07-17 18:39:55.238352292 UTC - from mc-0->source-1 "18" 18:39:55.236325276
[2023-07-17T18:39:57Z INFO  dt_instance] received at 2023-07-17 18:39:57.744742651 UTC - from mc-0->source-3 "18" 18:39:57.743155916
[2023-07-17T18:40:00Z INFO  dt_instance] received at 2023-07-17 18:40:00.250943248 UTC - from mc-0->source-3 "23" 18:40:00.249551448
[2023-07-17T18:40:02Z INFO  dt_instance] received at 2023-07-17 18:40:02.773365464 UTC - from mc-0->source-1 "33" 18:40:02.771613869
[2023-07-17T18:40:05Z INFO  dt_instance] received at 2023-07-17 18:40:05.286354010 UTC - from mc-0->source-3 "33" 18:40:05.279174165
[2023-07-17T18:40:07Z INFO  dt_instance] received at 2023-07-17 18:40:07.792872462 UTC - from mc-0->source-5 "33" 18:40:07.791521840
[2023-07-17T18:40:10Z INFO  dt_instance] received at 2023-07-17 18:40:10.300264467 UTC - from mc-0->source-3 "43" 18:40:10.297400734
[2023-07-17T18:40:12Z INFO  dt_instance] received at 2023-07-17 18:40:12.805279162 UTC - from mc-0->source-3 "48" 18:40:12.803464278
[2023-07-17T18:40:15Z INFO  dt_instance] received at 2023-07-17 18:40:15.311928371 UTC - from mc-0->source-1 "58" 18:40:15.310114287
[2023-07-17T18:40:17Z INFO  dt_instance] received at 2023-07-17 18:40:17.817967692 UTC - from mc-0->source-3 "58" 18:40:17.816703693
[2023-07-17T18:40:20Z INFO  dt_instance] received at 2023-07-17 18:40:20.324572839 UTC - from mc-0->source-3 "63" 18:40:20.323376538
[2023-07-17T18:40:22Z INFO  dt_instance] received at 2023-07-17 18:40:22.828692756 UTC - from mc-0->source-3 "68" 18:40:22.827618931
[2023-07-17T18:40:25Z INFO  dt_instance] received at 2023-07-17 18:40:25.344471552 UTC - from mc-0->source-5 "68" 18:40:25.340985446
[2023-07-17T18:40:27Z INFO  dt_instance] received at 2023-07-17 18:40:27.849690241 UTC - from mc-0->source-1 "83" 18:40:27.847099341
[2023-07-17T18:40:30Z INFO  dt_instance] received at 2023-07-17 18:40:30.355668746 UTC - from mc-0->source-1 "88" 18:40:30.353575379
[2023-07-17T18:40:32Z INFO  dt_instance] received at 2023-07-17 18:40:32.862430426 UTC - from mc-0->source-3 "88" 18:40:32.861526365
[2023-07-17T18:40:35Z INFO  dt_instance] received at 2023-07-17 18:40:35.367324135 UTC - from mc-0->source-5 "88" 18:40:35.365946553
[2023-07-17T18:40:37Z INFO  dt_instance] received at 2023-07-17 18:40:37.873913348 UTC - from mc-0->source-5 "93" 18:40:37.873393102
[2023-07-17T18:40:40Z INFO  dt_instance] received at 2023-07-17 18:40:40.380881987 UTC - from mc-0->source-1 "108" 18:40:40.377301977
[2023-07-17T18:40:42Z INFO  dt_instance] received at 2023-07-17 18:40:42.893476186 UTC - from mc-0->source-5 "103" 18:40:42.892380009
[2023-07-17T18:40:45Z INFO  dt_instance] received at 2023-07-17 18:40:45.430960929 UTC - from mc-0->source-1 "118" 18:40:45.414935867
[2023-07-17T18:40:47Z INFO  dt_instance] received at 2023-07-17 18:40:47.925084840 UTC - from mc-0->source-3 "118" 18:40:47.920032539
[2023-07-17T18:40:50Z INFO  dt_instance] received at 2023-07-17 18:40:50.430540981 UTC - from mc-0->source-1 "128" 18:40:50.429076882
[2023-07-17T18:40:52Z INFO  dt_instance] received at 2023-07-17 18:40:52.936248310 UTC - from mc-0->source-3 "128" 18:40:52.935073277
[2023-07-17T18:40:55Z INFO  dt_instance] received at 2023-07-17 18:40:55.445836382 UTC - from mc-0->source-1 "138" 18:40:55.442354393
[2023-07-17T18:40:57Z INFO  dt_instance] received at 2023-07-17 18:40:57.950334448 UTC - from mc-0->source-1 "143" 18:40:57.948855336
[2023-07-17T18:41:00Z INFO  dt_instance] received at 2023-07-17 18:41:00.456819375 UTC - from mc-0->source-1 "148" 18:41:00.455404271
[2023-07-17T18:41:02Z INFO  dt_instance] received at 2023-07-17 18:41:02.963209352 UTC - from mc-0->source-1 "153" 18:41:02.961715936
[2023-07-17T18:41:05Z INFO  dt_instance] received at 2023-07-17 18:41:05.499438630 UTC - from mc-0->source-5 "148" 18:41:05.498206251
[2023-07-17T18:41:08Z INFO  dt_instance] received at 2023-07-17 18:41:08.006107866 UTC - from mc-0->source-5 "153" 18:41:08.004895366
[2023-07-17T18:41:10Z INFO  dt_instance] received at 2023-07-17 18:41:10.511179628 UTC - from mc-0->source-5 "158" 18:41:10.510117977
[2023-07-17T18:41:13Z INFO  dt_instance] received at 2023-07-17 18:41:13.017082858 UTC - from mc-0->source-5 "163" 18:41:13.015847532
[2023-07-17T18:41:15Z INFO  dt_instance] received at 2023-07-17 18:41:15.521936310 UTC - from mc-0->source-5 "168" 18:41:15.520801903
[2023-07-17T18:41:18Z INFO  dt_instance] received at 2023-07-17 18:41:18.034266052 UTC - from mc-0->source-5 "173" 18:41:18.033268494
[2023-07-17T18:41:20Z INFO  dt_instance] received at 2023-07-17 18:41:20.539510760 UTC - from mc-0->source-5 "178" 18:41:20.538290246
[2023-07-17T18:41:23Z INFO  dt_instance] received at 2023-07-17 18:41:23.046071272 UTC - from mc-0->source-5 "183" 18:41:23.044533816
[2023-07-17T18:41:25Z INFO  dt_instance] received at 2023-07-17 18:41:25.551321765 UTC - from mc-0->source-5 "188" 18:41:25.550359451
[2023-07-17T18:41:28Z INFO  dt_instance] received at 2023-07-17 18:41:28.069773545 UTC - from mc-0->source-5 "193" 18:41:28.068693471
[2023-07-17T18:41:30Z INFO  dt_instance] received at 2023-07-17 18:41:30.577502252 UTC - from mc-0->source-5 "198" 18:41:30.576461601
[2023-07-17T18:41:33Z INFO  dt_instance] received at 2023-07-17 18:41:33.084905960 UTC - from mc-0->source-5 "203" 18:41:33.081373313
[2023-07-17T18:41:35Z INFO  dt_instance] received at 2023-07-17 18:41:35.587730022 UTC - from mc-0->source-5 "208" 18:41:35.586535229
[2023-07-17T18:41:38Z INFO  dt_instance] received at 2023-07-17 18:41:38.093115385 UTC - from mc-0->source-5 "213" 18:41:38.092169823
[2023-07-17T18:41:40Z INFO  dt_instance] received at 2023-07-17 18:41:40.598559497 UTC - from mc-0->source-5 "218" 18:41:40.597320529
[2023-07-17T18:41:43Z INFO  dt_instance] received at 2023-07-17 18:41:43.105412293 UTC - from mc-0->source-5 "223" 18:41:43.102073
[2023-07-17T18:41:45Z INFO  dt_instance] received at 2023-07-17 18:41:45.608797745 UTC - from mc-0->source-5 "228" 18:41:45.607554736
[2023-07-17T18:41:48Z INFO  dt_instance] received at 2023-07-17 18:41:48.114587341 UTC - from mc-0->source-5 "233" 18:41:48.113197839
[2023-07-17T18:41:50Z INFO  dt_instance] received at 2023-07-17 18:41:50.620660182 UTC - from mc-0->source-5 "238" 18:41:50.619423915
[2023-07-17T18:41:53Z INFO  dt_instance] received at 2023-07-17 18:41:53.124847734 UTC - from mc-0->source-5 "243" 18:41:53.123784745
[2023-07-17T18:41:55Z INFO  dt_instance] received at 2023-07-17 18:41:55.630294176 UTC - from mc-0->source-5 "248" 18:41:55.629247487
[2023-07-17T18:41:58Z INFO  dt_instance] received at 2023-07-17 18:41:58.136843890 UTC - from mc-0->source-5 "253" 18:41:58.135588092
[2023-07-17T18:42:00Z INFO  dt_instance] received at 2023-07-17 18:42:00.644721798 UTC - from mc-0->source-5 "258" 18:42:00.642403842
[2023-07-17T18:42:03Z INFO  dt_instance] received at 2023-07-17 18:42:03.149876545 UTC - from mc-0->source-5 "263" 18:42:03.148618062
[2023-07-17T18:42:05Z INFO  dt_instance] received at 2023-07-17 18:42:05.655368211 UTC - from mc-0->source-5 "268" 18:42:05.654263612
[2023-07-17T18:42:08Z INFO  dt_instance] received at 2023-07-17 18:42:08.161434199 UTC - from mc-0->source-5 "273" 18:42:08.160456115
[2023-07-17T18:42:10Z INFO  dt_instance] received at 2023-07-17 18:42:10.666507919 UTC - from mc-0->source-5 "278" 18:42:10.665353386
[2023-07-17T18:42:13Z INFO  dt_instance] received at 2023-07-17 18:42:13.172297293 UTC - from mc-0->source-5 "283" 18:42:13.171167386
[2023-07-17T18:42:15Z INFO  dt_instance] received at 2023-07-17 18:42:15.677723590 UTC - from mc-0->source-5 "288" 18:42:15.676658431
[2023-07-17T18:42:18Z INFO  dt_instance] received at 2023-07-17 18:42:18.195580322 UTC - from mc-0->source-5 "293" 18:42:18.182270870
[2023-07-17T18:42:20Z INFO  dt_instance] received at 2023-07-17 18:42:20.690177775 UTC - from mc-0->source-1 "308" 18:42:20.687918848
[2023-07-17T18:42:23Z INFO  dt_instance] received at 2023-07-17 18:42:23.196090791 UTC - from mc-0->source-1 "313" 18:42:23.194738394
[2023-07-17T18:42:25Z INFO  dt_instance] received at 2023-07-17 18:42:25.701995381 UTC - from mc-0->source-1 "318" 18:42:25.700141690
[2023-07-17T18:42:28Z INFO  dt_instance] received at 2023-07-17 18:42:28.206960390 UTC - from mc-0->source-1 "323" 18:42:28.205619605
[2023-07-17T18:42:30Z INFO  dt_instance] received at 2023-07-17 18:42:30.713602714 UTC - from mc-0->source-1 "328" 18:42:30.712251355
[2023-07-17T18:42:33Z INFO  dt_instance] received at 2023-07-17 18:42:33.218072596 UTC - from mc-0->source-1 "333" 18:42:33.216904876
[2023-07-17T18:42:35Z INFO  dt_instance] received at 2023-07-17 18:42:35.725077349 UTC - from mc-0->source-7 "323" 18:42:35.724298303
[2023-07-17T18:42:38Z INFO  dt_instance] received at 2023-07-17 18:42:38.230467198 UTC - from mc-0->source-7 "328" 18:42:38.228782312
[2023-07-17T18:42:40Z INFO  dt_instance] received at 2023-07-17 18:42:40.735905414 UTC - from mc-0->source-7 "333" 18:42:40.735081610
[2023-07-17T18:42:43Z INFO  dt_instance] received at 2023-07-17 18:42:43.242703413 UTC - from mc-0->source-1 "353" 18:42:43.241152236
[2023-07-17T18:42:45Z INFO  dt_instance] received at 2023-07-17 18:42:45.759871029 UTC - from mc-0->source-1 "358" 18:42:45.747831271
[2023-07-17T18:42:48Z INFO  dt_instance] received at 2023-07-17 18:42:48.259424317 UTC - from mc-0->source-7 "348" 18:42:48.258377486
[2023-07-17T18:42:50Z INFO  dt_instance] received at 2023-07-17 18:42:50.764841318 UTC - from mc-0->source-1 "368" 18:42:50.762906870
[2023-07-17T18:42:53Z INFO  dt_instance] received at 2023-07-17 18:42:53.270545473 UTC - from mc-0->source-1 "373" 18:42:53.269389361
[2023-07-17T18:42:55Z INFO  dt_instance] received at 2023-07-17 18:42:55.777960784 UTC - from mc-0->source-1 "378" 18:42:55.775373197
[2023-07-17T18:42:58Z INFO  dt_instance] received at 2023-07-17 18:42:58.286822944 UTC - from mc-0->source-7 "368" 18:42:58.283752039
[2023-07-17T18:43:00Z INFO  dt_instance] received at 2023-07-17 18:43:00.792842678 UTC - from mc-0->source-1 "388" 18:43:00.790986475
[2023-07-17T18:43:03Z INFO  dt_instance] received at 2023-07-17 18:43:03.299630231 UTC - from mc-0->source-1 "393" 18:43:03.296803555
[2023-07-17T18:43:05Z INFO  dt_instance] received at 2023-07-17 18:43:05.814618758 UTC - from mc-0->source-7 "383" 18:43:05.813716779
[2023-07-17T18:43:08Z INFO  dt_instance] received at 2023-07-17 18:43:08.320283530 UTC - from mc-0->source-7 "388" 18:43:08.319134079
[2023-07-17T18:43:10Z INFO  dt_instance] received at 2023-07-17 18:43:10.825631338 UTC - from mc-0->source-7 "393" 18:43:10.824618540
[2023-07-17T18:43:13Z INFO  dt_instance] received at 2023-07-17 18:43:13.331307267 UTC - from mc-0->source-7 "398" 18:43:13.330324874
[2023-07-17T18:43:15Z INFO  dt_instance] received at 2023-07-17 18:43:15.839007199 UTC - from mc-0->source-7 "403" 18:43:15.836158306
[2023-07-17T18:43:18Z INFO  dt_instance] received at 2023-07-17 18:43:18.344896014 UTC - from mc-0->source-7 "408" 18:43:18.343567703
[2023-07-17T18:43:20Z INFO  dt_instance] received at 2023-07-17 18:43:20.851294264 UTC - from mc-0->source-7 "413" 18:43:20.849889512
[2023-07-17T18:43:23Z INFO  dt_instance] received at 2023-07-17 18:43:23.357734876 UTC - from mc-0->source-7 "418" 18:43:23.356884145
[2023-07-17T18:43:25Z INFO  dt_instance] received at 2023-07-17 18:43:25.863691375 UTC - from mc-0->source-7 "423" 18:43:25.862916983
[2023-07-17T18:43:28Z INFO  dt_instance] received at 2023-07-17 18:43:28.369320659 UTC - from mc-0->source-7 "428" 18:43:28.368261162
[2023-07-17T18:43:30Z INFO  dt_instance] received at 2023-07-17 18:43:30.874659676 UTC - from mc-0->source-7 "433" 18:43:30.873414611
[2023-07-17T18:43:33Z INFO  dt_instance] received at 2023-07-17 18:43:33.380125687 UTC - from mc-0->source-7 "438" 18:43:33.378821376
[2023-07-17T18:43:35Z INFO  dt_instance] received at 2023-07-17 18:43:35.884435505 UTC - from mc-0->source-7 "443" 18:43:35.883660769
[2023-07-17T18:43:38Z INFO  dt_instance] received at 2023-07-17 18:43:38.390600476 UTC - from mc-0->source-7 "448" 18:43:38.389643772
[2023-07-17T18:43:40Z INFO  dt_instance] received at 2023-07-17 18:43:40.896676758 UTC - from mc-0->source-7 "453" 18:43:40.895238434
[2023-07-17T18:43:43Z INFO  dt_instance] received at 2023-07-17 18:43:43.400618440 UTC - from mc-0->source-7 "458" 18:43:43.399907994
[2023-07-17T18:43:45Z INFO  dt_instance] received at 2023-07-17 18:43:45.908800098 UTC - from mc-0->source-7 "463" 18:43:45.907859008
[2023-07-17T18:43:48Z INFO  dt_instance] received at 2023-07-17 18:43:48.416492757 UTC - from mc-0->source-7 "468" 18:43:48.415551710
[2023-07-17T18:43:50Z INFO  dt_instance] received at 2023-07-17 18:43:50.922590702 UTC - from mc-0->source-7 "473" 18:43:50.921329343
[2023-07-17T18:43:53Z INFO  dt_instance] received at 2023-07-17 18:43:53.426951581 UTC - from mc-0->source-7 "478" 18:43:53.426042949
[2023-07-17T18:43:55Z INFO  dt_instance] received at 2023-07-17 18:43:55.933687971 UTC - from mc-0->source-7 "483" 18:43:55.932765848
[2023-07-17T18:43:58Z INFO  dt_instance] received at 2023-07-17 18:43:58.439066386 UTC - from mc-0->source-7 "488" 18:43:58.438081499
[2023-07-17T18:44:00Z INFO  dt_instance] received at 2023-07-17 18:44:00.947621597 UTC - from mc-0->source-7 "493" 18:44:00.946023206
[2023-07-17T18:44:03Z INFO  dt_instance] received at 2023-07-17 18:44:03.454964855 UTC - from mc-0->source-7 "498" 18:44:03.451253252
[2023-07-17T18:44:05Z INFO  dt_instance] received at 2023-07-17 18:44:05.959504797 UTC - from mc-0->source-7 "503" 18:44:05.958291863
[2023-07-17T18:44:08Z INFO  dt_instance] received at 2023-07-17 18:44:08.466347676 UTC - from mc-0->source-7 "508" 18:44:08.465421766
[2023-07-17T18:44:10Z INFO  dt_instance] received at 2023-07-17 18:44:10.972391948 UTC - from mc-0->source-7 "513" 18:44:10.971555773
[2023-07-17T18:44:13Z INFO  dt_instance] received at 2023-07-17 18:44:13.477954893 UTC - from mc-0->source-7 "518" 18:44:13.477056422
[2023-07-17T18:44:15Z INFO  dt_instance] received at 2023-07-17 18:44:15.995747057 UTC - from mc-0->source-7 "523" 18:44:15.994435862
[2023-07-17T18:44:18Z INFO  dt_instance] received at 2023-07-17 18:44:18.501450628 UTC - from mc-0->source-7 "528" 18:44:18.499732102
[2023-07-17T18:44:21Z INFO  dt_instance] received at 2023-07-17 18:44:21.011938368 UTC - from mc-0->source-1 "548" 18:44:21.007464999
[2023-07-17T18:44:23Z INFO  dt_instance] received at 2023-07-17 18:44:23.515447240 UTC - from mc-0->source-1 "553" 18:44:23.514272512
[2023-07-17T18:44:26Z INFO  dt_instance] received at 2023-07-17 18:44:26.020885690 UTC - from mc-0->source-1 "558" 18:44:26.019814091
[2023-07-17T18:44:28Z INFO  dt_instance] received at 2023-07-17 18:44:28.527109014 UTC - from mc-0->source-1 "563" 18:44:28.525752048
[2023-07-17T18:44:31Z INFO  dt_instance] received at 2023-07-17 18:44:31.033801628 UTC - from mc-0->source-7 "553" 18:44:31.032559083
[2023-07-17T18:44:33Z INFO  dt_instance] received at 2023-07-17 18:44:33.539835591 UTC - from mc-0->source-7 "558" 18:44:33.538565757
[2023-07-17T18:44:36Z INFO  dt_instance] received at 2023-07-17 18:44:36.047951042 UTC - from mc-0->source-7 "563" 18:44:36.045399270
[2023-07-17T18:44:38Z INFO  dt_instance] received at 2023-07-17 18:44:38.552854893 UTC - from mc-0->source-1 "583" 18:44:38.551949831
[2023-07-17T18:44:41Z INFO  dt_instance] received at 2023-07-17 18:44:41.069122797 UTC - from mc-0->source-7 "573" 18:44:41.064986125
[2023-07-17T18:44:43Z INFO  dt_instance] received at 2023-07-17 18:44:43.575354075 UTC - from mc-0->source-7 "578" 18:44:43.572556657
[2023-07-17T18:44:46Z INFO  dt_instance] received at 2023-07-17 18:44:46.085349934 UTC - from mc-0->source-7 "583" 18:44:46.079542447
[2023-07-17T18:44:48Z INFO  dt_instance] received at 2023-07-17 18:44:48.587637332 UTC - from mc-0->source-7 "588" 18:44:48.586696526
[2023-07-17T18:44:51Z INFO  dt_instance] received at 2023-07-17 18:44:51.094676222 UTC - from mc-0->source-7 "593" 18:44:51.093611133
[2023-07-17T18:44:53Z INFO  dt_instance] received at 2023-07-17 18:44:53.600329188 UTC - from mc-0->source-7 "598" 18:44:53.599306008
[2023-07-17T18:44:56Z INFO  dt_instance] received at 2023-07-17 18:44:56.105756584 UTC - from mc-0->source-7 "603" 18:44:56.104586987
[2023-07-17T18:44:58Z INFO  dt_instance] received at 2023-07-17 18:44:58.620251577 UTC - from mc-0->source-7 "608" 18:44:58.612947709
[2023-07-17T18:45:01Z INFO  dt_instance] received at 2023-07-17 18:45:01.119824996 UTC - from mc-0->source-7 "613" 18:45:01.118853387
[2023-07-17T18:45:03Z INFO  dt_instance] received at 2023-07-17 18:45:03.624316468 UTC - from mc-0->source-7 "618" 18:45:03.623660723
[2023-07-17T18:45:06Z INFO  dt_instance] received at 2023-07-17 18:45:06.130659031 UTC - from mc-0->source-7 "623" 18:45:06.129851790
[2023-07-17T18:45:08Z INFO  dt_instance] received at 2023-07-17 18:45:08.636391541 UTC - from mc-0->source-7 "628" 18:45:08.635637994
[2023-07-17T18:45:11Z INFO  dt_instance] received at 2023-07-17 18:45:11.142864274 UTC - from mc-0->source-7 "633" 18:45:11.141628827
[2023-07-17T18:45:13Z INFO  dt_instance] received at 2023-07-17 18:45:13.650892743 UTC - from mc-0->source-7 "638" 18:45:13.649749312
[2023-07-17T18:45:16Z INFO  dt_instance] received at 2023-07-17 18:45:16.157690323 UTC - from mc-0->source-7 "643" 18:45:16.154846939
[2023-07-17T18:45:18Z INFO  dt_instance] received at 2023-07-17 18:45:18.662128302 UTC - from mc-0->source-7 "648" 18:45:18.661324634
[2023-07-17T18:45:21Z INFO  dt_instance] received at 2023-07-17 18:45:21.166911563 UTC - from mc-0->source-7 "653" 18:45:21.165816826
[2023-07-17T18:45:23Z INFO  dt_instance] received at 2023-07-17 18:45:23.674437671 UTC - from mc-0->source-7 "658" 18:45:23.673604911
[2023-07-17T18:45:26Z INFO  dt_instance] received at 2023-07-17 18:45:26.182472266 UTC - from mc-0->source-7 "663" 18:45:26.180340884
[2023-07-17T18:45:28Z INFO  dt_instance] received at 2023-07-17 18:45:28.688697598 UTC - from mc-0->source-7 "668" 18:45:28.687576672
[2023-07-17T18:45:31Z INFO  dt_instance] received at 2023-07-17 18:45:31.195330531 UTC - from mc-0->source-7 "673" 18:45:31.194238212
[2023-07-17T18:45:33Z INFO  dt_instance] received at 2023-07-17 18:45:33.699618173 UTC - from mc-0->source-7 "678" 18:45:33.698771673
[2023-07-17T18:45:36Z INFO  dt_instance] received at 2023-07-17 18:45:36.207104356 UTC - from mc-0->source-7 "683" 18:45:36.205505615
[2023-07-17T18:45:38Z INFO  dt_instance] received at 2023-07-17 18:45:38.712651085 UTC - from mc-0->source-7 "688" 18:45:38.711649426
[2023-07-17T18:45:41Z INFO  dt_instance] received at 2023-07-17 18:45:41.223488817 UTC - from mc-0->source-7 "693" 18:45:41.222688912
[2023-07-17T18:45:43Z INFO  dt_instance] received at 2023-07-17 18:45:43.729706981 UTC - from mc-0->source-7 "698" 18:45:43.728548689
[2023-07-17T18:45:46Z INFO  dt_instance] received at 2023-07-17 18:45:46.236655403 UTC - from mc-0->source-7 "703" 18:45:46.235305953
[2023-07-17T18:45:48Z INFO  dt_instance] received at 2023-07-17 18:45:48.742916454 UTC - from mc-0->source-7 "708" 18:45:48.742142247
[2023-07-17T18:45:51Z INFO  dt_instance] received at 2023-07-17 18:45:51.248080816 UTC - from mc-0->source-7 "713" 18:45:51.247371495
[2023-07-17T18:45:53Z INFO  dt_instance] received at 2023-07-17 18:45:53.753726558 UTC - from mc-0->source-7 "718" 18:45:53.752644544
[2023-07-17T18:45:56Z INFO  dt_instance] received at 2023-07-17 18:45:56.259901104 UTC - from mc-0->source-7 "723" 18:45:56.258765031
[2023-07-17T18:45:58Z INFO  dt_instance] received at 2023-07-17 18:45:58.765760831 UTC - from mc-0->source-7 "728" 18:45:58.765093862
[2023-07-17T18:46:01Z INFO  dt_instance] received at 2023-07-17 18:46:01.271641602 UTC - from mc-0->source-7 "733" 18:46:01.270337847
[2023-07-17T18:46:03Z INFO  dt_instance] received at 2023-07-17 18:46:03.777129660 UTC - from mc-0->source-7 "738" 18:46:03.776005544
[2023-07-17T18:46:06Z INFO  dt_instance] received at 2023-07-17 18:46:06.283222863 UTC - from mc-0->source-7 "743" 18:46:06.282305370
[2023-07-17T18:46:08Z INFO  dt_instance] received at 2023-07-17 18:46:08.789251975 UTC - from mc-0->source-7 "748" 18:46:08.788264533
[2023-07-17T18:46:11Z INFO  dt_instance] received at 2023-07-17 18:46:11.295283278 UTC - from mc-0->source-7 "753" 18:46:11.294193477
[2023-07-17T18:46:13Z INFO  dt_instance] received at 2023-07-17 18:46:13.800745770 UTC - from mc-0->source-7 "758" 18:46:13.799884560
[2023-07-17T18:46:16Z INFO  dt_instance] received at 2023-07-17 18:46:16.306267175 UTC - from mc-0->source-7 "763" 18:46:16.305617274
[2023-07-17T18:46:18Z INFO  dt_instance] received at 2023-07-17 18:46:18.813629437 UTC - from mc-0->source-7 "768" 18:46:18.812762300
[2023-07-17T18:46:21Z INFO  dt_instance] received at 2023-07-17 18:46:21.319271200 UTC - from mc-0->source-7 "773" 18:46:21.318414485
[2023-07-17T18:46:23Z INFO  dt_instance] received at 2023-07-17 18:46:23.825667908 UTC - from mc-0->source-7 "778" 18:46:23.824861913
[2023-07-17T18:46:26Z INFO  dt_instance] received at 2023-07-17 18:46:26.331394814 UTC - from mc-0->source-7 "783" 18:46:26.330061462
[2023-07-17T18:46:28Z INFO  dt_instance] received at 2023-07-17 18:46:28.837064198 UTC - from mc-0->source-7 "788" 18:46:28.835984003
[2023-07-17T18:46:31Z INFO  dt_instance] received at 2023-07-17 18:46:31.343226793 UTC - from mc-0->source-7 "793" 18:46:31.341681570
[2023-07-17T18:46:33Z INFO  dt_instance] received at 2023-07-17 18:46:33.847679357 UTC - from mc-0->source-7 "798" 18:46:33.846742725
[2023-07-17T18:46:36Z INFO  dt_instance] received at 2023-07-17 18:46:36.353359121 UTC - from mc-0->source-7 "803" 18:46:36.352667602
[2023-07-17T18:46:38Z INFO  dt_instance] received at 2023-07-17 18:46:38.861735633 UTC - from mc-0->source-7 "808" 18:46:38.859834801
[2023-07-17T18:46:41Z INFO  dt_instance] received at 2023-07-17 18:46:41.365797709 UTC - from mc-0->source-7 "813" 18:46:41.364669881
[2023-07-17T18:46:43Z INFO  dt_instance] received at 2023-07-17 18:46:43.872256131 UTC - from mc-0->source-7 "818" 18:46:43.870873439
[2023-07-17T18:46:46Z INFO  dt_instance] received at 2023-07-17 18:46:46.378093490 UTC - from mc-0->source-7 "823" 18:46:46.377013687
[2023-07-17T18:46:48Z INFO  dt_instance] received at 2023-07-17 18:46:48.883067457 UTC - from mc-0->source-7 "828" 18:46:48.881757385
[2023-07-17T18:46:51Z INFO  dt_instance] received at 2023-07-17 18:46:51.389956717 UTC - from mc-0->source-7 "833" 18:46:51.389001118
[2023-07-17T18:46:53Z INFO  dt_instance] received at 2023-07-17 18:46:53.896366691 UTC - from mc-0->source-7 "838" 18:46:53.895472795
[2023-07-17T18:46:56Z INFO  dt_instance] received at 2023-07-17 18:46:56.400678285 UTC - from mc-0->source-7 "843" 18:46:56.399624476
[2023-07-17T18:46:58Z INFO  dt_instance] received at 2023-07-17 18:46:58.907080217 UTC - from mc-0->source-7 "848" 18:46:58.906071787
[2023-07-17T18:47:01Z INFO  dt_instance] received at 2023-07-17 18:47:01.413723064 UTC - from mc-0->source-7 "853" 18:47:01.412584188
[2023-07-17T18:47:03Z INFO  dt_instance] received at 2023-07-17 18:47:03.922499369 UTC - from mc-0->source-7 "858" 18:47:03.921115616
[2023-07-17T18:47:06Z INFO  dt_instance] received at 2023-07-17 18:47:06.426552149 UTC - from mc-0->source-7 "863" 18:47:06.425786774
[2023-07-17T18:47:08Z INFO  dt_instance] received at 2023-07-17 18:47:08.932541182 UTC - from mc-0->source-7 "868" 18:47:08.931120918
[2023-07-17T18:47:11Z INFO  dt_instance] received at 2023-07-17 18:47:11.438633803 UTC - from mc-0->source-7 "873" 18:47:11.437825207
[2023-07-17T18:47:13Z INFO  dt_instance] received at 2023-07-17 18:47:13.946339429 UTC - from mc-0->source-7 "878" 18:47:13.945185195
[2023-07-17T18:47:16Z INFO  dt_instance] received at 2023-07-17 18:47:16.458647408 UTC - from mc-0->source-7 "883" 18:47:16.457827183
[2023-07-17T18:47:18Z INFO  dt_instance] received at 2023-07-17 18:47:18.965351998 UTC - from mc-0->source-7 "888" 18:47:18.963606726
[2023-07-17T18:47:21Z INFO  dt_instance] received at 2023-07-17 18:47:21.470338954 UTC - from mc-0->source-7 "893" 18:47:21.469639863
[2023-07-17T18:47:23Z INFO  dt_instance] received at 2023-07-17 18:47:23.975973640 UTC - from mc-0->source-7 "898" 18:47:23.974867936
[2023-07-17T18:47:26Z INFO  dt_instance] received at 2023-07-17 18:47:26.480811743 UTC - from mc-0->source-7 "903" 18:47:26.479615777
[2023-07-17T18:47:28Z INFO  dt_instance] received at 2023-07-17 18:47:28.986917957 UTC - from mc-0->source-7 "908" 18:47:28.984840929
[2023-07-17T18:47:31Z INFO  dt_instance] received at 2023-07-17 18:47:31.492300266 UTC - from mc-0->source-7 "913" 18:47:31.490660892
[2023-07-17T18:47:33Z INFO  dt_instance] received at 2023-07-17 18:47:33.998864328 UTC - from mc-0->source-7 "918" 18:47:33.997733588
[2023-07-17T18:47:36Z INFO  dt_instance] received at 2023-07-17 18:47:36.503757334 UTC - from mc-0->source-7 "923" 18:47:36.502700942
[2023-07-17T18:47:39Z INFO  dt_instance] received at 2023-07-17 18:47:39.009995951 UTC - from mc-0->source-7 "928" 18:47:39.009339612
[2023-07-17T18:47:41Z INFO  dt_instance] received at 2023-07-17 18:47:41.516813850 UTC - from mc-0->source-7 "933" 18:47:41.515805766
[2023-07-17T18:47:44Z INFO  dt_instance] received at 2023-07-17 18:47:44.021618964 UTC - from mc-0->source-7 "938" 18:47:44.020775427
[2023-07-17T18:47:46Z INFO  dt_instance] received at 2023-07-17 18:47:46.529754390 UTC - from mc-0->source-7 "943" 18:47:46.527989477
[2023-07-17T18:47:49Z INFO  dt_instance] received at 2023-07-17 18:47:49.034687475 UTC - from mc-0->source-7 "948" 18:47:49.033776177
[2023-07-17T18:47:51Z INFO  dt_instance] received at 2023-07-17 18:47:51.540806269 UTC - from mc-0->source-7 "953" 18:47:51.540002955
[2023-07-17T18:47:54Z INFO  dt_instance] received at 2023-07-17 18:47:54.048307912 UTC - from mc-0->source-7 "958" 18:47:54.045530551
[2023-07-17T18:47:56Z INFO  dt_instance] received at 2023-07-17 18:47:56.551662259 UTC - from mc-0->source-7 "963" 18:47:56.550486582
[2023-07-17T18:47:59Z INFO  dt_instance] received at 2023-07-17 18:47:59.057524910 UTC - from mc-0->source-7 "968" 18:47:59.055586527
[2023-07-17T18:48:01Z INFO  dt_instance] received at 2023-07-17 18:48:01.562776174 UTC - from mc-0->source-7 "973" 18:48:01.561703760
[2023-07-17T18:48:04Z INFO  dt_instance] received at 2023-07-17 18:48:04.071071096 UTC - from mc-0->source-7 "978" 18:48:04.069682849
[2023-07-17T18:48:06Z INFO  dt_instance] received at 2023-07-17 18:48:06.642694514 UTC - from mc-0->source-8 "981" 18:48:06.641325743
[2023-07-17T18:48:09Z INFO  dt_instance] received at 2023-07-17 18:48:09.943456096 UTC - from mc-0->source-9 "985" 18:48:09.941267761
[2023-07-17T18:48:16Z INFO  dt_instance] received at 2023-07-17 18:48:16.957952646 UTC - from mc-0->source-9 "999" 18:48:16.956124704
