[2023-07-17T18:40:24Z INFO  dt_instance] Current Twin: mc-twin-22
[2023-07-17T18:40:24Z INFO  dt_instance] Replica Name twin-mc-stateful-22
[2023-07-17T18:40:24Z INFO  dt_instance] Sleeping for 1100
[2023-07-17T18:58:44Z INFO  dt_instance] Connecting to broker at emqx.dtwins:1883
[2023-07-17T18:58:44Z INFO  dt_instance] Loggin info each 50 messages
[2023-07-17T18:58:44Z INFO  dt_instance] Set max packet size to 60000 KB.
[2023-07-17T18:58:45Z INFO  dt_instance] Refreshing topics for twin - Listen to mc-22/#
[2023-07-17T18:58:45Z INFO  dt_instance] SubAck { pkid: 1, return_codes: [Success(ExactlyOnce)] }
[2023-07-17T18:59:45Z INFO  dt_instance] received at 2023-07-17 18:59:45.726155289 UTC - from mc-22->source-0 "14" 18:59:45.690703797
[2023-07-17T18:59:48Z INFO  dt_instance] received at 2023-07-17 18:59:48.965409200 UTC - from mc-22->source-1 "18" 18:59:48.942879382
[2023-07-17T18:59:51Z INFO  dt_instance] received at 2023-07-17 18:59:51.493076791 UTC - from mc-22->source-5 "13" 18:59:51.436007011
[2023-07-17T18:59:54Z INFO  dt_instance] received at 2023-07-17 18:59:54.028621404 UTC - from mc-22->source-9 "8" 18:59:53.928270995
[2023-07-17T18:59:56Z INFO  dt_instance] received at 2023-07-17 18:59:56.495567655 UTC - from mc-22->source-5 "23" 18:59:56.449587620
[2023-07-17T18:59:59Z INFO  dt_instance] received at 2023-07-17 18:59:59.231932655 UTC - from mc-22->source-6 "26" 18:59:59.201919202
[2023-07-17T19:00:01Z INFO  dt_instance] received at 2023-07-17 19:00:01.632736265 UTC - from mc-22->source-5 "33" 19:00:01.461253135
[2023-07-17T19:00:04Z INFO  dt_instance] received at 2023-07-17 19:00:04.056680273 UTC - from mc-22->source-5 "38" 19:00:03.967395156
[2023-07-17T19:00:06Z INFO  dt_instance] received at 2023-07-17 19:00:06.535349139 UTC - from mc-22->source-5 "43" 19:00:06.473688159
[2023-07-17T19:00:09Z INFO  dt_instance] received at 2023-07-17 19:00:09.069166824 UTC - from mc-22->source-9 "38" 19:00:08.964070191
[2023-07-17T19:00:11Z INFO  dt_instance] received at 2023-07-17 19:00:11.575019753 UTC - from mc-22->source-9 "43" 19:00:11.470676192
[2023-07-17T19:00:14Z INFO  dt_instance] received at 2023-07-17 19:00:14.061537549 UTC - from mc-22->source-5 "58" 19:00:13.992175411
[2023-07-17T19:00:16Z INFO  dt_instance] received at 2023-07-17 19:00:16.622433044 UTC - from mc-22->source-5 "63" 19:00:16.497916421
[2023-07-17T19:00:19Z INFO  dt_instance] received at 2023-07-17 19:00:19.070925964 UTC - from mc-22->source-7 "63" 19:00:18.996105706
[2023-07-17T19:00:21Z INFO  dt_instance] received at 2023-07-17 19:00:21.563578037 UTC - from mc-22->source-5 "73" 19:00:21.513950337
[2023-07-17T19:00:24Z INFO  dt_instance] received at 2023-07-17 19:00:24.062750936 UTC - from mc-22->source-5 "78" 19:00:24.020095198
[2023-07-17T19:00:26Z INFO  dt_instance] received at 2023-07-17 19:00:26.593751550 UTC - from mc-22->source-5 "83" 19:00:26.525128401
[2023-07-17T19:00:29Z INFO  dt_instance] received at 2023-07-17 19:00:29.062531647 UTC - from mc-22->source-1 "98" 19:00:29.039303705
[2023-07-17T19:00:31Z INFO  dt_instance] received at 2023-07-17 19:00:31.577419325 UTC - from mc-22->source-5 "93" 19:00:31.538518207
[2023-07-17T19:00:34Z INFO  dt_instance] received at 2023-07-17 19:00:34.078448430 UTC - from mc-22->source-5 "98" 19:00:34.044663750
[2023-07-17T19:00:36Z INFO  dt_instance] received at 2023-07-17 19:00:36.612573195 UTC - from mc-22->source-5 "103" 19:00:36.550011342
[2023-07-17T19:00:39Z INFO  dt_instance] received at 2023-07-17 19:00:39.112522075 UTC - from mc-22->source-5 "108" 19:00:39.055712155
[2023-07-17T19:00:41Z INFO  dt_instance] received at 2023-07-17 19:00:41.580009722 UTC - from mc-22->source-5 "113" 19:00:41.561733233
[2023-07-17T19:00:44Z INFO  dt_instance] received at 2023-07-17 19:00:44.103752646 UTC - from mc-22->source-5 "118" 19:00:44.066270467
[2023-07-17T19:00:46Z INFO  dt_instance] received at 2023-07-17 19:00:46.632559510 UTC - from mc-22->source-5 "123" 19:00:46.573946353
[2023-07-17T19:00:49Z INFO  dt_instance] received at 2023-07-17 19:00:49.122433440 UTC - from mc-22->source-5 "128" 19:00:49.080899263
[2023-07-17T19:00:51Z INFO  dt_instance] received at 2023-07-17 19:00:51.618991632 UTC - from mc-22->source-5 "133" 19:00:51.585822404
[2023-07-17T19:00:54Z INFO  dt_instance] received at 2023-07-17 19:00:54.121885083 UTC - from mc-22->source-5 "138" 19:00:54.091373892
[2023-07-17T19:00:56Z INFO  dt_instance] received at 2023-07-17 19:00:56.675871132 UTC - from mc-22->source-5 "143" 19:00:56.596964189
[2023-07-17T19:00:59Z INFO  dt_instance] received at 2023-07-17 19:00:59.340753251 UTC - from mc-22->source-5 "148" 19:00:59.102203651
[2023-07-17T19:01:01Z INFO  dt_instance] received at 2023-07-17 19:01:01.617206692 UTC - from mc-22->source-1 "163" 19:01:01.612426453
[2023-07-17T19:01:04Z INFO  dt_instance] received at 2023-07-17 19:01:04.137229030 UTC - from mc-22->source-1 "168" 19:01:04.118619108
[2023-07-17T19:01:06Z INFO  dt_instance] received at 2023-07-17 19:01:06.647069202 UTC - from mc-22->source-5 "163" 19:01:06.619570369
[2023-07-17T19:01:09Z INFO  dt_instance] received at 2023-07-17 19:01:09.149633547 UTC - from mc-22->source-5 "168" 19:01:09.125915370
[2023-07-17T19:01:11Z INFO  dt_instance] received at 2023-07-17 19:01:11.644572561 UTC - from mc-22->source-1 "183" 19:01:11.636752143
[2023-07-17T19:01:14Z INFO  dt_instance] received at 2023-07-17 19:01:14.170324087 UTC - from mc-22->source-3 "183" 19:01:14.142956958
[2023-07-17T19:01:16Z INFO  dt_instance] received at 2023-07-17 19:01:16.664882448 UTC - from mc-22->source-5 "183" 19:01:16.642046388
[2023-07-17T19:01:19Z INFO  dt_instance] received at 2023-07-17 19:01:19.162212191 UTC - from mc-22->source-5 "188" 19:01:19.148036745
[2023-07-17T19:01:21Z INFO  dt_instance] received at 2023-07-17 19:01:21.877239616 UTC - from mc-22->source-3 "198" 19:01:21.660756542
[2023-07-17T19:01:24Z INFO  dt_instance] received at 2023-07-17 19:01:24.206752517 UTC - from mc-22->source-5 "198" 19:01:24.160893262
[2023-07-17T19:01:26Z INFO  dt_instance] received at 2023-07-17 19:01:26.687667378 UTC - from mc-22->source-1 "213" 19:01:26.671192517
[2023-07-17T19:01:29Z INFO  dt_instance] received at 2023-07-17 19:01:29.202883154 UTC - from mc-22->source-5 "208" 19:01:29.173633902
[2023-07-17T19:01:31Z INFO  dt_instance] received at 2023-07-17 19:01:31.703597677 UTC - from mc-22->source-3 "218" 19:01:31.684770953
[2023-07-17T19:01:34Z INFO  dt_instance] received at 2023-07-17 19:01:34.227190267 UTC - from mc-22->source-5 "218" 19:01:34.183610998
[2023-07-17T19:01:36Z INFO  dt_instance] received at 2023-07-17 19:01:36.737775373 UTC - from mc-22->source-5 "223" 19:01:36.688807815
[2023-07-17T19:01:39Z INFO  dt_instance] received at 2023-07-17 19:01:39.416910643 UTC - from mc-22->source-7 "223" 19:01:39.182288994
[2023-07-17T19:01:41Z INFO  dt_instance] received at 2023-07-17 19:01:41.721810159 UTC - from mc-22->source-3 "238" 19:01:41.705772561
[2023-07-17T19:01:44Z INFO  dt_instance] received at 2023-07-17 19:01:44.251302555 UTC - from mc-22->source-5 "238" 19:01:44.205528323
[2023-07-17T19:01:46Z INFO  dt_instance] received at 2023-07-17 19:01:46.746644103 UTC - from mc-22->source-5 "243" 19:01:46.711681055
[2023-07-17T19:01:49Z INFO  dt_instance] received at 2023-07-17 19:01:49.240477785 UTC - from mc-22->source-3 "253" 19:01:49.221525931
[2023-07-17T19:01:51Z INFO  dt_instance] received at 2023-07-17 19:01:51.759277714 UTC - from mc-22->source-5 "253" 19:01:51.721703673
[2023-07-17T19:01:54Z INFO  dt_instance] received at 2023-07-17 19:01:54.354493779 UTC - from mc-22->source-5 "258" 19:01:54.226134238
[2023-07-17T19:01:56Z INFO  dt_instance] received at 2023-07-17 19:01:56.789504205 UTC - from mc-22->source-5 "263" 19:01:56.731874412
[2023-07-17T19:01:59Z INFO  dt_instance] received at 2023-07-17 19:01:59.253619238 UTC - from mc-22->source-5 "268" 19:01:59.237504953
[2023-07-17T19:02:01Z INFO  dt_instance] received at 2023-07-17 19:02:01.779704566 UTC - from mc-22->source-5 "273" 19:02:01.751507480
[2023-07-17T19:02:04Z INFO  dt_instance] received at 2023-07-17 19:02:04.269578417 UTC - from mc-22->source-5 "278" 19:02:04.256937118
[2023-07-17T19:02:06Z INFO  dt_instance] received at 2023-07-17 19:02:06.845203384 UTC - from mc-22->source-5 "283" 19:02:06.762672406
[2023-07-17T19:02:09Z INFO  dt_instance] received at 2023-07-17 19:02:09.318511733 UTC - from mc-22->source-5 "288" 19:02:09.269275300
[2023-07-17T19:02:11Z INFO  dt_instance] received at 2023-07-17 19:02:11.813148683 UTC - from mc-22->source-5 "293" 19:02:11.774985469
[2023-07-17T19:02:14Z INFO  dt_instance] received at 2023-07-17 19:02:14.307756332 UTC - from mc-22->source-5 "298" 19:02:14.280132204
[2023-07-17T19:02:16Z INFO  dt_instance] received at 2023-07-17 19:02:16.805003599 UTC - from mc-22->source-5 "303" 19:02:16.788012962
[2023-07-17T19:02:19Z INFO  dt_instance] received at 2023-07-17 19:02:19.320695107 UTC - from mc-22->source-5 "308" 19:02:19.295162493
[2023-07-17T19:02:21Z INFO  dt_instance] received at 2023-07-17 19:02:21.847412545 UTC - from mc-22->source-5 "313" 19:02:21.801581206
[2023-07-17T19:02:24Z INFO  dt_instance] received at 2023-07-17 19:02:24.329545562 UTC - from mc-22->source-5 "318" 19:02:24.315310486
[2023-07-17T19:02:26Z INFO  dt_instance] received at 2023-07-17 19:02:26.843307911 UTC - from mc-22->source-5 "323" 19:02:26.828839694
[2023-07-17T19:02:29Z INFO  dt_instance] received at 2023-07-17 19:02:29.353133322 UTC - from mc-22->source-5 "328" 19:02:29.333332910
[2023-07-17T19:02:31Z INFO  dt_instance] received at 2023-07-17 19:02:31.855215887 UTC - from mc-22->source-3 "338" 19:02:31.840754899
[2023-07-17T19:02:34Z INFO  dt_instance] received at 2023-07-17 19:02:34.366339819 UTC - from mc-22->source-5 "338" 19:02:34.345033927
[2023-07-17T19:02:36Z INFO  dt_instance] received at 2023-07-17 19:02:36.918507207 UTC - from mc-22->source-5 "343" 19:02:36.852535641
[2023-07-17T19:02:39Z INFO  dt_instance] received at 2023-07-17 19:02:39.383863596 UTC - from mc-22->source-5 "348" 19:02:39.359612884
[2023-07-17T19:02:41Z INFO  dt_instance] received at 2023-07-17 19:02:41.883710528 UTC - from mc-22->source-3 "358" 19:02:41.867641569
[2023-07-17T19:02:44Z INFO  dt_instance] received at 2023-07-17 19:02:44.402803868 UTC - from mc-22->source-5 "358" 19:02:44.370448919
[2023-07-17T19:02:47Z INFO  dt_instance] received at 2023-07-17 19:02:47.107248665 UTC - from mc-22->source-3 "368" 19:02:46.877275809
[2023-07-17T19:02:49Z INFO  dt_instance] received at 2023-07-17 19:02:49.402790347 UTC - from mc-22->source-5 "368" 19:02:49.381561246
[2023-07-17T19:02:51Z INFO  dt_instance] received at 2023-07-17 19:02:51.927912330 UTC - from mc-22->source-5 "373" 19:02:51.888048977
[2023-07-17T19:02:54Z INFO  dt_instance] received at 2023-07-17 19:02:54.617697725 UTC - from mc-22->source-1 "388" 19:02:54.387609546
[2023-07-17T19:02:56Z INFO  dt_instance] received at 2023-07-17 19:02:56.916699544 UTC - from mc-22->source-5 "383" 19:02:56.901937578
[2023-07-17T19:02:59Z INFO  dt_instance] received at 2023-07-17 19:02:59.430770660 UTC - from mc-22->source-3 "393" 19:02:59.408602874
[2023-07-17T19:03:01Z INFO  dt_instance] received at 2023-07-17 19:03:01.929999390 UTC - from mc-22->source-5 "393" 19:03:01.913600187
[2023-07-17T19:03:04Z INFO  dt_instance] received at 2023-07-17 19:03:04.632285241 UTC - from mc-22->source-1 "408" 19:03:04.409572905
[2023-07-17T19:03:06Z INFO  dt_instance] received at 2023-07-17 19:03:06.936525952 UTC - from mc-22->source-5 "403" 19:03:06.927629377
[2023-07-17T19:03:09Z INFO  dt_instance] received at 2023-07-17 19:03:09.442697773 UTC - from mc-22->source-5 "408" 19:03:09.433564047
[2023-07-17T19:03:11Z INFO  dt_instance] received at 2023-07-17 19:03:11.967913029 UTC - from mc-22->source-5 "413" 19:03:11.939768447
[2023-07-17T19:03:14Z INFO  dt_instance] received at 2023-07-17 19:03:14.461382245 UTC - from mc-22->source-5 "418" 19:03:14.444180530
[2023-07-17T19:03:16Z INFO  dt_instance] received at 2023-07-17 19:03:16.957804871 UTC - from mc-22->source-5 "423" 19:03:16.950980550
[2023-07-17T19:03:19Z INFO  dt_instance] received at 2023-07-17 19:03:19.473823899 UTC - from mc-22->source-5 "428" 19:03:19.457480772
[2023-07-17T19:03:21Z INFO  dt_instance] received at 2023-07-17 19:03:21.974089526 UTC - from mc-22->source-5 "433" 19:03:21.962285369
[2023-07-17T19:03:24Z INFO  dt_instance] received at 2023-07-17 19:03:24.551235049 UTC - from mc-22->source-5 "438" 19:03:24.469216616
[2023-07-17T19:03:26Z INFO  dt_instance] received at 2023-07-17 19:03:26.991035398 UTC - from mc-22->source-5 "443" 19:03:26.975363643
[2023-07-17T19:03:29Z INFO  dt_instance] received at 2023-07-17 19:03:29.534586057 UTC - from mc-22->source-5 "448" 19:03:29.481104866
[2023-07-17T19:03:32Z INFO  dt_instance] received at 2023-07-17 19:03:32.001423126 UTC - from mc-22->source-5 "453" 19:03:31.989040760
[2023-07-17T19:03:34Z INFO  dt_instance] received at 2023-07-17 19:03:34.512062587 UTC - from mc-22->source-5 "458" 19:03:34.495070435
[2023-07-17T19:03:37Z INFO  dt_instance] received at 2023-07-17 19:03:37.020374545 UTC - from mc-22->source-5 "463" 19:03:37.003532196
[2023-07-17T19:03:39Z INFO  dt_instance] received at 2023-07-17 19:03:39.528465646 UTC - from mc-22->source-5 "468" 19:03:39.510366663
[2023-07-17T19:03:42Z INFO  dt_instance] received at 2023-07-17 19:03:42.032489748 UTC - from mc-22->source-5 "473" 19:03:42.016854537
[2023-07-17T19:03:44Z INFO  dt_instance] received at 2023-07-17 19:03:44.752847436 UTC - from mc-22->source-3 "483" 19:03:44.522829171
[2023-07-17T19:03:47Z INFO  dt_instance] received at 2023-07-17 19:03:47.031299565 UTC - from mc-22->source-5 "483" 19:03:47.028626432
[2023-07-17T19:03:49Z INFO  dt_instance] received at 2023-07-17 19:03:49.543075860 UTC - from mc-22->source-5 "488" 19:03:49.534561345
[2023-07-17T19:03:52Z INFO  dt_instance] received at 2023-07-17 19:03:52.051982823 UTC - from mc-22->source-5 "493" 19:03:52.039862432
[2023-07-17T19:03:54Z INFO  dt_instance] received at 2023-07-17 19:03:54.558600957 UTC - from mc-22->source-5 "498" 19:03:54.545686524
[2023-07-17T19:03:57Z INFO  dt_instance] received at 2023-07-17 19:03:57.059422840 UTC - from mc-22->source-5 "503" 19:03:57.051969166
[2023-07-17T19:03:59Z INFO  dt_instance] received at 2023-07-17 19:03:59.578034859 UTC - from mc-22->source-5 "508" 19:03:59.558340174
[2023-07-17T19:04:02Z INFO  dt_instance] received at 2023-07-17 19:04:02.076399319 UTC - from mc-22->source-5 "513" 19:04:02.064458805
[2023-07-17T19:04:04Z INFO  dt_instance] received at 2023-07-17 19:04:04.594134328 UTC - from mc-22->source-5 "518" 19:04:04.569539917
[2023-07-17T19:04:07Z INFO  dt_instance] received at 2023-07-17 19:04:07.086796530 UTC - from mc-22->source-5 "523" 19:04:07.075058540
[2023-07-17T19:04:09Z INFO  dt_instance] received at 2023-07-17 19:04:09.593638039 UTC - from mc-22->source-5 "528" 19:04:09.582205697
[2023-07-17T19:04:12Z INFO  dt_instance] received at 2023-07-17 19:04:12.100004665 UTC - from mc-22->source-5 "533" 19:04:12.087006941
[2023-07-17T19:04:14Z INFO  dt_instance] received at 2023-07-17 19:04:14.619515186 UTC - from mc-22->source-5 "538" 19:04:14.593995428
[2023-07-17T19:04:17Z INFO  dt_instance] received at 2023-07-17 19:04:17.101999247 UTC - from mc-22->source-5 "543" 19:04:17.100246601
[2023-07-17T19:04:19Z INFO  dt_instance] received at 2023-07-17 19:04:19.609062445 UTC - from mc-22->source-5 "548" 19:04:19.606176775
[2023-07-17T19:04:22Z INFO  dt_instance] received at 2023-07-17 19:04:22.118519757 UTC - from mc-22->source-5 "553" 19:04:22.113267700
[2023-07-17T19:04:24Z INFO  dt_instance] received at 2023-07-17 19:04:24.623339076 UTC - from mc-22->source-5 "558" 19:04:24.620809317
[2023-07-17T19:04:27Z INFO  dt_instance] received at 2023-07-17 19:04:27.131044230 UTC - from mc-22->source-5 "563" 19:04:27.126075761
[2023-07-17T19:04:29Z INFO  dt_instance] received at 2023-07-17 19:04:29.632440303 UTC - from mc-22->source-5 "568" 19:04:29.631094730
[2023-07-17T19:04:32Z INFO  dt_instance] received at 2023-07-17 19:04:32.138941233 UTC - from mc-22->source-5 "573" 19:04:32.137038502
[2023-07-17T19:04:34Z INFO  dt_instance] received at 2023-07-17 19:04:34.645737346 UTC - from mc-22->source-5 "578" 19:04:34.643648819
[2023-07-17T19:04:37Z INFO  dt_instance] received at 2023-07-17 19:04:37.153137290 UTC - from mc-22->source-9 "573" 19:04:37.150978569
[2023-07-17T19:04:39Z INFO  dt_instance] received at 2023-07-17 19:04:39.659326056 UTC - from mc-22->source-9 "578" 19:04:39.657431177
[2023-07-17T19:04:42Z INFO  dt_instance] received at 2023-07-17 19:04:42.166607110 UTC - from mc-22->source-5 "593" 19:04:42.161642743
[2023-07-17T19:04:44Z INFO  dt_instance] received at 2023-07-17 19:04:44.670666651 UTC - from mc-22->source-9 "588" 19:04:44.669563815
[2023-07-17T19:04:47Z INFO  dt_instance] received at 2023-07-17 19:04:47.176788474 UTC - from mc-22->source-1 "613" 19:04:47.174878464
[2023-07-17T19:04:49Z INFO  dt_instance] received at 2023-07-17 19:04:49.688427277 UTC - from mc-22->source-5 "608" 19:04:49.681601768
[2023-07-17T19:04:52Z INFO  dt_instance] received at 2023-07-17 19:04:52.191572037 UTC - from mc-22->source-7 "608" 19:04:52.190565199
[2023-07-17T19:04:54Z INFO  dt_instance] received at 2023-07-17 19:04:54.701454466 UTC - from mc-22->source-9 "608" 19:04:54.696404752
[2023-07-17T19:04:57Z INFO  dt_instance] received at 2023-07-17 19:04:57.205951356 UTC - from mc-22->source-9 "613" 19:04:57.202882649
[2023-07-17T19:04:59Z INFO  dt_instance] received at 2023-07-17 19:04:59.711394996 UTC - from mc-22->source-5 "628" 19:04:59.709075348
[2023-07-17T19:05:02Z INFO  dt_instance] received at 2023-07-17 19:05:02.217841600 UTC - from mc-22->source-5 "633" 19:05:02.215305316
[2023-07-17T19:05:04Z INFO  dt_instance] received at 2023-07-17 19:05:04.722271487 UTC - from mc-22->source-5 "638" 19:05:04.721305752
[2023-07-17T19:05:07Z INFO  dt_instance] received at 2023-07-17 19:05:07.232373381 UTC - from mc-22->source-5 "643" 19:05:07.227949996
[2023-07-17T19:05:09Z INFO  dt_instance] received at 2023-07-17 19:05:09.736252762 UTC - from mc-22->source-5 "648" 19:05:09.734477730
[2023-07-17T19:05:12Z INFO  dt_instance] received at 2023-07-17 19:05:12.242433952 UTC - from mc-22->source-5 "653" 19:05:12.241238673
[2023-07-17T19:05:14Z INFO  dt_instance] received at 2023-07-17 19:05:14.765455780 UTC - from mc-22->source-5 "658" 19:05:14.760442610
[2023-07-17T19:05:17Z INFO  dt_instance] received at 2023-07-17 19:05:17.290884041 UTC - from mc-22->source-1 "673" 19:05:17.268366794
[2023-07-17T19:05:19Z INFO  dt_instance] received at 2023-07-17 19:05:19.776433221 UTC - from mc-22->source-3 "673" 19:05:19.775206944
[2023-07-17T19:05:22Z INFO  dt_instance] received at 2023-07-17 19:05:22.282782161 UTC - from mc-22->source-9 "663" 19:05:22.281160
[2023-07-17T19:05:24Z INFO  dt_instance] received at 2023-07-17 19:05:24.796132988 UTC - from mc-22->source-9 "668" 19:05:24.788641591
[2023-07-17T19:05:27Z INFO  dt_instance] received at 2023-07-17 19:05:27.322474775 UTC - from mc-22->source-1 "693" 19:05:27.320384669
[2023-07-17T19:05:29Z INFO  dt_instance] received at 2023-07-17 19:05:29.827631356 UTC - from mc-22->source-1 "698" 19:05:29.826452557
[2023-07-17T19:05:32Z INFO  dt_instance] received at 2023-07-17 19:05:32.332464164 UTC - from mc-22->source-1 "703" 19:05:32.331384553
[2023-07-17T19:05:34Z INFO  dt_instance] received at 2023-07-17 19:05:34.840327001 UTC - from mc-22->source-1 "708" 19:05:34.837664616
[2023-07-17T19:05:37Z INFO  dt_instance] received at 2023-07-17 19:05:37.343401189 UTC - from mc-22->source-1 "713" 19:05:37.342411213
[2023-07-17T19:05:39Z INFO  dt_instance] received at 2023-07-17 19:05:39.849722405 UTC - from mc-22->source-1 "718" 19:05:39.848676828
[2023-07-17T19:05:42Z INFO  dt_instance] received at 2023-07-17 19:05:42.356645227 UTC - from mc-22->source-1 "723" 19:05:42.355743466
[2023-07-17T19:05:44Z INFO  dt_instance] received at 2023-07-17 19:05:44.861684078 UTC - from mc-22->source-1 "728" 19:05:44.860558537
[2023-07-17T19:05:47Z INFO  dt_instance] received at 2023-07-17 19:05:47.367463004 UTC - from mc-22->source-1 "733" 19:05:47.366492915
[2023-07-17T19:05:49Z INFO  dt_instance] received at 2023-07-17 19:05:49.875708619 UTC - from mc-22->source-1 "738" 19:05:49.872283976
[2023-07-17T19:05:52Z INFO  dt_instance] received at 2023-07-17 19:05:52.379269384 UTC - from mc-22->source-1 "743" 19:05:52.377884771
[2023-07-17T19:05:54Z INFO  dt_instance] received at 2023-07-17 19:05:54.885521964 UTC - from mc-22->source-1 "748" 19:05:54.883961245
[2023-07-17T19:05:57Z INFO  dt_instance] received at 2023-07-17 19:05:57.390615777 UTC - from mc-22->source-1 "753" 19:05:57.389235939
[2023-07-17T19:05:59Z INFO  dt_instance] received at 2023-07-17 19:05:59.896558826 UTC - from mc-22->source-1 "758" 19:05:59.895581515
[2023-07-17T19:06:02Z INFO  dt_instance] received at 2023-07-17 19:06:02.401689385 UTC - from mc-22->source-1 "763" 19:06:02.400128251
[2023-07-17T19:06:04Z INFO  dt_instance] received at 2023-07-17 19:06:04.906666591 UTC - from mc-22->source-1 "768" 19:06:04.905373326
[2023-07-17T19:06:07Z INFO  dt_instance] received at 2023-07-17 19:06:07.412967466 UTC - from mc-22->source-1 "773" 19:06:07.411912579
[2023-07-17T19:06:09Z INFO  dt_instance] received at 2023-07-17 19:06:09.919007087 UTC - from mc-22->source-1 "778" 19:06:09.917877853
[2023-07-17T19:06:12Z INFO  dt_instance] received at 2023-07-17 19:06:12.424760001 UTC - from mc-22->source-1 "783" 19:06:12.423524524
[2023-07-17T19:06:14Z INFO  dt_instance] received at 2023-07-17 19:06:14.931235531 UTC - from mc-22->source-1 "788" 19:06:14.929685835
[2023-07-17T19:06:17Z INFO  dt_instance] received at 2023-07-17 19:06:17.435716539 UTC - from mc-22->source-1 "793" 19:06:17.434658714
[2023-07-17T19:06:19Z INFO  dt_instance] received at 2023-07-17 19:06:19.941665067 UTC - from mc-22->source-1 "798" 19:06:19.940854515
[2023-07-17T19:06:22Z INFO  dt_instance] received at 2023-07-17 19:06:22.446243069 UTC - from mc-22->source-1 "803" 19:06:22.445115767
[2023-07-17T19:06:24Z INFO  dt_instance] received at 2023-07-17 19:06:24.952949672 UTC - from mc-22->source-1 "808" 19:06:24.950914101
[2023-07-17T19:06:27Z INFO  dt_instance] received at 2023-07-17 19:06:27.456554030 UTC - from mc-22->source-1 "813" 19:06:27.455601560
[2023-07-17T19:06:29Z INFO  dt_instance] received at 2023-07-17 19:06:29.961850337 UTC - from mc-22->source-9 "798" 19:06:29.959866925
[2023-07-17T19:06:32Z INFO  dt_instance] received at 2023-07-17 19:06:32.469806444 UTC - from mc-22->source-9 "803" 19:06:32.466607219
[2023-07-17T19:06:34Z INFO  dt_instance] received at 2023-07-17 19:06:34.974521469 UTC - from mc-22->source-9 "808" 19:06:34.973134545
[2023-07-17T19:06:37Z INFO  dt_instance] received at 2023-07-17 19:06:37.482767860 UTC - from mc-22->source-9 "813" 19:06:37.480755282
[2023-07-17T19:06:39Z INFO  dt_instance] received at 2023-07-17 19:06:39.990664980 UTC - from mc-22->source-9 "818" 19:06:39.989151764
[2023-07-17T19:06:42Z INFO  dt_instance] received at 2023-07-17 19:06:42.498254043 UTC - from mc-22->source-9 "823" 19:06:42.494802311
[2023-07-17T19:06:45Z INFO  dt_instance] received at 2023-07-17 19:06:45.004486933 UTC - from mc-22->source-9 "828" 19:06:44.999999058
[2023-07-17T19:06:47Z INFO  dt_instance] received at 2023-07-17 19:06:47.510838458 UTC - from mc-22->source-1 "853" 19:06:47.507276237
[2023-07-17T19:06:50Z INFO  dt_instance] received at 2023-07-17 19:06:50.015154351 UTC - from mc-22->source-1 "858" 19:06:50.013859186
[2023-07-17T19:06:52Z INFO  dt_instance] received at 2023-07-17 19:06:52.520225040 UTC - from mc-22->source-1 "863" 19:06:52.518904717
[2023-07-17T19:06:55Z INFO  dt_instance] received at 2023-07-17 19:06:55.026747162 UTC - from mc-22->source-1 "868" 19:06:55.025642252
[2023-07-17T19:06:57Z INFO  dt_instance] received at 2023-07-17 19:06:57.532902682 UTC - from mc-22->source-1 "873" 19:06:57.531789031
[2023-07-17T19:07:00Z INFO  dt_instance] received at 2023-07-17 19:07:00.039585759 UTC - from mc-22->source-1 "878" 19:07:00.037366904
[2023-07-17T19:07:02Z INFO  dt_instance] received at 2023-07-17 19:07:02.543855734 UTC - from mc-22->source-1 "883" 19:07:02.542331391
[2023-07-17T19:07:05Z INFO  dt_instance] received at 2023-07-17 19:07:05.050980734 UTC - from mc-22->source-9 "868" 19:07:05.049859347
[2023-07-17T19:07:07Z INFO  dt_instance] received at 2023-07-17 19:07:07.571588137 UTC - from mc-22->source-9 "873" 19:07:07.570065975
[2023-07-17T19:07:10Z INFO  dt_instance] received at 2023-07-17 19:07:10.078057669 UTC - from mc-22->source-9 "878" 19:07:10.076806838
[2023-07-17T19:07:12Z INFO  dt_instance] received at 2023-07-17 19:07:12.589193051 UTC - from mc-22->source-9 "883" 19:07:12.583350538
[2023-07-17T19:07:15Z INFO  dt_instance] received at 2023-07-17 19:07:15.089942064 UTC - from mc-22->source-9 "888" 19:07:15.088606749
[2023-07-17T19:07:17Z INFO  dt_instance] received at 2023-07-17 19:07:17.596340556 UTC - from mc-22->source-9 "893" 19:07:17.594988938
[2023-07-17T19:07:20Z INFO  dt_instance] received at 2023-07-17 19:07:20.103821219 UTC - from mc-22->source-9 "898" 19:07:20.102677261
[2023-07-17T19:07:22Z INFO  dt_instance] received at 2023-07-17 19:07:22.610111869 UTC - from mc-22->source-9 "903" 19:07:22.608968547
[2023-07-17T19:07:25Z INFO  dt_instance] received at 2023-07-17 19:07:25.118461588 UTC - from mc-22->source-9 "908" 19:07:25.116992625
[2023-07-17T19:07:27Z INFO  dt_instance] received at 2023-07-17 19:07:27.623953110 UTC - from mc-22->source-9 "913" 19:07:27.622467838
[2023-07-17T19:07:30Z INFO  dt_instance] received at 2023-07-17 19:07:30.132868391 UTC - from mc-22->source-9 "918" 19:07:30.131328382
[2023-07-17T19:07:32Z INFO  dt_instance] received at 2023-07-17 19:07:32.640097018 UTC - from mc-22->source-9 "923" 19:07:32.636624774
[2023-07-17T19:07:35Z INFO  dt_instance] received at 2023-07-17 19:07:35.142672582 UTC - from mc-22->source-9 "928" 19:07:35.141379296
[2023-07-17T19:07:37Z INFO  dt_instance] received at 2023-07-17 19:07:37.648012076 UTC - from mc-22->source-9 "933" 19:07:37.646843998
[2023-07-17T19:07:40Z INFO  dt_instance] received at 2023-07-17 19:07:40.153156068 UTC - from mc-22->source-9 "938" 19:07:40.151633864
[2023-07-17T19:07:42Z INFO  dt_instance] received at 2023-07-17 19:07:42.661928941 UTC - from mc-22->source-9 "943" 19:07:42.656895591
[2023-07-17T19:07:45Z INFO  dt_instance] received at 2023-07-17 19:07:45.164010678 UTC - from mc-22->source-9 "948" 19:07:45.162718731
[2023-07-17T19:07:47Z INFO  dt_instance] received at 2023-07-17 19:07:47.669935876 UTC - from mc-22->source-9 "953" 19:07:47.668553111
[2023-07-17T19:07:50Z INFO  dt_instance] received at 2023-07-17 19:07:50.176497265 UTC - from mc-22->source-9 "958" 19:07:50.175131938
[2023-07-17T19:07:52Z INFO  dt_instance] received at 2023-07-17 19:07:52.684652894 UTC - from mc-22->source-9 "963" 19:07:52.681186175
[2023-07-17T19:07:55Z INFO  dt_instance] received at 2023-07-17 19:07:55.190698853 UTC - from mc-22->source-9 "968" 19:07:55.188722096
[2023-07-17T19:07:57Z INFO  dt_instance] received at 2023-07-17 19:07:57.695711990 UTC - from mc-22->source-9 "973" 19:07:57.694542868
[2023-07-17T19:08:00Z INFO  dt_instance] received at 2023-07-17 19:08:00.372458070 UTC - from mc-22->source-6 "986" 19:08:00.371633163
[2023-07-17T19:08:03Z INFO  dt_instance] received at 2023-07-17 19:08:03.679694804 UTC - from mc-22->source-7 "990" 19:08:03.678505817
[2023-07-17T19:08:10Z INFO  dt_instance] received at 2023-07-17 19:08:10.741156992 UTC - from mc-22->source-9 "999" 19:08:10.738381085
