[2023-07-17T18:39:29Z INFO  dt_instance] Current Twin: mc-twin-9
[2023-07-17T18:39:29Z INFO  dt_instance] Replica Name twin-mc-stateful-9
[2023-07-17T18:39:29Z INFO  dt_instance] Sleeping for 450
[2023-07-17T18:46:59Z INFO  dt_instance] Connecting to broker at emqx.dtwins:1883
[2023-07-17T18:46:59Z INFO  dt_instance] Loggin info each 50 messages
[2023-07-17T18:46:59Z INFO  dt_instance] Set max packet size to 60000 KB.
[2023-07-17T18:46:59Z INFO  dt_instance] Refreshing topics for twin - Listen to mc-9/#
[2023-07-17T18:46:59Z INFO  dt_instance] SubAck { pkid: 1, return_codes: [Success(ExactlyOnce)] }
[2023-07-17T18:47:59Z INFO  dt_instance] received at 2023-07-17 18:47:59.757761712 UTC - from mc-9->source-2 "9" 18:47:59.751600856
[2023-07-17T18:48:03Z INFO  dt_instance] received at 2023-07-17 18:48:03.008857408 UTC - from mc-9->source-3 "13" 18:48:03.001607198
[2023-07-17T18:48:05Z INFO  dt_instance] received at 2023-07-17 18:48:05.512634361 UTC - from mc-9->source-1 "23" 18:48:05.511432724
[2023-07-17T18:48:08Z INFO  dt_instance] received at 2023-07-17 18:48:08.018520989 UTC - from mc-9->source-1 "28" 18:48:08.016983348
[2023-07-17T18:48:10Z INFO  dt_instance] received at 2023-07-17 18:48:10.526919380 UTC - from mc-9->source-1 "33" 18:48:10.524261853
[2023-07-17T18:48:13Z INFO  dt_instance] received at 2023-07-17 18:48:13.031692457 UTC - from mc-9->source-1 "38" 18:48:13.030629804
[2023-07-17T18:48:15Z INFO  dt_instance] received at 2023-07-17 18:48:15.538043141 UTC - from mc-9->source-1 "43" 18:48:15.536117247
[2023-07-17T18:48:18Z INFO  dt_instance] received at 2023-07-17 18:48:18.043230125 UTC - from mc-9->source-1 "48" 18:48:18.041234969
[2023-07-17T18:48:20Z INFO  dt_instance] received at 2023-07-17 18:48:20.549130547 UTC - from mc-9->source-1 "53" 18:48:20.547738199
[2023-07-17T18:48:23Z INFO  dt_instance] received at 2023-07-17 18:48:23.057086101 UTC - from mc-9->source-1 "58" 18:48:23.054978265
[2023-07-17T18:48:25Z INFO  dt_instance] received at 2023-07-17 18:48:25.562706700 UTC - from mc-9->source-1 "63" 18:48:25.560736647
[2023-07-17T18:48:28Z INFO  dt_instance] received at 2023-07-17 18:48:28.067254041 UTC - from mc-9->source-1 "68" 18:48:28.065429328
[2023-07-17T18:48:30Z INFO  dt_instance] received at 2023-07-17 18:48:30.579680311 UTC - from mc-9->source-1 "73" 18:48:30.571123573
[2023-07-17T18:48:33Z INFO  dt_instance] received at 2023-07-17 18:48:33.079645716 UTC - from mc-9->source-1 "78" 18:48:33.077178195
[2023-07-17T18:48:35Z INFO  dt_instance] received at 2023-07-17 18:48:35.585348445 UTC - from mc-9->source-1 "83" 18:48:35.583046431
[2023-07-17T18:48:38Z INFO  dt_instance] received at 2023-07-17 18:48:38.089685293 UTC - from mc-9->source-1 "88" 18:48:38.088030149
[2023-07-17T18:48:40Z INFO  dt_instance] received at 2023-07-17 18:48:40.598621991 UTC - from mc-9->source-1 "93" 18:48:40.594386597
[2023-07-17T18:48:43Z INFO  dt_instance] received at 2023-07-17 18:48:43.105572031 UTC - from mc-9->source-1 "98" 18:48:43.099520598
[2023-07-17T18:48:45Z INFO  dt_instance] received at 2023-07-17 18:48:45.607680852 UTC - from mc-9->source-1 "103" 18:48:45.605082822
[2023-07-17T18:48:48Z INFO  dt_instance] received at 2023-07-17 18:48:48.114833268 UTC - from mc-9->source-1 "108" 18:48:48.110867350
[2023-07-17T18:48:50Z INFO  dt_instance] received at 2023-07-17 18:48:50.620113169 UTC - from mc-9->source-1 "113" 18:48:50.618140382
[2023-07-17T18:48:53Z INFO  dt_instance] received at 2023-07-17 18:48:53.127072740 UTC - from mc-9->source-1 "118" 18:48:53.125534962
[2023-07-17T18:48:55Z INFO  dt_instance] received at 2023-07-17 18:48:55.634465835 UTC - from mc-9->source-1 "123" 18:48:55.630374770
[2023-07-17T18:48:58Z INFO  dt_instance] received at 2023-07-17 18:48:58.142514409 UTC - from mc-9->source-1 "128" 18:48:58.137059696
[2023-07-17T18:49:00Z INFO  dt_instance] received at 2023-07-17 18:49:00.657828008 UTC - from mc-9->source-1 "133" 18:49:00.653738011
[2023-07-17T18:49:03Z INFO  dt_instance] received at 2023-07-17 18:49:03.160751737 UTC - from mc-9->source-1 "138" 18:49:03.158289691
[2023-07-17T18:49:05Z INFO  dt_instance] received at 2023-07-17 18:49:05.667979372 UTC - from mc-9->source-1 "143" 18:49:05.665472333
[2023-07-17T18:49:08Z INFO  dt_instance] received at 2023-07-17 18:49:08.175469241 UTC - from mc-9->source-1 "148" 18:49:08.171479157
[2023-07-17T18:49:10Z INFO  dt_instance] received at 2023-07-17 18:49:10.680510431 UTC - from mc-9->source-1 "153" 18:49:10.676289632
[2023-07-17T18:49:13Z INFO  dt_instance] received at 2023-07-17 18:49:13.191228446 UTC - from mc-9->source-1 "158" 18:49:13.189471300
[2023-07-17T18:49:15Z INFO  dt_instance] received at 2023-07-17 18:49:15.696956508 UTC - from mc-9->source-1 "163" 18:49:15.694600105
[2023-07-17T18:49:18Z INFO  dt_instance] received at 2023-07-17 18:49:18.202570282 UTC - from mc-9->source-1 "168" 18:49:18.200696442
[2023-07-17T18:49:20Z INFO  dt_instance] received at 2023-07-17 18:49:20.710062228 UTC - from mc-9->source-1 "173" 18:49:20.706865057
[2023-07-17T18:49:23Z INFO  dt_instance] received at 2023-07-17 18:49:23.214817615 UTC - from mc-9->source-1 "178" 18:49:23.211560812
[2023-07-17T18:49:25Z INFO  dt_instance] received at 2023-07-17 18:49:25.731245306 UTC - from mc-9->source-1 "183" 18:49:25.716046947
[2023-07-17T18:49:28Z INFO  dt_instance] received at 2023-07-17 18:49:28.225461834 UTC - from mc-9->source-1 "188" 18:49:28.222330992
[2023-07-17T18:49:30Z INFO  dt_instance] received at 2023-07-17 18:49:30.730649839 UTC - from mc-9->source-1 "193" 18:49:30.728708947
[2023-07-17T18:49:33Z INFO  dt_instance] received at 2023-07-17 18:49:33.235815971 UTC - from mc-9->source-1 "198" 18:49:33.233261914
[2023-07-17T18:49:35Z INFO  dt_instance] received at 2023-07-17 18:49:35.753357432 UTC - from mc-9->source-1 "203" 18:49:35.739051809
[2023-07-17T18:49:38Z INFO  dt_instance] received at 2023-07-17 18:49:38.246828056 UTC - from mc-9->source-1 "208" 18:49:38.244397769
[2023-07-17T18:49:40Z INFO  dt_instance] received at 2023-07-17 18:49:40.753348353 UTC - from mc-9->source-1 "213" 18:49:40.751519324
[2023-07-17T18:49:43Z INFO  dt_instance] received at 2023-07-17 18:49:43.259785651 UTC - from mc-9->source-1 "218" 18:49:43.258003
[2023-07-17T18:49:45Z INFO  dt_instance] received at 2023-07-17 18:49:45.768723259 UTC - from mc-9->source-1 "223" 18:49:45.763270651
[2023-07-17T18:49:48Z INFO  dt_instance] received at 2023-07-17 18:49:48.298082226 UTC - from mc-9->source-1 "228" 18:49:48.269279902
[2023-07-17T18:49:50Z INFO  dt_instance] received at 2023-07-17 18:49:50.778444225 UTC - from mc-9->source-1 "233" 18:49:50.775810457
[2023-07-17T18:49:53Z INFO  dt_instance] received at 2023-07-17 18:49:53.287341645 UTC - from mc-9->source-1 "238" 18:49:53.281919931
[2023-07-17T18:49:55Z INFO  dt_instance] received at 2023-07-17 18:49:55.795245300 UTC - from mc-9->source-1 "243" 18:49:55.786938642
[2023-07-17T18:49:58Z INFO  dt_instance] received at 2023-07-17 18:49:58.305462327 UTC - from mc-9->source-1 "248" 18:49:58.291544898
[2023-07-17T18:50:00Z INFO  dt_instance] received at 2023-07-17 18:50:00.799956570 UTC - from mc-9->source-1 "253" 18:50:00.797062828
[2023-07-17T18:50:03Z INFO  dt_instance] received at 2023-07-17 18:50:03.305733884 UTC - from mc-9->source-1 "258" 18:50:03.302248905
[2023-07-17T18:50:05Z INFO  dt_instance] received at 2023-07-17 18:50:05.813474932 UTC - from mc-9->source-1 "263" 18:50:05.807904736
[2023-07-17T18:50:08Z INFO  dt_instance] received at 2023-07-17 18:50:08.323656454 UTC - from mc-9->source-1 "268" 18:50:08.313120241
[2023-07-17T18:50:10Z INFO  dt_instance] received at 2023-07-17 18:50:10.829507517 UTC - from mc-9->source-1 "273" 18:50:10.819765524
[2023-07-17T18:50:13Z INFO  dt_instance] received at 2023-07-17 18:50:13.328215902 UTC - from mc-9->source-1 "278" 18:50:13.324360913
[2023-07-17T18:50:15Z INFO  dt_instance] received at 2023-07-17 18:50:15.833233851 UTC - from mc-9->source-1 "283" 18:50:15.829406120
[2023-07-17T18:50:18Z INFO  dt_instance] received at 2023-07-17 18:50:18.350511931 UTC - from mc-9->source-1 "288" 18:50:18.334403562
[2023-07-17T18:50:20Z INFO  dt_instance] received at 2023-07-17 18:50:20.848235022 UTC - from mc-9->source-1 "293" 18:50:20.840831439
[2023-07-17T18:50:23Z INFO  dt_instance] received at 2023-07-17 18:50:23.354919657 UTC - from mc-9->source-1 "298" 18:50:23.345065451
[2023-07-17T18:50:25Z INFO  dt_instance] received at 2023-07-17 18:50:25.871893973 UTC - from mc-9->source-5 "293" 18:50:25.850205469
[2023-07-17T18:50:28Z INFO  dt_instance] received at 2023-07-17 18:50:28.360292227 UTC - from mc-9->source-7 "293" 18:50:28.356286533
[2023-07-17T18:50:30Z INFO  dt_instance] received at 2023-07-17 18:50:30.894024163 UTC - from mc-9->source-1 "313" 18:50:30.865496660
[2023-07-17T18:50:33Z INFO  dt_instance] received at 2023-07-17 18:50:33.374042873 UTC - from mc-9->source-1 "318" 18:50:33.371950894
[2023-07-17T18:50:35Z INFO  dt_instance] received at 2023-07-17 18:50:35.890565895 UTC - from mc-9->source-1 "323" 18:50:35.877271429
[2023-07-17T18:50:38Z INFO  dt_instance] received at 2023-07-17 18:50:38.397942788 UTC - from mc-9->source-5 "318" 18:50:38.386226312
[2023-07-17T18:50:40Z INFO  dt_instance] received at 2023-07-17 18:50:40.905996263 UTC - from mc-9->source-5 "323" 18:50:40.892509073
[2023-07-17T18:50:43Z INFO  dt_instance] received at 2023-07-17 18:50:43.403205879 UTC - from mc-9->source-5 "328" 18:50:43.399214993
[2023-07-17T18:50:45Z INFO  dt_instance] received at 2023-07-17 18:50:45.914211016 UTC - from mc-9->source-1 "343" 18:50:45.906327579
[2023-07-17T18:50:48Z INFO  dt_instance] received at 2023-07-17 18:50:48.446357751 UTC - from mc-9->source-3 "343" 18:50:48.413560609
[2023-07-17T18:50:50Z INFO  dt_instance] received at 2023-07-17 18:50:50.923482915 UTC - from mc-9->source-3 "348" 18:50:50.918672323
[2023-07-17T18:50:53Z INFO  dt_instance] received at 2023-07-17 18:50:53.429915072 UTC - from mc-9->source-3 "353" 18:50:53.426030104
[2023-07-17T18:50:55Z INFO  dt_instance] received at 2023-07-17 18:50:55.936627966 UTC - from mc-9->source-3 "358" 18:50:55.932910393
[2023-07-17T18:50:58Z INFO  dt_instance] received at 2023-07-17 18:50:58.444321299 UTC - from mc-9->source-3 "363" 18:50:58.440066990
[2023-07-17T18:51:00Z INFO  dt_instance] received at 2023-07-17 18:51:00.962430983 UTC - from mc-9->source-3 "368" 18:51:00.945413261
[2023-07-17T18:51:03Z INFO  dt_instance] received at 2023-07-17 18:51:03.472672205 UTC - from mc-9->source-3 "373" 18:51:03.450692708
[2023-07-17T18:51:05Z INFO  dt_instance] received at 2023-07-17 18:51:05.959712533 UTC - from mc-9->source-3 "378" 18:51:05.957028350
[2023-07-17T18:51:08Z INFO  dt_instance] received at 2023-07-17 18:51:08.477166402 UTC - from mc-9->source-3 "383" 18:51:08.462820287
[2023-07-17T18:51:10Z INFO  dt_instance] received at 2023-07-17 18:51:10.974647831 UTC - from mc-9->source-3 "388" 18:51:10.967461512
[2023-07-17T18:51:13Z INFO  dt_instance] received at 2023-07-17 18:51:13.478757781 UTC - from mc-9->source-3 "393" 18:51:13.473059276
[2023-07-17T18:51:15Z INFO  dt_instance] received at 2023-07-17 18:51:15.981824758 UTC - from mc-9->source-3 "398" 18:51:15.979064959
[2023-07-17T18:51:18Z INFO  dt_instance] received at 2023-07-17 18:51:18.490461511 UTC - from mc-9->source-3 "403" 18:51:18.484832265
[2023-07-17T18:51:21Z INFO  dt_instance] received at 2023-07-17 18:51:21.000056232 UTC - from mc-9->source-5 "403" 18:51:20.990314693
[2023-07-17T18:51:23Z INFO  dt_instance] received at 2023-07-17 18:51:23.509319836 UTC - from mc-9->source-3 "413" 18:51:23.498656479
[2023-07-17T18:51:26Z INFO  dt_instance] received at 2023-07-17 18:51:26.019523673 UTC - from mc-9->source-3 "418" 18:51:26.003062052
[2023-07-17T18:51:28Z INFO  dt_instance] received at 2023-07-17 18:51:28.519262911 UTC - from mc-9->source-1 "428" 18:51:28.510520967
[2023-07-17T18:51:31Z INFO  dt_instance] received at 2023-07-17 18:51:31.029248850 UTC - from mc-9->source-1 "433" 18:51:31.018009227
[2023-07-17T18:51:33Z INFO  dt_instance] received at 2023-07-17 18:51:33.527793361 UTC - from mc-9->source-3 "433" 18:51:33.523942016
[2023-07-17T18:51:36Z INFO  dt_instance] received at 2023-07-17 18:51:36.052484014 UTC - from mc-9->source-5 "433" 18:51:36.031112075
[2023-07-17T18:51:38Z INFO  dt_instance] received at 2023-07-17 18:51:38.554295062 UTC - from mc-9->source-7 "433" 18:51:38.537315
[2023-07-17T18:51:41Z INFO  dt_instance] received at 2023-07-17 18:51:41.046781958 UTC - from mc-9->source-7 "438" 18:51:41.045105266
[2023-07-17T18:51:43Z INFO  dt_instance] received at 2023-07-17 18:51:43.571649005 UTC - from mc-9->source-5 "448" 18:51:43.551408057
[2023-07-17T18:51:46Z INFO  dt_instance] received at 2023-07-17 18:51:46.103389273 UTC - from mc-9->source-3 "458" 18:51:46.056171451
[2023-07-17T18:51:48Z INFO  dt_instance] received at 2023-07-17 18:51:48.621706898 UTC - from mc-9->source-7 "453" 18:51:48.565029710
[2023-07-17T18:51:51Z INFO  dt_instance] received at 2023-07-17 18:51:51.124834664 UTC - from mc-9->source-7 "458" 18:51:51.087842284
[2023-07-17T18:51:53Z INFO  dt_instance] received at 2023-07-17 18:51:53.600325721 UTC - from mc-9->source-7 "463" 18:51:53.592186038
[2023-07-17T18:51:56Z INFO  dt_instance] received at 2023-07-17 18:51:56.258894974 UTC - from mc-9->source-7 "468" 18:51:56.099947928
[2023-07-17T18:51:58Z INFO  dt_instance] received at 2023-07-17 18:51:58.660344273 UTC - from mc-9->source-7 "473" 18:51:58.607912646
[2023-07-17T18:52:01Z INFO  dt_instance] received at 2023-07-17 18:52:01.503045907 UTC - from mc-9->source-1 "493" 18:52:01.091715663
[2023-07-17T18:52:04Z INFO  dt_instance] received at 2023-07-17 18:52:04.057702298 UTC - from mc-9->source-1 "498" 18:52:03.596940596
[2023-07-17T18:52:06Z INFO  dt_instance] received at 2023-07-17 18:52:06.233850639 UTC - from mc-9->source-7 "488" 18:52:06.125396940
[2023-07-17T18:52:08Z INFO  dt_instance] received at 2023-07-17 18:52:08.648596657 UTC - from mc-9->source-7 "493" 18:52:08.630452601
[2023-07-17T18:52:11Z INFO  dt_instance] received at 2023-07-17 18:52:11.139267884 UTC - from mc-9->source-7 "498" 18:52:11.135050127
[2023-07-17T18:52:13Z INFO  dt_instance] received at 2023-07-17 18:52:13.817499826 UTC - from mc-9->source-7 "503" 18:52:13.646342272
[2023-07-17T18:52:16Z INFO  dt_instance] received at 2023-07-17 18:52:16.436879263 UTC - from mc-9->source-5 "513" 18:52:16.146057304
[2023-07-17T18:52:18Z INFO  dt_instance] received at 2023-07-17 18:52:18.924667748 UTC - from mc-9->source-1 "528" 18:52:18.632962255
[2023-07-17T18:52:21Z INFO  dt_instance] received at 2023-07-17 18:52:21.276128046 UTC - from mc-9->source-7 "518" 18:52:21.164015375
[2023-07-17T18:52:23Z INFO  dt_instance] received at 2023-07-17 18:52:23.832974780 UTC - from mc-9->source-7 "523" 18:52:23.670901967
[2023-07-17T18:52:26Z INFO  dt_instance] received at 2023-07-17 18:52:26.205134517 UTC - from mc-9->source-7 "528" 18:52:26.176074520
[2023-07-17T18:52:28Z INFO  dt_instance] received at 2023-07-17 18:52:28.790471738 UTC - from mc-9->source-7 "533" 18:52:28.681032083
[2023-07-17T18:52:31Z INFO  dt_instance] received at 2023-07-17 18:52:31.251590219 UTC - from mc-9->source-7 "538" 18:52:31.187736189
[2023-07-17T18:52:34Z INFO  dt_instance] received at 2023-07-17 18:52:34.176918267 UTC - from mc-9->source-1 "558" 18:52:33.668890158
[2023-07-17T18:52:36Z INFO  dt_instance] received at 2023-07-17 18:52:36.465944390 UTC - from mc-9->source-6 "551" 18:52:36.440232280
[2023-07-17T18:52:38Z INFO  dt_instance] received at 2023-07-17 18:52:38.871597496 UTC - from mc-9->source-7 "553" 18:52:38.705249245
[2023-07-17T18:52:41Z INFO  dt_instance] received at 2023-07-17 18:52:41.600814016 UTC - from mc-9->source-1 "573" 18:52:41.187000878
[2023-07-17T18:52:44Z INFO  dt_instance] received at 2023-07-17 18:52:44.121494240 UTC - from mc-9->source-1 "578" 18:52:43.693412443
[2023-07-17T18:52:46Z INFO  dt_instance] received at 2023-07-17 18:52:46.285931685 UTC - from mc-9->source-7 "568" 18:52:46.221066713
[2023-07-17T18:52:48Z INFO  dt_instance] received at 2023-07-17 18:52:48.806672534 UTC - from mc-9->source-7 "573" 18:52:48.726495733
[2023-07-17T18:52:51Z INFO  dt_instance] received at 2023-07-17 18:52:51.258137020 UTC - from mc-9->source-7 "578" 18:52:51.231676611
[2023-07-17T18:52:54Z INFO  dt_instance] received at 2023-07-17 18:52:54.007983013 UTC - from mc-9->source-4 "591" 18:52:53.982217075
[2023-07-17T18:52:56Z INFO  dt_instance] received at 2023-07-17 18:52:56.498246500 UTC - from mc-9->source-5 "593" 18:52:56.244771397
[2023-07-17T18:52:58Z INFO  dt_instance] received at 2023-07-17 18:52:58.914398592 UTC - from mc-9->source-7 "593" 18:52:58.750726584
[2023-07-17T18:53:01Z INFO  dt_instance] received at 2023-07-17 18:53:01.313175953 UTC - from mc-9->source-7 "598" 18:53:01.256544717
[2023-07-17T18:53:04Z INFO  dt_instance] received at 2023-07-17 18:53:04.231953544 UTC - from mc-9->source-1 "618" 18:53:03.737814034
[2023-07-17T18:53:06Z INFO  dt_instance] received at 2023-07-17 18:53:06.331831695 UTC - from mc-9->source-5 "613" 18:53:06.273108849
[2023-07-17T18:53:09Z INFO  dt_instance] received at 2023-07-17 18:53:09.048929412 UTC - from mc-9->source-1 "628" 18:53:08.748004972
[2023-07-17T18:53:12Z INFO  dt_instance] received at 2023-07-17 18:53:12.047290086 UTC - from mc-9->source-8 "617" 18:53:12.040391636
[2023-07-17T18:53:14Z INFO  dt_instance] received at 2023-07-17 18:53:14.191794909 UTC - from mc-9->source-1 "638" 18:53:13.759569491
[2023-07-17T18:53:17Z INFO  dt_instance] received at 2023-07-17 18:53:17.009177756 UTC - from mc-9->source-1 "643" 18:53:16.266041602
[2023-07-17T18:53:19Z INFO  dt_instance] received at 2023-07-17 18:53:19.039572835 UTC - from mc-9->source-7 "633" 18:53:18.806122996
[2023-07-17T18:53:21Z INFO  dt_instance] received at 2023-07-17 18:53:21.358336747 UTC - from mc-9->source-7 "638" 18:53:21.313812018
[2023-07-17T18:53:23Z INFO  dt_instance] received at 2023-07-17 18:53:23.971478247 UTC - from mc-9->source-7 "643" 18:53:23.818721310
[2023-07-17T18:53:26Z INFO  dt_instance] received at 2023-07-17 18:53:26.463365253 UTC - from mc-9->source-7 "648" 18:53:26.324089324
[2023-07-17T18:53:29Z INFO  dt_instance] received at 2023-07-17 18:53:29.176363176 UTC - from mc-9->source-1 "668" 18:53:28.796786083
[2023-07-17T18:53:31Z INFO  dt_instance] received at 2023-07-17 18:53:31.417058817 UTC - from mc-9->source-5 "663" 18:53:31.333000408
[2023-07-17T18:53:34Z INFO  dt_instance] received at 2023-07-17 18:53:34.143275694 UTC - from mc-9->source-1 "678" 18:53:33.808054544
[2023-07-17T18:53:36Z INFO  dt_instance] received at 2023-07-17 18:53:36.453841782 UTC - from mc-9->source-7 "668" 18:53:36.348391088
[2023-07-17T18:53:39Z INFO  dt_instance] received at 2023-07-17 18:53:39.119048712 UTC - from mc-9->source-7 "673" 18:53:38.854794307
[2023-07-17T18:53:41Z INFO  dt_instance] received at 2023-07-17 18:53:41.413106297 UTC - from mc-9->source-5 "683" 18:53:41.354838688
[2023-07-17T18:53:43Z INFO  dt_instance] received at 2023-07-17 18:53:43.949076568 UTC - from mc-9->source-7 "683" 18:53:43.866477412
[2023-07-17T18:53:46Z INFO  dt_instance] received at 2023-07-17 18:53:46.636314079 UTC - from mc-9->source-4 "696" 18:53:46.613840049
[2023-07-17T18:53:48Z INFO  dt_instance] received at 2023-07-17 18:53:48.971545216 UTC - from mc-9->source-7 "693" 18:53:48.876832839
[2023-07-17T18:53:51Z INFO  dt_instance] received at 2023-07-17 18:53:51.524999158 UTC - from mc-9->source-5 "703" 18:53:51.375993089
[2023-07-17T18:53:53Z INFO  dt_instance] received at 2023-07-17 18:53:53.978288588 UTC - from mc-9->source-7 "703" 18:53:53.888415565
[2023-07-17T18:53:56Z INFO  dt_instance] received at 2023-07-17 18:53:56.835742924 UTC - from mc-9->source-9 "703" 18:53:56.342668574
[2023-07-17T18:53:59Z INFO  dt_instance] received at 2023-07-17 18:53:59.088994197 UTC - from mc-9->source-3 "723" 18:53:58.900763512
[2023-07-17T18:54:01Z INFO  dt_instance] received at 2023-07-17 18:54:01.527063746 UTC - from mc-9->source-7 "718" 18:54:01.405879395
[2023-07-17T18:54:03Z INFO  dt_instance] received at 2023-07-17 18:54:03.969442037 UTC - from mc-9->source-7 "723" 18:54:03.911719131
[2023-07-17T18:54:06Z INFO  dt_instance] received at 2023-07-17 18:54:06.621105616 UTC - from mc-9->source-3 "738" 18:54:06.418090823
[2023-07-17T18:54:09Z INFO  dt_instance] received at 2023-07-17 18:54:09.072571692 UTC - from mc-9->source-3 "743" 18:54:08.924674877
[2023-07-17T18:54:11Z INFO  dt_instance] received at 2023-07-17 18:54:11.728590355 UTC - from mc-9->source-3 "748" 18:54:11.430055575
[2023-07-17T18:54:14Z INFO  dt_instance] received at 2023-07-17 18:54:14.234376324 UTC - from mc-9->source-1 "758" 18:54:13.919879966
[2023-07-17T18:54:16Z INFO  dt_instance] received at 2023-07-17 18:54:16.887446901 UTC - from mc-9->source-1 "763" 18:54:16.427818090
[2023-07-17T18:54:19Z INFO  dt_instance] received at 2023-07-17 18:54:19.280372498 UTC - from mc-9->source-1 "768" 18:54:18.934068835
[2023-07-17T18:54:21Z INFO  dt_instance] received at 2023-07-17 18:54:21.601030119 UTC - from mc-9->source-7 "758" 18:54:21.458955002
[2023-07-17T18:54:24Z INFO  dt_instance] received at 2023-07-17 18:54:24.024658176 UTC - from mc-9->source-3 "773" 18:54:23.966144115
[2023-07-17T18:54:26Z INFO  dt_instance] received at 2023-07-17 18:54:26.665244211 UTC - from mc-9->source-7 "768" 18:54:26.470919442
[2023-07-17T18:54:29Z INFO  dt_instance] received at 2023-07-17 18:54:29.107000807 UTC - from mc-9->source-3 "783" 18:54:28.978763284
[2023-07-17T18:54:31Z INFO  dt_instance] received at 2023-07-17 18:54:31.621220147 UTC - from mc-9->source-3 "788" 18:54:31.483952557
[2023-07-17T18:54:34Z INFO  dt_instance] received at 2023-07-17 18:54:34.268496266 UTC - from mc-9->source-6 "786" 18:54:34.243215846
[2023-07-17T18:54:36Z INFO  dt_instance] received at 2023-07-17 18:54:36.549975446 UTC - from mc-9->source-7 "788" 18:54:36.497183703
[2023-07-17T18:54:39Z INFO  dt_instance] received at 2023-07-17 18:54:39.265120010 UTC - from mc-9->source-3 "803" 18:54:39.001879257
[2023-07-17T18:54:41Z INFO  dt_instance] received at 2023-07-17 18:54:41.668350525 UTC - from mc-9->source-5 "803" 18:54:41.496271293
[2023-07-17T18:54:44Z INFO  dt_instance] received at 2023-07-17 18:54:44.069947341 UTC - from mc-9->source-3 "813" 18:54:44.011490988
[2023-07-17T18:54:46Z INFO  dt_instance] received at 2023-07-17 18:54:46.625331777 UTC - from mc-9->source-3 "818" 18:54:46.523960447
[2023-07-17T18:54:49Z INFO  dt_instance] received at 2023-07-17 18:54:49.094692454 UTC - from mc-9->source-3 "823" 18:54:49.029119419
[2023-07-17T18:54:51Z INFO  dt_instance] received at 2023-07-17 18:54:51.608984159 UTC - from mc-9->source-3 "828" 18:54:51.535114801
[2023-07-17T18:54:54Z INFO  dt_instance] received at 2023-07-17 18:54:54.197434566 UTC - from mc-9->source-7 "823" 18:54:54.041654097
[2023-07-17T18:54:56Z INFO  dt_instance] received at 2023-07-17 18:54:56.617624092 UTC - from mc-9->source-7 "828" 18:54:56.546776346
[2023-07-17T18:54:59Z INFO  dt_instance] received at 2023-07-17 18:54:59.358995633 UTC - from mc-9->source-4 "841" 18:54:59.298475028
[2023-07-17T18:55:01Z INFO  dt_instance] received at 2023-07-17 18:55:01.627240939 UTC - from mc-9->source-7 "838" 18:55:01.559773079
[2023-07-17T18:55:04Z INFO  dt_instance] received at 2023-07-17 18:55:04.110314057 UTC - from mc-9->source-1 "858" 18:55:04.068322857
[2023-07-17T18:55:06Z INFO  dt_instance] received at 2023-07-17 18:55:06.662712695 UTC - from mc-9->source-3 "858" 18:55:06.572339798
[2023-07-17T18:55:09Z INFO  dt_instance] received at 2023-07-17 18:55:09.140386062 UTC - from mc-9->source-5 "858" 18:55:09.083413365
[2023-07-17T18:55:11Z INFO  dt_instance] received at 2023-07-17 18:55:11.625144102 UTC - from mc-9->source-5 "863" 18:55:11.589428820
[2023-07-17T18:55:14Z INFO  dt_instance] received at 2023-07-17 18:55:14.241904415 UTC - from mc-9->source-3 "873" 18:55:14.093456209
[2023-07-17T18:55:16Z INFO  dt_instance] received at 2023-07-17 18:55:16.677757331 UTC - from mc-9->source-5 "873" 18:55:16.603913586
[2023-07-17T18:55:19Z INFO  dt_instance] received at 2023-07-17 18:55:19.242773849 UTC - from mc-9->source-5 "878" 18:55:19.111474700
[2023-07-17T18:55:21Z INFO  dt_instance] received at 2023-07-17 18:55:21.727066935 UTC - from mc-9->source-5 "883" 18:55:21.618261623
[2023-07-17T18:55:24Z INFO  dt_instance] received at 2023-07-17 18:55:24.371560464 UTC - from mc-9->source-2 "896" 18:55:24.332608264
[2023-07-17T18:55:26Z INFO  dt_instance] received at 2023-07-17 18:55:26.677805991 UTC - from mc-9->source-1 "903" 18:55:26.627341758
[2023-07-17T18:55:29Z INFO  dt_instance] received at 2023-07-17 18:55:29.244256140 UTC - from mc-9->source-7 "893" 18:55:29.137362041
[2023-07-17T18:55:31Z INFO  dt_instance] received at 2023-07-17 18:55:31.847995196 UTC - from mc-9->source-7 "898" 18:55:31.644002230
[2023-07-17T18:55:34Z INFO  dt_instance] received at 2023-07-17 18:55:34.207264290 UTC - from mc-9->source-7 "903" 18:55:34.151473456
[2023-07-17T18:55:36Z INFO  dt_instance] received at 2023-07-17 18:55:36.770684808 UTC - from mc-9->source-5 "913" 18:55:36.652357381
[2023-07-17T18:55:39Z INFO  dt_instance] received at 2023-07-17 18:55:39.947540748 UTC - from mc-9->source-4 "922" 18:55:39.922241034
[2023-07-17T18:55:42Z INFO  dt_instance] received at 2023-07-17 18:55:42.518266741 UTC - from mc-9->source-8 "917" 18:55:42.425425421
[2023-07-17T18:55:45Z INFO  dt_instance] received at 2023-07-17 18:55:45.332477652 UTC - from mc-9->source-2 "935" 18:55:43.889103352
[2023-07-17T18:55:48Z INFO  dt_instance] received at 2023-07-17 18:55:48.107471687 UTC - from mc-9->source-3 "937" 18:55:46.165885421
[2023-07-17T18:55:50Z INFO  dt_instance] received at 2023-07-17 18:55:50.862090139 UTC - from mc-9->source-5 "937" 18:55:48.681298216
[2023-07-17T18:55:53Z INFO  dt_instance] received at 2023-07-17 18:55:53.364977573 UTC - from mc-9->source-5 "942" 18:55:51.188720809
[2023-07-17T18:55:56Z INFO  dt_instance] received at 2023-07-17 18:55:56.020336592 UTC - from mc-9->source-4 "954" 18:55:55.966287719
[2023-07-17T18:55:58Z INFO  dt_instance] received at 2023-07-17 18:55:58.999938709 UTC - from mc-9->source-4 "960" 18:55:58.972202961
[2023-07-17T18:56:01Z INFO  dt_instance] received at 2023-07-17 18:56:01.456272563 UTC - from mc-9->source-0 "969" 18:55:58.470188130
[2023-07-17T18:56:04Z INFO  dt_instance] received at 2023-07-17 18:56:04.502154628 UTC - from mc-9->source-5 "961" 18:56:00.710729759
[2023-07-17T18:56:06Z INFO  dt_instance] received at 2023-07-17 18:56:06.943488883 UTC - from mc-9->source-7 "961" 18:56:03.223021355
[2023-07-17T18:56:09Z INFO  dt_instance] received at 2023-07-17 18:56:09.573971825 UTC - from mc-9->source-9 "961" 18:56:05.667995354
[2023-07-17T18:56:12Z INFO  dt_instance] received at 2023-07-17 18:56:12.531898102 UTC - from mc-9->source-8 "977" 18:56:12.497976991
[2023-07-17T18:56:15Z INFO  dt_instance] received at 2023-07-17 18:56:15.052540271 UTC - from mc-9->source-6 "987" 18:56:15.007858972
[2023-07-17T18:56:18Z INFO  dt_instance] received at 2023-07-17 18:56:18.666201568 UTC - from mc-9->source-2 "992" 18:56:12.468386521
[2023-07-17T18:56:22Z INFO  dt_instance] received at 2023-07-17 18:56:22.568957266 UTC - from mc-9->source-8 "997" 18:56:22.522213840
[2023-07-17T18:56:34Z INFO  dt_instance] received at 2023-07-17 18:56:34.054998497 UTC - from mc-9->source-9 "999" 18:56:24.716530521
