[2023-07-17T18:40:56Z INFO  dt_instance] Current Twin: mc-twin-29
[2023-07-17T18:40:56Z INFO  dt_instance] Replica Name twin-mc-stateful-29
[2023-07-17T18:40:56Z INFO  dt_instance] Sleeping for 1450
[2023-07-17T19:05:06Z INFO  dt_instance] Connecting to broker at emqx.dtwins:1883
[2023-07-17T19:05:06Z INFO  dt_instance] Loggin info each 50 messages
[2023-07-17T19:05:06Z INFO  dt_instance] Set max packet size to 60000 KB.
[2023-07-17T19:05:06Z INFO  dt_instance] Refreshing topics for twin - Listen to mc-29/#
[2023-07-17T19:05:06Z INFO  dt_instance] SubAck { pkid: 1, return_codes: [Success(ExactlyOnce)] }
[2023-07-17T19:06:04Z INFO  dt_instance] received at 2023-07-17 19:06:04.498664143 UTC - from mc-29->source-0 "14" 19:06:04.496780744
[2023-07-17T19:06:07Z INFO  dt_instance] received at 2023-07-17 19:06:07.744831851 UTC - from mc-29->source-3 "13" 19:06:07.743272435
[2023-07-17T19:06:10Z INFO  dt_instance] received at 2023-07-17 19:06:10.252833204 UTC - from mc-29->source-1 "23" 19:06:10.251891355
[2023-07-17T19:06:12Z INFO  dt_instance] received at 2023-07-17 19:06:12.763362354 UTC - from mc-29->source-5 "18" 19:06:12.756453879
[2023-07-17T19:06:15Z INFO  dt_instance] received at 2023-07-17 19:06:15.265237046 UTC - from mc-29->source-3 "28" 19:06:15.263312405
[2023-07-17T19:06:17Z INFO  dt_instance] received at 2023-07-17 19:06:17.771851617 UTC - from mc-29->source-3 "33" 19:06:17.769824653
[2023-07-17T19:06:20Z INFO  dt_instance] received at 2023-07-17 19:06:20.276506766 UTC - from mc-29->source-3 "38" 19:06:20.275191760
[2023-07-17T19:06:22Z INFO  dt_instance] received at 2023-07-17 19:06:22.783106633 UTC - from mc-29->source-3 "43" 19:06:22.781195279
[2023-07-17T19:06:25Z INFO  dt_instance] received at 2023-07-17 19:06:25.293816838 UTC - from mc-29->source-3 "48" 19:06:25.287935699
[2023-07-17T19:06:27Z INFO  dt_instance] received at 2023-07-17 19:06:27.798633170 UTC - from mc-29->source-3 "53" 19:06:27.797614519
[2023-07-17T19:06:30Z INFO  dt_instance] received at 2023-07-17 19:06:30.305673055 UTC - from mc-29->source-3 "58" 19:06:30.303955970
[2023-07-17T19:06:32Z INFO  dt_instance] received at 2023-07-17 19:06:32.813445174 UTC - from mc-29->source-3 "63" 19:06:32.810573142
[2023-07-17T19:06:35Z INFO  dt_instance] received at 2023-07-17 19:06:35.318195273 UTC - from mc-29->source-3 "68" 19:06:35.316864841
[2023-07-17T19:06:37Z INFO  dt_instance] received at 2023-07-17 19:06:37.825000576 UTC - from mc-29->source-3 "73" 19:06:37.822747463
[2023-07-17T19:06:40Z INFO  dt_instance] received at 2023-07-17 19:06:40.330979817 UTC - from mc-29->source-3 "78" 19:06:40.328736226
[2023-07-17T19:06:42Z INFO  dt_instance] received at 2023-07-17 19:06:42.836258805 UTC - from mc-29->source-5 "78" 19:06:42.835058556
[2023-07-17T19:06:45Z INFO  dt_instance] received at 2023-07-17 19:06:45.350047208 UTC - from mc-29->source-3 "88" 19:06:45.343735971
[2023-07-17T19:06:47Z INFO  dt_instance] received at 2023-07-17 19:06:47.852128332 UTC - from mc-29->source-1 "98" 19:06:47.851205124
[2023-07-17T19:06:50Z INFO  dt_instance] received at 2023-07-17 19:06:50.363049398 UTC - from mc-29->source-1 "103" 19:06:50.357006659
[2023-07-17T19:06:52Z INFO  dt_instance] received at 2023-07-17 19:06:52.865981606 UTC - from mc-29->source-1 "108" 19:06:52.864834083
[2023-07-17T19:06:55Z INFO  dt_instance] received at 2023-07-17 19:06:55.372914769 UTC - from mc-29->source-1 "113" 19:06:55.370850704
[2023-07-17T19:06:57Z INFO  dt_instance] received at 2023-07-17 19:06:57.877039565 UTC - from mc-29->source-1 "118" 19:06:57.876073900
[2023-07-17T19:07:00Z INFO  dt_instance] received at 2023-07-17 19:07:00.382895372 UTC - from mc-29->source-1 "123" 19:07:00.382088542
[2023-07-17T19:07:02Z INFO  dt_instance] received at 2023-07-17 19:07:02.889255838 UTC - from mc-29->source-1 "128" 19:07:02.888158494
[2023-07-17T19:07:05Z INFO  dt_instance] received at 2023-07-17 19:07:05.396813455 UTC - from mc-29->source-1 "133" 19:07:05.395689232
[2023-07-17T19:07:07Z INFO  dt_instance] received at 2023-07-17 19:07:07.904413062 UTC - from mc-29->source-1 "138" 19:07:07.900673647
[2023-07-17T19:07:10Z INFO  dt_instance] received at 2023-07-17 19:07:10.407275214 UTC - from mc-29->source-1 "143" 19:07:10.406324236
[2023-07-17T19:07:12Z INFO  dt_instance] received at 2023-07-17 19:07:12.912000850 UTC - from mc-29->source-1 "148" 19:07:12.911282026
[2023-07-17T19:07:15Z INFO  dt_instance] received at 2023-07-17 19:07:15.418651586 UTC - from mc-29->source-1 "153" 19:07:15.417399679
[2023-07-17T19:07:17Z INFO  dt_instance] received at 2023-07-17 19:07:17.924163190 UTC - from mc-29->source-1 "158" 19:07:17.923357149
[2023-07-17T19:07:20Z INFO  dt_instance] received at 2023-07-17 19:07:20.430152073 UTC - from mc-29->source-1 "163" 19:07:20.429193790
[2023-07-17T19:07:22Z INFO  dt_instance] received at 2023-07-17 19:07:22.934934120 UTC - from mc-29->source-1 "168" 19:07:22.933955949
[2023-07-17T19:07:25Z INFO  dt_instance] received at 2023-07-17 19:07:25.444164218 UTC - from mc-29->source-1 "173" 19:07:25.442577366
[2023-07-17T19:07:27Z INFO  dt_instance] received at 2023-07-17 19:07:27.956168047 UTC - from mc-29->source-1 "178" 19:07:27.949161530
[2023-07-17T19:07:30Z INFO  dt_instance] received at 2023-07-17 19:07:30.456242005 UTC - from mc-29->source-1 "183" 19:07:30.454320052
[2023-07-17T19:07:32Z INFO  dt_instance] received at 2023-07-17 19:07:32.961510334 UTC - from mc-29->source-1 "188" 19:07:32.959994657
[2023-07-17T19:07:35Z INFO  dt_instance] received at 2023-07-17 19:07:35.467366138 UTC - from mc-29->source-3 "188" 19:07:35.464856589
[2023-07-17T19:07:37Z INFO  dt_instance] received at 2023-07-17 19:07:37.975434909 UTC - from mc-29->source-5 "188" 19:07:37.974447875
[2023-07-17T19:07:40Z INFO  dt_instance] received at 2023-07-17 19:07:40.481615721 UTC - from mc-29->source-5 "193" 19:07:40.480675040
[2023-07-17T19:07:42Z INFO  dt_instance] received at 2023-07-17 19:07:42.988872659 UTC - from mc-29->source-1 "208" 19:07:42.988028168
[2023-07-17T19:07:45Z INFO  dt_instance] received at 2023-07-17 19:07:45.500174064 UTC - from mc-29->source-1 "213" 19:07:45.498421764
[2023-07-17T19:07:48Z INFO  dt_instance] received at 2023-07-17 19:07:48.006219432 UTC - from mc-29->source-5 "208" 19:07:48.005224829
[2023-07-17T19:07:50Z INFO  dt_instance] received at 2023-07-17 19:07:50.513575867 UTC - from mc-29->source-5 "213" 19:07:50.512574748
[2023-07-17T19:07:53Z INFO  dt_instance] received at 2023-07-17 19:07:53.019984876 UTC - from mc-29->source-5 "218" 19:07:53.018966009
[2023-07-17T19:07:55Z INFO  dt_instance] received at 2023-07-17 19:07:55.526113128 UTC - from mc-29->source-5 "223" 19:07:55.524994914
[2023-07-17T19:07:58Z INFO  dt_instance] received at 2023-07-17 19:07:58.032918742 UTC - from mc-29->source-5 "228" 19:07:58.031869283
[2023-07-17T19:08:00Z INFO  dt_instance] received at 2023-07-17 19:08:00.540680511 UTC - from mc-29->source-5 "233" 19:08:00.539904088
[2023-07-17T19:08:03Z INFO  dt_instance] received at 2023-07-17 19:08:03.047173471 UTC - from mc-29->source-5 "238" 19:08:03.046022974
[2023-07-17T19:08:05Z INFO  dt_instance] received at 2023-07-17 19:08:05.555467982 UTC - from mc-29->source-5 "243" 19:08:05.553743176
[2023-07-17T19:08:08Z INFO  dt_instance] received at 2023-07-17 19:08:08.060556745 UTC - from mc-29->source-5 "248" 19:08:08.059642760
[2023-07-17T19:08:10Z INFO  dt_instance] received at 2023-07-17 19:08:10.568369962 UTC - from mc-29->source-5 "253" 19:08:10.567343445
[2023-07-17T19:08:13Z INFO  dt_instance] received at 2023-07-17 19:08:13.076089168 UTC - from mc-29->source-5 "258" 19:08:13.074728935
[2023-07-17T19:08:15Z INFO  dt_instance] received at 2023-07-17 19:08:15.579956964 UTC - from mc-29->source-5 "263" 19:08:15.579112565
[2023-07-17T19:08:18Z INFO  dt_instance] received at 2023-07-17 19:08:18.086064450 UTC - from mc-29->source-5 "268" 19:08:18.084455407
[2023-07-17T19:08:20Z INFO  dt_instance] received at 2023-07-17 19:08:20.592157454 UTC - from mc-29->source-5 "273" 19:08:20.590902875
[2023-07-17T19:08:23Z INFO  dt_instance] received at 2023-07-17 19:08:23.097278102 UTC - from mc-29->source-5 "278" 19:08:23.096147435
[2023-07-17T19:08:25Z INFO  dt_instance] received at 2023-07-17 19:08:25.603887432 UTC - from mc-29->source-5 "283" 19:08:25.602752645
[2023-07-17T19:08:28Z INFO  dt_instance] received at 2023-07-17 19:08:28.110736647 UTC - from mc-29->source-5 "288" 19:08:28.107759999
[2023-07-17T19:08:30Z INFO  dt_instance] received at 2023-07-17 19:08:30.613726469 UTC - from mc-29->source-5 "293" 19:08:30.612512906
[2023-07-17T19:08:33Z INFO  dt_instance] received at 2023-07-17 19:08:33.118882651 UTC - from mc-29->source-5 "298" 19:08:33.117774723
[2023-07-17T19:08:35Z INFO  dt_instance] received at 2023-07-17 19:08:35.624524998 UTC - from mc-29->source-5 "303" 19:08:35.623483782
[2023-07-17T19:08:38Z INFO  dt_instance] received at 2023-07-17 19:08:38.130129530 UTC - from mc-29->source-5 "308" 19:08:38.128906665
[2023-07-17T19:08:40Z INFO  dt_instance] received at 2023-07-17 19:08:40.636593491 UTC - from mc-29->source-5 "313" 19:08:40.634906153
[2023-07-17T19:08:43Z INFO  dt_instance] received at 2023-07-17 19:08:43.144608324 UTC - from mc-29->source-5 "318" 19:08:43.143816140
[2023-07-17T19:08:45Z INFO  dt_instance] received at 2023-07-17 19:08:45.649487758 UTC - from mc-29->source-5 "323" 19:08:45.648326494
[2023-07-17T19:08:48Z INFO  dt_instance] received at 2023-07-17 19:08:48.156678927 UTC - from mc-29->source-5 "328" 19:08:48.155543160
[2023-07-17T19:08:50Z INFO  dt_instance] received at 2023-07-17 19:08:50.663513780 UTC - from mc-29->source-5 "333" 19:08:50.660895631
[2023-07-17T19:08:53Z INFO  dt_instance] received at 2023-07-17 19:08:53.169979779 UTC - from mc-29->source-5 "338" 19:08:53.168060192
[2023-07-17T19:08:55Z INFO  dt_instance] received at 2023-07-17 19:08:55.674730824 UTC - from mc-29->source-5 "343" 19:08:55.673466144
[2023-07-17T19:08:58Z INFO  dt_instance] received at 2023-07-17 19:08:58.181681883 UTC - from mc-29->source-5 "348" 19:08:58.180665468
[2023-07-17T19:09:00Z INFO  dt_instance] received at 2023-07-17 19:09:00.686388598 UTC - from mc-29->source-5 "353" 19:09:00.685403959
[2023-07-17T19:09:03Z INFO  dt_instance] received at 2023-07-17 19:09:03.193815077 UTC - from mc-29->source-5 "358" 19:09:03.192490611
[2023-07-17T19:09:05Z INFO  dt_instance] received at 2023-07-17 19:09:05.699337237 UTC - from mc-29->source-5 "363" 19:09:05.698454100
[2023-07-17T19:09:08Z INFO  dt_instance] received at 2023-07-17 19:09:08.206538713 UTC - from mc-29->source-5 "368" 19:09:08.205770062
[2023-07-17T19:09:10Z INFO  dt_instance] received at 2023-07-17 19:09:10.712739337 UTC - from mc-29->source-5 "373" 19:09:10.711734062
[2023-07-17T19:09:13Z INFO  dt_instance] received at 2023-07-17 19:09:13.218228475 UTC - from mc-29->source-5 "378" 19:09:13.217171379
[2023-07-17T19:09:15Z INFO  dt_instance] received at 2023-07-17 19:09:15.724108726 UTC - from mc-29->source-5 "383" 19:09:15.723325032
[2023-07-17T19:09:18Z INFO  dt_instance] received at 2023-07-17 19:09:18.230656241 UTC - from mc-29->source-5 "388" 19:09:18.229646238
[2023-07-17T19:09:20Z INFO  dt_instance] received at 2023-07-17 19:09:20.735272438 UTC - from mc-29->source-5 "393" 19:09:20.734386433
[2023-07-17T19:09:23Z INFO  dt_instance] received at 2023-07-17 19:09:23.243056302 UTC - from mc-29->source-5 "398" 19:09:23.241825303
[2023-07-17T19:09:25Z INFO  dt_instance] received at 2023-07-17 19:09:25.753673183 UTC - from mc-29->source-5 "403" 19:09:25.748443497
[2023-07-17T19:09:28Z INFO  dt_instance] received at 2023-07-17 19:09:28.254447976 UTC - from mc-29->source-5 "408" 19:09:28.253401244
[2023-07-17T19:09:30Z INFO  dt_instance] received at 2023-07-17 19:09:30.759299095 UTC - from mc-29->source-5 "413" 19:09:30.758162765
[2023-07-17T19:09:33Z INFO  dt_instance] received at 2023-07-17 19:09:33.265422638 UTC - from mc-29->source-5 "418" 19:09:33.264394155
[2023-07-17T19:09:35Z INFO  dt_instance] received at 2023-07-17 19:09:35.771475930 UTC - from mc-29->source-5 "423" 19:09:35.770433724
[2023-07-17T19:09:38Z INFO  dt_instance] received at 2023-07-17 19:09:38.276628834 UTC - from mc-29->source-5 "428" 19:09:38.275666616
[2023-07-17T19:09:40Z INFO  dt_instance] received at 2023-07-17 19:09:40.781777445 UTC - from mc-29->source-5 "433" 19:09:40.780700375
[2023-07-17T19:09:43Z INFO  dt_instance] received at 2023-07-17 19:09:43.288028443 UTC - from mc-29->source-5 "438" 19:09:43.286807029
[2023-07-17T19:09:45Z INFO  dt_instance] received at 2023-07-17 19:09:45.794769076 UTC - from mc-29->source-5 "443" 19:09:45.793256971
[2023-07-17T19:09:48Z INFO  dt_instance] received at 2023-07-17 19:09:48.300740688 UTC - from mc-29->source-5 "448" 19:09:48.299018989
[2023-07-17T19:09:50Z INFO  dt_instance] received at 2023-07-17 19:09:50.805010773 UTC - from mc-29->source-5 "453" 19:09:50.804162766
[2023-07-17T19:09:53Z INFO  dt_instance] received at 2023-07-17 19:09:53.313855426 UTC - from mc-29->source-5 "458" 19:09:53.312882875
[2023-07-17T19:09:55Z INFO  dt_instance] received at 2023-07-17 19:09:55.820305952 UTC - from mc-29->source-5 "463" 19:09:55.819256574
[2023-07-17T19:09:58Z INFO  dt_instance] received at 2023-07-17 19:09:58.326627153 UTC - from mc-29->source-5 "468" 19:09:58.325617542
[2023-07-17T19:10:00Z INFO  dt_instance] received at 2023-07-17 19:10:00.831444965 UTC - from mc-29->source-5 "473" 19:10:00.830325730
[2023-07-17T19:10:03Z INFO  dt_instance] received at 2023-07-17 19:10:03.335966741 UTC - from mc-29->source-5 "478" 19:10:03.334998746
[2023-07-17T19:10:05Z INFO  dt_instance] received at 2023-07-17 19:10:05.843047453 UTC - from mc-29->source-5 "483" 19:10:05.842017955
[2023-07-17T19:10:08Z INFO  dt_instance] received at 2023-07-17 19:10:08.348141015 UTC - from mc-29->source-5 "488" 19:10:08.347217723
[2023-07-17T19:10:10Z INFO  dt_instance] received at 2023-07-17 19:10:10.853910038 UTC - from mc-29->source-5 "493" 19:10:10.852915128
[2023-07-17T19:10:13Z INFO  dt_instance] received at 2023-07-17 19:10:13.361065519 UTC - from mc-29->source-5 "498" 19:10:13.359500122
[2023-07-17T19:10:15Z INFO  dt_instance] received at 2023-07-17 19:10:15.866898378 UTC - from mc-29->source-5 "503" 19:10:15.865861630
[2023-07-17T19:10:18Z INFO  dt_instance] received at 2023-07-17 19:10:18.372637673 UTC - from mc-29->source-5 "508" 19:10:18.371377609
[2023-07-17T19:10:20Z INFO  dt_instance] received at 2023-07-17 19:10:20.878160738 UTC - from mc-29->source-5 "513" 19:10:20.876396659
[2023-07-17T19:10:23Z INFO  dt_instance] received at 2023-07-17 19:10:23.383216994 UTC - from mc-29->source-5 "518" 19:10:23.382211568
[2023-07-17T19:10:25Z INFO  dt_instance] received at 2023-07-17 19:10:25.888738657 UTC - from mc-29->source-5 "523" 19:10:25.887941597
[2023-07-17T19:10:28Z INFO  dt_instance] received at 2023-07-17 19:10:28.394111154 UTC - from mc-29->source-5 "528" 19:10:28.392939082
[2023-07-17T19:10:30Z INFO  dt_instance] received at 2023-07-17 19:10:30.900018890 UTC - from mc-29->source-5 "533" 19:10:30.899216007
[2023-07-17T19:10:33Z INFO  dt_instance] received at 2023-07-17 19:10:33.405227231 UTC - from mc-29->source-5 "538" 19:10:33.403900216
[2023-07-17T19:10:35Z INFO  dt_instance] received at 2023-07-17 19:10:35.911575922 UTC - from mc-29->source-5 "543" 19:10:35.910760038
[2023-07-17T19:10:38Z INFO  dt_instance] received at 2023-07-17 19:10:38.416328203 UTC - from mc-29->source-5 "548" 19:10:38.415202818
[2023-07-17T19:10:40Z INFO  dt_instance] received at 2023-07-17 19:10:40.924368014 UTC - from mc-29->source-1 "563" 19:10:40.923407543
[2023-07-17T19:10:43Z INFO  dt_instance] received at 2023-07-17 19:10:43.429832559 UTC - from mc-29->source-1 "568" 19:10:43.428895803
[2023-07-17T19:10:45Z INFO  dt_instance] received at 2023-07-17 19:10:45.936201835 UTC - from mc-29->source-1 "573" 19:10:45.934925529
[2023-07-17T19:10:48Z INFO  dt_instance] received at 2023-07-17 19:10:48.447475823 UTC - from mc-29->source-1 "578" 19:10:48.446482800
[2023-07-17T19:10:50Z INFO  dt_instance] received at 2023-07-17 19:10:50.953205546 UTC - from mc-29->source-1 "583" 19:10:50.952351614
[2023-07-17T19:10:53Z INFO  dt_instance] received at 2023-07-17 19:10:53.459427908 UTC - from mc-29->source-1 "588" 19:10:53.458632579
[2023-07-17T19:10:55Z INFO  dt_instance] received at 2023-07-17 19:10:55.965847685 UTC - from mc-29->source-1 "593" 19:10:55.964730494
[2023-07-17T19:10:58Z INFO  dt_instance] received at 2023-07-17 19:10:58.470610587 UTC - from mc-29->source-1 "598" 19:10:58.469740634
[2023-07-17T19:11:00Z INFO  dt_instance] received at 2023-07-17 19:11:00.976312028 UTC - from mc-29->source-1 "603" 19:11:00.975362838
[2023-07-17T19:11:03Z INFO  dt_instance] received at 2023-07-17 19:11:03.481710601 UTC - from mc-29->source-1 "608" 19:11:03.480754169
[2023-07-17T19:11:05Z INFO  dt_instance] received at 2023-07-17 19:11:05.986987722 UTC - from mc-29->source-1 "613" 19:11:05.986132814
[2023-07-17T19:11:08Z INFO  dt_instance] received at 2023-07-17 19:11:08.493380776 UTC - from mc-29->source-1 "618" 19:11:08.492429661
[2023-07-17T19:11:10Z INFO  dt_instance] received at 2023-07-17 19:11:10.998871827 UTC - from mc-29->source-3 "618" 19:11:10.996743020
[2023-07-17T19:11:13Z INFO  dt_instance] received at 2023-07-17 19:11:13.504343598 UTC - from mc-29->source-3 "623" 19:11:13.502296303
[2023-07-17T19:11:16Z INFO  dt_instance] received at 2023-07-17 19:11:16.011651959 UTC - from mc-29->source-3 "628" 19:11:16.009205637
[2023-07-17T19:11:18Z INFO  dt_instance] received at 2023-07-17 19:11:18.522352685 UTC - from mc-29->source-3 "633" 19:11:18.520807758
[2023-07-17T19:11:21Z INFO  dt_instance] received at 2023-07-17 19:11:21.029279211 UTC - from mc-29->source-3 "638" 19:11:21.027795245
[2023-07-17T19:11:23Z INFO  dt_instance] received at 2023-07-17 19:11:23.534128112 UTC - from mc-29->source-3 "643" 19:11:23.533019659
[2023-07-17T19:11:26Z INFO  dt_instance] received at 2023-07-17 19:11:26.043518061 UTC - from mc-29->source-9 "633" 19:11:26.040392368
[2023-07-17T19:11:28Z INFO  dt_instance] received at 2023-07-17 19:11:28.547833911 UTC - from mc-29->source-9 "638" 19:11:28.546588010
[2023-07-17T19:11:31Z INFO  dt_instance] received at 2023-07-17 19:11:31.057685925 UTC - from mc-29->source-9 "643" 19:11:31.053128705
[2023-07-17T19:11:33Z INFO  dt_instance] received at 2023-07-17 19:11:33.561581606 UTC - from mc-29->source-3 "663" 19:11:33.559960959
[2023-07-17T19:11:36Z INFO  dt_instance] received at 2023-07-17 19:11:36.070484924 UTC - from mc-29->source-9 "653" 19:11:36.066632281
[2023-07-17T19:11:38Z INFO  dt_instance] received at 2023-07-17 19:11:38.574641046 UTC - from mc-29->source-3 "673" 19:11:38.573324497
[2023-07-17T19:11:41Z INFO  dt_instance] received at 2023-07-17 19:11:41.081400560 UTC - from mc-29->source-9 "663" 19:11:41.079242187
[2023-07-17T19:11:43Z INFO  dt_instance] received at 2023-07-17 19:11:43.591313918 UTC - from mc-29->source-3 "683" 19:11:43.586659155
[2023-07-17T19:11:46Z INFO  dt_instance] received at 2023-07-17 19:11:46.095829743 UTC - from mc-29->source-3 "688" 19:11:46.093796080
[2023-07-17T19:11:48Z INFO  dt_instance] received at 2023-07-17 19:11:48.599233506 UTC - from mc-29->source-3 "693" 19:11:48.598157475
[2023-07-17T19:11:51Z INFO  dt_instance] received at 2023-07-17 19:11:51.105317443 UTC - from mc-29->source-1 "703" 19:11:51.104342487
[2023-07-17T19:11:53Z INFO  dt_instance] received at 2023-07-17 19:11:53.610782019 UTC - from mc-29->source-3 "703" 19:11:53.609593349
[2023-07-17T19:11:56Z INFO  dt_instance] received at 2023-07-17 19:11:56.118409055 UTC - from mc-29->source-9 "693" 19:11:56.117178060
[2023-07-17T19:11:58Z INFO  dt_instance] received at 2023-07-17 19:11:58.625115249 UTC - from mc-29->source-9 "698" 19:11:58.622087467
[2023-07-17T19:12:01Z INFO  dt_instance] received at 2023-07-17 19:12:01.131090209 UTC - from mc-29->source-3 "718" 19:12:01.129183107
[2023-07-17T19:12:03Z INFO  dt_instance] received at 2023-07-17 19:12:03.636677171 UTC - from mc-29->source-3 "723" 19:12:03.635493468
[2023-07-17T19:12:06Z INFO  dt_instance] received at 2023-07-17 19:12:06.142284376 UTC - from mc-29->source-3 "728" 19:12:06.141015137
[2023-07-17T19:12:08Z INFO  dt_instance] received at 2023-07-17 19:12:08.648377330 UTC - from mc-29->source-1 "738" 19:12:08.647348077
[2023-07-17T19:12:11Z INFO  dt_instance] received at 2023-07-17 19:12:11.153755451 UTC - from mc-29->source-3 "738" 19:12:11.152462390
[2023-07-17T19:12:13Z INFO  dt_instance] received at 2023-07-17 19:12:13.659823567 UTC - from mc-29->source-3 "743" 19:12:13.658431923
[2023-07-17T19:12:16Z INFO  dt_instance] received at 2023-07-17 19:12:16.165979819 UTC - from mc-29->source-1 "753" 19:12:16.164989516
[2023-07-17T19:12:18Z INFO  dt_instance] received at 2023-07-17 19:12:18.679713349 UTC - from mc-29->source-9 "738" 19:12:18.678185762
[2023-07-17T19:12:21Z INFO  dt_instance] received at 2023-07-17 19:12:21.186171015 UTC - from mc-29->source-1 "763" 19:12:21.184518075
[2023-07-17T19:12:23Z INFO  dt_instance] received at 2023-07-17 19:12:23.693086423 UTC - from mc-29->source-1 "768" 19:12:23.692297296
[2023-07-17T19:12:26Z INFO  dt_instance] received at 2023-07-17 19:12:26.202352506 UTC - from mc-29->source-1 "773" 19:12:26.201433681
[2023-07-17T19:12:28Z INFO  dt_instance] received at 2023-07-17 19:12:28.713179809 UTC - from mc-29->source-1 "778" 19:12:28.712313153
[2023-07-17T19:12:31Z INFO  dt_instance] received at 2023-07-17 19:12:31.218281808 UTC - from mc-29->source-1 "783" 19:12:31.217281549
[2023-07-17T19:12:33Z INFO  dt_instance] received at 2023-07-17 19:12:33.724107714 UTC - from mc-29->source-1 "788" 19:12:33.723294474
[2023-07-17T19:12:36Z INFO  dt_instance] received at 2023-07-17 19:12:36.231712488 UTC - from mc-29->source-1 "793" 19:12:36.230570946
[2023-07-17T19:12:38Z INFO  dt_instance] received at 2023-07-17 19:12:38.736248861 UTC - from mc-29->source-1 "798" 19:12:38.735453986
[2023-07-17T19:12:41Z INFO  dt_instance] received at 2023-07-17 19:12:41.240993228 UTC - from mc-29->source-1 "803" 19:12:41.240089328
[2023-07-17T19:12:43Z INFO  dt_instance] received at 2023-07-17 19:12:43.747636342 UTC - from mc-29->source-1 "808" 19:12:43.746669228
[2023-07-17T19:12:46Z INFO  dt_instance] received at 2023-07-17 19:12:46.252607703 UTC - from mc-29->source-1 "813" 19:12:46.251682943
[2023-07-17T19:12:48Z INFO  dt_instance] received at 2023-07-17 19:12:48.756989854 UTC - from mc-29->source-1 "818" 19:12:48.756057730
[2023-07-17T19:12:51Z INFO  dt_instance] received at 2023-07-17 19:12:51.264205601 UTC - from mc-29->source-1 "823" 19:12:51.262843732
[2023-07-17T19:12:53Z INFO  dt_instance] received at 2023-07-17 19:12:53.771235191 UTC - from mc-29->source-1 "828" 19:12:53.770098791
[2023-07-17T19:12:56Z INFO  dt_instance] received at 2023-07-17 19:12:56.276147590 UTC - from mc-29->source-1 "833" 19:12:56.275005854
[2023-07-17T19:12:58Z INFO  dt_instance] received at 2023-07-17 19:12:58.781094585 UTC - from mc-29->source-1 "838" 19:12:58.780025896
[2023-07-17T19:13:01Z INFO  dt_instance] received at 2023-07-17 19:13:01.295488037 UTC - from mc-29->source-5 "833" 19:13:01.292512410
[2023-07-17T19:13:03Z INFO  dt_instance] received at 2023-07-17 19:13:03.798097214 UTC - from mc-29->source-5 "838" 19:13:03.797084048
[2023-07-17T19:13:06Z INFO  dt_instance] received at 2023-07-17 19:13:06.303134035 UTC - from mc-29->source-5 "843" 19:13:06.301979025
[2023-07-17T19:13:08Z INFO  dt_instance] received at 2023-07-17 19:13:08.808830792 UTC - from mc-29->source-5 "848" 19:13:08.807893532
[2023-07-17T19:13:11Z INFO  dt_instance] received at 2023-07-17 19:13:11.313717561 UTC - from mc-29->source-5 "853" 19:13:11.312925915
[2023-07-17T19:13:13Z INFO  dt_instance] received at 2023-07-17 19:13:13.820375240 UTC - from mc-29->source-3 "863" 19:13:13.819039197
[2023-07-17T19:13:16Z INFO  dt_instance] received at 2023-07-17 19:13:16.327188732 UTC - from mc-29->source-3 "868" 19:13:16.326046044
[2023-07-17T19:13:18Z INFO  dt_instance] received at 2023-07-17 19:13:18.834312752 UTC - from mc-29->source-3 "873" 19:13:18.832876834
[2023-07-17T19:13:21Z INFO  dt_instance] received at 2023-07-17 19:13:21.340068939 UTC - from mc-29->source-1 "883" 19:13:21.338992521
[2023-07-17T19:13:23Z INFO  dt_instance] received at 2023-07-17 19:13:23.850000665 UTC - from mc-29->source-3 "883" 19:13:23.849042744
[2023-07-17T19:13:26Z INFO  dt_instance] received at 2023-07-17 19:13:26.362546079 UTC - from mc-29->source-3 "888" 19:13:26.357007279
[2023-07-17T19:13:28Z INFO  dt_instance] received at 2023-07-17 19:13:28.863277304 UTC - from mc-29->source-3 "893" 19:13:28.862120972
[2023-07-17T19:13:31Z INFO  dt_instance] received at 2023-07-17 19:13:31.375519438 UTC - from mc-29->source-1 "903" 19:13:31.367921384
[2023-07-17T19:13:33Z INFO  dt_instance] received at 2023-07-17 19:13:33.877849003 UTC - from mc-29->source-9 "888" 19:13:33.875893085
[2023-07-17T19:13:36Z INFO  dt_instance] received at 2023-07-17 19:13:36.382626734 UTC - from mc-29->source-9 "893" 19:13:36.381133228
[2023-07-17T19:13:38Z INFO  dt_instance] received at 2023-07-17 19:13:38.888271074 UTC - from mc-29->source-9 "898" 19:13:38.886978010
[2023-07-17T19:13:41Z INFO  dt_instance] received at 2023-07-17 19:13:41.395019739 UTC - from mc-29->source-9 "903" 19:13:41.392963962
[2023-07-17T19:13:43Z INFO  dt_instance] received at 2023-07-17 19:13:43.902303013 UTC - from mc-29->source-9 "908" 19:13:43.900645676
[2023-07-17T19:13:46Z INFO  dt_instance] received at 2023-07-17 19:13:46.408291510 UTC - from mc-29->source-1 "933" 19:13:46.407308542
[2023-07-17T19:13:48Z INFO  dt_instance] received at 2023-07-17 19:13:48.913539514 UTC - from mc-29->source-1 "938" 19:13:48.911965322
[2023-07-17T19:13:51Z INFO  dt_instance] received at 2023-07-17 19:13:51.419944506 UTC - from mc-29->source-9 "923" 19:13:51.418436337
[2023-07-17T19:13:53Z INFO  dt_instance] received at 2023-07-17 19:13:53.924219996 UTC - from mc-29->source-9 "928" 19:13:53.922930148
[2023-07-17T19:13:56Z INFO  dt_instance] received at 2023-07-17 19:13:56.432968088 UTC - from mc-29->source-9 "933" 19:13:56.431652278
[2023-07-17T19:13:58Z INFO  dt_instance] received at 2023-07-17 19:13:58.938000039 UTC - from mc-29->source-9 "938" 19:13:58.936347512
[2023-07-17T19:14:01Z INFO  dt_instance] received at 2023-07-17 19:14:01.445160211 UTC - from mc-29->source-9 "943" 19:14:01.443871078
[2023-07-17T19:14:03Z INFO  dt_instance] received at 2023-07-17 19:14:03.951780285 UTC - from mc-29->source-1 "968" 19:14:03.950728836
[2023-07-17T19:14:06Z INFO  dt_instance] received at 2023-07-17 19:14:06.458094538 UTC - from mc-29->source-1 "973" 19:14:06.456204446
[2023-07-17T19:14:08Z INFO  dt_instance] received at 2023-07-17 19:14:08.964978662 UTC - from mc-29->source-5 "968" 19:14:08.963703079
[2023-07-17T19:14:11Z INFO  dt_instance] received at 2023-07-17 19:14:11.470501710 UTC - from mc-29->source-5 "973" 19:14:11.469522468
[2023-07-17T19:14:13Z INFO  dt_instance] received at 2023-07-17 19:14:13.975867577 UTC - from mc-29->source-1 "988" 19:14:13.975063668
[2023-07-17T19:14:16Z INFO  dt_instance] received at 2023-07-17 19:14:16.482377213 UTC - from mc-29->source-9 "973" 19:14:16.481089850
[2023-07-17T19:14:19Z INFO  dt_instance] received at 2023-07-17 19:14:19.173474752 UTC - from mc-29->source-6 "986" 19:14:19.172470384
[2023-07-17T19:14:22Z INFO  dt_instance] received at 2023-07-17 19:14:22.441548901 UTC - from mc-29->source-7 "990" 19:14:22.440092690
[2023-07-17T19:14:29Z INFO  dt_instance] received at 2023-07-17 19:14:29.517223121 UTC - from mc-29->source-9 "999" 19:14:29.515595860
