[2023-07-17T18:40:32Z INFO  dt_instance] Current Twin: mc-twin-24
[2023-07-17T18:40:32Z INFO  dt_instance] Replica Name twin-mc-stateful-24
[2023-07-17T18:40:32Z INFO  dt_instance] Sleeping for 1200
[2023-07-17T19:00:32Z INFO  dt_instance] Connecting to broker at emqx.dtwins:1883
[2023-07-17T19:00:32Z INFO  dt_instance] Loggin info each 50 messages
[2023-07-17T19:00:32Z INFO  dt_instance] Set max packet size to 60000 KB.
[2023-07-17T19:00:32Z INFO  dt_instance] Refreshing topics for twin - Listen to mc-24/#
[2023-07-17T19:00:32Z INFO  dt_instance] SubAck { pkid: 1, return_codes: [Success(ExactlyOnce)] }
[2023-07-17T19:01:33Z INFO  dt_instance] received at 2023-07-17 19:01:33.184686716 UTC - from mc-24->source-2 "9" 19:01:33.139950030
[2023-07-17T19:01:36Z INFO  dt_instance] received at 2023-07-17 19:01:36.408180338 UTC - from mc-24->source-3 "13" 19:01:36.392394619
[2023-07-17T19:01:38Z INFO  dt_instance] received at 2023-07-17 19:01:38.927633816 UTC - from mc-24->source-1 "23" 19:01:38.903255207
[2023-07-17T19:01:41Z INFO  dt_instance] received at 2023-07-17 19:01:41.438778786 UTC - from mc-24->source-1 "28" 19:01:41.408962270
[2023-07-17T19:01:43Z INFO  dt_instance] received at 2023-07-17 19:01:43.924971191 UTC - from mc-24->source-1 "33" 19:01:43.914544811
[2023-07-17T19:01:46Z INFO  dt_instance] received at 2023-07-17 19:01:46.443613410 UTC - from mc-24->source-1 "38" 19:01:46.419193256
[2023-07-17T19:01:48Z INFO  dt_instance] received at 2023-07-17 19:01:48.954691849 UTC - from mc-24->source-1 "43" 19:01:48.925516552
[2023-07-17T19:01:51Z INFO  dt_instance] received at 2023-07-17 19:01:51.450712542 UTC - from mc-24->source-1 "48" 19:01:51.430991235
[2023-07-17T19:01:53Z INFO  dt_instance] received at 2023-07-17 19:01:53.960839672 UTC - from mc-24->source-1 "53" 19:01:53.935425854
[2023-07-17T19:01:56Z INFO  dt_instance] received at 2023-07-17 19:01:56.661790413 UTC - from mc-24->source-3 "53" 19:01:56.438635034
[2023-07-17T19:01:59Z INFO  dt_instance] received at 2023-07-17 19:01:59.112422872 UTC - from mc-24->source-1 "63" 19:01:58.947946777
[2023-07-17T19:02:01Z INFO  dt_instance] received at 2023-07-17 19:02:01.460090117 UTC - from mc-24->source-1 "68" 19:02:01.452978666
[2023-07-17T19:02:03Z INFO  dt_instance] received at 2023-07-17 19:02:03.977441744 UTC - from mc-24->source-1 "73" 19:02:03.958060169
[2023-07-17T19:02:06Z INFO  dt_instance] received at 2023-07-17 19:02:06.478589129 UTC - from mc-24->source-9 "58" 19:02:06.464239895
[2023-07-17T19:02:09Z INFO  dt_instance] received at 2023-07-17 19:02:09.023729345 UTC - from mc-24->source-9 "63" 19:02:08.973296038
[2023-07-17T19:02:11Z INFO  dt_instance] received at 2023-07-17 19:02:11.539184335 UTC - from mc-24->source-9 "68" 19:02:11.478877018
[2023-07-17T19:02:14Z INFO  dt_instance] received at 2023-07-17 19:02:14.010228370 UTC - from mc-24->source-1 "93" 19:02:13.987745108
[2023-07-17T19:02:16Z INFO  dt_instance] received at 2023-07-17 19:02:16.511657459 UTC - from mc-24->source-1 "98" 19:02:16.493202212
[2023-07-17T19:02:19Z INFO  dt_instance] received at 2023-07-17 19:02:19.014208646 UTC - from mc-24->source-1 "103" 19:02:18.999478793
[2023-07-17T19:02:21Z INFO  dt_instance] received at 2023-07-17 19:02:21.512119317 UTC - from mc-24->source-1 "108" 19:02:21.504559465
[2023-07-17T19:02:24Z INFO  dt_instance] received at 2023-07-17 19:02:24.033559186 UTC - from mc-24->source-1 "113" 19:02:24.012385184
[2023-07-17T19:02:26Z INFO  dt_instance] received at 2023-07-17 19:02:26.554927498 UTC - from mc-24->source-9 "98" 19:02:26.518240871
[2023-07-17T19:02:29Z INFO  dt_instance] received at 2023-07-17 19:02:29.041877817 UTC - from mc-24->source-9 "103" 19:02:29.025072461
[2023-07-17T19:02:31Z INFO  dt_instance] received at 2023-07-17 19:02:31.540236932 UTC - from mc-24->source-1 "128" 19:02:31.530852472
[2023-07-17T19:02:34Z INFO  dt_instance] received at 2023-07-17 19:02:34.052986261 UTC - from mc-24->source-1 "133" 19:02:34.036539784
[2023-07-17T19:02:36Z INFO  dt_instance] received at 2023-07-17 19:02:36.560856198 UTC - from mc-24->source-5 "128" 19:02:36.544828340
[2023-07-17T19:02:39Z INFO  dt_instance] received at 2023-07-17 19:02:39.124518888 UTC - from mc-24->source-1 "143" 19:02:39.053172982
[2023-07-17T19:02:41Z INFO  dt_instance] received at 2023-07-17 19:02:41.580599059 UTC - from mc-24->source-1 "148" 19:02:41.559622841
[2023-07-17T19:02:44Z INFO  dt_instance] received at 2023-07-17 19:02:44.085671984 UTC - from mc-24->source-1 "153" 19:02:44.066184814
[2023-07-17T19:02:46Z INFO  dt_instance] received at 2023-07-17 19:02:46.582457338 UTC - from mc-24->source-1 "158" 19:02:46.571937747
[2023-07-17T19:02:49Z INFO  dt_instance] received at 2023-07-17 19:02:49.091156040 UTC - from mc-24->source-1 "163" 19:02:49.077820466
[2023-07-17T19:02:51Z INFO  dt_instance] received at 2023-07-17 19:02:51.610910374 UTC - from mc-24->source-1 "168" 19:02:51.582617066
[2023-07-17T19:02:54Z INFO  dt_instance] received at 2023-07-17 19:02:54.113653687 UTC - from mc-24->source-9 "153" 19:02:54.087749844
[2023-07-17T19:02:56Z INFO  dt_instance] received at 2023-07-17 19:02:56.612337983 UTC - from mc-24->source-9 "158" 19:02:56.594609191
[2023-07-17T19:02:59Z INFO  dt_instance] received at 2023-07-17 19:02:59.128025463 UTC - from mc-24->source-1 "183" 19:02:59.100304192
[2023-07-17T19:03:01Z INFO  dt_instance] received at 2023-07-17 19:03:01.822263568 UTC - from mc-24->source-3 "183" 19:03:01.598133999
[2023-07-17T19:03:04Z INFO  dt_instance] received at 2023-07-17 19:03:04.133246972 UTC - from mc-24->source-9 "173" 19:03:04.111581739
[2023-07-17T19:03:06Z INFO  dt_instance] received at 2023-07-17 19:03:06.623197904 UTC - from mc-24->source-9 "178" 19:03:06.616899674
[2023-07-17T19:03:09Z INFO  dt_instance] received at 2023-07-17 19:03:09.346776270 UTC - from mc-24->source-3 "198" 19:03:09.117262704
[2023-07-17T19:03:11Z INFO  dt_instance] received at 2023-07-17 19:03:11.651000522 UTC - from mc-24->source-9 "188" 19:03:11.628736588
[2023-07-17T19:03:14Z INFO  dt_instance] received at 2023-07-17 19:03:14.183131968 UTC - from mc-24->source-9 "193" 19:03:14.134869677
[2023-07-17T19:03:16Z INFO  dt_instance] received at 2023-07-17 19:03:16.653343270 UTC - from mc-24->source-9 "198" 19:03:16.640658251
[2023-07-17T19:03:19Z INFO  dt_instance] received at 2023-07-17 19:03:19.163721591 UTC - from mc-24->source-9 "203" 19:03:19.146933607
[2023-07-17T19:03:21Z INFO  dt_instance] received at 2023-07-17 19:03:21.680574975 UTC - from mc-24->source-9 "208" 19:03:21.652471754
[2023-07-17T19:03:24Z INFO  dt_instance] received at 2023-07-17 19:03:24.178354315 UTC - from mc-24->source-7 "218" 19:03:24.158863988
[2023-07-17T19:03:26Z INFO  dt_instance] received at 2023-07-17 19:03:26.678152543 UTC - from mc-24->source-1 "238" 19:03:26.666367397
[2023-07-17T19:03:29Z INFO  dt_instance] received at 2023-07-17 19:03:29.194922027 UTC - from mc-24->source-9 "223" 19:03:29.173573677
[2023-07-17T19:03:31Z INFO  dt_instance] received at 2023-07-17 19:03:31.726979496 UTC - from mc-24->source-1 "248" 19:03:31.679324435
[2023-07-17T19:03:34Z INFO  dt_instance] received at 2023-07-17 19:03:34.192118997 UTC - from mc-24->source-5 "243" 19:03:34.186474435
[2023-07-17T19:03:36Z INFO  dt_instance] received at 2023-07-17 19:03:36.706239773 UTC - from mc-24->source-9 "238" 19:03:36.692117463
[2023-07-17T19:03:39Z INFO  dt_instance] received at 2023-07-17 19:03:39.217634690 UTC - from mc-24->source-3 "258" 19:03:39.200806005
[2023-07-17T19:03:41Z INFO  dt_instance] received at 2023-07-17 19:03:41.732482085 UTC - from mc-24->source-1 "268" 19:03:41.709499251
[2023-07-17T19:03:44Z INFO  dt_instance] received at 2023-07-17 19:03:44.228171004 UTC - from mc-24->source-9 "253" 19:03:44.215998739
[2023-07-17T19:03:46Z INFO  dt_instance] received at 2023-07-17 19:03:46.812722674 UTC - from mc-24->source-9 "258" 19:03:46.724889803
[2023-07-17T19:03:49Z INFO  dt_instance] received at 2023-07-17 19:03:49.245520071 UTC - from mc-24->source-9 "263" 19:03:49.233050948
[2023-07-17T19:03:51Z INFO  dt_instance] received at 2023-07-17 19:03:51.761927028 UTC - from mc-24->source-9 "268" 19:03:51.737639604
[2023-07-17T19:03:54Z INFO  dt_instance] received at 2023-07-17 19:03:54.257542500 UTC - from mc-24->source-9 "273" 19:03:54.243623223
[2023-07-17T19:03:56Z INFO  dt_instance] received at 2023-07-17 19:03:56.763489817 UTC - from mc-24->source-9 "278" 19:03:56.749317557
[2023-07-17T19:03:59Z INFO  dt_instance] received at 2023-07-17 19:03:59.264069643 UTC - from mc-24->source-1 "303" 19:03:59.258832546
[2023-07-17T19:04:01Z INFO  dt_instance] received at 2023-07-17 19:04:01.786204301 UTC - from mc-24->source-1 "308" 19:04:01.768080428
[2023-07-17T19:04:04Z INFO  dt_instance] received at 2023-07-17 19:04:04.289209640 UTC - from mc-24->source-1 "313" 19:04:04.274524250
[2023-07-17T19:04:06Z INFO  dt_instance] received at 2023-07-17 19:04:06.795390615 UTC - from mc-24->source-1 "318" 19:04:06.780744541
[2023-07-17T19:04:09Z INFO  dt_instance] received at 2023-07-17 19:04:09.317736873 UTC - from mc-24->source-9 "303" 19:04:09.299791458
[2023-07-17T19:04:11Z INFO  dt_instance] received at 2023-07-17 19:04:11.821412483 UTC - from mc-24->source-9 "308" 19:04:11.805407793
[2023-07-17T19:04:14Z INFO  dt_instance] received at 2023-07-17 19:04:14.324638934 UTC - from mc-24->source-9 "313" 19:04:14.311104122
[2023-07-17T19:04:16Z INFO  dt_instance] received at 2023-07-17 19:04:16.820914154 UTC - from mc-24->source-9 "318" 19:04:16.818596335
[2023-07-17T19:04:19Z INFO  dt_instance] received at 2023-07-17 19:04:19.327755580 UTC - from mc-24->source-9 "323" 19:04:19.326579981
[2023-07-17T19:04:21Z INFO  dt_instance] received at 2023-07-17 19:04:21.842740165 UTC - from mc-24->source-9 "328" 19:04:21.831377527
[2023-07-17T19:04:24Z INFO  dt_instance] received at 2023-07-17 19:04:24.346854174 UTC - from mc-24->source-5 "343" 19:04:24.339658367
[2023-07-17T19:04:26Z INFO  dt_instance] received at 2023-07-17 19:04:26.852155164 UTC - from mc-24->source-5 "348" 19:04:26.846742701
[2023-07-17T19:04:29Z INFO  dt_instance] received at 2023-07-17 19:04:29.353329939 UTC - from mc-24->source-9 "343" 19:04:29.352128560
[2023-07-17T19:04:31Z INFO  dt_instance] received at 2023-07-17 19:04:31.859761598 UTC - from mc-24->source-1 "368" 19:04:31.858856748
[2023-07-17T19:04:34Z INFO  dt_instance] received at 2023-07-17 19:04:34.367514053 UTC - from mc-24->source-1 "373" 19:04:34.365247164
[2023-07-17T19:04:36Z INFO  dt_instance] received at 2023-07-17 19:04:36.872534394 UTC - from mc-24->source-9 "358" 19:04:36.871101163
[2023-07-17T19:04:39Z INFO  dt_instance] received at 2023-07-17 19:04:39.378765694 UTC - from mc-24->source-1 "383" 19:04:39.377374871
[2023-07-17T19:04:41Z INFO  dt_instance] received at 2023-07-17 19:04:41.887905060 UTC - from mc-24->source-1 "388" 19:04:41.885534884
[2023-07-17T19:04:44Z INFO  dt_instance] received at 2023-07-17 19:04:44.398164964 UTC - from mc-24->source-9 "373" 19:04:44.392183313
[2023-07-17T19:04:46Z INFO  dt_instance] received at 2023-07-17 19:04:46.901111053 UTC - from mc-24->source-9 "378" 19:04:46.898211908
[2023-07-17T19:04:49Z INFO  dt_instance] received at 2023-07-17 19:04:49.404586166 UTC - from mc-24->source-9 "383" 19:04:49.403361196
[2023-07-17T19:04:51Z INFO  dt_instance] received at 2023-07-17 19:04:51.924387665 UTC - from mc-24->source-9 "388" 19:04:51.909616229
[2023-07-17T19:04:54Z INFO  dt_instance] received at 2023-07-17 19:04:54.420482874 UTC - from mc-24->source-9 "393" 19:04:54.416214346
[2023-07-17T19:04:56Z INFO  dt_instance] received at 2023-07-17 19:04:56.924347568 UTC - from mc-24->source-1 "418" 19:04:56.921624301
[2023-07-17T19:04:59Z INFO  dt_instance] received at 2023-07-17 19:04:59.430715943 UTC - from mc-24->source-1 "423" 19:04:59.427419402
[2023-07-17T19:05:01Z INFO  dt_instance] received at 2023-07-17 19:05:01.940352427 UTC - from mc-24->source-9 "408" 19:05:01.932425568
[2023-07-17T19:05:04Z INFO  dt_instance] received at 2023-07-17 19:05:04.439305720 UTC - from mc-24->source-1 "433" 19:05:04.437904019
[2023-07-17T19:05:06Z INFO  dt_instance] received at 2023-07-17 19:05:06.949799331 UTC - from mc-24->source-1 "438" 19:05:06.947453415
[2023-07-17T19:05:09Z INFO  dt_instance] received at 2023-07-17 19:05:09.455392418 UTC - from mc-24->source-1 "443" 19:05:09.454020332
[2023-07-17T19:05:11Z INFO  dt_instance] received at 2023-07-17 19:05:11.961187889 UTC - from mc-24->source-5 "438" 19:05:11.960292963
[2023-07-17T19:05:14Z INFO  dt_instance] received at 2023-07-17 19:05:14.477873900 UTC - from mc-24->source-9 "433" 19:05:14.475236712
[2023-07-17T19:05:16Z INFO  dt_instance] received at 2023-07-17 19:05:16.986517943 UTC - from mc-24->source-1 "458" 19:05:16.984442409
[2023-07-17T19:05:19Z INFO  dt_instance] received at 2023-07-17 19:05:19.493783666 UTC - from mc-24->source-1 "463" 19:05:19.491999341
[2023-07-17T19:05:21Z INFO  dt_instance] received at 2023-07-17 19:05:21.999644212 UTC - from mc-24->source-1 "468" 19:05:21.997223774
[2023-07-17T19:05:24Z INFO  dt_instance] received at 2023-07-17 19:05:24.509094908 UTC - from mc-24->source-5 "463" 19:05:24.506663170
[2023-07-17T19:05:27Z INFO  dt_instance] received at 2023-07-17 19:05:27.013492900 UTC - from mc-24->source-9 "458" 19:05:27.012282058
[2023-07-17T19:05:29Z INFO  dt_instance] received at 2023-07-17 19:05:29.520065583 UTC - from mc-24->source-1 "483" 19:05:29.518588993
[2023-07-17T19:05:32Z INFO  dt_instance] received at 2023-07-17 19:05:32.026466720 UTC - from mc-24->source-1 "488" 19:05:32.024509437
[2023-07-17T19:05:34Z INFO  dt_instance] received at 2023-07-17 19:05:34.533967758 UTC - from mc-24->source-1 "493" 19:05:34.530691632
[2023-07-17T19:05:37Z INFO  dt_instance] received at 2023-07-17 19:05:37.038631240 UTC - from mc-24->source-9 "478" 19:05:37.036783272
[2023-07-17T19:05:39Z INFO  dt_instance] received at 2023-07-17 19:05:39.545484310 UTC - from mc-24->source-9 "483" 19:05:39.544181175
[2023-07-17T19:05:42Z INFO  dt_instance] received at 2023-07-17 19:05:42.053225721 UTC - from mc-24->source-9 "488" 19:05:42.050802702
[2023-07-17T19:05:44Z INFO  dt_instance] received at 2023-07-17 19:05:44.564201409 UTC - from mc-24->source-1 "513" 19:05:44.557096657
[2023-07-17T19:05:47Z INFO  dt_instance] received at 2023-07-17 19:05:47.064588033 UTC - from mc-24->source-9 "498" 19:05:47.063209829
[2023-07-17T19:05:49Z INFO  dt_instance] received at 2023-07-17 19:05:49.572420237 UTC - from mc-24->source-9 "503" 19:05:49.569192707
[2023-07-17T19:05:52Z INFO  dt_instance] received at 2023-07-17 19:05:52.081177155 UTC - from mc-24->source-1 "528" 19:05:52.077547972
[2023-07-17T19:05:54Z INFO  dt_instance] received at 2023-07-17 19:05:54.585722582 UTC - from mc-24->source-1 "533" 19:05:54.582249322
[2023-07-17T19:05:57Z INFO  dt_instance] received at 2023-07-17 19:05:57.093358960 UTC - from mc-24->source-1 "538" 19:05:57.089211535
[2023-07-17T19:05:59Z INFO  dt_instance] received at 2023-07-17 19:05:59.599812898 UTC - from mc-24->source-9 "523" 19:05:59.593681808
[2023-07-17T19:06:02Z INFO  dt_instance] received at 2023-07-17 19:06:02.103068726 UTC - from mc-24->source-1 "548" 19:06:02.100822742
[2023-07-17T19:06:04Z INFO  dt_instance] received at 2023-07-17 19:06:04.612191696 UTC - from mc-24->source-1 "553" 19:06:04.605425648
[2023-07-17T19:06:07Z INFO  dt_instance] received at 2023-07-17 19:06:07.114221368 UTC - from mc-24->source-9 "538" 19:06:07.111957121
[2023-07-17T19:06:09Z INFO  dt_instance] received at 2023-07-17 19:06:09.627548829 UTC - from mc-24->source-9 "543" 19:06:09.621268063
[2023-07-17T19:06:12Z INFO  dt_instance] received at 2023-07-17 19:06:12.128685682 UTC - from mc-24->source-9 "548" 19:06:12.126574779
[2023-07-17T19:06:14Z INFO  dt_instance] received at 2023-07-17 19:06:14.634459688 UTC - from mc-24->source-9 "553" 19:06:14.632959469
[2023-07-17T19:06:17Z INFO  dt_instance] received at 2023-07-17 19:06:17.143180604 UTC - from mc-24->source-9 "558" 19:06:17.138491060
[2023-07-17T19:06:19Z INFO  dt_instance] received at 2023-07-17 19:06:19.645551048 UTC - from mc-24->source-9 "563" 19:06:19.643224540
[2023-07-17T19:06:22Z INFO  dt_instance] received at 2023-07-17 19:06:22.155705162 UTC - from mc-24->source-9 "568" 19:06:22.149519544
[2023-07-17T19:06:24Z INFO  dt_instance] received at 2023-07-17 19:06:24.656576439 UTC - from mc-24->source-9 "573" 19:06:24.654284778
[2023-07-17T19:06:27Z INFO  dt_instance] received at 2023-07-17 19:06:27.163218980 UTC - from mc-24->source-9 "578" 19:06:27.160136781
[2023-07-17T19:06:29Z INFO  dt_instance] received at 2023-07-17 19:06:29.667971688 UTC - from mc-24->source-9 "583" 19:06:29.666790014
[2023-07-17T19:06:32Z INFO  dt_instance] received at 2023-07-17 19:06:32.182086783 UTC - from mc-24->source-9 "588" 19:06:32.175418685
[2023-07-17T19:06:34Z INFO  dt_instance] received at 2023-07-17 19:06:34.681895554 UTC - from mc-24->source-9 "593" 19:06:34.680762180
[2023-07-17T19:06:37Z INFO  dt_instance] received at 2023-07-17 19:06:37.190464895 UTC - from mc-24->source-9 "598" 19:06:37.186488813
[2023-07-17T19:06:39Z INFO  dt_instance] received at 2023-07-17 19:06:39.694921405 UTC - from mc-24->source-9 "603" 19:06:39.692934682
[2023-07-17T19:06:42Z INFO  dt_instance] received at 2023-07-17 19:06:42.201261250 UTC - from mc-24->source-9 "608" 19:06:42.197122222
[2023-07-17T19:06:44Z INFO  dt_instance] received at 2023-07-17 19:06:44.704702699 UTC - from mc-24->source-9 "613" 19:06:44.702788946
[2023-07-17T19:06:47Z INFO  dt_instance] received at 2023-07-17 19:06:47.209205480 UTC - from mc-24->source-9 "618" 19:06:47.207536893
[2023-07-17T19:06:49Z INFO  dt_instance] received at 2023-07-17 19:06:49.719248362 UTC - from mc-24->source-9 "623" 19:06:49.714162255
[2023-07-17T19:06:52Z INFO  dt_instance] received at 2023-07-17 19:06:52.223301622 UTC - from mc-24->source-9 "628" 19:06:52.220035377
[2023-07-17T19:06:54Z INFO  dt_instance] received at 2023-07-17 19:06:54.728305049 UTC - from mc-24->source-9 "633" 19:06:54.727005093
[2023-07-17T19:06:57Z INFO  dt_instance] received at 2023-07-17 19:06:57.235040747 UTC - from mc-24->source-9 "638" 19:06:57.233344508
[2023-07-17T19:06:59Z INFO  dt_instance] received at 2023-07-17 19:06:59.751658557 UTC - from mc-24->source-9 "643" 19:06:59.738124747
[2023-07-17T19:07:02Z INFO  dt_instance] received at 2023-07-17 19:07:02.247084413 UTC - from mc-24->source-9 "648" 19:07:02.245292635
[2023-07-17T19:07:04Z INFO  dt_instance] received at 2023-07-17 19:07:04.753009486 UTC - from mc-24->source-9 "653" 19:07:04.751784832
[2023-07-17T19:07:07Z INFO  dt_instance] received at 2023-07-17 19:07:07.259608659 UTC - from mc-24->source-9 "658" 19:07:07.256718669
[2023-07-17T19:07:09Z INFO  dt_instance] received at 2023-07-17 19:07:09.762933375 UTC - from mc-24->source-9 "663" 19:07:09.761629946
[2023-07-17T19:07:12Z INFO  dt_instance] received at 2023-07-17 19:07:12.269366171 UTC - from mc-24->source-9 "668" 19:07:12.267802949
[2023-07-17T19:07:14Z INFO  dt_instance] received at 2023-07-17 19:07:14.775189240 UTC - from mc-24->source-9 "673" 19:07:14.773605868
[2023-07-17T19:07:17Z INFO  dt_instance] received at 2023-07-17 19:07:17.289007094 UTC - from mc-24->source-9 "678" 19:07:17.278952017
[2023-07-17T19:07:19Z INFO  dt_instance] received at 2023-07-17 19:07:19.785397836 UTC - from mc-24->source-9 "683" 19:07:19.783986633
[2023-07-17T19:07:22Z INFO  dt_instance] received at 2023-07-17 19:07:22.289854219 UTC - from mc-24->source-9 "688" 19:07:22.288654907
[2023-07-17T19:07:24Z INFO  dt_instance] received at 2023-07-17 19:07:24.798206078 UTC - from mc-24->source-9 "693" 19:07:24.794102678
[2023-07-17T19:07:27Z INFO  dt_instance] received at 2023-07-17 19:07:27.303129722 UTC - from mc-24->source-9 "698" 19:07:27.301684560
[2023-07-17T19:07:29Z INFO  dt_instance] received at 2023-07-17 19:07:29.808219782 UTC - from mc-24->source-9 "703" 19:07:29.807227879
[2023-07-17T19:07:32Z INFO  dt_instance] received at 2023-07-17 19:07:32.314167398 UTC - from mc-24->source-9 "708" 19:07:32.312757867
[2023-07-17T19:07:34Z INFO  dt_instance] received at 2023-07-17 19:07:34.820001427 UTC - from mc-24->source-9 "713" 19:07:34.818491782
[2023-07-17T19:07:37Z INFO  dt_instance] received at 2023-07-17 19:07:37.324989335 UTC - from mc-24->source-9 "718" 19:07:37.323248986
[2023-07-17T19:07:39Z INFO  dt_instance] received at 2023-07-17 19:07:39.835638810 UTC - from mc-24->source-7 "728" 19:07:39.829659328
[2023-07-17T19:07:42Z INFO  dt_instance] received at 2023-07-17 19:07:42.338322397 UTC - from mc-24->source-3 "743" 19:07:42.337272468
[2023-07-17T19:07:44Z INFO  dt_instance] received at 2023-07-17 19:07:44.845409616 UTC - from mc-24->source-3 "748" 19:07:44.844453014
[2023-07-17T19:07:47Z INFO  dt_instance] received at 2023-07-17 19:07:47.350285562 UTC - from mc-24->source-3 "753" 19:07:47.349405663
[2023-07-17T19:07:49Z INFO  dt_instance] received at 2023-07-17 19:07:49.857974937 UTC - from mc-24->source-7 "748" 19:07:49.853479650
[2023-07-17T19:07:52Z INFO  dt_instance] received at 2023-07-17 19:07:52.367294161 UTC - from mc-24->source-3 "763" 19:07:52.361379413
[2023-07-17T19:07:54Z INFO  dt_instance] received at 2023-07-17 19:07:54.869010219 UTC - from mc-24->source-3 "768" 19:07:54.867736548
[2023-07-17T19:07:57Z INFO  dt_instance] received at 2023-07-17 19:07:57.373482171 UTC - from mc-24->source-7 "763" 19:07:57.372478489
[2023-07-17T19:07:59Z INFO  dt_instance] received at 2023-07-17 19:07:59.880003658 UTC - from mc-24->source-3 "778" 19:07:59.879242749
[2023-07-17T19:08:02Z INFO  dt_instance] received at 2023-07-17 19:08:02.387041896 UTC - from mc-24->source-3 "783" 19:08:02.385157500
[2023-07-17T19:08:04Z INFO  dt_instance] received at 2023-07-17 19:08:04.891396639 UTC - from mc-24->source-3 "788" 19:08:04.890219580
[2023-07-17T19:08:07Z INFO  dt_instance] received at 2023-07-17 19:08:07.397472405 UTC - from mc-24->source-3 "793" 19:08:07.396566655
[2023-07-17T19:08:09Z INFO  dt_instance] received at 2023-07-17 19:08:09.904136024 UTC - from mc-24->source-3 "798" 19:08:09.903172650
[2023-07-17T19:08:12Z INFO  dt_instance] received at 2023-07-17 19:08:12.410616886 UTC - from mc-24->source-3 "803" 19:08:12.409767486
[2023-07-17T19:08:14Z INFO  dt_instance] received at 2023-07-17 19:08:14.916975786 UTC - from mc-24->source-3 "808" 19:08:14.916100950
[2023-07-17T19:08:17Z INFO  dt_instance] received at 2023-07-17 19:08:17.424054066 UTC - from mc-24->source-3 "813" 19:08:17.422809194
[2023-07-17T19:08:19Z INFO  dt_instance] received at 2023-07-17 19:08:19.931332606 UTC - from mc-24->source-3 "818" 19:08:19.930272910
[2023-07-17T19:08:22Z INFO  dt_instance] received at 2023-07-17 19:08:22.448529854 UTC - from mc-24->source-3 "823" 19:08:22.447230843
[2023-07-17T19:08:24Z INFO  dt_instance] received at 2023-07-17 19:08:24.954727754 UTC - from mc-24->source-3 "828" 19:08:24.953786869
[2023-07-17T19:08:27Z INFO  dt_instance] received at 2023-07-17 19:08:27.461456049 UTC - from mc-24->source-3 "833" 19:08:27.460236183
[2023-07-17T19:08:29Z INFO  dt_instance] received at 2023-07-17 19:08:29.968080348 UTC - from mc-24->source-3 "838" 19:08:29.967191524
[2023-07-17T19:08:32Z INFO  dt_instance] received at 2023-07-17 19:08:32.473710786 UTC - from mc-24->source-3 "843" 19:08:32.472684680
[2023-07-17T19:08:34Z INFO  dt_instance] received at 2023-07-17 19:08:34.978852807 UTC - from mc-24->source-3 "848" 19:08:34.977796189
[2023-07-17T19:08:37Z INFO  dt_instance] received at 2023-07-17 19:08:37.483534080 UTC - from mc-24->source-3 "853" 19:08:37.482435522
[2023-07-17T19:08:39Z INFO  dt_instance] received at 2023-07-17 19:08:39.989119367 UTC - from mc-24->source-3 "858" 19:08:39.988345442
[2023-07-17T19:08:42Z INFO  dt_instance] received at 2023-07-17 19:08:42.495667617 UTC - from mc-24->source-3 "863" 19:08:42.494224150
[2023-07-17T19:08:45Z INFO  dt_instance] received at 2023-07-17 19:08:45.008332116 UTC - from mc-24->source-3 "868" 19:08:45.007199570
[2023-07-17T19:08:47Z INFO  dt_instance] received at 2023-07-17 19:08:47.514476112 UTC - from mc-24->source-3 "873" 19:08:47.513364541
[2023-07-17T19:08:50Z INFO  dt_instance] received at 2023-07-17 19:08:50.019328887 UTC - from mc-24->source-3 "878" 19:08:50.018267104
[2023-07-17T19:08:52Z INFO  dt_instance] received at 2023-07-17 19:08:52.524977622 UTC - from mc-24->source-3 "883" 19:08:52.524165962
[2023-07-17T19:08:55Z INFO  dt_instance] received at 2023-07-17 19:08:55.030381563 UTC - from mc-24->source-3 "888" 19:08:55.029409350
[2023-07-17T19:08:57Z INFO  dt_instance] received at 2023-07-17 19:08:57.535242893 UTC - from mc-24->source-3 "893" 19:08:57.534234610
[2023-07-17T19:09:00Z INFO  dt_instance] received at 2023-07-17 19:09:00.040289011 UTC - from mc-24->source-3 "898" 19:09:00.039490287
[2023-07-17T19:09:02Z INFO  dt_instance] received at 2023-07-17 19:09:02.545451977 UTC - from mc-24->source-3 "903" 19:09:02.544395131
[2023-07-17T19:09:05Z INFO  dt_instance] received at 2023-07-17 19:09:05.051126627 UTC - from mc-24->source-3 "908" 19:09:05.050324607
[2023-07-17T19:09:07Z INFO  dt_instance] received at 2023-07-17 19:09:07.558351402 UTC - from mc-24->source-3 "913" 19:09:07.557055287
[2023-07-17T19:09:10Z INFO  dt_instance] received at 2023-07-17 19:09:10.065129629 UTC - from mc-24->source-3 "918" 19:09:10.064042881
[2023-07-17T19:09:12Z INFO  dt_instance] received at 2023-07-17 19:09:12.574647580 UTC - from mc-24->source-3 "923" 19:09:12.571816401
[2023-07-17T19:09:15Z INFO  dt_instance] received at 2023-07-17 19:09:15.078151732 UTC - from mc-24->source-3 "928" 19:09:15.077217987
[2023-07-17T19:09:17Z INFO  dt_instance] received at 2023-07-17 19:09:17.584917154 UTC - from mc-24->source-3 "933" 19:09:17.583501723
[2023-07-17T19:09:20Z INFO  dt_instance] received at 2023-07-17 19:09:20.090542629 UTC - from mc-24->source-3 "938" 19:09:20.089650022
[2023-07-17T19:09:22Z INFO  dt_instance] received at 2023-07-17 19:09:22.596618730 UTC - from mc-24->source-3 "943" 19:09:22.594183119
[2023-07-17T19:09:25Z INFO  dt_instance] received at 2023-07-17 19:09:25.101032721 UTC - from mc-24->source-3 "948" 19:09:25.100172967
[2023-07-17T19:09:27Z INFO  dt_instance] received at 2023-07-17 19:09:27.606871180 UTC - from mc-24->source-3 "953" 19:09:27.605388687
[2023-07-17T19:09:30Z INFO  dt_instance] received at 2023-07-17 19:09:30.112942552 UTC - from mc-24->source-3 "958" 19:09:30.112142982
[2023-07-17T19:09:32Z INFO  dt_instance] received at 2023-07-17 19:09:32.623848841 UTC - from mc-24->source-3 "963" 19:09:32.619029140
[2023-07-17T19:09:35Z INFO  dt_instance] received at 2023-07-17 19:09:35.124805853 UTC - from mc-24->source-3 "968" 19:09:35.123338164
[2023-07-17T19:09:37Z INFO  dt_instance] received at 2023-07-17 19:09:37.630622886 UTC - from mc-24->source-3 "973" 19:09:37.629518993
[2023-07-17T19:09:40Z INFO  dt_instance] received at 2023-07-17 19:09:40.135448048 UTC - from mc-24->source-3 "978" 19:09:40.134525136
[2023-07-17T19:09:42Z INFO  dt_instance] received at 2023-07-17 19:09:42.642990458 UTC - from mc-24->source-3 "983" 19:09:42.641040837
[2023-07-17T19:09:45Z INFO  dt_instance] received at 2023-07-17 19:09:45.148849914 UTC - from mc-24->source-3 "988" 19:09:45.147931579
[2023-07-17T19:09:47Z INFO  dt_instance] received at 2023-07-17 19:09:47.843595871 UTC - from mc-24->source-4 "991" 19:09:47.842466795
[2023-07-17T19:09:51Z INFO  dt_instance] received at 2023-07-17 19:09:51.138054300 UTC - from mc-24->source-5 "995" 19:09:51.137061045
[2023-07-17T19:09:58Z INFO  dt_instance] received at 2023-07-17 19:09:58.158284291 UTC - from mc-24->source-9 "999" 19:09:58.157060725
