[2023-07-17T18:39:25Z INFO  dt_instance] Current Twin: mc-twin-8
[2023-07-17T18:39:25Z INFO  dt_instance] Replica Name twin-mc-stateful-8
[2023-07-17T18:39:25Z INFO  dt_instance] Sleeping for 400
[2023-07-17T18:46:05Z INFO  dt_instance] Connecting to broker at emqx.dtwins:1883
[2023-07-17T18:46:05Z INFO  dt_instance] Loggin info each 50 messages
[2023-07-17T18:46:05Z INFO  dt_instance] Set max packet size to 60000 KB.
[2023-07-17T18:46:05Z INFO  dt_instance] Refreshing topics for twin - Listen to mc-8/#
[2023-07-17T18:46:05Z INFO  dt_instance] SubAck { pkid: 1, return_codes: [Success(ExactlyOnce)] }
[2023-07-17T18:47:05Z INFO  dt_instance] received at 2023-07-17 18:47:05.648271552 UTC - from mc-8->source-2 "9" 18:47:05.646558516
[2023-07-17T18:47:08Z INFO  dt_instance] received at 2023-07-17 18:47:08.904961535 UTC - from mc-8->source-3 "13" 18:47:08.903182166
[2023-07-17T18:47:11Z INFO  dt_instance] received at 2023-07-17 18:47:11.415506588 UTC - from mc-8->source-1 "23" 18:47:11.413997253
[2023-07-17T18:47:13Z INFO  dt_instance] received at 2023-07-17 18:47:13.921416133 UTC - from mc-8->source-1 "28" 18:47:13.920283112
[2023-07-17T18:47:16Z INFO  dt_instance] received at 2023-07-17 18:47:16.426849971 UTC - from mc-8->source-1 "33" 18:47:16.425265830
[2023-07-17T18:47:18Z INFO  dt_instance] received at 2023-07-17 18:47:18.932392540 UTC - from mc-8->source-1 "38" 18:47:18.931244230
[2023-07-17T18:47:21Z INFO  dt_instance] received at 2023-07-17 18:47:21.444861778 UTC - from mc-8->source-3 "38" 18:47:21.432995861
[2023-07-17T18:47:23Z INFO  dt_instance] received at 2023-07-17 18:47:23.947309189 UTC - from mc-8->source-1 "48" 18:47:23.946269938
[2023-07-17T18:47:26Z INFO  dt_instance] received at 2023-07-17 18:47:26.454634198 UTC - from mc-8->source-3 "48" 18:47:26.453292559
[2023-07-17T18:47:28Z INFO  dt_instance] received at 2023-07-17 18:47:28.967393686 UTC - from mc-8->source-3 "53" 18:47:28.962111257
[2023-07-17T18:47:31Z INFO  dt_instance] received at 2023-07-17 18:47:31.470521294 UTC - from mc-8->source-3 "58" 18:47:31.467955791
[2023-07-17T18:47:33Z INFO  dt_instance] received at 2023-07-17 18:47:33.975688884 UTC - from mc-8->source-3 "63" 18:47:33.973361129
[2023-07-17T18:47:36Z INFO  dt_instance] received at 2023-07-17 18:47:36.483304420 UTC - from mc-8->source-3 "68" 18:47:36.481589181
[2023-07-17T18:47:38Z INFO  dt_instance] received at 2023-07-17 18:47:38.989717734 UTC - from mc-8->source-1 "78" 18:47:38.988133591
[2023-07-17T18:47:41Z INFO  dt_instance] received at 2023-07-17 18:47:41.505232683 UTC - from mc-8->source-5 "73" 18:47:41.504380727
[2023-07-17T18:47:44Z INFO  dt_instance] received at 2023-07-17 18:47:44.011133119 UTC - from mc-8->source-5 "78" 18:47:44.009708088
[2023-07-17T18:47:46Z INFO  dt_instance] received at 2023-07-17 18:47:46.518016114 UTC - from mc-8->source-5 "83" 18:47:46.516568179
[2023-07-17T18:47:49Z INFO  dt_instance] received at 2023-07-17 18:47:49.022274121 UTC - from mc-8->source-5 "88" 18:47:49.021643463
[2023-07-17T18:47:51Z INFO  dt_instance] received at 2023-07-17 18:47:51.528278988 UTC - from mc-8->source-5 "93" 18:47:51.526311013
[2023-07-17T18:47:54Z INFO  dt_instance] received at 2023-07-17 18:47:54.039197992 UTC - from mc-8->source-5 "98" 18:47:54.037221093
[2023-07-17T18:47:56Z INFO  dt_instance] received at 2023-07-17 18:47:56.546416423 UTC - from mc-8->source-5 "103" 18:47:56.545263636
[2023-07-17T18:47:59Z INFO  dt_instance] received at 2023-07-17 18:47:59.051918194 UTC - from mc-8->source-5 "108" 18:47:59.051154985
[2023-07-17T18:48:01Z INFO  dt_instance] received at 2023-07-17 18:48:01.557127939 UTC - from mc-8->source-5 "113" 18:48:01.556243394
[2023-07-17T18:48:04Z INFO  dt_instance] received at 2023-07-17 18:48:04.063101794 UTC - from mc-8->source-5 "118" 18:48:04.062044557
[2023-07-17T18:48:06Z INFO  dt_instance] received at 2023-07-17 18:48:06.568509364 UTC - from mc-8->source-5 "123" 18:48:06.567293912
[2023-07-17T18:48:09Z INFO  dt_instance] received at 2023-07-17 18:48:09.074563255 UTC - from mc-8->source-5 "128" 18:48:09.073189001
[2023-07-17T18:48:11Z INFO  dt_instance] received at 2023-07-17 18:48:11.581170990 UTC - from mc-8->source-5 "133" 18:48:11.579977718
[2023-07-17T18:48:14Z INFO  dt_instance] received at 2023-07-17 18:48:14.105289436 UTC - from mc-8->source-5 "138" 18:48:14.103813411
[2023-07-17T18:48:16Z INFO  dt_instance] received at 2023-07-17 18:48:16.610071028 UTC - from mc-8->source-5 "143" 18:48:16.608987162
[2023-07-17T18:48:19Z INFO  dt_instance] received at 2023-07-17 18:48:19.116786448 UTC - from mc-8->source-5 "148" 18:48:19.115786889
[2023-07-17T18:48:21Z INFO  dt_instance] received at 2023-07-17 18:48:21.635513442 UTC - from mc-8->source-3 "158" 18:48:21.602413113
[2023-07-17T18:48:24Z INFO  dt_instance] received at 2023-07-17 18:48:24.129656931 UTC - from mc-8->source-5 "158" 18:48:24.127839254
[2023-07-17T18:48:26Z INFO  dt_instance] received at 2023-07-17 18:48:26.634917827 UTC - from mc-8->source-5 "163" 18:48:26.633321993
[2023-07-17T18:48:29Z INFO  dt_instance] received at 2023-07-17 18:48:29.153196494 UTC - from mc-8->source-1 "178" 18:48:29.151615106
[2023-07-17T18:48:31Z INFO  dt_instance] received at 2023-07-17 18:48:31.659872972 UTC - from mc-8->source-1 "183" 18:48:31.658046533
[2023-07-17T18:48:34Z INFO  dt_instance] received at 2023-07-17 18:48:34.166272293 UTC - from mc-8->source-1 "188" 18:48:34.165180774
[2023-07-17T18:48:36Z INFO  dt_instance] received at 2023-07-17 18:48:36.682991938 UTC - from mc-8->source-1 "193" 18:48:36.671441911
[2023-07-17T18:48:39Z INFO  dt_instance] received at 2023-07-17 18:48:39.177656188 UTC - from mc-8->source-1 "198" 18:48:39.176621857
[2023-07-17T18:48:41Z INFO  dt_instance] received at 2023-07-17 18:48:41.684631745 UTC - from mc-8->source-1 "203" 18:48:41.683291122
[2023-07-17T18:48:44Z INFO  dt_instance] received at 2023-07-17 18:48:44.190607663 UTC - from mc-8->source-1 "208" 18:48:44.188738548
[2023-07-17T18:48:46Z INFO  dt_instance] received at 2023-07-17 18:48:46.695616034 UTC - from mc-8->source-1 "213" 18:48:46.694781614
[2023-07-17T18:48:49Z INFO  dt_instance] received at 2023-07-17 18:48:49.201079971 UTC - from mc-8->source-1 "218" 18:48:49.199859019
[2023-07-17T18:48:51Z INFO  dt_instance] received at 2023-07-17 18:48:51.707590309 UTC - from mc-8->source-3 "218" 18:48:51.702358162
[2023-07-17T18:48:54Z INFO  dt_instance] received at 2023-07-17 18:48:54.211751393 UTC - from mc-8->source-5 "218" 18:48:54.210445697
[2023-07-17T18:48:56Z INFO  dt_instance] received at 2023-07-17 18:48:56.719081519 UTC - from mc-8->source-5 "223" 18:48:56.717476950
[2023-07-17T18:48:59Z INFO  dt_instance] received at 2023-07-17 18:48:59.229315355 UTC - from mc-8->source-5 "228" 18:48:59.224834079
[2023-07-17T18:49:01Z INFO  dt_instance] received at 2023-07-17 18:49:01.732328784 UTC - from mc-8->source-5 "233" 18:49:01.730075212
[2023-07-17T18:49:04Z INFO  dt_instance] received at 2023-07-17 18:49:04.237703416 UTC - from mc-8->source-3 "243" 18:49:04.234150685
[2023-07-17T18:49:06Z INFO  dt_instance] received at 2023-07-17 18:49:06.753963690 UTC - from mc-8->source-1 "253" 18:49:06.750846847
[2023-07-17T18:49:09Z INFO  dt_instance] received at 2023-07-17 18:49:09.257481530 UTC - from mc-8->source-1 "258" 18:49:09.256515101
[2023-07-17T18:49:11Z INFO  dt_instance] received at 2023-07-17 18:49:11.767857916 UTC - from mc-8->source-1 "263" 18:49:11.765780279
[2023-07-17T18:49:14Z INFO  dt_instance] received at 2023-07-17 18:49:14.273547262 UTC - from mc-8->source-1 "268" 18:49:14.272592414
[2023-07-17T18:49:16Z INFO  dt_instance] received at 2023-07-17 18:49:16.780568885 UTC - from mc-8->source-1 "273" 18:49:16.777171176
[2023-07-17T18:49:19Z INFO  dt_instance] received at 2023-07-17 18:49:19.292172759 UTC - from mc-8->source-1 "278" 18:49:19.283080834
[2023-07-17T18:49:21Z INFO  dt_instance] received at 2023-07-17 18:49:21.793783874 UTC - from mc-8->source-3 "278" 18:49:21.785264884
[2023-07-17T18:49:24Z INFO  dt_instance] received at 2023-07-17 18:49:24.298316011 UTC - from mc-8->source-1 "288" 18:49:24.296614122
[2023-07-17T18:49:26Z INFO  dt_instance] received at 2023-07-17 18:49:26.804290764 UTC - from mc-8->source-1 "293" 18:49:26.803283264
[2023-07-17T18:49:29Z INFO  dt_instance] received at 2023-07-17 18:49:29.314263637 UTC - from mc-8->source-1 "298" 18:49:29.311601459
[2023-07-17T18:49:31Z INFO  dt_instance] received at 2023-07-17 18:49:31.825685319 UTC - from mc-8->source-1 "303" 18:49:31.824510246
[2023-07-17T18:49:34Z INFO  dt_instance] received at 2023-07-17 18:49:34.330569997 UTC - from mc-8->source-1 "308" 18:49:34.329221342
[2023-07-17T18:49:36Z INFO  dt_instance] received at 2023-07-17 18:49:36.837476565 UTC - from mc-8->source-1 "313" 18:49:36.834842111
[2023-07-17T18:49:39Z INFO  dt_instance] received at 2023-07-17 18:49:39.345045921 UTC - from mc-8->source-1 "318" 18:49:39.343985722
[2023-07-17T18:49:41Z INFO  dt_instance] received at 2023-07-17 18:49:41.852320076 UTC - from mc-8->source-1 "323" 18:49:41.849157545
[2023-07-17T18:49:44Z INFO  dt_instance] received at 2023-07-17 18:49:44.355335936 UTC - from mc-8->source-1 "328" 18:49:44.354323249
[2023-07-17T18:49:46Z INFO  dt_instance] received at 2023-07-17 18:49:46.861237422 UTC - from mc-8->source-1 "333" 18:49:46.860160427
[2023-07-17T18:49:49Z INFO  dt_instance] received at 2023-07-17 18:49:49.366358155 UTC - from mc-8->source-1 "338" 18:49:49.365278177
[2023-07-17T18:49:51Z INFO  dt_instance] received at 2023-07-17 18:49:51.882745035 UTC - from mc-8->source-3 "338" 18:49:51.863302760
[2023-07-17T18:49:54Z INFO  dt_instance] received at 2023-07-17 18:49:54.377493465 UTC - from mc-8->source-1 "348" 18:49:54.376085693
[2023-07-17T18:49:56Z INFO  dt_instance] received at 2023-07-17 18:49:56.883425957 UTC - from mc-8->source-1 "353" 18:49:56.881539861
[2023-07-17T18:49:59Z INFO  dt_instance] received at 2023-07-17 18:49:59.388311256 UTC - from mc-8->source-1 "358" 18:49:59.386840779
[2023-07-17T18:50:01Z INFO  dt_instance] received at 2023-07-17 18:50:01.907765375 UTC - from mc-8->source-3 "358" 18:50:01.885155217
[2023-07-17T18:50:04Z INFO  dt_instance] received at 2023-07-17 18:50:04.400276872 UTC - from mc-8->source-1 "368" 18:50:04.398156223
[2023-07-17T18:50:06Z INFO  dt_instance] received at 2023-07-17 18:50:06.904678592 UTC - from mc-8->source-1 "373" 18:50:06.903260790
[2023-07-17T18:50:09Z INFO  dt_instance] received at 2023-07-17 18:50:09.409084936 UTC - from mc-8->source-1 "378" 18:50:09.408152634
[2023-07-17T18:50:11Z INFO  dt_instance] received at 2023-07-17 18:50:11.915851605 UTC - from mc-8->source-1 "383" 18:50:11.914328314
[2023-07-17T18:50:14Z INFO  dt_instance] received at 2023-07-17 18:50:14.438918554 UTC - from mc-8->source-3 "383" 18:50:14.413658851
[2023-07-17T18:50:16Z INFO  dt_instance] received at 2023-07-17 18:50:16.928166922 UTC - from mc-8->source-1 "393" 18:50:16.927174347
[2023-07-17T18:50:19Z INFO  dt_instance] received at 2023-07-17 18:50:19.433335591 UTC - from mc-8->source-1 "398" 18:50:19.432435432
[2023-07-17T18:50:21Z INFO  dt_instance] received at 2023-07-17 18:50:21.938147108 UTC - from mc-8->source-1 "403" 18:50:21.937148878
[2023-07-17T18:50:24Z INFO  dt_instance] received at 2023-07-17 18:50:24.464087902 UTC - from mc-8->source-3 "403" 18:50:24.440228568
[2023-07-17T18:50:26Z INFO  dt_instance] received at 2023-07-17 18:50:26.967877558 UTC - from mc-8->source-3 "408" 18:50:26.954091138
[2023-07-17T18:50:29Z INFO  dt_instance] received at 2023-07-17 18:50:29.473579846 UTC - from mc-8->source-3 "413" 18:50:29.460438334
[2023-07-17T18:50:31Z INFO  dt_instance] received at 2023-07-17 18:50:31.968446300 UTC - from mc-8->source-3 "418" 18:50:31.965928154
[2023-07-17T18:50:34Z INFO  dt_instance] received at 2023-07-17 18:50:34.484475620 UTC - from mc-8->source-3 "423" 18:50:34.471351853
[2023-07-17T18:50:36Z INFO  dt_instance] received at 2023-07-17 18:50:36.989727168 UTC - from mc-8->source-3 "428" 18:50:36.977141152
[2023-07-17T18:50:39Z INFO  dt_instance] received at 2023-07-17 18:50:39.484635896 UTC - from mc-8->source-3 "433" 18:50:39.483294121
[2023-07-17T18:50:42Z INFO  dt_instance] received at 2023-07-17 18:50:42.010698011 UTC - from mc-8->source-3 "438" 18:50:41.988824329
[2023-07-17T18:50:44Z INFO  dt_instance] received at 2023-07-17 18:50:44.516194014 UTC - from mc-8->source-3 "443" 18:50:44.495379904
[2023-07-17T18:50:47Z INFO  dt_instance] received at 2023-07-17 18:50:47.014862726 UTC - from mc-8->source-3 "448" 18:50:47.003938178
[2023-07-17T18:50:49Z INFO  dt_instance] received at 2023-07-17 18:50:49.514959941 UTC - from mc-8->source-3 "453" 18:50:49.509385991
[2023-07-17T18:50:52Z INFO  dt_instance] received at 2023-07-17 18:50:52.046762343 UTC - from mc-8->source-3 "458" 18:50:52.017529297
[2023-07-17T18:50:54Z INFO  dt_instance] received at 2023-07-17 18:50:54.533734037 UTC - from mc-8->source-3 "463" 18:50:54.522441140
[2023-07-17T18:50:57Z INFO  dt_instance] received at 2023-07-17 18:50:57.054824945 UTC - from mc-8->source-3 "468" 18:50:57.027573200
[2023-07-17T18:50:59Z INFO  dt_instance] received at 2023-07-17 18:50:59.539371299 UTC - from mc-8->source-1 "478" 18:50:59.535239644
[2023-07-17T18:51:02Z INFO  dt_instance] received at 2023-07-17 18:51:02.050329609 UTC - from mc-8->source-3 "478" 18:51:02.039460568
[2023-07-17T18:51:04Z INFO  dt_instance] received at 2023-07-17 18:51:04.550731191 UTC - from mc-8->source-3 "483" 18:51:04.545000232
[2023-07-17T18:51:07Z INFO  dt_instance] received at 2023-07-17 18:51:07.058435583 UTC - from mc-8->source-3 "488" 18:51:07.051546457
[2023-07-17T18:51:09Z INFO  dt_instance] received at 2023-07-17 18:51:09.561634262 UTC - from mc-8->source-3 "493" 18:51:09.557827872
[2023-07-17T18:51:12Z INFO  dt_instance] received at 2023-07-17 18:51:12.083681301 UTC - from mc-8->source-3 "498" 18:51:12.062369221
[2023-07-17T18:51:14Z INFO  dt_instance] received at 2023-07-17 18:51:14.606945444 UTC - from mc-8->source-3 "503" 18:51:14.568974215
[2023-07-17T18:51:17Z INFO  dt_instance] received at 2023-07-17 18:51:17.137541912 UTC - from mc-8->source-3 "508" 18:51:17.074148216
[2023-07-17T18:51:19Z INFO  dt_instance] received at 2023-07-17 18:51:19.590952713 UTC - from mc-8->source-3 "513" 18:51:19.580335661
[2023-07-17T18:51:22Z INFO  dt_instance] received at 2023-07-17 18:51:22.110804549 UTC - from mc-8->source-3 "518" 18:51:22.085478803
[2023-07-17T18:51:24Z INFO  dt_instance] received at 2023-07-17 18:51:24.600689326 UTC - from mc-8->source-3 "523" 18:51:24.590881468
[2023-07-17T18:51:27Z INFO  dt_instance] received at 2023-07-17 18:51:27.102330852 UTC - from mc-8->source-1 "533" 18:51:27.100971856
[2023-07-17T18:51:29Z INFO  dt_instance] received at 2023-07-17 18:51:29.620248691 UTC - from mc-8->source-1 "538" 18:51:29.607956738
[2023-07-17T18:51:32Z INFO  dt_instance] received at 2023-07-17 18:51:32.151839208 UTC - from mc-8->source-3 "538" 18:51:32.110290892
[2023-07-17T18:51:34Z INFO  dt_instance] received at 2023-07-17 18:51:34.642071828 UTC - from mc-8->source-3 "543" 18:51:34.615780619
[2023-07-17T18:51:37Z INFO  dt_instance] received at 2023-07-17 18:51:37.134338303 UTC - from mc-8->source-1 "553" 18:51:37.128095881
[2023-07-17T18:51:39Z INFO  dt_instance] received at 2023-07-17 18:51:39.636013226 UTC - from mc-8->source-1 "558" 18:51:39.633614703
[2023-07-17T18:51:42Z INFO  dt_instance] received at 2023-07-17 18:51:42.170254370 UTC - from mc-8->source-3 "558" 18:51:42.131622862
[2023-07-17T18:51:44Z INFO  dt_instance] received at 2023-07-17 18:51:44.663608142 UTC - from mc-8->source-3 "563" 18:51:44.639927666
[2023-07-17T18:51:47Z INFO  dt_instance] received at 2023-07-17 18:51:47.152437626 UTC - from mc-8->source-3 "568" 18:51:47.145162079
[2023-07-17T18:51:49Z INFO  dt_instance] received at 2023-07-17 18:51:49.663873721 UTC - from mc-8->source-3 "573" 18:51:49.650931770
[2023-07-17T18:51:52Z INFO  dt_instance] received at 2023-07-17 18:51:52.184970445 UTC - from mc-8->source-3 "578" 18:51:52.158040041
[2023-07-17T18:51:54Z INFO  dt_instance] received at 2023-07-17 18:51:54.699812953 UTC - from mc-8->source-3 "583" 18:51:54.664166406
[2023-07-17T18:51:57Z INFO  dt_instance] received at 2023-07-17 18:51:57.191642339 UTC - from mc-8->source-3 "588" 18:51:57.169559314
[2023-07-17T18:51:59Z INFO  dt_instance] received at 2023-07-17 18:51:59.777396360 UTC - from mc-8->source-3 "593" 18:51:59.673994368
[2023-07-17T18:52:02Z INFO  dt_instance] received at 2023-07-17 18:52:02.203419293 UTC - from mc-8->source-3 "598" 18:52:02.180161772
[2023-07-17T18:52:04Z INFO  dt_instance] received at 2023-07-17 18:52:04.717706668 UTC - from mc-8->source-3 "603" 18:52:04.686478771
[2023-07-17T18:52:07Z INFO  dt_instance] received at 2023-07-17 18:52:07.223024415 UTC - from mc-8->source-3 "608" 18:52:07.191696985
[2023-07-17T18:52:09Z INFO  dt_instance] received at 2023-07-17 18:52:09.884195315 UTC - from mc-8->source-8 "601" 18:52:09.874395038
[2023-07-17T18:52:12Z INFO  dt_instance] received at 2023-07-17 18:52:12.241474703 UTC - from mc-8->source-3 "618" 18:52:12.202965449
[2023-07-17T18:52:14Z INFO  dt_instance] received at 2023-07-17 18:52:14.734533962 UTC - from mc-8->source-3 "623" 18:52:14.715616793
[2023-07-17T18:52:17Z INFO  dt_instance] received at 2023-07-17 18:52:17.242449800 UTC - from mc-8->source-3 "628" 18:52:17.220567147
[2023-07-17T18:52:19Z INFO  dt_instance] received at 2023-07-17 18:52:19.749834944 UTC - from mc-8->source-3 "633" 18:52:19.725959723
[2023-07-17T18:52:22Z INFO  dt_instance] received at 2023-07-17 18:52:22.307765479 UTC - from mc-8->source-3 "638" 18:52:22.231284574
[2023-07-17T18:52:24Z INFO  dt_instance] received at 2023-07-17 18:52:24.762614141 UTC - from mc-8->source-3 "643" 18:52:24.739186298
[2023-07-17T18:52:27Z INFO  dt_instance] received at 2023-07-17 18:52:27.271657862 UTC - from mc-8->source-3 "648" 18:52:27.245214435
[2023-07-17T18:52:29Z INFO  dt_instance] received at 2023-07-17 18:52:29.780205834 UTC - from mc-8->source-3 "653" 18:52:29.751186706
[2023-07-17T18:52:32Z INFO  dt_instance] received at 2023-07-17 18:52:32.283333789 UTC - from mc-8->source-3 "658" 18:52:32.259216070
[2023-07-17T18:52:34Z INFO  dt_instance] received at 2023-07-17 18:52:34.829906556 UTC - from mc-8->source-3 "663" 18:52:34.764253325
[2023-07-17T18:52:37Z INFO  dt_instance] received at 2023-07-17 18:52:37.425629463 UTC - from mc-8->source-3 "668" 18:52:37.269987253
[2023-07-17T18:52:39Z INFO  dt_instance] received at 2023-07-17 18:52:39.804111211 UTC - from mc-8->source-3 "673" 18:52:39.776321299
[2023-07-17T18:52:42Z INFO  dt_instance] received at 2023-07-17 18:52:42.464689209 UTC - from mc-8->source-8 "666" 18:52:42.450239537
[2023-07-17T18:52:44Z INFO  dt_instance] received at 2023-07-17 18:52:44.815491044 UTC - from mc-8->source-3 "683" 18:52:44.788246305
[2023-07-17T18:52:47Z INFO  dt_instance] received at 2023-07-17 18:52:47.424342867 UTC - from mc-8->source-3 "688" 18:52:47.294602796
[2023-07-17T18:52:49Z INFO  dt_instance] received at 2023-07-17 18:52:49.919980886 UTC - from mc-8->source-3 "693" 18:52:49.800965010
[2023-07-17T18:52:52Z INFO  dt_instance] received at 2023-07-17 18:52:52.333799253 UTC - from mc-8->source-0 "705" 18:52:52.083073507
[2023-07-17T18:52:54Z INFO  dt_instance] received at 2023-07-17 18:52:54.865166966 UTC - from mc-8->source-3 "703" 18:52:54.817898440
[2023-07-17T18:52:57Z INFO  dt_instance] received at 2023-07-17 18:52:57.351055180 UTC - from mc-8->source-3 "708" 18:52:57.324685797
[2023-07-17T18:52:59Z INFO  dt_instance] received at 2023-07-17 18:52:59.878884914 UTC - from mc-8->source-3 "713" 18:52:59.830313320
[2023-07-17T18:53:02Z INFO  dt_instance] received at 2023-07-17 18:53:02.521980847 UTC - from mc-8->source-8 "706" 18:53:02.504418555
[2023-07-17T18:53:04Z INFO  dt_instance] received at 2023-07-17 18:53:04.872864142 UTC - from mc-8->source-3 "723" 18:53:04.841588630
[2023-07-17T18:53:07Z INFO  dt_instance] received at 2023-07-17 18:53:07.403504878 UTC - from mc-8->source-3 "728" 18:53:07.347966462
[2023-07-17T18:53:09Z INFO  dt_instance] received at 2023-07-17 18:53:09.895304860 UTC - from mc-8->source-3 "733" 18:53:09.854140041
[2023-07-17T18:53:12Z INFO  dt_instance] received at 2023-07-17 18:53:12.397825052 UTC - from mc-8->source-3 "738" 18:53:12.359193070
[2023-07-17T18:53:15Z INFO  dt_instance] received at 2023-07-17 18:53:15.036435245 UTC - from mc-8->source-8 "731" 18:53:15.030212760
[2023-07-17T18:53:17Z INFO  dt_instance] received at 2023-07-17 18:53:17.515420237 UTC - from mc-8->source-3 "748" 18:53:17.369017519
[2023-07-17T18:53:19Z INFO  dt_instance] received at 2023-07-17 18:53:19.931055268 UTC - from mc-8->source-3 "753" 18:53:19.874381933
[2023-07-17T18:53:22Z INFO  dt_instance] received at 2023-07-17 18:53:22.443760431 UTC - from mc-8->source-3 "758" 18:53:22.379775232
[2023-07-17T18:53:24Z INFO  dt_instance] received at 2023-07-17 18:53:24.930569495 UTC - from mc-8->source-3 "763" 18:53:24.884394237
[2023-07-17T18:53:27Z INFO  dt_instance] received at 2023-07-17 18:53:27.436135049 UTC - from mc-8->source-3 "768" 18:53:27.389494033
[2023-07-17T18:53:30Z INFO  dt_instance] received at 2023-07-17 18:53:30.088280339 UTC - from mc-8->source-8 "761" 18:53:30.065200135
[2023-07-17T18:53:32Z INFO  dt_instance] received at 2023-07-17 18:53:32.494088798 UTC - from mc-8->source-3 "778" 18:53:32.402370436
[2023-07-17T18:53:35Z INFO  dt_instance] received at 2023-07-17 18:53:35.004343468 UTC - from mc-8->source-3 "783" 18:53:34.908267583
[2023-07-17T18:53:37Z INFO  dt_instance] received at 2023-07-17 18:53:37.536133232 UTC - from mc-8->source-3 "788" 18:53:37.426171264
[2023-07-17T18:53:40Z INFO  dt_instance] received at 2023-07-17 18:53:40.061651784 UTC - from mc-8->source-3 "793" 18:53:39.933425273
[2023-07-17T18:53:42Z INFO  dt_instance] received at 2023-07-17 18:53:42.516368202 UTC - from mc-8->source-3 "798" 18:53:42.438051866
[2023-07-17T18:53:45Z INFO  dt_instance] received at 2023-07-17 18:53:45.060695619 UTC - from mc-8->source-3 "803" 18:53:44.944258844
[2023-07-17T18:53:47Z INFO  dt_instance] received at 2023-07-17 18:53:47.542768630 UTC - from mc-8->source-3 "808" 18:53:47.450197364
[2023-07-17T18:53:50Z INFO  dt_instance] received at 2023-07-17 18:53:50.064601416 UTC - from mc-8->source-3 "813" 18:53:49.957084733
[2023-07-17T18:53:52Z INFO  dt_instance] received at 2023-07-17 18:53:52.516110509 UTC - from mc-8->source-3 "818" 18:53:52.465079542
[2023-07-17T18:53:55Z INFO  dt_instance] received at 2023-07-17 18:53:55.031032087 UTC - from mc-8->source-3 "823" 18:53:54.970938827
[2023-07-17T18:53:57Z INFO  dt_instance] received at 2023-07-17 18:53:57.646126689 UTC - from mc-8->source-3 "828" 18:53:57.477096416
[2023-07-17T18:54:00Z INFO  dt_instance] received at 2023-07-17 18:54:00.123548450 UTC - from mc-8->source-3 "833" 18:53:59.985491555
[2023-07-17T18:54:02Z INFO  dt_instance] received at 2023-07-17 18:54:02.577105908 UTC - from mc-8->source-3 "838" 18:54:02.491199609
[2023-07-17T18:54:05Z INFO  dt_instance] received at 2023-07-17 18:54:05.144732702 UTC - from mc-8->source-3 "843" 18:54:04.998215280
[2023-07-17T18:54:07Z INFO  dt_instance] received at 2023-07-17 18:54:07.675110307 UTC - from mc-8->source-8 "836" 18:54:07.654707849
[2023-07-17T18:54:10Z INFO  dt_instance] received at 2023-07-17 18:54:10.066533584 UTC - from mc-8->source-3 "853" 18:54:10.009503441
[2023-07-17T18:54:12Z INFO  dt_instance] received at 2023-07-17 18:54:12.552094099 UTC - from mc-8->source-3 "858" 18:54:12.514825421
[2023-07-17T18:54:15Z INFO  dt_instance] received at 2023-07-17 18:54:15.198528092 UTC - from mc-8->source-8 "851" 18:54:15.172574675
[2023-07-17T18:54:17Z INFO  dt_instance] received at 2023-07-17 18:54:17.639383617 UTC - from mc-8->source-3 "868" 18:54:17.526101458
[2023-07-17T18:54:20Z INFO  dt_instance] received at 2023-07-17 18:54:20.250118847 UTC - from mc-8->source-8 "861" 18:54:20.184042021
[2023-07-17T18:54:22Z INFO  dt_instance] received at 2023-07-17 18:54:22.699954113 UTC - from mc-8->source-3 "878" 18:54:22.541490227
[2023-07-17T18:54:25Z INFO  dt_instance] received at 2023-07-17 18:54:25.120939784 UTC - from mc-8->source-3 "883" 18:54:25.048717448
[2023-07-17T18:54:27Z INFO  dt_instance] received at 2023-07-17 18:54:27.643830283 UTC - from mc-8->source-3 "888" 18:54:27.555989903
[2023-07-17T18:54:30Z INFO  dt_instance] received at 2023-07-17 18:54:30.255701097 UTC - from mc-8->source-5 "888" 18:54:30.016300274
[2023-07-17T18:54:32Z INFO  dt_instance] received at 2023-07-17 18:54:32.802714005 UTC - from mc-8->source-3 "898" 18:54:32.575265588
[2023-07-17T18:54:35Z INFO  dt_instance] received at 2023-07-17 18:54:35.160719308 UTC - from mc-8->source-3 "903" 18:54:35.080249239
[2023-07-17T18:54:37Z INFO  dt_instance] received at 2023-07-17 18:54:37.759713678 UTC - from mc-8->source-0 "915" 18:54:37.348970638
[2023-07-17T18:54:40Z INFO  dt_instance] received at 2023-07-17 18:54:40.193326167 UTC - from mc-8->source-3 "913" 18:54:40.091392298
[2023-07-17T18:54:42Z INFO  dt_instance] received at 2023-07-17 18:54:42.721883903 UTC - from mc-8->source-3 "918" 18:54:42.597703299
[2023-07-17T18:54:45Z INFO  dt_instance] received at 2023-07-17 18:54:45.230831687 UTC - from mc-8->source-3 "923" 18:54:45.102733543
[2023-07-17T18:54:47Z INFO  dt_instance] received at 2023-07-17 18:54:47.691615467 UTC - from mc-8->source-3 "928" 18:54:47.608081841
[2023-07-17T18:54:50Z INFO  dt_instance] received at 2023-07-17 18:54:50.228540527 UTC - from mc-8->source-3 "933" 18:54:50.113239132
[2023-07-17T18:54:52Z INFO  dt_instance] received at 2023-07-17 18:54:52.756655176 UTC - from mc-8->source-3 "938" 18:54:52.619002317
[2023-07-17T18:54:55Z INFO  dt_instance] received at 2023-07-17 18:54:55.305090475 UTC - from mc-8->source-3 "943" 18:54:55.124431052
[2023-07-17T18:54:57Z INFO  dt_instance] received at 2023-07-17 18:54:57.753558388 UTC - from mc-8->source-3 "948" 18:54:57.629479800
[2023-07-17T18:55:00Z INFO  dt_instance] received at 2023-07-17 18:55:00.303064774 UTC - from mc-8->source-8 "941" 18:55:00.279560676
[2023-07-17T18:55:02Z INFO  dt_instance] received at 2023-07-17 18:55:02.783115688 UTC - from mc-8->source-3 "958" 18:55:02.642074342
[2023-07-17T18:55:05Z INFO  dt_instance] received at 2023-07-17 18:55:05.239405570 UTC - from mc-8->source-3 "963" 18:55:05.148285394
[2023-07-17T18:55:07Z INFO  dt_instance] received at 2023-07-17 18:55:07.816915494 UTC - from mc-8->source-3 "968" 18:55:07.672044476
[2023-07-17T18:55:10Z INFO  dt_instance] received at 2023-07-17 18:55:10.238282273 UTC - from mc-8->source-3 "973" 18:55:10.177178899
[2023-07-17T18:55:12Z INFO  dt_instance] received at 2023-07-17 18:55:12.778054478 UTC - from mc-8->source-3 "978" 18:55:12.683110223
[2023-07-17T18:55:15Z INFO  dt_instance] received at 2023-07-17 18:55:15.247354483 UTC - from mc-8->source-3 "983" 18:55:15.188708622
[2023-07-17T18:55:17Z INFO  dt_instance] received at 2023-07-17 18:55:17.856282189 UTC - from mc-8->source-8 "976" 18:55:17.818548694
[2023-07-17T18:55:20Z INFO  dt_instance] received at 2023-07-17 18:55:20.476877683 UTC - from mc-8->source-8 "981" 18:55:20.324198062
[2023-07-17T18:55:23Z INFO  dt_instance] received at 2023-07-17 18:55:23.640852536 UTC - from mc-8->source-9 "985" 18:55:23.621849022
[2023-07-17T18:55:30Z INFO  dt_instance] received at 2023-07-17 18:55:30.696379097 UTC - from mc-8->source-9 "999" 18:55:30.638035358
