[2023-06-26T19:13:15Z INFO  dt_instance] Current Twin: mc-twin-1
[2023-06-26T19:13:15Z INFO  dt_instance] Replica Name twin-mc-stateful-1
[2023-06-26T19:13:15Z INFO  dt_instance] Sleeping for 50
[2023-06-26T19:14:05Z INFO  dt_instance] Connecting to broker at emqx.dtwins:1883
[2023-06-26T19:14:05Z INFO  dt_instance] Loggin info each 50 messages
[2023-06-26T19:14:05Z INFO  dt_instance] Set max packet size to 60000 KB.
[2023-06-26T19:14:05Z INFO  dt_instance] Refreshing topics for twin - Listen to mc-1/#
[2023-06-26T19:14:05Z INFO  dt_instance] SubAck { pkid: 1, return_codes: [Success(ExactlyOnce)] }
[2023-06-26T19:15:13Z INFO  dt_instance] received at 2023-06-26 19:15:13.104606826 UTC - from mc-1->source-2 "9" 19:15:13.103216387
[2023-06-26T19:15:16Z INFO  dt_instance] received at 2023-06-26 19:15:16.359250067 UTC - from mc-1->source-3 "13" 19:15:16.357823311
[2023-06-26T19:15:18Z INFO  dt_instance] received at 2023-06-26 19:15:18.872988217 UTC - from mc-1->source-1 "23" 19:15:18.870923355
[2023-06-26T19:15:21Z INFO  dt_instance] received at 2023-06-26 19:15:21.380440644 UTC - from mc-1->source-1 "28" 19:15:21.375706309
[2023-06-26T19:15:23Z INFO  dt_instance] received at 2023-06-26 19:15:23.881978749 UTC - from mc-1->source-1 "33" 19:15:23.880519538
[2023-06-26T19:15:26Z INFO  dt_instance] received at 2023-06-26 19:15:26.387696796 UTC - from mc-1->source-1 "38" 19:15:26.386285047
[2023-06-26T19:15:28Z INFO  dt_instance] received at 2023-06-26 19:15:28.894769758 UTC - from mc-1->source-1 "43" 19:15:28.892563842
[2023-06-26T19:15:31Z INFO  dt_instance] received at 2023-06-26 19:15:31.399443518 UTC - from mc-1->source-1 "48" 19:15:31.397498335
[2023-06-26T19:15:33Z INFO  dt_instance] received at 2023-06-26 19:15:33.904082055 UTC - from mc-1->source-1 "53" 19:15:33.902546924
[2023-06-26T19:15:36Z INFO  dt_instance] received at 2023-06-26 19:15:36.409734777 UTC - from mc-1->source-1 "58" 19:15:36.407623672
[2023-06-26T19:15:38Z INFO  dt_instance] received at 2023-06-26 19:15:38.914175365 UTC - from mc-1->source-1 "63" 19:15:38.912889737
[2023-06-26T19:15:41Z INFO  dt_instance] received at 2023-06-26 19:15:41.419881675 UTC - from mc-1->source-1 "68" 19:15:41.418489761
[2023-06-26T19:15:43Z INFO  dt_instance] received at 2023-06-26 19:15:43.925560756 UTC - from mc-1->source-1 "73" 19:15:43.924294271
[2023-06-26T19:15:46Z INFO  dt_instance] received at 2023-06-26 19:15:46.432628590 UTC - from mc-1->source-1 "78" 19:15:46.430921739
[2023-06-26T19:15:48Z INFO  dt_instance] received at 2023-06-26 19:15:48.937356570 UTC - from mc-1->source-1 "83" 19:15:48.935855356
[2023-06-26T19:15:51Z INFO  dt_instance] received at 2023-06-26 19:15:51.443954685 UTC - from mc-1->source-1 "88" 19:15:51.442811032
[2023-06-26T19:15:53Z INFO  dt_instance] received at 2023-06-26 19:15:53.950509850 UTC - from mc-1->source-1 "93" 19:15:53.948959357
[2023-06-26T19:15:56Z INFO  dt_instance] received at 2023-06-26 19:15:56.455471961 UTC - from mc-1->source-1 "98" 19:15:56.454255211
[2023-06-26T19:15:58Z INFO  dt_instance] received at 2023-06-26 19:15:58.961841173 UTC - from mc-1->source-1 "103" 19:15:58.959960542
[2023-06-26T19:16:01Z INFO  dt_instance] received at 2023-06-26 19:16:01.467548696 UTC - from mc-1->source-1 "108" 19:16:01.466102411
[2023-06-26T19:16:03Z INFO  dt_instance] received at 2023-06-26 19:16:03.972873233 UTC - from mc-1->source-1 "113" 19:16:03.970607951
[2023-06-26T19:16:06Z INFO  dt_instance] received at 2023-06-26 19:16:06.477315 UTC - from mc-1->source-1 "118" 19:16:06.475801177
[2023-06-26T19:16:08Z INFO  dt_instance] received at 2023-06-26 19:16:08.985142464 UTC - from mc-1->source-1 "123" 19:16:08.983958582
[2023-06-26T19:16:11Z INFO  dt_instance] received at 2023-06-26 19:16:11.490961284 UTC - from mc-1->source-1 "128" 19:16:11.489313158
[2023-06-26T19:16:13Z INFO  dt_instance] received at 2023-06-26 19:16:13.995866330 UTC - from mc-1->source-1 "133" 19:16:13.994303224
[2023-06-26T19:16:16Z INFO  dt_instance] received at 2023-06-26 19:16:16.501517064 UTC - from mc-1->source-1 "138" 19:16:16.499451289
[2023-06-26T19:16:19Z INFO  dt_instance] received at 2023-06-26 19:16:19.007780825 UTC - from mc-1->source-1 "143" 19:16:19.006319251
[2023-06-26T19:16:21Z INFO  dt_instance] received at 2023-06-26 19:16:21.512884361 UTC - from mc-1->source-1 "148" 19:16:21.511344717
[2023-06-26T19:16:24Z INFO  dt_instance] received at 2023-06-26 19:16:24.018556409 UTC - from mc-1->source-1 "153" 19:16:24.017259954
[2023-06-26T19:16:26Z INFO  dt_instance] received at 2023-06-26 19:16:26.523788567 UTC - from mc-1->source-1 "158" 19:16:26.522609823
[2023-06-26T19:16:29Z INFO  dt_instance] received at 2023-06-26 19:16:29.030618173 UTC - from mc-1->source-1 "163" 19:16:29.029431909
[2023-06-26T19:16:31Z INFO  dt_instance] received at 2023-06-26 19:16:31.538085877 UTC - from mc-1->source-1 "168" 19:16:31.535023664
[2023-06-26T19:16:34Z INFO  dt_instance] received at 2023-06-26 19:16:34.046723909 UTC - from mc-1->source-1 "173" 19:16:34.045343551
[2023-06-26T19:16:36Z INFO  dt_instance] received at 2023-06-26 19:16:36.552585279 UTC - from mc-1->source-7 "163" 19:16:36.551390618
[2023-06-26T19:16:39Z INFO  dt_instance] received at 2023-06-26 19:16:39.059035771 UTC - from mc-1->source-7 "168" 19:16:39.058220256
[2023-06-26T19:16:41Z INFO  dt_instance] received at 2023-06-26 19:16:41.564769539 UTC - from mc-1->source-7 "173" 19:16:41.563921016
[2023-06-26T19:16:44Z INFO  dt_instance] received at 2023-06-26 19:16:44.070279557 UTC - from mc-1->source-7 "178" 19:16:44.069121924
[2023-06-26T19:16:46Z INFO  dt_instance] received at 2023-06-26 19:16:46.581028464 UTC - from mc-1->source-7 "183" 19:16:46.578950245
[2023-06-26T19:16:49Z INFO  dt_instance] received at 2023-06-26 19:16:49.086375385 UTC - from mc-1->source-7 "188" 19:16:49.085364210
[2023-06-26T19:16:51Z INFO  dt_instance] received at 2023-06-26 19:16:51.591452699 UTC - from mc-1->source-7 "193" 19:16:51.590581414
[2023-06-26T19:16:54Z INFO  dt_instance] received at 2023-06-26 19:16:54.096651183 UTC - from mc-1->source-7 "198" 19:16:54.095819180
[2023-06-26T19:16:56Z INFO  dt_instance] received at 2023-06-26 19:16:56.602171687 UTC - from mc-1->source-7 "203" 19:16:56.601491503
[2023-06-26T19:16:59Z INFO  dt_instance] received at 2023-06-26 19:16:59.107629252 UTC - from mc-1->source-7 "208" 19:16:59.106586452
[2023-06-26T19:17:01Z INFO  dt_instance] received at 2023-06-26 19:17:01.612657601 UTC - from mc-1->source-7 "213" 19:17:01.611450229
[2023-06-26T19:17:04Z INFO  dt_instance] received at 2023-06-26 19:17:04.118124077 UTC - from mc-1->source-7 "218" 19:17:04.116970513
[2023-06-26T19:17:06Z INFO  dt_instance] received at 2023-06-26 19:17:06.624790784 UTC - from mc-1->source-7 "223" 19:17:06.623679694
[2023-06-26T19:17:09Z INFO  dt_instance] received at 2023-06-26 19:17:09.134003790 UTC - from mc-1->source-7 "228" 19:17:09.129401315
[2023-06-26T19:17:11Z INFO  dt_instance] received at 2023-06-26 19:17:11.635500660 UTC - from mc-1->source-1 "248" 19:17:11.634148165
[2023-06-26T19:17:14Z INFO  dt_instance] received at 2023-06-26 19:17:14.143049207 UTC - from mc-1->source-7 "238" 19:17:14.142202023
[2023-06-26T19:17:16Z INFO  dt_instance] received at 2023-06-26 19:17:16.648260660 UTC - from mc-1->source-7 "243" 19:17:16.647161937
[2023-06-26T19:17:19Z INFO  dt_instance] received at 2023-06-26 19:17:19.154501791 UTC - from mc-1->source-7 "248" 19:17:19.153281726
[2023-06-26T19:17:21Z INFO  dt_instance] received at 2023-06-26 19:17:21.660106174 UTC - from mc-1->source-7 "253" 19:17:21.659029164
[2023-06-26T19:17:24Z INFO  dt_instance] received at 2023-06-26 19:17:24.165020812 UTC - from mc-1->source-7 "258" 19:17:24.163935910
[2023-06-26T19:17:26Z INFO  dt_instance] received at 2023-06-26 19:17:26.669148047 UTC - from mc-1->source-7 "263" 19:17:26.668267868
[2023-06-26T19:17:29Z INFO  dt_instance] received at 2023-06-26 19:17:29.175611215 UTC - from mc-1->source-7 "268" 19:17:29.174346601
[2023-06-26T19:17:31Z INFO  dt_instance] received at 2023-06-26 19:17:31.681728263 UTC - from mc-1->source-7 "273" 19:17:31.680977179
[2023-06-26T19:17:34Z INFO  dt_instance] received at 2023-06-26 19:17:34.188314287 UTC - from mc-1->source-7 "278" 19:17:34.185917080
[2023-06-26T19:17:36Z INFO  dt_instance] received at 2023-06-26 19:17:36.693522073 UTC - from mc-1->source-7 "283" 19:17:36.692601743
[2023-06-26T19:17:39Z INFO  dt_instance] received at 2023-06-26 19:17:39.199010178 UTC - from mc-1->source-7 "288" 19:17:39.197763885
[2023-06-26T19:17:41Z INFO  dt_instance] received at 2023-06-26 19:17:41.704999262 UTC - from mc-1->source-7 "293" 19:17:41.704066650
[2023-06-26T19:17:44Z INFO  dt_instance] received at 2023-06-26 19:17:44.210878802 UTC - from mc-1->source-7 "298" 19:17:44.209786415
[2023-06-26T19:17:46Z INFO  dt_instance] received at 2023-06-26 19:17:46.722269743 UTC - from mc-1->source-3 "313" 19:17:46.721262392
[2023-06-26T19:17:49Z INFO  dt_instance] received at 2023-06-26 19:17:49.230643647 UTC - from mc-1->source-3 "318" 19:17:49.227048580
[2023-06-26T19:17:51Z INFO  dt_instance] received at 2023-06-26 19:17:51.734526962 UTC - from mc-1->source-3 "323" 19:17:51.732824120
[2023-06-26T19:17:54Z INFO  dt_instance] received at 2023-06-26 19:17:54.244675452 UTC - from mc-1->source-3 "328" 19:17:54.239969895
[2023-06-26T19:17:56Z INFO  dt_instance] received at 2023-06-26 19:17:56.747094250 UTC - from mc-1->source-3 "333" 19:17:56.745489480
[2023-06-26T19:17:59Z INFO  dt_instance] received at 2023-06-26 19:17:59.252486458 UTC - from mc-1->source-3 "338" 19:17:59.251356775
[2023-06-26T19:18:01Z INFO  dt_instance] received at 2023-06-26 19:18:01.758212707 UTC - from mc-1->source-3 "343" 19:18:01.757108272
[2023-06-26T19:18:04Z INFO  dt_instance] received at 2023-06-26 19:18:04.264239997 UTC - from mc-1->source-3 "348" 19:18:04.261479893
[2023-06-26T19:18:06Z INFO  dt_instance] received at 2023-06-26 19:18:06.770455786 UTC - from mc-1->source-3 "353" 19:18:06.766754914
[2023-06-26T19:18:09Z INFO  dt_instance] received at 2023-06-26 19:18:09.276164506 UTC - from mc-1->source-1 "363" 19:18:09.274368545
[2023-06-26T19:18:11Z INFO  dt_instance] received at 2023-06-26 19:18:11.782314043 UTC - from mc-1->source-1 "368" 19:18:11.780963732
[2023-06-26T19:18:14Z INFO  dt_instance] received at 2023-06-26 19:18:14.287501337 UTC - from mc-1->source-3 "368" 19:18:14.285474704
[2023-06-26T19:18:16Z INFO  dt_instance] received at 2023-06-26 19:18:16.793628264 UTC - from mc-1->source-3 "373" 19:18:16.791888490
[2023-06-26T19:18:19Z INFO  dt_instance] received at 2023-06-26 19:18:19.298227361 UTC - from mc-1->source-1 "383" 19:18:19.296586464
[2023-06-26T19:18:21Z INFO  dt_instance] received at 2023-06-26 19:18:21.802588489 UTC - from mc-1->source-1 "388" 19:18:21.801455801
[2023-06-26T19:18:24Z INFO  dt_instance] received at 2023-06-26 19:18:24.309961775 UTC - from mc-1->source-3 "388" 19:18:24.308864215
[2023-06-26T19:18:26Z INFO  dt_instance] received at 2023-06-26 19:18:26.815739073 UTC - from mc-1->source-3 "393" 19:18:26.814221908
[2023-06-26T19:18:29Z INFO  dt_instance] received at 2023-06-26 19:18:29.321624546 UTC - from mc-1->source-3 "398" 19:18:29.320651436
[2023-06-26T19:18:31Z INFO  dt_instance] received at 2023-06-26 19:18:31.830298522 UTC - from mc-1->source-1 "408" 19:18:31.828338972
[2023-06-26T19:18:34Z INFO  dt_instance] received at 2023-06-26 19:18:34.335576766 UTC - from mc-1->source-1 "413" 19:18:34.334192358
[2023-06-26T19:18:36Z INFO  dt_instance] received at 2023-06-26 19:18:36.840639430 UTC - from mc-1->source-3 "413" 19:18:36.839416401
[2023-06-26T19:18:39Z INFO  dt_instance] received at 2023-06-26 19:18:39.347765184 UTC - from mc-1->source-7 "408" 19:18:39.346234736
[2023-06-26T19:18:41Z INFO  dt_instance] received at 2023-06-26 19:18:41.853784444 UTC - from mc-1->source-1 "428" 19:18:41.852168615
[2023-06-26T19:18:44Z INFO  dt_instance] received at 2023-06-26 19:18:44.361130727 UTC - from mc-1->source-3 "428" 19:18:44.358569492
[2023-06-26T19:18:46Z INFO  dt_instance] received at 2023-06-26 19:18:46.864893488 UTC - from mc-1->source-1 "438" 19:18:46.863544206
[2023-06-26T19:18:49Z INFO  dt_instance] received at 2023-06-26 19:18:49.371442182 UTC - from mc-1->source-1 "443" 19:18:49.370098917
[2023-06-26T19:18:51Z INFO  dt_instance] received at 2023-06-26 19:18:51.878046873 UTC - from mc-1->source-1 "448" 19:18:51.875815897
[2023-06-26T19:18:54Z INFO  dt_instance] received at 2023-06-26 19:18:54.387127553 UTC - from mc-1->source-1 "453" 19:18:54.385070699
[2023-06-26T19:18:56Z INFO  dt_instance] received at 2023-06-26 19:18:56.894063630 UTC - from mc-1->source-1 "458" 19:18:56.892643376
[2023-06-26T19:18:59Z INFO  dt_instance] received at 2023-06-26 19:18:59.402924026 UTC - from mc-1->source-7 "448" 19:18:59.401534100
[2023-06-26T19:19:01Z INFO  dt_instance] received at 2023-06-26 19:19:01.908709039 UTC - from mc-1->source-1 "468" 19:19:01.907671641
[2023-06-26T19:19:04Z INFO  dt_instance] received at 2023-06-26 19:19:04.415476998 UTC - from mc-1->source-1 "473" 19:19:04.413603628
[2023-06-26T19:19:06Z INFO  dt_instance] received at 2023-06-26 19:19:06.921958136 UTC - from mc-1->source-1 "478" 19:19:06.920770814
[2023-06-26T19:19:09Z INFO  dt_instance] received at 2023-06-26 19:19:09.428509431 UTC - from mc-1->source-1 "483" 19:19:09.426771569
[2023-06-26T19:19:11Z INFO  dt_instance] received at 2023-06-26 19:19:11.934001348 UTC - from mc-1->source-1 "488" 19:19:11.932398358
[2023-06-26T19:19:14Z INFO  dt_instance] received at 2023-06-26 19:19:14.440509516 UTC - from mc-1->source-1 "493" 19:19:14.439285776
[2023-06-26T19:19:16Z INFO  dt_instance] received at 2023-06-26 19:19:16.964100087 UTC - from mc-1->source-1 "498" 19:19:16.950542699
[2023-06-26T19:19:19Z INFO  dt_instance] received at 2023-06-26 19:19:19.461935982 UTC - from mc-1->source-7 "488" 19:19:19.460711965
[2023-06-26T19:19:21Z INFO  dt_instance] received at 2023-06-26 19:19:21.967681414 UTC - from mc-1->source-7 "493" 19:19:21.966478261
[2023-06-26T19:19:24Z INFO  dt_instance] received at 2023-06-26 19:19:24.472456561 UTC - from mc-1->source-7 "498" 19:19:24.471430480
[2023-06-26T19:19:26Z INFO  dt_instance] received at 2023-06-26 19:19:26.978410752 UTC - from mc-1->source-7 "503" 19:19:26.977619118
[2023-06-26T19:19:29Z INFO  dt_instance] received at 2023-06-26 19:19:29.483361381 UTC - from mc-1->source-7 "508" 19:19:29.482449569
[2023-06-26T19:19:31Z INFO  dt_instance] received at 2023-06-26 19:19:31.989535869 UTC - from mc-1->source-7 "513" 19:19:31.988634124
[2023-06-26T19:19:34Z INFO  dt_instance] received at 2023-06-26 19:19:34.495006912 UTC - from mc-1->source-7 "518" 19:19:34.494149999
[2023-06-26T19:19:37Z INFO  dt_instance] received at 2023-06-26 19:19:37.002588452 UTC - from mc-1->source-7 "523" 19:19:37.001775591
[2023-06-26T19:19:39Z INFO  dt_instance] received at 2023-06-26 19:19:39.507731470 UTC - from mc-1->source-7 "528" 19:19:39.506729333
[2023-06-26T19:19:42Z INFO  dt_instance] received at 2023-06-26 19:19:42.012978282 UTC - from mc-1->source-7 "533" 19:19:42.011918776
[2023-06-26T19:19:44Z INFO  dt_instance] received at 2023-06-26 19:19:44.520086667 UTC - from mc-1->source-7 "538" 19:19:44.519096206
[2023-06-26T19:19:47Z INFO  dt_instance] received at 2023-06-26 19:19:47.025028196 UTC - from mc-1->source-7 "543" 19:19:47.024242321
[2023-06-26T19:19:49Z INFO  dt_instance] received at 2023-06-26 19:19:49.530673056 UTC - from mc-1->source-7 "548" 19:19:49.529631736
[2023-06-26T19:19:52Z INFO  dt_instance] received at 2023-06-26 19:19:52.035892687 UTC - from mc-1->source-7 "553" 19:19:52.034927677
[2023-06-26T19:19:54Z INFO  dt_instance] received at 2023-06-26 19:19:54.540665243 UTC - from mc-1->source-7 "558" 19:19:54.539604422
[2023-06-26T19:19:57Z INFO  dt_instance] received at 2023-06-26 19:19:57.045582082 UTC - from mc-1->source-7 "563" 19:19:57.044690488
[2023-06-26T19:19:59Z INFO  dt_instance] received at 2023-06-26 19:19:59.551300389 UTC - from mc-1->source-3 "578" 19:19:59.549683359
[2023-06-26T19:20:02Z INFO  dt_instance] received at 2023-06-26 19:20:02.055444461 UTC - from mc-1->source-7 "573" 19:20:02.054367675
[2023-06-26T19:20:04Z INFO  dt_instance] received at 2023-06-26 19:20:04.565896309 UTC - from mc-1->source-3 "588" 19:20:04.564356204
[2023-06-26T19:20:07Z INFO  dt_instance] received at 2023-06-26 19:20:07.072491151 UTC - from mc-1->source-3 "593" 19:20:07.071350207
[2023-06-26T19:20:09Z INFO  dt_instance] received at 2023-06-26 19:20:09.579841376 UTC - from mc-1->source-3 "598" 19:20:09.578335217
[2023-06-26T19:20:12Z INFO  dt_instance] received at 2023-06-26 19:20:12.085280172 UTC - from mc-1->source-3 "603" 19:20:12.083595618
[2023-06-26T19:20:14Z INFO  dt_instance] received at 2023-06-26 19:20:14.593401767 UTC - from mc-1->source-3 "608" 19:20:14.590723135
[2023-06-26T19:20:17Z INFO  dt_instance] received at 2023-06-26 19:20:17.098366123 UTC - from mc-1->source-3 "613" 19:20:17.096878921
[2023-06-26T19:20:19Z INFO  dt_instance] received at 2023-06-26 19:20:19.603047517 UTC - from mc-1->source-3 "618" 19:20:19.601809816
[2023-06-26T19:20:22Z INFO  dt_instance] received at 2023-06-26 19:20:22.109577189 UTC - from mc-1->source-3 "623" 19:20:22.108082741
[2023-06-26T19:20:24Z INFO  dt_instance] received at 2023-06-26 19:20:24.613702732 UTC - from mc-1->source-3 "628" 19:20:24.612747756
[2023-06-26T19:20:27Z INFO  dt_instance] received at 2023-06-26 19:20:27.120385830 UTC - from mc-1->source-3 "633" 19:20:27.119361039
[2023-06-26T19:20:29Z INFO  dt_instance] received at 2023-06-26 19:20:29.626713946 UTC - from mc-1->source-3 "638" 19:20:29.625350770
[2023-06-26T19:20:32Z INFO  dt_instance] received at 2023-06-26 19:20:32.131957407 UTC - from mc-1->source-7 "633" 19:20:32.130860099
[2023-06-26T19:20:34Z INFO  dt_instance] received at 2023-06-26 19:20:34.638219104 UTC - from mc-1->source-3 "648" 19:20:34.636887945
[2023-06-26T19:20:37Z INFO  dt_instance] received at 2023-06-26 19:20:37.143041938 UTC - from mc-1->source-3 "653" 19:20:37.141756642
[2023-06-26T19:20:39Z INFO  dt_instance] received at 2023-06-26 19:20:39.649466145 UTC - from mc-1->source-3 "658" 19:20:39.647800308
[2023-06-26T19:20:42Z INFO  dt_instance] received at 2023-06-26 19:20:42.155393929 UTC - from mc-1->source-3 "663" 19:20:42.154234844
[2023-06-26T19:20:44Z INFO  dt_instance] received at 2023-06-26 19:20:44.662102653 UTC - from mc-1->source-7 "658" 19:20:44.661237771
[2023-06-26T19:20:47Z INFO  dt_instance] received at 2023-06-26 19:20:47.168253024 UTC - from mc-1->source-3 "673" 19:20:47.166792033
[2023-06-26T19:20:49Z INFO  dt_instance] received at 2023-06-26 19:20:49.673985398 UTC - from mc-1->source-3 "678" 19:20:49.672617523
[2023-06-26T19:20:52Z INFO  dt_instance] received at 2023-06-26 19:20:52.179503606 UTC - from mc-1->source-3 "683" 19:20:52.178403318
[2023-06-26T19:20:54Z INFO  dt_instance] received at 2023-06-26 19:20:54.685334308 UTC - from mc-1->source-3 "688" 19:20:54.684379413
[2023-06-26T19:20:57Z INFO  dt_instance] received at 2023-06-26 19:20:57.194894252 UTC - from mc-1->source-3 "693" 19:20:57.193326671
[2023-06-26T19:20:59Z INFO  dt_instance] received at 2023-06-26 19:20:59.700589002 UTC - from mc-1->source-3 "698" 19:20:59.698457498
[2023-06-26T19:21:02Z INFO  dt_instance] received at 2023-06-26 19:21:02.207388781 UTC - from mc-1->source-3 "703" 19:21:02.206016370
[2023-06-26T19:21:04Z INFO  dt_instance] received at 2023-06-26 19:21:04.713413597 UTC - from mc-1->source-3 "708" 19:21:04.712268751
[2023-06-26T19:21:07Z INFO  dt_instance] received at 2023-06-26 19:21:07.219155281 UTC - from mc-1->source-3 "713" 19:21:07.218035271
[2023-06-26T19:21:09Z INFO  dt_instance] received at 2023-06-26 19:21:09.725484947 UTC - from mc-1->source-3 "718" 19:21:09.724246500
[2023-06-26T19:21:12Z INFO  dt_instance] received at 2023-06-26 19:21:12.233929335 UTC - from mc-1->source-3 "723" 19:21:12.232232436
[2023-06-26T19:21:14Z INFO  dt_instance] received at 2023-06-26 19:21:14.740385146 UTC - from mc-1->source-3 "728" 19:21:14.739292952
[2023-06-26T19:21:17Z INFO  dt_instance] received at 2023-06-26 19:21:17.246736072 UTC - from mc-1->source-3 "733" 19:21:17.245323910
[2023-06-26T19:21:19Z INFO  dt_instance] received at 2023-06-26 19:21:19.752654239 UTC - from mc-1->source-3 "738" 19:21:19.751226837
[2023-06-26T19:21:22Z INFO  dt_instance] received at 2023-06-26 19:21:22.259344959 UTC - from mc-1->source-3 "743" 19:21:22.258304194
[2023-06-26T19:21:24Z INFO  dt_instance] received at 2023-06-26 19:21:24.764546753 UTC - from mc-1->source-3 "748" 19:21:24.763378274
[2023-06-26T19:21:27Z INFO  dt_instance] received at 2023-06-26 19:21:27.271665937 UTC - from mc-1->source-3 "753" 19:21:27.270195661
[2023-06-26T19:21:29Z INFO  dt_instance] received at 2023-06-26 19:21:29.776970457 UTC - from mc-1->source-3 "758" 19:21:29.775609349
[2023-06-26T19:21:32Z INFO  dt_instance] received at 2023-06-26 19:21:32.286298724 UTC - from mc-1->source-3 "763" 19:21:32.281432756
[2023-06-26T19:21:34Z INFO  dt_instance] received at 2023-06-26 19:21:34.788197812 UTC - from mc-1->source-3 "768" 19:21:34.787170938
[2023-06-26T19:21:37Z INFO  dt_instance] received at 2023-06-26 19:21:37.292439495 UTC - from mc-1->source-3 "773" 19:21:37.291511276
[2023-06-26T19:21:39Z INFO  dt_instance] received at 2023-06-26 19:21:39.798663912 UTC - from mc-1->source-3 "778" 19:21:39.797220472
[2023-06-26T19:21:42Z INFO  dt_instance] received at 2023-06-26 19:21:42.303816738 UTC - from mc-1->source-3 "783" 19:21:42.302420394
[2023-06-26T19:21:44Z INFO  dt_instance] received at 2023-06-26 19:21:44.811230426 UTC - from mc-1->source-3 "788" 19:21:44.809779561
[2023-06-26T19:21:47Z INFO  dt_instance] received at 2023-06-26 19:21:47.319718534 UTC - from mc-1->source-3 "793" 19:21:47.317176709
[2023-06-26T19:21:49Z INFO  dt_instance] received at 2023-06-26 19:21:49.823363196 UTC - from mc-1->source-3 "798" 19:21:49.822376273
[2023-06-26T19:21:52Z INFO  dt_instance] received at 2023-06-26 19:21:52.331969726 UTC - from mc-1->source-3 "803" 19:21:52.330486127
[2023-06-26T19:21:54Z INFO  dt_instance] received at 2023-06-26 19:21:54.846745365 UTC - from mc-1->source-3 "808" 19:21:54.836307670
[2023-06-26T19:21:57Z INFO  dt_instance] received at 2023-06-26 19:21:57.343158823 UTC - from mc-1->source-3 "813" 19:21:57.341587042
[2023-06-26T19:21:59Z INFO  dt_instance] received at 2023-06-26 19:21:59.847946837 UTC - from mc-1->source-3 "818" 19:21:59.846949106
[2023-06-26T19:22:02Z INFO  dt_instance] received at 2023-06-26 19:22:02.355253746 UTC - from mc-1->source-3 "823" 19:22:02.353179972
[2023-06-26T19:22:04Z INFO  dt_instance] received at 2023-06-26 19:22:04.859547132 UTC - from mc-1->source-3 "828" 19:22:04.857408324
[2023-06-26T19:22:07Z INFO  dt_instance] received at 2023-06-26 19:22:07.364316299 UTC - from mc-1->source-3 "833" 19:22:07.362603336
[2023-06-26T19:22:09Z INFO  dt_instance] received at 2023-06-26 19:22:09.871008442 UTC - from mc-1->source-3 "838" 19:22:09.869243224
[2023-06-26T19:22:12Z INFO  dt_instance] received at 2023-06-26 19:22:12.376159794 UTC - from mc-1->source-3 "843" 19:22:12.374887254
[2023-06-26T19:22:14Z INFO  dt_instance] received at 2023-06-26 19:22:14.882595219 UTC - from mc-1->source-3 "848" 19:22:14.881085285
[2023-06-26T19:22:17Z INFO  dt_instance] received at 2023-06-26 19:22:17.389494644 UTC - from mc-1->source-3 "853" 19:22:17.386936209
[2023-06-26T19:22:19Z INFO  dt_instance] received at 2023-06-26 19:22:19.892535202 UTC - from mc-1->source-3 "858" 19:22:19.891479632
[2023-06-26T19:22:22Z INFO  dt_instance] received at 2023-06-26 19:22:22.397923809 UTC - from mc-1->source-3 "863" 19:22:22.396775391
[2023-06-26T19:22:24Z INFO  dt_instance] received at 2023-06-26 19:22:24.902980429 UTC - from mc-1->source-3 "868" 19:22:24.901712681
[2023-06-26T19:22:27Z INFO  dt_instance] received at 2023-06-26 19:22:27.408156436 UTC - from mc-1->source-3 "873" 19:22:27.406708863
[2023-06-26T19:22:29Z INFO  dt_instance] received at 2023-06-26 19:22:29.914329929 UTC - from mc-1->source-3 "878" 19:22:29.911725524
[2023-06-26T19:22:32Z INFO  dt_instance] received at 2023-06-26 19:22:32.418164938 UTC - from mc-1->source-3 "883" 19:22:32.416916241
[2023-06-26T19:22:34Z INFO  dt_instance] received at 2023-06-26 19:22:34.923526931 UTC - from mc-1->source-3 "888" 19:22:34.921397867
[2023-06-26T19:22:37Z INFO  dt_instance] received at 2023-06-26 19:22:37.429447437 UTC - from mc-1->source-3 "893" 19:22:37.428330049
[2023-06-26T19:22:39Z INFO  dt_instance] received at 2023-06-26 19:22:39.935605389 UTC - from mc-1->source-3 "898" 19:22:39.934424813
[2023-06-26T19:22:42Z INFO  dt_instance] received at 2023-06-26 19:22:42.441648577 UTC - from mc-1->source-3 "903" 19:22:42.440354616
[2023-06-26T19:22:44Z INFO  dt_instance] received at 2023-06-26 19:22:44.947323965 UTC - from mc-1->source-3 "908" 19:22:44.946190541
[2023-06-26T19:22:47Z INFO  dt_instance] received at 2023-06-26 19:22:47.451844805 UTC - from mc-1->source-3 "913" 19:22:47.450449359
[2023-06-26T19:22:49Z INFO  dt_instance] received at 2023-06-26 19:22:49.957677373 UTC - from mc-1->source-3 "918" 19:22:49.956336403
[2023-06-26T19:22:52Z INFO  dt_instance] received at 2023-06-26 19:22:52.463064526 UTC - from mc-1->source-3 "923" 19:22:52.461551148
[2023-06-26T19:22:54Z INFO  dt_instance] received at 2023-06-26 19:22:54.968523662 UTC - from mc-1->source-3 "928" 19:22:54.967219434
[2023-06-26T19:22:57Z INFO  dt_instance] received at 2023-06-26 19:22:57.475403243 UTC - from mc-1->source-3 "933" 19:22:57.473072707
[2023-06-26T19:22:59Z INFO  dt_instance] received at 2023-06-26 19:22:59.981476802 UTC - from mc-1->source-3 "938" 19:22:59.980151914
[2023-06-26T19:23:02Z INFO  dt_instance] received at 2023-06-26 19:23:02.486461227 UTC - from mc-1->source-3 "943" 19:23:02.485132043
[2023-06-26T19:23:04Z INFO  dt_instance] received at 2023-06-26 19:23:04.991683071 UTC - from mc-1->source-3 "948" 19:23:04.990448787
[2023-06-26T19:23:07Z INFO  dt_instance] received at 2023-06-26 19:23:07.498534984 UTC - from mc-1->source-3 "953" 19:23:07.497061697
[2023-06-26T19:23:10Z INFO  dt_instance] received at 2023-06-26 19:23:10.003268164 UTC - from mc-1->source-3 "958" 19:23:10.002134657
[2023-06-26T19:23:12Z INFO  dt_instance] received at 2023-06-26 19:23:12.515489065 UTC - from mc-1->source-3 "963" 19:23:12.513678182
[2023-06-26T19:23:15Z INFO  dt_instance] received at 2023-06-26 19:23:15.024454266 UTC - from mc-1->source-7 "958" 19:23:15.023339918
[2023-06-26T19:23:17Z INFO  dt_instance] received at 2023-06-26 19:23:17.529956024 UTC - from mc-1->source-7 "963" 19:23:17.529090106
[2023-06-26T19:23:20Z INFO  dt_instance] received at 2023-06-26 19:23:20.036434572 UTC - from mc-1->source-7 "968" 19:23:20.035712225
[2023-06-26T19:23:22Z INFO  dt_instance] received at 2023-06-26 19:23:22.542424352 UTC - from mc-1->source-7 "973" 19:23:22.541322038
[2023-06-26T19:23:25Z INFO  dt_instance] received at 2023-06-26 19:23:25.048052395 UTC - from mc-1->source-7 "978" 19:23:25.046952949
[2023-06-26T19:23:27Z INFO  dt_instance] received at 2023-06-26 19:23:27.765988734 UTC - from mc-1->source-8 "981" 19:23:27.764513049
[2023-06-26T19:23:31Z INFO  dt_instance] received at 2023-06-26 19:23:31.000785975 UTC - from mc-1->source-9 "985" 19:23:30.997633791
[2023-06-26T19:23:38Z INFO  dt_instance] received at 2023-06-26 19:23:38.016356320 UTC - from mc-1->source-9 "999" 19:23:38.014054836
