[2023-06-26T19:13:31Z INFO  dt_instance] Current Twin: mc-twin-5
[2023-06-26T19:13:31Z INFO  dt_instance] Replica Name twin-mc-stateful-5
[2023-06-26T19:13:31Z INFO  dt_instance] Sleeping for 250
[2023-06-26T19:17:41Z INFO  dt_instance] Connecting to broker at emqx.dtwins:1883
[2023-06-26T19:17:41Z INFO  dt_instance] Loggin info each 50 messages
[2023-06-26T19:17:41Z INFO  dt_instance] Set max packet size to 60000 KB.
[2023-06-26T19:17:41Z INFO  dt_instance] Refreshing topics for twin - Listen to mc-5/#
[2023-06-26T19:17:41Z INFO  dt_instance] SubAck { pkid: 1, return_codes: [Success(ExactlyOnce)] }
[2023-06-26T19:18:48Z INFO  dt_instance] received at 2023-06-26 19:18:48.315687589 UTC - from mc-5->source-2 "9" 19:18:48.314386530
[2023-06-26T19:18:51Z INFO  dt_instance] received at 2023-06-26 19:18:51.571881908 UTC - from mc-5->source-3 "13" 19:18:51.570778810
[2023-06-26T19:18:54Z INFO  dt_instance] received at 2023-06-26 19:18:54.083125511 UTC - from mc-5->source-1 "23" 19:18:54.081789879
[2023-06-26T19:18:56Z INFO  dt_instance] received at 2023-06-26 19:18:56.588019655 UTC - from mc-5->source-1 "28" 19:18:56.586671254
[2023-06-26T19:18:59Z INFO  dt_instance] received at 2023-06-26 19:18:59.093276340 UTC - from mc-5->source-1 "33" 19:18:59.091956629
[2023-06-26T19:19:01Z INFO  dt_instance] received at 2023-06-26 19:19:01.601885769 UTC - from mc-5->source-1 "38" 19:19:01.598563946
[2023-06-26T19:19:04Z INFO  dt_instance] received at 2023-06-26 19:19:04.104462901 UTC - from mc-5->source-1 "43" 19:19:04.102976378
[2023-06-26T19:19:06Z INFO  dt_instance] received at 2023-06-26 19:19:06.610363079 UTC - from mc-5->source-1 "48" 19:19:06.608988915
[2023-06-26T19:19:09Z INFO  dt_instance] received at 2023-06-26 19:19:09.118310521 UTC - from mc-5->source-1 "53" 19:19:09.116821320
[2023-06-26T19:19:11Z INFO  dt_instance] received at 2023-06-26 19:19:11.624423216 UTC - from mc-5->source-1 "58" 19:19:11.622916778
[2023-06-26T19:19:14Z INFO  dt_instance] received at 2023-06-26 19:19:14.131239158 UTC - from mc-5->source-1 "63" 19:19:14.129846088
[2023-06-26T19:19:16Z INFO  dt_instance] received at 2023-06-26 19:19:16.640340401 UTC - from mc-5->source-1 "68" 19:19:16.636822770
[2023-06-26T19:19:19Z INFO  dt_instance] received at 2023-06-26 19:19:19.144500616 UTC - from mc-5->source-1 "73" 19:19:19.143229283
[2023-06-26T19:19:21Z INFO  dt_instance] received at 2023-06-26 19:19:21.649531801 UTC - from mc-5->source-1 "78" 19:19:21.648187003
[2023-06-26T19:19:24Z INFO  dt_instance] received at 2023-06-26 19:19:24.155897903 UTC - from mc-5->source-1 "83" 19:19:24.154353820
[2023-06-26T19:19:26Z INFO  dt_instance] received at 2023-06-26 19:19:26.661849129 UTC - from mc-5->source-1 "88" 19:19:26.660345094
[2023-06-26T19:19:29Z INFO  dt_instance] received at 2023-06-26 19:19:29.166689813 UTC - from mc-5->source-1 "93" 19:19:29.165328840
[2023-06-26T19:19:31Z INFO  dt_instance] received at 2023-06-26 19:19:31.673633037 UTC - from mc-5->source-1 "98" 19:19:31.671803345
[2023-06-26T19:19:34Z INFO  dt_instance] received at 2023-06-26 19:19:34.180164016 UTC - from mc-5->source-1 "103" 19:19:34.177675567
[2023-06-26T19:19:36Z INFO  dt_instance] received at 2023-06-26 19:19:36.688084964 UTC - from mc-5->source-1 "108" 19:19:36.683887894
[2023-06-26T19:19:39Z INFO  dt_instance] received at 2023-06-26 19:19:39.191427954 UTC - from mc-5->source-1 "113" 19:19:39.190120194
[2023-06-26T19:19:41Z INFO  dt_instance] received at 2023-06-26 19:19:41.696993075 UTC - from mc-5->source-1 "118" 19:19:41.695486774
[2023-06-26T19:19:44Z INFO  dt_instance] received at 2023-06-26 19:19:44.203428742 UTC - from mc-5->source-1 "123" 19:19:44.202396413
[2023-06-26T19:19:46Z INFO  dt_instance] received at 2023-06-26 19:19:46.710490117 UTC - from mc-5->source-1 "128" 19:19:46.709238964
[2023-06-26T19:19:49Z INFO  dt_instance] received at 2023-06-26 19:19:49.219621661 UTC - from mc-5->source-1 "133" 19:19:49.214426367
[2023-06-26T19:19:51Z INFO  dt_instance] received at 2023-06-26 19:19:51.723205153 UTC - from mc-5->source-1 "138" 19:19:51.721895763
[2023-06-26T19:19:54Z INFO  dt_instance] received at 2023-06-26 19:19:54.229425737 UTC - from mc-5->source-1 "143" 19:19:54.227911037
[2023-06-26T19:19:56Z INFO  dt_instance] received at 2023-06-26 19:19:56.735704628 UTC - from mc-5->source-1 "148" 19:19:56.734224800
[2023-06-26T19:19:59Z INFO  dt_instance] received at 2023-06-26 19:19:59.240404190 UTC - from mc-5->source-1 "153" 19:19:59.239403642
[2023-06-26T19:20:01Z INFO  dt_instance] received at 2023-06-26 19:20:01.747538775 UTC - from mc-5->source-1 "158" 19:20:01.746372114
[2023-06-26T19:20:04Z INFO  dt_instance] received at 2023-06-26 19:20:04.253913394 UTC - from mc-5->source-1 "163" 19:20:04.251011339
[2023-06-26T19:20:06Z INFO  dt_instance] received at 2023-06-26 19:20:06.759061969 UTC - from mc-5->source-1 "168" 19:20:06.757553988
[2023-06-26T19:20:09Z INFO  dt_instance] received at 2023-06-26 19:20:09.265839559 UTC - from mc-5->source-1 "173" 19:20:09.262545236
[2023-06-26T19:20:11Z INFO  dt_instance] received at 2023-06-26 19:20:11.769020268 UTC - from mc-5->source-1 "178" 19:20:11.768072514
[2023-06-26T19:20:14Z INFO  dt_instance] received at 2023-06-26 19:20:14.275464017 UTC - from mc-5->source-1 "183" 19:20:14.273910494
[2023-06-26T19:20:16Z INFO  dt_instance] received at 2023-06-26 19:20:16.781651442 UTC - from mc-5->source-1 "188" 19:20:16.780658091
[2023-06-26T19:20:19Z INFO  dt_instance] received at 2023-06-26 19:20:19.289398577 UTC - from mc-5->source-1 "193" 19:20:19.285708950
[2023-06-26T19:20:21Z INFO  dt_instance] received at 2023-06-26 19:20:21.793158365 UTC - from mc-5->source-1 "198" 19:20:21.791784538
[2023-06-26T19:20:24Z INFO  dt_instance] received at 2023-06-26 19:20:24.298276640 UTC - from mc-5->source-1 "203" 19:20:24.296860143
[2023-06-26T19:20:26Z INFO  dt_instance] received at 2023-06-26 19:20:26.803707316 UTC - from mc-5->source-1 "208" 19:20:26.802425507
[2023-06-26T19:20:29Z INFO  dt_instance] received at 2023-06-26 19:20:29.309504873 UTC - from mc-5->source-1 "213" 19:20:29.308231571
[2023-06-26T19:20:31Z INFO  dt_instance] received at 2023-06-26 19:20:31.828276330 UTC - from mc-5->source-5 "208" 19:20:31.827193617
[2023-06-26T19:20:34Z INFO  dt_instance] received at 2023-06-26 19:20:34.334547922 UTC - from mc-5->source-5 "213" 19:20:34.333772570
[2023-06-26T19:20:36Z INFO  dt_instance] received at 2023-06-26 19:20:36.839636751 UTC - from mc-5->source-5 "218" 19:20:36.838192618
[2023-06-26T19:20:39Z INFO  dt_instance] received at 2023-06-26 19:20:39.344710408 UTC - from mc-5->source-5 "223" 19:20:39.343943015
[2023-06-26T19:20:41Z INFO  dt_instance] received at 2023-06-26 19:20:41.851814607 UTC - from mc-5->source-5 "228" 19:20:41.850748169
[2023-06-26T19:20:44Z INFO  dt_instance] received at 2023-06-26 19:20:44.362392511 UTC - from mc-5->source-5 "233" 19:20:44.359748964
[2023-06-26T19:20:46Z INFO  dt_instance] received at 2023-06-26 19:20:46.865216290 UTC - from mc-5->source-5 "238" 19:20:46.863928523
[2023-06-26T19:20:49Z INFO  dt_instance] received at 2023-06-26 19:20:49.369838953 UTC - from mc-5->source-5 "243" 19:20:49.368940923
[2023-06-26T19:20:51Z INFO  dt_instance] received at 2023-06-26 19:20:51.875541476 UTC - from mc-5->source-5 "248" 19:20:51.874630016
[2023-06-26T19:20:54Z INFO  dt_instance] received at 2023-06-26 19:20:54.381923897 UTC - from mc-5->source-5 "253" 19:20:54.380901938
[2023-06-26T19:20:56Z INFO  dt_instance] received at 2023-06-26 19:20:56.887722979 UTC - from mc-5->source-5 "258" 19:20:56.886608739
[2023-06-26T19:20:59Z INFO  dt_instance] received at 2023-06-26 19:20:59.391846727 UTC - from mc-5->source-5 "263" 19:20:59.391109698
[2023-06-26T19:21:01Z INFO  dt_instance] received at 2023-06-26 19:21:01.897815861 UTC - from mc-5->source-5 "268" 19:21:01.896818093
[2023-06-26T19:21:04Z INFO  dt_instance] received at 2023-06-26 19:21:04.404211395 UTC - from mc-5->source-5 "273" 19:21:04.403024394
[2023-06-26T19:21:06Z INFO  dt_instance] received at 2023-06-26 19:21:06.910919524 UTC - from mc-5->source-5 "278" 19:21:06.909954391
[2023-06-26T19:21:09Z INFO  dt_instance] received at 2023-06-26 19:21:09.417305036 UTC - from mc-5->source-5 "283" 19:21:09.415913695
[2023-06-26T19:21:11Z INFO  dt_instance] received at 2023-06-26 19:21:11.922421293 UTC - from mc-5->source-5 "288" 19:21:11.921463593
[2023-06-26T19:21:14Z INFO  dt_instance] received at 2023-06-26 19:21:14.426814547 UTC - from mc-5->source-5 "293" 19:21:14.426029384
[2023-06-26T19:21:16Z INFO  dt_instance] received at 2023-06-26 19:21:16.933537388 UTC - from mc-5->source-5 "298" 19:21:16.932412256
[2023-06-26T19:21:19Z INFO  dt_instance] received at 2023-06-26 19:21:19.439788974 UTC - from mc-5->source-5 "303" 19:21:19.438820862
[2023-06-26T19:21:21Z INFO  dt_instance] received at 2023-06-26 19:21:21.946253987 UTC - from mc-5->source-5 "308" 19:21:21.944991299
[2023-06-26T19:21:24Z INFO  dt_instance] received at 2023-06-26 19:21:24.452686097 UTC - from mc-5->source-5 "313" 19:21:24.451678994
[2023-06-26T19:21:26Z INFO  dt_instance] received at 2023-06-26 19:21:26.958362452 UTC - from mc-5->source-5 "318" 19:21:26.957561998
[2023-06-26T19:21:29Z INFO  dt_instance] received at 2023-06-26 19:21:29.467370687 UTC - from mc-5->source-3 "328" 19:21:29.465618933
[2023-06-26T19:21:31Z INFO  dt_instance] received at 2023-06-26 19:21:31.973449191 UTC - from mc-5->source-3 "333" 19:21:31.972016446
[2023-06-26T19:21:34Z INFO  dt_instance] received at 2023-06-26 19:21:34.480003102 UTC - from mc-5->source-3 "338" 19:21:34.478344624
[2023-06-26T19:21:36Z INFO  dt_instance] received at 2023-06-26 19:21:36.987157219 UTC - from mc-5->source-3 "343" 19:21:36.984015191
[2023-06-26T19:21:39Z INFO  dt_instance] received at 2023-06-26 19:21:39.492307083 UTC - from mc-5->source-3 "348" 19:21:39.490679800
[2023-06-26T19:21:41Z INFO  dt_instance] received at 2023-06-26 19:21:41.999015421 UTC - from mc-5->source-3 "353" 19:21:41.995988507
[2023-06-26T19:21:44Z INFO  dt_instance] received at 2023-06-26 19:21:44.506170935 UTC - from mc-5->source-5 "353" 19:21:44.505082025
[2023-06-26T19:21:47Z INFO  dt_instance] received at 2023-06-26 19:21:47.019016993 UTC - from mc-5->source-3 "363" 19:21:47.009805506
[2023-06-26T19:21:49Z INFO  dt_instance] received at 2023-06-26 19:21:49.517199065 UTC - from mc-5->source-5 "363" 19:21:49.516141232
[2023-06-26T19:21:52Z INFO  dt_instance] received at 2023-06-26 19:21:52.023164948 UTC - from mc-5->source-3 "373" 19:21:52.022049214
[2023-06-26T19:21:54Z INFO  dt_instance] received at 2023-06-26 19:21:54.532191441 UTC - from mc-5->source-3 "378" 19:21:54.530762877
[2023-06-26T19:21:57Z INFO  dt_instance] received at 2023-06-26 19:21:57.037622735 UTC - from mc-5->source-3 "383" 19:21:57.035311068
[2023-06-26T19:21:59Z INFO  dt_instance] received at 2023-06-26 19:21:59.542471062 UTC - from mc-5->source-3 "388" 19:21:59.541249929
[2023-06-26T19:22:02Z INFO  dt_instance] received at 2023-06-26 19:22:02.049890546 UTC - from mc-5->source-3 "393" 19:22:02.048717722
[2023-06-26T19:22:04Z INFO  dt_instance] received at 2023-06-26 19:22:04.556058141 UTC - from mc-5->source-3 "398" 19:22:04.555217362
[2023-06-26T19:22:07Z INFO  dt_instance] received at 2023-06-26 19:22:07.061455853 UTC - from mc-5->source-3 "403" 19:22:07.060170664
[2023-06-26T19:22:09Z INFO  dt_instance] received at 2023-06-26 19:22:09.568148815 UTC - from mc-5->source-3 "408" 19:22:09.566939620
[2023-06-26T19:22:12Z INFO  dt_instance] received at 2023-06-26 19:22:12.083006967 UTC - from mc-5->source-1 "418" 19:22:12.081357405
[2023-06-26T19:22:14Z INFO  dt_instance] received at 2023-06-26 19:22:14.587819844 UTC - from mc-5->source-1 "423" 19:22:14.586516807
[2023-06-26T19:22:17Z INFO  dt_instance] received at 2023-06-26 19:22:17.095341655 UTC - from mc-5->source-5 "418" 19:22:17.094010409
[2023-06-26T19:22:19Z INFO  dt_instance] received at 2023-06-26 19:22:19.600937063 UTC - from mc-5->source-1 "433" 19:22:19.599634936
[2023-06-26T19:22:22Z INFO  dt_instance] received at 2023-06-26 19:22:22.106811873 UTC - from mc-5->source-1 "438" 19:22:22.105384710
[2023-06-26T19:22:24Z INFO  dt_instance] received at 2023-06-26 19:22:24.613346681 UTC - from mc-5->source-1 "443" 19:22:24.612108351
[2023-06-26T19:22:27Z INFO  dt_instance] received at 2023-06-26 19:22:27.121146621 UTC - from mc-5->source-1 "448" 19:22:27.119655130
[2023-06-26T19:22:29Z INFO  dt_instance] received at 2023-06-26 19:22:29.625920465 UTC - from mc-5->source-5 "443" 19:22:29.625126181
[2023-06-26T19:22:32Z INFO  dt_instance] received at 2023-06-26 19:22:32.132969230 UTC - from mc-5->source-5 "448" 19:22:32.131851673
[2023-06-26T19:22:34Z INFO  dt_instance] received at 2023-06-26 19:22:34.663819626 UTC - from mc-5->source-5 "453" 19:22:34.642327755
[2023-06-26T19:22:37Z INFO  dt_instance] received at 2023-06-26 19:22:37.169599131 UTC - from mc-5->source-5 "458" 19:22:37.168520988
[2023-06-26T19:22:39Z INFO  dt_instance] received at 2023-06-26 19:22:39.674789624 UTC - from mc-5->source-5 "463" 19:22:39.673426576
[2023-06-26T19:22:42Z INFO  dt_instance] received at 2023-06-26 19:22:42.180821566 UTC - from mc-5->source-5 "468" 19:22:42.179617764
[2023-06-26T19:22:44Z INFO  dt_instance] received at 2023-06-26 19:22:44.686882025 UTC - from mc-5->source-1 "483" 19:22:44.685973783
[2023-06-26T19:22:47Z INFO  dt_instance] received at 2023-06-26 19:22:47.192795291 UTC - from mc-5->source-1 "488" 19:22:47.191449874
[2023-06-26T19:22:49Z INFO  dt_instance] received at 2023-06-26 19:22:49.698302215 UTC - from mc-5->source-1 "493" 19:22:49.696556452
[2023-06-26T19:22:52Z INFO  dt_instance] received at 2023-06-26 19:22:52.202560578 UTC - from mc-5->source-1 "498" 19:22:52.201224356
[2023-06-26T19:22:54Z INFO  dt_instance] received at 2023-06-26 19:22:54.718063765 UTC - from mc-5->source-1 "503" 19:22:54.709909419
[2023-06-26T19:22:57Z INFO  dt_instance] received at 2023-06-26 19:22:57.216399181 UTC - from mc-5->source-1 "508" 19:22:57.215101669
[2023-06-26T19:22:59Z INFO  dt_instance] received at 2023-06-26 19:22:59.721635253 UTC - from mc-5->source-1 "513" 19:22:59.720595367
[2023-06-26T19:23:02Z INFO  dt_instance] received at 2023-06-26 19:23:02.227836966 UTC - from mc-5->source-1 "518" 19:23:02.225998203
[2023-06-26T19:23:04Z INFO  dt_instance] received at 2023-06-26 19:23:04.733109415 UTC - from mc-5->source-1 "523" 19:23:04.731838602
[2023-06-26T19:23:07Z INFO  dt_instance] received at 2023-06-26 19:23:07.239762305 UTC - from mc-5->source-1 "528" 19:23:07.237720168
[2023-06-26T19:23:09Z INFO  dt_instance] received at 2023-06-26 19:23:09.754535456 UTC - from mc-5->source-1 "533" 19:23:09.749959560
[2023-06-26T19:23:12Z INFO  dt_instance] received at 2023-06-26 19:23:12.260125204 UTC - from mc-5->source-1 "538" 19:23:12.258577705
[2023-06-26T19:23:14Z INFO  dt_instance] received at 2023-06-26 19:23:14.767339113 UTC - from mc-5->source-1 "543" 19:23:14.765599396
[2023-06-26T19:23:17Z INFO  dt_instance] received at 2023-06-26 19:23:17.272088308 UTC - from mc-5->source-1 "548" 19:23:17.270308352
[2023-06-26T19:23:19Z INFO  dt_instance] received at 2023-06-26 19:23:19.776966482 UTC - from mc-5->source-1 "553" 19:23:19.775845627
[2023-06-26T19:23:22Z INFO  dt_instance] received at 2023-06-26 19:23:22.283384505 UTC - from mc-5->source-1 "558" 19:23:22.281960602
[2023-06-26T19:23:24Z INFO  dt_instance] received at 2023-06-26 19:23:24.795308373 UTC - from mc-5->source-1 "563" 19:23:24.787169797
[2023-06-26T19:23:27Z INFO  dt_instance] received at 2023-06-26 19:23:27.294722014 UTC - from mc-5->source-1 "568" 19:23:27.293422534
[2023-06-26T19:23:29Z INFO  dt_instance] received at 2023-06-26 19:23:29.799812274 UTC - from mc-5->source-1 "573" 19:23:29.798631832
[2023-06-26T19:23:32Z INFO  dt_instance] received at 2023-06-26 19:23:32.307741807 UTC - from mc-5->source-1 "578" 19:23:32.303998152
[2023-06-26T19:23:34Z INFO  dt_instance] received at 2023-06-26 19:23:34.812221032 UTC - from mc-5->source-1 "583" 19:23:34.810996634
[2023-06-26T19:23:37Z INFO  dt_instance] received at 2023-06-26 19:23:37.320693061 UTC - from mc-5->source-1 "588" 19:23:37.318793830
[2023-06-26T19:23:39Z INFO  dt_instance] received at 2023-06-26 19:23:39.824579944 UTC - from mc-5->source-1 "593" 19:23:39.823154754
[2023-06-26T19:23:42Z INFO  dt_instance] received at 2023-06-26 19:23:42.331117011 UTC - from mc-5->source-1 "598" 19:23:42.329265934
[2023-06-26T19:23:44Z INFO  dt_instance] received at 2023-06-26 19:23:44.838076726 UTC - from mc-5->source-1 "603" 19:23:44.836589830
[2023-06-26T19:23:47Z INFO  dt_instance] received at 2023-06-26 19:23:47.344031405 UTC - from mc-5->source-1 "608" 19:23:47.341300592
[2023-06-26T19:23:49Z INFO  dt_instance] received at 2023-06-26 19:23:49.848265421 UTC - from mc-5->source-1 "613" 19:23:49.847058102
[2023-06-26T19:23:52Z INFO  dt_instance] received at 2023-06-26 19:23:52.359821919 UTC - from mc-5->source-1 "618" 19:23:52.358429083
[2023-06-26T19:23:54Z INFO  dt_instance] received at 2023-06-26 19:23:54.868450870 UTC - from mc-5->source-5 "613" 19:23:54.867302144
[2023-06-26T19:23:57Z INFO  dt_instance] received at 2023-06-26 19:23:57.375307333 UTC - from mc-5->source-5 "618" 19:23:57.374080719
[2023-06-26T19:23:59Z INFO  dt_instance] received at 2023-06-26 19:23:59.880775673 UTC - from mc-5->source-1 "633" 19:23:59.877701767
[2023-06-26T19:24:02Z INFO  dt_instance] received at 2023-06-26 19:24:02.387201993 UTC - from mc-5->source-5 "628" 19:24:02.386199346
[2023-06-26T19:24:04Z INFO  dt_instance] received at 2023-06-26 19:24:04.893386537 UTC - from mc-5->source-5 "633" 19:24:04.891604782
[2023-06-26T19:24:07Z INFO  dt_instance] received at 2023-06-26 19:24:07.399944105 UTC - from mc-5->source-5 "638" 19:24:07.398872896
[2023-06-26T19:24:09Z INFO  dt_instance] received at 2023-06-26 19:24:09.910407482 UTC - from mc-5->source-5 "643" 19:24:09.905719794
[2023-06-26T19:24:12Z INFO  dt_instance] received at 2023-06-26 19:24:12.412228442 UTC - from mc-5->source-5 "648" 19:24:12.411360207
[2023-06-26T19:24:14Z INFO  dt_instance] received at 2023-06-26 19:24:14.918715126 UTC - from mc-5->source-5 "653" 19:24:14.917309393
[2023-06-26T19:24:17Z INFO  dt_instance] received at 2023-06-26 19:24:17.423028495 UTC - from mc-5->source-5 "658" 19:24:17.422078533
[2023-06-26T19:24:19Z INFO  dt_instance] received at 2023-06-26 19:24:19.929754550 UTC - from mc-5->source-5 "663" 19:24:19.928508779
[2023-06-26T19:24:22Z INFO  dt_instance] received at 2023-06-26 19:24:22.437521464 UTC - from mc-5->source-5 "668" 19:24:22.436330964
[2023-06-26T19:24:24Z INFO  dt_instance] received at 2023-06-26 19:24:24.943851525 UTC - from mc-5->source-5 "673" 19:24:24.942899031
[2023-06-26T19:24:27Z INFO  dt_instance] received at 2023-06-26 19:24:27.450627376 UTC - from mc-5->source-5 "678" 19:24:27.449686728
[2023-06-26T19:24:29Z INFO  dt_instance] received at 2023-06-26 19:24:29.955801443 UTC - from mc-5->source-5 "683" 19:24:29.954926701
[2023-06-26T19:24:32Z INFO  dt_instance] received at 2023-06-26 19:24:32.463021695 UTC - from mc-5->source-5 "688" 19:24:32.460973481
[2023-06-26T19:24:34Z INFO  dt_instance] received at 2023-06-26 19:24:34.967827101 UTC - from mc-5->source-5 "693" 19:24:34.966557809
[2023-06-26T19:24:37Z INFO  dt_instance] received at 2023-06-26 19:24:37.473716969 UTC - from mc-5->source-5 "698" 19:24:37.472851634
[2023-06-26T19:24:39Z INFO  dt_instance] received at 2023-06-26 19:24:39.977802874 UTC - from mc-5->source-5 "703" 19:24:39.976975096
[2023-06-26T19:24:42Z INFO  dt_instance] received at 2023-06-26 19:24:42.484611859 UTC - from mc-5->source-5 "708" 19:24:42.483532244
[2023-06-26T19:24:44Z INFO  dt_instance] received at 2023-06-26 19:24:44.988998665 UTC - from mc-5->source-5 "713" 19:24:44.988071192
[2023-06-26T19:24:47Z INFO  dt_instance] received at 2023-06-26 19:24:47.494178836 UTC - from mc-5->source-5 "718" 19:24:47.493219931
[2023-06-26T19:24:50Z INFO  dt_instance] received at 2023-06-26 19:24:50.000313629 UTC - from mc-5->source-5 "723" 19:24:49.999156465
[2023-06-26T19:24:52Z INFO  dt_instance] received at 2023-06-26 19:24:52.505616364 UTC - from mc-5->source-5 "728" 19:24:52.504514891
[2023-06-26T19:24:55Z INFO  dt_instance] received at 2023-06-26 19:24:55.010864569 UTC - from mc-5->source-5 "733" 19:24:55.009715328
[2023-06-26T19:24:57Z INFO  dt_instance] received at 2023-06-26 19:24:57.516771637 UTC - from mc-5->source-5 "738" 19:24:57.515957482
[2023-06-26T19:25:00Z INFO  dt_instance] received at 2023-06-26 19:25:00.023416095 UTC - from mc-5->source-5 "743" 19:25:00.022352622
[2023-06-26T19:25:02Z INFO  dt_instance] received at 2023-06-26 19:25:02.528852533 UTC - from mc-5->source-5 "748" 19:25:02.527927517
[2023-06-26T19:25:05Z INFO  dt_instance] received at 2023-06-26 19:25:05.036350168 UTC - from mc-5->source-5 "753" 19:25:05.035235317
[2023-06-26T19:25:07Z INFO  dt_instance] received at 2023-06-26 19:25:07.541838568 UTC - from mc-5->source-5 "758" 19:25:07.541066513
[2023-06-26T19:25:10Z INFO  dt_instance] received at 2023-06-26 19:25:10.047293536 UTC - from mc-5->source-5 "763" 19:25:10.046191659
[2023-06-26T19:25:12Z INFO  dt_instance] received at 2023-06-26 19:25:12.552578459 UTC - from mc-5->source-5 "768" 19:25:12.551559852
[2023-06-26T19:25:15Z INFO  dt_instance] received at 2023-06-26 19:25:15.057988939 UTC - from mc-5->source-5 "773" 19:25:15.056240420
[2023-06-26T19:25:17Z INFO  dt_instance] received at 2023-06-26 19:25:17.562383730 UTC - from mc-5->source-5 "778" 19:25:17.561594025
[2023-06-26T19:25:20Z INFO  dt_instance] received at 2023-06-26 19:25:20.067709396 UTC - from mc-5->source-5 "783" 19:25:20.066843161
[2023-06-26T19:25:22Z INFO  dt_instance] received at 2023-06-26 19:25:22.574022389 UTC - from mc-5->source-5 "788" 19:25:22.572772030
[2023-06-26T19:25:25Z INFO  dt_instance] received at 2023-06-26 19:25:25.078694054 UTC - from mc-5->source-5 "793" 19:25:25.077950383
[2023-06-26T19:25:27Z INFO  dt_instance] received at 2023-06-26 19:25:27.586174152 UTC - from mc-5->source-5 "798" 19:25:27.585352537
[2023-06-26T19:25:30Z INFO  dt_instance] received at 2023-06-26 19:25:30.091849843 UTC - from mc-5->source-5 "803" 19:25:30.090747313
[2023-06-26T19:25:32Z INFO  dt_instance] received at 2023-06-26 19:25:32.597317512 UTC - from mc-5->source-5 "808" 19:25:32.596425641
[2023-06-26T19:25:35Z INFO  dt_instance] received at 2023-06-26 19:25:35.102317015 UTC - from mc-5->source-5 "813" 19:25:35.101385778
[2023-06-26T19:25:37Z INFO  dt_instance] received at 2023-06-26 19:25:37.606931463 UTC - from mc-5->source-5 "818" 19:25:37.606119871
[2023-06-26T19:25:40Z INFO  dt_instance] received at 2023-06-26 19:25:40.112366158 UTC - from mc-5->source-5 "823" 19:25:40.111341026
[2023-06-26T19:25:42Z INFO  dt_instance] received at 2023-06-26 19:25:42.617210070 UTC - from mc-5->source-5 "828" 19:25:42.616205587
[2023-06-26T19:25:45Z INFO  dt_instance] received at 2023-06-26 19:25:45.124917093 UTC - from mc-5->source-5 "833" 19:25:45.122876733
[2023-06-26T19:25:47Z INFO  dt_instance] received at 2023-06-26 19:25:47.635005851 UTC - from mc-5->source-5 "838" 19:25:47.630709134
[2023-06-26T19:25:50Z INFO  dt_instance] received at 2023-06-26 19:25:50.137533639 UTC - from mc-5->source-5 "843" 19:25:50.136250660
[2023-06-26T19:25:52Z INFO  dt_instance] received at 2023-06-26 19:25:52.642696210 UTC - from mc-5->source-5 "848" 19:25:52.641576968
[2023-06-26T19:25:55Z INFO  dt_instance] received at 2023-06-26 19:25:55.147826143 UTC - from mc-5->source-5 "853" 19:25:55.146567419
[2023-06-26T19:25:57Z INFO  dt_instance] received at 2023-06-26 19:25:57.653400867 UTC - from mc-5->source-5 "858" 19:25:57.652101006
[2023-06-26T19:26:00Z INFO  dt_instance] received at 2023-06-26 19:26:00.169784133 UTC - from mc-5->source-5 "863" 19:26:00.168282009
[2023-06-26T19:26:02Z INFO  dt_instance] received at 2023-06-26 19:26:02.675470900 UTC - from mc-5->source-5 "868" 19:26:02.674245686
[2023-06-26T19:26:05Z INFO  dt_instance] received at 2023-06-26 19:26:05.180100561 UTC - from mc-5->source-5 "873" 19:26:05.179241246
[2023-06-26T19:26:07Z INFO  dt_instance] received at 2023-06-26 19:26:07.686292867 UTC - from mc-5->source-5 "878" 19:26:07.685107089
[2023-06-26T19:26:10Z INFO  dt_instance] received at 2023-06-26 19:26:10.194760161 UTC - from mc-5->source-5 "883" 19:26:10.193260170
[2023-06-26T19:26:12Z INFO  dt_instance] received at 2023-06-26 19:26:12.700714338 UTC - from mc-5->source-5 "888" 19:26:12.699517857
[2023-06-26T19:26:15Z INFO  dt_instance] received at 2023-06-26 19:26:15.215343451 UTC - from mc-5->source-5 "893" 19:26:15.214522082
[2023-06-26T19:26:17Z INFO  dt_instance] received at 2023-06-26 19:26:17.720851074 UTC - from mc-5->source-5 "898" 19:26:17.719853811
[2023-06-26T19:26:20Z INFO  dt_instance] received at 2023-06-26 19:26:20.239009273 UTC - from mc-5->source-5 "903" 19:26:20.238003680
[2023-06-26T19:26:22Z INFO  dt_instance] received at 2023-06-26 19:26:22.745556280 UTC - from mc-5->source-5 "908" 19:26:22.743128525
[2023-06-26T19:26:25Z INFO  dt_instance] received at 2023-06-26 19:26:25.250580257 UTC - from mc-5->source-5 "913" 19:26:25.249508482
[2023-06-26T19:26:27Z INFO  dt_instance] received at 2023-06-26 19:26:27.756289399 UTC - from mc-5->source-5 "918" 19:26:27.755138930
[2023-06-26T19:26:30Z INFO  dt_instance] received at 2023-06-26 19:26:30.261882159 UTC - from mc-5->source-5 "923" 19:26:30.260678172
[2023-06-26T19:26:32Z INFO  dt_instance] received at 2023-06-26 19:26:32.767155812 UTC - from mc-5->source-5 "928" 19:26:32.766051169
[2023-06-26T19:26:35Z INFO  dt_instance] received at 2023-06-26 19:26:35.273577023 UTC - from mc-5->source-5 "933" 19:26:35.272475169
[2023-06-26T19:26:37Z INFO  dt_instance] received at 2023-06-26 19:26:37.781384236 UTC - from mc-5->source-5 "938" 19:26:37.778383768
[2023-06-26T19:26:40Z INFO  dt_instance] received at 2023-06-26 19:26:40.285351127 UTC - from mc-5->source-5 "943" 19:26:40.284148118
[2023-06-26T19:26:42Z INFO  dt_instance] received at 2023-06-26 19:26:42.790570371 UTC - from mc-5->source-5 "948" 19:26:42.789467947
[2023-06-26T19:26:45Z INFO  dt_instance] received at 2023-06-26 19:26:45.296863364 UTC - from mc-5->source-5 "953" 19:26:45.295986577
[2023-06-26T19:26:47Z INFO  dt_instance] received at 2023-06-26 19:26:47.804161465 UTC - from mc-5->source-5 "958" 19:26:47.802920829
[2023-06-26T19:26:50Z INFO  dt_instance] received at 2023-06-26 19:26:50.310855975 UTC - from mc-5->source-5 "963" 19:26:50.309948400
[2023-06-26T19:26:52Z INFO  dt_instance] received at 2023-06-26 19:26:52.818267717 UTC - from mc-5->source-5 "968" 19:26:52.815857913
[2023-06-26T19:26:55Z INFO  dt_instance] received at 2023-06-26 19:26:55.324830369 UTC - from mc-5->source-5 "973" 19:26:55.323667878
[2023-06-26T19:26:57Z INFO  dt_instance] received at 2023-06-26 19:26:57.834291884 UTC - from mc-5->source-5 "978" 19:26:57.829752187
[2023-06-26T19:27:00Z INFO  dt_instance] received at 2023-06-26 19:27:00.334794341 UTC - from mc-5->source-5 "983" 19:27:00.334067476
[2023-06-26T19:27:02Z INFO  dt_instance] received at 2023-06-26 19:27:02.958723535 UTC - from mc-5->source-6 "986" 19:27:02.957203697
[2023-06-26T19:27:06Z INFO  dt_instance] received at 2023-06-26 19:27:06.214135170 UTC - from mc-5->source-9 "985" 19:27:06.212529771
[2023-06-26T19:27:13Z INFO  dt_instance] received at 2023-06-26 19:27:13.231122834 UTC - from mc-5->source-9 "999" 19:27:13.227385652
